1.3100 1.4361 0.1261 0.187196
theta s11 s12 s13 s14 s21 s22 s23 s24 s31 s32 s33 s34 s41 s42 s43 s44
0.0 6.0312e+02 0.0000e+00 0.0000e+00 0.0000e+00 0.0000e+00 6.0270e+02 0.0000e+00 0.0000e+00 0.0000e+00 0.0000e+00 6.0270e+02 0.0000e+00 0.0000e+00 0.0000e+00 -0.0000e+00 6.0228e+02 
1.0 5.6578e+02 -8.2704e-03 0.0000e+00 0.0000e+00 -8.2704e-03 5.6536e+02 0.0000e+00 0.0000e+00 0.0000e+00 0.0000e+00 5.6536e+02 -2.8466e-01 0.0000e+00 0.0000e+00 2.8466e-01 5.6495e+02 
2.0 4.8870e+02 -1.2404e-02 0.0000e+00 0.0000e+00 -1.2404e-02 4.8829e+02 0.0000e+00 0.0000e+00 0.0000e+00 0.0000e+00 4.8829e+02 -1.0196e+00 0.0000e+00 0.0000e+00 1.0196e+00 4.8789e+02 
3.0 4.0547e+02 4.2492e-03 0.0000e+00 0.0000e+00 4.2492e-03 4.0508e+02 0.0000e+00 0.0000e+00 0.0000e+00 0.0000e+00 4.0507e+02 -1.9405e+00 0.0000e+00 0.0000e+00 1.9405e+00 4.0469e+02 
4.0 3.2926e+02 3.6533e-02 0.0000e+00 0.0000e+00 3.6533e-02 3.2889e+02 0.0000e+00 0.0000e+00 0.0000e+00 0.0000e+00 3.2886e+02 -2.8045e+00 0.0000e+00 0.0000e+00 2.8045e+00 3.2851e+02 
5.0 2.6455e+02 7.1798e-02 0.0000e+00 0.0000e+00 7.1798e-02 2.6419e+02 0.0000e+00 0.0000e+00 0.0000e+00 0.0000e+00 2.6413e+02 -3.4728e+00 0.0000e+00 0.0000e+00 3.4728e+00 2.6382e+02 
6.0 2.1177e+02 9.9066e-02 0.0000e+00 0.0000e+00 9.9066e-02 2.1143e+02 0.0000e+00 0.0000e+00 0.0000e+00 0.0000e+00 2.1134e+02 -3.8979e+00 0.0000e+00 0.0000e+00 3.8979e+00 2.1106e+02 
7.0 1.6974e+02 1.1219e-01 0.0000e+00 0.0000e+00 1.1219e-01 1.6942e+02 0.0000e+00 0.0000e+00 0.0000e+00 0.0000e+00 1.6929e+02 -4.0885e+00 0.0000e+00 0.0000e+00 4.0885e+00 1.6904e+02 
8.0 1.3675e+02 1.1009e-01 0.0000e+00 0.0000e+00 1.1009e-01 1.3645e+02 0.0000e+00 0.0000e+00 0.0000e+00 0.0000e+00 1.3628e+02 -4.0839e+00 0.0000e+00 0.0000e+00 4.0839e+00 1.3605e+02 
9.0 1.1109e+02 9.5143e-02 0.0000e+00 0.0000e+00 9.5143e-02 1.1080e+02 0.0000e+00 0.0000e+00 0.0000e+00 0.0000e+00 1.1060e+02 -3.9346e+00 0.0000e+00 0.0000e+00 3.9346e+00 1.1039e+02 
10.0 9.1210e+01 7.1335e-02 0.0000e+00 0.0000e+00 7.1335e-02 9.0919e+01 0.0000e+00 0.0000e+00 0.0000e+00 0.0000e+00 9.0689e+01 -3.6900e+00 0.0000e+00 0.0000e+00 3.6900e+00 9.0506e+01 
11.0 7.5814e+01 4.2408e-02 0.0000e+00 0.0000e+00 4.2408e-02 7.5525e+01 0.0000e+00 0.0000e+00 0.0000e+00 0.0000e+00 7.5272e+01 -3.3918e+00 0.0000e+00 0.0000e+00 3.3918e+00 7.5107e+01 
12.0 6.3850e+01 1.1754e-02 0.0000e+00 0.0000e+00 1.1754e-02 6.3563e+01 0.0000e+00 0.0000e+00 0.0000e+00 0.0000e+00 6.3292e+01 -3.0722e+00 0.0000e+00 0.0000e+00 3.0722e+00 6.3144e+01 
13.0 5.4509e+01 -1.8631e-02 0.0000e+00 0.0000e+00 -1.8631e-02 5.4223e+01 0.0000e+00 0.0000e+00 0.0000e+00 0.0000e+00 5.3937e+01 -2.7520e+00 0.0000e+00 0.0000e+00 2.7520e+00 5.3804e+01 
14.0 4.7145e+01 -4.5269e-02 0.0000e+00 0.0000e+00 -4.5269e-02 4.6859e+01 0.0000e+00 0.0000e+00 0.0000e+00 0.0000e+00 4.6563e+01 -2.4498e+00 0.0000e+00 0.0000e+00 2.4498e+00 4.6444e+01 
15.0 4.1291e+01 -6.8600e-02 0.0000e+00 0.0000e+00 -6.8600e-02 4.1004e+01 0.0000e+00 0.0000e+00 0.0000e+00 0.0000e+00 4.0701e+01 -2.1685e+00 0.0000e+00 0.0000e+00 2.1685e+00 4.0595e+01 
16.0 3.6575e+01 -8.7460e-02 0.0000e+00 0.0000e+00 -8.7460e-02 3.6287e+01 0.0000e+00 0.0000e+00 0.0000e+00 0.0000e+00 3.5979e+01 -1.9130e+00 0.0000e+00 0.0000e+00 1.9130e+00 3.5886e+01 
17.0 3.2725e+01 -1.0175e-01 0.0000e+00 0.0000e+00 -1.0175e-01 3.2434e+01 0.0000e+00 0.0000e+00 0.0000e+00 0.0000e+00 3.2124e+01 -1.6840e+00 0.0000e+00 0.0000e+00 1.6840e+00 3.2042e+01 
18.0 2.9537e+01 -1.1182e-01 0.0000e+00 0.0000e+00 -1.1182e-01 2.9245e+01 0.0000e+00 0.0000e+00 0.0000e+00 0.0000e+00 2.8934e+01 -1.4806e+00 0.0000e+00 0.0000e+00 1.4806e+00 2.8863e+01 
19.0 2.6863e+01 -1.1831e-01 0.0000e+00 0.0000e+00 -1.1831e-01 2.6568e+01 0.0000e+00 0.0000e+00 0.0000e+00 0.0000e+00 2.6326e+01 -1.3012e+00 0.0000e+00 0.0000e+00 1.3012e+00 2.6271e+01 
20.0 2.4590e+01 -1.2206e-01 0.0000e+00 0.0000e+00 -1.2206e-01 2.4293e+01 0.0000e+00 0.0000e+00 0.0000e+00 0.0000e+00 2.4110e+01 -1.1436e+00 0.0000e+00 0.0000e+00 1.1436e+00 2.4067e+01 
21.0 2.2634e+01 -1.2393e-01 0.0000e+00 0.0000e+00 -1.2393e-01 2.2335e+01 0.0000e+00 0.0000e+00 0.0000e+00 0.0000e+00 2.2202e+01 -1.0056e+00 0.0000e+00 0.0000e+00 1.0056e+00 2.2171e+01 
22.0 2.0933e+01 -1.2460e-01 0.0000e+00 0.0000e+00 -1.2460e-01 2.0632e+01 0.0000e+00 0.0000e+00 0.0000e+00 0.0000e+00 2.0543e+01 -8.8500e-01 0.0000e+00 0.0000e+00 8.8500e-01 2.0520e+01 
23.0 1.9437e+01 -1.2456e-01 0.0000e+00 0.0000e+00 -1.2456e-01 1.9134e+01 0.0000e+00 0.0000e+00 0.0000e+00 0.0000e+00 1.9083e+01 -7.7940e-01 0.0000e+00 0.0000e+00 7.7940e-01 1.9069e+01 
24.0 1.8110e+01 -1.2412e-01 0.0000e+00 0.0000e+00 -1.2412e-01 1.7805e+01 0.0000e+00 0.0000e+00 0.0000e+00 0.0000e+00 1.7788e+01 -6.8653e-01 0.0000e+00 0.0000e+00 6.8653e-01 1.7781e+01 
25.0 1.6923e+01 -1.2348e-01 0.0000e+00 0.0000e+00 -1.2348e-01 1.6617e+01 0.0000e+00 0.0000e+00 0.0000e+00 0.0000e+00 1.6630e+01 -6.0435e-01 0.0000e+00 0.0000e+00 6.0435e-01 1.6629e+01 
26.0 1.5855e+01 -1.2276e-01 0.0000e+00 0.0000e+00 -1.2276e-01 1.5547e+01 0.0000e+00 0.0000e+00 0.0000e+00 0.0000e+00 1.5588e+01 -5.3120e-01 0.0000e+00 0.0000e+00 5.3120e-01 1.5592e+01 
27.0 1.4887e+01 -1.2207e-01 0.0000e+00 0.0000e+00 -1.2207e-01 1.4578e+01 0.0000e+00 0.0000e+00 0.0000e+00 0.0000e+00 1.4643e+01 -4.6576e-01 0.0000e+00 0.0000e+00 4.6576e-01 1.4652e+01 
28.0 1.4006e+01 -1.2147e-01 0.0000e+00 0.0000e+00 -1.2147e-01 1.3695e+01 0.0000e+00 0.0000e+00 0.0000e+00 0.0000e+00 1.3783e+01 -4.0704e-01 0.0000e+00 0.0000e+00 4.0704e-01 1.3796e+01 
29.0 1.3200e+01 -1.2103e-01 0.0000e+00 0.0000e+00 -1.2103e-01 1.2887e+01 0.0000e+00 0.0000e+00 0.0000e+00 0.0000e+00 1.2995e+01 -3.5418e-01 0.0000e+00 0.0000e+00 3.5418e-01 1.3012e+01 
30.0 1.2457e+01 -1.2078e-01 0.0000e+00 0.0000e+00 -1.2078e-01 1.2143e+01 0.0000e+00 0.0000e+00 0.0000e+00 0.0000e+00 1.2270e+01 -3.0645e-01 0.0000e+00 0.0000e+00 3.0645e-01 1.2290e+01 
31.0 1.1771e+01 -1.2068e-01 0.0000e+00 0.0000e+00 -1.2068e-01 1.1455e+01 0.0000e+00 0.0000e+00 0.0000e+00 0.0000e+00 1.1547e+01 -2.6329e-01 0.0000e+00 0.0000e+00 2.6329e-01 1.1573e+01 
32.0 1.1133e+01 -1.2068e-01 0.0000e+00 0.0000e+00 -1.2068e-01 1.0816e+01 0.0000e+00 0.0000e+00 0.0000e+00 0.0000e+00 1.0877e+01 -2.2423e-01 0.0000e+00 0.0000e+00 2.2423e-01 1.0908e+01 
33.0 1.0540e+01 -1.2064e-01 0.0000e+00 0.0000e+00 -1.2064e-01 1.0221e+01 0.0000e+00 0.0000e+00 0.0000e+00 0.0000e+00 1.0254e+01 -1.8885e-01 0.0000e+00 0.0000e+00 1.8885e-01 1.0290e+01 
34.0 9.9847e+00 -1.2051e-01 0.0000e+00 0.0000e+00 -1.2051e-01 9.6648e+00 0.0000e+00 0.0000e+00 0.0000e+00 0.0000e+00 9.6730e+00 -1.5673e-01 0.0000e+00 0.0000e+00 1.5673e-01 9.7142e+00 
35.0 9.4646e+00 -1.2025e-01 0.0000e+00 0.0000e+00 -1.2025e-01 9.1434e+00 0.0000e+00 0.0000e+00 0.0000e+00 0.0000e+00 9.1298e+00 -1.2738e-01 0.0000e+00 0.0000e+00 1.2738e-01 9.1756e+00 
36.0 8.9765e+00 -1.1996e-01 0.0000e+00 0.0000e+00 -1.1996e-01 8.6542e+00 0.0000e+00 0.0000e+00 0.0000e+00 0.0000e+00 8.6209e+00 -1.0029e-01 0.0000e+00 0.0000e+00 1.0029e-01 8.6710e+00 
37.0 8.5185e+00 -1.1981e-01 0.0000e+00 0.0000e+00 -1.1981e-01 8.1951e+00 0.0000e+00 0.0000e+00 0.0000e+00 0.0000e+00 8.1435e+00 -7.5036e-02 0.0000e+00 0.0000e+00 7.5036e-02 8.1976e+00 
38.0 8.0889e+00 -1.2002e-01 0.0000e+00 0.0000e+00 -1.2002e-01 7.7646e+00 0.0000e+00 0.0000e+00 0.0000e+00 0.0000e+00 7.6957e+00 -5.1285e-02 0.0000e+00 0.0000e+00 5.1285e-02 7.7537e+00 
39.0 7.6865e+00 -1.2075e-01 0.0000e+00 0.0000e+00 -1.2075e-01 7.3614e+00 0.0000e+00 0.0000e+00 0.0000e+00 0.0000e+00 7.2759e+00 -2.8892e-02 0.0000e+00 0.0000e+00 2.8892e-02 7.3376e+00 
40.0 7.3098e+00 -1.2206e-01 0.0000e+00 0.0000e+00 -1.2206e-01 6.9840e+00 0.0000e+00 0.0000e+00 0.0000e+00 0.0000e+00 6.8825e+00 -7.8313e-03 0.0000e+00 0.0000e+00 7.8313e-03 6.9475e+00 
41.0 6.9571e+00 -1.2391e-01 0.0000e+00 0.0000e+00 -1.2391e-01 6.6308e+00 0.0000e+00 0.0000e+00 0.0000e+00 0.0000e+00 6.5136e+00 1.1884e-02 0.0000e+00 0.0000e+00 -1.1884e-02 6.5819e+00 
42.0 6.6265e+00 -1.2621e-01 0.0000e+00 0.0000e+00 -1.2621e-01 6.2997e+00 0.0000e+00 0.0000e+00 0.0000e+00 0.0000e+00 6.1674e+00 3.0269e-02 0.0000e+00 0.0000e+00 -3.0269e-02 6.2388e+00 
43.0 6.3163e+00 -1.2884e-01 0.0000e+00 0.0000e+00 -1.2884e-01 5.9892e+00 0.0000e+00 0.0000e+00 0.0000e+00 0.0000e+00 5.8422e+00 4.7394e-02 0.0000e+00 0.0000e+00 -4.7394e-02 5.9164e+00 
44.0 6.0248e+00 -1.3169e-01 0.0000e+00 0.0000e+00 -1.3169e-01 5.6973e+00 0.0000e+00 0.0000e+00 0.0000e+00 0.0000e+00 5.5361e+00 6.3385e-02 0.0000e+00 0.0000e+00 -6.3385e-02 5.6131e+00 
45.0 5.7503e+00 -1.3470e-01 0.0000e+00 0.0000e+00 -1.3470e-01 5.4226e+00 0.0000e+00 0.0000e+00 0.0000e+00 0.0000e+00 5.2477e+00 7.8391e-02 0.0000e+00 0.0000e+00 -7.8391e-02 5.3274e+00 
46.0 5.4917e+00 -1.3781e-01 0.0000e+00 0.0000e+00 -1.3781e-01 5.1638e+00 0.0000e+00 0.0000e+00 0.0000e+00 0.0000e+00 4.9758e+00 9.2555e-02 0.0000e+00 0.0000e+00 -9.2555e-02 5.0580e+00 
47.0 5.2478e+00 -1.4102e-01 0.0000e+00 0.0000e+00 -1.4102e-01 4.9199e+00 0.0000e+00 0.0000e+00 0.0000e+00 0.0000e+00 4.7193e+00 1.0600e-01 0.0000e+00 0.0000e+00 -1.0600e-01 4.8038e+00 
48.0 5.0178e+00 -1.4428e-01 0.0000e+00 0.0000e+00 -1.4428e-01 4.6898e+00 0.0000e+00 0.0000e+00 0.0000e+00 0.0000e+00 4.4771e+00 1.1881e-01 0.0000e+00 0.0000e+00 -1.1881e-01 4.5639e+00 
49.0 4.8008e+00 -1.4757e-01 0.0000e+00 0.0000e+00 -1.4757e-01 4.4728e+00 0.0000e+00 0.0000e+00 0.0000e+00 0.0000e+00 4.2485e+00 1.3106e-01 0.0000e+00 0.0000e+00 -1.3106e-01 4.3375e+00 
50.0 4.5960e+00 -1.5088e-01 0.0000e+00 0.0000e+00 -1.5088e-01 4.2680e+00 0.0000e+00 0.0000e+00 0.0000e+00 0.0000e+00 4.0324e+00 1.4284e-01 0.0000e+00 0.0000e+00 -1.4284e-01 4.1235e+00 
51.0 4.4027e+00 -1.5421e-01 0.0000e+00 0.0000e+00 -1.5421e-01 4.0748e+00 0.0000e+00 0.0000e+00 0.0000e+00 0.0000e+00 3.8282e+00 1.5424e-01 0.0000e+00 0.0000e+00 -1.5424e-01 3.9214e+00 
52.0 4.2203e+00 -1.5756e-01 0.0000e+00 0.0000e+00 -1.5756e-01 3.8924e+00 0.0000e+00 0.0000e+00 0.0000e+00 0.0000e+00 3.6351e+00 1.6533e-01 0.0000e+00 0.0000e+00 -1.6533e-01 3.7303e+00 
53.0 4.0482e+00 -1.6097e-01 0.0000e+00 0.0000e+00 -1.6097e-01 3.7204e+00 0.0000e+00 0.0000e+00 0.0000e+00 0.0000e+00 3.4525e+00 1.7620e-01 0.0000e+00 0.0000e+00 -1.7620e-01 3.5497e+00 
54.0 3.8858e+00 -1.6447e-01 0.0000e+00 0.0000e+00 -1.6447e-01 3.5581e+00 0.0000e+00 0.0000e+00 0.0000e+00 0.0000e+00 3.2799e+00 1.8686e-01 0.0000e+00 0.0000e+00 -1.8686e-01 3.3790e+00 
55.0 3.7328e+00 -1.6806e-01 0.0000e+00 0.0000e+00 -1.6806e-01 3.4051e+00 0.0000e+00 0.0000e+00 0.0000e+00 0.0000e+00 3.1167e+00 1.9733e-01 0.0000e+00 0.0000e+00 -1.9733e-01 3.2177e+00 
56.0 3.5885e+00 -1.7173e-01 0.0000e+00 0.0000e+00 -1.7173e-01 3.2610e+00 0.0000e+00 0.0000e+00 0.0000e+00 0.0000e+00 2.9624e+00 2.0760e-01 0.0000e+00 0.0000e+00 -2.0760e-01 3.0653e+00 
57.0 3.4526e+00 -1.7545e-01 0.0000e+00 0.0000e+00 -1.7545e-01 3.1251e+00 0.0000e+00 0.0000e+00 0.0000e+00 0.0000e+00 2.8165e+00 2.1764e-01 0.0000e+00 0.0000e+00 -2.1764e-01 2.9213e+00 
58.0 3.3245e+00 -1.7920e-01 0.0000e+00 0.0000e+00 -1.7920e-01 2.9970e+00 0.0000e+00 0.0000e+00 0.0000e+00 0.0000e+00 2.6784e+00 2.2747e-01 0.0000e+00 0.0000e+00 -2.2747e-01 2.7851e+00 
59.0 3.2038e+00 -1.8296e-01 0.0000e+00 0.0000e+00 -1.8296e-01 2.8762e+00 0.0000e+00 0.0000e+00 0.0000e+00 0.0000e+00 2.5478e+00 2.3710e-01 0.0000e+00 0.0000e+00 -2.3710e-01 2.6564e+00 
60.0 3.0899e+00 -1.8671e-01 0.0000e+00 0.0000e+00 -1.8671e-01 2.7624e+00 0.0000e+00 0.0000e+00 0.0000e+00 0.0000e+00 2.4242e+00 2.4654e-01 0.0000e+00 0.0000e+00 -2.4654e-01 2.5347e+00 
61.0 2.9826e+00 -1.9047e-01 0.0000e+00 0.0000e+00 -1.9047e-01 2.6550e+00 0.0000e+00 0.0000e+00 0.0000e+00 0.0000e+00 2.3071e+00 2.5579e-01 0.0000e+00 0.0000e+00 -2.5579e-01 2.4195e+00 
62.0 2.8814e+00 -1.9424e-01 0.0000e+00 0.0000e+00 -1.9424e-01 2.5536e+00 0.0000e+00 0.0000e+00 0.0000e+00 0.0000e+00 2.1961e+00 2.6485e-01 0.0000e+00 0.0000e+00 -2.6485e-01 2.3105e+00 
63.0 2.7859e+00 -1.9804e-01 0.0000e+00 0.0000e+00 -1.9804e-01 2.4580e+00 0.0000e+00 0.0000e+00 0.0000e+00 0.0000e+00 2.0910e+00 2.7368e-01 0.0000e+00 0.0000e+00 -2.7368e-01 2.2074e+00 
64.0 2.6957e+00 -2.0185e-01 0.0000e+00 0.0000e+00 -2.0185e-01 2.3677e+00 0.0000e+00 0.0000e+00 0.0000e+00 0.0000e+00 1.9914e+00 2.8226e-01 0.0000e+00 0.0000e+00 -2.8226e-01 2.1098e+00 
65.0 2.6106e+00 -2.0567e-01 0.0000e+00 0.0000e+00 -2.0567e-01 2.2824e+00 0.0000e+00 0.0000e+00 0.0000e+00 0.0000e+00 1.8970e+00 2.9051e-01 0.0000e+00 0.0000e+00 -2.9051e-01 2.0175e+00 
66.0 2.5302e+00 -2.0945e-01 0.0000e+00 0.0000e+00 -2.0945e-01 2.2018e+00 0.0000e+00 0.0000e+00 0.0000e+00 0.0000e+00 1.8074e+00 2.9840e-01 0.0000e+00 0.0000e+00 -2.9840e-01 1.9299e+00 
67.0 2.4542e+00 -2.1316e-01 0.0000e+00 0.0000e+00 -2.1316e-01 2.1255e+00 0.0000e+00 0.0000e+00 0.0000e+00 0.0000e+00 1.7223e+00 3.0589e-01 0.0000e+00 0.0000e+00 -3.0589e-01 1.8470e+00 
68.0 2.3823e+00 -2.1677e-01 0.0000e+00 0.0000e+00 -2.1677e-01 2.0533e+00 0.0000e+00 0.0000e+00 0.0000e+00 0.0000e+00 1.6414e+00 3.1295e-01 0.0000e+00 0.0000e+00 -3.1295e-01 1.7683e+00 
69.0 2.3141e+00 -2.2024e-01 0.0000e+00 0.0000e+00 -2.2024e-01 1.9848e+00 0.0000e+00 0.0000e+00 0.0000e+00 0.0000e+00 1.5645e+00 3.1957e-01 0.0000e+00 0.0000e+00 -3.1957e-01 1.6937e+00 
70.0 2.2494e+00 -2.2358e-01 0.0000e+00 0.0000e+00 -2.2358e-01 1.9198e+00 0.0000e+00 0.0000e+00 0.0000e+00 0.0000e+00 1.4913e+00 3.2574e-01 0.0000e+00 0.0000e+00 -3.2574e-01 1.6227e+00 
71.0 2.1880e+00 -2.2676e-01 0.0000e+00 0.0000e+00 -2.2676e-01 1.8580e+00 0.0000e+00 0.0000e+00 0.0000e+00 0.0000e+00 1.4215e+00 3.3146e-01 0.0000e+00 0.0000e+00 -3.3146e-01 1.5552e+00 
72.0 2.1296e+00 -2.2977e-01 0.0000e+00 0.0000e+00 -2.2977e-01 1.7993e+00 0.0000e+00 0.0000e+00 0.0000e+00 0.0000e+00 1.3550e+00 3.3670e-01 0.0000e+00 0.0000e+00 -3.3670e-01 1.4910e+00 
73.0 2.0741e+00 -2.3262e-01 0.0000e+00 0.0000e+00 -2.3262e-01 1.7435e+00 0.0000e+00 0.0000e+00 0.0000e+00 0.0000e+00 1.2915e+00 3.4145e-01 0.0000e+00 0.0000e+00 -3.4145e-01 1.4299e+00 
74.0 2.0212e+00 -2.3527e-01 0.0000e+00 0.0000e+00 -2.3527e-01 1.6902e+00 0.0000e+00 0.0000e+00 0.0000e+00 0.0000e+00 1.2308e+00 3.4571e-01 0.0000e+00 0.0000e+00 -3.4571e-01 1.3716e+00 
75.0 1.9707e+00 -2.3773e-01 0.0000e+00 0.0000e+00 -2.3773e-01 1.6395e+00 0.0000e+00 0.0000e+00 0.0000e+00 0.0000e+00 1.1728e+00 3.4947e-01 0.0000e+00 0.0000e+00 -3.4947e-01 1.3160e+00 
76.0 1.9225e+00 -2.3996e-01 0.0000e+00 0.0000e+00 -2.3996e-01 1.5911e+00 0.0000e+00 0.0000e+00 0.0000e+00 0.0000e+00 1.1173e+00 3.5276e-01 0.0000e+00 0.0000e+00 -3.5276e-01 1.2629e+00 
77.0 1.8766e+00 -2.4195e-01 0.0000e+00 0.0000e+00 -2.4195e-01 1.5449e+00 0.0000e+00 0.0000e+00 0.0000e+00 0.0000e+00 1.0642e+00 3.5558e-01 0.0000e+00 0.0000e+00 -3.5558e-01 1.2122e+00 
78.0 1.8326e+00 -2.4371e-01 0.0000e+00 0.0000e+00 -2.4371e-01 1.5007e+00 0.0000e+00 0.0000e+00 0.0000e+00 0.0000e+00 1.0132e+00 3.5797e-01 0.0000e+00 0.0000e+00 -3.5797e-01 1.1636e+00 
79.0 1.7907e+00 -2.4522e-01 0.0000e+00 0.0000e+00 -2.4522e-01 1.4585e+00 0.0000e+00 0.0000e+00 0.0000e+00 0.0000e+00 9.6438e-01 3.5995e-01 0.0000e+00 0.0000e+00 -3.5995e-01 1.1172e+00 
80.0 1.7505e+00 -2.4649e-01 0.0000e+00 0.0000e+00 -2.4649e-01 1.4182e+00 0.0000e+00 0.0000e+00 0.0000e+00 0.0000e+00 9.1750e-01 3.6156e-01 0.0000e+00 0.0000e+00 -3.6156e-01 1.0728e+00 
81.0 1.7121e+00 -2.4754e-01 0.0000e+00 0.0000e+00 -2.4754e-01 1.3796e+00 0.0000e+00 0.0000e+00 0.0000e+00 0.0000e+00 8.7247e-01 3.6283e-01 0.0000e+00 0.0000e+00 -3.6283e-01 1.0302e+00 
82.0 1.6754e+00 -2.4836e-01 0.0000e+00 0.0000e+00 -2.4836e-01 1.3427e+00 0.0000e+00 0.0000e+00 0.0000e+00 0.0000e+00 8.2920e-01 3.6377e-01 0.0000e+00 0.0000e+00 -3.6377e-01 9.8939e-01 
83.0 1.6403e+00 -2.4898e-01 0.0000e+00 0.0000e+00 -2.4898e-01 1.3074e+00 0.0000e+00 0.0000e+00 0.0000e+00 0.0000e+00 7.8760e-01 3.6440e-01 0.0000e+00 0.0000e+00 -3.6440e-01 9.5027e-01 
84.0 1.6067e+00 -2.4939e-01 0.0000e+00 0.0000e+00 -2.4939e-01 1.2736e+00 0.0000e+00 0.0000e+00 0.0000e+00 0.0000e+00 7.4758e-01 3.6475e-01 0.0000e+00 0.0000e+00 -3.6475e-01 9.1274e-01 
85.0 1.5745e+00 -2.4961e-01 0.0000e+00 0.0000e+00 -2.4961e-01 1.2413e+00 0.0000e+00 0.0000e+00 0.0000e+00 0.0000e+00 7.0905e-01 3.6481e-01 0.0000e+00 0.0000e+00 -3.6481e-01 8.7673e-01 
86.0 1.5437e+00 -2.4964e-01 0.0000e+00 0.0000e+00 -2.4964e-01 1.2103e+00 0.0000e+00 0.0000e+00 0.0000e+00 0.0000e+00 6.7192e-01 3.6459e-01 0.0000e+00 0.0000e+00 -3.6459e-01 8.4215e-01 
87.0 1.5142e+00 -2.4949e-01 0.0000e+00 0.0000e+00 -2.4949e-01 1.1805e+00 0.0000e+00 0.0000e+00 0.0000e+00 0.0000e+00 6.3613e-01 3.6410e-01 0.0000e+00 0.0000e+00 -3.6410e-01 8.0893e-01 
88.0 1.4859e+00 -2.4917e-01 0.0000e+00 0.0000e+00 -2.4917e-01 1.1520e+00 0.0000e+00 0.0000e+00 0.0000e+00 0.0000e+00 6.0161e-01 3.6335e-01 0.0000e+00 0.0000e+00 -3.6335e-01 7.7700e-01 
89.0 1.4587e+00 -2.4869e-01 0.0000e+00 0.0000e+00 -2.4869e-01 1.1246e+00 0.0000e+00 0.0000e+00 0.0000e+00 0.0000e+00 5.6829e-01 3.6233e-01 0.0000e+00 0.0000e+00 -3.6233e-01 7.4629e-01 
90.0 1.4327e+00 -2.4804e-01 0.0000e+00 0.0000e+00 -2.4804e-01 1.0983e+00 0.0000e+00 0.0000e+00 0.0000e+00 0.0000e+00 5.3611e-01 3.6106e-01 0.0000e+00 0.0000e+00 -3.6106e-01 7.1672e-01 
91.0 1.4077e+00 -2.4723e-01 0.0000e+00 0.0000e+00 -2.4723e-01 1.0731e+00 0.0000e+00 0.0000e+00 0.0000e+00 0.0000e+00 5.0501e-01 3.5954e-01 0.0000e+00 0.0000e+00 -3.5954e-01 6.8823e-01 
92.0 1.3837e+00 -2.4626e-01 0.0000e+00 0.0000e+00 -2.4626e-01 1.0488e+00 0.0000e+00 0.0000e+00 0.0000e+00 0.0000e+00 4.7494e-01 3.5778e-01 0.0000e+00 0.0000e+00 -3.5778e-01 6.6077e-01 
93.0 1.3607e+00 -2.4513e-01 0.0000e+00 0.0000e+00 -2.4513e-01 1.0255e+00 0.0000e+00 0.0000e+00 0.0000e+00 0.0000e+00 4.4587e-01 3.5579e-01 0.0000e+00 0.0000e+00 -3.5579e-01 6.3426e-01 
94.0 1.3385e+00 -2.4385e-01 0.0000e+00 0.0000e+00 -2.4385e-01 1.0031e+00 0.0000e+00 0.0000e+00 0.0000e+00 0.0000e+00 4.1773e-01 3.5359e-01 0.0000e+00 0.0000e+00 -3.5359e-01 6.0865e-01 
95.0 1.3173e+00 -2.4240e-01 0.0000e+00 0.0000e+00 -2.4240e-01 9.8160e-01 0.0000e+00 0.0000e+00 0.0000e+00 0.0000e+00 3.9049e-01 3.5118e-01 0.0000e+00 0.0000e+00 -3.5118e-01 5.8389e-01 
96.0 1.2969e+00 -2.4079e-01 0.0000e+00 0.0000e+00 -2.4079e-01 9.6097e-01 0.0000e+00 0.0000e+00 0.0000e+00 0.0000e+00 3.6412e-01 3.4857e-01 0.0000e+00 0.0000e+00 -3.4857e-01 5.5994e-01 
97.0 1.2773e+00 -2.3900e-01 0.0000e+00 0.0000e+00 -2.3900e-01 9.4119e-01 0.0000e+00 0.0000e+00 0.0000e+00 0.0000e+00 3.3857e-01 3.4579e-01 0.0000e+00 0.0000e+00 -3.4579e-01 5.3673e-01 
98.0 1.2585e+00 -2.3704e-01 0.0000e+00 0.0000e+00 -2.3704e-01 9.2223e-01 0.0000e+00 0.0000e+00 0.0000e+00 0.0000e+00 3.1381e-01 3.4284e-01 0.0000e+00 0.0000e+00 -3.4284e-01 5.1424e-01 
99.0 1.2404e+00 -2.3491e-01 0.0000e+00 0.0000e+00 -2.3491e-01 9.0407e-01 0.0000e+00 0.0000e+00 0.0000e+00 0.0000e+00 2.8981e-01 3.3975e-01 0.0000e+00 0.0000e+00 -3.3975e-01 4.9243e-01 
100.0 1.2230e+00 -2.3259e-01 0.0000e+00 0.0000e+00 -2.3259e-01 8.8670e-01 0.0000e+00 0.0000e+00 0.0000e+00 0.0000e+00 2.6655e-01 3.3652e-01 0.0000e+00 0.0000e+00 -3.3652e-01 4.7126e-01 
101.0 1.2064e+00 -2.3010e-01 0.0000e+00 0.0000e+00 -2.3010e-01 8.7010e-01 0.0000e+00 0.0000e+00 0.0000e+00 0.0000e+00 2.4401e-01 3.3317e-01 0.0000e+00 0.0000e+00 -3.3317e-01 4.5069e-01 
102.0 1.1904e+00 -2.2742e-01 0.0000e+00 0.0000e+00 -2.2742e-01 8.5426e-01 0.0000e+00 0.0000e+00 0.0000e+00 0.0000e+00 2.2215e-01 3.2972e-01 0.0000e+00 0.0000e+00 -3.2972e-01 4.3070e-01 
103.0 1.1751e+00 -2.2458e-01 0.0000e+00 0.0000e+00 -2.2458e-01 8.3914e-01 0.0000e+00 0.0000e+00 0.0000e+00 0.0000e+00 2.0095e-01 3.2617e-01 0.0000e+00 0.0000e+00 -3.2617e-01 4.1126e-01 
104.0 1.1605e+00 -2.2155e-01 0.0000e+00 0.0000e+00 -2.2155e-01 8.2473e-01 0.0000e+00 0.0000e+00 0.0000e+00 0.0000e+00 1.8037e-01 3.2254e-01 0.0000e+00 0.0000e+00 -3.2254e-01 3.9235e-01 
105.0 1.1465e+00 -2.1836e-01 0.0000e+00 0.0000e+00 -2.1836e-01 8.1099e-01 0.0000e+00 0.0000e+00 0.0000e+00 0.0000e+00 1.6038e-01 3.1883e-01 0.0000e+00 0.0000e+00 -3.1883e-01 3.7392e-01 
106.0 1.1330e+00 -2.1497e-01 0.0000e+00 0.0000e+00 -2.1497e-01 7.9790e-01 0.0000e+00 0.0000e+00 0.0000e+00 0.0000e+00 1.4097e-01 3.1504e-01 0.0000e+00 0.0000e+00 -3.1504e-01 3.5596e-01 
107.0 1.1202e+00 -2.1140e-01 0.0000e+00 0.0000e+00 -2.1140e-01 7.8543e-01 0.0000e+00 0.0000e+00 0.0000e+00 0.0000e+00 1.2209e-01 3.1120e-01 0.0000e+00 0.0000e+00 -3.1120e-01 3.3844e-01 
108.0 1.1079e+00 -2.0764e-01 0.0000e+00 0.0000e+00 -2.0764e-01 7.7356e-01 0.0000e+00 0.0000e+00 0.0000e+00 0.0000e+00 1.0374e-01 3.0731e-01 0.0000e+00 0.0000e+00 -3.0731e-01 3.2135e-01 
109.0 1.0961e+00 -2.0367e-01 0.0000e+00 0.0000e+00 -2.0367e-01 7.6226e-01 0.0000e+00 0.0000e+00 0.0000e+00 0.0000e+00 8.5875e-02 3.0339e-01 0.0000e+00 0.0000e+00 -3.0339e-01 3.0466e-01 
110.0 1.0849e+00 -1.9952e-01 0.0000e+00 0.0000e+00 -1.9952e-01 7.5152e-01 0.0000e+00 0.0000e+00 0.0000e+00 0.0000e+00 6.8489e-02 2.9945e-01 0.0000e+00 0.0000e+00 -2.9945e-01 2.8836e-01 
111.0 1.0742e+00 -1.9517e-01 0.0000e+00 0.0000e+00 -1.9517e-01 7.4132e-01 0.0000e+00 0.0000e+00 0.0000e+00 0.0000e+00 5.1561e-02 2.9550e-01 0.0000e+00 0.0000e+00 -2.9550e-01 2.7244e-01 
112.0 1.0639e+00 -1.9064e-01 0.0000e+00 0.0000e+00 -1.9064e-01 7.3165e-01 0.0000e+00 0.0000e+00 0.0000e+00 0.0000e+00 3.5072e-02 2.9157e-01 0.0000e+00 0.0000e+00 -2.9157e-01 2.5687e-01 
113.0 1.0542e+00 -1.8594e-01 0.0000e+00 0.0000e+00 -1.8594e-01 7.2249e-01 0.0000e+00 0.0000e+00 0.0000e+00 0.0000e+00 1.9004e-02 2.8767e-01 0.0000e+00 0.0000e+00 -2.8767e-01 2.4165e-01 
114.0 1.0449e+00 -1.8108e-01 0.0000e+00 0.0000e+00 -1.8108e-01 7.1381e-01 0.0000e+00 0.0000e+00 0.0000e+00 0.0000e+00 3.3398e-03 2.8380e-01 0.0000e+00 0.0000e+00 -2.8380e-01 2.2676e-01 
115.0 1.0361e+00 -1.7606e-01 0.0000e+00 0.0000e+00 -1.7606e-01 7.0561e-01 0.0000e+00 0.0000e+00 0.0000e+00 0.0000e+00 -1.1935e-02 2.7999e-01 0.0000e+00 0.0000e+00 -2.7999e-01 2.1219e-01 
116.0 1.0277e+00 -1.7092e-01 0.0000e+00 0.0000e+00 -1.7092e-01 6.9786e-01 0.0000e+00 0.0000e+00 0.0000e+00 0.0000e+00 -2.6832e-02 2.7625e-01 0.0000e+00 0.0000e+00 -2.7625e-01 1.9793e-01 
117.0 1.0198e+00 -1.6566e-01 0.0000e+00 0.0000e+00 -1.6566e-01 6.9057e-01 0.0000e+00 0.0000e+00 0.0000e+00 0.0000e+00 -4.1361e-02 2.7258e-01 0.0000e+00 0.0000e+00 -2.7258e-01 1.8397e-01 
118.0 1.0123e+00 -1.6031e-01 0.0000e+00 0.0000e+00 -1.6031e-01 6.8373e-01 0.0000e+00 0.0000e+00 0.0000e+00 0.0000e+00 -5.5526e-02 2.6900e-01 0.0000e+00 0.0000e+00 -2.6900e-01 1.7032e-01 
119.0 1.0052e+00 -1.5488e-01 0.0000e+00 0.0000e+00 -1.5488e-01 6.7732e-01 0.0000e+00 0.0000e+00 0.0000e+00 0.0000e+00 -6.9335e-02 2.6550e-01 0.0000e+00 0.0000e+00 -2.6550e-01 1.5697e-01 
120.0 9.9858e-01 -1.4941e-01 0.0000e+00 0.0000e+00 -1.4941e-01 6.7132e-01 0.0000e+00 0.0000e+00 0.0000e+00 0.0000e+00 -8.2797e-02 2.6207e-01 0.0000e+00 0.0000e+00 -2.6207e-01 1.4392e-01 
121.0 9.9233e-01 -1.4390e-01 0.0000e+00 0.0000e+00 -1.4390e-01 6.6571e-01 0.0000e+00 0.0000e+00 0.0000e+00 0.0000e+00 -9.5921e-02 2.5870e-01 0.0000e+00 0.0000e+00 -2.5870e-01 1.3118e-01 
122.0 9.8645e-01 -1.3837e-01 0.0000e+00 0.0000e+00 -1.3837e-01 6.6045e-01 0.0000e+00 0.0000e+00 0.0000e+00 0.0000e+00 -1.0872e-01 2.5536e-01 0.0000e+00 0.0000e+00 -2.5536e-01 1.1874e-01 
123.0 9.8091e-01 -1.3283e-01 0.0000e+00 0.0000e+00 -1.3283e-01 6.5550e-01 0.0000e+00 0.0000e+00 0.0000e+00 0.0000e+00 -1.2122e-01 2.5202e-01 0.0000e+00 0.0000e+00 -2.5202e-01 1.0659e-01 
124.0 9.7569e-01 -1.2728e-01 0.0000e+00 0.0000e+00 -1.2728e-01 6.5083e-01 0.0000e+00 0.0000e+00 0.0000e+00 0.0000e+00 -1.3343e-01 2.4867e-01 0.0000e+00 0.0000e+00 -2.4867e-01 9.4727e-02 
125.0 9.7078e-01 -1.2172e-01 0.0000e+00 0.0000e+00 -1.2172e-01 6.4642e-01 0.0000e+00 0.0000e+00 0.0000e+00 0.0000e+00 -1.4537e-01 2.4527e-01 0.0000e+00 0.0000e+00 -2.4527e-01 8.3140e-02 
126.0 9.6617e-01 -1.1616e-01 0.0000e+00 0.0000e+00 -1.1616e-01 6.4225e-01 0.0000e+00 0.0000e+00 0.0000e+00 0.0000e+00 -1.5706e-01 2.4184e-01 0.0000e+00 0.0000e+00 -2.4184e-01 7.1818e-02 
127.0 9.6185e-01 -1.1061e-01 0.0000e+00 0.0000e+00 -1.1061e-01 6.3831e-01 0.0000e+00 0.0000e+00 0.0000e+00 0.0000e+00 -1.6852e-01 2.3835e-01 0.0000e+00 0.0000e+00 -2.3835e-01 6.0752e-02 
128.0 9.5781e-01 -1.0508e-01 0.0000e+00 0.0000e+00 -1.0508e-01 6.3459e-01 0.0000e+00 0.0000e+00 0.0000e+00 0.0000e+00 -1.7975e-01 2.3480e-01 0.0000e+00 0.0000e+00 -2.3480e-01 4.9931e-02 
129.0 9.5405e-01 -9.9564e-02 0.0000e+00 0.0000e+00 -9.9564e-02 6.3108e-01 0.0000e+00 0.0000e+00 0.0000e+00 0.0000e+00 -1.9077e-01 2.3115e-01 0.0000e+00 0.0000e+00 -2.3115e-01 3.9346e-02 
130.0 9.5054e-01 -9.4070e-02 0.0000e+00 0.0000e+00 -9.4070e-02 6.2777e-01 0.0000e+00 0.0000e+00 0.0000e+00 0.0000e+00 -2.0158e-01 2.2740e-01 0.0000e+00 0.0000e+00 -2.2740e-01 2.8985e-02 
131.0 9.4729e-01 -8.8586e-02 0.0000e+00 0.0000e+00 -8.8586e-02 6.2466e-01 0.0000e+00 0.0000e+00 0.0000e+00 0.0000e+00 -2.1220e-01 2.2354e-01 0.0000e+00 0.0000e+00 -2.2354e-01 1.8830e-02 
132.0 9.4431e-01 -8.3101e-02 0.0000e+00 0.0000e+00 -8.3101e-02 6.2175e-01 0.0000e+00 0.0000e+00 0.0000e+00 0.0000e+00 -2.2263e-01 2.1956e-01 0.0000e+00 0.0000e+00 -2.1956e-01 8.8663e-03 
133.0 9.4158e-01 -7.7600e-02 0.0000e+00 0.0000e+00 -7.7600e-02 6.1906e-01 0.0000e+00 0.0000e+00 0.0000e+00 0.0000e+00 -2.3289e-01 2.1547e-01 0.0000e+00 0.0000e+00 -2.1547e-01 -9.2646e-04 
134.0 9.3914e-01 -7.2070e-02 0.0000e+00 0.0000e+00 -7.2070e-02 6.1661e-01 0.0000e+00 0.0000e+00 0.0000e+00 0.0000e+00 -2.4298e-01 2.1128e-01 0.0000e+00 0.0000e+00 -2.1128e-01 -1.0568e-02 
135.0 9.3698e-01 -6.6501e-02 0.0000e+00 0.0000e+00 -6.6501e-02 6.1441e-01 0.0000e+00 0.0000e+00 0.0000e+00 0.0000e+00 -2.5292e-01 2.0701e-01 0.0000e+00 0.0000e+00 -2.0701e-01 -2.0077e-02 
136.0 9.3511e-01 -6.0886e-02 0.0000e+00 0.0000e+00 -6.0886e-02 6.1249e-01 0.0000e+00 0.0000e+00 0.0000e+00 0.0000e+00 -2.6270e-01 2.0265e-01 0.0000e+00 0.0000e+00 -2.0265e-01 -2.9475e-02 
137.0 9.3353e-01 -5.5219e-02 0.0000e+00 0.0000e+00 -5.5219e-02 6.1086e-01 0.0000e+00 0.0000e+00 0.0000e+00 0.0000e+00 -2.7234e-01 1.9822e-01 0.0000e+00 0.0000e+00 -1.9822e-01 -3.8778e-02 
138.0 9.3226e-01 -4.9496e-02 0.0000e+00 0.0000e+00 -4.9496e-02 6.0955e-01 0.0000e+00 0.0000e+00 0.0000e+00 0.0000e+00 -2.8183e-01 1.9372e-01 0.0000e+00 0.0000e+00 -1.9372e-01 -4.8000e-02 
139.0 9.3132e-01 -4.3708e-02 0.0000e+00 0.0000e+00 -4.3708e-02 6.0859e-01 0.0000e+00 0.0000e+00 0.0000e+00 0.0000e+00 -2.9118e-01 1.8918e-01 0.0000e+00 0.0000e+00 -1.8918e-01 -5.7149e-02 
140.0 9.3074e-01 -3.7849e-02 0.0000e+00 0.0000e+00 -3.7849e-02 6.0803e-01 0.0000e+00 0.0000e+00 0.0000e+00 0.0000e+00 -3.0039e-01 1.8463e-01 0.0000e+00 0.0000e+00 -1.8463e-01 -6.6233e-02 
141.0 9.3055e-01 -3.1915e-02 0.0000e+00 0.0000e+00 -3.1915e-02 6.0791e-01 0.0000e+00 0.0000e+00 0.0000e+00 0.0000e+00 -3.0946e-01 1.8010e-01 0.0000e+00 0.0000e+00 -1.8010e-01 -7.5258e-02 
142.0 9.3079e-01 -2.5904e-02 0.0000e+00 0.0000e+00 -2.5904e-02 6.0827e-01 0.0000e+00 0.0000e+00 0.0000e+00 0.0000e+00 -3.1837e-01 1.7562e-01 0.0000e+00 0.0000e+00 -1.7562e-01 -8.4224e-02 
143.0 9.3147e-01 -1.9818e-02 0.0000e+00 0.0000e+00 -1.9818e-02 6.0912e-01 0.0000e+00 0.0000e+00 0.0000e+00 0.0000e+00 -3.2715e-01 1.7121e-01 0.0000e+00 0.0000e+00 -1.7121e-01 -9.3135e-02 
144.0 9.3259e-01 -1.3664e-02 0.0000e+00 0.0000e+00 -1.3664e-02 6.1046e-01 0.0000e+00 0.0000e+00 0.0000e+00 0.0000e+00 -3.3580e-01 1.6686e-01 0.0000e+00 0.0000e+00 -1.6686e-01 -1.0200e-01 
145.0 9.3415e-01 -7.4537e-03 0.0000e+00 0.0000e+00 -7.4537e-03 6.1226e-01 0.0000e+00 0.0000e+00 0.0000e+00 0.0000e+00 -3.4433e-01 1.6255e-01 0.0000e+00 0.0000e+00 -1.6255e-01 -1.1082e-01 
146.0 9.3613e-01 -1.1917e-03 0.0000e+00 0.0000e+00 -1.1917e-03 6.1449e-01 0.0000e+00 0.0000e+00 0.0000e+00 0.0000e+00 -3.5277e-01 1.5825e-01 0.0000e+00 0.0000e+00 -1.5825e-01 -1.1960e-01 
147.0 9.3854e-01 5.1281e-03 0.0000e+00 0.0000e+00 5.1281e-03 6.1717e-01 0.0000e+00 0.0000e+00 0.0000e+00 0.0000e+00 -3.6113e-01 1.5393e-01 0.0000e+00 0.0000e+00 -1.5393e-01 -1.2835e-01 
148.0 9.4145e-01 1.1527e-02 0.0000e+00 0.0000e+00 1.1527e-02 6.2035e-01 0.0000e+00 0.0000e+00 0.0000e+00 0.0000e+00 -3.6941e-01 1.4960e-01 0.0000e+00 0.0000e+00 -1.4960e-01 -1.3706e-01 
149.0 9.4496e-01 1.8033e-02 0.0000e+00 0.0000e+00 1.8033e-02 6.2414e-01 0.0000e+00 0.0000e+00 0.0000e+00 0.0000e+00 -3.7764e-01 1.4530e-01 0.0000e+00 0.0000e+00 -1.4530e-01 -1.4573e-01 
150.0 9.4918e-01 2.4666e-02 0.0000e+00 0.0000e+00 2.4666e-02 6.2866e-01 0.0000e+00 0.0000e+00 0.0000e+00 0.0000e+00 -3.8580e-01 1.4108e-01 0.0000e+00 0.0000e+00 -1.4108e-01 -1.5438e-01 
151.0 9.5419e-01 3.1428e-02 0.0000e+00 0.0000e+00 3.1428e-02 6.3399e-01 0.0000e+00 0.0000e+00 0.0000e+00 0.0000e+00 -3.9390e-01 1.3698e-01 0.0000e+00 0.0000e+00 -1.3698e-01 -1.6302e-01 
152.0 9.5997e-01 3.8294e-02 0.0000e+00 0.0000e+00 3.8294e-02 6.4012e-01 0.0000e+00 0.0000e+00 0.0000e+00 0.0000e+00 -4.0194e-01 1.3292e-01 0.0000e+00 0.0000e+00 -1.3292e-01 -1.7167e-01 
153.0 9.6645e-01 4.5215e-02 0.0000e+00 0.0000e+00 4.5215e-02 6.4697e-01 0.0000e+00 0.0000e+00 0.0000e+00 0.0000e+00 -4.0995e-01 1.2878e-01 0.0000e+00 0.0000e+00 -1.2878e-01 -1.8039e-01 
154.0 9.7351e-01 5.2125e-02 0.0000e+00 0.0000e+00 5.2125e-02 6.5446e-01 0.0000e+00 0.0000e+00 0.0000e+00 0.0000e+00 -4.1798e-01 1.2439e-01 0.0000e+00 0.0000e+00 -1.2439e-01 -1.8923e-01 
155.0 9.8105e-01 5.8934e-02 0.0000e+00 0.0000e+00 5.8934e-02 6.6250e-01 0.0000e+00 0.0000e+00 0.0000e+00 0.0000e+00 -4.2607e-01 1.1956e-01 0.0000e+00 0.0000e+00 -1.1956e-01 -1.9824e-01 
156.0 9.8897e-01 6.5525e-02 0.0000e+00 0.0000e+00 6.5525e-02 6.7105e-01 0.0000e+00 0.0000e+00 0.0000e+00 0.0000e+00 -4.3427e-01 1.1409e-01 0.0000e+00 0.0000e+00 -1.1409e-01 -2.0749e-01 
157.0 9.9717e-01 7.1741e-02 0.0000e+00 0.0000e+00 7.1741e-02 6.8005e-01 0.0000e+00 0.0000e+00 0.0000e+00 0.0000e+00 -4.4262e-01 1.0779e-01 0.0000e+00 0.0000e+00 -1.0779e-01 -2.1701e-01 
158.0 1.0055e+00 7.7383e-02 0.0000e+00 0.0000e+00 7.7383e-02 6.8932e-01 0.0000e+00 0.0000e+00 0.0000e+00 0.0000e+00 -4.5113e-01 1.0044e-01 0.0000e+00 0.0000e+00 -1.0044e-01 -2.2680e-01 
159.0 1.0137e+00 8.2239e-02 0.0000e+00 0.0000e+00 8.2239e-02 6.9860e-01 0.0000e+00 0.0000e+00 0.0000e+00 0.0000e+00 -4.5985e-01 9.1776e-02 0.0000e+00 0.0000e+00 -9.1776e-02 -2.3688e-01 
160.0 1.0217e+00 8.6109e-02 0.0000e+00 0.0000e+00 8.6109e-02 7.0756e-01 0.0000e+00 0.0000e+00 0.0000e+00 0.0000e+00 -4.6886e-01 8.1515e-02 0.0000e+00 0.0000e+00 -8.1515e-02 -2.4724e-01 
161.0 1.0293e+00 8.8843e-02 0.0000e+00 0.0000e+00 8.8843e-02 7.1605e-01 0.0000e+00 0.0000e+00 0.0000e+00 0.0000e+00 -4.7829e-01 6.9406e-02 0.0000e+00 0.0000e+00 -6.9406e-02 -2.5787e-01 
162.0 1.0368e+00 9.0339e-02 0.0000e+00 0.0000e+00 9.0339e-02 7.2408e-01 0.0000e+00 0.0000e+00 0.0000e+00 0.0000e+00 -4.8839e-01 5.5288e-02 0.0000e+00 0.0000e+00 -5.5288e-02 -2.6880e-01 
163.0 1.0444e+00 9.0516e-02 0.0000e+00 0.0000e+00 9.0516e-02 7.3176e-01 0.0000e+00 0.0000e+00 0.0000e+00 0.0000e+00 -4.9949e-01 3.9111e-02 0.0000e+00 0.0000e+00 -3.9111e-02 -2.8008e-01 
164.0 1.0524e+00 8.9294e-02 0.0000e+00 0.0000e+00 8.9294e-02 7.3916e-01 0.0000e+00 0.0000e+00 0.0000e+00 0.0000e+00 -5.1203e-01 2.0933e-02 0.0000e+00 0.0000e+00 -2.0933e-02 -2.9174e-01 
165.0 1.0613e+00 8.6590e-02 0.0000e+00 0.0000e+00 8.6590e-02 7.4639e-01 0.0000e+00 0.0000e+00 0.0000e+00 0.0000e+00 -5.2653e-01 9.2577e-04 0.0000e+00 0.0000e+00 -9.2577e-04 -3.0384e-01 
166.0 1.0719e+00 8.2315e-02 0.0000e+00 0.0000e+00 8.2315e-02 7.5372e-01 0.0000e+00 0.0000e+00 0.0000e+00 0.0000e+00 -5.4366e-01 -2.0646e-02 0.0000e+00 0.0000e+00 2.0646e-02 -3.1641e-01 
167.0 1.0850e+00 7.6396e-02 0.0000e+00 0.0000e+00 7.6396e-02 7.6157e-01 0.0000e+00 0.0000e+00 0.0000e+00 0.0000e+00 -5.6419e-01 -4.3358e-02 0.0000e+00 0.0000e+00 4.3358e-02 -3.2945e-01 
168.0 1.1019e+00 6.8752e-02 0.0000e+00 0.0000e+00 6.8752e-02 7.7040e-01 0.0000e+00 0.0000e+00 0.0000e+00 0.0000e+00 -5.8903e-01 -6.6578e-02 0.0000e+00 0.0000e+00 6.6578e-02 -3.4293e-01 
169.0 1.1241e+00 5.9390e-02 0.0000e+00 0.0000e+00 5.9390e-02 7.8075e-01 0.0000e+00 0.0000e+00 0.0000e+00 0.0000e+00 -6.1925e-01 -8.9343e-02 0.0000e+00 0.0000e+00 8.9343e-02 -3.5669e-01 
170.0 1.1535e+00 4.8473e-02 0.0000e+00 0.0000e+00 4.8473e-02 7.9350e-01 0.0000e+00 0.0000e+00 0.0000e+00 0.0000e+00 -6.5594e-01 -1.1019e-01 0.0000e+00 0.0000e+00 1.1019e-01 -3.7042e-01 
171.0 1.1930e+00 3.6460e-02 0.0000e+00 0.0000e+00 3.6460e-02 8.1004e-01 0.0000e+00 0.0000e+00 0.0000e+00 0.0000e+00 -7.0014e-01 -1.2695e-01 0.0000e+00 0.0000e+00 1.2695e-01 -3.8369e-01 
172.0 1.2456e+00 2.4190e-02 0.0000e+00 0.0000e+00 2.4190e-02 8.3228e-01 0.0000e+00 0.0000e+00 0.0000e+00 0.0000e+00 -7.5249e-01 -1.3682e-01 0.0000e+00 0.0000e+00 1.3682e-01 -3.9592e-01 
173.0 1.3141e+00 1.2852e-02 0.0000e+00 0.0000e+00 1.2852e-02 8.6233e-01 0.0000e+00 0.0000e+00 0.0000e+00 0.0000e+00 -8.1277e-01 -1.3691e-01 0.0000e+00 0.0000e+00 1.3691e-01 -4.0653e-01 
174.0 1.3995e+00 3.7833e-03 0.0000e+00 0.0000e+00 3.7833e-03 9.0163e-01 0.0000e+00 0.0000e+00 0.0000e+00 0.0000e+00 -8.7929e-01 -1.2512e-01 0.0000e+00 0.0000e+00 1.2512e-01 -4.1495e-01 
175.0 1.4986e+00 -1.9194e-03 0.0000e+00 0.0000e+00 -1.9194e-03 9.4956e-01 0.0000e+00 0.0000e+00 0.0000e+00 0.0000e+00 -9.4845e-01 -1.0161e-01 0.0000e+00 0.0000e+00 1.0161e-01 -4.2082e-01 
176.0 1.6029e+00 -3.9103e-03 0.0000e+00 0.0000e+00 -3.9103e-03 1.0021e+00 0.0000e+00 0.0000e+00 0.0000e+00 0.0000e+00 -1.0145e+00 -6.9804e-02 0.0000e+00 0.0000e+00 6.9804e-02 -4.2415e-01 
177.0 1.6978e+00 -2.9727e-03 0.0000e+00 0.0000e+00 -2.9727e-03 1.0517e+00 0.0000e+00 0.0000e+00 0.0000e+00 0.0000e+00 -1.0703e+00 -3.6541e-02 0.0000e+00 0.0000e+00 3.6541e-02 -4.2541e-01 
178.0 1.7661e+00 -9.6281e-04 0.0000e+00 0.0000e+00 -9.6281e-04 1.0882e+00 0.0000e+00 0.0000e+00 0.0000e+00 0.0000e+00 -1.1083e+00 -1.0758e-02 0.0000e+00 0.0000e+00 1.0758e-02 -4.2552e-01 
179.0 1.7926e+00 -6.9961e-21 0.0000e+00 0.0000e+00 -6.9961e-21 1.1027e+00 0.0000e+00 0.0000e+00 0.0000e+00 0.0000e+00 -1.1227e+00 -2.2444e-19 0.0000e+00 0.0000e+00 2.2444e-19 -4.2554e-01 
180.0 1.8177e+00 0.0000e+00 0.0000e+00 0.0000e+00 0.0000e+00 1.1158e+00 0.0000e+00 0.0000e+00 0.0000e+00 0.0000e+00 -1.1358e+00 0.0000e+00 0.0000e+00 0.0000e+00 -0.0000e+00 -4.2534e-01 
