1.4381 1.4510 0.0130 0.247928
theta s11 s12 s13 s14 s21 s22 s23 s24 s31 s32 s33 s34 s41 s42 s43 s44
0.0 3.8782e+02 0.0000e+00 0.0000e+00 0.0000e+00 0.0000e+00 3.8756e+02 0.0000e+00 0.0000e+00 0.0000e+00 0.0000e+00 3.8756e+02 0.0000e+00 0.0000e+00 0.0000e+00 -0.0000e+00 3.8730e+02 
1.0 3.6851e+02 7.1669e-04 0.0000e+00 0.0000e+00 7.1669e-04 3.6826e+02 0.0000e+00 0.0000e+00 0.0000e+00 0.0000e+00 3.6825e+02 -1.6114e-01 0.0000e+00 0.0000e+00 1.6114e-01 3.6800e+02 
2.0 3.2736e+02 1.1271e-02 0.0000e+00 0.0000e+00 1.1271e-02 3.2711e+02 0.0000e+00 0.0000e+00 0.0000e+00 0.0000e+00 3.2711e+02 -5.8616e-01 0.0000e+00 0.0000e+00 5.8616e-01 3.2687e+02 
3.0 2.7927e+02 3.7690e-02 0.0000e+00 0.0000e+00 3.7690e-02 2.7903e+02 0.0000e+00 0.0000e+00 0.0000e+00 0.0000e+00 2.7903e+02 -1.1381e+00 0.0000e+00 0.0000e+00 1.1381e+00 2.7880e+02 
4.0 2.3188e+02 7.5404e-02 0.0000e+00 0.0000e+00 7.5404e-02 2.3166e+02 0.0000e+00 0.0000e+00 0.0000e+00 0.0000e+00 2.3164e+02 -1.6759e+00 0.0000e+00 0.0000e+00 1.6759e+00 2.3143e+02 
5.0 1.8940e+02 1.1441e-01 0.0000e+00 0.0000e+00 1.1441e-01 1.8919e+02 0.0000e+00 0.0000e+00 0.0000e+00 0.0000e+00 1.8915e+02 -2.1026e+00 0.0000e+00 0.0000e+00 2.1026e+00 1.8897e+02 
6.0 1.5349e+02 1.4529e-01 0.0000e+00 0.0000e+00 1.4529e-01 1.5329e+02 0.0000e+00 0.0000e+00 0.0000e+00 0.0000e+00 1.5323e+02 -2.3751e+00 0.0000e+00 0.0000e+00 2.3751e+00 1.5307e+02 
7.0 1.2429e+02 1.6277e-01 0.0000e+00 0.0000e+00 1.6277e-01 1.2410e+02 0.0000e+00 0.0000e+00 0.0000e+00 0.0000e+00 1.2402e+02 -2.4929e+00 0.0000e+00 0.0000e+00 2.4929e+00 1.2387e+02 
8.0 1.0114e+02 1.6636e-01 0.0000e+00 0.0000e+00 1.6636e-01 1.0095e+02 0.0000e+00 0.0000e+00 0.0000e+00 0.0000e+00 1.0085e+02 -2.4810e+00 0.0000e+00 0.0000e+00 2.4810e+00 1.0072e+02 
9.0 8.3040e+01 1.5870e-01 0.0000e+00 0.0000e+00 1.5870e-01 8.2857e+01 0.0000e+00 0.0000e+00 0.0000e+00 0.0000e+00 8.2739e+01 -2.3743e+00 0.0000e+00 0.0000e+00 2.3743e+00 8.2618e+01 
10.0 6.8989e+01 1.4329e-01 0.0000e+00 0.0000e+00 1.4329e-01 6.8808e+01 0.0000e+00 0.0000e+00 0.0000e+00 0.0000e+00 6.8675e+01 -2.2073e+00 0.0000e+00 0.0000e+00 2.2073e+00 6.8565e+01 
11.0 5.8079e+01 1.2382e-01 0.0000e+00 0.0000e+00 1.2382e-01 5.7898e+01 0.0000e+00 0.0000e+00 0.0000e+00 0.0000e+00 5.7754e+01 -2.0086e+00 0.0000e+00 0.0000e+00 2.0086e+00 5.7654e+01 
12.0 4.9560e+01 1.0317e-01 0.0000e+00 0.0000e+00 1.0317e-01 4.9380e+01 0.0000e+00 0.0000e+00 0.0000e+00 0.0000e+00 4.9226e+01 -1.7999e+00 0.0000e+00 0.0000e+00 1.7999e+00 4.9135e+01 
13.0 4.2855e+01 8.2917e-02 0.0000e+00 0.0000e+00 8.2917e-02 4.2675e+01 0.0000e+00 0.0000e+00 0.0000e+00 0.0000e+00 4.2515e+01 -1.5947e+00 0.0000e+00 0.0000e+00 1.5947e+00 4.2432e+01 
14.0 3.7526e+01 6.5042e-02 0.0000e+00 0.0000e+00 6.5042e-02 3.7345e+01 0.0000e+00 0.0000e+00 0.0000e+00 0.0000e+00 3.7181e+01 -1.4046e+00 0.0000e+00 0.0000e+00 1.4046e+00 3.7106e+01 
15.0 3.3241e+01 4.9235e-02 0.0000e+00 0.0000e+00 4.9235e-02 3.3060e+01 0.0000e+00 0.0000e+00 0.0000e+00 0.0000e+00 3.2893e+01 -1.2311e+00 0.0000e+00 0.0000e+00 1.2311e+00 3.2826e+01 
16.0 2.9744e+01 3.6185e-02 0.0000e+00 0.0000e+00 3.6185e-02 2.9563e+01 0.0000e+00 0.0000e+00 0.0000e+00 0.0000e+00 2.9395e+01 -1.0768e+00 0.0000e+00 0.0000e+00 1.0768e+00 2.9336e+01 
17.0 2.6844e+01 2.6082e-02 0.0000e+00 0.0000e+00 2.6082e-02 2.6663e+01 0.0000e+00 0.0000e+00 0.0000e+00 0.0000e+00 2.6495e+01 -9.4144e-01 0.0000e+00 0.0000e+00 9.4144e-01 2.6442e+01 
18.0 2.4400e+01 1.8854e-02 0.0000e+00 0.0000e+00 1.8854e-02 2.4217e+01 0.0000e+00 0.0000e+00 0.0000e+00 0.0000e+00 2.4050e+01 -8.2392e-01 0.0000e+00 0.0000e+00 8.2392e-01 2.4004e+01 
19.0 2.2307e+01 1.4164e-02 0.0000e+00 0.0000e+00 1.4164e-02 2.2124e+01 0.0000e+00 0.0000e+00 0.0000e+00 0.0000e+00 2.2001e+01 -7.2224e-01 0.0000e+00 0.0000e+00 7.2224e-01 2.1965e+01 
20.0 2.0493e+01 1.1427e-02 0.0000e+00 0.0000e+00 1.1427e-02 2.0309e+01 0.0000e+00 0.0000e+00 0.0000e+00 0.0000e+00 2.0223e+01 -6.3405e-01 0.0000e+00 0.0000e+00 6.3405e-01 2.0196e+01 
21.0 1.8902e+01 9.9173e-03 0.0000e+00 0.0000e+00 9.9173e-03 1.8717e+01 0.0000e+00 0.0000e+00 0.0000e+00 0.0000e+00 1.8665e+01 -5.5696e-01 0.0000e+00 0.0000e+00 5.5696e-01 1.8645e+01 
22.0 1.7493e+01 8.9024e-03 0.0000e+00 0.0000e+00 8.9024e-03 1.7307e+01 0.0000e+00 0.0000e+00 0.0000e+00 0.0000e+00 1.7284e+01 -4.8901e-01 0.0000e+00 0.0000e+00 4.8901e-01 1.7270e+01 
23.0 1.6235e+01 7.7900e-03 0.0000e+00 0.0000e+00 7.7900e-03 1.6047e+01 0.0000e+00 0.0000e+00 0.0000e+00 0.0000e+00 1.6050e+01 -4.2871e-01 0.0000e+00 0.0000e+00 4.2871e-01 1.6042e+01 
24.0 1.5103e+01 6.2281e-03 0.0000e+00 0.0000e+00 6.2281e-03 1.4914e+01 0.0000e+00 0.0000e+00 0.0000e+00 0.0000e+00 1.4940e+01 -3.7486e-01 0.0000e+00 0.0000e+00 3.7486e-01 1.4937e+01 
25.0 1.4078e+01 4.1244e-03 0.0000e+00 0.0000e+00 4.1244e-03 1.3888e+01 0.0000e+00 0.0000e+00 0.0000e+00 0.0000e+00 1.3935e+01 -3.2662e-01 0.0000e+00 0.0000e+00 3.2662e-01 1.3935e+01 
26.0 1.3146e+01 1.5665e-03 0.0000e+00 0.0000e+00 1.5665e-03 1.2954e+01 0.0000e+00 0.0000e+00 0.0000e+00 0.0000e+00 1.3020e+01 -2.8334e-01 0.0000e+00 0.0000e+00 2.8334e-01 1.3024e+01 
27.0 1.2294e+01 -1.3154e-03 0.0000e+00 0.0000e+00 -1.3154e-03 1.2101e+01 0.0000e+00 0.0000e+00 0.0000e+00 0.0000e+00 1.2184e+01 -2.4447e-01 0.0000e+00 0.0000e+00 2.4447e-01 1.2191e+01 
28.0 1.1514e+01 -4.4481e-03 0.0000e+00 0.0000e+00 -4.4481e-03 1.1319e+01 0.0000e+00 0.0000e+00 0.0000e+00 0.0000e+00 1.1417e+01 -2.0946e-01 0.0000e+00 0.0000e+00 2.0946e-01 1.1427e+01 
29.0 1.0797e+01 -7.8242e-03 0.0000e+00 0.0000e+00 -7.8242e-03 1.0601e+01 0.0000e+00 0.0000e+00 0.0000e+00 0.0000e+00 1.0713e+01 -1.7777e-01 0.0000e+00 0.0000e+00 1.7777e-01 1.0725e+01 
30.0 1.0137e+01 -1.1485e-02 0.0000e+00 0.0000e+00 -1.1485e-02 9.9395e+00 0.0000e+00 0.0000e+00 0.0000e+00 0.0000e+00 1.0064e+01 -1.4898e-01 0.0000e+00 0.0000e+00 1.4898e-01 1.0079e+01 
31.0 9.5291e+00 -1.5411e-02 0.0000e+00 0.0000e+00 -1.5411e-02 9.3296e+00 0.0000e+00 0.0000e+00 0.0000e+00 0.0000e+00 9.4291e+00 -1.2277e-01 0.0000e+00 0.0000e+00 1.2277e-01 9.4477e+00 
32.0 8.9668e+00 -1.9518e-02 0.0000e+00 0.0000e+00 -1.9518e-02 8.7657e+00 0.0000e+00 0.0000e+00 0.0000e+00 0.0000e+00 8.8417e+00 -9.8957e-02 0.0000e+00 0.0000e+00 9.8957e-02 8.8641e+00 
33.0 8.4456e+00 -2.3674e-02 0.0000e+00 0.0000e+00 -2.3674e-02 8.2430e+00 0.0000e+00 0.0000e+00 0.0000e+00 0.0000e+00 8.2973e+00 -7.7372e-02 0.0000e+00 0.0000e+00 7.7372e-02 8.3233e+00 
34.0 7.9610e+00 -2.7747e-02 0.0000e+00 0.0000e+00 -2.7747e-02 7.7569e+00 0.0000e+00 0.0000e+00 0.0000e+00 0.0000e+00 7.7916e+00 -5.7835e-02 0.0000e+00 0.0000e+00 5.7835e-02 7.8212e+00 
35.0 7.5092e+00 -3.1649e-02 0.0000e+00 0.0000e+00 -3.1649e-02 7.3037e+00 0.0000e+00 0.0000e+00 0.0000e+00 0.0000e+00 7.3207e+00 -4.0118e-02 0.0000e+00 0.0000e+00 4.0118e-02 7.3538e+00 
36.0 7.0871e+00 -3.5357e-02 0.0000e+00 0.0000e+00 -3.5357e-02 6.8802e+00 0.0000e+00 0.0000e+00 0.0000e+00 0.0000e+00 6.8814e+00 -2.3939e-02 0.0000e+00 0.0000e+00 2.3939e-02 6.9178e+00 
37.0 6.6922e+00 -3.8914e-02 0.0000e+00 0.0000e+00 -3.8914e-02 6.4840e+00 0.0000e+00 0.0000e+00 0.0000e+00 0.0000e+00 6.4710e+00 -8.9812e-03 0.0000e+00 0.0000e+00 8.9812e-03 6.5106e+00 
38.0 6.3227e+00 -4.2419e-02 0.0000e+00 0.0000e+00 -4.2419e-02 6.1132e+00 0.0000e+00 0.0000e+00 0.0000e+00 0.0000e+00 6.0872e+00 5.0473e-03 0.0000e+00 0.0000e+00 -5.0473e-03 6.1300e+00 
39.0 5.9772e+00 -4.5986e-02 0.0000e+00 0.0000e+00 -4.5986e-02 5.7665e+00 0.0000e+00 0.0000e+00 0.0000e+00 0.0000e+00 5.7285e+00 1.8362e-02 0.0000e+00 0.0000e+00 -1.8362e-02 5.7743e+00 
40.0 5.6544e+00 -4.9713e-02 0.0000e+00 0.0000e+00 -4.9713e-02 5.4426e+00 0.0000e+00 0.0000e+00 0.0000e+00 0.0000e+00 5.3934e+00 3.1088e-02 0.0000e+00 0.0000e+00 -3.1088e-02 5.4420e+00 
41.0 5.3532e+00 -5.3650e-02 0.0000e+00 0.0000e+00 -5.3650e-02 5.1403e+00 0.0000e+00 0.0000e+00 0.0000e+00 0.0000e+00 5.0803e+00 4.3266e-02 0.0000e+00 0.0000e+00 -4.3266e-02 5.1318e+00 
42.0 5.0722e+00 -5.7791e-02 0.0000e+00 0.0000e+00 -5.7791e-02 4.8582e+00 0.0000e+00 0.0000e+00 0.0000e+00 0.0000e+00 4.7880e+00 5.4885e-02 0.0000e+00 0.0000e+00 -5.4885e-02 4.8421e+00 
43.0 4.8099e+00 -6.2106e-02 0.0000e+00 0.0000e+00 -6.2106e-02 4.5949e+00 0.0000e+00 0.0000e+00 0.0000e+00 0.0000e+00 4.5148e+00 6.5926e-02 0.0000e+00 0.0000e+00 -6.5926e-02 4.5715e+00 
44.0 4.5650e+00 -6.6532e-02 0.0000e+00 0.0000e+00 -6.6532e-02 4.3491e+00 0.0000e+00 0.0000e+00 0.0000e+00 0.0000e+00 4.2594e+00 7.6396e-02 0.0000e+00 0.0000e+00 -7.6396e-02 4.3185e+00 
45.0 4.3362e+00 -7.1012e-02 0.0000e+00 0.0000e+00 -7.1012e-02 4.1194e+00 0.0000e+00 0.0000e+00 0.0000e+00 0.0000e+00 4.0203e+00 8.6340e-02 0.0000e+00 0.0000e+00 -8.6340e-02 4.0819e+00 
46.0 4.1221e+00 -7.5501e-02 0.0000e+00 0.0000e+00 -7.5501e-02 3.9046e+00 0.0000e+00 0.0000e+00 0.0000e+00 0.0000e+00 3.7965e+00 9.5830e-02 0.0000e+00 0.0000e+00 -9.5830e-02 3.8603e+00 
47.0 3.9219e+00 -7.9974e-02 0.0000e+00 0.0000e+00 -7.9974e-02 3.7035e+00 0.0000e+00 0.0000e+00 0.0000e+00 0.0000e+00 3.5867e+00 1.0495e-01 0.0000e+00 0.0000e+00 -1.0495e-01 3.6528e+00 
48.0 3.7344e+00 -8.4421e-02 0.0000e+00 0.0000e+00 -8.4421e-02 3.5154e+00 0.0000e+00 0.0000e+00 0.0000e+00 0.0000e+00 3.3901e+00 1.1376e-01 0.0000e+00 0.0000e+00 -1.1376e-01 3.4583e+00 
49.0 3.5589e+00 -8.8836e-02 0.0000e+00 0.0000e+00 -8.8836e-02 3.3392e+00 0.0000e+00 0.0000e+00 0.0000e+00 0.0000e+00 3.2058e+00 1.2232e-01 0.0000e+00 0.0000e+00 -1.2232e-01 3.2761e+00 
50.0 3.3945e+00 -9.3217e-02 0.0000e+00 0.0000e+00 -9.3217e-02 3.1741e+00 0.0000e+00 0.0000e+00 0.0000e+00 0.0000e+00 3.0329e+00 1.3064e-01 0.0000e+00 0.0000e+00 -1.3064e-01 3.1052e+00 
51.0 3.2406e+00 -9.7560e-02 0.0000e+00 0.0000e+00 -9.7560e-02 3.0195e+00 0.0000e+00 0.0000e+00 0.0000e+00 0.0000e+00 2.8706e+00 1.3873e-01 0.0000e+00 0.0000e+00 -1.3873e-01 2.9449e+00 
52.0 3.0963e+00 -1.0187e-01 0.0000e+00 0.0000e+00 -1.0187e-01 2.8746e+00 0.0000e+00 0.0000e+00 0.0000e+00 0.0000e+00 2.7183e+00 1.4662e-01 0.0000e+00 0.0000e+00 -1.4662e-01 2.7945e+00 
53.0 2.9610e+00 -1.0613e-01 0.0000e+00 0.0000e+00 -1.0613e-01 2.7387e+00 0.0000e+00 0.0000e+00 0.0000e+00 0.0000e+00 2.5752e+00 1.5433e-01 0.0000e+00 0.0000e+00 -1.5433e-01 2.6533e+00 
54.0 2.8343e+00 -1.1037e-01 0.0000e+00 0.0000e+00 -1.1037e-01 2.6114e+00 0.0000e+00 0.0000e+00 0.0000e+00 0.0000e+00 2.4408e+00 1.6190e-01 0.0000e+00 0.0000e+00 -1.6190e-01 2.5207e+00 
55.0 2.7156e+00 -1.1457e-01 0.0000e+00 0.0000e+00 -1.1457e-01 2.4921e+00 0.0000e+00 0.0000e+00 0.0000e+00 0.0000e+00 2.3145e+00 1.6936e-01 0.0000e+00 0.0000e+00 -1.6936e-01 2.3963e+00 
56.0 2.6045e+00 -1.1873e-01 0.0000e+00 0.0000e+00 -1.1873e-01 2.3803e+00 0.0000e+00 0.0000e+00 0.0000e+00 0.0000e+00 2.1959e+00 1.7673e-01 0.0000e+00 0.0000e+00 -1.7673e-01 2.2794e+00 
57.0 2.5004e+00 -1.2285e-01 0.0000e+00 0.0000e+00 -1.2285e-01 2.2756e+00 0.0000e+00 0.0000e+00 0.0000e+00 0.0000e+00 2.0844e+00 1.8400e-01 0.0000e+00 0.0000e+00 -1.8400e-01 2.1697e+00 
58.0 2.4030e+00 -1.2691e-01 0.0000e+00 0.0000e+00 -1.2691e-01 2.1776e+00 0.0000e+00 0.0000e+00 0.0000e+00 0.0000e+00 1.9796e+00 1.9118e-01 0.0000e+00 0.0000e+00 -1.9118e-01 2.0666e+00 
59.0 2.3118e+00 -1.3091e-01 0.0000e+00 0.0000e+00 -1.3091e-01 2.0858e+00 0.0000e+00 0.0000e+00 0.0000e+00 0.0000e+00 1.8811e+00 1.9827e-01 0.0000e+00 0.0000e+00 -1.9827e-01 1.9698e+00 
60.0 2.2265e+00 -1.3485e-01 0.0000e+00 0.0000e+00 -1.3485e-01 1.9997e+00 0.0000e+00 0.0000e+00 0.0000e+00 0.0000e+00 1.7884e+00 2.0527e-01 0.0000e+00 0.0000e+00 -2.0527e-01 1.8789e+00 
61.0 2.1465e+00 -1.3873e-01 0.0000e+00 0.0000e+00 -1.3873e-01 1.9191e+00 0.0000e+00 0.0000e+00 0.0000e+00 0.0000e+00 1.7011e+00 2.1217e-01 0.0000e+00 0.0000e+00 -2.1217e-01 1.7934e+00 
62.0 2.0717e+00 -1.4258e-01 0.0000e+00 0.0000e+00 -1.4258e-01 1.8436e+00 0.0000e+00 0.0000e+00 0.0000e+00 0.0000e+00 1.6190e+00 2.1895e-01 0.0000e+00 0.0000e+00 -2.1895e-01 1.7131e+00 
63.0 2.0016e+00 -1.4640e-01 0.0000e+00 0.0000e+00 -1.4640e-01 1.7727e+00 0.0000e+00 0.0000e+00 0.0000e+00 0.0000e+00 1.5416e+00 2.2560e-01 0.0000e+00 0.0000e+00 -2.2560e-01 1.6375e+00 
64.0 1.9359e+00 -1.5019e-01 0.0000e+00 0.0000e+00 -1.5019e-01 1.7062e+00 0.0000e+00 0.0000e+00 0.0000e+00 0.0000e+00 1.4687e+00 2.3207e-01 0.0000e+00 0.0000e+00 -2.3207e-01 1.5664e+00 
65.0 1.8743e+00 -1.5393e-01 0.0000e+00 0.0000e+00 -1.5393e-01 1.6439e+00 0.0000e+00 0.0000e+00 0.0000e+00 0.0000e+00 1.3999e+00 2.3835e-01 0.0000e+00 0.0000e+00 -2.3835e-01 1.4995e+00 
66.0 1.8165e+00 -1.5761e-01 0.0000e+00 0.0000e+00 -1.5761e-01 1.5853e+00 0.0000e+00 0.0000e+00 0.0000e+00 0.0000e+00 1.3349e+00 2.4440e-01 0.0000e+00 0.0000e+00 -2.4440e-01 1.4364e+00 
67.0 1.7622e+00 -1.6121e-01 0.0000e+00 0.0000e+00 -1.6121e-01 1.5303e+00 0.0000e+00 0.0000e+00 0.0000e+00 0.0000e+00 1.2736e+00 2.5018e-01 0.0000e+00 0.0000e+00 -2.5018e-01 1.3771e+00 
68.0 1.7112e+00 -1.6471e-01 0.0000e+00 0.0000e+00 -1.6471e-01 1.4784e+00 0.0000e+00 0.0000e+00 0.0000e+00 0.0000e+00 1.2156e+00 2.5567e-01 0.0000e+00 0.0000e+00 -2.5567e-01 1.3211e+00 
69.0 1.6632e+00 -1.6811e-01 0.0000e+00 0.0000e+00 -1.6811e-01 1.4296e+00 0.0000e+00 0.0000e+00 0.0000e+00 0.0000e+00 1.1607e+00 2.6083e-01 0.0000e+00 0.0000e+00 -2.6083e-01 1.2682e+00 
70.0 1.6180e+00 -1.7143e-01 0.0000e+00 0.0000e+00 -1.7143e-01 1.3835e+00 0.0000e+00 0.0000e+00 0.0000e+00 0.0000e+00 1.1085e+00 2.6565e-01 0.0000e+00 0.0000e+00 -2.6565e-01 1.2182e+00 
71.0 1.5752e+00 -1.7464e-01 0.0000e+00 0.0000e+00 -1.7464e-01 1.3398e+00 0.0000e+00 0.0000e+00 0.0000e+00 0.0000e+00 1.0590e+00 2.7009e-01 0.0000e+00 0.0000e+00 -2.7009e-01 1.1708e+00 
72.0 1.5347e+00 -1.7773e-01 0.0000e+00 0.0000e+00 -1.7773e-01 1.2985e+00 0.0000e+00 0.0000e+00 0.0000e+00 0.0000e+00 1.0119e+00 2.7414e-01 0.0000e+00 0.0000e+00 -2.7414e-01 1.1259e+00 
73.0 1.4964e+00 -1.8069e-01 0.0000e+00 0.0000e+00 -1.8069e-01 1.2593e+00 0.0000e+00 0.0000e+00 0.0000e+00 0.0000e+00 9.6709e-01 2.7779e-01 0.0000e+00 0.0000e+00 -2.7779e-01 1.0832e+00 
74.0 1.4601e+00 -1.8350e-01 0.0000e+00 0.0000e+00 -1.8350e-01 1.2221e+00 0.0000e+00 0.0000e+00 0.0000e+00 0.0000e+00 9.2433e-01 2.8103e-01 0.0000e+00 0.0000e+00 -2.8103e-01 1.0427e+00 
75.0 1.4255e+00 -1.8616e-01 0.0000e+00 0.0000e+00 -1.8616e-01 1.1867e+00 0.0000e+00 0.0000e+00 0.0000e+00 0.0000e+00 8.8351e-01 2.8386e-01 0.0000e+00 0.0000e+00 -2.8386e-01 1.0041e+00 
76.0 1.3926e+00 -1.8865e-01 0.0000e+00 0.0000e+00 -1.8865e-01 1.1530e+00 0.0000e+00 0.0000e+00 0.0000e+00 0.0000e+00 8.4450e-01 2.8627e-01 0.0000e+00 0.0000e+00 -2.8627e-01 9.6734e-01 
77.0 1.3613e+00 -1.9097e-01 0.0000e+00 0.0000e+00 -1.9097e-01 1.1209e+00 0.0000e+00 0.0000e+00 0.0000e+00 0.0000e+00 8.0717e-01 2.8827e-01 0.0000e+00 0.0000e+00 -2.8827e-01 9.3223e-01 
78.0 1.3314e+00 -1.9311e-01 0.0000e+00 0.0000e+00 -1.9311e-01 1.0902e+00 0.0000e+00 0.0000e+00 0.0000e+00 0.0000e+00 7.7140e-01 2.8987e-01 0.0000e+00 0.0000e+00 -2.8987e-01 8.9867e-01 
79.0 1.3028e+00 -1.9508e-01 0.0000e+00 0.0000e+00 -1.9508e-01 1.0609e+00 0.0000e+00 0.0000e+00 0.0000e+00 0.0000e+00 7.3709e-01 2.9108e-01 0.0000e+00 0.0000e+00 -2.9108e-01 8.6653e-01 
80.0 1.2755e+00 -1.9685e-01 0.0000e+00 0.0000e+00 -1.9685e-01 1.0329e+00 0.0000e+00 0.0000e+00 0.0000e+00 0.0000e+00 7.0413e-01 2.9190e-01 0.0000e+00 0.0000e+00 -2.9190e-01 8.3573e-01 
81.0 1.2492e+00 -1.9843e-01 0.0000e+00 0.0000e+00 -1.9843e-01 1.0060e+00 0.0000e+00 0.0000e+00 0.0000e+00 0.0000e+00 6.7244e-01 2.9236e-01 0.0000e+00 0.0000e+00 -2.9236e-01 8.0616e-01 
82.0 1.2241e+00 -1.9981e-01 0.0000e+00 0.0000e+00 -1.9981e-01 9.8026e-01 0.0000e+00 0.0000e+00 0.0000e+00 0.0000e+00 6.4194e-01 2.9245e-01 0.0000e+00 0.0000e+00 -2.9245e-01 7.7773e-01 
83.0 1.1999e+00 -2.0098e-01 0.0000e+00 0.0000e+00 -2.0098e-01 9.5554e-01 0.0000e+00 0.0000e+00 0.0000e+00 0.0000e+00 6.1255e-01 2.9221e-01 0.0000e+00 0.0000e+00 -2.9221e-01 7.5038e-01 
84.0 1.1766e+00 -2.0196e-01 0.0000e+00 0.0000e+00 -2.0196e-01 9.3179e-01 0.0000e+00 0.0000e+00 0.0000e+00 0.0000e+00 5.8420e-01 2.9163e-01 0.0000e+00 0.0000e+00 -2.9163e-01 7.2404e-01 
85.0 1.1542e+00 -2.0273e-01 0.0000e+00 0.0000e+00 -2.0273e-01 9.0895e-01 0.0000e+00 0.0000e+00 0.0000e+00 0.0000e+00 5.5683e-01 2.9075e-01 0.0000e+00 0.0000e+00 -2.9075e-01 6.9862e-01 
86.0 1.1326e+00 -2.0331e-01 0.0000e+00 0.0000e+00 -2.0331e-01 8.8697e-01 0.0000e+00 0.0000e+00 0.0000e+00 0.0000e+00 5.3039e-01 2.8958e-01 0.0000e+00 0.0000e+00 -2.8958e-01 6.7409e-01 
87.0 1.1119e+00 -2.0368e-01 0.0000e+00 0.0000e+00 -2.0368e-01 8.6582e-01 0.0000e+00 0.0000e+00 0.0000e+00 0.0000e+00 5.0481e-01 2.8815e-01 0.0000e+00 0.0000e+00 -2.8815e-01 6.5038e-01 
88.0 1.0919e+00 -2.0385e-01 0.0000e+00 0.0000e+00 -2.0385e-01 8.4545e-01 0.0000e+00 0.0000e+00 0.0000e+00 0.0000e+00 4.8005e-01 2.8648e-01 0.0000e+00 0.0000e+00 -2.8648e-01 6.2745e-01 
89.0 1.0726e+00 -2.0383e-01 0.0000e+00 0.0000e+00 -2.0383e-01 8.2581e-01 0.0000e+00 0.0000e+00 0.0000e+00 0.0000e+00 4.5607e-01 2.8458e-01 0.0000e+00 0.0000e+00 -2.8458e-01 6.0525e-01 
90.0 1.0540e+00 -2.0361e-01 0.0000e+00 0.0000e+00 -2.0361e-01 8.0688e-01 0.0000e+00 0.0000e+00 0.0000e+00 0.0000e+00 4.3281e-01 2.8248e-01 0.0000e+00 0.0000e+00 -2.8248e-01 5.8374e-01 
91.0 1.0360e+00 -2.0320e-01 0.0000e+00 0.0000e+00 -2.0320e-01 7.8862e-01 0.0000e+00 0.0000e+00 0.0000e+00 0.0000e+00 4.1023e-01 2.8020e-01 0.0000e+00 0.0000e+00 -2.8020e-01 5.6289e-01 
92.0 1.0187e+00 -2.0262e-01 0.0000e+00 0.0000e+00 -2.0262e-01 7.7098e-01 0.0000e+00 0.0000e+00 0.0000e+00 0.0000e+00 3.8828e-01 2.7774e-01 0.0000e+00 0.0000e+00 -2.7774e-01 5.4264e-01 
93.0 1.0020e+00 -2.0186e-01 0.0000e+00 0.0000e+00 -2.0186e-01 7.5395e-01 0.0000e+00 0.0000e+00 0.0000e+00 0.0000e+00 3.6694e-01 2.7514e-01 0.0000e+00 0.0000e+00 -2.7514e-01 5.2298e-01 
94.0 9.8584e-01 -2.0093e-01 0.0000e+00 0.0000e+00 -2.0093e-01 7.3750e-01 0.0000e+00 0.0000e+00 0.0000e+00 0.0000e+00 3.4618e-01 2.7240e-01 0.0000e+00 0.0000e+00 -2.7240e-01 5.0387e-01 
95.0 9.7025e-01 -1.9984e-01 0.0000e+00 0.0000e+00 -1.9984e-01 7.2161e-01 0.0000e+00 0.0000e+00 0.0000e+00 0.0000e+00 3.2596e-01 2.6953e-01 0.0000e+00 0.0000e+00 -2.6953e-01 4.8527e-01 
96.0 9.5519e-01 -1.9859e-01 0.0000e+00 0.0000e+00 -1.9859e-01 7.0627e-01 0.0000e+00 0.0000e+00 0.0000e+00 0.0000e+00 3.0628e-01 2.6656e-01 0.0000e+00 0.0000e+00 -2.6656e-01 4.6717e-01 
97.0 9.4065e-01 -1.9719e-01 0.0000e+00 0.0000e+00 -1.9719e-01 6.9146e-01 0.0000e+00 0.0000e+00 0.0000e+00 0.0000e+00 2.8711e-01 2.6349e-01 0.0000e+00 0.0000e+00 -2.6349e-01 4.4953e-01 
98.0 9.2661e-01 -1.9564e-01 0.0000e+00 0.0000e+00 -1.9564e-01 6.7718e-01 0.0000e+00 0.0000e+00 0.0000e+00 0.0000e+00 2.6844e-01 2.6034e-01 0.0000e+00 0.0000e+00 -2.6034e-01 4.3234e-01 
99.0 9.1305e-01 -1.9394e-01 0.0000e+00 0.0000e+00 -1.9394e-01 6.6341e-01 0.0000e+00 0.0000e+00 0.0000e+00 0.0000e+00 2.5025e-01 2.5713e-01 0.0000e+00 0.0000e+00 -2.5713e-01 4.1557e-01 
100.0 8.9995e-01 -1.9210e-01 0.0000e+00 0.0000e+00 -1.9210e-01 6.5014e-01 0.0000e+00 0.0000e+00 0.0000e+00 0.0000e+00 2.3253e-01 2.5386e-01 0.0000e+00 0.0000e+00 -2.5386e-01 3.9920e-01 
101.0 8.8731e-01 -1.9013e-01 0.0000e+00 0.0000e+00 -1.9013e-01 6.3738e-01 0.0000e+00 0.0000e+00 0.0000e+00 0.0000e+00 2.1525e-01 2.5056e-01 0.0000e+00 0.0000e+00 -2.5056e-01 3.8321e-01 
102.0 8.7512e-01 -1.8804e-01 0.0000e+00 0.0000e+00 -1.8804e-01 6.2510e-01 0.0000e+00 0.0000e+00 0.0000e+00 0.0000e+00 1.9841e-01 2.4723e-01 0.0000e+00 0.0000e+00 -2.4723e-01 3.6758e-01 
103.0 8.6337e-01 -1.8582e-01 0.0000e+00 0.0000e+00 -1.8582e-01 6.1331e-01 0.0000e+00 0.0000e+00 0.0000e+00 0.0000e+00 1.8200e-01 2.4389e-01 0.0000e+00 0.0000e+00 -2.4389e-01 3.5232e-01 
104.0 8.5205e-01 -1.8349e-01 0.0000e+00 0.0000e+00 -1.8349e-01 6.0200e-01 0.0000e+00 0.0000e+00 0.0000e+00 0.0000e+00 1.6601e-01 2.4055e-01 0.0000e+00 0.0000e+00 -2.4055e-01 3.3739e-01 
105.0 8.4117e-01 -1.8103e-01 0.0000e+00 0.0000e+00 -1.8103e-01 5.9115e-01 0.0000e+00 0.0000e+00 0.0000e+00 0.0000e+00 1.5044e-01 2.3722e-01 0.0000e+00 0.0000e+00 -2.3722e-01 3.2282e-01 
106.0 8.3071e-01 -1.7844e-01 0.0000e+00 0.0000e+00 -1.7844e-01 5.8078e-01 0.0000e+00 0.0000e+00 0.0000e+00 0.0000e+00 1.3529e-01 2.3390e-01 0.0000e+00 0.0000e+00 -2.3390e-01 3.0859e-01 
107.0 8.2069e-01 -1.7572e-01 0.0000e+00 0.0000e+00 -1.7572e-01 5.7086e-01 0.0000e+00 0.0000e+00 0.0000e+00 0.0000e+00 1.2055e-01 2.3061e-01 0.0000e+00 0.0000e+00 -2.3061e-01 2.9471e-01 
108.0 8.1109e-01 -1.7288e-01 0.0000e+00 0.0000e+00 -1.7288e-01 5.6140e-01 0.0000e+00 0.0000e+00 0.0000e+00 0.0000e+00 1.0621e-01 2.2736e-01 0.0000e+00 0.0000e+00 -2.2736e-01 2.8116e-01 
109.0 8.0190e-01 -1.6992e-01 0.0000e+00 0.0000e+00 -1.6992e-01 5.5238e-01 0.0000e+00 0.0000e+00 0.0000e+00 0.0000e+00 9.2252e-02 2.2414e-01 0.0000e+00 0.0000e+00 -2.2414e-01 2.6795e-01 
110.0 7.9311e-01 -1.6684e-01 0.0000e+00 0.0000e+00 -1.6684e-01 5.4376e-01 0.0000e+00 0.0000e+00 0.0000e+00 0.0000e+00 7.8659e-02 2.2096e-01 0.0000e+00 0.0000e+00 -2.2096e-01 2.5507e-01 
111.0 7.8469e-01 -1.6367e-01 0.0000e+00 0.0000e+00 -1.6367e-01 5.3551e-01 0.0000e+00 0.0000e+00 0.0000e+00 0.0000e+00 6.5408e-02 2.1782e-01 0.0000e+00 0.0000e+00 -2.1782e-01 2.4249e-01 
112.0 7.7661e-01 -1.6041e-01 0.0000e+00 0.0000e+00 -1.6041e-01 5.2760e-01 0.0000e+00 0.0000e+00 0.0000e+00 0.0000e+00 5.2475e-02 2.1471e-01 0.0000e+00 0.0000e+00 -2.1471e-01 2.3022e-01 
113.0 7.6888e-01 -1.5707e-01 0.0000e+00 0.0000e+00 -1.5707e-01 5.2000e-01 0.0000e+00 0.0000e+00 0.0000e+00 0.0000e+00 3.9842e-02 2.1162e-01 0.0000e+00 0.0000e+00 -2.1162e-01 2.1823e-01 
114.0 7.6148e-01 -1.5365e-01 0.0000e+00 0.0000e+00 -1.5365e-01 5.1270e-01 0.0000e+00 0.0000e+00 0.0000e+00 0.0000e+00 2.7495e-02 2.0855e-01 0.0000e+00 0.0000e+00 -2.0855e-01 2.0651e-01 
115.0 7.5440e-01 -1.5017e-01 0.0000e+00 0.0000e+00 -1.5017e-01 5.0570e-01 0.0000e+00 0.0000e+00 0.0000e+00 0.0000e+00 1.5427e-02 2.0550e-01 0.0000e+00 0.0000e+00 -2.0550e-01 1.9508e-01 
116.0 7.4766e-01 -1.4661e-01 0.0000e+00 0.0000e+00 -1.4661e-01 4.9900e-01 0.0000e+00 0.0000e+00 0.0000e+00 0.0000e+00 3.6405e-03 2.0248e-01 0.0000e+00 0.0000e+00 -2.0248e-01 1.8392e-01 
117.0 7.4126e-01 -1.4300e-01 0.0000e+00 0.0000e+00 -1.4300e-01 4.9261e-01 0.0000e+00 0.0000e+00 0.0000e+00 0.0000e+00 -7.8617e-03 1.9948e-01 0.0000e+00 0.0000e+00 -1.9948e-01 1.7304e-01 
118.0 7.3519e-01 -1.3932e-01 0.0000e+00 0.0000e+00 -1.3932e-01 4.8652e-01 0.0000e+00 0.0000e+00 0.0000e+00 0.0000e+00 -1.9078e-02 1.9653e-01 0.0000e+00 0.0000e+00 -1.9653e-01 1.6245e-01 
119.0 7.2944e-01 -1.3561e-01 0.0000e+00 0.0000e+00 -1.3561e-01 4.8071e-01 0.0000e+00 0.0000e+00 0.0000e+00 0.0000e+00 -3.0015e-02 1.9361e-01 0.0000e+00 0.0000e+00 -1.9361e-01 1.5214e-01 
120.0 7.2398e-01 -1.3187e-01 0.0000e+00 0.0000e+00 -1.3187e-01 4.7517e-01 0.0000e+00 0.0000e+00 0.0000e+00 0.0000e+00 -4.0685e-02 1.9072e-01 0.0000e+00 0.0000e+00 -1.9072e-01 1.4210e-01 
121.0 7.1879e-01 -1.2812e-01 0.0000e+00 0.0000e+00 -1.2812e-01 4.6986e-01 0.0000e+00 0.0000e+00 0.0000e+00 0.0000e+00 -5.1102e-02 1.8783e-01 0.0000e+00 0.0000e+00 -1.8783e-01 1.3231e-01 
122.0 7.1384e-01 -1.2435e-01 0.0000e+00 0.0000e+00 -1.2435e-01 4.6475e-01 0.0000e+00 0.0000e+00 0.0000e+00 0.0000e+00 -6.1278e-02 1.8492e-01 0.0000e+00 0.0000e+00 -1.8492e-01 1.2277e-01 
123.0 7.0913e-01 -1.2057e-01 0.0000e+00 0.0000e+00 -1.2057e-01 4.5985e-01 0.0000e+00 0.0000e+00 0.0000e+00 0.0000e+00 -7.1225e-02 1.8199e-01 0.0000e+00 0.0000e+00 -1.8199e-01 1.1346e-01 
124.0 7.0464e-01 -1.1678e-01 0.0000e+00 0.0000e+00 -1.1678e-01 4.5515e-01 0.0000e+00 0.0000e+00 0.0000e+00 0.0000e+00 -8.0949e-02 1.7902e-01 0.0000e+00 0.0000e+00 -1.7902e-01 1.0439e-01 
125.0 7.0038e-01 -1.1295e-01 0.0000e+00 0.0000e+00 -1.1295e-01 4.5065e-01 0.0000e+00 0.0000e+00 0.0000e+00 0.0000e+00 -9.0453e-02 1.7602e-01 0.0000e+00 0.0000e+00 -1.7602e-01 9.5547e-02 
126.0 6.9635e-01 -1.0910e-01 0.0000e+00 0.0000e+00 -1.0910e-01 4.4638e-01 0.0000e+00 0.0000e+00 0.0000e+00 0.0000e+00 -9.9739e-02 1.7300e-01 0.0000e+00 0.0000e+00 -1.7300e-01 8.6924e-02 
127.0 6.9256e-01 -1.0522e-01 0.0000e+00 0.0000e+00 -1.0522e-01 4.4230e-01 0.0000e+00 0.0000e+00 0.0000e+00 0.0000e+00 -1.0882e-01 1.6994e-01 0.0000e+00 0.0000e+00 -1.6994e-01 7.8512e-02 
128.0 6.8898e-01 -1.0131e-01 0.0000e+00 0.0000e+00 -1.0131e-01 4.3842e-01 0.0000e+00 0.0000e+00 0.0000e+00 0.0000e+00 -1.1771e-01 1.6684e-01 0.0000e+00 0.0000e+00 -1.6684e-01 7.0295e-02 
129.0 6.8562e-01 -9.7371e-02 0.0000e+00 0.0000e+00 -9.7371e-02 4.3471e-01 0.0000e+00 0.0000e+00 0.0000e+00 0.0000e+00 -1.2643e-01 1.6367e-01 0.0000e+00 0.0000e+00 -1.6367e-01 6.2252e-02 
130.0 6.8246e-01 -9.3394e-02 0.0000e+00 0.0000e+00 -9.3394e-02 4.3116e-01 0.0000e+00 0.0000e+00 0.0000e+00 0.0000e+00 -1.3501e-01 1.6043e-01 0.0000e+00 0.0000e+00 -1.6043e-01 5.4360e-02 
131.0 6.7952e-01 -8.9371e-02 0.0000e+00 0.0000e+00 -8.9371e-02 4.2777e-01 0.0000e+00 0.0000e+00 0.0000e+00 0.0000e+00 -1.4347e-01 1.5712e-01 0.0000e+00 0.0000e+00 -1.5712e-01 4.6601e-02 
132.0 6.7681e-01 -8.5290e-02 0.0000e+00 0.0000e+00 -8.5290e-02 4.2456e-01 0.0000e+00 0.0000e+00 0.0000e+00 0.0000e+00 -1.5182e-01 1.5375e-01 0.0000e+00 0.0000e+00 -1.5375e-01 3.8965e-02 
133.0 6.7436e-01 -8.1148e-02 0.0000e+00 0.0000e+00 -8.1148e-02 4.2156e-01 0.0000e+00 0.0000e+00 0.0000e+00 0.0000e+00 -1.6007e-01 1.5037e-01 0.0000e+00 0.0000e+00 -1.5037e-01 3.1445e-02 
134.0 6.7220e-01 -7.6948e-02 0.0000e+00 0.0000e+00 -7.6948e-02 4.1880e-01 0.0000e+00 0.0000e+00 0.0000e+00 0.0000e+00 -1.6823e-01 1.4699e-01 0.0000e+00 0.0000e+00 -1.4699e-01 2.4039e-02 
135.0 6.7033e-01 -7.2699e-02 0.0000e+00 0.0000e+00 -7.2699e-02 4.1628e-01 0.0000e+00 0.0000e+00 0.0000e+00 0.0000e+00 -1.7628e-01 1.4363e-01 0.0000e+00 0.0000e+00 -1.4363e-01 1.6746e-02 
136.0 6.6875e-01 -6.8408e-02 0.0000e+00 0.0000e+00 -6.8408e-02 4.1403e-01 0.0000e+00 0.0000e+00 0.0000e+00 0.0000e+00 -1.8422e-01 1.4031e-01 0.0000e+00 0.0000e+00 -1.4031e-01 9.5627e-03 
137.0 6.6749e-01 -6.4080e-02 0.0000e+00 0.0000e+00 -6.4080e-02 4.1206e-01 0.0000e+00 0.0000e+00 0.0000e+00 0.0000e+00 -1.9204e-01 1.3702e-01 0.0000e+00 0.0000e+00 -1.3702e-01 2.4855e-03 
138.0 6.6654e-01 -5.9718e-02 0.0000e+00 0.0000e+00 -5.9718e-02 4.1042e-01 0.0000e+00 0.0000e+00 0.0000e+00 0.0000e+00 -1.9975e-01 1.3379e-01 0.0000e+00 0.0000e+00 -1.3379e-01 -4.4938e-03 
139.0 6.6591e-01 -5.5334e-02 0.0000e+00 0.0000e+00 -5.5334e-02 4.0912e-01 0.0000e+00 0.0000e+00 0.0000e+00 0.0000e+00 -2.0733e-01 1.3063e-01 0.0000e+00 0.0000e+00 -1.3063e-01 -1.1388e-02 
140.0 6.6560e-01 -5.0945e-02 0.0000e+00 0.0000e+00 -5.0945e-02 4.0817e-01 0.0000e+00 0.0000e+00 0.0000e+00 0.0000e+00 -2.1480e-01 1.2758e-01 0.0000e+00 0.0000e+00 -1.2758e-01 -1.8210e-02 
141.0 6.6560e-01 -4.6569e-02 0.0000e+00 0.0000e+00 -4.6569e-02 4.0758e-01 0.0000e+00 0.0000e+00 0.0000e+00 0.0000e+00 -2.2215e-01 1.2463e-01 0.0000e+00 0.0000e+00 -1.2463e-01 -2.4969e-02 
142.0 6.6591e-01 -4.2218e-02 0.0000e+00 0.0000e+00 -4.2218e-02 4.0735e-01 0.0000e+00 0.0000e+00 0.0000e+00 0.0000e+00 -2.2938e-01 1.2181e-01 0.0000e+00 0.0000e+00 -1.2181e-01 -3.1667e-02 
143.0 6.6653e-01 -3.7897e-02 0.0000e+00 0.0000e+00 -3.7897e-02 4.0747e-01 0.0000e+00 0.0000e+00 0.0000e+00 0.0000e+00 -2.3648e-01 1.1912e-01 0.0000e+00 0.0000e+00 -1.1912e-01 -3.8300e-02 
144.0 6.6744e-01 -3.3614e-02 0.0000e+00 0.0000e+00 -3.3614e-02 4.0792e-01 0.0000e+00 0.0000e+00 0.0000e+00 0.0000e+00 -2.4344e-01 1.1655e-01 0.0000e+00 0.0000e+00 -1.1655e-01 -4.4865e-02 
145.0 6.6861e-01 -2.9374e-02 0.0000e+00 0.0000e+00 -2.9374e-02 4.0865e-01 0.0000e+00 0.0000e+00 0.0000e+00 0.0000e+00 -2.5028e-01 1.1406e-01 0.0000e+00 0.0000e+00 -1.1406e-01 -5.1356e-02 
146.0 6.6999e-01 -2.5175e-02 0.0000e+00 0.0000e+00 -2.5175e-02 4.0960e-01 0.0000e+00 0.0000e+00 0.0000e+00 0.0000e+00 -2.5699e-01 1.1160e-01 0.0000e+00 0.0000e+00 -1.1160e-01 -5.7771e-02 
147.0 6.7157e-01 -2.1007e-02 0.0000e+00 0.0000e+00 -2.1007e-02 4.1078e-01 0.0000e+00 0.0000e+00 0.0000e+00 0.0000e+00 -2.6360e-01 1.0915e-01 0.0000e+00 0.0000e+00 -1.0915e-01 -6.4111e-02 
148.0 6.7339e-01 -1.6859e-02 0.0000e+00 0.0000e+00 -1.6859e-02 4.1219e-01 0.0000e+00 0.0000e+00 0.0000e+00 0.0000e+00 -2.7011e-01 1.0673e-01 0.0000e+00 0.0000e+00 -1.0673e-01 -7.0372e-02 
149.0 6.7551e-01 -1.2731e-02 0.0000e+00 0.0000e+00 -1.2731e-02 4.1392e-01 0.0000e+00 0.0000e+00 0.0000e+00 0.0000e+00 -2.7650e-01 1.0440e-01 0.0000e+00 0.0000e+00 -1.0440e-01 -7.6545e-02 
150.0 6.7797e-01 -8.6367e-03 0.0000e+00 0.0000e+00 -8.6367e-03 4.1603e-01 0.0000e+00 0.0000e+00 0.0000e+00 0.0000e+00 -2.8278e-01 1.0221e-01 0.0000e+00 0.0000e+00 -1.0221e-01 -8.2612e-02 
151.0 6.8081e-01 -4.5958e-03 0.0000e+00 0.0000e+00 -4.5958e-03 4.1854e-01 0.0000e+00 0.0000e+00 0.0000e+00 0.0000e+00 -2.8890e-01 1.0020e-01 0.0000e+00 0.0000e+00 -1.0020e-01 -8.8553e-02 
152.0 6.8402e-01 -6.2286e-04 0.0000e+00 0.0000e+00 -6.2286e-04 4.2144e-01 0.0000e+00 0.0000e+00 0.0000e+00 0.0000e+00 -2.9487e-01 9.8331e-02 0.0000e+00 0.0000e+00 -9.8331e-02 -9.4353e-02 
153.0 6.8755e-01 3.2843e-03 0.0000e+00 0.0000e+00 3.2843e-03 4.2469e-01 0.0000e+00 0.0000e+00 0.0000e+00 0.0000e+00 -3.0068e-01 9.6560e-02 0.0000e+00 0.0000e+00 -9.6560e-02 -1.0001e-01 
154.0 6.9139e-01 7.1522e-03 0.0000e+00 0.0000e+00 7.1522e-03 4.2823e-01 0.0000e+00 0.0000e+00 0.0000e+00 0.0000e+00 -3.0633e-01 9.4828e-02 0.0000e+00 0.0000e+00 -9.4828e-02 -1.0551e-01 
155.0 6.9555e-01 1.1033e-02 0.0000e+00 0.0000e+00 1.1033e-02 4.3213e-01 0.0000e+00 0.0000e+00 0.0000e+00 0.0000e+00 -3.1178e-01 9.3108e-02 0.0000e+00 0.0000e+00 -9.3108e-02 -1.1086e-01 
156.0 7.0011e-01 1.4988e-02 0.0000e+00 0.0000e+00 1.4988e-02 4.3652e-01 0.0000e+00 0.0000e+00 0.0000e+00 0.0000e+00 -3.1699e-01 9.1408e-02 0.0000e+00 0.0000e+00 -9.1408e-02 -1.1606e-01 
157.0 7.0511e-01 1.9057e-02 0.0000e+00 0.0000e+00 1.9057e-02 4.4154e-01 0.0000e+00 0.0000e+00 0.0000e+00 0.0000e+00 -3.2189e-01 8.9716e-02 0.0000e+00 0.0000e+00 -8.9716e-02 -1.2113e-01 
158.0 7.1047e-01 2.3242e-02 0.0000e+00 0.0000e+00 2.3242e-02 4.4723e-01 0.0000e+00 0.0000e+00 0.0000e+00 0.0000e+00 -3.2638e-01 8.7938e-02 0.0000e+00 0.0000e+00 -8.7938e-02 -1.2612e-01 
159.0 7.1595e-01 2.7501e-02 0.0000e+00 0.0000e+00 2.7501e-02 4.5347e-01 0.0000e+00 0.0000e+00 0.0000e+00 0.0000e+00 -3.3043e-01 8.5874e-02 0.0000e+00 0.0000e+00 -8.5874e-02 -1.3110e-01 
160.0 7.2126e-01 3.1764e-02 0.0000e+00 0.0000e+00 3.1764e-02 4.5997e-01 0.0000e+00 0.0000e+00 0.0000e+00 0.0000e+00 -3.3405e-01 8.3237e-02 0.0000e+00 0.0000e+00 -8.3237e-02 -1.3620e-01 
161.0 7.2607e-01 3.5935e-02 0.0000e+00 0.0000e+00 3.5935e-02 4.6644e-01 0.0000e+00 0.0000e+00 0.0000e+00 0.0000e+00 -3.3730e-01 7.9694e-02 0.0000e+00 0.0000e+00 -7.9694e-02 -1.4156e-01 
162.0 7.3016e-01 3.9902e-02 0.0000e+00 0.0000e+00 3.9902e-02 4.7269e-01 0.0000e+00 0.0000e+00 0.0000e+00 0.0000e+00 -3.4033e-01 7.4916e-02 0.0000e+00 0.0000e+00 -7.4916e-02 -1.4731e-01 
163.0 7.3339e-01 4.3535e-02 0.0000e+00 0.0000e+00 4.3535e-02 4.7856e-01 0.0000e+00 0.0000e+00 0.0000e+00 0.0000e+00 -3.4328e-01 6.8603e-02 0.0000e+00 0.0000e+00 -6.8603e-02 -1.5349e-01 
164.0 7.3573e-01 4.6709e-02 0.0000e+00 0.0000e+00 4.6709e-02 4.8383e-01 0.0000e+00 0.0000e+00 0.0000e+00 0.0000e+00 -3.4630e-01 6.0502e-02 0.0000e+00 0.0000e+00 -6.0502e-02 -1.6002e-01 
165.0 7.3734e-01 4.9288e-02 0.0000e+00 0.0000e+00 4.9288e-02 4.8831e-01 0.0000e+00 0.0000e+00 0.0000e+00 0.0000e+00 -3.4957e-01 5.0437e-02 0.0000e+00 0.0000e+00 -5.0437e-02 -1.6678e-01 
166.0 7.3863e-01 5.1139e-02 0.0000e+00 0.0000e+00 5.1139e-02 4.9206e-01 0.0000e+00 0.0000e+00 0.0000e+00 0.0000e+00 -3.5337e-01 3.8313e-02 0.0000e+00 0.0000e+00 -3.8313e-02 -1.7356e-01 
167.0 7.4011e-01 5.2082e-02 0.0000e+00 0.0000e+00 5.2082e-02 4.9526e-01 0.0000e+00 0.0000e+00 0.0000e+00 0.0000e+00 -3.5808e-01 2.4124e-02 0.0000e+00 0.0000e+00 -2.4124e-02 -1.8016e-01 
168.0 7.4233e-01 5.1873e-02 0.0000e+00 0.0000e+00 5.1873e-02 4.9790e-01 0.0000e+00 0.0000e+00 0.0000e+00 0.0000e+00 -3.6434e-01 7.9074e-03 0.0000e+00 0.0000e+00 -7.9074e-03 -1.8636e-01 
169.0 7.4609e-01 5.0216e-02 0.0000e+00 0.0000e+00 5.0216e-02 4.9981e-01 0.0000e+00 0.0000e+00 0.0000e+00 0.0000e+00 -3.7304e-01 -1.0147e-02 0.0000e+00 0.0000e+00 1.0147e-02 -1.9190e-01 
170.0 7.5287e-01 4.6806e-02 0.0000e+00 0.0000e+00 4.6806e-02 5.0111e-01 0.0000e+00 0.0000e+00 0.0000e+00 0.0000e+00 -3.8536e-01 -2.9442e-02 0.0000e+00 0.0000e+00 2.9442e-02 -1.9634e-01 
171.0 7.6503e-01 4.1456e-02 0.0000e+00 0.0000e+00 4.1456e-02 5.0255e-01 0.0000e+00 0.0000e+00 0.0000e+00 0.0000e+00 -4.0264e-01 -4.8591e-02 0.0000e+00 0.0000e+00 4.8591e-02 -1.9905e-01 
172.0 7.8596e-01 3.4260e-02 0.0000e+00 0.0000e+00 3.4260e-02 5.0569e-01 0.0000e+00 0.0000e+00 0.0000e+00 0.0000e+00 -4.2619e-01 -6.5181e-02 0.0000e+00 0.0000e+00 6.5181e-02 -1.9924e-01 
173.0 8.1969e-01 2.5792e-02 0.0000e+00 0.0000e+00 2.5792e-02 5.1300e-01 0.0000e+00 0.0000e+00 0.0000e+00 0.0000e+00 -4.5687e-01 -7.5877e-02 0.0000e+00 0.0000e+00 7.5877e-02 -1.9618e-01 
174.0 8.6960e-01 1.7139e-02 0.0000e+00 0.0000e+00 1.7139e-02 5.2735e-01 0.0000e+00 0.0000e+00 0.0000e+00 0.0000e+00 -4.9451e-01 -7.7473e-02 0.0000e+00 0.0000e+00 7.7473e-02 -1.8946e-01 
175.0 9.3597e-01 9.6347e-03 0.0000e+00 0.0000e+00 9.6347e-03 5.5054e-01 0.0000e+00 0.0000e+00 0.0000e+00 0.0000e+00 -5.3723e-01 -6.8232e-02 0.0000e+00 0.0000e+00 6.8232e-02 -1.7949e-01 
176.0 1.0131e+00 4.3412e-03 0.0000e+00 0.0000e+00 4.3412e-03 5.8126e-01 0.0000e+00 0.0000e+00 0.0000e+00 0.0000e+00 -5.8102e-01 -4.9652e-02 0.0000e+00 0.0000e+00 4.9652e-02 -1.6751e-01 
177.0 1.0885e+00 1.5211e-03 0.0000e+00 0.0000e+00 1.5211e-03 6.1396e-01 0.0000e+00 0.0000e+00 0.0000e+00 0.0000e+00 -6.1993e-01 -2.6992e-02 0.0000e+00 0.0000e+00 2.6992e-02 -1.5559e-01 
178.0 1.1451e+00 4.8805e-04 0.0000e+00 0.0000e+00 4.8805e-04 6.3976e-01 0.0000e+00 0.0000e+00 0.0000e+00 0.0000e+00 -6.4728e-01 -8.1002e-03 0.0000e+00 0.0000e+00 8.1002e-03 -1.4637e-01 
179.0 1.1677e+00 1.0153e-20 0.0000e+00 0.0000e+00 1.0153e-20 6.5011e-01 0.0000e+00 0.0000e+00 0.0000e+00 0.0000e+00 -6.5763e-01 -1.2818e-19 0.0000e+00 0.0000e+00 1.2818e-19 -1.4224e-01 
180.0 1.1890e+00 0.0000e+00 0.0000e+00 0.0000e+00 0.0000e+00 6.5980e-01 0.0000e+00 0.0000e+00 0.0000e+00 0.0000e+00 -6.6730e-01 0.0000e+00 0.0000e+00 0.0000e+00 -0.0000e+00 -1.3903e-01 
