1.3365 1.6394 0.3029 0.028900
theta s11 s12 s13 s14 s21 s22 s23 s24 s31 s32 s33 s34 s41 s42 s43 s44
0.0 3.7895e+03 0.0000e+00 0.0000e+00 0.0000e+00 0.0000e+00 3.7873e+03 0.0000e+00 0.0000e+00 0.0000e+00 0.0000e+00 3.7873e+03 0.0000e+00 0.0000e+00 0.0000e+00 -0.0000e+00 3.7851e+03 
1.0 3.3605e+03 -1.5568e-01 0.0000e+00 0.0000e+00 -1.5568e-01 3.3583e+03 0.0000e+00 0.0000e+00 0.0000e+00 0.0000e+00 3.3583e+03 -1.4708e+00 0.0000e+00 0.0000e+00 1.4708e+00 3.3561e+03 
2.0 2.6188e+03 -3.2831e-01 0.0000e+00 0.0000e+00 -3.2831e-01 2.6166e+03 0.0000e+00 0.0000e+00 0.0000e+00 0.0000e+00 2.6166e+03 -4.9442e+00 0.0000e+00 0.0000e+00 4.9442e+00 2.6144e+03 
3.0 2.0092e+03 -3.4550e-01 0.0000e+00 0.0000e+00 -3.4550e-01 2.0071e+03 0.0000e+00 0.0000e+00 0.0000e+00 0.0000e+00 2.0070e+03 -8.6422e+00 0.0000e+00 0.0000e+00 8.6422e+00 2.0049e+03 
4.0 1.5715e+03 -2.8087e-01 0.0000e+00 0.0000e+00 -2.8087e-01 1.5695e+03 0.0000e+00 0.0000e+00 0.0000e+00 0.0000e+00 1.5693e+03 -1.1519e+01 0.0000e+00 0.0000e+00 1.1519e+01 1.5673e+03 
5.0 1.2602e+03 -2.0056e-01 0.0000e+00 0.0000e+00 -2.0056e-01 1.2582e+03 0.0000e+00 0.0000e+00 0.0000e+00 0.0000e+00 1.2579e+03 -1.3469e+01 0.0000e+00 0.0000e+00 1.3469e+01 1.2560e+03 
6.0 1.0327e+03 -1.3555e-01 0.0000e+00 0.0000e+00 -1.3555e-01 1.0307e+03 0.0000e+00 0.0000e+00 0.0000e+00 0.0000e+00 1.0304e+03 -1.4686e+01 0.0000e+00 0.0000e+00 1.4686e+01 1.0286e+03 
7.0 8.6118e+02 -1.0195e-01 0.0000e+00 0.0000e+00 -1.0195e-01 8.5930e+02 0.0000e+00 0.0000e+00 0.0000e+00 0.0000e+00 8.5888e+02 -1.5329e+01 0.0000e+00 0.0000e+00 1.5329e+01 8.5717e+02 
8.0 7.2846e+02 -1.0432e-01 0.0000e+00 0.0000e+00 -1.0432e-01 7.2663e+02 0.0000e+00 0.0000e+00 0.0000e+00 0.0000e+00 7.2611e+02 -1.5525e+01 0.0000e+00 0.0000e+00 1.5525e+01 7.2449e+02 
9.0 6.2353e+02 -1.3936e-01 0.0000e+00 0.0000e+00 -1.3936e-01 6.2176e+02 0.0000e+00 0.0000e+00 0.0000e+00 0.0000e+00 6.2113e+02 -1.5385e+01 0.0000e+00 0.0000e+00 1.5385e+01 6.1961e+02 
10.0 5.3915e+02 -2.0078e-01 0.0000e+00 0.0000e+00 -2.0078e-01 5.3743e+02 0.0000e+00 0.0000e+00 0.0000e+00 0.0000e+00 5.3671e+02 -1.5001e+01 0.0000e+00 0.0000e+00 1.5001e+01 5.3528e+02 
11.0 4.7038e+02 -2.8210e-01 0.0000e+00 0.0000e+00 -2.8210e-01 4.6871e+02 0.0000e+00 0.0000e+00 0.0000e+00 0.0000e+00 4.6789e+02 -1.4450e+01 0.0000e+00 0.0000e+00 1.4450e+01 4.6655e+02 
12.0 4.1366e+02 -3.7794e-01 0.0000e+00 0.0000e+00 -3.7794e-01 4.1204e+02 0.0000e+00 0.0000e+00 0.0000e+00 0.0000e+00 4.1114e+02 -1.3792e+01 0.0000e+00 0.0000e+00 1.3792e+01 4.0987e+02 
13.0 3.6644e+02 -4.8630e-01 0.0000e+00 0.0000e+00 -4.8630e-01 3.6485e+02 0.0000e+00 0.0000e+00 0.0000e+00 0.0000e+00 3.6388e+02 -1.3069e+01 0.0000e+00 0.0000e+00 1.3069e+01 3.6268e+02 
14.0 3.2682e+02 -5.9759e-01 0.0000e+00 0.0000e+00 -5.9759e-01 3.2527e+02 0.0000e+00 0.0000e+00 0.0000e+00 0.0000e+00 3.2422e+02 -1.2334e+01 0.0000e+00 0.0000e+00 1.2334e+01 3.2309e+02 
15.0 2.9334e+02 -7.1594e-01 0.0000e+00 0.0000e+00 -7.1594e-01 2.9181e+02 0.0000e+00 0.0000e+00 0.0000e+00 0.0000e+00 2.9070e+02 -1.1589e+01 0.0000e+00 0.0000e+00 1.1589e+01 2.8963e+02 
16.0 2.6484e+02 -8.3699e-01 0.0000e+00 0.0000e+00 -8.3699e-01 2.6334e+02 0.0000e+00 0.0000e+00 0.0000e+00 0.0000e+00 2.6216e+02 -1.0856e+01 0.0000e+00 0.0000e+00 1.0856e+01 2.6116e+02 
17.0 2.4040e+02 -9.5864e-01 0.0000e+00 0.0000e+00 -9.5864e-01 2.3894e+02 0.0000e+00 0.0000e+00 0.0000e+00 0.0000e+00 2.3771e+02 -1.0146e+01 0.0000e+00 0.0000e+00 1.0146e+01 2.3676e+02 
18.0 2.1931e+02 -1.0795e+00 0.0000e+00 0.0000e+00 -1.0795e+00 2.1786e+02 0.0000e+00 0.0000e+00 0.0000e+00 0.0000e+00 2.1658e+02 -9.4664e+00 0.0000e+00 0.0000e+00 9.4664e+00 2.1569e+02 
19.0 2.0095e+02 -1.1996e+00 0.0000e+00 0.0000e+00 -1.1996e+00 1.9953e+02 0.0000e+00 0.0000e+00 0.0000e+00 0.0000e+00 1.9890e+02 -8.8207e+00 0.0000e+00 0.0000e+00 8.8207e+00 1.9807e+02 
20.0 1.8488e+02 -1.3196e+00 0.0000e+00 0.0000e+00 -1.3196e+00 1.8347e+02 0.0000e+00 0.0000e+00 0.0000e+00 0.0000e+00 1.8340e+02 -8.2099e+00 0.0000e+00 0.0000e+00 8.2099e+00 1.8263e+02 
21.0 1.7070e+02 -1.4409e+00 0.0000e+00 0.0000e+00 -1.4409e+00 1.6932e+02 0.0000e+00 0.0000e+00 0.0000e+00 0.0000e+00 1.6972e+02 -7.6348e+00 0.0000e+00 0.0000e+00 7.6348e+00 1.6900e+02 
22.0 1.5813e+02 -1.5646e+00 0.0000e+00 0.0000e+00 -1.5646e+00 1.5676e+02 0.0000e+00 0.0000e+00 0.0000e+00 0.0000e+00 1.5757e+02 -7.0957e+00 0.0000e+00 0.0000e+00 7.0957e+00 1.5689e+02 
23.0 1.4689e+02 -1.6914e+00 0.0000e+00 0.0000e+00 -1.6914e+00 1.4554e+02 0.0000e+00 0.0000e+00 0.0000e+00 0.0000e+00 1.4670e+02 -6.5915e+00 0.0000e+00 0.0000e+00 6.5915e+00 1.4606e+02 
24.0 1.3680e+02 -1.8210e+00 0.0000e+00 0.0000e+00 -1.8210e+00 1.3546e+02 0.0000e+00 0.0000e+00 0.0000e+00 0.0000e+00 1.3693e+02 -6.1202e+00 0.0000e+00 0.0000e+00 6.1202e+00 1.3632e+02 
25.0 1.2769e+02 -1.9526e+00 0.0000e+00 0.0000e+00 -1.9526e+00 1.2637e+02 0.0000e+00 0.0000e+00 0.0000e+00 0.0000e+00 1.2809e+02 -5.6803e+00 0.0000e+00 0.0000e+00 5.6803e+00 1.2752e+02 
26.0 1.1943e+02 -2.0851e+00 0.0000e+00 0.0000e+00 -2.0851e+00 1.1812e+02 0.0000e+00 0.0000e+00 0.0000e+00 0.0000e+00 1.2008e+02 -5.2699e+00 0.0000e+00 0.0000e+00 5.2699e+00 1.1954e+02 
27.0 1.1193e+02 -2.2177e+00 0.0000e+00 0.0000e+00 -2.2177e+00 1.1064e+02 0.0000e+00 0.0000e+00 0.0000e+00 0.0000e+00 1.1279e+02 -4.8873e+00 0.0000e+00 0.0000e+00 4.8873e+00 1.1228e+02 
28.0 1.0510e+02 -2.3500e+00 0.0000e+00 0.0000e+00 -2.3500e+00 1.0381e+02 0.0000e+00 0.0000e+00 0.0000e+00 0.0000e+00 1.0614e+02 -4.5309e+00 0.0000e+00 0.0000e+00 4.5309e+00 1.0565e+02 
29.0 9.8847e+01 -2.4817e+00 0.0000e+00 0.0000e+00 -2.4817e+00 9.7573e+01 0.0000e+00 0.0000e+00 0.0000e+00 0.0000e+00 1.0005e+02 -4.1988e+00 0.0000e+00 0.0000e+00 4.1988e+00 9.9586e+01 
30.0 9.3117e+01 -2.6125e+00 0.0000e+00 0.0000e+00 -2.6125e+00 9.1853e+01 0.0000e+00 0.0000e+00 0.0000e+00 0.0000e+00 9.4464e+01 -3.8894e+00 0.0000e+00 0.0000e+00 3.8894e+00 9.4018e+01 
31.0 8.7842e+01 -2.7420e+00 0.0000e+00 0.0000e+00 -2.7420e+00 8.6588e+01 0.0000e+00 0.0000e+00 0.0000e+00 0.0000e+00 8.8850e+01 -3.6014e+00 0.0000e+00 0.0000e+00 3.6014e+00 8.8434e+01 
32.0 8.2969e+01 -2.8694e+00 0.0000e+00 0.0000e+00 -2.8694e+00 8.1723e+01 0.0000e+00 0.0000e+00 0.0000e+00 0.0000e+00 8.3666e+01 -3.3341e+00 0.0000e+00 0.0000e+00 3.3341e+00 8.3278e+01 
33.0 7.8450e+01 -2.9939e+00 0.0000e+00 0.0000e+00 -2.9939e+00 7.7213e+01 0.0000e+00 0.0000e+00 0.0000e+00 0.0000e+00 7.8866e+01 -3.0863e+00 0.0000e+00 0.0000e+00 3.0863e+00 7.8506e+01 
34.0 7.4245e+01 -3.1146e+00 0.0000e+00 0.0000e+00 -3.1146e+00 7.3016e+01 0.0000e+00 0.0000e+00 0.0000e+00 0.0000e+00 7.4410e+01 -2.8568e+00 0.0000e+00 0.0000e+00 2.8568e+00 7.4076e+01 
35.0 7.0322e+01 -3.2311e+00 0.0000e+00 0.0000e+00 -3.2311e+00 6.9100e+01 0.0000e+00 0.0000e+00 0.0000e+00 0.0000e+00 7.0262e+01 -2.6439e+00 0.0000e+00 0.0000e+00 2.6439e+00 6.9953e+01 
36.0 6.6656e+01 -3.3430e+00 0.0000e+00 0.0000e+00 -3.3430e+00 6.5441e+01 0.0000e+00 0.0000e+00 0.0000e+00 0.0000e+00 6.6392e+01 -2.4458e+00 0.0000e+00 0.0000e+00 2.4458e+00 6.6108e+01 
37.0 6.3226e+01 -3.4507e+00 0.0000e+00 0.0000e+00 -3.4507e+00 6.2017e+01 0.0000e+00 0.0000e+00 0.0000e+00 0.0000e+00 6.2776e+01 -2.2606e+00 0.0000e+00 0.0000e+00 2.2606e+00 6.2516e+01 
38.0 6.0015e+01 -3.5544e+00 0.0000e+00 0.0000e+00 -3.5544e+00 5.8812e+01 0.0000e+00 0.0000e+00 0.0000e+00 0.0000e+00 5.9393e+01 -2.0866e+00 0.0000e+00 0.0000e+00 2.0866e+00 5.9156e+01 
39.0 5.7010e+01 -3.6547e+00 0.0000e+00 0.0000e+00 -3.6547e+00 5.5813e+01 0.0000e+00 0.0000e+00 0.0000e+00 0.0000e+00 5.6224e+01 -1.9226e+00 0.0000e+00 0.0000e+00 1.9226e+00 5.6010e+01 
40.0 5.4197e+01 -3.7519e+00 0.0000e+00 0.0000e+00 -3.7519e+00 5.3005e+01 0.0000e+00 0.0000e+00 0.0000e+00 0.0000e+00 5.3256e+01 -1.7679e+00 0.0000e+00 0.0000e+00 1.7679e+00 5.3063e+01 
41.0 5.1563e+01 -3.8461e+00 0.0000e+00 0.0000e+00 -3.8461e+00 5.0376e+01 0.0000e+00 0.0000e+00 0.0000e+00 0.0000e+00 5.0471e+01 -1.6222e+00 0.0000e+00 0.0000e+00 1.6222e+00 5.0300e+01 
42.0 4.9093e+01 -3.9371e+00 0.0000e+00 0.0000e+00 -3.9371e+00 4.7911e+01 0.0000e+00 0.0000e+00 0.0000e+00 0.0000e+00 4.7856e+01 -1.4851e+00 0.0000e+00 0.0000e+00 1.4851e+00 4.7705e+01 
43.0 4.6776e+01 -4.0245e+00 0.0000e+00 0.0000e+00 -4.0245e+00 4.5599e+01 0.0000e+00 0.0000e+00 0.0000e+00 0.0000e+00 4.5397e+01 -1.3560e+00 0.0000e+00 0.0000e+00 1.3560e+00 4.5266e+01 
44.0 4.4598e+01 -4.1081e+00 0.0000e+00 0.0000e+00 -4.1081e+00 4.3425e+01 0.0000e+00 0.0000e+00 0.0000e+00 0.0000e+00 4.3082e+01 -1.2344e+00 0.0000e+00 0.0000e+00 1.2344e+00 4.2971e+01 
45.0 4.2548e+01 -4.1876e+00 0.0000e+00 0.0000e+00 -4.1876e+00 4.1379e+01 0.0000e+00 0.0000e+00 0.0000e+00 0.0000e+00 4.0899e+01 -1.1195e+00 0.0000e+00 0.0000e+00 1.1195e+00 4.0807e+01 
46.0 4.0617e+01 -4.2630e+00 0.0000e+00 0.0000e+00 -4.2630e+00 3.9452e+01 0.0000e+00 0.0000e+00 0.0000e+00 0.0000e+00 3.8839e+01 -1.0106e+00 0.0000e+00 0.0000e+00 1.0106e+00 3.8766e+01 
47.0 3.8795e+01 -4.3343e+00 0.0000e+00 0.0000e+00 -4.3343e+00 3.7633e+01 0.0000e+00 0.0000e+00 0.0000e+00 0.0000e+00 3.6893e+01 -9.0707e-01 0.0000e+00 0.0000e+00 9.0707e-01 3.6838e+01 
48.0 3.7075e+01 -4.4015e+00 0.0000e+00 0.0000e+00 -4.4015e+00 3.5916e+01 0.0000e+00 0.0000e+00 0.0000e+00 0.0000e+00 3.5052e+01 -8.0834e-01 0.0000e+00 0.0000e+00 8.0834e-01 3.5016e+01 
49.0 3.5449e+01 -4.4646e+00 0.0000e+00 0.0000e+00 -4.4646e+00 3.4294e+01 0.0000e+00 0.0000e+00 0.0000e+00 0.0000e+00 3.3311e+01 -7.1402e-01 0.0000e+00 0.0000e+00 7.1402e-01 3.3292e+01 
50.0 3.3913e+01 -4.5237e+00 0.0000e+00 0.0000e+00 -4.5237e+00 3.2761e+01 0.0000e+00 0.0000e+00 0.0000e+00 0.0000e+00 3.1663e+01 -6.2374e-01 0.0000e+00 0.0000e+00 6.2374e-01 3.1661e+01 
51.0 3.2461e+01 -4.5788e+00 0.0000e+00 0.0000e+00 -4.5788e+00 3.1311e+01 0.0000e+00 0.0000e+00 0.0000e+00 0.0000e+00 3.0101e+01 -5.3718e-01 0.0000e+00 0.0000e+00 5.3718e-01 3.0117e+01 
52.0 3.1086e+01 -4.6299e+00 0.0000e+00 0.0000e+00 -4.6299e+00 2.9939e+01 0.0000e+00 0.0000e+00 0.0000e+00 0.0000e+00 2.8620e+01 -4.5395e-01 0.0000e+00 0.0000e+00 4.5395e-01 2.8653e+01 
53.0 2.9786e+01 -4.6773e+00 0.0000e+00 0.0000e+00 -4.6773e+00 2.8640e+01 0.0000e+00 0.0000e+00 0.0000e+00 0.0000e+00 2.7215e+01 -3.7373e-01 0.0000e+00 0.0000e+00 3.7373e-01 2.7265e+01 
54.0 2.8556e+01 -4.7210e+00 0.0000e+00 0.0000e+00 -4.7210e+00 2.7412e+01 0.0000e+00 0.0000e+00 0.0000e+00 0.0000e+00 2.5882e+01 -2.9629e-01 0.0000e+00 0.0000e+00 2.9629e-01 2.5949e+01 
55.0 2.7392e+01 -4.7611e+00 0.0000e+00 0.0000e+00 -4.7611e+00 2.6249e+01 0.0000e+00 0.0000e+00 0.0000e+00 0.0000e+00 2.4616e+01 -2.2145e-01 0.0000e+00 0.0000e+00 2.2145e-01 2.4699e+01 
56.0 2.6291e+01 -4.7978e+00 0.0000e+00 0.0000e+00 -4.7978e+00 2.5148e+01 0.0000e+00 0.0000e+00 0.0000e+00 0.0000e+00 2.3414e+01 -1.4913e-01 0.0000e+00 0.0000e+00 1.4913e-01 2.3513e+01 
57.0 2.5248e+01 -4.8310e+00 0.0000e+00 0.0000e+00 -4.8310e+00 2.4106e+01 0.0000e+00 0.0000e+00 0.0000e+00 0.0000e+00 2.2271e+01 -7.9241e-02 0.0000e+00 0.0000e+00 7.9241e-02 2.2387e+01 
58.0 2.4260e+01 -4.8608e+00 0.0000e+00 0.0000e+00 -4.8608e+00 2.3119e+01 0.0000e+00 0.0000e+00 0.0000e+00 0.0000e+00 2.1184e+01 -1.1690e-02 0.0000e+00 0.0000e+00 1.1690e-02 2.1316e+01 
59.0 2.3325e+01 -4.8872e+00 0.0000e+00 0.0000e+00 -4.8872e+00 2.2184e+01 0.0000e+00 0.0000e+00 0.0000e+00 0.0000e+00 2.0150e+01 5.3653e-02 0.0000e+00 0.0000e+00 -5.3653e-02 2.0298e+01 
60.0 2.2438e+01 -4.9103e+00 0.0000e+00 0.0000e+00 -4.9103e+00 2.1297e+01 0.0000e+00 0.0000e+00 0.0000e+00 0.0000e+00 1.9165e+01 1.1689e-01 0.0000e+00 0.0000e+00 -1.1689e-01 1.9329e+01 
61.0 2.1598e+01 -4.9302e+00 0.0000e+00 0.0000e+00 -4.9302e+00 2.0457e+01 0.0000e+00 0.0000e+00 0.0000e+00 0.0000e+00 1.8227e+01 1.7810e-01 0.0000e+00 0.0000e+00 -1.7810e-01 1.8406e+01 
62.0 2.0802e+01 -4.9470e+00 0.0000e+00 0.0000e+00 -4.9470e+00 1.9660e+01 0.0000e+00 0.0000e+00 0.0000e+00 0.0000e+00 1.7333e+01 2.3729e-01 0.0000e+00 0.0000e+00 -2.3729e-01 1.7528e+01 
63.0 2.0047e+01 -4.9608e+00 0.0000e+00 0.0000e+00 -4.9608e+00 1.8905e+01 0.0000e+00 0.0000e+00 0.0000e+00 0.0000e+00 1.6481e+01 2.9447e-01 0.0000e+00 0.0000e+00 -2.9447e-01 1.6692e+01 
64.0 1.9331e+01 -4.9716e+00 0.0000e+00 0.0000e+00 -4.9716e+00 1.8188e+01 0.0000e+00 0.0000e+00 0.0000e+00 0.0000e+00 1.5668e+01 3.4963e-01 0.0000e+00 0.0000e+00 -3.4963e-01 1.5895e+01 
65.0 1.8651e+01 -4.9795e+00 0.0000e+00 0.0000e+00 -4.9795e+00 1.7507e+01 0.0000e+00 0.0000e+00 0.0000e+00 0.0000e+00 1.4892e+01 4.0271e-01 0.0000e+00 0.0000e+00 -4.0271e-01 1.5135e+01 
66.0 1.8006e+01 -4.9846e+00 0.0000e+00 0.0000e+00 -4.9846e+00 1.6861e+01 0.0000e+00 0.0000e+00 0.0000e+00 0.0000e+00 1.4151e+01 4.5368e-01 0.0000e+00 0.0000e+00 -4.5368e-01 1.4409e+01 
67.0 1.7394e+01 -4.9868e+00 0.0000e+00 0.0000e+00 -4.9868e+00 1.6247e+01 0.0000e+00 0.0000e+00 0.0000e+00 0.0000e+00 1.3443e+01 5.0248e-01 0.0000e+00 0.0000e+00 -5.0248e-01 1.3717e+01 
68.0 1.6812e+01 -4.9862e+00 0.0000e+00 0.0000e+00 -4.9862e+00 1.5664e+01 0.0000e+00 0.0000e+00 0.0000e+00 0.0000e+00 1.2767e+01 5.4911e-01 0.0000e+00 0.0000e+00 -5.4911e-01 1.3057e+01 
69.0 1.6260e+01 -4.9828e+00 0.0000e+00 0.0000e+00 -4.9828e+00 1.5109e+01 0.0000e+00 0.0000e+00 0.0000e+00 0.0000e+00 1.2119e+01 5.9354e-01 0.0000e+00 0.0000e+00 -5.9354e-01 1.2425e+01 
70.0 1.5734e+01 -4.9767e+00 0.0000e+00 0.0000e+00 -4.9767e+00 1.4581e+01 0.0000e+00 0.0000e+00 0.0000e+00 0.0000e+00 1.1500e+01 6.3577e-01 0.0000e+00 0.0000e+00 -6.3577e-01 1.1821e+01 
71.0 1.5234e+01 -4.9679e+00 0.0000e+00 0.0000e+00 -4.9679e+00 1.4079e+01 0.0000e+00 0.0000e+00 0.0000e+00 0.0000e+00 1.0907e+01 6.7579e-01 0.0000e+00 0.0000e+00 -6.7579e-01 1.1244e+01 
72.0 1.4759e+01 -4.9565e+00 0.0000e+00 0.0000e+00 -4.9565e+00 1.3602e+01 0.0000e+00 0.0000e+00 0.0000e+00 0.0000e+00 1.0339e+01 7.1362e-01 0.0000e+00 0.0000e+00 -7.1362e-01 1.0691e+01 
73.0 1.4306e+01 -4.9425e+00 0.0000e+00 0.0000e+00 -4.9425e+00 1.3147e+01 0.0000e+00 0.0000e+00 0.0000e+00 0.0000e+00 9.7942e+00 7.4923e-01 0.0000e+00 0.0000e+00 -7.4923e-01 1.0162e+01 
74.0 1.3875e+01 -4.9259e+00 0.0000e+00 0.0000e+00 -4.9259e+00 1.2714e+01 0.0000e+00 0.0000e+00 0.0000e+00 0.0000e+00 9.2718e+00 7.8263e-01 0.0000e+00 0.0000e+00 -7.8263e-01 9.6548e+00 
75.0 1.3465e+01 -4.9068e+00 0.0000e+00 0.0000e+00 -4.9068e+00 1.2301e+01 0.0000e+00 0.0000e+00 0.0000e+00 0.0000e+00 8.7704e+00 8.1383e-01 0.0000e+00 0.0000e+00 -8.1383e-01 9.1687e+00 
76.0 1.3074e+01 -4.8852e+00 0.0000e+00 0.0000e+00 -4.8852e+00 1.1908e+01 0.0000e+00 0.0000e+00 0.0000e+00 0.0000e+00 8.2891e+00 8.4287e-01 0.0000e+00 0.0000e+00 -8.4287e-01 8.7025e+00 
77.0 1.2701e+01 -4.8611e+00 0.0000e+00 0.0000e+00 -4.8611e+00 1.1533e+01 0.0000e+00 0.0000e+00 0.0000e+00 0.0000e+00 7.8267e+00 8.6980e-01 0.0000e+00 0.0000e+00 -8.6980e-01 8.2550e+00 
78.0 1.2346e+01 -4.8346e+00 0.0000e+00 0.0000e+00 -4.8346e+00 1.1176e+01 0.0000e+00 0.0000e+00 0.0000e+00 0.0000e+00 7.3822e+00 8.9469e-01 0.0000e+00 0.0000e+00 -8.9469e-01 7.8254e+00 
79.0 1.2007e+01 -4.8058e+00 0.0000e+00 0.0000e+00 -4.8058e+00 1.0835e+01 0.0000e+00 0.0000e+00 0.0000e+00 0.0000e+00 6.9548e+00 9.1762e-01 0.0000e+00 0.0000e+00 -9.1762e-01 7.4126e+00 
80.0 1.1684e+01 -4.7747e+00 0.0000e+00 0.0000e+00 -4.7747e+00 1.0510e+01 0.0000e+00 0.0000e+00 0.0000e+00 0.0000e+00 6.5435e+00 9.3868e-01 0.0000e+00 0.0000e+00 -9.3868e-01 7.0158e+00 
81.0 1.1376e+01 -4.7415e+00 0.0000e+00 0.0000e+00 -4.7415e+00 1.0200e+01 0.0000e+00 0.0000e+00 0.0000e+00 0.0000e+00 6.1477e+00 9.5793e-01 0.0000e+00 0.0000e+00 -9.5793e-01 6.6342e+00 
82.0 1.1083e+01 -4.7061e+00 0.0000e+00 0.0000e+00 -4.7061e+00 9.9041e+00 0.0000e+00 0.0000e+00 0.0000e+00 0.0000e+00 5.7666e+00 9.7542e-01 0.0000e+00 0.0000e+00 -9.7542e-01 6.2671e+00 
83.0 1.0802e+01 -4.6687e+00 0.0000e+00 0.0000e+00 -4.6687e+00 9.6220e+00 0.0000e+00 0.0000e+00 0.0000e+00 0.0000e+00 5.3995e+00 9.9122e-01 0.0000e+00 0.0000e+00 -9.9122e-01 5.9138e+00 
84.0 1.0535e+01 -4.6294e+00 0.0000e+00 0.0000e+00 -4.6294e+00 9.3530e+00 0.0000e+00 0.0000e+00 0.0000e+00 0.0000e+00 5.0458e+00 1.0054e+00 0.0000e+00 0.0000e+00 -1.0054e+00 5.5736e+00 
85.0 1.0280e+01 -4.5881e+00 0.0000e+00 0.0000e+00 -4.5881e+00 9.0963e+00 0.0000e+00 0.0000e+00 0.0000e+00 0.0000e+00 4.7047e+00 1.0179e+00 0.0000e+00 0.0000e+00 -1.0179e+00 5.2458e+00 
86.0 1.0036e+01 -4.5451e+00 0.0000e+00 0.0000e+00 -4.5451e+00 8.8515e+00 0.0000e+00 0.0000e+00 0.0000e+00 0.0000e+00 4.3757e+00 1.0290e+00 0.0000e+00 0.0000e+00 -1.0290e+00 4.9299e+00 
87.0 9.8038e+00 -4.5002e+00 0.0000e+00 0.0000e+00 -4.5002e+00 8.6178e+00 0.0000e+00 0.0000e+00 0.0000e+00 0.0000e+00 4.0584e+00 1.0386e+00 0.0000e+00 0.0000e+00 -1.0386e+00 4.6253e+00 
88.0 9.5820e+00 -4.4537e+00 0.0000e+00 0.0000e+00 -4.4537e+00 8.3950e+00 0.0000e+00 0.0000e+00 0.0000e+00 0.0000e+00 3.7521e+00 1.0468e+00 0.0000e+00 0.0000e+00 -1.0468e+00 4.3315e+00 
89.0 9.3703e+00 -4.4055e+00 0.0000e+00 0.0000e+00 -4.4055e+00 8.1824e+00 0.0000e+00 0.0000e+00 0.0000e+00 0.0000e+00 3.4564e+00 1.0537e+00 0.0000e+00 0.0000e+00 -1.0537e+00 4.0480e+00 
90.0 9.1683e+00 -4.3558e+00 0.0000e+00 0.0000e+00 -4.3558e+00 7.9796e+00 0.0000e+00 0.0000e+00 0.0000e+00 0.0000e+00 3.1708e+00 1.0593e+00 0.0000e+00 0.0000e+00 -1.0593e+00 3.7743e+00 
91.0 8.9755e+00 -4.3046e+00 0.0000e+00 0.0000e+00 -4.3046e+00 7.7863e+00 0.0000e+00 0.0000e+00 0.0000e+00 0.0000e+00 2.8949e+00 1.0637e+00 0.0000e+00 0.0000e+00 -1.0637e+00 3.5100e+00 
92.0 8.7916e+00 -4.2519e+00 0.0000e+00 0.0000e+00 -4.2519e+00 7.6020e+00 0.0000e+00 0.0000e+00 0.0000e+00 0.0000e+00 2.6284e+00 1.0670e+00 0.0000e+00 0.0000e+00 -1.0670e+00 3.2547e+00 
93.0 8.6161e+00 -4.1979e+00 0.0000e+00 0.0000e+00 -4.1979e+00 7.4263e+00 0.0000e+00 0.0000e+00 0.0000e+00 0.0000e+00 2.3708e+00 1.0692e+00 0.0000e+00 0.0000e+00 -1.0692e+00 3.0080e+00 
94.0 8.4488e+00 -4.1426e+00 0.0000e+00 0.0000e+00 -4.1426e+00 7.2590e+00 0.0000e+00 0.0000e+00 0.0000e+00 0.0000e+00 2.1218e+00 1.0704e+00 0.0000e+00 0.0000e+00 -1.0704e+00 2.7695e+00 
95.0 8.2893e+00 -4.0860e+00 0.0000e+00 0.0000e+00 -4.0860e+00 7.0996e+00 0.0000e+00 0.0000e+00 0.0000e+00 0.0000e+00 1.8810e+00 1.0705e+00 0.0000e+00 0.0000e+00 -1.0705e+00 2.5389e+00 
96.0 8.1373e+00 -4.0282e+00 0.0000e+00 0.0000e+00 -4.0282e+00 6.9480e+00 0.0000e+00 0.0000e+00 0.0000e+00 0.0000e+00 1.6481e+00 1.0698e+00 0.0000e+00 0.0000e+00 -1.0698e+00 2.3158e+00 
97.0 7.9924e+00 -3.9692e+00 0.0000e+00 0.0000e+00 -3.9692e+00 6.8037e+00 0.0000e+00 0.0000e+00 0.0000e+00 0.0000e+00 1.4229e+00 1.0681e+00 0.0000e+00 0.0000e+00 -1.0681e+00 2.0999e+00 
98.0 7.8544e+00 -3.9092e+00 0.0000e+00 0.0000e+00 -3.9092e+00 6.6666e+00 0.0000e+00 0.0000e+00 0.0000e+00 0.0000e+00 1.2050e+00 1.0657e+00 0.0000e+00 0.0000e+00 -1.0657e+00 1.8910e+00 
99.0 7.7230e+00 -3.8481e+00 0.0000e+00 0.0000e+00 -3.8481e+00 6.5363e+00 0.0000e+00 0.0000e+00 0.0000e+00 0.0000e+00 9.9413e-01 1.0624e+00 0.0000e+00 0.0000e+00 -1.0624e+00 1.6886e+00 
100.0 7.5979e+00 -3.7860e+00 0.0000e+00 0.0000e+00 -3.7860e+00 6.4126e+00 0.0000e+00 0.0000e+00 0.0000e+00 0.0000e+00 7.9008e-01 1.0584e+00 0.0000e+00 0.0000e+00 -1.0584e+00 1.4927e+00 
101.0 7.4790e+00 -3.7229e+00 0.0000e+00 0.0000e+00 -3.7229e+00 6.2953e+00 0.0000e+00 0.0000e+00 0.0000e+00 0.0000e+00 5.9259e-01 1.0537e+00 0.0000e+00 0.0000e+00 -1.0537e+00 1.3028e+00 
102.0 7.3659e+00 -3.6588e+00 0.0000e+00 0.0000e+00 -3.6588e+00 6.1841e+00 0.0000e+00 0.0000e+00 0.0000e+00 0.0000e+00 4.0140e-01 1.0484e+00 0.0000e+00 0.0000e+00 -1.0484e+00 1.1187e+00 
103.0 7.2584e+00 -3.5939e+00 0.0000e+00 0.0000e+00 -3.5939e+00 6.0788e+00 0.0000e+00 0.0000e+00 0.0000e+00 0.0000e+00 2.1630e-01 1.0424e+00 0.0000e+00 0.0000e+00 -1.0424e+00 9.4029e-01 
104.0 7.1563e+00 -3.5281e+00 0.0000e+00 0.0000e+00 -3.5281e+00 5.9791e+00 0.0000e+00 0.0000e+00 0.0000e+00 0.0000e+00 3.7059e-02 1.0359e+00 0.0000e+00 0.0000e+00 -1.0359e+00 7.6725e-01 
105.0 7.0594e+00 -3.4614e+00 0.0000e+00 0.0000e+00 -3.4614e+00 5.8850e+00 0.0000e+00 0.0000e+00 0.0000e+00 0.0000e+00 -1.3652e-01 1.0289e+00 0.0000e+00 0.0000e+00 -1.0289e+00 5.9940e-01 
106.0 6.9676e+00 -3.3940e+00 0.0000e+00 0.0000e+00 -3.3940e+00 5.7962e+00 0.0000e+00 0.0000e+00 0.0000e+00 0.0000e+00 -3.0465e-01 1.0214e+00 0.0000e+00 0.0000e+00 -1.0214e+00 4.3653e-01 
107.0 6.8806e+00 -3.3257e+00 0.0000e+00 0.0000e+00 -3.3257e+00 5.7125e+00 0.0000e+00 0.0000e+00 0.0000e+00 0.0000e+00 -4.6752e-01 1.0136e+00 0.0000e+00 0.0000e+00 -1.0136e+00 2.7847e-01 
108.0 6.7982e+00 -3.2568e+00 0.0000e+00 0.0000e+00 -3.2568e+00 5.6337e+00 0.0000e+00 0.0000e+00 0.0000e+00 0.0000e+00 -6.2530e-01 1.0054e+00 0.0000e+00 0.0000e+00 -1.0054e+00 1.2506e-01 
109.0 6.7204e+00 -3.1871e+00 0.0000e+00 0.0000e+00 -3.1871e+00 5.5596e+00 0.0000e+00 0.0000e+00 0.0000e+00 0.0000e+00 -7.7817e-01 9.9683e-01 0.0000e+00 0.0000e+00 -9.9683e-01 -2.3876e-02 
110.0 6.6469e+00 -3.1168e+00 0.0000e+00 0.0000e+00 -3.1168e+00 5.4901e+00 0.0000e+00 0.0000e+00 0.0000e+00 0.0000e+00 -9.2631e-01 9.8804e-01 0.0000e+00 0.0000e+00 -9.8804e-01 -1.6849e-01 
111.0 6.5775e+00 -3.0460e+00 0.0000e+00 0.0000e+00 -3.0460e+00 5.4251e+00 0.0000e+00 0.0000e+00 0.0000e+00 0.0000e+00 -1.0699e+00 9.7905e-01 0.0000e+00 0.0000e+00 -9.7905e-01 -3.0893e-01 
112.0 6.5123e+00 -2.9747e+00 0.0000e+00 0.0000e+00 -2.9747e+00 5.3642e+00 0.0000e+00 0.0000e+00 0.0000e+00 0.0000e+00 -1.2090e+00 9.6988e-01 0.0000e+00 0.0000e+00 -9.6988e-01 -4.4532e-01 
113.0 6.4509e+00 -2.9029e+00 0.0000e+00 0.0000e+00 -2.9029e+00 5.3075e+00 0.0000e+00 0.0000e+00 0.0000e+00 0.0000e+00 -1.3439e+00 9.6057e-01 0.0000e+00 0.0000e+00 -9.6057e-01 -5.7779e-01 
114.0 6.3932e+00 -2.8308e+00 0.0000e+00 0.0000e+00 -2.8308e+00 5.2546e+00 0.0000e+00 0.0000e+00 0.0000e+00 0.0000e+00 -1.4746e+00 9.5115e-01 0.0000e+00 0.0000e+00 -9.5115e-01 -7.0648e-01 
115.0 6.3392e+00 -2.7584e+00 0.0000e+00 0.0000e+00 -2.7584e+00 5.2055e+00 0.0000e+00 0.0000e+00 0.0000e+00 0.0000e+00 -1.6013e+00 9.4164e-01 0.0000e+00 0.0000e+00 -9.4164e-01 -8.3150e-01 
116.0 6.2886e+00 -2.6857e+00 0.0000e+00 0.0000e+00 -2.6857e+00 5.1600e+00 0.0000e+00 0.0000e+00 0.0000e+00 0.0000e+00 -1.7242e+00 9.3206e-01 0.0000e+00 0.0000e+00 -9.3206e-01 -9.5296e-01 
117.0 6.2414e+00 -2.6129e+00 0.0000e+00 0.0000e+00 -2.6129e+00 5.1181e+00 0.0000e+00 0.0000e+00 0.0000e+00 0.0000e+00 -1.8432e+00 9.2244e-01 0.0000e+00 0.0000e+00 -9.2244e-01 -1.0710e+00 
118.0 6.1974e+00 -2.5401e+00 0.0000e+00 0.0000e+00 -2.5401e+00 5.0794e+00 0.0000e+00 0.0000e+00 0.0000e+00 0.0000e+00 -1.9587e+00 9.1278e-01 0.0000e+00 0.0000e+00 -9.1278e-01 -1.1856e+00 
119.0 6.1566e+00 -2.4672e+00 0.0000e+00 0.0000e+00 -2.4672e+00 5.0441e+00 0.0000e+00 0.0000e+00 0.0000e+00 0.0000e+00 -2.0706e+00 9.0311e-01 0.0000e+00 0.0000e+00 -9.0311e-01 -1.2970e+00 
120.0 6.1188e+00 -2.3944e+00 0.0000e+00 0.0000e+00 -2.3944e+00 5.0118e+00 0.0000e+00 0.0000e+00 0.0000e+00 0.0000e+00 -2.1790e+00 8.9341e-01 0.0000e+00 0.0000e+00 -8.9341e-01 -1.4052e+00 
121.0 6.0838e+00 -2.3217e+00 0.0000e+00 0.0000e+00 -2.3217e+00 4.9824e+00 0.0000e+00 0.0000e+00 0.0000e+00 0.0000e+00 -2.2842e+00 8.8369e-01 0.0000e+00 0.0000e+00 -8.8369e-01 -1.5103e+00 
122.0 6.0517e+00 -2.2491e+00 0.0000e+00 0.0000e+00 -2.2491e+00 4.9560e+00 0.0000e+00 0.0000e+00 0.0000e+00 0.0000e+00 -2.3861e+00 8.7391e-01 0.0000e+00 0.0000e+00 -8.7391e-01 -1.6124e+00 
123.0 6.0221e+00 -2.1769e+00 0.0000e+00 0.0000e+00 -2.1769e+00 4.9322e+00 0.0000e+00 0.0000e+00 0.0000e+00 0.0000e+00 -2.4850e+00 8.6405e-01 0.0000e+00 0.0000e+00 -8.6405e-01 -1.7117e+00 
124.0 5.9951e+00 -2.1049e+00 0.0000e+00 0.0000e+00 -2.1049e+00 4.9110e+00 0.0000e+00 0.0000e+00 0.0000e+00 0.0000e+00 -2.5809e+00 8.5409e-01 0.0000e+00 0.0000e+00 -8.5409e-01 -1.8081e+00 
125.0 5.9706e+00 -2.0333e+00 0.0000e+00 0.0000e+00 -2.0333e+00 4.8923e+00 0.0000e+00 0.0000e+00 0.0000e+00 0.0000e+00 -2.6738e+00 8.4400e-01 0.0000e+00 0.0000e+00 -8.4400e-01 -1.9018e+00 
126.0 5.9484e+00 -1.9620e+00 0.0000e+00 0.0000e+00 -1.9620e+00 4.8760e+00 0.0000e+00 0.0000e+00 0.0000e+00 0.0000e+00 -2.7640e+00 8.3377e-01 0.0000e+00 0.0000e+00 -8.3377e-01 -1.9930e+00 
127.0 5.9284e+00 -1.8912e+00 0.0000e+00 0.0000e+00 -1.8912e+00 4.8619e+00 0.0000e+00 0.0000e+00 0.0000e+00 0.0000e+00 -2.8515e+00 8.2338e-01 0.0000e+00 0.0000e+00 -8.2338e-01 -2.0816e+00 
128.0 5.9105e+00 -1.8208e+00 0.0000e+00 0.0000e+00 -1.8208e+00 4.8500e+00 0.0000e+00 0.0000e+00 0.0000e+00 0.0000e+00 -2.9364e+00 8.1278e-01 0.0000e+00 0.0000e+00 -8.1278e-01 -2.1678e+00 
129.0 5.8946e+00 -1.7509e+00 0.0000e+00 0.0000e+00 -1.7509e+00 4.8402e+00 0.0000e+00 0.0000e+00 0.0000e+00 0.0000e+00 -3.0188e+00 8.0195e-01 0.0000e+00 0.0000e+00 -8.0195e-01 -2.2516e+00 
130.0 5.8806e+00 -1.6815e+00 0.0000e+00 0.0000e+00 -1.6815e+00 4.8324e+00 0.0000e+00 0.0000e+00 0.0000e+00 0.0000e+00 -3.0987e+00 7.9088e-01 0.0000e+00 0.0000e+00 -7.9088e-01 -2.3332e+00 
131.0 5.8685e+00 -1.6127e+00 0.0000e+00 0.0000e+00 -1.6127e+00 4.8265e+00 0.0000e+00 0.0000e+00 0.0000e+00 0.0000e+00 -3.1764e+00 7.7954e-01 0.0000e+00 0.0000e+00 -7.7954e-01 -2.4127e+00 
132.0 5.8581e+00 -1.5443e+00 0.0000e+00 0.0000e+00 -1.5443e+00 4.8224e+00 0.0000e+00 0.0000e+00 0.0000e+00 0.0000e+00 -3.2518e+00 7.6795e-01 0.0000e+00 0.0000e+00 -7.6795e-01 -2.4902e+00 
133.0 5.8495e+00 -1.4765e+00 0.0000e+00 0.0000e+00 -1.4765e+00 4.8202e+00 0.0000e+00 0.0000e+00 0.0000e+00 0.0000e+00 -3.3250e+00 7.5612e-01 0.0000e+00 0.0000e+00 -7.5612e-01 -2.5657e+00 
134.0 5.8425e+00 -1.4093e+00 0.0000e+00 0.0000e+00 -1.4093e+00 4.8197e+00 0.0000e+00 0.0000e+00 0.0000e+00 0.0000e+00 -3.3961e+00 7.4405e-01 0.0000e+00 0.0000e+00 -7.4405e-01 -2.6393e+00 
135.0 5.8371e+00 -1.3426e+00 0.0000e+00 0.0000e+00 -1.3426e+00 4.8209e+00 0.0000e+00 0.0000e+00 0.0000e+00 0.0000e+00 -3.4652e+00 7.3176e-01 0.0000e+00 0.0000e+00 -7.3176e-01 -2.7111e+00 
136.0 5.8332e+00 -1.2764e+00 0.0000e+00 0.0000e+00 -1.2764e+00 4.8239e+00 0.0000e+00 0.0000e+00 0.0000e+00 0.0000e+00 -3.5322e+00 7.1923e-01 0.0000e+00 0.0000e+00 -7.1923e-01 -2.7812e+00 
137.0 5.8309e+00 -1.2109e+00 0.0000e+00 0.0000e+00 -1.2109e+00 4.8285e+00 0.0000e+00 0.0000e+00 0.0000e+00 0.0000e+00 -3.5974e+00 7.0648e-01 0.0000e+00 0.0000e+00 -7.0648e-01 -2.8496e+00 
138.0 5.8300e+00 -1.1459e+00 0.0000e+00 0.0000e+00 -1.1459e+00 4.8348e+00 0.0000e+00 0.0000e+00 0.0000e+00 0.0000e+00 -3.6607e+00 6.9349e-01 0.0000e+00 0.0000e+00 -6.9349e-01 -2.9165e+00 
139.0 5.8306e+00 -1.0815e+00 0.0000e+00 0.0000e+00 -1.0815e+00 4.8428e+00 0.0000e+00 0.0000e+00 0.0000e+00 0.0000e+00 -3.7221e+00 6.8030e-01 0.0000e+00 0.0000e+00 -6.8030e-01 -2.9819e+00 
140.0 5.8326e+00 -1.0178e+00 0.0000e+00 0.0000e+00 -1.0178e+00 4.8524e+00 0.0000e+00 0.0000e+00 0.0000e+00 0.0000e+00 -3.7817e+00 6.6689e-01 0.0000e+00 0.0000e+00 -6.6689e-01 -3.0458e+00 
141.0 5.8359e+00 -9.5465e-01 0.0000e+00 0.0000e+00 -9.5465e-01 4.8636e+00 0.0000e+00 0.0000e+00 0.0000e+00 0.0000e+00 -3.8396e+00 6.5329e-01 0.0000e+00 0.0000e+00 -6.5329e-01 -3.1083e+00 
142.0 5.8406e+00 -8.9216e-01 0.0000e+00 0.0000e+00 -8.9216e-01 4.8764e+00 0.0000e+00 0.0000e+00 0.0000e+00 0.0000e+00 -3.8958e+00 6.3949e-01 0.0000e+00 0.0000e+00 -6.3949e-01 -3.1695e+00 
143.0 5.8464e+00 -8.3034e-01 0.0000e+00 0.0000e+00 -8.3034e-01 4.8908e+00 0.0000e+00 0.0000e+00 0.0000e+00 0.0000e+00 -3.9503e+00 6.2548e-01 0.0000e+00 0.0000e+00 -6.2548e-01 -3.2293e+00 
144.0 5.8535e+00 -7.6920e-01 0.0000e+00 0.0000e+00 -7.6920e-01 4.9067e+00 0.0000e+00 0.0000e+00 0.0000e+00 0.0000e+00 -4.0031e+00 6.1124e-01 0.0000e+00 0.0000e+00 -6.1124e-01 -3.2880e+00 
145.0 5.8616e+00 -7.0876e-01 0.0000e+00 0.0000e+00 -7.0876e-01 4.9240e+00 0.0000e+00 0.0000e+00 0.0000e+00 0.0000e+00 -4.0544e+00 5.9671e-01 0.0000e+00 0.0000e+00 -5.9671e-01 -3.3454e+00 
146.0 5.8708e+00 -6.4906e-01 0.0000e+00 0.0000e+00 -6.4906e-01 4.9426e+00 0.0000e+00 0.0000e+00 0.0000e+00 0.0000e+00 -4.1041e+00 5.8182e-01 0.0000e+00 0.0000e+00 -5.8182e-01 -3.4016e+00 
147.0 5.8810e+00 -5.9012e-01 0.0000e+00 0.0000e+00 -5.9012e-01 4.9625e+00 0.0000e+00 0.0000e+00 0.0000e+00 0.0000e+00 -4.1524e+00 5.6651e-01 0.0000e+00 0.0000e+00 -5.6651e-01 -3.4568e+00 
148.0 5.8922e+00 -5.3197e-01 0.0000e+00 0.0000e+00 -5.3197e-01 4.9837e+00 0.0000e+00 0.0000e+00 0.0000e+00 0.0000e+00 -4.1992e+00 5.5073e-01 0.0000e+00 0.0000e+00 -5.5073e-01 -3.5108e+00 
149.0 5.9044e+00 -4.7465e-01 0.0000e+00 0.0000e+00 -4.7465e-01 5.0062e+00 0.0000e+00 0.0000e+00 0.0000e+00 0.0000e+00 -4.2446e+00 5.3444e-01 0.0000e+00 0.0000e+00 -5.3444e-01 -3.5638e+00 
150.0 5.9176e+00 -4.1821e-01 0.0000e+00 0.0000e+00 -4.1821e-01 5.0300e+00 0.0000e+00 0.0000e+00 0.0000e+00 0.0000e+00 -4.2887e+00 5.1759e-01 0.0000e+00 0.0000e+00 -5.1759e-01 -3.6158e+00 
151.0 5.9319e+00 -3.6274e-01 0.0000e+00 0.0000e+00 -3.6274e-01 5.0551e+00 0.0000e+00 0.0000e+00 0.0000e+00 0.0000e+00 -4.3316e+00 5.0007e-01 0.0000e+00 0.0000e+00 -5.0007e-01 -3.6669e+00 
152.0 5.9470e+00 -3.0837e-01 0.0000e+00 0.0000e+00 -3.0837e-01 5.0813e+00 0.0000e+00 0.0000e+00 0.0000e+00 0.0000e+00 -4.3734e+00 4.8172e-01 0.0000e+00 0.0000e+00 -4.8172e-01 -3.7171e+00 
153.0 5.9629e+00 -2.5524e-01 0.0000e+00 0.0000e+00 -2.5524e-01 5.1083e+00 0.0000e+00 0.0000e+00 0.0000e+00 0.0000e+00 -4.4142e+00 4.6225e-01 0.0000e+00 0.0000e+00 -4.6225e-01 -3.7666e+00 
154.0 5.9794e+00 -2.0357e-01 0.0000e+00 0.0000e+00 -2.0357e-01 5.1359e+00 0.0000e+00 0.0000e+00 0.0000e+00 0.0000e+00 -4.4542e+00 4.4135e-01 0.0000e+00 0.0000e+00 -4.4135e-01 -3.8153e+00 
155.0 5.9962e+00 -1.5361e-01 0.0000e+00 0.0000e+00 -1.5361e-01 5.1638e+00 0.0000e+00 0.0000e+00 0.0000e+00 0.0000e+00 -4.4937e+00 4.1867e-01 0.0000e+00 0.0000e+00 -4.1867e-01 -3.8634e+00 
156.0 6.0134e+00 -1.0567e-01 0.0000e+00 0.0000e+00 -1.0567e-01 5.1917e+00 0.0000e+00 0.0000e+00 0.0000e+00 0.0000e+00 -4.5328e+00 3.9384e-01 0.0000e+00 0.0000e+00 -3.9384e-01 -3.9109e+00 
157.0 6.0305e+00 -6.0183e-02 0.0000e+00 0.0000e+00 -6.0183e-02 5.2193e+00 0.0000e+00 0.0000e+00 0.0000e+00 0.0000e+00 -4.5718e+00 3.6645e-01 0.0000e+00 0.0000e+00 -3.6645e-01 -3.9578e+00 
158.0 6.0474e+00 -1.7659e-02 0.0000e+00 0.0000e+00 -1.7659e-02 5.2458e+00 0.0000e+00 0.0000e+00 0.0000e+00 0.0000e+00 -4.6112e+00 3.3606e-01 0.0000e+00 0.0000e+00 -3.3606e-01 -4.0041e+00 
159.0 6.0638e+00 2.1300e-02 0.0000e+00 0.0000e+00 2.1300e-02 5.2707e+00 0.0000e+00 0.0000e+00 0.0000e+00 0.0000e+00 -4.6512e+00 3.0218e-01 0.0000e+00 0.0000e+00 -3.0218e-01 -4.0495e+00 
160.0 6.0796e+00 5.6092e-02 0.0000e+00 0.0000e+00 5.6092e-02 5.2930e+00 0.0000e+00 0.0000e+00 0.0000e+00 0.0000e+00 -4.6923e+00 2.6442e-01 0.0000e+00 0.0000e+00 -2.6442e-01 -4.0939e+00 
161.0 6.0950e+00 8.6164e-02 0.0000e+00 0.0000e+00 8.6164e-02 5.3123e+00 0.0000e+00 0.0000e+00 0.0000e+00 0.0000e+00 -4.7349e+00 2.2259e-01 0.0000e+00 0.0000e+00 -2.2259e-01 -4.1366e+00 
162.0 6.1108e+00 1.1104e-01 0.0000e+00 0.0000e+00 1.1104e-01 5.3284e+00 0.0000e+00 0.0000e+00 0.0000e+00 0.0000e+00 -4.7796e+00 1.7685e-01 0.0000e+00 0.0000e+00 -1.7685e-01 -4.1773e+00 
163.0 6.1282e+00 1.3038e-01 0.0000e+00 0.0000e+00 1.3038e-01 5.3415e+00 0.0000e+00 0.0000e+00 0.0000e+00 0.0000e+00 -4.8270e+00 1.2772e-01 0.0000e+00 0.0000e+00 -1.2772e-01 -4.2150e+00 
164.0 6.1487e+00 1.4393e-01 0.0000e+00 0.0000e+00 1.4393e-01 5.3520e+00 0.0000e+00 0.0000e+00 0.0000e+00 0.0000e+00 -4.8775e+00 7.6120e-02 0.0000e+00 0.0000e+00 -7.6120e-02 -4.2490e+00 
165.0 6.1745e+00 1.5162e-01 0.0000e+00 0.0000e+00 1.5162e-01 5.3606e+00 0.0000e+00 0.0000e+00 0.0000e+00 0.0000e+00 -4.9319e+00 2.3348e-02 0.0000e+00 0.0000e+00 -2.3348e-02 -4.2784e+00 
166.0 6.2080e+00 1.5351e-01 0.0000e+00 0.0000e+00 1.5351e-01 5.3685e+00 0.0000e+00 0.0000e+00 0.0000e+00 0.0000e+00 -4.9905e+00 -2.8990e-02 0.0000e+00 0.0000e+00 2.8990e-02 -4.3020e+00 
167.0 6.2518e+00 1.4986e-01 0.0000e+00 0.0000e+00 1.4986e-01 5.3772e+00 0.0000e+00 0.0000e+00 0.0000e+00 0.0000e+00 -5.0540e+00 -7.9025e-02 0.0000e+00 0.0000e+00 7.9025e-02 -4.3192e+00 
168.0 6.3085e+00 1.4106e-01 0.0000e+00 0.0000e+00 1.4106e-01 5.3881e+00 0.0000e+00 0.0000e+00 0.0000e+00 0.0000e+00 -5.1228e+00 -1.2469e-01 0.0000e+00 0.0000e+00 1.2469e-01 -4.3292e+00 
169.0 6.3806e+00 1.2771e-01 0.0000e+00 0.0000e+00 1.2771e-01 5.4027e+00 0.0000e+00 0.0000e+00 0.0000e+00 0.0000e+00 -5.1974e+00 -1.6375e-01 0.0000e+00 0.0000e+00 1.6375e-01 -4.3313e+00 
170.0 6.4703e+00 1.1059e-01 0.0000e+00 0.0000e+00 1.1059e-01 5.4228e+00 0.0000e+00 0.0000e+00 0.0000e+00 0.0000e+00 -5.2779e+00 -1.9385e-01 0.0000e+00 0.0000e+00 1.9385e-01 -4.3253e+00 
171.0 6.5795e+00 9.0790e-02 0.0000e+00 0.0000e+00 9.0790e-02 5.4500e+00 0.0000e+00 0.0000e+00 0.0000e+00 0.0000e+00 -5.3643e+00 -2.1255e-01 0.0000e+00 0.0000e+00 2.1255e-01 -4.3113e+00 
172.0 6.7091e+00 6.9706e-02 0.0000e+00 0.0000e+00 6.9706e-02 5.4862e+00 0.0000e+00 0.0000e+00 0.0000e+00 0.0000e+00 -5.4559e+00 -2.1748e-01 0.0000e+00 0.0000e+00 2.1748e-01 -4.2898e+00 
173.0 6.8582e+00 4.9092e-02 0.0000e+00 0.0000e+00 4.9092e-02 5.5324e+00 0.0000e+00 0.0000e+00 0.0000e+00 0.0000e+00 -5.5513e+00 -2.0685e-01 0.0000e+00 0.0000e+00 2.0685e-01 -4.2622e+00 
174.0 7.0231e+00 3.0811e-02 0.0000e+00 0.0000e+00 3.0811e-02 5.5887e+00 0.0000e+00 0.0000e+00 0.0000e+00 0.0000e+00 -5.6476e+00 -1.8034e-01 0.0000e+00 0.0000e+00 1.8034e-01 -4.2302e+00 
175.0 7.1954e+00 1.6468e-02 0.0000e+00 0.0000e+00 1.6468e-02 5.6528e+00 0.0000e+00 0.0000e+00 0.0000e+00 0.0000e+00 -5.7405e+00 -1.4033e-01 0.0000e+00 0.0000e+00 1.4033e-01 -4.1967e+00 
176.0 7.3612e+00 6.9811e-03 0.0000e+00 0.0000e+00 6.9811e-03 5.7190e+00 0.0000e+00 0.0000e+00 0.0000e+00 0.0000e+00 -5.8240e+00 -9.2653e-02 0.0000e+00 0.0000e+00 9.2653e-02 -4.1649e+00 
177.0 7.5020e+00 2.0976e-03 0.0000e+00 0.0000e+00 2.0976e-03 5.7783e+00 0.0000e+00 0.0000e+00 0.0000e+00 0.0000e+00 -5.8912e+00 -4.6475e-02 0.0000e+00 0.0000e+00 4.6475e-02 -4.1385e+00 
178.0 7.5975e+00 3.6714e-04 0.0000e+00 0.0000e+00 3.6714e-04 5.8201e+00 0.0000e+00 0.0000e+00 0.0000e+00 0.0000e+00 -5.9350e+00 -1.2595e-02 0.0000e+00 0.0000e+00 1.2595e-02 -4.1208e+00 
179.0 7.6318e+00 5.8917e-21 0.0000e+00 0.0000e+00 5.8917e-21 5.8353e+00 0.0000e+00 0.0000e+00 0.0000e+00 0.0000e+00 -5.9504e+00 -1.4480e-19 0.0000e+00 0.0000e+00 1.4480e-19 -4.1145e+00 
180.0 7.6665e+00 0.0000e+00 0.0000e+00 0.0000e+00 0.0000e+00 5.8505e+00 0.0000e+00 0.0000e+00 0.0000e+00 0.0000e+00 -5.9657e+00 0.0000e+00 0.0000e+00 0.0000e+00 -0.0000e+00 -4.1083e+00 
