0.9660 1.2031 0.2372 0.119131
theta s11 s12 s13 s14 s21 s22 s23 s24 s31 s32 s33 s34 s41 s42 s43 s44
0.0 1.6604e+03 0.0000e+00 0.0000e+00 0.0000e+00 0.0000e+00 1.6599e+03 0.0000e+00 0.0000e+00 0.0000e+00 0.0000e+00 1.6599e+03 0.0000e+00 0.0000e+00 0.0000e+00 -0.0000e+00 1.6593e+03 
1.0 1.4373e+03 -9.2554e-02 0.0000e+00 0.0000e+00 -9.2554e-02 1.4367e+03 0.0000e+00 0.0000e+00 0.0000e+00 0.0000e+00 1.4367e+03 -7.3052e-01 0.0000e+00 0.0000e+00 7.3052e-01 1.4361e+03 
2.0 1.0290e+03 -2.0468e-01 0.0000e+00 0.0000e+00 -2.0468e-01 1.0285e+03 0.0000e+00 0.0000e+00 0.0000e+00 0.0000e+00 1.0284e+03 -2.3599e+00 0.0000e+00 0.0000e+00 2.3599e+00 1.0279e+03 
3.0 6.9773e+02 -2.3082e-01 0.0000e+00 0.0000e+00 -2.3082e-01 6.9717e+02 0.0000e+00 0.0000e+00 0.0000e+00 0.0000e+00 6.9713e+02 -3.8556e+00 0.0000e+00 0.0000e+00 3.8556e+00 6.9658e+02 
4.0 4.8092e+02 -2.2141e-01 0.0000e+00 0.0000e+00 -2.2141e-01 4.8038e+02 0.0000e+00 0.0000e+00 0.0000e+00 0.0000e+00 4.8030e+02 -4.7029e+00 0.0000e+00 0.0000e+00 4.7029e+00 4.7978e+02 
5.0 3.4568e+02 -2.1521e-01 0.0000e+00 0.0000e+00 -2.1521e-01 3.4517e+02 0.0000e+00 0.0000e+00 0.0000e+00 0.0000e+00 3.4505e+02 -5.0064e+00 0.0000e+00 0.0000e+00 5.0064e+00 3.4455e+02 
6.0 2.5943e+02 -2.1967e-01 0.0000e+00 0.0000e+00 -2.1967e-01 2.5894e+02 0.0000e+00 0.0000e+00 0.0000e+00 0.0000e+00 2.5879e+02 -5.0164e+00 0.0000e+00 0.0000e+00 5.0164e+00 2.5832e+02 
7.0 2.0176e+02 -2.3451e-01 0.0000e+00 0.0000e+00 -2.3451e-01 2.0129e+02 0.0000e+00 0.0000e+00 0.0000e+00 0.0000e+00 2.0110e+02 -4.8798e+00 0.0000e+00 0.0000e+00 4.8798e+00 2.0066e+02 
8.0 1.6135e+02 -2.5824e-01 0.0000e+00 0.0000e+00 -2.5824e-01 1.6088e+02 0.0000e+00 0.0000e+00 0.0000e+00 0.0000e+00 1.6067e+02 -4.6641e+00 0.0000e+00 0.0000e+00 4.6641e+00 1.6026e+02 
9.0 1.3192e+02 -2.8883e-01 0.0000e+00 0.0000e+00 -2.8883e-01 1.3147e+02 0.0000e+00 0.0000e+00 0.0000e+00 0.0000e+00 1.3123e+02 -4.4017e+00 0.0000e+00 0.0000e+00 4.4017e+00 1.3085e+02 
10.0 1.0988e+02 -3.2427e-01 0.0000e+00 0.0000e+00 -3.2427e-01 1.0944e+02 0.0000e+00 0.0000e+00 0.0000e+00 0.0000e+00 1.0917e+02 -4.1095e+00 0.0000e+00 0.0000e+00 4.1095e+00 1.0881e+02 
11.0 9.3024e+01 -3.6243e-01 0.0000e+00 0.0000e+00 -3.6243e-01 9.2592e+01 0.0000e+00 0.0000e+00 0.0000e+00 0.0000e+00 9.2301e+01 -3.8019e+00 0.0000e+00 0.0000e+00 3.8019e+00 9.1958e+01 
12.0 7.9913e+01 -4.0179e-01 0.0000e+00 0.0000e+00 -4.0179e-01 7.9488e+01 0.0000e+00 0.0000e+00 0.0000e+00 0.0000e+00 7.9177e+01 -3.4927e+00 0.0000e+00 0.0000e+00 3.4927e+00 7.8853e+01 
13.0 6.9574e+01 -4.4173e-01 0.0000e+00 0.0000e+00 -4.4173e-01 6.9154e+01 0.0000e+00 0.0000e+00 0.0000e+00 0.0000e+00 6.8826e+01 -3.1910e+00 0.0000e+00 0.0000e+00 3.1910e+00 6.8520e+01 
14.0 6.1305e+01 -4.7859e-01 0.0000e+00 0.0000e+00 -4.7859e-01 6.0891e+01 0.0000e+00 0.0000e+00 0.0000e+00 0.0000e+00 6.0549e+01 -2.9100e+00 0.0000e+00 0.0000e+00 2.9100e+00 6.0258e+01 
15.0 5.4609e+01 -5.1469e-01 0.0000e+00 0.0000e+00 -5.1469e-01 5.4198e+01 0.0000e+00 0.0000e+00 0.0000e+00 0.0000e+00 5.3845e+01 -2.6447e+00 0.0000e+00 0.0000e+00 2.6447e+00 5.3569e+01 
16.0 4.9116e+01 -5.4911e-01 0.0000e+00 0.0000e+00 -5.4911e-01 4.8709e+01 0.0000e+00 0.0000e+00 0.0000e+00 0.0000e+00 4.8346e+01 -2.3981e+00 0.0000e+00 0.0000e+00 2.3981e+00 4.8083e+01 
17.0 4.4561e+01 -5.8197e-01 0.0000e+00 0.0000e+00 -5.8197e-01 4.4156e+01 0.0000e+00 0.0000e+00 0.0000e+00 0.0000e+00 4.3786e+01 -2.1717e+00 0.0000e+00 0.0000e+00 2.1717e+00 4.3536e+01 
18.0 4.0741e+01 -6.1350e-01 0.0000e+00 0.0000e+00 -6.1350e-01 4.0339e+01 0.0000e+00 0.0000e+00 0.0000e+00 0.0000e+00 3.9962e+01 -1.9659e+00 0.0000e+00 0.0000e+00 1.9659e+00 3.9724e+01 
19.0 3.7502e+01 -6.4403e-01 0.0000e+00 0.0000e+00 -6.4403e-01 3.7101e+01 0.0000e+00 0.0000e+00 0.0000e+00 0.0000e+00 3.6861e+01 -1.7802e+00 0.0000e+00 0.0000e+00 1.7802e+00 3.6638e+01 
20.0 3.4725e+01 -6.7377e-01 0.0000e+00 0.0000e+00 -6.7377e-01 3.4326e+01 0.0000e+00 0.0000e+00 0.0000e+00 0.0000e+00 3.4203e+01 -1.6135e+00 0.0000e+00 0.0000e+00 1.6135e+00 3.3993e+01 
21.0 3.2320e+01 -7.0281e-01 0.0000e+00 0.0000e+00 -7.0281e-01 3.1921e+01 0.0000e+00 0.0000e+00 0.0000e+00 0.0000e+00 3.1899e+01 -1.4653e+00 0.0000e+00 0.0000e+00 1.4653e+00 3.1700e+01 
22.0 3.0212e+01 -7.3121e-01 0.0000e+00 0.0000e+00 -7.3121e-01 2.9815e+01 0.0000e+00 0.0000e+00 0.0000e+00 0.0000e+00 2.9881e+01 -1.3341e+00 0.0000e+00 0.0000e+00 1.3341e+00 2.9692e+01 
23.0 2.8348e+01 -7.5906e-01 0.0000e+00 0.0000e+00 -7.5906e-01 2.7952e+01 0.0000e+00 0.0000e+00 0.0000e+00 0.0000e+00 2.8095e+01 -1.2179e+00 0.0000e+00 0.0000e+00 1.2179e+00 2.7915e+01 
24.0 2.6682e+01 -7.8659e-01 0.0000e+00 0.0000e+00 -7.8659e-01 2.6288e+01 0.0000e+00 0.0000e+00 0.0000e+00 0.0000e+00 2.6500e+01 -1.1140e+00 0.0000e+00 0.0000e+00 1.1140e+00 2.6327e+01 
25.0 2.5185e+01 -8.1403e-01 0.0000e+00 0.0000e+00 -8.1403e-01 2.4792e+01 0.0000e+00 0.0000e+00 0.0000e+00 0.0000e+00 2.5064e+01 -1.0204e+00 0.0000e+00 0.0000e+00 1.0204e+00 2.4898e+01 
26.0 2.3829e+01 -8.4150e-01 0.0000e+00 0.0000e+00 -8.4150e-01 2.3437e+01 0.0000e+00 0.0000e+00 0.0000e+00 0.0000e+00 2.3765e+01 -9.3571e-01 0.0000e+00 0.0000e+00 9.3571e-01 2.3605e+01 
27.0 2.2595e+01 -8.6899e-01 0.0000e+00 0.0000e+00 -8.6899e-01 2.2204e+01 0.0000e+00 0.0000e+00 0.0000e+00 0.0000e+00 2.2580e+01 -8.5911e-01 0.0000e+00 0.0000e+00 8.5911e-01 2.2426e+01 
28.0 2.1463e+01 -8.9642e-01 0.0000e+00 0.0000e+00 -8.9642e-01 2.1074e+01 0.0000e+00 0.0000e+00 0.0000e+00 0.0000e+00 2.1494e+01 -7.8984e-01 0.0000e+00 0.0000e+00 7.8984e-01 2.1346e+01 
29.0 2.0420e+01 -9.2374e-01 0.0000e+00 0.0000e+00 -9.2374e-01 2.0031e+01 0.0000e+00 0.0000e+00 0.0000e+00 0.0000e+00 2.0491e+01 -7.2703e-01 0.0000e+00 0.0000e+00 7.2703e-01 2.0348e+01 
30.0 1.9451e+01 -9.5092e-01 0.0000e+00 0.0000e+00 -9.5092e-01 1.9064e+01 0.0000e+00 0.0000e+00 0.0000e+00 0.0000e+00 1.9560e+01 -6.6981e-01 0.0000e+00 0.0000e+00 6.6981e-01 1.9421e+01 
31.0 1.8548e+01 -9.7792e-01 0.0000e+00 0.0000e+00 -9.7792e-01 1.8162e+01 0.0000e+00 0.0000e+00 0.0000e+00 0.0000e+00 1.8599e+01 -6.1760e-01 0.0000e+00 0.0000e+00 6.1760e-01 1.8467e+01 
32.0 1.7703e+01 -1.0046e+00 0.0000e+00 0.0000e+00 -1.0046e+00 1.7318e+01 0.0000e+00 0.0000e+00 0.0000e+00 0.0000e+00 1.7700e+01 -5.6999e-01 0.0000e+00 0.0000e+00 5.6999e-01 1.7575e+01 
33.0 1.6909e+01 -1.0308e+00 0.0000e+00 0.0000e+00 -1.0308e+00 1.6526e+01 0.0000e+00 0.0000e+00 0.0000e+00 0.0000e+00 1.6858e+01 -5.2653e-01 0.0000e+00 0.0000e+00 5.2653e-01 1.6739e+01 
34.0 1.6162e+01 -1.0565e+00 0.0000e+00 0.0000e+00 -1.0565e+00 1.5780e+01 0.0000e+00 0.0000e+00 0.0000e+00 0.0000e+00 1.6065e+01 -4.8680e-01 0.0000e+00 0.0000e+00 4.8680e-01 1.5953e+01 
35.0 1.5456e+01 -1.0814e+00 0.0000e+00 0.0000e+00 -1.0814e+00 1.5075e+01 0.0000e+00 0.0000e+00 0.0000e+00 0.0000e+00 1.5317e+01 -4.5028e-01 0.0000e+00 0.0000e+00 4.5028e-01 1.5212e+01 
36.0 1.4790e+01 -1.1057e+00 0.0000e+00 0.0000e+00 -1.1057e+00 1.4410e+01 0.0000e+00 0.0000e+00 0.0000e+00 0.0000e+00 1.4610e+01 -4.1642e-01 0.0000e+00 0.0000e+00 4.1642e-01 1.4510e+01 
37.0 1.4159e+01 -1.1295e+00 0.0000e+00 0.0000e+00 -1.1295e+00 1.3781e+01 0.0000e+00 0.0000e+00 0.0000e+00 0.0000e+00 1.3941e+01 -3.8476e-01 0.0000e+00 0.0000e+00 3.8476e-01 1.3847e+01 
38.0 1.3563e+01 -1.1530e+00 0.0000e+00 0.0000e+00 -1.1530e+00 1.3186e+01 0.0000e+00 0.0000e+00 0.0000e+00 0.0000e+00 1.3307e+01 -3.5499e-01 0.0000e+00 0.0000e+00 3.5499e-01 1.3219e+01 
39.0 1.3000e+01 -1.1763e+00 0.0000e+00 0.0000e+00 -1.1763e+00 1.2624e+01 0.0000e+00 0.0000e+00 0.0000e+00 0.0000e+00 1.2706e+01 -3.2701e-01 0.0000e+00 0.0000e+00 3.2701e-01 1.2623e+01 
40.0 1.2467e+01 -1.1993e+00 0.0000e+00 0.0000e+00 -1.1993e+00 1.2092e+01 0.0000e+00 0.0000e+00 0.0000e+00 0.0000e+00 1.2136e+01 -3.0077e-01 0.0000e+00 0.0000e+00 3.0077e-01 1.2059e+01 
41.0 1.1962e+01 -1.2219e+00 0.0000e+00 0.0000e+00 -1.2219e+00 1.1588e+01 0.0000e+00 0.0000e+00 0.0000e+00 0.0000e+00 1.1595e+01 -2.7617e-01 0.0000e+00 0.0000e+00 2.7617e-01 1.1523e+01 
42.0 1.1483e+01 -1.2439e+00 0.0000e+00 0.0000e+00 -1.2439e+00 1.1110e+01 0.0000e+00 0.0000e+00 0.0000e+00 0.0000e+00 1.1080e+01 -2.5313e-01 0.0000e+00 0.0000e+00 2.5313e-01 1.1013e+01 
43.0 1.1027e+01 -1.2653e+00 0.0000e+00 0.0000e+00 -1.2653e+00 1.0656e+01 0.0000e+00 0.0000e+00 0.0000e+00 0.0000e+00 1.0589e+01 -2.3151e-01 0.0000e+00 0.0000e+00 2.3151e-01 1.0527e+01 
44.0 1.0594e+01 -1.2859e+00 0.0000e+00 0.0000e+00 -1.2859e+00 1.0224e+01 0.0000e+00 0.0000e+00 0.0000e+00 0.0000e+00 1.0122e+01 -2.1110e-01 0.0000e+00 0.0000e+00 2.1110e-01 1.0064e+01 
45.0 1.0181e+01 -1.3057e+00 0.0000e+00 0.0000e+00 -1.3057e+00 9.8129e+00 0.0000e+00 0.0000e+00 0.0000e+00 0.0000e+00 9.6751e+00 -1.9171e-01 0.0000e+00 0.0000e+00 1.9171e-01 9.6225e+00 
46.0 9.7879e+00 -1.3247e+00 0.0000e+00 0.0000e+00 -1.3247e+00 9.4207e+00 0.0000e+00 0.0000e+00 0.0000e+00 0.0000e+00 9.2484e+00 -1.7314e-01 0.0000e+00 0.0000e+00 1.7314e-01 9.2004e+00 
47.0 9.4125e+00 -1.3429e+00 0.0000e+00 0.0000e+00 -1.3429e+00 9.0466e+00 0.0000e+00 0.0000e+00 0.0000e+00 0.0000e+00 8.8405e+00 -1.5525e-01 0.0000e+00 0.0000e+00 1.5525e-01 8.7970e+00 
48.0 9.0544e+00 -1.3602e+00 0.0000e+00 0.0000e+00 -1.3602e+00 8.6897e+00 0.0000e+00 0.0000e+00 0.0000e+00 0.0000e+00 8.4503e+00 -1.3795e-01 0.0000e+00 0.0000e+00 1.3795e-01 8.4112e+00 
49.0 8.7128e+00 -1.3768e+00 0.0000e+00 0.0000e+00 -1.3768e+00 8.3492e+00 0.0000e+00 0.0000e+00 0.0000e+00 0.0000e+00 8.0771e+00 -1.2117e-01 0.0000e+00 0.0000e+00 1.2117e-01 8.0423e+00 
50.0 8.3868e+00 -1.3925e+00 0.0000e+00 0.0000e+00 -1.3925e+00 8.0244e+00 0.0000e+00 0.0000e+00 0.0000e+00 0.0000e+00 7.7198e+00 -1.0485e-01 0.0000e+00 0.0000e+00 1.0485e-01 7.6894e+00 
51.0 8.0757e+00 -1.4074e+00 0.0000e+00 0.0000e+00 -1.4074e+00 7.7145e+00 0.0000e+00 0.0000e+00 0.0000e+00 0.0000e+00 7.3778e+00 -8.8924e-02 0.0000e+00 0.0000e+00 8.8924e-02 7.3516e+00 
52.0 7.7790e+00 -1.4216e+00 0.0000e+00 0.0000e+00 -1.4216e+00 7.4189e+00 0.0000e+00 0.0000e+00 0.0000e+00 0.0000e+00 7.0503e+00 -7.3331e-02 0.0000e+00 0.0000e+00 7.3331e-02 7.0282e+00 
53.0 7.4959e+00 -1.4349e+00 0.0000e+00 0.0000e+00 -1.4349e+00 7.1370e+00 0.0000e+00 0.0000e+00 0.0000e+00 0.0000e+00 6.7367e+00 -5.8037e-02 0.0000e+00 0.0000e+00 5.8037e-02 6.7187e+00 
54.0 7.2260e+00 -1.4475e+00 0.0000e+00 0.0000e+00 -1.4475e+00 6.8681e+00 0.0000e+00 0.0000e+00 0.0000e+00 0.0000e+00 6.4362e+00 -4.3049e-02 0.0000e+00 0.0000e+00 4.3049e-02 6.4223e+00 
55.0 6.9685e+00 -1.4593e+00 0.0000e+00 0.0000e+00 -1.4593e+00 6.6117e+00 0.0000e+00 0.0000e+00 0.0000e+00 0.0000e+00 6.1484e+00 -2.8396e-02 0.0000e+00 0.0000e+00 2.8396e-02 6.1385e+00 
56.0 6.7229e+00 -1.4703e+00 0.0000e+00 0.0000e+00 -1.4703e+00 6.3671e+00 0.0000e+00 0.0000e+00 0.0000e+00 0.0000e+00 5.8724e+00 -1.4083e-02 0.0000e+00 0.0000e+00 1.4083e-02 5.8666e+00 
57.0 6.4886e+00 -1.4805e+00 0.0000e+00 0.0000e+00 -1.4805e+00 6.1337e+00 0.0000e+00 0.0000e+00 0.0000e+00 0.0000e+00 5.6078e+00 -9.8607e-05 0.0000e+00 0.0000e+00 9.8607e-05 5.6059e+00 
58.0 6.2649e+00 -1.4899e+00 0.0000e+00 0.0000e+00 -1.4899e+00 5.9110e+00 0.0000e+00 0.0000e+00 0.0000e+00 0.0000e+00 5.3539e+00 1.3565e-02 0.0000e+00 0.0000e+00 -1.3565e-02 5.3560e+00 
59.0 6.0515e+00 -1.4984e+00 0.0000e+00 0.0000e+00 -1.4984e+00 5.6984e+00 0.0000e+00 0.0000e+00 0.0000e+00 0.0000e+00 5.1102e+00 2.6911e-02 0.0000e+00 0.0000e+00 -2.6911e-02 5.1162e+00 
60.0 5.8477e+00 -1.5060e+00 0.0000e+00 0.0000e+00 -1.5060e+00 5.4955e+00 0.0000e+00 0.0000e+00 0.0000e+00 0.0000e+00 4.8763e+00 3.9943e-02 0.0000e+00 0.0000e+00 -3.9943e-02 4.8862e+00 
61.0 5.6531e+00 -1.5128e+00 0.0000e+00 0.0000e+00 -1.5128e+00 5.3017e+00 0.0000e+00 0.0000e+00 0.0000e+00 0.0000e+00 4.6516e+00 5.2668e-02 0.0000e+00 0.0000e+00 -5.2668e-02 4.6654e+00 
62.0 5.4673e+00 -1.5187e+00 0.0000e+00 0.0000e+00 -1.5187e+00 5.1167e+00 0.0000e+00 0.0000e+00 0.0000e+00 0.0000e+00 4.4357e+00 6.5087e-02 0.0000e+00 0.0000e+00 -6.5087e-02 4.4534e+00 
63.0 5.2899e+00 -1.5238e+00 0.0000e+00 0.0000e+00 -1.5238e+00 4.9401e+00 0.0000e+00 0.0000e+00 0.0000e+00 0.0000e+00 4.2283e+00 7.7186e-02 0.0000e+00 0.0000e+00 -7.7186e-02 4.2499e+00 
64.0 5.1204e+00 -1.5281e+00 0.0000e+00 0.0000e+00 -1.5281e+00 4.7713e+00 0.0000e+00 0.0000e+00 0.0000e+00 0.0000e+00 4.0290e+00 8.8935e-02 0.0000e+00 0.0000e+00 -8.8935e-02 4.0545e+00 
65.0 4.9586e+00 -1.5314e+00 0.0000e+00 0.0000e+00 -1.5314e+00 4.6102e+00 0.0000e+00 0.0000e+00 0.0000e+00 0.0000e+00 3.8374e+00 1.0030e-01 0.0000e+00 0.0000e+00 -1.0030e-01 3.8667e+00 
66.0 4.8040e+00 -1.5339e+00 0.0000e+00 0.0000e+00 -1.5339e+00 4.4562e+00 0.0000e+00 0.0000e+00 0.0000e+00 0.0000e+00 3.6531e+00 1.1125e-01 0.0000e+00 0.0000e+00 -1.1125e-01 3.6863e+00 
67.0 4.6562e+00 -1.5355e+00 0.0000e+00 0.0000e+00 -1.5355e+00 4.3091e+00 0.0000e+00 0.0000e+00 0.0000e+00 0.0000e+00 3.4758e+00 1.2179e-01 0.0000e+00 0.0000e+00 -1.2179e-01 3.5128e+00 
68.0 4.5149e+00 -1.5362e+00 0.0000e+00 0.0000e+00 -1.5362e+00 4.1685e+00 0.0000e+00 0.0000e+00 0.0000e+00 0.0000e+00 3.3051e+00 1.3190e-01 0.0000e+00 0.0000e+00 -1.3190e-01 3.3459e+00 
69.0 4.3799e+00 -1.5360e+00 0.0000e+00 0.0000e+00 -1.5360e+00 4.0340e+00 0.0000e+00 0.0000e+00 0.0000e+00 0.0000e+00 3.1407e+00 1.4159e-01 0.0000e+00 0.0000e+00 -1.4159e-01 3.1853e+00 
70.0 4.2508e+00 -1.5349e+00 0.0000e+00 0.0000e+00 -1.5349e+00 3.9055e+00 0.0000e+00 0.0000e+00 0.0000e+00 0.0000e+00 2.9824e+00 1.5086e-01 0.0000e+00 0.0000e+00 -1.5086e-01 3.0308e+00 
71.0 4.1273e+00 -1.5329e+00 0.0000e+00 0.0000e+00 -1.5329e+00 3.7826e+00 0.0000e+00 0.0000e+00 0.0000e+00 0.0000e+00 2.8298e+00 1.5972e-01 0.0000e+00 0.0000e+00 -1.5972e-01 2.8820e+00 
72.0 4.0093e+00 -1.5301e+00 0.0000e+00 0.0000e+00 -1.5301e+00 3.6651e+00 0.0000e+00 0.0000e+00 0.0000e+00 0.0000e+00 2.6827e+00 1.6814e-01 0.0000e+00 0.0000e+00 -1.6814e-01 2.7387e+00 
73.0 3.8964e+00 -1.5264e+00 0.0000e+00 0.0000e+00 -1.5264e+00 3.5528e+00 0.0000e+00 0.0000e+00 0.0000e+00 0.0000e+00 2.5408e+00 1.7614e-01 0.0000e+00 0.0000e+00 -1.7614e-01 2.6006e+00 
74.0 3.7885e+00 -1.5219e+00 0.0000e+00 0.0000e+00 -1.5219e+00 3.4454e+00 0.0000e+00 0.0000e+00 0.0000e+00 0.0000e+00 2.4040e+00 1.8372e-01 0.0000e+00 0.0000e+00 -1.8372e-01 2.4675e+00 
75.0 3.6852e+00 -1.5165e+00 0.0000e+00 0.0000e+00 -1.5165e+00 3.3428e+00 0.0000e+00 0.0000e+00 0.0000e+00 0.0000e+00 2.2720e+00 1.9087e-01 0.0000e+00 0.0000e+00 -1.9087e-01 2.3393e+00 
76.0 3.5865e+00 -1.5103e+00 0.0000e+00 0.0000e+00 -1.5103e+00 3.2446e+00 0.0000e+00 0.0000e+00 0.0000e+00 0.0000e+00 2.1446e+00 1.9761e-01 0.0000e+00 0.0000e+00 -1.9761e-01 2.2156e+00 
77.0 3.4921e+00 -1.5033e+00 0.0000e+00 0.0000e+00 -1.5033e+00 3.1508e+00 0.0000e+00 0.0000e+00 0.0000e+00 0.0000e+00 2.0216e+00 2.0396e-01 0.0000e+00 0.0000e+00 -2.0396e-01 2.0963e+00 
78.0 3.4019e+00 -1.4955e+00 0.0000e+00 0.0000e+00 -1.4955e+00 3.0611e+00 0.0000e+00 0.0000e+00 0.0000e+00 0.0000e+00 1.9028e+00 2.0995e-01 0.0000e+00 0.0000e+00 -2.0995e-01 1.9812e+00 
79.0 3.3156e+00 -1.4870e+00 0.0000e+00 0.0000e+00 -1.4870e+00 2.9755e+00 0.0000e+00 0.0000e+00 0.0000e+00 0.0000e+00 1.7880e+00 2.1559e-01 0.0000e+00 0.0000e+00 -2.1559e-01 1.8701e+00 
80.0 3.2332e+00 -1.4777e+00 0.0000e+00 0.0000e+00 -1.4777e+00 2.8936e+00 0.0000e+00 0.0000e+00 0.0000e+00 0.0000e+00 1.6771e+00 2.2091e-01 0.0000e+00 0.0000e+00 -2.2091e-01 1.7629e+00 
81.0 3.1544e+00 -1.4676e+00 0.0000e+00 0.0000e+00 -1.4676e+00 2.8154e+00 0.0000e+00 0.0000e+00 0.0000e+00 0.0000e+00 1.5700e+00 2.2591e-01 0.0000e+00 0.0000e+00 -2.2591e-01 1.6594e+00 
82.0 3.0792e+00 -1.4569e+00 0.0000e+00 0.0000e+00 -1.4569e+00 2.7408e+00 0.0000e+00 0.0000e+00 0.0000e+00 0.0000e+00 1.4665e+00 2.3059e-01 0.0000e+00 0.0000e+00 -2.3059e-01 1.5594e+00 
83.0 3.0073e+00 -1.4455e+00 0.0000e+00 0.0000e+00 -1.4455e+00 2.6695e+00 0.0000e+00 0.0000e+00 0.0000e+00 0.0000e+00 1.3664e+00 2.3498e-01 0.0000e+00 0.0000e+00 -2.3498e-01 1.4629e+00 
84.0 2.9386e+00 -1.4334e+00 0.0000e+00 0.0000e+00 -1.4334e+00 2.6015e+00 0.0000e+00 0.0000e+00 0.0000e+00 0.0000e+00 1.2696e+00 2.3907e-01 0.0000e+00 0.0000e+00 -2.3907e-01 1.3697e+00 
85.0 2.8731e+00 -1.4208e+00 0.0000e+00 0.0000e+00 -1.4208e+00 2.5365e+00 0.0000e+00 0.0000e+00 0.0000e+00 0.0000e+00 1.1760e+00 2.4289e-01 0.0000e+00 0.0000e+00 -2.4289e-01 1.2796e+00 
86.0 2.8106e+00 -1.4075e+00 0.0000e+00 0.0000e+00 -1.4075e+00 2.4746e+00 0.0000e+00 0.0000e+00 0.0000e+00 0.0000e+00 1.0854e+00 2.4644e-01 0.0000e+00 0.0000e+00 -2.4644e-01 1.1925e+00 
87.0 2.7509e+00 -1.3936e+00 0.0000e+00 0.0000e+00 -1.3936e+00 2.4155e+00 0.0000e+00 0.0000e+00 0.0000e+00 0.0000e+00 9.9783e-01 2.4973e-01 0.0000e+00 0.0000e+00 -2.4973e-01 1.1084e+00 
88.0 2.6940e+00 -1.3793e+00 0.0000e+00 0.0000e+00 -1.3793e+00 2.3592e+00 0.0000e+00 0.0000e+00 0.0000e+00 0.0000e+00 9.1308e-01 2.5275e-01 0.0000e+00 0.0000e+00 -2.5275e-01 1.0271e+00 
89.0 2.6397e+00 -1.3644e+00 0.0000e+00 0.0000e+00 -1.3644e+00 2.3056e+00 0.0000e+00 0.0000e+00 0.0000e+00 0.0000e+00 8.3106e-01 2.5551e-01 0.0000e+00 0.0000e+00 -2.5551e-01 9.4850e-01 
90.0 2.5880e+00 -1.3490e+00 0.0000e+00 0.0000e+00 -1.3490e+00 2.2545e+00 0.0000e+00 0.0000e+00 0.0000e+00 0.0000e+00 7.5169e-01 2.5801e-01 0.0000e+00 0.0000e+00 -2.5801e-01 8.7248e-01 
91.0 2.5387e+00 -1.3332e+00 0.0000e+00 0.0000e+00 -1.3332e+00 2.2058e+00 0.0000e+00 0.0000e+00 0.0000e+00 0.0000e+00 6.7486e-01 2.6023e-01 0.0000e+00 0.0000e+00 -2.6023e-01 7.9897e-01 
92.0 2.4917e+00 -1.3170e+00 0.0000e+00 0.0000e+00 -1.3170e+00 2.1595e+00 0.0000e+00 0.0000e+00 0.0000e+00 0.0000e+00 6.0049e-01 2.6217e-01 0.0000e+00 0.0000e+00 -2.6217e-01 7.2785e-01 
93.0 2.4470e+00 -1.3003e+00 0.0000e+00 0.0000e+00 -1.3003e+00 2.1154e+00 0.0000e+00 0.0000e+00 0.0000e+00 0.0000e+00 5.2848e-01 2.6384e-01 0.0000e+00 0.0000e+00 -2.6384e-01 6.5902e-01 
94.0 2.4044e+00 -1.2832e+00 0.0000e+00 0.0000e+00 -1.2832e+00 2.0735e+00 0.0000e+00 0.0000e+00 0.0000e+00 0.0000e+00 4.5875e-01 2.6523e-01 0.0000e+00 0.0000e+00 -2.6523e-01 5.9240e-01 
95.0 2.3639e+00 -1.2657e+00 0.0000e+00 0.0000e+00 -1.2657e+00 2.0337e+00 0.0000e+00 0.0000e+00 0.0000e+00 0.0000e+00 3.9121e-01 2.6634e-01 0.0000e+00 0.0000e+00 -2.6634e-01 5.2789e-01 
96.0 2.3253e+00 -1.2478e+00 0.0000e+00 0.0000e+00 -1.2478e+00 1.9959e+00 0.0000e+00 0.0000e+00 0.0000e+00 0.0000e+00 3.2579e-01 2.6719e-01 0.0000e+00 0.0000e+00 -2.6719e-01 4.6540e-01 
97.0 2.2887e+00 -1.2295e+00 0.0000e+00 0.0000e+00 -1.2295e+00 1.9600e+00 0.0000e+00 0.0000e+00 0.0000e+00 0.0000e+00 2.6239e-01 2.6779e-01 0.0000e+00 0.0000e+00 -2.6779e-01 4.0484e-01 
98.0 2.2538e+00 -1.2108e+00 0.0000e+00 0.0000e+00 -1.2108e+00 1.9260e+00 0.0000e+00 0.0000e+00 0.0000e+00 0.0000e+00 2.0097e-01 2.6814e-01 0.0000e+00 0.0000e+00 -2.6814e-01 3.4616e-01 
99.0 2.2208e+00 -1.1918e+00 0.0000e+00 0.0000e+00 -1.1918e+00 1.8938e+00 0.0000e+00 0.0000e+00 0.0000e+00 0.0000e+00 1.4144e-01 2.6827e-01 0.0000e+00 0.0000e+00 -2.6827e-01 2.8927e-01 
100.0 2.1894e+00 -1.1724e+00 0.0000e+00 0.0000e+00 -1.1724e+00 1.8633e+00 0.0000e+00 0.0000e+00 0.0000e+00 0.0000e+00 8.3747e-02 2.6819e-01 0.0000e+00 0.0000e+00 -2.6819e-01 2.3410e-01 
101.0 2.1596e+00 -1.1527e+00 0.0000e+00 0.0000e+00 -1.1527e+00 1.8345e+00 0.0000e+00 0.0000e+00 0.0000e+00 0.0000e+00 2.7832e-02 2.6790e-01 0.0000e+00 0.0000e+00 -2.6790e-01 1.8059e-01 
102.0 2.1314e+00 -1.1326e+00 0.0000e+00 0.0000e+00 -1.1326e+00 1.8074e+00 0.0000e+00 0.0000e+00 0.0000e+00 0.0000e+00 -2.6371e-02 2.6741e-01 0.0000e+00 0.0000e+00 -2.6741e-01 1.2868e-01 
103.0 2.1048e+00 -1.1123e+00 0.0000e+00 0.0000e+00 -1.1123e+00 1.7818e+00 0.0000e+00 0.0000e+00 0.0000e+00 0.0000e+00 -7.8921e-02 2.6674e-01 0.0000e+00 0.0000e+00 -2.6674e-01 7.8311e-02 
104.0 2.0796e+00 -1.0917e+00 0.0000e+00 0.0000e+00 -1.0917e+00 1.7577e+00 0.0000e+00 0.0000e+00 0.0000e+00 0.0000e+00 -1.2988e-01 2.6589e-01 0.0000e+00 0.0000e+00 -2.6589e-01 2.9421e-02 
105.0 2.0558e+00 -1.0708e+00 0.0000e+00 0.0000e+00 -1.0708e+00 1.7351e+00 0.0000e+00 0.0000e+00 0.0000e+00 0.0000e+00 -1.7929e-01 2.6487e-01 0.0000e+00 0.0000e+00 -2.6487e-01 -1.8043e-02 
106.0 2.0333e+00 -1.0496e+00 0.0000e+00 0.0000e+00 -1.0496e+00 1.7139e+00 0.0000e+00 0.0000e+00 0.0000e+00 0.0000e+00 -2.2722e-01 2.6368e-01 0.0000e+00 0.0000e+00 -2.6368e-01 -6.4136e-02 
107.0 2.0122e+00 -1.0282e+00 0.0000e+00 0.0000e+00 -1.0282e+00 1.6941e+00 0.0000e+00 0.0000e+00 0.0000e+00 0.0000e+00 -2.7371e-01 2.6233e-01 0.0000e+00 0.0000e+00 -2.6233e-01 -1.0891e-01 
108.0 1.9923e+00 -1.0066e+00 0.0000e+00 0.0000e+00 -1.0066e+00 1.6755e+00 0.0000e+00 0.0000e+00 0.0000e+00 0.0000e+00 -3.1883e-01 2.6085e-01 0.0000e+00 0.0000e+00 -2.6085e-01 -1.5242e-01 
109.0 1.9736e+00 -9.8468e-01 0.0000e+00 0.0000e+00 -9.8468e-01 1.6583e+00 0.0000e+00 0.0000e+00 0.0000e+00 0.0000e+00 -3.6261e-01 2.5924e-01 0.0000e+00 0.0000e+00 -2.5924e-01 -1.9471e-01 
110.0 1.9561e+00 -9.6261e-01 0.0000e+00 0.0000e+00 -9.6261e-01 1.6422e+00 0.0000e+00 0.0000e+00 0.0000e+00 0.0000e+00 -4.0510e-01 2.5752e-01 0.0000e+00 0.0000e+00 -2.5752e-01 -2.3583e-01 
111.0 1.9398e+00 -9.4035e-01 0.0000e+00 0.0000e+00 -9.4035e-01 1.6273e+00 0.0000e+00 0.0000e+00 0.0000e+00 0.0000e+00 -4.4635e-01 2.5570e-01 0.0000e+00 0.0000e+00 -2.5570e-01 -2.7581e-01 
112.0 1.9245e+00 -9.1792e-01 0.0000e+00 0.0000e+00 -9.1792e-01 1.6136e+00 0.0000e+00 0.0000e+00 0.0000e+00 0.0000e+00 -4.8640e-01 2.5379e-01 0.0000e+00 0.0000e+00 -2.5379e-01 -3.1469e-01 
113.0 1.9103e+00 -8.9534e-01 0.0000e+00 0.0000e+00 -8.9534e-01 1.6010e+00 0.0000e+00 0.0000e+00 0.0000e+00 0.0000e+00 -5.2528e-01 2.5181e-01 0.0000e+00 0.0000e+00 -2.5181e-01 -3.5251e-01 
114.0 1.8971e+00 -8.7263e-01 0.0000e+00 0.0000e+00 -8.7263e-01 1.5894e+00 0.0000e+00 0.0000e+00 0.0000e+00 0.0000e+00 -5.6303e-01 2.4977e-01 0.0000e+00 0.0000e+00 -2.4977e-01 -3.8931e-01 
115.0 1.8848e+00 -8.4982e-01 0.0000e+00 0.0000e+00 -8.4982e-01 1.5789e+00 0.0000e+00 0.0000e+00 0.0000e+00 0.0000e+00 -5.9970e-01 2.4768e-01 0.0000e+00 0.0000e+00 -2.4768e-01 -4.2512e-01 
116.0 1.8736e+00 -8.2694e-01 0.0000e+00 0.0000e+00 -8.2694e-01 1.5693e+00 0.0000e+00 0.0000e+00 0.0000e+00 0.0000e+00 -6.3530e-01 2.4555e-01 0.0000e+00 0.0000e+00 -2.4555e-01 -4.5996e-01 
117.0 1.8632e+00 -8.0400e-01 0.0000e+00 0.0000e+00 -8.0400e-01 1.5607e+00 0.0000e+00 0.0000e+00 0.0000e+00 0.0000e+00 -6.6989e-01 2.4339e-01 0.0000e+00 0.0000e+00 -2.4339e-01 -4.9386e-01 
118.0 1.8537e+00 -7.8103e-01 0.0000e+00 0.0000e+00 -7.8103e-01 1.5530e+00 0.0000e+00 0.0000e+00 0.0000e+00 0.0000e+00 -7.0348e-01 2.4119e-01 0.0000e+00 0.0000e+00 -2.4119e-01 -5.2684e-01 
119.0 1.8451e+00 -7.5805e-01 0.0000e+00 0.0000e+00 -7.5805e-01 1.5462e+00 0.0000e+00 0.0000e+00 0.0000e+00 0.0000e+00 -7.3610e-01 2.3896e-01 0.0000e+00 0.0000e+00 -2.3896e-01 -5.5892e-01 
120.0 1.8373e+00 -7.3510e-01 0.0000e+00 0.0000e+00 -7.3510e-01 1.5402e+00 0.0000e+00 0.0000e+00 0.0000e+00 0.0000e+00 -7.6779e-01 2.3670e-01 0.0000e+00 0.0000e+00 -2.3670e-01 -5.9013e-01 
121.0 1.8303e+00 -7.1219e-01 0.0000e+00 0.0000e+00 -7.1219e-01 1.5350e+00 0.0000e+00 0.0000e+00 0.0000e+00 0.0000e+00 -7.9857e-01 2.3441e-01 0.0000e+00 0.0000e+00 -2.3441e-01 -6.2049e-01 
122.0 1.8241e+00 -6.8934e-01 0.0000e+00 0.0000e+00 -6.8934e-01 1.5306e+00 0.0000e+00 0.0000e+00 0.0000e+00 0.0000e+00 -8.2848e-01 2.3207e-01 0.0000e+00 0.0000e+00 -2.3207e-01 -6.5001e-01 
123.0 1.8186e+00 -6.6658e-01 0.0000e+00 0.0000e+00 -6.6658e-01 1.5268e+00 0.0000e+00 0.0000e+00 0.0000e+00 0.0000e+00 -8.5753e-01 2.2967e-01 0.0000e+00 0.0000e+00 -2.2967e-01 -6.7871e-01 
124.0 1.8138e+00 -6.4392e-01 0.0000e+00 0.0000e+00 -6.4392e-01 1.5237e+00 0.0000e+00 0.0000e+00 0.0000e+00 0.0000e+00 -8.8576e-01 2.2722e-01 0.0000e+00 0.0000e+00 -2.2722e-01 -7.0663e-01 
125.0 1.8096e+00 -6.2138e-01 0.0000e+00 0.0000e+00 -6.2138e-01 1.5213e+00 0.0000e+00 0.0000e+00 0.0000e+00 0.0000e+00 -9.1320e-01 2.2469e-01 0.0000e+00 0.0000e+00 -2.2469e-01 -7.3377e-01 
126.0 1.8061e+00 -5.9897e-01 0.0000e+00 0.0000e+00 -5.9897e-01 1.5195e+00 0.0000e+00 0.0000e+00 0.0000e+00 0.0000e+00 -9.3986e-01 2.2210e-01 0.0000e+00 0.0000e+00 -2.2210e-01 -7.6016e-01 
127.0 1.8032e+00 -5.7672e-01 0.0000e+00 0.0000e+00 -5.7672e-01 1.5182e+00 0.0000e+00 0.0000e+00 0.0000e+00 0.0000e+00 -9.6577e-01 2.1944e-01 0.0000e+00 0.0000e+00 -2.1944e-01 -7.8583e-01 
128.0 1.8009e+00 -5.5464e-01 0.0000e+00 0.0000e+00 -5.5464e-01 1.5176e+00 0.0000e+00 0.0000e+00 0.0000e+00 0.0000e+00 -9.9097e-01 2.1669e-01 0.0000e+00 0.0000e+00 -2.1669e-01 -8.1080e-01 
129.0 1.7991e+00 -5.3275e-01 0.0000e+00 0.0000e+00 -5.3275e-01 1.5174e+00 0.0000e+00 0.0000e+00 0.0000e+00 0.0000e+00 -1.0155e+00 2.1386e-01 0.0000e+00 0.0000e+00 -2.1386e-01 -8.3509e-01 
130.0 1.7978e+00 -5.1107e-01 0.0000e+00 0.0000e+00 -5.1107e-01 1.5177e+00 0.0000e+00 0.0000e+00 0.0000e+00 0.0000e+00 -1.0393e+00 2.1093e-01 0.0000e+00 0.0000e+00 -2.1093e-01 -8.5873e-01 
131.0 1.7970e+00 -4.8961e-01 0.0000e+00 0.0000e+00 -4.8961e-01 1.5185e+00 0.0000e+00 0.0000e+00 0.0000e+00 0.0000e+00 -1.0624e+00 2.0789e-01 0.0000e+00 0.0000e+00 -2.0789e-01 -8.8173e-01 
132.0 1.7966e+00 -4.6836e-01 0.0000e+00 0.0000e+00 -4.6836e-01 1.5197e+00 0.0000e+00 0.0000e+00 0.0000e+00 0.0000e+00 -1.0849e+00 2.0473e-01 0.0000e+00 0.0000e+00 -2.0473e-01 -9.0411e-01 
133.0 1.7967e+00 -4.4734e-01 0.0000e+00 0.0000e+00 -4.4734e-01 1.5214e+00 0.0000e+00 0.0000e+00 0.0000e+00 0.0000e+00 -1.1068e+00 2.0146e-01 0.0000e+00 0.0000e+00 -2.0146e-01 -9.2589e-01 
134.0 1.7973e+00 -4.2654e-01 0.0000e+00 0.0000e+00 -4.2654e-01 1.5235e+00 0.0000e+00 0.0000e+00 0.0000e+00 0.0000e+00 -1.1281e+00 1.9806e-01 0.0000e+00 0.0000e+00 -1.9806e-01 -9.4710e-01 
135.0 1.7983e+00 -4.0597e-01 0.0000e+00 0.0000e+00 -4.0597e-01 1.5260e+00 0.0000e+00 0.0000e+00 0.0000e+00 0.0000e+00 -1.1488e+00 1.9455e-01 0.0000e+00 0.0000e+00 -1.9455e-01 -9.6776e-01 
136.0 1.7996e+00 -3.8562e-01 0.0000e+00 0.0000e+00 -3.8562e-01 1.5289e+00 0.0000e+00 0.0000e+00 0.0000e+00 0.0000e+00 -1.1689e+00 1.9091e-01 0.0000e+00 0.0000e+00 -1.9091e-01 -9.8789e-01 
137.0 1.8014e+00 -3.6552e-01 0.0000e+00 0.0000e+00 -3.6552e-01 1.5322e+00 0.0000e+00 0.0000e+00 0.0000e+00 0.0000e+00 -1.1884e+00 1.8714e-01 0.0000e+00 0.0000e+00 -1.8714e-01 -1.0075e+00 
138.0 1.8035e+00 -3.4565e-01 0.0000e+00 0.0000e+00 -3.4565e-01 1.5359e+00 0.0000e+00 0.0000e+00 0.0000e+00 0.0000e+00 -1.2074e+00 1.8325e-01 0.0000e+00 0.0000e+00 -1.8325e-01 -1.0266e+00 
139.0 1.8060e+00 -3.2601e-01 0.0000e+00 0.0000e+00 -3.2601e-01 1.5399e+00 0.0000e+00 0.0000e+00 0.0000e+00 0.0000e+00 -1.2258e+00 1.7925e-01 0.0000e+00 0.0000e+00 -1.7925e-01 -1.0453e+00 
140.0 1.8088e+00 -3.0662e-01 0.0000e+00 0.0000e+00 -3.0662e-01 1.5444e+00 0.0000e+00 0.0000e+00 0.0000e+00 0.0000e+00 -1.2437e+00 1.7514e-01 0.0000e+00 0.0000e+00 -1.7514e-01 -1.0635e+00 
141.0 1.8121e+00 -2.8746e-01 0.0000e+00 0.0000e+00 -2.8746e-01 1.5492e+00 0.0000e+00 0.0000e+00 0.0000e+00 0.0000e+00 -1.2612e+00 1.7094e-01 0.0000e+00 0.0000e+00 -1.7094e-01 -1.0812e+00 
142.0 1.8156e+00 -2.6854e-01 0.0000e+00 0.0000e+00 -2.6854e-01 1.5545e+00 0.0000e+00 0.0000e+00 0.0000e+00 0.0000e+00 -1.2781e+00 1.6666e-01 0.0000e+00 0.0000e+00 -1.6666e-01 -1.0986e+00 
143.0 1.8196e+00 -2.4987e-01 0.0000e+00 0.0000e+00 -2.4987e-01 1.5601e+00 0.0000e+00 0.0000e+00 0.0000e+00 0.0000e+00 -1.2944e+00 1.6232e-01 0.0000e+00 0.0000e+00 -1.6232e-01 -1.1155e+00 
144.0 1.8239e+00 -2.3144e-01 0.0000e+00 0.0000e+00 -2.3144e-01 1.5662e+00 0.0000e+00 0.0000e+00 0.0000e+00 0.0000e+00 -1.3103e+00 1.5792e-01 0.0000e+00 0.0000e+00 -1.5792e-01 -1.1320e+00 
145.0 1.8286e+00 -2.1325e-01 0.0000e+00 0.0000e+00 -2.1325e-01 1.5727e+00 0.0000e+00 0.0000e+00 0.0000e+00 0.0000e+00 -1.3258e+00 1.5344e-01 0.0000e+00 0.0000e+00 -1.5344e-01 -1.1480e+00 
146.0 1.8337e+00 -1.9533e-01 0.0000e+00 0.0000e+00 -1.9533e-01 1.5795e+00 0.0000e+00 0.0000e+00 0.0000e+00 0.0000e+00 -1.3407e+00 1.4885e-01 0.0000e+00 0.0000e+00 -1.4885e-01 -1.1638e+00 
147.0 1.8391e+00 -1.7767e-01 0.0000e+00 0.0000e+00 -1.7767e-01 1.5867e+00 0.0000e+00 0.0000e+00 0.0000e+00 0.0000e+00 -1.3552e+00 1.4414e-01 0.0000e+00 0.0000e+00 -1.4414e-01 -1.1791e+00 
148.0 1.8448e+00 -1.6028e-01 0.0000e+00 0.0000e+00 -1.6028e-01 1.5943e+00 0.0000e+00 0.0000e+00 0.0000e+00 0.0000e+00 -1.3694e+00 1.3928e-01 0.0000e+00 0.0000e+00 -1.3928e-01 -1.1941e+00 
149.0 1.8509e+00 -1.4318e-01 0.0000e+00 0.0000e+00 -1.4318e-01 1.6023e+00 0.0000e+00 0.0000e+00 0.0000e+00 0.0000e+00 -1.3831e+00 1.3426e-01 0.0000e+00 0.0000e+00 -1.3426e-01 -1.2088e+00 
150.0 1.8574e+00 -1.2640e-01 0.0000e+00 0.0000e+00 -1.2640e-01 1.6106e+00 0.0000e+00 0.0000e+00 0.0000e+00 0.0000e+00 -1.3966e+00 1.2906e-01 0.0000e+00 0.0000e+00 -1.2906e-01 -1.2232e+00 
151.0 1.8642e+00 -1.0999e-01 0.0000e+00 0.0000e+00 -1.0999e-01 1.6193e+00 0.0000e+00 0.0000e+00 0.0000e+00 0.0000e+00 -1.4097e+00 1.2362e-01 0.0000e+00 0.0000e+00 -1.2362e-01 -1.2373e+00 
152.0 1.8713e+00 -9.4044e-02 0.0000e+00 0.0000e+00 -9.4044e-02 1.6282e+00 0.0000e+00 0.0000e+00 0.0000e+00 0.0000e+00 -1.4226e+00 1.1786e-01 0.0000e+00 0.0000e+00 -1.1786e-01 -1.2512e+00 
153.0 1.8786e+00 -7.8654e-02 0.0000e+00 0.0000e+00 -7.8654e-02 1.6373e+00 0.0000e+00 0.0000e+00 0.0000e+00 0.0000e+00 -1.4354e+00 1.1165e-01 0.0000e+00 0.0000e+00 -1.1165e-01 -1.2650e+00 
154.0 1.8860e+00 -6.3942e-02 0.0000e+00 0.0000e+00 -6.3942e-02 1.6464e+00 0.0000e+00 0.0000e+00 0.0000e+00 0.0000e+00 -1.4480e+00 1.0484e-01 0.0000e+00 0.0000e+00 -1.0484e-01 -1.2787e+00 
155.0 1.8934e+00 -5.0026e-02 0.0000e+00 0.0000e+00 -5.0026e-02 1.6553e+00 0.0000e+00 0.0000e+00 0.0000e+00 0.0000e+00 -1.4607e+00 9.7301e-02 0.0000e+00 0.0000e+00 -9.7301e-02 -1.2922e+00 
156.0 1.9008e+00 -3.7022e-02 0.0000e+00 0.0000e+00 -3.7022e-02 1.6642e+00 0.0000e+00 0.0000e+00 0.0000e+00 0.0000e+00 -1.4734e+00 8.8926e-02 0.0000e+00 0.0000e+00 -8.8926e-02 -1.3056e+00 
157.0 1.9082e+00 -2.5047e-02 0.0000e+00 0.0000e+00 -2.5047e-02 1.6728e+00 0.0000e+00 0.0000e+00 0.0000e+00 0.0000e+00 -1.4862e+00 7.9662e-02 0.0000e+00 0.0000e+00 -7.9662e-02 -1.3189e+00 
158.0 1.9156e+00 -1.4227e-02 0.0000e+00 0.0000e+00 -1.4227e-02 1.6812e+00 0.0000e+00 0.0000e+00 0.0000e+00 0.0000e+00 -1.4993e+00 6.9467e-02 0.0000e+00 0.0000e+00 -6.9467e-02 -1.3321e+00 
159.0 1.9231e+00 -4.6802e-03 0.0000e+00 0.0000e+00 -4.6802e-03 1.6892e+00 0.0000e+00 0.0000e+00 0.0000e+00 0.0000e+00 -1.5128e+00 5.8310e-02 0.0000e+00 0.0000e+00 -5.8310e-02 -1.3451e+00 
160.0 1.9306e+00 3.5000e-03 0.0000e+00 0.0000e+00 3.5000e-03 1.6968e+00 0.0000e+00 0.0000e+00 0.0000e+00 0.0000e+00 -1.5266e+00 4.6188e-02 0.0000e+00 0.0000e+00 -4.6188e-02 -1.3579e+00 
161.0 1.9384e+00 1.0260e-02 0.0000e+00 0.0000e+00 1.0260e-02 1.7040e+00 0.0000e+00 0.0000e+00 0.0000e+00 0.0000e+00 -1.5412e+00 3.3148e-02 0.0000e+00 0.0000e+00 -3.3148e-02 -1.3705e+00 
162.0 1.9468e+00 1.5585e-02 0.0000e+00 0.0000e+00 1.5585e-02 1.7109e+00 0.0000e+00 0.0000e+00 0.0000e+00 0.0000e+00 -1.5566e+00 1.9309e-02 0.0000e+00 0.0000e+00 -1.9309e-02 -1.3828e+00 
163.0 1.9561e+00 1.9479e-02 0.0000e+00 0.0000e+00 1.9479e-02 1.7177e+00 0.0000e+00 0.0000e+00 0.0000e+00 0.0000e+00 -1.5731e+00 4.8480e-03 0.0000e+00 0.0000e+00 -4.8480e-03 -1.3949e+00 
164.0 1.9668e+00 2.1966e-02 0.0000e+00 0.0000e+00 2.1966e-02 1.7245e+00 0.0000e+00 0.0000e+00 0.0000e+00 0.0000e+00 -1.5911e+00 -9.9724e-03 0.0000e+00 0.0000e+00 9.9724e-03 -1.4068e+00 
165.0 1.9794e+00 2.3089e-02 0.0000e+00 0.0000e+00 2.3089e-02 1.7317e+00 0.0000e+00 0.0000e+00 0.0000e+00 0.0000e+00 -1.6108e+00 -2.4808e-02 0.0000e+00 0.0000e+00 2.4808e-02 -1.4184e+00 
166.0 1.9944e+00 2.2914e-02 0.0000e+00 0.0000e+00 2.2914e-02 1.7395e+00 0.0000e+00 0.0000e+00 0.0000e+00 0.0000e+00 -1.6325e+00 -3.9231e-02 0.0000e+00 0.0000e+00 3.9231e-02 -1.4297e+00 
167.0 2.0126e+00 2.1532e-02 0.0000e+00 0.0000e+00 2.1532e-02 1.7484e+00 0.0000e+00 0.0000e+00 0.0000e+00 0.0000e+00 -1.6566e+00 -5.2751e-02 0.0000e+00 0.0000e+00 5.2751e-02 -1.4406e+00 
168.0 2.0348e+00 1.9075e-02 0.0000e+00 0.0000e+00 1.9075e-02 1.7588e+00 0.0000e+00 0.0000e+00 0.0000e+00 0.0000e+00 -1.6832e+00 -6.4820e-02 0.0000e+00 0.0000e+00 6.4820e-02 -1.4511e+00 
169.0 2.0615e+00 1.5713e-02 0.0000e+00 0.0000e+00 1.5713e-02 1.7712e+00 0.0000e+00 0.0000e+00 0.0000e+00 0.0000e+00 -1.7126e+00 -7.4844e-02 0.0000e+00 0.0000e+00 7.4844e-02 -1.4610e+00 
170.0 2.0936e+00 1.1673e-02 0.0000e+00 0.0000e+00 1.1673e-02 1.7859e+00 0.0000e+00 0.0000e+00 0.0000e+00 0.0000e+00 -1.7449e+00 -8.2183e-02 0.0000e+00 0.0000e+00 8.2183e-02 -1.4702e+00 
171.0 2.1317e+00 7.2611e-03 0.0000e+00 0.0000e+00 7.2611e-03 1.8035e+00 0.0000e+00 0.0000e+00 0.0000e+00 0.0000e+00 -1.7802e+00 -8.6120e-02 0.0000e+00 0.0000e+00 8.6120e-02 -1.4787e+00 
172.0 2.1763e+00 2.8865e-03 0.0000e+00 0.0000e+00 2.8865e-03 1.8243e+00 0.0000e+00 0.0000e+00 0.0000e+00 0.0000e+00 -1.8184e+00 -8.5861e-02 0.0000e+00 0.0000e+00 8.5861e-02 -1.4864e+00 
173.0 2.2274e+00 -9.5350e-04 0.0000e+00 0.0000e+00 -9.5350e-04 1.8488e+00 0.0000e+00 0.0000e+00 0.0000e+00 0.0000e+00 -1.8588e+00 -8.0721e-02 0.0000e+00 0.0000e+00 8.0721e-02 -1.4933e+00 
174.0 2.2841e+00 -3.7322e-03 0.0000e+00 0.0000e+00 -3.7322e-03 1.8767e+00 0.0000e+00 0.0000e+00 0.0000e+00 0.0000e+00 -1.9006e+00 -7.0383e-02 0.0000e+00 0.0000e+00 7.0383e-02 -1.4992e+00 
175.0 2.3443e+00 -5.0035e-03 0.0000e+00 0.0000e+00 -5.0035e-03 1.9072e+00 0.0000e+00 0.0000e+00 0.0000e+00 0.0000e+00 -1.9419e+00 -5.5326e-02 0.0000e+00 0.0000e+00 5.5326e-02 -1.5041e+00 
176.0 2.4035e+00 -4.5921e-03 0.0000e+00 0.0000e+00 -4.5921e-03 1.9380e+00 0.0000e+00 0.0000e+00 0.0000e+00 0.0000e+00 -1.9800e+00 -3.7225e-02 0.0000e+00 0.0000e+00 3.7225e-02 -1.5078e+00 
177.0 2.4553e+00 -2.8656e-03 0.0000e+00 0.0000e+00 -2.8656e-03 1.9657e+00 0.0000e+00 0.0000e+00 0.0000e+00 0.0000e+00 -2.0113e+00 -1.9201e-02 0.0000e+00 0.0000e+00 1.9201e-02 -1.5103e+00 
178.0 2.4917e+00 -8.8981e-04 0.0000e+00 0.0000e+00 -8.8981e-04 1.9856e+00 0.0000e+00 0.0000e+00 0.0000e+00 0.0000e+00 -2.0324e+00 -5.5096e-03 0.0000e+00 0.0000e+00 5.5096e-03 -1.5116e+00 
179.0 2.5055e+00 -1.0206e-20 0.0000e+00 0.0000e+00 -1.0206e-20 1.9932e+00 0.0000e+00 0.0000e+00 0.0000e+00 0.0000e+00 -2.0402e+00 -8.3304e-20 0.0000e+00 0.0000e+00 8.3304e-20 -1.5121e+00 
180.0 2.5188e+00 0.0000e+00 0.0000e+00 0.0000e+00 0.0000e+00 2.0004e+00 0.0000e+00 0.0000e+00 0.0000e+00 0.0000e+00 -2.0474e+00 0.0000e+00 0.0000e+00 0.0000e+00 -0.0000e+00 -1.5125e+00 
