1.3715 1.8671 0.4957 0.021958
theta s11 s12 s13 s14 s21 s22 s23 s24 s31 s32 s33 s34 s41 s42 s43 s44
0.0 4.9505e+03 0.0000e+00 0.0000e+00 0.0000e+00 0.0000e+00 4.9477e+03 0.0000e+00 0.0000e+00 0.0000e+00 0.0000e+00 4.9477e+03 0.0000e+00 0.0000e+00 0.0000e+00 -0.0000e+00 4.9450e+03 
1.0 4.2212e+03 -3.5099e-01 0.0000e+00 0.0000e+00 -3.5099e-01 4.2185e+03 0.0000e+00 0.0000e+00 0.0000e+00 0.0000e+00 4.2185e+03 -1.9633e+00 0.0000e+00 0.0000e+00 1.9633e+00 4.2158e+03 
2.0 2.9791e+03 -8.4737e-01 0.0000e+00 0.0000e+00 -8.4737e-01 2.9764e+03 0.0000e+00 0.0000e+00 0.0000e+00 0.0000e+00 2.9763e+03 -6.2490e+00 0.0000e+00 0.0000e+00 6.2490e+00 2.9736e+03 
3.0 2.0199e+03 -1.1255e+00 0.0000e+00 0.0000e+00 -1.1255e+00 2.0172e+03 0.0000e+00 0.0000e+00 0.0000e+00 0.0000e+00 2.0171e+03 -9.9827e+00 0.0000e+00 0.0000e+00 9.9827e+00 2.0145e+03 
4.0 1.4020e+03 -1.2945e+00 0.0000e+00 0.0000e+00 -1.2945e+00 1.3993e+03 0.0000e+00 0.0000e+00 0.0000e+00 0.0000e+00 1.3992e+03 -1.1835e+01 0.0000e+00 0.0000e+00 1.1835e+01 1.3966e+03 
5.0 1.0200e+03 -1.4670e+00 0.0000e+00 0.0000e+00 -1.4670e+00 1.0174e+03 0.0000e+00 0.0000e+00 0.0000e+00 0.0000e+00 1.0171e+03 -1.2161e+01 0.0000e+00 0.0000e+00 1.2161e+01 1.0146e+03 
6.0 7.8141e+02 -1.6880e+00 0.0000e+00 0.0000e+00 -1.6880e+00 7.7888e+02 0.0000e+00 0.0000e+00 0.0000e+00 0.0000e+00 7.7853e+02 -1.1664e+01 0.0000e+00 0.0000e+00 1.1664e+01 7.7604e+02 
7.0 6.2814e+02 -1.9709e+00 0.0000e+00 0.0000e+00 -1.9709e+00 6.2565e+02 0.0000e+00 0.0000e+00 0.0000e+00 0.0000e+00 6.2524e+02 -1.0793e+01 0.0000e+00 0.0000e+00 1.0793e+01 6.2280e+02 
8.0 5.2635e+02 -2.3117e+00 0.0000e+00 0.0000e+00 -2.3117e+00 5.2389e+02 0.0000e+00 0.0000e+00 0.0000e+00 0.0000e+00 5.2344e+02 -9.8102e+00 0.0000e+00 0.0000e+00 9.8102e+00 5.2105e+02 
9.0 4.5622e+02 -2.6983e+00 0.0000e+00 0.0000e+00 -2.6983e+00 4.5380e+02 0.0000e+00 0.0000e+00 0.0000e+00 0.0000e+00 4.5331e+02 -8.8630e+00 0.0000e+00 0.0000e+00 8.8630e+00 4.5097e+02 
10.0 4.0599e+02 -3.1172e+00 0.0000e+00 0.0000e+00 -3.1172e+00 4.0360e+02 0.0000e+00 0.0000e+00 0.0000e+00 0.0000e+00 4.0308e+02 -8.0220e+00 0.0000e+00 0.0000e+00 8.0220e+00 4.0079e+02 
11.0 3.6858e+02 -3.5567e+00 0.0000e+00 0.0000e+00 -3.5567e+00 3.6622e+02 0.0000e+00 0.0000e+00 0.0000e+00 0.0000e+00 3.6568e+02 -7.3146e+00 0.0000e+00 0.0000e+00 7.3146e+00 3.6343e+02 
12.0 3.3961e+02 -4.0089e+00 0.0000e+00 0.0000e+00 -4.0089e+00 3.3727e+02 0.0000e+00 0.0000e+00 0.0000e+00 0.0000e+00 3.3671e+02 -6.7433e+00 0.0000e+00 0.0000e+00 6.7433e+00 3.3451e+02 
13.0 3.1633e+02 -4.4709e+00 0.0000e+00 0.0000e+00 -4.4709e+00 3.1402e+02 0.0000e+00 0.0000e+00 0.0000e+00 0.0000e+00 3.1345e+02 -6.2945e+00 0.0000e+00 0.0000e+00 6.2945e+00 3.1129e+02 
14.0 2.9707e+02 -4.9342e+00 0.0000e+00 0.0000e+00 -4.9342e+00 2.9479e+02 0.0000e+00 0.0000e+00 0.0000e+00 0.0000e+00 2.9420e+02 -5.9667e+00 0.0000e+00 0.0000e+00 5.9667e+00 2.9209e+02 
15.0 2.8065e+02 -5.4036e+00 0.0000e+00 0.0000e+00 -5.4036e+00 2.7839e+02 0.0000e+00 0.0000e+00 0.0000e+00 0.0000e+00 2.7778e+02 -5.7248e+00 0.0000e+00 0.0000e+00 5.7248e+00 2.7572e+02 
16.0 2.6630e+02 -5.8760e+00 0.0000e+00 0.0000e+00 -5.8760e+00 2.6407e+02 0.0000e+00 0.0000e+00 0.0000e+00 0.0000e+00 2.6344e+02 -5.5526e+00 0.0000e+00 0.0000e+00 5.5526e+00 2.6142e+02 
17.0 2.5351e+02 -6.3502e+00 0.0000e+00 0.0000e+00 -6.3502e+00 2.5130e+02 0.0000e+00 0.0000e+00 0.0000e+00 0.0000e+00 2.5065e+02 -5.4354e+00 0.0000e+00 0.0000e+00 5.4354e+00 2.4867e+02 
18.0 2.4189e+02 -6.8248e+00 0.0000e+00 0.0000e+00 -6.8248e+00 2.3970e+02 0.0000e+00 0.0000e+00 0.0000e+00 0.0000e+00 2.3903e+02 -5.3600e+00 0.0000e+00 0.0000e+00 5.3600e+00 2.3709e+02 
19.0 2.3118e+02 -7.2989e+00 0.0000e+00 0.0000e+00 -7.2989e+00 2.2902e+02 0.0000e+00 0.0000e+00 0.0000e+00 0.0000e+00 2.2901e+02 -5.3124e+00 0.0000e+00 0.0000e+00 5.3124e+00 2.2711e+02 
20.0 2.2123e+02 -7.7723e+00 0.0000e+00 0.0000e+00 -7.7723e+00 2.1909e+02 0.0000e+00 0.0000e+00 0.0000e+00 0.0000e+00 2.1968e+02 -5.2828e+00 0.0000e+00 0.0000e+00 5.2828e+00 2.1783e+02 
21.0 2.1192e+02 -8.2441e+00 0.0000e+00 0.0000e+00 -8.2441e+00 2.0980e+02 0.0000e+00 0.0000e+00 0.0000e+00 0.0000e+00 2.1094e+02 -5.2658e+00 0.0000e+00 0.0000e+00 5.2658e+00 2.0913e+02 
22.0 2.0316e+02 -8.7133e+00 0.0000e+00 0.0000e+00 -8.7133e+00 2.0107e+02 0.0000e+00 0.0000e+00 0.0000e+00 0.0000e+00 2.0271e+02 -5.2583e+00 0.0000e+00 0.0000e+00 5.2583e+00 2.0095e+02 
23.0 1.9488e+02 -9.1784e+00 0.0000e+00 0.0000e+00 -9.1784e+00 1.9282e+02 0.0000e+00 0.0000e+00 0.0000e+00 0.0000e+00 1.9492e+02 -5.2572e+00 0.0000e+00 0.0000e+00 5.2572e+00 1.9320e+02 
24.0 1.8702e+02 -9.6372e+00 0.0000e+00 0.0000e+00 -9.6372e+00 1.8498e+02 0.0000e+00 0.0000e+00 0.0000e+00 0.0000e+00 1.8752e+02 -5.2596e+00 0.0000e+00 0.0000e+00 5.2596e+00 1.8583e+02 
25.0 1.7953e+02 -1.0087e+01 0.0000e+00 0.0000e+00 -1.0087e+01 1.7752e+02 0.0000e+00 0.0000e+00 0.0000e+00 0.0000e+00 1.8044e+02 -5.2632e+00 0.0000e+00 0.0000e+00 5.2632e+00 1.7879e+02 
26.0 1.7237e+02 -1.0526e+01 0.0000e+00 0.0000e+00 -1.0526e+01 1.7038e+02 0.0000e+00 0.0000e+00 0.0000e+00 0.0000e+00 1.7366e+02 -5.2667e+00 0.0000e+00 0.0000e+00 5.2667e+00 1.7204e+02 
27.0 1.6550e+02 -1.0951e+01 0.0000e+00 0.0000e+00 -1.0951e+01 1.6354e+02 0.0000e+00 0.0000e+00 0.0000e+00 0.0000e+00 1.6714e+02 -5.2686e+00 0.0000e+00 0.0000e+00 5.2686e+00 1.6557e+02 
28.0 1.5891e+02 -1.1362e+01 0.0000e+00 0.0000e+00 -1.1362e+01 1.5697e+02 0.0000e+00 0.0000e+00 0.0000e+00 0.0000e+00 1.6088e+02 -5.2676e+00 0.0000e+00 0.0000e+00 5.2676e+00 1.5934e+02 
29.0 1.5259e+02 -1.1758e+01 0.0000e+00 0.0000e+00 -1.1758e+01 1.5067e+02 0.0000e+00 0.0000e+00 0.0000e+00 0.0000e+00 1.5485e+02 -5.2626e+00 0.0000e+00 0.0000e+00 5.2626e+00 1.5334e+02 
30.0 1.4651e+02 -1.2139e+01 0.0000e+00 0.0000e+00 -1.2139e+01 1.4462e+02 0.0000e+00 0.0000e+00 0.0000e+00 0.0000e+00 1.4905e+02 -5.2528e+00 0.0000e+00 0.0000e+00 5.2528e+00 1.4757e+02 
31.0 1.4068e+02 -1.2504e+01 0.0000e+00 0.0000e+00 -1.2504e+01 1.3881e+02 0.0000e+00 0.0000e+00 0.0000e+00 0.0000e+00 1.4285e+02 -5.2380e+00 0.0000e+00 0.0000e+00 5.2380e+00 1.4141e+02 
32.0 1.3506e+02 -1.2851e+01 0.0000e+00 0.0000e+00 -1.2851e+01 1.3322e+02 0.0000e+00 0.0000e+00 0.0000e+00 0.0000e+00 1.3688e+02 -5.2188e+00 0.0000e+00 0.0000e+00 5.2188e+00 1.3549e+02 
33.0 1.2966e+02 -1.3181e+01 0.0000e+00 0.0000e+00 -1.3181e+01 1.2784e+02 0.0000e+00 0.0000e+00 0.0000e+00 0.0000e+00 1.3114e+02 -5.1954e+00 0.0000e+00 0.0000e+00 5.1954e+00 1.2979e+02 
34.0 1.2447e+02 -1.3492e+01 0.0000e+00 0.0000e+00 -1.3492e+01 1.2267e+02 0.0000e+00 0.0000e+00 0.0000e+00 0.0000e+00 1.2562e+02 -5.1678e+00 0.0000e+00 0.0000e+00 5.1678e+00 1.2430e+02 
35.0 1.1947e+02 -1.3784e+01 0.0000e+00 0.0000e+00 -1.3784e+01 1.1769e+02 0.0000e+00 0.0000e+00 0.0000e+00 0.0000e+00 1.2030e+02 -5.1359e+00 0.0000e+00 0.0000e+00 5.1359e+00 1.1902e+02 
36.0 1.1465e+02 -1.4056e+01 0.0000e+00 0.0000e+00 -1.4056e+01 1.1290e+02 0.0000e+00 0.0000e+00 0.0000e+00 0.0000e+00 1.1518e+02 -5.0990e+00 0.0000e+00 0.0000e+00 5.0990e+00 1.1394e+02 
37.0 1.1002e+02 -1.4309e+01 0.0000e+00 0.0000e+00 -1.4309e+01 1.0829e+02 0.0000e+00 0.0000e+00 0.0000e+00 0.0000e+00 1.1024e+02 -5.0568e+00 0.0000e+00 0.0000e+00 5.0568e+00 1.0904e+02 
38.0 1.0556e+02 -1.4542e+01 0.0000e+00 0.0000e+00 -1.4542e+01 1.0386e+02 0.0000e+00 0.0000e+00 0.0000e+00 0.0000e+00 1.0549e+02 -5.0090e+00 0.0000e+00 0.0000e+00 5.0090e+00 1.0433e+02 
39.0 1.0128e+02 -1.4757e+01 0.0000e+00 0.0000e+00 -1.4757e+01 9.9593e+01 0.0000e+00 0.0000e+00 0.0000e+00 0.0000e+00 1.0092e+02 -4.9555e+00 0.0000e+00 0.0000e+00 4.9555e+00 9.9793e+01 
40.0 9.7159e+01 -1.4953e+01 0.0000e+00 0.0000e+00 -1.4953e+01 9.5497e+01 0.0000e+00 0.0000e+00 0.0000e+00 0.0000e+00 9.6526e+01 -4.8968e+00 0.0000e+00 0.0000e+00 4.8968e+00 9.5432e+01 
41.0 9.3204e+01 -1.5131e+01 0.0000e+00 0.0000e+00 -1.5131e+01 9.1564e+01 0.0000e+00 0.0000e+00 0.0000e+00 0.0000e+00 9.2299e+01 -4.8335e+00 0.0000e+00 0.0000e+00 4.8335e+00 9.1240e+01 
42.0 8.9406e+01 -1.5291e+01 0.0000e+00 0.0000e+00 -1.5291e+01 8.7787e+01 0.0000e+00 0.0000e+00 0.0000e+00 0.0000e+00 8.8235e+01 -4.7661e+00 0.0000e+00 0.0000e+00 4.7661e+00 8.7210e+01 
43.0 8.5760e+01 -1.5433e+01 0.0000e+00 0.0000e+00 -1.5433e+01 8.4162e+01 0.0000e+00 0.0000e+00 0.0000e+00 0.0000e+00 8.4328e+01 -4.6951e+00 0.0000e+00 0.0000e+00 4.6951e+00 8.3336e+01 
44.0 8.2260e+01 -1.5556e+01 0.0000e+00 0.0000e+00 -1.5556e+01 8.0682e+01 0.0000e+00 0.0000e+00 0.0000e+00 0.0000e+00 8.0572e+01 -4.6205e+00 0.0000e+00 0.0000e+00 4.6205e+00 7.9613e+01 
45.0 7.8899e+01 -1.5663e+01 0.0000e+00 0.0000e+00 -1.5663e+01 7.7342e+01 0.0000e+00 0.0000e+00 0.0000e+00 0.0000e+00 7.6961e+01 -4.5426e+00 0.0000e+00 0.0000e+00 4.5426e+00 7.6035e+01 
46.0 7.5674e+01 -1.5752e+01 0.0000e+00 0.0000e+00 -1.5752e+01 7.4137e+01 0.0000e+00 0.0000e+00 0.0000e+00 0.0000e+00 7.3492e+01 -4.4615e+00 0.0000e+00 0.0000e+00 4.4615e+00 7.2597e+01 
47.0 7.2579e+01 -1.5825e+01 0.0000e+00 0.0000e+00 -1.5825e+01 7.1061e+01 0.0000e+00 0.0000e+00 0.0000e+00 0.0000e+00 7.0157e+01 -4.3772e+00 0.0000e+00 0.0000e+00 4.3772e+00 6.9294e+01 
48.0 6.9610e+01 -1.5882e+01 0.0000e+00 0.0000e+00 -1.5882e+01 6.8112e+01 0.0000e+00 0.0000e+00 0.0000e+00 0.0000e+00 6.6954e+01 -4.2901e+00 0.0000e+00 0.0000e+00 4.2901e+00 6.6122e+01 
49.0 6.6764e+01 -1.5923e+01 0.0000e+00 0.0000e+00 -1.5923e+01 6.5284e+01 0.0000e+00 0.0000e+00 0.0000e+00 0.0000e+00 6.3878e+01 -4.2005e+00 0.0000e+00 0.0000e+00 4.2005e+00 6.3076e+01 
50.0 6.4035e+01 -1.5950e+01 0.0000e+00 0.0000e+00 -1.5950e+01 6.2574e+01 0.0000e+00 0.0000e+00 0.0000e+00 0.0000e+00 6.0925e+01 -4.1087e+00 0.0000e+00 0.0000e+00 4.1087e+00 6.0152e+01 
51.0 6.1420e+01 -1.5961e+01 0.0000e+00 0.0000e+00 -1.5961e+01 5.9977e+01 0.0000e+00 0.0000e+00 0.0000e+00 0.0000e+00 5.8090e+01 -4.0150e+00 0.0000e+00 0.0000e+00 4.0150e+00 5.7345e+01 
52.0 5.8914e+01 -1.5959e+01 0.0000e+00 0.0000e+00 -1.5959e+01 5.7490e+01 0.0000e+00 0.0000e+00 0.0000e+00 0.0000e+00 5.5368e+01 -3.9197e+00 0.0000e+00 0.0000e+00 3.9197e+00 5.4651e+01 
53.0 5.6515e+01 -1.5943e+01 0.0000e+00 0.0000e+00 -1.5943e+01 5.5107e+01 0.0000e+00 0.0000e+00 0.0000e+00 0.0000e+00 5.2755e+01 -3.8229e+00 0.0000e+00 0.0000e+00 3.8229e+00 5.2066e+01 
54.0 5.4217e+01 -1.5915e+01 0.0000e+00 0.0000e+00 -1.5915e+01 5.2827e+01 0.0000e+00 0.0000e+00 0.0000e+00 0.0000e+00 5.0248e+01 -3.7247e+00 0.0000e+00 0.0000e+00 3.7247e+00 4.9586e+01 
55.0 5.2017e+01 -1.5874e+01 0.0000e+00 0.0000e+00 -1.5874e+01 5.0644e+01 0.0000e+00 0.0000e+00 0.0000e+00 0.0000e+00 4.7843e+01 -3.6253e+00 0.0000e+00 0.0000e+00 3.6253e+00 4.7208e+01 
56.0 4.9913e+01 -1.5821e+01 0.0000e+00 0.0000e+00 -1.5821e+01 4.8556e+01 0.0000e+00 0.0000e+00 0.0000e+00 0.0000e+00 4.5536e+01 -3.5251e+00 0.0000e+00 0.0000e+00 3.5251e+00 4.4926e+01 
57.0 4.7899e+01 -1.5757e+01 0.0000e+00 0.0000e+00 -1.5757e+01 4.6558e+01 0.0000e+00 0.0000e+00 0.0000e+00 0.0000e+00 4.3323e+01 -3.4242e+00 0.0000e+00 0.0000e+00 3.4242e+00 4.2739e+01 
58.0 4.5972e+01 -1.5683e+01 0.0000e+00 0.0000e+00 -1.5683e+01 4.4648e+01 0.0000e+00 0.0000e+00 0.0000e+00 0.0000e+00 4.1201e+01 -3.3228e+00 0.0000e+00 0.0000e+00 3.3228e+00 4.0641e+01 
59.0 4.4130e+01 -1.5598e+01 0.0000e+00 0.0000e+00 -1.5598e+01 4.2821e+01 0.0000e+00 0.0000e+00 0.0000e+00 0.0000e+00 3.9165e+01 -3.2211e+00 0.0000e+00 0.0000e+00 3.2211e+00 3.8630e+01 
60.0 4.2369e+01 -1.5503e+01 0.0000e+00 0.0000e+00 -1.5503e+01 4.1075e+01 0.0000e+00 0.0000e+00 0.0000e+00 0.0000e+00 3.7214e+01 -3.1193e+00 0.0000e+00 0.0000e+00 3.1193e+00 3.6702e+01 
61.0 4.0685e+01 -1.5400e+01 0.0000e+00 0.0000e+00 -1.5400e+01 3.9406e+01 0.0000e+00 0.0000e+00 0.0000e+00 0.0000e+00 3.5343e+01 -3.0174e+00 0.0000e+00 0.0000e+00 3.0174e+00 3.4854e+01 
62.0 3.9075e+01 -1.5288e+01 0.0000e+00 0.0000e+00 -1.5288e+01 3.7811e+01 0.0000e+00 0.0000e+00 0.0000e+00 0.0000e+00 3.3549e+01 -2.9157e+00 0.0000e+00 0.0000e+00 2.9157e+00 3.3083e+01 
63.0 3.7538e+01 -1.5168e+01 0.0000e+00 0.0000e+00 -1.5168e+01 3.6288e+01 0.0000e+00 0.0000e+00 0.0000e+00 0.0000e+00 3.1830e+01 -2.8143e+00 0.0000e+00 0.0000e+00 2.8143e+00 3.1386e+01 
64.0 3.6068e+01 -1.5040e+01 0.0000e+00 0.0000e+00 -1.5040e+01 3.4833e+01 0.0000e+00 0.0000e+00 0.0000e+00 0.0000e+00 3.0183e+01 -2.7134e+00 0.0000e+00 0.0000e+00 2.7134e+00 2.9760e+01 
65.0 3.4665e+01 -1.4905e+01 0.0000e+00 0.0000e+00 -1.4905e+01 3.3444e+01 0.0000e+00 0.0000e+00 0.0000e+00 0.0000e+00 2.8604e+01 -2.6132e+00 0.0000e+00 0.0000e+00 2.6132e+00 2.8202e+01 
66.0 3.3325e+01 -1.4764e+01 0.0000e+00 0.0000e+00 -1.4764e+01 3.2117e+01 0.0000e+00 0.0000e+00 0.0000e+00 0.0000e+00 2.7091e+01 -2.5138e+00 0.0000e+00 0.0000e+00 2.5138e+00 2.6710e+01 
67.0 3.2045e+01 -1.4616e+01 0.0000e+00 0.0000e+00 -1.4616e+01 3.0850e+01 0.0000e+00 0.0000e+00 0.0000e+00 0.0000e+00 2.5641e+01 -2.4152e+00 0.0000e+00 0.0000e+00 2.4152e+00 2.5280e+01 
68.0 3.0823e+01 -1.4463e+01 0.0000e+00 0.0000e+00 -1.4463e+01 2.9642e+01 0.0000e+00 0.0000e+00 0.0000e+00 0.0000e+00 2.4252e+01 -2.3177e+00 0.0000e+00 0.0000e+00 2.3177e+00 2.3910e+01 
69.0 2.9657e+01 -1.4304e+01 0.0000e+00 0.0000e+00 -1.4304e+01 2.8489e+01 0.0000e+00 0.0000e+00 0.0000e+00 0.0000e+00 2.2921e+01 -2.2212e+00 0.0000e+00 0.0000e+00 2.2212e+00 2.2598e+01 
70.0 2.8544e+01 -1.4140e+01 0.0000e+00 0.0000e+00 -1.4140e+01 2.7388e+01 0.0000e+00 0.0000e+00 0.0000e+00 0.0000e+00 2.1645e+01 -2.1260e+00 0.0000e+00 0.0000e+00 2.1260e+00 2.1342e+01 
71.0 2.7482e+01 -1.3972e+01 0.0000e+00 0.0000e+00 -1.3972e+01 2.6339e+01 0.0000e+00 0.0000e+00 0.0000e+00 0.0000e+00 2.0423e+01 -2.0320e+00 0.0000e+00 0.0000e+00 2.0320e+00 2.0138e+01 
72.0 2.6469e+01 -1.3800e+01 0.0000e+00 0.0000e+00 -1.3800e+01 2.5338e+01 0.0000e+00 0.0000e+00 0.0000e+00 0.0000e+00 1.9252e+01 -1.9394e+00 0.0000e+00 0.0000e+00 1.9394e+00 1.8985e+01 
73.0 2.5502e+01 -1.3623e+01 0.0000e+00 0.0000e+00 -1.3623e+01 2.4384e+01 0.0000e+00 0.0000e+00 0.0000e+00 0.0000e+00 1.8131e+01 -1.8483e+00 0.0000e+00 0.0000e+00 1.8483e+00 1.7881e+01 
74.0 2.4581e+01 -1.3444e+01 0.0000e+00 0.0000e+00 -1.3444e+01 2.3475e+01 0.0000e+00 0.0000e+00 0.0000e+00 0.0000e+00 1.7056e+01 -1.7588e+00 0.0000e+00 0.0000e+00 1.7588e+00 1.6824e+01 
75.0 2.3702e+01 -1.3261e+01 0.0000e+00 0.0000e+00 -1.3261e+01 2.2608e+01 0.0000e+00 0.0000e+00 0.0000e+00 0.0000e+00 1.6027e+01 -1.6709e+00 0.0000e+00 0.0000e+00 1.6709e+00 1.5811e+01 
76.0 2.2864e+01 -1.3075e+01 0.0000e+00 0.0000e+00 -1.3075e+01 2.1782e+01 0.0000e+00 0.0000e+00 0.0000e+00 0.0000e+00 1.5040e+01 -1.5847e+00 0.0000e+00 0.0000e+00 1.5847e+00 1.4841e+01 
77.0 2.2066e+01 -1.2887e+01 0.0000e+00 0.0000e+00 -1.2887e+01 2.0995e+01 0.0000e+00 0.0000e+00 0.0000e+00 0.0000e+00 1.4095e+01 -1.5002e+00 0.0000e+00 0.0000e+00 1.5002e+00 1.3911e+01 
78.0 2.1305e+01 -1.2696e+01 0.0000e+00 0.0000e+00 -1.2696e+01 2.0246e+01 0.0000e+00 0.0000e+00 0.0000e+00 0.0000e+00 1.3190e+01 -1.4175e+00 0.0000e+00 0.0000e+00 1.4175e+00 1.3021e+01 
79.0 2.0580e+01 -1.2503e+01 0.0000e+00 0.0000e+00 -1.2503e+01 1.9532e+01 0.0000e+00 0.0000e+00 0.0000e+00 0.0000e+00 1.2322e+01 -1.3366e+00 0.0000e+00 0.0000e+00 1.3366e+00 1.2168e+01 
80.0 1.9889e+01 -1.2309e+01 0.0000e+00 0.0000e+00 -1.2309e+01 1.8852e+01 0.0000e+00 0.0000e+00 0.0000e+00 0.0000e+00 1.1491e+01 -1.2574e+00 0.0000e+00 0.0000e+00 1.2574e+00 1.1351e+01 
81.0 1.9230e+01 -1.2112e+01 0.0000e+00 0.0000e+00 -1.2112e+01 1.8205e+01 0.0000e+00 0.0000e+00 0.0000e+00 0.0000e+00 1.0694e+01 -1.1800e+00 0.0000e+00 0.0000e+00 1.1800e+00 1.0569e+01 
82.0 1.8603e+01 -1.1915e+01 0.0000e+00 0.0000e+00 -1.1915e+01 1.7589e+01 0.0000e+00 0.0000e+00 0.0000e+00 0.0000e+00 9.9304e+00 -1.1044e+00 0.0000e+00 0.0000e+00 1.1044e+00 9.8188e+00 
83.0 1.8006e+01 -1.1717e+01 0.0000e+00 0.0000e+00 -1.1717e+01 1.7003e+01 0.0000e+00 0.0000e+00 0.0000e+00 0.0000e+00 9.1986e+00 -1.0307e+00 0.0000e+00 0.0000e+00 1.0307e+00 9.1003e+00 
84.0 1.7438e+01 -1.1517e+01 0.0000e+00 0.0000e+00 -1.1517e+01 1.6446e+01 0.0000e+00 0.0000e+00 0.0000e+00 0.0000e+00 8.4973e+00 -9.5873e-01 0.0000e+00 0.0000e+00 9.5873e-01 8.4119e+00 
85.0 1.6896e+01 -1.1317e+01 0.0000e+00 0.0000e+00 -1.1317e+01 1.5915e+01 0.0000e+00 0.0000e+00 0.0000e+00 0.0000e+00 7.8251e+00 -8.8863e-01 0.0000e+00 0.0000e+00 8.8863e-01 7.7523e+00 
86.0 1.6381e+01 -1.1117e+01 0.0000e+00 0.0000e+00 -1.1117e+01 1.5411e+01 0.0000e+00 0.0000e+00 0.0000e+00 0.0000e+00 7.1808e+00 -8.2036e-01 0.0000e+00 0.0000e+00 8.2036e-01 7.1201e+00 
87.0 1.5890e+01 -1.0916e+01 0.0000e+00 0.0000e+00 -1.0916e+01 1.4931e+01 0.0000e+00 0.0000e+00 0.0000e+00 0.0000e+00 6.5631e+00 -7.5392e-01 0.0000e+00 0.0000e+00 7.5392e-01 6.5142e+00 
88.0 1.5423e+01 -1.0715e+01 0.0000e+00 0.0000e+00 -1.0715e+01 1.4475e+01 0.0000e+00 0.0000e+00 0.0000e+00 0.0000e+00 5.9710e+00 -6.8930e-01 0.0000e+00 0.0000e+00 6.8930e-01 5.9335e+00 
89.0 1.4979e+01 -1.0514e+01 0.0000e+00 0.0000e+00 -1.0514e+01 1.4042e+01 0.0000e+00 0.0000e+00 0.0000e+00 0.0000e+00 5.4033e+00 -6.2651e-01 0.0000e+00 0.0000e+00 6.2651e-01 5.3768e+00 
90.0 1.4557e+01 -1.0313e+01 0.0000e+00 0.0000e+00 -1.0313e+01 1.3630e+01 0.0000e+00 0.0000e+00 0.0000e+00 0.0000e+00 4.8589e+00 -5.6554e-01 0.0000e+00 0.0000e+00 5.6554e-01 4.8432e+00 
91.0 1.4155e+01 -1.0113e+01 0.0000e+00 0.0000e+00 -1.0113e+01 1.3239e+01 0.0000e+00 0.0000e+00 0.0000e+00 0.0000e+00 4.3370e+00 -5.0640e-01 0.0000e+00 0.0000e+00 5.0640e-01 4.3315e+00 
92.0 1.3773e+01 -9.9131e+00 0.0000e+00 0.0000e+00 -9.9131e+00 1.2867e+01 0.0000e+00 0.0000e+00 0.0000e+00 0.0000e+00 3.8364e+00 -4.4908e-01 0.0000e+00 0.0000e+00 4.4908e-01 3.8409e+00 
93.0 1.3409e+01 -9.7137e+00 0.0000e+00 0.0000e+00 -9.7137e+00 1.2514e+01 0.0000e+00 0.0000e+00 0.0000e+00 0.0000e+00 3.3563e+00 -3.9358e-01 0.0000e+00 0.0000e+00 3.9358e-01 3.3705e+00 
94.0 1.3064e+01 -9.5150e+00 0.0000e+00 0.0000e+00 -9.5150e+00 1.2179e+01 0.0000e+00 0.0000e+00 0.0000e+00 0.0000e+00 2.8958e+00 -3.3987e-01 0.0000e+00 0.0000e+00 3.3987e-01 2.9192e+00 
95.0 1.2736e+01 -9.3170e+00 0.0000e+00 0.0000e+00 -9.3170e+00 1.1862e+01 0.0000e+00 0.0000e+00 0.0000e+00 0.0000e+00 2.4540e+00 -2.8795e-01 0.0000e+00 0.0000e+00 2.8795e-01 2.4864e+00 
96.0 1.2425e+01 -9.1199e+00 0.0000e+00 0.0000e+00 -9.1199e+00 1.1560e+01 0.0000e+00 0.0000e+00 0.0000e+00 0.0000e+00 2.0302e+00 -2.3780e-01 0.0000e+00 0.0000e+00 2.3780e-01 2.0711e+00 
97.0 1.2129e+01 -8.9238e+00 0.0000e+00 0.0000e+00 -8.9238e+00 1.1275e+01 0.0000e+00 0.0000e+00 0.0000e+00 0.0000e+00 1.6235e+00 -1.8939e-01 0.0000e+00 0.0000e+00 1.8939e-01 1.6727e+00 
98.0 1.1848e+01 -8.7287e+00 0.0000e+00 0.0000e+00 -8.7287e+00 1.1004e+01 0.0000e+00 0.0000e+00 0.0000e+00 0.0000e+00 1.2332e+00 -1.4271e-01 0.0000e+00 0.0000e+00 1.4271e-01 1.2903e+00 
99.0 1.1581e+01 -8.5347e+00 0.0000e+00 0.0000e+00 -8.5347e+00 1.0748e+01 0.0000e+00 0.0000e+00 0.0000e+00 0.0000e+00 8.5861e-01 -9.7747e-02 0.0000e+00 0.0000e+00 9.7747e-02 9.2329e-01 
100.0 1.1328e+01 -8.3419e+00 0.0000e+00 0.0000e+00 -8.3419e+00 1.0505e+01 0.0000e+00 0.0000e+00 0.0000e+00 0.0000e+00 4.9902e-01 -5.4471e-02 0.0000e+00 0.0000e+00 5.4471e-02 5.7098e-01 
101.0 1.1089e+01 -8.1503e+00 0.0000e+00 0.0000e+00 -8.1503e+00 1.0275e+01 0.0000e+00 0.0000e+00 0.0000e+00 0.0000e+00 1.5379e-01 -1.2866e-02 0.0000e+00 0.0000e+00 1.2866e-02 2.3272e-01 
102.0 1.0862e+01 -7.9601e+00 0.0000e+00 0.0000e+00 -7.9601e+00 1.0058e+01 0.0000e+00 0.0000e+00 0.0000e+00 0.0000e+00 -1.7769e-01 2.7088e-02 0.0000e+00 0.0000e+00 -2.7088e-02 -9.2109e-02 
103.0 1.0646e+01 -7.7712e+00 0.0000e+00 0.0000e+00 -7.7712e+00 9.8534e+00 0.0000e+00 0.0000e+00 0.0000e+00 0.0000e+00 -4.9605e-01 6.5413e-02 0.0000e+00 0.0000e+00 -6.5413e-02 -4.0411e-01 
104.0 1.0443e+01 -7.5838e+00 0.0000e+00 0.0000e+00 -7.5838e+00 9.6598e+00 0.0000e+00 0.0000e+00 0.0000e+00 0.0000e+00 -8.0184e-01 1.0213e-01 0.0000e+00 0.0000e+00 -1.0213e-01 -7.0383e-01 
105.0 1.0250e+01 -7.3978e+00 0.0000e+00 0.0000e+00 -7.3978e+00 9.4772e+00 0.0000e+00 0.0000e+00 0.0000e+00 0.0000e+00 -1.0956e+00 1.3727e-01 0.0000e+00 0.0000e+00 -1.3727e-01 -9.9181e-01 
106.0 1.0068e+01 -7.2133e+00 0.0000e+00 0.0000e+00 -7.2133e+00 9.3051e+00 0.0000e+00 0.0000e+00 0.0000e+00 0.0000e+00 -1.3779e+00 1.7086e-01 0.0000e+00 0.0000e+00 -1.7086e-01 -1.2686e+00 
107.0 9.8966e+00 -7.0305e+00 0.0000e+00 0.0000e+00 -7.0305e+00 9.1432e+00 0.0000e+00 0.0000e+00 0.0000e+00 0.0000e+00 -1.6491e+00 2.0291e-01 0.0000e+00 0.0000e+00 -2.0291e-01 -1.5346e+00 
108.0 9.7344e+00 -6.8492e+00 0.0000e+00 0.0000e+00 -6.8492e+00 8.9908e+00 0.0000e+00 0.0000e+00 0.0000e+00 0.0000e+00 -1.9098e+00 2.3345e-01 0.0000e+00 0.0000e+00 -2.3345e-01 -1.7903e+00 
109.0 9.5815e+00 -6.6696e+00 0.0000e+00 0.0000e+00 -6.6696e+00 8.8478e+00 0.0000e+00 0.0000e+00 0.0000e+00 0.0000e+00 -2.1605e+00 2.6250e-01 0.0000e+00 0.0000e+00 -2.6250e-01 -2.0363e+00 
110.0 9.4375e+00 -6.4917e+00 0.0000e+00 0.0000e+00 -6.4917e+00 8.7136e+00 0.0000e+00 0.0000e+00 0.0000e+00 0.0000e+00 -2.4015e+00 2.9009e-01 0.0000e+00 0.0000e+00 -2.9009e-01 -2.2728e+00 
111.0 9.3021e+00 -6.3155e+00 0.0000e+00 0.0000e+00 -6.3155e+00 8.5879e+00 0.0000e+00 0.0000e+00 0.0000e+00 0.0000e+00 -2.6333e+00 3.1623e-01 0.0000e+00 0.0000e+00 -3.1623e-01 -2.5003e+00 
112.0 9.1749e+00 -6.1411e+00 0.0000e+00 0.0000e+00 -6.1411e+00 8.4703e+00 0.0000e+00 0.0000e+00 0.0000e+00 0.0000e+00 -2.8563e+00 3.4095e-01 0.0000e+00 0.0000e+00 -3.4095e-01 -2.7193e+00 
113.0 9.0555e+00 -5.9685e+00 0.0000e+00 0.0000e+00 -5.9685e+00 8.3606e+00 0.0000e+00 0.0000e+00 0.0000e+00 0.0000e+00 -3.0708e+00 3.6427e-01 0.0000e+00 0.0000e+00 -3.6427e-01 -2.9300e+00 
114.0 8.9436e+00 -5.7977e+00 0.0000e+00 0.0000e+00 -5.7977e+00 8.2584e+00 0.0000e+00 0.0000e+00 0.0000e+00 0.0000e+00 -3.2773e+00 3.8620e-01 0.0000e+00 0.0000e+00 -3.8620e-01 -3.1328e+00 
115.0 8.8390e+00 -5.6288e+00 0.0000e+00 0.0000e+00 -5.6288e+00 8.1634e+00 0.0000e+00 0.0000e+00 0.0000e+00 0.0000e+00 -3.4761e+00 4.0678e-01 0.0000e+00 0.0000e+00 -4.0678e-01 -3.3281e+00 
116.0 8.7413e+00 -5.4618e+00 0.0000e+00 0.0000e+00 -5.4618e+00 8.0753e+00 0.0000e+00 0.0000e+00 0.0000e+00 0.0000e+00 -3.6674e+00 4.2601e-01 0.0000e+00 0.0000e+00 -4.2601e-01 -3.5161e+00 
117.0 8.6503e+00 -5.2968e+00 0.0000e+00 0.0000e+00 -5.2968e+00 7.9937e+00 0.0000e+00 0.0000e+00 0.0000e+00 0.0000e+00 -3.8517e+00 4.4392e-01 0.0000e+00 0.0000e+00 -4.4392e-01 -3.6973e+00 
118.0 8.5657e+00 -5.1337e+00 0.0000e+00 0.0000e+00 -5.1337e+00 7.9186e+00 0.0000e+00 0.0000e+00 0.0000e+00 0.0000e+00 -4.0292e+00 4.6052e-01 0.0000e+00 0.0000e+00 -4.6052e-01 -3.8718e+00 
119.0 8.4873e+00 -4.9726e+00 0.0000e+00 0.0000e+00 -4.9726e+00 7.8495e+00 0.0000e+00 0.0000e+00 0.0000e+00 0.0000e+00 -4.2002e+00 4.7584e-01 0.0000e+00 0.0000e+00 -4.7584e-01 -4.0400e+00 
120.0 8.4147e+00 -4.8135e+00 0.0000e+00 0.0000e+00 -4.8135e+00 7.7862e+00 0.0000e+00 0.0000e+00 0.0000e+00 0.0000e+00 -4.3651e+00 4.8988e-01 0.0000e+00 0.0000e+00 -4.8988e-01 -4.2021e+00 
121.0 8.3478e+00 -4.6565e+00 0.0000e+00 0.0000e+00 -4.6565e+00 7.7286e+00 0.0000e+00 0.0000e+00 0.0000e+00 0.0000e+00 -4.5240e+00 5.0267e-01 0.0000e+00 0.0000e+00 -5.0267e-01 -4.3583e+00 
122.0 8.2863e+00 -4.5016e+00 0.0000e+00 0.0000e+00 -4.5016e+00 7.6762e+00 0.0000e+00 0.0000e+00 0.0000e+00 0.0000e+00 -4.6772e+00 5.1421e-01 0.0000e+00 0.0000e+00 -5.1421e-01 -4.5090e+00 
123.0 8.2300e+00 -4.3488e+00 0.0000e+00 0.0000e+00 -4.3488e+00 7.6290e+00 0.0000e+00 0.0000e+00 0.0000e+00 0.0000e+00 -4.8250e+00 5.2451e-01 0.0000e+00 0.0000e+00 -5.2451e-01 -4.6544e+00 
124.0 8.1787e+00 -4.1981e+00 0.0000e+00 0.0000e+00 -4.1981e+00 7.5867e+00 0.0000e+00 0.0000e+00 0.0000e+00 0.0000e+00 -4.9676e+00 5.3358e-01 0.0000e+00 0.0000e+00 -5.3358e-01 -4.7946e+00 
125.0 8.1322e+00 -4.0496e+00 0.0000e+00 0.0000e+00 -4.0496e+00 7.5491e+00 0.0000e+00 0.0000e+00 0.0000e+00 0.0000e+00 -5.1053e+00 5.4144e-01 0.0000e+00 0.0000e+00 -5.4144e-01 -4.9299e+00 
126.0 8.0903e+00 -3.9033e+00 0.0000e+00 0.0000e+00 -3.9033e+00 7.5159e+00 0.0000e+00 0.0000e+00 0.0000e+00 0.0000e+00 -5.2382e+00 5.4810e-01 0.0000e+00 0.0000e+00 -5.4810e-01 -5.0605e+00 
127.0 8.0528e+00 -3.7592e+00 0.0000e+00 0.0000e+00 -3.7592e+00 7.4870e+00 0.0000e+00 0.0000e+00 0.0000e+00 0.0000e+00 -5.3666e+00 5.5356e-01 0.0000e+00 0.0000e+00 -5.5356e-01 -5.1866e+00 
128.0 8.0194e+00 -3.6174e+00 0.0000e+00 0.0000e+00 -3.6174e+00 7.4623e+00 0.0000e+00 0.0000e+00 0.0000e+00 0.0000e+00 -5.4906e+00 5.5785e-01 0.0000e+00 0.0000e+00 -5.5785e-01 -5.3083e+00 
129.0 7.9901e+00 -3.4778e+00 0.0000e+00 0.0000e+00 -3.4778e+00 7.4413e+00 0.0000e+00 0.0000e+00 0.0000e+00 0.0000e+00 -5.6104e+00 5.6096e-01 0.0000e+00 0.0000e+00 -5.6096e-01 -5.4259e+00 
130.0 7.9646e+00 -3.3405e+00 0.0000e+00 0.0000e+00 -3.3405e+00 7.4241e+00 0.0000e+00 0.0000e+00 0.0000e+00 0.0000e+00 -5.7262e+00 5.6293e-01 0.0000e+00 0.0000e+00 -5.6293e-01 -5.5395e+00 
131.0 7.9428e+00 -3.2055e+00 0.0000e+00 0.0000e+00 -3.2055e+00 7.4105e+00 0.0000e+00 0.0000e+00 0.0000e+00 0.0000e+00 -5.8382e+00 5.6377e-01 0.0000e+00 0.0000e+00 -5.6377e-01 -5.6493e+00 
132.0 7.9246e+00 -3.0729e+00 0.0000e+00 0.0000e+00 -3.0729e+00 7.4002e+00 0.0000e+00 0.0000e+00 0.0000e+00 0.0000e+00 -5.9466e+00 5.6349e-01 0.0000e+00 0.0000e+00 -5.6349e-01 -5.7553e+00 
133.0 7.9096e+00 -2.9426e+00 0.0000e+00 0.0000e+00 -2.9426e+00 7.3931e+00 0.0000e+00 0.0000e+00 0.0000e+00 0.0000e+00 -6.0514e+00 5.6212e-01 0.0000e+00 0.0000e+00 -5.6212e-01 -5.8578e+00 
134.0 7.8979e+00 -2.8147e+00 0.0000e+00 0.0000e+00 -2.8147e+00 7.3890e+00 0.0000e+00 0.0000e+00 0.0000e+00 0.0000e+00 -6.1528e+00 5.5968e-01 0.0000e+00 0.0000e+00 -5.5968e-01 -5.9569e+00 
135.0 7.8892e+00 -2.6892e+00 0.0000e+00 0.0000e+00 -2.6892e+00 7.3878e+00 0.0000e+00 0.0000e+00 0.0000e+00 0.0000e+00 -6.2510e+00 5.5619e-01 0.0000e+00 0.0000e+00 -5.5619e-01 -6.0526e+00 
136.0 7.8835e+00 -2.5662e+00 0.0000e+00 0.0000e+00 -2.5662e+00 7.3893e+00 0.0000e+00 0.0000e+00 0.0000e+00 0.0000e+00 -6.3460e+00 5.5167e-01 0.0000e+00 0.0000e+00 -5.5167e-01 -6.1452e+00 
137.0 7.8805e+00 -2.4456e+00 0.0000e+00 0.0000e+00 -2.4456e+00 7.3934e+00 0.0000e+00 0.0000e+00 0.0000e+00 0.0000e+00 -6.4381e+00 5.4615e-01 0.0000e+00 0.0000e+00 -5.4615e-01 -6.2346e+00 
138.0 7.8802e+00 -2.3275e+00 0.0000e+00 0.0000e+00 -2.3275e+00 7.3999e+00 0.0000e+00 0.0000e+00 0.0000e+00 0.0000e+00 -6.5273e+00 5.3966e-01 0.0000e+00 0.0000e+00 -5.3966e-01 -6.3211e+00 
139.0 7.8824e+00 -2.2120e+00 0.0000e+00 0.0000e+00 -2.2120e+00 7.4087e+00 0.0000e+00 0.0000e+00 0.0000e+00 0.0000e+00 -6.6136e+00 5.3221e-01 0.0000e+00 0.0000e+00 -5.3221e-01 -6.4047e+00 
140.0 7.8870e+00 -2.0990e+00 0.0000e+00 0.0000e+00 -2.0990e+00 7.4197e+00 0.0000e+00 0.0000e+00 0.0000e+00 0.0000e+00 -6.6974e+00 5.2383e-01 0.0000e+00 0.0000e+00 -5.2383e-01 -6.4854e+00 
141.0 7.8939e+00 -1.9886e+00 0.0000e+00 0.0000e+00 -1.9886e+00 7.4327e+00 0.0000e+00 0.0000e+00 0.0000e+00 0.0000e+00 -6.7785e+00 5.1456e-01 0.0000e+00 0.0000e+00 -5.1456e-01 -6.5635e+00 
142.0 7.9029e+00 -1.8809e+00 0.0000e+00 0.0000e+00 -1.8809e+00 7.4475e+00 0.0000e+00 0.0000e+00 0.0000e+00 0.0000e+00 -6.8571e+00 5.0443e-01 0.0000e+00 0.0000e+00 -5.0443e-01 -6.6388e+00 
143.0 7.9139e+00 -1.7758e+00 0.0000e+00 0.0000e+00 -1.7758e+00 7.4641e+00 0.0000e+00 0.0000e+00 0.0000e+00 0.0000e+00 -6.9333e+00 4.9345e-01 0.0000e+00 0.0000e+00 -4.9345e-01 -6.7116e+00 
144.0 7.9268e+00 -1.6735e+00 0.0000e+00 0.0000e+00 -1.6735e+00 7.4823e+00 0.0000e+00 0.0000e+00 0.0000e+00 0.0000e+00 -7.0071e+00 4.8167e-01 0.0000e+00 0.0000e+00 -4.8167e-01 -6.7818e+00 
145.0 7.9415e+00 -1.5739e+00 0.0000e+00 0.0000e+00 -1.5739e+00 7.5019e+00 0.0000e+00 0.0000e+00 0.0000e+00 0.0000e+00 -7.0786e+00 4.6910e-01 0.0000e+00 0.0000e+00 -4.6910e-01 -6.8495e+00 
146.0 7.9579e+00 -1.4770e+00 0.0000e+00 0.0000e+00 -1.4770e+00 7.5229e+00 0.0000e+00 0.0000e+00 0.0000e+00 0.0000e+00 -7.1479e+00 4.5579e-01 0.0000e+00 0.0000e+00 -4.5579e-01 -6.9147e+00 
147.0 7.9759e+00 -1.3830e+00 0.0000e+00 0.0000e+00 -1.3830e+00 7.5451e+00 0.0000e+00 0.0000e+00 0.0000e+00 0.0000e+00 -7.2150e+00 4.4177e-01 0.0000e+00 0.0000e+00 -4.4177e-01 -6.9775e+00 
148.0 7.9953e+00 -1.2918e+00 0.0000e+00 0.0000e+00 -1.2918e+00 7.5684e+00 0.0000e+00 0.0000e+00 0.0000e+00 0.0000e+00 -7.2800e+00 4.2706e-01 0.0000e+00 0.0000e+00 -4.2706e-01 -7.0380e+00 
149.0 8.0161e+00 -1.2035e+00 0.0000e+00 0.0000e+00 -1.2035e+00 7.5927e+00 0.0000e+00 0.0000e+00 0.0000e+00 0.0000e+00 -7.3429e+00 4.1173e-01 0.0000e+00 0.0000e+00 -4.1173e-01 -7.0960e+00 
150.0 8.0382e+00 -1.1182e+00 0.0000e+00 0.0000e+00 -1.1182e+00 7.6178e+00 0.0000e+00 0.0000e+00 0.0000e+00 0.0000e+00 -7.4038e+00 3.9581e-01 0.0000e+00 0.0000e+00 -3.9581e-01 -7.1517e+00 
151.0 8.0615e+00 -1.0357e+00 0.0000e+00 0.0000e+00 -1.0357e+00 7.6437e+00 0.0000e+00 0.0000e+00 0.0000e+00 0.0000e+00 -7.4626e+00 3.7935e-01 0.0000e+00 0.0000e+00 -3.7935e-01 -7.2051e+00 
152.0 8.0859e+00 -9.5630e-01 0.0000e+00 0.0000e+00 -9.5630e-01 7.6703e+00 0.0000e+00 0.0000e+00 0.0000e+00 0.0000e+00 -7.5194e+00 3.6239e-01 0.0000e+00 0.0000e+00 -3.6239e-01 -7.2561e+00 
153.0 8.1114e+00 -8.7988e-01 0.0000e+00 0.0000e+00 -8.7988e-01 7.6974e+00 0.0000e+00 0.0000e+00 0.0000e+00 0.0000e+00 -7.5743e+00 3.4497e-01 0.0000e+00 0.0000e+00 -3.4497e-01 -7.3049e+00 
154.0 8.1378e+00 -8.0651e-01 0.0000e+00 0.0000e+00 -8.0651e-01 7.7250e+00 0.0000e+00 0.0000e+00 0.0000e+00 0.0000e+00 -7.6272e+00 3.2713e-01 0.0000e+00 0.0000e+00 -3.2713e-01 -7.3513e+00 
155.0 8.1649e+00 -7.3622e-01 0.0000e+00 0.0000e+00 -7.3622e-01 7.7528e+00 0.0000e+00 0.0000e+00 0.0000e+00 0.0000e+00 -7.6783e+00 3.0891e-01 0.0000e+00 0.0000e+00 -3.0891e-01 -7.3955e+00 
156.0 8.1929e+00 -6.6906e-01 0.0000e+00 0.0000e+00 -6.6906e-01 7.7809e+00 0.0000e+00 0.0000e+00 0.0000e+00 0.0000e+00 -7.7275e+00 2.9035e-01 0.0000e+00 0.0000e+00 -2.9035e-01 -7.4375e+00 
157.0 8.2214e+00 -6.0508e-01 0.0000e+00 0.0000e+00 -6.0508e-01 7.8090e+00 0.0000e+00 0.0000e+00 0.0000e+00 0.0000e+00 -7.7748e+00 2.7145e-01 0.0000e+00 0.0000e+00 -2.7145e-01 -7.4772e+00 
158.0 8.2504e+00 -5.4434e-01 0.0000e+00 0.0000e+00 -5.4434e-01 7.8370e+00 0.0000e+00 0.0000e+00 0.0000e+00 0.0000e+00 -7.8204e+00 2.5223e-01 0.0000e+00 0.0000e+00 -2.5223e-01 -7.5146e+00 
159.0 8.2797e+00 -4.8691e-01 0.0000e+00 0.0000e+00 -4.8691e-01 7.8647e+00 0.0000e+00 0.0000e+00 0.0000e+00 0.0000e+00 -7.8641e+00 2.3268e-01 0.0000e+00 0.0000e+00 -2.3268e-01 -7.5499e+00 
160.0 8.3091e+00 -4.3287e-01 0.0000e+00 0.0000e+00 -4.3287e-01 7.8919e+00 0.0000e+00 0.0000e+00 0.0000e+00 0.0000e+00 -7.9061e+00 2.1282e-01 0.0000e+00 0.0000e+00 -2.1282e-01 -7.5829e+00 
161.0 8.3385e+00 -3.8229e-01 0.0000e+00 0.0000e+00 -3.8229e-01 7.9183e+00 0.0000e+00 0.0000e+00 0.0000e+00 0.0000e+00 -7.9463e+00 1.9264e-01 0.0000e+00 0.0000e+00 -1.9264e-01 -7.6135e+00 
162.0 8.3677e+00 -3.3523e-01 0.0000e+00 0.0000e+00 -3.3523e-01 7.9438e+00 0.0000e+00 0.0000e+00 0.0000e+00 0.0000e+00 -7.9848e+00 1.7222e-01 0.0000e+00 0.0000e+00 -1.7222e-01 -7.6418e+00 
163.0 8.3969e+00 -2.9172e-01 0.0000e+00 0.0000e+00 -2.9172e-01 7.9683e+00 0.0000e+00 0.0000e+00 0.0000e+00 0.0000e+00 -8.0217e+00 1.5165e-01 0.0000e+00 0.0000e+00 -1.5165e-01 -7.6677e+00 
164.0 8.4259e+00 -2.5177e-01 0.0000e+00 0.0000e+00 -2.5177e-01 7.9918e+00 0.0000e+00 0.0000e+00 0.0000e+00 0.0000e+00 -8.0569e+00 1.3110e-01 0.0000e+00 0.0000e+00 -1.3110e-01 -7.6911e+00 
165.0 8.4549e+00 -2.1534e-01 0.0000e+00 0.0000e+00 -2.1534e-01 8.0141e+00 0.0000e+00 0.0000e+00 0.0000e+00 0.0000e+00 -8.0905e+00 1.1076e-01 0.0000e+00 0.0000e+00 -1.1076e-01 -7.7120e+00 
166.0 8.4840e+00 -1.8240e-01 0.0000e+00 0.0000e+00 -1.8240e-01 8.0353e+00 0.0000e+00 0.0000e+00 0.0000e+00 0.0000e+00 -8.1227e+00 9.0908e-02 0.0000e+00 0.0000e+00 -9.0908e-02 -7.7303e+00 
167.0 8.5132e+00 -1.5285e-01 0.0000e+00 0.0000e+00 -1.5285e-01 8.0555e+00 0.0000e+00 0.0000e+00 0.0000e+00 0.0000e+00 -8.1534e+00 7.1821e-02 0.0000e+00 0.0000e+00 -7.1821e-02 -7.7460e+00 
168.0 8.5428e+00 -1.2657e-01 0.0000e+00 0.0000e+00 -1.2657e-01 8.0746e+00 0.0000e+00 0.0000e+00 0.0000e+00 0.0000e+00 -8.1828e+00 5.3833e-02 0.0000e+00 0.0000e+00 -5.3833e-02 -7.7591e+00 
169.0 8.5728e+00 -1.0343e-01 0.0000e+00 0.0000e+00 -1.0343e-01 8.0928e+00 0.0000e+00 0.0000e+00 0.0000e+00 0.0000e+00 -8.2110e+00 3.7314e-02 0.0000e+00 0.0000e+00 -3.7314e-02 -7.7696e+00 
170.0 8.6035e+00 -8.3249e-02 0.0000e+00 0.0000e+00 -8.3249e-02 8.1102e+00 0.0000e+00 0.0000e+00 0.0000e+00 0.0000e+00 -8.2381e+00 2.2674e-02 0.0000e+00 0.0000e+00 -2.2674e-02 -7.7777e+00 
171.0 8.6350e+00 -6.5797e-02 0.0000e+00 0.0000e+00 -6.5797e-02 8.1271e+00 0.0000e+00 0.0000e+00 0.0000e+00 0.0000e+00 -8.2641e+00 1.0360e-02 0.0000e+00 0.0000e+00 -1.0360e-02 -7.7834e+00 
172.0 8.6674e+00 -5.0816e-02 0.0000e+00 0.0000e+00 -5.0816e-02 8.1435e+00 0.0000e+00 0.0000e+00 0.0000e+00 0.0000e+00 -8.2890e+00 8.2750e-04 0.0000e+00 0.0000e+00 -8.2750e-04 -7.7869e+00 
173.0 8.7004e+00 -3.8015e-02 0.0000e+00 0.0000e+00 -3.8015e-02 8.1598e+00 0.0000e+00 0.0000e+00 0.0000e+00 0.0000e+00 -8.3126e+00 -5.5605e-03 0.0000e+00 0.0000e+00 5.5605e-03 -7.7886e+00 
174.0 8.7334e+00 -2.7125e-02 0.0000e+00 0.0000e+00 -2.7125e-02 8.1759e+00 0.0000e+00 0.0000e+00 0.0000e+00 0.0000e+00 -8.3345e+00 -8.6749e-03 0.0000e+00 0.0000e+00 8.6749e-03 -7.7886e+00 
175.0 8.7653e+00 -1.7958e-02 0.0000e+00 0.0000e+00 -1.7958e-02 8.1913e+00 0.0000e+00 0.0000e+00 0.0000e+00 0.0000e+00 -8.3541e+00 -8.7940e-03 0.0000e+00 0.0000e+00 8.7940e-03 -7.7874e+00 
176.0 8.7940e+00 -1.0476e-02 0.0000e+00 0.0000e+00 -1.0476e-02 8.2054e+00 0.0000e+00 0.0000e+00 0.0000e+00 0.0000e+00 -8.3706e+00 -6.7084e-03 0.0000e+00 0.0000e+00 6.7084e-03 -7.7856e+00 
177.0 8.8173e+00 -4.8163e-03 0.0000e+00 0.0000e+00 -4.8163e-03 8.2169e+00 0.0000e+00 0.0000e+00 0.0000e+00 0.0000e+00 -8.3832e+00 -3.6579e-03 0.0000e+00 0.0000e+00 3.6579e-03 -7.7836e+00 
178.0 8.8324e+00 -1.2397e-03 0.0000e+00 0.0000e+00 -1.2397e-03 8.2244e+00 0.0000e+00 0.0000e+00 0.0000e+00 0.0000e+00 -8.3910e+00 -1.0494e-03 0.0000e+00 0.0000e+00 1.0494e-03 -7.7821e+00 
179.0 8.8378e+00 -1.4201e-20 0.0000e+00 0.0000e+00 -1.4201e-20 8.2271e+00 0.0000e+00 0.0000e+00 0.0000e+00 0.0000e+00 -8.3938e+00 -1.3104e-20 0.0000e+00 0.0000e+00 1.3104e-20 -7.7816e+00 
180.0 8.8432e+00 0.0000e+00 0.0000e+00 0.0000e+00 0.0000e+00 8.2298e+00 0.0000e+00 0.0000e+00 0.0000e+00 0.0000e+00 -8.3965e+00 0.0000e+00 0.0000e+00 0.0000e+00 -0.0000e+00 -7.7811e+00 
