1.6120 1.9777 0.3657 0.058030
theta s11 s12 s13 s14 s21 s22 s23 s24 s31 s32 s33 s34 s41 s42 s43 s44
0.0 1.1440e+03 0.0000e+00 0.0000e+00 0.0000e+00 0.0000e+00 1.1429e+03 0.0000e+00 0.0000e+00 0.0000e+00 0.0000e+00 1.1429e+03 0.0000e+00 0.0000e+00 0.0000e+00 -0.0000e+00 1.1418e+03 
1.0 1.0405e+03 -3.4428e-02 0.0000e+00 0.0000e+00 -3.4428e-02 1.0394e+03 0.0000e+00 0.0000e+00 0.0000e+00 0.0000e+00 1.0394e+03 -4.3063e-01 0.0000e+00 0.0000e+00 4.3063e-01 1.0383e+03 
2.0 8.7046e+02 -7.4197e-02 0.0000e+00 0.0000e+00 -7.4197e-02 8.6937e+02 0.0000e+00 0.0000e+00 0.0000e+00 0.0000e+00 8.6936e+02 -1.5068e+00 0.0000e+00 0.0000e+00 1.5068e+00 8.6828e+02 
3.0 7.2427e+02 -8.5011e-02 0.0000e+00 0.0000e+00 -8.5011e-02 7.2320e+02 0.0000e+00 0.0000e+00 0.0000e+00 0.0000e+00 7.2318e+02 -2.7977e+00 0.0000e+00 0.0000e+00 2.7977e+00 7.2213e+02 
4.0 6.0642e+02 -7.8860e-02 0.0000e+00 0.0000e+00 -7.8860e-02 6.0537e+02 0.0000e+00 0.0000e+00 0.0000e+00 0.0000e+00 6.0533e+02 -3.9920e+00 0.0000e+00 0.0000e+00 3.9920e+00 6.0431e+02 
5.0 5.1125e+02 -6.9763e-02 0.0000e+00 0.0000e+00 -6.9763e-02 5.1022e+02 0.0000e+00 0.0000e+00 0.0000e+00 0.0000e+00 5.1016e+02 -4.9671e+00 0.0000e+00 0.0000e+00 4.9671e+00 5.0917e+02 
6.0 4.3377e+02 -6.8762e-02 0.0000e+00 0.0000e+00 -6.8762e-02 4.3277e+02 0.0000e+00 0.0000e+00 0.0000e+00 0.0000e+00 4.3267e+02 -5.6885e+00 0.0000e+00 0.0000e+00 5.6885e+00 4.3172e+02 
7.0 3.7040e+02 -8.4076e-02 0.0000e+00 0.0000e+00 -8.4076e-02 3.6943e+02 0.0000e+00 0.0000e+00 0.0000e+00 0.0000e+00 3.6928e+02 -6.1538e+00 0.0000e+00 0.0000e+00 6.1538e+00 3.6838e+02 
8.0 3.1849e+02 -1.1951e-01 0.0000e+00 0.0000e+00 -1.1951e-01 3.1754e+02 0.0000e+00 0.0000e+00 0.0000e+00 0.0000e+00 3.1735e+02 -6.3874e+00 0.0000e+00 0.0000e+00 6.3874e+00 3.1649e+02 
9.0 2.7593e+02 -1.7493e-01 0.0000e+00 0.0000e+00 -1.7493e-01 2.7501e+02 0.0000e+00 0.0000e+00 0.0000e+00 0.0000e+00 2.7477e+02 -6.4299e+00 0.0000e+00 0.0000e+00 6.4299e+00 2.7394e+02 
10.0 2.4097e+02 -2.4768e-01 0.0000e+00 0.0000e+00 -2.4768e-01 2.4007e+02 0.0000e+00 0.0000e+00 0.0000e+00 0.0000e+00 2.3979e+02 -6.3268e+00 0.0000e+00 0.0000e+00 6.3268e+00 2.3900e+02 
11.0 2.1218e+02 -3.3409e-01 0.0000e+00 0.0000e+00 -3.3409e-01 2.1130e+02 0.0000e+00 0.0000e+00 0.0000e+00 0.0000e+00 2.1097e+02 -6.1215e+00 0.0000e+00 0.0000e+00 6.1215e+00 2.1022e+02 
12.0 1.8835e+02 -4.3056e-01 0.0000e+00 0.0000e+00 -4.3056e-01 1.8749e+02 0.0000e+00 0.0000e+00 0.0000e+00 0.0000e+00 1.8712e+02 -5.8511e+00 0.0000e+00 0.0000e+00 5.8511e+00 1.8641e+02 
13.0 1.6852e+02 -5.3491e-01 0.0000e+00 0.0000e+00 -5.3491e-01 1.6768e+02 0.0000e+00 0.0000e+00 0.0000e+00 0.0000e+00 1.6728e+02 -5.5430e+00 0.0000e+00 0.0000e+00 5.5430e+00 1.6659e+02 
14.0 1.5191e+02 -6.4189e-01 0.0000e+00 0.0000e+00 -6.4189e-01 1.5109e+02 0.0000e+00 0.0000e+00 0.0000e+00 0.0000e+00 1.5066e+02 -5.2253e+00 0.0000e+00 0.0000e+00 5.2253e+00 1.5000e+02 
15.0 1.3790e+02 -7.5221e-01 0.0000e+00 0.0000e+00 -7.5221e-01 1.3710e+02 0.0000e+00 0.0000e+00 0.0000e+00 0.0000e+00 1.3664e+02 -4.9060e+00 0.0000e+00 0.0000e+00 4.9060e+00 1.3601e+02 
16.0 1.2599e+02 -8.6332e-01 0.0000e+00 0.0000e+00 -8.6332e-01 1.2519e+02 0.0000e+00 0.0000e+00 0.0000e+00 0.0000e+00 1.2471e+02 -4.5967e+00 0.0000e+00 0.0000e+00 4.5967e+00 1.2411e+02 
17.0 1.1575e+02 -9.7386e-01 0.0000e+00 0.0000e+00 -9.7386e-01 1.1497e+02 0.0000e+00 0.0000e+00 0.0000e+00 0.0000e+00 1.1447e+02 -4.3034e+00 0.0000e+00 0.0000e+00 4.3034e+00 1.1389e+02 
18.0 1.0688e+02 -1.0829e+00 0.0000e+00 0.0000e+00 -1.0829e+00 1.0611e+02 0.0000e+00 0.0000e+00 0.0000e+00 0.0000e+00 1.0559e+02 -4.0294e+00 0.0000e+00 0.0000e+00 4.0294e+00 1.0504e+02 
19.0 9.9111e+01 -1.1901e+00 0.0000e+00 0.0000e+00 -1.1901e+00 9.8354e+01 0.0000e+00 0.0000e+00 0.0000e+00 0.0000e+00 9.8142e+01 -3.7756e+00 0.0000e+00 0.0000e+00 3.7756e+00 9.7621e+01 
20.0 9.2250e+01 -1.2954e+00 0.0000e+00 0.0000e+00 -1.2954e+00 9.1503e+01 0.0000e+00 0.0000e+00 0.0000e+00 0.0000e+00 9.1561e+01 -3.5415e+00 0.0000e+00 0.0000e+00 3.5415e+00 9.1066e+01 
21.0 8.6137e+01 -1.3992e+00 0.0000e+00 0.0000e+00 -1.3992e+00 8.5401e+01 0.0000e+00 0.0000e+00 0.0000e+00 0.0000e+00 8.5695e+01 -3.3264e+00 0.0000e+00 0.0000e+00 3.3264e+00 8.5222e+01 
22.0 8.0648e+01 -1.5018e+00 0.0000e+00 0.0000e+00 -1.5018e+00 7.9921e+01 0.0000e+00 0.0000e+00 0.0000e+00 0.0000e+00 8.0422e+01 -3.1287e+00 0.0000e+00 0.0000e+00 3.1287e+00 7.9969e+01 
23.0 7.5680e+01 -1.6035e+00 0.0000e+00 0.0000e+00 -1.6035e+00 7.4962e+01 0.0000e+00 0.0000e+00 0.0000e+00 0.0000e+00 7.5644e+01 -2.9470e+00 0.0000e+00 0.0000e+00 2.9470e+00 7.5210e+01 
24.0 7.1154e+01 -1.7041e+00 0.0000e+00 0.0000e+00 -1.7041e+00 7.0445e+01 0.0000e+00 0.0000e+00 0.0000e+00 0.0000e+00 7.1287e+01 -2.7795e+00 0.0000e+00 0.0000e+00 2.7795e+00 7.0870e+01 
25.0 6.7010e+01 -1.8035e+00 0.0000e+00 0.0000e+00 -1.8035e+00 6.6309e+01 0.0000e+00 0.0000e+00 0.0000e+00 0.0000e+00 6.7292e+01 -2.6248e+00 0.0000e+00 0.0000e+00 2.6248e+00 6.6892e+01 
26.0 6.3200e+01 -1.9013e+00 0.0000e+00 0.0000e+00 -1.9013e+00 6.2507e+01 0.0000e+00 0.0000e+00 0.0000e+00 0.0000e+00 6.3615e+01 -2.4815e+00 0.0000e+00 0.0000e+00 2.4815e+00 6.3229e+01 
27.0 5.9686e+01 -1.9971e+00 0.0000e+00 0.0000e+00 -1.9971e+00 5.9002e+01 0.0000e+00 0.0000e+00 0.0000e+00 0.0000e+00 6.0219e+01 -2.3484e+00 0.0000e+00 0.0000e+00 2.3484e+00 5.9848e+01 
28.0 5.6439e+01 -2.0909e+00 0.0000e+00 0.0000e+00 -2.0909e+00 5.5762e+01 0.0000e+00 0.0000e+00 0.0000e+00 0.0000e+00 5.7076e+01 -2.2245e+00 0.0000e+00 0.0000e+00 2.2245e+00 5.6718e+01 
29.0 5.3430e+01 -2.1824e+00 0.0000e+00 0.0000e+00 -2.1824e+00 5.2759e+01 0.0000e+00 0.0000e+00 0.0000e+00 0.0000e+00 5.4160e+01 -2.1086e+00 0.0000e+00 0.0000e+00 2.1086e+00 5.3814e+01 
30.0 5.0634e+01 -2.2715e+00 0.0000e+00 0.0000e+00 -2.2715e+00 4.9970e+01 0.0000e+00 0.0000e+00 0.0000e+00 0.0000e+00 5.1446e+01 -2.0001e+00 0.0000e+00 0.0000e+00 2.0001e+00 5.1112e+01 
31.0 4.8030e+01 -2.3581e+00 0.0000e+00 0.0000e+00 -2.3581e+00 4.7372e+01 0.0000e+00 0.0000e+00 0.0000e+00 0.0000e+00 4.8688e+01 -1.8983e+00 0.0000e+00 0.0000e+00 1.8983e+00 4.8369e+01 
32.0 4.5596e+01 -2.4418e+00 0.0000e+00 0.0000e+00 -2.4418e+00 4.4945e+01 0.0000e+00 0.0000e+00 0.0000e+00 0.0000e+00 4.6110e+01 -1.8029e+00 0.0000e+00 0.0000e+00 1.8029e+00 4.5807e+01 
33.0 4.3316e+01 -2.5222e+00 0.0000e+00 0.0000e+00 -2.5222e+00 4.2671e+01 0.0000e+00 0.0000e+00 0.0000e+00 0.0000e+00 4.3696e+01 -1.7134e+00 0.0000e+00 0.0000e+00 1.7134e+00 4.3407e+01 
34.0 4.1174e+01 -2.5993e+00 0.0000e+00 0.0000e+00 -2.5993e+00 4.0535e+01 0.0000e+00 0.0000e+00 0.0000e+00 0.0000e+00 4.1431e+01 -1.6293e+00 0.0000e+00 0.0000e+00 1.6293e+00 4.1156e+01 
35.0 3.9158e+01 -2.6726e+00 0.0000e+00 0.0000e+00 -2.6726e+00 3.8524e+01 0.0000e+00 0.0000e+00 0.0000e+00 0.0000e+00 3.9301e+01 -1.5500e+00 0.0000e+00 0.0000e+00 1.5500e+00 3.9039e+01 
36.0 3.7258e+01 -2.7423e+00 0.0000e+00 0.0000e+00 -2.7423e+00 3.6630e+01 0.0000e+00 0.0000e+00 0.0000e+00 0.0000e+00 3.7295e+01 -1.4748e+00 0.0000e+00 0.0000e+00 1.4748e+00 3.7047e+01 
37.0 3.5466e+01 -2.8083e+00 0.0000e+00 0.0000e+00 -2.8083e+00 3.4843e+01 0.0000e+00 0.0000e+00 0.0000e+00 0.0000e+00 3.5403e+01 -1.4031e+00 0.0000e+00 0.0000e+00 1.4031e+00 3.5168e+01 
38.0 3.3776e+01 -2.8710e+00 0.0000e+00 0.0000e+00 -2.8710e+00 3.3157e+01 0.0000e+00 0.0000e+00 0.0000e+00 0.0000e+00 3.3619e+01 -1.3343e+00 0.0000e+00 0.0000e+00 1.3343e+00 3.3396e+01 
39.0 3.2181e+01 -2.9305e+00 0.0000e+00 0.0000e+00 -2.9305e+00 3.1567e+01 0.0000e+00 0.0000e+00 0.0000e+00 0.0000e+00 3.1934e+01 -1.2680e+00 0.0000e+00 0.0000e+00 1.2680e+00 3.1724e+01 
40.0 3.0677e+01 -2.9871e+00 0.0000e+00 0.0000e+00 -2.9871e+00 3.0068e+01 0.0000e+00 0.0000e+00 0.0000e+00 0.0000e+00 3.0343e+01 -1.2041e+00 0.0000e+00 0.0000e+00 1.2041e+00 3.0145e+01 
41.0 2.9258e+01 -3.0407e+00 0.0000e+00 0.0000e+00 -3.0407e+00 2.8653e+01 0.0000e+00 0.0000e+00 0.0000e+00 0.0000e+00 2.8839e+01 -1.1425e+00 0.0000e+00 0.0000e+00 1.1425e+00 2.8653e+01 
42.0 2.7919e+01 -3.0915e+00 0.0000e+00 0.0000e+00 -3.0915e+00 2.7318e+01 0.0000e+00 0.0000e+00 0.0000e+00 0.0000e+00 2.7418e+01 -1.0831e+00 0.0000e+00 0.0000e+00 1.0831e+00 2.7243e+01 
43.0 2.6654e+01 -3.1393e+00 0.0000e+00 0.0000e+00 -3.1393e+00 2.6058e+01 0.0000e+00 0.0000e+00 0.0000e+00 0.0000e+00 2.6072e+01 -1.0260e+00 0.0000e+00 0.0000e+00 1.0260e+00 2.5908e+01 
44.0 2.5458e+01 -3.1840e+00 0.0000e+00 0.0000e+00 -3.1840e+00 2.4866e+01 0.0000e+00 0.0000e+00 0.0000e+00 0.0000e+00 2.4798e+01 -9.7097e-01 0.0000e+00 0.0000e+00 9.7097e-01 2.4645e+01 
45.0 2.4327e+01 -3.2257e+00 0.0000e+00 0.0000e+00 -3.2257e+00 2.3738e+01 0.0000e+00 0.0000e+00 0.0000e+00 0.0000e+00 2.3590e+01 -9.1790e-01 0.0000e+00 0.0000e+00 9.1790e-01 2.3448e+01 
46.0 2.3256e+01 -3.2642e+00 0.0000e+00 0.0000e+00 -3.2642e+00 2.2670e+01 0.0000e+00 0.0000e+00 0.0000e+00 0.0000e+00 2.2444e+01 -8.6658e-01 0.0000e+00 0.0000e+00 8.6658e-01 2.2312e+01 
47.0 2.2240e+01 -3.2997e+00 0.0000e+00 0.0000e+00 -3.2997e+00 2.1658e+01 0.0000e+00 0.0000e+00 0.0000e+00 0.0000e+00 2.1356e+01 -8.1685e-01 0.0000e+00 0.0000e+00 8.1685e-01 2.1234e+01 
48.0 2.1277e+01 -3.3321e+00 0.0000e+00 0.0000e+00 -3.3321e+00 2.0699e+01 0.0000e+00 0.0000e+00 0.0000e+00 0.0000e+00 2.0322e+01 -7.6856e-01 0.0000e+00 0.0000e+00 7.6856e-01 2.0211e+01 
49.0 2.0364e+01 -3.3615e+00 0.0000e+00 0.0000e+00 -3.3615e+00 1.9789e+01 0.0000e+00 0.0000e+00 0.0000e+00 0.0000e+00 1.9340e+01 -7.2161e-01 0.0000e+00 0.0000e+00 7.2161e-01 1.9238e+01 
50.0 1.9497e+01 -3.3880e+00 0.0000e+00 0.0000e+00 -3.3880e+00 1.8925e+01 0.0000e+00 0.0000e+00 0.0000e+00 0.0000e+00 1.8406e+01 -6.7591e-01 0.0000e+00 0.0000e+00 6.7591e-01 1.8314e+01 
51.0 1.8674e+01 -3.4117e+00 0.0000e+00 0.0000e+00 -3.4117e+00 1.8105e+01 0.0000e+00 0.0000e+00 0.0000e+00 0.0000e+00 1.7518e+01 -6.3140e-01 0.0000e+00 0.0000e+00 6.3140e-01 1.7435e+01 
52.0 1.7893e+01 -3.4325e+00 0.0000e+00 0.0000e+00 -3.4325e+00 1.7327e+01 0.0000e+00 0.0000e+00 0.0000e+00 0.0000e+00 1.6672e+01 -5.8799e-01 0.0000e+00 0.0000e+00 5.8799e-01 1.6599e+01 
53.0 1.7151e+01 -3.4507e+00 0.0000e+00 0.0000e+00 -3.4507e+00 1.6588e+01 0.0000e+00 0.0000e+00 0.0000e+00 0.0000e+00 1.5867e+01 -5.4562e-01 0.0000e+00 0.0000e+00 5.4562e-01 1.5803e+01 
54.0 1.6447e+01 -3.4662e+00 0.0000e+00 0.0000e+00 -3.4662e+00 1.5886e+01 0.0000e+00 0.0000e+00 0.0000e+00 0.0000e+00 1.5101e+01 -5.0422e-01 0.0000e+00 0.0000e+00 5.0422e-01 1.5046e+01 
55.0 1.5779e+01 -3.4792e+00 0.0000e+00 0.0000e+00 -3.4792e+00 1.5219e+01 0.0000e+00 0.0000e+00 0.0000e+00 0.0000e+00 1.4371e+01 -4.6378e-01 0.0000e+00 0.0000e+00 4.6378e-01 1.4325e+01 
56.0 1.5143e+01 -3.4898e+00 0.0000e+00 0.0000e+00 -3.4898e+00 1.4587e+01 0.0000e+00 0.0000e+00 0.0000e+00 0.0000e+00 1.3675e+01 -4.2427e-01 0.0000e+00 0.0000e+00 4.2427e-01 1.3638e+01 
57.0 1.4540e+01 -3.4979e+00 0.0000e+00 0.0000e+00 -3.4979e+00 1.3985e+01 0.0000e+00 0.0000e+00 0.0000e+00 0.0000e+00 1.3011e+01 -3.8569e-01 0.0000e+00 0.0000e+00 3.8569e-01 1.2983e+01 
58.0 1.3967e+01 -3.5037e+00 0.0000e+00 0.0000e+00 -3.5037e+00 1.3414e+01 0.0000e+00 0.0000e+00 0.0000e+00 0.0000e+00 1.2379e+01 -3.4803e-01 0.0000e+00 0.0000e+00 3.4803e-01 1.2359e+01 
59.0 1.3423e+01 -3.5073e+00 0.0000e+00 0.0000e+00 -3.5073e+00 1.2872e+01 0.0000e+00 0.0000e+00 0.0000e+00 0.0000e+00 1.1775e+01 -3.1126e-01 0.0000e+00 0.0000e+00 3.1126e-01 1.1764e+01 
60.0 1.2906e+01 -3.5086e+00 0.0000e+00 0.0000e+00 -3.5086e+00 1.2356e+01 0.0000e+00 0.0000e+00 0.0000e+00 0.0000e+00 1.1199e+01 -2.7537e-01 0.0000e+00 0.0000e+00 2.7537e-01 1.1196e+01 
61.0 1.2414e+01 -3.5078e+00 0.0000e+00 0.0000e+00 -3.5078e+00 1.1866e+01 0.0000e+00 0.0000e+00 0.0000e+00 0.0000e+00 1.0649e+01 -2.4036e-01 0.0000e+00 0.0000e+00 2.4036e-01 1.0654e+01 
62.0 1.1947e+01 -3.5049e+00 0.0000e+00 0.0000e+00 -3.5049e+00 1.1400e+01 0.0000e+00 0.0000e+00 0.0000e+00 0.0000e+00 1.0123e+01 -2.0624e-01 0.0000e+00 0.0000e+00 2.0624e-01 1.0137e+01 
63.0 1.1502e+01 -3.5001e+00 0.0000e+00 0.0000e+00 -3.5001e+00 1.0957e+01 0.0000e+00 0.0000e+00 0.0000e+00 0.0000e+00 9.6216e+00 -1.7300e-01 0.0000e+00 0.0000e+00 1.7300e-01 9.6436e+00 
64.0 1.1080e+01 -3.4934e+00 0.0000e+00 0.0000e+00 -3.4934e+00 1.0536e+01 0.0000e+00 0.0000e+00 0.0000e+00 0.0000e+00 9.1420e+00 -1.4069e-01 0.0000e+00 0.0000e+00 1.4069e-01 9.1722e+00 
65.0 1.0678e+01 -3.4848e+00 0.0000e+00 0.0000e+00 -3.4848e+00 1.0135e+01 0.0000e+00 0.0000e+00 0.0000e+00 0.0000e+00 8.6834e+00 -1.0933e-01 0.0000e+00 0.0000e+00 1.0933e-01 8.7217e+00 
66.0 1.0296e+01 -3.4744e+00 0.0000e+00 0.0000e+00 -3.4744e+00 9.7538e+00 0.0000e+00 0.0000e+00 0.0000e+00 0.0000e+00 8.2449e+00 -7.8948e-02 0.0000e+00 0.0000e+00 7.8948e-02 8.2912e+00 
67.0 9.9322e+00 -3.4622e+00 0.0000e+00 0.0000e+00 -3.4622e+00 9.3910e+00 0.0000e+00 0.0000e+00 0.0000e+00 0.0000e+00 7.8254e+00 -4.9565e-02 0.0000e+00 0.0000e+00 4.9565e-02 7.8797e+00 
68.0 9.5860e+00 -3.4484e+00 0.0000e+00 0.0000e+00 -3.4484e+00 9.0457e+00 0.0000e+00 0.0000e+00 0.0000e+00 0.0000e+00 7.4239e+00 -2.1202e-02 0.0000e+00 0.0000e+00 2.1202e-02 7.4861e+00 
69.0 9.2565e+00 -3.4329e+00 0.0000e+00 0.0000e+00 -3.4329e+00 8.7169e+00 0.0000e+00 0.0000e+00 0.0000e+00 0.0000e+00 7.0394e+00 6.1277e-03 0.0000e+00 0.0000e+00 -6.1277e-03 7.1094e+00 
70.0 8.9428e+00 -3.4158e+00 0.0000e+00 0.0000e+00 -3.4158e+00 8.4038e+00 0.0000e+00 0.0000e+00 0.0000e+00 0.0000e+00 6.6712e+00 3.2414e-02 0.0000e+00 0.0000e+00 -3.2414e-02 6.7490e+00 
71.0 8.6440e+00 -3.3971e+00 0.0000e+00 0.0000e+00 -3.3971e+00 8.1056e+00 0.0000e+00 0.0000e+00 0.0000e+00 0.0000e+00 6.3184e+00 5.7650e-02 0.0000e+00 0.0000e+00 -5.7650e-02 6.4038e+00 
72.0 8.3594e+00 -3.3769e+00 0.0000e+00 0.0000e+00 -3.3769e+00 7.8216e+00 0.0000e+00 0.0000e+00 0.0000e+00 0.0000e+00 5.9801e+00 8.1831e-02 0.0000e+00 0.0000e+00 -8.1831e-02 6.0732e+00 
73.0 8.0883e+00 -3.3553e+00 0.0000e+00 0.0000e+00 -3.3553e+00 7.5510e+00 0.0000e+00 0.0000e+00 0.0000e+00 0.0000e+00 5.6558e+00 1.0495e-01 0.0000e+00 0.0000e+00 -1.0495e-01 5.7564e+00 
74.0 7.8300e+00 -3.3323e+00 0.0000e+00 0.0000e+00 -3.3323e+00 7.2931e+00 0.0000e+00 0.0000e+00 0.0000e+00 0.0000e+00 5.3446e+00 1.2701e-01 0.0000e+00 0.0000e+00 -1.2701e-01 5.4527e+00 
75.0 7.5839e+00 -3.3078e+00 0.0000e+00 0.0000e+00 -3.3078e+00 7.0474e+00 0.0000e+00 0.0000e+00 0.0000e+00 0.0000e+00 5.0460e+00 1.4802e-01 0.0000e+00 0.0000e+00 -1.4802e-01 5.1615e+00 
76.0 7.3493e+00 -3.2820e+00 0.0000e+00 0.0000e+00 -3.2820e+00 6.8133e+00 0.0000e+00 0.0000e+00 0.0000e+00 0.0000e+00 4.7594e+00 1.6798e-01 0.0000e+00 0.0000e+00 -1.6798e-01 4.8822e+00 
77.0 7.1257e+00 -3.2550e+00 0.0000e+00 0.0000e+00 -3.2550e+00 6.5901e+00 0.0000e+00 0.0000e+00 0.0000e+00 0.0000e+00 4.4841e+00 1.8691e-01 0.0000e+00 0.0000e+00 -1.8691e-01 4.6140e+00 
78.0 6.9125e+00 -3.2267e+00 0.0000e+00 0.0000e+00 -3.2267e+00 6.3773e+00 0.0000e+00 0.0000e+00 0.0000e+00 0.0000e+00 4.2196e+00 2.0484e-01 0.0000e+00 0.0000e+00 -2.0484e-01 4.3566e+00 
79.0 6.7093e+00 -3.1971e+00 0.0000e+00 0.0000e+00 -3.1971e+00 6.1745e+00 0.0000e+00 0.0000e+00 0.0000e+00 0.0000e+00 3.9654e+00 2.2181e-01 0.0000e+00 0.0000e+00 -2.2181e-01 4.1094e+00 
80.0 6.5155e+00 -3.1665e+00 0.0000e+00 0.0000e+00 -3.1665e+00 5.9811e+00 0.0000e+00 0.0000e+00 0.0000e+00 0.0000e+00 3.7209e+00 2.3782e-01 0.0000e+00 0.0000e+00 -2.3782e-01 3.8718e+00 
81.0 6.3307e+00 -3.1347e+00 0.0000e+00 0.0000e+00 -3.1347e+00 5.7968e+00 0.0000e+00 0.0000e+00 0.0000e+00 0.0000e+00 3.4859e+00 2.5292e-01 0.0000e+00 0.0000e+00 -2.5292e-01 3.6435e+00 
82.0 6.1544e+00 -3.1019e+00 0.0000e+00 0.0000e+00 -3.1019e+00 5.6211e+00 0.0000e+00 0.0000e+00 0.0000e+00 0.0000e+00 3.2598e+00 2.6713e-01 0.0000e+00 0.0000e+00 -2.6713e-01 3.4240e+00 
83.0 5.9864e+00 -3.0681e+00 0.0000e+00 0.0000e+00 -3.0681e+00 5.4536e+00 0.0000e+00 0.0000e+00 0.0000e+00 0.0000e+00 3.0422e+00 2.8047e-01 0.0000e+00 0.0000e+00 -2.8047e-01 3.2130e+00 
84.0 5.8262e+00 -3.0334e+00 0.0000e+00 0.0000e+00 -3.0334e+00 5.2940e+00 0.0000e+00 0.0000e+00 0.0000e+00 0.0000e+00 2.8328e+00 2.9296e-01 0.0000e+00 0.0000e+00 -2.9296e-01 3.0099e+00 
85.0 5.6734e+00 -2.9977e+00 0.0000e+00 0.0000e+00 -2.9977e+00 5.1418e+00 0.0000e+00 0.0000e+00 0.0000e+00 0.0000e+00 2.6311e+00 3.0464e-01 0.0000e+00 0.0000e+00 -3.0464e-01 2.8144e+00 
86.0 5.5276e+00 -2.9612e+00 0.0000e+00 0.0000e+00 -2.9612e+00 4.9968e+00 0.0000e+00 0.0000e+00 0.0000e+00 0.0000e+00 2.4369e+00 3.1553e-01 0.0000e+00 0.0000e+00 -3.1553e-01 2.6263e+00 
87.0 5.3887e+00 -2.9239e+00 0.0000e+00 0.0000e+00 -2.9239e+00 4.8586e+00 0.0000e+00 0.0000e+00 0.0000e+00 0.0000e+00 2.2498e+00 3.2566e-01 0.0000e+00 0.0000e+00 -3.2566e-01 2.4451e+00 
88.0 5.2562e+00 -2.8858e+00 0.0000e+00 0.0000e+00 -2.8858e+00 4.7270e+00 0.0000e+00 0.0000e+00 0.0000e+00 0.0000e+00 2.0695e+00 3.3506e-01 0.0000e+00 0.0000e+00 -3.3506e-01 2.2705e+00 
89.0 5.1299e+00 -2.8470e+00 0.0000e+00 0.0000e+00 -2.8470e+00 4.6015e+00 0.0000e+00 0.0000e+00 0.0000e+00 0.0000e+00 1.8957e+00 3.4377e-01 0.0000e+00 0.0000e+00 -3.4377e-01 2.1024e+00 
90.0 5.0095e+00 -2.8075e+00 0.0000e+00 0.0000e+00 -2.8075e+00 4.4821e+00 0.0000e+00 0.0000e+00 0.0000e+00 0.0000e+00 1.7281e+00 3.5181e-01 0.0000e+00 0.0000e+00 -3.5181e-01 1.9403e+00 
91.0 4.8948e+00 -2.7674e+00 0.0000e+00 0.0000e+00 -2.7674e+00 4.3683e+00 0.0000e+00 0.0000e+00 0.0000e+00 0.0000e+00 1.5666e+00 3.5921e-01 0.0000e+00 0.0000e+00 -3.5921e-01 1.7840e+00 
92.0 4.7855e+00 -2.7267e+00 0.0000e+00 0.0000e+00 -2.7267e+00 4.2601e+00 0.0000e+00 0.0000e+00 0.0000e+00 0.0000e+00 1.4108e+00 3.6599e-01 0.0000e+00 0.0000e+00 -3.6599e-01 1.6334e+00 
93.0 4.6813e+00 -2.6854e+00 0.0000e+00 0.0000e+00 -2.6854e+00 4.1570e+00 0.0000e+00 0.0000e+00 0.0000e+00 0.0000e+00 1.2605e+00 3.7218e-01 0.0000e+00 0.0000e+00 -3.7218e-01 1.4880e+00 
94.0 4.5822e+00 -2.6436e+00 0.0000e+00 0.0000e+00 -2.6436e+00 4.0591e+00 0.0000e+00 0.0000e+00 0.0000e+00 0.0000e+00 1.1155e+00 3.7781e-01 0.0000e+00 0.0000e+00 -3.7781e-01 1.3478e+00 
95.0 4.4877e+00 -2.6013e+00 0.0000e+00 0.0000e+00 -2.6013e+00 3.9659e+00 0.0000e+00 0.0000e+00 0.0000e+00 0.0000e+00 9.7554e-01 3.8289e-01 0.0000e+00 0.0000e+00 -3.8289e-01 1.2125e+00 
96.0 4.3979e+00 -2.5586e+00 0.0000e+00 0.0000e+00 -2.5586e+00 3.8774e+00 0.0000e+00 0.0000e+00 0.0000e+00 0.0000e+00 8.4050e-01 3.8744e-01 0.0000e+00 0.0000e+00 -3.8744e-01 1.0819e+00 
97.0 4.3124e+00 -2.5154e+00 0.0000e+00 0.0000e+00 -2.5154e+00 3.7933e+00 0.0000e+00 0.0000e+00 0.0000e+00 0.0000e+00 7.1014e-01 3.9150e-01 0.0000e+00 0.0000e+00 -3.9150e-01 9.5579e-01 
98.0 4.2311e+00 -2.4718e+00 0.0000e+00 0.0000e+00 -2.4718e+00 3.7135e+00 0.0000e+00 0.0000e+00 0.0000e+00 0.0000e+00 5.8429e-01 3.9508e-01 0.0000e+00 0.0000e+00 -3.9508e-01 8.3400e-01 
99.0 4.1539e+00 -2.4279e+00 0.0000e+00 0.0000e+00 -2.4279e+00 3.6379e+00 0.0000e+00 0.0000e+00 0.0000e+00 0.0000e+00 4.6278e-01 3.9819e-01 0.0000e+00 0.0000e+00 -3.9819e-01 7.1636e-01 
100.0 4.0805e+00 -2.3836e+00 0.0000e+00 0.0000e+00 -2.3836e+00 3.5661e+00 0.0000e+00 0.0000e+00 0.0000e+00 0.0000e+00 3.4544e-01 4.0087e-01 0.0000e+00 0.0000e+00 -4.0087e-01 6.0268e-01 
101.0 4.0108e+00 -2.3391e+00 0.0000e+00 0.0000e+00 -2.3391e+00 3.4982e+00 0.0000e+00 0.0000e+00 0.0000e+00 0.0000e+00 2.3210e-01 4.0313e-01 0.0000e+00 0.0000e+00 -4.0313e-01 4.9281e-01 
102.0 3.9446e+00 -2.2942e+00 0.0000e+00 0.0000e+00 -2.2942e+00 3.4339e+00 0.0000e+00 0.0000e+00 0.0000e+00 0.0000e+00 1.2262e-01 4.0498e-01 0.0000e+00 0.0000e+00 -4.0498e-01 3.8659e-01 
103.0 3.8819e+00 -2.2491e+00 0.0000e+00 0.0000e+00 -2.2491e+00 3.3731e+00 0.0000e+00 0.0000e+00 0.0000e+00 0.0000e+00 1.6844e-02 4.0645e-01 0.0000e+00 0.0000e+00 -4.0645e-01 2.8387e-01 
104.0 3.8225e+00 -2.2037e+00 0.0000e+00 0.0000e+00 -2.2037e+00 3.3157e+00 0.0000e+00 0.0000e+00 0.0000e+00 0.0000e+00 -8.5364e-02 4.0756e-01 0.0000e+00 0.0000e+00 -4.0756e-01 1.8452e-01 
105.0 3.7662e+00 -2.1582e+00 0.0000e+00 0.0000e+00 -2.1582e+00 3.2616e+00 0.0000e+00 0.0000e+00 0.0000e+00 0.0000e+00 -1.8414e-01 4.0832e-01 0.0000e+00 0.0000e+00 -4.0832e-01 8.8399e-02 
106.0 3.7129e+00 -2.1124e+00 0.0000e+00 0.0000e+00 -2.1124e+00 3.2106e+00 0.0000e+00 0.0000e+00 0.0000e+00 0.0000e+00 -2.7961e-01 4.0876e-01 0.0000e+00 0.0000e+00 -4.0876e-01 -4.6188e-03 
107.0 3.6625e+00 -2.0664e+00 0.0000e+00 0.0000e+00 -2.0664e+00 3.1625e+00 0.0000e+00 0.0000e+00 0.0000e+00 0.0000e+00 -3.7190e-01 4.0889e-01 0.0000e+00 0.0000e+00 -4.0889e-01 -9.4650e-02 
108.0 3.6150e+00 -2.0203e+00 0.0000e+00 0.0000e+00 -2.0203e+00 3.1174e+00 0.0000e+00 0.0000e+00 0.0000e+00 0.0000e+00 -4.6113e-01 4.0874e-01 0.0000e+00 0.0000e+00 -4.0874e-01 -1.8181e-01 
109.0 3.5701e+00 -1.9740e+00 0.0000e+00 0.0000e+00 -1.9740e+00 3.0750e+00 0.0000e+00 0.0000e+00 0.0000e+00 0.0000e+00 -5.4741e-01 4.0832e-01 0.0000e+00 0.0000e+00 -4.0832e-01 -2.6620e-01 
110.0 3.5278e+00 -1.9277e+00 0.0000e+00 0.0000e+00 -1.9277e+00 3.0354e+00 0.0000e+00 0.0000e+00 0.0000e+00 0.0000e+00 -6.3085e-01 4.0767e-01 0.0000e+00 0.0000e+00 -4.0767e-01 -3.4793e-01 
111.0 3.4880e+00 -1.8813e+00 0.0000e+00 0.0000e+00 -1.8813e+00 2.9982e+00 0.0000e+00 0.0000e+00 0.0000e+00 0.0000e+00 -7.1156e-01 4.0679e-01 0.0000e+00 0.0000e+00 -4.0679e-01 -4.2709e-01 
112.0 3.4506e+00 -1.8348e+00 0.0000e+00 0.0000e+00 -1.8348e+00 2.9636e+00 0.0000e+00 0.0000e+00 0.0000e+00 0.0000e+00 -7.8963e-01 4.0570e-01 0.0000e+00 0.0000e+00 -4.0570e-01 -5.0378e-01 
113.0 3.4156e+00 -1.7883e+00 0.0000e+00 0.0000e+00 -1.7883e+00 2.9313e+00 0.0000e+00 0.0000e+00 0.0000e+00 0.0000e+00 -8.6515e-01 4.0442e-01 0.0000e+00 0.0000e+00 -4.0442e-01 -5.7809e-01 
114.0 3.3827e+00 -1.7419e+00 0.0000e+00 0.0000e+00 -1.7419e+00 2.9014e+00 0.0000e+00 0.0000e+00 0.0000e+00 0.0000e+00 -9.3823e-01 4.0295e-01 0.0000e+00 0.0000e+00 -4.0295e-01 -6.5009e-01 
115.0 3.3520e+00 -1.6955e+00 0.0000e+00 0.0000e+00 -1.6955e+00 2.8736e+00 0.0000e+00 0.0000e+00 0.0000e+00 0.0000e+00 -1.0089e+00 4.0132e-01 0.0000e+00 0.0000e+00 -4.0132e-01 -7.1987e-01 
116.0 3.3233e+00 -1.6492e+00 0.0000e+00 0.0000e+00 -1.6492e+00 2.8479e+00 0.0000e+00 0.0000e+00 0.0000e+00 0.0000e+00 -1.0774e+00 3.9952e-01 0.0000e+00 0.0000e+00 -3.9952e-01 -7.8750e-01 
117.0 3.2967e+00 -1.6030e+00 0.0000e+00 0.0000e+00 -1.6030e+00 2.8242e+00 0.0000e+00 0.0000e+00 0.0000e+00 0.0000e+00 -1.1436e+00 3.9757e-01 0.0000e+00 0.0000e+00 -3.9757e-01 -8.5306e-01 
118.0 3.2719e+00 -1.5570e+00 0.0000e+00 0.0000e+00 -1.5570e+00 2.8025e+00 0.0000e+00 0.0000e+00 0.0000e+00 0.0000e+00 -1.2077e+00 3.9547e-01 0.0000e+00 0.0000e+00 -3.9547e-01 -9.1660e-01 
119.0 3.2489e+00 -1.5112e+00 0.0000e+00 0.0000e+00 -1.5112e+00 2.7826e+00 0.0000e+00 0.0000e+00 0.0000e+00 0.0000e+00 -1.2697e+00 3.9323e-01 0.0000e+00 0.0000e+00 -3.9323e-01 -9.7820e-01 
120.0 3.2278e+00 -1.4655e+00 0.0000e+00 0.0000e+00 -1.4655e+00 2.7646e+00 0.0000e+00 0.0000e+00 0.0000e+00 0.0000e+00 -1.3298e+00 3.9086e-01 0.0000e+00 0.0000e+00 -3.9086e-01 -1.0379e+00 
121.0 3.2083e+00 -1.4202e+00 0.0000e+00 0.0000e+00 -1.4202e+00 2.7482e+00 0.0000e+00 0.0000e+00 0.0000e+00 0.0000e+00 -1.3879e+00 3.8834e-01 0.0000e+00 0.0000e+00 -3.8834e-01 -1.0958e+00 
122.0 3.1904e+00 -1.3751e+00 0.0000e+00 0.0000e+00 -1.3751e+00 2.7335e+00 0.0000e+00 0.0000e+00 0.0000e+00 0.0000e+00 -1.4443e+00 3.8567e-01 0.0000e+00 0.0000e+00 -3.8567e-01 -1.1520e+00 
123.0 3.1741e+00 -1.3303e+00 0.0000e+00 0.0000e+00 -1.3303e+00 2.7204e+00 0.0000e+00 0.0000e+00 0.0000e+00 0.0000e+00 -1.4988e+00 3.8284e-01 0.0000e+00 0.0000e+00 -3.8284e-01 -1.2065e+00 
124.0 3.1593e+00 -1.2858e+00 0.0000e+00 0.0000e+00 -1.2858e+00 2.7088e+00 0.0000e+00 0.0000e+00 0.0000e+00 0.0000e+00 -1.5516e+00 3.7986e-01 0.0000e+00 0.0000e+00 -3.7986e-01 -1.2593e+00 
125.0 3.1459e+00 -1.2417e+00 0.0000e+00 0.0000e+00 -1.2417e+00 2.6986e+00 0.0000e+00 0.0000e+00 0.0000e+00 0.0000e+00 -1.6028e+00 3.7671e-01 0.0000e+00 0.0000e+00 -3.7671e-01 -1.3106e+00 
126.0 3.1339e+00 -1.1980e+00 0.0000e+00 0.0000e+00 -1.1980e+00 2.6897e+00 0.0000e+00 0.0000e+00 0.0000e+00 0.0000e+00 -1.6524e+00 3.7339e-01 0.0000e+00 0.0000e+00 -3.7339e-01 -1.3603e+00 
127.0 3.1231e+00 -1.1546e+00 0.0000e+00 0.0000e+00 -1.1546e+00 2.6822e+00 0.0000e+00 0.0000e+00 0.0000e+00 0.0000e+00 -1.7005e+00 3.6988e-01 0.0000e+00 0.0000e+00 -3.6988e-01 -1.4086e+00 
128.0 3.1136e+00 -1.1117e+00 0.0000e+00 0.0000e+00 -1.1117e+00 2.6759e+00 0.0000e+00 0.0000e+00 0.0000e+00 0.0000e+00 -1.7471e+00 3.6618e-01 0.0000e+00 0.0000e+00 -3.6618e-01 -1.4555e+00 
129.0 3.1053e+00 -1.0691e+00 0.0000e+00 0.0000e+00 -1.0691e+00 2.6708e+00 0.0000e+00 0.0000e+00 0.0000e+00 0.0000e+00 -1.7923e+00 3.6229e-01 0.0000e+00 0.0000e+00 -3.6229e-01 -1.5011e+00 
130.0 3.0981e+00 -1.0271e+00 0.0000e+00 0.0000e+00 -1.0271e+00 2.6669e+00 0.0000e+00 0.0000e+00 0.0000e+00 0.0000e+00 -1.8361e+00 3.5818e-01 0.0000e+00 0.0000e+00 -3.5818e-01 -1.5453e+00 
131.0 3.0920e+00 -9.8542e-01 0.0000e+00 0.0000e+00 -9.8542e-01 2.6640e+00 0.0000e+00 0.0000e+00 0.0000e+00 0.0000e+00 -1.8787e+00 3.5386e-01 0.0000e+00 0.0000e+00 -3.5386e-01 -1.5884e+00 
132.0 3.0869e+00 -9.4425e-01 0.0000e+00 0.0000e+00 -9.4425e-01 2.6622e+00 0.0000e+00 0.0000e+00 0.0000e+00 0.0000e+00 -1.9200e+00 3.4933e-01 0.0000e+00 0.0000e+00 -3.4933e-01 -1.6302e+00 
133.0 3.0828e+00 -9.0355e-01 0.0000e+00 0.0000e+00 -9.0355e-01 2.6614e+00 0.0000e+00 0.0000e+00 0.0000e+00 0.0000e+00 -1.9600e+00 3.4458e-01 0.0000e+00 0.0000e+00 -3.4458e-01 -1.6709e+00 
134.0 3.0796e+00 -8.6333e-01 0.0000e+00 0.0000e+00 -8.6333e-01 2.6615e+00 0.0000e+00 0.0000e+00 0.0000e+00 0.0000e+00 -1.9990e+00 3.3963e-01 0.0000e+00 0.0000e+00 -3.3963e-01 -1.7105e+00 
135.0 3.0774e+00 -8.2360e-01 0.0000e+00 0.0000e+00 -8.2360e-01 2.6625e+00 0.0000e+00 0.0000e+00 0.0000e+00 0.0000e+00 -2.0368e+00 3.3447e-01 0.0000e+00 0.0000e+00 -3.3447e-01 -1.7491e+00 
136.0 3.0760e+00 -7.8436e-01 0.0000e+00 0.0000e+00 -7.8436e-01 2.6645e+00 0.0000e+00 0.0000e+00 0.0000e+00 0.0000e+00 -2.0735e+00 3.2910e-01 0.0000e+00 0.0000e+00 -3.2910e-01 -1.7866e+00 
137.0 3.0754e+00 -7.4563e-01 0.0000e+00 0.0000e+00 -7.4563e-01 2.6673e+00 0.0000e+00 0.0000e+00 0.0000e+00 0.0000e+00 -2.1091e+00 3.2355e-01 0.0000e+00 0.0000e+00 -3.2355e-01 -1.8231e+00 
138.0 3.0757e+00 -7.0741e-01 0.0000e+00 0.0000e+00 -7.0741e-01 2.6710e+00 0.0000e+00 0.0000e+00 0.0000e+00 0.0000e+00 -2.1437e+00 3.1780e-01 0.0000e+00 0.0000e+00 -3.1780e-01 -1.8588e+00 
139.0 3.0768e+00 -6.6972e-01 0.0000e+00 0.0000e+00 -6.6972e-01 2.6755e+00 0.0000e+00 0.0000e+00 0.0000e+00 0.0000e+00 -2.1774e+00 3.1187e-01 0.0000e+00 0.0000e+00 -3.1187e-01 -1.8935e+00 
140.0 3.0786e+00 -6.3258e-01 0.0000e+00 0.0000e+00 -6.3258e-01 2.6808e+00 0.0000e+00 0.0000e+00 0.0000e+00 0.0000e+00 -2.2101e+00 3.0577e-01 0.0000e+00 0.0000e+00 -3.0577e-01 -1.9273e+00 
141.0 3.0812e+00 -5.9600e-01 0.0000e+00 0.0000e+00 -5.9600e-01 2.6869e+00 0.0000e+00 0.0000e+00 0.0000e+00 0.0000e+00 -2.2418e+00 2.9950e-01 0.0000e+00 0.0000e+00 -2.9950e-01 -1.9603e+00 
142.0 3.0845e+00 -5.6000e-01 0.0000e+00 0.0000e+00 -5.6000e-01 2.6937e+00 0.0000e+00 0.0000e+00 0.0000e+00 0.0000e+00 -2.2727e+00 2.9307e-01 0.0000e+00 0.0000e+00 -2.9307e-01 -1.9925e+00 
143.0 3.0884e+00 -5.2460e-01 0.0000e+00 0.0000e+00 -5.2460e-01 2.7013e+00 0.0000e+00 0.0000e+00 0.0000e+00 0.0000e+00 -2.3026e+00 2.8649e-01 0.0000e+00 0.0000e+00 -2.8649e-01 -2.0238e+00 
144.0 3.0929e+00 -4.8981e-01 0.0000e+00 0.0000e+00 -4.8981e-01 2.7095e+00 0.0000e+00 0.0000e+00 0.0000e+00 0.0000e+00 -2.3317e+00 2.7974e-01 0.0000e+00 0.0000e+00 -2.7974e-01 -2.0544e+00 
145.0 3.0981e+00 -4.5566e-01 0.0000e+00 0.0000e+00 -4.5566e-01 2.7183e+00 0.0000e+00 0.0000e+00 0.0000e+00 0.0000e+00 -2.3600e+00 2.7281e-01 0.0000e+00 0.0000e+00 -2.7281e-01 -2.0842e+00 
146.0 3.1038e+00 -4.2216e-01 0.0000e+00 0.0000e+00 -4.2216e-01 2.7278e+00 0.0000e+00 0.0000e+00 0.0000e+00 0.0000e+00 -2.3874e+00 2.6570e-01 0.0000e+00 0.0000e+00 -2.6570e-01 -2.1133e+00 
147.0 3.1100e+00 -3.8932e-01 0.0000e+00 0.0000e+00 -3.8932e-01 2.7378e+00 0.0000e+00 0.0000e+00 0.0000e+00 0.0000e+00 -2.4141e+00 2.5839e-01 0.0000e+00 0.0000e+00 -2.5839e-01 -2.1415e+00 
148.0 3.1168e+00 -3.5716e-01 0.0000e+00 0.0000e+00 -3.5716e-01 2.7483e+00 0.0000e+00 0.0000e+00 0.0000e+00 0.0000e+00 -2.4399e+00 2.5088e-01 0.0000e+00 0.0000e+00 -2.5088e-01 -2.1691e+00 
149.0 3.1241e+00 -3.2570e-01 0.0000e+00 0.0000e+00 -3.2570e-01 2.7594e+00 0.0000e+00 0.0000e+00 0.0000e+00 0.0000e+00 -2.4650e+00 2.4317e-01 0.0000e+00 0.0000e+00 -2.4317e-01 -2.1959e+00 
150.0 3.1319e+00 -2.9494e-01 0.0000e+00 0.0000e+00 -2.9494e-01 2.7711e+00 0.0000e+00 0.0000e+00 0.0000e+00 0.0000e+00 -2.4893e+00 2.3525e-01 0.0000e+00 0.0000e+00 -2.3525e-01 -2.2220e+00 
151.0 3.1403e+00 -2.6493e-01 0.0000e+00 0.0000e+00 -2.6493e-01 2.7834e+00 0.0000e+00 0.0000e+00 0.0000e+00 0.0000e+00 -2.5128e+00 2.2712e-01 0.0000e+00 0.0000e+00 -2.2712e-01 -2.2474e+00 
152.0 3.1493e+00 -2.3568e-01 0.0000e+00 0.0000e+00 -2.3568e-01 2.7961e+00 0.0000e+00 0.0000e+00 0.0000e+00 0.0000e+00 -2.5357e+00 2.1874e-01 0.0000e+00 0.0000e+00 -2.1874e-01 -2.2720e+00 
153.0 3.1587e+00 -2.0724e-01 0.0000e+00 0.0000e+00 -2.0724e-01 2.8093e+00 0.0000e+00 0.0000e+00 0.0000e+00 0.0000e+00 -2.5578e+00 2.1002e-01 0.0000e+00 0.0000e+00 -2.1002e-01 -2.2960e+00 
154.0 3.1685e+00 -1.7967e-01 0.0000e+00 0.0000e+00 -1.7967e-01 2.8229e+00 0.0000e+00 0.0000e+00 0.0000e+00 0.0000e+00 -2.5793e+00 2.0089e-01 0.0000e+00 0.0000e+00 -2.0089e-01 -2.3194e+00 
155.0 3.1787e+00 -1.5307e-01 0.0000e+00 0.0000e+00 -1.5307e-01 2.8367e+00 0.0000e+00 0.0000e+00 0.0000e+00 0.0000e+00 -2.6002e+00 1.9122e-01 0.0000e+00 0.0000e+00 -1.9122e-01 -2.3421e+00 
156.0 3.1892e+00 -1.2752e-01 0.0000e+00 0.0000e+00 -1.2752e-01 2.8508e+00 0.0000e+00 0.0000e+00 0.0000e+00 0.0000e+00 -2.6206e+00 1.8086e-01 0.0000e+00 0.0000e+00 -1.8086e-01 -2.3642e+00 
157.0 3.1999e+00 -1.0319e-01 0.0000e+00 0.0000e+00 -1.0319e-01 2.8648e+00 0.0000e+00 0.0000e+00 0.0000e+00 0.0000e+00 -2.6405e+00 1.6963e-01 0.0000e+00 0.0000e+00 -1.6963e-01 -2.3857e+00 
158.0 3.2105e+00 -8.0256e-02 0.0000e+00 0.0000e+00 -8.0256e-02 2.8786e+00 0.0000e+00 0.0000e+00 0.0000e+00 0.0000e+00 -2.6600e+00 1.5735e-01 0.0000e+00 0.0000e+00 -1.5735e-01 -2.4066e+00 
159.0 3.2209e+00 -5.8930e-02 0.0000e+00 0.0000e+00 -5.8930e-02 2.8919e+00 0.0000e+00 0.0000e+00 0.0000e+00 0.0000e+00 -2.6794e+00 1.4378e-01 0.0000e+00 0.0000e+00 -1.4378e-01 -2.4269e+00 
160.0 3.2310e+00 -3.9438e-02 0.0000e+00 0.0000e+00 -3.9438e-02 2.9043e+00 0.0000e+00 0.0000e+00 0.0000e+00 0.0000e+00 -2.6987e+00 1.2874e-01 0.0000e+00 0.0000e+00 -1.2874e-01 -2.4465e+00 
161.0 3.2408e+00 -2.2002e-02 0.0000e+00 0.0000e+00 -2.2002e-02 2.9155e+00 0.0000e+00 0.0000e+00 0.0000e+00 0.0000e+00 -2.7181e+00 1.1211e-01 0.0000e+00 0.0000e+00 -1.1211e-01 -2.4654e+00 
162.0 3.2504e+00 -6.8185e-03 0.0000e+00 0.0000e+00 -6.8185e-03 2.9254e+00 0.0000e+00 0.0000e+00 0.0000e+00 0.0000e+00 -2.7379e+00 9.3849e-02 0.0000e+00 0.0000e+00 -9.3849e-02 -2.4833e+00 
163.0 3.2601e+00 5.9500e-03 0.0000e+00 0.0000e+00 5.9500e-03 2.9340e+00 0.0000e+00 0.0000e+00 0.0000e+00 0.0000e+00 -2.7583e+00 7.4087e-02 0.0000e+00 0.0000e+00 -7.4087e-02 -2.5000e+00 
164.0 3.2704e+00 1.6191e-02 0.0000e+00 0.0000e+00 1.6191e-02 2.9412e+00 0.0000e+00 0.0000e+00 0.0000e+00 0.0000e+00 -2.7795e+00 5.3097e-02 0.0000e+00 0.0000e+00 -5.3097e-02 -2.5152e+00 
165.0 3.2821e+00 2.3852e-02 0.0000e+00 0.0000e+00 2.3852e-02 2.9473e+00 0.0000e+00 0.0000e+00 0.0000e+00 0.0000e+00 -2.8018e+00 3.1319e-02 0.0000e+00 0.0000e+00 -3.1319e-02 -2.5286e+00 
166.0 3.2960e+00 2.8950e-02 0.0000e+00 0.0000e+00 2.8950e-02 2.9526e+00 0.0000e+00 0.0000e+00 0.0000e+00 0.0000e+00 -2.8255e+00 9.3605e-03 0.0000e+00 0.0000e+00 -9.3605e-03 -2.5399e+00 
167.0 3.3131e+00 3.1584e-02 0.0000e+00 0.0000e+00 3.1584e-02 2.9575e+00 0.0000e+00 0.0000e+00 0.0000e+00 0.0000e+00 -2.8509e+00 -1.2012e-02 0.0000e+00 0.0000e+00 1.2012e-02 -2.5486e+00 
168.0 3.3345e+00 3.1931e-02 0.0000e+00 0.0000e+00 3.1931e-02 2.9627e+00 0.0000e+00 0.0000e+00 0.0000e+00 0.0000e+00 -2.8783e+00 -3.1884e-02 0.0000e+00 0.0000e+00 3.1884e-02 -2.5545e+00 
169.0 3.3614e+00 3.0257e-02 0.0000e+00 0.0000e+00 3.0257e-02 2.9689e+00 0.0000e+00 0.0000e+00 0.0000e+00 0.0000e+00 -2.9078e+00 -4.9214e-02 0.0000e+00 0.0000e+00 4.9214e-02 -2.5572e+00 
170.0 3.3950e+00 2.6925e-02 0.0000e+00 0.0000e+00 2.6925e-02 2.9768e+00 0.0000e+00 0.0000e+00 0.0000e+00 0.0000e+00 -2.9394e+00 -6.2870e-02 0.0000e+00 0.0000e+00 6.2870e-02 -2.5565e+00 
171.0 3.4360e+00 2.2404e-02 0.0000e+00 0.0000e+00 2.2404e-02 2.9874e+00 0.0000e+00 0.0000e+00 0.0000e+00 0.0000e+00 -2.9731e+00 -7.1730e-02 0.0000e+00 0.0000e+00 7.1730e-02 -2.5525e+00 
172.0 3.4849e+00 1.7256e-02 0.0000e+00 0.0000e+00 1.7256e-02 3.0013e+00 0.0000e+00 0.0000e+00 0.0000e+00 0.0000e+00 -3.0084e+00 -7.4830e-02 0.0000e+00 0.0000e+00 7.4830e-02 -2.5453e+00 
173.0 3.5412e+00 1.2100e-02 0.0000e+00 0.0000e+00 1.2100e-02 3.0191e+00 0.0000e+00 0.0000e+00 0.0000e+00 0.0000e+00 -3.0446e+00 -7.1617e-02 0.0000e+00 0.0000e+00 7.1617e-02 -2.5353e+00 
174.0 3.6030e+00 7.5284e-03 0.0000e+00 0.0000e+00 7.5284e-03 3.0406e+00 0.0000e+00 0.0000e+00 0.0000e+00 0.0000e+00 -3.0805e+00 -6.2284e-02 0.0000e+00 0.0000e+00 6.2284e-02 -2.5234e+00 
175.0 3.6669e+00 3.9956e-03 0.0000e+00 0.0000e+00 3.9956e-03 3.0645e+00 0.0000e+00 0.0000e+00 0.0000e+00 0.0000e+00 -3.1143e+00 -4.8074e-02 0.0000e+00 0.0000e+00 4.8074e-02 -2.5106e+00 
176.0 3.7273e+00 1.7009e-03 0.0000e+00 0.0000e+00 1.7009e-03 3.0886e+00 0.0000e+00 0.0000e+00 0.0000e+00 0.0000e+00 -3.1441e+00 -3.1398e-02 0.0000e+00 0.0000e+00 3.1398e-02 -2.4985e+00 
177.0 3.7777e+00 5.2705e-04 0.0000e+00 0.0000e+00 5.2705e-04 3.1097e+00 0.0000e+00 0.0000e+00 0.0000e+00 0.0000e+00 -3.1675e+00 -1.5583e-02 0.0000e+00 0.0000e+00 1.5583e-02 -2.4884e+00 
178.0 3.8114e+00 9.9970e-05 0.0000e+00 0.0000e+00 9.9970e-05 3.1243e+00 0.0000e+00 0.0000e+00 0.0000e+00 0.0000e+00 -3.1826e+00 -4.1923e-03 0.0000e+00 0.0000e+00 4.1923e-03 -2.4817e+00 
179.0 3.8233e+00 8.0695e-22 0.0000e+00 0.0000e+00 8.0695e-22 3.1295e+00 0.0000e+00 0.0000e+00 0.0000e+00 0.0000e+00 -3.1879e+00 -4.7708e-20 0.0000e+00 0.0000e+00 4.7708e-20 -2.4794e+00 
180.0 3.8354e+00 0.0000e+00 0.0000e+00 0.0000e+00 0.0000e+00 3.1347e+00 0.0000e+00 0.0000e+00 0.0000e+00 0.0000e+00 -3.1930e+00 0.0000e+00 0.0000e+00 0.0000e+00 -0.0000e+00 -2.4770e+00 
