1.9325 2.0297 0.0972 0.035211
theta s11 s12 s13 s14 s21 s22 s23 s24 s31 s32 s33 s34 s41 s42 s43 s44
0.0 1.3573e+03 0.0000e+00 0.0000e+00 0.0000e+00 0.0000e+00 1.3549e+03 0.0000e+00 0.0000e+00 0.0000e+00 0.0000e+00 1.3549e+03 0.0000e+00 0.0000e+00 0.0000e+00 -0.0000e+00 1.3526e+03 
1.0 1.2185e+03 -3.6255e-02 0.0000e+00 0.0000e+00 -3.6255e-02 1.2161e+03 0.0000e+00 0.0000e+00 0.0000e+00 0.0000e+00 1.2161e+03 -4.9945e-01 0.0000e+00 0.0000e+00 4.9945e-01 1.2138e+03 
2.0 1.0066e+03 -6.2219e-02 0.0000e+00 0.0000e+00 -6.2219e-02 1.0042e+03 0.0000e+00 0.0000e+00 0.0000e+00 0.0000e+00 1.0042e+03 -1.7677e+00 0.0000e+00 0.0000e+00 1.7677e+00 1.0019e+03 
3.0 8.3859e+02 -4.5229e-02 0.0000e+00 0.0000e+00 -4.5229e-02 8.3627e+02 0.0000e+00 0.0000e+00 0.0000e+00 0.0000e+00 8.3625e+02 -3.3386e+00 0.0000e+00 0.0000e+00 3.3386e+00 8.3399e+02 
4.0 7.0971e+02 -9.6394e-03 0.0000e+00 0.0000e+00 -9.6394e-03 7.0743e+02 0.0000e+00 0.0000e+00 0.0000e+00 0.0000e+00 7.0738e+02 -4.8629e+00 0.0000e+00 0.0000e+00 4.8629e+00 7.0519e+02 
5.0 6.0775e+02 2.4222e-02 0.0000e+00 0.0000e+00 2.4222e-02 6.0551e+02 0.0000e+00 0.0000e+00 0.0000e+00 0.0000e+00 6.0541e+02 -6.1861e+00 0.0000e+00 0.0000e+00 6.1861e+00 6.0331e+02 
6.0 5.2493e+02 4.1219e-02 0.0000e+00 0.0000e+00 4.1219e-02 5.2273e+02 0.0000e+00 0.0000e+00 0.0000e+00 0.0000e+00 5.2258e+02 -7.2429e+00 0.0000e+00 0.0000e+00 7.2429e+00 5.2056e+02 
7.0 4.5663e+02 3.0227e-02 0.0000e+00 0.0000e+00 3.0227e-02 4.5447e+02 0.0000e+00 0.0000e+00 0.0000e+00 0.0000e+00 4.5424e+02 -8.0026e+00 0.0000e+00 0.0000e+00 8.0026e+00 4.5232e+02 
8.0 3.9992e+02 -1.2943e-02 0.0000e+00 0.0000e+00 -1.2943e-02 3.9779e+02 0.0000e+00 0.0000e+00 0.0000e+00 0.0000e+00 3.9749e+02 -8.4717e+00 0.0000e+00 0.0000e+00 8.4717e+00 3.9565e+02 
9.0 3.5269e+02 -8.6544e-02 0.0000e+00 0.0000e+00 -8.6544e-02 3.5059e+02 0.0000e+00 0.0000e+00 0.0000e+00 0.0000e+00 3.5022e+02 -8.6862e+00 0.0000e+00 0.0000e+00 8.6862e+00 3.4846e+02 
10.0 3.1329e+02 -1.8540e-01 0.0000e+00 0.0000e+00 -1.8540e-01 3.1121e+02 0.0000e+00 0.0000e+00 0.0000e+00 0.0000e+00 3.1076e+02 -8.6960e+00 0.0000e+00 0.0000e+00 8.6960e+00 3.0908e+02 
11.0 2.8031e+02 -3.0304e-01 0.0000e+00 0.0000e+00 -3.0304e-01 2.7825e+02 0.0000e+00 0.0000e+00 0.0000e+00 0.0000e+00 2.7773e+02 -8.5526e+00 0.0000e+00 0.0000e+00 8.5526e+00 2.7613e+02 
12.0 2.5260e+02 -4.3460e-01 0.0000e+00 0.0000e+00 -4.3460e-01 2.5056e+02 0.0000e+00 0.0000e+00 0.0000e+00 0.0000e+00 2.4996e+02 -8.3008e+00 0.0000e+00 0.0000e+00 8.3008e+00 2.4843e+02 
13.0 2.2920e+02 -5.7648e-01 0.0000e+00 0.0000e+00 -5.7648e-01 2.2717e+02 0.0000e+00 0.0000e+00 0.0000e+00 0.0000e+00 2.2652e+02 -7.9755e+00 0.0000e+00 0.0000e+00 7.9755e+00 2.2505e+02 
14.0 2.0931e+02 -7.2309e-01 0.0000e+00 0.0000e+00 -7.2309e-01 2.0729e+02 0.0000e+00 0.0000e+00 0.0000e+00 0.0000e+00 2.0658e+02 -7.6108e+00 0.0000e+00 0.0000e+00 7.6108e+00 2.0518e+02 
15.0 1.9229e+02 -8.7409e-01 0.0000e+00 0.0000e+00 -8.7409e-01 1.9028e+02 0.0000e+00 0.0000e+00 0.0000e+00 0.0000e+00 1.8952e+02 -7.2225e+00 0.0000e+00 0.0000e+00 7.2225e+00 1.8818e+02 
16.0 1.7762e+02 -1.0271e+00 0.0000e+00 0.0000e+00 -1.0271e+00 1.7561e+02 0.0000e+00 0.0000e+00 0.0000e+00 0.0000e+00 1.7480e+02 -6.8280e+00 0.0000e+00 0.0000e+00 6.8280e+00 1.7352e+02 
17.0 1.6486e+02 -1.1812e+00 0.0000e+00 0.0000e+00 -1.1812e+00 1.6285e+02 0.0000e+00 0.0000e+00 0.0000e+00 0.0000e+00 1.6200e+02 -6.4383e+00 0.0000e+00 0.0000e+00 6.4383e+00 1.6078e+02 
18.0 1.5368e+02 -1.3359e+00 0.0000e+00 0.0000e+00 -1.3359e+00 1.5168e+02 0.0000e+00 0.0000e+00 0.0000e+00 0.0000e+00 1.5079e+02 -6.0612e+00 0.0000e+00 0.0000e+00 6.0612e+00 1.4963e+02 
19.0 1.4381e+02 -1.4909e+00 0.0000e+00 0.0000e+00 -1.4909e+00 1.4182e+02 0.0000e+00 0.0000e+00 0.0000e+00 0.0000e+00 1.4140e+02 -5.7015e+00 0.0000e+00 0.0000e+00 5.7015e+00 1.4030e+02 
20.0 1.3503e+02 -1.6458e+00 0.0000e+00 0.0000e+00 -1.6458e+00 1.3304e+02 0.0000e+00 0.0000e+00 0.0000e+00 0.0000e+00 1.3304e+02 -5.3622e+00 0.0000e+00 0.0000e+00 5.3622e+00 1.3200e+02 
21.0 1.2715e+02 -1.8002e+00 0.0000e+00 0.0000e+00 -1.8002e+00 1.2516e+02 0.0000e+00 0.0000e+00 0.0000e+00 0.0000e+00 1.2554e+02 -5.0446e+00 0.0000e+00 0.0000e+00 5.0446e+00 1.2455e+02 
22.0 1.2004e+02 -1.9538e+00 0.0000e+00 0.0000e+00 -1.9538e+00 1.1805e+02 0.0000e+00 0.0000e+00 0.0000e+00 0.0000e+00 1.1875e+02 -4.7487e+00 0.0000e+00 0.0000e+00 4.7487e+00 1.1781e+02 
23.0 1.1356e+02 -2.1066e+00 0.0000e+00 0.0000e+00 -2.1066e+00 1.1158e+02 0.0000e+00 0.0000e+00 0.0000e+00 0.0000e+00 1.1258e+02 -4.4732e+00 0.0000e+00 0.0000e+00 4.4732e+00 1.1168e+02 
24.0 1.0764e+02 -2.2588e+00 0.0000e+00 0.0000e+00 -2.2588e+00 1.0567e+02 0.0000e+00 0.0000e+00 0.0000e+00 0.0000e+00 1.0693e+02 -4.2161e+00 0.0000e+00 0.0000e+00 4.2161e+00 1.0607e+02 
25.0 1.0220e+02 -2.4102e+00 0.0000e+00 0.0000e+00 -2.4102e+00 1.0024e+02 0.0000e+00 0.0000e+00 0.0000e+00 0.0000e+00 1.0174e+02 -3.9755e+00 0.0000e+00 0.0000e+00 3.9755e+00 1.0091e+02 
26.0 9.7185e+01 -2.5610e+00 0.0000e+00 0.0000e+00 -2.5610e+00 9.5225e+01 0.0000e+00 0.0000e+00 0.0000e+00 0.0000e+00 9.6940e+01 -3.7498e+00 0.0000e+00 0.0000e+00 3.7498e+00 9.6152e+01 
27.0 9.2536e+01 -2.7110e+00 0.0000e+00 0.0000e+00 -2.7110e+00 9.0583e+01 0.0000e+00 0.0000e+00 0.0000e+00 0.0000e+00 9.2493e+01 -3.5378e+00 0.0000e+00 0.0000e+00 3.5378e+00 9.1736e+01 
28.0 8.8211e+01 -2.8601e+00 0.0000e+00 0.0000e+00 -2.8601e+00 8.6265e+01 0.0000e+00 0.0000e+00 0.0000e+00 0.0000e+00 8.8351e+01 -3.3385e+00 0.0000e+00 0.0000e+00 3.3385e+00 8.7624e+01 
29.0 8.4172e+01 -3.0079e+00 0.0000e+00 0.0000e+00 -3.0079e+00 8.2234e+01 0.0000e+00 0.0000e+00 0.0000e+00 0.0000e+00 8.4479e+01 -3.1510e+00 0.0000e+00 0.0000e+00 3.1510e+00 8.3779e+01 
30.0 8.0386e+01 -3.1542e+00 0.0000e+00 0.0000e+00 -3.1542e+00 7.8455e+01 0.0000e+00 0.0000e+00 0.0000e+00 0.0000e+00 8.0846e+01 -2.9746e+00 0.0000e+00 0.0000e+00 2.9746e+00 8.0172e+01 
31.0 7.6827e+01 -3.2985e+00 0.0000e+00 0.0000e+00 -3.2985e+00 7.4904e+01 0.0000e+00 0.0000e+00 0.0000e+00 0.0000e+00 7.7067e+01 -2.8084e+00 0.0000e+00 0.0000e+00 2.8084e+00 7.6430e+01 
32.0 7.3473e+01 -3.4403e+00 0.0000e+00 0.0000e+00 -3.4403e+00 7.1556e+01 0.0000e+00 0.0000e+00 0.0000e+00 0.0000e+00 7.3509e+01 -2.6516e+00 0.0000e+00 0.0000e+00 2.6516e+00 7.2906e+01 
33.0 7.0304e+01 -3.5793e+00 0.0000e+00 0.0000e+00 -3.5793e+00 6.8395e+01 0.0000e+00 0.0000e+00 0.0000e+00 0.0000e+00 7.0150e+01 -2.5036e+00 0.0000e+00 0.0000e+00 2.5036e+00 6.9582e+01 
34.0 6.7308e+01 -3.7152e+00 0.0000e+00 0.0000e+00 -3.7152e+00 6.5406e+01 0.0000e+00 0.0000e+00 0.0000e+00 0.0000e+00 6.6974e+01 -2.3635e+00 0.0000e+00 0.0000e+00 2.3635e+00 6.6438e+01 
35.0 6.4470e+01 -3.8478e+00 0.0000e+00 0.0000e+00 -3.8478e+00 6.2575e+01 0.0000e+00 0.0000e+00 0.0000e+00 0.0000e+00 6.3965e+01 -2.2304e+00 0.0000e+00 0.0000e+00 2.2304e+00 6.3461e+01 
36.0 6.1781e+01 -3.9770e+00 0.0000e+00 0.0000e+00 -3.9770e+00 5.9893e+01 0.0000e+00 0.0000e+00 0.0000e+00 0.0000e+00 6.1110e+01 -2.1035e+00 0.0000e+00 0.0000e+00 2.1035e+00 6.0638e+01 
37.0 5.9232e+01 -4.1030e+00 0.0000e+00 0.0000e+00 -4.1030e+00 5.7352e+01 0.0000e+00 0.0000e+00 0.0000e+00 0.0000e+00 5.8400e+01 -1.9820e+00 0.0000e+00 0.0000e+00 1.9820e+00 5.7957e+01 
38.0 5.6814e+01 -4.2259e+00 0.0000e+00 0.0000e+00 -4.2259e+00 5.4941e+01 0.0000e+00 0.0000e+00 0.0000e+00 0.0000e+00 5.5824e+01 -1.8653e+00 0.0000e+00 0.0000e+00 1.8653e+00 5.5410e+01 
39.0 5.4520e+01 -4.3457e+00 0.0000e+00 0.0000e+00 -4.3457e+00 5.2655e+01 0.0000e+00 0.0000e+00 0.0000e+00 0.0000e+00 5.3375e+01 -1.7531e+00 0.0000e+00 0.0000e+00 1.7531e+00 5.2989e+01 
40.0 5.2341e+01 -4.4622e+00 0.0000e+00 0.0000e+00 -4.4622e+00 5.0484e+01 0.0000e+00 0.0000e+00 0.0000e+00 0.0000e+00 5.1045e+01 -1.6452e+00 0.0000e+00 0.0000e+00 1.6452e+00 5.0686e+01 
41.0 5.0271e+01 -4.5754e+00 0.0000e+00 0.0000e+00 -4.5754e+00 4.8421e+01 0.0000e+00 0.0000e+00 0.0000e+00 0.0000e+00 4.8825e+01 -1.5412e+00 0.0000e+00 0.0000e+00 1.5412e+00 4.8493e+01 
42.0 4.8301e+01 -4.6849e+00 0.0000e+00 0.0000e+00 -4.6849e+00 4.6459e+01 0.0000e+00 0.0000e+00 0.0000e+00 0.0000e+00 4.6710e+01 -1.4411e+00 0.0000e+00 0.0000e+00 1.4411e+00 4.6403e+01 
43.0 4.6426e+01 -4.7904e+00 0.0000e+00 0.0000e+00 -4.7904e+00 4.4591e+01 0.0000e+00 0.0000e+00 0.0000e+00 0.0000e+00 4.4692e+01 -1.3446e+00 0.0000e+00 0.0000e+00 1.3446e+00 4.4409e+01 
44.0 4.4638e+01 -4.8918e+00 0.0000e+00 0.0000e+00 -4.8918e+00 4.2810e+01 0.0000e+00 0.0000e+00 0.0000e+00 0.0000e+00 4.2765e+01 -1.2513e+00 0.0000e+00 0.0000e+00 1.2513e+00 4.2507e+01 
45.0 4.2933e+01 -4.9891e+00 0.0000e+00 0.0000e+00 -4.9891e+00 4.1113e+01 0.0000e+00 0.0000e+00 0.0000e+00 0.0000e+00 4.0923e+01 -1.1608e+00 0.0000e+00 0.0000e+00 1.1608e+00 4.0689e+01 
46.0 4.1305e+01 -5.0820e+00 0.0000e+00 0.0000e+00 -5.0820e+00 3.9492e+01 0.0000e+00 0.0000e+00 0.0000e+00 0.0000e+00 3.9163e+01 -1.0728e+00 0.0000e+00 0.0000e+00 1.0728e+00 3.8952e+01 
47.0 3.9752e+01 -5.1707e+00 0.0000e+00 0.0000e+00 -5.1707e+00 3.7946e+01 0.0000e+00 0.0000e+00 0.0000e+00 0.0000e+00 3.7479e+01 -9.8700e-01 0.0000e+00 0.0000e+00 9.8700e-01 3.7290e+01 
48.0 3.8269e+01 -5.2551e+00 0.0000e+00 0.0000e+00 -5.2551e+00 3.6469e+01 0.0000e+00 0.0000e+00 0.0000e+00 0.0000e+00 3.5868e+01 -9.0317e-01 0.0000e+00 0.0000e+00 9.0317e-01 3.5701e+01 
49.0 3.6853e+01 -5.3352e+00 0.0000e+00 0.0000e+00 -5.3352e+00 3.5059e+01 0.0000e+00 0.0000e+00 0.0000e+00 0.0000e+00 3.4325e+01 -8.2108e-01 0.0000e+00 0.0000e+00 8.2108e-01 3.4179e+01 
50.0 3.5500e+01 -5.4111e+00 0.0000e+00 0.0000e+00 -5.4111e+00 3.3713e+01 0.0000e+00 0.0000e+00 0.0000e+00 0.0000e+00 3.2847e+01 -7.4059e-01 0.0000e+00 0.0000e+00 7.4059e-01 3.2723e+01 
51.0 3.4209e+01 -5.4828e+00 0.0000e+00 0.0000e+00 -5.4828e+00 3.2428e+01 0.0000e+00 0.0000e+00 0.0000e+00 0.0000e+00 3.1432e+01 -6.6156e-01 0.0000e+00 0.0000e+00 6.6156e-01 3.1328e+01 
52.0 3.2976e+01 -5.5505e+00 0.0000e+00 0.0000e+00 -5.5505e+00 3.1201e+01 0.0000e+00 0.0000e+00 0.0000e+00 0.0000e+00 3.0075e+01 -5.8392e-01 0.0000e+00 0.0000e+00 5.8392e-01 2.9993e+01 
53.0 3.1799e+01 -5.6140e+00 0.0000e+00 0.0000e+00 -5.6140e+00 3.0030e+01 0.0000e+00 0.0000e+00 0.0000e+00 0.0000e+00 2.8776e+01 -5.0763e-01 0.0000e+00 0.0000e+00 5.0763e-01 2.8713e+01 
54.0 3.0676e+01 -5.6735e+00 0.0000e+00 0.0000e+00 -5.6735e+00 2.8912e+01 0.0000e+00 0.0000e+00 0.0000e+00 0.0000e+00 2.7530e+01 -4.3272e-01 0.0000e+00 0.0000e+00 4.3272e-01 2.7487e+01 
55.0 2.9603e+01 -5.7290e+00 0.0000e+00 0.0000e+00 -5.7290e+00 2.7844e+01 0.0000e+00 0.0000e+00 0.0000e+00 0.0000e+00 2.6335e+01 -3.5922e-01 0.0000e+00 0.0000e+00 3.5922e-01 2.6312e+01 
56.0 2.8579e+01 -5.7805e+00 0.0000e+00 0.0000e+00 -5.7805e+00 2.6825e+01 0.0000e+00 0.0000e+00 0.0000e+00 0.0000e+00 2.5188e+01 -2.8715e-01 0.0000e+00 0.0000e+00 2.8715e-01 2.5185e+01 
57.0 2.7601e+01 -5.8280e+00 0.0000e+00 0.0000e+00 -5.8280e+00 2.5852e+01 0.0000e+00 0.0000e+00 0.0000e+00 0.0000e+00 2.4088e+01 -2.1654e-01 0.0000e+00 0.0000e+00 2.1654e-01 2.4105e+01 
58.0 2.6667e+01 -5.8714e+00 0.0000e+00 0.0000e+00 -5.8714e+00 2.4922e+01 0.0000e+00 0.0000e+00 0.0000e+00 0.0000e+00 2.3033e+01 -1.4741e-01 0.0000e+00 0.0000e+00 1.4741e-01 2.3068e+01 
59.0 2.5774e+01 -5.9108e+00 0.0000e+00 0.0000e+00 -5.9108e+00 2.4034e+01 0.0000e+00 0.0000e+00 0.0000e+00 0.0000e+00 2.2018e+01 -7.9762e-02 0.0000e+00 0.0000e+00 7.9762e-02 2.2073e+01 
60.0 2.4921e+01 -5.9463e+00 0.0000e+00 0.0000e+00 -5.9463e+00 2.3185e+01 0.0000e+00 0.0000e+00 0.0000e+00 0.0000e+00 2.1044e+01 -1.3613e-02 0.0000e+00 0.0000e+00 1.3613e-02 2.1118e+01 
61.0 2.4106e+01 -5.9778e+00 0.0000e+00 0.0000e+00 -5.9778e+00 2.2374e+01 0.0000e+00 0.0000e+00 0.0000e+00 0.0000e+00 2.0108e+01 5.1008e-02 0.0000e+00 0.0000e+00 -5.1008e-02 2.0200e+01 
62.0 2.3326e+01 -6.0055e+00 0.0000e+00 0.0000e+00 -6.0055e+00 2.1598e+01 0.0000e+00 0.0000e+00 0.0000e+00 0.0000e+00 1.9208e+01 1.1406e-01 0.0000e+00 0.0000e+00 -1.1406e-01 1.9319e+01 
63.0 2.2581e+01 -6.0292e+00 0.0000e+00 0.0000e+00 -6.0292e+00 2.0856e+01 0.0000e+00 0.0000e+00 0.0000e+00 0.0000e+00 1.8342e+01 1.7548e-01 0.0000e+00 0.0000e+00 -1.7548e-01 1.8472e+01 
64.0 2.1869e+01 -6.0492e+00 0.0000e+00 0.0000e+00 -6.0492e+00 2.0147e+01 0.0000e+00 0.0000e+00 0.0000e+00 0.0000e+00 1.7510e+01 2.3520e-01 0.0000e+00 0.0000e+00 -2.3520e-01 1.7658e+01 
65.0 2.1187e+01 -6.0653e+00 0.0000e+00 0.0000e+00 -6.0653e+00 1.9469e+01 0.0000e+00 0.0000e+00 0.0000e+00 0.0000e+00 1.6709e+01 2.9315e-01 0.0000e+00 0.0000e+00 -2.9315e-01 1.6875e+01 
66.0 2.0535e+01 -6.0775e+00 0.0000e+00 0.0000e+00 -6.0775e+00 1.8820e+01 0.0000e+00 0.0000e+00 0.0000e+00 0.0000e+00 1.5938e+01 3.4928e-01 0.0000e+00 0.0000e+00 -3.4928e-01 1.6123e+01 
67.0 1.9912e+01 -6.0860e+00 0.0000e+00 0.0000e+00 -6.0860e+00 1.8200e+01 0.0000e+00 0.0000e+00 0.0000e+00 0.0000e+00 1.5195e+01 4.0354e-01 0.0000e+00 0.0000e+00 -4.0354e-01 1.5398e+01 
68.0 1.9315e+01 -6.0908e+00 0.0000e+00 0.0000e+00 -6.0908e+00 1.7606e+01 0.0000e+00 0.0000e+00 0.0000e+00 0.0000e+00 1.4480e+01 4.5589e-01 0.0000e+00 0.0000e+00 -4.5589e-01 1.4701e+01 
69.0 1.8744e+01 -6.0918e+00 0.0000e+00 0.0000e+00 -6.0918e+00 1.7038e+01 0.0000e+00 0.0000e+00 0.0000e+00 0.0000e+00 1.3791e+01 5.0633e-01 0.0000e+00 0.0000e+00 -5.0633e-01 1.4030e+01 
70.0 1.8198e+01 -6.0891e+00 0.0000e+00 0.0000e+00 -6.0891e+00 1.6494e+01 0.0000e+00 0.0000e+00 0.0000e+00 0.0000e+00 1.3127e+01 5.5485e-01 0.0000e+00 0.0000e+00 -5.5485e-01 1.3384e+01 
71.0 1.7675e+01 -6.0829e+00 0.0000e+00 0.0000e+00 -6.0829e+00 1.5974e+01 0.0000e+00 0.0000e+00 0.0000e+00 0.0000e+00 1.2486e+01 6.0146e-01 0.0000e+00 0.0000e+00 -6.0146e-01 1.2761e+01 
72.0 1.7175e+01 -6.0731e+00 0.0000e+00 0.0000e+00 -6.0731e+00 1.5476e+01 0.0000e+00 0.0000e+00 0.0000e+00 0.0000e+00 1.1869e+01 6.4615e-01 0.0000e+00 0.0000e+00 -6.4615e-01 1.2161e+01 
73.0 1.6696e+01 -6.0599e+00 0.0000e+00 0.0000e+00 -6.0599e+00 1.4999e+01 0.0000e+00 0.0000e+00 0.0000e+00 0.0000e+00 1.1272e+01 6.8895e-01 0.0000e+00 0.0000e+00 -6.8895e-01 1.1583e+01 
74.0 1.6237e+01 -6.0432e+00 0.0000e+00 0.0000e+00 -6.0432e+00 1.4543e+01 0.0000e+00 0.0000e+00 0.0000e+00 0.0000e+00 1.0697e+01 7.2987e-01 0.0000e+00 0.0000e+00 -7.2987e-01 1.1025e+01 
75.0 1.5798e+01 -6.0233e+00 0.0000e+00 0.0000e+00 -6.0233e+00 1.4107e+01 0.0000e+00 0.0000e+00 0.0000e+00 0.0000e+00 1.0142e+01 7.6894e-01 0.0000e+00 0.0000e+00 -7.6894e-01 1.0487e+01 
76.0 1.5378e+01 -6.0001e+00 0.0000e+00 0.0000e+00 -6.0001e+00 1.3689e+01 0.0000e+00 0.0000e+00 0.0000e+00 0.0000e+00 9.6053e+00 8.0619e-01 0.0000e+00 0.0000e+00 -8.0619e-01 9.9674e+00 
77.0 1.4976e+01 -5.9738e+00 0.0000e+00 0.0000e+00 -5.9738e+00 1.3290e+01 0.0000e+00 0.0000e+00 0.0000e+00 0.0000e+00 9.0872e+00 8.4167e-01 0.0000e+00 0.0000e+00 -8.4167e-01 9.4664e+00 
78.0 1.4591e+01 -5.9444e+00 0.0000e+00 0.0000e+00 -5.9444e+00 1.2907e+01 0.0000e+00 0.0000e+00 0.0000e+00 0.0000e+00 8.5867e+00 8.7542e-01 0.0000e+00 0.0000e+00 -8.7542e-01 8.9827e+00 
79.0 1.4223e+01 -5.9121e+00 0.0000e+00 0.0000e+00 -5.9121e+00 1.2542e+01 0.0000e+00 0.0000e+00 0.0000e+00 0.0000e+00 8.1029e+00 9.0748e-01 0.0000e+00 0.0000e+00 -9.0748e-01 8.5156e+00 
80.0 1.3871e+01 -5.8769e+00 0.0000e+00 0.0000e+00 -5.8769e+00 1.2192e+01 0.0000e+00 0.0000e+00 0.0000e+00 0.0000e+00 7.6352e+00 9.3789e-01 0.0000e+00 0.0000e+00 -9.3789e-01 8.0645e+00 
81.0 1.3534e+01 -5.8388e+00 0.0000e+00 0.0000e+00 -5.8388e+00 1.1858e+01 0.0000e+00 0.0000e+00 0.0000e+00 0.0000e+00 7.1830e+00 9.6670e-01 0.0000e+00 0.0000e+00 -9.6670e-01 7.6288e+00 
82.0 1.3212e+01 -5.7981e+00 0.0000e+00 0.0000e+00 -5.7981e+00 1.1538e+01 0.0000e+00 0.0000e+00 0.0000e+00 0.0000e+00 6.7457e+00 9.9394e-01 0.0000e+00 0.0000e+00 -9.9394e-01 7.2077e+00 
83.0 1.2903e+01 -5.7547e+00 0.0000e+00 0.0000e+00 -5.7547e+00 1.1233e+01 0.0000e+00 0.0000e+00 0.0000e+00 0.0000e+00 6.3227e+00 1.0197e+00 0.0000e+00 0.0000e+00 -1.0197e+00 6.8008e+00 
84.0 1.2609e+01 -5.7089e+00 0.0000e+00 0.0000e+00 -5.7089e+00 1.0941e+01 0.0000e+00 0.0000e+00 0.0000e+00 0.0000e+00 5.9134e+00 1.0439e+00 0.0000e+00 0.0000e+00 -1.0439e+00 6.4075e+00 
85.0 1.2327e+01 -5.6606e+00 0.0000e+00 0.0000e+00 -5.6606e+00 1.0662e+01 0.0000e+00 0.0000e+00 0.0000e+00 0.0000e+00 5.5173e+00 1.0668e+00 0.0000e+00 0.0000e+00 -1.0668e+00 6.0271e+00 
86.0 1.2057e+01 -5.6100e+00 0.0000e+00 0.0000e+00 -5.6100e+00 1.0395e+01 0.0000e+00 0.0000e+00 0.0000e+00 0.0000e+00 5.1338e+00 1.0882e+00 0.0000e+00 0.0000e+00 -1.0882e+00 5.6593e+00 
87.0 1.1800e+01 -5.5571e+00 0.0000e+00 0.0000e+00 -5.5571e+00 1.0141e+01 0.0000e+00 0.0000e+00 0.0000e+00 0.0000e+00 4.7627e+00 1.1083e+00 0.0000e+00 0.0000e+00 -1.1083e+00 5.3036e+00 
88.0 1.1554e+01 -5.5022e+00 0.0000e+00 0.0000e+00 -5.5022e+00 9.8980e+00 0.0000e+00 0.0000e+00 0.0000e+00 0.0000e+00 4.4033e+00 1.1271e+00 0.0000e+00 0.0000e+00 -1.1271e+00 4.9594e+00 
89.0 1.1320e+01 -5.4453e+00 0.0000e+00 0.0000e+00 -5.4453e+00 9.6662e+00 0.0000e+00 0.0000e+00 0.0000e+00 0.0000e+00 4.0553e+00 1.1445e+00 0.0000e+00 0.0000e+00 -1.1445e+00 4.6264e+00 
90.0 1.1096e+01 -5.3865e+00 0.0000e+00 0.0000e+00 -5.3865e+00 9.4451e+00 0.0000e+00 0.0000e+00 0.0000e+00 0.0000e+00 3.7183e+00 1.1606e+00 0.0000e+00 0.0000e+00 -1.1606e+00 4.3041e+00 
91.0 1.0882e+01 -5.3258e+00 0.0000e+00 0.0000e+00 -5.3258e+00 9.2343e+00 0.0000e+00 0.0000e+00 0.0000e+00 0.0000e+00 3.3918e+00 1.1754e+00 0.0000e+00 0.0000e+00 -1.1754e+00 3.9920e+00 
92.0 1.0678e+01 -5.2633e+00 0.0000e+00 0.0000e+00 -5.2633e+00 9.0335e+00 0.0000e+00 0.0000e+00 0.0000e+00 0.0000e+00 3.0756e+00 1.1889e+00 0.0000e+00 0.0000e+00 -1.1889e+00 3.6899e+00 
93.0 1.0483e+01 -5.1991e+00 0.0000e+00 0.0000e+00 -5.1991e+00 8.8421e+00 0.0000e+00 0.0000e+00 0.0000e+00 0.0000e+00 2.7691e+00 1.2010e+00 0.0000e+00 0.0000e+00 -1.2010e+00 3.3972e+00 
94.0 1.0298e+01 -5.1331e+00 0.0000e+00 0.0000e+00 -5.1331e+00 8.6600e+00 0.0000e+00 0.0000e+00 0.0000e+00 0.0000e+00 2.4722e+00 1.2119e+00 0.0000e+00 0.0000e+00 -1.2119e+00 3.1136e+00 
95.0 1.0121e+01 -5.0656e+00 0.0000e+00 0.0000e+00 -5.0656e+00 8.4868e+00 0.0000e+00 0.0000e+00 0.0000e+00 0.0000e+00 2.1843e+00 1.2216e+00 0.0000e+00 0.0000e+00 -1.2216e+00 2.8388e+00 
96.0 9.9529e+00 -4.9964e+00 0.0000e+00 0.0000e+00 -4.9964e+00 8.3220e+00 0.0000e+00 0.0000e+00 0.0000e+00 0.0000e+00 1.9054e+00 1.2299e+00 0.0000e+00 0.0000e+00 -1.2299e+00 2.5723e+00 
97.0 9.7926e+00 -4.9256e+00 0.0000e+00 0.0000e+00 -4.9256e+00 8.1656e+00 0.0000e+00 0.0000e+00 0.0000e+00 0.0000e+00 1.6349e+00 1.2371e+00 0.0000e+00 0.0000e+00 -1.2371e+00 2.3139e+00 
98.0 9.6401e+00 -4.8533e+00 0.0000e+00 0.0000e+00 -4.8533e+00 8.0172e+00 0.0000e+00 0.0000e+00 0.0000e+00 0.0000e+00 1.3726e+00 1.2432e+00 0.0000e+00 0.0000e+00 -1.2432e+00 2.0633e+00 
99.0 9.4951e+00 -4.7796e+00 0.0000e+00 0.0000e+00 -4.7796e+00 7.8764e+00 0.0000e+00 0.0000e+00 0.0000e+00 0.0000e+00 1.1183e+00 1.2481e+00 0.0000e+00 0.0000e+00 -1.2481e+00 1.8200e+00 
100.0 9.3573e+00 -4.7044e+00 0.0000e+00 0.0000e+00 -4.7044e+00 7.7432e+00 0.0000e+00 0.0000e+00 0.0000e+00 0.0000e+00 8.7170e-01 1.2519e+00 0.0000e+00 0.0000e+00 -1.2519e+00 1.5840e+00 
101.0 9.2265e+00 -4.6278e+00 0.0000e+00 0.0000e+00 -4.6278e+00 7.6171e+00 0.0000e+00 0.0000e+00 0.0000e+00 0.0000e+00 6.3250e-01 1.2547e+00 0.0000e+00 0.0000e+00 -1.2547e+00 1.3548e+00 
102.0 9.1024e+00 -4.5499e+00 0.0000e+00 0.0000e+00 -4.5499e+00 7.4980e+00 0.0000e+00 0.0000e+00 0.0000e+00 0.0000e+00 4.0046e-01 1.2565e+00 0.0000e+00 0.0000e+00 -1.2565e+00 1.1323e+00 
103.0 8.9848e+00 -4.4707e+00 0.0000e+00 0.0000e+00 -4.4707e+00 7.3856e+00 0.0000e+00 0.0000e+00 0.0000e+00 0.0000e+00 1.7532e-01 1.2573e+00 0.0000e+00 0.0000e+00 -1.2573e+00 9.1608e-01 
104.0 8.8733e+00 -4.3902e+00 0.0000e+00 0.0000e+00 -4.3902e+00 7.2798e+00 0.0000e+00 0.0000e+00 0.0000e+00 0.0000e+00 -4.3149e-02 1.2571e+00 0.0000e+00 0.0000e+00 -1.2571e+00 7.0602e-01 
105.0 8.7679e+00 -4.3086e+00 0.0000e+00 0.0000e+00 -4.3086e+00 7.1802e+00 0.0000e+00 0.0000e+00 0.0000e+00 0.0000e+00 -2.5519e-01 1.2559e+00 0.0000e+00 0.0000e+00 -1.2559e+00 5.0185e-01 
106.0 8.6683e+00 -4.2259e+00 0.0000e+00 0.0000e+00 -4.2259e+00 7.0867e+00 0.0000e+00 0.0000e+00 0.0000e+00 0.0000e+00 -4.6102e-01 1.2539e+00 0.0000e+00 0.0000e+00 -1.2539e+00 3.0335e-01 
107.0 8.5743e+00 -4.1420e+00 0.0000e+00 0.0000e+00 -4.1420e+00 6.9990e+00 0.0000e+00 0.0000e+00 0.0000e+00 0.0000e+00 -6.6088e-01 1.2510e+00 0.0000e+00 0.0000e+00 -1.2510e+00 1.1031e-01 
108.0 8.4856e+00 -4.0571e+00 0.0000e+00 0.0000e+00 -4.0571e+00 6.9170e+00 0.0000e+00 0.0000e+00 0.0000e+00 0.0000e+00 -8.5495e-01 1.2473e+00 0.0000e+00 0.0000e+00 -1.2473e+00 -7.7495e-02 
109.0 8.4021e+00 -3.9712e+00 0.0000e+00 0.0000e+00 -3.9712e+00 6.8405e+00 0.0000e+00 0.0000e+00 0.0000e+00 0.0000e+00 -1.0435e+00 1.2429e+00 0.0000e+00 0.0000e+00 -1.2429e+00 -2.6025e-01 
110.0 8.3237e+00 -3.8844e+00 0.0000e+00 0.0000e+00 -3.8844e+00 6.7692e+00 0.0000e+00 0.0000e+00 0.0000e+00 0.0000e+00 -1.2266e+00 1.2377e+00 0.0000e+00 0.0000e+00 -1.2377e+00 -4.3815e-01 
111.0 8.2502e+00 -3.7967e+00 0.0000e+00 0.0000e+00 -3.7967e+00 6.7030e+00 0.0000e+00 0.0000e+00 0.0000e+00 0.0000e+00 -1.4045e+00 1.2319e+00 0.0000e+00 0.0000e+00 -1.2319e+00 -6.1135e-01 
112.0 8.1813e+00 -3.7082e+00 0.0000e+00 0.0000e+00 -3.7082e+00 6.6418e+00 0.0000e+00 0.0000e+00 0.0000e+00 0.0000e+00 -1.5774e+00 1.2255e+00 0.0000e+00 0.0000e+00 -1.2255e+00 -7.8000e-01 
113.0 8.1170e+00 -3.6190e+00 0.0000e+00 0.0000e+00 -3.6190e+00 6.5854e+00 0.0000e+00 0.0000e+00 0.0000e+00 0.0000e+00 -1.7454e+00 1.2186e+00 0.0000e+00 0.0000e+00 -1.2186e+00 -9.4427e-01 
114.0 8.0572e+00 -3.5292e+00 0.0000e+00 0.0000e+00 -3.5292e+00 6.5336e+00 0.0000e+00 0.0000e+00 0.0000e+00 0.0000e+00 -1.9087e+00 1.2110e+00 0.0000e+00 0.0000e+00 -1.2110e+00 -1.1043e+00 
115.0 8.0015e+00 -3.4388e+00 0.0000e+00 0.0000e+00 -3.4388e+00 6.4863e+00 0.0000e+00 0.0000e+00 0.0000e+00 0.0000e+00 -2.0674e+00 1.2031e+00 0.0000e+00 0.0000e+00 -1.2031e+00 -1.2602e+00 
116.0 7.9501e+00 -3.3479e+00 0.0000e+00 0.0000e+00 -3.3479e+00 6.4433e+00 0.0000e+00 0.0000e+00 0.0000e+00 0.0000e+00 -2.2217e+00 1.1946e+00 0.0000e+00 0.0000e+00 -1.1946e+00 -1.4120e+00 
117.0 7.9026e+00 -3.2566e+00 0.0000e+00 0.0000e+00 -3.2566e+00 6.4045e+00 0.0000e+00 0.0000e+00 0.0000e+00 0.0000e+00 -2.3717e+00 1.1857e+00 0.0000e+00 0.0000e+00 -1.1857e+00 -1.5601e+00 
118.0 7.8589e+00 -3.1650e+00 0.0000e+00 0.0000e+00 -3.1650e+00 6.3697e+00 0.0000e+00 0.0000e+00 0.0000e+00 0.0000e+00 -2.5176e+00 1.1764e+00 0.0000e+00 0.0000e+00 -1.1764e+00 -1.7043e+00 
119.0 7.8191e+00 -3.0732e+00 0.0000e+00 0.0000e+00 -3.0732e+00 6.3387e+00 0.0000e+00 0.0000e+00 0.0000e+00 0.0000e+00 -2.6595e+00 1.1667e+00 0.0000e+00 0.0000e+00 -1.1667e+00 -1.8449e+00 
120.0 7.7828e+00 -2.9813e+00 0.0000e+00 0.0000e+00 -2.9813e+00 6.3115e+00 0.0000e+00 0.0000e+00 0.0000e+00 0.0000e+00 -2.7975e+00 1.1566e+00 0.0000e+00 0.0000e+00 -1.1566e+00 -1.9818e+00 
121.0 7.7500e+00 -2.8893e+00 0.0000e+00 0.0000e+00 -2.8893e+00 6.2878e+00 0.0000e+00 0.0000e+00 0.0000e+00 0.0000e+00 -2.9317e+00 1.1461e+00 0.0000e+00 0.0000e+00 -1.1461e+00 -2.1153e+00 
122.0 7.7206e+00 -2.7973e+00 0.0000e+00 0.0000e+00 -2.7973e+00 6.2675e+00 0.0000e+00 0.0000e+00 0.0000e+00 0.0000e+00 -3.0623e+00 1.1352e+00 0.0000e+00 0.0000e+00 -1.1352e+00 -2.2455e+00 
123.0 7.6944e+00 -2.7055e+00 0.0000e+00 0.0000e+00 -2.7055e+00 6.2504e+00 0.0000e+00 0.0000e+00 0.0000e+00 0.0000e+00 -3.1894e+00 1.1237e+00 0.0000e+00 0.0000e+00 -1.1237e+00 -2.3723e+00 
124.0 7.6713e+00 -2.6138e+00 0.0000e+00 0.0000e+00 -2.6138e+00 6.2363e+00 0.0000e+00 0.0000e+00 0.0000e+00 0.0000e+00 -3.3131e+00 1.1119e+00 0.0000e+00 0.0000e+00 -1.1119e+00 -2.4959e+00 
125.0 7.6511e+00 -2.5223e+00 0.0000e+00 0.0000e+00 -2.5223e+00 6.2253e+00 0.0000e+00 0.0000e+00 0.0000e+00 0.0000e+00 -3.4334e+00 1.0995e+00 0.0000e+00 0.0000e+00 -1.0995e+00 -2.6164e+00 
126.0 7.6339e+00 -2.4311e+00 0.0000e+00 0.0000e+00 -2.4311e+00 6.2170e+00 0.0000e+00 0.0000e+00 0.0000e+00 0.0000e+00 -3.5507e+00 1.0867e+00 0.0000e+00 0.0000e+00 -1.0867e+00 -2.7339e+00 
127.0 7.6194e+00 -2.3403e+00 0.0000e+00 0.0000e+00 -2.3403e+00 6.2115e+00 0.0000e+00 0.0000e+00 0.0000e+00 0.0000e+00 -3.6648e+00 1.0734e+00 0.0000e+00 0.0000e+00 -1.0734e+00 -2.8485e+00 
128.0 7.6076e+00 -2.2499e+00 0.0000e+00 0.0000e+00 -2.2499e+00 6.2085e+00 0.0000e+00 0.0000e+00 0.0000e+00 0.0000e+00 -3.7760e+00 1.0596e+00 0.0000e+00 0.0000e+00 -1.0596e+00 -2.9603e+00 
129.0 7.5983e+00 -2.1602e+00 0.0000e+00 0.0000e+00 -2.1602e+00 6.2080e+00 0.0000e+00 0.0000e+00 0.0000e+00 0.0000e+00 -3.8844e+00 1.0452e+00 0.0000e+00 0.0000e+00 -1.0452e+00 -3.0693e+00 
130.0 7.5914e+00 -2.0710e+00 0.0000e+00 0.0000e+00 -2.0710e+00 6.2098e+00 0.0000e+00 0.0000e+00 0.0000e+00 0.0000e+00 -3.9899e+00 1.0303e+00 0.0000e+00 0.0000e+00 -1.0303e+00 -3.1757e+00 
131.0 7.5868e+00 -1.9826e+00 0.0000e+00 0.0000e+00 -1.9826e+00 6.2139e+00 0.0000e+00 0.0000e+00 0.0000e+00 0.0000e+00 -4.0927e+00 1.0148e+00 0.0000e+00 0.0000e+00 -1.0148e+00 -3.2795e+00 
132.0 7.5845e+00 -1.8948e+00 0.0000e+00 0.0000e+00 -1.8948e+00 6.2203e+00 0.0000e+00 0.0000e+00 0.0000e+00 0.0000e+00 -4.1928e+00 9.9871e-01 0.0000e+00 0.0000e+00 -9.9871e-01 -3.3808e+00 
133.0 7.5843e+00 -1.8078e+00 0.0000e+00 0.0000e+00 -1.8078e+00 6.2288e+00 0.0000e+00 0.0000e+00 0.0000e+00 0.0000e+00 -4.2903e+00 9.8196e-01 0.0000e+00 0.0000e+00 -9.8196e-01 -3.4796e+00 
134.0 7.5862e+00 -1.7216e+00 0.0000e+00 0.0000e+00 -1.7216e+00 6.2393e+00 0.0000e+00 0.0000e+00 0.0000e+00 0.0000e+00 -4.3853e+00 9.6455e-01 0.0000e+00 0.0000e+00 -9.6455e-01 -3.5762e+00 
135.0 7.5902e+00 -1.6361e+00 0.0000e+00 0.0000e+00 -1.6361e+00 6.2519e+00 0.0000e+00 0.0000e+00 0.0000e+00 0.0000e+00 -4.4779e+00 9.4646e-01 0.0000e+00 0.0000e+00 -9.4646e-01 -3.6705e+00 
136.0 7.5961e+00 -1.5515e+00 0.0000e+00 0.0000e+00 -1.5515e+00 6.2665e+00 0.0000e+00 0.0000e+00 0.0000e+00 0.0000e+00 -4.5681e+00 9.2766e-01 0.0000e+00 0.0000e+00 -9.2766e-01 -3.7626e+00 
137.0 7.6038e+00 -1.4677e+00 0.0000e+00 0.0000e+00 -1.4677e+00 6.2829e+00 0.0000e+00 0.0000e+00 0.0000e+00 0.0000e+00 -4.6560e+00 9.0814e-01 0.0000e+00 0.0000e+00 -9.0814e-01 -3.8527e+00 
138.0 7.6134e+00 -1.3848e+00 0.0000e+00 0.0000e+00 -1.3848e+00 6.3012e+00 0.0000e+00 0.0000e+00 0.0000e+00 0.0000e+00 -4.7417e+00 8.8790e-01 0.0000e+00 0.0000e+00 -8.8790e-01 -3.9408e+00 
139.0 7.6248e+00 -1.3028e+00 0.0000e+00 0.0000e+00 -1.3028e+00 6.3213e+00 0.0000e+00 0.0000e+00 0.0000e+00 0.0000e+00 -4.8252e+00 8.6696e-01 0.0000e+00 0.0000e+00 -8.6696e-01 -4.0270e+00 
140.0 7.6380e+00 -1.2216e+00 0.0000e+00 0.0000e+00 -1.2216e+00 6.3433e+00 0.0000e+00 0.0000e+00 0.0000e+00 0.0000e+00 -4.9067e+00 8.4535e-01 0.0000e+00 0.0000e+00 -8.4535e-01 -4.1114e+00 
141.0 7.6529e+00 -1.1415e+00 0.0000e+00 0.0000e+00 -1.1415e+00 6.3672e+00 0.0000e+00 0.0000e+00 0.0000e+00 0.0000e+00 -4.9862e+00 8.2312e-01 0.0000e+00 0.0000e+00 -8.2312e-01 -4.1940e+00 
142.0 7.6698e+00 -1.0622e+00 0.0000e+00 0.0000e+00 -1.0622e+00 6.3929e+00 0.0000e+00 0.0000e+00 0.0000e+00 0.0000e+00 -5.0636e+00 8.0030e-01 0.0000e+00 0.0000e+00 -8.0030e-01 -4.2748e+00 
143.0 7.6885e+00 -9.8405e-01 0.0000e+00 0.0000e+00 -9.8405e-01 6.4206e+00 0.0000e+00 0.0000e+00 0.0000e+00 0.0000e+00 -5.1392e+00 7.7690e-01 0.0000e+00 0.0000e+00 -7.7690e-01 -4.3539e+00 
144.0 7.7090e+00 -9.0692e-01 0.0000e+00 0.0000e+00 -9.0692e-01 6.4501e+00 0.0000e+00 0.0000e+00 0.0000e+00 0.0000e+00 -5.2129e+00 7.5292e-01 0.0000e+00 0.0000e+00 -7.5292e-01 -4.4313e+00 
145.0 7.7314e+00 -8.3092e-01 0.0000e+00 0.0000e+00 -8.3092e-01 6.4814e+00 0.0000e+00 0.0000e+00 0.0000e+00 0.0000e+00 -5.2849e+00 7.2828e-01 0.0000e+00 0.0000e+00 -7.2828e-01 -4.5072e+00 
146.0 7.7556e+00 -7.5613e-01 0.0000e+00 0.0000e+00 -7.5613e-01 6.5144e+00 0.0000e+00 0.0000e+00 0.0000e+00 0.0000e+00 -5.3553e+00 7.0290e-01 0.0000e+00 0.0000e+00 -7.0290e-01 -4.5815e+00 
147.0 7.7816e+00 -6.8263e-01 0.0000e+00 0.0000e+00 -6.8263e-01 6.5490e+00 0.0000e+00 0.0000e+00 0.0000e+00 0.0000e+00 -5.4243e+00 6.7670e-01 0.0000e+00 0.0000e+00 -6.7670e-01 -4.6544e+00 
148.0 7.8094e+00 -6.1051e-01 0.0000e+00 0.0000e+00 -6.1051e-01 6.5854e+00 0.0000e+00 0.0000e+00 0.0000e+00 0.0000e+00 -5.4919e+00 6.4959e-01 0.0000e+00 0.0000e+00 -6.4959e-01 -4.7260e+00 
149.0 7.8391e+00 -5.3990e-01 0.0000e+00 0.0000e+00 -5.3990e-01 6.6233e+00 0.0000e+00 0.0000e+00 0.0000e+00 0.0000e+00 -5.5585e+00 6.2151e-01 0.0000e+00 0.0000e+00 -6.2151e-01 -4.7962e+00 
150.0 7.8706e+00 -4.7101e-01 0.0000e+00 0.0000e+00 -4.7101e-01 6.6627e+00 0.0000e+00 0.0000e+00 0.0000e+00 0.0000e+00 -5.6242e+00 5.9232e-01 0.0000e+00 0.0000e+00 -5.9232e-01 -4.8653e+00 
151.0 7.9039e+00 -4.0413e-01 0.0000e+00 0.0000e+00 -4.0413e-01 6.7035e+00 0.0000e+00 0.0000e+00 0.0000e+00 0.0000e+00 -5.6893e+00 5.6181e-01 0.0000e+00 0.0000e+00 -5.6181e-01 -4.9334e+00 
152.0 7.9387e+00 -3.3963e-01 0.0000e+00 0.0000e+00 -3.3963e-01 6.7451e+00 0.0000e+00 0.0000e+00 0.0000e+00 0.0000e+00 -5.7540e+00 5.2965e-01 0.0000e+00 0.0000e+00 -5.2965e-01 -5.0005e+00 
153.0 7.9747e+00 -2.7794e-01 0.0000e+00 0.0000e+00 -2.7794e-01 6.7872e+00 0.0000e+00 0.0000e+00 0.0000e+00 0.0000e+00 -5.8185e+00 4.9540e-01 0.0000e+00 0.0000e+00 -4.9540e-01 -5.0667e+00 
154.0 8.0118e+00 -2.1949e-01 0.0000e+00 0.0000e+00 -2.1949e-01 6.8293e+00 0.0000e+00 0.0000e+00 0.0000e+00 0.0000e+00 -5.8834e+00 4.5861e-01 0.0000e+00 0.0000e+00 -4.5861e-01 -5.1321e+00 
155.0 8.0499e+00 -1.6470e-01 0.0000e+00 0.0000e+00 -1.6470e-01 6.8711e+00 0.0000e+00 0.0000e+00 0.0000e+00 0.0000e+00 -5.9488e+00 4.1892e-01 0.0000e+00 0.0000e+00 -4.1892e-01 -5.1967e+00 
156.0 8.0891e+00 -1.1399e-01 0.0000e+00 0.0000e+00 -1.1399e-01 6.9125e+00 0.0000e+00 0.0000e+00 0.0000e+00 0.0000e+00 -6.0151e+00 3.7610e-01 0.0000e+00 0.0000e+00 -3.7610e-01 -5.2605e+00 
157.0 8.1295e+00 -6.7768e-02 0.0000e+00 0.0000e+00 -6.7768e-02 6.9535e+00 0.0000e+00 0.0000e+00 0.0000e+00 0.0000e+00 -6.0827e+00 3.3005e-01 0.0000e+00 0.0000e+00 -3.3005e-01 -5.3234e+00 
158.0 8.1714e+00 -2.6463e-02 0.0000e+00 0.0000e+00 -2.6463e-02 6.9940e+00 0.0000e+00 0.0000e+00 0.0000e+00 0.0000e+00 -6.1520e+00 2.8075e-01 0.0000e+00 0.0000e+00 -2.8075e-01 -5.3852e+00 
159.0 8.2153e+00 9.5307e-03 0.0000e+00 0.0000e+00 9.5307e-03 7.0338e+00 0.0000e+00 0.0000e+00 0.0000e+00 0.0000e+00 -6.2235e+00 2.2823e-01 0.0000e+00 0.0000e+00 -2.2823e-01 -5.4459e+00 
160.0 8.2614e+00 3.9893e-02 0.0000e+00 0.0000e+00 3.9893e-02 7.0727e+00 0.0000e+00 0.0000e+00 0.0000e+00 0.0000e+00 -6.2977e+00 1.7259e-01 0.0000e+00 0.0000e+00 -1.7259e-01 -5.5054e+00 
161.0 8.3106e+00 6.4423e-02 0.0000e+00 0.0000e+00 6.4423e-02 7.1108e+00 0.0000e+00 0.0000e+00 0.0000e+00 0.0000e+00 -6.3754e+00 1.1407e-01 0.0000e+00 0.0000e+00 -1.1407e-01 -5.5636e+00 
162.0 8.3642e+00 8.3041e-02 0.0000e+00 0.0000e+00 8.3041e-02 7.1486e+00 0.0000e+00 0.0000e+00 0.0000e+00 0.0000e+00 -6.4574e+00 5.3114e-02 0.0000e+00 0.0000e+00 -5.3114e-02 -5.6204e+00 
163.0 8.4235e+00 9.5770e-02 0.0000e+00 0.0000e+00 9.5770e-02 7.1869e+00 0.0000e+00 0.0000e+00 0.0000e+00 0.0000e+00 -6.5447e+00 -9.5303e-03 0.0000e+00 0.0000e+00 9.5303e-03 -5.6758e+00 
164.0 8.4905e+00 1.0273e-01 0.0000e+00 0.0000e+00 1.0273e-01 7.2265e+00 0.0000e+00 0.0000e+00 0.0000e+00 0.0000e+00 -6.6386e+00 -7.2801e-02 0.0000e+00 0.0000e+00 7.2801e-02 -5.7298e+00 
165.0 8.5673e+00 1.0416e-01 0.0000e+00 0.0000e+00 1.0416e-01 7.2687e+00 0.0000e+00 0.0000e+00 0.0000e+00 0.0000e+00 -6.7402e+00 -1.3528e-01 0.0000e+00 0.0000e+00 1.3528e-01 -5.7822e+00 
166.0 8.6565e+00 1.0041e-01 0.0000e+00 0.0000e+00 1.0041e-01 7.3150e+00 0.0000e+00 0.0000e+00 0.0000e+00 0.0000e+00 -6.8508e+00 -1.9524e-01 0.0000e+00 0.0000e+00 1.9524e-01 -5.8330e+00 
167.0 8.7608e+00 9.1926e-02 0.0000e+00 0.0000e+00 9.1926e-02 7.3670e+00 0.0000e+00 0.0000e+00 0.0000e+00 0.0000e+00 -6.9715e+00 -2.5069e-01 0.0000e+00 0.0000e+00 2.5069e-01 -5.8819e+00 
168.0 8.8830e+00 7.9333e-02 0.0000e+00 0.0000e+00 7.9333e-02 7.4265e+00 0.0000e+00 0.0000e+00 0.0000e+00 0.0000e+00 -7.1035e+00 -2.9936e-01 0.0000e+00 0.0000e+00 2.9936e-01 -5.9286e+00 
169.0 9.0263e+00 6.3475e-02 0.0000e+00 0.0000e+00 6.3475e-02 7.4954e+00 0.0000e+00 0.0000e+00 0.0000e+00 0.0000e+00 -7.2479e+00 -3.3861e-01 0.0000e+00 0.0000e+00 3.3861e-01 -5.9727e+00 
170.0 9.1936e+00 4.5511e-02 0.0000e+00 0.0000e+00 4.5511e-02 7.5757e+00 0.0000e+00 0.0000e+00 0.0000e+00 0.0000e+00 -7.4050e+00 -3.6536e-01 0.0000e+00 0.0000e+00 3.6536e-01 -6.0139e+00 
171.0 9.3877e+00 2.6991e-02 0.0000e+00 0.0000e+00 2.6991e-02 7.6696e+00 0.0000e+00 0.0000e+00 0.0000e+00 0.0000e+00 -7.5748e+00 -3.7620e-01 0.0000e+00 0.0000e+00 3.7620e-01 -6.0517e+00 
172.0 9.6102e+00 9.7907e-03 0.0000e+00 0.0000e+00 9.7907e-03 7.7790e+00 0.0000e+00 0.0000e+00 0.0000e+00 0.0000e+00 -7.7558e+00 -3.6779e-01 0.0000e+00 0.0000e+00 3.6779e-01 -6.0855e+00 
173.0 9.8595e+00 -4.1341e-03 0.0000e+00 0.0000e+00 -4.1341e-03 7.9043e+00 0.0000e+00 0.0000e+00 0.0000e+00 0.0000e+00 -7.9445e+00 -3.3807e-01 0.0000e+00 0.0000e+00 3.3807e-01 -6.1150e+00 
174.0 1.0129e+01 -1.3145e-02 0.0000e+00 0.0000e+00 -1.3145e-02 8.0434e+00 0.0000e+00 0.0000e+00 0.0000e+00 0.0000e+00 -8.1350e+00 -2.8735e-01 0.0000e+00 0.0000e+00 2.8735e-01 -6.1396e+00 
175.0 1.0406e+01 -1.6465e-02 0.0000e+00 0.0000e+00 -1.6465e-02 8.1898e+00 0.0000e+00 0.0000e+00 0.0000e+00 0.0000e+00 -8.3185e+00 -2.1990e-01 0.0000e+00 0.0000e+00 2.1990e-01 -6.1592e+00 
176.0 1.0670e+01 -1.4501e-02 0.0000e+00 0.0000e+00 -1.4501e-02 8.3322e+00 0.0000e+00 0.0000e+00 0.0000e+00 0.0000e+00 -8.4835e+00 -1.4435e-01 0.0000e+00 0.0000e+00 1.4435e-01 -6.1738e+00 
177.0 1.0893e+01 -8.9040e-03 0.0000e+00 0.0000e+00 -8.9040e-03 8.4551e+00 0.0000e+00 0.0000e+00 0.0000e+00 0.0000e+00 -8.6169e+00 -7.3106e-02 0.0000e+00 0.0000e+00 7.3106e-02 -6.1834e+00 
178.0 1.1046e+01 -2.8067e-03 0.0000e+00 0.0000e+00 -2.8067e-03 8.5409e+00 0.0000e+00 0.0000e+00 0.0000e+00 0.0000e+00 -8.7051e+00 -2.0800e-02 0.0000e+00 0.0000e+00 2.0800e-02 -6.1887e+00 
179.0 1.1103e+01 -6.9264e-20 0.0000e+00 0.0000e+00 -6.9264e-20 8.5739e+00 0.0000e+00 0.0000e+00 0.0000e+00 0.0000e+00 -8.7378e+00 -3.1497e-19 0.0000e+00 0.0000e+00 3.1497e-19 -6.1910e+00 
180.0 1.1158e+01 0.0000e+00 0.0000e+00 0.0000e+00 0.0000e+00 8.6041e+00 0.0000e+00 0.0000e+00 0.0000e+00 0.0000e+00 -8.7681e+00 0.0000e+00 0.0000e+00 0.0000e+00 -0.0000e+00 -6.1925e+00 
