1.5043 1.5247 0.0204 0.106071
theta s11 s12 s13 s14 s21 s22 s23 s24 s31 s32 s33 s34 s41 s42 s43 s44
0.0 5.7705e+02 0.0000e+00 0.0000e+00 0.0000e+00 0.0000e+00 5.7646e+02 0.0000e+00 0.0000e+00 0.0000e+00 0.0000e+00 5.7646e+02 0.0000e+00 0.0000e+00 0.0000e+00 -0.0000e+00 5.7586e+02 
1.0 5.2465e+02 -1.2899e-02 0.0000e+00 0.0000e+00 -1.2899e-02 5.2406e+02 0.0000e+00 0.0000e+00 0.0000e+00 0.0000e+00 5.2406e+02 -2.3099e-01 0.0000e+00 0.0000e+00 2.3099e-01 5.2347e+02 
2.0 4.3457e+02 -2.3368e-02 0.0000e+00 0.0000e+00 -2.3368e-02 4.3398e+02 0.0000e+00 0.0000e+00 0.0000e+00 0.0000e+00 4.3398e+02 -8.0938e-01 0.0000e+00 0.0000e+00 8.0938e-01 4.3341e+02 
3.0 3.5152e+02 -1.7836e-02 0.0000e+00 0.0000e+00 -1.7836e-02 3.5095e+02 0.0000e+00 0.0000e+00 0.0000e+00 0.0000e+00 3.5094e+02 -1.4938e+00 0.0000e+00 0.0000e+00 1.4938e+00 3.5039e+02 
4.0 2.8259e+02 -5.9872e-03 0.0000e+00 0.0000e+00 -5.9872e-03 2.8203e+02 0.0000e+00 0.0000e+00 0.0000e+00 0.0000e+00 2.8200e+02 -2.0895e+00 0.0000e+00 0.0000e+00 2.0895e+00 2.8148e+02 
5.0 2.2784e+02 1.1383e-03 0.0000e+00 0.0000e+00 1.1383e-03 2.2729e+02 0.0000e+00 0.0000e+00 0.0000e+00 0.0000e+00 2.2725e+02 -2.5114e+00 0.0000e+00 0.0000e+00 2.5114e+00 2.2674e+02 
6.0 1.8533e+02 -3.9473e-03 0.0000e+00 0.0000e+00 -3.9473e-03 1.8480e+02 0.0000e+00 0.0000e+00 0.0000e+00 0.0000e+00 1.8473e+02 -2.7488e+00 0.0000e+00 0.0000e+00 2.7488e+00 1.8425e+02 
7.0 1.5273e+02 -2.4630e-02 0.0000e+00 0.0000e+00 -2.4630e-02 1.5221e+02 0.0000e+00 0.0000e+00 0.0000e+00 0.0000e+00 1.5211e+02 -2.8248e+00 0.0000e+00 0.0000e+00 2.8248e+00 1.5166e+02 
8.0 1.2785e+02 -6.0210e-02 0.0000e+00 0.0000e+00 -6.0210e-02 1.2734e+02 0.0000e+00 0.0000e+00 0.0000e+00 0.0000e+00 1.2722e+02 -2.7777e+00 0.0000e+00 0.0000e+00 2.7777e+00 1.2678e+02 
9.0 1.0885e+02 -1.0773e-01 0.0000e+00 0.0000e+00 -1.0773e-01 1.0834e+02 0.0000e+00 0.0000e+00 0.0000e+00 0.0000e+00 1.0820e+02 -2.6479e+00 0.0000e+00 0.0000e+00 2.6479e+00 1.0778e+02 
10.0 9.4246e+01 -1.6397e-01 0.0000e+00 0.0000e+00 -1.6397e-01 9.3740e+01 0.0000e+00 0.0000e+00 0.0000e+00 0.0000e+00 9.3583e+01 -2.4701e+00 0.0000e+00 0.0000e+00 2.4701e+00 9.3179e+01 
11.0 8.2909e+01 -2.2610e-01 0.0000e+00 0.0000e+00 -2.2610e-01 8.2405e+01 0.0000e+00 0.0000e+00 0.0000e+00 0.0000e+00 8.2235e+01 -2.2712e+00 0.0000e+00 0.0000e+00 2.2712e+00 8.1846e+01 
12.0 7.3984e+01 -2.9204e-01 0.0000e+00 0.0000e+00 -2.9204e-01 7.3481e+01 0.0000e+00 0.0000e+00 0.0000e+00 0.0000e+00 7.3301e+01 -2.0693e+00 0.0000e+00 0.0000e+00 2.0693e+00 7.2926e+01 
13.0 6.6855e+01 -3.6069e-01 0.0000e+00 0.0000e+00 -3.6069e-01 6.6354e+01 0.0000e+00 0.0000e+00 0.0000e+00 0.0000e+00 6.6165e+01 -1.8752e+00 0.0000e+00 0.0000e+00 1.8752e+00 6.5803e+01 
14.0 6.1074e+01 -4.2988e-01 0.0000e+00 0.0000e+00 -4.2988e-01 6.0572e+01 0.0000e+00 0.0000e+00 0.0000e+00 0.0000e+00 6.0376e+01 -1.6976e+00 0.0000e+00 0.0000e+00 1.6976e+00 6.0028e+01 
15.0 5.6315e+01 -4.9968e-01 0.0000e+00 0.0000e+00 -4.9968e-01 5.5813e+01 0.0000e+00 0.0000e+00 0.0000e+00 0.0000e+00 5.5612e+01 -1.5368e+00 0.0000e+00 0.0000e+00 1.5368e+00 5.5276e+01 
16.0 5.2329e+01 -5.6905e-01 0.0000e+00 0.0000e+00 -5.6905e-01 5.1827e+01 0.0000e+00 0.0000e+00 0.0000e+00 0.0000e+00 5.1621e+01 -1.3940e+00 0.0000e+00 0.0000e+00 1.3940e+00 5.1298e+01 
17.0 4.8932e+01 -6.3748e-01 0.0000e+00 0.0000e+00 -6.3748e-01 4.8429e+01 0.0000e+00 0.0000e+00 0.0000e+00 0.0000e+00 4.8219e+01 -1.2687e+00 0.0000e+00 0.0000e+00 1.2687e+00 4.7908e+01 
18.0 4.5986e+01 -7.0472e-01 0.0000e+00 0.0000e+00 -7.0472e-01 4.5482e+01 0.0000e+00 0.0000e+00 0.0000e+00 0.0000e+00 4.5269e+01 -1.1593e+00 0.0000e+00 0.0000e+00 1.1593e+00 4.4970e+01 
19.0 4.3391e+01 -7.7092e-01 0.0000e+00 0.0000e+00 -7.7092e-01 4.2886e+01 0.0000e+00 0.0000e+00 0.0000e+00 0.0000e+00 4.2821e+01 -1.0636e+00 0.0000e+00 0.0000e+00 1.0636e+00 4.2536e+01 
20.0 4.1076e+01 -8.3654e-01 0.0000e+00 0.0000e+00 -8.3654e-01 4.0571e+01 0.0000e+00 0.0000e+00 0.0000e+00 0.0000e+00 4.0637e+01 -9.7983e-01 0.0000e+00 0.0000e+00 9.7983e-01 4.0365e+01 
21.0 3.8987e+01 -9.0219e-01 0.0000e+00 0.0000e+00 -9.0219e-01 3.8482e+01 0.0000e+00 0.0000e+00 0.0000e+00 0.0000e+00 3.8667e+01 -9.0609e-01 0.0000e+00 0.0000e+00 9.0609e-01 3.8406e+01 
22.0 3.7085e+01 -9.6835e-01 0.0000e+00 0.0000e+00 -9.6835e-01 3.6579e+01 0.0000e+00 0.0000e+00 0.0000e+00 0.0000e+00 3.6872e+01 -8.4105e-01 0.0000e+00 0.0000e+00 8.4105e-01 3.6622e+01 
23.0 3.5339e+01 -1.0352e+00 0.0000e+00 0.0000e+00 -1.0352e+00 3.4833e+01 0.0000e+00 0.0000e+00 0.0000e+00 0.0000e+00 3.5223e+01 -7.8351e-01 0.0000e+00 0.0000e+00 7.8351e-01 3.4983e+01 
24.0 3.3725e+01 -1.1025e+00 0.0000e+00 0.0000e+00 -1.1025e+00 3.3218e+01 0.0000e+00 0.0000e+00 0.0000e+00 0.0000e+00 3.3698e+01 -7.3235e-01 0.0000e+00 0.0000e+00 7.3235e-01 3.3466e+01 
25.0 3.2224e+01 -1.1702e+00 0.0000e+00 0.0000e+00 -1.1702e+00 3.1717e+01 0.0000e+00 0.0000e+00 0.0000e+00 0.0000e+00 3.2278e+01 -6.8650e-01 0.0000e+00 0.0000e+00 6.8650e-01 3.2055e+01 
26.0 3.0821e+01 -1.2379e+00 0.0000e+00 0.0000e+00 -1.2379e+00 3.0314e+01 0.0000e+00 0.0000e+00 0.0000e+00 0.0000e+00 3.0950e+01 -6.4503e-01 0.0000e+00 0.0000e+00 6.4503e-01 3.0735e+01 
27.0 2.9506e+01 -1.3054e+00 0.0000e+00 0.0000e+00 -1.3054e+00 2.8999e+01 0.0000e+00 0.0000e+00 0.0000e+00 0.0000e+00 2.9703e+01 -6.0723e-01 0.0000e+00 0.0000e+00 6.0723e-01 2.9495e+01 
28.0 2.8269e+01 -1.3726e+00 0.0000e+00 0.0000e+00 -1.3726e+00 2.7761e+01 0.0000e+00 0.0000e+00 0.0000e+00 0.0000e+00 2.8528e+01 -5.7249e-01 0.0000e+00 0.0000e+00 5.7249e-01 2.8327e+01 
29.0 2.7101e+01 -1.4394e+00 0.0000e+00 0.0000e+00 -1.4394e+00 2.6593e+01 0.0000e+00 0.0000e+00 0.0000e+00 0.0000e+00 2.7417e+01 -5.4033e-01 0.0000e+00 0.0000e+00 5.4033e-01 2.7223e+01 
30.0 2.5996e+01 -1.5057e+00 0.0000e+00 0.0000e+00 -1.5057e+00 2.5488e+01 0.0000e+00 0.0000e+00 0.0000e+00 0.0000e+00 2.6365e+01 -5.1040e-01 0.0000e+00 0.0000e+00 5.1040e-01 2.6178e+01 
31.0 2.4949e+01 -1.5712e+00 0.0000e+00 0.0000e+00 -1.5712e+00 2.4441e+01 0.0000e+00 0.0000e+00 0.0000e+00 0.0000e+00 2.5248e+01 -4.8251e-01 0.0000e+00 0.0000e+00 4.8251e-01 2.5070e+01 
32.0 2.3954e+01 -1.6359e+00 0.0000e+00 0.0000e+00 -1.6359e+00 2.3446e+01 0.0000e+00 0.0000e+00 0.0000e+00 0.0000e+00 2.4186e+01 -4.5650e-01 0.0000e+00 0.0000e+00 4.5650e-01 2.4017e+01 
33.0 2.3006e+01 -1.6992e+00 0.0000e+00 0.0000e+00 -1.6992e+00 2.2498e+01 0.0000e+00 0.0000e+00 0.0000e+00 0.0000e+00 2.3174e+01 -4.3226e-01 0.0000e+00 0.0000e+00 4.3226e-01 2.3013e+01 
34.0 2.2101e+01 -1.7611e+00 0.0000e+00 0.0000e+00 -1.7611e+00 2.1594e+01 0.0000e+00 0.0000e+00 0.0000e+00 0.0000e+00 2.2208e+01 -4.0960e-01 0.0000e+00 0.0000e+00 4.0960e-01 2.2056e+01 
35.0 2.1237e+01 -1.8213e+00 0.0000e+00 0.0000e+00 -1.8213e+00 2.0730e+01 0.0000e+00 0.0000e+00 0.0000e+00 0.0000e+00 2.1284e+01 -3.8827e-01 0.0000e+00 0.0000e+00 3.8827e-01 2.1141e+01 
36.0 2.0410e+01 -1.8798e+00 0.0000e+00 0.0000e+00 -1.8798e+00 1.9904e+01 0.0000e+00 0.0000e+00 0.0000e+00 0.0000e+00 2.0400e+01 -3.6795e-01 0.0000e+00 0.0000e+00 3.6795e-01 2.0265e+01 
37.0 1.9620e+01 -1.9366e+00 0.0000e+00 0.0000e+00 -1.9366e+00 1.9114e+01 0.0000e+00 0.0000e+00 0.0000e+00 0.0000e+00 1.9553e+01 -3.4831e-01 0.0000e+00 0.0000e+00 3.4831e-01 1.9426e+01 
38.0 1.8863e+01 -1.9917e+00 0.0000e+00 0.0000e+00 -1.9917e+00 1.8358e+01 0.0000e+00 0.0000e+00 0.0000e+00 0.0000e+00 1.8742e+01 -3.2908e-01 0.0000e+00 0.0000e+00 3.2908e-01 1.8623e+01 
39.0 1.8140e+01 -2.0452e+00 0.0000e+00 0.0000e+00 -2.0452e+00 1.7636e+01 0.0000e+00 0.0000e+00 0.0000e+00 0.0000e+00 1.7965e+01 -3.1009e-01 0.0000e+00 0.0000e+00 3.1009e-01 1.7853e+01 
40.0 1.7449e+01 -2.0972e+00 0.0000e+00 0.0000e+00 -2.0972e+00 1.6946e+01 0.0000e+00 0.0000e+00 0.0000e+00 0.0000e+00 1.7221e+01 -2.9130e-01 0.0000e+00 0.0000e+00 2.9130e-01 1.7116e+01 
41.0 1.6789e+01 -2.1477e+00 0.0000e+00 0.0000e+00 -2.1477e+00 1.6287e+01 0.0000e+00 0.0000e+00 0.0000e+00 0.0000e+00 1.6508e+01 -2.7279e-01 0.0000e+00 0.0000e+00 2.7279e-01 1.6410e+01 
42.0 1.6158e+01 -2.1966e+00 0.0000e+00 0.0000e+00 -2.1966e+00 1.5657e+01 0.0000e+00 0.0000e+00 0.0000e+00 0.0000e+00 1.5825e+01 -2.5464e-01 0.0000e+00 0.0000e+00 2.5464e-01 1.5734e+01 
43.0 1.5555e+01 -2.2437e+00 0.0000e+00 0.0000e+00 -2.2437e+00 1.5056e+01 0.0000e+00 0.0000e+00 0.0000e+00 0.0000e+00 1.5170e+01 -2.3688e-01 0.0000e+00 0.0000e+00 2.3688e-01 1.5086e+01 
44.0 1.4978e+01 -2.2889e+00 0.0000e+00 0.0000e+00 -2.2889e+00 1.4480e+01 0.0000e+00 0.0000e+00 0.0000e+00 0.0000e+00 1.4541e+01 -2.1953e-01 0.0000e+00 0.0000e+00 2.1953e-01 1.4464e+01 
45.0 1.4426e+01 -2.3321e+00 0.0000e+00 0.0000e+00 -2.3321e+00 1.3930e+01 0.0000e+00 0.0000e+00 0.0000e+00 0.0000e+00 1.3938e+01 -2.0251e-01 0.0000e+00 0.0000e+00 2.0251e-01 1.3867e+01 
46.0 1.3897e+01 -2.3733e+00 0.0000e+00 0.0000e+00 -2.3733e+00 1.3403e+01 0.0000e+00 0.0000e+00 0.0000e+00 0.0000e+00 1.3359e+01 -1.8575e-01 0.0000e+00 0.0000e+00 1.8575e-01 1.3294e+01 
47.0 1.3391e+01 -2.4124e+00 0.0000e+00 0.0000e+00 -2.4124e+00 1.2898e+01 0.0000e+00 0.0000e+00 0.0000e+00 0.0000e+00 1.2802e+01 -1.6917e-01 0.0000e+00 0.0000e+00 1.6917e-01 1.2744e+01 
48.0 1.2906e+01 -2.4494e+00 0.0000e+00 0.0000e+00 -2.4494e+00 1.2415e+01 0.0000e+00 0.0000e+00 0.0000e+00 0.0000e+00 1.2267e+01 -1.5274e-01 0.0000e+00 0.0000e+00 1.5274e-01 1.2215e+01 
49.0 1.2441e+01 -2.4843e+00 0.0000e+00 0.0000e+00 -2.4843e+00 1.1952e+01 0.0000e+00 0.0000e+00 0.0000e+00 0.0000e+00 1.1753e+01 -1.3643e-01 0.0000e+00 0.0000e+00 1.3643e-01 1.1706e+01 
50.0 1.1996e+01 -2.5171e+00 0.0000e+00 0.0000e+00 -2.5171e+00 1.1509e+01 0.0000e+00 0.0000e+00 0.0000e+00 0.0000e+00 1.1258e+01 -1.2022e-01 0.0000e+00 0.0000e+00 1.2022e-01 1.1217e+01 
51.0 1.1569e+01 -2.5478e+00 0.0000e+00 0.0000e+00 -2.5478e+00 1.1084e+01 0.0000e+00 0.0000e+00 0.0000e+00 0.0000e+00 1.0783e+01 -1.0410e-01 0.0000e+00 0.0000e+00 1.0410e-01 1.0747e+01 
52.0 1.1161e+01 -2.5764e+00 0.0000e+00 0.0000e+00 -2.5764e+00 1.0678e+01 0.0000e+00 0.0000e+00 0.0000e+00 0.0000e+00 1.0325e+01 -8.8012e-02 0.0000e+00 0.0000e+00 8.8012e-02 1.0295e+01 
53.0 1.0770e+01 -2.6028e+00 0.0000e+00 0.0000e+00 -2.6028e+00 1.0288e+01 0.0000e+00 0.0000e+00 0.0000e+00 0.0000e+00 9.8849e+00 -7.1918e-02 0.0000e+00 0.0000e+00 7.1918e-02 9.8600e+00 
54.0 1.0395e+01 -2.6272e+00 0.0000e+00 0.0000e+00 -2.6272e+00 9.9156e+00 0.0000e+00 0.0000e+00 0.0000e+00 0.0000e+00 9.4614e+00 -5.5809e-02 0.0000e+00 0.0000e+00 5.5809e-02 9.4417e+00 
55.0 1.0036e+01 -2.6496e+00 0.0000e+00 0.0000e+00 -2.6496e+00 9.5590e+00 0.0000e+00 0.0000e+00 0.0000e+00 0.0000e+00 9.0539e+00 -3.9702e-02 0.0000e+00 0.0000e+00 3.9702e-02 9.0393e+00 
56.0 9.6929e+00 -2.6700e+00 0.0000e+00 0.0000e+00 -2.6700e+00 9.2176e+00 0.0000e+00 0.0000e+00 0.0000e+00 0.0000e+00 8.6618e+00 -2.3625e-02 0.0000e+00 0.0000e+00 2.3625e-02 8.6523e+00 
57.0 9.3644e+00 -2.6883e+00 0.0000e+00 0.0000e+00 -2.6883e+00 8.8910e+00 0.0000e+00 0.0000e+00 0.0000e+00 0.0000e+00 8.2845e+00 -7.6066e-03 0.0000e+00 0.0000e+00 7.6066e-03 8.2798e+00 
58.0 9.0500e+00 -2.7047e+00 0.0000e+00 0.0000e+00 -2.7047e+00 8.5785e+00 0.0000e+00 0.0000e+00 0.0000e+00 0.0000e+00 7.9211e+00 8.3329e-03 0.0000e+00 0.0000e+00 -8.3329e-03 7.9214e+00 
59.0 8.7490e+00 -2.7191e+00 0.0000e+00 0.0000e+00 -2.7191e+00 8.2794e+00 0.0000e+00 0.0000e+00 0.0000e+00 0.0000e+00 7.5713e+00 2.4175e-02 0.0000e+00 0.0000e+00 -2.4175e-02 7.5764e+00 
60.0 8.4610e+00 -2.7315e+00 0.0000e+00 0.0000e+00 -2.7315e+00 7.9932e+00 0.0000e+00 0.0000e+00 0.0000e+00 0.0000e+00 7.2343e+00 3.9905e-02 0.0000e+00 0.0000e+00 -3.9905e-02 7.2443e+00 
61.0 8.1854e+00 -2.7421e+00 0.0000e+00 0.0000e+00 -2.7421e+00 7.7194e+00 0.0000e+00 0.0000e+00 0.0000e+00 0.0000e+00 6.9097e+00 5.5508e-02 0.0000e+00 0.0000e+00 -5.5508e-02 6.9244e+00 
62.0 7.9217e+00 -2.7507e+00 0.0000e+00 0.0000e+00 -2.7507e+00 7.4574e+00 0.0000e+00 0.0000e+00 0.0000e+00 0.0000e+00 6.5969e+00 7.0961e-02 0.0000e+00 0.0000e+00 -7.0961e-02 6.6164e+00 
63.0 7.6693e+00 -2.7576e+00 0.0000e+00 0.0000e+00 -2.7576e+00 7.2067e+00 0.0000e+00 0.0000e+00 0.0000e+00 0.0000e+00 6.2954e+00 8.6229e-02 0.0000e+00 0.0000e+00 -8.6229e-02 6.3196e+00 
64.0 7.4278e+00 -2.7626e+00 0.0000e+00 0.0000e+00 -2.7626e+00 6.9669e+00 0.0000e+00 0.0000e+00 0.0000e+00 0.0000e+00 6.0049e+00 1.0127e-01 0.0000e+00 0.0000e+00 -1.0127e-01 6.0338e+00 
65.0 7.1967e+00 -2.7659e+00 0.0000e+00 0.0000e+00 -2.7659e+00 6.7374e+00 0.0000e+00 0.0000e+00 0.0000e+00 0.0000e+00 5.7247e+00 1.1602e-01 0.0000e+00 0.0000e+00 -1.1602e-01 5.7583e+00 
66.0 6.9756e+00 -2.7675e+00 0.0000e+00 0.0000e+00 -2.7675e+00 6.5179e+00 0.0000e+00 0.0000e+00 0.0000e+00 0.0000e+00 5.4546e+00 1.3044e-01 0.0000e+00 0.0000e+00 -1.3044e-01 5.4929e+00 
67.0 6.7640e+00 -2.7674e+00 0.0000e+00 0.0000e+00 -2.7674e+00 6.3078e+00 0.0000e+00 0.0000e+00 0.0000e+00 0.0000e+00 5.1940e+00 1.4451e-01 0.0000e+00 0.0000e+00 -1.4451e-01 5.2370e+00 
68.0 6.5615e+00 -2.7657e+00 0.0000e+00 0.0000e+00 -2.7657e+00 6.1068e+00 0.0000e+00 0.0000e+00 0.0000e+00 0.0000e+00 4.9425e+00 1.5818e-01 0.0000e+00 0.0000e+00 -1.5818e-01 4.9902e+00 
69.0 6.3677e+00 -2.7623e+00 0.0000e+00 0.0000e+00 -2.7623e+00 5.9144e+00 0.0000e+00 0.0000e+00 0.0000e+00 0.0000e+00 4.6998e+00 1.7142e-01 0.0000e+00 0.0000e+00 -1.7142e-01 4.7521e+00 
70.0 6.1821e+00 -2.7573e+00 0.0000e+00 0.0000e+00 -2.7573e+00 5.7303e+00 0.0000e+00 0.0000e+00 0.0000e+00 0.0000e+00 4.4654e+00 1.8420e-01 0.0000e+00 0.0000e+00 -1.8420e-01 4.5224e+00 
71.0 6.0044e+00 -2.7507e+00 0.0000e+00 0.0000e+00 -2.7507e+00 5.5540e+00 0.0000e+00 0.0000e+00 0.0000e+00 0.0000e+00 4.2390e+00 1.9650e-01 0.0000e+00 0.0000e+00 -1.9650e-01 4.3006e+00 
72.0 5.8343e+00 -2.7425e+00 0.0000e+00 0.0000e+00 -2.7425e+00 5.3853e+00 0.0000e+00 0.0000e+00 0.0000e+00 0.0000e+00 4.0204e+00 2.0830e-01 0.0000e+00 0.0000e+00 -2.0830e-01 4.0865e+00 
73.0 5.6714e+00 -2.7328e+00 0.0000e+00 0.0000e+00 -2.7328e+00 5.2238e+00 0.0000e+00 0.0000e+00 0.0000e+00 0.0000e+00 3.8090e+00 2.1957e-01 0.0000e+00 0.0000e+00 -2.1957e-01 3.8798e+00 
74.0 5.5154e+00 -2.7217e+00 0.0000e+00 0.0000e+00 -2.7217e+00 5.0692e+00 0.0000e+00 0.0000e+00 0.0000e+00 0.0000e+00 3.6048e+00 2.3031e-01 0.0000e+00 0.0000e+00 -2.3031e-01 3.6801e+00 
75.0 5.3661e+00 -2.7090e+00 0.0000e+00 0.0000e+00 -2.7090e+00 4.9213e+00 0.0000e+00 0.0000e+00 0.0000e+00 0.0000e+00 3.4074e+00 2.4049e-01 0.0000e+00 0.0000e+00 -2.4049e-01 3.4871e+00 
76.0 5.2231e+00 -2.6950e+00 0.0000e+00 0.0000e+00 -2.6950e+00 4.7797e+00 0.0000e+00 0.0000e+00 0.0000e+00 0.0000e+00 3.2164e+00 2.5013e-01 0.0000e+00 0.0000e+00 -2.5013e-01 3.3006e+00 
77.0 5.0862e+00 -2.6795e+00 0.0000e+00 0.0000e+00 -2.6795e+00 4.6442e+00 0.0000e+00 0.0000e+00 0.0000e+00 0.0000e+00 3.0317e+00 2.5923e-01 0.0000e+00 0.0000e+00 -2.5923e-01 3.1203e+00 
78.0 4.9551e+00 -2.6627e+00 0.0000e+00 0.0000e+00 -2.6627e+00 4.5146e+00 0.0000e+00 0.0000e+00 0.0000e+00 0.0000e+00 2.8531e+00 2.6781e-01 0.0000e+00 0.0000e+00 -2.6781e-01 2.9460e+00 
79.0 4.8296e+00 -2.6446e+00 0.0000e+00 0.0000e+00 -2.6446e+00 4.3906e+00 0.0000e+00 0.0000e+00 0.0000e+00 0.0000e+00 2.6801e+00 2.7590e-01 0.0000e+00 0.0000e+00 -2.7590e-01 2.7773e+00 
80.0 4.7096e+00 -2.6251e+00 0.0000e+00 0.0000e+00 -2.6251e+00 4.2720e+00 0.0000e+00 0.0000e+00 0.0000e+00 0.0000e+00 2.5128e+00 2.8352e-01 0.0000e+00 0.0000e+00 -2.8352e-01 2.6142e+00 
81.0 4.5948e+00 -2.6045e+00 0.0000e+00 0.0000e+00 -2.6045e+00 4.1587e+00 0.0000e+00 0.0000e+00 0.0000e+00 0.0000e+00 2.3508e+00 2.9070e-01 0.0000e+00 0.0000e+00 -2.9070e-01 2.4564e+00 
82.0 4.4850e+00 -2.5826e+00 0.0000e+00 0.0000e+00 -2.5826e+00 4.0504e+00 0.0000e+00 0.0000e+00 0.0000e+00 0.0000e+00 2.1940e+00 2.9746e-01 0.0000e+00 0.0000e+00 -2.9746e-01 2.3038e+00 
83.0 4.3800e+00 -2.5597e+00 0.0000e+00 0.0000e+00 -2.5597e+00 3.9470e+00 0.0000e+00 0.0000e+00 0.0000e+00 0.0000e+00 2.0423e+00 3.0379e-01 0.0000e+00 0.0000e+00 -3.0379e-01 2.1560e+00 
84.0 4.2797e+00 -2.5356e+00 0.0000e+00 0.0000e+00 -2.5356e+00 3.8482e+00 0.0000e+00 0.0000e+00 0.0000e+00 0.0000e+00 1.8953e+00 3.0971e-01 0.0000e+00 0.0000e+00 -3.0971e-01 2.0131e+00 
85.0 4.1839e+00 -2.5106e+00 0.0000e+00 0.0000e+00 -2.5106e+00 3.7539e+00 0.0000e+00 0.0000e+00 0.0000e+00 0.0000e+00 1.7530e+00 3.1522e-01 0.0000e+00 0.0000e+00 -3.1522e-01 1.8747e+00 
86.0 4.0924e+00 -2.4845e+00 0.0000e+00 0.0000e+00 -2.4845e+00 3.6640e+00 0.0000e+00 0.0000e+00 0.0000e+00 0.0000e+00 1.6151e+00 3.2032e-01 0.0000e+00 0.0000e+00 -3.2032e-01 1.7408e+00 
87.0 4.0051e+00 -2.4575e+00 0.0000e+00 0.0000e+00 -2.4575e+00 3.5781e+00 0.0000e+00 0.0000e+00 0.0000e+00 0.0000e+00 1.4816e+00 3.2502e-01 0.0000e+00 0.0000e+00 -3.2502e-01 1.6112e+00 
88.0 3.9217e+00 -2.4296e+00 0.0000e+00 0.0000e+00 -2.4296e+00 3.4962e+00 0.0000e+00 0.0000e+00 0.0000e+00 0.0000e+00 1.3522e+00 3.2931e-01 0.0000e+00 0.0000e+00 -3.2931e-01 1.4856e+00 
89.0 3.8422e+00 -2.4008e+00 0.0000e+00 0.0000e+00 -2.4008e+00 3.4181e+00 0.0000e+00 0.0000e+00 0.0000e+00 0.0000e+00 1.2268e+00 3.3322e-01 0.0000e+00 0.0000e+00 -3.3322e-01 1.3641e+00 
90.0 3.7664e+00 -2.3711e+00 0.0000e+00 0.0000e+00 -2.3711e+00 3.3437e+00 0.0000e+00 0.0000e+00 0.0000e+00 0.0000e+00 1.1053e+00 3.3674e-01 0.0000e+00 0.0000e+00 -3.3674e-01 1.2463e+00 
91.0 3.6942e+00 -2.3407e+00 0.0000e+00 0.0000e+00 -2.3407e+00 3.2728e+00 0.0000e+00 0.0000e+00 0.0000e+00 0.0000e+00 9.8754e-01 3.3990e-01 0.0000e+00 0.0000e+00 -3.3990e-01 1.1323e+00 
92.0 3.6255e+00 -2.3096e+00 0.0000e+00 0.0000e+00 -2.3096e+00 3.2054e+00 0.0000e+00 0.0000e+00 0.0000e+00 0.0000e+00 8.7336e-01 3.4271e-01 0.0000e+00 0.0000e+00 -3.4271e-01 1.0218e+00 
93.0 3.5600e+00 -2.2777e+00 0.0000e+00 0.0000e+00 -2.2777e+00 3.1411e+00 0.0000e+00 0.0000e+00 0.0000e+00 0.0000e+00 7.6266e-01 3.4516e-01 0.0000e+00 0.0000e+00 -3.4516e-01 9.1475e-01 
94.0 3.4977e+00 -2.2452e+00 0.0000e+00 0.0000e+00 -2.2452e+00 3.0801e+00 0.0000e+00 0.0000e+00 0.0000e+00 0.0000e+00 6.5531e-01 3.4728e-01 0.0000e+00 0.0000e+00 -3.4728e-01 8.1100e-01 
95.0 3.4385e+00 -2.2120e+00 0.0000e+00 0.0000e+00 -2.2120e+00 3.0221e+00 0.0000e+00 0.0000e+00 0.0000e+00 0.0000e+00 5.5120e-01 3.4906e-01 0.0000e+00 0.0000e+00 -3.4906e-01 7.1043e-01 
96.0 3.3822e+00 -2.1783e+00 0.0000e+00 0.0000e+00 -2.1783e+00 2.9670e+00 0.0000e+00 0.0000e+00 0.0000e+00 0.0000e+00 4.5022e-01 3.5052e-01 0.0000e+00 0.0000e+00 -3.5052e-01 6.1292e-01 
97.0 3.3288e+00 -2.1440e+00 0.0000e+00 0.0000e+00 -2.1440e+00 2.9147e+00 0.0000e+00 0.0000e+00 0.0000e+00 0.0000e+00 3.5227e-01 3.5166e-01 0.0000e+00 0.0000e+00 -3.5166e-01 5.1837e-01 
98.0 3.2781e+00 -2.1092e+00 0.0000e+00 0.0000e+00 -2.1092e+00 2.8653e+00 0.0000e+00 0.0000e+00 0.0000e+00 0.0000e+00 2.5726e-01 3.5250e-01 0.0000e+00 0.0000e+00 -3.5250e-01 4.2667e-01 
99.0 3.2300e+00 -2.0739e+00 0.0000e+00 0.0000e+00 -2.0739e+00 2.8184e+00 0.0000e+00 0.0000e+00 0.0000e+00 0.0000e+00 1.6510e-01 3.5306e-01 0.0000e+00 0.0000e+00 -3.5306e-01 3.3774e-01 
100.0 3.1845e+00 -2.0381e+00 0.0000e+00 0.0000e+00 -2.0381e+00 2.7742e+00 0.0000e+00 0.0000e+00 0.0000e+00 0.0000e+00 7.5699e-02 3.5335e-01 0.0000e+00 0.0000e+00 -3.5335e-01 2.5146e-01 
101.0 3.1415e+00 -2.0019e+00 0.0000e+00 0.0000e+00 -2.0019e+00 2.7325e+00 0.0000e+00 0.0000e+00 0.0000e+00 0.0000e+00 -1.1028e-02 3.5339e-01 0.0000e+00 0.0000e+00 -3.5339e-01 1.6775e-01 
102.0 3.1009e+00 -1.9654e+00 0.0000e+00 0.0000e+00 -1.9654e+00 2.6932e+00 0.0000e+00 0.0000e+00 0.0000e+00 0.0000e+00 -9.5161e-02 3.5320e-01 0.0000e+00 0.0000e+00 -3.5320e-01 8.6534e-02 
103.0 3.0626e+00 -1.9285e+00 0.0000e+00 0.0000e+00 -1.9285e+00 2.6562e+00 0.0000e+00 0.0000e+00 0.0000e+00 0.0000e+00 -1.7678e-01 3.5277e-01 0.0000e+00 0.0000e+00 -3.5277e-01 7.7229e-03 
104.0 3.0265e+00 -1.8913e+00 0.0000e+00 0.0000e+00 -1.8913e+00 2.6215e+00 0.0000e+00 0.0000e+00 0.0000e+00 0.0000e+00 -2.5595e-01 3.5213e-01 0.0000e+00 0.0000e+00 -3.5213e-01 -6.8757e-02 
105.0 2.9926e+00 -1.8537e+00 0.0000e+00 0.0000e+00 -1.8537e+00 2.5890e+00 0.0000e+00 0.0000e+00 0.0000e+00 0.0000e+00 -3.3276e-01 3.5128e-01 0.0000e+00 0.0000e+00 -3.5128e-01 -1.4298e-01 
106.0 2.9607e+00 -1.8159e+00 0.0000e+00 0.0000e+00 -1.8159e+00 2.5585e+00 0.0000e+00 0.0000e+00 0.0000e+00 0.0000e+00 -4.0728e-01 3.5022e-01 0.0000e+00 0.0000e+00 -3.5022e-01 -2.1501e-01 
107.0 2.9309e+00 -1.7779e+00 0.0000e+00 0.0000e+00 -1.7779e+00 2.5301e+00 0.0000e+00 0.0000e+00 0.0000e+00 0.0000e+00 -4.7959e-01 3.4898e-01 0.0000e+00 0.0000e+00 -3.4898e-01 -2.8492e-01 
108.0 2.9030e+00 -1.7396e+00 0.0000e+00 0.0000e+00 -1.7396e+00 2.5036e+00 0.0000e+00 0.0000e+00 0.0000e+00 0.0000e+00 -5.4974e-01 3.4756e-01 0.0000e+00 0.0000e+00 -3.4756e-01 -3.5277e-01 
109.0 2.8770e+00 -1.7011e+00 0.0000e+00 0.0000e+00 -1.7011e+00 2.4791e+00 0.0000e+00 0.0000e+00 0.0000e+00 0.0000e+00 -6.1782e-01 3.4598e-01 0.0000e+00 0.0000e+00 -3.4598e-01 -4.1863e-01 
110.0 2.8528e+00 -1.6625e+00 0.0000e+00 0.0000e+00 -1.6625e+00 2.4563e+00 0.0000e+00 0.0000e+00 0.0000e+00 0.0000e+00 -6.8390e-01 3.4425e-01 0.0000e+00 0.0000e+00 -3.4425e-01 -4.8256e-01 
111.0 2.8304e+00 -1.6237e+00 0.0000e+00 0.0000e+00 -1.6237e+00 2.4352e+00 0.0000e+00 0.0000e+00 0.0000e+00 0.0000e+00 -7.4804e-01 3.4236e-01 0.0000e+00 0.0000e+00 -3.4236e-01 -5.4462e-01 
112.0 2.8097e+00 -1.5849e+00 0.0000e+00 0.0000e+00 -1.5849e+00 2.4159e+00 0.0000e+00 0.0000e+00 0.0000e+00 0.0000e+00 -8.1032e-01 3.4032e-01 0.0000e+00 0.0000e+00 -3.4032e-01 -6.0489e-01 
113.0 2.7905e+00 -1.5459e+00 0.0000e+00 0.0000e+00 -1.5459e+00 2.3981e+00 0.0000e+00 0.0000e+00 0.0000e+00 0.0000e+00 -8.7080e-01 3.3814e-01 0.0000e+00 0.0000e+00 -3.3814e-01 -6.6341e-01 
114.0 2.7729e+00 -1.5069e+00 0.0000e+00 0.0000e+00 -1.5069e+00 2.3818e+00 0.0000e+00 0.0000e+00 0.0000e+00 0.0000e+00 -9.2954e-01 3.3583e-01 0.0000e+00 0.0000e+00 -3.3583e-01 -7.2025e-01 
115.0 2.7567e+00 -1.4679e+00 0.0000e+00 0.0000e+00 -1.4679e+00 2.3669e+00 0.0000e+00 0.0000e+00 0.0000e+00 0.0000e+00 -9.8659e-01 3.3339e-01 0.0000e+00 0.0000e+00 -3.3339e-01 -7.7547e-01 
116.0 2.7420e+00 -1.4289e+00 0.0000e+00 0.0000e+00 -1.4289e+00 2.3535e+00 0.0000e+00 0.0000e+00 0.0000e+00 0.0000e+00 -1.0420e+00 3.3082e-01 0.0000e+00 0.0000e+00 -3.3082e-01 -8.2910e-01 
117.0 2.7286e+00 -1.3900e+00 0.0000e+00 0.0000e+00 -1.3900e+00 2.3415e+00 0.0000e+00 0.0000e+00 0.0000e+00 0.0000e+00 -1.0958e+00 3.2814e-01 0.0000e+00 0.0000e+00 -3.2814e-01 -8.8119e-01 
118.0 2.7166e+00 -1.3511e+00 0.0000e+00 0.0000e+00 -1.3511e+00 2.3307e+00 0.0000e+00 0.0000e+00 0.0000e+00 0.0000e+00 -1.1481e+00 3.2536e-01 0.0000e+00 0.0000e+00 -3.2536e-01 -9.3178e-01 
119.0 2.7059e+00 -1.3124e+00 0.0000e+00 0.0000e+00 -1.3124e+00 2.3212e+00 0.0000e+00 0.0000e+00 0.0000e+00 0.0000e+00 -1.1988e+00 3.2246e-01 0.0000e+00 0.0000e+00 -3.2246e-01 -9.8091e-01 
120.0 2.6963e+00 -1.2738e+00 0.0000e+00 0.0000e+00 -1.2738e+00 2.3129e+00 0.0000e+00 0.0000e+00 0.0000e+00 0.0000e+00 -1.2481e+00 3.1947e-01 0.0000e+00 0.0000e+00 -3.1947e-01 -1.0286e+00 
121.0 2.6880e+00 -1.2354e+00 0.0000e+00 0.0000e+00 -1.2354e+00 2.3058e+00 0.0000e+00 0.0000e+00 0.0000e+00 0.0000e+00 -1.2959e+00 3.1635e-01 0.0000e+00 0.0000e+00 -3.1635e-01 -1.0749e+00 
122.0 2.6807e+00 -1.1972e+00 0.0000e+00 0.0000e+00 -1.1972e+00 2.2997e+00 0.0000e+00 0.0000e+00 0.0000e+00 0.0000e+00 -1.3424e+00 3.1310e-01 0.0000e+00 0.0000e+00 -3.1310e-01 -1.1199e+00 
123.0 2.6744e+00 -1.1592e+00 0.0000e+00 0.0000e+00 -1.1592e+00 2.2946e+00 0.0000e+00 0.0000e+00 0.0000e+00 0.0000e+00 -1.3875e+00 3.0969e-01 0.0000e+00 0.0000e+00 -3.0969e-01 -1.1636e+00 
124.0 2.6691e+00 -1.1215e+00 0.0000e+00 0.0000e+00 -1.1215e+00 2.2905e+00 0.0000e+00 0.0000e+00 0.0000e+00 0.0000e+00 -1.4314e+00 3.0610e-01 0.0000e+00 0.0000e+00 -3.0610e-01 -1.2060e+00 
125.0 2.6648e+00 -1.0841e+00 0.0000e+00 0.0000e+00 -1.0841e+00 2.2873e+00 0.0000e+00 0.0000e+00 0.0000e+00 0.0000e+00 -1.4741e+00 3.0233e-01 0.0000e+00 0.0000e+00 -3.0233e-01 -1.2473e+00 
126.0 2.6614e+00 -1.0469e+00 0.0000e+00 0.0000e+00 -1.0469e+00 2.2849e+00 0.0000e+00 0.0000e+00 0.0000e+00 0.0000e+00 -1.5155e+00 2.9839e-01 0.0000e+00 0.0000e+00 -2.9839e-01 -1.2873e+00 
127.0 2.6589e+00 -1.0100e+00 0.0000e+00 0.0000e+00 -1.0100e+00 2.2833e+00 0.0000e+00 0.0000e+00 0.0000e+00 0.0000e+00 -1.5558e+00 2.9426e-01 0.0000e+00 0.0000e+00 -2.9426e-01 -1.3262e+00 
128.0 2.6571e+00 -9.7351e-01 0.0000e+00 0.0000e+00 -9.7351e-01 2.2826e+00 0.0000e+00 0.0000e+00 0.0000e+00 0.0000e+00 -1.5950e+00 2.8994e-01 0.0000e+00 0.0000e+00 -2.8994e-01 -1.3639e+00 
129.0 2.6562e+00 -9.3734e-01 0.0000e+00 0.0000e+00 -9.3734e-01 2.2825e+00 0.0000e+00 0.0000e+00 0.0000e+00 0.0000e+00 -1.6331e+00 2.8541e-01 0.0000e+00 0.0000e+00 -2.8541e-01 -1.4007e+00 
130.0 2.6561e+00 -9.0152e-01 0.0000e+00 0.0000e+00 -9.0152e-01 2.2832e+00 0.0000e+00 0.0000e+00 0.0000e+00 0.0000e+00 -1.6702e+00 2.8066e-01 0.0000e+00 0.0000e+00 -2.8066e-01 -1.4364e+00 
131.0 2.6566e+00 -8.6608e-01 0.0000e+00 0.0000e+00 -8.6608e-01 2.2845e+00 0.0000e+00 0.0000e+00 0.0000e+00 0.0000e+00 -1.7063e+00 2.7571e-01 0.0000e+00 0.0000e+00 -2.7571e-01 -1.4711e+00 
132.0 2.6579e+00 -8.3100e-01 0.0000e+00 0.0000e+00 -8.3100e-01 2.2865e+00 0.0000e+00 0.0000e+00 0.0000e+00 0.0000e+00 -1.7415e+00 2.7056e-01 0.0000e+00 0.0000e+00 -2.7056e-01 -1.5048e+00 
133.0 2.6599e+00 -7.9630e-01 0.0000e+00 0.0000e+00 -7.9630e-01 2.2891e+00 0.0000e+00 0.0000e+00 0.0000e+00 0.0000e+00 -1.7757e+00 2.6526e-01 0.0000e+00 0.0000e+00 -2.6526e-01 -1.5377e+00 
134.0 2.6626e+00 -7.6199e-01 0.0000e+00 0.0000e+00 -7.6199e-01 2.2924e+00 0.0000e+00 0.0000e+00 0.0000e+00 0.0000e+00 -1.8091e+00 2.5984e-01 0.0000e+00 0.0000e+00 -2.5984e-01 -1.5697e+00 
135.0 2.6660e+00 -7.2810e-01 0.0000e+00 0.0000e+00 -7.2810e-01 2.2963e+00 0.0000e+00 0.0000e+00 0.0000e+00 0.0000e+00 -1.8415e+00 2.5431e-01 0.0000e+00 0.0000e+00 -2.5431e-01 -1.6008e+00 
136.0 2.6700e+00 -6.9466e-01 0.0000e+00 0.0000e+00 -6.9466e-01 2.3008e+00 0.0000e+00 0.0000e+00 0.0000e+00 0.0000e+00 -1.8731e+00 2.4868e-01 0.0000e+00 0.0000e+00 -2.4868e-01 -1.6311e+00 
137.0 2.6747e+00 -6.6168e-01 0.0000e+00 0.0000e+00 -6.6168e-01 2.3059e+00 0.0000e+00 0.0000e+00 0.0000e+00 0.0000e+00 -1.9039e+00 2.4294e-01 0.0000e+00 0.0000e+00 -2.4294e-01 -1.6606e+00 
138.0 2.6800e+00 -6.2918e-01 0.0000e+00 0.0000e+00 -6.2918e-01 2.3117e+00 0.0000e+00 0.0000e+00 0.0000e+00 0.0000e+00 -1.9339e+00 2.3710e-01 0.0000e+00 0.0000e+00 -2.3710e-01 -1.6893e+00 
139.0 2.6859e+00 -5.9715e-01 0.0000e+00 0.0000e+00 -5.9715e-01 2.3180e+00 0.0000e+00 0.0000e+00 0.0000e+00 0.0000e+00 -1.9631e+00 2.3120e-01 0.0000e+00 0.0000e+00 -2.3120e-01 -1.7172e+00 
140.0 2.6925e+00 -5.6563e-01 0.0000e+00 0.0000e+00 -5.6563e-01 2.3250e+00 0.0000e+00 0.0000e+00 0.0000e+00 0.0000e+00 -1.9914e+00 2.2526e-01 0.0000e+00 0.0000e+00 -2.2526e-01 -1.7444e+00 
141.0 2.6997e+00 -5.3462e-01 0.0000e+00 0.0000e+00 -5.3462e-01 2.3326e+00 0.0000e+00 0.0000e+00 0.0000e+00 0.0000e+00 -2.0191e+00 2.1932e-01 0.0000e+00 0.0000e+00 -2.1932e-01 -1.7709e+00 
142.0 2.7075e+00 -5.0415e-01 0.0000e+00 0.0000e+00 -5.0415e-01 2.3407e+00 0.0000e+00 0.0000e+00 0.0000e+00 0.0000e+00 -2.0460e+00 2.1337e-01 0.0000e+00 0.0000e+00 -2.1337e-01 -1.7968e+00 
143.0 2.7158e+00 -4.7423e-01 0.0000e+00 0.0000e+00 -4.7423e-01 2.3495e+00 0.0000e+00 0.0000e+00 0.0000e+00 0.0000e+00 -2.0722e+00 2.0746e-01 0.0000e+00 0.0000e+00 -2.0746e-01 -1.8219e+00 
144.0 2.7248e+00 -4.4487e-01 0.0000e+00 0.0000e+00 -4.4487e-01 2.3588e+00 0.0000e+00 0.0000e+00 0.0000e+00 0.0000e+00 -2.0978e+00 2.0160e-01 0.0000e+00 0.0000e+00 -2.0160e-01 -1.8464e+00 
145.0 2.7343e+00 -4.1609e-01 0.0000e+00 0.0000e+00 -4.1609e-01 2.3686e+00 0.0000e+00 0.0000e+00 0.0000e+00 0.0000e+00 -2.1226e+00 1.9575e-01 0.0000e+00 0.0000e+00 -1.9575e-01 -1.8702e+00 
146.0 2.7442e+00 -3.8794e-01 0.0000e+00 0.0000e+00 -3.8794e-01 2.3788e+00 0.0000e+00 0.0000e+00 0.0000e+00 0.0000e+00 -2.1469e+00 1.8989e-01 0.0000e+00 0.0000e+00 -1.8989e-01 -1.8934e+00 
147.0 2.7546e+00 -3.6042e-01 0.0000e+00 0.0000e+00 -3.6042e-01 2.3893e+00 0.0000e+00 0.0000e+00 0.0000e+00 0.0000e+00 -2.1705e+00 1.8396e-01 0.0000e+00 0.0000e+00 -1.8396e-01 -1.9160e+00 
148.0 2.7655e+00 -3.3352e-01 0.0000e+00 0.0000e+00 -3.3352e-01 2.4002e+00 0.0000e+00 0.0000e+00 0.0000e+00 0.0000e+00 -2.1936e+00 1.7799e-01 0.0000e+00 0.0000e+00 -1.7799e-01 -1.9380e+00 
149.0 2.7769e+00 -3.0725e-01 0.0000e+00 0.0000e+00 -3.0725e-01 2.4115e+00 0.0000e+00 0.0000e+00 0.0000e+00 0.0000e+00 -2.2161e+00 1.7203e-01 0.0000e+00 0.0000e+00 -1.7203e-01 -1.9593e+00 
150.0 2.7889e+00 -2.8161e-01 0.0000e+00 0.0000e+00 -2.8161e-01 2.4233e+00 0.0000e+00 0.0000e+00 0.0000e+00 0.0000e+00 -2.2381e+00 1.6615e-01 0.0000e+00 0.0000e+00 -1.6615e-01 -1.9800e+00 
151.0 2.8016e+00 -2.5660e-01 0.0000e+00 0.0000e+00 -2.5660e-01 2.4358e+00 0.0000e+00 0.0000e+00 0.0000e+00 0.0000e+00 -2.2595e+00 1.6043e-01 0.0000e+00 0.0000e+00 -1.6043e-01 -2.0001e+00 
152.0 2.8150e+00 -2.3227e-01 0.0000e+00 0.0000e+00 -2.3227e-01 2.4488e+00 0.0000e+00 0.0000e+00 0.0000e+00 0.0000e+00 -2.2803e+00 1.5483e-01 0.0000e+00 0.0000e+00 -1.5483e-01 -2.0195e+00 
153.0 2.8289e+00 -2.0865e-01 0.0000e+00 0.0000e+00 -2.0865e-01 2.4623e+00 0.0000e+00 0.0000e+00 0.0000e+00 0.0000e+00 -2.3006e+00 1.4927e-01 0.0000e+00 0.0000e+00 -1.4927e-01 -2.0383e+00 
154.0 2.8432e+00 -1.8575e-01 0.0000e+00 0.0000e+00 -1.8575e-01 2.4761e+00 0.0000e+00 0.0000e+00 0.0000e+00 0.0000e+00 -2.3203e+00 1.4364e-01 0.0000e+00 0.0000e+00 -1.4364e-01 -2.0566e+00 
155.0 2.8580e+00 -1.6357e-01 0.0000e+00 0.0000e+00 -1.6357e-01 2.4903e+00 0.0000e+00 0.0000e+00 0.0000e+00 0.0000e+00 -2.3394e+00 1.3788e-01 0.0000e+00 0.0000e+00 -1.3788e-01 -2.0743e+00 
156.0 2.8732e+00 -1.4213e-01 0.0000e+00 0.0000e+00 -1.4213e-01 2.5050e+00 0.0000e+00 0.0000e+00 0.0000e+00 0.0000e+00 -2.3581e+00 1.3195e-01 0.0000e+00 0.0000e+00 -1.3195e-01 -2.0916e+00 
157.0 2.8887e+00 -1.2147e-01 0.0000e+00 0.0000e+00 -1.2147e-01 2.5201e+00 0.0000e+00 0.0000e+00 0.0000e+00 0.0000e+00 -2.3763e+00 1.2579e-01 0.0000e+00 0.0000e+00 -1.2579e-01 -2.1084e+00 
158.0 2.9045e+00 -1.0169e-01 0.0000e+00 0.0000e+00 -1.0169e-01 2.5355e+00 0.0000e+00 0.0000e+00 0.0000e+00 0.0000e+00 -2.3939e+00 1.1926e-01 0.0000e+00 0.0000e+00 -1.1926e-01 -2.1248e+00 
159.0 2.9203e+00 -8.2948e-02 0.0000e+00 0.0000e+00 -8.2948e-02 2.5511e+00 0.0000e+00 0.0000e+00 0.0000e+00 0.0000e+00 -2.4111e+00 1.1209e-01 0.0000e+00 0.0000e+00 -1.1209e-01 -2.1408e+00 
160.0 2.9356e+00 -6.5412e-02 0.0000e+00 0.0000e+00 -6.5412e-02 2.5663e+00 0.0000e+00 0.0000e+00 0.0000e+00 0.0000e+00 -2.4277e+00 1.0397e-01 0.0000e+00 0.0000e+00 -1.0397e-01 -2.1565e+00 
161.0 2.9503e+00 -4.9182e-02 0.0000e+00 0.0000e+00 -4.9182e-02 2.5807e+00 0.0000e+00 0.0000e+00 0.0000e+00 0.0000e+00 -2.4439e+00 9.4583e-02 0.0000e+00 0.0000e+00 -9.4583e-02 -2.1719e+00 
162.0 2.9643e+00 -3.4296e-02 0.0000e+00 0.0000e+00 -3.4296e-02 2.5944e+00 0.0000e+00 0.0000e+00 0.0000e+00 0.0000e+00 -2.4599e+00 8.3748e-02 0.0000e+00 0.0000e+00 -8.3748e-02 -2.1868e+00 
163.0 2.9779e+00 -2.0783e-02 0.0000e+00 0.0000e+00 -2.0783e-02 2.6075e+00 0.0000e+00 0.0000e+00 0.0000e+00 0.0000e+00 -2.4756e+00 7.1409e-02 0.0000e+00 0.0000e+00 -7.1409e-02 -2.2014e+00 
164.0 2.9912e+00 -8.7088e-03 0.0000e+00 0.0000e+00 -8.7088e-03 2.6198e+00 0.0000e+00 0.0000e+00 0.0000e+00 0.0000e+00 -2.4913e+00 5.7587e-02 0.0000e+00 0.0000e+00 -5.7587e-02 -2.2154e+00 
165.0 3.0044e+00 1.8316e-03 0.0000e+00 0.0000e+00 1.8316e-03 2.6315e+00 0.0000e+00 0.0000e+00 0.0000e+00 0.0000e+00 -2.5072e+00 4.2354e-02 0.0000e+00 0.0000e+00 -4.2354e-02 -2.2288e+00 
166.0 3.0182e+00 1.0718e-02 0.0000e+00 0.0000e+00 1.0718e-02 2.6428e+00 0.0000e+00 0.0000e+00 0.0000e+00 0.0000e+00 -2.5234e+00 2.5799e-02 0.0000e+00 0.0000e+00 -2.5799e-02 -2.2416e+00 
167.0 3.0328e+00 1.7786e-02 0.0000e+00 0.0000e+00 1.7786e-02 2.6541e+00 0.0000e+00 0.0000e+00 0.0000e+00 0.0000e+00 -2.5405e+00 7.9685e-03 0.0000e+00 0.0000e+00 -7.9685e-03 -2.2538e+00 
168.0 3.0487e+00 2.2822e-02 0.0000e+00 0.0000e+00 2.2822e-02 2.6654e+00 0.0000e+00 0.0000e+00 0.0000e+00 0.0000e+00 -2.5589e+00 -1.1111e-02 0.0000e+00 0.0000e+00 1.1111e-02 -2.2655e+00 
169.0 3.0665e+00 2.5557e-02 0.0000e+00 0.0000e+00 2.5557e-02 2.6767e+00 0.0000e+00 0.0000e+00 0.0000e+00 0.0000e+00 -2.5797e+00 -3.1284e-02 0.0000e+00 0.0000e+00 3.1284e-02 -2.2769e+00 
170.0 3.0873e+00 2.5700e-02 0.0000e+00 0.0000e+00 2.5700e-02 2.6880e+00 0.0000e+00 0.0000e+00 0.0000e+00 0.0000e+00 -2.6041e+00 -5.1990e-02 0.0000e+00 0.0000e+00 5.1990e-02 -2.2878e+00 
171.0 3.1133e+00 2.3142e-02 0.0000e+00 0.0000e+00 2.3142e-02 2.7001e+00 0.0000e+00 0.0000e+00 0.0000e+00 0.0000e+00 -2.6336e+00 -7.1827e-02 0.0000e+00 0.0000e+00 7.1827e-02 -2.2979e+00 
172.0 3.1479e+00 1.8195e-02 0.0000e+00 0.0000e+00 1.8195e-02 2.7143e+00 0.0000e+00 0.0000e+00 0.0000e+00 0.0000e+00 -2.6699e+00 -8.8238e-02 0.0000e+00 0.0000e+00 8.8238e-02 -2.3065e+00 
173.0 3.1954e+00 1.1732e-02 0.0000e+00 0.0000e+00 1.1732e-02 2.7334e+00 0.0000e+00 0.0000e+00 0.0000e+00 0.0000e+00 -2.7140e+00 -9.7767e-02 0.0000e+00 0.0000e+00 9.7767e-02 -2.3129e+00 
174.0 3.2596e+00 5.1427e-03 0.0000e+00 0.0000e+00 5.1427e-03 2.7601e+00 0.0000e+00 0.0000e+00 0.0000e+00 0.0000e+00 -2.7658e+00 -9.6936e-02 0.0000e+00 0.0000e+00 9.6936e-02 -2.3164e+00 
175.0 3.3406e+00 -1.8790e-05 0.0000e+00 0.0000e+00 -1.8790e-05 2.7959e+00 0.0000e+00 0.0000e+00 0.0000e+00 0.0000e+00 -2.8232e+00 -8.4003e-02 0.0000e+00 0.0000e+00 8.4003e-02 -2.3167e+00 
176.0 3.4325e+00 -2.5880e-03 0.0000e+00 0.0000e+00 -2.5880e-03 2.8389e+00 0.0000e+00 0.0000e+00 0.0000e+00 0.0000e+00 -2.8814e+00 -6.0652e-02 0.0000e+00 0.0000e+00 6.0652e-02 -2.3141e+00 
177.0 3.5217e+00 -2.4095e-03 0.0000e+00 0.0000e+00 -2.4095e-03 2.8828e+00 0.0000e+00 0.0000e+00 0.0000e+00 0.0000e+00 -2.9329e+00 -3.2755e-02 0.0000e+00 0.0000e+00 3.2755e-02 -2.3098e+00 
178.0 3.5887e+00 -7.9852e-04 0.0000e+00 0.0000e+00 -7.9852e-04 2.9168e+00 0.0000e+00 0.0000e+00 0.0000e+00 0.0000e+00 -2.9691e+00 -9.5228e-03 0.0000e+00 0.0000e+00 9.5228e-03 -2.3056e+00 
179.0 3.6146e+00 -5.0548e-21 0.0000e+00 0.0000e+00 -5.0548e-21 2.9302e+00 0.0000e+00 0.0000e+00 0.0000e+00 0.0000e+00 -2.9826e+00 -9.4811e-20 0.0000e+00 0.0000e+00 9.4811e-20 -2.3038e+00 
180.0 3.6406e+00 0.0000e+00 0.0000e+00 0.0000e+00 0.0000e+00 2.9431e+00 0.0000e+00 0.0000e+00 0.0000e+00 0.0000e+00 -2.9956e+00 0.0000e+00 0.0000e+00 0.0000e+00 -0.0000e+00 -2.3021e+00 
