1.8736 1.8855 0.0119 0.054835
theta s11 s12 s13 s14 s21 s22 s23 s24 s31 s32 s33 s34 s41 s42 s43 s44
0.0 1.1599e+03 0.0000e+00 0.0000e+00 0.0000e+00 0.0000e+00 1.1586e+03 0.0000e+00 0.0000e+00 0.0000e+00 0.0000e+00 1.1586e+03 0.0000e+00 0.0000e+00 0.0000e+00 -0.0000e+00 1.1573e+03 
1.0 1.0296e+03 -4.1632e-02 0.0000e+00 0.0000e+00 -4.1632e-02 1.0283e+03 0.0000e+00 0.0000e+00 0.0000e+00 0.0000e+00 1.0283e+03 -4.2337e-01 0.0000e+00 0.0000e+00 4.2337e-01 1.0271e+03 
2.0 8.0742e+02 -8.6374e-02 0.0000e+00 0.0000e+00 -8.6374e-02 8.0616e+02 0.0000e+00 0.0000e+00 0.0000e+00 0.0000e+00 8.0616e+02 -1.4357e+00 0.0000e+00 0.0000e+00 1.4357e+00 8.0492e+02 
3.0 6.2336e+02 -9.5366e-02 0.0000e+00 0.0000e+00 -9.5366e-02 6.2213e+02 0.0000e+00 0.0000e+00 0.0000e+00 0.0000e+00 6.2211e+02 -2.5356e+00 0.0000e+00 0.0000e+00 2.5356e+00 6.2091e+02 
4.0 4.8936e+02 -9.3438e-02 0.0000e+00 0.0000e+00 -9.3438e-02 4.8815e+02 0.0000e+00 0.0000e+00 0.0000e+00 0.0000e+00 4.8810e+02 -3.4019e+00 0.0000e+00 0.0000e+00 3.4019e+00 4.8694e+02 
5.0 3.9352e+02 -9.8280e-02 0.0000e+00 0.0000e+00 -9.8280e-02 3.9233e+02 0.0000e+00 0.0000e+00 0.0000e+00 0.0000e+00 3.9225e+02 -3.9731e+00 0.0000e+00 0.0000e+00 3.9731e+00 3.9113e+02 
6.0 3.2400e+02 -1.1884e-01 0.0000e+00 0.0000e+00 -1.1884e-01 3.2283e+02 0.0000e+00 0.0000e+00 0.0000e+00 0.0000e+00 3.2271e+02 -4.2904e+00 0.0000e+00 0.0000e+00 4.2904e+00 3.2164e+02 
7.0 2.7251e+02 -1.6086e-01 0.0000e+00 0.0000e+00 -1.6086e-01 2.7136e+02 0.0000e+00 0.0000e+00 0.0000e+00 0.0000e+00 2.7121e+02 -4.4040e+00 0.0000e+00 0.0000e+00 4.4040e+00 2.7017e+02 
8.0 2.3366e+02 -2.2463e-01 0.0000e+00 0.0000e+00 -2.2463e-01 2.3252e+02 0.0000e+00 0.0000e+00 0.0000e+00 0.0000e+00 2.3233e+02 -4.3665e+00 0.0000e+00 0.0000e+00 4.3665e+00 2.3133e+02 
9.0 2.0385e+02 -3.0612e-01 0.0000e+00 0.0000e+00 -3.0612e-01 2.0272e+02 0.0000e+00 0.0000e+00 0.0000e+00 0.0000e+00 2.0249e+02 -4.2290e+00 0.0000e+00 0.0000e+00 4.2290e+00 2.0153e+02 
10.0 1.8059e+02 -4.0175e-01 0.0000e+00 0.0000e+00 -4.0175e-01 1.7946e+02 0.0000e+00 0.0000e+00 0.0000e+00 0.0000e+00 1.7922e+02 -4.0335e+00 0.0000e+00 0.0000e+00 4.0335e+00 1.7828e+02 
11.0 1.6213e+02 -5.0902e-01 0.0000e+00 0.0000e+00 -5.0902e-01 1.6100e+02 0.0000e+00 0.0000e+00 0.0000e+00 0.0000e+00 1.6073e+02 -3.8097e+00 0.0000e+00 0.0000e+00 3.8097e+00 1.5983e+02 
12.0 1.4721e+02 -6.2645e-01 0.0000e+00 0.0000e+00 -6.2645e-01 1.4609e+02 0.0000e+00 0.0000e+00 0.0000e+00 0.0000e+00 1.4580e+02 -3.5758e+00 0.0000e+00 0.0000e+00 3.5758e+00 1.4493e+02 
13.0 1.3497e+02 -7.5332e-01 0.0000e+00 0.0000e+00 -7.5332e-01 1.3385e+02 0.0000e+00 0.0000e+00 0.0000e+00 0.0000e+00 1.3354e+02 -3.3419e+00 0.0000e+00 0.0000e+00 3.3419e+00 1.3270e+02 
14.0 1.2477e+02 -8.8620e-01 0.0000e+00 0.0000e+00 -8.8620e-01 1.2365e+02 0.0000e+00 0.0000e+00 0.0000e+00 0.0000e+00 1.2333e+02 -3.1199e+00 0.0000e+00 0.0000e+00 3.1199e+00 1.2252e+02 
15.0 1.1617e+02 -1.0243e+00 0.0000e+00 0.0000e+00 -1.0243e+00 1.1505e+02 0.0000e+00 0.0000e+00 0.0000e+00 0.0000e+00 1.1471e+02 -2.9117e+00 0.0000e+00 0.0000e+00 2.9117e+00 1.1392e+02 
16.0 1.0880e+02 -1.1648e+00 0.0000e+00 0.0000e+00 -1.1648e+00 1.0767e+02 0.0000e+00 0.0000e+00 0.0000e+00 0.0000e+00 1.0732e+02 -2.7215e+00 0.0000e+00 0.0000e+00 2.7215e+00 1.0656e+02 
17.0 1.0238e+02 -1.3059e+00 0.0000e+00 0.0000e+00 -1.3059e+00 1.0125e+02 0.0000e+00 0.0000e+00 0.0000e+00 0.0000e+00 1.0089e+02 -2.5508e+00 0.0000e+00 0.0000e+00 2.5508e+00 1.0016e+02 
18.0 9.6703e+01 -1.4457e+00 0.0000e+00 0.0000e+00 -1.4457e+00 9.5581e+01 0.0000e+00 0.0000e+00 0.0000e+00 0.0000e+00 9.5209e+01 -2.3989e+00 0.0000e+00 0.0000e+00 2.3989e+00 9.4501e+01 
19.0 9.1622e+01 -1.5836e+00 0.0000e+00 0.0000e+00 -1.5836e+00 9.0500e+01 0.0000e+00 0.0000e+00 0.0000e+00 0.0000e+00 9.0398e+01 -2.2640e+00 0.0000e+00 0.0000e+00 2.2640e+00 8.9722e+01 
20.0 8.7019e+01 -1.7193e+00 0.0000e+00 0.0000e+00 -1.7193e+00 8.5896e+01 0.0000e+00 0.0000e+00 0.0000e+00 0.0000e+00 8.6038e+01 -2.1442e+00 0.0000e+00 0.0000e+00 2.1442e+00 8.5391e+01 
21.0 8.2808e+01 -1.8534e+00 0.0000e+00 0.0000e+00 -1.8534e+00 8.1686e+01 0.0000e+00 0.0000e+00 0.0000e+00 0.0000e+00 8.2048e+01 -2.0377e+00 0.0000e+00 0.0000e+00 2.0377e+00 8.1428e+01 
22.0 7.8923e+01 -1.9865e+00 0.0000e+00 0.0000e+00 -1.9865e+00 7.7801e+01 0.0000e+00 0.0000e+00 0.0000e+00 0.0000e+00 7.8365e+01 -1.9432e+00 0.0000e+00 0.0000e+00 1.9432e+00 7.7769e+01 
23.0 7.5314e+01 -2.1190e+00 0.0000e+00 0.0000e+00 -2.1190e+00 7.4193e+01 0.0000e+00 0.0000e+00 0.0000e+00 0.0000e+00 7.4940e+01 -1.8586e+00 0.0000e+00 0.0000e+00 1.8586e+00 7.4368e+01 
24.0 7.1942e+01 -2.2506e+00 0.0000e+00 0.0000e+00 -2.2506e+00 7.0822e+01 0.0000e+00 0.0000e+00 0.0000e+00 0.0000e+00 7.1736e+01 -1.7822e+00 0.0000e+00 0.0000e+00 1.7822e+00 7.1186e+01 
25.0 6.8779e+01 -2.3813e+00 0.0000e+00 0.0000e+00 -2.3813e+00 6.7660e+01 0.0000e+00 0.0000e+00 0.0000e+00 0.0000e+00 6.8728e+01 -1.7120e+00 0.0000e+00 0.0000e+00 1.7120e+00 6.8197e+01 
26.0 6.5803e+01 -2.5107e+00 0.0000e+00 0.0000e+00 -2.5107e+00 6.4685e+01 0.0000e+00 0.0000e+00 0.0000e+00 0.0000e+00 6.5893e+01 -1.6468e+00 0.0000e+00 0.0000e+00 1.6468e+00 6.5382e+01 
27.0 6.2995e+01 -2.6385e+00 0.0000e+00 0.0000e+00 -2.6385e+00 6.1878e+01 0.0000e+00 0.0000e+00 0.0000e+00 0.0000e+00 6.3216e+01 -1.5860e+00 0.0000e+00 0.0000e+00 1.5860e+00 6.2723e+01 
28.0 6.0340e+01 -2.7642e+00 0.0000e+00 0.0000e+00 -2.7642e+00 5.9225e+01 0.0000e+00 0.0000e+00 0.0000e+00 0.0000e+00 6.0680e+01 -1.5292e+00 0.0000e+00 0.0000e+00 1.5292e+00 6.0204e+01 
29.0 5.7823e+01 -2.8874e+00 0.0000e+00 0.0000e+00 -2.8874e+00 5.6709e+01 0.0000e+00 0.0000e+00 0.0000e+00 0.0000e+00 5.8272e+01 -1.4760e+00 0.0000e+00 0.0000e+00 1.4760e+00 5.7812e+01 
30.0 5.5430e+01 -3.0077e+00 0.0000e+00 0.0000e+00 -3.0077e+00 5.4318e+01 0.0000e+00 0.0000e+00 0.0000e+00 0.0000e+00 5.5979e+01 -1.4258e+00 0.0000e+00 0.0000e+00 1.4258e+00 5.5535e+01 
31.0 5.3150e+01 -3.1247e+00 0.0000e+00 0.0000e+00 -3.1247e+00 5.2040e+01 0.0000e+00 0.0000e+00 0.0000e+00 0.0000e+00 5.3554e+01 -1.3782e+00 0.0000e+00 0.0000e+00 1.3782e+00 5.3132e+01 
32.0 5.0975e+01 -3.2379e+00 0.0000e+00 0.0000e+00 -3.2379e+00 4.9867e+01 0.0000e+00 0.0000e+00 0.0000e+00 0.0000e+00 5.1240e+01 -1.3329e+00 0.0000e+00 0.0000e+00 1.3329e+00 5.0839e+01 
33.0 4.8897e+01 -3.3471e+00 0.0000e+00 0.0000e+00 -3.3471e+00 4.7791e+01 0.0000e+00 0.0000e+00 0.0000e+00 0.0000e+00 4.9030e+01 -1.2896e+00 0.0000e+00 0.0000e+00 1.2896e+00 4.8650e+01 
34.0 4.6908e+01 -3.4519e+00 0.0000e+00 0.0000e+00 -3.4519e+00 4.5805e+01 0.0000e+00 0.0000e+00 0.0000e+00 0.0000e+00 4.6917e+01 -1.2479e+00 0.0000e+00 0.0000e+00 1.2479e+00 4.6556e+01 
35.0 4.5004e+01 -3.5522e+00 0.0000e+00 0.0000e+00 -3.5522e+00 4.3903e+01 0.0000e+00 0.0000e+00 0.0000e+00 0.0000e+00 4.4894e+01 -1.2076e+00 0.0000e+00 0.0000e+00 1.2076e+00 4.4552e+01 
36.0 4.3180e+01 -3.6478e+00 0.0000e+00 0.0000e+00 -3.6478e+00 4.2082e+01 0.0000e+00 0.0000e+00 0.0000e+00 0.0000e+00 4.2955e+01 -1.1684e+00 0.0000e+00 0.0000e+00 1.1684e+00 4.2633e+01 
37.0 4.1432e+01 -3.7388e+00 0.0000e+00 0.0000e+00 -3.7388e+00 4.0338e+01 0.0000e+00 0.0000e+00 0.0000e+00 0.0000e+00 4.1098e+01 -1.1296e+00 0.0000e+00 0.0000e+00 1.1296e+00 4.0794e+01 
38.0 3.9759e+01 -3.8253e+00 0.0000e+00 0.0000e+00 -3.8253e+00 3.8669e+01 0.0000e+00 0.0000e+00 0.0000e+00 0.0000e+00 3.9318e+01 -1.0910e+00 0.0000e+00 0.0000e+00 1.0910e+00 3.9031e+01 
39.0 3.8158e+01 -3.9074e+00 0.0000e+00 0.0000e+00 -3.9074e+00 3.7072e+01 0.0000e+00 0.0000e+00 0.0000e+00 0.0000e+00 3.7612e+01 -1.0522e+00 0.0000e+00 0.0000e+00 1.0522e+00 3.7343e+01 
40.0 3.6626e+01 -3.9852e+00 0.0000e+00 0.0000e+00 -3.9852e+00 3.5544e+01 0.0000e+00 0.0000e+00 0.0000e+00 0.0000e+00 3.5978e+01 -1.0134e+00 0.0000e+00 0.0000e+00 1.0134e+00 3.5726e+01 
41.0 3.5161e+01 -4.0588e+00 0.0000e+00 0.0000e+00 -4.0588e+00 3.4083e+01 0.0000e+00 0.0000e+00 0.0000e+00 0.0000e+00 3.4413e+01 -9.7461e-01 0.0000e+00 0.0000e+00 9.7461e-01 3.4177e+01 
42.0 3.3760e+01 -4.1280e+00 0.0000e+00 0.0000e+00 -4.1280e+00 3.2686e+01 0.0000e+00 0.0000e+00 0.0000e+00 0.0000e+00 3.2914e+01 -9.3599e-01 0.0000e+00 0.0000e+00 9.3599e-01 3.2694e+01 
43.0 3.2419e+01 -4.1929e+00 0.0000e+00 0.0000e+00 -4.1929e+00 3.1350e+01 0.0000e+00 0.0000e+00 0.0000e+00 0.0000e+00 3.1477e+01 -8.9760e-01 0.0000e+00 0.0000e+00 8.9760e-01 3.1272e+01 
44.0 3.1136e+01 -4.2533e+00 0.0000e+00 0.0000e+00 -4.2533e+00 3.0072e+01 0.0000e+00 0.0000e+00 0.0000e+00 0.0000e+00 3.0100e+01 -8.5946e-01 0.0000e+00 0.0000e+00 8.5946e-01 2.9910e+01 
45.0 2.9908e+01 -4.3091e+00 0.0000e+00 0.0000e+00 -4.3091e+00 2.8848e+01 0.0000e+00 0.0000e+00 0.0000e+00 0.0000e+00 2.8779e+01 -8.2149e-01 0.0000e+00 0.0000e+00 8.2149e-01 2.8605e+01 
46.0 2.8732e+01 -4.3604e+00 0.0000e+00 0.0000e+00 -4.3604e+00 2.7678e+01 0.0000e+00 0.0000e+00 0.0000e+00 0.0000e+00 2.7514e+01 -7.8360e-01 0.0000e+00 0.0000e+00 7.8360e-01 2.7353e+01 
47.0 2.7606e+01 -4.4072e+00 0.0000e+00 0.0000e+00 -4.4072e+00 2.6557e+01 0.0000e+00 0.0000e+00 0.0000e+00 0.0000e+00 2.6300e+01 -7.4573e-01 0.0000e+00 0.0000e+00 7.4573e-01 2.6153e+01 
48.0 2.6528e+01 -4.4494e+00 0.0000e+00 0.0000e+00 -4.4494e+00 2.5485e+01 0.0000e+00 0.0000e+00 0.0000e+00 0.0000e+00 2.5136e+01 -7.0788e-01 0.0000e+00 0.0000e+00 7.0788e-01 2.5002e+01 
49.0 2.5496e+01 -4.4872e+00 0.0000e+00 0.0000e+00 -4.4872e+00 2.4458e+01 0.0000e+00 0.0000e+00 0.0000e+00 0.0000e+00 2.4019e+01 -6.7003e-01 0.0000e+00 0.0000e+00 6.7003e-01 2.3899e+01 
50.0 2.4508e+01 -4.5205e+00 0.0000e+00 0.0000e+00 -4.5205e+00 2.3475e+01 0.0000e+00 0.0000e+00 0.0000e+00 0.0000e+00 2.2948e+01 -6.3213e-01 0.0000e+00 0.0000e+00 6.3213e-01 2.2841e+01 
51.0 2.3562e+01 -4.5496e+00 0.0000e+00 0.0000e+00 -4.5496e+00 2.2535e+01 0.0000e+00 0.0000e+00 0.0000e+00 0.0000e+00 2.1921e+01 -5.9414e-01 0.0000e+00 0.0000e+00 5.9414e-01 2.1826e+01 
52.0 2.2657e+01 -4.5745e+00 0.0000e+00 0.0000e+00 -4.5745e+00 2.1635e+01 0.0000e+00 0.0000e+00 0.0000e+00 0.0000e+00 2.0935e+01 -5.5602e-01 0.0000e+00 0.0000e+00 5.5602e-01 2.0853e+01 
53.0 2.1791e+01 -4.5953e+00 0.0000e+00 0.0000e+00 -4.5953e+00 2.0775e+01 0.0000e+00 0.0000e+00 0.0000e+00 0.0000e+00 1.9990e+01 -5.1770e-01 0.0000e+00 0.0000e+00 5.1770e-01 1.9920e+01 
54.0 2.0963e+01 -4.6122e+00 0.0000e+00 0.0000e+00 -4.6122e+00 1.9952e+01 0.0000e+00 0.0000e+00 0.0000e+00 0.0000e+00 1.9084e+01 -4.7918e-01 0.0000e+00 0.0000e+00 4.7918e-01 1.9025e+01 
55.0 2.0171e+01 -4.6254e+00 0.0000e+00 0.0000e+00 -4.6254e+00 1.9166e+01 0.0000e+00 0.0000e+00 0.0000e+00 0.0000e+00 1.8215e+01 -4.4052e-01 0.0000e+00 0.0000e+00 4.4052e-01 1.8168e+01 
56.0 1.9415e+01 -4.6350e+00 0.0000e+00 0.0000e+00 -4.6350e+00 1.8415e+01 0.0000e+00 0.0000e+00 0.0000e+00 0.0000e+00 1.7383e+01 -4.0181e-01 0.0000e+00 0.0000e+00 4.0181e-01 1.7347e+01 
57.0 1.8692e+01 -4.6412e+00 0.0000e+00 0.0000e+00 -4.6412e+00 1.7697e+01 0.0000e+00 0.0000e+00 0.0000e+00 0.0000e+00 1.6584e+01 -3.6314e-01 0.0000e+00 0.0000e+00 3.6314e-01 1.6560e+01 
58.0 1.8002e+01 -4.6439e+00 0.0000e+00 0.0000e+00 -4.6439e+00 1.7011e+01 0.0000e+00 0.0000e+00 0.0000e+00 0.0000e+00 1.5819e+01 -3.2458e-01 0.0000e+00 0.0000e+00 3.2458e-01 1.5805e+01 
59.0 1.7342e+01 -4.6432e+00 0.0000e+00 0.0000e+00 -4.6432e+00 1.6357e+01 0.0000e+00 0.0000e+00 0.0000e+00 0.0000e+00 1.5085e+01 -2.8616e-01 0.0000e+00 0.0000e+00 2.8616e-01 1.5082e+01 
60.0 1.6712e+01 -4.6394e+00 0.0000e+00 0.0000e+00 -4.6394e+00 1.5731e+01 0.0000e+00 0.0000e+00 0.0000e+00 0.0000e+00 1.4381e+01 -2.4791e-01 0.0000e+00 0.0000e+00 2.4791e-01 1.4389e+01 
61.0 1.6109e+01 -4.6325e+00 0.0000e+00 0.0000e+00 -4.6325e+00 1.5134e+01 0.0000e+00 0.0000e+00 0.0000e+00 0.0000e+00 1.3706e+01 -2.0989e-01 0.0000e+00 0.0000e+00 2.0989e-01 1.3725e+01 
62.0 1.5534e+01 -4.6226e+00 0.0000e+00 0.0000e+00 -4.6226e+00 1.4563e+01 0.0000e+00 0.0000e+00 0.0000e+00 0.0000e+00 1.3059e+01 -1.7214e-01 0.0000e+00 0.0000e+00 1.7214e-01 1.3088e+01 
63.0 1.4985e+01 -4.6100e+00 0.0000e+00 0.0000e+00 -4.6100e+00 1.4019e+01 0.0000e+00 0.0000e+00 0.0000e+00 0.0000e+00 1.2438e+01 -1.3475e-01 0.0000e+00 0.0000e+00 1.3475e-01 1.2477e+01 
64.0 1.4460e+01 -4.5946e+00 0.0000e+00 0.0000e+00 -4.5946e+00 1.3498e+01 0.0000e+00 0.0000e+00 0.0000e+00 0.0000e+00 1.1842e+01 -9.7797e-02 0.0000e+00 0.0000e+00 9.7797e-02 1.1892e+01 
65.0 1.3959e+01 -4.5767e+00 0.0000e+00 0.0000e+00 -4.5767e+00 1.3001e+01 0.0000e+00 0.0000e+00 0.0000e+00 0.0000e+00 1.1271e+01 -6.1354e-02 0.0000e+00 0.0000e+00 6.1354e-02 1.1330e+01 
66.0 1.3480e+01 -4.5563e+00 0.0000e+00 0.0000e+00 -4.5563e+00 1.2527e+01 0.0000e+00 0.0000e+00 0.0000e+00 0.0000e+00 1.0723e+01 -2.5471e-02 0.0000e+00 0.0000e+00 2.5471e-02 1.0792e+01 
67.0 1.3023e+01 -4.5336e+00 0.0000e+00 0.0000e+00 -4.5336e+00 1.2074e+01 0.0000e+00 0.0000e+00 0.0000e+00 0.0000e+00 1.0197e+01 9.7971e-03 0.0000e+00 0.0000e+00 -9.7971e-03 1.0276e+01 
68.0 1.2586e+01 -4.5085e+00 0.0000e+00 0.0000e+00 -4.5085e+00 1.1641e+01 0.0000e+00 0.0000e+00 0.0000e+00 0.0000e+00 9.6928e+00 4.4386e-02 0.0000e+00 0.0000e+00 -4.4386e-02 9.7816e+00 
69.0 1.2169e+01 -4.4813e+00 0.0000e+00 0.0000e+00 -4.4813e+00 1.1228e+01 0.0000e+00 0.0000e+00 0.0000e+00 0.0000e+00 9.2085e+00 7.8219e-02 0.0000e+00 0.0000e+00 -7.8219e-02 9.3070e+00 
70.0 1.1771e+01 -4.4520e+00 0.0000e+00 0.0000e+00 -4.4520e+00 1.0834e+01 0.0000e+00 0.0000e+00 0.0000e+00 0.0000e+00 8.7437e+00 1.1122e-01 0.0000e+00 0.0000e+00 -1.1122e-01 8.8517e+00 
71.0 1.1390e+01 -4.4207e+00 0.0000e+00 0.0000e+00 -4.4207e+00 1.0457e+01 0.0000e+00 0.0000e+00 0.0000e+00 0.0000e+00 8.2973e+00 1.4334e-01 0.0000e+00 0.0000e+00 -1.4334e-01 8.4147e+00 
72.0 1.1026e+01 -4.3874e+00 0.0000e+00 0.0000e+00 -4.3874e+00 1.0097e+01 0.0000e+00 0.0000e+00 0.0000e+00 0.0000e+00 7.8687e+00 1.7451e-01 0.0000e+00 0.0000e+00 -1.7451e-01 7.9954e+00 
73.0 1.0679e+01 -4.3524e+00 0.0000e+00 0.0000e+00 -4.3524e+00 9.7535e+00 0.0000e+00 0.0000e+00 0.0000e+00 0.0000e+00 7.4569e+00 2.0469e-01 0.0000e+00 0.0000e+00 -2.0469e-01 7.5928e+00 
74.0 1.0347e+01 -4.3155e+00 0.0000e+00 0.0000e+00 -4.3155e+00 9.4254e+00 0.0000e+00 0.0000e+00 0.0000e+00 0.0000e+00 7.0614e+00 2.3387e-01 0.0000e+00 0.0000e+00 -2.3387e-01 7.2062e+00 
75.0 1.0030e+01 -4.2770e+00 0.0000e+00 0.0000e+00 -4.2770e+00 9.1121e+00 0.0000e+00 0.0000e+00 0.0000e+00 0.0000e+00 6.6814e+00 2.6200e-01 0.0000e+00 0.0000e+00 -2.6200e-01 6.8350e+00 
76.0 9.7266e+00 -4.2369e+00 0.0000e+00 0.0000e+00 -4.2369e+00 8.8129e+00 0.0000e+00 0.0000e+00 0.0000e+00 0.0000e+00 6.3161e+00 2.8908e-01 0.0000e+00 0.0000e+00 -2.8908e-01 6.4785e+00 
77.0 9.4370e+00 -4.1953e+00 0.0000e+00 0.0000e+00 -4.1953e+00 8.5272e+00 0.0000e+00 0.0000e+00 0.0000e+00 0.0000e+00 5.9650e+00 3.1510e-01 0.0000e+00 0.0000e+00 -3.1510e-01 6.1359e+00 
78.0 9.1603e+00 -4.1521e+00 0.0000e+00 0.0000e+00 -4.1521e+00 8.2543e+00 0.0000e+00 0.0000e+00 0.0000e+00 0.0000e+00 5.6274e+00 3.4009e-01 0.0000e+00 0.0000e+00 -3.4009e-01 5.8067e+00 
79.0 8.8958e+00 -4.1076e+00 0.0000e+00 0.0000e+00 -4.1076e+00 7.9937e+00 0.0000e+00 0.0000e+00 0.0000e+00 0.0000e+00 5.3028e+00 3.6407e-01 0.0000e+00 0.0000e+00 -3.6407e-01 5.4902e+00 
80.0 8.6430e+00 -4.0617e+00 0.0000e+00 0.0000e+00 -4.0617e+00 7.7449e+00 0.0000e+00 0.0000e+00 0.0000e+00 0.0000e+00 4.9905e+00 3.8708e-01 0.0000e+00 0.0000e+00 -3.8708e-01 5.1859e+00 
81.0 8.4014e+00 -4.0146e+00 0.0000e+00 0.0000e+00 -4.0146e+00 7.5073e+00 0.0000e+00 0.0000e+00 0.0000e+00 0.0000e+00 4.6900e+00 4.0915e-01 0.0000e+00 0.0000e+00 -4.0915e-01 4.8934e+00 
82.0 8.1706e+00 -3.9663e+00 0.0000e+00 0.0000e+00 -3.9663e+00 7.2805e+00 0.0000e+00 0.0000e+00 0.0000e+00 0.0000e+00 4.4010e+00 4.3030e-01 0.0000e+00 0.0000e+00 -4.3030e-01 4.6121e+00 
83.0 7.9500e+00 -3.9169e+00 0.0000e+00 0.0000e+00 -3.9169e+00 7.0639e+00 0.0000e+00 0.0000e+00 0.0000e+00 0.0000e+00 4.1228e+00 4.5052e-01 0.0000e+00 0.0000e+00 -4.5052e-01 4.3415e+00 
84.0 7.7392e+00 -3.8665e+00 0.0000e+00 0.0000e+00 -3.8665e+00 6.8572e+00 0.0000e+00 0.0000e+00 0.0000e+00 0.0000e+00 3.8551e+00 4.6980e-01 0.0000e+00 0.0000e+00 -4.6980e-01 4.0813e+00 
85.0 7.5379e+00 -3.8152e+00 0.0000e+00 0.0000e+00 -3.8152e+00 6.6598e+00 0.0000e+00 0.0000e+00 0.0000e+00 0.0000e+00 3.5973e+00 4.8812e-01 0.0000e+00 0.0000e+00 -4.8812e-01 3.8309e+00 
86.0 7.3456e+00 -3.7630e+00 0.0000e+00 0.0000e+00 -3.7630e+00 6.4715e+00 0.0000e+00 0.0000e+00 0.0000e+00 0.0000e+00 3.3491e+00 5.0550e-01 0.0000e+00 0.0000e+00 -5.0550e-01 3.5899e+00 
87.0 7.1619e+00 -3.7099e+00 0.0000e+00 0.0000e+00 -3.7099e+00 6.2916e+00 0.0000e+00 0.0000e+00 0.0000e+00 0.0000e+00 3.1100e+00 5.2193e-01 0.0000e+00 0.0000e+00 -5.2193e-01 3.3580e+00 
88.0 6.9865e+00 -3.6561e+00 0.0000e+00 0.0000e+00 -3.6561e+00 6.1200e+00 0.0000e+00 0.0000e+00 0.0000e+00 0.0000e+00 2.8796e+00 5.3746e-01 0.0000e+00 0.0000e+00 -5.3746e-01 3.1347e+00 
89.0 6.8189e+00 -3.6016e+00 0.0000e+00 0.0000e+00 -3.6016e+00 5.9561e+00 0.0000e+00 0.0000e+00 0.0000e+00 0.0000e+00 2.6576e+00 5.5208e-01 0.0000e+00 0.0000e+00 -5.5208e-01 2.9196e+00 
90.0 6.6588e+00 -3.5464e+00 0.0000e+00 0.0000e+00 -3.5464e+00 5.7997e+00 0.0000e+00 0.0000e+00 0.0000e+00 0.0000e+00 2.4436e+00 5.6582e-01 0.0000e+00 0.0000e+00 -5.6582e-01 2.7125e+00 
91.0 6.5060e+00 -3.4906e+00 0.0000e+00 0.0000e+00 -3.4906e+00 5.6505e+00 0.0000e+00 0.0000e+00 0.0000e+00 0.0000e+00 2.2373e+00 5.7870e-01 0.0000e+00 0.0000e+00 -5.7870e-01 2.5129e+00 
92.0 6.3602e+00 -3.4343e+00 0.0000e+00 0.0000e+00 -3.4343e+00 5.5083e+00 0.0000e+00 0.0000e+00 0.0000e+00 0.0000e+00 2.0383e+00 5.9072e-01 0.0000e+00 0.0000e+00 -5.9072e-01 2.3206e+00 
93.0 6.2211e+00 -3.3774e+00 0.0000e+00 0.0000e+00 -3.3774e+00 5.3726e+00 0.0000e+00 0.0000e+00 0.0000e+00 0.0000e+00 1.8465e+00 6.0190e-01 0.0000e+00 0.0000e+00 -6.0190e-01 2.1353e+00 
94.0 6.0884e+00 -3.3201e+00 0.0000e+00 0.0000e+00 -3.3201e+00 5.2434e+00 0.0000e+00 0.0000e+00 0.0000e+00 0.0000e+00 1.6615e+00 6.1225e-01 0.0000e+00 0.0000e+00 -6.1225e-01 1.9567e+00 
95.0 5.9619e+00 -3.2624e+00 0.0000e+00 0.0000e+00 -3.2624e+00 5.1202e+00 0.0000e+00 0.0000e+00 0.0000e+00 0.0000e+00 1.4830e+00 6.2181e-01 0.0000e+00 0.0000e+00 -6.2181e-01 1.7844e+00 
96.0 5.8413e+00 -3.2044e+00 0.0000e+00 0.0000e+00 -3.2044e+00 5.0030e+00 0.0000e+00 0.0000e+00 0.0000e+00 0.0000e+00 1.3107e+00 6.3061e-01 0.0000e+00 0.0000e+00 -6.3061e-01 1.6182e+00 
97.0 5.7264e+00 -3.1460e+00 0.0000e+00 0.0000e+00 -3.1460e+00 4.8915e+00 0.0000e+00 0.0000e+00 0.0000e+00 0.0000e+00 1.1444e+00 6.3866e-01 0.0000e+00 0.0000e+00 -6.3866e-01 1.4578e+00 
98.0 5.6169e+00 -3.0874e+00 0.0000e+00 0.0000e+00 -3.0874e+00 4.7854e+00 0.0000e+00 0.0000e+00 0.0000e+00 0.0000e+00 9.8392e-01 6.4600e-01 0.0000e+00 0.0000e+00 -6.4600e-01 1.3030e+00 
99.0 5.5127e+00 -3.0285e+00 0.0000e+00 0.0000e+00 -3.0285e+00 4.6846e+00 0.0000e+00 0.0000e+00 0.0000e+00 0.0000e+00 8.2898e-01 6.5264e-01 0.0000e+00 0.0000e+00 -6.5264e-01 1.1536e+00 
100.0 5.4135e+00 -2.9694e+00 0.0000e+00 0.0000e+00 -2.9694e+00 4.5888e+00 0.0000e+00 0.0000e+00 0.0000e+00 0.0000e+00 6.7938e-01 6.5859e-01 0.0000e+00 0.0000e+00 -6.5859e-01 1.0093e+00 
101.0 5.3191e+00 -2.9102e+00 0.0000e+00 0.0000e+00 -2.9102e+00 4.4980e+00 0.0000e+00 0.0000e+00 0.0000e+00 0.0000e+00 5.3493e-01 6.6386e-01 0.0000e+00 0.0000e+00 -6.6386e-01 8.6997e-01 
102.0 5.2293e+00 -2.8508e+00 0.0000e+00 0.0000e+00 -2.8508e+00 4.4119e+00 0.0000e+00 0.0000e+00 0.0000e+00 0.0000e+00 3.9542e-01 6.6847e-01 0.0000e+00 0.0000e+00 -6.6847e-01 7.3536e-01 
103.0 5.1441e+00 -2.7913e+00 0.0000e+00 0.0000e+00 -2.7913e+00 4.3303e+00 0.0000e+00 0.0000e+00 0.0000e+00 0.0000e+00 2.6066e-01 6.7242e-01 0.0000e+00 0.0000e+00 -6.7242e-01 6.0528e-01 
104.0 5.0631e+00 -2.7317e+00 0.0000e+00 0.0000e+00 -2.7317e+00 4.2530e+00 0.0000e+00 0.0000e+00 0.0000e+00 0.0000e+00 1.3047e-01 6.7574e-01 0.0000e+00 0.0000e+00 -6.7574e-01 4.7953e-01 
105.0 4.9862e+00 -2.6721e+00 0.0000e+00 0.0000e+00 -2.6721e+00 4.1799e+00 0.0000e+00 0.0000e+00 0.0000e+00 0.0000e+00 4.6240e-03 6.7843e-01 0.0000e+00 0.0000e+00 -6.7843e-01 3.5792e-01 
106.0 4.9134e+00 -2.6123e+00 0.0000e+00 0.0000e+00 -2.6123e+00 4.1109e+00 0.0000e+00 0.0000e+00 0.0000e+00 0.0000e+00 -1.1705e-01 6.8050e-01 0.0000e+00 0.0000e+00 -6.8050e-01 2.4026e-01 
107.0 4.8443e+00 -2.5526e+00 0.0000e+00 0.0000e+00 -2.5526e+00 4.0456e+00 0.0000e+00 0.0000e+00 0.0000e+00 0.0000e+00 -2.3473e-01 6.8199e-01 0.0000e+00 0.0000e+00 -6.8199e-01 1.2641e-01 
108.0 4.7790e+00 -2.4928e+00 0.0000e+00 0.0000e+00 -2.4928e+00 3.9841e+00 0.0000e+00 0.0000e+00 0.0000e+00 0.0000e+00 -3.4857e-01 6.8292e-01 0.0000e+00 0.0000e+00 -6.8292e-01 1.6205e-02 
109.0 4.7173e+00 -2.4330e+00 0.0000e+00 0.0000e+00 -2.4330e+00 3.9262e+00 0.0000e+00 0.0000e+00 0.0000e+00 0.0000e+00 -4.5873e-01 6.8333e-01 0.0000e+00 0.0000e+00 -6.8333e-01 -9.0483e-02 
110.0 4.6590e+00 -2.3733e+00 0.0000e+00 0.0000e+00 -2.3733e+00 3.8718e+00 0.0000e+00 0.0000e+00 0.0000e+00 0.0000e+00 -5.6536e-01 6.8324e-01 0.0000e+00 0.0000e+00 -6.8324e-01 -1.9379e-01 
111.0 4.6041e+00 -2.3137e+00 0.0000e+00 0.0000e+00 -2.3137e+00 3.8207e+00 0.0000e+00 0.0000e+00 0.0000e+00 0.0000e+00 -6.6860e-01 6.8265e-01 0.0000e+00 0.0000e+00 -6.8265e-01 -2.9385e-01 
112.0 4.5525e+00 -2.2541e+00 0.0000e+00 0.0000e+00 -2.2541e+00 3.7728e+00 0.0000e+00 0.0000e+00 0.0000e+00 0.0000e+00 -7.6858e-01 6.8158e-01 0.0000e+00 0.0000e+00 -6.8158e-01 -3.9080e-01 
113.0 4.5039e+00 -2.1947e+00 0.0000e+00 0.0000e+00 -2.1947e+00 3.7279e+00 0.0000e+00 0.0000e+00 0.0000e+00 0.0000e+00 -8.6544e-01 6.8006e-01 0.0000e+00 0.0000e+00 -6.8006e-01 -4.8475e-01 
114.0 4.4583e+00 -2.1354e+00 0.0000e+00 0.0000e+00 -2.1354e+00 3.6860e+00 0.0000e+00 0.0000e+00 0.0000e+00 0.0000e+00 -9.5929e-01 6.7812e-01 0.0000e+00 0.0000e+00 -6.7812e-01 -5.7583e-01 
115.0 4.4155e+00 -2.0764e+00 0.0000e+00 0.0000e+00 -2.0764e+00 3.6470e+00 0.0000e+00 0.0000e+00 0.0000e+00 0.0000e+00 -1.0503e+00 6.7574e-01 0.0000e+00 0.0000e+00 -6.7574e-01 -6.6415e-01 
116.0 4.3755e+00 -2.0176e+00 0.0000e+00 0.0000e+00 -2.0176e+00 3.6106e+00 0.0000e+00 0.0000e+00 0.0000e+00 0.0000e+00 -1.1385e+00 6.7294e-01 0.0000e+00 0.0000e+00 -6.7294e-01 -7.4982e-01 
117.0 4.3382e+00 -1.9590e+00 0.0000e+00 0.0000e+00 -1.9590e+00 3.5769e+00 0.0000e+00 0.0000e+00 0.0000e+00 0.0000e+00 -1.2240e+00 6.6973e-01 0.0000e+00 0.0000e+00 -6.6973e-01 -8.3293e-01 
118.0 4.3034e+00 -1.9008e+00 0.0000e+00 0.0000e+00 -1.9008e+00 3.5458e+00 0.0000e+00 0.0000e+00 0.0000e+00 0.0000e+00 -1.3069e+00 6.6612e-01 0.0000e+00 0.0000e+00 -6.6612e-01 -9.1357e-01 
119.0 4.2710e+00 -1.8428e+00 0.0000e+00 0.0000e+00 -1.8428e+00 3.5171e+00 0.0000e+00 0.0000e+00 0.0000e+00 0.0000e+00 -1.3873e+00 6.6212e-01 0.0000e+00 0.0000e+00 -6.6212e-01 -9.9185e-01 
120.0 4.2410e+00 -1.7852e+00 0.0000e+00 0.0000e+00 -1.7852e+00 3.4907e+00 0.0000e+00 0.0000e+00 0.0000e+00 0.0000e+00 -1.4653e+00 6.5774e-01 0.0000e+00 0.0000e+00 -6.5774e-01 -1.0679e+00 
121.0 4.2133e+00 -1.7280e+00 0.0000e+00 0.0000e+00 -1.7280e+00 3.4667e+00 0.0000e+00 0.0000e+00 0.0000e+00 0.0000e+00 -1.5410e+00 6.5294e-01 0.0000e+00 0.0000e+00 -6.5294e-01 -1.1416e+00 
122.0 4.1877e+00 -1.6711e+00 0.0000e+00 0.0000e+00 -1.6711e+00 3.4447e+00 0.0000e+00 0.0000e+00 0.0000e+00 0.0000e+00 -1.6145e+00 6.4772e-01 0.0000e+00 0.0000e+00 -6.4772e-01 -1.2133e+00 
123.0 4.1641e+00 -1.6146e+00 0.0000e+00 0.0000e+00 -1.6146e+00 3.4248e+00 0.0000e+00 0.0000e+00 0.0000e+00 0.0000e+00 -1.6859e+00 6.4204e-01 0.0000e+00 0.0000e+00 -6.4204e-01 -1.2830e+00 
124.0 4.1424e+00 -1.5586e+00 0.0000e+00 0.0000e+00 -1.5586e+00 3.4067e+00 0.0000e+00 0.0000e+00 0.0000e+00 0.0000e+00 -1.7553e+00 6.3592e-01 0.0000e+00 0.0000e+00 -6.3592e-01 -1.3507e+00 
125.0 4.1226e+00 -1.5031e+00 0.0000e+00 0.0000e+00 -1.5031e+00 3.3904e+00 0.0000e+00 0.0000e+00 0.0000e+00 0.0000e+00 -1.8229e+00 6.2933e-01 0.0000e+00 0.0000e+00 -6.2933e-01 -1.4166e+00 
126.0 4.1047e+00 -1.4482e+00 0.0000e+00 0.0000e+00 -1.4482e+00 3.3759e+00 0.0000e+00 0.0000e+00 0.0000e+00 0.0000e+00 -1.8886e+00 6.2228e-01 0.0000e+00 0.0000e+00 -6.2228e-01 -1.4807e+00 
127.0 4.0885e+00 -1.3937e+00 0.0000e+00 0.0000e+00 -1.3937e+00 3.3631e+00 0.0000e+00 0.0000e+00 0.0000e+00 0.0000e+00 -1.9526e+00 6.1478e-01 0.0000e+00 0.0000e+00 -6.1478e-01 -1.5430e+00 
128.0 4.0741e+00 -1.3399e+00 0.0000e+00 0.0000e+00 -1.3399e+00 3.3519e+00 0.0000e+00 0.0000e+00 0.0000e+00 0.0000e+00 -2.0148e+00 6.0683e-01 0.0000e+00 0.0000e+00 -6.0683e-01 -1.6036e+00 
129.0 4.0615e+00 -1.2867e+00 0.0000e+00 0.0000e+00 -1.2867e+00 3.3423e+00 0.0000e+00 0.0000e+00 0.0000e+00 0.0000e+00 -2.0754e+00 5.9841e-01 0.0000e+00 0.0000e+00 -5.9841e-01 -1.6625e+00 
130.0 4.0504e+00 -1.2341e+00 0.0000e+00 0.0000e+00 -1.2341e+00 3.3343e+00 0.0000e+00 0.0000e+00 0.0000e+00 0.0000e+00 -2.1343e+00 5.8950e-01 0.0000e+00 0.0000e+00 -5.8950e-01 -1.7198e+00 
131.0 4.0410e+00 -1.1821e+00 0.0000e+00 0.0000e+00 -1.1821e+00 3.3278e+00 0.0000e+00 0.0000e+00 0.0000e+00 0.0000e+00 -2.1918e+00 5.8011e-01 0.0000e+00 0.0000e+00 -5.8011e-01 -1.7757e+00 
132.0 4.0332e+00 -1.1308e+00 0.0000e+00 0.0000e+00 -1.1308e+00 3.3228e+00 0.0000e+00 0.0000e+00 0.0000e+00 0.0000e+00 -2.2479e+00 5.7026e-01 0.0000e+00 0.0000e+00 -5.7026e-01 -1.8301e+00 
133.0 4.0269e+00 -1.0801e+00 0.0000e+00 0.0000e+00 -1.0801e+00 3.3193e+00 0.0000e+00 0.0000e+00 0.0000e+00 0.0000e+00 -2.3025e+00 5.6000e-01 0.0000e+00 0.0000e+00 -5.6000e-01 -1.8831e+00 
134.0 4.0222e+00 -1.0301e+00 0.0000e+00 0.0000e+00 -1.0301e+00 3.3172e+00 0.0000e+00 0.0000e+00 0.0000e+00 0.0000e+00 -2.3558e+00 5.4938e-01 0.0000e+00 0.0000e+00 -5.4938e-01 -1.9349e+00 
135.0 4.0189e+00 -9.8073e-01 0.0000e+00 0.0000e+00 -9.8073e-01 3.3165e+00 0.0000e+00 0.0000e+00 0.0000e+00 0.0000e+00 -2.4077e+00 5.3840e-01 0.0000e+00 0.0000e+00 -5.3840e-01 -1.9853e+00 
136.0 4.0170e+00 -9.3209e-01 0.0000e+00 0.0000e+00 -9.3209e-01 3.3171e+00 0.0000e+00 0.0000e+00 0.0000e+00 0.0000e+00 -2.4584e+00 5.2708e-01 0.0000e+00 0.0000e+00 -5.2708e-01 -2.0345e+00 
137.0 4.0166e+00 -8.8416e-01 0.0000e+00 0.0000e+00 -8.8416e-01 3.3192e+00 0.0000e+00 0.0000e+00 0.0000e+00 0.0000e+00 -2.5077e+00 5.1545e-01 0.0000e+00 0.0000e+00 -5.1545e-01 -2.0825e+00 
138.0 4.0176e+00 -8.3696e-01 0.0000e+00 0.0000e+00 -8.3696e-01 3.3226e+00 0.0000e+00 0.0000e+00 0.0000e+00 0.0000e+00 -2.5559e+00 5.0357e-01 0.0000e+00 0.0000e+00 -5.0357e-01 -2.1293e+00 
139.0 4.0199e+00 -7.9053e-01 0.0000e+00 0.0000e+00 -7.9053e-01 3.3275e+00 0.0000e+00 0.0000e+00 0.0000e+00 0.0000e+00 -2.6028e+00 4.9146e-01 0.0000e+00 0.0000e+00 -4.9146e-01 -2.1750e+00 
140.0 4.0236e+00 -7.4489e-01 0.0000e+00 0.0000e+00 -7.4489e-01 3.3336e+00 0.0000e+00 0.0000e+00 0.0000e+00 0.0000e+00 -2.6486e+00 4.7911e-01 0.0000e+00 0.0000e+00 -4.7911e-01 -2.2196e+00 
141.0 4.0286e+00 -7.0006e-01 0.0000e+00 0.0000e+00 -7.0006e-01 3.3411e+00 0.0000e+00 0.0000e+00 0.0000e+00 0.0000e+00 -2.6933e+00 4.6654e-01 0.0000e+00 0.0000e+00 -4.6654e-01 -2.2633e+00 
142.0 4.0349e+00 -6.5602e-01 0.0000e+00 0.0000e+00 -6.5602e-01 3.3498e+00 0.0000e+00 0.0000e+00 0.0000e+00 0.0000e+00 -2.7370e+00 4.5381e-01 0.0000e+00 0.0000e+00 -4.5381e-01 -2.3058e+00 
143.0 4.0427e+00 -6.1279e-01 0.0000e+00 0.0000e+00 -6.1279e-01 3.3599e+00 0.0000e+00 0.0000e+00 0.0000e+00 0.0000e+00 -2.7797e+00 4.4099e-01 0.0000e+00 0.0000e+00 -4.4099e-01 -2.3474e+00 
144.0 4.0518e+00 -5.7037e-01 0.0000e+00 0.0000e+00 -5.7037e-01 3.3712e+00 0.0000e+00 0.0000e+00 0.0000e+00 0.0000e+00 -2.8213e+00 4.2811e-01 0.0000e+00 0.0000e+00 -4.2811e-01 -2.3879e+00 
145.0 4.0624e+00 -5.2879e-01 0.0000e+00 0.0000e+00 -5.2879e-01 3.3838e+00 0.0000e+00 0.0000e+00 0.0000e+00 0.0000e+00 -2.8621e+00 4.1516e-01 0.0000e+00 0.0000e+00 -4.1516e-01 -2.4275e+00 
146.0 4.0743e+00 -4.8808e-01 0.0000e+00 0.0000e+00 -4.8808e-01 3.3974e+00 0.0000e+00 0.0000e+00 0.0000e+00 0.0000e+00 -2.9020e+00 4.0207e-01 0.0000e+00 0.0000e+00 -4.0207e-01 -2.4661e+00 
147.0 4.0874e+00 -4.4832e-01 0.0000e+00 0.0000e+00 -4.4832e-01 3.4120e+00 0.0000e+00 0.0000e+00 0.0000e+00 0.0000e+00 -2.9411e+00 3.8878e-01 0.0000e+00 0.0000e+00 -3.8878e-01 -2.5037e+00 
148.0 4.1017e+00 -4.0950e-01 0.0000e+00 0.0000e+00 -4.0950e-01 3.4276e+00 0.0000e+00 0.0000e+00 0.0000e+00 0.0000e+00 -2.9794e+00 3.7526e-01 0.0000e+00 0.0000e+00 -3.7526e-01 -2.5404e+00 
149.0 4.1173e+00 -3.7162e-01 0.0000e+00 0.0000e+00 -3.7162e-01 3.4442e+00 0.0000e+00 0.0000e+00 0.0000e+00 0.0000e+00 -3.0170e+00 3.6159e-01 0.0000e+00 0.0000e+00 -3.6159e-01 -2.5761e+00 
150.0 4.1345e+00 -3.3462e-01 0.0000e+00 0.0000e+00 -3.3462e-01 3.4621e+00 0.0000e+00 0.0000e+00 0.0000e+00 0.0000e+00 -3.0539e+00 3.4789e-01 0.0000e+00 0.0000e+00 -3.4789e-01 -2.6108e+00 
151.0 4.1532e+00 -2.9856e-01 0.0000e+00 0.0000e+00 -2.9856e-01 3.4813e+00 0.0000e+00 0.0000e+00 0.0000e+00 0.0000e+00 -3.0901e+00 3.3424e-01 0.0000e+00 0.0000e+00 -3.3424e-01 -2.6446e+00 
152.0 4.1734e+00 -2.6354e-01 0.0000e+00 0.0000e+00 -2.6354e-01 3.5016e+00 0.0000e+00 0.0000e+00 0.0000e+00 0.0000e+00 -3.1255e+00 3.2058e-01 0.0000e+00 0.0000e+00 -3.2058e-01 -2.6774e+00 
153.0 4.1948e+00 -2.2967e-01 0.0000e+00 0.0000e+00 -2.2967e-01 3.5228e+00 0.0000e+00 0.0000e+00 0.0000e+00 0.0000e+00 -3.1603e+00 3.0671e-01 0.0000e+00 0.0000e+00 -3.0671e-01 -2.7093e+00 
154.0 4.2173e+00 -1.9699e-01 0.0000e+00 0.0000e+00 -1.9699e-01 3.5448e+00 0.0000e+00 0.0000e+00 0.0000e+00 0.0000e+00 -3.1945e+00 2.9246e-01 0.0000e+00 0.0000e+00 -2.9246e-01 -2.7404e+00 
155.0 4.2409e+00 -1.6551e-01 0.0000e+00 0.0000e+00 -1.6551e-01 3.5675e+00 0.0000e+00 0.0000e+00 0.0000e+00 0.0000e+00 -3.2282e+00 2.7773e-01 0.0000e+00 0.0000e+00 -2.7773e-01 -2.7708e+00 
156.0 4.2656e+00 -1.3528e-01 0.0000e+00 0.0000e+00 -1.3528e-01 3.5911e+00 0.0000e+00 0.0000e+00 0.0000e+00 0.0000e+00 -3.2614e+00 2.6246e-01 0.0000e+00 0.0000e+00 -2.6246e-01 -2.8004e+00 
157.0 4.2914e+00 -1.0643e-01 0.0000e+00 0.0000e+00 -1.0643e-01 3.6157e+00 0.0000e+00 0.0000e+00 0.0000e+00 0.0000e+00 -3.2940e+00 2.4658e-01 0.0000e+00 0.0000e+00 -2.4658e-01 -2.8293e+00 
158.0 4.3179e+00 -7.9225e-02 0.0000e+00 0.0000e+00 -7.9225e-02 3.6410e+00 0.0000e+00 0.0000e+00 0.0000e+00 0.0000e+00 -3.3262e+00 2.2987e-01 0.0000e+00 0.0000e+00 -2.2987e-01 -2.8576e+00 
159.0 4.3446e+00 -5.4068e-02 0.0000e+00 0.0000e+00 -5.4068e-02 3.6663e+00 0.0000e+00 0.0000e+00 0.0000e+00 0.0000e+00 -3.3579e+00 2.1184e-01 0.0000e+00 0.0000e+00 -2.1184e-01 -2.8853e+00 
160.0 4.3709e+00 -3.1262e-02 0.0000e+00 0.0000e+00 -3.1262e-02 3.6909e+00 0.0000e+00 0.0000e+00 0.0000e+00 0.0000e+00 -3.3892e+00 1.9194e-01 0.0000e+00 0.0000e+00 -1.9194e-01 -2.9122e+00 
161.0 4.3966e+00 -1.0937e-02 0.0000e+00 0.0000e+00 -1.0937e-02 3.7143e+00 0.0000e+00 0.0000e+00 0.0000e+00 0.0000e+00 -3.4202e+00 1.6975e-01 0.0000e+00 0.0000e+00 -1.6975e-01 -2.9385e+00 
162.0 4.4220e+00 6.9114e-03 0.0000e+00 0.0000e+00 6.9114e-03 3.7366e+00 0.0000e+00 0.0000e+00 0.0000e+00 0.0000e+00 -3.4512e+00 1.4515e-01 0.0000e+00 0.0000e+00 -1.4515e-01 -2.9639e+00 
163.0 4.4474e+00 2.2283e-02 0.0000e+00 0.0000e+00 2.2283e-02 3.7578e+00 0.0000e+00 0.0000e+00 0.0000e+00 0.0000e+00 -3.4825e+00 1.1826e-01 0.0000e+00 0.0000e+00 -1.1826e-01 -2.9884e+00 
164.0 4.4734e+00 3.5054e-02 0.0000e+00 0.0000e+00 3.5054e-02 3.7781e+00 0.0000e+00 0.0000e+00 0.0000e+00 0.0000e+00 -3.5145e+00 8.9312e-02 0.0000e+00 0.0000e+00 -8.9312e-02 -3.0118e+00 
165.0 4.5005e+00 4.5085e-02 0.0000e+00 0.0000e+00 4.5085e-02 3.7975e+00 0.0000e+00 0.0000e+00 0.0000e+00 0.0000e+00 -3.5477e+00 5.8706e-02 0.0000e+00 0.0000e+00 -5.8706e-02 -3.0339e+00 
166.0 4.5300e+00 5.2319e-02 0.0000e+00 0.0000e+00 5.2319e-02 3.8165e+00 0.0000e+00 0.0000e+00 0.0000e+00 0.0000e+00 -3.5826e+00 2.7041e-02 0.0000e+00 0.0000e+00 -2.7041e-02 -3.0547e+00 
167.0 4.5629e+00 5.6775e-02 0.0000e+00 0.0000e+00 5.6775e-02 3.8362e+00 0.0000e+00 0.0000e+00 0.0000e+00 0.0000e+00 -3.6197e+00 -5.0563e-03 0.0000e+00 0.0000e+00 5.0563e-03 -3.0740e+00 
168.0 4.6003e+00 5.8433e-02 0.0000e+00 0.0000e+00 5.8433e-02 3.8573e+00 0.0000e+00 0.0000e+00 0.0000e+00 0.0000e+00 -3.6599e+00 -3.7003e-02 0.0000e+00 0.0000e+00 3.7003e-02 -3.0920e+00 
169.0 4.6434e+00 5.7141e-02 0.0000e+00 0.0000e+00 5.7141e-02 3.8802e+00 0.0000e+00 0.0000e+00 0.0000e+00 0.0000e+00 -3.7039e+00 -6.8327e-02 0.0000e+00 0.0000e+00 6.8327e-02 -3.1088e+00 
170.0 4.6930e+00 5.2506e-02 0.0000e+00 0.0000e+00 5.2506e-02 3.9049e+00 0.0000e+00 0.0000e+00 0.0000e+00 0.0000e+00 -3.7532e+00 -9.8491e-02 0.0000e+00 0.0000e+00 9.8491e-02 -3.1246e+00 
171.0 4.7511e+00 4.4433e-02 0.0000e+00 0.0000e+00 4.4433e-02 3.9320e+00 0.0000e+00 0.0000e+00 0.0000e+00 0.0000e+00 -3.8096e+00 -1.2603e-01 0.0000e+00 0.0000e+00 1.2603e-01 -3.1393e+00 
172.0 4.8218e+00 3.3525e-02 0.0000e+00 0.0000e+00 3.3525e-02 3.9632e+00 0.0000e+00 0.0000e+00 0.0000e+00 0.0000e+00 -3.8752e+00 -1.4783e-01 0.0000e+00 0.0000e+00 1.4783e-01 -3.1522e+00 
173.0 4.9107e+00 2.1143e-02 0.0000e+00 0.0000e+00 2.1143e-02 4.0018e+00 0.0000e+00 0.0000e+00 0.0000e+00 0.0000e+00 -3.9518e+00 -1.5945e-01 0.0000e+00 0.0000e+00 1.5945e-01 -3.1625e+00 
174.0 5.0229e+00 9.2962e-03 0.0000e+00 0.0000e+00 9.2962e-03 4.0516e+00 0.0000e+00 0.0000e+00 0.0000e+00 0.0000e+00 -4.0395e+00 -1.5599e-01 0.0000e+00 0.0000e+00 1.5599e-01 -3.1694e+00 
175.0 5.1584e+00 1.2577e-04 0.0000e+00 0.0000e+00 1.2577e-04 4.1143e+00 0.0000e+00 0.0000e+00 0.0000e+00 0.0000e+00 -4.1353e+00 -1.3497e-01 0.0000e+00 0.0000e+00 1.3497e-01 -3.1723e+00 
176.0 5.3089e+00 -4.7009e-03 0.0000e+00 0.0000e+00 -4.7009e-03 4.1865e+00 0.0000e+00 0.0000e+00 0.0000e+00 0.0000e+00 -4.2324e+00 -9.8526e-02 0.0000e+00 0.0000e+00 9.8526e-02 -3.1709e+00 
177.0 5.4554e+00 -4.6211e-03 0.0000e+00 0.0000e+00 -4.6211e-03 4.2595e+00 0.0000e+00 0.0000e+00 0.0000e+00 0.0000e+00 -4.3194e+00 -5.4535e-02 0.0000e+00 0.0000e+00 5.4535e-02 -3.1659e+00 
178.0 5.5680e+00 -1.5863e-03 0.0000e+00 0.0000e+00 -1.5863e-03 4.3172e+00 0.0000e+00 0.0000e+00 0.0000e+00 0.0000e+00 -4.3816e+00 -1.6705e-02 0.0000e+00 0.0000e+00 1.6705e-02 -3.1600e+00 
179.0 5.6134e+00 3.0826e-21 0.0000e+00 0.0000e+00 3.0826e-21 4.3411e+00 0.0000e+00 0.0000e+00 0.0000e+00 0.0000e+00 -4.4057e+00 -2.3875e-19 0.0000e+00 0.0000e+00 2.3875e-19 -3.1572e+00 
180.0 5.6577e+00 0.0000e+00 0.0000e+00 0.0000e+00 0.0000e+00 4.3631e+00 0.0000e+00 0.0000e+00 0.0000e+00 0.0000e+00 -4.4280e+00 0.0000e+00 0.0000e+00 0.0000e+00 -0.0000e+00 -3.1545e+00 
