1.3971 1.5574 0.1602 0.103100
theta s11 s12 s13 s14 s21 s22 s23 s24 s31 s32 s33 s34 s41 s42 s43 s44
0.0 6.1896e+02 0.0000e+00 0.0000e+00 0.0000e+00 0.0000e+00 6.1834e+02 0.0000e+00 0.0000e+00 0.0000e+00 0.0000e+00 6.1834e+02 0.0000e+00 0.0000e+00 0.0000e+00 -0.0000e+00 6.1772e+02 
1.0 5.7319e+02 -1.0074e-02 0.0000e+00 0.0000e+00 -1.0074e-02 5.7257e+02 0.0000e+00 0.0000e+00 0.0000e+00 0.0000e+00 5.7257e+02 -2.4186e-01 0.0000e+00 0.0000e+00 2.4186e-01 5.7196e+02 
2.0 4.9362e+02 -1.4854e-02 0.0000e+00 0.0000e+00 -1.4854e-02 4.9301e+02 0.0000e+00 0.0000e+00 0.0000e+00 0.0000e+00 4.9301e+02 -8.6542e-01 0.0000e+00 0.0000e+00 8.6542e-01 4.9241e+02 
3.0 4.1814e+02 -8.5325e-04 0.0000e+00 0.0000e+00 -8.5325e-04 4.1754e+02 0.0000e+00 0.0000e+00 0.0000e+00 0.0000e+00 4.1753e+02 -1.6519e+00 0.0000e+00 0.0000e+00 1.6519e+00 4.1695e+02 
4.0 3.5189e+02 2.4828e-02 0.0000e+00 0.0000e+00 2.4828e-02 3.5130e+02 0.0000e+00 0.0000e+00 0.0000e+00 0.0000e+00 3.5128e+02 -2.4126e+00 0.0000e+00 0.0000e+00 2.4126e+00 3.5072e+02 
5.0 2.9530e+02 5.1976e-02 0.0000e+00 0.0000e+00 5.1976e-02 2.9474e+02 0.0000e+00 0.0000e+00 0.0000e+00 0.0000e+00 2.9469e+02 -3.0431e+00 0.0000e+00 0.0000e+00 3.0431e+00 2.9416e+02 
6.0 2.4784e+02 7.1452e-02 0.0000e+00 0.0000e+00 7.1452e-02 2.4729e+02 0.0000e+00 0.0000e+00 0.0000e+00 0.0000e+00 2.4722e+02 -3.4987e+00 0.0000e+00 0.0000e+00 3.4987e+00 2.4672e+02 
7.0 2.0860e+02 7.6810e-02 0.0000e+00 0.0000e+00 7.6810e-02 2.0806e+02 0.0000e+00 0.0000e+00 0.0000e+00 0.0000e+00 2.0796e+02 -3.7701e+00 0.0000e+00 0.0000e+00 3.7701e+00 2.0748e+02 
8.0 1.7652e+02 6.5499e-02 0.0000e+00 0.0000e+00 6.5499e-02 1.7600e+02 0.0000e+00 0.0000e+00 0.0000e+00 0.0000e+00 1.7587e+02 -3.8741e+00 0.0000e+00 0.0000e+00 3.8741e+00 1.7541e+02 
9.0 1.5051e+02 3.8231e-02 0.0000e+00 0.0000e+00 3.8231e-02 1.5000e+02 0.0000e+00 0.0000e+00 0.0000e+00 0.0000e+00 1.4984e+02 -3.8420e+00 0.0000e+00 0.0000e+00 3.8420e+00 1.4941e+02 
10.0 1.2952e+02 -2.3205e-03 0.0000e+00 0.0000e+00 -2.3205e-03 1.2902e+02 0.0000e+00 0.0000e+00 0.0000e+00 0.0000e+00 1.2883e+02 -3.7097e+00 0.0000e+00 0.0000e+00 3.7097e+00 1.2842e+02 
11.0 1.1259e+02 -5.2789e-02 0.0000e+00 0.0000e+00 -5.2789e-02 1.1210e+02 0.0000e+00 0.0000e+00 0.0000e+00 0.0000e+00 1.1188e+02 -3.5114e+00 0.0000e+00 0.0000e+00 3.5114e+00 1.1150e+02 
12.0 9.8896e+01 -1.0999e-01 0.0000e+00 0.0000e+00 -1.0999e-01 9.8413e+01 0.0000e+00 0.0000e+00 0.0000e+00 0.0000e+00 9.8176e+01 -3.2761e+00 0.0000e+00 0.0000e+00 3.2761e+00 9.7809e+01 
13.0 8.7772e+01 -1.7176e-01 0.0000e+00 0.0000e+00 -1.7176e-01 8.7295e+01 0.0000e+00 0.0000e+00 0.0000e+00 0.0000e+00 8.7039e+01 -3.0246e+00 0.0000e+00 0.0000e+00 3.0246e+00 8.6691e+01 
14.0 7.8667e+01 -2.3441e-01 0.0000e+00 0.0000e+00 -2.3441e-01 7.8195e+01 0.0000e+00 0.0000e+00 0.0000e+00 0.0000e+00 7.7924e+01 -2.7766e+00 0.0000e+00 0.0000e+00 2.7766e+00 7.7593e+01 
15.0 7.1156e+01 -2.9789e-01 0.0000e+00 0.0000e+00 -2.9789e-01 7.0689e+01 0.0000e+00 0.0000e+00 0.0000e+00 0.0000e+00 7.0405e+01 -2.5377e+00 0.0000e+00 0.0000e+00 2.5377e+00 7.0090e+01 
16.0 6.4891e+01 -3.6049e-01 0.0000e+00 0.0000e+00 -3.6049e-01 6.4427e+01 0.0000e+00 0.0000e+00 0.0000e+00 0.0000e+00 6.4134e+01 -2.3149e+00 0.0000e+00 0.0000e+00 2.3149e+00 6.3833e+01 
17.0 5.9600e+01 -4.2134e-01 0.0000e+00 0.0000e+00 -4.2134e-01 5.9140e+01 0.0000e+00 0.0000e+00 0.0000e+00 0.0000e+00 5.8838e+01 -2.1112e+00 0.0000e+00 0.0000e+00 2.1112e+00 5.8552e+01 
18.0 5.5075e+01 -4.8004e-01 0.0000e+00 0.0000e+00 -4.8004e-01 5.4617e+01 0.0000e+00 0.0000e+00 0.0000e+00 0.0000e+00 5.4310e+01 -1.9272e+00 0.0000e+00 0.0000e+00 1.9272e+00 5.4037e+01 
19.0 5.1155e+01 -5.3658e-01 0.0000e+00 0.0000e+00 -5.3658e-01 5.0701e+01 0.0000e+00 0.0000e+00 0.0000e+00 0.0000e+00 5.0550e+01 -1.7622e+00 0.0000e+00 0.0000e+00 1.7622e+00 5.0295e+01 
20.0 4.7720e+01 -5.9132e-01 0.0000e+00 0.0000e+00 -5.9132e-01 4.7268e+01 0.0000e+00 0.0000e+00 0.0000e+00 0.0000e+00 4.7254e+01 -1.6149e+00 0.0000e+00 0.0000e+00 1.6149e+00 4.7014e+01 
21.0 4.4676e+01 -6.4480e-01 0.0000e+00 0.0000e+00 -6.4480e-01 4.4227e+01 0.0000e+00 0.0000e+00 0.0000e+00 0.0000e+00 4.4333e+01 -1.4835e+00 0.0000e+00 0.0000e+00 1.4835e+00 4.4106e+01 
22.0 4.1952e+01 -6.9752e-01 0.0000e+00 0.0000e+00 -6.9752e-01 4.1505e+01 0.0000e+00 0.0000e+00 0.0000e+00 0.0000e+00 4.1716e+01 -1.3664e+00 0.0000e+00 0.0000e+00 1.3664e+00 4.1502e+01 
23.0 3.9490e+01 -7.4982e-01 0.0000e+00 0.0000e+00 -7.4982e-01 3.9046e+01 0.0000e+00 0.0000e+00 0.0000e+00 0.0000e+00 3.9350e+01 -1.2617e+00 0.0000e+00 0.0000e+00 1.2617e+00 3.9147e+01 
24.0 3.7248e+01 -8.0181e-01 0.0000e+00 0.0000e+00 -8.0181e-01 3.6807e+01 0.0000e+00 0.0000e+00 0.0000e+00 0.0000e+00 3.7194e+01 -1.1680e+00 0.0000e+00 0.0000e+00 1.1680e+00 3.7001e+01 
25.0 3.5194e+01 -8.5340e-01 0.0000e+00 0.0000e+00 -8.5340e-01 3.4755e+01 0.0000e+00 0.0000e+00 0.0000e+00 0.0000e+00 3.5217e+01 -1.0837e+00 0.0000e+00 0.0000e+00 1.0837e+00 3.5032e+01 
26.0 3.3304e+01 -9.0444e-01 0.0000e+00 0.0000e+00 -9.0444e-01 3.2866e+01 0.0000e+00 0.0000e+00 0.0000e+00 0.0000e+00 3.3395e+01 -1.0076e+00 0.0000e+00 0.0000e+00 1.0076e+00 3.3219e+01 
27.0 3.1556e+01 -9.5478e-01 0.0000e+00 0.0000e+00 -9.5478e-01 3.1121e+01 0.0000e+00 0.0000e+00 0.0000e+00 0.0000e+00 3.1709e+01 -9.3871e-01 0.0000e+00 0.0000e+00 9.3871e-01 3.1541e+01 
28.0 2.9936e+01 -1.0044e+00 0.0000e+00 0.0000e+00 -1.0044e+00 2.9503e+01 0.0000e+00 0.0000e+00 0.0000e+00 0.0000e+00 3.0144e+01 -8.7593e-01 0.0000e+00 0.0000e+00 8.7593e-01 2.9983e+01 
29.0 2.8430e+01 -1.0531e+00 0.0000e+00 0.0000e+00 -1.0531e+00 2.7998e+01 0.0000e+00 0.0000e+00 0.0000e+00 0.0000e+00 2.8688e+01 -8.1848e-01 0.0000e+00 0.0000e+00 8.1848e-01 2.8533e+01 
30.0 2.7026e+01 -1.1010e+00 0.0000e+00 0.0000e+00 -1.1010e+00 2.6596e+01 0.0000e+00 0.0000e+00 0.0000e+00 0.0000e+00 2.7327e+01 -7.6569e-01 0.0000e+00 0.0000e+00 7.6569e-01 2.7180e+01 
31.0 2.5712e+01 -1.1479e+00 0.0000e+00 0.0000e+00 -1.1479e+00 2.5283e+01 0.0000e+00 0.0000e+00 0.0000e+00 0.0000e+00 2.5937e+01 -7.1710e-01 0.0000e+00 0.0000e+00 7.1710e-01 2.5798e+01 
32.0 2.4479e+01 -1.1937e+00 0.0000e+00 0.0000e+00 -1.1937e+00 2.4052e+01 0.0000e+00 0.0000e+00 0.0000e+00 0.0000e+00 2.4632e+01 -6.7234e-01 0.0000e+00 0.0000e+00 6.7234e-01 2.4502e+01 
33.0 2.3319e+01 -1.2380e+00 0.0000e+00 0.0000e+00 -1.2380e+00 2.2894e+01 0.0000e+00 0.0000e+00 0.0000e+00 0.0000e+00 2.3405e+01 -6.3106e-01 0.0000e+00 0.0000e+00 6.3106e-01 2.3284e+01 
34.0 2.2225e+01 -1.2807e+00 0.0000e+00 0.0000e+00 -1.2807e+00 2.1801e+01 0.0000e+00 0.0000e+00 0.0000e+00 0.0000e+00 2.2249e+01 -5.9285e-01 0.0000e+00 0.0000e+00 5.9285e-01 2.2135e+01 
35.0 2.1191e+01 -1.3217e+00 0.0000e+00 0.0000e+00 -1.3217e+00 2.0768e+01 0.0000e+00 0.0000e+00 0.0000e+00 0.0000e+00 2.1156e+01 -5.5725e-01 0.0000e+00 0.0000e+00 5.5725e-01 2.1051e+01 
36.0 2.0212e+01 -1.3610e+00 0.0000e+00 0.0000e+00 -1.3610e+00 1.9791e+01 0.0000e+00 0.0000e+00 0.0000e+00 0.0000e+00 2.0123e+01 -5.2376e-01 0.0000e+00 0.0000e+00 5.2376e-01 2.0026e+01 
37.0 1.9285e+01 -1.3987e+00 0.0000e+00 0.0000e+00 -1.3987e+00 1.8865e+01 0.0000e+00 0.0000e+00 0.0000e+00 0.0000e+00 1.9145e+01 -4.9187e-01 0.0000e+00 0.0000e+00 4.9187e-01 1.9055e+01 
38.0 1.8407e+01 -1.4349e+00 0.0000e+00 0.0000e+00 -1.4349e+00 1.7989e+01 0.0000e+00 0.0000e+00 0.0000e+00 0.0000e+00 1.8219e+01 -4.6120e-01 0.0000e+00 0.0000e+00 4.6120e-01 1.8136e+01 
39.0 1.7577e+01 -1.4699e+00 0.0000e+00 0.0000e+00 -1.4699e+00 1.7159e+01 0.0000e+00 0.0000e+00 0.0000e+00 0.0000e+00 1.7342e+01 -4.3152e-01 0.0000e+00 0.0000e+00 4.3152e-01 1.7266e+01 
40.0 1.6791e+01 -1.5037e+00 0.0000e+00 0.0000e+00 -1.5037e+00 1.6375e+01 0.0000e+00 0.0000e+00 0.0000e+00 0.0000e+00 1.6511e+01 -4.0272e-01 0.0000e+00 0.0000e+00 4.0272e-01 1.6442e+01 
41.0 1.6048e+01 -1.5365e+00 0.0000e+00 0.0000e+00 -1.5365e+00 1.5634e+01 0.0000e+00 0.0000e+00 0.0000e+00 0.0000e+00 1.5723e+01 -3.7483e-01 0.0000e+00 0.0000e+00 3.7483e-01 1.5661e+01 
42.0 1.5346e+01 -1.5681e+00 0.0000e+00 0.0000e+00 -1.5681e+00 1.4933e+01 0.0000e+00 0.0000e+00 0.0000e+00 0.0000e+00 1.4977e+01 -3.4789e-01 0.0000e+00 0.0000e+00 3.4789e-01 1.4922e+01 
43.0 1.4681e+01 -1.5986e+00 0.0000e+00 0.0000e+00 -1.5986e+00 1.4269e+01 0.0000e+00 0.0000e+00 0.0000e+00 0.0000e+00 1.4269e+01 -3.2191e-01 0.0000e+00 0.0000e+00 3.2191e-01 1.4220e+01 
44.0 1.4052e+01 -1.6277e+00 0.0000e+00 0.0000e+00 -1.6277e+00 1.3641e+01 0.0000e+00 0.0000e+00 0.0000e+00 0.0000e+00 1.3597e+01 -2.9684e-01 0.0000e+00 0.0000e+00 2.9684e-01 1.3554e+01 
45.0 1.3455e+01 -1.6554e+00 0.0000e+00 0.0000e+00 -1.6554e+00 1.3045e+01 0.0000e+00 0.0000e+00 0.0000e+00 0.0000e+00 1.2958e+01 -2.7260e-01 0.0000e+00 0.0000e+00 2.7260e-01 1.2922e+01 
46.0 1.2889e+01 -1.6817e+00 0.0000e+00 0.0000e+00 -1.6817e+00 1.2480e+01 0.0000e+00 0.0000e+00 0.0000e+00 0.0000e+00 1.2351e+01 -2.4908e-01 0.0000e+00 0.0000e+00 2.4908e-01 1.2321e+01 
47.0 1.2351e+01 -1.7066e+00 0.0000e+00 0.0000e+00 -1.7066e+00 1.1944e+01 0.0000e+00 0.0000e+00 0.0000e+00 0.0000e+00 1.1773e+01 -2.2618e-01 0.0000e+00 0.0000e+00 2.2618e-01 1.1749e+01 
48.0 1.1840e+01 -1.7300e+00 0.0000e+00 0.0000e+00 -1.7300e+00 1.1435e+01 0.0000e+00 0.0000e+00 0.0000e+00 0.0000e+00 1.1223e+01 -2.0381e-01 0.0000e+00 0.0000e+00 2.0381e-01 1.1205e+01 
49.0 1.1355e+01 -1.7520e+00 0.0000e+00 0.0000e+00 -1.7520e+00 1.0951e+01 0.0000e+00 0.0000e+00 0.0000e+00 0.0000e+00 1.0700e+01 -1.8190e-01 0.0000e+00 0.0000e+00 1.8190e-01 1.0687e+01 
50.0 1.0895e+01 -1.7726e+00 0.0000e+00 0.0000e+00 -1.7726e+00 1.0491e+01 0.0000e+00 0.0000e+00 0.0000e+00 0.0000e+00 1.0201e+01 -1.6041e-01 0.0000e+00 0.0000e+00 1.6041e-01 1.0193e+01 
51.0 1.0457e+01 -1.7918e+00 0.0000e+00 0.0000e+00 -1.7918e+00 1.0054e+01 0.0000e+00 0.0000e+00 0.0000e+00 0.0000e+00 9.7252e+00 -1.3930e-01 0.0000e+00 0.0000e+00 1.3930e-01 9.7230e+00 
52.0 1.0041e+01 -1.8096e+00 0.0000e+00 0.0000e+00 -1.8096e+00 9.6394e+00 0.0000e+00 0.0000e+00 0.0000e+00 0.0000e+00 9.2719e+00 -1.1852e-01 0.0000e+00 0.0000e+00 1.1852e-01 9.2750e+00 
53.0 9.6460e+00 -1.8261e+00 0.0000e+00 0.0000e+00 -1.8261e+00 9.2452e+00 0.0000e+00 0.0000e+00 0.0000e+00 0.0000e+00 8.8396e+00 -9.8044e-02 0.0000e+00 0.0000e+00 9.8044e-02 8.8480e+00 
54.0 9.2706e+00 -1.8412e+00 0.0000e+00 0.0000e+00 -1.8412e+00 8.8706e+00 0.0000e+00 0.0000e+00 0.0000e+00 0.0000e+00 8.4273e+00 -7.7843e-02 0.0000e+00 0.0000e+00 7.7843e-02 8.4409e+00 
55.0 8.9140e+00 -1.8551e+00 0.0000e+00 0.0000e+00 -1.8551e+00 8.5147e+00 0.0000e+00 0.0000e+00 0.0000e+00 0.0000e+00 8.0339e+00 -5.7914e-02 0.0000e+00 0.0000e+00 5.7914e-02 8.0526e+00 
56.0 8.5752e+00 -1.8678e+00 0.0000e+00 0.0000e+00 -1.8678e+00 8.1766e+00 0.0000e+00 0.0000e+00 0.0000e+00 0.0000e+00 7.6584e+00 -3.8265e-02 0.0000e+00 0.0000e+00 3.8265e-02 7.6822e+00 
57.0 8.2533e+00 -1.8792e+00 0.0000e+00 0.0000e+00 -1.8792e+00 7.8554e+00 0.0000e+00 0.0000e+00 0.0000e+00 0.0000e+00 7.2999e+00 -1.8904e-02 0.0000e+00 0.0000e+00 1.8904e-02 7.3288e+00 
58.0 7.9475e+00 -1.8894e+00 0.0000e+00 0.0000e+00 -1.8894e+00 7.5501e+00 0.0000e+00 0.0000e+00 0.0000e+00 0.0000e+00 6.9574e+00 1.6154e-04 0.0000e+00 0.0000e+00 -1.6154e-04 6.9913e+00 
59.0 7.6569e+00 -1.8985e+00 0.0000e+00 0.0000e+00 -1.8985e+00 7.2600e+00 0.0000e+00 0.0000e+00 0.0000e+00 0.0000e+00 6.6302e+00 1.8928e-02 0.0000e+00 0.0000e+00 -1.8928e-02 6.6691e+00 
60.0 7.3807e+00 -1.9063e+00 0.0000e+00 0.0000e+00 -1.9063e+00 6.9842e+00 0.0000e+00 0.0000e+00 0.0000e+00 0.0000e+00 6.3174e+00 3.7387e-02 0.0000e+00 0.0000e+00 -3.7387e-02 6.3612e+00 
61.0 7.1182e+00 -1.9131e+00 0.0000e+00 0.0000e+00 -1.9131e+00 6.7221e+00 0.0000e+00 0.0000e+00 0.0000e+00 0.0000e+00 6.0184e+00 5.5528e-02 0.0000e+00 0.0000e+00 -5.5528e-02 6.0670e+00 
62.0 6.8687e+00 -1.9187e+00 0.0000e+00 0.0000e+00 -1.9187e+00 6.4729e+00 0.0000e+00 0.0000e+00 0.0000e+00 0.0000e+00 5.7323e+00 7.3330e-02 0.0000e+00 0.0000e+00 -7.3330e-02 5.7858e+00 
63.0 6.6315e+00 -1.9232e+00 0.0000e+00 0.0000e+00 -1.9232e+00 6.2360e+00 0.0000e+00 0.0000e+00 0.0000e+00 0.0000e+00 5.4585e+00 9.0765e-02 0.0000e+00 0.0000e+00 -9.0765e-02 5.5169e+00 
64.0 6.4061e+00 -1.9267e+00 0.0000e+00 0.0000e+00 -1.9267e+00 6.0107e+00 0.0000e+00 0.0000e+00 0.0000e+00 0.0000e+00 5.1965e+00 1.0780e-01 0.0000e+00 0.0000e+00 -1.0780e-01 5.2598e+00 
65.0 6.1917e+00 -1.9291e+00 0.0000e+00 0.0000e+00 -1.9291e+00 5.7965e+00 0.0000e+00 0.0000e+00 0.0000e+00 0.0000e+00 4.9456e+00 1.2439e-01 0.0000e+00 0.0000e+00 -1.2439e-01 5.0137e+00 
66.0 5.9878e+00 -1.9305e+00 0.0000e+00 0.0000e+00 -1.9305e+00 5.5927e+00 0.0000e+00 0.0000e+00 0.0000e+00 0.0000e+00 4.7052e+00 1.4050e-01 0.0000e+00 0.0000e+00 -1.4050e-01 4.7782e+00 
67.0 5.7939e+00 -1.9310e+00 0.0000e+00 0.0000e+00 -1.9310e+00 5.3987e+00 0.0000e+00 0.0000e+00 0.0000e+00 0.0000e+00 4.4748e+00 1.5609e-01 0.0000e+00 0.0000e+00 -1.5609e-01 4.5526e+00 
68.0 5.6093e+00 -1.9304e+00 0.0000e+00 0.0000e+00 -1.9304e+00 5.2141e+00 0.0000e+00 0.0000e+00 0.0000e+00 0.0000e+00 4.2538e+00 1.7112e-01 0.0000e+00 0.0000e+00 -1.7112e-01 4.3365e+00 
69.0 5.4336e+00 -1.9288e+00 0.0000e+00 0.0000e+00 -1.9288e+00 5.0383e+00 0.0000e+00 0.0000e+00 0.0000e+00 0.0000e+00 4.0418e+00 1.8558e-01 0.0000e+00 0.0000e+00 -1.8558e-01 4.1292e+00 
70.0 5.2663e+00 -1.9263e+00 0.0000e+00 0.0000e+00 -1.9263e+00 4.8709e+00 0.0000e+00 0.0000e+00 0.0000e+00 0.0000e+00 3.8382e+00 1.9943e-01 0.0000e+00 0.0000e+00 -1.9943e-01 3.9305e+00 
71.0 5.1069e+00 -1.9228e+00 0.0000e+00 0.0000e+00 -1.9228e+00 4.7114e+00 0.0000e+00 0.0000e+00 0.0000e+00 0.0000e+00 3.6427e+00 2.1267e-01 0.0000e+00 0.0000e+00 -2.1267e-01 3.7397e+00 
72.0 4.9551e+00 -1.9183e+00 0.0000e+00 0.0000e+00 -1.9183e+00 4.5594e+00 0.0000e+00 0.0000e+00 0.0000e+00 0.0000e+00 3.4547e+00 2.2525e-01 0.0000e+00 0.0000e+00 -2.2525e-01 3.5566e+00 
73.0 4.8104e+00 -1.9129e+00 0.0000e+00 0.0000e+00 -1.9129e+00 4.4146e+00 0.0000e+00 0.0000e+00 0.0000e+00 0.0000e+00 3.2740e+00 2.3718e-01 0.0000e+00 0.0000e+00 -2.3718e-01 3.3807e+00 
74.0 4.6724e+00 -1.9066e+00 0.0000e+00 0.0000e+00 -1.9066e+00 4.2764e+00 0.0000e+00 0.0000e+00 0.0000e+00 0.0000e+00 3.1002e+00 2.4844e-01 0.0000e+00 0.0000e+00 -2.4844e-01 3.2116e+00 
75.0 4.5409e+00 -1.8993e+00 0.0000e+00 0.0000e+00 -1.8993e+00 4.1447e+00 0.0000e+00 0.0000e+00 0.0000e+00 0.0000e+00 2.9329e+00 2.5902e-01 0.0000e+00 0.0000e+00 -2.5902e-01 3.0490e+00 
76.0 4.4155e+00 -1.8911e+00 0.0000e+00 0.0000e+00 -1.8911e+00 4.0191e+00 0.0000e+00 0.0000e+00 0.0000e+00 0.0000e+00 2.7718e+00 2.6893e-01 0.0000e+00 0.0000e+00 -2.6893e-01 2.8925e+00 
77.0 4.2958e+00 -1.8820e+00 0.0000e+00 0.0000e+00 -1.8820e+00 3.8993e+00 0.0000e+00 0.0000e+00 0.0000e+00 0.0000e+00 2.6165e+00 2.7817e-01 0.0000e+00 0.0000e+00 -2.7817e-01 2.7419e+00 
78.0 4.1816e+00 -1.8721e+00 0.0000e+00 0.0000e+00 -1.8721e+00 3.7850e+00 0.0000e+00 0.0000e+00 0.0000e+00 0.0000e+00 2.4668e+00 2.8676e-01 0.0000e+00 0.0000e+00 -2.8676e-01 2.5968e+00 
79.0 4.0726e+00 -1.8612e+00 0.0000e+00 0.0000e+00 -1.8612e+00 3.6759e+00 0.0000e+00 0.0000e+00 0.0000e+00 0.0000e+00 2.3225e+00 2.9473e-01 0.0000e+00 0.0000e+00 -2.9473e-01 2.4569e+00 
80.0 3.9686e+00 -1.8495e+00 0.0000e+00 0.0000e+00 -1.8495e+00 3.5719e+00 0.0000e+00 0.0000e+00 0.0000e+00 0.0000e+00 2.1833e+00 3.0210e-01 0.0000e+00 0.0000e+00 -3.0210e-01 2.3221e+00 
81.0 3.8694e+00 -1.8369e+00 0.0000e+00 0.0000e+00 -1.8369e+00 3.4726e+00 0.0000e+00 0.0000e+00 0.0000e+00 0.0000e+00 2.0489e+00 3.0888e-01 0.0000e+00 0.0000e+00 -3.0888e-01 2.1921e+00 
82.0 3.7746e+00 -1.8236e+00 0.0000e+00 0.0000e+00 -1.8236e+00 3.3779e+00 0.0000e+00 0.0000e+00 0.0000e+00 0.0000e+00 1.9191e+00 3.1510e-01 0.0000e+00 0.0000e+00 -3.1510e-01 2.0666e+00 
83.0 3.6842e+00 -1.8095e+00 0.0000e+00 0.0000e+00 -1.8095e+00 3.2876e+00 0.0000e+00 0.0000e+00 0.0000e+00 0.0000e+00 1.7937e+00 3.2076e-01 0.0000e+00 0.0000e+00 -3.2076e-01 1.9455e+00 
84.0 3.5980e+00 -1.7946e+00 0.0000e+00 0.0000e+00 -1.7946e+00 3.2015e+00 0.0000e+00 0.0000e+00 0.0000e+00 0.0000e+00 1.6726e+00 3.2590e-01 0.0000e+00 0.0000e+00 -3.2590e-01 1.8285e+00 
85.0 3.5157e+00 -1.7790e+00 0.0000e+00 0.0000e+00 -1.7790e+00 3.1193e+00 0.0000e+00 0.0000e+00 0.0000e+00 0.0000e+00 1.5555e+00 3.3053e-01 0.0000e+00 0.0000e+00 -3.3053e-01 1.7154e+00 
86.0 3.4372e+00 -1.7627e+00 0.0000e+00 0.0000e+00 -1.7627e+00 3.0410e+00 0.0000e+00 0.0000e+00 0.0000e+00 0.0000e+00 1.4422e+00 3.3467e-01 0.0000e+00 0.0000e+00 -3.3467e-01 1.6062e+00 
87.0 3.3623e+00 -1.7457e+00 0.0000e+00 0.0000e+00 -1.7457e+00 2.9663e+00 0.0000e+00 0.0000e+00 0.0000e+00 0.0000e+00 1.3326e+00 3.3834e-01 0.0000e+00 0.0000e+00 -3.3834e-01 1.5006e+00 
88.0 3.2908e+00 -1.7281e+00 0.0000e+00 0.0000e+00 -1.7281e+00 2.8951e+00 0.0000e+00 0.0000e+00 0.0000e+00 0.0000e+00 1.2266e+00 3.4156e-01 0.0000e+00 0.0000e+00 -3.4156e-01 1.3984e+00 
89.0 3.2227e+00 -1.7098e+00 0.0000e+00 0.0000e+00 -1.7098e+00 2.8273e+00 0.0000e+00 0.0000e+00 0.0000e+00 0.0000e+00 1.1240e+00 3.4435e-01 0.0000e+00 0.0000e+00 -3.4435e-01 1.2995e+00 
90.0 3.1578e+00 -1.6909e+00 0.0000e+00 0.0000e+00 -1.6909e+00 2.7627e+00 0.0000e+00 0.0000e+00 0.0000e+00 0.0000e+00 1.0246e+00 3.4674e-01 0.0000e+00 0.0000e+00 -3.4674e-01 1.2038e+00 
91.0 3.0959e+00 -1.6714e+00 0.0000e+00 0.0000e+00 -1.6714e+00 2.7012e+00 0.0000e+00 0.0000e+00 0.0000e+00 0.0000e+00 9.2836e-01 3.4875e-01 0.0000e+00 0.0000e+00 -3.4875e-01 1.1112e+00 
92.0 3.0370e+00 -1.6513e+00 0.0000e+00 0.0000e+00 -1.6513e+00 2.6427e+00 0.0000e+00 0.0000e+00 0.0000e+00 0.0000e+00 8.3512e-01 3.5039e-01 0.0000e+00 0.0000e+00 -3.5039e-01 1.0215e+00 
93.0 2.9809e+00 -1.6308e+00 0.0000e+00 0.0000e+00 -1.6308e+00 2.5870e+00 0.0000e+00 0.0000e+00 0.0000e+00 0.0000e+00 7.4476e-01 3.5169e-01 0.0000e+00 0.0000e+00 -3.5169e-01 9.3457e-01 
94.0 2.9276e+00 -1.6097e+00 0.0000e+00 0.0000e+00 -1.6097e+00 2.5340e+00 0.0000e+00 0.0000e+00 0.0000e+00 0.0000e+00 6.5717e-01 3.5266e-01 0.0000e+00 0.0000e+00 -3.5266e-01 8.5034e-01 
95.0 2.8768e+00 -1.5881e+00 0.0000e+00 0.0000e+00 -1.5881e+00 2.4838e+00 0.0000e+00 0.0000e+00 0.0000e+00 0.0000e+00 5.7227e-01 3.5331e-01 0.0000e+00 0.0000e+00 -3.5331e-01 7.6869e-01 
96.0 2.8286e+00 -1.5660e+00 0.0000e+00 0.0000e+00 -1.5660e+00 2.4360e+00 0.0000e+00 0.0000e+00 0.0000e+00 0.0000e+00 4.8993e-01 3.5367e-01 0.0000e+00 0.0000e+00 -3.5367e-01 6.8952e-01 
97.0 2.7828e+00 -1.5435e+00 0.0000e+00 0.0000e+00 -1.5435e+00 2.3908e+00 0.0000e+00 0.0000e+00 0.0000e+00 0.0000e+00 4.1007e-01 3.5374e-01 0.0000e+00 0.0000e+00 -3.5374e-01 6.1271e-01 
98.0 2.7393e+00 -1.5206e+00 0.0000e+00 0.0000e+00 -1.5206e+00 2.3479e+00 0.0000e+00 0.0000e+00 0.0000e+00 0.0000e+00 3.3261e-01 3.5354e-01 0.0000e+00 0.0000e+00 -3.5354e-01 5.3819e-01 
99.0 2.6980e+00 -1.4972e+00 0.0000e+00 0.0000e+00 -1.4972e+00 2.3073e+00 0.0000e+00 0.0000e+00 0.0000e+00 0.0000e+00 2.5747e-01 3.5309e-01 0.0000e+00 0.0000e+00 -3.5309e-01 4.6586e-01 
100.0 2.6589e+00 -1.4734e+00 0.0000e+00 0.0000e+00 -1.4734e+00 2.2689e+00 0.0000e+00 0.0000e+00 0.0000e+00 0.0000e+00 1.8455e-01 3.5239e-01 0.0000e+00 0.0000e+00 -3.5239e-01 3.9563e-01 
101.0 2.6219e+00 -1.4493e+00 0.0000e+00 0.0000e+00 -1.4493e+00 2.2327e+00 0.0000e+00 0.0000e+00 0.0000e+00 0.0000e+00 1.1379e-01 3.5147e-01 0.0000e+00 0.0000e+00 -3.5147e-01 3.2742e-01 
102.0 2.5869e+00 -1.4248e+00 0.0000e+00 0.0000e+00 -1.4248e+00 2.1985e+00 0.0000e+00 0.0000e+00 0.0000e+00 0.0000e+00 4.5108e-02 3.5035e-01 0.0000e+00 0.0000e+00 -3.5035e-01 2.6116e-01 
103.0 2.5538e+00 -1.3999e+00 0.0000e+00 0.0000e+00 -1.3999e+00 2.1663e+00 0.0000e+00 0.0000e+00 0.0000e+00 0.0000e+00 -2.1563e-02 3.4902e-01 0.0000e+00 0.0000e+00 -3.4902e-01 1.9677e-01 
104.0 2.5226e+00 -1.3747e+00 0.0000e+00 0.0000e+00 -1.3747e+00 2.1361e+00 0.0000e+00 0.0000e+00 0.0000e+00 0.0000e+00 -8.6292e-02 3.4750e-01 0.0000e+00 0.0000e+00 -3.4750e-01 1.3418e-01 
105.0 2.4932e+00 -1.3492e+00 0.0000e+00 0.0000e+00 -1.3492e+00 2.1077e+00 0.0000e+00 0.0000e+00 0.0000e+00 0.0000e+00 -1.4914e-01 3.4581e-01 0.0000e+00 0.0000e+00 -3.4581e-01 7.3339e-02 
106.0 2.4655e+00 -1.3234e+00 0.0000e+00 0.0000e+00 -1.3234e+00 2.0811e+00 0.0000e+00 0.0000e+00 0.0000e+00 0.0000e+00 -2.1018e-01 3.4396e-01 0.0000e+00 0.0000e+00 -3.4396e-01 1.4175e-02 
107.0 2.4394e+00 -1.2973e+00 0.0000e+00 0.0000e+00 -1.2973e+00 2.0563e+00 0.0000e+00 0.0000e+00 0.0000e+00 0.0000e+00 -2.6947e-01 3.4196e-01 0.0000e+00 0.0000e+00 -3.4196e-01 -4.3366e-02 
108.0 2.4150e+00 -1.2709e+00 0.0000e+00 0.0000e+00 -1.2709e+00 2.0331e+00 0.0000e+00 0.0000e+00 0.0000e+00 0.0000e+00 -3.2706e-01 3.3982e-01 0.0000e+00 0.0000e+00 -3.3982e-01 -9.9335e-02 
109.0 2.3921e+00 -1.2442e+00 0.0000e+00 0.0000e+00 -1.2442e+00 2.0115e+00 0.0000e+00 0.0000e+00 0.0000e+00 0.0000e+00 -3.8301e-01 3.3757e-01 0.0000e+00 0.0000e+00 -3.3757e-01 -1.5378e-01 
110.0 2.3707e+00 -1.2173e+00 0.0000e+00 0.0000e+00 -1.2173e+00 1.9914e+00 0.0000e+00 0.0000e+00 0.0000e+00 0.0000e+00 -4.3738e-01 3.3522e-01 0.0000e+00 0.0000e+00 -3.3522e-01 -2.0676e-01 
111.0 2.3508e+00 -1.1902e+00 0.0000e+00 0.0000e+00 -1.1902e+00 1.9729e+00 0.0000e+00 0.0000e+00 0.0000e+00 0.0000e+00 -4.9022e-01 3.3277e-01 0.0000e+00 0.0000e+00 -3.3277e-01 -2.5831e-01 
112.0 2.3323e+00 -1.1628e+00 0.0000e+00 0.0000e+00 -1.1628e+00 1.9557e+00 0.0000e+00 0.0000e+00 0.0000e+00 0.0000e+00 -5.4158e-01 3.3025e-01 0.0000e+00 0.0000e+00 -3.3025e-01 -3.0848e-01 
113.0 2.3151e+00 -1.1353e+00 0.0000e+00 0.0000e+00 -1.1353e+00 1.9399e+00 0.0000e+00 0.0000e+00 0.0000e+00 0.0000e+00 -5.9151e-01 3.2766e-01 0.0000e+00 0.0000e+00 -3.2766e-01 -3.5731e-01 
114.0 2.2992e+00 -1.1077e+00 0.0000e+00 0.0000e+00 -1.1077e+00 1.9255e+00 0.0000e+00 0.0000e+00 0.0000e+00 0.0000e+00 -6.4006e-01 3.2499e-01 0.0000e+00 0.0000e+00 -3.2499e-01 -4.0484e-01 
115.0 2.2845e+00 -1.0799e+00 0.0000e+00 0.0000e+00 -1.0799e+00 1.9123e+00 0.0000e+00 0.0000e+00 0.0000e+00 0.0000e+00 -6.8727e-01 3.2228e-01 0.0000e+00 0.0000e+00 -3.2228e-01 -4.5111e-01 
116.0 2.2710e+00 -1.0521e+00 0.0000e+00 0.0000e+00 -1.0521e+00 1.9003e+00 0.0000e+00 0.0000e+00 0.0000e+00 0.0000e+00 -7.3317e-01 3.1950e-01 0.0000e+00 0.0000e+00 -3.1950e-01 -4.9615e-01 
117.0 2.2587e+00 -1.0242e+00 0.0000e+00 0.0000e+00 -1.0242e+00 1.8894e+00 0.0000e+00 0.0000e+00 0.0000e+00 0.0000e+00 -7.7780e-01 3.1668e-01 0.0000e+00 0.0000e+00 -3.1668e-01 -5.3999e-01 
118.0 2.2475e+00 -9.9623e-01 0.0000e+00 0.0000e+00 -9.9623e-01 1.8797e+00 0.0000e+00 0.0000e+00 0.0000e+00 0.0000e+00 -8.2120e-01 3.1382e-01 0.0000e+00 0.0000e+00 -3.1382e-01 -5.8266e-01 
119.0 2.2374e+00 -9.6829e-01 0.0000e+00 0.0000e+00 -9.6829e-01 1.8711e+00 0.0000e+00 0.0000e+00 0.0000e+00 0.0000e+00 -8.6340e-01 3.1092e-01 0.0000e+00 0.0000e+00 -3.1092e-01 -6.2420e-01 
120.0 2.2283e+00 -9.4036e-01 0.0000e+00 0.0000e+00 -9.4036e-01 1.8635e+00 0.0000e+00 0.0000e+00 0.0000e+00 0.0000e+00 -9.0443e-01 3.0797e-01 0.0000e+00 0.0000e+00 -3.0797e-01 -6.6462e-01 
121.0 2.2202e+00 -9.1248e-01 0.0000e+00 0.0000e+00 -9.1248e-01 1.8569e+00 0.0000e+00 0.0000e+00 0.0000e+00 0.0000e+00 -9.4433e-01 3.0497e-01 0.0000e+00 0.0000e+00 -3.0497e-01 -7.0396e-01 
122.0 2.2130e+00 -8.8467e-01 0.0000e+00 0.0000e+00 -8.8467e-01 1.8512e+00 0.0000e+00 0.0000e+00 0.0000e+00 0.0000e+00 -9.8315e-01 3.0191e-01 0.0000e+00 0.0000e+00 -3.0191e-01 -7.4225e-01 
123.0 2.2068e+00 -8.5696e-01 0.0000e+00 0.0000e+00 -8.5696e-01 1.8464e+00 0.0000e+00 0.0000e+00 0.0000e+00 0.0000e+00 -1.0209e+00 2.9878e-01 0.0000e+00 0.0000e+00 -2.9878e-01 -7.7952e-01 
124.0 2.2014e+00 -8.2935e-01 0.0000e+00 0.0000e+00 -8.2935e-01 1.8425e+00 0.0000e+00 0.0000e+00 0.0000e+00 0.0000e+00 -1.0577e+00 2.9555e-01 0.0000e+00 0.0000e+00 -2.9555e-01 -8.1580e-01 
125.0 2.1968e+00 -8.0188e-01 0.0000e+00 0.0000e+00 -8.0188e-01 1.8393e+00 0.0000e+00 0.0000e+00 0.0000e+00 0.0000e+00 -1.0934e+00 2.9222e-01 0.0000e+00 0.0000e+00 -2.9222e-01 -8.5112e-01 
126.0 2.1930e+00 -7.7455e-01 0.0000e+00 0.0000e+00 -7.7455e-01 1.8369e+00 0.0000e+00 0.0000e+00 0.0000e+00 0.0000e+00 -1.1282e+00 2.8879e-01 0.0000e+00 0.0000e+00 -2.8879e-01 -8.8551e-01 
127.0 2.1900e+00 -7.4739e-01 0.0000e+00 0.0000e+00 -7.4739e-01 1.8353e+00 0.0000e+00 0.0000e+00 0.0000e+00 0.0000e+00 -1.1622e+00 2.8524e-01 0.0000e+00 0.0000e+00 -2.8524e-01 -9.1900e-01 
128.0 2.1876e+00 -7.2041e-01 0.0000e+00 0.0000e+00 -7.2041e-01 1.8343e+00 0.0000e+00 0.0000e+00 0.0000e+00 0.0000e+00 -1.1952e+00 2.8156e-01 0.0000e+00 0.0000e+00 -2.8156e-01 -9.5163e-01 
129.0 2.1860e+00 -6.9362e-01 0.0000e+00 0.0000e+00 -6.9362e-01 1.8339e+00 0.0000e+00 0.0000e+00 0.0000e+00 0.0000e+00 -1.2274e+00 2.7774e-01 0.0000e+00 0.0000e+00 -2.7774e-01 -9.8342e-01 
130.0 2.1850e+00 -6.6703e-01 0.0000e+00 0.0000e+00 -6.6703e-01 1.8342e+00 0.0000e+00 0.0000e+00 0.0000e+00 0.0000e+00 -1.2587e+00 2.7376e-01 0.0000e+00 0.0000e+00 -2.7376e-01 -1.0144e+00 
131.0 2.1846e+00 -6.4064e-01 0.0000e+00 0.0000e+00 -6.4064e-01 1.8350e+00 0.0000e+00 0.0000e+00 0.0000e+00 0.0000e+00 -1.2893e+00 2.6962e-01 0.0000e+00 0.0000e+00 -2.6962e-01 -1.0446e+00 
132.0 2.1848e+00 -6.1447e-01 0.0000e+00 0.0000e+00 -6.1447e-01 1.8364e+00 0.0000e+00 0.0000e+00 0.0000e+00 0.0000e+00 -1.3191e+00 2.6533e-01 0.0000e+00 0.0000e+00 -2.6533e-01 -1.0741e+00 
133.0 2.1856e+00 -5.8850e-01 0.0000e+00 0.0000e+00 -5.8850e-01 1.8384e+00 0.0000e+00 0.0000e+00 0.0000e+00 0.0000e+00 -1.3482e+00 2.6090e-01 0.0000e+00 0.0000e+00 -2.6090e-01 -1.1028e+00 
134.0 2.1869e+00 -5.6276e-01 0.0000e+00 0.0000e+00 -5.6276e-01 1.8409e+00 0.0000e+00 0.0000e+00 0.0000e+00 0.0000e+00 -1.3766e+00 2.5634e-01 0.0000e+00 0.0000e+00 -2.5634e-01 -1.1309e+00 
135.0 2.1888e+00 -5.3725e-01 0.0000e+00 0.0000e+00 -5.3725e-01 1.8439e+00 0.0000e+00 0.0000e+00 0.0000e+00 0.0000e+00 -1.4043e+00 2.5165e-01 0.0000e+00 0.0000e+00 -2.5165e-01 -1.1583e+00 
136.0 2.1913e+00 -5.1197e-01 0.0000e+00 0.0000e+00 -5.1197e-01 1.8475e+00 0.0000e+00 0.0000e+00 0.0000e+00 0.0000e+00 -1.4313e+00 2.4684e-01 0.0000e+00 0.0000e+00 -2.4684e-01 -1.1850e+00 
137.0 2.1942e+00 -4.8694e-01 0.0000e+00 0.0000e+00 -4.8694e-01 1.8515e+00 0.0000e+00 0.0000e+00 0.0000e+00 0.0000e+00 -1.4577e+00 2.4193e-01 0.0000e+00 0.0000e+00 -2.4193e-01 -1.2112e+00 
138.0 2.1978e+00 -4.6216e-01 0.0000e+00 0.0000e+00 -4.6216e-01 1.8561e+00 0.0000e+00 0.0000e+00 0.0000e+00 0.0000e+00 -1.4834e+00 2.3692e-01 0.0000e+00 0.0000e+00 -2.3692e-01 -1.2367e+00 
139.0 2.2018e+00 -4.3765e-01 0.0000e+00 0.0000e+00 -4.3765e-01 1.8613e+00 0.0000e+00 0.0000e+00 0.0000e+00 0.0000e+00 -1.5085e+00 2.3185e-01 0.0000e+00 0.0000e+00 -2.3185e-01 -1.2616e+00 
140.0 2.2063e+00 -4.1341e-01 0.0000e+00 0.0000e+00 -4.1341e-01 1.8669e+00 0.0000e+00 0.0000e+00 0.0000e+00 0.0000e+00 -1.5330e+00 2.2672e-01 0.0000e+00 0.0000e+00 -2.2672e-01 -1.2860e+00 
141.0 2.2114e+00 -3.8947e-01 0.0000e+00 0.0000e+00 -3.8947e-01 1.8732e+00 0.0000e+00 0.0000e+00 0.0000e+00 0.0000e+00 -1.5569e+00 2.2156e-01 0.0000e+00 0.0000e+00 -2.2156e-01 -1.3099e+00 
142.0 2.2169e+00 -3.6584e-01 0.0000e+00 0.0000e+00 -3.6584e-01 1.8799e+00 0.0000e+00 0.0000e+00 0.0000e+00 0.0000e+00 -1.5802e+00 2.1638e-01 0.0000e+00 0.0000e+00 -2.1638e-01 -1.3332e+00 
143.0 2.2229e+00 -3.4255e-01 0.0000e+00 0.0000e+00 -3.4255e-01 1.8872e+00 0.0000e+00 0.0000e+00 0.0000e+00 0.0000e+00 -1.6029e+00 2.1119e-01 0.0000e+00 0.0000e+00 -2.1119e-01 -1.3560e+00 
144.0 2.2294e+00 -3.1961e-01 0.0000e+00 0.0000e+00 -3.1961e-01 1.8949e+00 0.0000e+00 0.0000e+00 0.0000e+00 0.0000e+00 -1.6250e+00 2.0600e-01 0.0000e+00 0.0000e+00 -2.0600e-01 -1.3783e+00 
145.0 2.2363e+00 -2.9703e-01 0.0000e+00 0.0000e+00 -2.9703e-01 1.9030e+00 0.0000e+00 0.0000e+00 0.0000e+00 0.0000e+00 -1.6465e+00 2.0077e-01 0.0000e+00 0.0000e+00 -2.0077e-01 -1.4000e+00 
146.0 2.2435e+00 -2.7483e-01 0.0000e+00 0.0000e+00 -2.7483e-01 1.9116e+00 0.0000e+00 0.0000e+00 0.0000e+00 0.0000e+00 -1.6675e+00 1.9550e-01 0.0000e+00 0.0000e+00 -1.9550e-01 -1.4212e+00 
147.0 2.2511e+00 -2.5301e-01 0.0000e+00 0.0000e+00 -2.5301e-01 1.9206e+00 0.0000e+00 0.0000e+00 0.0000e+00 0.0000e+00 -1.6880e+00 1.9018e-01 0.0000e+00 0.0000e+00 -1.9018e-01 -1.4420e+00 
148.0 2.2592e+00 -2.3159e-01 0.0000e+00 0.0000e+00 -2.3159e-01 1.9299e+00 0.0000e+00 0.0000e+00 0.0000e+00 0.0000e+00 -1.7079e+00 1.8481e-01 0.0000e+00 0.0000e+00 -1.8481e-01 -1.4622e+00 
149.0 2.2676e+00 -2.1054e-01 0.0000e+00 0.0000e+00 -2.1054e-01 1.9397e+00 0.0000e+00 0.0000e+00 0.0000e+00 0.0000e+00 -1.7273e+00 1.7942e-01 0.0000e+00 0.0000e+00 -1.7942e-01 -1.4819e+00 
150.0 2.2766e+00 -1.8988e-01 0.0000e+00 0.0000e+00 -1.8988e-01 1.9501e+00 0.0000e+00 0.0000e+00 0.0000e+00 0.0000e+00 -1.7461e+00 1.7405e-01 0.0000e+00 0.0000e+00 -1.7405e-01 -1.5011e+00 
151.0 2.2861e+00 -1.6960e-01 0.0000e+00 0.0000e+00 -1.6960e-01 1.9610e+00 0.0000e+00 0.0000e+00 0.0000e+00 0.0000e+00 -1.7643e+00 1.6871e-01 0.0000e+00 0.0000e+00 -1.6871e-01 -1.5198e+00 
152.0 2.2960e+00 -1.4971e-01 0.0000e+00 0.0000e+00 -1.4971e-01 1.9724e+00 0.0000e+00 0.0000e+00 0.0000e+00 0.0000e+00 -1.7820e+00 1.6338e-01 0.0000e+00 0.0000e+00 -1.6338e-01 -1.5379e+00 
153.0 2.3065e+00 -1.3024e-01 0.0000e+00 0.0000e+00 -1.3024e-01 1.9843e+00 0.0000e+00 0.0000e+00 0.0000e+00 0.0000e+00 -1.7991e+00 1.5800e-01 0.0000e+00 0.0000e+00 -1.5800e-01 -1.5555e+00 
154.0 2.3173e+00 -1.1119e-01 0.0000e+00 0.0000e+00 -1.1119e-01 1.9966e+00 0.0000e+00 0.0000e+00 0.0000e+00 0.0000e+00 -1.8156e+00 1.5249e-01 0.0000e+00 0.0000e+00 -1.5249e-01 -1.5727e+00 
155.0 2.3285e+00 -9.2610e-02 0.0000e+00 0.0000e+00 -9.2610e-02 2.0094e+00 0.0000e+00 0.0000e+00 0.0000e+00 0.0000e+00 -1.8316e+00 1.4674e-01 0.0000e+00 0.0000e+00 -1.4674e-01 -1.5894e+00 
156.0 2.3400e+00 -7.4547e-02 0.0000e+00 0.0000e+00 -7.4547e-02 2.0226e+00 0.0000e+00 0.0000e+00 0.0000e+00 0.0000e+00 -1.8470e+00 1.4061e-01 0.0000e+00 0.0000e+00 -1.4061e-01 -1.6058e+00 
157.0 2.3516e+00 -5.7100e-02 0.0000e+00 0.0000e+00 -5.7100e-02 2.0362e+00 0.0000e+00 0.0000e+00 0.0000e+00 0.0000e+00 -1.8618e+00 1.3393e-01 0.0000e+00 0.0000e+00 -1.3393e-01 -1.6218e+00 
158.0 2.3632e+00 -4.0413e-02 0.0000e+00 0.0000e+00 -4.0413e-02 2.0499e+00 0.0000e+00 0.0000e+00 0.0000e+00 0.0000e+00 -1.8763e+00 1.2646e-01 0.0000e+00 0.0000e+00 -1.2646e-01 -1.6375e+00 
159.0 2.3744e+00 -2.4669e-02 0.0000e+00 0.0000e+00 -2.4669e-02 2.0633e+00 0.0000e+00 0.0000e+00 0.0000e+00 0.0000e+00 -1.8903e+00 1.1788e-01 0.0000e+00 0.0000e+00 -1.1788e-01 -1.6530e+00 
160.0 2.3850e+00 -1.0068e-02 0.0000e+00 0.0000e+00 -1.0068e-02 2.0762e+00 0.0000e+00 0.0000e+00 0.0000e+00 0.0000e+00 -1.9040e+00 1.0788e-01 0.0000e+00 0.0000e+00 -1.0788e-01 -1.6683e+00 
161.0 2.3948e+00 3.1937e-03 0.0000e+00 0.0000e+00 3.1937e-03 2.0882e+00 0.0000e+00 0.0000e+00 0.0000e+00 0.0000e+00 -1.9176e+00 9.6172e-02 0.0000e+00 0.0000e+00 -9.6172e-02 -1.6834e+00 
162.0 2.4038e+00 1.4932e-02 0.0000e+00 0.0000e+00 1.4932e-02 2.0990e+00 0.0000e+00 0.0000e+00 0.0000e+00 0.0000e+00 -1.9312e+00 8.2561e-02 0.0000e+00 0.0000e+00 -8.2561e-02 -1.6982e+00 
163.0 2.4121e+00 2.4975e-02 0.0000e+00 0.0000e+00 2.4975e-02 2.1088e+00 0.0000e+00 0.0000e+00 0.0000e+00 0.0000e+00 -1.9452e+00 6.6971e-02 0.0000e+00 0.0000e+00 -6.6971e-02 -1.7127e+00 
164.0 2.4201e+00 3.3165e-02 0.0000e+00 0.0000e+00 3.3165e-02 2.1173e+00 0.0000e+00 0.0000e+00 0.0000e+00 0.0000e+00 -1.9597e+00 4.9454e-02 0.0000e+00 0.0000e+00 -4.9454e-02 -1.7267e+00 
165.0 2.4281e+00 3.9363e-02 0.0000e+00 0.0000e+00 3.9363e-02 2.1246e+00 0.0000e+00 0.0000e+00 0.0000e+00 0.0000e+00 -1.9753e+00 3.0198e-02 0.0000e+00 0.0000e+00 -3.0198e-02 -1.7399e+00 
166.0 2.4371e+00 4.3451e-02 0.0000e+00 0.0000e+00 4.3451e-02 2.1308e+00 0.0000e+00 0.0000e+00 0.0000e+00 0.0000e+00 -1.9924e+00 9.5447e-03 0.0000e+00 0.0000e+00 -9.5447e-03 -1.7522e+00 
167.0 2.4479e+00 4.5348e-02 0.0000e+00 0.0000e+00 4.5348e-02 2.1364e+00 0.0000e+00 0.0000e+00 0.0000e+00 0.0000e+00 -2.0114e+00 -1.1981e-02 0.0000e+00 0.0000e+00 1.1981e-02 -1.7633e+00 
168.0 2.4616e+00 4.5014e-02 0.0000e+00 0.0000e+00 4.5014e-02 2.1417e+00 0.0000e+00 0.0000e+00 0.0000e+00 0.0000e+00 -2.0330e+00 -3.3637e-02 0.0000e+00 0.0000e+00 3.3637e-02 -1.7728e+00 
169.0 2.4799e+00 4.2490e-02 0.0000e+00 0.0000e+00 4.2490e-02 2.1473e+00 0.0000e+00 0.0000e+00 0.0000e+00 0.0000e+00 -2.0580e+00 -5.4375e-02 0.0000e+00 0.0000e+00 5.4375e-02 -1.7805e+00 
170.0 2.5044e+00 3.7940e-02 0.0000e+00 0.0000e+00 3.7940e-02 2.1541e+00 0.0000e+00 0.0000e+00 0.0000e+00 0.0000e+00 -2.0870e+00 -7.2781e-02 0.0000e+00 0.0000e+00 7.2781e-02 -1.7859e+00 
171.0 2.5375e+00 3.1723e-02 0.0000e+00 0.0000e+00 3.1723e-02 2.1634e+00 0.0000e+00 0.0000e+00 0.0000e+00 0.0000e+00 -2.1204e+00 -8.7051e-02 0.0000e+00 0.0000e+00 8.7051e-02 -1.7885e+00 
172.0 2.5810e+00 2.4443e-02 0.0000e+00 0.0000e+00 2.4443e-02 2.1765e+00 0.0000e+00 0.0000e+00 0.0000e+00 0.0000e+00 -2.1585e+00 -9.5154e-02 0.0000e+00 0.0000e+00 9.5154e-02 -1.7881e+00 
173.0 2.6366e+00 1.6931e-02 0.0000e+00 0.0000e+00 1.6931e-02 2.1951e+00 0.0000e+00 0.0000e+00 0.0000e+00 0.0000e+00 -2.2007e+00 -9.5236e-02 0.0000e+00 0.0000e+00 9.5236e-02 -1.7845e+00 
174.0 2.7038e+00 1.0136e-02 0.0000e+00 0.0000e+00 1.0136e-02 2.2199e+00 0.0000e+00 0.0000e+00 0.0000e+00 0.0000e+00 -2.2456e+00 -8.6315e-02 0.0000e+00 0.0000e+00 8.6315e-02 -1.7781e+00 
175.0 2.7793e+00 4.8919e-03 0.0000e+00 0.0000e+00 4.8919e-03 2.2503e+00 0.0000e+00 0.0000e+00 0.0000e+00 0.0000e+00 -2.2908e+00 -6.9104e-02 0.0000e+00 0.0000e+00 6.9104e-02 -1.7696e+00 
176.0 2.8560e+00 1.6441e-03 0.0000e+00 0.0000e+00 1.6441e-03 2.2832e+00 0.0000e+00 0.0000e+00 0.0000e+00 0.0000e+00 -2.3327e+00 -4.6550e-02 0.0000e+00 0.0000e+00 4.6550e-02 -1.7602e+00 
177.0 2.9236e+00 2.5116e-04 0.0000e+00 0.0000e+00 2.5116e-04 2.3138e+00 0.0000e+00 0.0000e+00 0.0000e+00 0.0000e+00 -2.3672e+00 -2.3673e-02 0.0000e+00 0.0000e+00 2.3673e-02 -1.7517e+00 
178.0 2.9706e+00 5.5981e-06 0.0000e+00 0.0000e+00 5.5981e-06 2.3357e+00 0.0000e+00 0.0000e+00 0.0000e+00 0.0000e+00 -2.3900e+00 -6.4823e-03 0.0000e+00 0.0000e+00 6.4823e-03 -1.7456e+00 
179.0 2.9876e+00 -2.1520e-21 0.0000e+00 0.0000e+00 -2.1520e-21 2.3438e+00 0.0000e+00 0.0000e+00 0.0000e+00 0.0000e+00 -2.3981e+00 -1.0066e-19 0.0000e+00 0.0000e+00 1.0066e-19 -1.7433e+00 
180.0 3.0049e+00 0.0000e+00 0.0000e+00 0.0000e+00 0.0000e+00 2.3518e+00 0.0000e+00 0.0000e+00 0.0000e+00 0.0000e+00 -2.4060e+00 0.0000e+00 0.0000e+00 0.0000e+00 -0.0000e+00 -1.7412e+00 
