1.6298 1.6579 0.0281 0.112046
theta s11 s12 s13 s14 s21 s22 s23 s24 s31 s32 s33 s34 s41 s42 s43 s44
0.0 4.5336e+02 0.0000e+00 0.0000e+00 0.0000e+00 0.0000e+00 4.5283e+02 0.0000e+00 0.0000e+00 0.0000e+00 0.0000e+00 4.5283e+02 0.0000e+00 0.0000e+00 0.0000e+00 -0.0000e+00 4.5230e+02 
1.0 4.2309e+02 -4.4176e-03 0.0000e+00 0.0000e+00 -4.4176e-03 4.2256e+02 0.0000e+00 0.0000e+00 0.0000e+00 0.0000e+00 4.2256e+02 -1.5864e-01 0.0000e+00 0.0000e+00 1.5864e-01 4.2203e+02 
2.0 3.6904e+02 -2.3283e-03 0.0000e+00 0.0000e+00 -2.3283e-03 3.6852e+02 0.0000e+00 0.0000e+00 0.0000e+00 0.0000e+00 3.6851e+02 -5.6961e-01 0.0000e+00 0.0000e+00 5.6961e-01 3.6800e+02 
3.0 3.1521e+02 1.3847e-02 0.0000e+00 0.0000e+00 1.3847e-02 3.1469e+02 0.0000e+00 0.0000e+00 0.0000e+00 0.0000e+00 3.1469e+02 -1.0896e+00 0.0000e+00 0.0000e+00 1.0896e+00 3.1418e+02 
4.0 2.6692e+02 3.7020e-02 0.0000e+00 0.0000e+00 3.7020e-02 2.6642e+02 0.0000e+00 0.0000e+00 0.0000e+00 0.0000e+00 2.6640e+02 -1.5879e+00 0.0000e+00 0.0000e+00 1.5879e+00 2.6592e+02 
5.0 2.2581e+02 5.6509e-02 0.0000e+00 0.0000e+00 5.6509e-02 2.2532e+02 0.0000e+00 0.0000e+00 0.0000e+00 0.0000e+00 2.2529e+02 -1.9878e+00 0.0000e+00 0.0000e+00 1.9878e+00 2.2483e+02 
6.0 1.9187e+02 6.3339e-02 0.0000e+00 0.0000e+00 6.3339e-02 1.9139e+02 0.0000e+00 0.0000e+00 0.0000e+00 0.0000e+00 1.9134e+02 -2.2592e+00 0.0000e+00 0.0000e+00 2.2592e+00 1.9090e+02 
7.0 1.6434e+02 5.2632e-02 0.0000e+00 0.0000e+00 5.2632e-02 1.6387e+02 0.0000e+00 0.0000e+00 0.0000e+00 0.0000e+00 1.6381e+02 -2.4034e+00 0.0000e+00 0.0000e+00 2.4034e+00 1.6338e+02 
8.0 1.4222e+02 2.4110e-02 0.0000e+00 0.0000e+00 2.4110e-02 1.4176e+02 0.0000e+00 0.0000e+00 0.0000e+00 0.0000e+00 1.4168e+02 -2.4409e+00 0.0000e+00 0.0000e+00 2.4409e+00 1.4127e+02 
9.0 1.2449e+02 -1.9301e-02 0.0000e+00 0.0000e+00 -1.9301e-02 1.2403e+02 0.0000e+00 0.0000e+00 0.0000e+00 0.0000e+00 1.2393e+02 -2.4002e+00 0.0000e+00 0.0000e+00 2.4002e+00 1.2354e+02 
10.0 1.1021e+02 -7.3368e-02 0.0000e+00 0.0000e+00 -7.3368e-02 1.0976e+02 0.0000e+00 0.0000e+00 0.0000e+00 0.0000e+00 1.0964e+02 -2.3088e+00 0.0000e+00 0.0000e+00 2.3088e+00 1.0926e+02 
11.0 9.8608e+01 -1.3369e-01 0.0000e+00 0.0000e+00 -1.3369e-01 9.8164e+01 0.0000e+00 0.0000e+00 0.0000e+00 0.0000e+00 9.8031e+01 -2.1896e+00 0.0000e+00 0.0000e+00 2.1896e+00 9.7673e+01 
12.0 8.9072e+01 -1.9677e-01 0.0000e+00 0.0000e+00 -1.9677e-01 8.8632e+01 0.0000e+00 0.0000e+00 0.0000e+00 0.0000e+00 8.8488e+01 -2.0597e+00 0.0000e+00 0.0000e+00 2.0597e+00 8.8144e+01 
13.0 8.1127e+01 -2.6061e-01 0.0000e+00 0.0000e+00 -2.6061e-01 8.0691e+01 0.0000e+00 0.0000e+00 0.0000e+00 0.0000e+00 8.0538e+01 -1.9292e+00 0.0000e+00 0.0000e+00 1.9292e+00 8.0208e+01 
14.0 7.4419e+01 -3.2307e-01 0.0000e+00 0.0000e+00 -3.2307e-01 7.3987e+01 0.0000e+00 0.0000e+00 0.0000e+00 0.0000e+00 7.3826e+01 -1.8074e+00 0.0000e+00 0.0000e+00 1.8074e+00 7.3509e+01 
15.0 6.8675e+01 -3.8426e-01 0.0000e+00 0.0000e+00 -3.8426e-01 6.8246e+01 0.0000e+00 0.0000e+00 0.0000e+00 0.0000e+00 6.8079e+01 -1.6949e+00 0.0000e+00 0.0000e+00 1.6949e+00 6.7776e+01 
16.0 6.3686e+01 -4.4354e-01 0.0000e+00 0.0000e+00 -4.4354e-01 6.3260e+01 0.0000e+00 0.0000e+00 0.0000e+00 0.0000e+00 6.3087e+01 -1.5937e+00 0.0000e+00 0.0000e+00 1.5937e+00 6.2797e+01 
17.0 5.9291e+01 -5.0086e-01 0.0000e+00 0.0000e+00 -5.0086e-01 5.8869e+01 0.0000e+00 0.0000e+00 0.0000e+00 0.0000e+00 5.8690e+01 -1.5032e+00 0.0000e+00 0.0000e+00 1.5032e+00 5.8413e+01 
18.0 5.5374e+01 -5.5643e-01 0.0000e+00 0.0000e+00 -5.5643e-01 5.4955e+01 0.0000e+00 0.0000e+00 0.0000e+00 0.0000e+00 5.4771e+01 -1.4222e+00 0.0000e+00 0.0000e+00 1.4222e+00 5.4506e+01 
19.0 5.1850e+01 -6.1067e-01 0.0000e+00 0.0000e+00 -6.1067e-01 5.1434e+01 0.0000e+00 0.0000e+00 0.0000e+00 0.0000e+00 5.1381e+01 -1.3492e+00 0.0000e+00 0.0000e+00 1.3492e+00 5.1130e+01 
20.0 4.8655e+01 -6.6406e-01 0.0000e+00 0.0000e+00 -6.6406e-01 4.8243e+01 0.0000e+00 0.0000e+00 0.0000e+00 0.0000e+00 4.8305e+01 -1.2826e+00 0.0000e+00 0.0000e+00 1.2826e+00 4.8068e+01 
21.0 4.5742e+01 -7.1705e-01 0.0000e+00 0.0000e+00 -7.1705e-01 4.5332e+01 0.0000e+00 0.0000e+00 0.0000e+00 0.0000e+00 4.5497e+01 -1.2210e+00 0.0000e+00 0.0000e+00 1.2210e+00 4.5272e+01 
22.0 4.3070e+01 -7.6992e-01 0.0000e+00 0.0000e+00 -7.6992e-01 4.2664e+01 0.0000e+00 0.0000e+00 0.0000e+00 0.0000e+00 4.2920e+01 -1.1636e+00 0.0000e+00 0.0000e+00 1.1636e+00 4.2706e+01 
23.0 4.0608e+01 -8.2270e-01 0.0000e+00 0.0000e+00 -8.2270e-01 4.0204e+01 0.0000e+00 0.0000e+00 0.0000e+00 0.0000e+00 4.0542e+01 -1.1097e+00 0.0000e+00 0.0000e+00 1.1097e+00 4.0339e+01 
24.0 3.8330e+01 -8.7524e-01 0.0000e+00 0.0000e+00 -8.7524e-01 3.7928e+01 0.0000e+00 0.0000e+00 0.0000e+00 0.0000e+00 3.8338e+01 -1.0590e+00 0.0000e+00 0.0000e+00 1.0590e+00 3.8145e+01 
25.0 3.6213e+01 -9.2724e-01 0.0000e+00 0.0000e+00 -9.2724e-01 3.5814e+01 0.0000e+00 0.0000e+00 0.0000e+00 0.0000e+00 3.6289e+01 -1.0110e+00 0.0000e+00 0.0000e+00 1.0110e+00 3.6105e+01 
26.0 3.4242e+01 -9.7837e-01 0.0000e+00 0.0000e+00 -9.7837e-01 3.3845e+01 0.0000e+00 0.0000e+00 0.0000e+00 0.0000e+00 3.4377e+01 -9.6557e-01 0.0000e+00 0.0000e+00 9.6557e-01 3.4202e+01 
27.0 3.2402e+01 -1.0284e+00 0.0000e+00 0.0000e+00 -1.0284e+00 3.2007e+01 0.0000e+00 0.0000e+00 0.0000e+00 0.0000e+00 3.2591e+01 -9.2223e-01 0.0000e+00 0.0000e+00 9.2223e-01 3.2423e+01 
28.0 3.0682e+01 -1.0771e+00 0.0000e+00 0.0000e+00 -1.0771e+00 3.0289e+01 0.0000e+00 0.0000e+00 0.0000e+00 0.0000e+00 3.0918e+01 -8.8069e-01 0.0000e+00 0.0000e+00 8.8069e-01 3.0758e+01 
29.0 2.9072e+01 -1.1244e+00 0.0000e+00 0.0000e+00 -1.1244e+00 2.8681e+01 0.0000e+00 0.0000e+00 0.0000e+00 0.0000e+00 2.9350e+01 -8.4061e-01 0.0000e+00 0.0000e+00 8.4061e-01 2.9197e+01 
30.0 2.7564e+01 -1.1705e+00 0.0000e+00 0.0000e+00 -1.1705e+00 2.7175e+01 0.0000e+00 0.0000e+00 0.0000e+00 0.0000e+00 2.7879e+01 -8.0177e-01 0.0000e+00 0.0000e+00 8.0177e-01 2.7733e+01 
31.0 2.6150e+01 -1.2152e+00 0.0000e+00 0.0000e+00 -1.2152e+00 2.5762e+01 0.0000e+00 0.0000e+00 0.0000e+00 0.0000e+00 2.6395e+01 -7.6408e-01 0.0000e+00 0.0000e+00 7.6408e-01 2.6258e+01 
32.0 2.4822e+01 -1.2585e+00 0.0000e+00 0.0000e+00 -1.2585e+00 2.4436e+01 0.0000e+00 0.0000e+00 0.0000e+00 0.0000e+00 2.5001e+01 -7.2759e-01 0.0000e+00 0.0000e+00 7.2759e-01 2.4873e+01 
33.0 2.3574e+01 -1.3002e+00 0.0000e+00 0.0000e+00 -1.3002e+00 2.3190e+01 0.0000e+00 0.0000e+00 0.0000e+00 0.0000e+00 2.3690e+01 -6.9236e-01 0.0000e+00 0.0000e+00 6.9236e-01 2.3570e+01 
34.0 2.2399e+01 -1.3402e+00 0.0000e+00 0.0000e+00 -1.3402e+00 2.2016e+01 0.0000e+00 0.0000e+00 0.0000e+00 0.0000e+00 2.2456e+01 -6.5839e-01 0.0000e+00 0.0000e+00 6.5839e-01 2.2344e+01 
35.0 2.1291e+01 -1.3782e+00 0.0000e+00 0.0000e+00 -1.3782e+00 2.0910e+01 0.0000e+00 0.0000e+00 0.0000e+00 0.0000e+00 2.1293e+01 -6.2562e-01 0.0000e+00 0.0000e+00 6.2562e-01 2.1189e+01 
36.0 2.0246e+01 -1.4143e+00 0.0000e+00 0.0000e+00 -1.4143e+00 1.9867e+01 0.0000e+00 0.0000e+00 0.0000e+00 0.0000e+00 2.0196e+01 -5.9390e-01 0.0000e+00 0.0000e+00 5.9390e-01 2.0099e+01 
37.0 1.9259e+01 -1.4485e+00 0.0000e+00 0.0000e+00 -1.4485e+00 1.8881e+01 0.0000e+00 0.0000e+00 0.0000e+00 0.0000e+00 1.9160e+01 -5.6303e-01 0.0000e+00 0.0000e+00 5.6303e-01 1.9071e+01 
38.0 1.8327e+01 -1.4808e+00 0.0000e+00 0.0000e+00 -1.4808e+00 1.7951e+01 0.0000e+00 0.0000e+00 0.0000e+00 0.0000e+00 1.8181e+01 -5.3281e-01 0.0000e+00 0.0000e+00 5.3281e-01 1.8099e+01 
39.0 1.7447e+01 -1.5113e+00 0.0000e+00 0.0000e+00 -1.5113e+00 1.7072e+01 0.0000e+00 0.0000e+00 0.0000e+00 0.0000e+00 1.7256e+01 -5.0312e-01 0.0000e+00 0.0000e+00 5.0312e-01 1.7181e+01 
40.0 1.6617e+01 -1.5402e+00 0.0000e+00 0.0000e+00 -1.5402e+00 1.6243e+01 0.0000e+00 0.0000e+00 0.0000e+00 0.0000e+00 1.6381e+01 -4.7392e-01 0.0000e+00 0.0000e+00 4.7392e-01 1.6314e+01 
41.0 1.5833e+01 -1.5674e+00 0.0000e+00 0.0000e+00 -1.5674e+00 1.5460e+01 0.0000e+00 0.0000e+00 0.0000e+00 0.0000e+00 1.5555e+01 -4.4521e-01 0.0000e+00 0.0000e+00 4.4521e-01 1.5494e+01 
42.0 1.5093e+01 -1.5931e+00 0.0000e+00 0.0000e+00 -1.5931e+00 1.4721e+01 0.0000e+00 0.0000e+00 0.0000e+00 0.0000e+00 1.4773e+01 -4.1703e-01 0.0000e+00 0.0000e+00 4.1703e-01 1.4719e+01 
43.0 1.4394e+01 -1.6172e+00 0.0000e+00 0.0000e+00 -1.6172e+00 1.4023e+01 0.0000e+00 0.0000e+00 0.0000e+00 0.0000e+00 1.4034e+01 -3.8943e-01 0.0000e+00 0.0000e+00 3.8943e-01 1.3987e+01 
44.0 1.3734e+01 -1.6397e+00 0.0000e+00 0.0000e+00 -1.6397e+00 1.3365e+01 0.0000e+00 0.0000e+00 0.0000e+00 0.0000e+00 1.3334e+01 -3.6240e-01 0.0000e+00 0.0000e+00 3.6240e-01 1.3293e+01 
45.0 1.3110e+01 -1.6607e+00 0.0000e+00 0.0000e+00 -1.6607e+00 1.2742e+01 0.0000e+00 0.0000e+00 0.0000e+00 0.0000e+00 1.2672e+01 -3.3592e-01 0.0000e+00 0.0000e+00 3.3592e-01 1.2637e+01 
46.0 1.2520e+01 -1.6801e+00 0.0000e+00 0.0000e+00 -1.6801e+00 1.2153e+01 0.0000e+00 0.0000e+00 0.0000e+00 0.0000e+00 1.2044e+01 -3.0994e-01 0.0000e+00 0.0000e+00 3.0994e-01 1.2015e+01 
47.0 1.1962e+01 -1.6980e+00 0.0000e+00 0.0000e+00 -1.6980e+00 1.1596e+01 0.0000e+00 0.0000e+00 0.0000e+00 0.0000e+00 1.1449e+01 -2.8441e-01 0.0000e+00 0.0000e+00 2.8441e-01 1.1426e+01 
48.0 1.1434e+01 -1.7144e+00 0.0000e+00 0.0000e+00 -1.7144e+00 1.1069e+01 0.0000e+00 0.0000e+00 0.0000e+00 0.0000e+00 1.0885e+01 -2.5929e-01 0.0000e+00 0.0000e+00 2.5929e-01 1.0867e+01 
49.0 1.0935e+01 -1.7294e+00 0.0000e+00 0.0000e+00 -1.7294e+00 1.0571e+01 0.0000e+00 0.0000e+00 0.0000e+00 0.0000e+00 1.0350e+01 -2.3458e-01 0.0000e+00 0.0000e+00 2.3458e-01 1.0338e+01 
50.0 1.0462e+01 -1.7430e+00 0.0000e+00 0.0000e+00 -1.7430e+00 1.0099e+01 0.0000e+00 0.0000e+00 0.0000e+00 0.0000e+00 9.8424e+00 -2.1030e-01 0.0000e+00 0.0000e+00 2.1030e-01 9.8356e+00 
51.0 1.0014e+01 -1.7554e+00 0.0000e+00 0.0000e+00 -1.7554e+00 9.6522e+00 0.0000e+00 0.0000e+00 0.0000e+00 0.0000e+00 9.3607e+00 -1.8646e-01 0.0000e+00 0.0000e+00 1.8646e-01 9.3591e+00 
52.0 9.5904e+00 -1.7664e+00 0.0000e+00 0.0000e+00 -1.7664e+00 9.2292e+00 0.0000e+00 0.0000e+00 0.0000e+00 0.0000e+00 8.9033e+00 -1.6306e-01 0.0000e+00 0.0000e+00 1.6306e-01 8.9069e+00 
53.0 9.1892e+00 -1.7761e+00 0.0000e+00 0.0000e+00 -1.7761e+00 8.8288e+00 0.0000e+00 0.0000e+00 0.0000e+00 0.0000e+00 8.4689e+00 -1.4012e-01 0.0000e+00 0.0000e+00 1.4012e-01 8.4776e+00 
54.0 8.8091e+00 -1.7846e+00 0.0000e+00 0.0000e+00 -1.7846e+00 8.4495e+00 0.0000e+00 0.0000e+00 0.0000e+00 0.0000e+00 8.0560e+00 -1.1761e-01 0.0000e+00 0.0000e+00 1.1761e-01 8.0698e+00 
55.0 8.4492e+00 -1.7920e+00 0.0000e+00 0.0000e+00 -1.7920e+00 8.0902e+00 0.0000e+00 0.0000e+00 0.0000e+00 0.0000e+00 7.6636e+00 -9.5518e-02 0.0000e+00 0.0000e+00 9.5518e-02 7.6822e+00 
56.0 8.1083e+00 -1.7982e+00 0.0000e+00 0.0000e+00 -1.7982e+00 7.7500e+00 0.0000e+00 0.0000e+00 0.0000e+00 0.0000e+00 7.2905e+00 -7.3852e-02 0.0000e+00 0.0000e+00 7.3852e-02 7.3140e+00 
57.0 7.7854e+00 -1.8032e+00 0.0000e+00 0.0000e+00 -1.8032e+00 7.4277e+00 0.0000e+00 0.0000e+00 0.0000e+00 0.0000e+00 6.9356e+00 -5.2611e-02 0.0000e+00 0.0000e+00 5.2611e-02 6.9638e+00 
58.0 7.4796e+00 -1.8072e+00 0.0000e+00 0.0000e+00 -1.8072e+00 7.1223e+00 0.0000e+00 0.0000e+00 0.0000e+00 0.0000e+00 6.5979e+00 -3.1803e-02 0.0000e+00 0.0000e+00 3.1803e-02 6.6308e+00 
59.0 7.1898e+00 -1.8101e+00 0.0000e+00 0.0000e+00 -1.8101e+00 6.8330e+00 0.0000e+00 0.0000e+00 0.0000e+00 0.0000e+00 6.2764e+00 -1.1439e-02 0.0000e+00 0.0000e+00 1.1439e-02 6.3140e+00 
60.0 6.9152e+00 -1.8121e+00 0.0000e+00 0.0000e+00 -1.8121e+00 6.5589e+00 0.0000e+00 0.0000e+00 0.0000e+00 0.0000e+00 5.9702e+00 8.4710e-03 0.0000e+00 0.0000e+00 -8.4710e-03 6.0124e+00 
61.0 6.6550e+00 -1.8130e+00 0.0000e+00 0.0000e+00 -1.8130e+00 6.2990e+00 0.0000e+00 0.0000e+00 0.0000e+00 0.0000e+00 5.6786e+00 2.7911e-02 0.0000e+00 0.0000e+00 -2.7911e-02 5.7253e+00 
62.0 6.4083e+00 -1.8130e+00 0.0000e+00 0.0000e+00 -1.8130e+00 6.0526e+00 0.0000e+00 0.0000e+00 0.0000e+00 0.0000e+00 5.4006e+00 4.6856e-02 0.0000e+00 0.0000e+00 -4.6856e-02 5.4519e+00 
63.0 6.1745e+00 -1.8122e+00 0.0000e+00 0.0000e+00 -1.8122e+00 5.8190e+00 0.0000e+00 0.0000e+00 0.0000e+00 0.0000e+00 5.1356e+00 6.5278e-02 0.0000e+00 0.0000e+00 -6.5278e-02 5.1914e+00 
64.0 5.9527e+00 -1.8104e+00 0.0000e+00 0.0000e+00 -1.8104e+00 5.5974e+00 0.0000e+00 0.0000e+00 0.0000e+00 0.0000e+00 4.8828e+00 8.3142e-02 0.0000e+00 0.0000e+00 -8.3142e-02 4.9431e+00 
65.0 5.7423e+00 -1.8078e+00 0.0000e+00 0.0000e+00 -1.8078e+00 5.3872e+00 0.0000e+00 0.0000e+00 0.0000e+00 0.0000e+00 4.6415e+00 1.0042e-01 0.0000e+00 0.0000e+00 -1.0042e-01 4.7063e+00 
66.0 5.5427e+00 -1.8043e+00 0.0000e+00 0.0000e+00 -1.8043e+00 5.1876e+00 0.0000e+00 0.0000e+00 0.0000e+00 0.0000e+00 4.4111e+00 1.1709e-01 0.0000e+00 0.0000e+00 -1.1709e-01 4.4804e+00 
67.0 5.3532e+00 -1.8000e+00 0.0000e+00 0.0000e+00 -1.8000e+00 4.9982e+00 0.0000e+00 0.0000e+00 0.0000e+00 0.0000e+00 4.1910e+00 1.3312e-01 0.0000e+00 0.0000e+00 -1.3312e-01 4.2647e+00 
68.0 5.1732e+00 -1.7948e+00 0.0000e+00 0.0000e+00 -1.7948e+00 4.8182e+00 0.0000e+00 0.0000e+00 0.0000e+00 0.0000e+00 3.9805e+00 1.4850e-01 0.0000e+00 0.0000e+00 -1.4850e-01 4.0588e+00 
69.0 5.0022e+00 -1.7889e+00 0.0000e+00 0.0000e+00 -1.7889e+00 4.6471e+00 0.0000e+00 0.0000e+00 0.0000e+00 0.0000e+00 3.7792e+00 1.6322e-01 0.0000e+00 0.0000e+00 -1.6322e-01 3.8619e+00 
70.0 4.8396e+00 -1.7822e+00 0.0000e+00 0.0000e+00 -1.7822e+00 4.4845e+00 0.0000e+00 0.0000e+00 0.0000e+00 0.0000e+00 3.5865e+00 1.7726e-01 0.0000e+00 0.0000e+00 -1.7726e-01 3.6737e+00 
71.0 4.6851e+00 -1.7747e+00 0.0000e+00 0.0000e+00 -1.7747e+00 4.3299e+00 0.0000e+00 0.0000e+00 0.0000e+00 0.0000e+00 3.4019e+00 1.9062e-01 0.0000e+00 0.0000e+00 -1.9062e-01 3.4935e+00 
72.0 4.5381e+00 -1.7665e+00 0.0000e+00 0.0000e+00 -1.7665e+00 4.1828e+00 0.0000e+00 0.0000e+00 0.0000e+00 0.0000e+00 3.2250e+00 2.0329e-01 0.0000e+00 0.0000e+00 -2.0329e-01 3.3211e+00 
73.0 4.3982e+00 -1.7575e+00 0.0000e+00 0.0000e+00 -1.7575e+00 4.0427e+00 0.0000e+00 0.0000e+00 0.0000e+00 0.0000e+00 3.0553e+00 2.1527e-01 0.0000e+00 0.0000e+00 -2.1527e-01 3.1559e+00 
74.0 4.2651e+00 -1.7478e+00 0.0000e+00 0.0000e+00 -1.7478e+00 3.9095e+00 0.0000e+00 0.0000e+00 0.0000e+00 0.0000e+00 2.8926e+00 2.2655e-01 0.0000e+00 0.0000e+00 -2.2655e-01 2.9975e+00 
75.0 4.1383e+00 -1.7375e+00 0.0000e+00 0.0000e+00 -1.7375e+00 3.7826e+00 0.0000e+00 0.0000e+00 0.0000e+00 0.0000e+00 2.7363e+00 2.3715e-01 0.0000e+00 0.0000e+00 -2.3715e-01 2.8457e+00 
76.0 4.0176e+00 -1.7264e+00 0.0000e+00 0.0000e+00 -1.7264e+00 3.6618e+00 0.0000e+00 0.0000e+00 0.0000e+00 0.0000e+00 2.5863e+00 2.4707e-01 0.0000e+00 0.0000e+00 -2.4707e-01 2.6999e+00 
77.0 3.9027e+00 -1.7147e+00 0.0000e+00 0.0000e+00 -1.7147e+00 3.5467e+00 0.0000e+00 0.0000e+00 0.0000e+00 0.0000e+00 2.4421e+00 2.5632e-01 0.0000e+00 0.0000e+00 -2.5632e-01 2.5600e+00 
78.0 3.7931e+00 -1.7024e+00 0.0000e+00 0.0000e+00 -1.7024e+00 3.4370e+00 0.0000e+00 0.0000e+00 0.0000e+00 0.0000e+00 2.3035e+00 2.6492e-01 0.0000e+00 0.0000e+00 -2.6492e-01 2.4256e+00 
79.0 3.6887e+00 -1.6894e+00 0.0000e+00 0.0000e+00 -1.6894e+00 3.3325e+00 0.0000e+00 0.0000e+00 0.0000e+00 0.0000e+00 2.1701e+00 2.7287e-01 0.0000e+00 0.0000e+00 -2.7287e-01 2.2964e+00 
80.0 3.5892e+00 -1.6758e+00 0.0000e+00 0.0000e+00 -1.6758e+00 3.2330e+00 0.0000e+00 0.0000e+00 0.0000e+00 0.0000e+00 2.0418e+00 2.8020e-01 0.0000e+00 0.0000e+00 -2.8020e-01 2.1721e+00 
81.0 3.4943e+00 -1.6616e+00 0.0000e+00 0.0000e+00 -1.6616e+00 3.1381e+00 0.0000e+00 0.0000e+00 0.0000e+00 0.0000e+00 1.9183e+00 2.8692e-01 0.0000e+00 0.0000e+00 -2.8692e-01 2.0526e+00 
82.0 3.4038e+00 -1.6468e+00 0.0000e+00 0.0000e+00 -1.6468e+00 3.0477e+00 0.0000e+00 0.0000e+00 0.0000e+00 0.0000e+00 1.7993e+00 2.9305e-01 0.0000e+00 0.0000e+00 -2.9305e-01 1.9375e+00 
83.0 3.3175e+00 -1.6315e+00 0.0000e+00 0.0000e+00 -1.6315e+00 2.9615e+00 0.0000e+00 0.0000e+00 0.0000e+00 0.0000e+00 1.6846e+00 2.9861e-01 0.0000e+00 0.0000e+00 -2.9861e-01 1.8266e+00 
84.0 3.2352e+00 -1.6156e+00 0.0000e+00 0.0000e+00 -1.6156e+00 2.8793e+00 0.0000e+00 0.0000e+00 0.0000e+00 0.0000e+00 1.5740e+00 3.0362e-01 0.0000e+00 0.0000e+00 -3.0362e-01 1.7197e+00 
85.0 3.1567e+00 -1.5992e+00 0.0000e+00 0.0000e+00 -1.5992e+00 2.8010e+00 0.0000e+00 0.0000e+00 0.0000e+00 0.0000e+00 1.4674e+00 3.0810e-01 0.0000e+00 0.0000e+00 -3.0810e-01 1.6167e+00 
86.0 3.0818e+00 -1.5822e+00 0.0000e+00 0.0000e+00 -1.5822e+00 2.7263e+00 0.0000e+00 0.0000e+00 0.0000e+00 0.0000e+00 1.3645e+00 3.1208e-01 0.0000e+00 0.0000e+00 -3.1208e-01 1.5173e+00 
87.0 3.0104e+00 -1.5648e+00 0.0000e+00 0.0000e+00 -1.5648e+00 2.6552e+00 0.0000e+00 0.0000e+00 0.0000e+00 0.0000e+00 1.2652e+00 3.1558e-01 0.0000e+00 0.0000e+00 -3.1558e-01 1.4214e+00 
88.0 2.9422e+00 -1.5469e+00 0.0000e+00 0.0000e+00 -1.5469e+00 2.5873e+00 0.0000e+00 0.0000e+00 0.0000e+00 0.0000e+00 1.1693e+00 3.1864e-01 0.0000e+00 0.0000e+00 -3.1864e-01 1.3287e+00 
89.0 2.8773e+00 -1.5285e+00 0.0000e+00 0.0000e+00 -1.5285e+00 2.5227e+00 0.0000e+00 0.0000e+00 0.0000e+00 0.0000e+00 1.0766e+00 3.2127e-01 0.0000e+00 0.0000e+00 -3.2127e-01 1.2393e+00 
90.0 2.8153e+00 -1.5097e+00 0.0000e+00 0.0000e+00 -1.5097e+00 2.4612e+00 0.0000e+00 0.0000e+00 0.0000e+00 0.0000e+00 9.8711e-01 3.2350e-01 0.0000e+00 0.0000e+00 -3.2350e-01 1.1529e+00 
91.0 2.7562e+00 -1.4905e+00 0.0000e+00 0.0000e+00 -1.4905e+00 2.4025e+00 0.0000e+00 0.0000e+00 0.0000e+00 0.0000e+00 9.0059e-01 3.2536e-01 0.0000e+00 0.0000e+00 -3.2536e-01 1.0693e+00 
92.0 2.6999e+00 -1.4709e+00 0.0000e+00 0.0000e+00 -1.4709e+00 2.3467e+00 0.0000e+00 0.0000e+00 0.0000e+00 0.0000e+00 8.1693e-01 3.2686e-01 0.0000e+00 0.0000e+00 -3.2686e-01 9.8858e-01 
93.0 2.6463e+00 -1.4509e+00 0.0000e+00 0.0000e+00 -1.4509e+00 2.2936e+00 0.0000e+00 0.0000e+00 0.0000e+00 0.0000e+00 7.3601e-01 3.2802e-01 0.0000e+00 0.0000e+00 -3.2802e-01 9.1045e-01 
94.0 2.5952e+00 -1.4305e+00 0.0000e+00 0.0000e+00 -1.4305e+00 2.2430e+00 0.0000e+00 0.0000e+00 0.0000e+00 0.0000e+00 6.5772e-01 3.2885e-01 0.0000e+00 0.0000e+00 -3.2885e-01 8.3485e-01 
95.0 2.5465e+00 -1.4098e+00 0.0000e+00 0.0000e+00 -1.4098e+00 2.1949e+00 0.0000e+00 0.0000e+00 0.0000e+00 0.0000e+00 5.8196e-01 3.2938e-01 0.0000e+00 0.0000e+00 -3.2938e-01 7.6168e-01 
96.0 2.5001e+00 -1.3887e+00 0.0000e+00 0.0000e+00 -1.3887e+00 2.1491e+00 0.0000e+00 0.0000e+00 0.0000e+00 0.0000e+00 5.0863e-01 3.2962e-01 0.0000e+00 0.0000e+00 -3.2962e-01 6.9082e-01 
97.0 2.4559e+00 -1.3674e+00 0.0000e+00 0.0000e+00 -1.3674e+00 2.1056e+00 0.0000e+00 0.0000e+00 0.0000e+00 0.0000e+00 4.3764e-01 3.2959e-01 0.0000e+00 0.0000e+00 -3.2959e-01 6.2219e-01 
98.0 2.4139e+00 -1.3457e+00 0.0000e+00 0.0000e+00 -1.3457e+00 2.0643e+00 0.0000e+00 0.0000e+00 0.0000e+00 0.0000e+00 3.6888e-01 3.2930e-01 0.0000e+00 0.0000e+00 -3.2930e-01 5.5569e-01 
99.0 2.3740e+00 -1.3238e+00 0.0000e+00 0.0000e+00 -1.3238e+00 2.0252e+00 0.0000e+00 0.0000e+00 0.0000e+00 0.0000e+00 3.0229e-01 3.2877e-01 0.0000e+00 0.0000e+00 -3.2877e-01 4.9124e-01 
100.0 2.3360e+00 -1.3016e+00 0.0000e+00 0.0000e+00 -1.3016e+00 1.9880e+00 0.0000e+00 0.0000e+00 0.0000e+00 0.0000e+00 2.3778e-01 3.2803e-01 0.0000e+00 0.0000e+00 -3.2803e-01 4.2874e-01 
101.0 2.2999e+00 -1.2791e+00 0.0000e+00 0.0000e+00 -1.2791e+00 1.9528e+00 0.0000e+00 0.0000e+00 0.0000e+00 0.0000e+00 1.7527e-01 3.2709e-01 0.0000e+00 0.0000e+00 -3.2709e-01 3.6813e-01 
102.0 2.2657e+00 -1.2564e+00 0.0000e+00 0.0000e+00 -1.2564e+00 1.9196e+00 0.0000e+00 0.0000e+00 0.0000e+00 0.0000e+00 1.1469e-01 3.2596e-01 0.0000e+00 0.0000e+00 -3.2596e-01 3.0933e-01 
103.0 2.2332e+00 -1.2334e+00 0.0000e+00 0.0000e+00 -1.2334e+00 1.8881e+00 0.0000e+00 0.0000e+00 0.0000e+00 0.0000e+00 5.5973e-02 3.2468e-01 0.0000e+00 0.0000e+00 -3.2468e-01 2.5228e-01 
104.0 2.2025e+00 -1.2103e+00 0.0000e+00 0.0000e+00 -1.2103e+00 1.8584e+00 0.0000e+00 0.0000e+00 0.0000e+00 0.0000e+00 -9.4177e-04 3.2324e-01 0.0000e+00 0.0000e+00 -3.2324e-01 1.9691e-01 
105.0 2.1734e+00 -1.1869e+00 0.0000e+00 0.0000e+00 -1.1869e+00 1.8304e+00 0.0000e+00 0.0000e+00 0.0000e+00 0.0000e+00 -5.6111e-02 3.2167e-01 0.0000e+00 0.0000e+00 -3.2167e-01 1.4317e-01 
106.0 2.1459e+00 -1.1634e+00 0.0000e+00 0.0000e+00 -1.1634e+00 1.8041e+00 0.0000e+00 0.0000e+00 0.0000e+00 0.0000e+00 -1.0959e-01 3.1997e-01 0.0000e+00 0.0000e+00 -3.1997e-01 9.1010e-02 
107.0 2.1199e+00 -1.1397e+00 0.0000e+00 0.0000e+00 -1.1397e+00 1.7793e+00 0.0000e+00 0.0000e+00 0.0000e+00 0.0000e+00 -1.6144e-01 3.1817e-01 0.0000e+00 0.0000e+00 -3.1817e-01 4.0381e-02 
108.0 2.0955e+00 -1.1158e+00 0.0000e+00 0.0000e+00 -1.1158e+00 1.7561e+00 0.0000e+00 0.0000e+00 0.0000e+00 0.0000e+00 -2.1170e-01 3.1626e-01 0.0000e+00 0.0000e+00 -3.1626e-01 -8.7688e-03 
109.0 2.0725e+00 -1.0918e+00 0.0000e+00 0.0000e+00 -1.0918e+00 1.7344e+00 0.0000e+00 0.0000e+00 0.0000e+00 0.0000e+00 -2.6045e-01 3.1426e-01 0.0000e+00 0.0000e+00 -3.1426e-01 -5.6488e-02 
110.0 2.0508e+00 -1.0676e+00 0.0000e+00 0.0000e+00 -1.0676e+00 1.7140e+00 0.0000e+00 0.0000e+00 0.0000e+00 0.0000e+00 -3.0774e-01 3.1216e-01 0.0000e+00 0.0000e+00 -3.1216e-01 -1.0283e-01 
111.0 2.0305e+00 -1.0434e+00 0.0000e+00 0.0000e+00 -1.0434e+00 1.6950e+00 0.0000e+00 0.0000e+00 0.0000e+00 0.0000e+00 -3.5363e-01 3.0997e-01 0.0000e+00 0.0000e+00 -3.0997e-01 -1.4783e-01 
112.0 2.0115e+00 -1.0191e+00 0.0000e+00 0.0000e+00 -1.0191e+00 1.6773e+00 0.0000e+00 0.0000e+00 0.0000e+00 0.0000e+00 -3.9818e-01 3.0769e-01 0.0000e+00 0.0000e+00 -3.0769e-01 -1.9155e-01 
113.0 1.9937e+00 -9.9468e-01 0.0000e+00 0.0000e+00 -9.9468e-01 1.6608e+00 0.0000e+00 0.0000e+00 0.0000e+00 0.0000e+00 -4.4142e-01 3.0532e-01 0.0000e+00 0.0000e+00 -3.0532e-01 -2.3402e-01 
114.0 1.9771e+00 -9.7025e-01 0.0000e+00 0.0000e+00 -9.7025e-01 1.6455e+00 0.0000e+00 0.0000e+00 0.0000e+00 0.0000e+00 -4.8342e-01 3.0285e-01 0.0000e+00 0.0000e+00 -3.0285e-01 -2.7529e-01 
115.0 1.9616e+00 -9.4578e-01 0.0000e+00 0.0000e+00 -9.4578e-01 1.6313e+00 0.0000e+00 0.0000e+00 0.0000e+00 0.0000e+00 -5.2421e-01 3.0029e-01 0.0000e+00 0.0000e+00 -3.0029e-01 -3.1540e-01 
116.0 1.9472e+00 -9.2129e-01 0.0000e+00 0.0000e+00 -9.2129e-01 1.6182e+00 0.0000e+00 0.0000e+00 0.0000e+00 0.0000e+00 -5.6385e-01 2.9764e-01 0.0000e+00 0.0000e+00 -2.9764e-01 -3.5438e-01 
117.0 1.9339e+00 -8.9681e-01 0.0000e+00 0.0000e+00 -8.9681e-01 1.6062e+00 0.0000e+00 0.0000e+00 0.0000e+00 0.0000e+00 -6.0235e-01 2.9490e-01 0.0000e+00 0.0000e+00 -2.9490e-01 -3.9227e-01 
118.0 1.9216e+00 -8.7234e-01 0.0000e+00 0.0000e+00 -8.7234e-01 1.5951e+00 0.0000e+00 0.0000e+00 0.0000e+00 0.0000e+00 -6.3975e-01 2.9207e-01 0.0000e+00 0.0000e+00 -2.9207e-01 -4.2910e-01 
119.0 1.9102e+00 -8.4790e-01 0.0000e+00 0.0000e+00 -8.4790e-01 1.5851e+00 0.0000e+00 0.0000e+00 0.0000e+00 0.0000e+00 -6.7609e-01 2.8917e-01 0.0000e+00 0.0000e+00 -2.8917e-01 -4.6490e-01 
120.0 1.8999e+00 -8.2352e-01 0.0000e+00 0.0000e+00 -8.2352e-01 1.5759e+00 0.0000e+00 0.0000e+00 0.0000e+00 0.0000e+00 -7.1140e-01 2.8618e-01 0.0000e+00 0.0000e+00 -2.8618e-01 -4.9970e-01 
121.0 1.8904e+00 -7.9921e-01 0.0000e+00 0.0000e+00 -7.9921e-01 1.5677e+00 0.0000e+00 0.0000e+00 0.0000e+00 0.0000e+00 -7.4572e-01 2.8311e-01 0.0000e+00 0.0000e+00 -2.8311e-01 -5.3355e-01 
122.0 1.8818e+00 -7.7499e-01 0.0000e+00 0.0000e+00 -7.7499e-01 1.5602e+00 0.0000e+00 0.0000e+00 0.0000e+00 0.0000e+00 -7.7908e-01 2.7993e-01 0.0000e+00 0.0000e+00 -2.7993e-01 -5.6647e-01 
123.0 1.8739e+00 -7.5086e-01 0.0000e+00 0.0000e+00 -7.5086e-01 1.5536e+00 0.0000e+00 0.0000e+00 0.0000e+00 0.0000e+00 -8.1153e-01 2.7664e-01 0.0000e+00 0.0000e+00 -2.7664e-01 -5.9850e-01 
124.0 1.8669e+00 -7.2684e-01 0.0000e+00 0.0000e+00 -7.2684e-01 1.5478e+00 0.0000e+00 0.0000e+00 0.0000e+00 0.0000e+00 -8.4308e-01 2.7325e-01 0.0000e+00 0.0000e+00 -2.7325e-01 -6.2966e-01 
125.0 1.8606e+00 -7.0293e-01 0.0000e+00 0.0000e+00 -7.0293e-01 1.5427e+00 0.0000e+00 0.0000e+00 0.0000e+00 0.0000e+00 -8.7377e-01 2.6975e-01 0.0000e+00 0.0000e+00 -2.6975e-01 -6.6000e-01 
126.0 1.8551e+00 -6.7913e-01 0.0000e+00 0.0000e+00 -6.7913e-01 1.5384e+00 0.0000e+00 0.0000e+00 0.0000e+00 0.0000e+00 -9.0362e-01 2.6615e-01 0.0000e+00 0.0000e+00 -2.6615e-01 -6.8952e-01 
127.0 1.8503e+00 -6.5546e-01 0.0000e+00 0.0000e+00 -6.5546e-01 1.5347e+00 0.0000e+00 0.0000e+00 0.0000e+00 0.0000e+00 -9.3267e-01 2.6246e-01 0.0000e+00 0.0000e+00 -2.6246e-01 -7.1826e-01 
128.0 1.8462e+00 -6.3193e-01 0.0000e+00 0.0000e+00 -6.3193e-01 1.5318e+00 0.0000e+00 0.0000e+00 0.0000e+00 0.0000e+00 -9.6095e-01 2.5866e-01 0.0000e+00 0.0000e+00 -2.5866e-01 -7.4626e-01 
129.0 1.8427e+00 -6.0854e-01 0.0000e+00 0.0000e+00 -6.0854e-01 1.5294e+00 0.0000e+00 0.0000e+00 0.0000e+00 0.0000e+00 -9.8850e-01 2.5474e-01 0.0000e+00 0.0000e+00 -2.5474e-01 -7.7355e-01 
130.0 1.8399e+00 -5.8530e-01 0.0000e+00 0.0000e+00 -5.8530e-01 1.5277e+00 0.0000e+00 0.0000e+00 0.0000e+00 0.0000e+00 -1.0154e+00 2.5070e-01 0.0000e+00 0.0000e+00 -2.5070e-01 -8.0015e-01 
131.0 1.8377e+00 -5.6222e-01 0.0000e+00 0.0000e+00 -5.6222e-01 1.5266e+00 0.0000e+00 0.0000e+00 0.0000e+00 0.0000e+00 -1.0416e+00 2.4654e-01 0.0000e+00 0.0000e+00 -2.4654e-01 -8.2612e-01 
132.0 1.8361e+00 -5.3929e-01 0.0000e+00 0.0000e+00 -5.3929e-01 1.5260e+00 0.0000e+00 0.0000e+00 0.0000e+00 0.0000e+00 -1.0671e+00 2.4230e-01 0.0000e+00 0.0000e+00 -2.4230e-01 -8.5147e-01 
133.0 1.8351e+00 -5.1654e-01 0.0000e+00 0.0000e+00 -5.1654e-01 1.5260e+00 0.0000e+00 0.0000e+00 0.0000e+00 0.0000e+00 -1.0921e+00 2.3798e-01 0.0000e+00 0.0000e+00 -2.3798e-01 -8.7622e-01 
134.0 1.8346e+00 -4.9397e-01 0.0000e+00 0.0000e+00 -4.9397e-01 1.5266e+00 0.0000e+00 0.0000e+00 0.0000e+00 0.0000e+00 -1.1165e+00 2.3359e-01 0.0000e+00 0.0000e+00 -2.3359e-01 -9.0040e-01 
135.0 1.8348e+00 -4.7161e-01 0.0000e+00 0.0000e+00 -4.7161e-01 1.5277e+00 0.0000e+00 0.0000e+00 0.0000e+00 0.0000e+00 -1.1403e+00 2.2915e-01 0.0000e+00 0.0000e+00 -2.2915e-01 -9.2403e-01 
136.0 1.8356e+00 -4.4948e-01 0.0000e+00 0.0000e+00 -4.4948e-01 1.5294e+00 0.0000e+00 0.0000e+00 0.0000e+00 0.0000e+00 -1.1636e+00 2.2466e-01 0.0000e+00 0.0000e+00 -2.2466e-01 -9.4711e-01 
137.0 1.8369e+00 -4.2758e-01 0.0000e+00 0.0000e+00 -4.2758e-01 1.5316e+00 0.0000e+00 0.0000e+00 0.0000e+00 0.0000e+00 -1.1863e+00 2.2011e-01 0.0000e+00 0.0000e+00 -2.2011e-01 -9.6968e-01 
138.0 1.8387e+00 -4.0592e-01 0.0000e+00 0.0000e+00 -4.0592e-01 1.5344e+00 0.0000e+00 0.0000e+00 0.0000e+00 0.0000e+00 -1.2085e+00 2.1552e-01 0.0000e+00 0.0000e+00 -2.1552e-01 -9.9175e-01 
139.0 1.8410e+00 -3.8453e-01 0.0000e+00 0.0000e+00 -3.8453e-01 1.5377e+00 0.0000e+00 0.0000e+00 0.0000e+00 0.0000e+00 -1.2302e+00 2.1090e-01 0.0000e+00 0.0000e+00 -2.1090e-01 -1.0133e+00 
140.0 1.8439e+00 -3.6342e-01 0.0000e+00 0.0000e+00 -3.6342e-01 1.5415e+00 0.0000e+00 0.0000e+00 0.0000e+00 0.0000e+00 -1.2514e+00 2.0626e-01 0.0000e+00 0.0000e+00 -2.0626e-01 -1.0345e+00 
141.0 1.8472e+00 -3.4263e-01 0.0000e+00 0.0000e+00 -3.4263e-01 1.5459e+00 0.0000e+00 0.0000e+00 0.0000e+00 0.0000e+00 -1.2721e+00 2.0160e-01 0.0000e+00 0.0000e+00 -2.0160e-01 -1.0552e+00 
142.0 1.8510e+00 -3.2216e-01 0.0000e+00 0.0000e+00 -3.2216e-01 1.5507e+00 0.0000e+00 0.0000e+00 0.0000e+00 0.0000e+00 -1.2923e+00 1.9694e-01 0.0000e+00 0.0000e+00 -1.9694e-01 -1.0754e+00 
143.0 1.8553e+00 -3.0204e-01 0.0000e+00 0.0000e+00 -3.0204e-01 1.5560e+00 0.0000e+00 0.0000e+00 0.0000e+00 0.0000e+00 -1.3120e+00 1.9229e-01 0.0000e+00 0.0000e+00 -1.9229e-01 -1.0953e+00 
144.0 1.8600e+00 -2.8229e-01 0.0000e+00 0.0000e+00 -2.8229e-01 1.5618e+00 0.0000e+00 0.0000e+00 0.0000e+00 0.0000e+00 -1.3313e+00 1.8764e-01 0.0000e+00 0.0000e+00 -1.8764e-01 -1.1147e+00 
145.0 1.8651e+00 -2.6293e-01 0.0000e+00 0.0000e+00 -2.6293e-01 1.5680e+00 0.0000e+00 0.0000e+00 0.0000e+00 0.0000e+00 -1.3502e+00 1.8297e-01 0.0000e+00 0.0000e+00 -1.8297e-01 -1.1337e+00 
146.0 1.8706e+00 -2.4398e-01 0.0000e+00 0.0000e+00 -2.4398e-01 1.5745e+00 0.0000e+00 0.0000e+00 0.0000e+00 0.0000e+00 -1.3686e+00 1.7823e-01 0.0000e+00 0.0000e+00 -1.7823e-01 -1.1523e+00 
147.0 1.8764e+00 -2.2545e-01 0.0000e+00 0.0000e+00 -2.2545e-01 1.5813e+00 0.0000e+00 0.0000e+00 0.0000e+00 0.0000e+00 -1.3866e+00 1.7341e-01 0.0000e+00 0.0000e+00 -1.7341e-01 -1.1705e+00 
148.0 1.8825e+00 -2.0734e-01 0.0000e+00 0.0000e+00 -2.0734e-01 1.5884e+00 0.0000e+00 0.0000e+00 0.0000e+00 0.0000e+00 -1.4043e+00 1.6850e-01 0.0000e+00 0.0000e+00 -1.6850e-01 -1.1883e+00 
149.0 1.8890e+00 -1.8965e-01 0.0000e+00 0.0000e+00 -1.8965e-01 1.5959e+00 0.0000e+00 0.0000e+00 0.0000e+00 0.0000e+00 -1.4216e+00 1.6357e-01 0.0000e+00 0.0000e+00 -1.6357e-01 -1.2057e+00 
150.0 1.8960e+00 -1.7242e-01 0.0000e+00 0.0000e+00 -1.7242e-01 1.6037e+00 0.0000e+00 0.0000e+00 0.0000e+00 0.0000e+00 -1.4385e+00 1.5866e-01 0.0000e+00 0.0000e+00 -1.5866e-01 -1.2226e+00 
151.0 1.9034e+00 -1.5568e-01 0.0000e+00 0.0000e+00 -1.5568e-01 1.6120e+00 0.0000e+00 0.0000e+00 0.0000e+00 0.0000e+00 -1.4550e+00 1.5380e-01 0.0000e+00 0.0000e+00 -1.5380e-01 -1.2391e+00 
152.0 1.9113e+00 -1.3944e-01 0.0000e+00 0.0000e+00 -1.3944e-01 1.6206e+00 0.0000e+00 0.0000e+00 0.0000e+00 0.0000e+00 -1.4711e+00 1.4897e-01 0.0000e+00 0.0000e+00 -1.4897e-01 -1.2552e+00 
153.0 1.9195e+00 -1.2374e-01 0.0000e+00 0.0000e+00 -1.2374e-01 1.6296e+00 0.0000e+00 0.0000e+00 0.0000e+00 0.0000e+00 -1.4868e+00 1.4410e-01 0.0000e+00 0.0000e+00 -1.4410e-01 -1.2708e+00 
154.0 1.9280e+00 -1.0857e-01 0.0000e+00 0.0000e+00 -1.0857e-01 1.6387e+00 0.0000e+00 0.0000e+00 0.0000e+00 0.0000e+00 -1.5021e+00 1.3914e-01 0.0000e+00 0.0000e+00 -1.3914e-01 -1.2858e+00 
155.0 1.9369e+00 -9.3895e-02 0.0000e+00 0.0000e+00 -9.3895e-02 1.6482e+00 0.0000e+00 0.0000e+00 0.0000e+00 0.0000e+00 -1.5170e+00 1.3408e-01 0.0000e+00 0.0000e+00 -1.3408e-01 -1.3004e+00 
156.0 1.9462e+00 -7.9688e-02 0.0000e+00 0.0000e+00 -7.9688e-02 1.6580e+00 0.0000e+00 0.0000e+00 0.0000e+00 0.0000e+00 -1.5314e+00 1.2893e-01 0.0000e+00 0.0000e+00 -1.2893e-01 -1.3146e+00 
157.0 1.9559e+00 -6.5938e-02 0.0000e+00 0.0000e+00 -6.5938e-02 1.6683e+00 0.0000e+00 0.0000e+00 0.0000e+00 0.0000e+00 -1.5454e+00 1.2367e-01 0.0000e+00 0.0000e+00 -1.2367e-01 -1.3282e+00 
158.0 1.9659e+00 -5.2678e-02 0.0000e+00 0.0000e+00 -5.2678e-02 1.6790e+00 0.0000e+00 0.0000e+00 0.0000e+00 0.0000e+00 -1.5588e+00 1.1822e-01 0.0000e+00 0.0000e+00 -1.1822e-01 -1.3415e+00 
159.0 1.9761e+00 -3.9972e-02 0.0000e+00 0.0000e+00 -3.9972e-02 1.6900e+00 0.0000e+00 0.0000e+00 0.0000e+00 0.0000e+00 -1.5717e+00 1.1240e-01 0.0000e+00 0.0000e+00 -1.1240e-01 -1.3543e+00 
160.0 1.9861e+00 -2.7903e-02 0.0000e+00 0.0000e+00 -2.7903e-02 1.7011e+00 0.0000e+00 0.0000e+00 0.0000e+00 0.0000e+00 -1.5841e+00 1.0599e-01 0.0000e+00 0.0000e+00 -1.0599e-01 -1.3669e+00 
161.0 1.9959e+00 -1.6563e-02 0.0000e+00 0.0000e+00 -1.6563e-02 1.7119e+00 0.0000e+00 0.0000e+00 0.0000e+00 0.0000e+00 -1.5961e+00 9.8790e-02 0.0000e+00 0.0000e+00 -9.8790e-02 -1.3792e+00 
162.0 2.0053e+00 -6.0539e-03 0.0000e+00 0.0000e+00 -6.0539e-03 1.7224e+00 0.0000e+00 0.0000e+00 0.0000e+00 0.0000e+00 -1.6078e+00 9.0615e-02 0.0000e+00 0.0000e+00 -9.0615e-02 -1.3913e+00 
163.0 2.0143e+00 3.5042e-03 0.0000e+00 0.0000e+00 3.5042e-03 1.7324e+00 0.0000e+00 0.0000e+00 0.0000e+00 0.0000e+00 -1.6193e+00 8.1311e-02 0.0000e+00 0.0000e+00 -8.1311e-02 -1.4031e+00 
164.0 2.0229e+00 1.1988e-02 0.0000e+00 0.0000e+00 1.1988e-02 1.7418e+00 0.0000e+00 0.0000e+00 0.0000e+00 0.0000e+00 -1.6307e+00 7.0735e-02 0.0000e+00 0.0000e+00 -7.0735e-02 -1.4146e+00 
165.0 2.0313e+00 1.9284e-02 0.0000e+00 0.0000e+00 1.9284e-02 1.7504e+00 0.0000e+00 0.0000e+00 0.0000e+00 0.0000e+00 -1.6421e+00 5.8784e-02 0.0000e+00 0.0000e+00 -5.8784e-02 -1.4255e+00 
166.0 2.0397e+00 2.5297e-02 0.0000e+00 0.0000e+00 2.5297e-02 1.7582e+00 0.0000e+00 0.0000e+00 0.0000e+00 0.0000e+00 -1.6538e+00 4.5428e-02 0.0000e+00 0.0000e+00 -4.5428e-02 -1.4357e+00 
167.0 2.0487e+00 2.9926e-02 0.0000e+00 0.0000e+00 2.9926e-02 1.7654e+00 0.0000e+00 0.0000e+00 0.0000e+00 0.0000e+00 -1.6659e+00 3.0739e-02 0.0000e+00 0.0000e+00 -3.0739e-02 -1.4450e+00 
168.0 2.0587e+00 3.3032e-02 0.0000e+00 0.0000e+00 3.3032e-02 1.7720e+00 0.0000e+00 0.0000e+00 0.0000e+00 0.0000e+00 -1.6791e+00 1.4860e-02 0.0000e+00 0.0000e+00 -1.4860e-02 -1.4531e+00 
169.0 2.0704e+00 3.4419e-02 0.0000e+00 0.0000e+00 3.4419e-02 1.7780e+00 0.0000e+00 0.0000e+00 0.0000e+00 0.0000e+00 -1.6938e+00 -1.9694e-03 0.0000e+00 0.0000e+00 1.9694e-03 -1.4598e+00 
170.0 2.0851e+00 3.3868e-02 0.0000e+00 0.0000e+00 3.3868e-02 1.7835e+00 0.0000e+00 0.0000e+00 0.0000e+00 0.0000e+00 -1.7110e+00 -1.9254e-02 0.0000e+00 0.0000e+00 1.9254e-02 -1.4646e+00 
171.0 2.1045e+00 3.1235e-02 0.0000e+00 0.0000e+00 3.1235e-02 1.7890e+00 0.0000e+00 0.0000e+00 0.0000e+00 0.0000e+00 -1.7316e+00 -3.5939e-02 0.0000e+00 0.0000e+00 3.5939e-02 -1.4669e+00 
172.0 2.1311e+00 2.6613e-02 0.0000e+00 0.0000e+00 2.6613e-02 1.7956e+00 0.0000e+00 0.0000e+00 0.0000e+00 0.0000e+00 -1.7565e+00 -5.0177e-02 0.0000e+00 0.0000e+00 5.0177e-02 -1.4662e+00 
173.0 2.1679e+00 2.0505e-02 0.0000e+00 0.0000e+00 2.0505e-02 1.8054e+00 0.0000e+00 0.0000e+00 0.0000e+00 0.0000e+00 -1.7862e+00 -5.9407e-02 0.0000e+00 0.0000e+00 5.9407e-02 -1.4619e+00 
174.0 2.2170e+00 1.3865e-02 0.0000e+00 0.0000e+00 1.3865e-02 1.8203e+00 0.0000e+00 0.0000e+00 0.0000e+00 0.0000e+00 -1.8206e+00 -6.1109e-02 0.0000e+00 0.0000e+00 6.1109e-02 -1.4540e+00 
175.0 2.2781e+00 7.8664e-03 0.0000e+00 0.0000e+00 7.8664e-03 1.8416e+00 0.0000e+00 0.0000e+00 0.0000e+00 0.0000e+00 -1.8579e+00 -5.3985e-02 0.0000e+00 0.0000e+00 5.3985e-02 -1.4431e+00 
176.0 2.3462e+00 3.4875e-03 0.0000e+00 0.0000e+00 3.4875e-03 1.8682e+00 0.0000e+00 0.0000e+00 0.0000e+00 0.0000e+00 -1.8952e+00 -3.9286e-02 0.0000e+00 0.0000e+00 3.9286e-02 -1.4307e+00 
177.0 2.4109e+00 1.0995e-03 0.0000e+00 0.0000e+00 1.0995e-03 1.8956e+00 0.0000e+00 0.0000e+00 0.0000e+00 0.0000e+00 -1.9277e+00 -2.1245e-02 0.0000e+00 0.0000e+00 2.1245e-02 -1.4188e+00 
178.0 2.4586e+00 2.6022e-04 0.0000e+00 0.0000e+00 2.6022e-04 1.9168e+00 0.0000e+00 0.0000e+00 0.0000e+00 0.0000e+00 -1.9503e+00 -6.1934e-03 0.0000e+00 0.0000e+00 6.1934e-03 -1.4100e+00 
179.0 2.4769e+00 -2.2895e-21 0.0000e+00 0.0000e+00 -2.2895e-21 1.9250e+00 0.0000e+00 0.0000e+00 0.0000e+00 0.0000e+00 -1.9586e+00 -1.0217e-19 0.0000e+00 0.0000e+00 1.0217e-19 -1.4065e+00 
180.0 2.4950e+00 0.0000e+00 0.0000e+00 0.0000e+00 0.0000e+00 1.9330e+00 0.0000e+00 0.0000e+00 0.0000e+00 0.0000e+00 -1.9666e+00 0.0000e+00 0.0000e+00 0.0000e+00 -0.0000e+00 -1.4034e+00 
