0.7601 1.1191 0.3590 0.025814
theta s11 s12 s13 s14 s21 s22 s23 s24 s31 s32 s33 s34 s41 s42 s43 s44
0.0 9.9405e+03 0.0000e+00 0.0000e+00 0.0000e+00 0.0000e+00 9.9385e+03 0.0000e+00 0.0000e+00 0.0000e+00 0.0000e+00 9.9385e+03 0.0000e+00 0.0000e+00 0.0000e+00 -0.0000e+00 9.9365e+03 
1.0 8.5068e+03 -6.8515e-01 0.0000e+00 0.0000e+00 -6.8515e-01 8.5048e+03 0.0000e+00 0.0000e+00 0.0000e+00 0.0000e+00 8.5048e+03 -4.2328e+00 0.0000e+00 0.0000e+00 4.2328e+00 8.5029e+03 
2.0 5.9142e+03 -1.6219e+00 0.0000e+00 0.0000e+00 -1.6219e+00 5.9123e+03 0.0000e+00 0.0000e+00 0.0000e+00 0.0000e+00 5.9122e+03 -1.3325e+01 0.0000e+00 0.0000e+00 1.3325e+01 5.9103e+03 
3.0 3.8369e+03 -2.0179e+00 0.0000e+00 0.0000e+00 -2.0179e+00 3.8350e+03 0.0000e+00 0.0000e+00 0.0000e+00 0.0000e+00 3.8348e+03 -2.0912e+01 0.0000e+00 0.0000e+00 2.0912e+01 3.8330e+03 
4.0 2.4966e+03 -2.1039e+00 0.0000e+00 0.0000e+00 -2.1039e+00 2.4948e+03 0.0000e+00 0.0000e+00 0.0000e+00 0.0000e+00 2.4944e+03 -2.4237e+01 0.0000e+00 0.0000e+00 2.4237e+01 2.4927e+03 
5.0 1.6815e+03 -2.1325e+00 0.0000e+00 0.0000e+00 -2.1325e+00 1.6798e+03 0.0000e+00 0.0000e+00 0.0000e+00 0.0000e+00 1.6793e+03 -2.4288e+01 0.0000e+00 0.0000e+00 2.4288e+01 1.6776e+03 
6.0 1.1835e+03 -2.2047e+00 0.0000e+00 0.0000e+00 -2.2047e+00 1.1819e+03 0.0000e+00 0.0000e+00 0.0000e+00 0.0000e+00 1.1812e+03 -2.2678e+01 0.0000e+00 0.0000e+00 2.2678e+01 1.1796e+03 
7.0 8.7120e+02 -2.3502e+00 0.0000e+00 0.0000e+00 -2.3502e+00 8.6963e+02 0.0000e+00 0.0000e+00 0.0000e+00 0.0000e+00 8.6880e+02 -2.0376e+01 0.0000e+00 0.0000e+00 2.0376e+01 8.6729e+02 
8.0 6.6909e+02 -2.5611e+00 0.0000e+00 0.0000e+00 -2.5611e+00 6.6757e+02 0.0000e+00 0.0000e+00 0.0000e+00 0.0000e+00 6.6667e+02 -1.7928e+01 0.0000e+00 0.0000e+00 1.7928e+01 6.6522e+02 
9.0 5.3379e+02 -2.8144e+00 0.0000e+00 0.0000e+00 -2.8144e+00 5.3231e+02 0.0000e+00 0.0000e+00 0.0000e+00 0.0000e+00 5.3136e+02 -1.5616e+01 0.0000e+00 0.0000e+00 1.5616e+01 5.2997e+02 
10.0 4.4002e+02 -3.0879e+00 0.0000e+00 0.0000e+00 -3.0879e+00 4.3858e+02 0.0000e+00 0.0000e+00 0.0000e+00 0.0000e+00 4.3759e+02 -1.3555e+01 0.0000e+00 0.0000e+00 1.3555e+01 4.3625e+02 
11.0 3.7290e+02 -3.3638e+00 0.0000e+00 0.0000e+00 -3.3638e+00 3.7149e+02 0.0000e+00 0.0000e+00 0.0000e+00 0.0000e+00 3.7048e+02 -1.1783e+01 0.0000e+00 0.0000e+00 1.1783e+01 3.6919e+02 
12.0 3.2327e+02 -3.6309e+00 0.0000e+00 0.0000e+00 -3.6309e+00 3.2188e+02 0.0000e+00 0.0000e+00 0.0000e+00 0.0000e+00 3.2086e+02 -1.0294e+01 0.0000e+00 0.0000e+00 1.0294e+01 3.1961e+02 
13.0 2.8543e+02 -3.8891e+00 0.0000e+00 0.0000e+00 -3.8891e+00 2.8407e+02 0.0000e+00 0.0000e+00 0.0000e+00 0.0000e+00 2.8304e+02 -9.0593e+00 0.0000e+00 0.0000e+00 9.0593e+00 2.8183e+02 
14.0 2.5590e+02 -4.1279e+00 0.0000e+00 0.0000e+00 -4.1279e+00 2.5456e+02 0.0000e+00 0.0000e+00 0.0000e+00 0.0000e+00 2.5353e+02 -8.0705e+00 0.0000e+00 0.0000e+00 8.0705e+00 2.5236e+02 
15.0 2.3221e+02 -4.3605e+00 0.0000e+00 0.0000e+00 -4.3605e+00 2.3089e+02 0.0000e+00 0.0000e+00 0.0000e+00 0.0000e+00 2.2986e+02 -7.2600e+00 0.0000e+00 0.0000e+00 7.2600e+00 2.2872e+02 
16.0 2.1278e+02 -4.5854e+00 0.0000e+00 0.0000e+00 -4.5854e+00 2.1148e+02 0.0000e+00 0.0000e+00 0.0000e+00 0.0000e+00 2.1044e+02 -6.5984e+00 0.0000e+00 0.0000e+00 6.5984e+00 2.0934e+02 
17.0 1.9650e+02 -4.8034e+00 0.0000e+00 0.0000e+00 -4.8034e+00 1.9522e+02 0.0000e+00 0.0000e+00 0.0000e+00 0.0000e+00 1.9417e+02 -6.0586e+00 0.0000e+00 0.0000e+00 6.0586e+00 1.9311e+02 
18.0 1.8255e+02 -5.0157e+00 0.0000e+00 0.0000e+00 -5.0157e+00 1.8129e+02 0.0000e+00 0.0000e+00 0.0000e+00 0.0000e+00 1.8024e+02 -5.6157e+00 0.0000e+00 0.0000e+00 5.6157e+00 1.7920e+02 
19.0 1.7039e+02 -5.2247e+00 0.0000e+00 0.0000e+00 -5.2247e+00 1.6914e+02 0.0000e+00 0.0000e+00 0.0000e+00 0.0000e+00 1.6867e+02 -5.2433e+00 0.0000e+00 0.0000e+00 5.2433e+00 1.6767e+02 
20.0 1.5965e+02 -5.4333e+00 0.0000e+00 0.0000e+00 -5.4333e+00 1.5842e+02 0.0000e+00 0.0000e+00 0.0000e+00 0.0000e+00 1.5846e+02 -4.9222e+00 0.0000e+00 0.0000e+00 4.9222e+00 1.5749e+02 
21.0 1.5010e+02 -5.6439e+00 0.0000e+00 0.0000e+00 -5.6439e+00 1.4888e+02 0.0000e+00 0.0000e+00 0.0000e+00 0.0000e+00 1.4937e+02 -4.6422e+00 0.0000e+00 0.0000e+00 4.6422e+00 1.4842e+02 
22.0 1.4154e+02 -5.8583e+00 0.0000e+00 0.0000e+00 -5.8583e+00 1.4034e+02 0.0000e+00 0.0000e+00 0.0000e+00 0.0000e+00 1.4122e+02 -4.3974e+00 0.0000e+00 0.0000e+00 4.3974e+00 1.4030e+02 
23.0 1.3381e+02 -6.0767e+00 0.0000e+00 0.0000e+00 -6.0767e+00 1.3262e+02 0.0000e+00 0.0000e+00 0.0000e+00 0.0000e+00 1.3386e+02 -4.1823e+00 0.0000e+00 0.0000e+00 4.1823e+00 1.3297e+02 
24.0 1.2677e+02 -6.2979e+00 0.0000e+00 0.0000e+00 -6.2979e+00 1.2560e+02 0.0000e+00 0.0000e+00 0.0000e+00 0.0000e+00 1.2715e+02 -3.9914e+00 0.0000e+00 0.0000e+00 3.9914e+00 1.2628e+02 
25.0 1.2031e+02 -6.5194e+00 0.0000e+00 0.0000e+00 -6.5194e+00 1.1915e+02 0.0000e+00 0.0000e+00 0.0000e+00 0.0000e+00 1.2099e+02 -3.8205e+00 0.0000e+00 0.0000e+00 3.8205e+00 1.2014e+02 
26.0 1.1434e+02 -6.7383e+00 0.0000e+00 0.0000e+00 -6.7383e+00 1.1319e+02 0.0000e+00 0.0000e+00 0.0000e+00 0.0000e+00 1.1529e+02 -3.6667e+00 0.0000e+00 0.0000e+00 3.6667e+00 1.1445e+02 
27.0 1.0879e+02 -6.9528e+00 0.0000e+00 0.0000e+00 -6.9528e+00 1.0765e+02 0.0000e+00 0.0000e+00 0.0000e+00 0.0000e+00 1.0997e+02 -3.5275e+00 0.0000e+00 0.0000e+00 3.5275e+00 1.0916e+02 
28.0 1.0361e+02 -7.1621e+00 0.0000e+00 0.0000e+00 -7.1621e+00 1.0248e+02 0.0000e+00 0.0000e+00 0.0000e+00 0.0000e+00 1.0501e+02 -3.3999e+00 0.0000e+00 0.0000e+00 3.3999e+00 1.0421e+02 
29.0 9.8751e+01 -7.3668e+00 0.0000e+00 0.0000e+00 -7.3668e+00 9.7632e+01 0.0000e+00 0.0000e+00 0.0000e+00 0.0000e+00 1.0035e+02 -3.2809e+00 0.0000e+00 0.0000e+00 3.2809e+00 9.9571e+01 
30.0 9.4196e+01 -7.5673e+00 0.0000e+00 0.0000e+00 -7.5673e+00 9.3089e+01 0.0000e+00 0.0000e+00 0.0000e+00 0.0000e+00 9.5973e+01 -3.1686e+00 0.0000e+00 0.0000e+00 3.1686e+00 9.5210e+01 
31.0 8.9918e+01 -7.7636e+00 0.0000e+00 0.0000e+00 -7.7636e+00 8.8822e+01 0.0000e+00 0.0000e+00 0.0000e+00 0.0000e+00 9.1432e+01 -3.0624e+00 0.0000e+00 0.0000e+00 3.0624e+00 9.0692e+01 
32.0 8.5890e+01 -7.9550e+00 0.0000e+00 0.0000e+00 -7.9550e+00 8.4806e+01 0.0000e+00 0.0000e+00 0.0000e+00 0.0000e+00 8.7152e+01 -2.9629e+00 0.0000e+00 0.0000e+00 2.9629e+00 8.6434e+01 
33.0 8.2089e+01 -8.1403e+00 0.0000e+00 0.0000e+00 -8.1403e+00 8.1016e+01 0.0000e+00 0.0000e+00 0.0000e+00 0.0000e+00 8.3108e+01 -2.8702e+00 0.0000e+00 0.0000e+00 2.8702e+00 8.2411e+01 
34.0 7.8491e+01 -8.3182e+00 0.0000e+00 0.0000e+00 -8.3182e+00 7.7429e+01 0.0000e+00 0.0000e+00 0.0000e+00 0.0000e+00 7.9277e+01 -2.7837e+00 0.0000e+00 0.0000e+00 2.7837e+00 7.8602e+01 
35.0 7.5077e+01 -8.4880e+00 0.0000e+00 0.0000e+00 -8.4880e+00 7.4026e+01 0.0000e+00 0.0000e+00 0.0000e+00 0.0000e+00 7.5640e+01 -2.7023e+00 0.0000e+00 0.0000e+00 2.7023e+00 7.4986e+01 
36.0 7.1833e+01 -8.6494e+00 0.0000e+00 0.0000e+00 -8.6494e+00 7.0792e+01 0.0000e+00 0.0000e+00 0.0000e+00 0.0000e+00 7.2181e+01 -2.6248e+00 0.0000e+00 0.0000e+00 2.6248e+00 7.1548e+01 
37.0 6.8747e+01 -8.8024e+00 0.0000e+00 0.0000e+00 -8.8024e+00 6.7717e+01 0.0000e+00 0.0000e+00 0.0000e+00 0.0000e+00 6.8888e+01 -2.5496e+00 0.0000e+00 0.0000e+00 2.5496e+00 6.8275e+01 
38.0 6.5811e+01 -8.9477e+00 0.0000e+00 0.0000e+00 -8.9477e+00 6.4792e+01 0.0000e+00 0.0000e+00 0.0000e+00 0.0000e+00 6.5752e+01 -2.4754e+00 0.0000e+00 0.0000e+00 2.4754e+00 6.5158e+01 
39.0 6.3020e+01 -9.0857e+00 0.0000e+00 0.0000e+00 -9.0857e+00 6.2010e+01 0.0000e+00 0.0000e+00 0.0000e+00 0.0000e+00 6.2764e+01 -2.4016e+00 0.0000e+00 0.0000e+00 2.4016e+00 6.2191e+01 
40.0 6.0366e+01 -9.2168e+00 0.0000e+00 0.0000e+00 -9.2168e+00 5.9367e+01 0.0000e+00 0.0000e+00 0.0000e+00 0.0000e+00 5.9920e+01 -2.3285e+00 0.0000e+00 0.0000e+00 2.3285e+00 5.9365e+01 
41.0 5.7844e+01 -9.3411e+00 0.0000e+00 0.0000e+00 -9.3411e+00 5.6855e+01 0.0000e+00 0.0000e+00 0.0000e+00 0.0000e+00 5.7210e+01 -2.2565e+00 0.0000e+00 0.0000e+00 2.2565e+00 5.6674e+01 
42.0 5.5445e+01 -9.4584e+00 0.0000e+00 0.0000e+00 -9.4584e+00 5.4466e+01 0.0000e+00 0.0000e+00 0.0000e+00 0.0000e+00 5.4626e+01 -2.1861e+00 0.0000e+00 0.0000e+00 2.1861e+00 5.4109e+01 
43.0 5.3161e+01 -9.5682e+00 0.0000e+00 0.0000e+00 -9.5682e+00 5.2192e+01 0.0000e+00 0.0000e+00 0.0000e+00 0.0000e+00 5.2161e+01 -2.1174e+00 0.0000e+00 0.0000e+00 2.1174e+00 5.1662e+01 
44.0 5.0985e+01 -9.6702e+00 0.0000e+00 0.0000e+00 -9.6702e+00 5.0026e+01 0.0000e+00 0.0000e+00 0.0000e+00 0.0000e+00 4.9806e+01 -2.0504e+00 0.0000e+00 0.0000e+00 2.0504e+00 4.9324e+01 
45.0 4.8910e+01 -9.7642e+00 0.0000e+00 0.0000e+00 -9.7642e+00 4.7960e+01 0.0000e+00 0.0000e+00 0.0000e+00 0.0000e+00 4.7555e+01 -1.9846e+00 0.0000e+00 0.0000e+00 1.9846e+00 4.7091e+01 
46.0 4.6930e+01 -9.8504e+00 0.0000e+00 0.0000e+00 -9.8504e+00 4.5990e+01 0.0000e+00 0.0000e+00 0.0000e+00 0.0000e+00 4.5401e+01 -1.9196e+00 0.0000e+00 0.0000e+00 1.9196e+00 4.4954e+01 
47.0 4.5041e+01 -9.9290e+00 0.0000e+00 0.0000e+00 -9.9290e+00 4.4110e+01 0.0000e+00 0.0000e+00 0.0000e+00 0.0000e+00 4.3341e+01 -1.8553e+00 0.0000e+00 0.0000e+00 1.8553e+00 4.2911e+01 
48.0 4.3238e+01 -1.0000e+01 0.0000e+00 0.0000e+00 -1.0000e+01 4.2315e+01 0.0000e+00 0.0000e+00 0.0000e+00 0.0000e+00 4.1369e+01 -1.7914e+00 0.0000e+00 0.0000e+00 1.7914e+00 4.0955e+01 
49.0 4.1516e+01 -1.0064e+01 0.0000e+00 0.0000e+00 -1.0064e+01 4.0603e+01 0.0000e+00 0.0000e+00 0.0000e+00 0.0000e+00 3.9481e+01 -1.7283e+00 0.0000e+00 0.0000e+00 1.7283e+00 3.9084e+01 
50.0 3.9873e+01 -1.0120e+01 0.0000e+00 0.0000e+00 -1.0120e+01 3.8969e+01 0.0000e+00 0.0000e+00 0.0000e+00 0.0000e+00 3.7674e+01 -1.6661e+00 0.0000e+00 0.0000e+00 1.6661e+00 3.7293e+01 
51.0 3.8305e+01 -1.0169e+01 0.0000e+00 0.0000e+00 -1.0169e+01 3.7409e+01 0.0000e+00 0.0000e+00 0.0000e+00 0.0000e+00 3.5943e+01 -1.6050e+00 0.0000e+00 0.0000e+00 1.6050e+00 3.5578e+01 
52.0 3.6807e+01 -1.0211e+01 0.0000e+00 0.0000e+00 -1.0211e+01 3.5919e+01 0.0000e+00 0.0000e+00 0.0000e+00 0.0000e+00 3.4285e+01 -1.5449e+00 0.0000e+00 0.0000e+00 1.5449e+00 3.3935e+01 
53.0 3.5376e+01 -1.0246e+01 0.0000e+00 0.0000e+00 -1.0246e+01 3.4497e+01 0.0000e+00 0.0000e+00 0.0000e+00 0.0000e+00 3.2695e+01 -1.4856e+00 0.0000e+00 0.0000e+00 1.4856e+00 3.2360e+01 
54.0 3.4009e+01 -1.0273e+01 0.0000e+00 0.0000e+00 -1.0273e+01 3.3138e+01 0.0000e+00 0.0000e+00 0.0000e+00 0.0000e+00 3.1171e+01 -1.4269e+00 0.0000e+00 0.0000e+00 1.4269e+00 3.0851e+01 
55.0 3.2703e+01 -1.0294e+01 0.0000e+00 0.0000e+00 -1.0294e+01 3.1841e+01 0.0000e+00 0.0000e+00 0.0000e+00 0.0000e+00 2.9709e+01 -1.3687e+00 0.0000e+00 0.0000e+00 1.3687e+00 2.9404e+01 
56.0 3.1457e+01 -1.0308e+01 0.0000e+00 0.0000e+00 -1.0308e+01 3.0602e+01 0.0000e+00 0.0000e+00 0.0000e+00 0.0000e+00 2.8307e+01 -1.3113e+00 0.0000e+00 0.0000e+00 1.3113e+00 2.8017e+01 
57.0 3.0266e+01 -1.0315e+01 0.0000e+00 0.0000e+00 -1.0315e+01 2.9419e+01 0.0000e+00 0.0000e+00 0.0000e+00 0.0000e+00 2.6962e+01 -1.2546e+00 0.0000e+00 0.0000e+00 1.2546e+00 2.6686e+01 
58.0 2.9129e+01 -1.0316e+01 0.0000e+00 0.0000e+00 -1.0316e+01 2.8289e+01 0.0000e+00 0.0000e+00 0.0000e+00 0.0000e+00 2.5671e+01 -1.1988e+00 0.0000e+00 0.0000e+00 1.1988e+00 2.5409e+01 
59.0 2.8043e+01 -1.0311e+01 0.0000e+00 0.0000e+00 -1.0311e+01 2.7211e+01 0.0000e+00 0.0000e+00 0.0000e+00 0.0000e+00 2.4432e+01 -1.1438e+00 0.0000e+00 0.0000e+00 1.1438e+00 2.4184e+01 
60.0 2.7006e+01 -1.0299e+01 0.0000e+00 0.0000e+00 -1.0299e+01 2.6181e+01 0.0000e+00 0.0000e+00 0.0000e+00 0.0000e+00 2.3243e+01 -1.0895e+00 0.0000e+00 0.0000e+00 1.0895e+00 2.3008e+01 
61.0 2.6015e+01 -1.0282e+01 0.0000e+00 0.0000e+00 -1.0282e+01 2.5197e+01 0.0000e+00 0.0000e+00 0.0000e+00 0.0000e+00 2.2100e+01 -1.0359e+00 0.0000e+00 0.0000e+00 1.0359e+00 2.1879e+01 
62.0 2.5069e+01 -1.0259e+01 0.0000e+00 0.0000e+00 -1.0259e+01 2.4258e+01 0.0000e+00 0.0000e+00 0.0000e+00 0.0000e+00 2.1003e+01 -9.8312e-01 0.0000e+00 0.0000e+00 9.8312e-01 2.0796e+01 
63.0 2.4165e+01 -1.0231e+01 0.0000e+00 0.0000e+00 -1.0231e+01 2.3361e+01 0.0000e+00 0.0000e+00 0.0000e+00 0.0000e+00 1.9950e+01 -9.3121e-01 0.0000e+00 0.0000e+00 9.3121e-01 1.9755e+01 
64.0 2.3303e+01 -1.0197e+01 0.0000e+00 0.0000e+00 -1.0197e+01 2.2505e+01 0.0000e+00 0.0000e+00 0.0000e+00 0.0000e+00 1.8938e+01 -8.8026e-01 0.0000e+00 0.0000e+00 8.8026e-01 1.8756e+01 
65.0 2.2479e+01 -1.0157e+01 0.0000e+00 0.0000e+00 -1.0157e+01 2.1688e+01 0.0000e+00 0.0000e+00 0.0000e+00 0.0000e+00 1.7966e+01 -8.3033e-01 0.0000e+00 0.0000e+00 8.3033e-01 1.7797e+01 
66.0 2.1692e+01 -1.0113e+01 0.0000e+00 0.0000e+00 -1.0113e+01 2.0908e+01 0.0000e+00 0.0000e+00 0.0000e+00 0.0000e+00 1.7031e+01 -7.8141e-01 0.0000e+00 0.0000e+00 7.8141e-01 1.6875e+01 
67.0 2.0941e+01 -1.0064e+01 0.0000e+00 0.0000e+00 -1.0064e+01 2.0163e+01 0.0000e+00 0.0000e+00 0.0000e+00 0.0000e+00 1.6133e+01 -7.3353e-01 0.0000e+00 0.0000e+00 7.3353e-01 1.5989e+01 
68.0 2.0224e+01 -1.0010e+01 0.0000e+00 0.0000e+00 -1.0010e+01 1.9452e+01 0.0000e+00 0.0000e+00 0.0000e+00 0.0000e+00 1.5269e+01 -6.8666e-01 0.0000e+00 0.0000e+00 6.8666e-01 1.5138e+01 
69.0 1.9540e+01 -9.9512e+00 0.0000e+00 0.0000e+00 -9.9512e+00 1.8773e+01 0.0000e+00 0.0000e+00 0.0000e+00 0.0000e+00 1.4439e+01 -6.4084e-01 0.0000e+00 0.0000e+00 6.4084e-01 1.4319e+01 
70.0 1.8886e+01 -9.8881e+00 0.0000e+00 0.0000e+00 -9.8881e+00 1.8125e+01 0.0000e+00 0.0000e+00 0.0000e+00 0.0000e+00 1.3640e+01 -5.9609e-01 0.0000e+00 0.0000e+00 5.9609e-01 1.3533e+01 
71.0 1.8262e+01 -9.8208e+00 0.0000e+00 0.0000e+00 -9.8208e+00 1.7507e+01 0.0000e+00 0.0000e+00 0.0000e+00 0.0000e+00 1.2872e+01 -5.5244e-01 0.0000e+00 0.0000e+00 5.5244e-01 1.2776e+01 
72.0 1.7667e+01 -9.7494e+00 0.0000e+00 0.0000e+00 -9.7494e+00 1.6918e+01 0.0000e+00 0.0000e+00 0.0000e+00 0.0000e+00 1.2133e+01 -5.0994e-01 0.0000e+00 0.0000e+00 5.0994e-01 1.2048e+01 
73.0 1.7099e+01 -9.6741e+00 0.0000e+00 0.0000e+00 -9.6741e+00 1.6355e+01 0.0000e+00 0.0000e+00 0.0000e+00 0.0000e+00 1.1422e+01 -4.6863e-01 0.0000e+00 0.0000e+00 4.6863e-01 1.1349e+01 
74.0 1.6557e+01 -9.5950e+00 0.0000e+00 0.0000e+00 -9.5950e+00 1.5819e+01 0.0000e+00 0.0000e+00 0.0000e+00 0.0000e+00 1.0737e+01 -4.2855e-01 0.0000e+00 0.0000e+00 4.2855e-01 1.0676e+01 
75.0 1.6041e+01 -9.5122e+00 0.0000e+00 0.0000e+00 -9.5122e+00 1.5307e+01 0.0000e+00 0.0000e+00 0.0000e+00 0.0000e+00 1.0078e+01 -3.8976e-01 0.0000e+00 0.0000e+00 3.8976e-01 1.0028e+01 
76.0 1.5548e+01 -9.4258e+00 0.0000e+00 0.0000e+00 -9.4258e+00 1.4819e+01 0.0000e+00 0.0000e+00 0.0000e+00 0.0000e+00 9.4439e+00 -3.5226e-01 0.0000e+00 0.0000e+00 3.5226e-01 9.4045e+00 
77.0 1.5077e+01 -9.3361e+00 0.0000e+00 0.0000e+00 -9.3361e+00 1.4354e+01 0.0000e+00 0.0000e+00 0.0000e+00 0.0000e+00 8.8330e+00 -3.1605e-01 0.0000e+00 0.0000e+00 3.1605e-01 8.8043e+00 
78.0 1.4629e+01 -9.2430e+00 0.0000e+00 0.0000e+00 -9.2430e+00 1.3911e+01 0.0000e+00 0.0000e+00 0.0000e+00 0.0000e+00 8.2446e+00 -2.8111e-01 0.0000e+00 0.0000e+00 2.8111e-01 8.2265e+00 
79.0 1.4201e+01 -9.1468e+00 0.0000e+00 0.0000e+00 -9.1468e+00 1.3488e+01 0.0000e+00 0.0000e+00 0.0000e+00 0.0000e+00 7.6776e+00 -2.4738e-01 0.0000e+00 0.0000e+00 2.4738e-01 7.6699e+00 
80.0 1.3794e+01 -9.0475e+00 0.0000e+00 0.0000e+00 -9.0475e+00 1.3085e+01 0.0000e+00 0.0000e+00 0.0000e+00 0.0000e+00 7.1313e+00 -2.1482e-01 0.0000e+00 0.0000e+00 2.1482e-01 7.1338e+00 
81.0 1.3405e+01 -8.9454e+00 0.0000e+00 0.0000e+00 -8.9454e+00 1.2702e+01 0.0000e+00 0.0000e+00 0.0000e+00 0.0000e+00 6.6048e+00 -1.8338e-01 0.0000e+00 0.0000e+00 1.8338e-01 6.6173e+00 
82.0 1.3035e+01 -8.8407e+00 0.0000e+00 0.0000e+00 -8.8407e+00 1.2337e+01 0.0000e+00 0.0000e+00 0.0000e+00 0.0000e+00 6.0973e+00 -1.5304e-01 0.0000e+00 0.0000e+00 1.5304e-01 6.1197e+00 
83.0 1.2683e+01 -8.7334e+00 0.0000e+00 0.0000e+00 -8.7334e+00 1.1989e+01 0.0000e+00 0.0000e+00 0.0000e+00 0.0000e+00 5.6081e+00 -1.2380e-01 0.0000e+00 0.0000e+00 1.2380e-01 5.6401e+00 
84.0 1.2347e+01 -8.6237e+00 0.0000e+00 0.0000e+00 -8.6237e+00 1.1658e+01 0.0000e+00 0.0000e+00 0.0000e+00 0.0000e+00 5.1364e+00 -9.5638e-02 0.0000e+00 0.0000e+00 9.5638e-02 5.1779e+00 
85.0 1.2028e+01 -8.5117e+00 0.0000e+00 0.0000e+00 -8.5117e+00 1.1344e+01 0.0000e+00 0.0000e+00 0.0000e+00 0.0000e+00 4.6815e+00 -6.8531e-02 0.0000e+00 0.0000e+00 6.8531e-02 4.7323e+00 
86.0 1.1724e+01 -8.3977e+00 0.0000e+00 0.0000e+00 -8.3977e+00 1.1045e+01 0.0000e+00 0.0000e+00 0.0000e+00 0.0000e+00 4.2429e+00 -4.2444e-02 0.0000e+00 0.0000e+00 4.2444e-02 4.3027e+00 
87.0 1.1435e+01 -8.2816e+00 0.0000e+00 0.0000e+00 -8.2816e+00 1.0760e+01 0.0000e+00 0.0000e+00 0.0000e+00 0.0000e+00 3.8197e+00 -1.7341e-02 0.0000e+00 0.0000e+00 1.7341e-02 3.8884e+00 
88.0 1.1160e+01 -8.1637e+00 0.0000e+00 0.0000e+00 -8.1637e+00 1.0490e+01 0.0000e+00 0.0000e+00 0.0000e+00 0.0000e+00 3.4115e+00 6.8105e-03 0.0000e+00 0.0000e+00 -6.8105e-03 3.4889e+00 
89.0 1.0899e+01 -8.0441e+00 0.0000e+00 0.0000e+00 -8.0441e+00 1.0234e+01 0.0000e+00 0.0000e+00 0.0000e+00 0.0000e+00 3.0178e+00 3.0030e-02 0.0000e+00 0.0000e+00 -3.0030e-02 3.1035e+00 
90.0 1.0651e+01 -7.9230e+00 0.0000e+00 0.0000e+00 -7.9230e+00 9.9904e+00 0.0000e+00 0.0000e+00 0.0000e+00 0.0000e+00 2.6378e+00 5.2324e-02 0.0000e+00 0.0000e+00 -5.2324e-02 2.7318e+00 
91.0 1.0415e+01 -7.8004e+00 0.0000e+00 0.0000e+00 -7.8004e+00 9.7595e+00 0.0000e+00 0.0000e+00 0.0000e+00 0.0000e+00 2.2712e+00 7.3696e-02 0.0000e+00 0.0000e+00 -7.3696e-02 2.3732e+00 
92.0 1.0192e+01 -7.6765e+00 0.0000e+00 0.0000e+00 -7.6765e+00 9.5406e+00 0.0000e+00 0.0000e+00 0.0000e+00 0.0000e+00 1.9174e+00 9.4149e-02 0.0000e+00 0.0000e+00 -9.4149e-02 2.0272e+00 
93.0 9.9798e+00 -7.5513e+00 0.0000e+00 0.0000e+00 -7.5513e+00 9.3333e+00 0.0000e+00 0.0000e+00 0.0000e+00 0.0000e+00 1.5759e+00 1.1370e-01 0.0000e+00 0.0000e+00 -1.1370e-01 1.6933e+00 
94.0 9.7787e+00 -7.4251e+00 0.0000e+00 0.0000e+00 -7.4251e+00 9.1369e+00 0.0000e+00 0.0000e+00 0.0000e+00 0.0000e+00 1.2462e+00 1.3236e-01 0.0000e+00 0.0000e+00 -1.3236e-01 1.3711e+00 
95.0 9.5883e+00 -7.2977e+00 0.0000e+00 0.0000e+00 -7.2977e+00 8.9511e+00 0.0000e+00 0.0000e+00 0.0000e+00 0.0000e+00 9.2803e-01 1.5015e-01 0.0000e+00 0.0000e+00 -1.5015e-01 1.0600e+00 
96.0 9.4080e+00 -7.1695e+00 0.0000e+00 0.0000e+00 -7.1695e+00 8.7755e+00 0.0000e+00 0.0000e+00 0.0000e+00 0.0000e+00 6.2078e-01 1.6712e-01 0.0000e+00 0.0000e+00 -1.6712e-01 7.5969e-01 
97.0 9.2374e+00 -7.0405e+00 0.0000e+00 0.0000e+00 -7.0405e+00 8.6096e+00 0.0000e+00 0.0000e+00 0.0000e+00 0.0000e+00 3.2411e-01 1.8328e-01 0.0000e+00 0.0000e+00 -1.8328e-01 4.6973e-01 
98.0 9.0761e+00 -6.9107e+00 0.0000e+00 0.0000e+00 -6.9107e+00 8.4531e+00 0.0000e+00 0.0000e+00 0.0000e+00 0.0000e+00 3.7620e-02 1.9865e-01 0.0000e+00 0.0000e+00 -1.9865e-01 1.8973e-01 
99.0 8.9238e+00 -6.7802e+00 0.0000e+00 0.0000e+00 -6.7802e+00 8.3055e+00 0.0000e+00 0.0000e+00 0.0000e+00 0.0000e+00 -2.3906e-01 2.1326e-01 0.0000e+00 0.0000e+00 -2.1326e-01 -8.0686e-02 
100.0 8.7801e+00 -6.6493e+00 0.0000e+00 0.0000e+00 -6.6493e+00 8.1665e+00 0.0000e+00 0.0000e+00 0.0000e+00 0.0000e+00 -5.0628e-01 2.2714e-01 0.0000e+00 0.0000e+00 -2.2714e-01 -3.4186e-01 
101.0 8.6446e+00 -6.5178e+00 0.0000e+00 0.0000e+00 -6.5178e+00 8.0358e+00 0.0000e+00 0.0000e+00 0.0000e+00 0.0000e+00 -7.6438e-01 2.4029e-01 0.0000e+00 0.0000e+00 -2.4029e-01 -5.9415e-01 
102.0 8.5171e+00 -6.3860e+00 0.0000e+00 0.0000e+00 -6.3860e+00 7.9130e+00 0.0000e+00 0.0000e+00 0.0000e+00 0.0000e+00 -1.0137e+00 2.5275e-01 0.0000e+00 0.0000e+00 -2.5275e-01 -8.3789e-01 
103.0 8.3971e+00 -6.2540e+00 0.0000e+00 0.0000e+00 -6.2540e+00 7.7978e+00 0.0000e+00 0.0000e+00 0.0000e+00 0.0000e+00 -1.2546e+00 2.6453e-01 0.0000e+00 0.0000e+00 -2.6453e-01 -1.0734e+00 
104.0 8.2844e+00 -6.1217e+00 0.0000e+00 0.0000e+00 -6.1217e+00 7.6899e+00 0.0000e+00 0.0000e+00 0.0000e+00 0.0000e+00 -1.4873e+00 2.7565e-01 0.0000e+00 0.0000e+00 -2.7565e-01 -1.3010e+00 
105.0 8.1786e+00 -5.9892e+00 0.0000e+00 0.0000e+00 -5.9892e+00 7.5890e+00 0.0000e+00 0.0000e+00 0.0000e+00 0.0000e+00 -1.7121e+00 2.8613e-01 0.0000e+00 0.0000e+00 -2.8613e-01 -1.5209e+00 
106.0 8.0795e+00 -5.8568e+00 0.0000e+00 0.0000e+00 -5.8568e+00 7.4949e+00 0.0000e+00 0.0000e+00 0.0000e+00 0.0000e+00 -1.9294e+00 2.9599e-01 0.0000e+00 0.0000e+00 -2.9599e-01 -1.7334e+00 
107.0 7.9869e+00 -5.7243e+00 0.0000e+00 0.0000e+00 -5.7243e+00 7.4071e+00 0.0000e+00 0.0000e+00 0.0000e+00 0.0000e+00 -2.1393e+00 3.0527e-01 0.0000e+00 0.0000e+00 -3.0527e-01 -1.9389e+00 
108.0 7.9004e+00 -5.5919e+00 0.0000e+00 0.0000e+00 -5.5919e+00 7.3255e+00 0.0000e+00 0.0000e+00 0.0000e+00 0.0000e+00 -2.3422e+00 3.1397e-01 0.0000e+00 0.0000e+00 -3.1397e-01 -2.1374e+00 
109.0 7.8198e+00 -5.4598e+00 0.0000e+00 0.0000e+00 -5.4598e+00 7.2499e+00 0.0000e+00 0.0000e+00 0.0000e+00 0.0000e+00 -2.5382e+00 3.2211e-01 0.0000e+00 0.0000e+00 -3.2211e-01 -2.3294e+00 
110.0 7.7448e+00 -5.3279e+00 0.0000e+00 0.0000e+00 -5.3279e+00 7.1799e+00 0.0000e+00 0.0000e+00 0.0000e+00 0.0000e+00 -2.7277e+00 3.2971e-01 0.0000e+00 0.0000e+00 -3.2971e-01 -2.5150e+00 
111.0 7.6753e+00 -5.1963e+00 0.0000e+00 0.0000e+00 -5.1963e+00 7.1154e+00 0.0000e+00 0.0000e+00 0.0000e+00 0.0000e+00 -2.9109e+00 3.3679e-01 0.0000e+00 0.0000e+00 -3.3679e-01 -2.6945e+00 
112.0 7.6110e+00 -5.0652e+00 0.0000e+00 0.0000e+00 -5.0652e+00 7.0561e+00 0.0000e+00 0.0000e+00 0.0000e+00 0.0000e+00 -3.0879e+00 3.4335e-01 0.0000e+00 0.0000e+00 -3.4335e-01 -2.8680e+00 
113.0 7.5518e+00 -4.9346e+00 0.0000e+00 0.0000e+00 -4.9346e+00 7.0018e+00 0.0000e+00 0.0000e+00 0.0000e+00 0.0000e+00 -3.2591e+00 3.4942e-01 0.0000e+00 0.0000e+00 -3.4942e-01 -3.0358e+00 
114.0 7.4973e+00 -4.8045e+00 0.0000e+00 0.0000e+00 -4.8045e+00 6.9524e+00 0.0000e+00 0.0000e+00 0.0000e+00 0.0000e+00 -3.4245e+00 3.5499e-01 0.0000e+00 0.0000e+00 -3.5499e-01 -3.1980e+00 
115.0 7.4474e+00 -4.6751e+00 0.0000e+00 0.0000e+00 -4.6751e+00 6.9075e+00 0.0000e+00 0.0000e+00 0.0000e+00 0.0000e+00 -3.5845e+00 3.6008e-01 0.0000e+00 0.0000e+00 -3.6008e-01 -3.3549e+00 
116.0 7.4019e+00 -4.5464e+00 0.0000e+00 0.0000e+00 -4.5464e+00 6.8670e+00 0.0000e+00 0.0000e+00 0.0000e+00 0.0000e+00 -3.7391e+00 3.6471e-01 0.0000e+00 0.0000e+00 -3.6471e-01 -3.5067e+00 
117.0 7.3606e+00 -4.4185e+00 0.0000e+00 0.0000e+00 -4.4185e+00 6.8307e+00 0.0000e+00 0.0000e+00 0.0000e+00 0.0000e+00 -3.8886e+00 3.6887e-01 0.0000e+00 0.0000e+00 -3.6887e-01 -3.6534e+00 
118.0 7.3234e+00 -4.2914e+00 0.0000e+00 0.0000e+00 -4.2914e+00 6.7985e+00 0.0000e+00 0.0000e+00 0.0000e+00 0.0000e+00 -4.0331e+00 3.7258e-01 0.0000e+00 0.0000e+00 -3.7258e-01 -3.7953e+00 
119.0 7.2900e+00 -4.1653e+00 0.0000e+00 0.0000e+00 -4.1653e+00 6.7701e+00 0.0000e+00 0.0000e+00 0.0000e+00 0.0000e+00 -4.1729e+00 3.7584e-01 0.0000e+00 0.0000e+00 -3.7584e-01 -3.9326e+00 
120.0 7.2604e+00 -4.0401e+00 0.0000e+00 0.0000e+00 -4.0401e+00 6.7454e+00 0.0000e+00 0.0000e+00 0.0000e+00 0.0000e+00 -4.3080e+00 3.7866e-01 0.0000e+00 0.0000e+00 -3.7866e-01 -4.0653e+00 
121.0 7.2342e+00 -3.9160e+00 0.0000e+00 0.0000e+00 -3.9160e+00 6.7242e+00 0.0000e+00 0.0000e+00 0.0000e+00 0.0000e+00 -4.4387e+00 3.8103e-01 0.0000e+00 0.0000e+00 -3.8103e-01 -4.1937e+00 
122.0 7.2115e+00 -3.7930e+00 0.0000e+00 0.0000e+00 -3.7930e+00 6.7063e+00 0.0000e+00 0.0000e+00 0.0000e+00 0.0000e+00 -4.5651e+00 3.8293e-01 0.0000e+00 0.0000e+00 -3.8293e-01 -4.3179e+00 
123.0 7.1919e+00 -3.6711e+00 0.0000e+00 0.0000e+00 -3.6711e+00 6.6916e+00 0.0000e+00 0.0000e+00 0.0000e+00 0.0000e+00 -4.6873e+00 3.8438e-01 0.0000e+00 0.0000e+00 -3.8438e-01 -4.4381e+00 
124.0 7.1753e+00 -3.5504e+00 0.0000e+00 0.0000e+00 -3.5504e+00 6.6798e+00 0.0000e+00 0.0000e+00 0.0000e+00 0.0000e+00 -4.8056e+00 3.8535e-01 0.0000e+00 0.0000e+00 -3.8535e-01 -4.5543e+00 
125.0 7.1617e+00 -3.4311e+00 0.0000e+00 0.0000e+00 -3.4311e+00 6.6710e+00 0.0000e+00 0.0000e+00 0.0000e+00 0.0000e+00 -4.9200e+00 3.8585e-01 0.0000e+00 0.0000e+00 -3.8585e-01 -4.6668e+00 
126.0 7.1508e+00 -3.3130e+00 0.0000e+00 0.0000e+00 -3.3130e+00 6.6648e+00 0.0000e+00 0.0000e+00 0.0000e+00 0.0000e+00 -5.0307e+00 3.8588e-01 0.0000e+00 0.0000e+00 -3.8588e-01 -4.7756e+00 
127.0 7.1425e+00 -3.1963e+00 0.0000e+00 0.0000e+00 -3.1963e+00 6.6612e+00 0.0000e+00 0.0000e+00 0.0000e+00 0.0000e+00 -5.1378e+00 3.8542e-01 0.0000e+00 0.0000e+00 -3.8542e-01 -4.8809e+00 
128.0 7.1367e+00 -3.0810e+00 0.0000e+00 0.0000e+00 -3.0810e+00 6.6600e+00 0.0000e+00 0.0000e+00 0.0000e+00 0.0000e+00 -5.2414e+00 3.8448e-01 0.0000e+00 0.0000e+00 -3.8448e-01 -4.9828e+00 
129.0 7.1332e+00 -2.9672e+00 0.0000e+00 0.0000e+00 -2.9672e+00 6.6611e+00 0.0000e+00 0.0000e+00 0.0000e+00 0.0000e+00 -5.3417e+00 3.8305e-01 0.0000e+00 0.0000e+00 -3.8305e-01 -5.0814e+00 
130.0 7.1320e+00 -2.8548e+00 0.0000e+00 0.0000e+00 -2.8548e+00 6.6644e+00 0.0000e+00 0.0000e+00 0.0000e+00 0.0000e+00 -5.4388e+00 3.8115e-01 0.0000e+00 0.0000e+00 -3.8115e-01 -5.1769e+00 
131.0 7.1328e+00 -2.7439e+00 0.0000e+00 0.0000e+00 -2.7439e+00 6.6698e+00 0.0000e+00 0.0000e+00 0.0000e+00 0.0000e+00 -5.5328e+00 3.7878e-01 0.0000e+00 0.0000e+00 -3.7878e-01 -5.2693e+00 
132.0 7.1356e+00 -2.6346e+00 0.0000e+00 0.0000e+00 -2.6346e+00 6.6770e+00 0.0000e+00 0.0000e+00 0.0000e+00 0.0000e+00 -5.6238e+00 3.7595e-01 0.0000e+00 0.0000e+00 -3.7595e-01 -5.3587e+00 
133.0 7.1403e+00 -2.5269e+00 0.0000e+00 0.0000e+00 -2.5269e+00 6.6861e+00 0.0000e+00 0.0000e+00 0.0000e+00 0.0000e+00 -5.7119e+00 3.7268e-01 0.0000e+00 0.0000e+00 -3.7268e-01 -5.4453e+00 
134.0 7.1468e+00 -2.4208e+00 0.0000e+00 0.0000e+00 -2.4208e+00 6.6969e+00 0.0000e+00 0.0000e+00 0.0000e+00 0.0000e+00 -5.7971e+00 3.6900e-01 0.0000e+00 0.0000e+00 -3.6900e-01 -5.5291e+00 
135.0 7.1549e+00 -2.3164e+00 0.0000e+00 0.0000e+00 -2.3164e+00 6.7093e+00 0.0000e+00 0.0000e+00 0.0000e+00 0.0000e+00 -5.8797e+00 3.6490e-01 0.0000e+00 0.0000e+00 -3.6490e-01 -5.6103e+00 
136.0 7.1646e+00 -2.2136e+00 0.0000e+00 0.0000e+00 -2.2136e+00 6.7232e+00 0.0000e+00 0.0000e+00 0.0000e+00 0.0000e+00 -5.9595e+00 3.6040e-01 0.0000e+00 0.0000e+00 -3.6040e-01 -5.6888e+00 
137.0 7.1758e+00 -2.1126e+00 0.0000e+00 0.0000e+00 -2.1126e+00 6.7386e+00 0.0000e+00 0.0000e+00 0.0000e+00 0.0000e+00 -6.0369e+00 3.5551e-01 0.0000e+00 0.0000e+00 -3.5551e-01 -5.7648e+00 
138.0 7.1884e+00 -2.0134e+00 0.0000e+00 0.0000e+00 -2.0134e+00 6.7553e+00 0.0000e+00 0.0000e+00 0.0000e+00 0.0000e+00 -6.1117e+00 3.5024e-01 0.0000e+00 0.0000e+00 -3.5024e-01 -5.8385e+00 
139.0 7.2023e+00 -1.9160e+00 0.0000e+00 0.0000e+00 -1.9160e+00 6.7732e+00 0.0000e+00 0.0000e+00 0.0000e+00 0.0000e+00 -6.1842e+00 3.4461e-01 0.0000e+00 0.0000e+00 -3.4461e-01 -5.9097e+00 
140.0 7.2174e+00 -1.8205e+00 0.0000e+00 0.0000e+00 -1.8205e+00 6.7923e+00 0.0000e+00 0.0000e+00 0.0000e+00 0.0000e+00 -6.2544e+00 3.3863e-01 0.0000e+00 0.0000e+00 -3.3863e-01 -5.9787e+00 
141.0 7.2336e+00 -1.7269e+00 0.0000e+00 0.0000e+00 -1.7269e+00 6.8125e+00 0.0000e+00 0.0000e+00 0.0000e+00 0.0000e+00 -6.3223e+00 3.3232e-01 0.0000e+00 0.0000e+00 -3.3232e-01 -6.0455e+00 
142.0 7.2508e+00 -1.6352e+00 0.0000e+00 0.0000e+00 -1.6352e+00 6.8336e+00 0.0000e+00 0.0000e+00 0.0000e+00 0.0000e+00 -6.3880e+00 3.2570e-01 0.0000e+00 0.0000e+00 -3.2570e-01 -6.1101e+00 
143.0 7.2690e+00 -1.5456e+00 0.0000e+00 0.0000e+00 -1.5456e+00 6.8557e+00 0.0000e+00 0.0000e+00 0.0000e+00 0.0000e+00 -6.4515e+00 3.1877e-01 0.0000e+00 0.0000e+00 -3.1877e-01 -6.1725e+00 
144.0 7.2880e+00 -1.4579e+00 0.0000e+00 0.0000e+00 -1.4579e+00 6.8785e+00 0.0000e+00 0.0000e+00 0.0000e+00 0.0000e+00 -6.5130e+00 3.1153e-01 0.0000e+00 0.0000e+00 -3.1153e-01 -6.2329e+00 
145.0 7.3078e+00 -1.3723e+00 0.0000e+00 0.0000e+00 -1.3723e+00 6.9020e+00 0.0000e+00 0.0000e+00 0.0000e+00 0.0000e+00 -6.5724e+00 3.0400e-01 0.0000e+00 0.0000e+00 -3.0400e-01 -6.2913e+00 
146.0 7.3282e+00 -1.2889e+00 0.0000e+00 0.0000e+00 -1.2889e+00 6.9260e+00 0.0000e+00 0.0000e+00 0.0000e+00 0.0000e+00 -6.6297e+00 2.9616e-01 0.0000e+00 0.0000e+00 -2.9616e-01 -6.3476e+00 
147.0 7.3493e+00 -1.2075e+00 0.0000e+00 0.0000e+00 -1.2075e+00 6.9506e+00 0.0000e+00 0.0000e+00 0.0000e+00 0.0000e+00 -6.6852e+00 2.8801e-01 0.0000e+00 0.0000e+00 -2.8801e-01 -6.4020e+00 
148.0 7.3709e+00 -1.1284e+00 0.0000e+00 0.0000e+00 -1.1284e+00 6.9756e+00 0.0000e+00 0.0000e+00 0.0000e+00 0.0000e+00 -6.7387e+00 2.7956e-01 0.0000e+00 0.0000e+00 -2.7956e-01 -6.4544e+00 
149.0 7.3930e+00 -1.0514e+00 0.0000e+00 0.0000e+00 -1.0514e+00 7.0010e+00 0.0000e+00 0.0000e+00 0.0000e+00 0.0000e+00 -6.7903e+00 2.7083e-01 0.0000e+00 0.0000e+00 -2.7083e-01 -6.5049e+00 
150.0 7.4155e+00 -9.7670e-01 0.0000e+00 0.0000e+00 -9.7670e-01 7.0267e+00 0.0000e+00 0.0000e+00 0.0000e+00 0.0000e+00 -6.8400e+00 2.6184e-01 0.0000e+00 0.0000e+00 -2.6184e-01 -6.5534e+00 
151.0 7.4384e+00 -9.0429e-01 0.0000e+00 0.0000e+00 -9.0429e-01 7.0527e+00 0.0000e+00 0.0000e+00 0.0000e+00 0.0000e+00 -6.8880e+00 2.5260e-01 0.0000e+00 0.0000e+00 -2.5260e-01 -6.6001e+00 
152.0 7.4617e+00 -8.3421e-01 0.0000e+00 0.0000e+00 -8.3421e-01 7.0789e+00 0.0000e+00 0.0000e+00 0.0000e+00 0.0000e+00 -6.9341e+00 2.4310e-01 0.0000e+00 0.0000e+00 -2.4310e-01 -6.6449e+00 
153.0 7.4854e+00 -7.6650e-01 0.0000e+00 0.0000e+00 -7.6650e-01 7.1052e+00 0.0000e+00 0.0000e+00 0.0000e+00 0.0000e+00 -6.9785e+00 2.3334e-01 0.0000e+00 0.0000e+00 -2.3334e-01 -6.6879e+00 
154.0 7.5093e+00 -7.0119e-01 0.0000e+00 0.0000e+00 -7.0119e-01 7.1317e+00 0.0000e+00 0.0000e+00 0.0000e+00 0.0000e+00 -7.0211e+00 2.2329e-01 0.0000e+00 0.0000e+00 -2.2329e-01 -6.7290e+00 
155.0 7.5334e+00 -6.3830e-01 0.0000e+00 0.0000e+00 -6.3830e-01 7.1581e+00 0.0000e+00 0.0000e+00 0.0000e+00 0.0000e+00 -7.0620e+00 2.1292e-01 0.0000e+00 0.0000e+00 -2.1292e-01 -6.7684e+00 
156.0 7.5578e+00 -5.7789e-01 0.0000e+00 0.0000e+00 -5.7789e-01 7.1846e+00 0.0000e+00 0.0000e+00 0.0000e+00 0.0000e+00 -7.1013e+00 2.0222e-01 0.0000e+00 0.0000e+00 -2.0222e-01 -6.8059e+00 
157.0 7.5822e+00 -5.2002e-01 0.0000e+00 0.0000e+00 -5.2002e-01 7.2109e+00 0.0000e+00 0.0000e+00 0.0000e+00 0.0000e+00 -7.1390e+00 1.9112e-01 0.0000e+00 0.0000e+00 -1.9112e-01 -6.8418e+00 
158.0 7.6065e+00 -4.6480e-01 0.0000e+00 0.0000e+00 -4.6480e-01 7.2370e+00 0.0000e+00 0.0000e+00 0.0000e+00 0.0000e+00 -7.1751e+00 1.7952e-01 0.0000e+00 0.0000e+00 -1.7952e-01 -6.8760e+00 
159.0 7.6306e+00 -4.1237e-01 0.0000e+00 0.0000e+00 -4.1237e-01 7.2625e+00 0.0000e+00 0.0000e+00 0.0000e+00 0.0000e+00 -7.2097e+00 1.6724e-01 0.0000e+00 0.0000e+00 -1.6724e-01 -6.9085e+00 
160.0 7.6541e+00 -3.6292e-01 0.0000e+00 0.0000e+00 -3.6292e-01 7.2871e+00 0.0000e+00 0.0000e+00 0.0000e+00 0.0000e+00 -7.2428e+00 1.5407e-01 0.0000e+00 0.0000e+00 -1.5407e-01 -6.9393e+00 
161.0 7.6770e+00 -3.1662e-01 0.0000e+00 0.0000e+00 -3.1662e-01 7.3106e+00 0.0000e+00 0.0000e+00 0.0000e+00 0.0000e+00 -7.2746e+00 1.3984e-01 0.0000e+00 0.0000e+00 -1.3984e-01 -6.9684e+00 
162.0 7.6990e+00 -2.7366e-01 0.0000e+00 0.0000e+00 -2.7366e-01 7.3325e+00 0.0000e+00 0.0000e+00 0.0000e+00 0.0000e+00 -7.3051e+00 1.2442e-01 0.0000e+00 0.0000e+00 -1.2442e-01 -6.9956e+00 
163.0 7.7202e+00 -2.3418e-01 0.0000e+00 0.0000e+00 -2.3418e-01 7.3529e+00 0.0000e+00 0.0000e+00 0.0000e+00 0.0000e+00 -7.3346e+00 1.0778e-01 0.0000e+00 0.0000e+00 -1.0778e-01 -7.0208e+00 
164.0 7.7409e+00 -1.9829e-01 0.0000e+00 0.0000e+00 -1.9829e-01 7.3715e+00 0.0000e+00 0.0000e+00 0.0000e+00 0.0000e+00 -7.3631e+00 9.0022e-02 0.0000e+00 0.0000e+00 -9.0022e-02 -7.0438e+00 
165.0 7.7614e+00 -1.6608e-01 0.0000e+00 0.0000e+00 -1.6608e-01 7.3884e+00 0.0000e+00 0.0000e+00 0.0000e+00 0.0000e+00 -7.3908e+00 7.1352e-02 0.0000e+00 0.0000e+00 -7.1352e-02 -7.0645e+00 
166.0 7.7821e+00 -1.3753e-01 0.0000e+00 0.0000e+00 -1.3753e-01 7.4038e+00 0.0000e+00 0.0000e+00 0.0000e+00 0.0000e+00 -7.4179e+00 5.2098e-02 0.0000e+00 0.0000e+00 -5.2098e-02 -7.0826e+00 
167.0 7.8036e+00 -1.1260e-01 0.0000e+00 0.0000e+00 -1.1260e-01 7.4178e+00 0.0000e+00 0.0000e+00 0.0000e+00 0.0000e+00 -7.4447e+00 3.2690e-02 0.0000e+00 0.0000e+00 -3.2690e-02 -7.0980e+00 
168.0 7.8265e+00 -9.1185e-02 0.0000e+00 0.0000e+00 -9.1185e-02 7.4306e+00 0.0000e+00 0.0000e+00 0.0000e+00 0.0000e+00 -7.4716e+00 1.3655e-02 0.0000e+00 0.0000e+00 -1.3655e-02 -7.1105e+00 
169.0 7.8517e+00 -7.3141e-02 0.0000e+00 0.0000e+00 -7.3141e-02 7.4427e+00 0.0000e+00 0.0000e+00 0.0000e+00 0.0000e+00 -7.4988e+00 -4.3701e-03 0.0000e+00 0.0000e+00 4.3701e-03 -7.1198e+00 
170.0 7.8798e+00 -5.8263e-02 0.0000e+00 0.0000e+00 -5.8263e-02 7.4543e+00 0.0000e+00 0.0000e+00 0.0000e+00 0.0000e+00 -7.5267e+00 -2.0597e-02 0.0000e+00 0.0000e+00 2.0597e-02 -7.1261e+00 
171.0 7.9120e+00 -4.6240e-02 0.0000e+00 0.0000e+00 -4.6240e-02 7.4662e+00 0.0000e+00 0.0000e+00 0.0000e+00 0.0000e+00 -7.5557e+00 -3.4048e-02 0.0000e+00 0.0000e+00 3.4048e-02 -7.1291e+00 
172.0 7.9491e+00 -3.6616e-02 0.0000e+00 0.0000e+00 -3.6616e-02 7.4791e+00 0.0000e+00 0.0000e+00 0.0000e+00 0.0000e+00 -7.5860e+00 -4.3549e-02 0.0000e+00 0.0000e+00 4.3549e-02 -7.1291e+00 
173.0 7.9918e+00 -2.8792e-02 0.0000e+00 0.0000e+00 -2.8792e-02 7.4940e+00 0.0000e+00 0.0000e+00 0.0000e+00 0.0000e+00 -7.6174e+00 -4.7897e-02 0.0000e+00 0.0000e+00 4.7897e-02 -7.1262e+00 
174.0 8.0398e+00 -2.2099e-02 0.0000e+00 0.0000e+00 -2.2099e-02 7.5114e+00 0.0000e+00 0.0000e+00 0.0000e+00 0.0000e+00 -7.6491e+00 -4.6257e-02 0.0000e+00 0.0000e+00 4.6257e-02 -7.1209e+00 
175.0 8.0911e+00 -1.5966e-02 0.0000e+00 0.0000e+00 -1.5966e-02 7.5312e+00 0.0000e+00 0.0000e+00 0.0000e+00 0.0000e+00 -7.6798e+00 -3.8744e-02 0.0000e+00 0.0000e+00 3.8744e-02 -7.1139e+00 
176.0 8.1417e+00 -1.0175e-02 0.0000e+00 0.0000e+00 -1.0175e-02 7.5520e+00 0.0000e+00 0.0000e+00 0.0000e+00 0.0000e+00 -7.7076e+00 -2.6949e-02 0.0000e+00 0.0000e+00 2.6949e-02 -7.1063e+00 
177.0 8.1855e+00 -5.0467e-03 0.0000e+00 0.0000e+00 -5.0467e-03 7.5708e+00 0.0000e+00 0.0000e+00 0.0000e+00 0.0000e+00 -7.7299e+00 -1.4010e-02 0.0000e+00 0.0000e+00 1.4010e-02 -7.0992e+00 
178.0 8.2156e+00 -1.3728e-03 0.0000e+00 0.0000e+00 -1.3728e-03 7.5842e+00 0.0000e+00 0.0000e+00 0.0000e+00 0.0000e+00 -7.7444e+00 -3.9023e-03 0.0000e+00 0.0000e+00 3.9023e-03 -7.0941e+00 
179.0 8.2267e+00 -2.2550e-20 0.0000e+00 0.0000e+00 -2.2550e-20 7.5892e+00 0.0000e+00 0.0000e+00 0.0000e+00 0.0000e+00 -7.7496e+00 -4.9117e-20 0.0000e+00 0.0000e+00 4.9117e-20 -7.0923e+00 
180.0 8.2376e+00 0.0000e+00 0.0000e+00 0.0000e+00 0.0000e+00 7.5941e+00 0.0000e+00 0.0000e+00 0.0000e+00 0.0000e+00 -7.7547e+00 0.0000e+00 0.0000e+00 0.0000e+00 -0.0000e+00 -7.0906e+00 
