1.5702 1.7689 0.1988 0.051183
theta s11 s12 s13 s14 s21 s22 s23 s24 s31 s32 s33 s34 s41 s42 s43 s44
0.0 2.0857e+03 0.0000e+00 0.0000e+00 0.0000e+00 0.0000e+00 2.0841e+03 0.0000e+00 0.0000e+00 0.0000e+00 0.0000e+00 2.0841e+03 0.0000e+00 0.0000e+00 0.0000e+00 -0.0000e+00 2.0825e+03 
1.0 1.7905e+03 -9.9239e-02 0.0000e+00 0.0000e+00 -9.9239e-02 1.7889e+03 0.0000e+00 0.0000e+00 0.0000e+00 0.0000e+00 1.7889e+03 -8.4341e-01 0.0000e+00 0.0000e+00 8.4341e-01 1.7873e+03 
2.0 1.3015e+03 -1.9625e-01 0.0000e+00 0.0000e+00 -1.9625e-01 1.3000e+03 0.0000e+00 0.0000e+00 0.0000e+00 0.0000e+00 1.3000e+03 -2.7590e+00 0.0000e+00 0.0000e+00 2.7590e+00 1.2984e+03 
3.0 9.3526e+02 -1.9895e-01 0.0000e+00 0.0000e+00 -1.9895e-01 9.3371e+02 0.0000e+00 0.0000e+00 0.0000e+00 0.0000e+00 9.3367e+02 -4.6253e+00 0.0000e+00 0.0000e+00 4.6253e+00 9.3215e+02 
4.0 6.9936e+02 -1.7488e-01 0.0000e+00 0.0000e+00 -1.7488e-01 6.9785e+02 0.0000e+00 0.0000e+00 0.0000e+00 0.0000e+00 6.9776e+02 -5.8836e+00 0.0000e+00 0.0000e+00 5.8836e+00 6.9630e+02 
5.0 5.4727e+02 -1.5894e-01 0.0000e+00 0.0000e+00 -1.5894e-01 5.4579e+02 0.0000e+00 0.0000e+00 0.0000e+00 0.0000e+00 5.4565e+02 -6.6144e+00 0.0000e+00 0.0000e+00 6.6144e+00 5.4425e+02 
6.0 4.4440e+02 -1.5708e-01 0.0000e+00 0.0000e+00 -1.5708e-01 4.4295e+02 0.0000e+00 0.0000e+00 0.0000e+00 0.0000e+00 4.4276e+02 -7.0276e+00 0.0000e+00 0.0000e+00 7.0276e+00 4.4142e+02 
7.0 3.7089e+02 -1.7140e-01 0.0000e+00 0.0000e+00 -1.7140e-01 3.6948e+02 0.0000e+00 0.0000e+00 0.0000e+00 0.0000e+00 3.6924e+02 -7.2341e+00 0.0000e+00 0.0000e+00 7.2341e+00 3.6796e+02 
8.0 3.1592e+02 -2.0147e-01 0.0000e+00 0.0000e+00 -2.0147e-01 3.1454e+02 0.0000e+00 0.0000e+00 0.0000e+00 0.0000e+00 3.1425e+02 -7.2905e+00 0.0000e+00 0.0000e+00 7.2905e+00 3.1302e+02 
9.0 2.7334e+02 -2.4500e-01 0.0000e+00 0.0000e+00 -2.4500e-01 2.7198e+02 0.0000e+00 0.0000e+00 0.0000e+00 0.0000e+00 2.7163e+02 -7.2334e+00 0.0000e+00 0.0000e+00 7.2334e+00 2.7047e+02 
10.0 2.3946e+02 -2.9918e-01 0.0000e+00 0.0000e+00 -2.9918e-01 2.3811e+02 0.0000e+00 0.0000e+00 0.0000e+00 0.0000e+00 2.3772e+02 -7.0880e+00 0.0000e+00 0.0000e+00 7.0880e+00 2.3661e+02 
11.0 2.1196e+02 -3.6051e-01 0.0000e+00 0.0000e+00 -3.6051e-01 2.1063e+02 0.0000e+00 0.0000e+00 0.0000e+00 0.0000e+00 2.1019e+02 -6.8778e+00 0.0000e+00 0.0000e+00 6.8778e+00 2.0914e+02 
12.0 1.8929e+02 -4.2697e-01 0.0000e+00 0.0000e+00 -4.2697e-01 1.8797e+02 0.0000e+00 0.0000e+00 0.0000e+00 0.0000e+00 1.8749e+02 -6.6243e+00 0.0000e+00 0.0000e+00 6.6243e+00 1.8648e+02 
13.0 1.7035e+02 -4.9742e-01 0.0000e+00 0.0000e+00 -4.9742e-01 1.6905e+02 0.0000e+00 0.0000e+00 0.0000e+00 0.0000e+00 1.6852e+02 -6.3429e+00 0.0000e+00 0.0000e+00 6.3429e+00 1.6756e+02 
14.0 1.5433e+02 -5.6768e-01 0.0000e+00 0.0000e+00 -5.6768e-01 1.5305e+02 0.0000e+00 0.0000e+00 0.0000e+00 0.0000e+00 1.5247e+02 -6.0522e+00 0.0000e+00 0.0000e+00 6.0522e+00 1.5156e+02 
15.0 1.4066e+02 -6.3991e-01 0.0000e+00 0.0000e+00 -6.3991e-01 1.3939e+02 0.0000e+00 0.0000e+00 0.0000e+00 0.0000e+00 1.3878e+02 -5.7515e+00 0.0000e+00 0.0000e+00 5.7515e+00 1.3791e+02 
16.0 1.2889e+02 -7.1311e-01 0.0000e+00 0.0000e+00 -7.1311e-01 1.2762e+02 0.0000e+00 0.0000e+00 0.0000e+00 0.0000e+00 1.2697e+02 -5.4476e+00 0.0000e+00 0.0000e+00 5.4476e+00 1.2614e+02 
17.0 1.1867e+02 -7.8741e-01 0.0000e+00 0.0000e+00 -7.8741e-01 1.1741e+02 0.0000e+00 0.0000e+00 0.0000e+00 0.0000e+00 1.1673e+02 -5.1464e+00 0.0000e+00 0.0000e+00 5.1464e+00 1.1594e+02 
18.0 1.0974e+02 -8.6291e-01 0.0000e+00 0.0000e+00 -8.6291e-01 1.0849e+02 0.0000e+00 0.0000e+00 0.0000e+00 0.0000e+00 1.0778e+02 -4.8522e+00 0.0000e+00 0.0000e+00 4.8522e+00 1.0702e+02 
19.0 1.0189e+02 -9.3973e-01 0.0000e+00 0.0000e+00 -9.3973e-01 1.0064e+02 0.0000e+00 0.0000e+00 0.0000e+00 0.0000e+00 1.0027e+02 -4.5680e+00 0.0000e+00 0.0000e+00 4.5680e+00 9.9564e+01 
20.0 9.4950e+01 -1.0177e+00 0.0000e+00 0.0000e+00 -1.0177e+00 9.3704e+01 0.0000e+00 0.0000e+00 0.0000e+00 0.0000e+00 9.3627e+01 -4.2958e+00 0.0000e+00 0.0000e+00 4.2958e+00 9.2959e+01 
21.0 8.8767e+01 -1.0965e+00 0.0000e+00 0.0000e+00 -1.0965e+00 8.7525e+01 0.0000e+00 0.0000e+00 0.0000e+00 0.0000e+00 8.7707e+01 -4.0376e+00 0.0000e+00 0.0000e+00 4.0376e+00 8.7075e+01 
22.0 8.3227e+01 -1.1757e+00 0.0000e+00 0.0000e+00 -1.1757e+00 8.1990e+01 0.0000e+00 0.0000e+00 0.0000e+00 0.0000e+00 8.2399e+01 -3.7939e+00 0.0000e+00 0.0000e+00 3.7939e+00 8.1799e+01 
23.0 7.8234e+01 -1.2553e+00 0.0000e+00 0.0000e+00 -1.2553e+00 7.7003e+01 0.0000e+00 0.0000e+00 0.0000e+00 0.0000e+00 7.7614e+01 -3.5640e+00 0.0000e+00 0.0000e+00 3.5640e+00 7.7043e+01 
24.0 7.3714e+01 -1.3353e+00 0.0000e+00 0.0000e+00 -1.3353e+00 7.2487e+01 0.0000e+00 0.0000e+00 0.0000e+00 0.0000e+00 7.3277e+01 -3.3466e+00 0.0000e+00 0.0000e+00 3.3466e+00 7.2732e+01 
25.0 6.9603e+01 -1.4159e+00 0.0000e+00 0.0000e+00 -1.4159e+00 6.8382e+01 0.0000e+00 0.0000e+00 0.0000e+00 0.0000e+00 6.9332e+01 -3.1404e+00 0.0000e+00 0.0000e+00 3.1404e+00 6.8811e+01 
26.0 6.5851e+01 -1.4972e+00 0.0000e+00 0.0000e+00 -1.4972e+00 6.4635e+01 0.0000e+00 0.0000e+00 0.0000e+00 0.0000e+00 6.5727e+01 -2.9452e+00 0.0000e+00 0.0000e+00 2.9452e+00 6.5228e+01 
27.0 6.2410e+01 -1.5788e+00 0.0000e+00 0.0000e+00 -1.5788e+00 6.1200e+01 0.0000e+00 0.0000e+00 0.0000e+00 0.0000e+00 6.2419e+01 -2.7607e+00 0.0000e+00 0.0000e+00 2.7607e+00 6.1941e+01 
28.0 5.9241e+01 -1.6605e+00 0.0000e+00 0.0000e+00 -1.6605e+00 5.8036e+01 0.0000e+00 0.0000e+00 0.0000e+00 0.0000e+00 5.9369e+01 -2.5869e+00 0.0000e+00 0.0000e+00 2.5869e+00 5.8909e+01 
29.0 5.6307e+01 -1.7421e+00 0.0000e+00 0.0000e+00 -1.7421e+00 5.5108e+01 0.0000e+00 0.0000e+00 0.0000e+00 0.0000e+00 5.6543e+01 -2.4234e+00 0.0000e+00 0.0000e+00 2.4234e+00 5.6101e+01 
30.0 5.3580e+01 -1.8231e+00 0.0000e+00 0.0000e+00 -1.8231e+00 5.2386e+01 0.0000e+00 0.0000e+00 0.0000e+00 0.0000e+00 5.3914e+01 -2.2695e+00 0.0000e+00 0.0000e+00 2.2695e+00 5.3488e+01 
31.0 5.1035e+01 -1.9034e+00 0.0000e+00 0.0000e+00 -1.9034e+00 4.9847e+01 0.0000e+00 0.0000e+00 0.0000e+00 0.0000e+00 5.1199e+01 -2.1251e+00 0.0000e+00 0.0000e+00 2.1251e+00 5.0797e+01 
32.0 4.8653e+01 -1.9824e+00 0.0000e+00 0.0000e+00 -1.9824e+00 4.7470e+01 0.0000e+00 0.0000e+00 0.0000e+00 0.0000e+00 4.8662e+01 -1.9896e+00 0.0000e+00 0.0000e+00 1.9896e+00 4.8283e+01 
33.0 4.6419e+01 -2.0599e+00 0.0000e+00 0.0000e+00 -2.0599e+00 4.5241e+01 0.0000e+00 0.0000e+00 0.0000e+00 0.0000e+00 4.6286e+01 -1.8627e+00 0.0000e+00 0.0000e+00 1.8627e+00 4.5928e+01 
34.0 4.4318e+01 -2.1355e+00 0.0000e+00 0.0000e+00 -2.1355e+00 4.3145e+01 0.0000e+00 0.0000e+00 0.0000e+00 0.0000e+00 4.4054e+01 -1.7438e+00 0.0000e+00 0.0000e+00 1.7438e+00 4.3717e+01 
35.0 4.2340e+01 -2.2090e+00 0.0000e+00 0.0000e+00 -2.2090e+00 4.1172e+01 0.0000e+00 0.0000e+00 0.0000e+00 0.0000e+00 4.1952e+01 -1.6323e+00 0.0000e+00 0.0000e+00 1.6323e+00 4.1636e+01 
36.0 4.0476e+01 -2.2804e+00 0.0000e+00 0.0000e+00 -2.2804e+00 3.9312e+01 0.0000e+00 0.0000e+00 0.0000e+00 0.0000e+00 3.9970e+01 -1.5273e+00 0.0000e+00 0.0000e+00 1.5273e+00 3.9674e+01 
37.0 3.8717e+01 -2.3498e+00 0.0000e+00 0.0000e+00 -2.3498e+00 3.7558e+01 0.0000e+00 0.0000e+00 0.0000e+00 0.0000e+00 3.8099e+01 -1.4282e+00 0.0000e+00 0.0000e+00 1.4282e+00 3.7822e+01 
38.0 3.7056e+01 -2.4173e+00 0.0000e+00 0.0000e+00 -2.4173e+00 3.5902e+01 0.0000e+00 0.0000e+00 0.0000e+00 0.0000e+00 3.6329e+01 -1.3345e+00 0.0000e+00 0.0000e+00 1.3345e+00 3.6071e+01 
39.0 3.5487e+01 -2.4829e+00 0.0000e+00 0.0000e+00 -2.4829e+00 3.4338e+01 0.0000e+00 0.0000e+00 0.0000e+00 0.0000e+00 3.4655e+01 -1.2458e+00 0.0000e+00 0.0000e+00 1.2458e+00 3.4414e+01 
40.0 3.4003e+01 -2.5464e+00 0.0000e+00 0.0000e+00 -2.5464e+00 3.2858e+01 0.0000e+00 0.0000e+00 0.0000e+00 0.0000e+00 3.3068e+01 -1.1618e+00 0.0000e+00 0.0000e+00 1.1618e+00 3.2845e+01 
41.0 3.2597e+01 -2.6078e+00 0.0000e+00 0.0000e+00 -2.6078e+00 3.1457e+01 0.0000e+00 0.0000e+00 0.0000e+00 0.0000e+00 3.1563e+01 -1.0822e+00 0.0000e+00 0.0000e+00 1.0822e+00 3.1357e+01 
42.0 3.1263e+01 -2.6667e+00 0.0000e+00 0.0000e+00 -2.6667e+00 3.0128e+01 0.0000e+00 0.0000e+00 0.0000e+00 0.0000e+00 3.0133e+01 -1.0068e+00 0.0000e+00 0.0000e+00 1.0068e+00 2.9944e+01 
43.0 2.9996e+01 -2.7231e+00 0.0000e+00 0.0000e+00 -2.7231e+00 2.8865e+01 0.0000e+00 0.0000e+00 0.0000e+00 0.0000e+00 2.8774e+01 -9.3521e-01 0.0000e+00 0.0000e+00 9.3521e-01 2.8601e+01 
44.0 2.8791e+01 -2.7768e+00 0.0000e+00 0.0000e+00 -2.7768e+00 2.7665e+01 0.0000e+00 0.0000e+00 0.0000e+00 0.0000e+00 2.7480e+01 -8.6695e-01 0.0000e+00 0.0000e+00 8.6695e-01 2.7322e+01 
45.0 2.7644e+01 -2.8277e+00 0.0000e+00 0.0000e+00 -2.8277e+00 2.6522e+01 0.0000e+00 0.0000e+00 0.0000e+00 0.0000e+00 2.6247e+01 -8.0165e-01 0.0000e+00 0.0000e+00 8.0165e-01 2.6105e+01 
46.0 2.6551e+01 -2.8760e+00 0.0000e+00 0.0000e+00 -2.8760e+00 2.5433e+01 0.0000e+00 0.0000e+00 0.0000e+00 0.0000e+00 2.5071e+01 -7.3895e-01 0.0000e+00 0.0000e+00 7.3895e-01 2.4944e+01 
47.0 2.5509e+01 -2.9215e+00 0.0000e+00 0.0000e+00 -2.9215e+00 2.4396e+01 0.0000e+00 0.0000e+00 0.0000e+00 0.0000e+00 2.3949e+01 -6.7857e-01 0.0000e+00 0.0000e+00 6.7857e-01 2.3837e+01 
48.0 2.4517e+01 -2.9644e+00 0.0000e+00 0.0000e+00 -2.9644e+00 2.3407e+01 0.0000e+00 0.0000e+00 0.0000e+00 0.0000e+00 2.2879e+01 -6.2025e-01 0.0000e+00 0.0000e+00 6.2025e-01 2.2781e+01 
49.0 2.3570e+01 -3.0045e+00 0.0000e+00 0.0000e+00 -3.0045e+00 2.2464e+01 0.0000e+00 0.0000e+00 0.0000e+00 0.0000e+00 2.1856e+01 -5.6379e-01 0.0000e+00 0.0000e+00 5.6379e-01 2.1773e+01 
50.0 2.2667e+01 -3.0421e+00 0.0000e+00 0.0000e+00 -3.0421e+00 2.1565e+01 0.0000e+00 0.0000e+00 0.0000e+00 0.0000e+00 2.0880e+01 -5.0903e-01 0.0000e+00 0.0000e+00 5.0903e-01 2.0810e+01 
51.0 2.1806e+01 -3.0770e+00 0.0000e+00 0.0000e+00 -3.0770e+00 2.0708e+01 0.0000e+00 0.0000e+00 0.0000e+00 0.0000e+00 1.9946e+01 -4.5578e-01 0.0000e+00 0.0000e+00 4.5578e-01 1.9890e+01 
52.0 2.0986e+01 -3.1095e+00 0.0000e+00 0.0000e+00 -3.1095e+00 1.9890e+01 0.0000e+00 0.0000e+00 0.0000e+00 0.0000e+00 1.9054e+01 -4.0391e-01 0.0000e+00 0.0000e+00 4.0391e-01 1.9011e+01 
53.0 2.0203e+01 -3.1395e+00 0.0000e+00 0.0000e+00 -3.1395e+00 1.9111e+01 0.0000e+00 0.0000e+00 0.0000e+00 0.0000e+00 1.8201e+01 -3.5333e-01 0.0000e+00 0.0000e+00 3.5333e-01 1.8171e+01 
54.0 1.9457e+01 -3.1670e+00 0.0000e+00 0.0000e+00 -3.1670e+00 1.8368e+01 0.0000e+00 0.0000e+00 0.0000e+00 0.0000e+00 1.7385e+01 -3.0404e-01 0.0000e+00 0.0000e+00 3.0404e-01 1.7368e+01 
55.0 1.8746e+01 -3.1922e+00 0.0000e+00 0.0000e+00 -3.1922e+00 1.7660e+01 0.0000e+00 0.0000e+00 0.0000e+00 0.0000e+00 1.6604e+01 -2.5601e-01 0.0000e+00 0.0000e+00 2.5601e-01 1.6600e+01 
56.0 1.8068e+01 -3.2149e+00 0.0000e+00 0.0000e+00 -3.2149e+00 1.6984e+01 0.0000e+00 0.0000e+00 0.0000e+00 0.0000e+00 1.5857e+01 -2.0921e-01 0.0000e+00 0.0000e+00 2.0921e-01 1.5866e+01 
57.0 1.7421e+01 -3.2352e+00 0.0000e+00 0.0000e+00 -3.2352e+00 1.6340e+01 0.0000e+00 0.0000e+00 0.0000e+00 0.0000e+00 1.5142e+01 -1.6360e-01 0.0000e+00 0.0000e+00 1.6360e-01 1.5164e+01 
58.0 1.6803e+01 -3.2530e+00 0.0000e+00 0.0000e+00 -3.2530e+00 1.5725e+01 0.0000e+00 0.0000e+00 0.0000e+00 0.0000e+00 1.4457e+01 -1.1914e-01 0.0000e+00 0.0000e+00 1.1914e-01 1.4491e+01 
59.0 1.6214e+01 -3.2686e+00 0.0000e+00 0.0000e+00 -3.2686e+00 1.5138e+01 0.0000e+00 0.0000e+00 0.0000e+00 0.0000e+00 1.3800e+01 -7.5814e-02 0.0000e+00 0.0000e+00 7.5814e-02 1.3847e+01 
60.0 1.5652e+01 -3.2817e+00 0.0000e+00 0.0000e+00 -3.2817e+00 1.4578e+01 0.0000e+00 0.0000e+00 0.0000e+00 0.0000e+00 1.3171e+01 -3.3583e-02 0.0000e+00 0.0000e+00 3.3583e-02 1.3230e+01 
61.0 1.5115e+01 -3.2926e+00 0.0000e+00 0.0000e+00 -3.2926e+00 1.4043e+01 0.0000e+00 0.0000e+00 0.0000e+00 0.0000e+00 1.2568e+01 7.5721e-03 0.0000e+00 0.0000e+00 -7.5721e-03 1.2639e+01 
62.0 1.4602e+01 -3.3012e+00 0.0000e+00 0.0000e+00 -3.3012e+00 1.3533e+01 0.0000e+00 0.0000e+00 0.0000e+00 0.0000e+00 1.1990e+01 4.7658e-02 0.0000e+00 0.0000e+00 -4.7658e-02 1.2073e+01 
63.0 1.4112e+01 -3.3077e+00 0.0000e+00 0.0000e+00 -3.3077e+00 1.3045e+01 0.0000e+00 0.0000e+00 0.0000e+00 0.0000e+00 1.1435e+01 8.6664e-02 0.0000e+00 0.0000e+00 -8.6664e-02 1.1531e+01 
64.0 1.3645e+01 -3.3119e+00 0.0000e+00 0.0000e+00 -3.3119e+00 1.2579e+01 0.0000e+00 0.0000e+00 0.0000e+00 0.0000e+00 1.0903e+01 1.2455e-01 0.0000e+00 0.0000e+00 -1.2455e-01 1.1011e+01 
65.0 1.3198e+01 -3.3140e+00 0.0000e+00 0.0000e+00 -3.3140e+00 1.2133e+01 0.0000e+00 0.0000e+00 0.0000e+00 0.0000e+00 1.0392e+01 1.6127e-01 0.0000e+00 0.0000e+00 -1.6127e-01 1.0512e+01 
66.0 1.2771e+01 -3.3140e+00 0.0000e+00 0.0000e+00 -3.3140e+00 1.1708e+01 0.0000e+00 0.0000e+00 0.0000e+00 0.0000e+00 9.9019e+00 1.9681e-01 0.0000e+00 0.0000e+00 -1.9681e-01 1.0034e+01 
67.0 1.2362e+01 -3.3119e+00 0.0000e+00 0.0000e+00 -3.3119e+00 1.1301e+01 0.0000e+00 0.0000e+00 0.0000e+00 0.0000e+00 9.4312e+00 2.3114e-01 0.0000e+00 0.0000e+00 -2.3114e-01 9.5747e+00 
68.0 1.1972e+01 -3.3077e+00 0.0000e+00 0.0000e+00 -3.3077e+00 1.0912e+01 0.0000e+00 0.0000e+00 0.0000e+00 0.0000e+00 8.9791e+00 2.6428e-01 0.0000e+00 0.0000e+00 -2.6428e-01 9.1343e+00 
69.0 1.1599e+01 -3.3015e+00 0.0000e+00 0.0000e+00 -3.3015e+00 1.0541e+01 0.0000e+00 0.0000e+00 0.0000e+00 0.0000e+00 8.5447e+00 2.9623e-01 0.0000e+00 0.0000e+00 -2.9623e-01 8.7116e+00 
70.0 1.1243e+01 -3.2933e+00 0.0000e+00 0.0000e+00 -3.2933e+00 1.0185e+01 0.0000e+00 0.0000e+00 0.0000e+00 0.0000e+00 8.1272e+00 3.2700e-01 0.0000e+00 0.0000e+00 -3.2700e-01 8.3057e+00 
71.0 1.0902e+01 -3.2832e+00 0.0000e+00 0.0000e+00 -3.2832e+00 9.8457e+00 0.0000e+00 0.0000e+00 0.0000e+00 0.0000e+00 7.7259e+00 3.5659e-01 0.0000e+00 0.0000e+00 -3.5659e-01 7.9159e+00 
72.0 1.0575e+01 -3.2713e+00 0.0000e+00 0.0000e+00 -3.2713e+00 9.5207e+00 0.0000e+00 0.0000e+00 0.0000e+00 0.0000e+00 7.3399e+00 3.8500e-01 0.0000e+00 0.0000e+00 -3.8500e-01 7.5414e+00 
73.0 1.0264e+01 -3.2575e+00 0.0000e+00 0.0000e+00 -3.2575e+00 9.2100e+00 0.0000e+00 0.0000e+00 0.0000e+00 0.0000e+00 6.9687e+00 4.1226e-01 0.0000e+00 0.0000e+00 -4.1226e-01 7.1816e+00 
74.0 9.9653e+00 -3.2419e+00 0.0000e+00 0.0000e+00 -3.2419e+00 8.9128e+00 0.0000e+00 0.0000e+00 0.0000e+00 0.0000e+00 6.6115e+00 4.3836e-01 0.0000e+00 0.0000e+00 -4.3836e-01 6.8357e+00 
75.0 9.6800e+00 -3.2247e+00 0.0000e+00 0.0000e+00 -3.2247e+00 8.6287e+00 0.0000e+00 0.0000e+00 0.0000e+00 0.0000e+00 6.2678e+00 4.6334e-01 0.0000e+00 0.0000e+00 -4.6334e-01 6.5032e+00 
76.0 9.4071e+00 -3.2058e+00 0.0000e+00 0.0000e+00 -3.2058e+00 8.3570e+00 0.0000e+00 0.0000e+00 0.0000e+00 0.0000e+00 5.9370e+00 4.8722e-01 0.0000e+00 0.0000e+00 -4.8722e-01 6.1835e+00 
77.0 9.1461e+00 -3.1853e+00 0.0000e+00 0.0000e+00 -3.1853e+00 8.0972e+00 0.0000e+00 0.0000e+00 0.0000e+00 0.0000e+00 5.6184e+00 5.1003e-01 0.0000e+00 0.0000e+00 -5.1003e-01 5.8760e+00 
78.0 8.8965e+00 -3.1633e+00 0.0000e+00 0.0000e+00 -3.1633e+00 7.8487e+00 0.0000e+00 0.0000e+00 0.0000e+00 0.0000e+00 5.3117e+00 5.3180e-01 0.0000e+00 0.0000e+00 -5.3180e-01 5.5802e+00 
79.0 8.6578e+00 -3.1398e+00 0.0000e+00 0.0000e+00 -3.1398e+00 7.6112e+00 0.0000e+00 0.0000e+00 0.0000e+00 0.0000e+00 5.0162e+00 5.5257e-01 0.0000e+00 0.0000e+00 -5.5257e-01 5.2956e+00 
80.0 8.4295e+00 -3.1149e+00 0.0000e+00 0.0000e+00 -3.1149e+00 7.3841e+00 0.0000e+00 0.0000e+00 0.0000e+00 0.0000e+00 4.7316e+00 5.7234e-01 0.0000e+00 0.0000e+00 -5.7234e-01 5.0217e+00 
81.0 8.2111e+00 -3.0887e+00 0.0000e+00 0.0000e+00 -3.0887e+00 7.1670e+00 0.0000e+00 0.0000e+00 0.0000e+00 0.0000e+00 4.4573e+00 5.9114e-01 0.0000e+00 0.0000e+00 -5.9114e-01 4.7580e+00 
82.0 8.0023e+00 -3.0611e+00 0.0000e+00 0.0000e+00 -3.0611e+00 6.9595e+00 0.0000e+00 0.0000e+00 0.0000e+00 0.0000e+00 4.1930e+00 6.0898e-01 0.0000e+00 0.0000e+00 -6.0898e-01 4.5043e+00 
83.0 7.8027e+00 -3.0323e+00 0.0000e+00 0.0000e+00 -3.0323e+00 6.7611e+00 0.0000e+00 0.0000e+00 0.0000e+00 0.0000e+00 3.9382e+00 6.2588e-01 0.0000e+00 0.0000e+00 -6.2588e-01 4.2599e+00 
84.0 7.6118e+00 -3.0024e+00 0.0000e+00 0.0000e+00 -3.0024e+00 6.5714e+00 0.0000e+00 0.0000e+00 0.0000e+00 0.0000e+00 3.6925e+00 6.4189e-01 0.0000e+00 0.0000e+00 -6.4189e-01 4.0245e+00 
85.0 7.4292e+00 -2.9713e+00 0.0000e+00 0.0000e+00 -2.9713e+00 6.3902e+00 0.0000e+00 0.0000e+00 0.0000e+00 0.0000e+00 3.4556e+00 6.5701e-01 0.0000e+00 0.0000e+00 -6.5701e-01 3.7978e+00 
86.0 7.2547e+00 -2.9392e+00 0.0000e+00 0.0000e+00 -2.9392e+00 6.2170e+00 0.0000e+00 0.0000e+00 0.0000e+00 0.0000e+00 3.2271e+00 6.7129e-01 0.0000e+00 0.0000e+00 -6.7129e-01 3.5793e+00 
87.0 7.0879e+00 -2.9061e+00 0.0000e+00 0.0000e+00 -2.9061e+00 6.0516e+00 0.0000e+00 0.0000e+00 0.0000e+00 0.0000e+00 3.0066e+00 6.8472e-01 0.0000e+00 0.0000e+00 -6.8472e-01 3.3687e+00 
88.0 6.9284e+00 -2.8722e+00 0.0000e+00 0.0000e+00 -2.8722e+00 5.8935e+00 0.0000e+00 0.0000e+00 0.0000e+00 0.0000e+00 2.7939e+00 6.9732e-01 0.0000e+00 0.0000e+00 -6.9732e-01 3.1658e+00 
89.0 6.7760e+00 -2.8373e+00 0.0000e+00 0.0000e+00 -2.8373e+00 5.7425e+00 0.0000e+00 0.0000e+00 0.0000e+00 0.0000e+00 2.5887e+00 7.0906e-01 0.0000e+00 0.0000e+00 -7.0906e-01 2.9702e+00 
90.0 6.6303e+00 -2.8017e+00 0.0000e+00 0.0000e+00 -2.8017e+00 5.5983e+00 0.0000e+00 0.0000e+00 0.0000e+00 0.0000e+00 2.3906e+00 7.1995e-01 0.0000e+00 0.0000e+00 -7.1995e-01 2.7815e+00 
91.0 6.4910e+00 -2.7653e+00 0.0000e+00 0.0000e+00 -2.7653e+00 5.4606e+00 0.0000e+00 0.0000e+00 0.0000e+00 0.0000e+00 2.1995e+00 7.2997e-01 0.0000e+00 0.0000e+00 -7.2997e-01 2.5996e+00 
92.0 6.3579e+00 -2.7281e+00 0.0000e+00 0.0000e+00 -2.7281e+00 5.3291e+00 0.0000e+00 0.0000e+00 0.0000e+00 0.0000e+00 2.0149e+00 7.3912e-01 0.0000e+00 0.0000e+00 -7.3912e-01 2.4240e+00 
93.0 6.2307e+00 -2.6903e+00 0.0000e+00 0.0000e+00 -2.6903e+00 5.2036e+00 0.0000e+00 0.0000e+00 0.0000e+00 0.0000e+00 1.8367e+00 7.4740e-01 0.0000e+00 0.0000e+00 -7.4740e-01 2.2545e+00 
94.0 6.1091e+00 -2.6517e+00 0.0000e+00 0.0000e+00 -2.6517e+00 5.0838e+00 0.0000e+00 0.0000e+00 0.0000e+00 0.0000e+00 1.6646e+00 7.5481e-01 0.0000e+00 0.0000e+00 -7.5481e-01 2.0909e+00 
95.0 5.9930e+00 -2.6125e+00 0.0000e+00 0.0000e+00 -2.6125e+00 4.9696e+00 0.0000e+00 0.0000e+00 0.0000e+00 0.0000e+00 1.4983e+00 7.6137e-01 0.0000e+00 0.0000e+00 -7.6137e-01 1.9329e+00 
96.0 5.8819e+00 -2.5727e+00 0.0000e+00 0.0000e+00 -2.5727e+00 4.8606e+00 0.0000e+00 0.0000e+00 0.0000e+00 0.0000e+00 1.3377e+00 7.6710e-01 0.0000e+00 0.0000e+00 -7.6710e-01 1.7802e+00 
97.0 5.7759e+00 -2.5322e+00 0.0000e+00 0.0000e+00 -2.5322e+00 4.7568e+00 0.0000e+00 0.0000e+00 0.0000e+00 0.0000e+00 1.1824e+00 7.7203e-01 0.0000e+00 0.0000e+00 -7.7203e-01 1.6326e+00 
98.0 5.6746e+00 -2.4911e+00 0.0000e+00 0.0000e+00 -2.4911e+00 4.6579e+00 0.0000e+00 0.0000e+00 0.0000e+00 0.0000e+00 1.0324e+00 7.7618e-01 0.0000e+00 0.0000e+00 -7.7618e-01 1.4898e+00 
99.0 5.5780e+00 -2.4494e+00 0.0000e+00 0.0000e+00 -2.4494e+00 4.5637e+00 0.0000e+00 0.0000e+00 0.0000e+00 0.0000e+00 8.8735e-01 7.7958e-01 0.0000e+00 0.0000e+00 -7.7958e-01 1.3518e+00 
100.0 5.4857e+00 -2.4071e+00 0.0000e+00 0.0000e+00 -2.4071e+00 4.4741e+00 0.0000e+00 0.0000e+00 0.0000e+00 0.0000e+00 7.4713e-01 7.8226e-01 0.0000e+00 0.0000e+00 -7.8226e-01 1.2182e+00 
101.0 5.3977e+00 -2.3643e+00 0.0000e+00 0.0000e+00 -2.3643e+00 4.3889e+00 0.0000e+00 0.0000e+00 0.0000e+00 0.0000e+00 6.1155e-01 7.8424e-01 0.0000e+00 0.0000e+00 -7.8424e-01 1.0889e+00 
102.0 5.3138e+00 -2.3209e+00 0.0000e+00 0.0000e+00 -2.3209e+00 4.3080e+00 0.0000e+00 0.0000e+00 0.0000e+00 0.0000e+00 4.8043e-01 7.8554e-01 0.0000e+00 0.0000e+00 -7.8554e-01 9.6373e-01 
103.0 5.2338e+00 -2.2771e+00 0.0000e+00 0.0000e+00 -2.2771e+00 4.2312e+00 0.0000e+00 0.0000e+00 0.0000e+00 0.0000e+00 3.5360e-01 7.8619e-01 0.0000e+00 0.0000e+00 -7.8619e-01 8.4250e-01 
104.0 5.1577e+00 -2.2327e+00 0.0000e+00 0.0000e+00 -2.2327e+00 4.1584e+00 0.0000e+00 0.0000e+00 0.0000e+00 0.0000e+00 2.3090e-01 7.8621e-01 0.0000e+00 0.0000e+00 -7.8621e-01 7.2504e-01 
105.0 5.0852e+00 -2.1879e+00 0.0000e+00 0.0000e+00 -2.1879e+00 4.0895e+00 0.0000e+00 0.0000e+00 0.0000e+00 0.0000e+00 1.1217e-01 7.8562e-01 0.0000e+00 0.0000e+00 -7.8562e-01 6.1120e-01 
106.0 5.0162e+00 -2.1426e+00 0.0000e+00 0.0000e+00 -2.1426e+00 4.0243e+00 0.0000e+00 0.0000e+00 0.0000e+00 0.0000e+00 -2.7321e-03 7.8446e-01 0.0000e+00 0.0000e+00 -7.8446e-01 5.0083e-01 
107.0 4.9507e+00 -2.0970e+00 0.0000e+00 0.0000e+00 -2.0970e+00 3.9627e+00 0.0000e+00 0.0000e+00 0.0000e+00 0.0000e+00 -1.1395e-01 7.8275e-01 0.0000e+00 0.0000e+00 -7.8275e-01 3.9378e-01 
108.0 4.8884e+00 -2.0508e+00 0.0000e+00 0.0000e+00 -2.0508e+00 3.9046e+00 0.0000e+00 0.0000e+00 0.0000e+00 0.0000e+00 -2.2163e-01 7.8053e-01 0.0000e+00 0.0000e+00 -7.8053e-01 2.8993e-01 
109.0 4.8293e+00 -2.0044e+00 0.0000e+00 0.0000e+00 -2.0044e+00 3.8499e+00 0.0000e+00 0.0000e+00 0.0000e+00 0.0000e+00 -3.2589e-01 7.7783e-01 0.0000e+00 0.0000e+00 -7.7783e-01 1.8912e-01 
110.0 4.7733e+00 -1.9575e+00 0.0000e+00 0.0000e+00 -1.9575e+00 3.7984e+00 0.0000e+00 0.0000e+00 0.0000e+00 0.0000e+00 -4.2688e-01 7.7468e-01 0.0000e+00 0.0000e+00 -7.7468e-01 9.1245e-02 
111.0 4.7203e+00 -1.9103e+00 0.0000e+00 0.0000e+00 -1.9103e+00 3.7500e+00 0.0000e+00 0.0000e+00 0.0000e+00 0.0000e+00 -5.2470e-01 7.7111e-01 0.0000e+00 0.0000e+00 -7.7111e-01 -3.8202e-03 
112.0 4.6701e+00 -1.8628e+00 0.0000e+00 0.0000e+00 -1.8628e+00 3.7047e+00 0.0000e+00 0.0000e+00 0.0000e+00 0.0000e+00 -6.1947e-01 7.6716e-01 0.0000e+00 0.0000e+00 -7.6716e-01 -9.6180e-02 
113.0 4.6227e+00 -1.8151e+00 0.0000e+00 0.0000e+00 -1.8151e+00 3.6624e+00 0.0000e+00 0.0000e+00 0.0000e+00 0.0000e+00 -7.1131e-01 7.6285e-01 0.0000e+00 0.0000e+00 -7.6285e-01 -1.8593e-01 
114.0 4.5780e+00 -1.7671e+00 0.0000e+00 0.0000e+00 -1.7671e+00 3.6230e+00 0.0000e+00 0.0000e+00 0.0000e+00 0.0000e+00 -8.0031e-01 7.5821e-01 0.0000e+00 0.0000e+00 -7.5821e-01 -2.7317e-01 
115.0 4.5358e+00 -1.7189e+00 0.0000e+00 0.0000e+00 -1.7189e+00 3.5862e+00 0.0000e+00 0.0000e+00 0.0000e+00 0.0000e+00 -8.8659e-01 7.5326e-01 0.0000e+00 0.0000e+00 -7.5326e-01 -3.5800e-01 
116.0 4.4962e+00 -1.6705e+00 0.0000e+00 0.0000e+00 -1.6705e+00 3.5522e+00 0.0000e+00 0.0000e+00 0.0000e+00 0.0000e+00 -9.7026e-01 7.4804e-01 0.0000e+00 0.0000e+00 -7.4804e-01 -4.4050e-01 
117.0 4.4591e+00 -1.6220e+00 0.0000e+00 0.0000e+00 -1.6220e+00 3.5208e+00 0.0000e+00 0.0000e+00 0.0000e+00 0.0000e+00 -1.0514e+00 7.4255e-01 0.0000e+00 0.0000e+00 -7.4255e-01 -5.2076e-01 
118.0 4.4243e+00 -1.5734e+00 0.0000e+00 0.0000e+00 -1.5734e+00 3.4918e+00 0.0000e+00 0.0000e+00 0.0000e+00 0.0000e+00 -1.1301e+00 7.3682e-01 0.0000e+00 0.0000e+00 -7.3682e-01 -5.9882e-01 
119.0 4.3918e+00 -1.5248e+00 0.0000e+00 0.0000e+00 -1.5248e+00 3.4652e+00 0.0000e+00 0.0000e+00 0.0000e+00 0.0000e+00 -1.2065e+00 7.3086e-01 0.0000e+00 0.0000e+00 -7.3086e-01 -6.7476e-01 
120.0 4.3616e+00 -1.4762e+00 0.0000e+00 0.0000e+00 -1.4762e+00 3.4410e+00 0.0000e+00 0.0000e+00 0.0000e+00 0.0000e+00 -1.2805e+00 7.2467e-01 0.0000e+00 0.0000e+00 -7.2467e-01 -7.4866e-01 
121.0 4.3335e+00 -1.4277e+00 0.0000e+00 0.0000e+00 -1.4277e+00 3.4189e+00 0.0000e+00 0.0000e+00 0.0000e+00 0.0000e+00 -1.3524e+00 7.1825e-01 0.0000e+00 0.0000e+00 -7.1825e-01 -8.2056e-01 
122.0 4.3075e+00 -1.3793e+00 0.0000e+00 0.0000e+00 -1.3793e+00 3.3990e+00 0.0000e+00 0.0000e+00 0.0000e+00 0.0000e+00 -1.4222e+00 7.1158e-01 0.0000e+00 0.0000e+00 -7.1158e-01 -8.9051e-01 
123.0 4.2835e+00 -1.3310e+00 0.0000e+00 0.0000e+00 -1.3310e+00 3.3811e+00 0.0000e+00 0.0000e+00 0.0000e+00 0.0000e+00 -1.4899e+00 7.0465e-01 0.0000e+00 0.0000e+00 -7.0465e-01 -9.5859e-01 
124.0 4.2614e+00 -1.2829e+00 0.0000e+00 0.0000e+00 -1.2829e+00 3.3651e+00 0.0000e+00 0.0000e+00 0.0000e+00 0.0000e+00 -1.5557e+00 6.9744e-01 0.0000e+00 0.0000e+00 -6.9744e-01 -1.0248e+00 
125.0 4.2412e+00 -1.2349e+00 0.0000e+00 0.0000e+00 -1.2349e+00 3.3510e+00 0.0000e+00 0.0000e+00 0.0000e+00 0.0000e+00 -1.6195e+00 6.8994e-01 0.0000e+00 0.0000e+00 -6.8994e-01 -1.0893e+00 
126.0 4.2227e+00 -1.1872e+00 0.0000e+00 0.0000e+00 -1.1872e+00 3.3387e+00 0.0000e+00 0.0000e+00 0.0000e+00 0.0000e+00 -1.6815e+00 6.8215e-01 0.0000e+00 0.0000e+00 -6.8215e-01 -1.1521e+00 
127.0 4.2060e+00 -1.1398e+00 0.0000e+00 0.0000e+00 -1.1398e+00 3.3281e+00 0.0000e+00 0.0000e+00 0.0000e+00 0.0000e+00 -1.7417e+00 6.7406e-01 0.0000e+00 0.0000e+00 -6.7406e-01 -1.2133e+00 
128.0 4.1909e+00 -1.0927e+00 0.0000e+00 0.0000e+00 -1.0927e+00 3.3192e+00 0.0000e+00 0.0000e+00 0.0000e+00 0.0000e+00 -1.8002e+00 6.6567e-01 0.0000e+00 0.0000e+00 -6.6567e-01 -1.2729e+00 
129.0 4.1774e+00 -1.0458e+00 0.0000e+00 0.0000e+00 -1.0458e+00 3.3119e+00 0.0000e+00 0.0000e+00 0.0000e+00 0.0000e+00 -1.8571e+00 6.5696e-01 0.0000e+00 0.0000e+00 -6.5696e-01 -1.3309e+00 
130.0 4.1654e+00 -9.9939e-01 0.0000e+00 0.0000e+00 -9.9939e-01 3.3061e+00 0.0000e+00 0.0000e+00 0.0000e+00 0.0000e+00 -1.9123e+00 6.4790e-01 0.0000e+00 0.0000e+00 -6.4790e-01 -1.3875e+00 
131.0 4.1549e+00 -9.5332e-01 0.0000e+00 0.0000e+00 -9.5332e-01 3.3019e+00 0.0000e+00 0.0000e+00 0.0000e+00 0.0000e+00 -1.9660e+00 6.3849e-01 0.0000e+00 0.0000e+00 -6.3849e-01 -1.4427e+00 
132.0 4.1458e+00 -9.0764e-01 0.0000e+00 0.0000e+00 -9.0764e-01 3.2991e+00 0.0000e+00 0.0000e+00 0.0000e+00 0.0000e+00 -2.0181e+00 6.2870e-01 0.0000e+00 0.0000e+00 -6.2870e-01 -1.4965e+00 
133.0 4.1381e+00 -8.6235e-01 0.0000e+00 0.0000e+00 -8.6235e-01 3.2977e+00 0.0000e+00 0.0000e+00 0.0000e+00 0.0000e+00 -2.0688e+00 6.1853e-01 0.0000e+00 0.0000e+00 -6.1853e-01 -1.5490e+00 
134.0 4.1318e+00 -8.1745e-01 0.0000e+00 0.0000e+00 -8.1745e-01 3.2978e+00 0.0000e+00 0.0000e+00 0.0000e+00 0.0000e+00 -2.1180e+00 6.0798e-01 0.0000e+00 0.0000e+00 -6.0798e-01 -1.6002e+00 
135.0 4.1268e+00 -7.7296e-01 0.0000e+00 0.0000e+00 -7.7296e-01 3.2993e+00 0.0000e+00 0.0000e+00 0.0000e+00 0.0000e+00 -2.1658e+00 5.9703e-01 0.0000e+00 0.0000e+00 -5.9703e-01 -1.6502e+00 
136.0 4.1231e+00 -7.2887e-01 0.0000e+00 0.0000e+00 -7.2887e-01 3.3021e+00 0.0000e+00 0.0000e+00 0.0000e+00 0.0000e+00 -2.2123e+00 5.8566e-01 0.0000e+00 0.0000e+00 -5.8566e-01 -1.6991e+00 
137.0 4.1205e+00 -6.8519e-01 0.0000e+00 0.0000e+00 -6.8519e-01 3.3063e+00 0.0000e+00 0.0000e+00 0.0000e+00 0.0000e+00 -2.2574e+00 5.7387e-01 0.0000e+00 0.0000e+00 -5.7387e-01 -1.7469e+00 
138.0 4.1192e+00 -6.4193e-01 0.0000e+00 0.0000e+00 -6.4193e-01 3.3118e+00 0.0000e+00 0.0000e+00 0.0000e+00 0.0000e+00 -2.3013e+00 5.6165e-01 0.0000e+00 0.0000e+00 -5.6165e-01 -1.7937e+00 
139.0 4.1190e+00 -5.9908e-01 0.0000e+00 0.0000e+00 -5.9908e-01 3.3185e+00 0.0000e+00 0.0000e+00 0.0000e+00 0.0000e+00 -2.3440e+00 5.4900e-01 0.0000e+00 0.0000e+00 -5.4900e-01 -1.8395e+00 
140.0 4.1201e+00 -5.5666e-01 0.0000e+00 0.0000e+00 -5.5666e-01 3.3266e+00 0.0000e+00 0.0000e+00 0.0000e+00 0.0000e+00 -2.3855e+00 5.3592e-01 0.0000e+00 0.0000e+00 -5.3592e-01 -1.8844e+00 
141.0 4.1222e+00 -5.1467e-01 0.0000e+00 0.0000e+00 -5.1467e-01 3.3359e+00 0.0000e+00 0.0000e+00 0.0000e+00 0.0000e+00 -2.4259e+00 5.2241e-01 0.0000e+00 0.0000e+00 -5.2241e-01 -1.9284e+00 
142.0 4.1255e+00 -4.7312e-01 0.0000e+00 0.0000e+00 -4.7312e-01 3.3465e+00 0.0000e+00 0.0000e+00 0.0000e+00 0.0000e+00 -2.4651e+00 5.0848e-01 0.0000e+00 0.0000e+00 -5.0848e-01 -1.9716e+00 
143.0 4.1299e+00 -4.3204e-01 0.0000e+00 0.0000e+00 -4.3204e-01 3.3584e+00 0.0000e+00 0.0000e+00 0.0000e+00 0.0000e+00 -2.5034e+00 4.9409e-01 0.0000e+00 0.0000e+00 -4.9409e-01 -2.0140e+00 
144.0 4.1355e+00 -3.9145e-01 0.0000e+00 0.0000e+00 -3.9145e-01 3.3715e+00 0.0000e+00 0.0000e+00 0.0000e+00 0.0000e+00 -2.5407e+00 4.7921e-01 0.0000e+00 0.0000e+00 -4.7921e-01 -2.0556e+00 
145.0 4.1422e+00 -3.5140e-01 0.0000e+00 0.0000e+00 -3.5140e-01 3.3857e+00 0.0000e+00 0.0000e+00 0.0000e+00 0.0000e+00 -2.5771e+00 4.6377e-01 0.0000e+00 0.0000e+00 -4.6377e-01 -2.0965e+00 
146.0 4.1498e+00 -3.1194e-01 0.0000e+00 0.0000e+00 -3.1194e-01 3.4010e+00 0.0000e+00 0.0000e+00 0.0000e+00 0.0000e+00 -2.6127e+00 4.4767e-01 0.0000e+00 0.0000e+00 -4.4767e-01 -2.1368e+00 
147.0 4.1585e+00 -2.7313e-01 0.0000e+00 0.0000e+00 -2.7313e-01 3.4173e+00 0.0000e+00 0.0000e+00 0.0000e+00 0.0000e+00 -2.6476e+00 4.3081e-01 0.0000e+00 0.0000e+00 -4.3081e-01 -2.1766e+00 
148.0 4.1682e+00 -2.3506e-01 0.0000e+00 0.0000e+00 -2.3506e-01 3.4345e+00 0.0000e+00 0.0000e+00 0.0000e+00 0.0000e+00 -2.6820e+00 4.1309e-01 0.0000e+00 0.0000e+00 -4.1309e-01 -2.2158e+00 
149.0 4.1787e+00 -1.9783e-01 0.0000e+00 0.0000e+00 -1.9783e-01 3.4525e+00 0.0000e+00 0.0000e+00 0.0000e+00 0.0000e+00 -2.7161e+00 3.9443e-01 0.0000e+00 0.0000e+00 -3.9443e-01 -2.2546e+00 
150.0 4.1902e+00 -1.6161e-01 0.0000e+00 0.0000e+00 -1.6161e-01 3.4713e+00 0.0000e+00 0.0000e+00 0.0000e+00 0.0000e+00 -2.7500e+00 3.7471e-01 0.0000e+00 0.0000e+00 -3.7471e-01 -2.2931e+00 
151.0 4.2026e+00 -1.2659e-01 0.0000e+00 0.0000e+00 -1.2659e-01 3.4905e+00 0.0000e+00 0.0000e+00 0.0000e+00 0.0000e+00 -2.7839e+00 3.5379e-01 0.0000e+00 0.0000e+00 -3.5379e-01 -2.3312e+00 
152.0 4.2157e+00 -9.3041e-02 0.0000e+00 0.0000e+00 -9.3041e-02 3.5101e+00 0.0000e+00 0.0000e+00 0.0000e+00 0.0000e+00 -2.8180e+00 3.3147e-01 0.0000e+00 0.0000e+00 -3.3147e-01 -2.3691e+00 
153.0 4.2293e+00 -6.1262e-02 0.0000e+00 0.0000e+00 -6.1262e-02 3.5296e+00 0.0000e+00 0.0000e+00 0.0000e+00 0.0000e+00 -2.8525e+00 3.0748e-01 0.0000e+00 0.0000e+00 -3.0748e-01 -2.4068e+00 
154.0 4.2434e+00 -3.1555e-02 0.0000e+00 0.0000e+00 -3.1555e-02 3.5487e+00 0.0000e+00 0.0000e+00 0.0000e+00 0.0000e+00 -2.8877e+00 2.8156e-01 0.0000e+00 0.0000e+00 -2.8156e-01 -2.4443e+00 
155.0 4.2580e+00 -4.2026e-03 0.0000e+00 0.0000e+00 -4.2026e-03 3.5673e+00 0.0000e+00 0.0000e+00 0.0000e+00 0.0000e+00 -2.9238e+00 2.5353e-01 0.0000e+00 0.0000e+00 -2.5353e-01 -2.4815e+00 
156.0 4.2732e+00 2.0536e-02 0.0000e+00 0.0000e+00 2.0536e-02 3.5853e+00 0.0000e+00 0.0000e+00 0.0000e+00 0.0000e+00 -2.9612e+00 2.2334e-01 0.0000e+00 0.0000e+00 -2.2334e-01 -2.5184e+00 
157.0 4.2893e+00 4.2432e-02 0.0000e+00 0.0000e+00 4.2432e-02 3.6026e+00 0.0000e+00 0.0000e+00 0.0000e+00 0.0000e+00 -2.9999e+00 1.9105e-01 0.0000e+00 0.0000e+00 -1.9105e-01 -2.5547e+00 
158.0 4.3067e+00 6.1262e-02 0.0000e+00 0.0000e+00 6.1262e-02 3.6194e+00 0.0000e+00 0.0000e+00 0.0000e+00 0.0000e+00 -3.0405e+00 1.5685e-01 0.0000e+00 0.0000e+00 -1.5685e-01 -2.5904e+00 
159.0 4.3259e+00 7.6828e-02 0.0000e+00 0.0000e+00 7.6828e-02 3.6357e+00 0.0000e+00 0.0000e+00 0.0000e+00 0.0000e+00 -3.0831e+00 1.2096e-01 0.0000e+00 0.0000e+00 -1.2096e-01 -2.6253e+00 
160.0 4.3473e+00 8.8982e-02 0.0000e+00 0.0000e+00 8.8982e-02 3.6515e+00 0.0000e+00 0.0000e+00 0.0000e+00 0.0000e+00 -3.1280e+00 8.3665e-02 0.0000e+00 0.0000e+00 -8.3665e-02 -2.6592e+00 
161.0 4.3718e+00 9.7672e-02 0.0000e+00 0.0000e+00 9.7672e-02 3.6672e+00 0.0000e+00 0.0000e+00 0.0000e+00 0.0000e+00 -3.1757e+00 4.5372e-02 0.0000e+00 0.0000e+00 -4.5372e-02 -2.6919e+00 
162.0 4.4003e+00 1.0294e-01 0.0000e+00 0.0000e+00 1.0294e-01 3.6833e+00 0.0000e+00 0.0000e+00 0.0000e+00 0.0000e+00 -3.2265e+00 6.5924e-03 0.0000e+00 0.0000e+00 -6.5924e-03 -2.7232e+00 
163.0 4.4340e+00 1.0489e-01 0.0000e+00 0.0000e+00 1.0489e-01 3.7003e+00 0.0000e+00 0.0000e+00 0.0000e+00 0.0000e+00 -3.2811e+00 -3.2008e-02 0.0000e+00 0.0000e+00 3.2008e-02 -2.7531e+00 
164.0 4.4740e+00 1.0367e-01 0.0000e+00 0.0000e+00 1.0367e-01 3.7191e+00 0.0000e+00 0.0000e+00 0.0000e+00 0.0000e+00 -3.3398e+00 -6.9628e-02 0.0000e+00 0.0000e+00 6.9628e-02 -2.7813e+00 
165.0 4.5216e+00 9.9489e-02 0.0000e+00 0.0000e+00 9.9489e-02 3.7403e+00 0.0000e+00 0.0000e+00 0.0000e+00 0.0000e+00 -3.4033e+00 -1.0532e-01 0.0000e+00 0.0000e+00 1.0532e-01 -2.8078e+00 
166.0 4.5784e+00 9.2618e-02 0.0000e+00 0.0000e+00 9.2618e-02 3.7649e+00 0.0000e+00 0.0000e+00 0.0000e+00 0.0000e+00 -3.4717e+00 -1.3804e-01 0.0000e+00 0.0000e+00 1.3804e-01 -2.8323e+00 
167.0 4.6456e+00 8.3384e-02 0.0000e+00 0.0000e+00 8.3384e-02 3.7941e+00 0.0000e+00 0.0000e+00 0.0000e+00 0.0000e+00 -3.5457e+00 -1.6670e-01 0.0000e+00 0.0000e+00 1.6670e-01 -2.8549e+00 
168.0 4.7245e+00 7.2165e-02 0.0000e+00 0.0000e+00 7.2165e-02 3.8285e+00 0.0000e+00 0.0000e+00 0.0000e+00 0.0000e+00 -3.6252e+00 -1.9021e-01 0.0000e+00 0.0000e+00 1.9021e-01 -2.8753e+00 
169.0 4.8160e+00 5.9412e-02 0.0000e+00 0.0000e+00 5.9412e-02 3.8691e+00 0.0000e+00 0.0000e+00 0.0000e+00 0.0000e+00 -3.7106e+00 -2.0752e-01 0.0000e+00 0.0000e+00 2.0752e-01 -2.8935e+00 
170.0 4.9208e+00 4.5688e-02 0.0000e+00 0.0000e+00 4.5688e-02 3.9163e+00 0.0000e+00 0.0000e+00 0.0000e+00 0.0000e+00 -3.8017e+00 -2.1762e-01 0.0000e+00 0.0000e+00 2.1762e-01 -2.9096e+00 
171.0 5.0392e+00 3.1728e-02 0.0000e+00 0.0000e+00 3.1728e-02 3.9708e+00 0.0000e+00 0.0000e+00 0.0000e+00 0.0000e+00 -3.8982e+00 -2.1942e-01 0.0000e+00 0.0000e+00 2.1942e-01 -2.9237e+00 
172.0 5.1711e+00 1.8455e-02 0.0000e+00 0.0000e+00 1.8455e-02 4.0328e+00 0.0000e+00 0.0000e+00 0.0000e+00 0.0000e+00 -3.9996e+00 -2.1175e-01 0.0000e+00 0.0000e+00 2.1175e-01 -2.9360e+00 
173.0 5.3151e+00 6.9339e-03 0.0000e+00 0.0000e+00 6.9339e-03 4.1023e+00 0.0000e+00 0.0000e+00 0.0000e+00 0.0000e+00 -4.1044e+00 -1.9375e-01 0.0000e+00 0.0000e+00 1.9375e-01 -2.9466e+00 
174.0 5.4682e+00 -1.7549e-03 0.0000e+00 0.0000e+00 -1.7549e-03 4.1782e+00 0.0000e+00 0.0000e+00 0.0000e+00 0.0000e+00 -4.2100e+00 -1.6529e-01 0.0000e+00 0.0000e+00 1.6529e-01 -2.9557e+00 
175.0 5.6244e+00 -6.7636e-03 0.0000e+00 0.0000e+00 -6.7636e-03 4.2576e+00 0.0000e+00 0.0000e+00 0.0000e+00 0.0000e+00 -4.3124e+00 -1.2787e-01 0.0000e+00 0.0000e+00 1.2787e-01 -2.9631e+00 
176.0 5.7737e+00 -7.7623e-03 0.0000e+00 0.0000e+00 -7.7623e-03 4.3355e+00 0.0000e+00 0.0000e+00 0.0000e+00 0.0000e+00 -4.4055e+00 -8.5218e-02 0.0000e+00 0.0000e+00 8.5218e-02 -2.9686e+00 
177.0 5.9020e+00 -5.3840e-03 0.0000e+00 0.0000e+00 -5.3840e-03 4.4039e+00 0.0000e+00 0.0000e+00 0.0000e+00 0.0000e+00 -4.4817e+00 -4.3802e-02 0.0000e+00 0.0000e+00 4.3802e-02 -2.9720e+00 
178.0 5.9914e+00 -1.7836e-03 0.0000e+00 0.0000e+00 -1.7836e-03 4.4525e+00 0.0000e+00 0.0000e+00 0.0000e+00 0.0000e+00 -4.5327e+00 -1.2549e-02 0.0000e+00 0.0000e+00 1.2549e-02 -2.9737e+00 
179.0 6.0251e+00 -3.5349e-20 0.0000e+00 0.0000e+00 -3.5349e-20 4.4712e+00 0.0000e+00 0.0000e+00 0.0000e+00 0.0000e+00 -4.5515e+00 -1.7918e-19 0.0000e+00 0.0000e+00 1.7918e-19 -2.9745e+00 
180.0 6.0578e+00 0.0000e+00 0.0000e+00 0.0000e+00 0.0000e+00 4.4886e+00 0.0000e+00 0.0000e+00 0.0000e+00 0.0000e+00 -4.5692e+00 0.0000e+00 0.0000e+00 0.0000e+00 -0.0000e+00 -2.9748e+00 
