1.3628 1.8302 0.4674 0.023266
theta s11 s12 s13 s14 s21 s22 s23 s24 s31 s32 s33 s34 s41 s42 s43 s44
0.0 4.3878e+03 0.0000e+00 0.0000e+00 0.0000e+00 0.0000e+00 4.3853e+03 0.0000e+00 0.0000e+00 0.0000e+00 0.0000e+00 4.3853e+03 0.0000e+00 0.0000e+00 0.0000e+00 -0.0000e+00 4.3829e+03 
1.0 3.7774e+03 -2.8941e-01 0.0000e+00 0.0000e+00 -2.8941e-01 3.7750e+03 0.0000e+00 0.0000e+00 0.0000e+00 0.0000e+00 3.7750e+03 -1.7869e+00 0.0000e+00 0.0000e+00 1.7869e+00 3.7725e+03 
2.0 2.7274e+03 -7.0807e-01 0.0000e+00 0.0000e+00 -7.0807e-01 2.7250e+03 0.0000e+00 0.0000e+00 0.0000e+00 0.0000e+00 2.7250e+03 -5.7258e+00 0.0000e+00 0.0000e+00 5.7258e+00 2.7225e+03 
3.0 1.8898e+03 -9.5528e-01 0.0000e+00 0.0000e+00 -9.5528e-01 1.8874e+03 0.0000e+00 0.0000e+00 0.0000e+00 0.0000e+00 1.8873e+03 -9.2575e+00 0.0000e+00 0.0000e+00 9.2575e+00 1.8849e+03 
4.0 1.3285e+03 -1.1099e+00 0.0000e+00 0.0000e+00 -1.1099e+00 1.3261e+03 0.0000e+00 0.0000e+00 0.0000e+00 0.0000e+00 1.3259e+03 -1.1153e+01 0.0000e+00 0.0000e+00 1.1153e+01 1.3236e+03 
5.0 9.6913e+02 -1.2665e+00 0.0000e+00 0.0000e+00 -1.2665e+00 9.6682e+02 0.0000e+00 0.0000e+00 0.0000e+00 0.0000e+00 9.6657e+02 -1.1641e+01 0.0000e+00 0.0000e+00 1.1641e+01 9.6429e+02 
6.0 7.3859e+02 -1.4713e+00 0.0000e+00 0.0000e+00 -1.4713e+00 7.3632e+02 0.0000e+00 0.0000e+00 0.0000e+00 0.0000e+00 7.3600e+02 -1.1278e+01 0.0000e+00 0.0000e+00 1.1278e+01 7.3376e+02 
7.0 5.8800e+02 -1.7410e+00 0.0000e+00 0.0000e+00 -1.7410e+00 5.8577e+02 0.0000e+00 0.0000e+00 0.0000e+00 0.0000e+00 5.8538e+02 -1.0463e+01 0.0000e+00 0.0000e+00 1.0463e+01 5.8319e+02 
8.0 4.8732e+02 -2.0718e+00 0.0000e+00 0.0000e+00 -2.0718e+00 4.8512e+02 0.0000e+00 0.0000e+00 0.0000e+00 0.0000e+00 4.8468e+02 -9.4678e+00 0.0000e+00 0.0000e+00 9.4678e+00 4.8253e+02 
9.0 4.1806e+02 -2.4505e+00 0.0000e+00 0.0000e+00 -2.4505e+00 4.1589e+02 0.0000e+00 0.0000e+00 0.0000e+00 0.0000e+00 4.1541e+02 -8.4643e+00 0.0000e+00 0.0000e+00 8.4643e+00 4.1331e+02 
10.0 3.6888e+02 -2.8627e+00 0.0000e+00 0.0000e+00 -2.8627e+00 3.6673e+02 0.0000e+00 0.0000e+00 0.0000e+00 0.0000e+00 3.6623e+02 -7.5415e+00 0.0000e+00 0.0000e+00 7.5415e+00 3.6417e+02 
11.0 3.3278e+02 -3.2961e+00 0.0000e+00 0.0000e+00 -3.2961e+00 3.3066e+02 0.0000e+00 0.0000e+00 0.0000e+00 0.0000e+00 3.3014e+02 -6.7419e+00 0.0000e+00 0.0000e+00 6.7419e+00 3.2812e+02 
12.0 3.0533e+02 -3.7420e+00 0.0000e+00 0.0000e+00 -3.7420e+00 3.0324e+02 0.0000e+00 0.0000e+00 0.0000e+00 0.0000e+00 3.0270e+02 -6.0788e+00 0.0000e+00 0.0000e+00 6.0788e+00 3.0072e+02 
13.0 2.8372e+02 -4.1975e+00 0.0000e+00 0.0000e+00 -4.1975e+00 2.8165e+02 0.0000e+00 0.0000e+00 0.0000e+00 0.0000e+00 2.8110e+02 -5.5441e+00 0.0000e+00 0.0000e+00 5.5441e+00 2.7915e+02 
14.0 2.6620e+02 -4.6551e+00 0.0000e+00 0.0000e+00 -4.6551e+00 2.6414e+02 0.0000e+00 0.0000e+00 0.0000e+00 0.0000e+00 2.6359e+02 -5.1375e+00 0.0000e+00 0.0000e+00 5.1375e+00 2.6168e+02 
15.0 2.5153e+02 -5.1193e+00 0.0000e+00 0.0000e+00 -5.1193e+00 2.4950e+02 0.0000e+00 0.0000e+00 0.0000e+00 0.0000e+00 2.4893e+02 -4.8262e+00 0.0000e+00 0.0000e+00 4.8262e+00 2.4705e+02 
16.0 2.3893e+02 -5.5876e+00 0.0000e+00 0.0000e+00 -5.5876e+00 2.3691e+02 0.0000e+00 0.0000e+00 0.0000e+00 0.0000e+00 2.3633e+02 -4.5949e+00 0.0000e+00 0.0000e+00 4.5949e+00 2.3449e+02 
17.0 2.2783e+02 -6.0586e+00 0.0000e+00 0.0000e+00 -6.0586e+00 2.2583e+02 0.0000e+00 0.0000e+00 0.0000e+00 0.0000e+00 2.2524e+02 -4.4280e+00 0.0000e+00 0.0000e+00 4.4280e+00 2.2343e+02 
18.0 2.1784e+02 -6.5314e+00 0.0000e+00 0.0000e+00 -6.5314e+00 2.1586e+02 0.0000e+00 0.0000e+00 0.0000e+00 0.0000e+00 2.1525e+02 -4.3110e+00 0.0000e+00 0.0000e+00 4.3110e+00 2.1348e+02 
19.0 2.0869e+02 -7.0053e+00 0.0000e+00 0.0000e+00 -7.0053e+00 2.0673e+02 0.0000e+00 0.0000e+00 0.0000e+00 0.0000e+00 2.0676e+02 -4.2299e+00 0.0000e+00 0.0000e+00 4.2299e+00 2.0503e+02 
20.0 2.0021e+02 -7.4800e+00 0.0000e+00 0.0000e+00 -7.4800e+00 1.9828e+02 0.0000e+00 0.0000e+00 0.0000e+00 0.0000e+00 1.9890e+02 -4.1741e+00 0.0000e+00 0.0000e+00 4.1741e+00 1.9720e+02 
21.0 1.9231e+02 -7.9550e+00 0.0000e+00 0.0000e+00 -7.9550e+00 1.9039e+02 0.0000e+00 0.0000e+00 0.0000e+00 0.0000e+00 1.9155e+02 -4.1371e+00 0.0000e+00 0.0000e+00 4.1371e+00 1.8989e+02 
22.0 1.8488e+02 -8.4296e+00 0.0000e+00 0.0000e+00 -8.4296e+00 1.8299e+02 0.0000e+00 0.0000e+00 0.0000e+00 0.0000e+00 1.8465e+02 -4.1149e+00 0.0000e+00 0.0000e+00 4.1149e+00 1.8302e+02 
23.0 1.7786e+02 -8.9024e+00 0.0000e+00 0.0000e+00 -8.9024e+00 1.7598e+02 0.0000e+00 0.0000e+00 0.0000e+00 0.0000e+00 1.7811e+02 -4.1039e+00 0.0000e+00 0.0000e+00 4.1039e+00 1.7652e+02 
24.0 1.7118e+02 -9.3712e+00 0.0000e+00 0.0000e+00 -9.3712e+00 1.6933e+02 0.0000e+00 0.0000e+00 0.0000e+00 0.0000e+00 1.7189e+02 -4.1009e+00 0.0000e+00 0.0000e+00 4.1009e+00 1.7032e+02 
25.0 1.6481e+02 -9.8335e+00 0.0000e+00 0.0000e+00 -9.8335e+00 1.6298e+02 0.0000e+00 0.0000e+00 0.0000e+00 0.0000e+00 1.6593e+02 -4.1035e+00 0.0000e+00 0.0000e+00 4.1035e+00 1.6440e+02 
26.0 1.5870e+02 -1.0286e+01 0.0000e+00 0.0000e+00 -1.0286e+01 1.5689e+02 0.0000e+00 0.0000e+00 0.0000e+00 0.0000e+00 1.6021e+02 -4.1099e+00 0.0000e+00 0.0000e+00 4.1099e+00 1.5870e+02 
27.0 1.5282e+02 -1.0728e+01 0.0000e+00 0.0000e+00 -1.0728e+01 1.5103e+02 0.0000e+00 0.0000e+00 0.0000e+00 0.0000e+00 1.5469e+02 -4.1184e+00 0.0000e+00 0.0000e+00 4.1184e+00 1.5321e+02 
28.0 1.4715e+02 -1.1156e+01 0.0000e+00 0.0000e+00 -1.1156e+01 1.4538e+02 0.0000e+00 0.0000e+00 0.0000e+00 0.0000e+00 1.4935e+02 -4.1272e+00 0.0000e+00 0.0000e+00 4.1272e+00 1.4791e+02 
29.0 1.4169e+02 -1.1571e+01 0.0000e+00 0.0000e+00 -1.1571e+01 1.3994e+02 0.0000e+00 0.0000e+00 0.0000e+00 0.0000e+00 1.4419e+02 -4.1347e+00 0.0000e+00 0.0000e+00 4.1347e+00 1.4278e+02 
30.0 1.3642e+02 -1.1972e+01 0.0000e+00 0.0000e+00 -1.1972e+01 1.3469e+02 0.0000e+00 0.0000e+00 0.0000e+00 0.0000e+00 1.3920e+02 -4.1398e+00 0.0000e+00 0.0000e+00 4.1398e+00 1.3782e+02 
31.0 1.3134e+02 -1.2358e+01 0.0000e+00 0.0000e+00 -1.2358e+01 1.2963e+02 0.0000e+00 0.0000e+00 0.0000e+00 0.0000e+00 1.3376e+02 -4.1421e+00 0.0000e+00 0.0000e+00 4.1421e+00 1.3241e+02 
32.0 1.2643e+02 -1.2729e+01 0.0000e+00 0.0000e+00 -1.2729e+01 1.2474e+02 0.0000e+00 0.0000e+00 0.0000e+00 0.0000e+00 1.2850e+02 -4.1418e+00 0.0000e+00 0.0000e+00 4.1418e+00 1.2718e+02 
33.0 1.2169e+02 -1.3082e+01 0.0000e+00 0.0000e+00 -1.3082e+01 1.2002e+02 0.0000e+00 0.0000e+00 0.0000e+00 0.0000e+00 1.2342e+02 -4.1393e+00 0.0000e+00 0.0000e+00 4.1393e+00 1.2214e+02 
34.0 1.1710e+02 -1.3417e+01 0.0000e+00 0.0000e+00 -1.3417e+01 1.1546e+02 0.0000e+00 0.0000e+00 0.0000e+00 0.0000e+00 1.1851e+02 -4.1342e+00 0.0000e+00 0.0000e+00 4.1342e+00 1.1726e+02 
35.0 1.1267e+02 -1.3734e+01 0.0000e+00 0.0000e+00 -1.3734e+01 1.1105e+02 0.0000e+00 0.0000e+00 0.0000e+00 0.0000e+00 1.1376e+02 -4.1262e+00 0.0000e+00 0.0000e+00 4.1262e+00 1.1254e+02 
36.0 1.0839e+02 -1.4031e+01 0.0000e+00 0.0000e+00 -1.4031e+01 1.0678e+02 0.0000e+00 0.0000e+00 0.0000e+00 0.0000e+00 1.0916e+02 -4.1146e+00 0.0000e+00 0.0000e+00 4.1146e+00 1.0798e+02 
37.0 1.0424e+02 -1.4308e+01 0.0000e+00 0.0000e+00 -1.4308e+01 1.0266e+02 0.0000e+00 0.0000e+00 0.0000e+00 0.0000e+00 1.0471e+02 -4.0987e+00 0.0000e+00 0.0000e+00 4.0987e+00 1.0356e+02 
38.0 1.0024e+02 -1.4566e+01 0.0000e+00 0.0000e+00 -1.4566e+01 9.8675e+01 0.0000e+00 0.0000e+00 0.0000e+00 0.0000e+00 1.0041e+02 -4.0780e+00 0.0000e+00 0.0000e+00 4.0780e+00 9.9298e+01 
39.0 9.6375e+01 -1.4805e+01 0.0000e+00 0.0000e+00 -1.4805e+01 9.4829e+01 0.0000e+00 0.0000e+00 0.0000e+00 0.0000e+00 9.6260e+01 -4.0525e+00 0.0000e+00 0.0000e+00 4.0525e+00 9.5176e+01 
40.0 9.2645e+01 -1.5026e+01 0.0000e+00 0.0000e+00 -1.5026e+01 9.1120e+01 0.0000e+00 0.0000e+00 0.0000e+00 0.0000e+00 9.2248e+01 -4.0221e+00 0.0000e+00 0.0000e+00 4.0221e+00 9.1196e+01 
41.0 8.9049e+01 -1.5227e+01 0.0000e+00 0.0000e+00 -1.5227e+01 8.7543e+01 0.0000e+00 0.0000e+00 0.0000e+00 0.0000e+00 8.8374e+01 -3.9875e+00 0.0000e+00 0.0000e+00 3.9875e+00 8.7354e+01 
42.0 8.5582e+01 -1.5410e+01 0.0000e+00 0.0000e+00 -1.5410e+01 8.4095e+01 0.0000e+00 0.0000e+00 0.0000e+00 0.0000e+00 8.4636e+01 -3.9490e+00 0.0000e+00 0.0000e+00 3.9490e+00 8.3646e+01 
43.0 8.2240e+01 -1.5574e+01 0.0000e+00 0.0000e+00 -1.5574e+01 8.0772e+01 0.0000e+00 0.0000e+00 0.0000e+00 0.0000e+00 8.1029e+01 -3.9069e+00 0.0000e+00 0.0000e+00 3.9069e+00 8.0069e+01 
44.0 7.9019e+01 -1.5720e+01 0.0000e+00 0.0000e+00 -1.5720e+01 7.7570e+01 0.0000e+00 0.0000e+00 0.0000e+00 0.0000e+00 7.7549e+01 -3.8614e+00 0.0000e+00 0.0000e+00 3.8614e+00 7.6618e+01 
45.0 7.5917e+01 -1.5847e+01 0.0000e+00 0.0000e+00 -1.5847e+01 7.4486e+01 0.0000e+00 0.0000e+00 0.0000e+00 0.0000e+00 7.4191e+01 -3.8124e+00 0.0000e+00 0.0000e+00 3.8124e+00 7.3290e+01 
46.0 7.2928e+01 -1.5956e+01 0.0000e+00 0.0000e+00 -1.5956e+01 7.1516e+01 0.0000e+00 0.0000e+00 0.0000e+00 0.0000e+00 7.0953e+01 -3.7600e+00 0.0000e+00 0.0000e+00 3.7600e+00 7.0080e+01 
47.0 7.0050e+01 -1.6048e+01 0.0000e+00 0.0000e+00 -1.6048e+01 6.8656e+01 0.0000e+00 0.0000e+00 0.0000e+00 0.0000e+00 6.7830e+01 -3.7042e+00 0.0000e+00 0.0000e+00 3.7042e+00 6.6987e+01 
48.0 6.7281e+01 -1.6122e+01 0.0000e+00 0.0000e+00 -1.6122e+01 6.5905e+01 0.0000e+00 0.0000e+00 0.0000e+00 0.0000e+00 6.4822e+01 -3.6452e+00 0.0000e+00 0.0000e+00 3.6452e+00 6.4005e+01 
49.0 6.4617e+01 -1.6180e+01 0.0000e+00 0.0000e+00 -1.6180e+01 6.3259e+01 0.0000e+00 0.0000e+00 0.0000e+00 0.0000e+00 6.1923e+01 -3.5833e+00 0.0000e+00 0.0000e+00 3.5833e+00 6.1134e+01 
50.0 6.2056e+01 -1.6222e+01 0.0000e+00 0.0000e+00 -1.6222e+01 6.0715e+01 0.0000e+00 0.0000e+00 0.0000e+00 0.0000e+00 5.9131e+01 -3.5189e+00 0.0000e+00 0.0000e+00 3.5189e+00 5.8369e+01 
51.0 5.9594e+01 -1.6248e+01 0.0000e+00 0.0000e+00 -1.6248e+01 5.8270e+01 0.0000e+00 0.0000e+00 0.0000e+00 0.0000e+00 5.6443e+01 -3.4520e+00 0.0000e+00 0.0000e+00 3.4520e+00 5.5707e+01 
52.0 5.7228e+01 -1.6258e+01 0.0000e+00 0.0000e+00 -1.6258e+01 5.5921e+01 0.0000e+00 0.0000e+00 0.0000e+00 0.0000e+00 5.3855e+01 -3.3830e+00 0.0000e+00 0.0000e+00 3.3830e+00 5.3145e+01 
53.0 5.4956e+01 -1.6254e+01 0.0000e+00 0.0000e+00 -1.6254e+01 5.3665e+01 0.0000e+00 0.0000e+00 0.0000e+00 0.0000e+00 5.1365e+01 -3.3120e+00 0.0000e+00 0.0000e+00 3.3120e+00 5.0680e+01 
54.0 5.2774e+01 -1.6236e+01 0.0000e+00 0.0000e+00 -1.6236e+01 5.1499e+01 0.0000e+00 0.0000e+00 0.0000e+00 0.0000e+00 4.8969e+01 -3.2389e+00 0.0000e+00 0.0000e+00 3.2389e+00 4.8309e+01 
55.0 5.0680e+01 -1.6205e+01 0.0000e+00 0.0000e+00 -1.6205e+01 4.9421e+01 0.0000e+00 0.0000e+00 0.0000e+00 0.0000e+00 4.6665e+01 -3.1641e+00 0.0000e+00 0.0000e+00 3.1641e+00 4.6028e+01 
56.0 4.8671e+01 -1.6160e+01 0.0000e+00 0.0000e+00 -1.6160e+01 4.7428e+01 0.0000e+00 0.0000e+00 0.0000e+00 0.0000e+00 4.4448e+01 -3.0876e+00 0.0000e+00 0.0000e+00 3.0876e+00 4.3836e+01 
57.0 4.6744e+01 -1.6103e+01 0.0000e+00 0.0000e+00 -1.6103e+01 4.5517e+01 0.0000e+00 0.0000e+00 0.0000e+00 0.0000e+00 4.2318e+01 -3.0098e+00 0.0000e+00 0.0000e+00 3.0098e+00 4.1729e+01 
58.0 4.4897e+01 -1.6034e+01 0.0000e+00 0.0000e+00 -1.6034e+01 4.3685e+01 0.0000e+00 0.0000e+00 0.0000e+00 0.0000e+00 4.0270e+01 -2.9308e+00 0.0000e+00 0.0000e+00 2.9308e+00 3.9704e+01 
59.0 4.3127e+01 -1.5954e+01 0.0000e+00 0.0000e+00 -1.5954e+01 4.1929e+01 0.0000e+00 0.0000e+00 0.0000e+00 0.0000e+00 3.8303e+01 -2.8508e+00 0.0000e+00 0.0000e+00 2.8508e+00 3.7758e+01 
60.0 4.1430e+01 -1.5863e+01 0.0000e+00 0.0000e+00 -1.5863e+01 4.0248e+01 0.0000e+00 0.0000e+00 0.0000e+00 0.0000e+00 3.6412e+01 -2.7699e+00 0.0000e+00 0.0000e+00 2.7699e+00 3.5890e+01 
61.0 3.9805e+01 -1.5761e+01 0.0000e+00 0.0000e+00 -1.5761e+01 3.8637e+01 0.0000e+00 0.0000e+00 0.0000e+00 0.0000e+00 3.4596e+01 -2.6883e+00 0.0000e+00 0.0000e+00 2.6883e+00 3.4095e+01 
62.0 3.8250e+01 -1.5651e+01 0.0000e+00 0.0000e+00 -1.5651e+01 3.7095e+01 0.0000e+00 0.0000e+00 0.0000e+00 0.0000e+00 3.2853e+01 -2.6060e+00 0.0000e+00 0.0000e+00 2.6060e+00 3.2372e+01 
63.0 3.6760e+01 -1.5531e+01 0.0000e+00 0.0000e+00 -1.5531e+01 3.5620e+01 0.0000e+00 0.0000e+00 0.0000e+00 0.0000e+00 3.1178e+01 -2.5234e+00 0.0000e+00 0.0000e+00 2.5234e+00 3.0719e+01 
64.0 3.5335e+01 -1.5403e+01 0.0000e+00 0.0000e+00 -1.5403e+01 3.4208e+01 0.0000e+00 0.0000e+00 0.0000e+00 0.0000e+00 2.9571e+01 -2.4406e+00 0.0000e+00 0.0000e+00 2.4406e+00 2.9131e+01 
65.0 3.3971e+01 -1.5267e+01 0.0000e+00 0.0000e+00 -1.5267e+01 3.2858e+01 0.0000e+00 0.0000e+00 0.0000e+00 0.0000e+00 2.8029e+01 -2.3577e+00 0.0000e+00 0.0000e+00 2.3577e+00 2.7609e+01 
66.0 3.2667e+01 -1.5123e+01 0.0000e+00 0.0000e+00 -1.5123e+01 3.1567e+01 0.0000e+00 0.0000e+00 0.0000e+00 0.0000e+00 2.6549e+01 -2.2749e+00 0.0000e+00 0.0000e+00 2.2749e+00 2.6147e+01 
67.0 3.1420e+01 -1.4972e+01 0.0000e+00 0.0000e+00 -1.4972e+01 3.0333e+01 0.0000e+00 0.0000e+00 0.0000e+00 0.0000e+00 2.5128e+01 -2.1923e+00 0.0000e+00 0.0000e+00 2.1923e+00 2.4746e+01 
68.0 3.0228e+01 -1.4815e+01 0.0000e+00 0.0000e+00 -1.4815e+01 2.9154e+01 0.0000e+00 0.0000e+00 0.0000e+00 0.0000e+00 2.3766e+01 -2.1100e+00 0.0000e+00 0.0000e+00 2.1100e+00 2.3402e+01 
69.0 2.9088e+01 -1.4651e+01 0.0000e+00 0.0000e+00 -1.4651e+01 2.8027e+01 0.0000e+00 0.0000e+00 0.0000e+00 0.0000e+00 2.2459e+01 -2.0281e+00 0.0000e+00 0.0000e+00 2.0281e+00 2.2112e+01 
70.0 2.8000e+01 -1.4482e+01 0.0000e+00 0.0000e+00 -1.4482e+01 2.6951e+01 0.0000e+00 0.0000e+00 0.0000e+00 0.0000e+00 2.1205e+01 -1.9467e+00 0.0000e+00 0.0000e+00 1.9467e+00 2.0876e+01 
71.0 2.6960e+01 -1.4308e+01 0.0000e+00 0.0000e+00 -1.4308e+01 2.5923e+01 0.0000e+00 0.0000e+00 0.0000e+00 0.0000e+00 2.0003e+01 -1.8660e+00 0.0000e+00 0.0000e+00 1.8660e+00 1.9691e+01 
72.0 2.5967e+01 -1.4129e+01 0.0000e+00 0.0000e+00 -1.4129e+01 2.4942e+01 0.0000e+00 0.0000e+00 0.0000e+00 0.0000e+00 1.8850e+01 -1.7861e+00 0.0000e+00 0.0000e+00 1.7861e+00 1.8555e+01 
73.0 2.5019e+01 -1.3946e+01 0.0000e+00 0.0000e+00 -1.3946e+01 2.4006e+01 0.0000e+00 0.0000e+00 0.0000e+00 0.0000e+00 1.7745e+01 -1.7070e+00 0.0000e+00 0.0000e+00 1.7070e+00 1.7466e+01 
74.0 2.4114e+01 -1.3759e+01 0.0000e+00 0.0000e+00 -1.3759e+01 2.3112e+01 0.0000e+00 0.0000e+00 0.0000e+00 0.0000e+00 1.6685e+01 -1.6289e+00 0.0000e+00 0.0000e+00 1.6289e+00 1.6422e+01 
75.0 2.3250e+01 -1.3568e+01 0.0000e+00 0.0000e+00 -1.3568e+01 2.2260e+01 0.0000e+00 0.0000e+00 0.0000e+00 0.0000e+00 1.5669e+01 -1.5518e+00 0.0000e+00 0.0000e+00 1.5518e+00 1.5422e+01 
76.0 2.2426e+01 -1.3374e+01 0.0000e+00 0.0000e+00 -1.3374e+01 2.1448e+01 0.0000e+00 0.0000e+00 0.0000e+00 0.0000e+00 1.4695e+01 -1.4760e+00 0.0000e+00 0.0000e+00 1.4760e+00 1.4463e+01 
77.0 2.1640e+01 -1.3177e+01 0.0000e+00 0.0000e+00 -1.3177e+01 2.0673e+01 0.0000e+00 0.0000e+00 0.0000e+00 0.0000e+00 1.3762e+01 -1.4013e+00 0.0000e+00 0.0000e+00 1.4013e+00 1.3544e+01 
78.0 2.0890e+01 -1.2978e+01 0.0000e+00 0.0000e+00 -1.2978e+01 1.9934e+01 0.0000e+00 0.0000e+00 0.0000e+00 0.0000e+00 1.2867e+01 -1.3278e+00 0.0000e+00 0.0000e+00 1.3278e+00 1.2664e+01 
79.0 2.0175e+01 -1.2776e+01 0.0000e+00 0.0000e+00 -1.2776e+01 1.9230e+01 0.0000e+00 0.0000e+00 0.0000e+00 0.0000e+00 1.2009e+01 -1.2557e+00 0.0000e+00 0.0000e+00 1.2557e+00 1.1820e+01 
80.0 1.9494e+01 -1.2572e+01 0.0000e+00 0.0000e+00 -1.2572e+01 1.8560e+01 0.0000e+00 0.0000e+00 0.0000e+00 0.0000e+00 1.1187e+01 -1.1848e+00 0.0000e+00 0.0000e+00 1.1848e+00 1.1012e+01 
81.0 1.8844e+01 -1.2366e+01 0.0000e+00 0.0000e+00 -1.2366e+01 1.7921e+01 0.0000e+00 0.0000e+00 0.0000e+00 0.0000e+00 1.0399e+01 -1.1153e+00 0.0000e+00 0.0000e+00 1.1153e+00 1.0237e+01 
82.0 1.8225e+01 -1.2159e+01 0.0000e+00 0.0000e+00 -1.2159e+01 1.7313e+01 0.0000e+00 0.0000e+00 0.0000e+00 0.0000e+00 9.6437e+00 -1.0472e+00 0.0000e+00 0.0000e+00 1.0472e+00 9.4948e+00 
83.0 1.7635e+01 -1.1951e+01 0.0000e+00 0.0000e+00 -1.1951e+01 1.6734e+01 0.0000e+00 0.0000e+00 0.0000e+00 0.0000e+00 8.9199e+00 -9.8049e-01 0.0000e+00 0.0000e+00 9.8049e-01 8.7835e+00 
84.0 1.7074e+01 -1.1742e+01 0.0000e+00 0.0000e+00 -1.1742e+01 1.6182e+01 0.0000e+00 0.0000e+00 0.0000e+00 0.0000e+00 8.2262e+00 -9.1520e-01 0.0000e+00 0.0000e+00 9.1520e-01 8.1021e+00 
85.0 1.6538e+01 -1.1532e+01 0.0000e+00 0.0000e+00 -1.1532e+01 1.5658e+01 0.0000e+00 0.0000e+00 0.0000e+00 0.0000e+00 7.5613e+00 -8.5137e-01 0.0000e+00 0.0000e+00 8.5137e-01 7.4491e+00 
86.0 1.6029e+01 -1.1321e+01 0.0000e+00 0.0000e+00 -1.1321e+01 1.5159e+01 0.0000e+00 0.0000e+00 0.0000e+00 0.0000e+00 6.9240e+00 -7.8901e-01 0.0000e+00 0.0000e+00 7.8901e-01 6.8234e+00 
87.0 1.5544e+01 -1.1111e+01 0.0000e+00 0.0000e+00 -1.1111e+01 1.4684e+01 0.0000e+00 0.0000e+00 0.0000e+00 0.0000e+00 6.3132e+00 -7.2813e-01 0.0000e+00 0.0000e+00 7.2813e-01 6.2239e+00 
88.0 1.5082e+01 -1.0900e+01 0.0000e+00 0.0000e+00 -1.0900e+01 1.4233e+01 0.0000e+00 0.0000e+00 0.0000e+00 0.0000e+00 5.7278e+00 -6.6873e-01 0.0000e+00 0.0000e+00 6.6873e-01 5.6494e+00 
89.0 1.4643e+01 -1.0689e+01 0.0000e+00 0.0000e+00 -1.0689e+01 1.3804e+01 0.0000e+00 0.0000e+00 0.0000e+00 0.0000e+00 5.1668e+00 -6.1083e-01 0.0000e+00 0.0000e+00 6.1083e-01 5.0989e+00 
90.0 1.4225e+01 -1.0479e+01 0.0000e+00 0.0000e+00 -1.0479e+01 1.3396e+01 0.0000e+00 0.0000e+00 0.0000e+00 0.0000e+00 4.6290e+00 -5.5444e-01 0.0000e+00 0.0000e+00 5.5444e-01 4.5714e+00 
91.0 1.3828e+01 -1.0269e+01 0.0000e+00 0.0000e+00 -1.0269e+01 1.3008e+01 0.0000e+00 0.0000e+00 0.0000e+00 0.0000e+00 4.1135e+00 -4.9958e-01 0.0000e+00 0.0000e+00 4.9958e-01 4.0659e+00 
92.0 1.3450e+01 -1.0060e+01 0.0000e+00 0.0000e+00 -1.0060e+01 1.2640e+01 0.0000e+00 0.0000e+00 0.0000e+00 0.0000e+00 3.6194e+00 -4.4626e-01 0.0000e+00 0.0000e+00 4.4626e-01 3.5814e+00 
93.0 1.3091e+01 -9.8509e+00 0.0000e+00 0.0000e+00 -9.8509e+00 1.2291e+01 0.0000e+00 0.0000e+00 0.0000e+00 0.0000e+00 3.1457e+00 -3.9449e-01 0.0000e+00 0.0000e+00 3.9449e-01 3.1171e+00 
94.0 1.2749e+01 -9.6431e+00 0.0000e+00 0.0000e+00 -9.6431e+00 1.1960e+01 0.0000e+00 0.0000e+00 0.0000e+00 0.0000e+00 2.6917e+00 -3.4427e-01 0.0000e+00 0.0000e+00 3.4427e-01 2.6720e+00 
95.0 1.2425e+01 -9.4362e+00 0.0000e+00 0.0000e+00 -9.4362e+00 1.1645e+01 0.0000e+00 0.0000e+00 0.0000e+00 0.0000e+00 2.2563e+00 -2.9560e-01 0.0000e+00 0.0000e+00 2.9560e-01 2.2454e+00 
96.0 1.2117e+01 -9.2305e+00 0.0000e+00 0.0000e+00 -9.2305e+00 1.1347e+01 0.0000e+00 0.0000e+00 0.0000e+00 0.0000e+00 1.8389e+00 -2.4847e-01 0.0000e+00 0.0000e+00 2.4847e-01 1.8364e+00 
97.0 1.1825e+01 -9.0259e+00 0.0000e+00 0.0000e+00 -9.0259e+00 1.1064e+01 0.0000e+00 0.0000e+00 0.0000e+00 0.0000e+00 1.4386e+00 -2.0287e-01 0.0000e+00 0.0000e+00 2.0287e-01 1.4443e+00 
98.0 1.1547e+01 -8.8226e+00 0.0000e+00 0.0000e+00 -8.8226e+00 1.0796e+01 0.0000e+00 0.0000e+00 0.0000e+00 0.0000e+00 1.0547e+00 -1.5879e-01 0.0000e+00 0.0000e+00 1.5879e-01 1.0683e+00 
99.0 1.1284e+01 -8.6206e+00 0.0000e+00 0.0000e+00 -8.6206e+00 1.0542e+01 0.0000e+00 0.0000e+00 0.0000e+00 0.0000e+00 6.8659e-01 -1.1624e-01 0.0000e+00 0.0000e+00 1.1624e-01 7.0770e-01 
100.0 1.1035e+01 -8.4201e+00 0.0000e+00 0.0000e+00 -8.4201e+00 1.0302e+01 0.0000e+00 0.0000e+00 0.0000e+00 0.0000e+00 3.3348e-01 -7.5187e-02 0.0000e+00 0.0000e+00 7.5187e-02 3.6190e-01 
101.0 1.0798e+01 -8.2212e+00 0.0000e+00 0.0000e+00 -8.2212e+00 1.0075e+01 0.0000e+00 0.0000e+00 0.0000e+00 0.0000e+00 -5.2436e-03 -3.5633e-02 0.0000e+00 0.0000e+00 3.5633e-02 3.0219e-02 
102.0 1.0574e+01 -8.0238e+00 0.0000e+00 0.0000e+00 -8.0238e+00 9.8602e+00 0.0000e+00 0.0000e+00 0.0000e+00 0.0000e+00 -3.3021e-01 2.4345e-03 0.0000e+00 0.0000e+00 -2.4345e-03 -2.8797e-01 
103.0 1.0363e+01 -7.8280e+00 0.0000e+00 0.0000e+00 -7.8280e+00 9.6574e+00 0.0000e+00 0.0000e+00 0.0000e+00 0.0000e+00 -6.4202e-01 3.9028e-02 0.0000e+00 0.0000e+00 -3.9028e-02 -5.9325e-01 
104.0 1.0162e+01 -7.6340e+00 0.0000e+00 0.0000e+00 -7.6340e+00 9.4660e+00 0.0000e+00 0.0000e+00 0.0000e+00 0.0000e+00 -9.4124e-01 7.4159e-02 0.0000e+00 0.0000e+00 -7.4159e-02 -8.8619e-01 
105.0 9.9725e+00 -7.4417e+00 0.0000e+00 0.0000e+00 -7.4417e+00 9.2854e+00 0.0000e+00 0.0000e+00 0.0000e+00 0.0000e+00 -1.2284e+00 1.0784e-01 0.0000e+00 0.0000e+00 -1.0784e-01 -1.1673e+00 
106.0 9.7935e+00 -7.2513e+00 0.0000e+00 0.0000e+00 -7.2513e+00 9.1154e+00 0.0000e+00 0.0000e+00 0.0000e+00 0.0000e+00 -1.5041e+00 1.4009e-01 0.0000e+00 0.0000e+00 -1.4009e-01 -1.4372e+00 
107.0 9.6245e+00 -7.0627e+00 0.0000e+00 0.0000e+00 -7.0627e+00 8.9553e+00 0.0000e+00 0.0000e+00 0.0000e+00 0.0000e+00 -1.7687e+00 1.7093e-01 0.0000e+00 0.0000e+00 -1.7093e-01 -1.6962e+00 
108.0 9.4652e+00 -6.8760e+00 0.0000e+00 0.0000e+00 -6.8760e+00 8.8048e+00 0.0000e+00 0.0000e+00 0.0000e+00 0.0000e+00 -2.0228e+00 2.0036e-01 0.0000e+00 0.0000e+00 -2.0036e-01 -1.9450e+00 
109.0 9.3151e+00 -6.6913e+00 0.0000e+00 0.0000e+00 -6.6913e+00 8.6634e+00 0.0000e+00 0.0000e+00 0.0000e+00 0.0000e+00 -2.2669e+00 2.2841e-01 0.0000e+00 0.0000e+00 -2.2841e-01 -2.1838e+00 
110.0 9.1738e+00 -6.5086e+00 0.0000e+00 0.0000e+00 -6.5086e+00 8.5309e+00 0.0000e+00 0.0000e+00 0.0000e+00 0.0000e+00 -2.5013e+00 2.5508e-01 0.0000e+00 0.0000e+00 -2.5508e-01 -2.4133e+00 
111.0 9.0410e+00 -6.3279e+00 0.0000e+00 0.0000e+00 -6.3279e+00 8.4068e+00 0.0000e+00 0.0000e+00 0.0000e+00 0.0000e+00 -2.7265e+00 2.8040e-01 0.0000e+00 0.0000e+00 -2.8040e-01 -2.6337e+00 
112.0 8.9164e+00 -6.1492e+00 0.0000e+00 0.0000e+00 -6.1492e+00 8.2907e+00 0.0000e+00 0.0000e+00 0.0000e+00 0.0000e+00 -2.9429e+00 3.0437e-01 0.0000e+00 0.0000e+00 -3.0437e-01 -2.8454e+00 
113.0 8.7996e+00 -5.9727e+00 0.0000e+00 0.0000e+00 -5.9727e+00 8.1824e+00 0.0000e+00 0.0000e+00 0.0000e+00 0.0000e+00 -3.1508e+00 3.2701e-01 0.0000e+00 0.0000e+00 -3.2701e-01 -3.0489e+00 
114.0 8.6902e+00 -5.7984e+00 0.0000e+00 0.0000e+00 -5.7984e+00 8.0815e+00 0.0000e+00 0.0000e+00 0.0000e+00 0.0000e+00 -3.3507e+00 3.4834e-01 0.0000e+00 0.0000e+00 -3.4834e-01 -3.2445e+00 
115.0 8.5881e+00 -5.6261e+00 0.0000e+00 0.0000e+00 -5.6261e+00 7.9877e+00 0.0000e+00 0.0000e+00 0.0000e+00 0.0000e+00 -3.5429e+00 3.6837e-01 0.0000e+00 0.0000e+00 -3.6837e-01 -3.4326e+00 
116.0 8.4928e+00 -5.4561e+00 0.0000e+00 0.0000e+00 -5.4561e+00 7.9007e+00 0.0000e+00 0.0000e+00 0.0000e+00 0.0000e+00 -3.7278e+00 3.8711e-01 0.0000e+00 0.0000e+00 -3.8711e-01 -3.6134e+00 
117.0 8.4041e+00 -5.2883e+00 0.0000e+00 0.0000e+00 -5.2883e+00 7.8203e+00 0.0000e+00 0.0000e+00 0.0000e+00 0.0000e+00 -3.9056e+00 4.0457e-01 0.0000e+00 0.0000e+00 -4.0457e-01 -3.7873e+00 
118.0 8.3218e+00 -5.1228e+00 0.0000e+00 0.0000e+00 -5.1228e+00 7.7461e+00 0.0000e+00 0.0000e+00 0.0000e+00 0.0000e+00 -4.0767e+00 4.2078e-01 0.0000e+00 0.0000e+00 -4.2078e-01 -3.9545e+00 
119.0 8.2456e+00 -4.9595e+00 0.0000e+00 0.0000e+00 -4.9595e+00 7.6779e+00 0.0000e+00 0.0000e+00 0.0000e+00 0.0000e+00 -4.2413e+00 4.3574e-01 0.0000e+00 0.0000e+00 -4.3574e-01 -4.1154e+00 
120.0 8.1752e+00 -4.7985e+00 0.0000e+00 0.0000e+00 -4.7985e+00 7.6154e+00 0.0000e+00 0.0000e+00 0.0000e+00 0.0000e+00 -4.3998e+00 4.4946e-01 0.0000e+00 0.0000e+00 -4.4946e-01 -4.2703e+00 
121.0 8.1104e+00 -4.6398e+00 0.0000e+00 0.0000e+00 -4.6398e+00 7.5585e+00 0.0000e+00 0.0000e+00 0.0000e+00 0.0000e+00 -4.5523e+00 4.6196e-01 0.0000e+00 0.0000e+00 -4.6196e-01 -4.4193e+00 
122.0 8.0510e+00 -4.4835e+00 0.0000e+00 0.0000e+00 -4.4835e+00 7.5068e+00 0.0000e+00 0.0000e+00 0.0000e+00 0.0000e+00 -4.6993e+00 4.7324e-01 0.0000e+00 0.0000e+00 -4.7324e-01 -4.5628e+00 
123.0 7.9967e+00 -4.3295e+00 0.0000e+00 0.0000e+00 -4.3295e+00 7.4601e+00 0.0000e+00 0.0000e+00 0.0000e+00 0.0000e+00 -4.8409e+00 4.8330e-01 0.0000e+00 0.0000e+00 -4.8330e-01 -4.7009e+00 
124.0 7.9474e+00 -4.1779e+00 0.0000e+00 0.0000e+00 -4.1779e+00 7.4183e+00 0.0000e+00 0.0000e+00 0.0000e+00 0.0000e+00 -4.9773e+00 4.9216e-01 0.0000e+00 0.0000e+00 -4.9216e-01 -4.8339e+00 
125.0 7.9027e+00 -4.0287e+00 0.0000e+00 0.0000e+00 -4.0287e+00 7.3810e+00 0.0000e+00 0.0000e+00 0.0000e+00 0.0000e+00 -5.1089e+00 4.9984e-01 0.0000e+00 0.0000e+00 -4.9984e-01 -4.9621e+00 
126.0 7.8626e+00 -3.8819e+00 0.0000e+00 0.0000e+00 -3.8819e+00 7.3481e+00 0.0000e+00 0.0000e+00 0.0000e+00 0.0000e+00 -5.2357e+00 5.0633e-01 0.0000e+00 0.0000e+00 -5.0633e-01 -5.0856e+00 
127.0 7.8268e+00 -3.7375e+00 0.0000e+00 0.0000e+00 -3.7375e+00 7.3195e+00 0.0000e+00 0.0000e+00 0.0000e+00 0.0000e+00 -5.3580e+00 5.1165e-01 0.0000e+00 0.0000e+00 -5.1165e-01 -5.2046e+00 
128.0 7.7951e+00 -3.5955e+00 0.0000e+00 0.0000e+00 -3.5955e+00 7.2948e+00 0.0000e+00 0.0000e+00 0.0000e+00 0.0000e+00 -5.4761e+00 5.1582e-01 0.0000e+00 0.0000e+00 -5.1582e-01 -5.3193e+00 
129.0 7.7674e+00 -3.4560e+00 0.0000e+00 0.0000e+00 -3.4560e+00 7.2739e+00 0.0000e+00 0.0000e+00 0.0000e+00 0.0000e+00 -5.5900e+00 5.1884e-01 0.0000e+00 0.0000e+00 -5.1884e-01 -5.4299e+00 
130.0 7.7435e+00 -3.3190e+00 0.0000e+00 0.0000e+00 -3.3190e+00 7.2567e+00 0.0000e+00 0.0000e+00 0.0000e+00 0.0000e+00 -5.7001e+00 5.2075e-01 0.0000e+00 0.0000e+00 -5.2075e-01 -5.5365e+00 
131.0 7.7232e+00 -3.1844e+00 0.0000e+00 0.0000e+00 -3.1844e+00 7.2429e+00 0.0000e+00 0.0000e+00 0.0000e+00 0.0000e+00 -5.8063e+00 5.2155e-01 0.0000e+00 0.0000e+00 -5.2155e-01 -5.6394e+00 
132.0 7.7063e+00 -3.0523e+00 0.0000e+00 0.0000e+00 -3.0523e+00 7.2324e+00 0.0000e+00 0.0000e+00 0.0000e+00 0.0000e+00 -5.9090e+00 5.2128e-01 0.0000e+00 0.0000e+00 -5.2128e-01 -5.7386e+00 
133.0 7.6928e+00 -2.9227e+00 0.0000e+00 0.0000e+00 -2.9227e+00 7.2251e+00 0.0000e+00 0.0000e+00 0.0000e+00 0.0000e+00 -6.0081e+00 5.1996e-01 0.0000e+00 0.0000e+00 -5.1996e-01 -5.8343e+00 
134.0 7.6823e+00 -2.7957e+00 0.0000e+00 0.0000e+00 -2.7957e+00 7.2207e+00 0.0000e+00 0.0000e+00 0.0000e+00 0.0000e+00 -6.1040e+00 5.1761e-01 0.0000e+00 0.0000e+00 -5.1761e-01 -5.9267e+00 
135.0 7.6749e+00 -2.6711e+00 0.0000e+00 0.0000e+00 -2.6711e+00 7.2191e+00 0.0000e+00 0.0000e+00 0.0000e+00 0.0000e+00 -6.1967e+00 5.1428e-01 0.0000e+00 0.0000e+00 -5.1428e-01 -6.0158e+00 
136.0 7.6703e+00 -2.5491e+00 0.0000e+00 0.0000e+00 -2.5491e+00 7.2202e+00 0.0000e+00 0.0000e+00 0.0000e+00 0.0000e+00 -6.2863e+00 5.0997e-01 0.0000e+00 0.0000e+00 -5.0997e-01 -6.1018e+00 
137.0 7.6685e+00 -2.4297e+00 0.0000e+00 0.0000e+00 -2.4297e+00 7.2238e+00 0.0000e+00 0.0000e+00 0.0000e+00 0.0000e+00 -6.3730e+00 5.0471e-01 0.0000e+00 0.0000e+00 -5.0471e-01 -6.1848e+00 
138.0 7.6692e+00 -2.3129e+00 0.0000e+00 0.0000e+00 -2.3129e+00 7.2298e+00 0.0000e+00 0.0000e+00 0.0000e+00 0.0000e+00 -6.4568e+00 4.9855e-01 0.0000e+00 0.0000e+00 -4.9855e-01 -6.2649e+00 
139.0 7.6724e+00 -2.1986e+00 0.0000e+00 0.0000e+00 -2.1986e+00 7.2380e+00 0.0000e+00 0.0000e+00 0.0000e+00 0.0000e+00 -6.5379e+00 4.9150e-01 0.0000e+00 0.0000e+00 -4.9150e-01 -6.3422e+00 
140.0 7.6778e+00 -2.0871e+00 0.0000e+00 0.0000e+00 -2.0871e+00 7.2484e+00 0.0000e+00 0.0000e+00 0.0000e+00 0.0000e+00 -6.6164e+00 4.8360e-01 0.0000e+00 0.0000e+00 -4.8360e-01 -6.4167e+00 
141.0 7.6855e+00 -1.9781e+00 0.0000e+00 0.0000e+00 -1.9781e+00 7.2607e+00 0.0000e+00 0.0000e+00 0.0000e+00 0.0000e+00 -6.6923e+00 4.7490e-01 0.0000e+00 0.0000e+00 -4.7490e-01 -6.4887e+00 
142.0 7.6952e+00 -1.8719e+00 0.0000e+00 0.0000e+00 -1.8719e+00 7.2749e+00 0.0000e+00 0.0000e+00 0.0000e+00 0.0000e+00 -6.7658e+00 4.6541e-01 0.0000e+00 0.0000e+00 -4.6541e-01 -6.5581e+00 
143.0 7.7069e+00 -1.7683e+00 0.0000e+00 0.0000e+00 -1.7683e+00 7.2907e+00 0.0000e+00 0.0000e+00 0.0000e+00 0.0000e+00 -6.8369e+00 4.5518e-01 0.0000e+00 0.0000e+00 -4.5518e-01 -6.6250e+00 
144.0 7.7203e+00 -1.6675e+00 0.0000e+00 0.0000e+00 -1.6675e+00 7.3081e+00 0.0000e+00 0.0000e+00 0.0000e+00 0.0000e+00 -6.9057e+00 4.4424e-01 0.0000e+00 0.0000e+00 -4.4424e-01 -6.6894e+00 
145.0 7.7354e+00 -1.5694e+00 0.0000e+00 0.0000e+00 -1.5694e+00 7.3270e+00 0.0000e+00 0.0000e+00 0.0000e+00 0.0000e+00 -6.9722e+00 4.3261e-01 0.0000e+00 0.0000e+00 -4.3261e-01 -6.7515e+00 
146.0 7.7521e+00 -1.4741e+00 0.0000e+00 0.0000e+00 -1.4741e+00 7.3471e+00 0.0000e+00 0.0000e+00 0.0000e+00 0.0000e+00 -7.0365e+00 4.2033e-01 0.0000e+00 0.0000e+00 -4.2033e-01 -6.8113e+00 
147.0 7.7702e+00 -1.3815e+00 0.0000e+00 0.0000e+00 -1.3815e+00 7.3684e+00 0.0000e+00 0.0000e+00 0.0000e+00 0.0000e+00 -7.0987e+00 4.0743e-01 0.0000e+00 0.0000e+00 -4.0743e-01 -6.8687e+00 
148.0 7.7896e+00 -1.2918e+00 0.0000e+00 0.0000e+00 -1.2918e+00 7.3908e+00 0.0000e+00 0.0000e+00 0.0000e+00 0.0000e+00 -7.1588e+00 3.9396e-01 0.0000e+00 0.0000e+00 -3.9396e-01 -6.9240e+00 
149.0 7.8103e+00 -1.2049e+00 0.0000e+00 0.0000e+00 -1.2049e+00 7.4141e+00 0.0000e+00 0.0000e+00 0.0000e+00 0.0000e+00 -7.2169e+00 3.7995e-01 0.0000e+00 0.0000e+00 -3.7995e-01 -6.9770e+00 
150.0 7.8321e+00 -1.1209e+00 0.0000e+00 0.0000e+00 -1.1209e+00 7.4383e+00 0.0000e+00 0.0000e+00 0.0000e+00 0.0000e+00 -7.2729e+00 3.6546e-01 0.0000e+00 0.0000e+00 -3.6546e-01 -7.0279e+00 
151.0 7.8549e+00 -1.0397e+00 0.0000e+00 0.0000e+00 -1.0397e+00 7.4632e+00 0.0000e+00 0.0000e+00 0.0000e+00 0.0000e+00 -7.3269e+00 3.5054e-01 0.0000e+00 0.0000e+00 -3.5054e-01 -7.0766e+00 
152.0 7.8788e+00 -9.6147e-01 0.0000e+00 0.0000e+00 -9.6147e-01 7.4888e+00 0.0000e+00 0.0000e+00 0.0000e+00 0.0000e+00 -7.3790e+00 3.3524e-01 0.0000e+00 0.0000e+00 -3.3524e-01 -7.1232e+00 
153.0 7.9034e+00 -8.8611e-01 0.0000e+00 0.0000e+00 -8.8611e-01 7.5149e+00 0.0000e+00 0.0000e+00 0.0000e+00 0.0000e+00 -7.4292e+00 3.1959e-01 0.0000e+00 0.0000e+00 -3.1959e-01 -7.1677e+00 
154.0 7.9288e+00 -8.1368e-01 0.0000e+00 0.0000e+00 -8.1368e-01 7.5414e+00 0.0000e+00 0.0000e+00 0.0000e+00 0.0000e+00 -7.4775e+00 3.0362e-01 0.0000e+00 0.0000e+00 -3.0362e-01 -7.2101e+00 
155.0 7.9549e+00 -7.4417e-01 0.0000e+00 0.0000e+00 -7.4417e-01 7.5683e+00 0.0000e+00 0.0000e+00 0.0000e+00 0.0000e+00 -7.5238e+00 2.8738e-01 0.0000e+00 0.0000e+00 -2.8738e-01 -7.2505e+00 
156.0 7.9815e+00 -6.7761e-01 0.0000e+00 0.0000e+00 -6.7761e-01 7.5954e+00 0.0000e+00 0.0000e+00 0.0000e+00 0.0000e+00 -7.5683e+00 2.7089e-01 0.0000e+00 0.0000e+00 -2.7089e-01 -7.2889e+00 
157.0 8.0086e+00 -6.1403e-01 0.0000e+00 0.0000e+00 -6.1403e-01 7.6227e+00 0.0000e+00 0.0000e+00 0.0000e+00 0.0000e+00 -7.6110e+00 2.5419e-01 0.0000e+00 0.0000e+00 -2.5419e-01 -7.3253e+00 
158.0 8.0359e+00 -5.5345e-01 0.0000e+00 0.0000e+00 -5.5345e-01 7.6499e+00 0.0000e+00 0.0000e+00 0.0000e+00 0.0000e+00 -7.6519e+00 2.3727e-01 0.0000e+00 0.0000e+00 -2.3727e-01 -7.3597e+00 
159.0 8.0633e+00 -4.9596e-01 0.0000e+00 0.0000e+00 -4.9596e-01 7.6769e+00 0.0000e+00 0.0000e+00 0.0000e+00 0.0000e+00 -7.6909e+00 2.2007e-01 0.0000e+00 0.0000e+00 -2.2007e-01 -7.3923e+00 
160.0 8.0906e+00 -4.4163e-01 0.0000e+00 0.0000e+00 -4.4163e-01 7.7035e+00 0.0000e+00 0.0000e+00 0.0000e+00 0.0000e+00 -7.7282e+00 2.0254e-01 0.0000e+00 0.0000e+00 -2.0254e-01 -7.4230e+00 
161.0 8.1175e+00 -3.9056e-01 0.0000e+00 0.0000e+00 -3.9056e-01 7.7293e+00 0.0000e+00 0.0000e+00 0.0000e+00 0.0000e+00 -7.7638e+00 1.8461e-01 0.0000e+00 0.0000e+00 -1.8461e-01 -7.4517e+00 
162.0 8.1439e+00 -3.4282e-01 0.0000e+00 0.0000e+00 -3.4282e-01 7.7542e+00 0.0000e+00 0.0000e+00 0.0000e+00 0.0000e+00 -7.7977e+00 1.6626e-01 0.0000e+00 0.0000e+00 -1.6626e-01 -7.4786e+00 
163.0 8.1698e+00 -2.9849e-01 0.0000e+00 0.0000e+00 -2.9849e-01 7.7779e+00 0.0000e+00 0.0000e+00 0.0000e+00 0.0000e+00 -7.8300e+00 1.4751e-01 0.0000e+00 0.0000e+00 -1.4751e-01 -7.5034e+00 
164.0 8.1950e+00 -2.5762e-01 0.0000e+00 0.0000e+00 -2.5762e-01 7.8005e+00 0.0000e+00 0.0000e+00 0.0000e+00 0.0000e+00 -7.8607e+00 1.2842e-01 0.0000e+00 0.0000e+00 -1.2842e-01 -7.5262e+00 
165.0 8.2197e+00 -2.2023e-01 0.0000e+00 0.0000e+00 -2.2023e-01 7.8216e+00 0.0000e+00 0.0000e+00 0.0000e+00 0.0000e+00 -7.8901e+00 1.0915e-01 0.0000e+00 0.0000e+00 -1.0915e-01 -7.5469e+00 
166.0 8.2441e+00 -1.8633e-01 0.0000e+00 0.0000e+00 -1.8633e-01 7.8415e+00 0.0000e+00 0.0000e+00 0.0000e+00 0.0000e+00 -7.9181e+00 8.9897e-02 0.0000e+00 0.0000e+00 -8.9897e-02 -7.5654e+00 
167.0 8.2683e+00 -1.5586e-01 0.0000e+00 0.0000e+00 -1.5586e-01 7.8601e+00 0.0000e+00 0.0000e+00 0.0000e+00 0.0000e+00 -7.9450e+00 7.0920e-02 0.0000e+00 0.0000e+00 -7.0920e-02 -7.5817e+00 
168.0 8.2926e+00 -1.2876e-01 0.0000e+00 0.0000e+00 -1.2876e-01 7.8773e+00 0.0000e+00 0.0000e+00 0.0000e+00 0.0000e+00 -7.9709e+00 5.2541e-02 0.0000e+00 0.0000e+00 -5.2541e-02 -7.5955e+00 
169.0 8.3173e+00 -1.0494e-01 0.0000e+00 0.0000e+00 -1.0494e-01 7.8934e+00 0.0000e+00 0.0000e+00 0.0000e+00 0.0000e+00 -7.9960e+00 3.5155e-02 0.0000e+00 0.0000e+00 -3.5155e-02 -7.6070e+00 
170.0 8.3428e+00 -8.4274e-02 0.0000e+00 0.0000e+00 -8.4274e-02 7.9085e+00 0.0000e+00 0.0000e+00 0.0000e+00 0.0000e+00 -8.0206e+00 1.9257e-02 0.0000e+00 0.0000e+00 -1.9257e-02 -7.6161e+00 
171.0 8.3697e+00 -6.6561e-02 0.0000e+00 0.0000e+00 -6.6561e-02 7.9229e+00 0.0000e+00 0.0000e+00 0.0000e+00 0.0000e+00 -8.0448e+00 5.4661e-03 0.0000e+00 0.0000e+00 -5.4661e-03 -7.6227e+00 
172.0 8.3984e+00 -5.1528e-02 0.0000e+00 0.0000e+00 -5.1528e-02 7.9371e+00 0.0000e+00 0.0000e+00 0.0000e+00 0.0000e+00 -8.0689e+00 -5.4856e-03 0.0000e+00 0.0000e+00 5.4856e-03 -7.6270e+00 
173.0 8.4293e+00 -3.8823e-02 0.0000e+00 0.0000e+00 -3.8823e-02 7.9516e+00 0.0000e+00 0.0000e+00 0.0000e+00 0.0000e+00 -8.0926e+00 -1.2858e-02 0.0000e+00 0.0000e+00 1.2858e-02 -7.6290e+00 
174.0 8.4623e+00 -2.8058e-02 0.0000e+00 0.0000e+00 -2.8058e-02 7.9666e+00 0.0000e+00 0.0000e+00 0.0000e+00 0.0000e+00 -8.1155e+00 -1.6143e-02 0.0000e+00 0.0000e+00 1.6143e-02 -7.6291e+00 
175.0 8.4961e+00 -1.8910e-02 0.0000e+00 0.0000e+00 -1.8910e-02 7.9820e+00 0.0000e+00 0.0000e+00 0.0000e+00 0.0000e+00 -8.1370e+00 -1.5393e-02 0.0000e+00 0.0000e+00 1.5393e-02 -7.6276e+00 
176.0 8.5284e+00 -1.1258e-02 0.0000e+00 0.0000e+00 -1.1258e-02 7.9971e+00 0.0000e+00 0.0000e+00 0.0000e+00 0.0000e+00 -8.1558e+00 -1.1504e-02 0.0000e+00 0.0000e+00 1.1504e-02 -7.6251e+00 
177.0 8.5559e+00 -5.2726e-03 0.0000e+00 0.0000e+00 -5.2726e-03 8.0101e+00 0.0000e+00 0.0000e+00 0.0000e+00 0.0000e+00 -8.1707e+00 -6.2297e-03 0.0000e+00 0.0000e+00 6.2297e-03 -7.6226e+00 
178.0 8.5745e+00 -1.3718e-03 0.0000e+00 0.0000e+00 -1.3718e-03 8.0191e+00 0.0000e+00 0.0000e+00 0.0000e+00 0.0000e+00 -8.1803e+00 -1.7763e-03 0.0000e+00 0.0000e+00 1.7763e-03 -7.6205e+00 
179.0 8.5813e+00 -2.0984e-20 0.0000e+00 0.0000e+00 -2.0984e-20 8.0225e+00 0.0000e+00 0.0000e+00 0.0000e+00 0.0000e+00 -8.1837e+00 -2.2638e-20 0.0000e+00 0.0000e+00 2.2638e-20 -7.6198e+00 
180.0 8.5880e+00 0.0000e+00 0.0000e+00 0.0000e+00 0.0000e+00 8.0257e+00 0.0000e+00 0.0000e+00 0.0000e+00 0.0000e+00 -8.1870e+00 0.0000e+00 0.0000e+00 0.0000e+00 -0.0000e+00 -7.6191e+00 
