1.5893 1.7799 0.1907 0.048800
theta s11 s12 s13 s14 s21 s22 s23 s24 s31 s32 s33 s34 s41 s42 s43 s44
0.0 1.6322e+03 0.0000e+00 0.0000e+00 0.0000e+00 0.0000e+00 1.6308e+03 0.0000e+00 0.0000e+00 0.0000e+00 0.0000e+00 1.6308e+03 0.0000e+00 0.0000e+00 0.0000e+00 -0.0000e+00 1.6295e+03 
1.0 1.4111e+03 -7.4322e-02 0.0000e+00 0.0000e+00 -7.4322e-02 1.4097e+03 0.0000e+00 0.0000e+00 0.0000e+00 0.0000e+00 1.4097e+03 -5.9079e-01 0.0000e+00 0.0000e+00 5.9079e-01 1.4084e+03 
2.0 1.0507e+03 -1.4914e-01 0.0000e+00 0.0000e+00 -1.4914e-01 1.0494e+03 0.0000e+00 0.0000e+00 0.0000e+00 0.0000e+00 1.0494e+03 -1.9429e+00 0.0000e+00 0.0000e+00 1.9429e+00 1.0481e+03 
3.0 7.7801e+02 -1.5525e-01 0.0000e+00 0.0000e+00 -1.5525e-01 7.7670e+02 0.0000e+00 0.0000e+00 0.0000e+00 0.0000e+00 7.7668e+02 -3.2819e+00 0.0000e+00 0.0000e+00 3.2819e+00 7.7539e+02 
4.0 5.9839e+02 -1.4056e-01 0.0000e+00 0.0000e+00 -1.4056e-01 5.9711e+02 0.0000e+00 0.0000e+00 0.0000e+00 0.0000e+00 5.9705e+02 -4.2075e+00 0.0000e+00 0.0000e+00 4.2075e+00 5.9580e+02 
5.0 4.8024e+02 -1.3336e-01 0.0000e+00 0.0000e+00 -1.3336e-01 4.7898e+02 0.0000e+00 0.0000e+00 0.0000e+00 0.0000e+00 4.7889e+02 -4.7607e+00 0.0000e+00 0.0000e+00 4.7607e+00 4.7768e+02 
6.0 3.9903e+02 -1.4011e-01 0.0000e+00 0.0000e+00 -1.4011e-01 3.9780e+02 0.0000e+00 0.0000e+00 0.0000e+00 0.0000e+00 3.9767e+02 -5.0856e+00 0.0000e+00 0.0000e+00 5.0856e+00 3.9650e+02 
7.0 3.4014e+02 -1.6290e-01 0.0000e+00 0.0000e+00 -1.6290e-01 3.3893e+02 0.0000e+00 0.0000e+00 0.0000e+00 0.0000e+00 3.3877e+02 -5.2646e+00 0.0000e+00 0.0000e+00 5.2646e+00 3.3764e+02 
8.0 2.9539e+02 -2.0179e-01 0.0000e+00 0.0000e+00 -2.0179e-01 2.9420e+02 0.0000e+00 0.0000e+00 0.0000e+00 0.0000e+00 2.9401e+02 -5.3404e+00 0.0000e+00 0.0000e+00 5.3404e+00 2.9292e+02 
9.0 2.6010e+02 -2.5537e-01 0.0000e+00 0.0000e+00 -2.5537e-01 2.5893e+02 0.0000e+00 0.0000e+00 0.0000e+00 0.0000e+00 2.5871e+02 -5.3382e+00 0.0000e+00 0.0000e+00 5.3382e+00 2.5766e+02 
10.0 2.3150e+02 -3.2230e-01 0.0000e+00 0.0000e+00 -3.2230e-01 2.3034e+02 0.0000e+00 0.0000e+00 0.0000e+00 0.0000e+00 2.3008e+02 -5.2740e+00 0.0000e+00 0.0000e+00 5.2740e+00 2.2908e+02 
11.0 2.0783e+02 -4.0091e-01 0.0000e+00 0.0000e+00 -4.0091e-01 2.0669e+02 0.0000e+00 0.0000e+00 0.0000e+00 0.0000e+00 2.0640e+02 -5.1617e+00 0.0000e+00 0.0000e+00 5.1617e+00 2.0543e+02 
12.0 1.8793e+02 -4.8961e-01 0.0000e+00 0.0000e+00 -4.8961e-01 1.8681e+02 0.0000e+00 0.0000e+00 0.0000e+00 0.0000e+00 1.8648e+02 -5.0148e+00 0.0000e+00 0.0000e+00 5.0148e+00 1.8555e+02 
13.0 1.7101e+02 -5.8735e-01 0.0000e+00 0.0000e+00 -5.8735e-01 1.6989e+02 0.0000e+00 0.0000e+00 0.0000e+00 0.0000e+00 1.6954e+02 -4.8433e+00 0.0000e+00 0.0000e+00 4.8433e+00 1.6864e+02 
14.0 1.5647e+02 -6.9106e-01 0.0000e+00 0.0000e+00 -6.9106e-01 1.5537e+02 0.0000e+00 0.0000e+00 0.0000e+00 0.0000e+00 1.5498e+02 -4.6598e+00 0.0000e+00 0.0000e+00 4.6598e+00 1.5412e+02 
15.0 1.4389e+02 -8.0137e-01 0.0000e+00 0.0000e+00 -8.0137e-01 1.4279e+02 0.0000e+00 0.0000e+00 0.0000e+00 0.0000e+00 1.4238e+02 -4.4648e+00 0.0000e+00 0.0000e+00 4.4648e+00 1.4155e+02 
16.0 1.3292e+02 -9.1676e-01 0.0000e+00 0.0000e+00 -9.1676e-01 1.3184e+02 0.0000e+00 0.0000e+00 0.0000e+00 0.0000e+00 1.3139e+02 -4.2639e+00 0.0000e+00 0.0000e+00 4.2639e+00 1.3060e+02 
17.0 1.2330e+02 -1.0363e+00 0.0000e+00 0.0000e+00 -1.0363e+00 1.2223e+02 0.0000e+00 0.0000e+00 0.0000e+00 0.0000e+00 1.2175e+02 -4.0613e+00 0.0000e+00 0.0000e+00 4.0613e+00 1.2099e+02 
18.0 1.1480e+02 -1.1591e+00 0.0000e+00 0.0000e+00 -1.1591e+00 1.1374e+02 0.0000e+00 0.0000e+00 0.0000e+00 0.0000e+00 1.1324e+02 -3.8603e+00 0.0000e+00 0.0000e+00 3.8603e+00 1.1250e+02 
19.0 1.0725e+02 -1.2847e+00 0.0000e+00 0.0000e+00 -1.2847e+00 1.0619e+02 0.0000e+00 0.0000e+00 0.0000e+00 0.0000e+00 1.0607e+02 -3.6624e+00 0.0000e+00 0.0000e+00 3.6624e+00 1.0537e+02 
20.0 1.0050e+02 -1.4133e+00 0.0000e+00 0.0000e+00 -1.4133e+00 9.9449e+01 0.0000e+00 0.0000e+00 0.0000e+00 0.0000e+00 9.9655e+01 -3.4691e+00 0.0000e+00 0.0000e+00 3.4691e+00 9.8982e+01 
21.0 9.4422e+01 -1.5448e+00 0.0000e+00 0.0000e+00 -1.5448e+00 9.3384e+01 0.0000e+00 0.0000e+00 0.0000e+00 0.0000e+00 9.3882e+01 -3.2819e+00 0.0000e+00 0.0000e+00 3.2819e+00 9.3235e+01 
22.0 8.8930e+01 -1.6792e+00 0.0000e+00 0.0000e+00 -1.6792e+00 8.7900e+01 0.0000e+00 0.0000e+00 0.0000e+00 0.0000e+00 8.8656e+01 -3.1021e+00 0.0000e+00 0.0000e+00 3.1021e+00 8.8033e+01 
23.0 8.3937e+01 -1.8162e+00 0.0000e+00 0.0000e+00 -1.8162e+00 8.2915e+01 0.0000e+00 0.0000e+00 0.0000e+00 0.0000e+00 8.3900e+01 -2.9303e+00 0.0000e+00 0.0000e+00 2.9303e+00 8.3300e+01 
24.0 7.9376e+01 -1.9551e+00 0.0000e+00 0.0000e+00 -1.9551e+00 7.8362e+01 0.0000e+00 0.0000e+00 0.0000e+00 0.0000e+00 7.9552e+01 -2.7666e+00 0.0000e+00 0.0000e+00 2.7666e+00 7.8972e+01 
25.0 7.5195e+01 -2.0954e+00 0.0000e+00 0.0000e+00 -2.0954e+00 7.4187e+01 0.0000e+00 0.0000e+00 0.0000e+00 0.0000e+00 7.5561e+01 -2.6109e+00 0.0000e+00 0.0000e+00 2.6109e+00 7.5000e+01 
26.0 7.1348e+01 -2.2362e+00 0.0000e+00 0.0000e+00 -2.2362e+00 7.0347e+01 0.0000e+00 0.0000e+00 0.0000e+00 0.0000e+00 7.1885e+01 -2.4632e+00 0.0000e+00 0.0000e+00 2.4632e+00 7.1343e+01 
27.0 6.7797e+01 -2.3770e+00 0.0000e+00 0.0000e+00 -2.3770e+00 6.6803e+01 0.0000e+00 0.0000e+00 0.0000e+00 0.0000e+00 6.8489e+01 -2.3234e+00 0.0000e+00 0.0000e+00 2.3234e+00 6.7963e+01 
28.0 6.4509e+01 -2.5171e+00 0.0000e+00 0.0000e+00 -2.5171e+00 6.3522e+01 0.0000e+00 0.0000e+00 0.0000e+00 0.0000e+00 6.5340e+01 -2.1915e+00 0.0000e+00 0.0000e+00 2.1915e+00 6.4830e+01 
29.0 6.1453e+01 -2.6563e+00 0.0000e+00 0.0000e+00 -2.6563e+00 6.0472e+01 0.0000e+00 0.0000e+00 0.0000e+00 0.0000e+00 6.2410e+01 -2.0671e+00 0.0000e+00 0.0000e+00 2.0671e+00 6.1914e+01 
30.0 5.8602e+01 -2.7942e+00 0.0000e+00 0.0000e+00 -2.7942e+00 5.7628e+01 0.0000e+00 0.0000e+00 0.0000e+00 0.0000e+00 5.9673e+01 -1.9498e+00 0.0000e+00 0.0000e+00 1.9498e+00 5.9191e+01 
31.0 5.5934e+01 -2.9302e+00 0.0000e+00 0.0000e+00 -2.9302e+00 5.4966e+01 0.0000e+00 0.0000e+00 0.0000e+00 0.0000e+00 5.6812e+01 -1.8393e+00 0.0000e+00 0.0000e+00 1.8393e+00 5.6350e+01 
32.0 5.3428e+01 -3.0641e+00 0.0000e+00 0.0000e+00 -3.0641e+00 5.2466e+01 0.0000e+00 0.0000e+00 0.0000e+00 0.0000e+00 5.4127e+01 -1.7354e+00 0.0000e+00 0.0000e+00 1.7354e+00 5.3685e+01 
33.0 5.1068e+01 -3.1953e+00 0.0000e+00 0.0000e+00 -3.1953e+00 5.0112e+01 0.0000e+00 0.0000e+00 0.0000e+00 0.0000e+00 5.1602e+01 -1.6378e+00 0.0000e+00 0.0000e+00 1.6378e+00 5.1178e+01 
34.0 4.8841e+01 -3.3234e+00 0.0000e+00 0.0000e+00 -3.3234e+00 4.7891e+01 0.0000e+00 0.0000e+00 0.0000e+00 0.0000e+00 4.9222e+01 -1.5462e+00 0.0000e+00 0.0000e+00 1.5462e+00 4.8816e+01 
35.0 4.6735e+01 -3.4480e+00 0.0000e+00 0.0000e+00 -3.4480e+00 4.5790e+01 0.0000e+00 0.0000e+00 0.0000e+00 0.0000e+00 4.6973e+01 -1.4600e+00 0.0000e+00 0.0000e+00 1.4600e+00 4.6585e+01 
36.0 4.4741e+01 -3.5689e+00 0.0000e+00 0.0000e+00 -3.5689e+00 4.3801e+01 0.0000e+00 0.0000e+00 0.0000e+00 0.0000e+00 4.4844e+01 -1.3787e+00 0.0000e+00 0.0000e+00 1.3787e+00 4.4474e+01 
37.0 4.2851e+01 -3.6858e+00 0.0000e+00 0.0000e+00 -3.6858e+00 4.1917e+01 0.0000e+00 0.0000e+00 0.0000e+00 0.0000e+00 4.2826e+01 -1.3017e+00 0.0000e+00 0.0000e+00 1.3017e+00 4.2473e+01 
38.0 4.1059e+01 -3.7989e+00 0.0000e+00 0.0000e+00 -3.7989e+00 4.0130e+01 0.0000e+00 0.0000e+00 0.0000e+00 0.0000e+00 4.0910e+01 -1.2285e+00 0.0000e+00 0.0000e+00 1.2285e+00 4.0574e+01 
39.0 3.9360e+01 -3.9081e+00 0.0000e+00 0.0000e+00 -3.9081e+00 3.8436e+01 0.0000e+00 0.0000e+00 0.0000e+00 0.0000e+00 3.9091e+01 -1.1587e+00 0.0000e+00 0.0000e+00 1.1587e+00 3.8771e+01 
40.0 3.7748e+01 -4.0135e+00 0.0000e+00 0.0000e+00 -4.0135e+00 3.6829e+01 0.0000e+00 0.0000e+00 0.0000e+00 0.0000e+00 3.7362e+01 -1.0920e+00 0.0000e+00 0.0000e+00 1.0920e+00 3.7058e+01 
41.0 3.6218e+01 -4.1148e+00 0.0000e+00 0.0000e+00 -4.1148e+00 3.5304e+01 0.0000e+00 0.0000e+00 0.0000e+00 0.0000e+00 3.5716e+01 -1.0285e+00 0.0000e+00 0.0000e+00 1.0285e+00 3.5428e+01 
42.0 3.4763e+01 -4.2119e+00 0.0000e+00 0.0000e+00 -4.2119e+00 3.3854e+01 0.0000e+00 0.0000e+00 0.0000e+00 0.0000e+00 3.4149e+01 -9.6787e-01 0.0000e+00 0.0000e+00 9.6787e-01 3.3875e+01 
43.0 3.3380e+01 -4.3048e+00 0.0000e+00 0.0000e+00 -4.3048e+00 3.2475e+01 0.0000e+00 0.0000e+00 0.0000e+00 0.0000e+00 3.2654e+01 -9.0995e-01 0.0000e+00 0.0000e+00 9.0995e-01 3.2396e+01 
44.0 3.2062e+01 -4.3931e+00 0.0000e+00 0.0000e+00 -4.3931e+00 3.1162e+01 0.0000e+00 0.0000e+00 0.0000e+00 0.0000e+00 3.1228e+01 -8.5449e-01 0.0000e+00 0.0000e+00 8.5449e-01 3.0984e+01 
45.0 3.0807e+01 -4.4769e+00 0.0000e+00 0.0000e+00 -4.4769e+00 2.9911e+01 0.0000e+00 0.0000e+00 0.0000e+00 0.0000e+00 2.9866e+01 -8.0123e-01 0.0000e+00 0.0000e+00 8.0123e-01 2.9636e+01 
46.0 2.9609e+01 -4.5561e+00 0.0000e+00 0.0000e+00 -4.5561e+00 2.8718e+01 0.0000e+00 0.0000e+00 0.0000e+00 0.0000e+00 2.8563e+01 -7.4991e-01 0.0000e+00 0.0000e+00 7.4991e-01 2.8348e+01 
47.0 2.8465e+01 -4.6306e+00 0.0000e+00 0.0000e+00 -4.6306e+00 2.7579e+01 0.0000e+00 0.0000e+00 0.0000e+00 0.0000e+00 2.7317e+01 -7.0029e-01 0.0000e+00 0.0000e+00 7.0029e-01 2.7116e+01 
48.0 2.7373e+01 -4.7004e+00 0.0000e+00 0.0000e+00 -4.7004e+00 2.6491e+01 0.0000e+00 0.0000e+00 0.0000e+00 0.0000e+00 2.6125e+01 -6.5218e-01 0.0000e+00 0.0000e+00 6.5218e-01 2.5938e+01 
49.0 2.6330e+01 -4.7656e+00 0.0000e+00 0.0000e+00 -4.7656e+00 2.5452e+01 0.0000e+00 0.0000e+00 0.0000e+00 0.0000e+00 2.4983e+01 -6.0542e-01 0.0000e+00 0.0000e+00 6.0542e-01 2.4809e+01 
50.0 2.5334e+01 -4.8261e+00 0.0000e+00 0.0000e+00 -4.8261e+00 2.4459e+01 0.0000e+00 0.0000e+00 0.0000e+00 0.0000e+00 2.3890e+01 -5.5991e-01 0.0000e+00 0.0000e+00 5.5991e-01 2.3729e+01 
51.0 2.4381e+01 -4.8821e+00 0.0000e+00 0.0000e+00 -4.8821e+00 2.3511e+01 0.0000e+00 0.0000e+00 0.0000e+00 0.0000e+00 2.2842e+01 -5.1550e-01 0.0000e+00 0.0000e+00 5.1550e-01 2.2694e+01 
52.0 2.3471e+01 -4.9335e+00 0.0000e+00 0.0000e+00 -4.9335e+00 2.2604e+01 0.0000e+00 0.0000e+00 0.0000e+00 0.0000e+00 2.1837e+01 -4.7209e-01 0.0000e+00 0.0000e+00 4.7209e-01 2.1702e+01 
53.0 2.2601e+01 -4.9805e+00 0.0000e+00 0.0000e+00 -4.9805e+00 2.1738e+01 0.0000e+00 0.0000e+00 0.0000e+00 0.0000e+00 2.0874e+01 -4.2956e-01 0.0000e+00 0.0000e+00 4.2956e-01 2.0752e+01 
54.0 2.1770e+01 -5.0231e+00 0.0000e+00 0.0000e+00 -5.0231e+00 2.0910e+01 0.0000e+00 0.0000e+00 0.0000e+00 0.0000e+00 1.9949e+01 -3.8785e-01 0.0000e+00 0.0000e+00 3.8785e-01 1.9840e+01 
55.0 2.0976e+01 -5.0614e+00 0.0000e+00 0.0000e+00 -5.0614e+00 2.0119e+01 0.0000e+00 0.0000e+00 0.0000e+00 0.0000e+00 1.9062e+01 -3.4694e-01 0.0000e+00 0.0000e+00 3.4694e-01 1.8966e+01 
56.0 2.0217e+01 -5.0955e+00 0.0000e+00 0.0000e+00 -5.0955e+00 1.9364e+01 0.0000e+00 0.0000e+00 0.0000e+00 0.0000e+00 1.8211e+01 -3.0680e-01 0.0000e+00 0.0000e+00 3.0680e-01 1.8127e+01 
57.0 1.9492e+01 -5.1255e+00 0.0000e+00 0.0000e+00 -5.1255e+00 1.8641e+01 0.0000e+00 0.0000e+00 0.0000e+00 0.0000e+00 1.7394e+01 -2.6746e-01 0.0000e+00 0.0000e+00 2.6746e-01 1.7322e+01 
58.0 1.8799e+01 -5.1513e+00 0.0000e+00 0.0000e+00 -5.1513e+00 1.7951e+01 0.0000e+00 0.0000e+00 0.0000e+00 0.0000e+00 1.6610e+01 -2.2887e-01 0.0000e+00 0.0000e+00 2.2887e-01 1.6549e+01 
59.0 1.8136e+01 -5.1731e+00 0.0000e+00 0.0000e+00 -5.1731e+00 1.7291e+01 0.0000e+00 0.0000e+00 0.0000e+00 0.0000e+00 1.5856e+01 -1.9103e-01 0.0000e+00 0.0000e+00 1.9103e-01 1.5808e+01 
60.0 1.7503e+01 -5.1910e+00 0.0000e+00 0.0000e+00 -5.1910e+00 1.6660e+01 0.0000e+00 0.0000e+00 0.0000e+00 0.0000e+00 1.5131e+01 -1.5390e-01 0.0000e+00 0.0000e+00 1.5390e-01 1.5095e+01 
61.0 1.6898e+01 -5.2051e+00 0.0000e+00 0.0000e+00 -5.2051e+00 1.6058e+01 0.0000e+00 0.0000e+00 0.0000e+00 0.0000e+00 1.4435e+01 -1.1750e-01 0.0000e+00 0.0000e+00 1.1750e-01 1.4411e+01 
62.0 1.6319e+01 -5.2154e+00 0.0000e+00 0.0000e+00 -5.2154e+00 1.5481e+01 0.0000e+00 0.0000e+00 0.0000e+00 0.0000e+00 1.3766e+01 -8.1823e-02 0.0000e+00 0.0000e+00 8.1823e-02 1.3753e+01 
63.0 1.5766e+01 -5.2221e+00 0.0000e+00 0.0000e+00 -5.2221e+00 1.4930e+01 0.0000e+00 0.0000e+00 0.0000e+00 0.0000e+00 1.3123e+01 -4.6892e-02 0.0000e+00 0.0000e+00 4.6892e-02 1.3122e+01 
64.0 1.5237e+01 -5.2253e+00 0.0000e+00 0.0000e+00 -5.2253e+00 1.4404e+01 0.0000e+00 0.0000e+00 0.0000e+00 0.0000e+00 1.2504e+01 -1.2732e-02 0.0000e+00 0.0000e+00 1.2732e-02 1.2514e+01 
65.0 1.4732e+01 -5.2250e+00 0.0000e+00 0.0000e+00 -5.2250e+00 1.3900e+01 0.0000e+00 0.0000e+00 0.0000e+00 0.0000e+00 1.1909e+01 2.0619e-02 0.0000e+00 0.0000e+00 -2.0619e-02 1.1931e+01 
66.0 1.4248e+01 -5.2213e+00 0.0000e+00 0.0000e+00 -5.2213e+00 1.3418e+01 0.0000e+00 0.0000e+00 0.0000e+00 0.0000e+00 1.1336e+01 5.3114e-02 0.0000e+00 0.0000e+00 -5.3114e-02 1.1369e+01 
67.0 1.3786e+01 -5.2143e+00 0.0000e+00 0.0000e+00 -5.2143e+00 1.2958e+01 0.0000e+00 0.0000e+00 0.0000e+00 0.0000e+00 1.0785e+01 8.4714e-02 0.0000e+00 0.0000e+00 -8.4714e-02 1.0830e+01 
68.0 1.3344e+01 -5.2042e+00 0.0000e+00 0.0000e+00 -5.2042e+00 1.2517e+01 0.0000e+00 0.0000e+00 0.0000e+00 0.0000e+00 1.0254e+01 1.1539e-01 0.0000e+00 0.0000e+00 -1.1539e-01 1.0310e+01 
69.0 1.2921e+01 -5.1908e+00 0.0000e+00 0.0000e+00 -5.1908e+00 1.2096e+01 0.0000e+00 0.0000e+00 0.0000e+00 0.0000e+00 9.7434e+00 1.4512e-01 0.0000e+00 0.0000e+00 -1.4512e-01 9.8106e+00 
70.0 1.2517e+01 -5.1745e+00 0.0000e+00 0.0000e+00 -5.1745e+00 1.1693e+01 0.0000e+00 0.0000e+00 0.0000e+00 0.0000e+00 9.2514e+00 1.7388e-01 0.0000e+00 0.0000e+00 -1.7388e-01 9.3297e+00 
71.0 1.2130e+01 -5.1552e+00 0.0000e+00 0.0000e+00 -5.1552e+00 1.1308e+01 0.0000e+00 0.0000e+00 0.0000e+00 0.0000e+00 8.7774e+00 2.0166e-01 0.0000e+00 0.0000e+00 -2.0166e-01 8.8667e+00 
72.0 1.1760e+01 -5.1331e+00 0.0000e+00 0.0000e+00 -5.1331e+00 1.0940e+01 0.0000e+00 0.0000e+00 0.0000e+00 0.0000e+00 8.3207e+00 2.2843e-01 0.0000e+00 0.0000e+00 -2.2843e-01 8.4209e+00 
73.0 1.1407e+01 -5.1081e+00 0.0000e+00 0.0000e+00 -5.1081e+00 1.0587e+01 0.0000e+00 0.0000e+00 0.0000e+00 0.0000e+00 7.8805e+00 2.5419e-01 0.0000e+00 0.0000e+00 -2.5419e-01 7.9915e+00 
74.0 1.1068e+01 -5.0805e+00 0.0000e+00 0.0000e+00 -5.0805e+00 1.0250e+01 0.0000e+00 0.0000e+00 0.0000e+00 0.0000e+00 7.4563e+00 2.7892e-01 0.0000e+00 0.0000e+00 -2.7892e-01 7.5779e+00 
75.0 1.0745e+01 -5.0503e+00 0.0000e+00 0.0000e+00 -5.0503e+00 9.9278e+00 0.0000e+00 0.0000e+00 0.0000e+00 0.0000e+00 7.0472e+00 3.0261e-01 0.0000e+00 0.0000e+00 -3.0261e-01 7.1794e+00 
76.0 1.0435e+01 -5.0176e+00 0.0000e+00 0.0000e+00 -5.0176e+00 9.6196e+00 0.0000e+00 0.0000e+00 0.0000e+00 0.0000e+00 6.6526e+00 3.2528e-01 0.0000e+00 0.0000e+00 -3.2528e-01 6.7953e+00 
77.0 1.0139e+01 -4.9824e+00 0.0000e+00 0.0000e+00 -4.9824e+00 9.3250e+00 0.0000e+00 0.0000e+00 0.0000e+00 0.0000e+00 6.2721e+00 3.4693e-01 0.0000e+00 0.0000e+00 -3.4693e-01 6.4250e+00 
78.0 9.8561e+00 -4.9449e+00 0.0000e+00 0.0000e+00 -4.9449e+00 9.0433e+00 0.0000e+00 0.0000e+00 0.0000e+00 0.0000e+00 5.9049e+00 3.6760e-01 0.0000e+00 0.0000e+00 -3.6760e-01 6.0681e+00 
79.0 9.5855e+00 -4.9051e+00 0.0000e+00 0.0000e+00 -4.9051e+00 8.7740e+00 0.0000e+00 0.0000e+00 0.0000e+00 0.0000e+00 5.5507e+00 3.8730e-01 0.0000e+00 0.0000e+00 -3.8730e-01 5.7238e+00 
80.0 9.3268e+00 -4.8632e+00 0.0000e+00 0.0000e+00 -4.8632e+00 8.5167e+00 0.0000e+00 0.0000e+00 0.0000e+00 0.0000e+00 5.2088e+00 4.0608e-01 0.0000e+00 0.0000e+00 -4.0608e-01 5.3918e+00 
81.0 9.0796e+00 -4.8192e+00 0.0000e+00 0.0000e+00 -4.8192e+00 8.2708e+00 0.0000e+00 0.0000e+00 0.0000e+00 0.0000e+00 4.8788e+00 4.2396e-01 0.0000e+00 0.0000e+00 -4.2396e-01 5.0715e+00 
82.0 8.8433e+00 -4.7733e+00 0.0000e+00 0.0000e+00 -4.7733e+00 8.0360e+00 0.0000e+00 0.0000e+00 0.0000e+00 0.0000e+00 4.5602e+00 4.4094e-01 0.0000e+00 0.0000e+00 -4.4094e-01 4.7625e+00 
83.0 8.6175e+00 -4.7255e+00 0.0000e+00 0.0000e+00 -4.7255e+00 7.8117e+00 0.0000e+00 0.0000e+00 0.0000e+00 0.0000e+00 4.2526e+00 4.5704e-01 0.0000e+00 0.0000e+00 -4.5704e-01 4.4643e+00 
84.0 8.4017e+00 -4.6759e+00 0.0000e+00 0.0000e+00 -4.6759e+00 7.5975e+00 0.0000e+00 0.0000e+00 0.0000e+00 0.0000e+00 3.9556e+00 4.7226e-01 0.0000e+00 0.0000e+00 -4.7226e-01 4.1765e+00 
85.0 8.1957e+00 -4.6246e+00 0.0000e+00 0.0000e+00 -4.6246e+00 7.3930e+00 0.0000e+00 0.0000e+00 0.0000e+00 0.0000e+00 3.6688e+00 4.8663e-01 0.0000e+00 0.0000e+00 -4.8663e-01 3.8987e+00 
86.0 7.9989e+00 -4.5717e+00 0.0000e+00 0.0000e+00 -4.5717e+00 7.1978e+00 0.0000e+00 0.0000e+00 0.0000e+00 0.0000e+00 3.3917e+00 5.0015e-01 0.0000e+00 0.0000e+00 -5.0015e-01 3.6305e+00 
87.0 7.8111e+00 -4.5174e+00 0.0000e+00 0.0000e+00 -4.5174e+00 7.0116e+00 0.0000e+00 0.0000e+00 0.0000e+00 0.0000e+00 3.1240e+00 5.1284e-01 0.0000e+00 0.0000e+00 -5.1284e-01 3.3715e+00 
88.0 7.6317e+00 -4.4615e+00 0.0000e+00 0.0000e+00 -4.4615e+00 6.8339e+00 0.0000e+00 0.0000e+00 0.0000e+00 0.0000e+00 2.8653e+00 5.2471e-01 0.0000e+00 0.0000e+00 -5.2471e-01 3.1214e+00 
89.0 7.4606e+00 -4.4043e+00 0.0000e+00 0.0000e+00 -4.4043e+00 6.6645e+00 0.0000e+00 0.0000e+00 0.0000e+00 0.0000e+00 2.6153e+00 5.3579e-01 0.0000e+00 0.0000e+00 -5.3579e-01 2.8798e+00 
90.0 7.2973e+00 -4.3459e+00 0.0000e+00 0.0000e+00 -4.3459e+00 6.5030e+00 0.0000e+00 0.0000e+00 0.0000e+00 0.0000e+00 2.3736e+00 5.4608e-01 0.0000e+00 0.0000e+00 -5.4608e-01 2.6464e+00 
91.0 7.1416e+00 -4.2862e+00 0.0000e+00 0.0000e+00 -4.2862e+00 6.3490e+00 0.0000e+00 0.0000e+00 0.0000e+00 0.0000e+00 2.1401e+00 5.5560e-01 0.0000e+00 0.0000e+00 -5.5560e-01 2.4209e+00 
92.0 6.9932e+00 -4.2254e+00 0.0000e+00 0.0000e+00 -4.2254e+00 6.2024e+00 0.0000e+00 0.0000e+00 0.0000e+00 0.0000e+00 1.9143e+00 5.6437e-01 0.0000e+00 0.0000e+00 -5.6437e-01 2.2029e+00 
93.0 6.8517e+00 -4.1635e+00 0.0000e+00 0.0000e+00 -4.1635e+00 6.0629e+00 0.0000e+00 0.0000e+00 0.0000e+00 0.0000e+00 1.6960e+00 5.7240e-01 0.0000e+00 0.0000e+00 -5.7240e-01 1.9922e+00 
94.0 6.7170e+00 -4.1006e+00 0.0000e+00 0.0000e+00 -4.1006e+00 5.9301e+00 0.0000e+00 0.0000e+00 0.0000e+00 0.0000e+00 1.4849e+00 5.7972e-01 0.0000e+00 0.0000e+00 -5.7972e-01 1.7886e+00 
95.0 6.5887e+00 -4.0368e+00 0.0000e+00 0.0000e+00 -4.0368e+00 5.8038e+00 0.0000e+00 0.0000e+00 0.0000e+00 0.0000e+00 1.2808e+00 5.8633e-01 0.0000e+00 0.0000e+00 -5.8633e-01 1.5916e+00 
96.0 6.4666e+00 -3.9721e+00 0.0000e+00 0.0000e+00 -3.9721e+00 5.6838e+00 0.0000e+00 0.0000e+00 0.0000e+00 0.0000e+00 1.0833e+00 5.9226e-01 0.0000e+00 0.0000e+00 -5.9226e-01 1.4012e+00 
97.0 6.3505e+00 -3.9066e+00 0.0000e+00 0.0000e+00 -3.9066e+00 5.5698e+00 0.0000e+00 0.0000e+00 0.0000e+00 0.0000e+00 8.9235e-01 5.9752e-01 0.0000e+00 0.0000e+00 -5.9752e-01 1.2170e+00 
98.0 6.2400e+00 -3.8403e+00 0.0000e+00 0.0000e+00 -3.8403e+00 5.4617e+00 0.0000e+00 0.0000e+00 0.0000e+00 0.0000e+00 7.0762e-01 6.0213e-01 0.0000e+00 0.0000e+00 -6.0213e-01 1.0387e+00 
99.0 6.1351e+00 -3.7734e+00 0.0000e+00 0.0000e+00 -3.7734e+00 5.3591e+00 0.0000e+00 0.0000e+00 0.0000e+00 0.0000e+00 5.2892e-01 6.0612e-01 0.0000e+00 0.0000e+00 -6.0612e-01 8.6626e-01 
100.0 6.0356e+00 -3.7057e+00 0.0000e+00 0.0000e+00 -3.7057e+00 5.2620e+00 0.0000e+00 0.0000e+00 0.0000e+00 0.0000e+00 3.5602e-01 6.0951e-01 0.0000e+00 0.0000e+00 -6.0951e-01 6.9935e-01 
101.0 5.9411e+00 -3.6375e+00 0.0000e+00 0.0000e+00 -3.6375e+00 5.1701e+00 0.0000e+00 0.0000e+00 0.0000e+00 0.0000e+00 1.8873e-01 6.1231e-01 0.0000e+00 0.0000e+00 -6.1231e-01 5.3778e-01 
102.0 5.8515e+00 -3.5687e+00 0.0000e+00 0.0000e+00 -3.5687e+00 5.0832e+00 0.0000e+00 0.0000e+00 0.0000e+00 0.0000e+00 2.6855e-02 6.1454e-01 0.0000e+00 0.0000e+00 -6.1454e-01 3.8136e-01 
103.0 5.7667e+00 -3.4994e+00 0.0000e+00 0.0000e+00 -3.4994e+00 5.0012e+00 0.0000e+00 0.0000e+00 0.0000e+00 0.0000e+00 -1.2979e-01 6.1624e-01 0.0000e+00 0.0000e+00 -6.1624e-01 2.2991e-01 
104.0 5.6864e+00 -3.4296e+00 0.0000e+00 0.0000e+00 -3.4296e+00 4.9239e+00 0.0000e+00 0.0000e+00 0.0000e+00 0.0000e+00 -2.8138e-01 6.1742e-01 0.0000e+00 0.0000e+00 -6.1742e-01 8.3230e-02 
105.0 5.6105e+00 -3.3594e+00 0.0000e+00 0.0000e+00 -3.3594e+00 4.8510e+00 0.0000e+00 0.0000e+00 0.0000e+00 0.0000e+00 -4.2809e-01 6.1809e-01 0.0000e+00 0.0000e+00 -6.1809e-01 -5.8845e-02 
106.0 5.5388e+00 -3.2888e+00 0.0000e+00 0.0000e+00 -3.2888e+00 4.7825e+00 0.0000e+00 0.0000e+00 0.0000e+00 0.0000e+00 -5.7011e-01 6.1829e-01 0.0000e+00 0.0000e+00 -6.1829e-01 -1.9649e-01 
107.0 5.4712e+00 -3.2179e+00 0.0000e+00 0.0000e+00 -3.2179e+00 4.7182e+00 0.0000e+00 0.0000e+00 0.0000e+00 0.0000e+00 -7.0759e-01 6.1803e-01 0.0000e+00 0.0000e+00 -6.1803e-01 -3.2985e-01 
108.0 5.4076e+00 -3.1467e+00 0.0000e+00 0.0000e+00 -3.1467e+00 4.6580e+00 0.0000e+00 0.0000e+00 0.0000e+00 0.0000e+00 -8.4068e-01 6.1735e-01 0.0000e+00 0.0000e+00 -6.1735e-01 -4.5908e-01 
109.0 5.3477e+00 -3.0752e+00 0.0000e+00 0.0000e+00 -3.0752e+00 4.6016e+00 0.0000e+00 0.0000e+00 0.0000e+00 0.0000e+00 -9.6953e-01 6.1627e-01 0.0000e+00 0.0000e+00 -6.1627e-01 -5.8432e-01 
110.0 5.2915e+00 -3.0036e+00 0.0000e+00 0.0000e+00 -3.0036e+00 4.5490e+00 0.0000e+00 0.0000e+00 0.0000e+00 0.0000e+00 -1.0943e+00 6.1481e-01 0.0000e+00 0.0000e+00 -6.1481e-01 -7.0571e-01 
111.0 5.2389e+00 -2.9317e+00 0.0000e+00 0.0000e+00 -2.9317e+00 4.5000e+00 0.0000e+00 0.0000e+00 0.0000e+00 0.0000e+00 -1.2151e+00 6.1299e-01 0.0000e+00 0.0000e+00 -6.1299e-01 -8.2338e-01 
112.0 5.1896e+00 -2.8598e+00 0.0000e+00 0.0000e+00 -2.8598e+00 4.4546e+00 0.0000e+00 0.0000e+00 0.0000e+00 0.0000e+00 -1.3321e+00 6.1084e-01 0.0000e+00 0.0000e+00 -6.1084e-01 -9.3746e-01 
113.0 5.1436e+00 -2.7878e+00 0.0000e+00 0.0000e+00 -2.7878e+00 4.4124e+00 0.0000e+00 0.0000e+00 0.0000e+00 0.0000e+00 -1.4454e+00 6.0838e-01 0.0000e+00 0.0000e+00 -6.0838e-01 -1.0481e+00 
114.0 5.1008e+00 -2.7159e+00 0.0000e+00 0.0000e+00 -2.7159e+00 4.3735e+00 0.0000e+00 0.0000e+00 0.0000e+00 0.0000e+00 -1.5551e+00 6.0562e-01 0.0000e+00 0.0000e+00 -6.0562e-01 -1.1553e+00 
115.0 5.0609e+00 -2.6439e+00 0.0000e+00 0.0000e+00 -2.6439e+00 4.3377e+00 0.0000e+00 0.0000e+00 0.0000e+00 0.0000e+00 -1.6614e+00 6.0258e-01 0.0000e+00 0.0000e+00 -6.0258e-01 -1.2593e+00 
116.0 5.0240e+00 -2.5721e+00 0.0000e+00 0.0000e+00 -2.5721e+00 4.3049e+00 0.0000e+00 0.0000e+00 0.0000e+00 0.0000e+00 -1.7644e+00 5.9927e-01 0.0000e+00 0.0000e+00 -5.9927e-01 -1.3602e+00 
117.0 4.9899e+00 -2.5004e+00 0.0000e+00 0.0000e+00 -2.5004e+00 4.2750e+00 0.0000e+00 0.0000e+00 0.0000e+00 0.0000e+00 -1.8641e+00 5.9571e-01 0.0000e+00 0.0000e+00 -5.9571e-01 -1.4580e+00 
118.0 4.9586e+00 -2.4289e+00 0.0000e+00 0.0000e+00 -2.4289e+00 4.2478e+00 0.0000e+00 0.0000e+00 0.0000e+00 0.0000e+00 -1.9607e+00 5.9190e-01 0.0000e+00 0.0000e+00 -5.9190e-01 -1.5529e+00 
119.0 4.9298e+00 -2.3577e+00 0.0000e+00 0.0000e+00 -2.3577e+00 4.2233e+00 0.0000e+00 0.0000e+00 0.0000e+00 0.0000e+00 -2.0543e+00 5.8786e-01 0.0000e+00 0.0000e+00 -5.8786e-01 -1.6450e+00 
120.0 4.9035e+00 -2.2868e+00 0.0000e+00 0.0000e+00 -2.2868e+00 4.2013e+00 0.0000e+00 0.0000e+00 0.0000e+00 0.0000e+00 -2.1450e+00 5.8359e-01 0.0000e+00 0.0000e+00 -5.8359e-01 -1.7343e+00 
121.0 4.8797e+00 -2.2162e+00 0.0000e+00 0.0000e+00 -2.2162e+00 4.1817e+00 0.0000e+00 0.0000e+00 0.0000e+00 0.0000e+00 -2.2329e+00 5.7909e-01 0.0000e+00 0.0000e+00 -5.7909e-01 -1.8209e+00 
122.0 4.8582e+00 -2.1461e+00 0.0000e+00 0.0000e+00 -2.1461e+00 4.1645e+00 0.0000e+00 0.0000e+00 0.0000e+00 0.0000e+00 -2.3181e+00 5.7434e-01 0.0000e+00 0.0000e+00 -5.7434e-01 -1.9049e+00 
123.0 4.8388e+00 -2.0764e+00 0.0000e+00 0.0000e+00 -2.0764e+00 4.1495e+00 0.0000e+00 0.0000e+00 0.0000e+00 0.0000e+00 -2.4006e+00 5.6932e-01 0.0000e+00 0.0000e+00 -5.6932e-01 -1.9864e+00 
124.0 4.8216e+00 -2.0072e+00 0.0000e+00 0.0000e+00 -2.0072e+00 4.1366e+00 0.0000e+00 0.0000e+00 0.0000e+00 0.0000e+00 -2.4806e+00 5.6402e-01 0.0000e+00 0.0000e+00 -5.6402e-01 -2.0656e+00 
125.0 4.8064e+00 -1.9385e+00 0.0000e+00 0.0000e+00 -1.9385e+00 4.1257e+00 0.0000e+00 0.0000e+00 0.0000e+00 0.0000e+00 -2.5582e+00 5.5844e-01 0.0000e+00 0.0000e+00 -5.5844e-01 -2.1423e+00 
126.0 4.7931e+00 -1.8703e+00 0.0000e+00 0.0000e+00 -1.8703e+00 4.1168e+00 0.0000e+00 0.0000e+00 0.0000e+00 0.0000e+00 -2.6334e+00 5.5257e-01 0.0000e+00 0.0000e+00 -5.5257e-01 -2.2168e+00 
127.0 4.7817e+00 -1.8028e+00 0.0000e+00 0.0000e+00 -1.8028e+00 4.1097e+00 0.0000e+00 0.0000e+00 0.0000e+00 0.0000e+00 -2.7063e+00 5.4641e-01 0.0000e+00 0.0000e+00 -5.4641e-01 -2.2891e+00 
128.0 4.7720e+00 -1.7359e+00 0.0000e+00 0.0000e+00 -1.7359e+00 4.1043e+00 0.0000e+00 0.0000e+00 0.0000e+00 0.0000e+00 -2.7770e+00 5.3994e-01 0.0000e+00 0.0000e+00 -5.3994e-01 -2.3593e+00 
129.0 4.7641e+00 -1.6697e+00 0.0000e+00 0.0000e+00 -1.6697e+00 4.1007e+00 0.0000e+00 0.0000e+00 0.0000e+00 0.0000e+00 -2.8455e+00 5.3315e-01 0.0000e+00 0.0000e+00 -5.3315e-01 -2.4275e+00 
130.0 4.7577e+00 -1.6041e+00 0.0000e+00 0.0000e+00 -1.6041e+00 4.0987e+00 0.0000e+00 0.0000e+00 0.0000e+00 0.0000e+00 -2.9120e+00 5.2604e-01 0.0000e+00 0.0000e+00 -5.2604e-01 -2.4937e+00 
131.0 4.7530e+00 -1.5392e+00 0.0000e+00 0.0000e+00 -1.5392e+00 4.0983e+00 0.0000e+00 0.0000e+00 0.0000e+00 0.0000e+00 -2.9765e+00 5.1861e-01 0.0000e+00 0.0000e+00 -5.1861e-01 -2.5580e+00 
132.0 4.7497e+00 -1.4750e+00 0.0000e+00 0.0000e+00 -1.4750e+00 4.0994e+00 0.0000e+00 0.0000e+00 0.0000e+00 0.0000e+00 -3.0391e+00 5.1087e-01 0.0000e+00 0.0000e+00 -5.1087e-01 -2.6205e+00 
133.0 4.7478e+00 -1.4116e+00 0.0000e+00 0.0000e+00 -1.4116e+00 4.1019e+00 0.0000e+00 0.0000e+00 0.0000e+00 0.0000e+00 -3.0998e+00 5.0282e-01 0.0000e+00 0.0000e+00 -5.0282e-01 -2.6813e+00 
134.0 4.7473e+00 -1.3489e+00 0.0000e+00 0.0000e+00 -1.3489e+00 4.1058e+00 0.0000e+00 0.0000e+00 0.0000e+00 0.0000e+00 -3.1588e+00 4.9449e-01 0.0000e+00 0.0000e+00 -4.9449e-01 -2.7403e+00 
135.0 4.7481e+00 -1.2869e+00 0.0000e+00 0.0000e+00 -1.2869e+00 4.1111e+00 0.0000e+00 0.0000e+00 0.0000e+00 0.0000e+00 -3.2159e+00 4.8588e-01 0.0000e+00 0.0000e+00 -4.8588e-01 -2.7978e+00 
136.0 4.7502e+00 -1.2258e+00 0.0000e+00 0.0000e+00 -1.2258e+00 4.1177e+00 0.0000e+00 0.0000e+00 0.0000e+00 0.0000e+00 -3.2714e+00 4.7700e-01 0.0000e+00 0.0000e+00 -4.7700e-01 -2.8537e+00 
137.0 4.7535e+00 -1.1655e+00 0.0000e+00 0.0000e+00 -1.1655e+00 4.1255e+00 0.0000e+00 0.0000e+00 0.0000e+00 0.0000e+00 -3.3253e+00 4.6784e-01 0.0000e+00 0.0000e+00 -4.6784e-01 -2.9081e+00 
138.0 4.7580e+00 -1.1060e+00 0.0000e+00 0.0000e+00 -1.1060e+00 4.1346e+00 0.0000e+00 0.0000e+00 0.0000e+00 0.0000e+00 -3.3775e+00 4.5841e-01 0.0000e+00 0.0000e+00 -4.5841e-01 -2.9611e+00 
139.0 4.7636e+00 -1.0473e+00 0.0000e+00 0.0000e+00 -1.0473e+00 4.1449e+00 0.0000e+00 0.0000e+00 0.0000e+00 0.0000e+00 -3.4282e+00 4.4871e-01 0.0000e+00 0.0000e+00 -4.4871e-01 -3.0126e+00 
140.0 4.7703e+00 -9.8946e-01 0.0000e+00 0.0000e+00 -9.8946e-01 4.1564e+00 0.0000e+00 0.0000e+00 0.0000e+00 0.0000e+00 -3.4773e+00 4.3876e-01 0.0000e+00 0.0000e+00 -4.3876e-01 -3.0628e+00 
141.0 4.7780e+00 -9.3250e-01 0.0000e+00 0.0000e+00 -9.3250e-01 4.1690e+00 0.0000e+00 0.0000e+00 0.0000e+00 0.0000e+00 -3.5250e+00 4.2857e-01 0.0000e+00 0.0000e+00 -4.2857e-01 -3.1118e+00 
142.0 4.7868e+00 -8.7641e-01 0.0000e+00 0.0000e+00 -8.7641e-01 4.1827e+00 0.0000e+00 0.0000e+00 0.0000e+00 0.0000e+00 -3.5712e+00 4.1813e-01 0.0000e+00 0.0000e+00 -4.1813e-01 -3.1594e+00 
143.0 4.7965e+00 -8.2122e-01 0.0000e+00 0.0000e+00 -8.2122e-01 4.1975e+00 0.0000e+00 0.0000e+00 0.0000e+00 0.0000e+00 -3.6160e+00 4.0745e-01 0.0000e+00 0.0000e+00 -4.0745e-01 -3.2058e+00 
144.0 4.8071e+00 -7.6692e-01 0.0000e+00 0.0000e+00 -7.6692e-01 4.2133e+00 0.0000e+00 0.0000e+00 0.0000e+00 0.0000e+00 -3.6595e+00 3.9653e-01 0.0000e+00 0.0000e+00 -3.9653e-01 -3.2511e+00 
145.0 4.8185e+00 -7.1354e-01 0.0000e+00 0.0000e+00 -7.1354e-01 4.2301e+00 0.0000e+00 0.0000e+00 0.0000e+00 0.0000e+00 -3.7017e+00 3.8534e-01 0.0000e+00 0.0000e+00 -3.8534e-01 -3.2952e+00 
146.0 4.8308e+00 -6.6112e-01 0.0000e+00 0.0000e+00 -6.6112e-01 4.2477e+00 0.0000e+00 0.0000e+00 0.0000e+00 0.0000e+00 -3.7426e+00 3.7384e-01 0.0000e+00 0.0000e+00 -3.7384e-01 -3.3382e+00 
147.0 4.8439e+00 -6.0968e-01 0.0000e+00 0.0000e+00 -6.0968e-01 4.2662e+00 0.0000e+00 0.0000e+00 0.0000e+00 0.0000e+00 -3.7823e+00 3.6198e-01 0.0000e+00 0.0000e+00 -3.6198e-01 -3.3802e+00 
148.0 4.8577e+00 -5.5927e-01 0.0000e+00 0.0000e+00 -5.5927e-01 4.2855e+00 0.0000e+00 0.0000e+00 0.0000e+00 0.0000e+00 -3.8209e+00 3.4973e-01 0.0000e+00 0.0000e+00 -3.4973e-01 -3.4212e+00 
149.0 4.8721e+00 -5.0992e-01 0.0000e+00 0.0000e+00 -5.0992e-01 4.3055e+00 0.0000e+00 0.0000e+00 0.0000e+00 0.0000e+00 -3.8585e+00 3.3706e-01 0.0000e+00 0.0000e+00 -3.3706e-01 -3.4612e+00 
150.0 4.8873e+00 -4.6168e-01 0.0000e+00 0.0000e+00 -4.6168e-01 4.3262e+00 0.0000e+00 0.0000e+00 0.0000e+00 0.0000e+00 -3.8950e+00 3.2395e-01 0.0000e+00 0.0000e+00 -3.2395e-01 -3.5004e+00 
151.0 4.9032e+00 -4.1462e-01 0.0000e+00 0.0000e+00 -4.1462e-01 4.3476e+00 0.0000e+00 0.0000e+00 0.0000e+00 0.0000e+00 -3.9307e+00 3.1034e-01 0.0000e+00 0.0000e+00 -3.1034e-01 -3.5386e+00 
152.0 4.9196e+00 -3.6886e-01 0.0000e+00 0.0000e+00 -3.6886e-01 4.3695e+00 0.0000e+00 0.0000e+00 0.0000e+00 0.0000e+00 -3.9655e+00 2.9613e-01 0.0000e+00 0.0000e+00 -2.9613e-01 -3.5760e+00 
153.0 4.9364e+00 -3.2451e-01 0.0000e+00 0.0000e+00 -3.2451e-01 4.3917e+00 0.0000e+00 0.0000e+00 0.0000e+00 0.0000e+00 -3.9996e+00 2.8116e-01 0.0000e+00 0.0000e+00 -2.8116e-01 -3.6127e+00 
154.0 4.9535e+00 -2.8173e-01 0.0000e+00 0.0000e+00 -2.8173e-01 4.4140e+00 0.0000e+00 0.0000e+00 0.0000e+00 0.0000e+00 -4.0331e+00 2.6525e-01 0.0000e+00 0.0000e+00 -2.6525e-01 -3.6486e+00 
155.0 4.9708e+00 -2.4066e-01 0.0000e+00 0.0000e+00 -2.4066e-01 4.4362e+00 0.0000e+00 0.0000e+00 0.0000e+00 0.0000e+00 -4.0662e+00 2.4826e-01 0.0000e+00 0.0000e+00 -2.4826e-01 -3.6839e+00 
156.0 4.9883e+00 -2.0151e-01 0.0000e+00 0.0000e+00 -2.0151e-01 4.4582e+00 0.0000e+00 0.0000e+00 0.0000e+00 0.0000e+00 -4.0990e+00 2.3002e-01 0.0000e+00 0.0000e+00 -2.3002e-01 -3.7185e+00 
157.0 5.0058e+00 -1.6450e-01 0.0000e+00 0.0000e+00 -1.6450e-01 4.4798e+00 0.0000e+00 0.0000e+00 0.0000e+00 0.0000e+00 -4.1318e+00 2.1041e-01 0.0000e+00 0.0000e+00 -2.1041e-01 -3.7524e+00 
158.0 5.0233e+00 -1.2993e-01 0.0000e+00 0.0000e+00 -1.2993e-01 4.5006e+00 0.0000e+00 0.0000e+00 0.0000e+00 0.0000e+00 -4.1646e+00 1.8929e-01 0.0000e+00 0.0000e+00 -1.8929e-01 -3.7856e+00 
159.0 5.0407e+00 -9.8086e-02 0.0000e+00 0.0000e+00 -9.8086e-02 4.5205e+00 0.0000e+00 0.0000e+00 0.0000e+00 0.0000e+00 -4.1977e+00 1.6653e-01 0.0000e+00 0.0000e+00 -1.6653e-01 -3.8179e+00 
160.0 5.0581e+00 -6.9272e-02 0.0000e+00 0.0000e+00 -6.9272e-02 4.5390e+00 0.0000e+00 0.0000e+00 0.0000e+00 0.0000e+00 -4.2312e+00 1.4203e-01 0.0000e+00 0.0000e+00 -1.4203e-01 -3.8491e+00 
161.0 5.0757e+00 -4.3708e-02 0.0000e+00 0.0000e+00 -4.3708e-02 4.5559e+00 0.0000e+00 0.0000e+00 0.0000e+00 0.0000e+00 -4.2654e+00 1.1583e-01 0.0000e+00 0.0000e+00 -1.1583e-01 -3.8789e+00 
162.0 5.0941e+00 -2.1542e-02 0.0000e+00 0.0000e+00 -2.1542e-02 4.5714e+00 0.0000e+00 0.0000e+00 0.0000e+00 0.0000e+00 -4.3006e+00 8.8160e-02 0.0000e+00 0.0000e+00 -8.8160e-02 -3.9070e+00 
163.0 5.1140e+00 -2.8597e-03 0.0000e+00 0.0000e+00 -2.8597e-03 4.5856e+00 0.0000e+00 0.0000e+00 0.0000e+00 0.0000e+00 -4.3370e+00 5.9416e-02 0.0000e+00 0.0000e+00 -5.9416e-02 -3.9331e+00 
164.0 5.1362e+00 1.2299e-02 0.0000e+00 0.0000e+00 1.2299e-02 4.5989e+00 0.0000e+00 0.0000e+00 0.0000e+00 0.0000e+00 -4.3748e+00 3.0177e-02 0.0000e+00 0.0000e+00 -3.0177e-02 -3.9568e+00 
165.0 5.1619e+00 2.3960e-02 0.0000e+00 0.0000e+00 2.3960e-02 4.6118e+00 0.0000e+00 0.0000e+00 0.0000e+00 0.0000e+00 -4.4143e+00 1.1817e-03 0.0000e+00 0.0000e+00 -1.1817e-03 -3.9776e+00 
166.0 5.1922e+00 3.2227e-02 0.0000e+00 0.0000e+00 3.2227e-02 4.6249e+00 0.0000e+00 0.0000e+00 0.0000e+00 0.0000e+00 -4.4558e+00 -2.6711e-02 0.0000e+00 0.0000e+00 2.6711e-02 -3.9952e+00 
167.0 5.2283e+00 3.7246e-02 0.0000e+00 0.0000e+00 3.7246e-02 4.6391e+00 0.0000e+00 0.0000e+00 0.0000e+00 0.0000e+00 -4.4995e+00 -5.2601e-02 0.0000e+00 0.0000e+00 5.2601e-02 -4.0093e+00 
168.0 5.2714e+00 3.9212e-02 0.0000e+00 0.0000e+00 3.9212e-02 4.6551e+00 0.0000e+00 0.0000e+00 0.0000e+00 0.0000e+00 -4.5455e+00 -7.5577e-02 0.0000e+00 0.0000e+00 7.5577e-02 -4.0197e+00 
169.0 5.3223e+00 3.8371e-02 0.0000e+00 0.0000e+00 3.8371e-02 4.6735e+00 0.0000e+00 0.0000e+00 0.0000e+00 0.0000e+00 -4.5940e+00 -9.4766e-02 0.0000e+00 0.0000e+00 9.4766e-02 -4.0262e+00 
170.0 5.3818e+00 3.5015e-02 0.0000e+00 0.0000e+00 3.5015e-02 4.6949e+00 0.0000e+00 0.0000e+00 0.0000e+00 0.0000e+00 -4.6450e+00 -1.0934e-01 0.0000e+00 0.0000e+00 1.0934e-01 -4.0289e+00 
171.0 5.4502e+00 2.9564e-02 0.0000e+00 0.0000e+00 2.9564e-02 4.7197e+00 0.0000e+00 0.0000e+00 0.0000e+00 0.0000e+00 -4.6988e+00 -1.1843e-01 0.0000e+00 0.0000e+00 1.1843e-01 -4.0279e+00 
172.0 5.5279e+00 2.2644e-02 0.0000e+00 0.0000e+00 2.2644e-02 4.7486e+00 0.0000e+00 0.0000e+00 0.0000e+00 0.0000e+00 -4.7551e+00 -1.2101e-01 0.0000e+00 0.0000e+00 1.2101e-01 -4.0236e+00 
173.0 5.6146e+00 1.5127e-02 0.0000e+00 0.0000e+00 1.5127e-02 4.7819e+00 0.0000e+00 0.0000e+00 0.0000e+00 0.0000e+00 -4.8135e+00 -1.1604e-01 0.0000e+00 0.0000e+00 1.1604e-01 -4.0164e+00 
174.0 5.7092e+00 8.0774e-03 0.0000e+00 0.0000e+00 8.0774e-03 4.8198e+00 0.0000e+00 0.0000e+00 0.0000e+00 0.0000e+00 -4.8731e+00 -1.0284e-01 0.0000e+00 0.0000e+00 1.0284e-01 -4.0072e+00 
175.0 5.8082e+00 2.5771e-03 0.0000e+00 0.0000e+00 2.5771e-03 4.8614e+00 0.0000e+00 0.0000e+00 0.0000e+00 0.0000e+00 -4.9316e+00 -8.1946e-02 0.0000e+00 0.0000e+00 8.1946e-02 -3.9968e+00 
176.0 5.9051e+00 -5.6734e-04 0.0000e+00 0.0000e+00 -5.6734e-04 4.9041e+00 0.0000e+00 0.0000e+00 0.0000e+00 0.0000e+00 -4.9855e+00 -5.5761e-02 0.0000e+00 0.0000e+00 5.5761e-02 -3.9862e+00 
177.0 5.9898e+00 -1.2552e-03 0.0000e+00 0.0000e+00 -1.2552e-03 4.9430e+00 0.0000e+00 0.0000e+00 0.0000e+00 0.0000e+00 -5.0301e+00 -2.9005e-02 0.0000e+00 0.0000e+00 2.9005e-02 -3.9768e+00 
178.0 6.0493e+00 -4.9577e-04 0.0000e+00 0.0000e+00 -4.9577e-04 4.9712e+00 0.0000e+00 0.0000e+00 0.0000e+00 0.0000e+00 -5.0600e+00 -8.3277e-03 0.0000e+00 0.0000e+00 8.3277e-03 -3.9700e+00 
179.0 6.0716e+00 -6.0334e-21 0.0000e+00 0.0000e+00 -6.0334e-21 4.9820e+00 0.0000e+00 0.0000e+00 0.0000e+00 0.0000e+00 -5.0709e+00 -1.3554e-19 0.0000e+00 0.0000e+00 1.3554e-19 -3.9674e+00 
180.0 6.0936e+00 0.0000e+00 0.0000e+00 0.0000e+00 0.0000e+00 4.9923e+00 0.0000e+00 0.0000e+00 0.0000e+00 0.0000e+00 -5.0814e+00 0.0000e+00 0.0000e+00 0.0000e+00 -0.0000e+00 -3.9649e+00 
