1.4048 1.4170 0.0122 0.045536
theta s11 s12 s13 s14 s21 s22 s23 s24 s31 s32 s33 s34 s41 s42 s43 s44
0.0 2.9062e+03 0.0000e+00 0.0000e+00 0.0000e+00 0.0000e+00 2.9045e+03 0.0000e+00 0.0000e+00 0.0000e+00 0.0000e+00 2.9045e+03 0.0000e+00 0.0000e+00 0.0000e+00 -0.0000e+00 2.9028e+03 
1.0 2.3720e+03 -1.8575e-01 0.0000e+00 0.0000e+00 -1.8575e-01 2.3703e+03 0.0000e+00 0.0000e+00 0.0000e+00 0.0000e+00 2.3703e+03 -7.9986e-01 0.0000e+00 0.0000e+00 7.9986e-01 2.3686e+03 
2.0 1.5276e+03 -3.4787e-01 0.0000e+00 0.0000e+00 -3.4787e-01 1.5260e+03 0.0000e+00 0.0000e+00 0.0000e+00 0.0000e+00 1.5259e+03 -2.5839e+00 0.0000e+00 0.0000e+00 2.5839e+00 1.5243e+03 
3.0 9.7098e+02 -3.2857e-01 0.0000e+00 0.0000e+00 -3.2857e-01 9.6934e+02 0.0000e+00 0.0000e+00 0.0000e+00 0.0000e+00 9.6929e+02 -4.2301e+00 0.0000e+00 0.0000e+00 4.2301e+00 9.6771e+02 
4.0 6.6570e+02 -2.8081e-01 0.0000e+00 0.0000e+00 -2.8081e-01 6.6409e+02 0.0000e+00 0.0000e+00 0.0000e+00 0.0000e+00 6.6400e+02 -5.1995e+00 0.0000e+00 0.0000e+00 5.1995e+00 6.6248e+02 
5.0 4.9471e+02 -2.6273e-01 0.0000e+00 0.0000e+00 -2.6273e-01 4.9313e+02 0.0000e+00 0.0000e+00 0.0000e+00 0.0000e+00 4.9298e+02 -5.6252e+00 0.0000e+00 0.0000e+00 5.6252e+00 4.9153e+02 
6.0 3.9057e+02 -2.6834e-01 0.0000e+00 0.0000e+00 -2.6834e-01 3.8902e+02 0.0000e+00 0.0000e+00 0.0000e+00 0.0000e+00 3.8882e+02 -5.7715e+00 0.0000e+00 0.0000e+00 5.7715e+00 3.8744e+02 
7.0 3.2141e+02 -2.9349e-01 0.0000e+00 0.0000e+00 -2.9349e-01 3.1987e+02 0.0000e+00 0.0000e+00 0.0000e+00 0.0000e+00 3.1963e+02 -5.7742e+00 0.0000e+00 0.0000e+00 5.7742e+00 3.1831e+02 
8.0 2.7227e+02 -3.3817e-01 0.0000e+00 0.0000e+00 -3.3817e-01 2.7074e+02 0.0000e+00 0.0000e+00 0.0000e+00 0.0000e+00 2.7046e+02 -5.6878e+00 0.0000e+00 0.0000e+00 5.6878e+00 2.6919e+02 
9.0 2.3559e+02 -4.0101e-01 0.0000e+00 0.0000e+00 -4.0101e-01 2.3408e+02 0.0000e+00 0.0000e+00 0.0000e+00 0.0000e+00 2.3375e+02 -5.5359e+00 0.0000e+00 0.0000e+00 5.5359e+00 2.3254e+02 
10.0 2.0726e+02 -4.7860e-01 0.0000e+00 0.0000e+00 -4.7860e-01 2.0575e+02 0.0000e+00 0.0000e+00 0.0000e+00 0.0000e+00 2.0539e+02 -5.3304e+00 0.0000e+00 0.0000e+00 5.3304e+00 2.0422e+02 
11.0 1.8485e+02 -5.6590e-01 0.0000e+00 0.0000e+00 -5.6590e-01 1.8333e+02 0.0000e+00 0.0000e+00 0.0000e+00 0.0000e+00 1.8293e+02 -5.0890e+00 0.0000e+00 0.0000e+00 5.0890e+00 1.8181e+02 
12.0 1.6675e+02 -6.6005e-01 0.0000e+00 0.0000e+00 -6.6005e-01 1.6522e+02 0.0000e+00 0.0000e+00 0.0000e+00 0.0000e+00 1.6480e+02 -4.8308e+00 0.0000e+00 0.0000e+00 4.8308e+00 1.6372e+02 
13.0 1.5187e+02 -7.6092e-01 0.0000e+00 0.0000e+00 -7.6092e-01 1.5034e+02 0.0000e+00 0.0000e+00 0.0000e+00 0.0000e+00 1.4989e+02 -4.5658e+00 0.0000e+00 0.0000e+00 4.5658e+00 1.4885e+02 
14.0 1.3945e+02 -8.6650e-01 0.0000e+00 0.0000e+00 -8.6650e-01 1.3792e+02 0.0000e+00 0.0000e+00 0.0000e+00 0.0000e+00 1.3743e+02 -4.3034e+00 0.0000e+00 0.0000e+00 4.3034e+00 1.3644e+02 
15.0 1.2895e+02 -9.7742e-01 0.0000e+00 0.0000e+00 -9.7742e-01 1.2740e+02 0.0000e+00 0.0000e+00 0.0000e+00 0.0000e+00 1.2689e+02 -4.0424e+00 0.0000e+00 0.0000e+00 4.0424e+00 1.2595e+02 
16.0 1.1995e+02 -1.0914e+00 0.0000e+00 0.0000e+00 -1.0914e+00 1.1840e+02 0.0000e+00 0.0000e+00 0.0000e+00 0.0000e+00 1.1786e+02 -3.7880e+00 0.0000e+00 0.0000e+00 3.7880e+00 1.1696e+02 
17.0 1.1216e+02 -1.2073e+00 0.0000e+00 0.0000e+00 -1.2073e+00 1.1060e+02 0.0000e+00 0.0000e+00 0.0000e+00 0.0000e+00 1.1004e+02 -3.5454e+00 0.0000e+00 0.0000e+00 3.5454e+00 1.0918e+02 
18.0 1.0535e+02 -1.3245e+00 0.0000e+00 0.0000e+00 -1.3245e+00 1.0377e+02 0.0000e+00 0.0000e+00 0.0000e+00 0.0000e+00 1.0320e+02 -3.3180e+00 0.0000e+00 0.0000e+00 3.3180e+00 1.0237e+02 
19.0 9.9319e+01 -1.4428e+00 0.0000e+00 0.0000e+00 -1.4428e+00 9.7732e+01 0.0000e+00 0.0000e+00 0.0000e+00 0.0000e+00 9.7473e+01 -3.1071e+00 0.0000e+00 0.0000e+00 3.1071e+00 9.6694e+01 
20.0 9.3929e+01 -1.5613e+00 0.0000e+00 0.0000e+00 -1.5613e+00 9.2331e+01 0.0000e+00 0.0000e+00 0.0000e+00 0.0000e+00 9.2356e+01 -2.9128e+00 0.0000e+00 0.0000e+00 2.9128e+00 9.1619e+01 
21.0 8.9064e+01 -1.6795e+00 0.0000e+00 0.0000e+00 -1.6795e+00 8.7456e+01 0.0000e+00 0.0000e+00 0.0000e+00 0.0000e+00 8.7736e+01 -2.7350e+00 0.0000e+00 0.0000e+00 2.7350e+00 8.7039e+01 
22.0 8.4637e+01 -1.7969e+00 0.0000e+00 0.0000e+00 -1.7969e+00 8.3018e+01 0.0000e+00 0.0000e+00 0.0000e+00 0.0000e+00 8.3531e+01 -2.5725e+00 0.0000e+00 0.0000e+00 2.5725e+00 8.2869e+01 
23.0 8.0578e+01 -1.9142e+00 0.0000e+00 0.0000e+00 -1.9142e+00 7.8950e+01 0.0000e+00 0.0000e+00 0.0000e+00 0.0000e+00 7.9673e+01 -2.4232e+00 0.0000e+00 0.0000e+00 2.4232e+00 7.9044e+01 
24.0 7.6835e+01 -2.0319e+00 0.0000e+00 0.0000e+00 -2.0319e+00 7.5199e+01 0.0000e+00 0.0000e+00 0.0000e+00 0.0000e+00 7.6114e+01 -2.2841e+00 0.0000e+00 0.0000e+00 2.2841e+00 7.5514e+01 
25.0 7.3369e+01 -2.1509e+00 0.0000e+00 0.0000e+00 -2.1509e+00 7.1726e+01 0.0000e+00 0.0000e+00 0.0000e+00 0.0000e+00 7.2817e+01 -2.1533e+00 0.0000e+00 0.0000e+00 2.1533e+00 7.2245e+01 
26.0 7.0148e+01 -2.2710e+00 0.0000e+00 0.0000e+00 -2.2710e+00 6.8499e+01 0.0000e+00 0.0000e+00 0.0000e+00 0.0000e+00 6.9750e+01 -2.0297e+00 0.0000e+00 0.0000e+00 2.0297e+00 6.9204e+01 
27.0 6.7142e+01 -2.3919e+00 0.0000e+00 0.0000e+00 -2.3919e+00 6.5487e+01 0.0000e+00 0.0000e+00 0.0000e+00 0.0000e+00 6.6886e+01 -1.9132e+00 0.0000e+00 0.0000e+00 1.9132e+00 6.6364e+01 
28.0 6.4325e+01 -2.5131e+00 0.0000e+00 0.0000e+00 -2.5131e+00 6.2664e+01 0.0000e+00 0.0000e+00 0.0000e+00 0.0000e+00 6.4200e+01 -1.8034e+00 0.0000e+00 0.0000e+00 1.8034e+00 6.3700e+01 
29.0 6.1675e+01 -2.6340e+00 0.0000e+00 0.0000e+00 -2.6340e+00 6.0009e+01 0.0000e+00 0.0000e+00 0.0000e+00 0.0000e+00 6.1670e+01 -1.7002e+00 0.0000e+00 0.0000e+00 1.7002e+00 6.1192e+01 
30.0 5.9174e+01 -2.7542e+00 0.0000e+00 0.0000e+00 -2.7542e+00 5.7503e+01 0.0000e+00 0.0000e+00 0.0000e+00 0.0000e+00 5.9279e+01 -1.6034e+00 0.0000e+00 0.0000e+00 1.6034e+00 5.8821e+01 
31.0 5.6805e+01 -2.8733e+00 0.0000e+00 0.0000e+00 -2.8733e+00 5.5130e+01 0.0000e+00 0.0000e+00 0.0000e+00 0.0000e+00 5.6750e+01 -1.5126e+00 0.0000e+00 0.0000e+00 1.5126e+00 5.6321e+01 
32.0 5.4555e+01 -2.9907e+00 0.0000e+00 0.0000e+00 -2.9907e+00 5.2877e+01 0.0000e+00 0.0000e+00 0.0000e+00 0.0000e+00 5.4350e+01 -1.4272e+00 0.0000e+00 0.0000e+00 1.4272e+00 5.3949e+01 
33.0 5.2414e+01 -3.1059e+00 0.0000e+00 0.0000e+00 -3.1059e+00 5.0733e+01 0.0000e+00 0.0000e+00 0.0000e+00 0.0000e+00 5.2067e+01 -1.3467e+00 0.0000e+00 0.0000e+00 1.3467e+00 5.1693e+01 
34.0 5.0374e+01 -3.2189e+00 0.0000e+00 0.0000e+00 -3.2189e+00 4.8691e+01 0.0000e+00 0.0000e+00 0.0000e+00 0.0000e+00 4.9891e+01 -1.2705e+00 0.0000e+00 0.0000e+00 1.2705e+00 4.9543e+01 
35.0 4.8428e+01 -3.3294e+00 0.0000e+00 0.0000e+00 -3.3294e+00 4.6744e+01 0.0000e+00 0.0000e+00 0.0000e+00 0.0000e+00 4.7814e+01 -1.1982e+00 0.0000e+00 0.0000e+00 1.1982e+00 4.7492e+01 
36.0 4.6570e+01 -3.4373e+00 0.0000e+00 0.0000e+00 -3.4373e+00 4.4887e+01 0.0000e+00 0.0000e+00 0.0000e+00 0.0000e+00 4.5830e+01 -1.1293e+00 0.0000e+00 0.0000e+00 1.1293e+00 4.5532e+01 
37.0 4.4797e+01 -3.5428e+00 0.0000e+00 0.0000e+00 -3.5428e+00 4.3114e+01 0.0000e+00 0.0000e+00 0.0000e+00 0.0000e+00 4.3933e+01 -1.0633e+00 0.0000e+00 0.0000e+00 1.0633e+00 4.3658e+01 
38.0 4.3104e+01 -3.6456e+00 0.0000e+00 0.0000e+00 -3.6456e+00 4.1422e+01 0.0000e+00 0.0000e+00 0.0000e+00 0.0000e+00 4.2119e+01 -9.9966e-01 0.0000e+00 0.0000e+00 9.9966e-01 4.1866e+01 
39.0 4.1486e+01 -3.7460e+00 0.0000e+00 0.0000e+00 -3.7460e+00 3.9807e+01 0.0000e+00 0.0000e+00 0.0000e+00 0.0000e+00 4.0382e+01 -9.3798e-01 0.0000e+00 0.0000e+00 9.3798e-01 4.0151e+01 
40.0 3.9941e+01 -3.8439e+00 0.0000e+00 0.0000e+00 -3.8439e+00 3.8264e+01 0.0000e+00 0.0000e+00 0.0000e+00 0.0000e+00 3.8719e+01 -8.7813e-01 0.0000e+00 0.0000e+00 8.7813e-01 3.8509e+01 
41.0 3.8463e+01 -3.9389e+00 0.0000e+00 0.0000e+00 -3.9389e+00 3.6790e+01 0.0000e+00 0.0000e+00 0.0000e+00 0.0000e+00 3.7126e+01 -8.2017e-01 0.0000e+00 0.0000e+00 8.2017e-01 3.6936e+01 
42.0 3.7049e+01 -4.0309e+00 0.0000e+00 0.0000e+00 -4.0309e+00 3.5380e+01 0.0000e+00 0.0000e+00 0.0000e+00 0.0000e+00 3.5600e+01 -7.6404e-01 0.0000e+00 0.0000e+00 7.6404e-01 3.5428e+01 
43.0 3.5695e+01 -4.1195e+00 0.0000e+00 0.0000e+00 -4.1195e+00 3.4031e+01 0.0000e+00 0.0000e+00 0.0000e+00 0.0000e+00 3.4136e+01 -7.0953e-01 0.0000e+00 0.0000e+00 7.0953e-01 3.3982e+01 
44.0 3.4397e+01 -4.2046e+00 0.0000e+00 0.0000e+00 -4.2046e+00 3.2739e+01 0.0000e+00 0.0000e+00 0.0000e+00 0.0000e+00 3.2730e+01 -6.5655e-01 0.0000e+00 0.0000e+00 6.5655e-01 3.2594e+01 
45.0 3.3154e+01 -4.2861e+00 0.0000e+00 0.0000e+00 -4.2861e+00 3.1502e+01 0.0000e+00 0.0000e+00 0.0000e+00 0.0000e+00 3.1381e+01 -6.0485e-01 0.0000e+00 0.0000e+00 6.0485e-01 3.1261e+01 
46.0 3.1961e+01 -4.3641e+00 0.0000e+00 0.0000e+00 -4.3641e+00 3.0316e+01 0.0000e+00 0.0000e+00 0.0000e+00 0.0000e+00 3.0084e+01 -5.5417e-01 0.0000e+00 0.0000e+00 5.5417e-01 2.9981e+01 
47.0 3.0818e+01 -4.4384e+00 0.0000e+00 0.0000e+00 -4.4384e+00 2.9179e+01 0.0000e+00 0.0000e+00 0.0000e+00 0.0000e+00 2.8839e+01 -5.0437e-01 0.0000e+00 0.0000e+00 5.0437e-01 2.8751e+01 
48.0 2.9722e+01 -4.5091e+00 0.0000e+00 0.0000e+00 -4.5091e+00 2.8090e+01 0.0000e+00 0.0000e+00 0.0000e+00 0.0000e+00 2.7642e+01 -4.5535e-01 0.0000e+00 0.0000e+00 4.5535e-01 2.7570e+01 
49.0 2.8671e+01 -4.5760e+00 0.0000e+00 0.0000e+00 -4.5760e+00 2.7047e+01 0.0000e+00 0.0000e+00 0.0000e+00 0.0000e+00 2.6492e+01 -4.0702e-01 0.0000e+00 0.0000e+00 4.0702e-01 2.6434e+01 
50.0 2.7664e+01 -4.6391e+00 0.0000e+00 0.0000e+00 -4.6391e+00 2.6047e+01 0.0000e+00 0.0000e+00 0.0000e+00 0.0000e+00 2.5387e+01 -3.5926e-01 0.0000e+00 0.0000e+00 3.5926e-01 2.5343e+01 
51.0 2.6698e+01 -4.6984e+00 0.0000e+00 0.0000e+00 -4.6984e+00 2.5090e+01 0.0000e+00 0.0000e+00 0.0000e+00 0.0000e+00 2.4324e+01 -3.1190e-01 0.0000e+00 0.0000e+00 3.1190e-01 2.4294e+01 
52.0 2.5773e+01 -4.7540e+00 0.0000e+00 0.0000e+00 -4.7540e+00 2.4173e+01 0.0000e+00 0.0000e+00 0.0000e+00 0.0000e+00 2.3302e+01 -2.6484e-01 0.0000e+00 0.0000e+00 2.6484e-01 2.3285e+01 
53.0 2.4887e+01 -4.8060e+00 0.0000e+00 0.0000e+00 -4.8060e+00 2.3295e+01 0.0000e+00 0.0000e+00 0.0000e+00 0.0000e+00 2.2320e+01 -2.1806e-01 0.0000e+00 0.0000e+00 2.1806e-01 2.2316e+01 
54.0 2.4038e+01 -4.8543e+00 0.0000e+00 0.0000e+00 -4.8543e+00 2.2455e+01 0.0000e+00 0.0000e+00 0.0000e+00 0.0000e+00 2.1375e+01 -1.7159e-01 0.0000e+00 0.0000e+00 1.7159e-01 2.1384e+01 
55.0 2.3226e+01 -4.8990e+00 0.0000e+00 0.0000e+00 -4.8990e+00 2.1651e+01 0.0000e+00 0.0000e+00 0.0000e+00 0.0000e+00 2.0467e+01 -1.2548e-01 0.0000e+00 0.0000e+00 1.2548e-01 2.0488e+01 
56.0 2.2448e+01 -4.9402e+00 0.0000e+00 0.0000e+00 -4.9402e+00 2.0881e+01 0.0000e+00 0.0000e+00 0.0000e+00 0.0000e+00 1.9593e+01 -7.9811e-02 0.0000e+00 0.0000e+00 7.9811e-02 1.9627e+01 
57.0 2.1703e+01 -4.9778e+00 0.0000e+00 0.0000e+00 -4.9778e+00 2.0145e+01 0.0000e+00 0.0000e+00 0.0000e+00 0.0000e+00 1.8753e+01 -3.4696e-02 0.0000e+00 0.0000e+00 3.4696e-02 1.8799e+01 
58.0 2.0990e+01 -5.0118e+00 0.0000e+00 0.0000e+00 -5.0118e+00 1.9440e+01 0.0000e+00 0.0000e+00 0.0000e+00 0.0000e+00 1.7945e+01 9.6836e-03 0.0000e+00 0.0000e+00 -9.6836e-03 1.8002e+01 
59.0 2.0306e+01 -5.0423e+00 0.0000e+00 0.0000e+00 -5.0423e+00 1.8764e+01 0.0000e+00 0.0000e+00 0.0000e+00 0.0000e+00 1.7167e+01 5.3245e-02 0.0000e+00 0.0000e+00 -5.3245e-02 1.7236e+01 
60.0 1.9651e+01 -5.0693e+00 0.0000e+00 0.0000e+00 -5.0693e+00 1.8117e+01 0.0000e+00 0.0000e+00 0.0000e+00 0.0000e+00 1.6417e+01 9.6044e-02 0.0000e+00 0.0000e+00 -9.6044e-02 1.6498e+01 
61.0 1.9023e+01 -5.0928e+00 0.0000e+00 0.0000e+00 -5.0928e+00 1.7498e+01 0.0000e+00 0.0000e+00 0.0000e+00 0.0000e+00 1.5696e+01 1.3807e-01 0.0000e+00 0.0000e+00 -1.3807e-01 1.5788e+01 
62.0 1.8421e+01 -5.1129e+00 0.0000e+00 0.0000e+00 -5.1129e+00 1.6904e+01 0.0000e+00 0.0000e+00 0.0000e+00 0.0000e+00 1.5001e+01 1.7928e-01 0.0000e+00 0.0000e+00 -1.7928e-01 1.5104e+01 
63.0 1.7845e+01 -5.1297e+00 0.0000e+00 0.0000e+00 -5.1297e+00 1.6335e+01 0.0000e+00 0.0000e+00 0.0000e+00 0.0000e+00 1.4331e+01 2.1966e-01 0.0000e+00 0.0000e+00 -2.1966e-01 1.4446e+01 
64.0 1.7292e+01 -5.1431e+00 0.0000e+00 0.0000e+00 -5.1431e+00 1.5791e+01 0.0000e+00 0.0000e+00 0.0000e+00 0.0000e+00 1.3686e+01 2.5918e-01 0.0000e+00 0.0000e+00 -2.5918e-01 1.3812e+01 
65.0 1.6763e+01 -5.1531e+00 0.0000e+00 0.0000e+00 -5.1531e+00 1.5269e+01 0.0000e+00 0.0000e+00 0.0000e+00 0.0000e+00 1.3064e+01 2.9781e-01 0.0000e+00 0.0000e+00 -2.9781e-01 1.3201e+01 
66.0 1.6256e+01 -5.1598e+00 0.0000e+00 0.0000e+00 -5.1598e+00 1.4770e+01 0.0000e+00 0.0000e+00 0.0000e+00 0.0000e+00 1.2464e+01 3.3559e-01 0.0000e+00 0.0000e+00 -3.3559e-01 1.2613e+01 
67.0 1.5770e+01 -5.1631e+00 0.0000e+00 0.0000e+00 -5.1631e+00 1.4292e+01 0.0000e+00 0.0000e+00 0.0000e+00 0.0000e+00 1.1886e+01 3.7250e-01 0.0000e+00 0.0000e+00 -3.7250e-01 1.2046e+01 
68.0 1.5305e+01 -5.1633e+00 0.0000e+00 0.0000e+00 -5.1633e+00 1.3834e+01 0.0000e+00 0.0000e+00 0.0000e+00 0.0000e+00 1.1329e+01 4.0843e-01 0.0000e+00 0.0000e+00 -4.0843e-01 1.1500e+01 
69.0 1.4860e+01 -5.1602e+00 0.0000e+00 0.0000e+00 -5.1602e+00 1.3395e+01 0.0000e+00 0.0000e+00 0.0000e+00 0.0000e+00 1.0792e+01 4.4329e-01 0.0000e+00 0.0000e+00 -4.4329e-01 1.0974e+01 
70.0 1.4432e+01 -5.1541e+00 0.0000e+00 0.0000e+00 -5.1541e+00 1.2975e+01 0.0000e+00 0.0000e+00 0.0000e+00 0.0000e+00 1.0273e+01 4.7709e-01 0.0000e+00 0.0000e+00 -4.7709e-01 1.0466e+01 
71.0 1.4023e+01 -5.1448e+00 0.0000e+00 0.0000e+00 -5.1448e+00 1.2573e+01 0.0000e+00 0.0000e+00 0.0000e+00 0.0000e+00 9.7730e+00 5.0980e-01 0.0000e+00 0.0000e+00 -5.0980e-01 9.9769e+00 
72.0 1.3631e+01 -5.1325e+00 0.0000e+00 0.0000e+00 -5.1325e+00 1.2188e+01 0.0000e+00 0.0000e+00 0.0000e+00 0.0000e+00 9.2900e+00 5.4137e-01 0.0000e+00 0.0000e+00 -5.4137e-01 9.5047e+00 
73.0 1.3255e+01 -5.1171e+00 0.0000e+00 0.0000e+00 -5.1171e+00 1.1819e+01 0.0000e+00 0.0000e+00 0.0000e+00 0.0000e+00 8.8236e+00 5.7176e-01 0.0000e+00 0.0000e+00 -5.7176e-01 9.0491e+00 
74.0 1.2894e+01 -5.0989e+00 0.0000e+00 0.0000e+00 -5.0989e+00 1.1465e+01 0.0000e+00 0.0000e+00 0.0000e+00 0.0000e+00 8.3732e+00 6.0100e-01 0.0000e+00 0.0000e+00 -6.0100e-01 8.6093e+00 
75.0 1.2549e+01 -5.0778e+00 0.0000e+00 0.0000e+00 -5.0778e+00 1.1127e+01 0.0000e+00 0.0000e+00 0.0000e+00 0.0000e+00 7.9380e+00 6.2909e-01 0.0000e+00 0.0000e+00 -6.2909e-01 8.1847e+00 
76.0 1.2218e+01 -5.0539e+00 0.0000e+00 0.0000e+00 -5.0539e+00 1.0802e+01 0.0000e+00 0.0000e+00 0.0000e+00 0.0000e+00 7.5175e+00 6.5600e-01 0.0000e+00 0.0000e+00 -6.5600e-01 7.7748e+00 
77.0 1.1901e+01 -5.0275e+00 0.0000e+00 0.0000e+00 -5.0275e+00 1.0492e+01 0.0000e+00 0.0000e+00 0.0000e+00 0.0000e+00 7.1111e+00 6.8174e-01 0.0000e+00 0.0000e+00 -6.8174e-01 7.3788e+00 
78.0 1.1597e+01 -4.9984e+00 0.0000e+00 0.0000e+00 -4.9984e+00 1.0194e+01 0.0000e+00 0.0000e+00 0.0000e+00 0.0000e+00 6.7182e+00 7.0633e-01 0.0000e+00 0.0000e+00 -7.0633e-01 6.9964e+00 
79.0 1.1305e+01 -4.9668e+00 0.0000e+00 0.0000e+00 -4.9668e+00 9.9095e+00 0.0000e+00 0.0000e+00 0.0000e+00 0.0000e+00 6.3382e+00 7.2979e-01 0.0000e+00 0.0000e+00 -7.2979e-01 6.6268e+00 
80.0 1.1026e+01 -4.9328e+00 0.0000e+00 0.0000e+00 -4.9328e+00 9.6368e+00 0.0000e+00 0.0000e+00 0.0000e+00 0.0000e+00 5.9707e+00 7.5214e-01 0.0000e+00 0.0000e+00 -7.5214e-01 6.2697e+00 
81.0 1.0759e+01 -4.8964e+00 0.0000e+00 0.0000e+00 -4.8964e+00 9.3758e+00 0.0000e+00 0.0000e+00 0.0000e+00 0.0000e+00 5.6152e+00 7.7339e-01 0.0000e+00 0.0000e+00 -7.7339e-01 5.9247e+00 
82.0 1.0503e+01 -4.8577e+00 0.0000e+00 0.0000e+00 -4.8577e+00 9.1260e+00 0.0000e+00 0.0000e+00 0.0000e+00 0.0000e+00 5.2713e+00 7.9358e-01 0.0000e+00 0.0000e+00 -7.9358e-01 5.5912e+00 
83.0 1.0258e+01 -4.8169e+00 0.0000e+00 0.0000e+00 -4.8169e+00 8.8869e+00 0.0000e+00 0.0000e+00 0.0000e+00 0.0000e+00 4.9385e+00 8.1271e-01 0.0000e+00 0.0000e+00 -8.1271e-01 5.2689e+00 
84.0 1.0024e+01 -4.7739e+00 0.0000e+00 0.0000e+00 -4.7739e+00 8.6583e+00 0.0000e+00 0.0000e+00 0.0000e+00 0.0000e+00 4.6164e+00 8.3083e-01 0.0000e+00 0.0000e+00 -8.3083e-01 4.9574e+00 
85.0 9.7993e+00 -4.7289e+00 0.0000e+00 0.0000e+00 -4.7289e+00 8.4397e+00 0.0000e+00 0.0000e+00 0.0000e+00 0.0000e+00 4.3045e+00 8.4796e-01 0.0000e+00 0.0000e+00 -8.4796e-01 4.6562e+00 
86.0 9.5850e+00 -4.6820e+00 0.0000e+00 0.0000e+00 -4.6820e+00 8.2307e+00 0.0000e+00 0.0000e+00 0.0000e+00 0.0000e+00 4.0026e+00 8.6416e-01 0.0000e+00 0.0000e+00 -8.6416e-01 4.3649e+00 
87.0 9.3802e+00 -4.6332e+00 0.0000e+00 0.0000e+00 -4.6332e+00 8.0311e+00 0.0000e+00 0.0000e+00 0.0000e+00 0.0000e+00 3.7103e+00 8.7947e-01 0.0000e+00 0.0000e+00 -8.7947e-01 4.0834e+00 
88.0 9.1845e+00 -4.5828e+00 0.0000e+00 0.0000e+00 -4.5828e+00 7.8404e+00 0.0000e+00 0.0000e+00 0.0000e+00 0.0000e+00 3.4274e+00 8.9389e-01 0.0000e+00 0.0000e+00 -8.9389e-01 3.8111e+00 
89.0 8.9977e+00 -4.5307e+00 0.0000e+00 0.0000e+00 -4.5307e+00 7.6585e+00 0.0000e+00 0.0000e+00 0.0000e+00 0.0000e+00 3.1534e+00 9.0743e-01 0.0000e+00 0.0000e+00 -9.0743e-01 3.5478e+00 
90.0 8.8193e+00 -4.4770e+00 0.0000e+00 0.0000e+00 -4.4770e+00 7.4848e+00 0.0000e+00 0.0000e+00 0.0000e+00 0.0000e+00 2.8881e+00 9.2004e-01 0.0000e+00 0.0000e+00 -9.2004e-01 3.2931e+00 
91.0 8.6490e+00 -4.4219e+00 0.0000e+00 0.0000e+00 -4.4219e+00 7.3191e+00 0.0000e+00 0.0000e+00 0.0000e+00 0.0000e+00 2.6311e+00 9.3173e-01 0.0000e+00 0.0000e+00 -9.3173e-01 3.0466e+00 
92.0 8.4864e+00 -4.3653e+00 0.0000e+00 0.0000e+00 -4.3653e+00 7.1611e+00 0.0000e+00 0.0000e+00 0.0000e+00 0.0000e+00 2.3821e+00 9.4252e-01 0.0000e+00 0.0000e+00 -9.4252e-01 2.8080e+00 
93.0 8.3313e+00 -4.3074e+00 0.0000e+00 0.0000e+00 -4.3074e+00 7.0105e+00 0.0000e+00 0.0000e+00 0.0000e+00 0.0000e+00 2.1409e+00 9.5240e-01 0.0000e+00 0.0000e+00 -9.5240e-01 2.5771e+00 
94.0 8.1834e+00 -4.2481e+00 0.0000e+00 0.0000e+00 -4.2481e+00 6.8669e+00 0.0000e+00 0.0000e+00 0.0000e+00 0.0000e+00 1.9072e+00 9.6138e-01 0.0000e+00 0.0000e+00 -9.6138e-01 2.3535e+00 
95.0 8.0425e+00 -4.1877e+00 0.0000e+00 0.0000e+00 -4.1877e+00 6.7303e+00 0.0000e+00 0.0000e+00 0.0000e+00 0.0000e+00 1.6807e+00 9.6948e-01 0.0000e+00 0.0000e+00 -9.6948e-01 2.1369e+00 
96.0 7.9083e+00 -4.1260e+00 0.0000e+00 0.0000e+00 -4.1260e+00 6.6004e+00 0.0000e+00 0.0000e+00 0.0000e+00 0.0000e+00 1.4612e+00 9.7673e-01 0.0000e+00 0.0000e+00 -9.7673e-01 1.9271e+00 
97.0 7.7806e+00 -4.0632e+00 0.0000e+00 0.0000e+00 -4.0632e+00 6.4770e+00 0.0000e+00 0.0000e+00 0.0000e+00 0.0000e+00 1.2485e+00 9.8315e-01 0.0000e+00 0.0000e+00 -9.8315e-01 1.7238e+00 
98.0 7.6591e+00 -3.9993e+00 0.0000e+00 0.0000e+00 -3.9993e+00 6.3600e+00 0.0000e+00 0.0000e+00 0.0000e+00 0.0000e+00 1.0423e+00 9.8879e-01 0.0000e+00 0.0000e+00 -9.8879e-01 1.5268e+00 
99.0 7.5437e+00 -3.9344e+00 0.0000e+00 0.0000e+00 -3.9344e+00 6.2489e+00 0.0000e+00 0.0000e+00 0.0000e+00 0.0000e+00 8.4258e-01 9.9369e-01 0.0000e+00 0.0000e+00 -9.9369e-01 1.3359e+00 
100.0 7.4341e+00 -3.8684e+00 0.0000e+00 0.0000e+00 -3.8684e+00 6.1438e+00 0.0000e+00 0.0000e+00 0.0000e+00 0.0000e+00 6.4896e-01 9.9784e-01 0.0000e+00 0.0000e+00 -9.9784e-01 1.1509e+00 
101.0 7.3302e+00 -3.8016e+00 0.0000e+00 0.0000e+00 -3.8016e+00 6.0444e+00 0.0000e+00 0.0000e+00 0.0000e+00 0.0000e+00 4.6131e-01 1.0013e+00 0.0000e+00 0.0000e+00 -1.0013e+00 9.7149e-01 
102.0 7.2317e+00 -3.7338e+00 0.0000e+00 0.0000e+00 -3.7338e+00 5.9504e+00 0.0000e+00 0.0000e+00 0.0000e+00 0.0000e+00 2.7936e-01 1.0039e+00 0.0000e+00 0.0000e+00 -1.0039e+00 7.9752e-01 
103.0 7.1384e+00 -3.6653e+00 0.0000e+00 0.0000e+00 -3.6653e+00 5.8616e+00 0.0000e+00 0.0000e+00 0.0000e+00 0.0000e+00 1.0290e-01 1.0058e+00 0.0000e+00 0.0000e+00 -1.0058e+00 6.2874e-01 
104.0 7.0500e+00 -3.5961e+00 0.0000e+00 0.0000e+00 -3.5961e+00 5.7780e+00 0.0000e+00 0.0000e+00 0.0000e+00 0.0000e+00 -6.8263e-02 1.0069e+00 0.0000e+00 0.0000e+00 -1.0069e+00 4.6496e-01 
105.0 6.9664e+00 -3.5261e+00 0.0000e+00 0.0000e+00 -3.5261e+00 5.6991e+00 0.0000e+00 0.0000e+00 0.0000e+00 0.0000e+00 -2.3433e-01 1.0073e+00 0.0000e+00 0.0000e+00 -1.0073e+00 3.0600e-01 
106.0 6.8874e+00 -3.4556e+00 0.0000e+00 0.0000e+00 -3.4556e+00 5.6249e+00 0.0000e+00 0.0000e+00 0.0000e+00 0.0000e+00 -3.9550e-01 1.0068e+00 0.0000e+00 0.0000e+00 -1.0068e+00 1.5167e-01 
107.0 6.8129e+00 -3.3844e+00 0.0000e+00 0.0000e+00 -3.3844e+00 5.5552e+00 0.0000e+00 0.0000e+00 0.0000e+00 0.0000e+00 -5.5196e-01 1.0056e+00 0.0000e+00 0.0000e+00 -1.0056e+00 1.7777e-03 
108.0 6.7427e+00 -3.3127e+00 0.0000e+00 0.0000e+00 -3.3127e+00 5.4898e+00 0.0000e+00 0.0000e+00 0.0000e+00 0.0000e+00 -7.0391e-01 1.0037e+00 0.0000e+00 0.0000e+00 -1.0037e+00 -1.4384e-01 
109.0 6.6765e+00 -3.2404e+00 0.0000e+00 0.0000e+00 -3.2404e+00 5.4285e+00 0.0000e+00 0.0000e+00 0.0000e+00 0.0000e+00 -8.5152e-01 1.0010e+00 0.0000e+00 0.0000e+00 -1.0010e+00 -2.8537e-01 
110.0 6.6142e+00 -3.1676e+00 0.0000e+00 0.0000e+00 -3.1676e+00 5.3712e+00 0.0000e+00 0.0000e+00 0.0000e+00 0.0000e+00 -9.9493e-01 9.9758e-01 0.0000e+00 0.0000e+00 -9.9758e-01 -4.2297e-01 
111.0 6.5558e+00 -3.0944e+00 0.0000e+00 0.0000e+00 -3.0944e+00 5.3177e+00 0.0000e+00 0.0000e+00 0.0000e+00 0.0000e+00 -1.1343e+00 9.9357e-01 0.0000e+00 0.0000e+00 -9.9357e-01 -5.5677e-01 
112.0 6.5011e+00 -3.0208e+00 0.0000e+00 0.0000e+00 -3.0208e+00 5.2680e+00 0.0000e+00 0.0000e+00 0.0000e+00 0.0000e+00 -1.2697e+00 9.8896e-01 0.0000e+00 0.0000e+00 -9.8896e-01 -6.8690e-01 
113.0 6.4499e+00 -2.9468e+00 0.0000e+00 0.0000e+00 -2.9468e+00 5.2220e+00 0.0000e+00 0.0000e+00 0.0000e+00 0.0000e+00 -1.4013e+00 9.8376e-01 0.0000e+00 0.0000e+00 -9.8376e-01 -8.1348e-01 
114.0 6.4021e+00 -2.8726e+00 0.0000e+00 0.0000e+00 -2.8726e+00 5.1793e+00 0.0000e+00 0.0000e+00 0.0000e+00 0.0000e+00 -1.5293e+00 9.7798e-01 0.0000e+00 0.0000e+00 -9.7798e-01 -9.3668e-01 
115.0 6.3577e+00 -2.7981e+00 0.0000e+00 0.0000e+00 -2.7981e+00 5.1401e+00 0.0000e+00 0.0000e+00 0.0000e+00 0.0000e+00 -1.6538e+00 9.7168e-01 0.0000e+00 0.0000e+00 -9.7168e-01 -1.0566e+00 
116.0 6.3165e+00 -2.7235e+00 0.0000e+00 0.0000e+00 -2.7235e+00 5.1041e+00 0.0000e+00 0.0000e+00 0.0000e+00 0.0000e+00 -1.7748e+00 9.6490e-01 0.0000e+00 0.0000e+00 -9.6490e-01 -1.1733e+00 
117.0 6.2784e+00 -2.6489e+00 0.0000e+00 0.0000e+00 -2.6489e+00 5.0713e+00 0.0000e+00 0.0000e+00 0.0000e+00 0.0000e+00 -1.8925e+00 9.5765e-01 0.0000e+00 0.0000e+00 -9.5765e-01 -1.2870e+00 
118.0 6.2434e+00 -2.5742e+00 0.0000e+00 0.0000e+00 -2.5742e+00 5.0416e+00 0.0000e+00 0.0000e+00 0.0000e+00 0.0000e+00 -2.0069e+00 9.4994e-01 0.0000e+00 0.0000e+00 -9.4994e-01 -1.3976e+00 
119.0 6.2113e+00 -2.4995e+00 0.0000e+00 0.0000e+00 -2.4995e+00 5.0149e+00 0.0000e+00 0.0000e+00 0.0000e+00 0.0000e+00 -2.1182e+00 9.4176e-01 0.0000e+00 0.0000e+00 -9.4176e-01 -1.5053e+00 
120.0 6.1821e+00 -2.4250e+00 0.0000e+00 0.0000e+00 -2.4250e+00 4.9909e+00 0.0000e+00 0.0000e+00 0.0000e+00 0.0000e+00 -2.2265e+00 9.3305e-01 0.0000e+00 0.0000e+00 -9.3305e-01 -1.6102e+00 
121.0 6.1555e+00 -2.3506e+00 0.0000e+00 0.0000e+00 -2.3506e+00 4.9696e+00 0.0000e+00 0.0000e+00 0.0000e+00 0.0000e+00 -2.3318e+00 9.2370e-01 0.0000e+00 0.0000e+00 -9.2370e-01 -1.7122e+00 
122.0 6.1313e+00 -2.2764e+00 0.0000e+00 0.0000e+00 -2.2764e+00 4.9506e+00 0.0000e+00 0.0000e+00 0.0000e+00 0.0000e+00 -2.4343e+00 9.1362e-01 0.0000e+00 0.0000e+00 -9.1362e-01 -1.8116e+00 
123.0 6.1094e+00 -2.2023e+00 0.0000e+00 0.0000e+00 -2.2023e+00 4.9338e+00 0.0000e+00 0.0000e+00 0.0000e+00 0.0000e+00 -2.5340e+00 9.0279e-01 0.0000e+00 0.0000e+00 -9.0279e-01 -1.9084e+00 
124.0 6.0898e+00 -2.1283e+00 0.0000e+00 0.0000e+00 -2.1283e+00 4.9193e+00 0.0000e+00 0.0000e+00 0.0000e+00 0.0000e+00 -2.6311e+00 8.9122e-01 0.0000e+00 0.0000e+00 -8.9122e-01 -2.0027e+00 
125.0 6.0723e+00 -2.0545e+00 0.0000e+00 0.0000e+00 -2.0545e+00 4.9067e+00 0.0000e+00 0.0000e+00 0.0000e+00 0.0000e+00 -2.7258e+00 8.7891e-01 0.0000e+00 0.0000e+00 -8.7891e-01 -2.0947e+00 
126.0 6.0567e+00 -1.9807e+00 0.0000e+00 0.0000e+00 -1.9807e+00 4.8960e+00 0.0000e+00 0.0000e+00 0.0000e+00 0.0000e+00 -2.8180e+00 8.6592e-01 0.0000e+00 0.0000e+00 -8.6592e-01 -2.1845e+00 
127.0 6.0430e+00 -1.9073e+00 0.0000e+00 0.0000e+00 -1.9073e+00 4.8871e+00 0.0000e+00 0.0000e+00 0.0000e+00 0.0000e+00 -2.9081e+00 8.5233e-01 0.0000e+00 0.0000e+00 -8.5233e-01 -2.2721e+00 
128.0 6.0314e+00 -1.8342e+00 0.0000e+00 0.0000e+00 -1.8342e+00 4.8801e+00 0.0000e+00 0.0000e+00 0.0000e+00 0.0000e+00 -2.9959e+00 8.3820e-01 0.0000e+00 0.0000e+00 -8.3820e-01 -2.3577e+00 
129.0 6.0216e+00 -1.7615e+00 0.0000e+00 0.0000e+00 -1.7615e+00 4.8749e+00 0.0000e+00 0.0000e+00 0.0000e+00 0.0000e+00 -3.0816e+00 8.2361e-01 0.0000e+00 0.0000e+00 -8.2361e-01 -2.4412e+00 
130.0 6.0137e+00 -1.6895e+00 0.0000e+00 0.0000e+00 -1.6895e+00 4.8715e+00 0.0000e+00 0.0000e+00 0.0000e+00 0.0000e+00 -3.1651e+00 8.0861e-01 0.0000e+00 0.0000e+00 -8.0861e-01 -2.5227e+00 
131.0 6.0078e+00 -1.6181e+00 0.0000e+00 0.0000e+00 -1.6181e+00 4.8700e+00 0.0000e+00 0.0000e+00 0.0000e+00 0.0000e+00 -3.2467e+00 7.9321e-01 0.0000e+00 0.0000e+00 -7.9321e-01 -2.6021e+00 
132.0 6.0038e+00 -1.5476e+00 0.0000e+00 0.0000e+00 -1.5476e+00 4.8703e+00 0.0000e+00 0.0000e+00 0.0000e+00 0.0000e+00 -3.3261e+00 7.7742e-01 0.0000e+00 0.0000e+00 -7.7742e-01 -2.6796e+00 
133.0 6.0017e+00 -1.4778e+00 0.0000e+00 0.0000e+00 -1.4778e+00 4.8724e+00 0.0000e+00 0.0000e+00 0.0000e+00 0.0000e+00 -3.4036e+00 7.6129e-01 0.0000e+00 0.0000e+00 -7.6129e-01 -2.7552e+00 
134.0 6.0016e+00 -1.4088e+00 0.0000e+00 0.0000e+00 -1.4088e+00 4.8764e+00 0.0000e+00 0.0000e+00 0.0000e+00 0.0000e+00 -3.4791e+00 7.4483e-01 0.0000e+00 0.0000e+00 -7.4483e-01 -2.8289e+00 
135.0 6.0033e+00 -1.3408e+00 0.0000e+00 0.0000e+00 -1.3408e+00 4.8822e+00 0.0000e+00 0.0000e+00 0.0000e+00 0.0000e+00 -3.5526e+00 7.2799e-01 0.0000e+00 0.0000e+00 -7.2799e-01 -2.9009e+00 
136.0 6.0067e+00 -1.2738e+00 0.0000e+00 0.0000e+00 -1.2738e+00 4.8897e+00 0.0000e+00 0.0000e+00 0.0000e+00 0.0000e+00 -3.6241e+00 7.1076e-01 0.0000e+00 0.0000e+00 -7.1076e-01 -2.9711e+00 
137.0 6.0116e+00 -1.2076e+00 0.0000e+00 0.0000e+00 -1.2076e+00 4.8989e+00 0.0000e+00 0.0000e+00 0.0000e+00 0.0000e+00 -3.6936e+00 6.9318e-01 0.0000e+00 0.0000e+00 -6.9318e-01 -3.0397e+00 
138.0 6.0181e+00 -1.1423e+00 0.0000e+00 0.0000e+00 -1.1423e+00 4.9098e+00 0.0000e+00 0.0000e+00 0.0000e+00 0.0000e+00 -3.7612e+00 6.7527e-01 0.0000e+00 0.0000e+00 -6.7527e-01 -3.1067e+00 
139.0 6.0261e+00 -1.0779e+00 0.0000e+00 0.0000e+00 -1.0779e+00 4.9224e+00 0.0000e+00 0.0000e+00 0.0000e+00 0.0000e+00 -3.8268e+00 6.5705e-01 0.0000e+00 0.0000e+00 -6.5705e-01 -3.1722e+00 
140.0 6.0355e+00 -1.0143e+00 0.0000e+00 0.0000e+00 -1.0143e+00 4.9366e+00 0.0000e+00 0.0000e+00 0.0000e+00 0.0000e+00 -3.8906e+00 6.3860e-01 0.0000e+00 0.0000e+00 -6.3860e-01 -3.2362e+00 
141.0 6.0466e+00 -9.5160e-01 0.0000e+00 0.0000e+00 -9.5160e-01 4.9525e+00 0.0000e+00 0.0000e+00 0.0000e+00 0.0000e+00 -3.9526e+00 6.1999e-01 0.0000e+00 0.0000e+00 -6.1999e-01 -3.2988e+00 
142.0 6.0593e+00 -8.8970e-01 0.0000e+00 0.0000e+00 -8.8970e-01 4.9702e+00 0.0000e+00 0.0000e+00 0.0000e+00 0.0000e+00 -4.0129e+00 6.0128e-01 0.0000e+00 0.0000e+00 -6.0128e-01 -3.3599e+00 
143.0 6.0739e+00 -8.2874e-01 0.0000e+00 0.0000e+00 -8.2874e-01 4.9895e+00 0.0000e+00 0.0000e+00 0.0000e+00 0.0000e+00 -4.0718e+00 5.8248e-01 0.0000e+00 0.0000e+00 -5.8248e-01 -3.4196e+00 
144.0 6.0904e+00 -7.6877e-01 0.0000e+00 0.0000e+00 -7.6877e-01 5.0104e+00 0.0000e+00 0.0000e+00 0.0000e+00 0.0000e+00 -4.1292e+00 5.6353e-01 0.0000e+00 0.0000e+00 -5.6353e-01 -3.4780e+00 
145.0 6.1087e+00 -7.0990e-01 0.0000e+00 0.0000e+00 -7.0990e-01 5.0329e+00 0.0000e+00 0.0000e+00 0.0000e+00 0.0000e+00 -4.1854e+00 5.4432e-01 0.0000e+00 0.0000e+00 -5.4432e-01 -3.5350e+00 
146.0 6.1289e+00 -6.5222e-01 0.0000e+00 0.0000e+00 -6.5222e-01 5.0568e+00 0.0000e+00 0.0000e+00 0.0000e+00 0.0000e+00 -4.2406e+00 5.2472e-01 0.0000e+00 0.0000e+00 -5.2472e-01 -3.5907e+00 
147.0 6.1508e+00 -5.9572e-01 0.0000e+00 0.0000e+00 -5.9572e-01 5.0820e+00 0.0000e+00 0.0000e+00 0.0000e+00 0.0000e+00 -4.2948e+00 5.0468e-01 0.0000e+00 0.0000e+00 -5.0468e-01 -3.6453e+00 
148.0 6.1748e+00 -5.4041e-01 0.0000e+00 0.0000e+00 -5.4041e-01 5.1088e+00 0.0000e+00 0.0000e+00 0.0000e+00 0.0000e+00 -4.3482e+00 4.8413e-01 0.0000e+00 0.0000e+00 -4.8413e-01 -3.6986e+00 
149.0 6.2008e+00 -4.8637e-01 0.0000e+00 0.0000e+00 -4.8637e-01 5.1370e+00 0.0000e+00 0.0000e+00 0.0000e+00 0.0000e+00 -4.4009e+00 4.6306e-01 0.0000e+00 0.0000e+00 -4.6306e-01 -3.7510e+00 
150.0 6.2290e+00 -4.3364e-01 0.0000e+00 0.0000e+00 -4.3364e-01 5.1668e+00 0.0000e+00 0.0000e+00 0.0000e+00 0.0000e+00 -4.4532e+00 4.4154e-01 0.0000e+00 0.0000e+00 -4.4154e-01 -3.8023e+00 
151.0 6.2595e+00 -3.8238e-01 0.0000e+00 0.0000e+00 -3.8238e-01 5.1982e+00 0.0000e+00 0.0000e+00 0.0000e+00 0.0000e+00 -4.5052e+00 4.1956e-01 0.0000e+00 0.0000e+00 -4.1956e-01 -3.8527e+00 
152.0 6.2920e+00 -3.3294e-01 0.0000e+00 0.0000e+00 -3.3294e-01 5.2309e+00 0.0000e+00 0.0000e+00 0.0000e+00 0.0000e+00 -4.5571e+00 3.9684e-01 0.0000e+00 0.0000e+00 -3.9684e-01 -3.9023e+00 
153.0 6.3263e+00 -2.8567e-01 0.0000e+00 0.0000e+00 -2.8567e-01 5.2643e+00 0.0000e+00 0.0000e+00 0.0000e+00 0.0000e+00 -4.6092e+00 3.7287e-01 0.0000e+00 0.0000e+00 -3.7287e-01 -3.9513e+00 
154.0 6.3620e+00 -2.4079e-01 0.0000e+00 0.0000e+00 -2.4079e-01 5.2981e+00 0.0000e+00 0.0000e+00 0.0000e+00 0.0000e+00 -4.6617e+00 3.4724e-01 0.0000e+00 0.0000e+00 -3.4724e-01 -3.9997e+00 
155.0 6.3992e+00 -1.9855e-01 0.0000e+00 0.0000e+00 -1.9855e-01 5.3321e+00 0.0000e+00 0.0000e+00 0.0000e+00 0.0000e+00 -4.7148e+00 3.1975e-01 0.0000e+00 0.0000e+00 -3.1975e-01 -4.0475e+00 
156.0 6.4381e+00 -1.5914e-01 0.0000e+00 0.0000e+00 -1.5914e-01 5.3667e+00 0.0000e+00 0.0000e+00 0.0000e+00 0.0000e+00 -4.7687e+00 2.9052e-01 0.0000e+00 0.0000e+00 -2.9052e-01 -4.0948e+00 
157.0 6.4791e+00 -1.2281e-01 0.0000e+00 0.0000e+00 -1.2281e-01 5.4022e+00 0.0000e+00 0.0000e+00 0.0000e+00 0.0000e+00 -4.8234e+00 2.5977e-01 0.0000e+00 0.0000e+00 -2.5977e-01 -4.1413e+00 
158.0 6.5223e+00 -8.9964e-02 0.0000e+00 0.0000e+00 -8.9964e-02 5.4385e+00 0.0000e+00 0.0000e+00 0.0000e+00 0.0000e+00 -4.8792e+00 2.2747e-01 0.0000e+00 0.0000e+00 -2.2747e-01 -4.1873e+00 
159.0 6.5676e+00 -6.0926e-02 0.0000e+00 0.0000e+00 -6.0926e-02 5.4753e+00 0.0000e+00 0.0000e+00 0.0000e+00 0.0000e+00 -4.9362e+00 1.9349e-01 0.0000e+00 0.0000e+00 -1.9349e-01 -4.2326e+00 
160.0 6.6152e+00 -3.5775e-02 0.0000e+00 0.0000e+00 -3.5775e-02 5.5124e+00 0.0000e+00 0.0000e+00 0.0000e+00 0.0000e+00 -4.9949e+00 1.5779e-01 0.0000e+00 0.0000e+00 -1.5779e-01 -4.2772e+00 
161.0 6.6653e+00 -1.4555e-02 0.0000e+00 0.0000e+00 -1.4555e-02 5.5496e+00 0.0000e+00 0.0000e+00 0.0000e+00 0.0000e+00 -5.0555e+00 1.2035e-01 0.0000e+00 0.0000e+00 -1.2035e-01 -4.3210e+00 
162.0 6.7186e+00 2.6626e-03 0.0000e+00 0.0000e+00 2.6626e-03 5.5873e+00 0.0000e+00 0.0000e+00 0.0000e+00 0.0000e+00 -5.1186e+00 8.1270e-02 0.0000e+00 0.0000e+00 -8.1270e-02 -4.3642e+00 
163.0 6.7759e+00 1.5853e-02 0.0000e+00 0.0000e+00 1.5853e-02 5.6258e+00 0.0000e+00 0.0000e+00 0.0000e+00 0.0000e+00 -5.1850e+00 4.0837e-02 0.0000e+00 0.0000e+00 -4.0837e-02 -4.4068e+00 
164.0 6.8382e+00 2.5068e-02 0.0000e+00 0.0000e+00 2.5068e-02 5.6657e+00 0.0000e+00 0.0000e+00 0.0000e+00 0.0000e+00 -5.2555e+00 -4.2493e-04 0.0000e+00 0.0000e+00 4.2493e-04 -4.4489e+00 
165.0 6.9072e+00 3.0577e-02 0.0000e+00 0.0000e+00 3.0577e-02 5.7081e+00 0.0000e+00 0.0000e+00 0.0000e+00 0.0000e+00 -5.3308e+00 -4.1511e-02 0.0000e+00 0.0000e+00 4.1511e-02 -4.4907e+00 
166.0 6.9843e+00 3.2651e-02 0.0000e+00 0.0000e+00 3.2651e-02 5.7543e+00 0.0000e+00 0.0000e+00 0.0000e+00 0.0000e+00 -5.4114e+00 -8.1309e-02 0.0000e+00 0.0000e+00 8.1309e-02 -4.5321e+00 
167.0 7.0704e+00 3.1263e-02 0.0000e+00 0.0000e+00 3.1263e-02 5.8048e+00 0.0000e+00 0.0000e+00 0.0000e+00 0.0000e+00 -5.4982e+00 -1.1925e-01 0.0000e+00 0.0000e+00 1.1925e-01 -4.5732e+00 
168.0 7.1666e+00 2.6404e-02 0.0000e+00 0.0000e+00 2.6404e-02 5.8601e+00 0.0000e+00 0.0000e+00 0.0000e+00 0.0000e+00 -5.5924e+00 -1.5499e-01 0.0000e+00 0.0000e+00 1.5499e-01 -4.6145e+00 
169.0 7.2740e+00 1.8354e-02 0.0000e+00 0.0000e+00 1.8354e-02 5.9205e+00 0.0000e+00 0.0000e+00 0.0000e+00 0.0000e+00 -5.6953e+00 -1.8787e-01 0.0000e+00 0.0000e+00 1.8787e-01 -4.6561e+00 
170.0 7.3951e+00 7.8937e-03 0.0000e+00 0.0000e+00 7.8937e-03 5.9870e+00 0.0000e+00 0.0000e+00 0.0000e+00 0.0000e+00 -5.8079e+00 -2.1620e-01 0.0000e+00 0.0000e+00 2.1620e-01 -4.6974e+00 
171.0 7.5336e+00 -3.4613e-03 0.0000e+00 0.0000e+00 -3.4613e-03 6.0622e+00 0.0000e+00 0.0000e+00 0.0000e+00 0.0000e+00 -5.9311e+00 -2.3686e-01 0.0000e+00 0.0000e+00 2.3686e-01 -4.7376e+00 
172.0 7.6930e+00 -1.4245e-02 0.0000e+00 0.0000e+00 -1.4245e-02 6.1484e+00 0.0000e+00 0.0000e+00 0.0000e+00 0.0000e+00 -6.0658e+00 -2.4648e-01 0.0000e+00 0.0000e+00 2.4648e-01 -4.7766e+00 
173.0 7.8751e+00 -2.3248e-02 0.0000e+00 0.0000e+00 -2.3248e-02 6.2465e+00 0.0000e+00 0.0000e+00 0.0000e+00 0.0000e+00 -6.2124e+00 -2.4239e-01 0.0000e+00 0.0000e+00 2.4239e-01 -4.8141e+00 
174.0 8.0806e+00 -2.8866e-02 0.0000e+00 0.0000e+00 -2.8866e-02 6.3577e+00 0.0000e+00 0.0000e+00 0.0000e+00 0.0000e+00 -6.3693e+00 -2.2211e-01 0.0000e+00 0.0000e+00 2.2211e-01 -4.8490e+00 
175.0 8.3049e+00 -3.0315e-02 0.0000e+00 0.0000e+00 -3.0315e-02 6.4798e+00 0.0000e+00 0.0000e+00 0.0000e+00 0.0000e+00 -6.5318e+00 -1.8561e-01 0.0000e+00 0.0000e+00 1.8561e-01 -4.8796e+00 
176.0 8.5370e+00 -2.7435e-02 0.0000e+00 0.0000e+00 -2.7435e-02 6.6058e+00 0.0000e+00 0.0000e+00 0.0000e+00 0.0000e+00 -6.6922e+00 -1.3576e-01 0.0000e+00 0.0000e+00 1.3576e-01 -4.9038e+00 
177.0 8.7591e+00 -1.8851e-02 0.0000e+00 0.0000e+00 -1.8851e-02 6.7264e+00 0.0000e+00 0.0000e+00 0.0000e+00 0.0000e+00 -6.8368e+00 -7.7485e-02 0.0000e+00 0.0000e+00 7.7485e-02 -4.9185e+00 
178.0 8.9345e+00 -6.6204e-03 0.0000e+00 0.0000e+00 -6.6204e-03 6.8229e+00 0.0000e+00 0.0000e+00 0.0000e+00 0.0000e+00 -6.9427e+00 -2.4423e-02 0.0000e+00 0.0000e+00 2.4423e-02 -4.9239e+00 
179.0 9.0078e+00 -1.1861e-19 0.0000e+00 0.0000e+00 -1.1861e-19 6.8643e+00 0.0000e+00 0.0000e+00 0.0000e+00 0.0000e+00 -6.9849e+00 -3.1196e-19 0.0000e+00 0.0000e+00 3.1196e-19 -4.9256e+00 
180.0 9.0796e+00 0.0000e+00 0.0000e+00 0.0000e+00 0.0000e+00 6.9021e+00 0.0000e+00 0.0000e+00 0.0000e+00 0.0000e+00 -7.0237e+00 0.0000e+00 0.0000e+00 0.0000e+00 -0.0000e+00 -4.9264e+00 
