2.7803 2.7927 0.0124 0.070809
theta s11 s12 s13 s14 s21 s22 s23 s24 s31 s32 s33 s34 s41 s42 s43 s44
0.0 4.4266e+02 0.0000e+00 0.0000e+00 0.0000e+00 0.0000e+00 4.4158e+02 0.0000e+00 0.0000e+00 0.0000e+00 0.0000e+00 4.4158e+02 0.0000e+00 0.0000e+00 0.0000e+00 -0.0000e+00 4.4050e+02 
1.0 4.0974e+02 -9.4954e-03 0.0000e+00 0.0000e+00 -9.4954e-03 4.0866e+02 0.0000e+00 0.0000e+00 0.0000e+00 0.0000e+00 4.0866e+02 -1.3579e-01 0.0000e+00 0.0000e+00 1.3579e-01 4.0759e+02 
2.0 3.5912e+02 -2.0730e-02 0.0000e+00 0.0000e+00 -2.0730e-02 3.5804e+02 0.0000e+00 0.0000e+00 0.0000e+00 0.0000e+00 3.5804e+02 -4.8621e-01 0.0000e+00 0.0000e+00 4.8621e-01 3.5698e+02 
3.0 3.1493e+02 -2.6736e-02 0.0000e+00 0.0000e+00 -2.6736e-02 3.1386e+02 0.0000e+00 0.0000e+00 0.0000e+00 0.0000e+00 3.1386e+02 -9.3147e-01 0.0000e+00 0.0000e+00 9.3147e-01 3.1282e+02 
4.0 2.7777e+02 -3.2020e-02 0.0000e+00 0.0000e+00 -3.2020e-02 2.7672e+02 0.0000e+00 0.0000e+00 0.0000e+00 0.0000e+00 2.7670e+02 -1.3729e+00 0.0000e+00 0.0000e+00 1.3729e+00 2.7568e+02 
5.0 2.4675e+02 -4.1374e-02 0.0000e+00 0.0000e+00 -4.1374e-02 2.4572e+02 0.0000e+00 0.0000e+00 0.0000e+00 0.0000e+00 2.4569e+02 -1.7602e+00 0.0000e+00 0.0000e+00 1.7602e+00 2.4470e+02 
6.0 2.2085e+02 -5.8554e-02 0.0000e+00 0.0000e+00 -5.8554e-02 2.1983e+02 0.0000e+00 0.0000e+00 0.0000e+00 0.0000e+00 2.1978e+02 -2.0740e+00 0.0000e+00 0.0000e+00 2.0740e+00 2.1882e+02 
7.0 1.9913e+02 -8.5946e-02 0.0000e+00 0.0000e+00 -8.5946e-02 1.9812e+02 0.0000e+00 0.0000e+00 0.0000e+00 0.0000e+00 1.9806e+02 -2.3115e+00 0.0000e+00 0.0000e+00 2.3115e+00 1.9713e+02 
8.0 1.8081e+02 -1.2413e-01 0.0000e+00 0.0000e+00 -1.2413e-01 1.7980e+02 0.0000e+00 0.0000e+00 0.0000e+00 0.0000e+00 1.7972e+02 -2.4801e+00 0.0000e+00 0.0000e+00 2.4801e+00 1.7882e+02 
9.0 1.6523e+02 -1.7249e-01 0.0000e+00 0.0000e+00 -1.7249e-01 1.6423e+02 0.0000e+00 0.0000e+00 0.0000e+00 0.0000e+00 1.6413e+02 -2.5918e+00 0.0000e+00 0.0000e+00 2.5918e+00 1.6326e+02 
10.0 1.5186e+02 -2.3015e-01 0.0000e+00 0.0000e+00 -2.3015e-01 1.5087e+02 0.0000e+00 0.0000e+00 0.0000e+00 0.0000e+00 1.5075e+02 -2.6586e+00 0.0000e+00 0.0000e+00 2.6586e+00 1.4990e+02 
11.0 1.4027e+02 -2.9619e-01 0.0000e+00 0.0000e+00 -2.9619e-01 1.3929e+02 0.0000e+00 0.0000e+00 0.0000e+00 0.0000e+00 1.3916e+02 -2.6912e+00 0.0000e+00 0.0000e+00 2.6912e+00 1.3834e+02 
12.0 1.3014e+02 -3.6967e-01 0.0000e+00 0.0000e+00 -3.6967e-01 1.2917e+02 0.0000e+00 0.0000e+00 0.0000e+00 0.0000e+00 1.2901e+02 -2.6983e+00 0.0000e+00 0.0000e+00 2.6983e+00 1.2822e+02 
13.0 1.2121e+02 -4.4973e-01 0.0000e+00 0.0000e+00 -4.4973e-01 1.2024e+02 0.0000e+00 0.0000e+00 0.0000e+00 0.0000e+00 1.2007e+02 -2.6862e+00 0.0000e+00 0.0000e+00 2.6862e+00 1.1930e+02 
14.0 1.1326e+02 -5.3449e-01 0.0000e+00 0.0000e+00 -5.3449e-01 1.1230e+02 0.0000e+00 0.0000e+00 0.0000e+00 0.0000e+00 1.1211e+02 -2.6616e+00 0.0000e+00 0.0000e+00 2.6616e+00 1.1138e+02 
15.0 1.0615e+02 -6.2316e-01 0.0000e+00 0.0000e+00 -6.2316e-01 1.0520e+02 0.0000e+00 0.0000e+00 0.0000e+00 0.0000e+00 1.0499e+02 -2.6273e+00 0.0000e+00 0.0000e+00 2.6273e+00 1.0428e+02 
16.0 9.9735e+01 -7.1413e-01 0.0000e+00 0.0000e+00 -7.1413e-01 9.8788e+01 0.0000e+00 0.0000e+00 0.0000e+00 0.0000e+00 9.8563e+01 -2.5869e+00 0.0000e+00 0.0000e+00 2.5869e+00 9.7879e+01 
17.0 9.3910e+01 -8.0612e-01 0.0000e+00 0.0000e+00 -8.0612e-01 9.2969e+01 0.0000e+00 0.0000e+00 0.0000e+00 0.0000e+00 9.2728e+01 -2.5426e+00 0.0000e+00 0.0000e+00 2.5426e+00 9.2069e+01 
18.0 8.8586e+01 -8.9810e-01 0.0000e+00 0.0000e+00 -8.9810e-01 8.7650e+01 0.0000e+00 0.0000e+00 0.0000e+00 0.0000e+00 8.7393e+01 -2.4960e+00 0.0000e+00 0.0000e+00 2.4960e+00 8.6760e+01 
19.0 8.3690e+01 -9.8939e-01 0.0000e+00 0.0000e+00 -9.8939e-01 8.2759e+01 0.0000e+00 0.0000e+00 0.0000e+00 0.0000e+00 8.2710e+01 -2.4479e+00 0.0000e+00 0.0000e+00 2.4479e+00 8.2107e+01 
20.0 7.9163e+01 -1.0796e+00 0.0000e+00 0.0000e+00 -1.0796e+00 7.8237e+01 0.0000e+00 0.0000e+00 0.0000e+00 0.0000e+00 7.8375e+01 -2.3987e+00 0.0000e+00 0.0000e+00 2.3987e+00 7.7799e+01 
21.0 7.4957e+01 -1.1686e+00 0.0000e+00 0.0000e+00 -1.1686e+00 7.4038e+01 0.0000e+00 0.0000e+00 0.0000e+00 0.0000e+00 7.4344e+01 -2.3485e+00 0.0000e+00 0.0000e+00 2.3485e+00 7.3793e+01 
22.0 7.1037e+01 -1.2564e+00 0.0000e+00 0.0000e+00 -1.2564e+00 7.0123e+01 0.0000e+00 0.0000e+00 0.0000e+00 0.0000e+00 7.0581e+01 -2.2973e+00 0.0000e+00 0.0000e+00 2.2973e+00 7.0054e+01 
23.0 6.7371e+01 -1.3429e+00 0.0000e+00 0.0000e+00 -1.3429e+00 6.6463e+01 0.0000e+00 0.0000e+00 0.0000e+00 0.0000e+00 6.7058e+01 -2.2450e+00 0.0000e+00 0.0000e+00 2.2450e+00 6.6554e+01 
24.0 6.3937e+01 -1.4281e+00 0.0000e+00 0.0000e+00 -1.4281e+00 6.3034e+01 0.0000e+00 0.0000e+00 0.0000e+00 0.0000e+00 6.3753e+01 -2.1916e+00 0.0000e+00 0.0000e+00 2.1916e+00 6.3271e+01 
25.0 6.0715e+01 -1.5116e+00 0.0000e+00 0.0000e+00 -1.5116e+00 5.9818e+01 0.0000e+00 0.0000e+00 0.0000e+00 0.0000e+00 6.0649e+01 -2.1368e+00 0.0000e+00 0.0000e+00 2.1368e+00 6.0186e+01 
26.0 5.7689e+01 -1.5935e+00 0.0000e+00 0.0000e+00 -1.5935e+00 5.6798e+01 0.0000e+00 0.0000e+00 0.0000e+00 0.0000e+00 5.7729e+01 -2.0809e+00 0.0000e+00 0.0000e+00 2.0809e+00 5.7285e+01 
27.0 5.4844e+01 -1.6734e+00 0.0000e+00 0.0000e+00 -1.6734e+00 5.3959e+01 0.0000e+00 0.0000e+00 0.0000e+00 0.0000e+00 5.4980e+01 -2.0240e+00 0.0000e+00 0.0000e+00 2.0240e+00 5.4554e+01 
28.0 5.2166e+01 -1.7510e+00 0.0000e+00 0.0000e+00 -1.7510e+00 5.1286e+01 0.0000e+00 0.0000e+00 0.0000e+00 0.0000e+00 5.2388e+01 -1.9664e+00 0.0000e+00 0.0000e+00 1.9664e+00 5.1980e+01 
29.0 4.9641e+01 -1.8263e+00 0.0000e+00 0.0000e+00 -1.8263e+00 4.8766e+01 0.0000e+00 0.0000e+00 0.0000e+00 0.0000e+00 4.9941e+01 -1.9085e+00 0.0000e+00 0.0000e+00 1.9085e+00 4.9549e+01 
30.0 4.7257e+01 -1.8990e+00 0.0000e+00 0.0000e+00 -1.8990e+00 4.6388e+01 0.0000e+00 0.0000e+00 0.0000e+00 0.0000e+00 4.7628e+01 -1.8503e+00 0.0000e+00 0.0000e+00 1.8503e+00 4.7251e+01 
31.0 4.5003e+01 -1.9687e+00 0.0000e+00 0.0000e+00 -1.9687e+00 4.4139e+01 0.0000e+00 0.0000e+00 0.0000e+00 0.0000e+00 4.5256e+01 -1.7922e+00 0.0000e+00 0.0000e+00 1.7922e+00 4.4899e+01 
32.0 4.2870e+01 -2.0354e+00 0.0000e+00 0.0000e+00 -2.0354e+00 4.2011e+01 0.0000e+00 0.0000e+00 0.0000e+00 0.0000e+00 4.3012e+01 -1.7342e+00 0.0000e+00 0.0000e+00 1.7342e+00 4.2674e+01 
33.0 4.0848e+01 -2.0988e+00 0.0000e+00 0.0000e+00 -2.0988e+00 3.9994e+01 0.0000e+00 0.0000e+00 0.0000e+00 0.0000e+00 4.0887e+01 -1.6766e+00 0.0000e+00 0.0000e+00 1.6766e+00 4.0567e+01 
34.0 3.8932e+01 -2.1589e+00 0.0000e+00 0.0000e+00 -2.1589e+00 3.8083e+01 0.0000e+00 0.0000e+00 0.0000e+00 0.0000e+00 3.8873e+01 -1.6193e+00 0.0000e+00 0.0000e+00 1.6193e+00 3.8572e+01 
35.0 3.7115e+01 -2.2155e+00 0.0000e+00 0.0000e+00 -2.2155e+00 3.6270e+01 0.0000e+00 0.0000e+00 0.0000e+00 0.0000e+00 3.6964e+01 -1.5624e+00 0.0000e+00 0.0000e+00 1.5624e+00 3.6680e+01 
36.0 3.5391e+01 -2.2687e+00 0.0000e+00 0.0000e+00 -2.2687e+00 3.4551e+01 0.0000e+00 0.0000e+00 0.0000e+00 0.0000e+00 3.5154e+01 -1.5058e+00 0.0000e+00 0.0000e+00 1.5058e+00 3.4886e+01 
37.0 3.3756e+01 -2.3185e+00 0.0000e+00 0.0000e+00 -2.3185e+00 3.2921e+01 0.0000e+00 0.0000e+00 0.0000e+00 0.0000e+00 3.3435e+01 -1.4496e+00 0.0000e+00 0.0000e+00 1.4496e+00 3.3184e+01 
38.0 3.2205e+01 -2.3651e+00 0.0000e+00 0.0000e+00 -2.3651e+00 3.1375e+01 0.0000e+00 0.0000e+00 0.0000e+00 0.0000e+00 3.1804e+01 -1.3936e+00 0.0000e+00 0.0000e+00 1.3936e+00 3.1569e+01 
39.0 3.0735e+01 -2.4085e+00 0.0000e+00 0.0000e+00 -2.4085e+00 2.9909e+01 0.0000e+00 0.0000e+00 0.0000e+00 0.0000e+00 3.0255e+01 -1.3380e+00 0.0000e+00 0.0000e+00 1.3380e+00 3.0036e+01 
40.0 2.9340e+01 -2.4487e+00 0.0000e+00 0.0000e+00 -2.4487e+00 2.8519e+01 0.0000e+00 0.0000e+00 0.0000e+00 0.0000e+00 2.8785e+01 -1.2827e+00 0.0000e+00 0.0000e+00 1.2827e+00 2.8581e+01 
41.0 2.8017e+01 -2.4859e+00 0.0000e+00 0.0000e+00 -2.4859e+00 2.7201e+01 0.0000e+00 0.0000e+00 0.0000e+00 0.0000e+00 2.7389e+01 -1.2279e+00 0.0000e+00 0.0000e+00 1.2279e+00 2.7200e+01 
42.0 2.6762e+01 -2.5202e+00 0.0000e+00 0.0000e+00 -2.5202e+00 2.5950e+01 0.0000e+00 0.0000e+00 0.0000e+00 0.0000e+00 2.6063e+01 -1.1737e+00 0.0000e+00 0.0000e+00 1.1737e+00 2.5888e+01 
43.0 2.5571e+01 -2.5514e+00 0.0000e+00 0.0000e+00 -2.5514e+00 2.4763e+01 0.0000e+00 0.0000e+00 0.0000e+00 0.0000e+00 2.4803e+01 -1.1201e+00 0.0000e+00 0.0000e+00 1.1201e+00 2.4642e+01 
44.0 2.4440e+01 -2.5797e+00 0.0000e+00 0.0000e+00 -2.5797e+00 2.3636e+01 0.0000e+00 0.0000e+00 0.0000e+00 0.0000e+00 2.3606e+01 -1.0672e+00 0.0000e+00 0.0000e+00 1.0672e+00 2.3458e+01 
45.0 2.3365e+01 -2.6051e+00 0.0000e+00 0.0000e+00 -2.6051e+00 2.2566e+01 0.0000e+00 0.0000e+00 0.0000e+00 0.0000e+00 2.2467e+01 -1.0148e+00 0.0000e+00 0.0000e+00 1.0148e+00 2.2333e+01 
46.0 2.2345e+01 -2.6277e+00 0.0000e+00 0.0000e+00 -2.6277e+00 2.1549e+01 0.0000e+00 0.0000e+00 0.0000e+00 0.0000e+00 2.1385e+01 -9.6315e-01 0.0000e+00 0.0000e+00 9.6315e-01 2.1264e+01 
47.0 2.1375e+01 -2.6475e+00 0.0000e+00 0.0000e+00 -2.6475e+00 2.0583e+01 0.0000e+00 0.0000e+00 0.0000e+00 0.0000e+00 2.0355e+01 -9.1212e-01 0.0000e+00 0.0000e+00 9.1212e-01 2.0247e+01 
48.0 2.0453e+01 -2.6647e+00 0.0000e+00 0.0000e+00 -2.6647e+00 1.9665e+01 0.0000e+00 0.0000e+00 0.0000e+00 0.0000e+00 1.9376e+01 -8.6174e-01 0.0000e+00 0.0000e+00 8.6174e-01 1.9280e+01 
49.0 1.9576e+01 -2.6793e+00 0.0000e+00 0.0000e+00 -2.6793e+00 1.8792e+01 0.0000e+00 0.0000e+00 0.0000e+00 0.0000e+00 1.8444e+01 -8.1203e-01 0.0000e+00 0.0000e+00 8.1203e-01 1.8360e+01 
50.0 1.8744e+01 -2.6914e+00 0.0000e+00 0.0000e+00 -2.6914e+00 1.7963e+01 0.0000e+00 0.0000e+00 0.0000e+00 0.0000e+00 1.7557e+01 -7.6296e-01 0.0000e+00 0.0000e+00 7.6296e-01 1.7485e+01 
51.0 1.7952e+01 -2.7011e+00 0.0000e+00 0.0000e+00 -2.7011e+00 1.7175e+01 0.0000e+00 0.0000e+00 0.0000e+00 0.0000e+00 1.6713e+01 -7.1454e-01 0.0000e+00 0.0000e+00 7.1454e-01 1.6652e+01 
52.0 1.7200e+01 -2.7085e+00 0.0000e+00 0.0000e+00 -2.7085e+00 1.6426e+01 0.0000e+00 0.0000e+00 0.0000e+00 0.0000e+00 1.5909e+01 -6.6676e-01 0.0000e+00 0.0000e+00 6.6676e-01 1.5860e+01 
53.0 1.6485e+01 -2.7137e+00 0.0000e+00 0.0000e+00 -2.7137e+00 1.5714e+01 0.0000e+00 0.0000e+00 0.0000e+00 0.0000e+00 1.5144e+01 -6.1961e-01 0.0000e+00 0.0000e+00 6.1961e-01 1.5105e+01 
54.0 1.5806e+01 -2.7168e+00 0.0000e+00 0.0000e+00 -2.7168e+00 1.5038e+01 0.0000e+00 0.0000e+00 0.0000e+00 0.0000e+00 1.4415e+01 -5.7312e-01 0.0000e+00 0.0000e+00 5.7312e-01 1.4388e+01 
55.0 1.5160e+01 -2.7180e+00 0.0000e+00 0.0000e+00 -2.7180e+00 1.4396e+01 0.0000e+00 0.0000e+00 0.0000e+00 0.0000e+00 1.3721e+01 -5.2732e-01 0.0000e+00 0.0000e+00 5.2732e-01 1.3704e+01 
56.0 1.4547e+01 -2.7173e+00 0.0000e+00 0.0000e+00 -2.7173e+00 1.3785e+01 0.0000e+00 0.0000e+00 0.0000e+00 0.0000e+00 1.3060e+01 -4.8227e-01 0.0000e+00 0.0000e+00 4.8227e-01 1.3054e+01 
57.0 1.3965e+01 -2.7148e+00 0.0000e+00 0.0000e+00 -2.7148e+00 1.3205e+01 0.0000e+00 0.0000e+00 0.0000e+00 0.0000e+00 1.2431e+01 -4.3800e-01 0.0000e+00 0.0000e+00 4.3800e-01 1.2435e+01 
58.0 1.3411e+01 -2.7105e+00 0.0000e+00 0.0000e+00 -2.7105e+00 1.2654e+01 0.0000e+00 0.0000e+00 0.0000e+00 0.0000e+00 1.1831e+01 -3.9455e-01 0.0000e+00 0.0000e+00 3.9455e-01 1.1845e+01 
59.0 1.2885e+01 -2.7046e+00 0.0000e+00 0.0000e+00 -2.7046e+00 1.2131e+01 0.0000e+00 0.0000e+00 0.0000e+00 0.0000e+00 1.1260e+01 -3.5195e-01 0.0000e+00 0.0000e+00 3.5195e-01 1.1284e+01 
60.0 1.2385e+01 -2.6972e+00 0.0000e+00 0.0000e+00 -2.6972e+00 1.1633e+01 0.0000e+00 0.0000e+00 0.0000e+00 0.0000e+00 1.0715e+01 -3.1021e-01 0.0000e+00 0.0000e+00 3.1021e-01 1.0749e+01 
61.0 1.1909e+01 -2.6882e+00 0.0000e+00 0.0000e+00 -2.6882e+00 1.1160e+01 0.0000e+00 0.0000e+00 0.0000e+00 0.0000e+00 1.0195e+01 -2.6935e-01 0.0000e+00 0.0000e+00 2.6935e-01 1.0239e+01 
62.0 1.1457e+01 -2.6778e+00 0.0000e+00 0.0000e+00 -2.6778e+00 1.0710e+01 0.0000e+00 0.0000e+00 0.0000e+00 0.0000e+00 9.6998e+00 -2.2940e-01 0.0000e+00 0.0000e+00 2.2940e-01 9.7529e+00 
63.0 1.1027e+01 -2.6660e+00 0.0000e+00 0.0000e+00 -2.6660e+00 1.0282e+01 0.0000e+00 0.0000e+00 0.0000e+00 0.0000e+00 9.2272e+00 -1.9038e-01 0.0000e+00 0.0000e+00 1.9038e-01 9.2897e+00 
64.0 1.0618e+01 -2.6530e+00 0.0000e+00 0.0000e+00 -2.6530e+00 9.8745e+00 0.0000e+00 0.0000e+00 0.0000e+00 0.0000e+00 8.7762e+00 -1.5232e-01 0.0000e+00 0.0000e+00 1.5232e-01 8.8481e+00 
65.0 1.0229e+01 -2.6387e+00 0.0000e+00 0.0000e+00 -2.6387e+00 9.4872e+00 0.0000e+00 0.0000e+00 0.0000e+00 0.0000e+00 8.3459e+00 -1.1525e-01 0.0000e+00 0.0000e+00 1.1525e-01 8.4270e+00 
66.0 9.8585e+00 -2.6234e+00 0.0000e+00 0.0000e+00 -2.6234e+00 9.1186e+00 0.0000e+00 0.0000e+00 0.0000e+00 0.0000e+00 7.9351e+00 -7.9176e-02 0.0000e+00 0.0000e+00 7.9176e-02 8.0253e+00 
67.0 9.5062e+00 -2.6069e+00 0.0000e+00 0.0000e+00 -2.6069e+00 8.7679e+00 0.0000e+00 0.0000e+00 0.0000e+00 0.0000e+00 7.5428e+00 -4.4131e-02 0.0000e+00 0.0000e+00 4.4131e-02 7.6420e+00 
68.0 9.1709e+00 -2.5893e+00 0.0000e+00 0.0000e+00 -2.5893e+00 8.4342e+00 0.0000e+00 0.0000e+00 0.0000e+00 0.0000e+00 7.1681e+00 -1.0133e-02 0.0000e+00 0.0000e+00 1.0133e-02 7.2762e+00 
69.0 8.8517e+00 -2.5708e+00 0.0000e+00 0.0000e+00 -2.5708e+00 8.1164e+00 0.0000e+00 0.0000e+00 0.0000e+00 0.0000e+00 6.8101e+00 2.2796e-02 0.0000e+00 0.0000e+00 -2.2796e-02 6.9269e+00 
70.0 8.5477e+00 -2.5513e+00 0.0000e+00 0.0000e+00 -2.5513e+00 7.8139e+00 0.0000e+00 0.0000e+00 0.0000e+00 0.0000e+00 6.4680e+00 5.4645e-02 0.0000e+00 0.0000e+00 -5.4645e-02 6.5934e+00 
71.0 8.2583e+00 -2.5309e+00 0.0000e+00 0.0000e+00 -2.5309e+00 7.5258e+00 0.0000e+00 0.0000e+00 0.0000e+00 0.0000e+00 6.1409e+00 8.5399e-02 0.0000e+00 0.0000e+00 -8.5399e-02 6.2748e+00 
72.0 7.9825e+00 -2.5097e+00 0.0000e+00 0.0000e+00 -2.5097e+00 7.2514e+00 0.0000e+00 0.0000e+00 0.0000e+00 0.0000e+00 5.8280e+00 1.1505e-01 0.0000e+00 0.0000e+00 -1.1505e-01 5.9703e+00 
73.0 7.7198e+00 -2.4877e+00 0.0000e+00 0.0000e+00 -2.4877e+00 6.9900e+00 0.0000e+00 0.0000e+00 0.0000e+00 0.0000e+00 5.5287e+00 1.4358e-01 0.0000e+00 0.0000e+00 -1.4358e-01 5.6793e+00 
74.0 7.4695e+00 -2.4649e+00 0.0000e+00 0.0000e+00 -2.4649e+00 6.7410e+00 0.0000e+00 0.0000e+00 0.0000e+00 0.0000e+00 5.2423e+00 1.7099e-01 0.0000e+00 0.0000e+00 -1.7099e-01 5.4010e+00 
75.0 7.2309e+00 -2.4414e+00 0.0000e+00 0.0000e+00 -2.4414e+00 6.5038e+00 0.0000e+00 0.0000e+00 0.0000e+00 0.0000e+00 4.9681e+00 1.9729e-01 0.0000e+00 0.0000e+00 -1.9729e-01 5.1347e+00 
76.0 7.0035e+00 -2.4172e+00 0.0000e+00 0.0000e+00 -2.4172e+00 6.2777e+00 0.0000e+00 0.0000e+00 0.0000e+00 0.0000e+00 4.7055e+00 2.2248e-01 0.0000e+00 0.0000e+00 -2.2248e-01 4.8799e+00 
77.0 6.7867e+00 -2.3924e+00 0.0000e+00 0.0000e+00 -2.3924e+00 6.0622e+00 0.0000e+00 0.0000e+00 0.0000e+00 0.0000e+00 4.4539e+00 2.4658e-01 0.0000e+00 0.0000e+00 -2.4658e-01 4.6361e+00 
78.0 6.5799e+00 -2.3669e+00 0.0000e+00 0.0000e+00 -2.3669e+00 5.8568e+00 0.0000e+00 0.0000e+00 0.0000e+00 0.0000e+00 4.2129e+00 2.6960e-01 0.0000e+00 0.0000e+00 -2.6960e-01 4.4025e+00 
79.0 6.3826e+00 -2.3409e+00 0.0000e+00 0.0000e+00 -2.3409e+00 5.6610e+00 0.0000e+00 0.0000e+00 0.0000e+00 0.0000e+00 3.9819e+00 2.9157e-01 0.0000e+00 0.0000e+00 -2.9157e-01 4.1788e+00 
80.0 6.1944e+00 -2.3143e+00 0.0000e+00 0.0000e+00 -2.3143e+00 5.4743e+00 0.0000e+00 0.0000e+00 0.0000e+00 0.0000e+00 3.7603e+00 3.1250e-01 0.0000e+00 0.0000e+00 -3.1250e-01 3.9644e+00 
81.0 6.0149e+00 -2.2872e+00 0.0000e+00 0.0000e+00 -2.2872e+00 5.2963e+00 0.0000e+00 0.0000e+00 0.0000e+00 0.0000e+00 3.5478e+00 3.3242e-01 0.0000e+00 0.0000e+00 -3.3242e-01 3.7589e+00 
82.0 5.8435e+00 -2.2596e+00 0.0000e+00 0.0000e+00 -2.2596e+00 5.1265e+00 0.0000e+00 0.0000e+00 0.0000e+00 0.0000e+00 3.3439e+00 3.5135e-01 0.0000e+00 0.0000e+00 -3.5135e-01 3.5619e+00 
83.0 5.6799e+00 -2.2315e+00 0.0000e+00 0.0000e+00 -2.2315e+00 4.9645e+00 0.0000e+00 0.0000e+00 0.0000e+00 0.0000e+00 3.1483e+00 3.6931e-01 0.0000e+00 0.0000e+00 -3.6931e-01 3.3729e+00 
84.0 5.5238e+00 -2.2031e+00 0.0000e+00 0.0000e+00 -2.2031e+00 4.8101e+00 0.0000e+00 0.0000e+00 0.0000e+00 0.0000e+00 2.9604e+00 3.8631e-01 0.0000e+00 0.0000e+00 -3.8631e-01 3.1915e+00 
85.0 5.3747e+00 -2.1742e+00 0.0000e+00 0.0000e+00 -2.1742e+00 4.6627e+00 0.0000e+00 0.0000e+00 0.0000e+00 0.0000e+00 2.7799e+00 4.0236e-01 0.0000e+00 0.0000e+00 -4.0236e-01 3.0174e+00 
86.0 5.2323e+00 -2.1449e+00 0.0000e+00 0.0000e+00 -2.1449e+00 4.5221e+00 0.0000e+00 0.0000e+00 0.0000e+00 0.0000e+00 2.6066e+00 4.1748e-01 0.0000e+00 0.0000e+00 -4.1748e-01 2.8502e+00 
87.0 5.0962e+00 -2.1154e+00 0.0000e+00 0.0000e+00 -2.1154e+00 4.3879e+00 0.0000e+00 0.0000e+00 0.0000e+00 0.0000e+00 2.4400e+00 4.3169e-01 0.0000e+00 0.0000e+00 -4.3169e-01 2.6896e+00 
88.0 4.9663e+00 -2.0855e+00 0.0000e+00 0.0000e+00 -2.0855e+00 4.2598e+00 0.0000e+00 0.0000e+00 0.0000e+00 0.0000e+00 2.2798e+00 4.4502e-01 0.0000e+00 0.0000e+00 -4.4502e-01 2.5352e+00 
89.0 4.8421e+00 -2.0552e+00 0.0000e+00 0.0000e+00 -2.0552e+00 4.1376e+00 0.0000e+00 0.0000e+00 0.0000e+00 0.0000e+00 2.1258e+00 4.5747e-01 0.0000e+00 0.0000e+00 -4.5747e-01 2.3868e+00 
90.0 4.7234e+00 -2.0247e+00 0.0000e+00 0.0000e+00 -2.0247e+00 4.0209e+00 0.0000e+00 0.0000e+00 0.0000e+00 0.0000e+00 1.9776e+00 4.6908e-01 0.0000e+00 0.0000e+00 -4.6908e-01 2.2441e+00 
91.0 4.6100e+00 -1.9940e+00 0.0000e+00 0.0000e+00 -1.9940e+00 3.9096e+00 0.0000e+00 0.0000e+00 0.0000e+00 0.0000e+00 1.8350e+00 4.7987e-01 0.0000e+00 0.0000e+00 -4.7987e-01 2.1067e+00 
92.0 4.5016e+00 -1.9629e+00 0.0000e+00 0.0000e+00 -1.9629e+00 3.8033e+00 0.0000e+00 0.0000e+00 0.0000e+00 0.0000e+00 1.6977e+00 4.8985e-01 0.0000e+00 0.0000e+00 -4.8985e-01 1.9746e+00 
93.0 4.3981e+00 -1.9317e+00 0.0000e+00 0.0000e+00 -1.9317e+00 3.7019e+00 0.0000e+00 0.0000e+00 0.0000e+00 0.0000e+00 1.5656e+00 4.9906e-01 0.0000e+00 0.0000e+00 -4.9906e-01 1.8473e+00 
94.0 4.2991e+00 -1.9002e+00 0.0000e+00 0.0000e+00 -1.9002e+00 3.6051e+00 0.0000e+00 0.0000e+00 0.0000e+00 0.0000e+00 1.4383e+00 5.0753e-01 0.0000e+00 0.0000e+00 -5.0753e-01 1.7247e+00 
95.0 4.2046e+00 -1.8685e+00 0.0000e+00 0.0000e+00 -1.8685e+00 3.5129e+00 0.0000e+00 0.0000e+00 0.0000e+00 0.0000e+00 1.3157e+00 5.1527e-01 0.0000e+00 0.0000e+00 -5.1527e-01 1.6066e+00 
96.0 4.1142e+00 -1.8367e+00 0.0000e+00 0.0000e+00 -1.8367e+00 3.4249e+00 0.0000e+00 0.0000e+00 0.0000e+00 0.0000e+00 1.1975e+00 5.2232e-01 0.0000e+00 0.0000e+00 -5.2232e-01 1.4927e+00 
97.0 4.0279e+00 -1.8046e+00 0.0000e+00 0.0000e+00 -1.8046e+00 3.3411e+00 0.0000e+00 0.0000e+00 0.0000e+00 0.0000e+00 1.0836e+00 5.2870e-01 0.0000e+00 0.0000e+00 -5.2870e-01 1.3828e+00 
98.0 3.9455e+00 -1.7724e+00 0.0000e+00 0.0000e+00 -1.7724e+00 3.2612e+00 0.0000e+00 0.0000e+00 0.0000e+00 0.0000e+00 9.7384e-01 5.3445e-01 0.0000e+00 0.0000e+00 -5.3445e-01 1.2769e+00 
99.0 3.8668e+00 -1.7400e+00 0.0000e+00 0.0000e+00 -1.7400e+00 3.1851e+00 0.0000e+00 0.0000e+00 0.0000e+00 0.0000e+00 8.6795e-01 5.3959e-01 0.0000e+00 0.0000e+00 -5.3959e-01 1.1746e+00 
100.0 3.7916e+00 -1.7075e+00 0.0000e+00 0.0000e+00 -1.7075e+00 3.1127e+00 0.0000e+00 0.0000e+00 0.0000e+00 0.0000e+00 7.6581e-01 5.4412e-01 0.0000e+00 0.0000e+00 -5.4412e-01 1.0759e+00 
101.0 3.7199e+00 -1.6749e+00 0.0000e+00 0.0000e+00 -1.6749e+00 3.0438e+00 0.0000e+00 0.0000e+00 0.0000e+00 0.0000e+00 6.6727e-01 5.4809e-01 0.0000e+00 0.0000e+00 -5.4809e-01 9.8048e-01 
102.0 3.6515e+00 -1.6421e+00 0.0000e+00 0.0000e+00 -1.6421e+00 2.9783e+00 0.0000e+00 0.0000e+00 0.0000e+00 0.0000e+00 5.7216e-01 5.5150e-01 0.0000e+00 0.0000e+00 -5.5150e-01 8.8833e-01 
103.0 3.5863e+00 -1.6091e+00 0.0000e+00 0.0000e+00 -1.6091e+00 2.9161e+00 0.0000e+00 0.0000e+00 0.0000e+00 0.0000e+00 4.8036e-01 5.5437e-01 0.0000e+00 0.0000e+00 -5.5437e-01 7.9925e-01 
104.0 3.5241e+00 -1.5761e+00 0.0000e+00 0.0000e+00 -1.5761e+00 2.8570e+00 0.0000e+00 0.0000e+00 0.0000e+00 0.0000e+00 3.9171e-01 5.5673e-01 0.0000e+00 0.0000e+00 -5.5673e-01 7.1311e-01 
105.0 3.4649e+00 -1.5429e+00 0.0000e+00 0.0000e+00 -1.5429e+00 2.8010e+00 0.0000e+00 0.0000e+00 0.0000e+00 0.0000e+00 3.0607e-01 5.5859e-01 0.0000e+00 0.0000e+00 -5.5859e-01 6.2977e-01 
106.0 3.4084e+00 -1.5097e+00 0.0000e+00 0.0000e+00 -1.5097e+00 2.7478e+00 0.0000e+00 0.0000e+00 0.0000e+00 0.0000e+00 2.2333e-01 5.5997e-01 0.0000e+00 0.0000e+00 -5.5997e-01 5.4910e-01 
107.0 3.3547e+00 -1.4763e+00 0.0000e+00 0.0000e+00 -1.4763e+00 2.6975e+00 0.0000e+00 0.0000e+00 0.0000e+00 0.0000e+00 1.4336e-01 5.6087e-01 0.0000e+00 0.0000e+00 -5.6087e-01 4.7099e-01 
108.0 3.3036e+00 -1.4428e+00 0.0000e+00 0.0000e+00 -1.4428e+00 2.6498e+00 0.0000e+00 0.0000e+00 0.0000e+00 0.0000e+00 6.6034e-02 5.6133e-01 0.0000e+00 0.0000e+00 -5.6133e-01 3.9532e-01 
109.0 3.2550e+00 -1.4093e+00 0.0000e+00 0.0000e+00 -1.4093e+00 2.6048e+00 0.0000e+00 0.0000e+00 0.0000e+00 0.0000e+00 -8.7508e-03 5.6135e-01 0.0000e+00 0.0000e+00 -5.6135e-01 3.2200e-01 
110.0 3.2089e+00 -1.3756e+00 0.0000e+00 0.0000e+00 -1.3756e+00 2.5623e+00 0.0000e+00 0.0000e+00 0.0000e+00 0.0000e+00 -8.1099e-02 5.6096e-01 0.0000e+00 0.0000e+00 -5.6096e-01 2.5091e-01 
111.0 3.1651e+00 -1.3419e+00 0.0000e+00 0.0000e+00 -1.3419e+00 2.5222e+00 0.0000e+00 0.0000e+00 0.0000e+00 0.0000e+00 -1.5111e-01 5.6017e-01 0.0000e+00 0.0000e+00 -5.6017e-01 1.8196e-01 
112.0 3.1236e+00 -1.3081e+00 0.0000e+00 0.0000e+00 -1.3081e+00 2.4845e+00 0.0000e+00 0.0000e+00 0.0000e+00 0.0000e+00 -2.1889e-01 5.5900e-01 0.0000e+00 0.0000e+00 -5.5900e-01 1.1506e-01 
113.0 3.0842e+00 -1.2742e+00 0.0000e+00 0.0000e+00 -1.2742e+00 2.4490e+00 0.0000e+00 0.0000e+00 0.0000e+00 0.0000e+00 -2.8452e-01 5.5747e-01 0.0000e+00 0.0000e+00 -5.5747e-01 5.0122e-02 
114.0 3.0470e+00 -1.2403e+00 0.0000e+00 0.0000e+00 -1.2403e+00 2.4157e+00 0.0000e+00 0.0000e+00 0.0000e+00 0.0000e+00 -3.4809e-01 5.5559e-01 0.0000e+00 0.0000e+00 -5.5559e-01 -1.2949e-02 
115.0 3.0117e+00 -1.2063e+00 0.0000e+00 0.0000e+00 -1.2063e+00 2.3845e+00 0.0000e+00 0.0000e+00 0.0000e+00 0.0000e+00 -4.0969e-01 5.5339e-01 0.0000e+00 0.0000e+00 -5.5339e-01 -7.4229e-02 
116.0 2.9784e+00 -1.1723e+00 0.0000e+00 0.0000e+00 -1.1723e+00 2.3554e+00 0.0000e+00 0.0000e+00 0.0000e+00 0.0000e+00 -4.6940e-01 5.5087e-01 0.0000e+00 0.0000e+00 -5.5087e-01 -1.3379e-01 
117.0 2.9470e+00 -1.1384e+00 0.0000e+00 0.0000e+00 -1.1384e+00 2.3282e+00 0.0000e+00 0.0000e+00 0.0000e+00 0.0000e+00 -5.2728e-01 5.4805e-01 0.0000e+00 0.0000e+00 -5.4805e-01 -1.9171e-01 
118.0 2.9175e+00 -1.1044e+00 0.0000e+00 0.0000e+00 -1.1044e+00 2.3030e+00 0.0000e+00 0.0000e+00 0.0000e+00 0.0000e+00 -5.8341e-01 5.4494e-01 0.0000e+00 0.0000e+00 -5.4494e-01 -2.4803e-01 
119.0 2.8897e+00 -1.0705e+00 0.0000e+00 0.0000e+00 -1.0705e+00 2.2795e+00 0.0000e+00 0.0000e+00 0.0000e+00 0.0000e+00 -6.3786e-01 5.4155e-01 0.0000e+00 0.0000e+00 -5.4155e-01 -3.0284e-01 
120.0 2.8636e+00 -1.0367e+00 0.0000e+00 0.0000e+00 -1.0367e+00 2.2579e+00 0.0000e+00 0.0000e+00 0.0000e+00 0.0000e+00 -6.9069e-01 5.3788e-01 0.0000e+00 0.0000e+00 -5.3788e-01 -3.5618e-01 
121.0 2.8391e+00 -1.0029e+00 0.0000e+00 0.0000e+00 -1.0029e+00 2.2380e+00 0.0000e+00 0.0000e+00 0.0000e+00 0.0000e+00 -7.4197e-01 5.3393e-01 0.0000e+00 0.0000e+00 -5.3393e-01 -4.0811e-01 
122.0 2.8163e+00 -9.6920e-01 0.0000e+00 0.0000e+00 -9.6920e-01 2.2197e+00 0.0000e+00 0.0000e+00 0.0000e+00 0.0000e+00 -7.9178e-01 5.2970e-01 0.0000e+00 0.0000e+00 -5.2970e-01 -4.5869e-01 
123.0 2.7950e+00 -9.3561e-01 0.0000e+00 0.0000e+00 -9.3561e-01 2.2030e+00 0.0000e+00 0.0000e+00 0.0000e+00 0.0000e+00 -8.4019e-01 5.2517e-01 0.0000e+00 0.0000e+00 -5.2517e-01 -5.0797e-01 
124.0 2.7751e+00 -9.0213e-01 0.0000e+00 0.0000e+00 -9.0213e-01 2.1878e+00 0.0000e+00 0.0000e+00 0.0000e+00 0.0000e+00 -8.8727e-01 5.2035e-01 0.0000e+00 0.0000e+00 -5.2035e-01 -5.5602e-01 
125.0 2.7567e+00 -8.6880e-01 0.0000e+00 0.0000e+00 -8.6880e-01 2.1740e+00 0.0000e+00 0.0000e+00 0.0000e+00 0.0000e+00 -9.3307e-01 5.1522e-01 0.0000e+00 0.0000e+00 -5.1522e-01 -6.0287e-01 
126.0 2.7397e+00 -8.3563e-01 0.0000e+00 0.0000e+00 -8.3563e-01 2.1617e+00 0.0000e+00 0.0000e+00 0.0000e+00 0.0000e+00 -9.7765e-01 5.0981e-01 0.0000e+00 0.0000e+00 -5.0981e-01 -6.4859e-01 
127.0 2.7240e+00 -8.0263e-01 0.0000e+00 0.0000e+00 -8.0263e-01 2.1507e+00 0.0000e+00 0.0000e+00 0.0000e+00 0.0000e+00 -1.0211e+00 5.0409e-01 0.0000e+00 0.0000e+00 -5.0409e-01 -6.9321e-01 
128.0 2.7097e+00 -7.6984e-01 0.0000e+00 0.0000e+00 -7.6984e-01 2.1410e+00 0.0000e+00 0.0000e+00 0.0000e+00 0.0000e+00 -1.0634e+00 4.9808e-01 0.0000e+00 0.0000e+00 -4.9808e-01 -7.3678e-01 
129.0 2.6966e+00 -7.3727e-01 0.0000e+00 0.0000e+00 -7.3727e-01 2.1325e+00 0.0000e+00 0.0000e+00 0.0000e+00 0.0000e+00 -1.1046e+00 4.9176e-01 0.0000e+00 0.0000e+00 -4.9176e-01 -7.7934e-01 
130.0 2.6847e+00 -7.0493e-01 0.0000e+00 0.0000e+00 -7.0493e-01 2.1253e+00 0.0000e+00 0.0000e+00 0.0000e+00 0.0000e+00 -1.1448e+00 4.8512e-01 0.0000e+00 0.0000e+00 -4.8512e-01 -8.2095e-01 
131.0 2.6741e+00 -6.7285e-01 0.0000e+00 0.0000e+00 -6.7285e-01 2.1193e+00 0.0000e+00 0.0000e+00 0.0000e+00 0.0000e+00 -1.1841e+00 4.7815e-01 0.0000e+00 0.0000e+00 -4.7815e-01 -8.6164e-01 
132.0 2.6645e+00 -6.4102e-01 0.0000e+00 0.0000e+00 -6.4102e-01 2.1144e+00 0.0000e+00 0.0000e+00 0.0000e+00 0.0000e+00 -1.2224e+00 4.7086e-01 0.0000e+00 0.0000e+00 -4.7086e-01 -9.0146e-01 
133.0 2.6562e+00 -6.0945e-01 0.0000e+00 0.0000e+00 -6.0945e-01 2.1107e+00 0.0000e+00 0.0000e+00 0.0000e+00 0.0000e+00 -1.2598e+00 4.6325e-01 0.0000e+00 0.0000e+00 -4.6325e-01 -9.4045e-01 
134.0 2.6489e+00 -5.7816e-01 0.0000e+00 0.0000e+00 -5.7816e-01 2.1080e+00 0.0000e+00 0.0000e+00 0.0000e+00 0.0000e+00 -1.2964e+00 4.5532e-01 0.0000e+00 0.0000e+00 -4.5532e-01 -9.7864e-01 
135.0 2.6426e+00 -5.4716e-01 0.0000e+00 0.0000e+00 -5.4716e-01 2.1065e+00 0.0000e+00 0.0000e+00 0.0000e+00 0.0000e+00 -1.3321e+00 4.4707e-01 0.0000e+00 0.0000e+00 -4.4707e-01 -1.0161e+00 
136.0 2.6374e+00 -5.1646e-01 0.0000e+00 0.0000e+00 -5.1646e-01 2.1060e+00 0.0000e+00 0.0000e+00 0.0000e+00 0.0000e+00 -1.3670e+00 4.3849e-01 0.0000e+00 0.0000e+00 -4.3849e-01 -1.0528e+00 
137.0 2.6332e+00 -4.8608e-01 0.0000e+00 0.0000e+00 -4.8608e-01 2.1065e+00 0.0000e+00 0.0000e+00 0.0000e+00 0.0000e+00 -1.4012e+00 4.2959e-01 0.0000e+00 0.0000e+00 -4.2959e-01 -1.0888e+00 
138.0 2.6300e+00 -4.5605e-01 0.0000e+00 0.0000e+00 -4.5605e-01 2.1080e+00 0.0000e+00 0.0000e+00 0.0000e+00 0.0000e+00 -1.4347e+00 4.2036e-01 0.0000e+00 0.0000e+00 -4.2036e-01 -1.1241e+00 
139.0 2.6278e+00 -4.2636e-01 0.0000e+00 0.0000e+00 -4.2636e-01 2.1105e+00 0.0000e+00 0.0000e+00 0.0000e+00 0.0000e+00 -1.4675e+00 4.1080e-01 0.0000e+00 0.0000e+00 -4.1080e-01 -1.1588e+00 
140.0 2.6266e+00 -3.9704e-01 0.0000e+00 0.0000e+00 -3.9704e-01 2.1140e+00 0.0000e+00 0.0000e+00 0.0000e+00 0.0000e+00 -1.4996e+00 4.0092e-01 0.0000e+00 0.0000e+00 -4.0092e-01 -1.1929e+00 
141.0 2.6263e+00 -3.6811e-01 0.0000e+00 0.0000e+00 -3.6811e-01 2.1184e+00 0.0000e+00 0.0000e+00 0.0000e+00 0.0000e+00 -1.5311e+00 3.9071e-01 0.0000e+00 0.0000e+00 -3.9071e-01 -1.2264e+00 
142.0 2.6270e+00 -3.3959e-01 0.0000e+00 0.0000e+00 -3.3959e-01 2.1237e+00 0.0000e+00 0.0000e+00 0.0000e+00 0.0000e+00 -1.5621e+00 3.8020e-01 0.0000e+00 0.0000e+00 -3.8020e-01 -1.2593e+00 
143.0 2.6287e+00 -3.1149e-01 0.0000e+00 0.0000e+00 -3.1149e-01 2.1300e+00 0.0000e+00 0.0000e+00 0.0000e+00 0.0000e+00 -1.5925e+00 3.6940e-01 0.0000e+00 0.0000e+00 -3.6940e-01 -1.2916e+00 
144.0 2.6314e+00 -2.8386e-01 0.0000e+00 0.0000e+00 -2.8386e-01 2.1372e+00 0.0000e+00 0.0000e+00 0.0000e+00 0.0000e+00 -1.6224e+00 3.5830e-01 0.0000e+00 0.0000e+00 -3.5830e-01 -1.3233e+00 
145.0 2.6350e+00 -2.5673e-01 0.0000e+00 0.0000e+00 -2.5673e-01 2.1452e+00 0.0000e+00 0.0000e+00 0.0000e+00 0.0000e+00 -1.6519e+00 3.4689e-01 0.0000e+00 0.0000e+00 -3.4689e-01 -1.3545e+00 
146.0 2.6396e+00 -2.3013e-01 0.0000e+00 0.0000e+00 -2.3013e-01 2.1540e+00 0.0000e+00 0.0000e+00 0.0000e+00 0.0000e+00 -1.6809e+00 3.3516e-01 0.0000e+00 0.0000e+00 -3.3516e-01 -1.3852e+00 
147.0 2.6451e+00 -2.0412e-01 0.0000e+00 0.0000e+00 -2.0412e-01 2.1636e+00 0.0000e+00 0.0000e+00 0.0000e+00 0.0000e+00 -1.7095e+00 3.2306e-01 0.0000e+00 0.0000e+00 -3.2306e-01 -1.4152e+00 
148.0 2.6516e+00 -1.7872e-01 0.0000e+00 0.0000e+00 -1.7872e-01 2.1739e+00 0.0000e+00 0.0000e+00 0.0000e+00 0.0000e+00 -1.7378e+00 3.1058e-01 0.0000e+00 0.0000e+00 -3.1058e-01 -1.4447e+00 
149.0 2.6591e+00 -1.5396e-01 0.0000e+00 0.0000e+00 -1.5396e-01 2.1849e+00 0.0000e+00 0.0000e+00 0.0000e+00 0.0000e+00 -1.7658e+00 2.9774e-01 0.0000e+00 0.0000e+00 -2.9774e-01 -1.4737e+00 
150.0 2.6676e+00 -1.2990e-01 0.0000e+00 0.0000e+00 -1.2990e-01 2.1968e+00 0.0000e+00 0.0000e+00 0.0000e+00 0.0000e+00 -1.7935e+00 2.8455e-01 0.0000e+00 0.0000e+00 -2.8455e-01 -1.5021e+00 
151.0 2.6772e+00 -1.0657e-01 0.0000e+00 0.0000e+00 -1.0657e-01 2.2093e+00 0.0000e+00 0.0000e+00 0.0000e+00 0.0000e+00 -1.8210e+00 2.7100e-01 0.0000e+00 0.0000e+00 -2.7100e-01 -1.5299e+00 
152.0 2.6878e+00 -8.4079e-02 0.0000e+00 0.0000e+00 -8.4079e-02 2.2225e+00 0.0000e+00 0.0000e+00 0.0000e+00 0.0000e+00 -1.8483e+00 2.5705e-01 0.0000e+00 0.0000e+00 -2.5705e-01 -1.5571e+00 
153.0 2.6994e+00 -6.2512e-02 0.0000e+00 0.0000e+00 -6.2512e-02 2.2363e+00 0.0000e+00 0.0000e+00 0.0000e+00 0.0000e+00 -1.8755e+00 2.4262e-01 0.0000e+00 0.0000e+00 -2.4262e-01 -1.5837e+00 
154.0 2.7118e+00 -4.1977e-02 0.0000e+00 0.0000e+00 -4.1977e-02 2.2504e+00 0.0000e+00 0.0000e+00 0.0000e+00 0.0000e+00 -1.9026e+00 2.2763e-01 0.0000e+00 0.0000e+00 -2.2763e-01 -1.6098e+00 
155.0 2.7252e+00 -2.2584e-02 0.0000e+00 0.0000e+00 -2.2584e-02 2.2649e+00 0.0000e+00 0.0000e+00 0.0000e+00 0.0000e+00 -1.9298e+00 2.1201e-01 0.0000e+00 0.0000e+00 -2.1201e-01 -1.6352e+00 
156.0 2.7396e+00 -4.4545e-03 0.0000e+00 0.0000e+00 -4.4545e-03 2.2796e+00 0.0000e+00 0.0000e+00 0.0000e+00 0.0000e+00 -1.9571e+00 1.9572e-01 0.0000e+00 0.0000e+00 -1.9572e-01 -1.6600e+00 
157.0 2.7548e+00 1.2267e-02 0.0000e+00 0.0000e+00 1.2267e-02 2.2946e+00 0.0000e+00 0.0000e+00 0.0000e+00 0.0000e+00 -1.9846e+00 1.7870e-01 0.0000e+00 0.0000e+00 -1.7870e-01 -1.6841e+00 
158.0 2.7709e+00 2.7394e-02 0.0000e+00 0.0000e+00 2.7394e-02 2.3097e+00 0.0000e+00 0.0000e+00 0.0000e+00 0.0000e+00 -2.0123e+00 1.6089e-01 0.0000e+00 0.0000e+00 -1.6089e-01 -1.7075e+00 
159.0 2.7878e+00 4.0728e-02 0.0000e+00 0.0000e+00 4.0728e-02 2.3247e+00 0.0000e+00 0.0000e+00 0.0000e+00 0.0000e+00 -2.0403e+00 1.4218e-01 0.0000e+00 0.0000e+00 -1.4218e-01 -1.7299e+00 
160.0 2.8055e+00 5.2103e-02 0.0000e+00 0.0000e+00 5.2103e-02 2.3392e+00 0.0000e+00 0.0000e+00 0.0000e+00 0.0000e+00 -2.0686e+00 1.2247e-01 0.0000e+00 0.0000e+00 -1.2247e-01 -1.7514e+00 
161.0 2.8241e+00 6.1419e-02 0.0000e+00 0.0000e+00 6.1419e-02 2.3532e+00 0.0000e+00 0.0000e+00 0.0000e+00 0.0000e+00 -2.0975e+00 1.0173e-01 0.0000e+00 0.0000e+00 -1.0173e-01 -1.7717e+00 
162.0 2.8439e+00 6.8628e-02 0.0000e+00 0.0000e+00 6.8628e-02 2.3667e+00 0.0000e+00 0.0000e+00 0.0000e+00 0.0000e+00 -2.1269e+00 8.0059e-02 0.0000e+00 0.0000e+00 -8.0059e-02 -1.7906e+00 
163.0 2.8652e+00 7.3711e-02 0.0000e+00 0.0000e+00 7.3711e-02 2.3799e+00 0.0000e+00 0.0000e+00 0.0000e+00 0.0000e+00 -2.1571e+00 5.7677e-02 0.0000e+00 0.0000e+00 -5.7677e-02 -1.8081e+00 
164.0 2.8886e+00 7.6658e-02 0.0000e+00 0.0000e+00 7.6658e-02 2.3929e+00 0.0000e+00 0.0000e+00 0.0000e+00 0.0000e+00 -2.1883e+00 3.4933e-02 0.0000e+00 0.0000e+00 -3.4933e-02 -1.8240e+00 
165.0 2.9146e+00 7.7481e-02 0.0000e+00 0.0000e+00 7.7481e-02 2.4060e+00 0.0000e+00 0.0000e+00 0.0000e+00 0.0000e+00 -2.2207e+00 1.2277e-02 0.0000e+00 0.0000e+00 -1.2277e-02 -1.8380e+00 
166.0 2.9440e+00 7.6233e-02 0.0000e+00 0.0000e+00 7.6233e-02 2.4197e+00 0.0000e+00 0.0000e+00 0.0000e+00 0.0000e+00 -2.2544e+00 -9.7683e-03 0.0000e+00 0.0000e+00 9.7683e-03 -1.8499e+00 
167.0 2.9774e+00 7.3001e-02 0.0000e+00 0.0000e+00 7.3001e-02 2.4343e+00 0.0000e+00 0.0000e+00 0.0000e+00 0.0000e+00 -2.2898e+00 -3.0653e-02 0.0000e+00 0.0000e+00 3.0653e-02 -1.8598e+00 
168.0 3.0155e+00 6.7887e-02 0.0000e+00 0.0000e+00 6.7887e-02 2.4504e+00 0.0000e+00 0.0000e+00 0.0000e+00 0.0000e+00 -2.3270e+00 -4.9818e-02 0.0000e+00 0.0000e+00 4.9818e-02 -1.8676e+00 
169.0 3.0589e+00 6.1027e-02 0.0000e+00 0.0000e+00 6.1027e-02 2.4682e+00 0.0000e+00 0.0000e+00 0.0000e+00 0.0000e+00 -2.3664e+00 -6.6671e-02 0.0000e+00 0.0000e+00 6.6671e-02 -1.8732e+00 
170.0 3.1081e+00 5.2608e-02 0.0000e+00 0.0000e+00 5.2608e-02 2.4881e+00 0.0000e+00 0.0000e+00 0.0000e+00 0.0000e+00 -2.4083e+00 -8.0513e-02 0.0000e+00 0.0000e+00 8.0513e-02 -1.8768e+00 
171.0 3.1639e+00 4.2982e-02 0.0000e+00 0.0000e+00 4.2982e-02 2.5107e+00 0.0000e+00 0.0000e+00 0.0000e+00 0.0000e+00 -2.4530e+00 -9.0384e-02 0.0000e+00 0.0000e+00 9.0384e-02 -1.8783e+00 
172.0 3.2273e+00 3.2734e-02 0.0000e+00 0.0000e+00 3.2734e-02 2.5365e+00 0.0000e+00 0.0000e+00 0.0000e+00 0.0000e+00 -2.5009e+00 -9.5030e-02 0.0000e+00 0.0000e+00 9.5030e-02 -1.8779e+00 
173.0 3.2988e+00 2.2666e-02 0.0000e+00 0.0000e+00 2.2666e-02 2.5666e+00 0.0000e+00 0.0000e+00 0.0000e+00 0.0000e+00 -2.5518e+00 -9.3142e-02 0.0000e+00 0.0000e+00 9.3142e-02 -1.8756e+00 
174.0 3.3784e+00 1.3732e-02 0.0000e+00 0.0000e+00 1.3732e-02 2.6012e+00 0.0000e+00 0.0000e+00 0.0000e+00 0.0000e+00 -2.6047e+00 -8.3792e-02 0.0000e+00 0.0000e+00 8.3792e-02 -1.8716e+00 
175.0 3.4635e+00 6.8048e-03 0.0000e+00 0.0000e+00 6.8048e-03 2.6400e+00 0.0000e+00 0.0000e+00 0.0000e+00 0.0000e+00 -2.6575e+00 -6.7290e-02 0.0000e+00 0.0000e+00 6.7290e-02 -1.8663e+00 
176.0 3.5481e+00 2.3799e-03 0.0000e+00 0.0000e+00 2.3799e-03 2.6802e+00 0.0000e+00 0.0000e+00 0.0000e+00 0.0000e+00 -2.7068e+00 -4.5874e-02 0.0000e+00 0.0000e+00 4.5874e-02 -1.8602e+00 
177.0 3.6227e+00 3.7091e-04 0.0000e+00 0.0000e+00 3.7091e-04 2.7169e+00 0.0000e+00 0.0000e+00 0.0000e+00 0.0000e+00 -2.7480e+00 -2.3816e-02 0.0000e+00 0.0000e+00 2.3816e-02 -1.8544e+00 
178.0 3.6753e+00 -1.1448e-05 0.0000e+00 0.0000e+00 -1.1448e-05 2.7435e+00 0.0000e+00 0.0000e+00 0.0000e+00 0.0000e+00 -2.7757e+00 -6.7891e-03 0.0000e+00 0.0000e+00 6.7891e-03 -1.8500e+00 
179.0 3.6951e+00 -9.1624e-23 0.0000e+00 0.0000e+00 -9.1624e-23 2.7537e+00 0.0000e+00 0.0000e+00 0.0000e+00 0.0000e+00 -2.7859e+00 -1.0027e-19 0.0000e+00 0.0000e+00 1.0027e-19 -1.8483e+00 
180.0 3.7147e+00 0.0000e+00 0.0000e+00 0.0000e+00 0.0000e+00 2.7635e+00 0.0000e+00 0.0000e+00 0.0000e+00 0.0000e+00 -2.7957e+00 0.0000e+00 0.0000e+00 0.0000e+00 -0.0000e+00 -1.8467e+00 
