1.7087 1.7809 0.0723 0.049690
theta s11 s12 s13 s14 s21 s22 s23 s24 s31 s32 s33 s34 s41 s42 s43 s44
0.0 1.2035e+03 0.0000e+00 0.0000e+00 0.0000e+00 0.0000e+00 1.2019e+03 0.0000e+00 0.0000e+00 0.0000e+00 0.0000e+00 1.2019e+03 0.0000e+00 0.0000e+00 0.0000e+00 -0.0000e+00 1.2003e+03 
1.0 1.1379e+03 -3.6197e-03 0.0000e+00 0.0000e+00 -3.6197e-03 1.1363e+03 0.0000e+00 0.0000e+00 0.0000e+00 0.0000e+00 1.1363e+03 -4.9340e-01 0.0000e+00 0.0000e+00 4.9340e-01 1.1347e+03 
2.0 1.0206e+03 1.6341e-02 0.0000e+00 0.0000e+00 1.6341e-02 1.0191e+03 0.0000e+00 0.0000e+00 0.0000e+00 0.0000e+00 1.0190e+03 -1.8115e+00 0.0000e+00 0.0000e+00 1.8115e+00 1.0175e+03 
3.0 8.9721e+02 7.6034e-02 0.0000e+00 0.0000e+00 7.6034e-02 8.9567e+02 0.0000e+00 0.0000e+00 0.0000e+00 0.0000e+00 8.9565e+02 -3.5830e+00 0.0000e+00 0.0000e+00 3.5830e+00 8.9417e+02 
4.0 7.7757e+02 1.6590e-01 0.0000e+00 0.0000e+00 1.6590e-01 7.7608e+02 0.0000e+00 0.0000e+00 0.0000e+00 0.0000e+00 7.7602e+02 -5.4352e+00 0.0000e+00 0.0000e+00 5.4352e+00 7.7463e+02 
5.0 6.6729e+02 2.6793e-01 0.0000e+00 0.0000e+00 2.6793e-01 6.6585e+02 0.0000e+00 0.0000e+00 0.0000e+00 0.0000e+00 6.6574e+02 -7.1015e+00 0.0000e+00 0.0000e+00 7.1015e+00 6.6444e+02 
6.0 5.6912e+02 3.6337e-01 0.0000e+00 0.0000e+00 3.6337e-01 5.6772e+02 0.0000e+00 0.0000e+00 0.0000e+00 0.0000e+00 5.6755e+02 -8.4253e+00 0.0000e+00 0.0000e+00 8.4253e+00 5.6634e+02 
7.0 4.8394e+02 4.3754e-01 0.0000e+00 0.0000e+00 4.3754e-01 4.8258e+02 0.0000e+00 0.0000e+00 0.0000e+00 0.0000e+00 4.8233e+02 -9.3399e+00 0.0000e+00 0.0000e+00 9.3399e+00 4.8121e+02 
8.0 4.1146e+02 4.8239e-01 0.0000e+00 0.0000e+00 4.8239e-01 4.1014e+02 0.0000e+00 0.0000e+00 0.0000e+00 0.0000e+00 4.0979e+02 -9.8484e+00 0.0000e+00 0.0000e+00 9.8484e+00 4.0876e+02 
9.0 3.5069e+02 4.9569e-01 0.0000e+00 0.0000e+00 4.9569e-01 3.4939e+02 0.0000e+00 0.0000e+00 0.0000e+00 0.0000e+00 3.4895e+02 -9.9985e+00 0.0000e+00 0.0000e+00 9.9985e+00 3.4800e+02 
10.0 3.0025e+02 4.7924e-01 0.0000e+00 0.0000e+00 4.7924e-01 2.9898e+02 0.0000e+00 0.0000e+00 0.0000e+00 0.0000e+00 2.9845e+02 -9.8591e+00 0.0000e+00 0.0000e+00 9.8591e+00 2.9757e+02 
11.0 2.5868e+02 4.3617e-01 0.0000e+00 0.0000e+00 4.3617e-01 2.5742e+02 0.0000e+00 0.0000e+00 0.0000e+00 0.0000e+00 2.5681e+02 -9.5032e+00 0.0000e+00 0.0000e+00 9.5032e+00 2.5600e+02 
12.0 2.2454e+02 3.7109e-01 0.0000e+00 0.0000e+00 3.7109e-01 2.2329e+02 0.0000e+00 0.0000e+00 0.0000e+00 0.0000e+00 2.2261e+02 -8.9983e+00 0.0000e+00 0.0000e+00 8.9983e+00 2.2185e+02 
13.0 1.9655e+02 2.8806e-01 0.0000e+00 0.0000e+00 2.8806e-01 1.9531e+02 0.0000e+00 0.0000e+00 0.0000e+00 0.0000e+00 1.9456e+02 -8.3991e+00 0.0000e+00 0.0000e+00 8.3991e+00 1.9386e+02 
14.0 1.7356e+02 1.9588e-01 0.0000e+00 0.0000e+00 1.9588e-01 1.7231e+02 0.0000e+00 0.0000e+00 0.0000e+00 0.0000e+00 1.7151e+02 -7.7582e+00 0.0000e+00 0.0000e+00 7.7582e+00 1.7087e+02 
15.0 1.5462e+02 9.6769e-02 0.0000e+00 0.0000e+00 9.6769e-02 1.5338e+02 0.0000e+00 0.0000e+00 0.0000e+00 0.0000e+00 1.5253e+02 -7.1031e+00 0.0000e+00 0.0000e+00 7.1031e+00 1.5194e+02 
16.0 1.3893e+02 -3.3263e-03 0.0000e+00 0.0000e+00 -3.3263e-03 1.3768e+02 0.0000e+00 0.0000e+00 0.0000e+00 0.0000e+00 1.3680e+02 -6.4612e+00 0.0000e+00 0.0000e+00 6.4612e+00 1.3625e+02 
17.0 1.2583e+02 -1.0059e-01 0.0000e+00 0.0000e+00 -1.0059e-01 1.2458e+02 0.0000e+00 0.0000e+00 0.0000e+00 0.0000e+00 1.2367e+02 -5.8495e+00 0.0000e+00 0.0000e+00 5.8495e+00 1.2317e+02 
18.0 1.1480e+02 -1.9253e-01 0.0000e+00 0.0000e+00 -1.9253e-01 1.1354e+02 0.0000e+00 0.0000e+00 0.0000e+00 0.0000e+00 1.1262e+02 -5.2788e+00 0.0000e+00 0.0000e+00 5.2788e+00 1.1215e+02 
19.0 1.0541e+02 -2.7801e-01 0.0000e+00 0.0000e+00 -2.7801e-01 1.0415e+02 0.0000e+00 0.0000e+00 0.0000e+00 0.0000e+00 1.0353e+02 -4.7543e+00 0.0000e+00 0.0000e+00 4.7543e+00 1.0312e+02 
20.0 9.7323e+01 -3.5706e-01 0.0000e+00 0.0000e+00 -3.5706e-01 9.6062e+01 0.0000e+00 0.0000e+00 0.0000e+00 0.0000e+00 9.5709e+01 -4.2774e+00 0.0000e+00 0.0000e+00 4.2774e+00 9.5349e+01 
21.0 9.0282e+01 -4.3051e-01 0.0000e+00 0.0000e+00 -4.3051e-01 8.9019e+01 0.0000e+00 0.0000e+00 0.0000e+00 0.0000e+00 8.8895e+01 -3.8470e+00 0.0000e+00 0.0000e+00 3.8470e+00 8.8575e+01 
22.0 8.4083e+01 -4.9959e-01 0.0000e+00 0.0000e+00 -4.9959e-01 8.2818e+01 0.0000e+00 0.0000e+00 0.0000e+00 0.0000e+00 8.2893e+01 -3.4600e+00 0.0000e+00 0.0000e+00 3.4600e+00 8.2609e+01 
23.0 7.8572e+01 -5.6560e-01 0.0000e+00 0.0000e+00 -5.6560e-01 7.7307e+01 0.0000e+00 0.0000e+00 0.0000e+00 0.0000e+00 7.7556e+01 -3.1119e+00 0.0000e+00 0.0000e+00 3.1119e+00 7.7304e+01 
24.0 7.3637e+01 -6.2968e-01 0.0000e+00 0.0000e+00 -6.2968e-01 7.2370e+01 0.0000e+00 0.0000e+00 0.0000e+00 0.0000e+00 7.2774e+01 -2.7983e+00 0.0000e+00 0.0000e+00 2.7983e+00 7.2550e+01 
25.0 6.9190e+01 -6.9276e-01 0.0000e+00 0.0000e+00 -6.9276e-01 6.7923e+01 0.0000e+00 0.0000e+00 0.0000e+00 0.0000e+00 6.8464e+01 -2.5149e+00 0.0000e+00 0.0000e+00 2.5149e+00 6.8265e+01 
26.0 6.5164e+01 -7.5545e-01 0.0000e+00 0.0000e+00 -7.5545e-01 6.3896e+01 0.0000e+00 0.0000e+00 0.0000e+00 0.0000e+00 6.4560e+01 -2.2582e+00 0.0000e+00 0.0000e+00 2.2582e+00 6.4383e+01 
27.0 6.1503e+01 -8.1800e-01 0.0000e+00 0.0000e+00 -8.1800e-01 6.0233e+01 0.0000e+00 0.0000e+00 0.0000e+00 0.0000e+00 6.1008e+01 -2.0253e+00 0.0000e+00 0.0000e+00 2.0253e+00 6.0852e+01 
28.0 5.8157e+01 -8.8042e-01 0.0000e+00 0.0000e+00 -8.8042e-01 5.6887e+01 0.0000e+00 0.0000e+00 0.0000e+00 0.0000e+00 5.7761e+01 -1.8141e+00 0.0000e+00 0.0000e+00 1.8141e+00 5.7623e+01 
29.0 5.5084e+01 -9.4248e-01 0.0000e+00 0.0000e+00 -9.4248e-01 5.3812e+01 0.0000e+00 0.0000e+00 0.0000e+00 0.0000e+00 5.4776e+01 -1.6227e+00 0.0000e+00 0.0000e+00 1.6227e+00 5.4655e+01 
30.0 5.2246e+01 -1.0039e+00 0.0000e+00 0.0000e+00 -1.0039e+00 5.0973e+01 0.0000e+00 0.0000e+00 0.0000e+00 0.0000e+00 5.2018e+01 -1.4493e+00 0.0000e+00 0.0000e+00 1.4493e+00 5.1912e+01 
31.0 4.9611e+01 -1.0641e+00 0.0000e+00 0.0000e+00 -1.0641e+00 4.8338e+01 0.0000e+00 0.0000e+00 0.0000e+00 0.0000e+00 4.9222e+01 -1.2922e+00 0.0000e+00 0.0000e+00 1.2922e+00 4.9140e+01 
32.0 4.7154e+01 -1.1230e+00 0.0000e+00 0.0000e+00 -1.1230e+00 4.5879e+01 0.0000e+00 0.0000e+00 0.0000e+00 0.0000e+00 4.6620e+01 -1.1498e+00 0.0000e+00 0.0000e+00 1.1498e+00 4.6560e+01 
33.0 4.4853e+01 -1.1800e+00 0.0000e+00 0.0000e+00 -1.1800e+00 4.3577e+01 0.0000e+00 0.0000e+00 0.0000e+00 0.0000e+00 4.4190e+01 -1.0205e+00 0.0000e+00 0.0000e+00 1.0205e+00 4.4152e+01 
34.0 4.2692e+01 -1.2352e+00 0.0000e+00 0.0000e+00 -1.2352e+00 4.1415e+01 0.0000e+00 0.0000e+00 0.0000e+00 0.0000e+00 4.1914e+01 -9.0267e-01 0.0000e+00 0.0000e+00 9.0267e-01 4.1896e+01 
35.0 4.0659e+01 -1.2884e+00 0.0000e+00 0.0000e+00 -1.2884e+00 3.9381e+01 0.0000e+00 0.0000e+00 0.0000e+00 0.0000e+00 3.9776e+01 -7.9465e-01 0.0000e+00 0.0000e+00 7.9465e-01 3.9778e+01 
36.0 3.8743e+01 -1.3400e+00 0.0000e+00 0.0000e+00 -1.3400e+00 3.7466e+01 0.0000e+00 0.0000e+00 0.0000e+00 0.0000e+00 3.7765e+01 -6.9489e-01 0.0000e+00 0.0000e+00 6.9489e-01 3.7786e+01 
37.0 3.6939e+01 -1.3903e+00 0.0000e+00 0.0000e+00 -1.3903e+00 3.5661e+01 0.0000e+00 0.0000e+00 0.0000e+00 0.0000e+00 3.5871e+01 -6.0205e-01 0.0000e+00 0.0000e+00 6.0205e-01 3.5910e+01 
38.0 3.5239e+01 -1.4397e+00 0.0000e+00 0.0000e+00 -1.4397e+00 3.3961e+01 0.0000e+00 0.0000e+00 0.0000e+00 0.0000e+00 3.4086e+01 -5.1509e-01 0.0000e+00 0.0000e+00 5.1509e-01 3.4141e+01 
39.0 3.3638e+01 -1.4886e+00 0.0000e+00 0.0000e+00 -1.4886e+00 3.2360e+01 0.0000e+00 0.0000e+00 0.0000e+00 0.0000e+00 3.2402e+01 -4.3335e-01 0.0000e+00 0.0000e+00 4.3335e-01 3.2474e+01 
40.0 3.2131e+01 -1.5371e+00 0.0000e+00 0.0000e+00 -1.5371e+00 3.0853e+01 0.0000e+00 0.0000e+00 0.0000e+00 0.0000e+00 3.0814e+01 -3.5643e-01 0.0000e+00 0.0000e+00 3.5643e-01 3.0902e+01 
41.0 3.0711e+01 -1.5851e+00 0.0000e+00 0.0000e+00 -1.5851e+00 2.9434e+01 0.0000e+00 0.0000e+00 0.0000e+00 0.0000e+00 2.9315e+01 -2.8406e-01 0.0000e+00 0.0000e+00 2.8406e-01 2.9417e+01 
42.0 2.9372e+01 -1.6326e+00 0.0000e+00 0.0000e+00 -1.6326e+00 2.8096e+01 0.0000e+00 0.0000e+00 0.0000e+00 0.0000e+00 2.7898e+01 -2.1599e-01 0.0000e+00 0.0000e+00 2.1599e-01 2.8015e+01 
43.0 2.8109e+01 -1.6791e+00 0.0000e+00 0.0000e+00 -1.6791e+00 2.6833e+01 0.0000e+00 0.0000e+00 0.0000e+00 0.0000e+00 2.6559e+01 -1.5189e-01 0.0000e+00 0.0000e+00 1.5189e-01 2.6690e+01 
44.0 2.6915e+01 -1.7246e+00 0.0000e+00 0.0000e+00 -1.7246e+00 2.5640e+01 0.0000e+00 0.0000e+00 0.0000e+00 0.0000e+00 2.5291e+01 -9.1380e-02 0.0000e+00 0.0000e+00 9.1380e-02 2.5435e+01 
45.0 2.5785e+01 -1.7689e+00 0.0000e+00 0.0000e+00 -1.7689e+00 2.4512e+01 0.0000e+00 0.0000e+00 0.0000e+00 0.0000e+00 2.4089e+01 -3.4023e-02 0.0000e+00 0.0000e+00 3.4023e-02 2.4246e+01 
46.0 2.4716e+01 -1.8117e+00 0.0000e+00 0.0000e+00 -1.8117e+00 2.3443e+01 0.0000e+00 0.0000e+00 0.0000e+00 0.0000e+00 2.2949e+01 2.0587e-02 0.0000e+00 0.0000e+00 -2.0587e-02 2.3118e+01 
47.0 2.3702e+01 -1.8531e+00 0.0000e+00 0.0000e+00 -1.8531e+00 2.2431e+01 0.0000e+00 0.0000e+00 0.0000e+00 0.0000e+00 2.1867e+01 7.2821e-02 0.0000e+00 0.0000e+00 -7.2821e-02 2.2048e+01 
48.0 2.2741e+01 -1.8928e+00 0.0000e+00 0.0000e+00 -1.8928e+00 2.1471e+01 0.0000e+00 0.0000e+00 0.0000e+00 0.0000e+00 2.0839e+01 1.2301e-01 0.0000e+00 0.0000e+00 -1.2301e-01 2.1032e+01 
49.0 2.1829e+01 -1.9310e+00 0.0000e+00 0.0000e+00 -1.9310e+00 2.0561e+01 0.0000e+00 0.0000e+00 0.0000e+00 0.0000e+00 1.9862e+01 1.7146e-01 0.0000e+00 0.0000e+00 -1.7146e-01 2.0066e+01 
50.0 2.0964e+01 -1.9675e+00 0.0000e+00 0.0000e+00 -1.9675e+00 1.9697e+01 0.0000e+00 0.0000e+00 0.0000e+00 0.0000e+00 1.8933e+01 2.1847e-01 0.0000e+00 0.0000e+00 -2.1847e-01 1.9148e+01 
51.0 2.0144e+01 -2.0025e+00 0.0000e+00 0.0000e+00 -2.0025e+00 1.8877e+01 0.0000e+00 0.0000e+00 0.0000e+00 0.0000e+00 1.8049e+01 2.6434e-01 0.0000e+00 0.0000e+00 -2.6434e-01 1.8275e+01 
52.0 1.9365e+01 -2.0360e+00 0.0000e+00 0.0000e+00 -2.0360e+00 1.8100e+01 0.0000e+00 0.0000e+00 0.0000e+00 0.0000e+00 1.7208e+01 3.0929e-01 0.0000e+00 0.0000e+00 -3.0929e-01 1.7445e+01 
53.0 1.8626e+01 -2.0681e+00 0.0000e+00 0.0000e+00 -2.0681e+00 1.7362e+01 0.0000e+00 0.0000e+00 0.0000e+00 0.0000e+00 1.6407e+01 3.5352e-01 0.0000e+00 0.0000e+00 -3.5352e-01 1.6655e+01 
54.0 1.7926e+01 -2.0991e+00 0.0000e+00 0.0000e+00 -2.0991e+00 1.6663e+01 0.0000e+00 0.0000e+00 0.0000e+00 0.0000e+00 1.5645e+01 3.9710e-01 0.0000e+00 0.0000e+00 -3.9710e-01 1.5904e+01 
55.0 1.7262e+01 -2.1288e+00 0.0000e+00 0.0000e+00 -2.1288e+00 1.6000e+01 0.0000e+00 0.0000e+00 0.0000e+00 0.0000e+00 1.4920e+01 4.4002e-01 0.0000e+00 0.0000e+00 -4.4002e-01 1.5189e+01 
56.0 1.6633e+01 -2.1574e+00 0.0000e+00 0.0000e+00 -2.1574e+00 1.5371e+01 0.0000e+00 0.0000e+00 0.0000e+00 0.0000e+00 1.4229e+01 4.8224e-01 0.0000e+00 0.0000e+00 -4.8224e-01 1.4509e+01 
57.0 1.6036e+01 -2.1847e+00 0.0000e+00 0.0000e+00 -2.1847e+00 1.4775e+01 0.0000e+00 0.0000e+00 0.0000e+00 0.0000e+00 1.3571e+01 5.2371e-01 0.0000e+00 0.0000e+00 -5.2371e-01 1.3861e+01 
58.0 1.5471e+01 -2.2108e+00 0.0000e+00 0.0000e+00 -2.2108e+00 1.4210e+01 0.0000e+00 0.0000e+00 0.0000e+00 0.0000e+00 1.2945e+01 5.6437e-01 0.0000e+00 0.0000e+00 -5.6437e-01 1.3245e+01 
59.0 1.4935e+01 -2.2355e+00 0.0000e+00 0.0000e+00 -2.2355e+00 1.3675e+01 0.0000e+00 0.0000e+00 0.0000e+00 0.0000e+00 1.2348e+01 6.0423e-01 0.0000e+00 0.0000e+00 -6.0423e-01 1.2658e+01 
60.0 1.4427e+01 -2.2589e+00 0.0000e+00 0.0000e+00 -2.2589e+00 1.3167e+01 0.0000e+00 0.0000e+00 0.0000e+00 0.0000e+00 1.1778e+01 6.4329e-01 0.0000e+00 0.0000e+00 -6.4329e-01 1.2099e+01 
61.0 1.3946e+01 -2.2809e+00 0.0000e+00 0.0000e+00 -2.2809e+00 1.2685e+01 0.0000e+00 0.0000e+00 0.0000e+00 0.0000e+00 1.1235e+01 6.8157e-01 0.0000e+00 0.0000e+00 -6.8157e-01 1.1566e+01 
62.0 1.3488e+01 -2.3016e+00 0.0000e+00 0.0000e+00 -2.3016e+00 1.2228e+01 0.0000e+00 0.0000e+00 0.0000e+00 0.0000e+00 1.0716e+01 7.1904e-01 0.0000e+00 0.0000e+00 -7.1904e-01 1.1058e+01 
63.0 1.3055e+01 -2.3210e+00 0.0000e+00 0.0000e+00 -2.3210e+00 1.1794e+01 0.0000e+00 0.0000e+00 0.0000e+00 0.0000e+00 1.0221e+01 7.5566e-01 0.0000e+00 0.0000e+00 -7.5566e-01 1.0573e+01 
64.0 1.2643e+01 -2.3391e+00 0.0000e+00 0.0000e+00 -2.3391e+00 1.1381e+01 0.0000e+00 0.0000e+00 0.0000e+00 0.0000e+00 9.7477e+00 7.9135e-01 0.0000e+00 0.0000e+00 -7.9135e-01 1.0111e+01 
65.0 1.2252e+01 -2.3559e+00 0.0000e+00 0.0000e+00 -2.3559e+00 1.0990e+01 0.0000e+00 0.0000e+00 0.0000e+00 0.0000e+00 9.2954e+00 8.2601e-01 0.0000e+00 0.0000e+00 -8.2601e-01 9.6690e+00 
66.0 1.1881e+01 -2.3715e+00 0.0000e+00 0.0000e+00 -2.3715e+00 1.0618e+01 0.0000e+00 0.0000e+00 0.0000e+00 0.0000e+00 8.8630e+00 8.5952e-01 0.0000e+00 0.0000e+00 -8.5952e-01 9.2472e+00 
67.0 1.1528e+01 -2.3856e+00 0.0000e+00 0.0000e+00 -2.3856e+00 1.0264e+01 0.0000e+00 0.0000e+00 0.0000e+00 0.0000e+00 8.4493e+00 8.9179e-01 0.0000e+00 0.0000e+00 -8.9179e-01 8.8443e+00 
68.0 1.1192e+01 -2.3984e+00 0.0000e+00 0.0000e+00 -2.3984e+00 9.9272e+00 0.0000e+00 0.0000e+00 0.0000e+00 0.0000e+00 8.0532e+00 9.2274e-01 0.0000e+00 0.0000e+00 -9.2274e-01 8.4591e+00 
69.0 1.0873e+01 -2.4097e+00 0.0000e+00 0.0000e+00 -2.4097e+00 9.6070e+00 0.0000e+00 0.0000e+00 0.0000e+00 0.0000e+00 7.6738e+00 9.5229e-01 0.0000e+00 0.0000e+00 -9.5229e-01 8.0907e+00 
70.0 1.0570e+01 -2.4195e+00 0.0000e+00 0.0000e+00 -2.4195e+00 9.3021e+00 0.0000e+00 0.0000e+00 0.0000e+00 0.0000e+00 7.3101e+00 9.8040e-01 0.0000e+00 0.0000e+00 -9.8040e-01 7.7380e+00 
71.0 1.0281e+01 -2.4279e+00 0.0000e+00 0.0000e+00 -2.4279e+00 9.0117e+00 0.0000e+00 0.0000e+00 0.0000e+00 0.0000e+00 6.9613e+00 1.0070e+00 0.0000e+00 0.0000e+00 -1.0070e+00 7.4002e+00 
72.0 1.0005e+01 -2.4349e+00 0.0000e+00 0.0000e+00 -2.4349e+00 8.7348e+00 0.0000e+00 0.0000e+00 0.0000e+00 0.0000e+00 6.6264e+00 1.0320e+00 0.0000e+00 0.0000e+00 -1.0320e+00 7.0764e+00 
73.0 9.7427e+00 -2.4403e+00 0.0000e+00 0.0000e+00 -2.4403e+00 8.4708e+00 0.0000e+00 0.0000e+00 0.0000e+00 0.0000e+00 6.3048e+00 1.0554e+00 0.0000e+00 0.0000e+00 -1.0554e+00 6.7659e+00 
74.0 9.4921e+00 -2.4443e+00 0.0000e+00 0.0000e+00 -2.4443e+00 8.2188e+00 0.0000e+00 0.0000e+00 0.0000e+00 0.0000e+00 5.9957e+00 1.0772e+00 0.0000e+00 0.0000e+00 -1.0772e+00 6.4679e+00 
75.0 9.2529e+00 -2.4467e+00 0.0000e+00 0.0000e+00 -2.4467e+00 7.9783e+00 0.0000e+00 0.0000e+00 0.0000e+00 0.0000e+00 5.6984e+00 1.0974e+00 0.0000e+00 0.0000e+00 -1.0974e+00 6.1817e+00 
76.0 9.0244e+00 -2.4476e+00 0.0000e+00 0.0000e+00 -2.4476e+00 7.7486e+00 0.0000e+00 0.0000e+00 0.0000e+00 0.0000e+00 5.4123e+00 1.1159e+00 0.0000e+00 0.0000e+00 -1.1159e+00 5.9067e+00 
77.0 8.8062e+00 -2.4469e+00 0.0000e+00 0.0000e+00 -2.4469e+00 7.5292e+00 0.0000e+00 0.0000e+00 0.0000e+00 0.0000e+00 5.1369e+00 1.1328e+00 0.0000e+00 0.0000e+00 -1.1328e+00 5.6423e+00 
78.0 8.5976e+00 -2.4447e+00 0.0000e+00 0.0000e+00 -2.4447e+00 7.3195e+00 0.0000e+00 0.0000e+00 0.0000e+00 0.0000e+00 4.8715e+00 1.1482e+00 0.0000e+00 0.0000e+00 -1.1482e+00 5.3879e+00 
79.0 8.3983e+00 -2.4410e+00 0.0000e+00 0.0000e+00 -2.4410e+00 7.1191e+00 0.0000e+00 0.0000e+00 0.0000e+00 0.0000e+00 4.6158e+00 1.1621e+00 0.0000e+00 0.0000e+00 -1.1621e+00 5.1431e+00 
80.0 8.2076e+00 -2.4358e+00 0.0000e+00 0.0000e+00 -2.4358e+00 6.9275e+00 0.0000e+00 0.0000e+00 0.0000e+00 0.0000e+00 4.3691e+00 1.1745e+00 0.0000e+00 0.0000e+00 -1.1745e+00 4.9073e+00 
81.0 8.0253e+00 -2.4291e+00 0.0000e+00 0.0000e+00 -2.4291e+00 6.7442e+00 0.0000e+00 0.0000e+00 0.0000e+00 0.0000e+00 4.1312e+00 1.1856e+00 0.0000e+00 0.0000e+00 -1.1856e+00 4.6801e+00 
82.0 7.8509e+00 -2.4210e+00 0.0000e+00 0.0000e+00 -2.4210e+00 6.5690e+00 0.0000e+00 0.0000e+00 0.0000e+00 0.0000e+00 3.9014e+00 1.1953e+00 0.0000e+00 0.0000e+00 -1.1953e+00 4.4611e+00 
83.0 7.6841e+00 -2.4114e+00 0.0000e+00 0.0000e+00 -2.4114e+00 6.4013e+00 0.0000e+00 0.0000e+00 0.0000e+00 0.0000e+00 3.6795e+00 1.2038e+00 0.0000e+00 0.0000e+00 -1.2038e+00 4.2499e+00 
84.0 7.5244e+00 -2.4006e+00 0.0000e+00 0.0000e+00 -2.4006e+00 6.2409e+00 0.0000e+00 0.0000e+00 0.0000e+00 0.0000e+00 3.4651e+00 1.2110e+00 0.0000e+00 0.0000e+00 -1.2110e+00 4.0461e+00 
85.0 7.3716e+00 -2.3885e+00 0.0000e+00 0.0000e+00 -2.3885e+00 6.0874e+00 0.0000e+00 0.0000e+00 0.0000e+00 0.0000e+00 3.2577e+00 1.2170e+00 0.0000e+00 0.0000e+00 -1.2170e+00 3.8493e+00 
86.0 7.2254e+00 -2.3750e+00 0.0000e+00 0.0000e+00 -2.3750e+00 5.9404e+00 0.0000e+00 0.0000e+00 0.0000e+00 0.0000e+00 3.0572e+00 1.2218e+00 0.0000e+00 0.0000e+00 -1.2218e+00 3.6593e+00 
87.0 7.0853e+00 -2.3604e+00 0.0000e+00 0.0000e+00 -2.3604e+00 5.7997e+00 0.0000e+00 0.0000e+00 0.0000e+00 0.0000e+00 2.8631e+00 1.2255e+00 0.0000e+00 0.0000e+00 -1.2255e+00 3.4758e+00 
88.0 6.9512e+00 -2.3446e+00 0.0000e+00 0.0000e+00 -2.3446e+00 5.6649e+00 0.0000e+00 0.0000e+00 0.0000e+00 0.0000e+00 2.6752e+00 1.2280e+00 0.0000e+00 0.0000e+00 -1.2280e+00 3.2983e+00 
89.0 6.8228e+00 -2.3276e+00 0.0000e+00 0.0000e+00 -2.3276e+00 5.5359e+00 0.0000e+00 0.0000e+00 0.0000e+00 0.0000e+00 2.4932e+00 1.2294e+00 0.0000e+00 0.0000e+00 -1.2294e+00 3.1268e+00 
90.0 6.6999e+00 -2.3095e+00 0.0000e+00 0.0000e+00 -2.3095e+00 5.4124e+00 0.0000e+00 0.0000e+00 0.0000e+00 0.0000e+00 2.3168e+00 1.2297e+00 0.0000e+00 0.0000e+00 -1.2297e+00 2.9608e+00 
91.0 6.5822e+00 -2.2903e+00 0.0000e+00 0.0000e+00 -2.2903e+00 5.2941e+00 0.0000e+00 0.0000e+00 0.0000e+00 0.0000e+00 2.1459e+00 1.2290e+00 0.0000e+00 0.0000e+00 -1.2290e+00 2.8001e+00 
92.0 6.4696e+00 -2.2700e+00 0.0000e+00 0.0000e+00 -2.2700e+00 5.1809e+00 0.0000e+00 0.0000e+00 0.0000e+00 0.0000e+00 1.9803e+00 1.2273e+00 0.0000e+00 0.0000e+00 -1.2273e+00 2.6445e+00 
93.0 6.3618e+00 -2.2486e+00 0.0000e+00 0.0000e+00 -2.2486e+00 5.0726e+00 0.0000e+00 0.0000e+00 0.0000e+00 0.0000e+00 1.8196e+00 1.2246e+00 0.0000e+00 0.0000e+00 -1.2246e+00 2.4937e+00 
94.0 6.2586e+00 -2.2263e+00 0.0000e+00 0.0000e+00 -2.2263e+00 4.9690e+00 0.0000e+00 0.0000e+00 0.0000e+00 0.0000e+00 1.6637e+00 1.2210e+00 0.0000e+00 0.0000e+00 -1.2210e+00 2.3475e+00 
95.0 6.1599e+00 -2.2029e+00 0.0000e+00 0.0000e+00 -2.2029e+00 4.8700e+00 0.0000e+00 0.0000e+00 0.0000e+00 0.0000e+00 1.5124e+00 1.2166e+00 0.0000e+00 0.0000e+00 -1.2166e+00 2.2058e+00 
96.0 6.0656e+00 -2.1786e+00 0.0000e+00 0.0000e+00 -2.1786e+00 4.7755e+00 0.0000e+00 0.0000e+00 0.0000e+00 0.0000e+00 1.3656e+00 1.2114e+00 0.0000e+00 0.0000e+00 -1.2114e+00 2.0682e+00 
97.0 5.9754e+00 -2.1533e+00 0.0000e+00 0.0000e+00 -2.1533e+00 4.6853e+00 0.0000e+00 0.0000e+00 0.0000e+00 0.0000e+00 1.2231e+00 1.2055e+00 0.0000e+00 0.0000e+00 -1.2055e+00 1.9347e+00 
98.0 5.8893e+00 -2.1270e+00 0.0000e+00 0.0000e+00 -2.1270e+00 4.5993e+00 0.0000e+00 0.0000e+00 0.0000e+00 0.0000e+00 1.0848e+00 1.1989e+00 0.0000e+00 0.0000e+00 -1.1989e+00 1.8050e+00 
99.0 5.8071e+00 -2.0997e+00 0.0000e+00 0.0000e+00 -2.0997e+00 4.5174e+00 0.0000e+00 0.0000e+00 0.0000e+00 0.0000e+00 9.5042e-01 1.1916e+00 0.0000e+00 0.0000e+00 -1.1916e+00 1.6790e+00 
100.0 5.7287e+00 -2.0716e+00 0.0000e+00 0.0000e+00 -2.0716e+00 4.4396e+00 0.0000e+00 0.0000e+00 0.0000e+00 0.0000e+00 8.1996e-01 1.1837e+00 0.0000e+00 0.0000e+00 -1.1837e+00 1.5565e+00 
101.0 5.6540e+00 -2.0425e+00 0.0000e+00 0.0000e+00 -2.0425e+00 4.3656e+00 0.0000e+00 0.0000e+00 0.0000e+00 0.0000e+00 6.9328e-01 1.1753e+00 0.0000e+00 0.0000e+00 -1.1753e+00 1.4374e+00 
102.0 5.5828e+00 -2.0125e+00 0.0000e+00 0.0000e+00 -2.0125e+00 4.2954e+00 0.0000e+00 0.0000e+00 0.0000e+00 0.0000e+00 5.7024e-01 1.1663e+00 0.0000e+00 0.0000e+00 -1.1663e+00 1.3216e+00 
103.0 5.5150e+00 -1.9817e+00 0.0000e+00 0.0000e+00 -1.9817e+00 4.2289e+00 0.0000e+00 0.0000e+00 0.0000e+00 0.0000e+00 4.5070e-01 1.1569e+00 0.0000e+00 0.0000e+00 -1.1569e+00 1.2089e+00 
104.0 5.4506e+00 -1.9500e+00 0.0000e+00 0.0000e+00 -1.9500e+00 4.1659e+00 0.0000e+00 0.0000e+00 0.0000e+00 0.0000e+00 3.3454e-01 1.1470e+00 0.0000e+00 0.0000e+00 -1.1470e+00 1.0991e+00 
105.0 5.3893e+00 -1.9175e+00 0.0000e+00 0.0000e+00 -1.9175e+00 4.1064e+00 0.0000e+00 0.0000e+00 0.0000e+00 0.0000e+00 2.2166e-01 1.1367e+00 0.0000e+00 0.0000e+00 -1.1367e+00 9.9223e-01 
106.0 5.3311e+00 -1.8841e+00 0.0000e+00 0.0000e+00 -1.8841e+00 4.0501e+00 0.0000e+00 0.0000e+00 0.0000e+00 0.0000e+00 1.1194e-01 1.1261e+00 0.0000e+00 0.0000e+00 -1.1261e+00 8.8808e-01 
107.0 5.2759e+00 -1.8500e+00 0.0000e+00 0.0000e+00 -1.8500e+00 3.9971e+00 0.0000e+00 0.0000e+00 0.0000e+00 0.0000e+00 5.2633e-03 1.1150e+00 0.0000e+00 0.0000e+00 -1.1150e+00 7.8658e-01 
108.0 5.2236e+00 -1.8150e+00 0.0000e+00 0.0000e+00 -1.8150e+00 3.9471e+00 0.0000e+00 0.0000e+00 0.0000e+00 0.0000e+00 -9.8467e-02 1.1037e+00 0.0000e+00 0.0000e+00 -1.1037e+00 6.8762e-01 
109.0 5.1741e+00 -1.7791e+00 0.0000e+00 0.0000e+00 -1.7791e+00 3.9001e+00 0.0000e+00 0.0000e+00 0.0000e+00 0.0000e+00 -1.9936e-01 1.0921e+00 0.0000e+00 0.0000e+00 -1.0921e+00 5.9112e-01 
110.0 5.1272e+00 -1.7425e+00 0.0000e+00 0.0000e+00 -1.7425e+00 3.8560e+00 0.0000e+00 0.0000e+00 0.0000e+00 0.0000e+00 -2.9751e-01 1.0802e+00 0.0000e+00 0.0000e+00 -1.0802e+00 4.9698e-01 
111.0 5.0830e+00 -1.7052e+00 0.0000e+00 0.0000e+00 -1.7052e+00 3.8146e+00 0.0000e+00 0.0000e+00 0.0000e+00 0.0000e+00 -3.9301e-01 1.0682e+00 0.0000e+00 0.0000e+00 -1.0682e+00 4.0514e-01 
112.0 5.0413e+00 -1.6671e+00 0.0000e+00 0.0000e+00 -1.6671e+00 3.7760e+00 0.0000e+00 0.0000e+00 0.0000e+00 0.0000e+00 -4.8596e-01 1.0561e+00 0.0000e+00 0.0000e+00 -1.0561e+00 3.1551e-01 
113.0 5.0020e+00 -1.6283e+00 0.0000e+00 0.0000e+00 -1.6283e+00 3.7399e+00 0.0000e+00 0.0000e+00 0.0000e+00 0.0000e+00 -5.7644e-01 1.0439e+00 0.0000e+00 0.0000e+00 -1.0439e+00 2.2803e-01 
114.0 4.9651e+00 -1.5889e+00 0.0000e+00 0.0000e+00 -1.5889e+00 3.7063e+00 0.0000e+00 0.0000e+00 0.0000e+00 0.0000e+00 -6.6453e-01 1.0316e+00 0.0000e+00 0.0000e+00 -1.0316e+00 1.4263e-01 
115.0 4.9306e+00 -1.5489e+00 0.0000e+00 0.0000e+00 -1.5489e+00 3.6751e+00 0.0000e+00 0.0000e+00 0.0000e+00 0.0000e+00 -7.5031e-01 1.0194e+00 0.0000e+00 0.0000e+00 -1.0194e+00 5.9242e-02 
116.0 4.8982e+00 -1.5085e+00 0.0000e+00 0.0000e+00 -1.5085e+00 3.6463e+00 0.0000e+00 0.0000e+00 0.0000e+00 0.0000e+00 -8.3385e-01 1.0071e+00 0.0000e+00 0.0000e+00 -1.0071e+00 -2.2179e-02 
117.0 4.8681e+00 -1.4676e+00 0.0000e+00 0.0000e+00 -1.4676e+00 3.6197e+00 0.0000e+00 0.0000e+00 0.0000e+00 0.0000e+00 -9.1521e-01 9.9498e-01 0.0000e+00 0.0000e+00 -9.9498e-01 -1.0168e-01 
118.0 4.8401e+00 -1.4263e+00 0.0000e+00 0.0000e+00 -1.4263e+00 3.5953e+00 0.0000e+00 0.0000e+00 0.0000e+00 0.0000e+00 -9.9446e-01 9.8289e-01 0.0000e+00 0.0000e+00 -9.8289e-01 -1.7928e-01 
119.0 4.8143e+00 -1.3847e+00 0.0000e+00 0.0000e+00 -1.3847e+00 3.5730e+00 0.0000e+00 0.0000e+00 0.0000e+00 0.0000e+00 -1.0716e+00 9.7089e-01 0.0000e+00 0.0000e+00 -9.7089e-01 -2.5503e-01 
120.0 4.7904e+00 -1.3429e+00 0.0000e+00 0.0000e+00 -1.3429e+00 3.5527e+00 0.0000e+00 0.0000e+00 0.0000e+00 0.0000e+00 -1.1468e+00 9.5894e-01 0.0000e+00 0.0000e+00 -9.5894e-01 -3.2896e-01 
121.0 4.7685e+00 -1.3009e+00 0.0000e+00 0.0000e+00 -1.3009e+00 3.5343e+00 0.0000e+00 0.0000e+00 0.0000e+00 0.0000e+00 -1.2201e+00 9.4702e-01 0.0000e+00 0.0000e+00 -9.4702e-01 -4.0108e-01 
122.0 4.7484e+00 -1.2588e+00 0.0000e+00 0.0000e+00 -1.2588e+00 3.5177e+00 0.0000e+00 0.0000e+00 0.0000e+00 0.0000e+00 -1.2915e+00 9.3508e-01 0.0000e+00 0.0000e+00 -9.3508e-01 -4.7144e-01 
123.0 4.7301e+00 -1.2167e+00 0.0000e+00 0.0000e+00 -1.2167e+00 3.5028e+00 0.0000e+00 0.0000e+00 0.0000e+00 0.0000e+00 -1.3612e+00 9.2309e-01 0.0000e+00 0.0000e+00 -9.2309e-01 -5.4009e-01 
124.0 4.7136e+00 -1.1744e+00 0.0000e+00 0.0000e+00 -1.1744e+00 3.4894e+00 0.0000e+00 0.0000e+00 0.0000e+00 0.0000e+00 -1.4291e+00 9.1101e-01 0.0000e+00 0.0000e+00 -9.1101e-01 -6.0707e-01 
125.0 4.6986e+00 -1.1322e+00 0.0000e+00 0.0000e+00 -1.1322e+00 3.4776e+00 0.0000e+00 0.0000e+00 0.0000e+00 0.0000e+00 -1.4954e+00 8.9882e-01 0.0000e+00 0.0000e+00 -8.9882e-01 -6.7243e-01 
126.0 4.6853e+00 -1.0900e+00 0.0000e+00 0.0000e+00 -1.0900e+00 3.4672e+00 0.0000e+00 0.0000e+00 0.0000e+00 0.0000e+00 -1.5602e+00 8.8651e-01 0.0000e+00 0.0000e+00 -8.8651e-01 -7.3622e-01 
127.0 4.6735e+00 -1.0480e+00 0.0000e+00 0.0000e+00 -1.0480e+00 3.4581e+00 0.0000e+00 0.0000e+00 0.0000e+00 0.0000e+00 -1.6234e+00 8.7406e-01 0.0000e+00 0.0000e+00 -8.7406e-01 -7.9849e-01 
128.0 4.6633e+00 -1.0061e+00 0.0000e+00 0.0000e+00 -1.0061e+00 3.4504e+00 0.0000e+00 0.0000e+00 0.0000e+00 0.0000e+00 -1.6852e+00 8.6143e-01 0.0000e+00 0.0000e+00 -8.6143e-01 -8.5929e-01 
129.0 4.6544e+00 -9.6437e-01 0.0000e+00 0.0000e+00 -9.6437e-01 3.4439e+00 0.0000e+00 0.0000e+00 0.0000e+00 0.0000e+00 -1.7456e+00 8.4856e-01 0.0000e+00 0.0000e+00 -8.4856e-01 -9.1865e-01 
130.0 4.6470e+00 -9.2290e-01 0.0000e+00 0.0000e+00 -9.2290e-01 3.4386e+00 0.0000e+00 0.0000e+00 0.0000e+00 0.0000e+00 -1.8046e+00 8.3542e-01 0.0000e+00 0.0000e+00 -8.3542e-01 -9.7662e-01 
131.0 4.6409e+00 -8.8167e-01 0.0000e+00 0.0000e+00 -8.8167e-01 3.4344e+00 0.0000e+00 0.0000e+00 0.0000e+00 0.0000e+00 -1.8623e+00 8.2194e-01 0.0000e+00 0.0000e+00 -8.2194e-01 -1.0333e+00 
132.0 4.6361e+00 -8.4067e-01 0.0000e+00 0.0000e+00 -8.4067e-01 3.4314e+00 0.0000e+00 0.0000e+00 0.0000e+00 0.0000e+00 -1.9187e+00 8.0811e-01 0.0000e+00 0.0000e+00 -8.0811e-01 -1.0886e+00 
133.0 4.6326e+00 -7.9988e-01 0.0000e+00 0.0000e+00 -7.9988e-01 3.4295e+00 0.0000e+00 0.0000e+00 0.0000e+00 0.0000e+00 -1.9739e+00 7.9391e-01 0.0000e+00 0.0000e+00 -7.9391e-01 -1.1428e+00 
134.0 4.6303e+00 -7.5928e-01 0.0000e+00 0.0000e+00 -7.5928e-01 3.4288e+00 0.0000e+00 0.0000e+00 0.0000e+00 0.0000e+00 -2.0278e+00 7.7934e-01 0.0000e+00 0.0000e+00 -7.7934e-01 -1.1958e+00 
135.0 4.6293e+00 -7.1885e-01 0.0000e+00 0.0000e+00 -7.1885e-01 3.4292e+00 0.0000e+00 0.0000e+00 0.0000e+00 0.0000e+00 -2.0805e+00 7.6439e-01 0.0000e+00 0.0000e+00 -7.6439e-01 -1.2477e+00 
136.0 4.6295e+00 -6.7856e-01 0.0000e+00 0.0000e+00 -6.7856e-01 3.4309e+00 0.0000e+00 0.0000e+00 0.0000e+00 0.0000e+00 -2.1321e+00 7.4907e-01 0.0000e+00 0.0000e+00 -7.4907e-01 -1.2987e+00 
137.0 4.6308e+00 -6.3841e-01 0.0000e+00 0.0000e+00 -6.3841e-01 3.4338e+00 0.0000e+00 0.0000e+00 0.0000e+00 0.0000e+00 -2.1825e+00 7.3338e-01 0.0000e+00 0.0000e+00 -7.3338e-01 -1.3487e+00 
138.0 4.6335e+00 -5.9837e-01 0.0000e+00 0.0000e+00 -5.9837e-01 3.4380e+00 0.0000e+00 0.0000e+00 0.0000e+00 0.0000e+00 -2.2318e+00 7.1735e-01 0.0000e+00 0.0000e+00 -7.1735e-01 -1.3978e+00 
139.0 4.6373e+00 -5.5841e-01 0.0000e+00 0.0000e+00 -5.5841e-01 3.4437e+00 0.0000e+00 0.0000e+00 0.0000e+00 0.0000e+00 -2.2800e+00 7.0104e-01 0.0000e+00 0.0000e+00 -7.0104e-01 -1.4462e+00 
140.0 4.6426e+00 -5.1851e-01 0.0000e+00 0.0000e+00 -5.1851e-01 3.4508e+00 0.0000e+00 0.0000e+00 0.0000e+00 0.0000e+00 -2.3271e+00 6.8452e-01 0.0000e+00 0.0000e+00 -6.8452e-01 -1.4938e+00 
141.0 4.6492e+00 -4.7867e-01 0.0000e+00 0.0000e+00 -4.7867e-01 3.4596e+00 0.0000e+00 0.0000e+00 0.0000e+00 0.0000e+00 -2.3732e+00 6.6787e-01 0.0000e+00 0.0000e+00 -6.6787e-01 -1.5406e+00 
142.0 4.6574e+00 -4.3889e-01 0.0000e+00 0.0000e+00 -4.3889e-01 3.4701e+00 0.0000e+00 0.0000e+00 0.0000e+00 0.0000e+00 -2.4182e+00 6.5116e-01 0.0000e+00 0.0000e+00 -6.5116e-01 -1.5867e+00 
143.0 4.6671e+00 -3.9914e-01 0.0000e+00 0.0000e+00 -3.9914e-01 3.4823e+00 0.0000e+00 0.0000e+00 0.0000e+00 0.0000e+00 -2.4622e+00 6.3447e-01 0.0000e+00 0.0000e+00 -6.3447e-01 -1.6321e+00 
144.0 4.6785e+00 -3.5947e-01 0.0000e+00 0.0000e+00 -3.5947e-01 3.4964e+00 0.0000e+00 0.0000e+00 0.0000e+00 0.0000e+00 -2.5052e+00 6.1781e-01 0.0000e+00 0.0000e+00 -6.1781e-01 -1.6768e+00 
145.0 4.6914e+00 -3.1986e-01 0.0000e+00 0.0000e+00 -3.1986e-01 3.5122e+00 0.0000e+00 0.0000e+00 0.0000e+00 0.0000e+00 -2.5471e+00 6.0117e-01 0.0000e+00 0.0000e+00 -6.0117e-01 -1.7209e+00 
146.0 4.7060e+00 -2.8034e-01 0.0000e+00 0.0000e+00 -2.8034e-01 3.5299e+00 0.0000e+00 0.0000e+00 0.0000e+00 0.0000e+00 -2.5880e+00 5.8448e-01 0.0000e+00 0.0000e+00 -5.8448e-01 -1.7643e+00 
147.0 4.7222e+00 -2.4089e-01 0.0000e+00 0.0000e+00 -2.4089e-01 3.5494e+00 0.0000e+00 0.0000e+00 0.0000e+00 0.0000e+00 -2.6280e+00 5.6768e-01 0.0000e+00 0.0000e+00 -5.6768e-01 -1.8070e+00 
148.0 4.7402e+00 -2.0148e-01 0.0000e+00 0.0000e+00 -2.0148e-01 3.5709e+00 0.0000e+00 0.0000e+00 0.0000e+00 0.0000e+00 -2.6669e+00 5.5075e-01 0.0000e+00 0.0000e+00 -5.5075e-01 -1.8491e+00 
149.0 4.7601e+00 -1.6204e-01 0.0000e+00 0.0000e+00 -1.6204e-01 3.5947e+00 0.0000e+00 0.0000e+00 0.0000e+00 0.0000e+00 -2.7050e+00 5.3367e-01 0.0000e+00 0.0000e+00 -5.3367e-01 -1.8908e+00 
150.0 4.7820e+00 -1.2257e-01 0.0000e+00 0.0000e+00 -1.2257e-01 3.6208e+00 0.0000e+00 0.0000e+00 0.0000e+00 0.0000e+00 -2.7423e+00 5.1642e-01 0.0000e+00 0.0000e+00 -5.1642e-01 -1.9319e+00 
151.0 4.8061e+00 -8.3087e-02 0.0000e+00 0.0000e+00 -8.3087e-02 3.6494e+00 0.0000e+00 0.0000e+00 0.0000e+00 0.0000e+00 -2.7787e+00 4.9888e-01 0.0000e+00 0.0000e+00 -4.9888e-01 -1.9727e+00 
152.0 4.8321e+00 -4.3712e-02 0.0000e+00 0.0000e+00 -4.3712e-02 3.6802e+00 0.0000e+00 0.0000e+00 0.0000e+00 0.0000e+00 -2.8145e+00 4.8079e-01 0.0000e+00 0.0000e+00 -4.8079e-01 -2.0134e+00 
153.0 4.8598e+00 -4.6605e-03 0.0000e+00 0.0000e+00 -4.6605e-03 3.7131e+00 0.0000e+00 0.0000e+00 0.0000e+00 0.0000e+00 -2.8498e+00 4.6172e-01 0.0000e+00 0.0000e+00 -4.6172e-01 -2.0541e+00 
154.0 4.8889e+00 3.3764e-02 0.0000e+00 0.0000e+00 3.3764e-02 3.7476e+00 0.0000e+00 0.0000e+00 0.0000e+00 0.0000e+00 -2.8848e+00 4.4112e-01 0.0000e+00 0.0000e+00 -4.4112e-01 -2.0950e+00 
155.0 4.9190e+00 7.1162e-02 0.0000e+00 0.0000e+00 7.1162e-02 3.7835e+00 0.0000e+00 0.0000e+00 0.0000e+00 0.0000e+00 -2.9197e+00 4.1836e-01 0.0000e+00 0.0000e+00 -4.1836e-01 -2.1363e+00 
156.0 4.9497e+00 1.0702e-01 0.0000e+00 0.0000e+00 1.0702e-01 3.8204e+00 0.0000e+00 0.0000e+00 0.0000e+00 0.0000e+00 -2.9550e+00 3.9275e-01 0.0000e+00 0.0000e+00 -3.9275e-01 -2.1783e+00 
157.0 4.9805e+00 1.4071e-01 0.0000e+00 0.0000e+00 1.4071e-01 3.8578e+00 0.0000e+00 0.0000e+00 0.0000e+00 0.0000e+00 -2.9907e+00 3.6354e-01 0.0000e+00 0.0000e+00 -3.6354e-01 -2.2210e+00 
158.0 5.0109e+00 1.7151e-01 0.0000e+00 0.0000e+00 1.7151e-01 3.8951e+00 0.0000e+00 0.0000e+00 0.0000e+00 0.0000e+00 -3.0273e+00 3.2991e-01 0.0000e+00 0.0000e+00 -3.2991e-01 -2.2646e+00 
159.0 5.0402e+00 1.9868e-01 0.0000e+00 0.0000e+00 1.9868e-01 3.9312e+00 0.0000e+00 0.0000e+00 0.0000e+00 0.0000e+00 -3.0651e+00 2.9098e-01 0.0000e+00 0.0000e+00 -2.9098e-01 -2.3090e+00 
160.0 5.0681e+00 2.2150e-01 0.0000e+00 0.0000e+00 2.2150e-01 3.9652e+00 0.0000e+00 0.0000e+00 0.0000e+00 0.0000e+00 -3.1047e+00 2.4594e-01 0.0000e+00 0.0000e+00 -2.4594e-01 -2.3543e+00 
161.0 5.0946e+00 2.3941e-01 0.0000e+00 0.0000e+00 2.3941e-01 3.9962e+00 0.0000e+00 0.0000e+00 0.0000e+00 0.0000e+00 -3.1470e+00 1.9419e-01 0.0000e+00 0.0000e+00 -1.9419e-01 -2.4004e+00 
162.0 5.1204e+00 2.5197e-01 0.0000e+00 0.0000e+00 2.5197e-01 4.0242e+00 0.0000e+00 0.0000e+00 0.0000e+00 0.0000e+00 -3.1929e+00 1.3551e-01 0.0000e+00 0.0000e+00 -1.3551e-01 -2.4472e+00 
163.0 5.1469e+00 2.5885e-01 0.0000e+00 0.0000e+00 2.5885e-01 4.0496e+00 0.0000e+00 0.0000e+00 0.0000e+00 0.0000e+00 -3.2441e+00 7.0204e-02 0.0000e+00 0.0000e+00 -7.0204e-02 -2.4948e+00 
164.0 5.1761e+00 2.5978e-01 0.0000e+00 0.0000e+00 2.5978e-01 4.0729e+00 0.0000e+00 0.0000e+00 0.0000e+00 0.0000e+00 -3.3020e+00 -8.5631e-04 0.0000e+00 0.0000e+00 8.5631e-04 -2.5427e+00 
165.0 5.2108e+00 2.5463e-01 0.0000e+00 0.0000e+00 2.5463e-01 4.0951e+00 0.0000e+00 0.0000e+00 0.0000e+00 0.0000e+00 -3.3685e+00 -7.6139e-02 0.0000e+00 0.0000e+00 7.6139e-02 -2.5905e+00 
166.0 5.2546e+00 2.4336e-01 0.0000e+00 0.0000e+00 2.4336e-01 4.1177e+00 0.0000e+00 0.0000e+00 0.0000e+00 0.0000e+00 -3.4459e+00 -1.5353e-01 0.0000e+00 0.0000e+00 1.5353e-01 -2.6379e+00 
167.0 5.3117e+00 2.2614e-01 0.0000e+00 0.0000e+00 2.2614e-01 4.1428e+00 0.0000e+00 0.0000e+00 0.0000e+00 0.0000e+00 -3.5362e+00 -2.3021e-01 0.0000e+00 0.0000e+00 2.3021e-01 -2.6840e+00 
168.0 5.3874e+00 2.0330e-01 0.0000e+00 0.0000e+00 2.0330e-01 4.1732e+00 0.0000e+00 0.0000e+00 0.0000e+00 0.0000e+00 -3.6416e+00 -3.0265e-01 0.0000e+00 0.0000e+00 3.0265e-01 -2.7279e+00 
169.0 5.4871e+00 1.7550e-01 0.0000e+00 0.0000e+00 1.7550e-01 4.2117e+00 0.0000e+00 0.0000e+00 0.0000e+00 0.0000e+00 -3.7643e+00 -3.6654e-01 0.0000e+00 0.0000e+00 3.6654e-01 -2.7687e+00 
170.0 5.6170e+00 1.4382e-01 0.0000e+00 0.0000e+00 1.4382e-01 4.2621e+00 0.0000e+00 0.0000e+00 0.0000e+00 0.0000e+00 -3.9057e+00 -4.1678e-01 0.0000e+00 0.0000e+00 4.1678e-01 -2.8050e+00 
171.0 5.7833e+00 1.0998e-01 0.0000e+00 0.0000e+00 1.0998e-01 4.3285e+00 0.0000e+00 0.0000e+00 0.0000e+00 0.0000e+00 -4.0669e+00 -4.4751e-01 0.0000e+00 0.0000e+00 4.4751e-01 -2.8356e+00 
172.0 5.9913e+00 7.6413e-02 0.0000e+00 0.0000e+00 7.6413e-02 4.4150e+00 0.0000e+00 0.0000e+00 0.0000e+00 0.0000e+00 -4.2469e+00 -4.5276e-01 0.0000e+00 0.0000e+00 4.5276e-01 -2.8594e+00 
173.0 6.2431e+00 4.6045e-02 0.0000e+00 0.0000e+00 4.6045e-02 4.5250e+00 0.0000e+00 0.0000e+00 0.0000e+00 0.0000e+00 -4.4425e+00 -4.2792e-01 0.0000e+00 0.0000e+00 4.2792e-01 -2.8755e+00 
174.0 6.5340e+00 2.1751e-02 0.0000e+00 0.0000e+00 2.1751e-02 4.6586e+00 0.0000e+00 0.0000e+00 0.0000e+00 0.0000e+00 -4.6471e+00 -3.7175e-01 0.0000e+00 0.0000e+00 3.7175e-01 -2.8839e+00 
175.0 6.8492e+00 5.5580e-03 0.0000e+00 0.0000e+00 5.5580e-03 4.8100e+00 0.0000e+00 0.0000e+00 0.0000e+00 0.0000e+00 -4.8498e+00 -2.8894e-01 0.0000e+00 0.0000e+00 2.8894e-01 -2.8852e+00 
176.0 7.1611e+00 -2.1757e-03 0.0000e+00 0.0000e+00 -2.1757e-03 4.9657e+00 0.0000e+00 0.0000e+00 0.0000e+00 0.0000e+00 -5.0359e+00 -1.9136e-01 0.0000e+00 0.0000e+00 1.9136e-01 -2.8813e+00 
177.0 7.4319e+00 -3.2306e-03 0.0000e+00 0.0000e+00 -3.2306e-03 5.1050e+00 0.0000e+00 0.0000e+00 0.0000e+00 0.0000e+00 -5.1881e+00 -9.7297e-02 0.0000e+00 0.0000e+00 9.7297e-02 -2.8748e+00 
178.0 7.6199e+00 -1.1869e-03 0.0000e+00 0.0000e+00 -1.1869e-03 5.2040e+00 0.0000e+00 0.0000e+00 0.0000e+00 0.0000e+00 -5.2895e+00 -2.7896e-02 0.0000e+00 0.0000e+00 2.7896e-02 -2.8690e+00 
179.0 7.6913e+00 -2.1323e-21 0.0000e+00 0.0000e+00 -2.1323e-21 5.2423e+00 0.0000e+00 0.0000e+00 0.0000e+00 0.0000e+00 -5.3273e+00 -5.5427e-19 0.0000e+00 0.0000e+00 5.5427e-19 -2.8670e+00 
180.0 7.7589e+00 0.0000e+00 0.0000e+00 0.0000e+00 0.0000e+00 5.2772e+00 0.0000e+00 0.0000e+00 0.0000e+00 0.0000e+00 -5.3619e+00 0.0000e+00 0.0000e+00 0.0000e+00 -0.0000e+00 -2.8645e+00 
