0.7969 1.2497 0.4529 0.030031
theta s11 s12 s13 s14 s21 s22 s23 s24 s31 s32 s33 s34 s41 s42 s43 s44
0.0 3.3671e+03 0.0000e+00 0.0000e+00 0.0000e+00 0.0000e+00 3.3661e+03 0.0000e+00 0.0000e+00 0.0000e+00 0.0000e+00 3.3661e+03 0.0000e+00 0.0000e+00 0.0000e+00 -0.0000e+00 3.3650e+03 
1.0 2.9179e+03 -1.7244e-01 0.0000e+00 0.0000e+00 -1.7244e-01 2.9168e+03 0.0000e+00 0.0000e+00 0.0000e+00 0.0000e+00 2.9168e+03 -1.1210e+00 0.0000e+00 0.0000e+00 1.1210e+00 2.9157e+03 
2.0 2.1743e+03 -3.8821e-01 0.0000e+00 0.0000e+00 -3.8821e-01 2.1732e+03 0.0000e+00 0.0000e+00 0.0000e+00 0.0000e+00 2.1732e+03 -3.6224e+00 0.0000e+00 0.0000e+00 3.6224e+00 2.1722e+03 
3.0 1.5878e+03 -4.8105e-01 0.0000e+00 0.0000e+00 -4.8105e-01 1.5868e+03 0.0000e+00 0.0000e+00 0.0000e+00 0.0000e+00 1.5868e+03 -5.9581e+00 0.0000e+00 0.0000e+00 5.9581e+00 1.5857e+03 
4.0 1.1849e+03 -5.2587e-01 0.0000e+00 0.0000e+00 -5.2587e-01 1.1839e+03 0.0000e+00 0.0000e+00 0.0000e+00 0.0000e+00 1.1838e+03 -7.3822e+00 0.0000e+00 0.0000e+00 7.3822e+00 1.1828e+03 
5.0 9.1374e+02 -5.9016e-01 0.0000e+00 0.0000e+00 -5.9016e-01 9.1276e+02 0.0000e+00 0.0000e+00 0.0000e+00 0.0000e+00 9.1264e+02 -7.9983e+00 0.0000e+00 0.0000e+00 7.9983e+00 9.1168e+02 
6.0 7.2766e+02 -7.0430e-01 0.0000e+00 0.0000e+00 -7.0430e-01 7.2671e+02 0.0000e+00 0.0000e+00 0.0000e+00 0.0000e+00 7.2654e+02 -8.0862e+00 0.0000e+00 0.0000e+00 8.0862e+00 7.2562e+02 
7.0 5.9625e+02 -8.7589e-01 0.0000e+00 0.0000e+00 -8.7589e-01 5.9533e+02 0.0000e+00 0.0000e+00 0.0000e+00 0.0000e+00 5.9513e+02 -7.8470e+00 0.0000e+00 0.0000e+00 7.8470e+00 5.9423e+02 
8.0 5.0079e+02 -1.0975e+00 0.0000e+00 0.0000e+00 -1.0975e+00 4.9988e+02 0.0000e+00 0.0000e+00 0.0000e+00 0.0000e+00 4.9965e+02 -7.4343e+00 0.0000e+00 0.0000e+00 7.4343e+00 4.9879e+02 
9.0 4.2942e+02 -1.3570e+00 0.0000e+00 0.0000e+00 -1.3570e+00 4.2854e+02 0.0000e+00 0.0000e+00 0.0000e+00 0.0000e+00 4.2827e+02 -6.9535e+00 0.0000e+00 0.0000e+00 6.9535e+00 4.2744e+02 
10.0 3.7461e+02 -1.6440e+00 0.0000e+00 0.0000e+00 -1.6440e+00 3.7375e+02 0.0000e+00 0.0000e+00 0.0000e+00 0.0000e+00 3.7346e+02 -6.4629e+00 0.0000e+00 0.0000e+00 6.4629e+00 3.7266e+02 
11.0 3.3153e+02 -1.9502e+00 0.0000e+00 0.0000e+00 -1.9502e+00 3.3069e+02 0.0000e+00 0.0000e+00 0.0000e+00 0.0000e+00 3.3037e+02 -5.9943e+00 0.0000e+00 0.0000e+00 5.9943e+00 3.2960e+02 
12.0 2.9698e+02 -2.2701e+00 0.0000e+00 0.0000e+00 -2.2701e+00 2.9615e+02 0.0000e+00 0.0000e+00 0.0000e+00 0.0000e+00 2.9581e+02 -5.5626e+00 0.0000e+00 0.0000e+00 5.5626e+00 2.9506e+02 
13.0 2.6877e+02 -2.5986e+00 0.0000e+00 0.0000e+00 -2.5986e+00 2.6796e+02 0.0000e+00 0.0000e+00 0.0000e+00 0.0000e+00 2.6760e+02 -5.1745e+00 0.0000e+00 0.0000e+00 5.1745e+00 2.6688e+02 
14.0 2.4533e+02 -2.9361e+00 0.0000e+00 0.0000e+00 -2.9361e+00 2.4454e+02 0.0000e+00 0.0000e+00 0.0000e+00 0.0000e+00 2.4416e+02 -4.8293e+00 0.0000e+00 0.0000e+00 4.8293e+00 2.4346e+02 
15.0 2.2551e+02 -3.2776e+00 0.0000e+00 0.0000e+00 -3.2776e+00 2.2473e+02 0.0000e+00 0.0000e+00 0.0000e+00 0.0000e+00 2.2434e+02 -4.5244e+00 0.0000e+00 0.0000e+00 4.5244e+00 2.2366e+02 
16.0 2.0852e+02 -3.6236e+00 0.0000e+00 0.0000e+00 -3.6236e+00 2.0776e+02 0.0000e+00 0.0000e+00 0.0000e+00 0.0000e+00 2.0734e+02 -4.2538e+00 0.0000e+00 0.0000e+00 4.2538e+00 2.0669e+02 
17.0 1.9377e+02 -3.9736e+00 0.0000e+00 0.0000e+00 -3.9736e+00 1.9302e+02 0.0000e+00 0.0000e+00 0.0000e+00 0.0000e+00 1.9259e+02 -4.0126e+00 0.0000e+00 0.0000e+00 4.0126e+00 1.9195e+02 
18.0 1.8080e+02 -4.3270e+00 0.0000e+00 0.0000e+00 -4.3270e+00 1.8006e+02 0.0000e+00 0.0000e+00 0.0000e+00 0.0000e+00 1.7961e+02 -3.7959e+00 0.0000e+00 0.0000e+00 3.7959e+00 1.7899e+02 
19.0 1.6925e+02 -4.6830e+00 0.0000e+00 0.0000e+00 -4.6830e+00 1.6852e+02 0.0000e+00 0.0000e+00 0.0000e+00 0.0000e+00 1.6866e+02 -3.5994e+00 0.0000e+00 0.0000e+00 3.5994e+00 1.6806e+02 
20.0 1.5886e+02 -5.0402e+00 0.0000e+00 0.0000e+00 -5.0402e+00 1.5815e+02 0.0000e+00 0.0000e+00 0.0000e+00 0.0000e+00 1.5881e+02 -3.4203e+00 0.0000e+00 0.0000e+00 3.4203e+00 1.5822e+02 
21.0 1.4947e+02 -5.3977e+00 0.0000e+00 0.0000e+00 -5.3977e+00 1.4877e+02 0.0000e+00 0.0000e+00 0.0000e+00 0.0000e+00 1.4989e+02 -3.2565e+00 0.0000e+00 0.0000e+00 3.2565e+00 1.4932e+02 
22.0 1.4095e+02 -5.7547e+00 0.0000e+00 0.0000e+00 -5.7547e+00 1.4026e+02 0.0000e+00 0.0000e+00 0.0000e+00 0.0000e+00 1.4179e+02 -3.1058e+00 0.0000e+00 0.0000e+00 3.1058e+00 1.4123e+02 
23.0 1.3320e+02 -6.1111e+00 0.0000e+00 0.0000e+00 -6.1111e+00 1.3252e+02 0.0000e+00 0.0000e+00 0.0000e+00 0.0000e+00 1.3440e+02 -2.9661e+00 0.0000e+00 0.0000e+00 2.9661e+00 1.3386e+02 
24.0 1.2611e+02 -6.4664e+00 0.0000e+00 0.0000e+00 -6.4664e+00 1.2545e+02 0.0000e+00 0.0000e+00 0.0000e+00 0.0000e+00 1.2765e+02 -2.8360e+00 0.0000e+00 0.0000e+00 2.8360e+00 1.2712e+02 
25.0 1.1962e+02 -6.8195e+00 0.0000e+00 0.0000e+00 -6.8195e+00 1.1896e+02 0.0000e+00 0.0000e+00 0.0000e+00 0.0000e+00 1.2145e+02 -2.7150e+00 0.0000e+00 0.0000e+00 2.7150e+00 1.2093e+02 
26.0 1.1363e+02 -7.1687e+00 0.0000e+00 0.0000e+00 -7.1687e+00 1.1298e+02 0.0000e+00 0.0000e+00 0.0000e+00 0.0000e+00 1.1573e+02 -2.6032e+00 0.0000e+00 0.0000e+00 2.6032e+00 1.1522e+02 
27.0 1.0807e+02 -7.5123e+00 0.0000e+00 0.0000e+00 -7.5123e+00 1.0743e+02 0.0000e+00 0.0000e+00 0.0000e+00 0.0000e+00 1.1042e+02 -2.5003e+00 0.0000e+00 0.0000e+00 2.5003e+00 1.0992e+02 
28.0 1.0290e+02 -7.8488e+00 0.0000e+00 0.0000e+00 -7.8488e+00 1.0227e+02 0.0000e+00 0.0000e+00 0.0000e+00 0.0000e+00 1.0546e+02 -2.4052e+00 0.0000e+00 0.0000e+00 2.4052e+00 1.0497e+02 
29.0 9.8057e+01 -8.1772e+00 0.0000e+00 0.0000e+00 -8.1772e+00 9.7438e+01 0.0000e+00 0.0000e+00 0.0000e+00 0.0000e+00 1.0081e+02 -2.3167e+00 0.0000e+00 0.0000e+00 2.3167e+00 1.0033e+02 
30.0 9.3522e+01 -8.4972e+00 0.0000e+00 0.0000e+00 -8.4972e+00 9.2912e+01 0.0000e+00 0.0000e+00 0.0000e+00 0.0000e+00 9.6449e+01 -2.2335e+00 0.0000e+00 0.0000e+00 2.2335e+00 9.5982e+01 
31.0 8.9266e+01 -8.8084e+00 0.0000e+00 0.0000e+00 -8.8084e+00 8.8664e+01 0.0000e+00 0.0000e+00 0.0000e+00 0.0000e+00 9.1911e+01 -2.1551e+00 0.0000e+00 0.0000e+00 2.1551e+00 9.1457e+01 
32.0 8.5266e+01 -9.1104e+00 0.0000e+00 0.0000e+00 -9.1104e+00 8.4673e+01 0.0000e+00 0.0000e+00 0.0000e+00 0.0000e+00 8.7640e+01 -2.0811e+00 0.0000e+00 0.0000e+00 2.0811e+00 8.7198e+01 
33.0 8.1501e+01 -9.4027e+00 0.0000e+00 0.0000e+00 -9.4027e+00 8.0917e+01 0.0000e+00 0.0000e+00 0.0000e+00 0.0000e+00 8.3611e+01 -2.0115e+00 0.0000e+00 0.0000e+00 2.0115e+00 8.3182e+01 
34.0 7.7950e+01 -9.6846e+00 0.0000e+00 0.0000e+00 -9.6846e+00 7.7374e+01 0.0000e+00 0.0000e+00 0.0000e+00 0.0000e+00 7.9803e+01 -1.9462e+00 0.0000e+00 0.0000e+00 1.9462e+00 7.9386e+01 
35.0 7.4594e+01 -9.9556e+00 0.0000e+00 0.0000e+00 -9.9556e+00 7.4027e+01 0.0000e+00 0.0000e+00 0.0000e+00 0.0000e+00 7.6196e+01 -1.8844e+00 0.0000e+00 0.0000e+00 1.8844e+00 7.5791e+01 
36.0 7.1418e+01 -1.0215e+01 0.0000e+00 0.0000e+00 -1.0215e+01 7.0858e+01 0.0000e+00 0.0000e+00 0.0000e+00 0.0000e+00 7.2774e+01 -1.8258e+00 0.0000e+00 0.0000e+00 1.8258e+00 7.2380e+01 
37.0 6.8406e+01 -1.0464e+01 0.0000e+00 0.0000e+00 -1.0464e+01 6.7855e+01 0.0000e+00 0.0000e+00 0.0000e+00 0.0000e+00 6.9523e+01 -1.7695e+00 0.0000e+00 0.0000e+00 1.7695e+00 6.9140e+01 
38.0 6.5548e+01 -1.0700e+01 0.0000e+00 0.0000e+00 -1.0700e+01 6.5004e+01 0.0000e+00 0.0000e+00 0.0000e+00 0.0000e+00 6.6430e+01 -1.7153e+00 0.0000e+00 0.0000e+00 1.7153e+00 6.6059e+01 
39.0 6.2832e+01 -1.0926e+01 0.0000e+00 0.0000e+00 -1.0926e+01 6.2295e+01 0.0000e+00 0.0000e+00 0.0000e+00 0.0000e+00 6.3485e+01 -1.6630e+00 0.0000e+00 0.0000e+00 1.6630e+00 6.3125e+01 
40.0 6.0249e+01 -1.1139e+01 0.0000e+00 0.0000e+00 -1.1139e+01 5.9720e+01 0.0000e+00 0.0000e+00 0.0000e+00 0.0000e+00 6.0678e+01 -1.6123e+00 0.0000e+00 0.0000e+00 1.6123e+00 6.0328e+01 
41.0 5.7790e+01 -1.1341e+01 0.0000e+00 0.0000e+00 -1.1341e+01 5.7269e+01 0.0000e+00 0.0000e+00 0.0000e+00 0.0000e+00 5.8000e+01 -1.5631e+00 0.0000e+00 0.0000e+00 1.5631e+00 5.7661e+01 
42.0 5.5449e+01 -1.1531e+01 0.0000e+00 0.0000e+00 -1.1531e+01 5.4935e+01 0.0000e+00 0.0000e+00 0.0000e+00 0.0000e+00 5.5443e+01 -1.5152e+00 0.0000e+00 0.0000e+00 1.5152e+00 5.5114e+01 
43.0 5.3219e+01 -1.1709e+01 0.0000e+00 0.0000e+00 -1.1709e+01 5.2711e+01 0.0000e+00 0.0000e+00 0.0000e+00 0.0000e+00 5.2999e+01 -1.4685e+00 0.0000e+00 0.0000e+00 1.4685e+00 5.2681e+01 
44.0 5.1092e+01 -1.1876e+01 0.0000e+00 0.0000e+00 -1.1876e+01 5.0591e+01 0.0000e+00 0.0000e+00 0.0000e+00 0.0000e+00 5.0662e+01 -1.4230e+00 0.0000e+00 0.0000e+00 1.4230e+00 5.0353e+01 
45.0 4.9063e+01 -1.2031e+01 0.0000e+00 0.0000e+00 -1.2031e+01 4.8569e+01 0.0000e+00 0.0000e+00 0.0000e+00 0.0000e+00 4.8424e+01 -1.3786e+00 0.0000e+00 0.0000e+00 1.3786e+00 4.8126e+01 
46.0 4.7126e+01 -1.2173e+01 0.0000e+00 0.0000e+00 -1.2173e+01 4.6639e+01 0.0000e+00 0.0000e+00 0.0000e+00 0.0000e+00 4.6281e+01 -1.3352e+00 0.0000e+00 0.0000e+00 1.3352e+00 4.5992e+01 
47.0 4.5277e+01 -1.2305e+01 0.0000e+00 0.0000e+00 -1.2305e+01 4.4796e+01 0.0000e+00 0.0000e+00 0.0000e+00 0.0000e+00 4.4227e+01 -1.2925e+00 0.0000e+00 0.0000e+00 1.2925e+00 4.3947e+01 
48.0 4.3511e+01 -1.2424e+01 0.0000e+00 0.0000e+00 -1.2424e+01 4.3036e+01 0.0000e+00 0.0000e+00 0.0000e+00 0.0000e+00 4.2257e+01 -1.2505e+00 0.0000e+00 0.0000e+00 1.2505e+00 4.1987e+01 
49.0 4.1824e+01 -1.2533e+01 0.0000e+00 0.0000e+00 -1.2533e+01 4.1355e+01 0.0000e+00 0.0000e+00 0.0000e+00 0.0000e+00 4.0367e+01 -1.2091e+00 0.0000e+00 0.0000e+00 1.2091e+00 4.0106e+01 
50.0 4.0212e+01 -1.2630e+01 0.0000e+00 0.0000e+00 -1.2630e+01 3.9749e+01 0.0000e+00 0.0000e+00 0.0000e+00 0.0000e+00 3.8554e+01 -1.1684e+00 0.0000e+00 0.0000e+00 1.1684e+00 3.8302e+01 
51.0 3.8671e+01 -1.2716e+01 0.0000e+00 0.0000e+00 -1.2716e+01 3.8214e+01 0.0000e+00 0.0000e+00 0.0000e+00 0.0000e+00 3.6813e+01 -1.1284e+00 0.0000e+00 0.0000e+00 1.1284e+00 3.6570e+01 
52.0 3.7198e+01 -1.2792e+01 0.0000e+00 0.0000e+00 -1.2792e+01 3.6747e+01 0.0000e+00 0.0000e+00 0.0000e+00 0.0000e+00 3.5140e+01 -1.0892e+00 0.0000e+00 0.0000e+00 1.0892e+00 3.4906e+01 
53.0 3.5789e+01 -1.2856e+01 0.0000e+00 0.0000e+00 -1.2856e+01 3.5344e+01 0.0000e+00 0.0000e+00 0.0000e+00 0.0000e+00 3.3534e+01 -1.0507e+00 0.0000e+00 0.0000e+00 1.0507e+00 3.3308e+01 
54.0 3.4442e+01 -1.2911e+01 0.0000e+00 0.0000e+00 -1.2911e+01 3.4002e+01 0.0000e+00 0.0000e+00 0.0000e+00 0.0000e+00 3.1989e+01 -1.0129e+00 0.0000e+00 0.0000e+00 1.0129e+00 3.1772e+01 
55.0 3.3153e+01 -1.2954e+01 0.0000e+00 0.0000e+00 -1.2954e+01 3.2719e+01 0.0000e+00 0.0000e+00 0.0000e+00 0.0000e+00 3.0504e+01 -9.7591e-01 0.0000e+00 0.0000e+00 9.7591e-01 3.0295e+01 
56.0 3.1921e+01 -1.2988e+01 0.0000e+00 0.0000e+00 -1.2988e+01 3.1491e+01 0.0000e+00 0.0000e+00 0.0000e+00 0.0000e+00 2.9075e+01 -9.3968e-01 0.0000e+00 0.0000e+00 9.3968e-01 2.8875e+01 
57.0 3.0741e+01 -1.3012e+01 0.0000e+00 0.0000e+00 -1.3012e+01 3.0317e+01 0.0000e+00 0.0000e+00 0.0000e+00 0.0000e+00 2.7700e+01 -9.0423e-01 0.0000e+00 0.0000e+00 9.0423e-01 2.7509e+01 
58.0 2.9612e+01 -1.3026e+01 0.0000e+00 0.0000e+00 -1.3026e+01 2.9193e+01 0.0000e+00 0.0000e+00 0.0000e+00 0.0000e+00 2.6377e+01 -8.6954e-01 0.0000e+00 0.0000e+00 8.6954e-01 2.6194e+01 
59.0 2.8532e+01 -1.3030e+01 0.0000e+00 0.0000e+00 -1.3030e+01 2.8117e+01 0.0000e+00 0.0000e+00 0.0000e+00 0.0000e+00 2.5103e+01 -8.3559e-01 0.0000e+00 0.0000e+00 8.3559e-01 2.4928e+01 
60.0 2.7498e+01 -1.3025e+01 0.0000e+00 0.0000e+00 -1.3025e+01 2.7088e+01 0.0000e+00 0.0000e+00 0.0000e+00 0.0000e+00 2.3877e+01 -8.0231e-01 0.0000e+00 0.0000e+00 8.0231e-01 2.3709e+01 
61.0 2.6510e+01 -1.3011e+01 0.0000e+00 0.0000e+00 -1.3011e+01 2.6104e+01 0.0000e+00 0.0000e+00 0.0000e+00 0.0000e+00 2.2695e+01 -7.6965e-01 0.0000e+00 0.0000e+00 7.6965e-01 2.2535e+01 
62.0 2.5564e+01 -1.2989e+01 0.0000e+00 0.0000e+00 -1.2989e+01 2.5162e+01 0.0000e+00 0.0000e+00 0.0000e+00 0.0000e+00 2.1557e+01 -7.3761e-01 0.0000e+00 0.0000e+00 7.3761e-01 2.1405e+01 
63.0 2.4659e+01 -1.2958e+01 0.0000e+00 0.0000e+00 -1.2958e+01 2.4262e+01 0.0000e+00 0.0000e+00 0.0000e+00 0.0000e+00 2.0461e+01 -7.0617e-01 0.0000e+00 0.0000e+00 7.0617e-01 2.0316e+01 
64.0 2.3793e+01 -1.2919e+01 0.0000e+00 0.0000e+00 -1.2919e+01 2.3401e+01 0.0000e+00 0.0000e+00 0.0000e+00 0.0000e+00 1.9404e+01 -6.7535e-01 0.0000e+00 0.0000e+00 6.7535e-01 1.9267e+01 
65.0 2.2966e+01 -1.2872e+01 0.0000e+00 0.0000e+00 -1.2872e+01 2.2577e+01 0.0000e+00 0.0000e+00 0.0000e+00 0.0000e+00 1.8386e+01 -6.4518e-01 0.0000e+00 0.0000e+00 6.4518e-01 1.8256e+01 
66.0 2.2175e+01 -1.2817e+01 0.0000e+00 0.0000e+00 -1.2817e+01 2.1790e+01 0.0000e+00 0.0000e+00 0.0000e+00 0.0000e+00 1.7404e+01 -6.1566e-01 0.0000e+00 0.0000e+00 6.1566e-01 1.7282e+01 
67.0 2.1418e+01 -1.2755e+01 0.0000e+00 0.0000e+00 -1.2755e+01 2.1037e+01 0.0000e+00 0.0000e+00 0.0000e+00 0.0000e+00 1.6458e+01 -5.8677e-01 0.0000e+00 0.0000e+00 5.8677e-01 1.6344e+01 
68.0 2.0695e+01 -1.2686e+01 0.0000e+00 0.0000e+00 -1.2686e+01 2.0317e+01 0.0000e+00 0.0000e+00 0.0000e+00 0.0000e+00 1.5546e+01 -5.5852e-01 0.0000e+00 0.0000e+00 5.5852e-01 1.5439e+01 
69.0 2.0004e+01 -1.2610e+01 0.0000e+00 0.0000e+00 -1.2610e+01 1.9630e+01 0.0000e+00 0.0000e+00 0.0000e+00 0.0000e+00 1.4667e+01 -5.3090e-01 0.0000e+00 0.0000e+00 5.3090e-01 1.4566e+01 
70.0 1.9344e+01 -1.2528e+01 0.0000e+00 0.0000e+00 -1.2528e+01 1.8973e+01 0.0000e+00 0.0000e+00 0.0000e+00 0.0000e+00 1.3819e+01 -5.0391e-01 0.0000e+00 0.0000e+00 5.0391e-01 1.3725e+01 
71.0 1.8713e+01 -1.2439e+01 0.0000e+00 0.0000e+00 -1.2439e+01 1.8346e+01 0.0000e+00 0.0000e+00 0.0000e+00 0.0000e+00 1.3001e+01 -4.7755e-01 0.0000e+00 0.0000e+00 4.7755e-01 1.2914e+01 
72.0 1.8111e+01 -1.2344e+01 0.0000e+00 0.0000e+00 -1.2344e+01 1.7747e+01 0.0000e+00 0.0000e+00 0.0000e+00 0.0000e+00 1.2212e+01 -4.5182e-01 0.0000e+00 0.0000e+00 4.5182e-01 1.2133e+01 
73.0 1.7535e+01 -1.2244e+01 0.0000e+00 0.0000e+00 -1.2244e+01 1.7175e+01 0.0000e+00 0.0000e+00 0.0000e+00 0.0000e+00 1.1452e+01 -4.2673e-01 0.0000e+00 0.0000e+00 4.2673e-01 1.1379e+01 
74.0 1.6987e+01 -1.2138e+01 0.0000e+00 0.0000e+00 -1.2138e+01 1.6629e+01 0.0000e+00 0.0000e+00 0.0000e+00 0.0000e+00 1.0718e+01 -4.0230e-01 0.0000e+00 0.0000e+00 4.0230e-01 1.0652e+01 
75.0 1.6463e+01 -1.2027e+01 0.0000e+00 0.0000e+00 -1.2027e+01 1.6108e+01 0.0000e+00 0.0000e+00 0.0000e+00 0.0000e+00 1.0010e+01 -3.7856e-01 0.0000e+00 0.0000e+00 3.7856e-01 9.9507e+00 
76.0 1.5963e+01 -1.1911e+01 0.0000e+00 0.0000e+00 -1.1911e+01 1.5611e+01 0.0000e+00 0.0000e+00 0.0000e+00 0.0000e+00 9.3276e+00 -3.5551e-01 0.0000e+00 0.0000e+00 3.5551e-01 9.2746e+00 
77.0 1.5487e+01 -1.1791e+01 0.0000e+00 0.0000e+00 -1.1791e+01 1.5138e+01 0.0000e+00 0.0000e+00 0.0000e+00 0.0000e+00 8.6690e+00 -3.3318e-01 0.0000e+00 0.0000e+00 3.3318e-01 8.6224e+00 
78.0 1.5032e+01 -1.1665e+01 0.0000e+00 0.0000e+00 -1.1665e+01 1.4686e+01 0.0000e+00 0.0000e+00 0.0000e+00 0.0000e+00 8.0336e+00 -3.1157e-01 0.0000e+00 0.0000e+00 3.1157e-01 7.9934e+00 
79.0 1.4600e+01 -1.1536e+01 0.0000e+00 0.0000e+00 -1.1536e+01 1.4256e+01 0.0000e+00 0.0000e+00 0.0000e+00 0.0000e+00 7.4206e+00 -2.9067e-01 0.0000e+00 0.0000e+00 2.9067e-01 7.3867e+00 
80.0 1.4187e+01 -1.1403e+01 0.0000e+00 0.0000e+00 -1.1403e+01 1.3846e+01 0.0000e+00 0.0000e+00 0.0000e+00 0.0000e+00 6.8291e+00 -2.7049e-01 0.0000e+00 0.0000e+00 2.7049e-01 6.8013e+00 
81.0 1.3794e+01 -1.1265e+01 0.0000e+00 0.0000e+00 -1.1265e+01 1.3456e+01 0.0000e+00 0.0000e+00 0.0000e+00 0.0000e+00 6.2584e+00 -2.5101e-01 0.0000e+00 0.0000e+00 2.5101e-01 6.2367e+00 
82.0 1.3421e+01 -1.1125e+01 0.0000e+00 0.0000e+00 -1.1125e+01 1.3085e+01 0.0000e+00 0.0000e+00 0.0000e+00 0.0000e+00 5.7077e+00 -2.3223e-01 0.0000e+00 0.0000e+00 2.3223e-01 5.6919e+00 
83.0 1.3065e+01 -1.0981e+01 0.0000e+00 0.0000e+00 -1.0981e+01 1.2731e+01 0.0000e+00 0.0000e+00 0.0000e+00 0.0000e+00 5.1762e+00 -2.1414e-01 0.0000e+00 0.0000e+00 2.1414e-01 5.1663e+00 
84.0 1.2727e+01 -1.0833e+01 0.0000e+00 0.0000e+00 -1.0833e+01 1.2396e+01 0.0000e+00 0.0000e+00 0.0000e+00 0.0000e+00 4.6633e+00 -1.9672e-01 0.0000e+00 0.0000e+00 1.9672e-01 4.6592e+00 
85.0 1.2405e+01 -1.0683e+01 0.0000e+00 0.0000e+00 -1.0683e+01 1.2077e+01 0.0000e+00 0.0000e+00 0.0000e+00 0.0000e+00 4.1684e+00 -1.7995e-01 0.0000e+00 0.0000e+00 1.7995e-01 4.1699e+00 
86.0 1.2100e+01 -1.0530e+01 0.0000e+00 0.0000e+00 -1.0530e+01 1.1774e+01 0.0000e+00 0.0000e+00 0.0000e+00 0.0000e+00 3.6907e+00 -1.6381e-01 0.0000e+00 0.0000e+00 1.6381e-01 3.6977e+00 
87.0 1.1810e+01 -1.0375e+01 0.0000e+00 0.0000e+00 -1.0375e+01 1.1486e+01 0.0000e+00 0.0000e+00 0.0000e+00 0.0000e+00 3.2297e+00 -1.4828e-01 0.0000e+00 0.0000e+00 1.4828e-01 3.2421e+00 
88.0 1.1535e+01 -1.0217e+01 0.0000e+00 0.0000e+00 -1.0217e+01 1.1213e+01 0.0000e+00 0.0000e+00 0.0000e+00 0.0000e+00 2.7849e+00 -1.3332e-01 0.0000e+00 0.0000e+00 1.3332e-01 2.8025e+00 
89.0 1.1274e+01 -1.0057e+01 0.0000e+00 0.0000e+00 -1.0057e+01 1.0955e+01 0.0000e+00 0.0000e+00 0.0000e+00 0.0000e+00 2.3555e+00 -1.1890e-01 0.0000e+00 0.0000e+00 1.1890e-01 2.3783e+00 
90.0 1.1027e+01 -9.8949e+00 0.0000e+00 0.0000e+00 -9.8949e+00 1.0710e+01 0.0000e+00 0.0000e+00 0.0000e+00 0.0000e+00 1.9412e+00 -1.0500e-01 0.0000e+00 0.0000e+00 1.0500e-01 1.9690e+00 
91.0 1.0793e+01 -9.7312e+00 0.0000e+00 0.0000e+00 -9.7312e+00 1.0478e+01 0.0000e+00 0.0000e+00 0.0000e+00 0.0000e+00 1.5414e+00 -9.1601e-02 0.0000e+00 0.0000e+00 9.1601e-02 1.5741e+00 
92.0 1.0572e+01 -9.5659e+00 0.0000e+00 0.0000e+00 -9.5659e+00 1.0259e+01 0.0000e+00 0.0000e+00 0.0000e+00 0.0000e+00 1.1556e+00 -7.8677e-02 0.0000e+00 0.0000e+00 7.8677e-02 1.1930e+00 
93.0 1.0363e+01 -9.3992e+00 0.0000e+00 0.0000e+00 -9.3992e+00 1.0052e+01 0.0000e+00 0.0000e+00 0.0000e+00 0.0000e+00 7.8326e-01 -6.6211e-02 0.0000e+00 0.0000e+00 6.6211e-02 8.2533e-01 
94.0 1.0165e+01 -9.2313e+00 0.0000e+00 0.0000e+00 -9.2313e+00 9.8569e+00 0.0000e+00 0.0000e+00 0.0000e+00 0.0000e+00 4.2404e-01 -5.4184e-02 0.0000e+00 0.0000e+00 5.4184e-02 4.7059e-01 
95.0 9.9788e+00 -9.0623e+00 0.0000e+00 0.0000e+00 -9.0623e+00 9.6729e+00 0.0000e+00 0.0000e+00 0.0000e+00 0.0000e+00 7.7452e-02 -4.2580e-02 0.0000e+00 0.0000e+00 4.2580e-02 1.2835e-01 
96.0 9.8031e+00 -8.8924e+00 0.0000e+00 0.0000e+00 -8.8924e+00 9.4995e+00 0.0000e+00 0.0000e+00 0.0000e+00 0.0000e+00 -2.5693e-01 -3.1385e-02 0.0000e+00 0.0000e+00 3.1385e-02 -2.0182e-01 
97.0 9.6378e+00 -8.7218e+00 0.0000e+00 0.0000e+00 -8.7218e+00 9.3365e+00 0.0000e+00 0.0000e+00 0.0000e+00 0.0000e+00 -5.7952e-01 -2.0589e-02 0.0000e+00 0.0000e+00 2.0589e-02 -5.2033e-01 
98.0 9.4823e+00 -8.5506e+00 0.0000e+00 0.0000e+00 -8.5506e+00 9.1834e+00 0.0000e+00 0.0000e+00 0.0000e+00 0.0000e+00 -8.9071e-01 -1.0178e-02 0.0000e+00 0.0000e+00 1.0178e-02 -8.2758e-01 
99.0 9.3363e+00 -8.3789e+00 0.0000e+00 0.0000e+00 -8.3789e+00 9.0397e+00 0.0000e+00 0.0000e+00 0.0000e+00 0.0000e+00 -1.1909e+00 -1.4339e-04 0.0000e+00 0.0000e+00 1.4339e-04 -1.1240e+00 
100.0 9.1995e+00 -8.2069e+00 0.0000e+00 0.0000e+00 -8.2069e+00 8.9051e+00 0.0000e+00 0.0000e+00 0.0000e+00 0.0000e+00 -1.4805e+00 9.5270e-03 0.0000e+00 0.0000e+00 -9.5270e-03 -1.4098e+00 
101.0 9.0713e+00 -8.0348e+00 0.0000e+00 0.0000e+00 -8.0348e+00 8.7792e+00 0.0000e+00 0.0000e+00 0.0000e+00 0.0000e+00 -1.7598e+00 1.8843e-02 0.0000e+00 0.0000e+00 -1.8843e-02 -1.6856e+00 
102.0 8.9514e+00 -7.8626e+00 0.0000e+00 0.0000e+00 -7.8626e+00 8.6617e+00 0.0000e+00 0.0000e+00 0.0000e+00 0.0000e+00 -2.0291e+00 2.7815e-02 0.0000e+00 0.0000e+00 -2.7815e-02 -1.9515e+00 
103.0 8.8396e+00 -7.6906e+00 0.0000e+00 0.0000e+00 -7.6906e+00 8.5522e+00 0.0000e+00 0.0000e+00 0.0000e+00 0.0000e+00 -2.2889e+00 3.6448e-02 0.0000e+00 0.0000e+00 -3.6448e-02 -2.2080e+00 
104.0 8.7353e+00 -7.5187e+00 0.0000e+00 0.0000e+00 -7.5187e+00 8.4503e+00 0.0000e+00 0.0000e+00 0.0000e+00 0.0000e+00 -2.5395e+00 4.4750e-02 0.0000e+00 0.0000e+00 -4.4750e-02 -2.4553e+00 
105.0 8.6385e+00 -7.3472e+00 0.0000e+00 0.0000e+00 -7.3472e+00 8.3557e+00 0.0000e+00 0.0000e+00 0.0000e+00 0.0000e+00 -2.7811e+00 5.2721e-02 0.0000e+00 0.0000e+00 -5.2721e-02 -2.6937e+00 
106.0 8.5486e+00 -7.1762e+00 0.0000e+00 0.0000e+00 -7.1762e+00 8.2681e+00 0.0000e+00 0.0000e+00 0.0000e+00 0.0000e+00 -3.0141e+00 6.0365e-02 0.0000e+00 0.0000e+00 -6.0365e-02 -2.9237e+00 
107.0 8.4654e+00 -7.0058e+00 0.0000e+00 0.0000e+00 -7.0058e+00 8.1872e+00 0.0000e+00 0.0000e+00 0.0000e+00 0.0000e+00 -3.2387e+00 6.7682e-02 0.0000e+00 0.0000e+00 -6.7682e-02 -3.1454e+00 
108.0 8.3886e+00 -6.8360e+00 0.0000e+00 0.0000e+00 -6.8360e+00 8.1127e+00 0.0000e+00 0.0000e+00 0.0000e+00 0.0000e+00 -3.4553e+00 7.4674e-02 0.0000e+00 0.0000e+00 -7.4674e-02 -3.3591e+00 
109.0 8.3179e+00 -6.6671e+00 0.0000e+00 0.0000e+00 -6.6671e+00 8.0443e+00 0.0000e+00 0.0000e+00 0.0000e+00 0.0000e+00 -3.6641e+00 8.1339e-02 0.0000e+00 0.0000e+00 -8.1339e-02 -3.5652e+00 
110.0 8.2531e+00 -6.4989e+00 0.0000e+00 0.0000e+00 -6.4989e+00 7.9817e+00 0.0000e+00 0.0000e+00 0.0000e+00 0.0000e+00 -3.8654e+00 8.7680e-02 0.0000e+00 0.0000e+00 -8.7680e-02 -3.7638e+00 
111.0 8.1939e+00 -6.3318e+00 0.0000e+00 0.0000e+00 -6.3318e+00 7.9247e+00 0.0000e+00 0.0000e+00 0.0000e+00 0.0000e+00 -4.0594e+00 9.3696e-02 0.0000e+00 0.0000e+00 -9.3696e-02 -3.9553e+00 
112.0 8.1400e+00 -6.1657e+00 0.0000e+00 0.0000e+00 -6.1657e+00 7.8730e+00 0.0000e+00 0.0000e+00 0.0000e+00 0.0000e+00 -4.2465e+00 9.9387e-02 0.0000e+00 0.0000e+00 -9.9387e-02 -4.1398e+00 
113.0 8.0911e+00 -6.0008e+00 0.0000e+00 0.0000e+00 -6.0008e+00 7.8263e+00 0.0000e+00 0.0000e+00 0.0000e+00 0.0000e+00 -4.4268e+00 1.0475e-01 0.0000e+00 0.0000e+00 -1.0475e-01 -4.3177e+00 
114.0 8.0471e+00 -5.8371e+00 0.0000e+00 0.0000e+00 -5.8371e+00 7.7844e+00 0.0000e+00 0.0000e+00 0.0000e+00 0.0000e+00 -4.6007e+00 1.0979e-01 0.0000e+00 0.0000e+00 -1.0979e-01 -4.4891e+00 
115.0 8.0077e+00 -5.6747e+00 0.0000e+00 0.0000e+00 -5.6747e+00 7.7471e+00 0.0000e+00 0.0000e+00 0.0000e+00 0.0000e+00 -4.7682e+00 1.1451e-01 0.0000e+00 0.0000e+00 -1.1451e-01 -4.6543e+00 
116.0 7.9726e+00 -5.5137e+00 0.0000e+00 0.0000e+00 -5.5137e+00 7.7141e+00 0.0000e+00 0.0000e+00 0.0000e+00 0.0000e+00 -4.9297e+00 1.1891e-01 0.0000e+00 0.0000e+00 -1.1891e-01 -4.8136e+00 
117.0 7.9418e+00 -5.3542e+00 0.0000e+00 0.0000e+00 -5.3542e+00 7.6853e+00 0.0000e+00 0.0000e+00 0.0000e+00 0.0000e+00 -5.0854e+00 1.2298e-01 0.0000e+00 0.0000e+00 -1.2298e-01 -4.9671e+00 
118.0 7.9149e+00 -5.1961e+00 0.0000e+00 0.0000e+00 -5.1961e+00 7.6604e+00 0.0000e+00 0.0000e+00 0.0000e+00 0.0000e+00 -5.2355e+00 1.2674e-01 0.0000e+00 0.0000e+00 -1.2674e-01 -5.1150e+00 
119.0 7.8917e+00 -5.0397e+00 0.0000e+00 0.0000e+00 -5.0397e+00 7.6393e+00 0.0000e+00 0.0000e+00 0.0000e+00 0.0000e+00 -5.3801e+00 1.3019e-01 0.0000e+00 0.0000e+00 -1.3019e-01 -5.2575e+00 
120.0 7.8721e+00 -4.8849e+00 0.0000e+00 0.0000e+00 -4.8849e+00 7.6217e+00 0.0000e+00 0.0000e+00 0.0000e+00 0.0000e+00 -5.5195e+00 1.3333e-01 0.0000e+00 0.0000e+00 -1.3333e-01 -5.3949e+00 
121.0 7.8559e+00 -4.7318e+00 0.0000e+00 0.0000e+00 -4.7318e+00 7.6074e+00 0.0000e+00 0.0000e+00 0.0000e+00 0.0000e+00 -5.6539e+00 1.3617e-01 0.0000e+00 0.0000e+00 -1.3617e-01 -5.5273e+00 
122.0 7.8429e+00 -4.5804e+00 0.0000e+00 0.0000e+00 -4.5804e+00 7.5963e+00 0.0000e+00 0.0000e+00 0.0000e+00 0.0000e+00 -5.7834e+00 1.3871e-01 0.0000e+00 0.0000e+00 -1.3871e-01 -5.6549e+00 
123.0 7.8329e+00 -4.4309e+00 0.0000e+00 0.0000e+00 -4.4309e+00 7.5882e+00 0.0000e+00 0.0000e+00 0.0000e+00 0.0000e+00 -5.9082e+00 1.4097e-01 0.0000e+00 0.0000e+00 -1.4097e-01 -5.7778e+00 
124.0 7.8257e+00 -4.2832e+00 0.0000e+00 0.0000e+00 -4.2832e+00 7.5829e+00 0.0000e+00 0.0000e+00 0.0000e+00 0.0000e+00 -6.0285e+00 1.4295e-01 0.0000e+00 0.0000e+00 -1.4295e-01 -5.8963e+00 
125.0 7.8213e+00 -4.1374e+00 0.0000e+00 0.0000e+00 -4.1374e+00 7.5803e+00 0.0000e+00 0.0000e+00 0.0000e+00 0.0000e+00 -6.1445e+00 1.4465e-01 0.0000e+00 0.0000e+00 -1.4465e-01 -6.0105e+00 
126.0 7.8193e+00 -3.9937e+00 0.0000e+00 0.0000e+00 -3.9937e+00 7.5801e+00 0.0000e+00 0.0000e+00 0.0000e+00 0.0000e+00 -6.2562e+00 1.4608e-01 0.0000e+00 0.0000e+00 -1.4608e-01 -6.1205e+00 
127.0 7.8198e+00 -3.8519e+00 0.0000e+00 0.0000e+00 -3.8519e+00 7.5824e+00 0.0000e+00 0.0000e+00 0.0000e+00 0.0000e+00 -6.3639e+00 1.4724e-01 0.0000e+00 0.0000e+00 -1.4724e-01 -6.2266e+00 
128.0 7.8224e+00 -3.7122e+00 0.0000e+00 0.0000e+00 -3.7122e+00 7.5868e+00 0.0000e+00 0.0000e+00 0.0000e+00 0.0000e+00 -6.4676e+00 1.4815e-01 0.0000e+00 0.0000e+00 -1.4815e-01 -6.3287e+00 
129.0 7.8272e+00 -3.5746e+00 0.0000e+00 0.0000e+00 -3.5746e+00 7.5934e+00 0.0000e+00 0.0000e+00 0.0000e+00 0.0000e+00 -6.5676e+00 1.4881e-01 0.0000e+00 0.0000e+00 -1.4881e-01 -6.4271e+00 
130.0 7.8339e+00 -3.4391e+00 0.0000e+00 0.0000e+00 -3.4391e+00 7.6018e+00 0.0000e+00 0.0000e+00 0.0000e+00 0.0000e+00 -6.6639e+00 1.4923e-01 0.0000e+00 0.0000e+00 -1.4923e-01 -6.5220e+00 
131.0 7.8424e+00 -3.3059e+00 0.0000e+00 0.0000e+00 -3.3059e+00 7.6121e+00 0.0000e+00 0.0000e+00 0.0000e+00 0.0000e+00 -6.7566e+00 1.4941e-01 0.0000e+00 0.0000e+00 -1.4941e-01 -6.6134e+00 
132.0 7.8526e+00 -3.1749e+00 0.0000e+00 0.0000e+00 -3.1749e+00 7.6241e+00 0.0000e+00 0.0000e+00 0.0000e+00 0.0000e+00 -6.8460e+00 1.4936e-01 0.0000e+00 0.0000e+00 -1.4936e-01 -6.7014e+00 
133.0 7.8644e+00 -3.0461e+00 0.0000e+00 0.0000e+00 -3.0461e+00 7.6377e+00 0.0000e+00 0.0000e+00 0.0000e+00 0.0000e+00 -6.9321e+00 1.4908e-01 0.0000e+00 0.0000e+00 -1.4908e-01 -6.7861e+00 
134.0 7.8777e+00 -2.9197e+00 0.0000e+00 0.0000e+00 -2.9197e+00 7.6527e+00 0.0000e+00 0.0000e+00 0.0000e+00 0.0000e+00 -7.0150e+00 1.4858e-01 0.0000e+00 0.0000e+00 -1.4858e-01 -6.8678e+00 
135.0 7.8923e+00 -2.7956e+00 0.0000e+00 0.0000e+00 -2.7956e+00 7.6690e+00 0.0000e+00 0.0000e+00 0.0000e+00 0.0000e+00 -7.0948e+00 1.4785e-01 0.0000e+00 0.0000e+00 -1.4785e-01 -6.9464e+00 
136.0 7.9081e+00 -2.6739e+00 0.0000e+00 0.0000e+00 -2.6739e+00 7.6866e+00 0.0000e+00 0.0000e+00 0.0000e+00 0.0000e+00 -7.1716e+00 1.4689e-01 0.0000e+00 0.0000e+00 -1.4689e-01 -7.0222e+00 
137.0 7.9250e+00 -2.5546e+00 0.0000e+00 0.0000e+00 -2.5546e+00 7.7052e+00 0.0000e+00 0.0000e+00 0.0000e+00 0.0000e+00 -7.2456e+00 1.4571e-01 0.0000e+00 0.0000e+00 -1.4571e-01 -7.0951e+00 
138.0 7.9430e+00 -2.4378e+00 0.0000e+00 0.0000e+00 -2.4378e+00 7.7250e+00 0.0000e+00 0.0000e+00 0.0000e+00 0.0000e+00 -7.3167e+00 1.4431e-01 0.0000e+00 0.0000e+00 -1.4431e-01 -7.1653e+00 
139.0 7.9618e+00 -2.3234e+00 0.0000e+00 0.0000e+00 -2.3234e+00 7.7456e+00 0.0000e+00 0.0000e+00 0.0000e+00 0.0000e+00 -7.3852e+00 1.4269e-01 0.0000e+00 0.0000e+00 -1.4269e-01 -7.2329e+00 
140.0 7.9814e+00 -2.2115e+00 0.0000e+00 0.0000e+00 -2.2115e+00 7.7670e+00 0.0000e+00 0.0000e+00 0.0000e+00 0.0000e+00 -7.4511e+00 1.4085e-01 0.0000e+00 0.0000e+00 -1.4085e-01 -7.2979e+00 
141.0 8.0018e+00 -2.1022e+00 0.0000e+00 0.0000e+00 -2.1022e+00 7.7891e+00 0.0000e+00 0.0000e+00 0.0000e+00 0.0000e+00 -7.5144e+00 1.3879e-01 0.0000e+00 0.0000e+00 -1.3879e-01 -7.3605e+00 
142.0 8.0227e+00 -1.9954e+00 0.0000e+00 0.0000e+00 -1.9954e+00 7.8119e+00 0.0000e+00 0.0000e+00 0.0000e+00 0.0000e+00 -7.5753e+00 1.3651e-01 0.0000e+00 0.0000e+00 -1.3651e-01 -7.4207e+00 
143.0 8.0442e+00 -1.8911e+00 0.0000e+00 0.0000e+00 -1.8911e+00 7.8352e+00 0.0000e+00 0.0000e+00 0.0000e+00 0.0000e+00 -7.6338e+00 1.3404e-01 0.0000e+00 0.0000e+00 -1.3404e-01 -7.4786e+00 
144.0 8.0661e+00 -1.7895e+00 0.0000e+00 0.0000e+00 -1.7895e+00 7.8590e+00 0.0000e+00 0.0000e+00 0.0000e+00 0.0000e+00 -7.6900e+00 1.3136e-01 0.0000e+00 0.0000e+00 -1.3136e-01 -7.5343e+00 
145.0 8.0884e+00 -1.6904e+00 0.0000e+00 0.0000e+00 -1.6904e+00 7.8832e+00 0.0000e+00 0.0000e+00 0.0000e+00 0.0000e+00 -7.7440e+00 1.2850e-01 0.0000e+00 0.0000e+00 -1.2850e-01 -7.5878e+00 
146.0 8.1110e+00 -1.5939e+00 0.0000e+00 0.0000e+00 -1.5939e+00 7.9077e+00 0.0000e+00 0.0000e+00 0.0000e+00 0.0000e+00 -7.7958e+00 1.2545e-01 0.0000e+00 0.0000e+00 -1.2545e-01 -7.6392e+00 
147.0 8.1337e+00 -1.5001e+00 0.0000e+00 0.0000e+00 -1.5001e+00 7.9323e+00 0.0000e+00 0.0000e+00 0.0000e+00 0.0000e+00 -7.8454e+00 1.2222e-01 0.0000e+00 0.0000e+00 -1.2222e-01 -7.6886e+00 
148.0 8.1566e+00 -1.4089e+00 0.0000e+00 0.0000e+00 -1.4089e+00 7.9571e+00 0.0000e+00 0.0000e+00 0.0000e+00 0.0000e+00 -7.8930e+00 1.1881e-01 0.0000e+00 0.0000e+00 -1.1881e-01 -7.7360e+00 
149.0 8.1795e+00 -1.3204e+00 0.0000e+00 0.0000e+00 -1.3204e+00 7.9820e+00 0.0000e+00 0.0000e+00 0.0000e+00 0.0000e+00 -7.9386e+00 1.1523e-01 0.0000e+00 0.0000e+00 -1.1523e-01 -7.7814e+00 
150.0 8.2024e+00 -1.2345e+00 0.0000e+00 0.0000e+00 -1.2345e+00 8.0069e+00 0.0000e+00 0.0000e+00 0.0000e+00 0.0000e+00 -7.9824e+00 1.1149e-01 0.0000e+00 0.0000e+00 -1.1149e-01 -7.8251e+00 
151.0 8.2252e+00 -1.1513e+00 0.0000e+00 0.0000e+00 -1.1513e+00 8.0317e+00 0.0000e+00 0.0000e+00 0.0000e+00 0.0000e+00 -8.0242e+00 1.0759e-01 0.0000e+00 0.0000e+00 -1.0759e-01 -7.8669e+00 
152.0 8.2480e+00 -1.0708e+00 0.0000e+00 0.0000e+00 -1.0708e+00 8.0564e+00 0.0000e+00 0.0000e+00 0.0000e+00 0.0000e+00 -8.0643e+00 1.0353e-01 0.0000e+00 0.0000e+00 -1.0353e-01 -7.9069e+00 
153.0 8.2706e+00 -9.9307e-01 0.0000e+00 0.0000e+00 -9.9307e-01 8.0809e+00 0.0000e+00 0.0000e+00 0.0000e+00 0.0000e+00 -8.1026e+00 9.9339e-02 0.0000e+00 0.0000e+00 -9.9339e-02 -7.9452e+00 
154.0 8.2930e+00 -9.1801e-01 0.0000e+00 0.0000e+00 -9.1801e-01 8.1051e+00 0.0000e+00 0.0000e+00 0.0000e+00 0.0000e+00 -8.1392e+00 9.5016e-02 0.0000e+00 0.0000e+00 -9.5016e-02 -7.9818e+00 
155.0 8.3152e+00 -8.4569e-01 0.0000e+00 0.0000e+00 -8.4569e-01 8.1291e+00 0.0000e+00 0.0000e+00 0.0000e+00 0.0000e+00 -8.1741e+00 9.0586e-02 0.0000e+00 0.0000e+00 -9.0586e-02 -8.0168e+00 
156.0 8.3372e+00 -7.7611e-01 0.0000e+00 0.0000e+00 -7.7611e-01 8.1528e+00 0.0000e+00 0.0000e+00 0.0000e+00 0.0000e+00 -8.2074e+00 8.6076e-02 0.0000e+00 0.0000e+00 -8.6076e-02 -8.0500e+00 
157.0 8.3589e+00 -7.0929e-01 0.0000e+00 0.0000e+00 -7.0929e-01 8.1761e+00 0.0000e+00 0.0000e+00 0.0000e+00 0.0000e+00 -8.2391e+00 8.1505e-02 0.0000e+00 0.0000e+00 -8.1505e-02 -8.0817e+00 
158.0 8.3803e+00 -6.4526e-01 0.0000e+00 0.0000e+00 -6.4526e-01 8.1990e+00 0.0000e+00 0.0000e+00 0.0000e+00 0.0000e+00 -8.2692e+00 7.6881e-02 0.0000e+00 0.0000e+00 -7.6881e-02 -8.1118e+00 
159.0 8.4013e+00 -5.8404e-01 0.0000e+00 0.0000e+00 -5.8404e-01 8.2215e+00 0.0000e+00 0.0000e+00 0.0000e+00 0.0000e+00 -8.2979e+00 7.2197e-02 0.0000e+00 0.0000e+00 -7.2197e-02 -8.1403e+00 
160.0 8.4219e+00 -5.2563e-01 0.0000e+00 0.0000e+00 -5.2563e-01 8.2434e+00 0.0000e+00 0.0000e+00 0.0000e+00 0.0000e+00 -8.3251e+00 6.7447e-02 0.0000e+00 0.0000e+00 -6.7447e-02 -8.1673e+00 
161.0 8.4421e+00 -4.7007e-01 0.0000e+00 0.0000e+00 -4.7007e-01 8.2647e+00 0.0000e+00 0.0000e+00 0.0000e+00 0.0000e+00 -8.3508e+00 6.2633e-02 0.0000e+00 0.0000e+00 -6.2633e-02 -8.1928e+00 
162.0 8.4617e+00 -4.1737e-01 0.0000e+00 0.0000e+00 -4.1737e-01 8.2855e+00 0.0000e+00 0.0000e+00 0.0000e+00 0.0000e+00 -8.3750e+00 5.7754e-02 0.0000e+00 0.0000e+00 -5.7754e-02 -8.2168e+00 
163.0 8.4808e+00 -3.6757e-01 0.0000e+00 0.0000e+00 -3.6757e-01 8.3056e+00 0.0000e+00 0.0000e+00 0.0000e+00 0.0000e+00 -8.3979e+00 5.2790e-02 0.0000e+00 0.0000e+00 -5.2790e-02 -8.2393e+00 
164.0 8.4994e+00 -3.2071e-01 0.0000e+00 0.0000e+00 -3.2071e-01 8.3249e+00 0.0000e+00 0.0000e+00 0.0000e+00 0.0000e+00 -8.4195e+00 4.7688e-02 0.0000e+00 0.0000e+00 -4.7688e-02 -8.2604e+00 
165.0 8.5172e+00 -2.7686e-01 0.0000e+00 0.0000e+00 -2.7686e-01 8.3432e+00 0.0000e+00 0.0000e+00 0.0000e+00 0.0000e+00 -8.4398e+00 4.2372e-02 0.0000e+00 0.0000e+00 -4.2372e-02 -8.2801e+00 
166.0 8.5343e+00 -2.3613e-01 0.0000e+00 0.0000e+00 -2.3613e-01 8.3605e+00 0.0000e+00 0.0000e+00 0.0000e+00 0.0000e+00 -8.4591e+00 3.6759e-02 0.0000e+00 0.0000e+00 -3.6759e-02 -8.2984e+00 
167.0 8.5506e+00 -1.9862e-01 0.0000e+00 0.0000e+00 -1.9862e-01 8.3764e+00 0.0000e+00 0.0000e+00 0.0000e+00 0.0000e+00 -8.4774e+00 3.0784e-02 0.0000e+00 0.0000e+00 -3.0784e-02 -8.3153e+00 
168.0 8.5662e+00 -1.6447e-01 0.0000e+00 0.0000e+00 -1.6447e-01 8.3908e+00 0.0000e+00 0.0000e+00 0.0000e+00 0.0000e+00 -8.4949e+00 2.4422e-02 0.0000e+00 0.0000e+00 -2.4422e-02 -8.3306e+00 
169.0 8.5813e+00 -1.3378e-01 0.0000e+00 0.0000e+00 -1.3378e-01 8.4035e+00 0.0000e+00 0.0000e+00 0.0000e+00 0.0000e+00 -8.5118e+00 1.7735e-02 0.0000e+00 0.0000e+00 -1.7735e-02 -8.3440e+00 
170.0 8.5963e+00 -1.0660e-01 0.0000e+00 0.0000e+00 -1.0660e-01 8.4146e+00 0.0000e+00 0.0000e+00 0.0000e+00 0.0000e+00 -8.5281e+00 1.0909e-02 0.0000e+00 0.0000e+00 -1.0909e-02 -8.3554e+00 
171.0 8.6118e+00 -8.2909e-02 0.0000e+00 0.0000e+00 -8.2909e-02 8.4242e+00 0.0000e+00 0.0000e+00 0.0000e+00 0.0000e+00 -8.5439e+00 4.2711e-03 0.0000e+00 0.0000e+00 -4.2711e-03 -8.3642e+00 
172.0 8.6284e+00 -6.2618e-02 0.0000e+00 0.0000e+00 -6.2618e-02 8.4327e+00 0.0000e+00 0.0000e+00 0.0000e+00 0.0000e+00 -8.5592e+00 -1.6975e-03 0.0000e+00 0.0000e+00 1.6975e-03 -8.3701e+00 
173.0 8.6466e+00 -4.5577e-02 0.0000e+00 0.0000e+00 -4.5577e-02 8.4404e+00 0.0000e+00 0.0000e+00 0.0000e+00 0.0000e+00 -8.5740e+00 -6.3869e-03 0.0000e+00 0.0000e+00 6.3869e-03 -8.3730e+00 
174.0 8.6667e+00 -3.1568e-02 0.0000e+00 0.0000e+00 -3.1568e-02 8.4478e+00 0.0000e+00 0.0000e+00 0.0000e+00 0.0000e+00 -8.5880e+00 -9.1488e-03 0.0000e+00 0.0000e+00 9.1488e-03 -8.3729e+00 
175.0 8.6884e+00 -2.0324e-02 0.0000e+00 0.0000e+00 -2.0324e-02 8.4554e+00 0.0000e+00 0.0000e+00 0.0000e+00 0.0000e+00 -8.6010e+00 -9.5275e-03 0.0000e+00 0.0000e+00 9.5275e-03 -8.3702e+00 
176.0 8.7103e+00 -1.1596e-02 0.0000e+00 0.0000e+00 -1.1596e-02 8.4631e+00 0.0000e+00 0.0000e+00 0.0000e+00 0.0000e+00 -8.6122e+00 -7.6170e-03 0.0000e+00 0.0000e+00 7.6170e-03 -8.3659e+00 
177.0 8.7297e+00 -5.2538e-03 0.0000e+00 0.0000e+00 -5.2538e-03 8.4702e+00 0.0000e+00 0.0000e+00 0.0000e+00 0.0000e+00 -8.6210e+00 -4.3333e-03 0.0000e+00 0.0000e+00 4.3333e-03 -8.3612e+00 
178.0 8.7435e+00 -1.3428e-03 0.0000e+00 0.0000e+00 -1.3428e-03 8.4754e+00 0.0000e+00 0.0000e+00 0.0000e+00 0.0000e+00 -8.6267e+00 -1.2719e-03 0.0000e+00 0.0000e+00 1.2719e-03 -8.3576e+00 
179.0 8.7486e+00 -2.2686e-20 0.0000e+00 0.0000e+00 -2.2686e-20 8.4774e+00 0.0000e+00 0.0000e+00 0.0000e+00 0.0000e+00 -8.6287e+00 -2.0461e-20 0.0000e+00 0.0000e+00 2.0461e-20 -8.3563e+00 
180.0 8.7537e+00 0.0000e+00 0.0000e+00 0.0000e+00 0.0000e+00 8.4793e+00 0.0000e+00 0.0000e+00 0.0000e+00 0.0000e+00 -8.6306e+00 0.0000e+00 0.0000e+00 0.0000e+00 -0.0000e+00 -8.3549e+00 
