1.0796 1.3889 0.3093 0.075565
theta s11 s12 s13 s14 s21 s22 s23 s24 s31 s32 s33 s34 s41 s42 s43 s44
0.0 2.3499e+03 0.0000e+00 0.0000e+00 0.0000e+00 0.0000e+00 2.3489e+03 0.0000e+00 0.0000e+00 0.0000e+00 0.0000e+00 2.3489e+03 0.0000e+00 0.0000e+00 0.0000e+00 -0.0000e+00 2.3479e+03 
1.0 1.9882e+03 -1.4608e-01 0.0000e+00 0.0000e+00 -1.4608e-01 1.9872e+03 0.0000e+00 0.0000e+00 0.0000e+00 0.0000e+00 1.9872e+03 -9.6277e-01 0.0000e+00 0.0000e+00 9.6277e-01 1.9862e+03 
2.0 1.3753e+03 -3.1463e-01 0.0000e+00 0.0000e+00 -3.1463e-01 1.3743e+03 0.0000e+00 0.0000e+00 0.0000e+00 0.0000e+00 1.3743e+03 -3.0834e+00 0.0000e+00 0.0000e+00 3.0834e+00 1.3734e+03 
3.0 9.2070e+02 -3.5869e-01 0.0000e+00 0.0000e+00 -3.5869e-01 9.1975e+02 0.0000e+00 0.0000e+00 0.0000e+00 0.0000e+00 9.1970e+02 -4.9896e+00 0.0000e+00 0.0000e+00 4.9896e+00 9.1876e+02 
4.0 6.4062e+02 -3.5941e-01 0.0000e+00 0.0000e+00 -3.5941e-01 6.3970e+02 0.0000e+00 0.0000e+00 0.0000e+00 0.0000e+00 6.3960e+02 -6.0649e+00 0.0000e+00 0.0000e+00 6.0649e+00 6.3870e+02 
5.0 4.7027e+02 -3.6459e-01 0.0000e+00 0.0000e+00 -3.6459e-01 4.6938e+02 0.0000e+00 0.0000e+00 0.0000e+00 0.0000e+00 4.6923e+02 -6.5040e+00 0.0000e+00 0.0000e+00 6.5040e+00 4.6837e+02 
6.0 3.6155e+02 -3.8064e-01 0.0000e+00 0.0000e+00 -3.8064e-01 3.6069e+02 0.0000e+00 0.0000e+00 0.0000e+00 0.0000e+00 3.6050e+02 -6.6230e+00 0.0000e+00 0.0000e+00 6.6230e+00 3.5967e+02 
7.0 2.8784e+02 -4.0808e-01 0.0000e+00 0.0000e+00 -4.0808e-01 2.8700e+02 0.0000e+00 0.0000e+00 0.0000e+00 0.0000e+00 2.8677e+02 -6.5700e+00 0.0000e+00 0.0000e+00 6.5700e+00 2.8598e+02 
8.0 2.3525e+02 -4.4699e-01 0.0000e+00 0.0000e+00 -4.4699e-01 2.3444e+02 0.0000e+00 0.0000e+00 0.0000e+00 0.0000e+00 2.3416e+02 -6.4059e+00 0.0000e+00 0.0000e+00 6.4059e+00 2.3342e+02 
9.0 1.9626e+02 -4.9619e-01 0.0000e+00 0.0000e+00 -4.9619e-01 1.9547e+02 0.0000e+00 0.0000e+00 0.0000e+00 0.0000e+00 1.9515e+02 -6.1637e+00 0.0000e+00 0.0000e+00 6.1637e+00 1.9444e+02 
10.0 1.6650e+02 -5.5315e-01 0.0000e+00 0.0000e+00 -5.5315e-01 1.6573e+02 0.0000e+00 0.0000e+00 0.0000e+00 0.0000e+00 1.6537e+02 -5.8637e+00 0.0000e+00 0.0000e+00 5.8637e+00 1.6470e+02 
11.0 1.4334e+02 -6.1501e-01 0.0000e+00 0.0000e+00 -6.1501e-01 1.4258e+02 0.0000e+00 0.0000e+00 0.0000e+00 0.0000e+00 1.4219e+02 -5.5265e+00 0.0000e+00 0.0000e+00 5.5265e+00 1.4154e+02 
12.0 1.2500e+02 -6.7955e-01 0.0000e+00 0.0000e+00 -6.7955e-01 1.2425e+02 0.0000e+00 0.0000e+00 0.0000e+00 0.0000e+00 1.2383e+02 -5.1727e+00 0.0000e+00 0.0000e+00 5.1727e+00 1.2321e+02 
13.0 1.1027e+02 -7.4632e-01 0.0000e+00 0.0000e+00 -7.4632e-01 1.0954e+02 0.0000e+00 0.0000e+00 0.0000e+00 0.0000e+00 1.0908e+02 -4.8163e+00 0.0000e+00 0.0000e+00 4.8163e+00 1.0849e+02 
14.0 9.8283e+01 -8.0966e-01 0.0000e+00 0.0000e+00 -8.0966e-01 9.7562e+01 0.0000e+00 0.0000e+00 0.0000e+00 0.0000e+00 9.7085e+01 -4.4767e+00 0.0000e+00 0.0000e+00 4.4767e+00 9.6521e+01 
15.0 8.8407e+01 -8.7352e-01 0.0000e+00 0.0000e+00 -8.7352e-01 8.7696e+01 0.0000e+00 0.0000e+00 0.0000e+00 0.0000e+00 8.7197e+01 -4.1485e+00 0.0000e+00 0.0000e+00 4.1485e+00 8.6656e+01 
16.0 8.0173e+01 -9.3644e-01 0.0000e+00 0.0000e+00 -9.3644e-01 7.9471e+01 0.0000e+00 0.0000e+00 0.0000e+00 0.0000e+00 7.8953e+01 -3.8368e+00 0.0000e+00 0.0000e+00 3.8368e+00 7.8434e+01 
17.0 7.3240e+01 -9.9847e-01 0.0000e+00 0.0000e+00 -9.9847e-01 7.2546e+01 0.0000e+00 0.0000e+00 0.0000e+00 0.0000e+00 7.2011e+01 -3.5452e+00 0.0000e+00 0.0000e+00 3.5452e+00 7.1513e+01 
18.0 6.7343e+01 -1.0597e+00 0.0000e+00 0.0000e+00 -1.0597e+00 6.6657e+01 0.0000e+00 0.0000e+00 0.0000e+00 0.0000e+00 6.6107e+01 -3.2757e+00 0.0000e+00 0.0000e+00 3.2757e+00 6.5629e+01 
19.0 6.2279e+01 -1.1202e+00 0.0000e+00 0.0000e+00 -1.1202e+00 6.1599e+01 0.0000e+00 0.0000e+00 0.0000e+00 0.0000e+00 6.1276e+01 -3.0284e+00 0.0000e+00 0.0000e+00 3.0284e+00 6.0822e+01 
20.0 5.7888e+01 -1.1799e+00 0.0000e+00 0.0000e+00 -1.1799e+00 5.7214e+01 0.0000e+00 0.0000e+00 0.0000e+00 0.0000e+00 5.7086e+01 -2.8030e+00 0.0000e+00 0.0000e+00 2.8030e+00 5.6653e+01 
21.0 5.4044e+01 -1.2388e+00 0.0000e+00 0.0000e+00 -1.2388e+00 5.3375e+01 0.0000e+00 0.0000e+00 0.0000e+00 0.0000e+00 5.3418e+01 -2.5990e+00 0.0000e+00 0.0000e+00 2.5990e+00 5.3003e+01 
22.0 5.0647e+01 -1.2968e+00 0.0000e+00 0.0000e+00 -1.2968e+00 4.9984e+01 0.0000e+00 0.0000e+00 0.0000e+00 0.0000e+00 5.0176e+01 -2.4152e+00 0.0000e+00 0.0000e+00 2.4152e+00 4.9777e+01 
23.0 4.7618e+01 -1.3541e+00 0.0000e+00 0.0000e+00 -1.3541e+00 4.6960e+01 0.0000e+00 0.0000e+00 0.0000e+00 0.0000e+00 4.7284e+01 -2.2493e+00 0.0000e+00 0.0000e+00 2.2493e+00 4.6900e+01 
24.0 4.4898e+01 -1.4109e+00 0.0000e+00 0.0000e+00 -1.4109e+00 4.4245e+01 0.0000e+00 0.0000e+00 0.0000e+00 0.0000e+00 4.4685e+01 -2.0983e+00 0.0000e+00 0.0000e+00 2.0983e+00 4.4314e+01 
25.0 4.2439e+01 -1.4674e+00 0.0000e+00 0.0000e+00 -1.4674e+00 4.1791e+01 0.0000e+00 0.0000e+00 0.0000e+00 0.0000e+00 4.2335e+01 -1.9599e+00 0.0000e+00 0.0000e+00 1.9599e+00 4.1976e+01 
26.0 4.0205e+01 -1.5238e+00 0.0000e+00 0.0000e+00 -1.5238e+00 3.9561e+01 0.0000e+00 0.0000e+00 0.0000e+00 0.0000e+00 4.0198e+01 -1.8328e+00 0.0000e+00 0.0000e+00 1.8328e+00 3.9850e+01 
27.0 3.8163e+01 -1.5801e+00 0.0000e+00 0.0000e+00 -1.5801e+00 3.7524e+01 0.0000e+00 0.0000e+00 0.0000e+00 0.0000e+00 3.8244e+01 -1.7161e+00 0.0000e+00 0.0000e+00 1.7161e+00 3.7906e+01 
28.0 3.6286e+01 -1.6359e+00 0.0000e+00 0.0000e+00 -1.6359e+00 3.5651e+01 0.0000e+00 0.0000e+00 0.0000e+00 0.0000e+00 3.6447e+01 -1.6090e+00 0.0000e+00 0.0000e+00 1.6090e+00 3.6118e+01 
29.0 3.4550e+01 -1.6912e+00 0.0000e+00 0.0000e+00 -1.6912e+00 3.3920e+01 0.0000e+00 0.0000e+00 0.0000e+00 0.0000e+00 3.4783e+01 -1.5107e+00 0.0000e+00 0.0000e+00 1.5107e+00 3.4463e+01 
30.0 3.2937e+01 -1.7459e+00 0.0000e+00 0.0000e+00 -1.7459e+00 3.2310e+01 0.0000e+00 0.0000e+00 0.0000e+00 0.0000e+00 3.3235e+01 -1.4200e+00 0.0000e+00 0.0000e+00 1.4200e+00 3.2923e+01 
31.0 3.1430e+01 -1.7997e+00 0.0000e+00 0.0000e+00 -1.7997e+00 3.0807e+01 0.0000e+00 0.0000e+00 0.0000e+00 0.0000e+00 3.1628e+01 -1.3364e+00 0.0000e+00 0.0000e+00 1.3364e+00 3.1329e+01 
32.0 3.0017e+01 -1.8523e+00 0.0000e+00 0.0000e+00 -1.8523e+00 2.9399e+01 0.0000e+00 0.0000e+00 0.0000e+00 0.0000e+00 3.0124e+01 -1.2594e+00 0.0000e+00 0.0000e+00 1.2594e+00 2.9837e+01 
33.0 2.8689e+01 -1.9037e+00 0.0000e+00 0.0000e+00 -1.9037e+00 2.8075e+01 0.0000e+00 0.0000e+00 0.0000e+00 0.0000e+00 2.8712e+01 -1.1884e+00 0.0000e+00 0.0000e+00 1.1884e+00 2.8437e+01 
34.0 2.7437e+01 -1.9534e+00 0.0000e+00 0.0000e+00 -1.9534e+00 2.6826e+01 0.0000e+00 0.0000e+00 0.0000e+00 0.0000e+00 2.7382e+01 -1.1227e+00 0.0000e+00 0.0000e+00 1.1227e+00 2.7118e+01 
35.0 2.6254e+01 -2.0015e+00 0.0000e+00 0.0000e+00 -2.0015e+00 2.5647e+01 0.0000e+00 0.0000e+00 0.0000e+00 0.0000e+00 2.6125e+01 -1.0618e+00 0.0000e+00 0.0000e+00 1.0618e+00 2.5873e+01 
36.0 2.5136e+01 -2.0480e+00 0.0000e+00 0.0000e+00 -2.0480e+00 2.4532e+01 0.0000e+00 0.0000e+00 0.0000e+00 0.0000e+00 2.4937e+01 -1.0049e+00 0.0000e+00 0.0000e+00 1.0049e+00 2.4695e+01 
37.0 2.4078e+01 -2.0930e+00 0.0000e+00 0.0000e+00 -2.0930e+00 2.3478e+01 0.0000e+00 0.0000e+00 0.0000e+00 0.0000e+00 2.3810e+01 -9.5148e-01 0.0000e+00 0.0000e+00 9.5148e-01 2.3579e+01 
38.0 2.3076e+01 -2.1368e+00 0.0000e+00 0.0000e+00 -2.1368e+00 2.2480e+01 0.0000e+00 0.0000e+00 0.0000e+00 0.0000e+00 2.2742e+01 -9.0106e-01 0.0000e+00 0.0000e+00 9.0106e-01 2.2522e+01 
39.0 2.2128e+01 -2.1793e+00 0.0000e+00 0.0000e+00 -2.1793e+00 2.1535e+01 0.0000e+00 0.0000e+00 0.0000e+00 0.0000e+00 2.1729e+01 -8.5346e-01 0.0000e+00 0.0000e+00 8.5346e-01 2.1518e+01 
40.0 2.1229e+01 -2.2204e+00 0.0000e+00 0.0000e+00 -2.2204e+00 2.0639e+01 0.0000e+00 0.0000e+00 0.0000e+00 0.0000e+00 2.0766e+01 -8.0851e-01 0.0000e+00 0.0000e+00 8.0851e-01 2.0565e+01 
41.0 2.0375e+01 -2.2602e+00 0.0000e+00 0.0000e+00 -2.2602e+00 1.9789e+01 0.0000e+00 0.0000e+00 0.0000e+00 0.0000e+00 1.9850e+01 -7.6605e-01 0.0000e+00 0.0000e+00 7.6605e-01 1.9659e+01 
42.0 1.9564e+01 -2.2984e+00 0.0000e+00 0.0000e+00 -2.2984e+00 1.8981e+01 0.0000e+00 0.0000e+00 0.0000e+00 0.0000e+00 1.8977e+01 -7.2591e-01 0.0000e+00 0.0000e+00 7.2591e-01 1.8796e+01 
43.0 1.8792e+01 -2.3348e+00 0.0000e+00 0.0000e+00 -2.3348e+00 1.8212e+01 0.0000e+00 0.0000e+00 0.0000e+00 0.0000e+00 1.8145e+01 -6.8784e-01 0.0000e+00 0.0000e+00 6.8784e-01 1.7973e+01 
44.0 1.8057e+01 -2.3694e+00 0.0000e+00 0.0000e+00 -2.3694e+00 1.7479e+01 0.0000e+00 0.0000e+00 0.0000e+00 0.0000e+00 1.7351e+01 -6.5154e-01 0.0000e+00 0.0000e+00 6.5154e-01 1.7188e+01 
45.0 1.7355e+01 -2.4022e+00 0.0000e+00 0.0000e+00 -2.4022e+00 1.6781e+01 0.0000e+00 0.0000e+00 0.0000e+00 0.0000e+00 1.6592e+01 -6.1676e-01 0.0000e+00 0.0000e+00 6.1676e-01 1.6437e+01 
46.0 1.6685e+01 -2.4331e+00 0.0000e+00 0.0000e+00 -2.4331e+00 1.6113e+01 0.0000e+00 0.0000e+00 0.0000e+00 0.0000e+00 1.5866e+01 -5.8323e-01 0.0000e+00 0.0000e+00 5.8323e-01 1.5720e+01 
47.0 1.6045e+01 -2.4622e+00 0.0000e+00 0.0000e+00 -2.4622e+00 1.5476e+01 0.0000e+00 0.0000e+00 0.0000e+00 0.0000e+00 1.5171e+01 -5.5074e-01 0.0000e+00 0.0000e+00 5.5074e-01 1.5034e+01 
48.0 1.5433e+01 -2.4895e+00 0.0000e+00 0.0000e+00 -2.4895e+00 1.4868e+01 0.0000e+00 0.0000e+00 0.0000e+00 0.0000e+00 1.4506e+01 -5.1916e-01 0.0000e+00 0.0000e+00 5.1916e-01 1.4377e+01 
49.0 1.4849e+01 -2.5151e+00 0.0000e+00 0.0000e+00 -2.5151e+00 1.4286e+01 0.0000e+00 0.0000e+00 0.0000e+00 0.0000e+00 1.3869e+01 -4.8840e-01 0.0000e+00 0.0000e+00 4.8840e-01 1.3748e+01 
50.0 1.4291e+01 -2.5389e+00 0.0000e+00 0.0000e+00 -2.5389e+00 1.3731e+01 0.0000e+00 0.0000e+00 0.0000e+00 0.0000e+00 1.3259e+01 -4.5835e-01 0.0000e+00 0.0000e+00 4.5835e-01 1.3146e+01 
51.0 1.3759e+01 -2.5609e+00 0.0000e+00 0.0000e+00 -2.5609e+00 1.3201e+01 0.0000e+00 0.0000e+00 0.0000e+00 0.0000e+00 1.2674e+01 -4.2895e-01 0.0000e+00 0.0000e+00 4.2895e-01 1.2570e+01 
52.0 1.3250e+01 -2.5814e+00 0.0000e+00 0.0000e+00 -2.5814e+00 1.2694e+01 0.0000e+00 0.0000e+00 0.0000e+00 0.0000e+00 1.2114e+01 -4.0009e-01 0.0000e+00 0.0000e+00 4.0009e-01 1.2018e+01 
53.0 1.2763e+01 -2.6002e+00 0.0000e+00 0.0000e+00 -2.6002e+00 1.2210e+01 0.0000e+00 0.0000e+00 0.0000e+00 0.0000e+00 1.1577e+01 -3.7177e-01 0.0000e+00 0.0000e+00 3.7177e-01 1.1488e+01 
54.0 1.2299e+01 -2.6175e+00 0.0000e+00 0.0000e+00 -2.6175e+00 1.1748e+01 0.0000e+00 0.0000e+00 0.0000e+00 0.0000e+00 1.1063e+01 -3.4400e-01 0.0000e+00 0.0000e+00 3.4400e-01 1.0981e+01 
55.0 1.1856e+01 -2.6331e+00 0.0000e+00 0.0000e+00 -2.6331e+00 1.1307e+01 0.0000e+00 0.0000e+00 0.0000e+00 0.0000e+00 1.0569e+01 -3.1680e-01 0.0000e+00 0.0000e+00 3.1680e-01 1.0495e+01 
56.0 1.1432e+01 -2.6472e+00 0.0000e+00 0.0000e+00 -2.6472e+00 1.0886e+01 0.0000e+00 0.0000e+00 0.0000e+00 0.0000e+00 1.0095e+01 -2.9019e-01 0.0000e+00 0.0000e+00 2.9019e-01 1.0029e+01 
57.0 1.1028e+01 -2.6596e+00 0.0000e+00 0.0000e+00 -2.6596e+00 1.0483e+01 0.0000e+00 0.0000e+00 0.0000e+00 0.0000e+00 9.6410e+00 -2.6415e-01 0.0000e+00 0.0000e+00 2.6415e-01 9.5821e+00 
58.0 1.0641e+01 -2.6704e+00 0.0000e+00 0.0000e+00 -2.6704e+00 1.0099e+01 0.0000e+00 0.0000e+00 0.0000e+00 0.0000e+00 9.2048e+00 -2.3869e-01 0.0000e+00 0.0000e+00 2.3869e-01 9.1532e+00 
59.0 1.0272e+01 -2.6797e+00 0.0000e+00 0.0000e+00 -2.6797e+00 9.7312e+00 0.0000e+00 0.0000e+00 0.0000e+00 0.0000e+00 8.7859e+00 -2.1380e-01 0.0000e+00 0.0000e+00 2.1380e-01 8.7415e+00 
60.0 9.9183e+00 -2.6873e+00 0.0000e+00 0.0000e+00 -2.6873e+00 9.3798e+00 0.0000e+00 0.0000e+00 0.0000e+00 0.0000e+00 8.3834e+00 -1.8948e-01 0.0000e+00 0.0000e+00 1.8948e-01 8.3462e+00 
61.0 9.5805e+00 -2.6933e+00 0.0000e+00 0.0000e+00 -2.6933e+00 9.0439e+00 0.0000e+00 0.0000e+00 0.0000e+00 0.0000e+00 7.9967e+00 -1.6570e-01 0.0000e+00 0.0000e+00 1.6570e-01 7.9666e+00 
62.0 9.2576e+00 -2.6977e+00 0.0000e+00 0.0000e+00 -2.6977e+00 8.7227e+00 0.0000e+00 0.0000e+00 0.0000e+00 0.0000e+00 7.6250e+00 -1.4246e-01 0.0000e+00 0.0000e+00 1.4246e-01 7.6020e+00 
63.0 8.9488e+00 -2.7006e+00 0.0000e+00 0.0000e+00 -2.7006e+00 8.4156e+00 0.0000e+00 0.0000e+00 0.0000e+00 0.0000e+00 7.2678e+00 -1.1978e-01 0.0000e+00 0.0000e+00 1.1978e-01 7.2517e+00 
64.0 8.6534e+00 -2.7019e+00 0.0000e+00 0.0000e+00 -2.7019e+00 8.1219e+00 0.0000e+00 0.0000e+00 0.0000e+00 0.0000e+00 6.9242e+00 -9.7686e-02 0.0000e+00 0.0000e+00 9.7686e-02 6.9151e+00 
65.0 8.3710e+00 -2.7017e+00 0.0000e+00 0.0000e+00 -2.7017e+00 7.8410e+00 0.0000e+00 0.0000e+00 0.0000e+00 0.0000e+00 6.5938e+00 -7.6207e-02 0.0000e+00 0.0000e+00 7.6207e-02 6.5915e+00 
66.0 8.1008e+00 -2.6999e+00 0.0000e+00 0.0000e+00 -2.6999e+00 7.5724e+00 0.0000e+00 0.0000e+00 0.0000e+00 0.0000e+00 6.2759e+00 -5.5364e-02 0.0000e+00 0.0000e+00 5.5364e-02 6.2805e+00 
67.0 7.8424e+00 -2.6967e+00 0.0000e+00 0.0000e+00 -2.6967e+00 7.3154e+00 0.0000e+00 0.0000e+00 0.0000e+00 0.0000e+00 5.9700e+00 -3.5161e-02 0.0000e+00 0.0000e+00 3.5161e-02 5.9813e+00 
68.0 7.5952e+00 -2.6919e+00 0.0000e+00 0.0000e+00 -2.6919e+00 7.0696e+00 0.0000e+00 0.0000e+00 0.0000e+00 0.0000e+00 5.6756e+00 -1.5597e-02 0.0000e+00 0.0000e+00 1.5597e-02 5.6935e+00 
69.0 7.3586e+00 -2.6857e+00 0.0000e+00 0.0000e+00 -2.6857e+00 6.8345e+00 0.0000e+00 0.0000e+00 0.0000e+00 0.0000e+00 5.3920e+00 3.3391e-03 0.0000e+00 0.0000e+00 -3.3391e-03 5.4166e+00 
70.0 7.1324e+00 -2.6780e+00 0.0000e+00 0.0000e+00 -2.6780e+00 6.6096e+00 0.0000e+00 0.0000e+00 0.0000e+00 0.0000e+00 5.1189e+00 2.1653e-02 0.0000e+00 0.0000e+00 -2.1653e-02 5.1501e+00 
71.0 6.9159e+00 -2.6689e+00 0.0000e+00 0.0000e+00 -2.6689e+00 6.3945e+00 0.0000e+00 0.0000e+00 0.0000e+00 0.0000e+00 4.8557e+00 3.9344e-02 0.0000e+00 0.0000e+00 -3.9344e-02 4.8935e+00 
72.0 6.7088e+00 -2.6584e+00 0.0000e+00 0.0000e+00 -2.6584e+00 6.1887e+00 0.0000e+00 0.0000e+00 0.0000e+00 0.0000e+00 4.6022e+00 5.6406e-02 0.0000e+00 0.0000e+00 -5.6406e-02 4.6464e+00 
73.0 6.5107e+00 -2.6466e+00 0.0000e+00 0.0000e+00 -2.6466e+00 5.9919e+00 0.0000e+00 0.0000e+00 0.0000e+00 0.0000e+00 4.3578e+00 7.2846e-02 0.0000e+00 0.0000e+00 -7.2846e-02 4.4084e+00 
74.0 6.3212e+00 -2.6334e+00 0.0000e+00 0.0000e+00 -2.6334e+00 5.8038e+00 0.0000e+00 0.0000e+00 0.0000e+00 0.0000e+00 4.1222e+00 8.8668e-02 0.0000e+00 0.0000e+00 -8.8668e-02 4.1791e+00 
75.0 6.1400e+00 -2.6190e+00 0.0000e+00 0.0000e+00 -2.6190e+00 5.6238e+00 0.0000e+00 0.0000e+00 0.0000e+00 0.0000e+00 3.8950e+00 1.0388e-01 0.0000e+00 0.0000e+00 -1.0388e-01 3.9582e+00 
76.0 5.9667e+00 -2.6033e+00 0.0000e+00 0.0000e+00 -2.6033e+00 5.4518e+00 0.0000e+00 0.0000e+00 0.0000e+00 0.0000e+00 3.6759e+00 1.1849e-01 0.0000e+00 0.0000e+00 -1.1849e-01 3.7453e+00 
77.0 5.8009e+00 -2.5864e+00 0.0000e+00 0.0000e+00 -2.5864e+00 5.2874e+00 0.0000e+00 0.0000e+00 0.0000e+00 0.0000e+00 3.4645e+00 1.3252e-01 0.0000e+00 0.0000e+00 -1.3252e-01 3.5401e+00 
78.0 5.6424e+00 -2.5683e+00 0.0000e+00 0.0000e+00 -2.5683e+00 5.1302e+00 0.0000e+00 0.0000e+00 0.0000e+00 0.0000e+00 3.2605e+00 1.4600e-01 0.0000e+00 0.0000e+00 -1.4600e-01 3.3422e+00 
79.0 5.4909e+00 -2.5490e+00 0.0000e+00 0.0000e+00 -2.5490e+00 4.9800e+00 0.0000e+00 0.0000e+00 0.0000e+00 0.0000e+00 3.0636e+00 1.5895e-01 0.0000e+00 0.0000e+00 -1.5895e-01 3.1513e+00 
80.0 5.3460e+00 -2.5287e+00 0.0000e+00 0.0000e+00 -2.5287e+00 4.8365e+00 0.0000e+00 0.0000e+00 0.0000e+00 0.0000e+00 2.8736e+00 1.7137e-01 0.0000e+00 0.0000e+00 -1.7137e-01 2.9672e+00 
81.0 5.2076e+00 -2.5074e+00 0.0000e+00 0.0000e+00 -2.5074e+00 4.6994e+00 0.0000e+00 0.0000e+00 0.0000e+00 0.0000e+00 2.6902e+00 1.8328e-01 0.0000e+00 0.0000e+00 -1.8328e-01 2.7897e+00 
82.0 5.0753e+00 -2.4850e+00 0.0000e+00 0.0000e+00 -2.4850e+00 4.5685e+00 0.0000e+00 0.0000e+00 0.0000e+00 0.0000e+00 2.5131e+00 1.9467e-01 0.0000e+00 0.0000e+00 -1.9467e-01 2.6183e+00 
83.0 4.9489e+00 -2.4617e+00 0.0000e+00 0.0000e+00 -2.4617e+00 4.4435e+00 0.0000e+00 0.0000e+00 0.0000e+00 0.0000e+00 2.3420e+00 2.0555e-01 0.0000e+00 0.0000e+00 -2.0555e-01 2.4530e+00 
84.0 4.8282e+00 -2.4375e+00 0.0000e+00 0.0000e+00 -2.4375e+00 4.3242e+00 0.0000e+00 0.0000e+00 0.0000e+00 0.0000e+00 2.1768e+00 2.1595e-01 0.0000e+00 0.0000e+00 -2.1595e-01 2.2934e+00 
85.0 4.7129e+00 -2.4123e+00 0.0000e+00 0.0000e+00 -2.4123e+00 4.2103e+00 0.0000e+00 0.0000e+00 0.0000e+00 0.0000e+00 2.0172e+00 2.2587e-01 0.0000e+00 0.0000e+00 -2.2587e-01 2.1393e+00 
86.0 4.6028e+00 -2.3863e+00 0.0000e+00 0.0000e+00 -2.3863e+00 4.1016e+00 0.0000e+00 0.0000e+00 0.0000e+00 0.0000e+00 1.8630e+00 2.3532e-01 0.0000e+00 0.0000e+00 -2.3532e-01 1.9906e+00 
87.0 4.4977e+00 -2.3596e+00 0.0000e+00 0.0000e+00 -2.3596e+00 3.9980e+00 0.0000e+00 0.0000e+00 0.0000e+00 0.0000e+00 1.7139e+00 2.4432e-01 0.0000e+00 0.0000e+00 -2.4432e-01 1.8469e+00 
88.0 4.3974e+00 -2.3320e+00 0.0000e+00 0.0000e+00 -2.3320e+00 3.8992e+00 0.0000e+00 0.0000e+00 0.0000e+00 0.0000e+00 1.5699e+00 2.5287e-01 0.0000e+00 0.0000e+00 -2.5287e-01 1.7082e+00 
89.0 4.3017e+00 -2.3038e+00 0.0000e+00 0.0000e+00 -2.3038e+00 3.8050e+00 0.0000e+00 0.0000e+00 0.0000e+00 0.0000e+00 1.4307e+00 2.6096e-01 0.0000e+00 0.0000e+00 -2.6096e-01 1.5742e+00 
90.0 4.2104e+00 -2.2749e+00 0.0000e+00 0.0000e+00 -2.2749e+00 3.7152e+00 0.0000e+00 0.0000e+00 0.0000e+00 0.0000e+00 1.2962e+00 2.6860e-01 0.0000e+00 0.0000e+00 -2.6860e-01 1.4447e+00 
91.0 4.1234e+00 -2.2453e+00 0.0000e+00 0.0000e+00 -2.2453e+00 3.6297e+00 0.0000e+00 0.0000e+00 0.0000e+00 0.0000e+00 1.1661e+00 2.7577e-01 0.0000e+00 0.0000e+00 -2.7577e-01 1.3196e+00 
92.0 4.0404e+00 -2.2151e+00 0.0000e+00 0.0000e+00 -2.2151e+00 3.5483e+00 0.0000e+00 0.0000e+00 0.0000e+00 0.0000e+00 1.0403e+00 2.8248e-01 0.0000e+00 0.0000e+00 -2.8248e-01 1.1987e+00 
93.0 3.9613e+00 -2.1844e+00 0.0000e+00 0.0000e+00 -2.1844e+00 3.4708e+00 0.0000e+00 0.0000e+00 0.0000e+00 0.0000e+00 9.1872e-01 2.8873e-01 0.0000e+00 0.0000e+00 -2.8873e-01 1.0818e+00 
94.0 3.8860e+00 -2.1531e+00 0.0000e+00 0.0000e+00 -2.1531e+00 3.3972e+00 0.0000e+00 0.0000e+00 0.0000e+00 0.0000e+00 8.0111e-01 2.9451e-01 0.0000e+00 0.0000e+00 -2.9451e-01 9.6879e-01 
95.0 3.8142e+00 -2.1212e+00 0.0000e+00 0.0000e+00 -2.1212e+00 3.3271e+00 0.0000e+00 0.0000e+00 0.0000e+00 0.0000e+00 6.8735e-01 2.9984e-01 0.0000e+00 0.0000e+00 -2.9984e-01 8.5947e-01 
96.0 3.7459e+00 -2.0888e+00 0.0000e+00 0.0000e+00 -2.0888e+00 3.2606e+00 0.0000e+00 0.0000e+00 0.0000e+00 0.0000e+00 5.7730e-01 3.0472e-01 0.0000e+00 0.0000e+00 -3.0472e-01 7.5371e-01 
97.0 3.6810e+00 -2.0559e+00 0.0000e+00 0.0000e+00 -2.0559e+00 3.1974e+00 0.0000e+00 0.0000e+00 0.0000e+00 0.0000e+00 4.7082e-01 3.0917e-01 0.0000e+00 0.0000e+00 -3.0917e-01 6.5137e-01 
98.0 3.6192e+00 -2.0225e+00 0.0000e+00 0.0000e+00 -2.0225e+00 3.1375e+00 0.0000e+00 0.0000e+00 0.0000e+00 0.0000e+00 3.6779e-01 3.1320e-01 0.0000e+00 0.0000e+00 -3.1320e-01 5.5231e-01 
99.0 3.5605e+00 -1.9886e+00 0.0000e+00 0.0000e+00 -1.9886e+00 3.0807e+00 0.0000e+00 0.0000e+00 0.0000e+00 0.0000e+00 2.6808e-01 3.1683e-01 0.0000e+00 0.0000e+00 -3.1683e-01 4.5641e-01 
100.0 3.5047e+00 -1.9544e+00 0.0000e+00 0.0000e+00 -1.9544e+00 3.0269e+00 0.0000e+00 0.0000e+00 0.0000e+00 0.0000e+00 1.7158e-01 3.2006e-01 0.0000e+00 0.0000e+00 -3.2006e-01 3.6355e-01 
101.0 3.4517e+00 -1.9197e+00 0.0000e+00 0.0000e+00 -1.9197e+00 2.9761e+00 0.0000e+00 0.0000e+00 0.0000e+00 0.0000e+00 7.8173e-02 3.2291e-01 0.0000e+00 0.0000e+00 -3.2291e-01 2.7361e-01 
102.0 3.4015e+00 -1.8846e+00 0.0000e+00 0.0000e+00 -1.8846e+00 2.9280e+00 0.0000e+00 0.0000e+00 0.0000e+00 0.0000e+00 -1.2250e-02 3.2538e-01 0.0000e+00 0.0000e+00 -3.2538e-01 1.8647e-01 
103.0 3.3540e+00 -1.8492e+00 0.0000e+00 0.0000e+00 -1.8492e+00 2.8827e+00 0.0000e+00 0.0000e+00 0.0000e+00 0.0000e+00 -9.9797e-02 3.2750e-01 0.0000e+00 0.0000e+00 -3.2750e-01 1.0204e-01 
104.0 3.3089e+00 -1.8134e+00 0.0000e+00 0.0000e+00 -1.8134e+00 2.8399e+00 0.0000e+00 0.0000e+00 0.0000e+00 0.0000e+00 -1.8457e-01 3.2926e-01 0.0000e+00 0.0000e+00 -3.2926e-01 2.0197e-02 
105.0 3.2663e+00 -1.7773e+00 0.0000e+00 0.0000e+00 -1.7773e+00 2.7997e+00 0.0000e+00 0.0000e+00 0.0000e+00 0.0000e+00 -2.6667e-01 3.3069e-01 0.0000e+00 0.0000e+00 -3.3069e-01 -5.9151e-02 
106.0 3.2261e+00 -1.7408e+00 0.0000e+00 0.0000e+00 -1.7408e+00 2.7619e+00 0.0000e+00 0.0000e+00 0.0000e+00 0.0000e+00 -3.4619e-01 3.3179e-01 0.0000e+00 0.0000e+00 -3.3179e-01 -1.3610e-01 
107.0 3.1881e+00 -1.7041e+00 0.0000e+00 0.0000e+00 -1.7041e+00 2.7265e+00 0.0000e+00 0.0000e+00 0.0000e+00 0.0000e+00 -4.2322e-01 3.3259e-01 0.0000e+00 0.0000e+00 -3.3259e-01 -2.1074e-01 
108.0 3.1522e+00 -1.6671e+00 0.0000e+00 0.0000e+00 -1.6671e+00 2.6933e+00 0.0000e+00 0.0000e+00 0.0000e+00 0.0000e+00 -4.9785e-01 3.3310e-01 0.0000e+00 0.0000e+00 -3.3310e-01 -2.8316e-01 
109.0 3.1185e+00 -1.6299e+00 0.0000e+00 0.0000e+00 -1.6299e+00 2.6623e+00 0.0000e+00 0.0000e+00 0.0000e+00 0.0000e+00 -5.7016e-01 3.3333e-01 0.0000e+00 0.0000e+00 -3.3333e-01 -3.5345e-01 
110.0 3.0868e+00 -1.5925e+00 0.0000e+00 0.0000e+00 -1.5925e+00 2.6334e+00 0.0000e+00 0.0000e+00 0.0000e+00 0.0000e+00 -6.4025e-01 3.3330e-01 0.0000e+00 0.0000e+00 -3.3330e-01 -4.2168e-01 
111.0 3.0570e+00 -1.5548e+00 0.0000e+00 0.0000e+00 -1.5548e+00 2.6065e+00 0.0000e+00 0.0000e+00 0.0000e+00 0.0000e+00 -7.0819e-01 3.3304e-01 0.0000e+00 0.0000e+00 -3.3304e-01 -4.8793e-01 
112.0 3.0291e+00 -1.5170e+00 0.0000e+00 0.0000e+00 -1.5170e+00 2.5816e+00 0.0000e+00 0.0000e+00 0.0000e+00 0.0000e+00 -7.7403e-01 3.3255e-01 0.0000e+00 0.0000e+00 -3.3255e-01 -5.5225e-01 
113.0 3.0030e+00 -1.4791e+00 0.0000e+00 0.0000e+00 -1.4791e+00 2.5585e+00 0.0000e+00 0.0000e+00 0.0000e+00 0.0000e+00 -8.3787e-01 3.3184e-01 0.0000e+00 0.0000e+00 -3.3184e-01 -6.1473e-01 
114.0 2.9787e+00 -1.4411e+00 0.0000e+00 0.0000e+00 -1.4411e+00 2.5373e+00 0.0000e+00 0.0000e+00 0.0000e+00 0.0000e+00 -8.9977e-01 3.3094e-01 0.0000e+00 0.0000e+00 -3.3094e-01 -6.7543e-01 
115.0 2.9560e+00 -1.4030e+00 0.0000e+00 0.0000e+00 -1.4030e+00 2.5179e+00 0.0000e+00 0.0000e+00 0.0000e+00 0.0000e+00 -9.5980e-01 3.2984e-01 0.0000e+00 0.0000e+00 -3.2984e-01 -7.3439e-01 
116.0 2.9350e+00 -1.3648e+00 0.0000e+00 0.0000e+00 -1.3648e+00 2.5001e+00 0.0000e+00 0.0000e+00 0.0000e+00 0.0000e+00 -1.0180e+00 3.2857e-01 0.0000e+00 0.0000e+00 -3.2857e-01 -7.9167e-01 
117.0 2.9155e+00 -1.3266e+00 0.0000e+00 0.0000e+00 -1.3266e+00 2.4839e+00 0.0000e+00 0.0000e+00 0.0000e+00 0.0000e+00 -1.0745e+00 3.2712e-01 0.0000e+00 0.0000e+00 -3.2712e-01 -8.4734e-01 
118.0 2.8976e+00 -1.2885e+00 0.0000e+00 0.0000e+00 -1.2885e+00 2.4693e+00 0.0000e+00 0.0000e+00 0.0000e+00 0.0000e+00 -1.1292e+00 3.2552e-01 0.0000e+00 0.0000e+00 -3.2552e-01 -9.0143e-01 
119.0 2.8811e+00 -1.2503e+00 0.0000e+00 0.0000e+00 -1.2503e+00 2.4562e+00 0.0000e+00 0.0000e+00 0.0000e+00 0.0000e+00 -1.1824e+00 3.2375e-01 0.0000e+00 0.0000e+00 -3.2375e-01 -9.5400e-01 
120.0 2.8661e+00 -1.2123e+00 0.0000e+00 0.0000e+00 -1.2123e+00 2.4445e+00 0.0000e+00 0.0000e+00 0.0000e+00 0.0000e+00 -1.2339e+00 3.2184e-01 0.0000e+00 0.0000e+00 -3.2184e-01 -1.0051e+00 
121.0 2.8524e+00 -1.1744e+00 0.0000e+00 0.0000e+00 -1.1744e+00 2.4342e+00 0.0000e+00 0.0000e+00 0.0000e+00 0.0000e+00 -1.2840e+00 3.1977e-01 0.0000e+00 0.0000e+00 -3.1977e-01 -1.0548e+00 
122.0 2.8400e+00 -1.1366e+00 0.0000e+00 0.0000e+00 -1.1366e+00 2.4253e+00 0.0000e+00 0.0000e+00 0.0000e+00 0.0000e+00 -1.3325e+00 3.1755e-01 0.0000e+00 0.0000e+00 -3.1755e-01 -1.1030e+00 
123.0 2.8289e+00 -1.0990e+00 0.0000e+00 0.0000e+00 -1.0990e+00 2.4176e+00 0.0000e+00 0.0000e+00 0.0000e+00 0.0000e+00 -1.3796e+00 3.1517e-01 0.0000e+00 0.0000e+00 -3.1517e-01 -1.1499e+00 
124.0 2.8189e+00 -1.0615e+00 0.0000e+00 0.0000e+00 -1.0615e+00 2.4110e+00 0.0000e+00 0.0000e+00 0.0000e+00 0.0000e+00 -1.4253e+00 3.1264e-01 0.0000e+00 0.0000e+00 -3.1264e-01 -1.1955e+00 
125.0 2.8102e+00 -1.0243e+00 0.0000e+00 0.0000e+00 -1.0243e+00 2.4057e+00 0.0000e+00 0.0000e+00 0.0000e+00 0.0000e+00 -1.4697e+00 3.0996e-01 0.0000e+00 0.0000e+00 -3.0996e-01 -1.2398e+00 
126.0 2.8025e+00 -9.8733e-01 0.0000e+00 0.0000e+00 -9.8733e-01 2.4014e+00 0.0000e+00 0.0000e+00 0.0000e+00 0.0000e+00 -1.5128e+00 3.0712e-01 0.0000e+00 0.0000e+00 -3.0712e-01 -1.2828e+00 
127.0 2.7959e+00 -9.5062e-01 0.0000e+00 0.0000e+00 -9.5062e-01 2.3982e+00 0.0000e+00 0.0000e+00 0.0000e+00 0.0000e+00 -1.5546e+00 3.0412e-01 0.0000e+00 0.0000e+00 -3.0412e-01 -1.3247e+00 
128.0 2.7903e+00 -9.1421e-01 0.0000e+00 0.0000e+00 -9.1421e-01 2.3960e+00 0.0000e+00 0.0000e+00 0.0000e+00 0.0000e+00 -1.5952e+00 3.0097e-01 0.0000e+00 0.0000e+00 -3.0097e-01 -1.3653e+00 
129.0 2.7857e+00 -8.7812e-01 0.0000e+00 0.0000e+00 -8.7812e-01 2.3948e+00 0.0000e+00 0.0000e+00 0.0000e+00 0.0000e+00 -1.6346e+00 2.9764e-01 0.0000e+00 0.0000e+00 -2.9764e-01 -1.4049e+00 
130.0 2.7820e+00 -8.4239e-01 0.0000e+00 0.0000e+00 -8.4239e-01 2.3945e+00 0.0000e+00 0.0000e+00 0.0000e+00 0.0000e+00 -1.6728e+00 2.9414e-01 0.0000e+00 0.0000e+00 -2.9414e-01 -1.4433e+00 
131.0 2.7792e+00 -8.0702e-01 0.0000e+00 0.0000e+00 -8.0702e-01 2.3950e+00 0.0000e+00 0.0000e+00 0.0000e+00 0.0000e+00 -1.7100e+00 2.9045e-01 0.0000e+00 0.0000e+00 -2.9045e-01 -1.4806e+00 
132.0 2.7772e+00 -7.7204e-01 0.0000e+00 0.0000e+00 -7.7204e-01 2.3964e+00 0.0000e+00 0.0000e+00 0.0000e+00 0.0000e+00 -1.7460e+00 2.8656e-01 0.0000e+00 0.0000e+00 -2.8656e-01 -1.5169e+00 
133.0 2.7760e+00 -7.3745e-01 0.0000e+00 0.0000e+00 -7.3745e-01 2.3986e+00 0.0000e+00 0.0000e+00 0.0000e+00 0.0000e+00 -1.7809e+00 2.8247e-01 0.0000e+00 0.0000e+00 -2.8247e-01 -1.5522e+00 
134.0 2.7756e+00 -7.0326e-01 0.0000e+00 0.0000e+00 -7.0326e-01 2.4015e+00 0.0000e+00 0.0000e+00 0.0000e+00 0.0000e+00 -1.8148e+00 2.7818e-01 0.0000e+00 0.0000e+00 -2.7818e-01 -1.5865e+00 
135.0 2.7759e+00 -6.6949e-01 0.0000e+00 0.0000e+00 -6.6949e-01 2.4051e+00 0.0000e+00 0.0000e+00 0.0000e+00 0.0000e+00 -1.8477e+00 2.7366e-01 0.0000e+00 0.0000e+00 -2.7366e-01 -1.6199e+00 
136.0 2.7768e+00 -6.3613e-01 0.0000e+00 0.0000e+00 -6.3613e-01 2.4095e+00 0.0000e+00 0.0000e+00 0.0000e+00 0.0000e+00 -1.8796e+00 2.6892e-01 0.0000e+00 0.0000e+00 -2.6892e-01 -1.6524e+00 
137.0 2.7785e+00 -6.0321e-01 0.0000e+00 0.0000e+00 -6.0321e-01 2.4145e+00 0.0000e+00 0.0000e+00 0.0000e+00 0.0000e+00 -1.9106e+00 2.6395e-01 0.0000e+00 0.0000e+00 -2.6395e-01 -1.6839e+00 
138.0 2.7808e+00 -5.7073e-01 0.0000e+00 0.0000e+00 -5.7073e-01 2.4202e+00 0.0000e+00 0.0000e+00 0.0000e+00 0.0000e+00 -1.9406e+00 2.5874e-01 0.0000e+00 0.0000e+00 -2.5874e-01 -1.7147e+00 
139.0 2.7837e+00 -5.3870e-01 0.0000e+00 0.0000e+00 -5.3870e-01 2.4265e+00 0.0000e+00 0.0000e+00 0.0000e+00 0.0000e+00 -1.9697e+00 2.5330e-01 0.0000e+00 0.0000e+00 -2.5330e-01 -1.7446e+00 
140.0 2.7872e+00 -5.0712e-01 0.0000e+00 0.0000e+00 -5.0712e-01 2.4334e+00 0.0000e+00 0.0000e+00 0.0000e+00 0.0000e+00 -1.9980e+00 2.4763e-01 0.0000e+00 0.0000e+00 -2.4763e-01 -1.7736e+00 
141.0 2.7912e+00 -4.7601e-01 0.0000e+00 0.0000e+00 -4.7601e-01 2.4410e+00 0.0000e+00 0.0000e+00 0.0000e+00 0.0000e+00 -2.0254e+00 2.4173e-01 0.0000e+00 0.0000e+00 -2.4173e-01 -1.8020e+00 
142.0 2.7959e+00 -4.4536e-01 0.0000e+00 0.0000e+00 -4.4536e-01 2.4491e+00 0.0000e+00 0.0000e+00 0.0000e+00 0.0000e+00 -2.0520e+00 2.3562e-01 0.0000e+00 0.0000e+00 -2.3562e-01 -1.8296e+00 
143.0 2.8011e+00 -4.1520e-01 0.0000e+00 0.0000e+00 -4.1520e-01 2.4578e+00 0.0000e+00 0.0000e+00 0.0000e+00 0.0000e+00 -2.0778e+00 2.2929e-01 0.0000e+00 0.0000e+00 -2.2929e-01 -1.8564e+00 
144.0 2.8069e+00 -3.8553e-01 0.0000e+00 0.0000e+00 -3.8553e-01 2.4671e+00 0.0000e+00 0.0000e+00 0.0000e+00 0.0000e+00 -2.1028e+00 2.2272e-01 0.0000e+00 0.0000e+00 -2.2272e-01 -1.8825e+00 
145.0 2.8132e+00 -3.5637e-01 0.0000e+00 0.0000e+00 -3.5637e-01 2.4769e+00 0.0000e+00 0.0000e+00 0.0000e+00 0.0000e+00 -2.1270e+00 2.1590e-01 0.0000e+00 0.0000e+00 -2.1590e-01 -1.9080e+00 
146.0 2.8199e+00 -3.2775e-01 0.0000e+00 0.0000e+00 -3.2775e-01 2.4872e+00 0.0000e+00 0.0000e+00 0.0000e+00 0.0000e+00 -2.1505e+00 2.0880e-01 0.0000e+00 0.0000e+00 -2.0880e-01 -1.9328e+00 
147.0 2.8271e+00 -2.9969e-01 0.0000e+00 0.0000e+00 -2.9969e-01 2.4979e+00 0.0000e+00 0.0000e+00 0.0000e+00 0.0000e+00 -2.1734e+00 2.0139e-01 0.0000e+00 0.0000e+00 -2.0139e-01 -1.9570e+00 
148.0 2.8348e+00 -2.7224e-01 0.0000e+00 0.0000e+00 -2.7224e-01 2.5090e+00 0.0000e+00 0.0000e+00 0.0000e+00 0.0000e+00 -2.1956e+00 1.9361e-01 0.0000e+00 0.0000e+00 -1.9361e-01 -1.9806e+00 
149.0 2.8428e+00 -2.4545e-01 0.0000e+00 0.0000e+00 -2.4545e-01 2.5205e+00 0.0000e+00 0.0000e+00 0.0000e+00 0.0000e+00 -2.2173e+00 1.8544e-01 0.0000e+00 0.0000e+00 -1.8544e-01 -2.0036e+00 
150.0 2.8512e+00 -2.1940e-01 0.0000e+00 0.0000e+00 -2.1940e-01 2.5323e+00 0.0000e+00 0.0000e+00 0.0000e+00 0.0000e+00 -2.2384e+00 1.7680e-01 0.0000e+00 0.0000e+00 -1.7680e-01 -2.0261e+00 
151.0 2.8599e+00 -1.9417e-01 0.0000e+00 0.0000e+00 -1.9417e-01 2.5443e+00 0.0000e+00 0.0000e+00 0.0000e+00 0.0000e+00 -2.2592e+00 1.6762e-01 0.0000e+00 0.0000e+00 -1.6762e-01 -2.0481e+00 
152.0 2.8689e+00 -1.6990e-01 0.0000e+00 0.0000e+00 -1.6990e-01 2.5563e+00 0.0000e+00 0.0000e+00 0.0000e+00 0.0000e+00 -2.2797e+00 1.5780e-01 0.0000e+00 0.0000e+00 -1.5780e-01 -2.0697e+00 
153.0 2.8779e+00 -1.4672e-01 0.0000e+00 0.0000e+00 -1.4672e-01 2.5682e+00 0.0000e+00 0.0000e+00 0.0000e+00 0.0000e+00 -2.2999e+00 1.4721e-01 0.0000e+00 0.0000e+00 -1.4721e-01 -2.0909e+00 
154.0 2.8870e+00 -1.2478e-01 0.0000e+00 0.0000e+00 -1.2478e-01 2.5799e+00 0.0000e+00 0.0000e+00 0.0000e+00 0.0000e+00 -2.3200e+00 1.3574e-01 0.0000e+00 0.0000e+00 -1.3574e-01 -2.1117e+00 
155.0 2.8962e+00 -1.0421e-01 0.0000e+00 0.0000e+00 -1.0421e-01 2.5913e+00 0.0000e+00 0.0000e+00 0.0000e+00 0.0000e+00 -2.3401e+00 1.2330e-01 0.0000e+00 0.0000e+00 -1.2330e-01 -2.1320e+00 
156.0 2.9054e+00 -8.5166e-02 0.0000e+00 0.0000e+00 -8.5166e-02 2.6022e+00 0.0000e+00 0.0000e+00 0.0000e+00 0.0000e+00 -2.3603e+00 1.0982e-01 0.0000e+00 0.0000e+00 -1.0982e-01 -2.1519e+00 
157.0 2.9147e+00 -6.7750e-02 0.0000e+00 0.0000e+00 -6.7750e-02 2.6126e+00 0.0000e+00 0.0000e+00 0.0000e+00 0.0000e+00 -2.3808e+00 9.5312e-02 0.0000e+00 0.0000e+00 -9.5312e-02 -2.1713e+00 
158.0 2.9243e+00 -5.2071e-02 0.0000e+00 0.0000e+00 -5.2071e-02 2.6225e+00 0.0000e+00 0.0000e+00 0.0000e+00 0.0000e+00 -2.4016e+00 7.9837e-02 0.0000e+00 0.0000e+00 -7.9837e-02 -2.1901e+00 
159.0 2.9343e+00 -3.8213e-02 0.0000e+00 0.0000e+00 -3.8213e-02 2.6320e+00 0.0000e+00 0.0000e+00 0.0000e+00 0.0000e+00 -2.4229e+00 6.3481e-02 0.0000e+00 0.0000e+00 -6.3481e-02 -2.2083e+00 
160.0 2.9450e+00 -2.6231e-02 0.0000e+00 0.0000e+00 -2.6231e-02 2.6410e+00 0.0000e+00 0.0000e+00 0.0000e+00 0.0000e+00 -2.4449e+00 4.6377e-02 0.0000e+00 0.0000e+00 -4.6377e-02 -2.2258e+00 
161.0 2.9566e+00 -1.6147e-02 0.0000e+00 0.0000e+00 -1.6147e-02 2.6497e+00 0.0000e+00 0.0000e+00 0.0000e+00 0.0000e+00 -2.4677e+00 2.8717e-02 0.0000e+00 0.0000e+00 -2.8717e-02 -2.2425e+00 
162.0 2.9695e+00 -7.9416e-03 0.0000e+00 0.0000e+00 -7.9416e-03 2.6582e+00 0.0000e+00 0.0000e+00 0.0000e+00 0.0000e+00 -2.4916e+00 1.0757e-02 0.0000e+00 0.0000e+00 -1.0757e-02 -2.2585e+00 
163.0 2.9842e+00 -1.5665e-03 0.0000e+00 0.0000e+00 -1.5665e-03 2.6668e+00 0.0000e+00 0.0000e+00 0.0000e+00 0.0000e+00 -2.5169e+00 -7.1858e-03 0.0000e+00 0.0000e+00 7.1858e-03 -2.2736e+00 
164.0 3.0013e+00 3.0580e-03 0.0000e+00 0.0000e+00 3.0580e-03 2.6757e+00 0.0000e+00 0.0000e+00 0.0000e+00 0.0000e+00 -2.5437e+00 -2.4733e-02 0.0000e+00 0.0000e+00 2.4733e-02 -2.2879e+00 
165.0 3.0213e+00 6.0441e-03 0.0000e+00 0.0000e+00 6.0441e-03 2.6854e+00 0.0000e+00 0.0000e+00 0.0000e+00 0.0000e+00 -2.5723e+00 -4.1426e-02 0.0000e+00 0.0000e+00 4.1426e-02 -2.3012e+00 
166.0 3.0449e+00 7.5351e-03 0.0000e+00 0.0000e+00 7.5351e-03 2.6961e+00 0.0000e+00 0.0000e+00 0.0000e+00 0.0000e+00 -2.6029e+00 -5.6738e-02 0.0000e+00 0.0000e+00 5.6738e-02 -2.3136e+00 
167.0 3.0726e+00 7.7079e-03 0.0000e+00 0.0000e+00 7.7079e-03 2.7085e+00 0.0000e+00 0.0000e+00 0.0000e+00 0.0000e+00 -2.6357e+00 -7.0113e-02 0.0000e+00 0.0000e+00 7.0113e-02 -2.3250e+00 
168.0 3.1050e+00 6.7781e-03 0.0000e+00 0.0000e+00 6.7781e-03 2.7228e+00 0.0000e+00 0.0000e+00 0.0000e+00 0.0000e+00 -2.6708e+00 -8.0985e-02 0.0000e+00 0.0000e+00 8.0985e-02 -2.3352e+00 
169.0 3.1427e+00 4.9986e-03 0.0000e+00 0.0000e+00 4.9986e-03 2.7394e+00 0.0000e+00 0.0000e+00 0.0000e+00 0.0000e+00 -2.7080e+00 -8.8783e-02 0.0000e+00 0.0000e+00 8.8783e-02 -2.3444e+00 
170.0 3.1859e+00 2.6609e-03 0.0000e+00 0.0000e+00 2.6609e-03 2.7588e+00 0.0000e+00 0.0000e+00 0.0000e+00 0.0000e+00 -2.7474e+00 -9.2951e-02 0.0000e+00 0.0000e+00 9.2951e-02 -2.3524e+00 
171.0 3.2347e+00 9.9059e-05 0.0000e+00 0.0000e+00 9.9059e-05 2.7812e+00 0.0000e+00 0.0000e+00 0.0000e+00 0.0000e+00 -2.7887e+00 -9.2994e-02 0.0000e+00 0.0000e+00 9.2994e-02 -2.3593e+00 
172.0 3.2890e+00 -2.3122e-03 0.0000e+00 0.0000e+00 -2.3122e-03 2.8066e+00 0.0000e+00 0.0000e+00 0.0000e+00 0.0000e+00 -2.8314e+00 -8.8549e-02 0.0000e+00 0.0000e+00 8.8549e-02 -2.3652e+00 
173.0 3.3477e+00 -4.1799e-03 0.0000e+00 0.0000e+00 -4.1799e-03 2.8349e+00 0.0000e+00 0.0000e+00 0.0000e+00 0.0000e+00 -2.8745e+00 -7.9527e-02 0.0000e+00 0.0000e+00 7.9527e-02 -2.3700e+00 
174.0 3.4093e+00 -5.1616e-03 0.0000e+00 0.0000e+00 -5.1616e-03 2.8655e+00 0.0000e+00 0.0000e+00 0.0000e+00 0.0000e+00 -2.9169e+00 -6.6273e-02 0.0000e+00 0.0000e+00 6.6273e-02 -2.3740e+00 
175.0 3.4706e+00 -5.0657e-03 0.0000e+00 0.0000e+00 -5.0657e-03 2.8968e+00 0.0000e+00 0.0000e+00 0.0000e+00 0.0000e+00 -2.9568e+00 -4.9837e-02 0.0000e+00 0.0000e+00 4.9837e-02 -2.3770e+00 
176.0 3.5274e+00 -3.9607e-03 0.0000e+00 0.0000e+00 -3.9607e-03 2.9266e+00 0.0000e+00 0.0000e+00 0.0000e+00 0.0000e+00 -2.9919e+00 -3.2150e-02 0.0000e+00 0.0000e+00 3.2150e-02 -2.3793e+00 
177.0 3.5745e+00 -2.2527e-03 0.0000e+00 0.0000e+00 -2.2527e-03 2.9519e+00 0.0000e+00 0.0000e+00 0.0000e+00 0.0000e+00 -3.0198e+00 -1.5965e-02 0.0000e+00 0.0000e+00 1.5965e-02 -2.3809e+00 
178.0 3.6061e+00 -6.7376e-04 0.0000e+00 0.0000e+00 -6.7376e-04 2.9692e+00 0.0000e+00 0.0000e+00 0.0000e+00 0.0000e+00 -3.0379e+00 -4.4082e-03 0.0000e+00 0.0000e+00 4.4082e-03 -2.3817e+00 
179.0 3.6177e+00 -1.0468e-20 0.0000e+00 0.0000e+00 -1.0468e-20 2.9757e+00 0.0000e+00 0.0000e+00 0.0000e+00 0.0000e+00 -3.0444e+00 -5.1306e-20 0.0000e+00 0.0000e+00 5.1306e-20 -2.3821e+00 
180.0 3.6289e+00 0.0000e+00 0.0000e+00 0.0000e+00 0.0000e+00 2.9817e+00 0.0000e+00 0.0000e+00 0.0000e+00 0.0000e+00 -3.0506e+00 0.0000e+00 0.0000e+00 0.0000e+00 -0.0000e+00 -2.3823e+00 
