1.8063 2.2078 0.4015 0.044503
theta s11 s12 s13 s14 s21 s22 s23 s24 s31 s32 s33 s34 s41 s42 s43 s44
0.0 1.0536e+03 0.0000e+00 0.0000e+00 0.0000e+00 0.0000e+00 1.0522e+03 0.0000e+00 0.0000e+00 0.0000e+00 0.0000e+00 1.0522e+03 0.0000e+00 0.0000e+00 0.0000e+00 -0.0000e+00 1.0509e+03 
1.0 1.0187e+03 3.4777e-03 0.0000e+00 0.0000e+00 3.4777e-03 1.0173e+03 0.0000e+00 0.0000e+00 0.0000e+00 0.0000e+00 1.0173e+03 -3.5052e-01 0.0000e+00 0.0000e+00 3.5052e-01 1.0160e+03 
2.0 9.5847e+02 2.3836e-02 0.0000e+00 0.0000e+00 2.3836e-02 9.5715e+02 0.0000e+00 0.0000e+00 0.0000e+00 0.0000e+00 9.5714e+02 -1.3197e+00 0.0000e+00 0.0000e+00 1.3197e+00 9.5583e+02 
3.0 8.8328e+02 6.5112e-02 0.0000e+00 0.0000e+00 6.5112e-02 8.8197e+02 0.0000e+00 0.0000e+00 0.0000e+00 0.0000e+00 8.8196e+02 -2.6994e+00 0.0000e+00 0.0000e+00 2.6994e+00 8.8068e+02 
4.0 7.9819e+02 1.2333e-01 0.0000e+00 0.0000e+00 1.2333e-01 7.9692e+02 0.0000e+00 0.0000e+00 0.0000e+00 0.0000e+00 7.9689e+02 -4.2381e+00 0.0000e+00 0.0000e+00 4.2381e+00 7.9565e+02 
5.0 7.1076e+02 1.8534e-01 0.0000e+00 0.0000e+00 1.8534e-01 7.0952e+02 0.0000e+00 0.0000e+00 0.0000e+00 0.0000e+00 7.0946e+02 -5.7102e+00 0.0000e+00 0.0000e+00 5.7102e+00 7.0827e+02 
6.0 6.2664e+02 2.3382e-01 0.0000e+00 0.0000e+00 2.3382e-01 6.2543e+02 0.0000e+00 0.0000e+00 0.0000e+00 0.0000e+00 6.2534e+02 -6.9535e+00 0.0000e+00 0.0000e+00 6.9535e+00 6.2420e+02 
7.0 5.4935e+02 2.5357e-01 0.0000e+00 0.0000e+00 2.5357e-01 5.4818e+02 0.0000e+00 0.0000e+00 0.0000e+00 0.0000e+00 5.4803e+02 -7.8800e+00 0.0000e+00 0.0000e+00 7.8800e+00 5.4694e+02 
8.0 4.8061e+02 2.3580e-01 0.0000e+00 0.0000e+00 2.3580e-01 4.7947e+02 0.0000e+00 0.0000e+00 0.0000e+00 0.0000e+00 4.7926e+02 -8.4690e+00 0.0000e+00 0.0000e+00 8.4690e+00 4.7823e+02 
9.0 4.2086e+02 1.7907e-01 0.0000e+00 0.0000e+00 1.7907e-01 4.1976e+02 0.0000e+00 0.0000e+00 0.0000e+00 0.0000e+00 4.1948e+02 -8.7482e+00 0.0000e+00 0.0000e+00 8.7482e+00 4.1851e+02 
10.0 3.6971e+02 8.8063e-02 0.0000e+00 0.0000e+00 8.8063e-02 3.6865e+02 0.0000e+00 0.0000e+00 0.0000e+00 0.0000e+00 3.6831e+02 -8.7726e+00 0.0000e+00 0.0000e+00 8.7726e+00 3.6738e+02 
11.0 3.2633e+02 -2.8925e-02 0.0000e+00 0.0000e+00 -2.8925e-02 3.2529e+02 0.0000e+00 0.0000e+00 0.0000e+00 0.0000e+00 3.2490e+02 -8.6067e+00 0.0000e+00 0.0000e+00 8.6067e+00 3.2402e+02 
12.0 2.8968e+02 -1.6266e-01 0.0000e+00 0.0000e+00 -1.6266e-01 2.8867e+02 0.0000e+00 0.0000e+00 0.0000e+00 0.0000e+00 2.8822e+02 -8.3121e+00 0.0000e+00 0.0000e+00 8.3121e+00 2.8739e+02 
13.0 2.5872e+02 -3.0580e-01 0.0000e+00 0.0000e+00 -3.0580e-01 2.5775e+02 0.0000e+00 0.0000e+00 0.0000e+00 0.0000e+00 2.5724e+02 -7.9385e+00 0.0000e+00 0.0000e+00 7.9385e+00 2.5645e+02 
14.0 2.3252e+02 -4.4926e-01 0.0000e+00 0.0000e+00 -4.4926e-01 2.3156e+02 0.0000e+00 0.0000e+00 0.0000e+00 0.0000e+00 2.3101e+02 -7.5311e+00 0.0000e+00 0.0000e+00 7.5311e+00 2.3027e+02 
15.0 2.1020e+02 -5.9182e-01 0.0000e+00 0.0000e+00 -5.9182e-01 2.0927e+02 0.0000e+00 0.0000e+00 0.0000e+00 0.0000e+00 2.0868e+02 -7.1113e+00 0.0000e+00 0.0000e+00 7.1113e+00 2.0797e+02 
16.0 1.9105e+02 -7.3055e-01 0.0000e+00 0.0000e+00 -7.3055e-01 1.9014e+02 0.0000e+00 0.0000e+00 0.0000e+00 0.0000e+00 1.8952e+02 -6.6981e+00 0.0000e+00 0.0000e+00 6.6981e+00 1.8885e+02 
17.0 1.7447e+02 -8.6487e-01 0.0000e+00 0.0000e+00 -8.6487e-01 1.7358e+02 0.0000e+00 0.0000e+00 0.0000e+00 0.0000e+00 1.7293e+02 -6.3011e+00 0.0000e+00 0.0000e+00 6.3011e+00 1.7230e+02 
18.0 1.5998e+02 -9.9509e-01 0.0000e+00 0.0000e+00 -9.9509e-01 1.5911e+02 0.0000e+00 0.0000e+00 0.0000e+00 0.0000e+00 1.5843e+02 -5.9245e+00 0.0000e+00 0.0000e+00 5.9245e+00 1.5783e+02 
19.0 1.4721e+02 -1.1220e+00 0.0000e+00 0.0000e+00 -1.1220e+00 1.4636e+02 0.0000e+00 0.0000e+00 0.0000e+00 0.0000e+00 1.4610e+02 -5.5696e+00 0.0000e+00 0.0000e+00 5.5696e+00 1.4554e+02 
20.0 1.3590e+02 -1.2463e+00 0.0000e+00 0.0000e+00 -1.2463e+00 1.3507e+02 0.0000e+00 0.0000e+00 0.0000e+00 0.0000e+00 1.3517e+02 -5.2361e+00 0.0000e+00 0.0000e+00 5.2361e+00 1.3464e+02 
21.0 1.2583e+02 -1.3688e+00 0.0000e+00 0.0000e+00 -1.3688e+00 1.2501e+02 0.0000e+00 0.0000e+00 0.0000e+00 0.0000e+00 1.2542e+02 -4.9233e+00 0.0000e+00 0.0000e+00 4.9233e+00 1.2492e+02 
22.0 1.1680e+02 -1.4897e+00 0.0000e+00 0.0000e+00 -1.4897e+00 1.1600e+02 0.0000e+00 0.0000e+00 0.0000e+00 0.0000e+00 1.1667e+02 -4.6303e+00 0.0000e+00 0.0000e+00 4.6303e+00 1.1620e+02 
23.0 1.0867e+02 -1.6090e+00 0.0000e+00 0.0000e+00 -1.6090e+00 1.0788e+02 0.0000e+00 0.0000e+00 0.0000e+00 0.0000e+00 1.0877e+02 -4.3562e+00 0.0000e+00 0.0000e+00 4.3562e+00 1.0833e+02 
24.0 1.0129e+02 -1.7261e+00 0.0000e+00 0.0000e+00 -1.7261e+00 1.0051e+02 0.0000e+00 0.0000e+00 0.0000e+00 0.0000e+00 1.0161e+02 -4.1002e+00 0.0000e+00 0.0000e+00 4.1002e+00 1.0118e+02 
25.0 9.4562e+01 -1.8406e+00 0.0000e+00 0.0000e+00 -1.8406e+00 9.3800e+01 0.0000e+00 0.0000e+00 0.0000e+00 0.0000e+00 9.5063e+01 -3.8613e+00 0.0000e+00 0.0000e+00 3.8613e+00 9.4658e+01 
26.0 8.8406e+01 -1.9517e+00 0.0000e+00 0.0000e+00 -1.9517e+00 8.7656e+01 0.0000e+00 0.0000e+00 0.0000e+00 0.0000e+00 8.9065e+01 -3.6382e+00 0.0000e+00 0.0000e+00 3.6382e+00 8.8679e+01 
27.0 8.2757e+01 -2.0590e+00 0.0000e+00 0.0000e+00 -2.0590e+00 8.2019e+01 0.0000e+00 0.0000e+00 0.0000e+00 0.0000e+00 8.3553e+01 -3.4297e+00 0.0000e+00 0.0000e+00 3.4297e+00 8.3185e+01 
28.0 7.7564e+01 -2.1622e+00 0.0000e+00 0.0000e+00 -2.1622e+00 7.6836e+01 0.0000e+00 0.0000e+00 0.0000e+00 0.0000e+00 7.8477e+01 -3.2343e+00 0.0000e+00 0.0000e+00 3.2343e+00 7.8127e+01 
29.0 7.2783e+01 -2.2614e+00 0.0000e+00 0.0000e+00 -2.2614e+00 7.2066e+01 0.0000e+00 0.0000e+00 0.0000e+00 0.0000e+00 7.3799e+01 -3.0506e+00 0.0000e+00 0.0000e+00 3.0506e+00 7.3464e+01 
30.0 6.8377e+01 -2.3567e+00 0.0000e+00 0.0000e+00 -2.3567e+00 6.7669e+01 0.0000e+00 0.0000e+00 0.0000e+00 0.0000e+00 6.9480e+01 -2.8776e+00 0.0000e+00 0.0000e+00 2.8776e+00 6.9160e+01 
31.0 6.4310e+01 -2.4482e+00 0.0000e+00 0.0000e+00 -2.4482e+00 6.3610e+01 0.0000e+00 0.0000e+00 0.0000e+00 0.0000e+00 6.5208e+01 -2.7146e+00 0.0000e+00 0.0000e+00 2.7146e+00 6.4906e+01 
32.0 6.0547e+01 -2.5357e+00 0.0000e+00 0.0000e+00 -2.5357e+00 5.9856e+01 0.0000e+00 0.0000e+00 0.0000e+00 0.0000e+00 6.1251e+01 -2.5609e+00 0.0000e+00 0.0000e+00 2.5609e+00 6.0968e+01 
33.0 5.7058e+01 -2.6192e+00 0.0000e+00 0.0000e+00 -2.6192e+00 5.6375e+01 0.0000e+00 0.0000e+00 0.0000e+00 0.0000e+00 5.7581e+01 -2.4162e+00 0.0000e+00 0.0000e+00 2.4162e+00 5.7315e+01 
34.0 5.3814e+01 -2.6983e+00 0.0000e+00 0.0000e+00 -2.6983e+00 5.3140e+01 0.0000e+00 0.0000e+00 0.0000e+00 0.0000e+00 5.4170e+01 -2.2798e+00 0.0000e+00 0.0000e+00 2.2798e+00 5.3921e+01 
35.0 5.0793e+01 -2.7728e+00 0.0000e+00 0.0000e+00 -2.7728e+00 5.0126e+01 0.0000e+00 0.0000e+00 0.0000e+00 0.0000e+00 5.0995e+01 -2.1510e+00 0.0000e+00 0.0000e+00 2.1510e+00 5.0761e+01 
36.0 4.7973e+01 -2.8427e+00 0.0000e+00 0.0000e+00 -2.8427e+00 4.7312e+01 0.0000e+00 0.0000e+00 0.0000e+00 0.0000e+00 4.8034e+01 -2.0290e+00 0.0000e+00 0.0000e+00 2.0290e+00 4.7816e+01 
37.0 4.5337e+01 -2.9082e+00 0.0000e+00 0.0000e+00 -2.9082e+00 4.4684e+01 0.0000e+00 0.0000e+00 0.0000e+00 0.0000e+00 4.5270e+01 -1.9130e+00 0.0000e+00 0.0000e+00 1.9130e+00 4.5067e+01 
38.0 4.2873e+01 -2.9694e+00 0.0000e+00 0.0000e+00 -2.9694e+00 4.2226e+01 0.0000e+00 0.0000e+00 0.0000e+00 0.0000e+00 4.2688e+01 -1.8021e+00 0.0000e+00 0.0000e+00 1.8021e+00 4.2498e+01 
39.0 4.0568e+01 -3.0266e+00 0.0000e+00 0.0000e+00 -3.0266e+00 3.9927e+01 0.0000e+00 0.0000e+00 0.0000e+00 0.0000e+00 4.0272e+01 -1.6959e+00 0.0000e+00 0.0000e+00 1.6959e+00 4.0097e+01 
40.0 3.8412e+01 -3.0800e+00 0.0000e+00 0.0000e+00 -3.0800e+00 3.7776e+01 0.0000e+00 0.0000e+00 0.0000e+00 0.0000e+00 3.8012e+01 -1.5941e+00 0.0000e+00 0.0000e+00 1.5941e+00 3.7850e+01 
41.0 3.6395e+01 -3.1299e+00 0.0000e+00 0.0000e+00 -3.1299e+00 3.5764e+01 0.0000e+00 0.0000e+00 0.0000e+00 0.0000e+00 3.5896e+01 -1.4964e+00 0.0000e+00 0.0000e+00 1.4964e+00 3.5747e+01 
42.0 3.4508e+01 -3.1763e+00 0.0000e+00 0.0000e+00 -3.1763e+00 3.3882e+01 0.0000e+00 0.0000e+00 0.0000e+00 0.0000e+00 3.3913e+01 -1.4029e+00 0.0000e+00 0.0000e+00 1.4029e+00 3.3777e+01 
43.0 3.2740e+01 -3.2192e+00 0.0000e+00 0.0000e+00 -3.2192e+00 3.2119e+01 0.0000e+00 0.0000e+00 0.0000e+00 0.0000e+00 3.2053e+01 -1.3134e+00 0.0000e+00 0.0000e+00 1.3134e+00 3.1930e+01 
44.0 3.1084e+01 -3.2587e+00 0.0000e+00 0.0000e+00 -3.2587e+00 3.0467e+01 0.0000e+00 0.0000e+00 0.0000e+00 0.0000e+00 3.0308e+01 -1.2277e+00 0.0000e+00 0.0000e+00 1.2277e+00 3.0197e+01 
45.0 2.9530e+01 -3.2947e+00 0.0000e+00 0.0000e+00 -3.2947e+00 2.8917e+01 0.0000e+00 0.0000e+00 0.0000e+00 0.0000e+00 2.8668e+01 -1.1455e+00 0.0000e+00 0.0000e+00 1.1455e+00 2.8569e+01 
46.0 2.8071e+01 -3.3273e+00 0.0000e+00 0.0000e+00 -3.3273e+00 2.7462e+01 0.0000e+00 0.0000e+00 0.0000e+00 0.0000e+00 2.7126e+01 -1.0667e+00 0.0000e+00 0.0000e+00 1.0667e+00 2.7038e+01 
47.0 2.6699e+01 -3.3565e+00 0.0000e+00 0.0000e+00 -3.3565e+00 2.6094e+01 0.0000e+00 0.0000e+00 0.0000e+00 0.0000e+00 2.5674e+01 -9.9097e-01 0.0000e+00 0.0000e+00 9.9097e-01 2.5598e+01 
48.0 2.5409e+01 -3.3826e+00 0.0000e+00 0.0000e+00 -3.3826e+00 2.4808e+01 0.0000e+00 0.0000e+00 0.0000e+00 0.0000e+00 2.4307e+01 -9.1800e-01 0.0000e+00 0.0000e+00 9.1800e-01 2.4242e+01 
49.0 2.4196e+01 -3.4056e+00 0.0000e+00 0.0000e+00 -3.4056e+00 2.3597e+01 0.0000e+00 0.0000e+00 0.0000e+00 0.0000e+00 2.3019e+01 -8.4765e-01 0.0000e+00 0.0000e+00 8.4765e-01 2.2965e+01 
50.0 2.3053e+01 -3.4257e+00 0.0000e+00 0.0000e+00 -3.4257e+00 2.2457e+01 0.0000e+00 0.0000e+00 0.0000e+00 0.0000e+00 2.1805e+01 -7.7976e-01 0.0000e+00 0.0000e+00 7.7976e-01 2.1761e+01 
51.0 2.1976e+01 -3.4429e+00 0.0000e+00 0.0000e+00 -3.4429e+00 2.1383e+01 0.0000e+00 0.0000e+00 0.0000e+00 0.0000e+00 2.0659e+01 -7.1423e-01 0.0000e+00 0.0000e+00 7.1423e-01 2.0626e+01 
52.0 2.0962e+01 -3.4575e+00 0.0000e+00 0.0000e+00 -3.4575e+00 2.0371e+01 0.0000e+00 0.0000e+00 0.0000e+00 0.0000e+00 1.9577e+01 -6.5097e-01 0.0000e+00 0.0000e+00 6.5097e-01 1.9555e+01 
53.0 2.0005e+01 -3.4694e+00 0.0000e+00 0.0000e+00 -3.4694e+00 1.9417e+01 0.0000e+00 0.0000e+00 0.0000e+00 0.0000e+00 1.8556e+01 -5.8988e-01 0.0000e+00 0.0000e+00 5.8988e-01 1.8543e+01 
54.0 1.9103e+01 -3.4788e+00 0.0000e+00 0.0000e+00 -3.4788e+00 1.8517e+01 0.0000e+00 0.0000e+00 0.0000e+00 0.0000e+00 1.7591e+01 -5.3088e-01 0.0000e+00 0.0000e+00 5.3088e-01 1.7588e+01 
55.0 1.8253e+01 -3.4858e+00 0.0000e+00 0.0000e+00 -3.4858e+00 1.7667e+01 0.0000e+00 0.0000e+00 0.0000e+00 0.0000e+00 1.6678e+01 -4.7388e-01 0.0000e+00 0.0000e+00 4.7388e-01 1.6685e+01 
56.0 1.7450e+01 -3.4904e+00 0.0000e+00 0.0000e+00 -3.4904e+00 1.6866e+01 0.0000e+00 0.0000e+00 0.0000e+00 0.0000e+00 1.5814e+01 -4.1880e-01 0.0000e+00 0.0000e+00 4.1880e-01 1.5831e+01 
57.0 1.6692e+01 -3.4928e+00 0.0000e+00 0.0000e+00 -3.4928e+00 1.6109e+01 0.0000e+00 0.0000e+00 0.0000e+00 0.0000e+00 1.4997e+01 -3.6557e-01 0.0000e+00 0.0000e+00 3.6557e-01 1.5024e+01 
58.0 1.5976e+01 -3.4930e+00 0.0000e+00 0.0000e+00 -3.4930e+00 1.5395e+01 0.0000e+00 0.0000e+00 0.0000e+00 0.0000e+00 1.4223e+01 -3.1413e-01 0.0000e+00 0.0000e+00 3.1413e-01 1.4259e+01 
59.0 1.5301e+01 -3.4912e+00 0.0000e+00 0.0000e+00 -3.4912e+00 1.4720e+01 0.0000e+00 0.0000e+00 0.0000e+00 0.0000e+00 1.3489e+01 -2.6442e-01 0.0000e+00 0.0000e+00 2.6442e-01 1.3535e+01 
60.0 1.4662e+01 -3.4874e+00 0.0000e+00 0.0000e+00 -3.4874e+00 1.4083e+01 0.0000e+00 0.0000e+00 0.0000e+00 0.0000e+00 1.2793e+01 -2.1641e-01 0.0000e+00 0.0000e+00 2.1641e-01 1.2848e+01 
61.0 1.4059e+01 -3.4817e+00 0.0000e+00 0.0000e+00 -3.4817e+00 1.3480e+01 0.0000e+00 0.0000e+00 0.0000e+00 0.0000e+00 1.2133e+01 -1.7007e-01 0.0000e+00 0.0000e+00 1.7007e-01 1.2198e+01 
62.0 1.3489e+01 -3.4742e+00 0.0000e+00 0.0000e+00 -3.4742e+00 1.2910e+01 0.0000e+00 0.0000e+00 0.0000e+00 0.0000e+00 1.1507e+01 -1.2538e-01 0.0000e+00 0.0000e+00 1.2538e-01 1.1581e+01 
63.0 1.2950e+01 -3.4650e+00 0.0000e+00 0.0000e+00 -3.4650e+00 1.2372e+01 0.0000e+00 0.0000e+00 0.0000e+00 0.0000e+00 1.0913e+01 -8.2336e-02 0.0000e+00 0.0000e+00 8.2336e-02 1.0996e+01 
64.0 1.2440e+01 -3.4541e+00 0.0000e+00 0.0000e+00 -3.4541e+00 1.1862e+01 0.0000e+00 0.0000e+00 0.0000e+00 0.0000e+00 1.0348e+01 -4.0945e-02 0.0000e+00 0.0000e+00 4.0945e-02 1.0441e+01 
65.0 1.1958e+01 -3.4416e+00 0.0000e+00 0.0000e+00 -3.4416e+00 1.1379e+01 0.0000e+00 0.0000e+00 0.0000e+00 0.0000e+00 9.8111e+00 -1.2017e-03 0.0000e+00 0.0000e+00 1.2017e-03 9.9130e+00 
66.0 1.1501e+01 -3.4276e+00 0.0000e+00 0.0000e+00 -3.4276e+00 1.0922e+01 0.0000e+00 0.0000e+00 0.0000e+00 0.0000e+00 9.3007e+00 3.6902e-02 0.0000e+00 0.0000e+00 -3.6902e-02 9.4117e+00 
67.0 1.1069e+01 -3.4121e+00 0.0000e+00 0.0000e+00 -3.4121e+00 1.0490e+01 0.0000e+00 0.0000e+00 0.0000e+00 0.0000e+00 8.8149e+00 7.3379e-02 0.0000e+00 0.0000e+00 -7.3379e-02 8.9351e+00 
68.0 1.0659e+01 -3.3951e+00 0.0000e+00 0.0000e+00 -3.3951e+00 1.0079e+01 0.0000e+00 0.0000e+00 0.0000e+00 0.0000e+00 8.3525e+00 1.0824e-01 0.0000e+00 0.0000e+00 -1.0824e-01 8.4818e+00 
69.0 1.0271e+01 -3.3768e+00 0.0000e+00 0.0000e+00 -3.3768e+00 9.6904e+00 0.0000e+00 0.0000e+00 0.0000e+00 0.0000e+00 7.9120e+00 1.4150e-01 0.0000e+00 0.0000e+00 -1.4150e-01 8.0503e+00 
70.0 9.9026e+00 -3.3571e+00 0.0000e+00 0.0000e+00 -3.3571e+00 9.3214e+00 0.0000e+00 0.0000e+00 0.0000e+00 0.0000e+00 7.4922e+00 1.7317e-01 0.0000e+00 0.0000e+00 -1.7317e-01 7.6395e+00 
71.0 9.5533e+00 -3.3362e+00 0.0000e+00 0.0000e+00 -3.3362e+00 8.9713e+00 0.0000e+00 0.0000e+00 0.0000e+00 0.0000e+00 7.0918e+00 2.0326e-01 0.0000e+00 0.0000e+00 -2.0326e-01 7.2481e+00 
72.0 9.2219e+00 -3.3140e+00 0.0000e+00 0.0000e+00 -3.3140e+00 8.6389e+00 0.0000e+00 0.0000e+00 0.0000e+00 0.0000e+00 6.7098e+00 2.3175e-01 0.0000e+00 0.0000e+00 -2.3175e-01 6.8751e+00 
73.0 8.9072e+00 -3.2907e+00 0.0000e+00 0.0000e+00 -3.2907e+00 8.3232e+00 0.0000e+00 0.0000e+00 0.0000e+00 0.0000e+00 6.3452e+00 2.5867e-01 0.0000e+00 0.0000e+00 -2.5867e-01 6.5193e+00 
74.0 8.6084e+00 -3.2662e+00 0.0000e+00 0.0000e+00 -3.2662e+00 8.0233e+00 0.0000e+00 0.0000e+00 0.0000e+00 0.0000e+00 5.9969e+00 2.8400e-01 0.0000e+00 0.0000e+00 -2.8400e-01 6.1799e+00 
75.0 8.3245e+00 -3.2406e+00 0.0000e+00 0.0000e+00 -3.2406e+00 7.7383e+00 0.0000e+00 0.0000e+00 0.0000e+00 0.0000e+00 5.6641e+00 3.0776e-01 0.0000e+00 0.0000e+00 -3.0776e-01 5.8558e+00 
76.0 8.0547e+00 -3.2139e+00 0.0000e+00 0.0000e+00 -3.2139e+00 7.4674e+00 0.0000e+00 0.0000e+00 0.0000e+00 0.0000e+00 5.3458e+00 3.2997e-01 0.0000e+00 0.0000e+00 -3.2997e-01 5.5461e+00 
77.0 7.7981e+00 -3.1861e+00 0.0000e+00 0.0000e+00 -3.1861e+00 7.2097e+00 0.0000e+00 0.0000e+00 0.0000e+00 0.0000e+00 5.0413e+00 3.5067e-01 0.0000e+00 0.0000e+00 -3.5067e-01 5.2501e+00 
78.0 7.5541e+00 -3.1573e+00 0.0000e+00 0.0000e+00 -3.1573e+00 6.9645e+00 0.0000e+00 0.0000e+00 0.0000e+00 0.0000e+00 4.7498e+00 3.6989e-01 0.0000e+00 0.0000e+00 -3.6989e-01 4.9670e+00 
79.0 7.3219e+00 -3.1275e+00 0.0000e+00 0.0000e+00 -3.1275e+00 6.7311e+00 0.0000e+00 0.0000e+00 0.0000e+00 0.0000e+00 4.4705e+00 3.8768e-01 0.0000e+00 0.0000e+00 -3.8768e-01 4.6961e+00 
80.0 7.1009e+00 -3.0967e+00 0.0000e+00 0.0000e+00 -3.0967e+00 6.5090e+00 0.0000e+00 0.0000e+00 0.0000e+00 0.0000e+00 4.2029e+00 4.0409e-01 0.0000e+00 0.0000e+00 -4.0409e-01 4.4366e+00 
81.0 6.8905e+00 -3.0649e+00 0.0000e+00 0.0000e+00 -3.0649e+00 6.2975e+00 0.0000e+00 0.0000e+00 0.0000e+00 0.0000e+00 3.9462e+00 4.1918e-01 0.0000e+00 0.0000e+00 -4.1918e-01 4.1880e+00 
82.0 6.6901e+00 -3.0323e+00 0.0000e+00 0.0000e+00 -3.0323e+00 6.0961e+00 0.0000e+00 0.0000e+00 0.0000e+00 0.0000e+00 3.7000e+00 4.3298e-01 0.0000e+00 0.0000e+00 -4.3298e-01 3.9497e+00 
83.0 6.4992e+00 -2.9988e+00 0.0000e+00 0.0000e+00 -2.9988e+00 5.9043e+00 0.0000e+00 0.0000e+00 0.0000e+00 0.0000e+00 3.4637e+00 4.4557e-01 0.0000e+00 0.0000e+00 -4.4557e-01 3.7210e+00 
84.0 6.3173e+00 -2.9644e+00 0.0000e+00 0.0000e+00 -2.9644e+00 5.7215e+00 0.0000e+00 0.0000e+00 0.0000e+00 0.0000e+00 3.2368e+00 4.5699e-01 0.0000e+00 0.0000e+00 -4.5699e-01 3.5016e+00 
85.0 6.1440e+00 -2.9293e+00 0.0000e+00 0.0000e+00 -2.9293e+00 5.5474e+00 0.0000e+00 0.0000e+00 0.0000e+00 0.0000e+00 3.0188e+00 4.6730e-01 0.0000e+00 0.0000e+00 -4.6730e-01 3.2910e+00 
86.0 5.9787e+00 -2.8934e+00 0.0000e+00 0.0000e+00 -2.8934e+00 5.3815e+00 0.0000e+00 0.0000e+00 0.0000e+00 0.0000e+00 2.8093e+00 4.7656e-01 0.0000e+00 0.0000e+00 -4.7656e-01 3.0886e+00 
87.0 5.8212e+00 -2.8567e+00 0.0000e+00 0.0000e+00 -2.8567e+00 5.2235e+00 0.0000e+00 0.0000e+00 0.0000e+00 0.0000e+00 2.6079e+00 4.8483e-01 0.0000e+00 0.0000e+00 -4.8483e-01 2.8941e+00 
88.0 5.6711e+00 -2.8194e+00 0.0000e+00 0.0000e+00 -2.8194e+00 5.0729e+00 0.0000e+00 0.0000e+00 0.0000e+00 0.0000e+00 2.4142e+00 4.9217e-01 0.0000e+00 0.0000e+00 -4.9217e-01 2.7071e+00 
89.0 5.5280e+00 -2.7815e+00 0.0000e+00 0.0000e+00 -2.7815e+00 4.9295e+00 0.0000e+00 0.0000e+00 0.0000e+00 0.0000e+00 2.2278e+00 4.9864e-01 0.0000e+00 0.0000e+00 -4.9864e-01 2.5273e+00 
90.0 5.3915e+00 -2.7430e+00 0.0000e+00 0.0000e+00 -2.7430e+00 4.7928e+00 0.0000e+00 0.0000e+00 0.0000e+00 0.0000e+00 2.0485e+00 5.0428e-01 0.0000e+00 0.0000e+00 -5.0428e-01 2.3542e+00 
91.0 5.2615e+00 -2.7038e+00 0.0000e+00 0.0000e+00 -2.7038e+00 4.6627e+00 0.0000e+00 0.0000e+00 0.0000e+00 0.0000e+00 1.8759e+00 5.0915e-01 0.0000e+00 0.0000e+00 -5.0915e-01 2.1876e+00 
92.0 5.1375e+00 -2.6642e+00 0.0000e+00 0.0000e+00 -2.6642e+00 4.5388e+00 0.0000e+00 0.0000e+00 0.0000e+00 0.0000e+00 1.7097e+00 5.1329e-01 0.0000e+00 0.0000e+00 -5.1329e-01 2.0272e+00 
93.0 5.0193e+00 -2.6241e+00 0.0000e+00 0.0000e+00 -2.6241e+00 4.4208e+00 0.0000e+00 0.0000e+00 0.0000e+00 0.0000e+00 1.5496e+00 5.1675e-01 0.0000e+00 0.0000e+00 -5.1675e-01 1.8726e+00 
94.0 4.9066e+00 -2.5834e+00 0.0000e+00 0.0000e+00 -2.5834e+00 4.3085e+00 0.0000e+00 0.0000e+00 0.0000e+00 0.0000e+00 1.3954e+00 5.1956e-01 0.0000e+00 0.0000e+00 -5.1956e-01 1.7237e+00 
95.0 4.7993e+00 -2.5424e+00 0.0000e+00 0.0000e+00 -2.5424e+00 4.2017e+00 0.0000e+00 0.0000e+00 0.0000e+00 0.0000e+00 1.2468e+00 5.2178e-01 0.0000e+00 0.0000e+00 -5.2178e-01 1.5801e+00 
96.0 4.6970e+00 -2.5009e+00 0.0000e+00 0.0000e+00 -2.5009e+00 4.1000e+00 0.0000e+00 0.0000e+00 0.0000e+00 0.0000e+00 1.1036e+00 5.2343e-01 0.0000e+00 0.0000e+00 -5.2343e-01 1.4417e+00 
97.0 4.5996e+00 -2.4590e+00 0.0000e+00 0.0000e+00 -2.4590e+00 4.0034e+00 0.0000e+00 0.0000e+00 0.0000e+00 0.0000e+00 9.6558e-01 5.2455e-01 0.0000e+00 0.0000e+00 -5.2455e-01 1.3082e+00 
98.0 4.5069e+00 -2.4168e+00 0.0000e+00 0.0000e+00 -2.4168e+00 3.9115e+00 0.0000e+00 0.0000e+00 0.0000e+00 0.0000e+00 8.3248e-01 5.2517e-01 0.0000e+00 0.0000e+00 -5.2517e-01 1.1794e+00 
99.0 4.4186e+00 -2.3742e+00 0.0000e+00 0.0000e+00 -2.3742e+00 3.8243e+00 0.0000e+00 0.0000e+00 0.0000e+00 0.0000e+00 7.0411e-01 5.2534e-01 0.0000e+00 0.0000e+00 -5.2534e-01 1.0551e+00 
100.0 4.3345e+00 -2.3313e+00 0.0000e+00 0.0000e+00 -2.3313e+00 3.7414e+00 0.0000e+00 0.0000e+00 0.0000e+00 0.0000e+00 5.8028e-01 5.2508e-01 0.0000e+00 0.0000e+00 -5.2508e-01 9.3503e-01 
101.0 4.2546e+00 -2.2881e+00 0.0000e+00 0.0000e+00 -2.2881e+00 3.6627e+00 0.0000e+00 0.0000e+00 0.0000e+00 0.0000e+00 4.6081e-01 5.2443e-01 0.0000e+00 0.0000e+00 -5.2443e-01 8.1911e-01 
102.0 4.1785e+00 -2.2446e+00 0.0000e+00 0.0000e+00 -2.2446e+00 3.5881e+00 0.0000e+00 0.0000e+00 0.0000e+00 0.0000e+00 3.4552e-01 5.2342e-01 0.0000e+00 0.0000e+00 -5.2342e-01 7.0713e-01 
103.0 4.1063e+00 -2.2009e+00 0.0000e+00 0.0000e+00 -2.2009e+00 3.5174e+00 0.0000e+00 0.0000e+00 0.0000e+00 0.0000e+00 2.3425e-01 5.2209e-01 0.0000e+00 0.0000e+00 -5.2209e-01 5.9893e-01 
104.0 4.0376e+00 -2.1569e+00 0.0000e+00 0.0000e+00 -2.1569e+00 3.4504e+00 0.0000e+00 0.0000e+00 0.0000e+00 0.0000e+00 1.2683e-01 5.2045e-01 0.0000e+00 0.0000e+00 -5.2045e-01 4.9435e-01 
105.0 3.9724e+00 -2.1127e+00 0.0000e+00 0.0000e+00 -2.1127e+00 3.3869e+00 0.0000e+00 0.0000e+00 0.0000e+00 0.0000e+00 2.3111e-02 5.1854e-01 0.0000e+00 0.0000e+00 -5.1854e-01 3.9325e-01 
106.0 3.9104e+00 -2.0683e+00 0.0000e+00 0.0000e+00 -2.0683e+00 3.3269e+00 0.0000e+00 0.0000e+00 0.0000e+00 0.0000e+00 -7.7037e-02 5.1638e-01 0.0000e+00 0.0000e+00 -5.1638e-01 2.9549e-01 
107.0 3.8517e+00 -2.0238e+00 0.0000e+00 0.0000e+00 -2.0238e+00 3.2702e+00 0.0000e+00 0.0000e+00 0.0000e+00 0.0000e+00 -1.7375e-01 5.1401e-01 0.0000e+00 0.0000e+00 -5.1401e-01 2.0094e-01 
108.0 3.7960e+00 -1.9791e+00 0.0000e+00 0.0000e+00 -1.9791e+00 3.2167e+00 0.0000e+00 0.0000e+00 0.0000e+00 0.0000e+00 -2.6717e-01 5.1143e-01 0.0000e+00 0.0000e+00 -5.1143e-01 1.0948e-01 
109.0 3.7433e+00 -1.9343e+00 0.0000e+00 0.0000e+00 -1.9343e+00 3.1663e+00 0.0000e+00 0.0000e+00 0.0000e+00 0.0000e+00 -3.5739e-01 5.0868e-01 0.0000e+00 0.0000e+00 -5.0868e-01 2.0991e-02 
110.0 3.6934e+00 -1.8894e+00 0.0000e+00 0.0000e+00 -1.8894e+00 3.1187e+00 0.0000e+00 0.0000e+00 0.0000e+00 0.0000e+00 -4.4456e-01 5.0577e-01 0.0000e+00 0.0000e+00 -5.0577e-01 -6.4629e-02 
111.0 3.6462e+00 -1.8445e+00 0.0000e+00 0.0000e+00 -1.8445e+00 3.0740e+00 0.0000e+00 0.0000e+00 0.0000e+00 0.0000e+00 -5.2876e-01 5.0271e-01 0.0000e+00 0.0000e+00 -5.0271e-01 -1.4749e-01 
112.0 3.6017e+00 -1.7996e+00 0.0000e+00 0.0000e+00 -1.7996e+00 3.0320e+00 0.0000e+00 0.0000e+00 0.0000e+00 0.0000e+00 -6.1011e-01 4.9952e-01 0.0000e+00 0.0000e+00 -4.9952e-01 -2.2769e-01 
113.0 3.5596e+00 -1.7547e+00 0.0000e+00 0.0000e+00 -1.7547e+00 2.9927e+00 0.0000e+00 0.0000e+00 0.0000e+00 0.0000e+00 -6.8872e-01 4.9620e-01 0.0000e+00 0.0000e+00 -4.9620e-01 -3.0532e-01 
114.0 3.5200e+00 -1.7098e+00 0.0000e+00 0.0000e+00 -1.7098e+00 2.9558e+00 0.0000e+00 0.0000e+00 0.0000e+00 0.0000e+00 -7.6467e-01 4.9277e-01 0.0000e+00 0.0000e+00 -4.9277e-01 -3.8047e-01 
115.0 3.4827e+00 -1.6651e+00 0.0000e+00 0.0000e+00 -1.6651e+00 2.9213e+00 0.0000e+00 0.0000e+00 0.0000e+00 0.0000e+00 -8.3807e-01 4.8923e-01 0.0000e+00 0.0000e+00 -4.8923e-01 -4.5323e-01 
116.0 3.4477e+00 -1.6204e+00 0.0000e+00 0.0000e+00 -1.6204e+00 2.8891e+00 0.0000e+00 0.0000e+00 0.0000e+00 0.0000e+00 -9.0901e-01 4.8558e-01 0.0000e+00 0.0000e+00 -4.8558e-01 -5.2368e-01 
117.0 3.4148e+00 -1.5758e+00 0.0000e+00 0.0000e+00 -1.5758e+00 2.8592e+00 0.0000e+00 0.0000e+00 0.0000e+00 0.0000e+00 -9.7758e-01 4.8184e-01 0.0000e+00 0.0000e+00 -4.8184e-01 -5.9191e-01 
118.0 3.3839e+00 -1.5314e+00 0.0000e+00 0.0000e+00 -1.5314e+00 2.8313e+00 0.0000e+00 0.0000e+00 0.0000e+00 0.0000e+00 -1.0439e+00 4.7799e-01 0.0000e+00 0.0000e+00 -4.7799e-01 -6.5799e-01 
119.0 3.3551e+00 -1.4872e+00 0.0000e+00 0.0000e+00 -1.4872e+00 2.8055e+00 0.0000e+00 0.0000e+00 0.0000e+00 0.0000e+00 -1.1079e+00 4.7405e-01 0.0000e+00 0.0000e+00 -4.7405e-01 -7.2200e-01 
120.0 3.3281e+00 -1.4432e+00 0.0000e+00 0.0000e+00 -1.4432e+00 2.7817e+00 0.0000e+00 0.0000e+00 0.0000e+00 0.0000e+00 -1.1699e+00 4.7000e-01 0.0000e+00 0.0000e+00 -4.7000e-01 -7.8403e-01 
121.0 3.3030e+00 -1.3995e+00 0.0000e+00 0.0000e+00 -1.3995e+00 2.7597e+00 0.0000e+00 0.0000e+00 0.0000e+00 0.0000e+00 -1.2298e+00 4.6585e-01 0.0000e+00 0.0000e+00 -4.6585e-01 -8.4413e-01 
122.0 3.2796e+00 -1.3560e+00 0.0000e+00 0.0000e+00 -1.3560e+00 2.7395e+00 0.0000e+00 0.0000e+00 0.0000e+00 0.0000e+00 -1.2878e+00 4.6160e-01 0.0000e+00 0.0000e+00 -4.6160e-01 -9.0239e-01 
123.0 3.2579e+00 -1.3127e+00 0.0000e+00 0.0000e+00 -1.3127e+00 2.7210e+00 0.0000e+00 0.0000e+00 0.0000e+00 0.0000e+00 -1.3439e+00 4.5723e-01 0.0000e+00 0.0000e+00 -4.5723e-01 -9.5889e-01 
124.0 3.2378e+00 -1.2698e+00 0.0000e+00 0.0000e+00 -1.2698e+00 2.7042e+00 0.0000e+00 0.0000e+00 0.0000e+00 0.0000e+00 -1.3982e+00 4.5275e-01 0.0000e+00 0.0000e+00 -4.5275e-01 -1.0137e+00 
125.0 3.2193e+00 -1.2272e+00 0.0000e+00 0.0000e+00 -1.2272e+00 2.6890e+00 0.0000e+00 0.0000e+00 0.0000e+00 0.0000e+00 -1.4508e+00 4.4815e-01 0.0000e+00 0.0000e+00 -4.4815e-01 -1.0669e+00 
126.0 3.2022e+00 -1.1848e+00 0.0000e+00 0.0000e+00 -1.1848e+00 2.6752e+00 0.0000e+00 0.0000e+00 0.0000e+00 0.0000e+00 -1.5017e+00 4.4342e-01 0.0000e+00 0.0000e+00 -4.4342e-01 -1.1185e+00 
127.0 3.1865e+00 -1.1429e+00 0.0000e+00 0.0000e+00 -1.1429e+00 2.6629e+00 0.0000e+00 0.0000e+00 0.0000e+00 0.0000e+00 -1.5510e+00 4.3857e-01 0.0000e+00 0.0000e+00 -4.3857e-01 -1.1686e+00 
128.0 3.1722e+00 -1.1012e+00 0.0000e+00 0.0000e+00 -1.1012e+00 2.6521e+00 0.0000e+00 0.0000e+00 0.0000e+00 0.0000e+00 -1.5988e+00 4.3359e-01 0.0000e+00 0.0000e+00 -4.3359e-01 -1.2173e+00 
129.0 3.1592e+00 -1.0600e+00 0.0000e+00 0.0000e+00 -1.0600e+00 2.6425e+00 0.0000e+00 0.0000e+00 0.0000e+00 0.0000e+00 -1.6451e+00 4.2847e-01 0.0000e+00 0.0000e+00 -4.2847e-01 -1.2646e+00 
130.0 3.1474e+00 -1.0191e+00 0.0000e+00 0.0000e+00 -1.0191e+00 2.6342e+00 0.0000e+00 0.0000e+00 0.0000e+00 0.0000e+00 -1.6900e+00 4.2321e-01 0.0000e+00 0.0000e+00 -4.2321e-01 -1.3106e+00 
131.0 3.1368e+00 -9.7853e-01 0.0000e+00 0.0000e+00 -9.7853e-01 2.6272e+00 0.0000e+00 0.0000e+00 0.0000e+00 0.0000e+00 -1.7336e+00 4.1782e-01 0.0000e+00 0.0000e+00 -4.1782e-01 -1.3554e+00 
132.0 3.1274e+00 -9.3840e-01 0.0000e+00 0.0000e+00 -9.3840e-01 2.6214e+00 0.0000e+00 0.0000e+00 0.0000e+00 0.0000e+00 -1.7759e+00 4.1228e-01 0.0000e+00 0.0000e+00 -4.1228e-01 -1.3989e+00 
133.0 3.1190e+00 -8.9866e-01 0.0000e+00 0.0000e+00 -8.9866e-01 2.6167e+00 0.0000e+00 0.0000e+00 0.0000e+00 0.0000e+00 -1.8169e+00 4.0661e-01 0.0000e+00 0.0000e+00 -4.0661e-01 -1.4414e+00 
134.0 3.1116e+00 -8.5932e-01 0.0000e+00 0.0000e+00 -8.5932e-01 2.6131e+00 0.0000e+00 0.0000e+00 0.0000e+00 0.0000e+00 -1.8567e+00 4.0079e-01 0.0000e+00 0.0000e+00 -4.0079e-01 -1.4827e+00 
135.0 3.1053e+00 -8.2041e-01 0.0000e+00 0.0000e+00 -8.2041e-01 2.6106e+00 0.0000e+00 0.0000e+00 0.0000e+00 0.0000e+00 -1.8954e+00 3.9483e-01 0.0000e+00 0.0000e+00 -3.9483e-01 -1.5230e+00 
136.0 3.0999e+00 -7.8192e-01 0.0000e+00 0.0000e+00 -7.8192e-01 2.6091e+00 0.0000e+00 0.0000e+00 0.0000e+00 0.0000e+00 -1.9329e+00 3.8874e-01 0.0000e+00 0.0000e+00 -3.8874e-01 -1.5624e+00 
137.0 3.0954e+00 -7.4387e-01 0.0000e+00 0.0000e+00 -7.4387e-01 2.6086e+00 0.0000e+00 0.0000e+00 0.0000e+00 0.0000e+00 -1.9694e+00 3.8252e-01 0.0000e+00 0.0000e+00 -3.8252e-01 -1.6007e+00 
138.0 3.0919e+00 -7.0627e-01 0.0000e+00 0.0000e+00 -7.0627e-01 2.6092e+00 0.0000e+00 0.0000e+00 0.0000e+00 0.0000e+00 -2.0049e+00 3.7618e-01 0.0000e+00 0.0000e+00 -3.7618e-01 -1.6382e+00 
139.0 3.0892e+00 -6.6913e-01 0.0000e+00 0.0000e+00 -6.6913e-01 2.6107e+00 0.0000e+00 0.0000e+00 0.0000e+00 0.0000e+00 -2.0393e+00 3.6972e-01 0.0000e+00 0.0000e+00 -3.6972e-01 -1.6748e+00 
140.0 3.0874e+00 -6.3248e-01 0.0000e+00 0.0000e+00 -6.3248e-01 2.6131e+00 0.0000e+00 0.0000e+00 0.0000e+00 0.0000e+00 -2.0728e+00 3.6316e-01 0.0000e+00 0.0000e+00 -3.6316e-01 -1.7105e+00 
141.0 3.0864e+00 -5.9634e-01 0.0000e+00 0.0000e+00 -5.9634e-01 2.6165e+00 0.0000e+00 0.0000e+00 0.0000e+00 0.0000e+00 -2.1053e+00 3.5650e-01 0.0000e+00 0.0000e+00 -3.5650e-01 -1.7454e+00 
142.0 3.0862e+00 -5.6073e-01 0.0000e+00 0.0000e+00 -5.6073e-01 2.6208e+00 0.0000e+00 0.0000e+00 0.0000e+00 0.0000e+00 -2.1369e+00 3.4974e-01 0.0000e+00 0.0000e+00 -3.4974e-01 -1.7796e+00 
143.0 3.0868e+00 -5.2568e-01 0.0000e+00 0.0000e+00 -5.2568e-01 2.6259e+00 0.0000e+00 0.0000e+00 0.0000e+00 0.0000e+00 -2.1676e+00 3.4289e-01 0.0000e+00 0.0000e+00 -3.4289e-01 -1.8130e+00 
144.0 3.0880e+00 -4.9120e-01 0.0000e+00 0.0000e+00 -4.9120e-01 2.6318e+00 0.0000e+00 0.0000e+00 0.0000e+00 0.0000e+00 -2.1975e+00 3.3591e-01 0.0000e+00 0.0000e+00 -3.3591e-01 -1.8456e+00 
145.0 3.0899e+00 -4.5733e-01 0.0000e+00 0.0000e+00 -4.5733e-01 2.6385e+00 0.0000e+00 0.0000e+00 0.0000e+00 0.0000e+00 -2.2265e+00 3.2881e-01 0.0000e+00 0.0000e+00 -3.2881e-01 -1.8775e+00 
146.0 3.0924e+00 -4.2408e-01 0.0000e+00 0.0000e+00 -4.2408e-01 2.6459e+00 0.0000e+00 0.0000e+00 0.0000e+00 0.0000e+00 -2.2547e+00 3.2155e-01 0.0000e+00 0.0000e+00 -3.2155e-01 -1.9087e+00 
147.0 3.0955e+00 -3.9146e-01 0.0000e+00 0.0000e+00 -3.9146e-01 2.6540e+00 0.0000e+00 0.0000e+00 0.0000e+00 0.0000e+00 -2.2821e+00 3.1411e-01 0.0000e+00 0.0000e+00 -3.1411e-01 -1.9392e+00 
148.0 3.0992e+00 -3.5949e-01 0.0000e+00 0.0000e+00 -3.5949e-01 2.6628e+00 0.0000e+00 0.0000e+00 0.0000e+00 0.0000e+00 -2.3086e+00 3.0648e-01 0.0000e+00 0.0000e+00 -3.0648e-01 -1.9690e+00 
149.0 3.1035e+00 -3.2819e-01 0.0000e+00 0.0000e+00 -3.2819e-01 2.6722e+00 0.0000e+00 0.0000e+00 0.0000e+00 0.0000e+00 -2.3344e+00 2.9864e-01 0.0000e+00 0.0000e+00 -2.9864e-01 -1.9981e+00 
150.0 3.1083e+00 -2.9756e-01 0.0000e+00 0.0000e+00 -2.9756e-01 2.6823e+00 0.0000e+00 0.0000e+00 0.0000e+00 0.0000e+00 -2.3594e+00 2.9059e-01 0.0000e+00 0.0000e+00 -2.9059e-01 -2.0265e+00 
151.0 3.1138e+00 -2.6763e-01 0.0000e+00 0.0000e+00 -2.6763e-01 2.6931e+00 0.0000e+00 0.0000e+00 0.0000e+00 0.0000e+00 -2.3836e+00 2.8229e-01 0.0000e+00 0.0000e+00 -2.8229e-01 -2.0542e+00 
152.0 3.1198e+00 -2.3840e-01 0.0000e+00 0.0000e+00 -2.3840e-01 2.7045e+00 0.0000e+00 0.0000e+00 0.0000e+00 0.0000e+00 -2.4070e+00 2.7373e-01 0.0000e+00 0.0000e+00 -2.7373e-01 -2.0812e+00 
153.0 3.1264e+00 -2.0989e-01 0.0000e+00 0.0000e+00 -2.0989e-01 2.7165e+00 0.0000e+00 0.0000e+00 0.0000e+00 0.0000e+00 -2.4296e+00 2.6487e-01 0.0000e+00 0.0000e+00 -2.6487e-01 -2.1074e+00 
154.0 3.1337e+00 -1.8212e-01 0.0000e+00 0.0000e+00 -1.8212e-01 2.7291e+00 0.0000e+00 0.0000e+00 0.0000e+00 0.0000e+00 -2.4514e+00 2.5564e-01 0.0000e+00 0.0000e+00 -2.5564e-01 -2.1328e+00 
155.0 3.1415e+00 -1.5514e-01 0.0000e+00 0.0000e+00 -1.5514e-01 2.7424e+00 0.0000e+00 0.0000e+00 0.0000e+00 0.0000e+00 -2.4725e+00 2.4595e-01 0.0000e+00 0.0000e+00 -2.4595e-01 -2.1576e+00 
156.0 3.1498e+00 -1.2901e-01 0.0000e+00 0.0000e+00 -1.2901e-01 2.7561e+00 0.0000e+00 0.0000e+00 0.0000e+00 0.0000e+00 -2.4929e+00 2.3568e-01 0.0000e+00 0.0000e+00 -2.3568e-01 -2.1817e+00 
157.0 3.1586e+00 -1.0382e-01 0.0000e+00 0.0000e+00 -1.0382e-01 2.7703e+00 0.0000e+00 0.0000e+00 0.0000e+00 0.0000e+00 -2.5126e+00 2.2465e-01 0.0000e+00 0.0000e+00 -2.2465e-01 -2.2052e+00 
158.0 3.1676e+00 -7.9709e-02 0.0000e+00 0.0000e+00 -7.9709e-02 2.7848e+00 0.0000e+00 0.0000e+00 0.0000e+00 0.0000e+00 -2.5317e+00 2.1263e-01 0.0000e+00 0.0000e+00 -2.1263e-01 -2.2281e+00 
159.0 3.1768e+00 -5.6860e-02 0.0000e+00 0.0000e+00 -5.6860e-02 2.7991e+00 0.0000e+00 0.0000e+00 0.0000e+00 0.0000e+00 -2.5505e+00 1.9934e-01 0.0000e+00 0.0000e+00 -1.9934e-01 -2.2504e+00 
160.0 3.1858e+00 -3.5509e-02 0.0000e+00 0.0000e+00 -3.5509e-02 2.8130e+00 0.0000e+00 0.0000e+00 0.0000e+00 0.0000e+00 -2.5691e+00 1.8448e-01 0.0000e+00 0.0000e+00 -1.8448e-01 -2.2722e+00 
161.0 3.1946e+00 -1.5930e-02 0.0000e+00 0.0000e+00 -1.5930e-02 2.8260e+00 0.0000e+00 0.0000e+00 0.0000e+00 0.0000e+00 -2.5877e+00 1.6777e-01 0.0000e+00 0.0000e+00 -1.6777e-01 -2.2933e+00 
162.0 3.2031e+00 1.5782e-03 0.0000e+00 0.0000e+00 1.5782e-03 2.8377e+00 0.0000e+00 0.0000e+00 0.0000e+00 0.0000e+00 -2.6066e+00 1.4898e-01 0.0000e+00 0.0000e+00 -1.4898e-01 -2.3138e+00 
163.0 3.2114e+00 1.6711e-02 0.0000e+00 0.0000e+00 1.6711e-02 2.8479e+00 0.0000e+00 0.0000e+00 0.0000e+00 0.0000e+00 -2.6262e+00 1.2797e-01 0.0000e+00 0.0000e+00 -1.2797e-01 -2.3332e+00 
164.0 3.2198e+00 2.9192e-02 0.0000e+00 0.0000e+00 2.9192e-02 2.8562e+00 0.0000e+00 0.0000e+00 0.0000e+00 0.0000e+00 -2.6467e+00 1.0480e-01 0.0000e+00 0.0000e+00 -1.0480e-01 -2.3513e+00 
165.0 3.2290e+00 3.8803e-02 0.0000e+00 0.0000e+00 3.8803e-02 2.8625e+00 0.0000e+00 0.0000e+00 0.0000e+00 0.0000e+00 -2.6687e+00 7.9732e-02 0.0000e+00 0.0000e+00 -7.9732e-02 -2.3677e+00 
166.0 3.2398e+00 4.5417e-02 0.0000e+00 0.0000e+00 4.5417e-02 2.8669e+00 0.0000e+00 0.0000e+00 0.0000e+00 0.0000e+00 -2.6924e+00 5.3298e-02 0.0000e+00 0.0000e+00 -5.3298e-02 -2.3816e+00 
167.0 3.2538e+00 4.9015e-02 0.0000e+00 0.0000e+00 4.9015e-02 2.8697e+00 0.0000e+00 0.0000e+00 0.0000e+00 0.0000e+00 -2.7183e+00 2.6354e-02 0.0000e+00 0.0000e+00 -2.6354e-02 -2.3924e+00 
168.0 3.2723e+00 4.9708e-02 0.0000e+00 0.0000e+00 4.9708e-02 2.8716e+00 0.0000e+00 0.0000e+00 0.0000e+00 0.0000e+00 -2.7467e+00 7.8555e-05 0.0000e+00 0.0000e+00 -7.8555e-05 -2.3993e+00 
169.0 3.2974e+00 4.7749e-02 0.0000e+00 0.0000e+00 4.7749e-02 2.8737e+00 0.0000e+00 0.0000e+00 0.0000e+00 0.0000e+00 -2.7777e+00 -2.4057e-02 0.0000e+00 0.0000e+00 2.4057e-02 -2.4016e+00 
170.0 3.3309e+00 4.3541e-02 0.0000e+00 0.0000e+00 4.3541e-02 2.8772e+00 0.0000e+00 0.0000e+00 0.0000e+00 0.0000e+00 -2.8113e+00 -4.4379e-02 0.0000e+00 0.0000e+00 4.4379e-02 -2.3985e+00 
171.0 3.3743e+00 3.7623e-02 0.0000e+00 0.0000e+00 3.7623e-02 2.8835e+00 0.0000e+00 0.0000e+00 0.0000e+00 0.0000e+00 -2.8473e+00 -5.9198e-02 0.0000e+00 0.0000e+00 5.9198e-02 -2.3899e+00 
172.0 3.4285e+00 3.0655e-02 0.0000e+00 0.0000e+00 3.0655e-02 2.8938e+00 0.0000e+00 0.0000e+00 0.0000e+00 0.0000e+00 -2.8849e+00 -6.7095e-02 0.0000e+00 0.0000e+00 6.7095e-02 -2.3756e+00 
173.0 3.4929e+00 2.3355e-02 0.0000e+00 0.0000e+00 2.3355e-02 2.9088e+00 0.0000e+00 0.0000e+00 0.0000e+00 0.0000e+00 -2.9231e+00 -6.7307e-02 0.0000e+00 0.0000e+00 6.7307e-02 -2.3565e+00 
174.0 3.5647e+00 1.6421e-02 0.0000e+00 0.0000e+00 1.6421e-02 2.9285e+00 0.0000e+00 0.0000e+00 0.0000e+00 0.0000e+00 -2.9605e+00 -6.0093e-02 0.0000e+00 0.0000e+00 6.0093e-02 -2.3339e+00 
175.0 3.6393e+00 1.0426e-02 0.0000e+00 0.0000e+00 1.0426e-02 2.9515e+00 0.0000e+00 0.0000e+00 0.0000e+00 0.0000e+00 -2.9951e+00 -4.7006e-02 0.0000e+00 0.0000e+00 4.7006e-02 -2.3099e+00 
176.0 3.7097e+00 5.7376e-03 0.0000e+00 0.0000e+00 5.7376e-03 2.9751e+00 0.0000e+00 0.0000e+00 0.0000e+00 0.0000e+00 -3.0249e+00 -3.0862e-02 0.0000e+00 0.0000e+00 3.0862e-02 -2.2870e+00 
177.0 3.7680e+00 2.4839e-03 0.0000e+00 0.0000e+00 2.4839e-03 2.9958e+00 0.0000e+00 0.0000e+00 0.0000e+00 0.0000e+00 -3.0481e+00 -1.5330e-02 0.0000e+00 0.0000e+00 1.5330e-02 -2.2681e+00 
178.0 3.8067e+00 6.1163e-04 0.0000e+00 0.0000e+00 6.1163e-04 3.0101e+00 0.0000e+00 0.0000e+00 0.0000e+00 0.0000e+00 -3.0628e+00 -4.1202e-03 0.0000e+00 0.0000e+00 4.1202e-03 -2.2556e+00 
179.0 3.8204e+00 5.2013e-21 0.0000e+00 0.0000e+00 5.2013e-21 3.0152e+00 0.0000e+00 0.0000e+00 0.0000e+00 0.0000e+00 -3.0678e+00 -6.2573e-20 0.0000e+00 0.0000e+00 6.2573e-20 -2.2512e+00 
180.0 3.8342e+00 0.0000e+00 0.0000e+00 0.0000e+00 0.0000e+00 3.0203e+00 0.0000e+00 0.0000e+00 0.0000e+00 0.0000e+00 -3.0729e+00 0.0000e+00 0.0000e+00 0.0000e+00 -0.0000e+00 -2.2468e+00 
