1.4077 1.7638 0.3561 0.037608
theta s11 s12 s13 s14 s21 s22 s23 s24 s31 s32 s33 s34 s41 s42 s43 s44
0.0 2.6243e+03 0.0000e+00 0.0000e+00 0.0000e+00 0.0000e+00 2.6224e+03 0.0000e+00 0.0000e+00 0.0000e+00 0.0000e+00 2.6224e+03 0.0000e+00 0.0000e+00 0.0000e+00 -0.0000e+00 2.6206e+03 
1.0 2.3336e+03 -1.1642e-01 0.0000e+00 0.0000e+00 -1.1642e-01 2.3317e+03 0.0000e+00 0.0000e+00 0.0000e+00 0.0000e+00 2.3317e+03 -1.0773e+00 0.0000e+00 0.0000e+00 1.0773e+00 2.3299e+03 
2.0 1.8347e+03 -2.6475e-01 0.0000e+00 0.0000e+00 -2.6475e-01 1.8329e+03 0.0000e+00 0.0000e+00 0.0000e+00 0.0000e+00 1.8329e+03 -3.6661e+00 0.0000e+00 0.0000e+00 3.6661e+00 1.8311e+03 
3.0 1.4157e+03 -3.1725e-01 0.0000e+00 0.0000e+00 -3.1725e-01 1.4139e+03 0.0000e+00 0.0000e+00 0.0000e+00 0.0000e+00 1.4138e+03 -6.5089e+00 0.0000e+00 0.0000e+00 6.5089e+00 1.4121e+03 
4.0 1.1055e+03 -3.1224e-01 0.0000e+00 0.0000e+00 -3.1224e-01 1.1038e+03 0.0000e+00 0.0000e+00 0.0000e+00 0.0000e+00 1.1037e+03 -8.7906e+00 0.0000e+00 0.0000e+00 8.7906e+00 1.1020e+03 
5.0 8.8027e+02 -2.9533e-01 0.0000e+00 0.0000e+00 -2.9533e-01 8.7857e+02 0.0000e+00 0.0000e+00 0.0000e+00 0.0000e+00 8.7839e+02 -1.0352e+01 0.0000e+00 0.0000e+00 1.0352e+01 8.7674e+02 
6.0 7.1463e+02 -2.9136e-01 0.0000e+00 0.0000e+00 -2.9136e-01 7.1298e+02 0.0000e+00 0.0000e+00 0.0000e+00 0.0000e+00 7.1272e+02 -1.1298e+01 0.0000e+00 0.0000e+00 1.1298e+01 7.1116e+02 
7.0 5.9032e+02 -3.1299e-01 0.0000e+00 0.0000e+00 -3.1299e-01 5.8872e+02 0.0000e+00 0.0000e+00 0.0000e+00 0.0000e+00 5.8838e+02 -1.1756e+01 0.0000e+00 0.0000e+00 1.1756e+01 5.8688e+02 
8.0 4.9513e+02 -3.6336e-01 0.0000e+00 0.0000e+00 -3.6336e-01 4.9358e+02 0.0000e+00 0.0000e+00 0.0000e+00 0.0000e+00 4.9315e+02 -1.1841e+01 0.0000e+00 0.0000e+00 1.1841e+01 4.9173e+02 
9.0 4.2094e+02 -4.3908e-01 0.0000e+00 0.0000e+00 -4.3908e-01 4.1944e+02 0.0000e+00 0.0000e+00 0.0000e+00 0.0000e+00 4.1892e+02 -1.1655e+01 0.0000e+00 0.0000e+00 1.1655e+01 4.1757e+02 
10.0 3.6223e+02 -5.3464e-01 0.0000e+00 0.0000e+00 -5.3464e-01 3.6075e+02 0.0000e+00 0.0000e+00 0.0000e+00 0.0000e+00 3.6016e+02 -1.1280e+01 0.0000e+00 0.0000e+00 1.1280e+01 3.5888e+02 
11.0 3.1512e+02 -6.4441e-01 0.0000e+00 0.0000e+00 -6.4441e-01 3.1368e+02 0.0000e+00 0.0000e+00 0.0000e+00 0.0000e+00 3.1302e+02 -1.0785e+01 0.0000e+00 0.0000e+00 1.0785e+01 3.1180e+02 
12.0 2.7687e+02 -7.6378e-01 0.0000e+00 0.0000e+00 -7.6378e-01 2.7546e+02 0.0000e+00 0.0000e+00 0.0000e+00 0.0000e+00 2.7473e+02 -1.0221e+01 0.0000e+00 0.0000e+00 1.0221e+01 2.7357e+02 
13.0 2.4546e+02 -8.9134e-01 0.0000e+00 0.0000e+00 -8.9134e-01 2.4407e+02 0.0000e+00 0.0000e+00 0.0000e+00 0.0000e+00 2.4329e+02 -9.6209e+00 0.0000e+00 0.0000e+00 9.6209e+00 2.4218e+02 
14.0 2.1941e+02 -1.0179e+00 0.0000e+00 0.0000e+00 -1.0179e+00 2.1805e+02 0.0000e+00 0.0000e+00 0.0000e+00 0.0000e+00 2.1721e+02 -9.0273e+00 0.0000e+00 0.0000e+00 9.0273e+00 2.1615e+02 
15.0 1.9761e+02 -1.1486e+00 0.0000e+00 0.0000e+00 -1.1486e+00 1.9627e+02 0.0000e+00 0.0000e+00 0.0000e+00 0.0000e+00 1.9539e+02 -8.4378e+00 0.0000e+00 0.0000e+00 8.4378e+00 1.9438e+02 
16.0 1.7921e+02 -1.2800e+00 0.0000e+00 0.0000e+00 -1.2800e+00 1.7789e+02 0.0000e+00 0.0000e+00 0.0000e+00 0.0000e+00 1.7696e+02 -7.8671e+00 0.0000e+00 0.0000e+00 7.8671e+00 1.7599e+02 
17.0 1.6354e+02 -1.4114e+00 0.0000e+00 0.0000e+00 -1.4114e+00 1.6224e+02 0.0000e+00 0.0000e+00 0.0000e+00 0.0000e+00 1.6126e+02 -7.3219e+00 0.0000e+00 0.0000e+00 7.3219e+00 1.6034e+02 
18.0 1.5008e+02 -1.5426e+00 0.0000e+00 0.0000e+00 -1.5426e+00 1.4880e+02 0.0000e+00 0.0000e+00 0.0000e+00 0.0000e+00 1.4779e+02 -6.8069e+00 0.0000e+00 0.0000e+00 6.8069e+00 1.4691e+02 
19.0 1.3844e+02 -1.6736e+00 0.0000e+00 0.0000e+00 -1.6736e+00 1.3717e+02 0.0000e+00 0.0000e+00 0.0000e+00 0.0000e+00 1.3668e+02 -6.3234e+00 0.0000e+00 0.0000e+00 6.3234e+00 1.3584e+02 
20.0 1.2828e+02 -1.8053e+00 0.0000e+00 0.0000e+00 -1.8053e+00 1.2703e+02 0.0000e+00 0.0000e+00 0.0000e+00 0.0000e+00 1.2698e+02 -5.8721e+00 0.0000e+00 0.0000e+00 5.8721e+00 1.2618e+02 
21.0 1.1936e+02 -1.9381e+00 0.0000e+00 0.0000e+00 -1.9381e+00 1.1812e+02 0.0000e+00 0.0000e+00 0.0000e+00 0.0000e+00 1.1845e+02 -5.4533e+00 0.0000e+00 0.0000e+00 5.4533e+00 1.1769e+02 
22.0 1.1146e+02 -2.0726e+00 0.0000e+00 0.0000e+00 -2.0726e+00 1.1023e+02 0.0000e+00 0.0000e+00 0.0000e+00 0.0000e+00 1.1089e+02 -5.0663e+00 0.0000e+00 0.0000e+00 5.0663e+00 1.1017e+02 
23.0 1.0441e+02 -2.2088e+00 0.0000e+00 0.0000e+00 -2.2088e+00 1.0320e+02 0.0000e+00 0.0000e+00 0.0000e+00 0.0000e+00 1.0415e+02 -4.7092e+00 0.0000e+00 0.0000e+00 4.7092e+00 1.0345e+02 
24.0 9.8091e+01 -2.3465e+00 0.0000e+00 0.0000e+00 -2.3465e+00 9.6886e+01 0.0000e+00 0.0000e+00 0.0000e+00 0.0000e+00 9.8096e+01 -4.3791e+00 0.0000e+00 0.0000e+00 4.3791e+00 9.7423e+01 
25.0 9.2384e+01 -2.4854e+00 0.0000e+00 0.0000e+00 -2.4854e+00 9.1190e+01 0.0000e+00 0.0000e+00 0.0000e+00 0.0000e+00 9.2627e+01 -4.0738e+00 0.0000e+00 0.0000e+00 4.0738e+00 9.1978e+01 
26.0 8.7209e+01 -2.6248e+00 0.0000e+00 0.0000e+00 -2.6248e+00 8.6026e+01 0.0000e+00 0.0000e+00 0.0000e+00 0.0000e+00 8.7664e+01 -3.7913e+00 0.0000e+00 0.0000e+00 3.7913e+00 8.7037e+01 
27.0 8.2496e+01 -2.7641e+00 0.0000e+00 0.0000e+00 -2.7641e+00 8.1323e+01 0.0000e+00 0.0000e+00 0.0000e+00 0.0000e+00 8.3140e+01 -3.5301e+00 0.0000e+00 0.0000e+00 3.5301e+00 8.2532e+01 
28.0 7.8182e+01 -2.9030e+00 0.0000e+00 0.0000e+00 -2.9030e+00 7.7018e+01 0.0000e+00 0.0000e+00 0.0000e+00 0.0000e+00 7.8995e+01 -3.2890e+00 0.0000e+00 0.0000e+00 3.2890e+00 7.8406e+01 
29.0 7.4214e+01 -3.0409e+00 0.0000e+00 0.0000e+00 -3.0409e+00 7.3060e+01 0.0000e+00 0.0000e+00 0.0000e+00 0.0000e+00 7.5179e+01 -3.0664e+00 0.0000e+00 0.0000e+00 3.0664e+00 7.4608e+01 
30.0 7.0547e+01 -3.1775e+00 0.0000e+00 0.0000e+00 -3.1775e+00 6.9401e+01 0.0000e+00 0.0000e+00 0.0000e+00 0.0000e+00 7.1648e+01 -2.8607e+00 0.0000e+00 0.0000e+00 2.8607e+00 7.1093e+01 
31.0 6.7141e+01 -3.3123e+00 0.0000e+00 0.0000e+00 -3.3123e+00 6.6004e+01 0.0000e+00 0.0000e+00 0.0000e+00 0.0000e+00 6.7991e+01 -2.6708e+00 0.0000e+00 0.0000e+00 2.6708e+00 6.7460e+01 
32.0 6.3965e+01 -3.4448e+00 0.0000e+00 0.0000e+00 -3.4448e+00 6.2836e+01 0.0000e+00 0.0000e+00 0.0000e+00 0.0000e+00 6.4586e+01 -2.4957e+00 0.0000e+00 0.0000e+00 2.4957e+00 6.4078e+01 
33.0 6.0992e+01 -3.5743e+00 0.0000e+00 0.0000e+00 -3.5743e+00 5.9871e+01 0.0000e+00 0.0000e+00 0.0000e+00 0.0000e+00 6.1405e+01 -2.3344e+00 0.0000e+00 0.0000e+00 2.3344e+00 6.0920e+01 
34.0 5.8201e+01 -3.7002e+00 0.0000e+00 0.0000e+00 -3.7002e+00 5.7087e+01 0.0000e+00 0.0000e+00 0.0000e+00 0.0000e+00 5.8424e+01 -2.1857e+00 0.0000e+00 0.0000e+00 2.1857e+00 5.7960e+01 
35.0 5.5573e+01 -3.8222e+00 0.0000e+00 0.0000e+00 -3.8222e+00 5.4466e+01 0.0000e+00 0.0000e+00 0.0000e+00 0.0000e+00 5.5622e+01 -2.0485e+00 0.0000e+00 0.0000e+00 2.0485e+00 5.5180e+01 
36.0 5.3095e+01 -3.9401e+00 0.0000e+00 0.0000e+00 -3.9401e+00 5.1995e+01 0.0000e+00 0.0000e+00 0.0000e+00 0.0000e+00 5.2983e+01 -1.9212e+00 0.0000e+00 0.0000e+00 1.9212e+00 5.2562e+01 
37.0 5.0757e+01 -4.0539e+00 0.0000e+00 0.0000e+00 -4.0539e+00 4.9664e+01 0.0000e+00 0.0000e+00 0.0000e+00 0.0000e+00 5.0492e+01 -1.8026e+00 0.0000e+00 0.0000e+00 1.8026e+00 5.0092e+01 
38.0 4.8549e+01 -4.1640e+00 0.0000e+00 0.0000e+00 -4.1640e+00 4.7462e+01 0.0000e+00 0.0000e+00 0.0000e+00 0.0000e+00 4.8139e+01 -1.6914e+00 0.0000e+00 0.0000e+00 1.6914e+00 4.7758e+01 
39.0 4.6464e+01 -4.2705e+00 0.0000e+00 0.0000e+00 -4.2705e+00 4.5383e+01 0.0000e+00 0.0000e+00 0.0000e+00 0.0000e+00 4.5913e+01 -1.5870e+00 0.0000e+00 0.0000e+00 1.5870e+00 4.5551e+01 
40.0 4.4493e+01 -4.3735e+00 0.0000e+00 0.0000e+00 -4.3735e+00 4.3419e+01 0.0000e+00 0.0000e+00 0.0000e+00 0.0000e+00 4.3805e+01 -1.4890e+00 0.0000e+00 0.0000e+00 1.4890e+00 4.3462e+01 
41.0 4.2629e+01 -4.4727e+00 0.0000e+00 0.0000e+00 -4.4727e+00 4.1561e+01 0.0000e+00 0.0000e+00 0.0000e+00 0.0000e+00 4.1807e+01 -1.3970e+00 0.0000e+00 0.0000e+00 1.3970e+00 4.1482e+01 
42.0 4.0864e+01 -4.5679e+00 0.0000e+00 0.0000e+00 -4.5679e+00 3.9801e+01 0.0000e+00 0.0000e+00 0.0000e+00 0.0000e+00 3.9910e+01 -1.3107e+00 0.0000e+00 0.0000e+00 1.3107e+00 3.9603e+01 
43.0 3.9189e+01 -4.6589e+00 0.0000e+00 0.0000e+00 -4.6589e+00 3.8132e+01 0.0000e+00 0.0000e+00 0.0000e+00 0.0000e+00 3.8108e+01 -1.2296e+00 0.0000e+00 0.0000e+00 1.2296e+00 3.7818e+01 
44.0 3.7599e+01 -4.7453e+00 0.0000e+00 0.0000e+00 -4.7453e+00 3.6547e+01 0.0000e+00 0.0000e+00 0.0000e+00 0.0000e+00 3.6392e+01 -1.1531e+00 0.0000e+00 0.0000e+00 1.1531e+00 3.6120e+01 
45.0 3.6085e+01 -4.8272e+00 0.0000e+00 0.0000e+00 -4.8272e+00 3.5039e+01 0.0000e+00 0.0000e+00 0.0000e+00 0.0000e+00 3.4757e+01 -1.0807e+00 0.0000e+00 0.0000e+00 1.0807e+00 3.4502e+01 
46.0 3.4645e+01 -4.9043e+00 0.0000e+00 0.0000e+00 -4.9043e+00 3.3604e+01 0.0000e+00 0.0000e+00 0.0000e+00 0.0000e+00 3.3198e+01 -1.0118e+00 0.0000e+00 0.0000e+00 1.0118e+00 3.2959e+01 
47.0 3.3272e+01 -4.9767e+00 0.0000e+00 0.0000e+00 -4.9767e+00 3.2236e+01 0.0000e+00 0.0000e+00 0.0000e+00 0.0000e+00 3.1710e+01 -9.4586e-01 0.0000e+00 0.0000e+00 9.4586e-01 3.1487e+01 
48.0 3.1963e+01 -5.0445e+00 0.0000e+00 0.0000e+00 -5.0445e+00 3.0932e+01 0.0000e+00 0.0000e+00 0.0000e+00 0.0000e+00 3.0289e+01 -8.8256e-01 0.0000e+00 0.0000e+00 8.8256e-01 3.0082e+01 
49.0 3.0715e+01 -5.1076e+00 0.0000e+00 0.0000e+00 -5.1076e+00 2.9689e+01 0.0000e+00 0.0000e+00 0.0000e+00 0.0000e+00 2.8930e+01 -8.2159e-01 0.0000e+00 0.0000e+00 8.2159e-01 2.8739e+01 
50.0 2.9524e+01 -5.1661e+00 0.0000e+00 0.0000e+00 -5.1661e+00 2.8502e+01 0.0000e+00 0.0000e+00 0.0000e+00 0.0000e+00 2.7632e+01 -7.6270e-01 0.0000e+00 0.0000e+00 7.6270e-01 2.7456e+01 
51.0 2.8388e+01 -5.2200e+00 0.0000e+00 0.0000e+00 -5.2200e+00 2.7370e+01 0.0000e+00 0.0000e+00 0.0000e+00 0.0000e+00 2.6390e+01 -7.0563e-01 0.0000e+00 0.0000e+00 7.0563e-01 2.6230e+01 
52.0 2.7304e+01 -5.2695e+00 0.0000e+00 0.0000e+00 -5.2695e+00 2.6290e+01 0.0000e+00 0.0000e+00 0.0000e+00 0.0000e+00 2.5202e+01 -6.5016e-01 0.0000e+00 0.0000e+00 6.5016e-01 2.5057e+01 
53.0 2.6269e+01 -5.3146e+00 0.0000e+00 0.0000e+00 -5.3146e+00 2.5260e+01 0.0000e+00 0.0000e+00 0.0000e+00 0.0000e+00 2.4064e+01 -5.9610e-01 0.0000e+00 0.0000e+00 5.9610e-01 2.3934e+01 
54.0 2.5282e+01 -5.3554e+00 0.0000e+00 0.0000e+00 -5.3554e+00 2.4277e+01 0.0000e+00 0.0000e+00 0.0000e+00 0.0000e+00 2.2975e+01 -5.4333e-01 0.0000e+00 0.0000e+00 5.4333e-01 2.2860e+01 
55.0 2.4341e+01 -5.3921e+00 0.0000e+00 0.0000e+00 -5.3921e+00 2.3339e+01 0.0000e+00 0.0000e+00 0.0000e+00 0.0000e+00 2.1932e+01 -4.9180e-01 0.0000e+00 0.0000e+00 4.9180e-01 2.1831e+01 
56.0 2.3442e+01 -5.4247e+00 0.0000e+00 0.0000e+00 -5.4247e+00 2.2444e+01 0.0000e+00 0.0000e+00 0.0000e+00 0.0000e+00 2.0933e+01 -4.4151e-01 0.0000e+00 0.0000e+00 4.4151e-01 2.0846e+01 
57.0 2.2585e+01 -5.4531e+00 0.0000e+00 0.0000e+00 -5.4531e+00 2.1589e+01 0.0000e+00 0.0000e+00 0.0000e+00 0.0000e+00 1.9975e+01 -3.9241e-01 0.0000e+00 0.0000e+00 3.9241e-01 1.9903e+01 
58.0 2.1766e+01 -5.4776e+00 0.0000e+00 0.0000e+00 -5.4776e+00 2.0774e+01 0.0000e+00 0.0000e+00 0.0000e+00 0.0000e+00 1.9057e+01 -3.4446e-01 0.0000e+00 0.0000e+00 3.4446e-01 1.8999e+01 
59.0 2.0985e+01 -5.4980e+00 0.0000e+00 0.0000e+00 -5.4980e+00 1.9996e+01 0.0000e+00 0.0000e+00 0.0000e+00 0.0000e+00 1.8177e+01 -2.9759e-01 0.0000e+00 0.0000e+00 2.9759e-01 1.8133e+01 
60.0 2.0239e+01 -5.5144e+00 0.0000e+00 0.0000e+00 -5.5144e+00 1.9253e+01 0.0000e+00 0.0000e+00 0.0000e+00 0.0000e+00 1.7332e+01 -2.5175e-01 0.0000e+00 0.0000e+00 2.5175e-01 1.7302e+01 
61.0 1.9527e+01 -5.5271e+00 0.0000e+00 0.0000e+00 -5.5271e+00 1.8543e+01 0.0000e+00 0.0000e+00 0.0000e+00 0.0000e+00 1.6522e+01 -2.0691e-01 0.0000e+00 0.0000e+00 2.0691e-01 1.6505e+01 
62.0 1.8847e+01 -5.5360e+00 0.0000e+00 0.0000e+00 -5.5360e+00 1.7866e+01 0.0000e+00 0.0000e+00 0.0000e+00 0.0000e+00 1.5744e+01 -1.6304e-01 0.0000e+00 0.0000e+00 1.6304e-01 1.5741e+01 
63.0 1.8198e+01 -5.5413e+00 0.0000e+00 0.0000e+00 -5.5413e+00 1.7219e+01 0.0000e+00 0.0000e+00 0.0000e+00 0.0000e+00 1.4997e+01 -1.2016e-01 0.0000e+00 0.0000e+00 1.2016e-01 1.5008e+01 
64.0 1.7578e+01 -5.5431e+00 0.0000e+00 0.0000e+00 -5.5431e+00 1.6601e+01 0.0000e+00 0.0000e+00 0.0000e+00 0.0000e+00 1.4280e+01 -7.8325e-02 0.0000e+00 0.0000e+00 7.8325e-02 1.4304e+01 
65.0 1.6985e+01 -5.5414e+00 0.0000e+00 0.0000e+00 -5.5414e+00 1.6011e+01 0.0000e+00 0.0000e+00 0.0000e+00 0.0000e+00 1.3591e+01 -3.7594e-02 0.0000e+00 0.0000e+00 3.7594e-02 1.3629e+01 
66.0 1.6420e+01 -5.5362e+00 0.0000e+00 0.0000e+00 -5.5362e+00 1.5447e+01 0.0000e+00 0.0000e+00 0.0000e+00 0.0000e+00 1.2929e+01 1.9645e-03 0.0000e+00 0.0000e+00 -1.9645e-03 1.2980e+01 
67.0 1.5879e+01 -5.5277e+00 0.0000e+00 0.0000e+00 -5.5277e+00 1.4908e+01 0.0000e+00 0.0000e+00 0.0000e+00 0.0000e+00 1.2294e+01 4.0307e-02 0.0000e+00 0.0000e+00 -4.0307e-02 1.2358e+01 
68.0 1.5362e+01 -5.5159e+00 0.0000e+00 0.0000e+00 -5.5159e+00 1.4393e+01 0.0000e+00 0.0000e+00 0.0000e+00 0.0000e+00 1.1682e+01 7.7417e-02 0.0000e+00 0.0000e+00 -7.7417e-02 1.1760e+01 
69.0 1.4869e+01 -5.5009e+00 0.0000e+00 0.0000e+00 -5.5009e+00 1.3901e+01 0.0000e+00 0.0000e+00 0.0000e+00 0.0000e+00 1.1095e+01 1.1329e-01 0.0000e+00 0.0000e+00 -1.1329e-01 1.1185e+01 
70.0 1.4397e+01 -5.4827e+00 0.0000e+00 0.0000e+00 -5.4827e+00 1.3431e+01 0.0000e+00 0.0000e+00 0.0000e+00 0.0000e+00 1.0530e+01 1.4793e-01 0.0000e+00 0.0000e+00 -1.4793e-01 1.0633e+01 
71.0 1.3946e+01 -5.4614e+00 0.0000e+00 0.0000e+00 -5.4614e+00 1.2981e+01 0.0000e+00 0.0000e+00 0.0000e+00 0.0000e+00 9.9857e+00 1.8134e-01 0.0000e+00 0.0000e+00 -1.8134e-01 1.0102e+01 
72.0 1.3515e+01 -5.4371e+00 0.0000e+00 0.0000e+00 -5.4371e+00 1.2552e+01 0.0000e+00 0.0000e+00 0.0000e+00 0.0000e+00 9.4624e+00 2.1349e-01 0.0000e+00 0.0000e+00 -2.1349e-01 9.5914e+00 
73.0 1.3103e+01 -5.4100e+00 0.0000e+00 0.0000e+00 -5.4100e+00 1.2141e+01 0.0000e+00 0.0000e+00 0.0000e+00 0.0000e+00 8.9587e+00 2.4437e-01 0.0000e+00 0.0000e+00 -2.4437e-01 9.1004e+00 
74.0 1.2709e+01 -5.3800e+00 0.0000e+00 0.0000e+00 -5.3800e+00 1.1749e+01 0.0000e+00 0.0000e+00 0.0000e+00 0.0000e+00 8.4737e+00 2.7397e-01 0.0000e+00 0.0000e+00 -2.7397e-01 8.6281e+00 
75.0 1.2333e+01 -5.3474e+00 0.0000e+00 0.0000e+00 -5.3474e+00 1.1373e+01 0.0000e+00 0.0000e+00 0.0000e+00 0.0000e+00 8.0067e+00 3.0229e-01 0.0000e+00 0.0000e+00 -3.0229e-01 8.1735e+00 
76.0 1.1973e+01 -5.3121e+00 0.0000e+00 0.0000e+00 -5.3121e+00 1.1015e+01 0.0000e+00 0.0000e+00 0.0000e+00 0.0000e+00 7.5569e+00 3.2934e-01 0.0000e+00 0.0000e+00 -3.2934e-01 7.7361e+00 
77.0 1.1629e+01 -5.2742e+00 0.0000e+00 0.0000e+00 -5.2742e+00 1.0672e+01 0.0000e+00 0.0000e+00 0.0000e+00 0.0000e+00 7.1235e+00 3.5517e-01 0.0000e+00 0.0000e+00 -3.5517e-01 7.3149e+00 
78.0 1.1300e+01 -5.2338e+00 0.0000e+00 0.0000e+00 -5.2338e+00 1.0345e+01 0.0000e+00 0.0000e+00 0.0000e+00 0.0000e+00 6.7058e+00 3.7979e-01 0.0000e+00 0.0000e+00 -3.7979e-01 6.9093e+00 
79.0 1.0986e+01 -5.1911e+00 0.0000e+00 0.0000e+00 -5.1911e+00 1.0032e+01 0.0000e+00 0.0000e+00 0.0000e+00 0.0000e+00 6.3032e+00 4.0327e-01 0.0000e+00 0.0000e+00 -4.0327e-01 6.5187e+00 
80.0 1.0686e+01 -5.1462e+00 0.0000e+00 0.0000e+00 -5.1462e+00 9.7328e+00 0.0000e+00 0.0000e+00 0.0000e+00 0.0000e+00 5.9151e+00 4.2564e-01 0.0000e+00 0.0000e+00 -4.2564e-01 6.1423e+00 
81.0 1.0399e+01 -5.0990e+00 0.0000e+00 0.0000e+00 -5.0990e+00 9.4472e+00 0.0000e+00 0.0000e+00 0.0000e+00 0.0000e+00 5.5409e+00 4.4693e-01 0.0000e+00 0.0000e+00 -4.4693e-01 5.7797e+00 
82.0 1.0125e+01 -5.0499e+00 0.0000e+00 0.0000e+00 -5.0499e+00 9.1744e+00 0.0000e+00 0.0000e+00 0.0000e+00 0.0000e+00 5.1800e+00 4.6715e-01 0.0000e+00 0.0000e+00 -4.6715e-01 5.4303e+00 
83.0 9.8628e+00 -4.9987e+00 0.0000e+00 0.0000e+00 -4.9987e+00 8.9139e+00 0.0000e+00 0.0000e+00 0.0000e+00 0.0000e+00 4.8319e+00 4.8633e-01 0.0000e+00 0.0000e+00 -4.8633e-01 5.0935e+00 
84.0 9.6126e+00 -4.9458e+00 0.0000e+00 0.0000e+00 -4.9458e+00 8.6651e+00 0.0000e+00 0.0000e+00 0.0000e+00 0.0000e+00 4.4961e+00 5.0448e-01 0.0000e+00 0.0000e+00 -5.0448e-01 4.7689e+00 
85.0 9.3736e+00 -4.8910e+00 0.0000e+00 0.0000e+00 -4.8910e+00 8.4276e+00 0.0000e+00 0.0000e+00 0.0000e+00 0.0000e+00 4.1720e+00 5.2162e-01 0.0000e+00 0.0000e+00 -5.2162e-01 4.4558e+00 
86.0 9.1454e+00 -4.8346e+00 0.0000e+00 0.0000e+00 -4.8346e+00 8.2009e+00 0.0000e+00 0.0000e+00 0.0000e+00 0.0000e+00 3.8593e+00 5.3777e-01 0.0000e+00 0.0000e+00 -5.3777e-01 4.1539e+00 
87.0 8.9274e+00 -4.7766e+00 0.0000e+00 0.0000e+00 -4.7766e+00 7.9845e+00 0.0000e+00 0.0000e+00 0.0000e+00 0.0000e+00 3.5575e+00 5.5297e-01 0.0000e+00 0.0000e+00 -5.5297e-01 3.8627e+00 
88.0 8.7193e+00 -4.7171e+00 0.0000e+00 0.0000e+00 -4.7171e+00 7.7781e+00 0.0000e+00 0.0000e+00 0.0000e+00 0.0000e+00 3.2661e+00 5.6722e-01 0.0000e+00 0.0000e+00 -5.6722e-01 3.5817e+00 
89.0 8.5208e+00 -4.6562e+00 0.0000e+00 0.0000e+00 -4.6562e+00 7.5812e+00 0.0000e+00 0.0000e+00 0.0000e+00 0.0000e+00 2.9848e+00 5.8055e-01 0.0000e+00 0.0000e+00 -5.8055e-01 3.3106e+00 
90.0 8.3312e+00 -4.5940e+00 0.0000e+00 0.0000e+00 -4.5940e+00 7.3935e+00 0.0000e+00 0.0000e+00 0.0000e+00 0.0000e+00 2.7132e+00 5.9297e-01 0.0000e+00 0.0000e+00 -5.9297e-01 3.0490e+00 
91.0 8.1505e+00 -4.5306e+00 0.0000e+00 0.0000e+00 -4.5306e+00 7.2145e+00 0.0000e+00 0.0000e+00 0.0000e+00 0.0000e+00 2.4509e+00 6.0450e-01 0.0000e+00 0.0000e+00 -6.0450e-01 2.7965e+00 
92.0 7.9780e+00 -4.4660e+00 0.0000e+00 0.0000e+00 -4.4660e+00 7.0440e+00 0.0000e+00 0.0000e+00 0.0000e+00 0.0000e+00 2.1976e+00 6.1516e-01 0.0000e+00 0.0000e+00 -6.1516e-01 2.5527e+00 
93.0 7.8137e+00 -4.4004e+00 0.0000e+00 0.0000e+00 -4.4004e+00 6.8816e+00 0.0000e+00 0.0000e+00 0.0000e+00 0.0000e+00 1.9529e+00 6.2495e-01 0.0000e+00 0.0000e+00 -6.2495e-01 2.3173e+00 
94.0 7.6570e+00 -4.3337e+00 0.0000e+00 0.0000e+00 -4.3337e+00 6.7270e+00 0.0000e+00 0.0000e+00 0.0000e+00 0.0000e+00 1.7166e+00 6.3390e-01 0.0000e+00 0.0000e+00 -6.3390e-01 2.0900e+00 
95.0 7.5077e+00 -4.2660e+00 0.0000e+00 0.0000e+00 -4.2660e+00 6.5800e+00 0.0000e+00 0.0000e+00 0.0000e+00 0.0000e+00 1.4882e+00 6.4201e-01 0.0000e+00 0.0000e+00 -6.4201e-01 1.8704e+00 
96.0 7.3656e+00 -4.1974e+00 0.0000e+00 0.0000e+00 -4.1974e+00 6.4401e+00 0.0000e+00 0.0000e+00 0.0000e+00 0.0000e+00 1.2676e+00 6.4931e-01 0.0000e+00 0.0000e+00 -6.4931e-01 1.6583e+00 
97.0 7.2303e+00 -4.1280e+00 0.0000e+00 0.0000e+00 -4.1280e+00 6.3072e+00 0.0000e+00 0.0000e+00 0.0000e+00 0.0000e+00 1.0545e+00 6.5582e-01 0.0000e+00 0.0000e+00 -6.5582e-01 1.4533e+00 
98.0 7.1015e+00 -4.0578e+00 0.0000e+00 0.0000e+00 -4.0578e+00 6.1810e+00 0.0000e+00 0.0000e+00 0.0000e+00 0.0000e+00 8.4847e-01 6.6156e-01 0.0000e+00 0.0000e+00 -6.6156e-01 1.2552e+00 
99.0 6.9791e+00 -3.9868e+00 0.0000e+00 0.0000e+00 -3.9868e+00 6.0612e+00 0.0000e+00 0.0000e+00 0.0000e+00 0.0000e+00 6.4939e-01 6.6656e-01 0.0000e+00 0.0000e+00 -6.6656e-01 1.0636e+00 
100.0 6.8627e+00 -3.9151e+00 0.0000e+00 0.0000e+00 -3.9151e+00 5.9476e+00 0.0000e+00 0.0000e+00 0.0000e+00 0.0000e+00 4.5697e-01 6.7084e-01 0.0000e+00 0.0000e+00 -6.7084e-01 8.7841e-01 
101.0 6.7522e+00 -3.8428e+00 0.0000e+00 0.0000e+00 -3.8428e+00 5.8401e+00 0.0000e+00 0.0000e+00 0.0000e+00 0.0000e+00 2.7097e-01 6.7442e-01 0.0000e+00 0.0000e+00 -6.7442e-01 6.9928e-01 
102.0 6.6472e+00 -3.7698e+00 0.0000e+00 0.0000e+00 -3.7698e+00 5.7383e+00 0.0000e+00 0.0000e+00 0.0000e+00 0.0000e+00 9.1167e-02 6.7734e-01 0.0000e+00 0.0000e+00 -6.7734e-01 5.2600e-01 
103.0 6.5477e+00 -3.6963e+00 0.0000e+00 0.0000e+00 -3.6963e+00 5.6420e+00 0.0000e+00 0.0000e+00 0.0000e+00 0.0000e+00 -8.2671e-02 6.7960e-01 0.0000e+00 0.0000e+00 -6.7960e-01 3.5832e-01 
104.0 6.4533e+00 -3.6222e+00 0.0000e+00 0.0000e+00 -3.6222e+00 5.5511e+00 0.0000e+00 0.0000e+00 0.0000e+00 0.0000e+00 -2.5076e-01 6.8125e-01 0.0000e+00 0.0000e+00 -6.8125e-01 1.9605e-01 
105.0 6.3639e+00 -3.5477e+00 0.0000e+00 0.0000e+00 -3.5477e+00 5.4654e+00 0.0000e+00 0.0000e+00 0.0000e+00 0.0000e+00 -4.1331e-01 6.8229e-01 0.0000e+00 0.0000e+00 -6.8229e-01 3.8965e-02 
106.0 6.2793e+00 -3.4727e+00 0.0000e+00 0.0000e+00 -3.4727e+00 5.3846e+00 0.0000e+00 0.0000e+00 0.0000e+00 0.0000e+00 -5.7052e-01 6.8277e-01 0.0000e+00 0.0000e+00 -6.8277e-01 -1.1313e-01 
107.0 6.1994e+00 -3.3973e+00 0.0000e+00 0.0000e+00 -3.3973e+00 5.3086e+00 0.0000e+00 0.0000e+00 0.0000e+00 0.0000e+00 -7.2259e-01 6.8272e-01 0.0000e+00 0.0000e+00 -6.8272e-01 -2.6043e-01 
108.0 6.1238e+00 -3.3215e+00 0.0000e+00 0.0000e+00 -3.3215e+00 5.2372e+00 0.0000e+00 0.0000e+00 0.0000e+00 0.0000e+00 -8.6970e-01 6.8216e-01 0.0000e+00 0.0000e+00 -6.8216e-01 -4.0310e-01 
109.0 6.0526e+00 -3.2455e+00 0.0000e+00 0.0000e+00 -3.2455e+00 5.1703e+00 0.0000e+00 0.0000e+00 0.0000e+00 0.0000e+00 -1.0120e+00 6.8113e-01 0.0000e+00 0.0000e+00 -6.8113e-01 -5.4133e-01 
110.0 5.9855e+00 -3.1691e+00 0.0000e+00 0.0000e+00 -3.1691e+00 5.1077e+00 0.0000e+00 0.0000e+00 0.0000e+00 0.0000e+00 -1.1497e+00 6.7967e-01 0.0000e+00 0.0000e+00 -6.7967e-01 -6.7528e-01 
111.0 5.9224e+00 -3.0925e+00 0.0000e+00 0.0000e+00 -3.0925e+00 5.0492e+00 0.0000e+00 0.0000e+00 0.0000e+00 0.0000e+00 -1.2830e+00 6.7781e-01 0.0000e+00 0.0000e+00 -6.7781e-01 -8.0508e-01 
112.0 5.8631e+00 -3.0158e+00 0.0000e+00 0.0000e+00 -3.0158e+00 4.9947e+00 0.0000e+00 0.0000e+00 0.0000e+00 0.0000e+00 -1.4119e+00 6.7558e-01 0.0000e+00 0.0000e+00 -6.7558e-01 -9.3089e-01 
113.0 5.8075e+00 -2.9390e+00 0.0000e+00 0.0000e+00 -2.9390e+00 4.9440e+00 0.0000e+00 0.0000e+00 0.0000e+00 0.0000e+00 -1.5367e+00 6.7301e-01 0.0000e+00 0.0000e+00 -6.7301e-01 -1.0528e+00 
114.0 5.7555e+00 -2.8621e+00 0.0000e+00 0.0000e+00 -2.8621e+00 4.8970e+00 0.0000e+00 0.0000e+00 0.0000e+00 0.0000e+00 -1.6576e+00 6.7012e-01 0.0000e+00 0.0000e+00 -6.7012e-01 -1.1711e+00 
115.0 5.7069e+00 -2.7852e+00 0.0000e+00 0.0000e+00 -2.7852e+00 4.8535e+00 0.0000e+00 0.0000e+00 0.0000e+00 0.0000e+00 -1.7745e+00 6.6694e-01 0.0000e+00 0.0000e+00 -6.6694e-01 -1.2857e+00 
116.0 5.6617e+00 -2.7084e+00 0.0000e+00 0.0000e+00 -2.7084e+00 4.8135e+00 0.0000e+00 0.0000e+00 0.0000e+00 0.0000e+00 -1.8877e+00 6.6349e-01 0.0000e+00 0.0000e+00 -6.6349e-01 -1.3969e+00 
117.0 5.6196e+00 -2.6317e+00 0.0000e+00 0.0000e+00 -2.6317e+00 4.7767e+00 0.0000e+00 0.0000e+00 0.0000e+00 0.0000e+00 -1.9974e+00 6.5980e-01 0.0000e+00 0.0000e+00 -6.5980e-01 -1.5047e+00 
118.0 5.5806e+00 -2.5552e+00 0.0000e+00 0.0000e+00 -2.5552e+00 4.7432e+00 0.0000e+00 0.0000e+00 0.0000e+00 0.0000e+00 -2.1035e+00 6.5587e-01 0.0000e+00 0.0000e+00 -6.5587e-01 -1.6092e+00 
119.0 5.5446e+00 -2.4789e+00 0.0000e+00 0.0000e+00 -2.4789e+00 4.7126e+00 0.0000e+00 0.0000e+00 0.0000e+00 0.0000e+00 -2.2063e+00 6.5172e-01 0.0000e+00 0.0000e+00 -6.5172e-01 -1.7106e+00 
120.0 5.5115e+00 -2.4030e+00 0.0000e+00 0.0000e+00 -2.4030e+00 4.6850e+00 0.0000e+00 0.0000e+00 0.0000e+00 0.0000e+00 -2.3058e+00 6.4736e-01 0.0000e+00 0.0000e+00 -6.4736e-01 -1.8089e+00 
121.0 5.4812e+00 -2.3274e+00 0.0000e+00 0.0000e+00 -2.3274e+00 4.6601e+00 0.0000e+00 0.0000e+00 0.0000e+00 0.0000e+00 -2.4021e+00 6.4277e-01 0.0000e+00 0.0000e+00 -6.4277e-01 -1.9043e+00 
122.0 5.4535e+00 -2.2523e+00 0.0000e+00 0.0000e+00 -2.2523e+00 4.6380e+00 0.0000e+00 0.0000e+00 0.0000e+00 0.0000e+00 -2.4954e+00 6.3795e-01 0.0000e+00 0.0000e+00 -6.3795e-01 -1.9967e+00 
123.0 5.4283e+00 -2.1777e+00 0.0000e+00 0.0000e+00 -2.1777e+00 4.6184e+00 0.0000e+00 0.0000e+00 0.0000e+00 0.0000e+00 -2.5858e+00 6.3289e-01 0.0000e+00 0.0000e+00 -6.3289e-01 -2.0864e+00 
124.0 5.4056e+00 -2.1036e+00 0.0000e+00 0.0000e+00 -2.1036e+00 4.6012e+00 0.0000e+00 0.0000e+00 0.0000e+00 0.0000e+00 -2.6733e+00 6.2758e-01 0.0000e+00 0.0000e+00 -6.2758e-01 -2.1733e+00 
125.0 5.3852e+00 -2.0300e+00 0.0000e+00 0.0000e+00 -2.0300e+00 4.5864e+00 0.0000e+00 0.0000e+00 0.0000e+00 0.0000e+00 -2.7581e+00 6.2200e-01 0.0000e+00 0.0000e+00 -6.2200e-01 -2.2577e+00 
126.0 5.3670e+00 -1.9571e+00 0.0000e+00 0.0000e+00 -1.9571e+00 4.5738e+00 0.0000e+00 0.0000e+00 0.0000e+00 0.0000e+00 -2.8402e+00 6.1616e-01 0.0000e+00 0.0000e+00 -6.1616e-01 -2.3395e+00 
127.0 5.3510e+00 -1.8848e+00 0.0000e+00 0.0000e+00 -1.8848e+00 4.5634e+00 0.0000e+00 0.0000e+00 0.0000e+00 0.0000e+00 -2.9198e+00 6.1003e-01 0.0000e+00 0.0000e+00 -6.1003e-01 -2.4188e+00 
128.0 5.3371e+00 -1.8132e+00 0.0000e+00 0.0000e+00 -1.8132e+00 4.5550e+00 0.0000e+00 0.0000e+00 0.0000e+00 0.0000e+00 -2.9969e+00 6.0361e-01 0.0000e+00 0.0000e+00 -6.0361e-01 -2.4958e+00 
129.0 5.3250e+00 -1.7423e+00 0.0000e+00 0.0000e+00 -1.7423e+00 4.5485e+00 0.0000e+00 0.0000e+00 0.0000e+00 0.0000e+00 -3.0715e+00 5.9688e-01 0.0000e+00 0.0000e+00 -5.9688e-01 -2.5705e+00 
130.0 5.3149e+00 -1.6722e+00 0.0000e+00 0.0000e+00 -1.6722e+00 4.5440e+00 0.0000e+00 0.0000e+00 0.0000e+00 0.0000e+00 -3.1439e+00 5.8982e-01 0.0000e+00 0.0000e+00 -5.8982e-01 -2.6430e+00 
131.0 5.3065e+00 -1.6028e+00 0.0000e+00 0.0000e+00 -1.6028e+00 4.5412e+00 0.0000e+00 0.0000e+00 0.0000e+00 0.0000e+00 -3.2139e+00 5.8243e-01 0.0000e+00 0.0000e+00 -5.8243e-01 -2.7133e+00 
132.0 5.2998e+00 -1.5342e+00 0.0000e+00 0.0000e+00 -1.5342e+00 4.5401e+00 0.0000e+00 0.0000e+00 0.0000e+00 0.0000e+00 -3.2818e+00 5.7468e-01 0.0000e+00 0.0000e+00 -5.7468e-01 -2.7816e+00 
133.0 5.2947e+00 -1.4665e+00 0.0000e+00 0.0000e+00 -1.4665e+00 4.5407e+00 0.0000e+00 0.0000e+00 0.0000e+00 0.0000e+00 -3.3476e+00 5.6659e-01 0.0000e+00 0.0000e+00 -5.6659e-01 -2.8480e+00 
134.0 5.2912e+00 -1.3995e+00 0.0000e+00 0.0000e+00 -1.3995e+00 4.5429e+00 0.0000e+00 0.0000e+00 0.0000e+00 0.0000e+00 -3.4113e+00 5.5814e-01 0.0000e+00 0.0000e+00 -5.5814e-01 -2.9124e+00 
135.0 5.2892e+00 -1.3334e+00 0.0000e+00 0.0000e+00 -1.3334e+00 4.5466e+00 0.0000e+00 0.0000e+00 0.0000e+00 0.0000e+00 -3.4730e+00 5.4934e-01 0.0000e+00 0.0000e+00 -5.4934e-01 -2.9750e+00 
136.0 5.2886e+00 -1.2681e+00 0.0000e+00 0.0000e+00 -1.2681e+00 4.5518e+00 0.0000e+00 0.0000e+00 0.0000e+00 0.0000e+00 -3.5328e+00 5.4017e-01 0.0000e+00 0.0000e+00 -5.4017e-01 -3.0359e+00 
137.0 5.2893e+00 -1.2037e+00 0.0000e+00 0.0000e+00 -1.2037e+00 4.5585e+00 0.0000e+00 0.0000e+00 0.0000e+00 0.0000e+00 -3.5907e+00 5.3065e-01 0.0000e+00 0.0000e+00 -5.3065e-01 -3.0950e+00 
138.0 5.2914e+00 -1.1400e+00 0.0000e+00 0.0000e+00 -1.1400e+00 4.5666e+00 0.0000e+00 0.0000e+00 0.0000e+00 0.0000e+00 -3.6468e+00 5.2075e-01 0.0000e+00 0.0000e+00 -5.2075e-01 -3.1526e+00 
139.0 5.2947e+00 -1.0773e+00 0.0000e+00 0.0000e+00 -1.0773e+00 4.5760e+00 0.0000e+00 0.0000e+00 0.0000e+00 0.0000e+00 -3.7011e+00 5.1049e-01 0.0000e+00 0.0000e+00 -5.1049e-01 -3.2086e+00 
140.0 5.2992e+00 -1.0154e+00 0.0000e+00 0.0000e+00 -1.0154e+00 4.5868e+00 0.0000e+00 0.0000e+00 0.0000e+00 0.0000e+00 -3.7536e+00 4.9988e-01 0.0000e+00 0.0000e+00 -4.9988e-01 -3.2631e+00 
141.0 5.3049e+00 -9.5429e-01 0.0000e+00 0.0000e+00 -9.5429e-01 4.5990e+00 0.0000e+00 0.0000e+00 0.0000e+00 0.0000e+00 -3.8045e+00 4.8891e-01 0.0000e+00 0.0000e+00 -4.8891e-01 -3.3162e+00 
142.0 5.3118e+00 -8.9409e-01 0.0000e+00 0.0000e+00 -8.9409e-01 4.6124e+00 0.0000e+00 0.0000e+00 0.0000e+00 0.0000e+00 -3.8537e+00 4.7760e-01 0.0000e+00 0.0000e+00 -4.7760e-01 -3.3679e+00 
143.0 5.3197e+00 -8.3477e-01 0.0000e+00 0.0000e+00 -8.3477e-01 4.6270e+00 0.0000e+00 0.0000e+00 0.0000e+00 0.0000e+00 -3.9012e+00 4.6594e-01 0.0000e+00 0.0000e+00 -4.6594e-01 -3.4182e+00 
144.0 5.3286e+00 -7.7635e-01 0.0000e+00 0.0000e+00 -7.7635e-01 4.6429e+00 0.0000e+00 0.0000e+00 0.0000e+00 0.0000e+00 -3.9473e+00 4.5391e-01 0.0000e+00 0.0000e+00 -4.5391e-01 -3.4673e+00 
145.0 5.3384e+00 -7.1885e-01 0.0000e+00 0.0000e+00 -7.1885e-01 4.6599e+00 0.0000e+00 0.0000e+00 0.0000e+00 0.0000e+00 -3.9918e+00 4.4147e-01 0.0000e+00 0.0000e+00 -4.4147e-01 -3.5151e+00 
146.0 5.3492e+00 -6.6229e-01 0.0000e+00 0.0000e+00 -6.6229e-01 4.6779e+00 0.0000e+00 0.0000e+00 0.0000e+00 0.0000e+00 -4.0348e+00 4.2857e-01 0.0000e+00 0.0000e+00 -4.2857e-01 -3.5618e+00 
147.0 5.3608e+00 -6.0672e-01 0.0000e+00 0.0000e+00 -6.0672e-01 4.6970e+00 0.0000e+00 0.0000e+00 0.0000e+00 0.0000e+00 -4.0765e+00 4.1515e-01 0.0000e+00 0.0000e+00 -4.1515e-01 -3.6073e+00 
148.0 5.3731e+00 -5.5218e-01 0.0000e+00 0.0000e+00 -5.5218e-01 4.7169e+00 0.0000e+00 0.0000e+00 0.0000e+00 0.0000e+00 -4.1169e+00 4.0116e-01 0.0000e+00 0.0000e+00 -4.0116e-01 -3.6518e+00 
149.0 5.3863e+00 -4.9873e-01 0.0000e+00 0.0000e+00 -4.9873e-01 4.7378e+00 0.0000e+00 0.0000e+00 0.0000e+00 0.0000e+00 -4.1561e+00 3.8654e-01 0.0000e+00 0.0000e+00 -3.8654e-01 -3.6953e+00 
150.0 5.4001e+00 -4.4644e-01 0.0000e+00 0.0000e+00 -4.4644e-01 4.7595e+00 0.0000e+00 0.0000e+00 0.0000e+00 0.0000e+00 -4.1941e+00 3.7121e-01 0.0000e+00 0.0000e+00 -3.7121e-01 -3.7379e+00 
151.0 5.4146e+00 -3.9541e-01 0.0000e+00 0.0000e+00 -3.9541e-01 4.7819e+00 0.0000e+00 0.0000e+00 0.0000e+00 0.0000e+00 -4.2312e+00 3.5506e-01 0.0000e+00 0.0000e+00 -3.5506e-01 -3.7797e+00 
152.0 5.4297e+00 -3.4582e-01 0.0000e+00 0.0000e+00 -3.4582e-01 4.8048e+00 0.0000e+00 0.0000e+00 0.0000e+00 0.0000e+00 -4.2675e+00 3.3793e-01 0.0000e+00 0.0000e+00 -3.3793e-01 -3.8207e+00 
153.0 5.4450e+00 -2.9786e-01 0.0000e+00 0.0000e+00 -2.9786e-01 4.8279e+00 0.0000e+00 0.0000e+00 0.0000e+00 0.0000e+00 -4.3031e+00 3.1958e-01 0.0000e+00 0.0000e+00 -3.1958e-01 -3.8610e+00 
154.0 5.4605e+00 -2.5178e-01 0.0000e+00 0.0000e+00 -2.5178e-01 4.8509e+00 0.0000e+00 0.0000e+00 0.0000e+00 0.0000e+00 -4.3382e+00 2.9975e-01 0.0000e+00 0.0000e+00 -2.9975e-01 -3.9007e+00 
155.0 5.4761e+00 -2.0787e-01 0.0000e+00 0.0000e+00 -2.0787e-01 4.8735e+00 0.0000e+00 0.0000e+00 0.0000e+00 0.0000e+00 -4.3731e+00 2.7820e-01 0.0000e+00 0.0000e+00 -2.7820e-01 -3.9398e+00 
156.0 5.4915e+00 -1.6645e-01 0.0000e+00 0.0000e+00 -1.6645e-01 4.8955e+00 0.0000e+00 0.0000e+00 0.0000e+00 0.0000e+00 -4.4081e+00 2.5467e-01 0.0000e+00 0.0000e+00 -2.5467e-01 -3.9782e+00 
157.0 5.5068e+00 -1.2786e-01 0.0000e+00 0.0000e+00 -1.2786e-01 4.9165e+00 0.0000e+00 0.0000e+00 0.0000e+00 0.0000e+00 -4.4433e+00 2.2897e-01 0.0000e+00 0.0000e+00 -2.2897e-01 -4.0160e+00 
158.0 5.5218e+00 -9.2488e-02 0.0000e+00 0.0000e+00 -9.2488e-02 4.9362e+00 0.0000e+00 0.0000e+00 0.0000e+00 0.0000e+00 -4.4791e+00 2.0098e-01 0.0000e+00 0.0000e+00 -2.0098e-01 -4.0529e+00 
159.0 5.5368e+00 -6.0669e-02 0.0000e+00 0.0000e+00 -6.0669e-02 4.9542e+00 0.0000e+00 0.0000e+00 0.0000e+00 0.0000e+00 -4.5156e+00 1.7063e-01 0.0000e+00 0.0000e+00 -1.7063e-01 -4.0887e+00 
160.0 5.5520e+00 -3.2700e-02 0.0000e+00 0.0000e+00 -3.2700e-02 4.9705e+00 0.0000e+00 0.0000e+00 0.0000e+00 0.0000e+00 -4.5532e+00 1.3802e-01 0.0000e+00 0.0000e+00 -1.3802e-01 -4.1232e+00 
161.0 5.5680e+00 -8.7924e-03 0.0000e+00 0.0000e+00 -8.7924e-03 4.9850e+00 0.0000e+00 0.0000e+00 0.0000e+00 0.0000e+00 -4.5922e+00 1.0336e-01 0.0000e+00 0.0000e+00 -1.0336e-01 -4.1560e+00 
162.0 5.5855e+00 1.0937e-02 0.0000e+00 0.0000e+00 1.0937e-02 4.9978e+00 0.0000e+00 0.0000e+00 0.0000e+00 0.0000e+00 -4.6330e+00 6.7112e-02 0.0000e+00 0.0000e+00 -6.7112e-02 -4.1868e+00 
163.0 5.6057e+00 2.6457e-02 0.0000e+00 0.0000e+00 2.6457e-02 5.0096e+00 0.0000e+00 0.0000e+00 0.0000e+00 0.0000e+00 -4.6760e+00 2.9932e-02 0.0000e+00 0.0000e+00 -2.9932e-02 -4.2152e+00 
164.0 5.6297e+00 3.7830e-02 0.0000e+00 0.0000e+00 3.7830e-02 5.0207e+00 0.0000e+00 0.0000e+00 0.0000e+00 0.0000e+00 -4.7215e+00 -7.3293e-03 0.0000e+00 0.0000e+00 7.3293e-03 -4.2409e+00 
165.0 5.6589e+00 4.5208e-02 0.0000e+00 0.0000e+00 4.5208e-02 5.0320e+00 0.0000e+00 0.0000e+00 0.0000e+00 0.0000e+00 -4.7700e+00 -4.3648e-02 0.0000e+00 0.0000e+00 4.3648e-02 -4.2634e+00 
166.0 5.6949e+00 4.8834e-02 0.0000e+00 0.0000e+00 4.8834e-02 5.0444e+00 0.0000e+00 0.0000e+00 0.0000e+00 0.0000e+00 -4.8220e+00 -7.7868e-02 0.0000e+00 0.0000e+00 7.7868e-02 -4.2825e+00 
167.0 5.7392e+00 4.9024e-02 0.0000e+00 0.0000e+00 4.9024e-02 5.0587e+00 0.0000e+00 0.0000e+00 0.0000e+00 0.0000e+00 -4.8776e+00 -1.0874e-01 0.0000e+00 0.0000e+00 1.0874e-01 -4.2978e+00 
168.0 5.7930e+00 4.6182e-02 0.0000e+00 0.0000e+00 4.6182e-02 5.0760e+00 0.0000e+00 0.0000e+00 0.0000e+00 0.0000e+00 -4.9371e+00 -1.3497e-01 0.0000e+00 0.0000e+00 1.3497e-01 -4.3093e+00 
169.0 5.8577e+00 4.0817e-02 0.0000e+00 0.0000e+00 4.0817e-02 5.0972e+00 0.0000e+00 0.0000e+00 0.0000e+00 0.0000e+00 -5.0006e+00 -1.5525e-01 0.0000e+00 0.0000e+00 1.5525e-01 -4.3166e+00 
170.0 5.9341e+00 3.3569e-02 0.0000e+00 0.0000e+00 3.3569e-02 5.1232e+00 0.0000e+00 0.0000e+00 0.0000e+00 0.0000e+00 -5.0680e+00 -1.6828e-01 0.0000e+00 0.0000e+00 1.6828e-01 -4.3200e+00 
171.0 6.0228e+00 2.5226e-02 0.0000e+00 0.0000e+00 2.5226e-02 5.1548e+00 0.0000e+00 0.0000e+00 0.0000e+00 0.0000e+00 -5.1390e+00 -1.7282e-01 0.0000e+00 0.0000e+00 1.7282e-01 -4.3195e+00 
172.0 6.1234e+00 1.6707e-02 0.0000e+00 0.0000e+00 1.6707e-02 5.1927e+00 0.0000e+00 0.0000e+00 0.0000e+00 0.0000e+00 -5.2127e+00 -1.6784e-01 0.0000e+00 0.0000e+00 1.6784e-01 -4.3156e+00 
173.0 6.2345e+00 8.9909e-03 0.0000e+00 0.0000e+00 8.9909e-03 5.2368e+00 0.0000e+00 0.0000e+00 0.0000e+00 0.0000e+00 -5.2876e+00 -1.5292e-01 0.0000e+00 0.0000e+00 1.5292e-01 -4.3089e+00 
174.0 6.3526e+00 2.9756e-03 0.0000e+00 0.0000e+00 2.9756e-03 5.2864e+00 0.0000e+00 0.0000e+00 0.0000e+00 0.0000e+00 -5.3616e+00 -1.2866e-01 0.0000e+00 0.0000e+00 1.2866e-01 -4.3002e+00 
175.0 6.4717e+00 -7.3275e-04 0.0000e+00 0.0000e+00 -7.3275e-04 5.3389e+00 0.0000e+00 0.0000e+00 0.0000e+00 0.0000e+00 -5.4313e+00 -9.7262e-02 0.0000e+00 0.0000e+00 9.7262e-02 -4.2906e+00 
176.0 6.5830e+00 -2.0606e-03 0.0000e+00 0.0000e+00 -2.0606e-03 5.3901e+00 0.0000e+00 0.0000e+00 0.0000e+00 0.0000e+00 -5.4928e+00 -6.2856e-02 0.0000e+00 0.0000e+00 6.2856e-02 -4.2812e+00 
177.0 6.6754e+00 -1.6097e-03 0.0000e+00 0.0000e+00 -1.6097e-03 5.4342e+00 0.0000e+00 0.0000e+00 0.0000e+00 0.0000e+00 -5.5414e+00 -3.1193e-02 0.0000e+00 0.0000e+00 3.1193e-02 -4.2732e+00 
178.0 6.7372e+00 -5.2869e-04 0.0000e+00 0.0000e+00 -5.2869e-04 5.4644e+00 0.0000e+00 0.0000e+00 0.0000e+00 0.0000e+00 -5.5730e+00 -8.5968e-03 0.0000e+00 0.0000e+00 8.5968e-03 -4.2678e+00 
179.0 6.7597e+00 -7.6994e-21 0.0000e+00 0.0000e+00 -7.6994e-21 5.4756e+00 0.0000e+00 0.0000e+00 0.0000e+00 0.0000e+00 -5.5842e+00 -1.3729e-19 0.0000e+00 0.0000e+00 1.3729e-19 -4.2660e+00 
180.0 6.7818e+00 0.0000e+00 0.0000e+00 0.0000e+00 0.0000e+00 5.4864e+00 0.0000e+00 0.0000e+00 0.0000e+00 0.0000e+00 -5.5951e+00 0.0000e+00 0.0000e+00 0.0000e+00 -0.0000e+00 -4.2642e+00 
