1.7543 1.8263 0.0720 0.053861
theta s11 s12 s13 s14 s21 s22 s23 s24 s31 s32 s33 s34 s41 s42 s43 s44
0.0 1.1866e+03 0.0000e+00 0.0000e+00 0.0000e+00 0.0000e+00 1.1853e+03 0.0000e+00 0.0000e+00 0.0000e+00 0.0000e+00 1.1853e+03 0.0000e+00 0.0000e+00 0.0000e+00 -0.0000e+00 1.1840e+03 
1.0 1.1285e+03 3.3012e-03 0.0000e+00 0.0000e+00 3.3012e-03 1.1272e+03 0.0000e+00 0.0000e+00 0.0000e+00 0.0000e+00 1.1272e+03 -4.5169e-01 0.0000e+00 0.0000e+00 4.5169e-01 1.1260e+03 
2.0 1.0205e+03 3.8664e-02 0.0000e+00 0.0000e+00 3.8664e-02 1.0192e+03 0.0000e+00 0.0000e+00 0.0000e+00 0.0000e+00 1.0192e+03 -1.6598e+00 0.0000e+00 0.0000e+00 1.6598e+00 1.0180e+03 
3.0 9.0138e+02 1.1960e-01 0.0000e+00 0.0000e+00 1.1960e-01 9.0016e+02 0.0000e+00 0.0000e+00 0.0000e+00 0.0000e+00 9.0014e+02 -3.2822e+00 0.0000e+00 0.0000e+00 3.2822e+00 8.9898e+02 
4.0 7.8328e+02 2.3521e-01 0.0000e+00 0.0000e+00 2.3521e-01 7.8210e+02 0.0000e+00 0.0000e+00 0.0000e+00 0.0000e+00 7.8205e+02 -4.9666e+00 0.0000e+00 0.0000e+00 4.9666e+00 7.8095e+02 
5.0 6.7368e+02 3.6406e-01 0.0000e+00 0.0000e+00 3.6406e-01 6.7253e+02 0.0000e+00 0.0000e+00 0.0000e+00 0.0000e+00 6.7244e+02 -6.4587e+00 0.0000e+00 0.0000e+00 6.4587e+00 6.7141e+02 
6.0 5.7627e+02 4.8406e-01 0.0000e+00 0.0000e+00 4.8406e-01 5.7517e+02 0.0000e+00 0.0000e+00 0.0000e+00 0.0000e+00 5.7502e+02 -7.6160e+00 0.0000e+00 0.0000e+00 7.6160e+00 5.7406e+02 
7.0 4.9219e+02 5.7893e-01 0.0000e+00 0.0000e+00 5.7893e-01 4.9112e+02 0.0000e+00 0.0000e+00 0.0000e+00 0.0000e+00 4.9090e+02 -8.3878e+00 0.0000e+00 0.0000e+00 8.3878e+00 4.9002e+02 
8.0 4.2101e+02 6.4111e-01 0.0000e+00 0.0000e+00 6.4111e-01 4.1997e+02 0.0000e+00 0.0000e+00 0.0000e+00 0.0000e+00 4.1969e+02 -8.7906e+00 0.0000e+00 0.0000e+00 8.7906e+00 4.1887e+02 
9.0 3.6151e+02 6.7067e-01 0.0000e+00 0.0000e+00 6.7067e-01 3.6050e+02 0.0000e+00 0.0000e+00 0.0000e+00 0.0000e+00 3.6014e+02 -8.8798e+00 0.0000e+00 0.0000e+00 8.8798e+00 3.5938e+02 
10.0 3.1211e+02 6.7252e-01 0.0000e+00 0.0000e+00 6.7252e-01 3.1111e+02 0.0000e+00 0.0000e+00 0.0000e+00 0.0000e+00 3.1068e+02 -8.7261e+00 0.0000e+00 0.0000e+00 8.7261e+00 3.0999e+02 
11.0 2.7118e+02 6.5348e-01 0.0000e+00 0.0000e+00 6.5348e-01 2.7021e+02 0.0000e+00 0.0000e+00 0.0000e+00 0.0000e+00 2.6971e+02 -8.4001e+00 0.0000e+00 0.0000e+00 8.4001e+00 2.6907e+02 
12.0 2.3724e+02 6.2011e-01 0.0000e+00 0.0000e+00 6.2011e-01 2.3628e+02 0.0000e+00 0.0000e+00 0.0000e+00 0.0000e+00 2.3573e+02 -7.9631e+00 0.0000e+00 0.0000e+00 7.9631e+00 2.3514e+02 
13.0 2.0902e+02 5.7682e-01 0.0000e+00 0.0000e+00 5.7682e-01 2.0808e+02 0.0000e+00 0.0000e+00 0.0000e+00 0.0000e+00 2.0748e+02 -7.4616e+00 0.0000e+00 0.0000e+00 7.4616e+00 2.0694e+02 
14.0 1.8546e+02 5.3051e-01 0.0000e+00 0.0000e+00 5.3051e-01 1.8452e+02 0.0000e+00 0.0000e+00 0.0000e+00 0.0000e+00 1.8388e+02 -6.9384e+00 0.0000e+00 0.0000e+00 6.9384e+00 1.8338e+02 
15.0 1.6568e+02 4.8149e-01 0.0000e+00 0.0000e+00 4.8149e-01 1.6475e+02 0.0000e+00 0.0000e+00 0.0000e+00 0.0000e+00 1.6408e+02 -6.4117e+00 0.0000e+00 0.0000e+00 6.4117e+00 1.6362e+02 
16.0 1.4897e+02 4.3307e-01 0.0000e+00 0.0000e+00 4.3307e-01 1.4804e+02 0.0000e+00 0.0000e+00 0.0000e+00 0.0000e+00 1.4734e+02 -5.8998e+00 0.0000e+00 0.0000e+00 5.8998e+00 1.4692e+02 
17.0 1.3473e+02 3.8691e-01 0.0000e+00 0.0000e+00 3.8691e-01 1.3381e+02 0.0000e+00 0.0000e+00 0.0000e+00 0.0000e+00 1.3308e+02 -5.4126e+00 0.0000e+00 0.0000e+00 5.4126e+00 1.3270e+02 
18.0 1.2250e+02 3.4381e-01 0.0000e+00 0.0000e+00 3.4381e-01 1.2158e+02 0.0000e+00 0.0000e+00 0.0000e+00 0.0000e+00 1.2084e+02 -4.9553e+00 0.0000e+00 0.0000e+00 4.9553e+00 1.2049e+02 
19.0 1.1190e+02 3.0370e-01 0.0000e+00 0.0000e+00 3.0370e-01 1.1098e+02 0.0000e+00 0.0000e+00 0.0000e+00 0.0000e+00 1.1053e+02 -4.5294e+00 0.0000e+00 0.0000e+00 4.5294e+00 1.1023e+02 
20.0 1.0264e+02 2.6574e-01 0.0000e+00 0.0000e+00 2.6574e-01 1.0173e+02 0.0000e+00 0.0000e+00 0.0000e+00 0.0000e+00 1.0152e+02 -4.1347e+00 0.0000e+00 0.0000e+00 4.1347e+00 1.0127e+02 
21.0 9.4492e+01 2.2869e-01 0.0000e+00 0.0000e+00 2.2869e-01 9.3586e+01 0.0000e+00 0.0000e+00 0.0000e+00 0.0000e+00 9.3591e+01 -3.7696e+00 0.0000e+00 0.0000e+00 3.7696e+00 9.3367e+01 
22.0 8.7264e+01 1.9135e-01 0.0000e+00 0.0000e+00 1.9135e-01 8.6361e+01 0.0000e+00 0.0000e+00 0.0000e+00 0.0000e+00 8.6549e+01 -3.4324e+00 0.0000e+00 0.0000e+00 3.4324e+00 8.6356e+01 
23.0 8.0808e+01 1.5288e-01 0.0000e+00 0.0000e+00 1.5288e-01 7.9908e+01 0.0000e+00 0.0000e+00 0.0000e+00 0.0000e+00 8.0254e+01 -3.1212e+00 0.0000e+00 0.0000e+00 3.1212e+00 8.0088e+01 
24.0 7.5008e+01 1.1292e-01 0.0000e+00 0.0000e+00 1.1292e-01 7.4110e+01 0.0000e+00 0.0000e+00 0.0000e+00 0.0000e+00 7.4595e+01 -2.8339e+00 0.0000e+00 0.0000e+00 2.8339e+00 7.4453e+01 
25.0 6.9775e+01 7.1565e-02 0.0000e+00 0.0000e+00 7.1565e-02 6.8879e+01 0.0000e+00 0.0000e+00 0.0000e+00 0.0000e+00 6.9485e+01 -2.5689e+00 0.0000e+00 0.0000e+00 2.5689e+00 6.9364e+01 
26.0 6.5038e+01 2.9033e-02 0.0000e+00 0.0000e+00 2.9033e-02 6.4143e+01 0.0000e+00 0.0000e+00 0.0000e+00 0.0000e+00 6.4855e+01 -2.3242e+00 0.0000e+00 0.0000e+00 2.3242e+00 6.4752e+01 
27.0 6.0738e+01 -1.4486e-02 0.0000e+00 0.0000e+00 -1.4486e-02 5.9844e+01 0.0000e+00 0.0000e+00 0.0000e+00 0.0000e+00 6.0649e+01 -2.0982e+00 0.0000e+00 0.0000e+00 2.0982e+00 6.0563e+01 
28.0 5.6825e+01 -5.8907e-02 0.0000e+00 0.0000e+00 -5.8907e-02 5.5931e+01 0.0000e+00 0.0000e+00 0.0000e+00 0.0000e+00 5.6819e+01 -1.8893e+00 0.0000e+00 0.0000e+00 1.8893e+00 5.6748e+01 
29.0 5.3256e+01 -1.0418e-01 0.0000e+00 0.0000e+00 -1.0418e-01 5.2362e+01 0.0000e+00 0.0000e+00 0.0000e+00 0.0000e+00 5.3322e+01 -1.6962e+00 0.0000e+00 0.0000e+00 1.6962e+00 5.3264e+01 
30.0 4.9990e+01 -1.5019e-01 0.0000e+00 0.0000e+00 -1.5019e-01 4.9095e+01 0.0000e+00 0.0000e+00 0.0000e+00 0.0000e+00 5.0120e+01 -1.5176e+00 0.0000e+00 0.0000e+00 1.5176e+00 5.0073e+01 
31.0 4.6991e+01 -1.9662e-01 0.0000e+00 0.0000e+00 -1.9662e-01 4.6096e+01 0.0000e+00 0.0000e+00 0.0000e+00 0.0000e+00 4.6950e+01 -1.3526e+00 0.0000e+00 0.0000e+00 1.3526e+00 4.6923e+01 
32.0 4.4228e+01 -2.4303e-01 0.0000e+00 0.0000e+00 -2.4303e-01 4.3333e+01 0.0000e+00 0.0000e+00 0.0000e+00 0.0000e+00 4.4031e+01 -1.2005e+00 0.0000e+00 0.0000e+00 1.2005e+00 4.4023e+01 
33.0 4.1674e+01 -2.8888e-01 0.0000e+00 0.0000e+00 -2.8888e-01 4.0778e+01 0.0000e+00 0.0000e+00 0.0000e+00 0.0000e+00 4.1337e+01 -1.0606e+00 0.0000e+00 0.0000e+00 1.0606e+00 4.1346e+01 
34.0 3.9304e+01 -3.3371e-01 0.0000e+00 0.0000e+00 -3.3371e-01 3.8407e+01 0.0000e+00 0.0000e+00 0.0000e+00 0.0000e+00 3.8843e+01 -9.3185e-01 0.0000e+00 0.0000e+00 9.3185e-01 3.8870e+01 
35.0 3.7100e+01 -3.7722e-01 0.0000e+00 0.0000e+00 -3.7722e-01 3.6202e+01 0.0000e+00 0.0000e+00 0.0000e+00 0.0000e+00 3.6530e+01 -8.1307e-01 0.0000e+00 0.0000e+00 8.1307e-01 3.6572e+01 
36.0 3.5046e+01 -4.1936e-01 0.0000e+00 0.0000e+00 -4.1936e-01 3.4147e+01 0.0000e+00 0.0000e+00 0.0000e+00 0.0000e+00 3.4379e+01 -7.0297e-01 0.0000e+00 0.0000e+00 7.0297e-01 3.4437e+01 
37.0 3.3131e+01 -4.6035e-01 0.0000e+00 0.0000e+00 -4.6035e-01 3.2231e+01 0.0000e+00 0.0000e+00 0.0000e+00 0.0000e+00 3.2376e+01 -6.0026e-01 0.0000e+00 0.0000e+00 6.0026e-01 3.2450e+01 
38.0 3.1345e+01 -5.0054e-01 0.0000e+00 0.0000e+00 -5.0054e-01 3.0443e+01 0.0000e+00 0.0000e+00 0.0000e+00 0.0000e+00 3.0511e+01 -5.0388e-01 0.0000e+00 0.0000e+00 5.0388e-01 3.0599e+01 
39.0 2.9679e+01 -5.4029e-01 0.0000e+00 0.0000e+00 -5.4029e-01 2.8777e+01 0.0000e+00 0.0000e+00 0.0000e+00 0.0000e+00 2.8771e+01 -4.1309e-01 0.0000e+00 0.0000e+00 4.1309e-01 2.8873e+01 
40.0 2.8127e+01 -5.7985e-01 0.0000e+00 0.0000e+00 -5.7985e-01 2.7223e+01 0.0000e+00 0.0000e+00 0.0000e+00 0.0000e+00 2.7148e+01 -3.2744e-01 0.0000e+00 0.0000e+00 3.2744e-01 2.7264e+01 
41.0 2.6681e+01 -6.1929e-01 0.0000e+00 0.0000e+00 -6.1929e-01 2.5776e+01 0.0000e+00 0.0000e+00 0.0000e+00 0.0000e+00 2.5634e+01 -2.4672e-01 0.0000e+00 0.0000e+00 2.4672e-01 2.5763e+01 
42.0 2.5332e+01 -6.5850e-01 0.0000e+00 0.0000e+00 -6.5850e-01 2.4425e+01 0.0000e+00 0.0000e+00 0.0000e+00 0.0000e+00 2.4220e+01 -1.7077e-01 0.0000e+00 0.0000e+00 1.7077e-01 2.4362e+01 
43.0 2.4073e+01 -6.9727e-01 0.0000e+00 0.0000e+00 -6.9727e-01 2.3165e+01 0.0000e+00 0.0000e+00 0.0000e+00 0.0000e+00 2.2898e+01 -9.9394e-02 0.0000e+00 0.0000e+00 9.9394e-02 2.3052e+01 
44.0 2.2896e+01 -7.3535e-01 0.0000e+00 0.0000e+00 -7.3535e-01 2.1987e+01 0.0000e+00 0.0000e+00 0.0000e+00 0.0000e+00 2.1661e+01 -3.2266e-02 0.0000e+00 0.0000e+00 3.2266e-02 2.1826e+01 
45.0 2.1795e+01 -7.7257e-01 0.0000e+00 0.0000e+00 -7.7257e-01 2.0885e+01 0.0000e+00 0.0000e+00 0.0000e+00 0.0000e+00 2.0501e+01 3.1004e-02 0.0000e+00 0.0000e+00 -3.1004e-02 2.0678e+01 
46.0 2.0763e+01 -8.0879e-01 0.0000e+00 0.0000e+00 -8.0879e-01 1.9852e+01 0.0000e+00 0.0000e+00 0.0000e+00 0.0000e+00 1.9413e+01 9.0842e-02 0.0000e+00 0.0000e+00 -9.0842e-02 1.9601e+01 
47.0 1.9795e+01 -8.4396e-01 0.0000e+00 0.0000e+00 -8.4396e-01 1.8883e+01 0.0000e+00 0.0000e+00 0.0000e+00 0.0000e+00 1.8391e+01 1.4765e-01 0.0000e+00 0.0000e+00 -1.4765e-01 1.8590e+01 
48.0 1.8887e+01 -8.7804e-01 0.0000e+00 0.0000e+00 -8.7804e-01 1.7973e+01 0.0000e+00 0.0000e+00 0.0000e+00 0.0000e+00 1.7430e+01 2.0179e-01 0.0000e+00 0.0000e+00 -2.0179e-01 1.7640e+01 
49.0 1.8033e+01 -9.1103e-01 0.0000e+00 0.0000e+00 -9.1103e-01 1.7118e+01 0.0000e+00 0.0000e+00 0.0000e+00 0.0000e+00 1.6527e+01 2.5352e-01 0.0000e+00 0.0000e+00 -2.5352e-01 1.6747e+01 
50.0 1.7231e+01 -9.4294e-01 0.0000e+00 0.0000e+00 -9.4294e-01 1.6315e+01 0.0000e+00 0.0000e+00 0.0000e+00 0.0000e+00 1.5677e+01 3.0310e-01 0.0000e+00 0.0000e+00 -3.0310e-01 1.5907e+01 
51.0 1.6478e+01 -9.7379e-01 0.0000e+00 0.0000e+00 -9.7379e-01 1.5559e+01 0.0000e+00 0.0000e+00 0.0000e+00 0.0000e+00 1.4876e+01 3.5075e-01 0.0000e+00 0.0000e+00 -3.5075e-01 1.5116e+01 
52.0 1.5769e+01 -1.0036e+00 0.0000e+00 0.0000e+00 -1.0036e+00 1.4849e+01 0.0000e+00 0.0000e+00 0.0000e+00 0.0000e+00 1.4122e+01 3.9666e-01 0.0000e+00 0.0000e+00 -3.9666e-01 1.4372e+01 
53.0 1.5102e+01 -1.0324e+00 0.0000e+00 0.0000e+00 -1.0324e+00 1.4180e+01 0.0000e+00 0.0000e+00 0.0000e+00 0.0000e+00 1.3411e+01 4.4102e-01 0.0000e+00 0.0000e+00 -4.4102e-01 1.3671e+01 
54.0 1.4475e+01 -1.0603e+00 0.0000e+00 0.0000e+00 -1.0603e+00 1.3551e+01 0.0000e+00 0.0000e+00 0.0000e+00 0.0000e+00 1.2741e+01 4.8398e-01 0.0000e+00 0.0000e+00 -4.8398e-01 1.3010e+01 
55.0 1.3886e+01 -1.0872e+00 0.0000e+00 0.0000e+00 -1.0872e+00 1.2960e+01 0.0000e+00 0.0000e+00 0.0000e+00 0.0000e+00 1.2108e+01 5.2565e-01 0.0000e+00 0.0000e+00 -5.2565e-01 1.2387e+01 
56.0 1.3331e+01 -1.1132e+00 0.0000e+00 0.0000e+00 -1.1132e+00 1.2403e+01 0.0000e+00 0.0000e+00 0.0000e+00 0.0000e+00 1.1510e+01 5.6609e-01 0.0000e+00 0.0000e+00 -5.6609e-01 1.1799e+01 
57.0 1.2810e+01 -1.1383e+00 0.0000e+00 0.0000e+00 -1.1383e+00 1.1879e+01 0.0000e+00 0.0000e+00 0.0000e+00 0.0000e+00 1.0946e+01 6.0535e-01 0.0000e+00 0.0000e+00 -6.0535e-01 1.1244e+01 
58.0 1.2319e+01 -1.1624e+00 0.0000e+00 0.0000e+00 -1.1624e+00 1.1385e+01 0.0000e+00 0.0000e+00 0.0000e+00 0.0000e+00 1.0413e+01 6.4348e-01 0.0000e+00 0.0000e+00 -6.4348e-01 1.0720e+01 
59.0 1.1857e+01 -1.1857e+00 0.0000e+00 0.0000e+00 -1.1857e+00 1.0921e+01 0.0000e+00 0.0000e+00 0.0000e+00 0.0000e+00 9.9083e+00 6.8051e-01 0.0000e+00 0.0000e+00 -6.8051e-01 1.0225e+01 
60.0 1.1422e+01 -1.2080e+00 0.0000e+00 0.0000e+00 -1.2080e+00 1.0483e+01 0.0000e+00 0.0000e+00 0.0000e+00 0.0000e+00 9.4309e+00 7.1647e-01 0.0000e+00 0.0000e+00 -7.1647e-01 9.7574e+00 
61.0 1.1013e+01 -1.2295e+00 0.0000e+00 0.0000e+00 -1.2295e+00 1.0070e+01 0.0000e+00 0.0000e+00 0.0000e+00 0.0000e+00 8.9789e+00 7.5139e-01 0.0000e+00 0.0000e+00 -7.5139e-01 9.3150e+00 
62.0 1.0627e+01 -1.2500e+00 0.0000e+00 0.0000e+00 -1.2500e+00 9.6815e+00 0.0000e+00 0.0000e+00 0.0000e+00 0.0000e+00 8.5508e+00 7.8524e-01 0.0000e+00 0.0000e+00 -7.8524e-01 8.8965e+00 
63.0 1.0264e+01 -1.2697e+00 0.0000e+00 0.0000e+00 -1.2697e+00 9.3148e+00 0.0000e+00 0.0000e+00 0.0000e+00 0.0000e+00 8.1450e+00 8.1798e-01 0.0000e+00 0.0000e+00 -8.1798e-01 8.5005e+00 
64.0 9.9211e+00 -1.2886e+00 0.0000e+00 0.0000e+00 -1.2886e+00 8.9688e+00 0.0000e+00 0.0000e+00 0.0000e+00 0.0000e+00 7.7601e+00 8.4954e-01 0.0000e+00 0.0000e+00 -8.4954e-01 8.1255e+00 
65.0 9.5981e+00 -1.3067e+00 0.0000e+00 0.0000e+00 -1.3067e+00 8.6421e+00 0.0000e+00 0.0000e+00 0.0000e+00 0.0000e+00 7.3948e+00 8.7983e-01 0.0000e+00 0.0000e+00 -8.7983e-01 7.7701e+00 
66.0 9.2932e+00 -1.3239e+00 0.0000e+00 0.0000e+00 -1.3239e+00 8.3334e+00 0.0000e+00 0.0000e+00 0.0000e+00 0.0000e+00 7.0478e+00 9.0877e-01 0.0000e+00 0.0000e+00 -9.0877e-01 7.4332e+00 
67.0 9.0051e+00 -1.3403e+00 0.0000e+00 0.0000e+00 -1.3403e+00 8.0415e+00 0.0000e+00 0.0000e+00 0.0000e+00 0.0000e+00 6.7180e+00 9.3626e-01 0.0000e+00 0.0000e+00 -9.3626e-01 7.1135e+00 
68.0 8.7328e+00 -1.3558e+00 0.0000e+00 0.0000e+00 -1.3558e+00 7.7651e+00 0.0000e+00 0.0000e+00 0.0000e+00 0.0000e+00 6.4040e+00 9.6224e-01 0.0000e+00 0.0000e+00 -9.6224e-01 6.8099e+00 
69.0 8.4750e+00 -1.3704e+00 0.0000e+00 0.0000e+00 -1.3704e+00 7.5033e+00 0.0000e+00 0.0000e+00 0.0000e+00 0.0000e+00 6.1050e+00 9.8666e-01 0.0000e+00 0.0000e+00 -9.8666e-01 6.5213e+00 
70.0 8.2308e+00 -1.3841e+00 0.0000e+00 0.0000e+00 -1.3841e+00 7.2550e+00 0.0000e+00 0.0000e+00 0.0000e+00 0.0000e+00 5.8198e+00 1.0095e+00 0.0000e+00 0.0000e+00 -1.0095e+00 6.2466e+00 
71.0 7.9993e+00 -1.3968e+00 0.0000e+00 0.0000e+00 -1.3968e+00 7.0192e+00 0.0000e+00 0.0000e+00 0.0000e+00 0.0000e+00 5.5477e+00 1.0306e+00 0.0000e+00 0.0000e+00 -1.0306e+00 5.9850e+00 
72.0 7.7795e+00 -1.4085e+00 0.0000e+00 0.0000e+00 -1.4085e+00 6.7952e+00 0.0000e+00 0.0000e+00 0.0000e+00 0.0000e+00 5.2877e+00 1.0501e+00 0.0000e+00 0.0000e+00 -1.0501e+00 5.7356e+00 
73.0 7.5706e+00 -1.4192e+00 0.0000e+00 0.0000e+00 -1.4192e+00 6.5822e+00 0.0000e+00 0.0000e+00 0.0000e+00 0.0000e+00 5.0390e+00 1.0678e+00 0.0000e+00 0.0000e+00 -1.0678e+00 5.4975e+00 
74.0 7.3719e+00 -1.4289e+00 0.0000e+00 0.0000e+00 -1.4289e+00 6.3793e+00 0.0000e+00 0.0000e+00 0.0000e+00 0.0000e+00 4.8010e+00 1.0838e+00 0.0000e+00 0.0000e+00 -1.0838e+00 5.2702e+00 
75.0 7.1827e+00 -1.4375e+00 0.0000e+00 0.0000e+00 -1.4375e+00 6.1860e+00 0.0000e+00 0.0000e+00 0.0000e+00 0.0000e+00 4.5730e+00 1.0981e+00 0.0000e+00 0.0000e+00 -1.0981e+00 5.0528e+00 
76.0 7.0024e+00 -1.4450e+00 0.0000e+00 0.0000e+00 -1.4450e+00 6.0016e+00 0.0000e+00 0.0000e+00 0.0000e+00 0.0000e+00 4.3544e+00 1.1106e+00 0.0000e+00 0.0000e+00 -1.1106e+00 4.8447e+00 
77.0 6.8304e+00 -1.4514e+00 0.0000e+00 0.0000e+00 -1.4514e+00 5.8256e+00 0.0000e+00 0.0000e+00 0.0000e+00 0.0000e+00 4.1445e+00 1.1215e+00 0.0000e+00 0.0000e+00 -1.1215e+00 4.6453e+00 
78.0 6.6661e+00 -1.4567e+00 0.0000e+00 0.0000e+00 -1.4567e+00 5.6575e+00 0.0000e+00 0.0000e+00 0.0000e+00 0.0000e+00 3.9428e+00 1.1308e+00 0.0000e+00 0.0000e+00 -1.1308e+00 4.4541e+00 
79.0 6.5092e+00 -1.4609e+00 0.0000e+00 0.0000e+00 -1.4609e+00 5.4968e+00 0.0000e+00 0.0000e+00 0.0000e+00 0.0000e+00 3.7489e+00 1.1385e+00 0.0000e+00 0.0000e+00 -1.1385e+00 4.2705e+00 
80.0 6.3591e+00 -1.4640e+00 0.0000e+00 0.0000e+00 -1.4640e+00 5.3432e+00 0.0000e+00 0.0000e+00 0.0000e+00 0.0000e+00 3.5624e+00 1.1447e+00 0.0000e+00 0.0000e+00 -1.1447e+00 4.0942e+00 
81.0 6.2155e+00 -1.4660e+00 0.0000e+00 0.0000e+00 -1.4660e+00 5.1962e+00 0.0000e+00 0.0000e+00 0.0000e+00 0.0000e+00 3.3828e+00 1.1494e+00 0.0000e+00 0.0000e+00 -1.1494e+00 3.9246e+00 
82.0 6.0780e+00 -1.4669e+00 0.0000e+00 0.0000e+00 -1.4669e+00 5.0554e+00 0.0000e+00 0.0000e+00 0.0000e+00 0.0000e+00 3.2097e+00 1.1528e+00 0.0000e+00 0.0000e+00 -1.1528e+00 3.7615e+00 
83.0 5.9464e+00 -1.4667e+00 0.0000e+00 0.0000e+00 -1.4667e+00 4.9207e+00 0.0000e+00 0.0000e+00 0.0000e+00 0.0000e+00 3.0428e+00 1.1549e+00 0.0000e+00 0.0000e+00 -1.1549e+00 3.6043e+00 
84.0 5.8202e+00 -1.4655e+00 0.0000e+00 0.0000e+00 -1.4655e+00 4.7916e+00 0.0000e+00 0.0000e+00 0.0000e+00 0.0000e+00 2.8818e+00 1.1557e+00 0.0000e+00 0.0000e+00 -1.1557e+00 3.4529e+00 
85.0 5.6992e+00 -1.4632e+00 0.0000e+00 0.0000e+00 -1.4632e+00 4.6678e+00 0.0000e+00 0.0000e+00 0.0000e+00 0.0000e+00 2.7263e+00 1.1553e+00 0.0000e+00 0.0000e+00 -1.1553e+00 3.3068e+00 
86.0 5.5832e+00 -1.4600e+00 0.0000e+00 0.0000e+00 -1.4600e+00 4.5492e+00 0.0000e+00 0.0000e+00 0.0000e+00 0.0000e+00 2.5760e+00 1.1538e+00 0.0000e+00 0.0000e+00 -1.1538e+00 3.1658e+00 
87.0 5.4719e+00 -1.4558e+00 0.0000e+00 0.0000e+00 -1.4558e+00 4.4354e+00 0.0000e+00 0.0000e+00 0.0000e+00 0.0000e+00 2.4307e+00 1.1512e+00 0.0000e+00 0.0000e+00 -1.1512e+00 3.0296e+00 
88.0 5.3652e+00 -1.4506e+00 0.0000e+00 0.0000e+00 -1.4506e+00 4.3263e+00 0.0000e+00 0.0000e+00 0.0000e+00 0.0000e+00 2.2902e+00 1.1476e+00 0.0000e+00 0.0000e+00 -1.1476e+00 2.8979e+00 
89.0 5.2627e+00 -1.4444e+00 0.0000e+00 0.0000e+00 -1.4444e+00 4.2216e+00 0.0000e+00 0.0000e+00 0.0000e+00 0.0000e+00 2.1541e+00 1.1431e+00 0.0000e+00 0.0000e+00 -1.1431e+00 2.7706e+00 
90.0 5.1643e+00 -1.4374e+00 0.0000e+00 0.0000e+00 -1.4374e+00 4.1211e+00 0.0000e+00 0.0000e+00 0.0000e+00 0.0000e+00 2.0224e+00 1.1378e+00 0.0000e+00 0.0000e+00 -1.1378e+00 2.6473e+00 
91.0 5.0699e+00 -1.4294e+00 0.0000e+00 0.0000e+00 -1.4294e+00 4.0247e+00 0.0000e+00 0.0000e+00 0.0000e+00 0.0000e+00 1.8947e+00 1.1316e+00 0.0000e+00 0.0000e+00 -1.1316e+00 2.5280e+00 
92.0 4.9793e+00 -1.4206e+00 0.0000e+00 0.0000e+00 -1.4206e+00 3.9322e+00 0.0000e+00 0.0000e+00 0.0000e+00 0.0000e+00 1.7710e+00 1.1247e+00 0.0000e+00 0.0000e+00 -1.1247e+00 2.4124e+00 
93.0 4.8923e+00 -1.4109e+00 0.0000e+00 0.0000e+00 -1.4109e+00 3.8434e+00 0.0000e+00 0.0000e+00 0.0000e+00 0.0000e+00 1.6511e+00 1.1171e+00 0.0000e+00 0.0000e+00 -1.1171e+00 2.3004e+00 
94.0 4.8088e+00 -1.4005e+00 0.0000e+00 0.0000e+00 -1.4005e+00 3.7582e+00 0.0000e+00 0.0000e+00 0.0000e+00 0.0000e+00 1.5347e+00 1.1088e+00 0.0000e+00 0.0000e+00 -1.1088e+00 2.1917e+00 
95.0 4.7286e+00 -1.3892e+00 0.0000e+00 0.0000e+00 -1.3892e+00 3.6766e+00 0.0000e+00 0.0000e+00 0.0000e+00 0.0000e+00 1.4218e+00 1.1000e+00 0.0000e+00 0.0000e+00 -1.1000e+00 2.0863e+00 
96.0 4.6516e+00 -1.3771e+00 0.0000e+00 0.0000e+00 -1.3771e+00 3.5983e+00 0.0000e+00 0.0000e+00 0.0000e+00 0.0000e+00 1.3122e+00 1.0906e+00 0.0000e+00 0.0000e+00 -1.0906e+00 1.9839e+00 
97.0 4.5778e+00 -1.3643e+00 0.0000e+00 0.0000e+00 -1.3643e+00 3.5233e+00 0.0000e+00 0.0000e+00 0.0000e+00 0.0000e+00 1.2057e+00 1.0806e+00 0.0000e+00 0.0000e+00 -1.0806e+00 1.8845e+00 
98.0 4.5070e+00 -1.3507e+00 0.0000e+00 0.0000e+00 -1.3507e+00 3.4514e+00 0.0000e+00 0.0000e+00 0.0000e+00 0.0000e+00 1.1024e+00 1.0702e+00 0.0000e+00 0.0000e+00 -1.0702e+00 1.7878e+00 
99.0 4.4390e+00 -1.3363e+00 0.0000e+00 0.0000e+00 -1.3363e+00 3.3827e+00 0.0000e+00 0.0000e+00 0.0000e+00 0.0000e+00 1.0021e+00 1.0594e+00 0.0000e+00 0.0000e+00 -1.0594e+00 1.6939e+00 
100.0 4.3739e+00 -1.3213e+00 0.0000e+00 0.0000e+00 -1.3213e+00 3.3170e+00 0.0000e+00 0.0000e+00 0.0000e+00 0.0000e+00 9.0457e-01 1.0483e+00 0.0000e+00 0.0000e+00 -1.0483e+00 1.6024e+00 
101.0 4.3115e+00 -1.3055e+00 0.0000e+00 0.0000e+00 -1.3055e+00 3.2542e+00 0.0000e+00 0.0000e+00 0.0000e+00 0.0000e+00 8.0984e-01 1.0368e+00 0.0000e+00 0.0000e+00 -1.0368e+00 1.5134e+00 
102.0 4.2517e+00 -1.2890e+00 0.0000e+00 0.0000e+00 -1.2890e+00 3.1942e+00 0.0000e+00 0.0000e+00 0.0000e+00 0.0000e+00 7.1779e-01 1.0251e+00 0.0000e+00 0.0000e+00 -1.0251e+00 1.4268e+00 
103.0 4.1944e+00 -1.2718e+00 0.0000e+00 0.0000e+00 -1.2718e+00 3.1371e+00 0.0000e+00 0.0000e+00 0.0000e+00 0.0000e+00 6.2834e-01 1.0132e+00 0.0000e+00 0.0000e+00 -1.0132e+00 1.3423e+00 
104.0 4.1396e+00 -1.2540e+00 0.0000e+00 0.0000e+00 -1.2540e+00 3.0826e+00 0.0000e+00 0.0000e+00 0.0000e+00 0.0000e+00 5.4140e-01 1.0011e+00 0.0000e+00 0.0000e+00 -1.0011e+00 1.2600e+00 
105.0 4.0872e+00 -1.2355e+00 0.0000e+00 0.0000e+00 -1.2355e+00 3.0307e+00 0.0000e+00 0.0000e+00 0.0000e+00 0.0000e+00 4.5690e-01 9.8876e-01 0.0000e+00 0.0000e+00 -9.8876e-01 1.1799e+00 
106.0 4.0371e+00 -1.2163e+00 0.0000e+00 0.0000e+00 -1.2163e+00 2.9814e+00 0.0000e+00 0.0000e+00 0.0000e+00 0.0000e+00 3.7476e-01 9.7632e-01 0.0000e+00 0.0000e+00 -9.7632e-01 1.1017e+00 
107.0 3.9893e+00 -1.1965e+00 0.0000e+00 0.0000e+00 -1.1965e+00 2.9345e+00 0.0000e+00 0.0000e+00 0.0000e+00 0.0000e+00 2.9492e-01 9.6378e-01 0.0000e+00 0.0000e+00 -9.6378e-01 1.0255e+00 
108.0 3.9437e+00 -1.1760e+00 0.0000e+00 0.0000e+00 -1.1760e+00 2.8900e+00 0.0000e+00 0.0000e+00 0.0000e+00 0.0000e+00 2.1731e-01 9.5118e-01 0.0000e+00 0.0000e+00 -9.5118e-01 9.5119e-01 
109.0 3.9002e+00 -1.1548e+00 0.0000e+00 0.0000e+00 -1.1548e+00 2.8478e+00 0.0000e+00 0.0000e+00 0.0000e+00 0.0000e+00 1.4183e-01 9.3856e-01 0.0000e+00 0.0000e+00 -9.3856e-01 8.7874e-01 
110.0 3.8588e+00 -1.1330e+00 0.0000e+00 0.0000e+00 -1.1330e+00 2.8078e+00 0.0000e+00 0.0000e+00 0.0000e+00 0.0000e+00 6.8432e-02 9.2595e-01 0.0000e+00 0.0000e+00 -9.2595e-01 8.0810e-01 
111.0 3.8194e+00 -1.1106e+00 0.0000e+00 0.0000e+00 -1.1106e+00 2.7700e+00 0.0000e+00 0.0000e+00 0.0000e+00 0.0000e+00 -2.9713e-03 9.1338e-01 0.0000e+00 0.0000e+00 -9.1338e-01 7.3920e-01 
112.0 3.7820e+00 -1.0876e+00 0.0000e+00 0.0000e+00 -1.0876e+00 2.7342e+00 0.0000e+00 0.0000e+00 0.0000e+00 0.0000e+00 -7.2449e-02 9.0089e-01 0.0000e+00 0.0000e+00 -9.0089e-01 6.7199e-01 
113.0 3.7464e+00 -1.0641e+00 0.0000e+00 0.0000e+00 -1.0641e+00 2.7003e+00 0.0000e+00 0.0000e+00 0.0000e+00 0.0000e+00 -1.4006e-01 8.8847e-01 0.0000e+00 0.0000e+00 -8.8847e-01 6.0643e-01 
114.0 3.7126e+00 -1.0402e+00 0.0000e+00 0.0000e+00 -1.0402e+00 2.6683e+00 0.0000e+00 0.0000e+00 0.0000e+00 0.0000e+00 -2.0587e-01 8.7616e-01 0.0000e+00 0.0000e+00 -8.7616e-01 5.4248e-01 
115.0 3.6806e+00 -1.0158e+00 0.0000e+00 0.0000e+00 -1.0158e+00 2.6381e+00 0.0000e+00 0.0000e+00 0.0000e+00 0.0000e+00 -2.6993e-01 8.6396e-01 0.0000e+00 0.0000e+00 -8.6396e-01 4.8009e-01 
116.0 3.6503e+00 -9.9107e-01 0.0000e+00 0.0000e+00 -9.9107e-01 2.6097e+00 0.0000e+00 0.0000e+00 0.0000e+00 0.0000e+00 -3.3227e-01 8.5188e-01 0.0000e+00 0.0000e+00 -8.5188e-01 4.1923e-01 
117.0 3.6216e+00 -9.6597e-01 0.0000e+00 0.0000e+00 -9.6597e-01 2.5829e+00 0.0000e+00 0.0000e+00 0.0000e+00 0.0000e+00 -3.9292e-01 8.3994e-01 0.0000e+00 0.0000e+00 -8.3994e-01 3.5989e-01 
118.0 3.5946e+00 -9.4057e-01 0.0000e+00 0.0000e+00 -9.4057e-01 2.5577e+00 0.0000e+00 0.0000e+00 0.0000e+00 0.0000e+00 -4.5193e-01 8.2815e-01 0.0000e+00 0.0000e+00 -8.2815e-01 3.0204e-01 
119.0 3.5691e+00 -9.1491e-01 0.0000e+00 0.0000e+00 -9.1491e-01 2.5342e+00 0.0000e+00 0.0000e+00 0.0000e+00 0.0000e+00 -5.0933e-01 8.1651e-01 0.0000e+00 0.0000e+00 -8.1651e-01 2.4565e-01 
120.0 3.5452e+00 -8.8904e-01 0.0000e+00 0.0000e+00 -8.8904e-01 2.5121e+00 0.0000e+00 0.0000e+00 0.0000e+00 0.0000e+00 -5.6517e-01 8.0500e-01 0.0000e+00 0.0000e+00 -8.0500e-01 1.9069e-01 
121.0 3.5227e+00 -8.6299e-01 0.0000e+00 0.0000e+00 -8.6299e-01 2.4916e+00 0.0000e+00 0.0000e+00 0.0000e+00 0.0000e+00 -6.1950e-01 7.9359e-01 0.0000e+00 0.0000e+00 -7.9359e-01 1.3711e-01 
122.0 3.5016e+00 -8.3681e-01 0.0000e+00 0.0000e+00 -8.3681e-01 2.4724e+00 0.0000e+00 0.0000e+00 0.0000e+00 0.0000e+00 -6.7239e-01 7.8225e-01 0.0000e+00 0.0000e+00 -7.8225e-01 8.4886e-02 
123.0 3.4818e+00 -8.1051e-01 0.0000e+00 0.0000e+00 -8.1051e-01 2.4545e+00 0.0000e+00 0.0000e+00 0.0000e+00 0.0000e+00 -7.2388e-01 7.7093e-01 0.0000e+00 0.0000e+00 -7.7093e-01 3.3954e-02 
124.0 3.4633e+00 -7.8411e-01 0.0000e+00 0.0000e+00 -7.8411e-01 2.4379e+00 0.0000e+00 0.0000e+00 0.0000e+00 0.0000e+00 -7.7404e-01 7.5961e-01 0.0000e+00 0.0000e+00 -7.5961e-01 -1.5721e-02 
125.0 3.4461e+00 -7.5763e-01 0.0000e+00 0.0000e+00 -7.5763e-01 2.4224e+00 0.0000e+00 0.0000e+00 0.0000e+00 0.0000e+00 -8.2292e-01 7.4824e-01 0.0000e+00 0.0000e+00 -7.4824e-01 -6.4181e-02 
126.0 3.4300e+00 -7.3108e-01 0.0000e+00 0.0000e+00 -7.3108e-01 2.4082e+00 0.0000e+00 0.0000e+00 0.0000e+00 0.0000e+00 -8.7057e-01 7.3682e-01 0.0000e+00 0.0000e+00 -7.3682e-01 -1.1147e-01 
127.0 3.4152e+00 -7.0448e-01 0.0000e+00 0.0000e+00 -7.0448e-01 2.3951e+00 0.0000e+00 0.0000e+00 0.0000e+00 0.0000e+00 -9.1703e-01 7.2532e-01 0.0000e+00 0.0000e+00 -7.2532e-01 -1.5763e-01 
128.0 3.4015e+00 -6.7784e-01 0.0000e+00 0.0000e+00 -6.7784e-01 2.3830e+00 0.0000e+00 0.0000e+00 0.0000e+00 0.0000e+00 -9.6235e-01 7.1369e-01 0.0000e+00 0.0000e+00 -7.1369e-01 -2.0271e-01 
129.0 3.3888e+00 -6.5116e-01 0.0000e+00 0.0000e+00 -6.5116e-01 2.3720e+00 0.0000e+00 0.0000e+00 0.0000e+00 0.0000e+00 -1.0066e+00 7.0191e-01 0.0000e+00 0.0000e+00 -7.0191e-01 -2.4676e-01 
130.0 3.3772e+00 -6.2445e-01 0.0000e+00 0.0000e+00 -6.2445e-01 2.3620e+00 0.0000e+00 0.0000e+00 0.0000e+00 0.0000e+00 -1.0498e+00 6.8994e-01 0.0000e+00 0.0000e+00 -6.8994e-01 -2.8985e-01 
131.0 3.3666e+00 -5.9767e-01 0.0000e+00 0.0000e+00 -5.9767e-01 2.3530e+00 0.0000e+00 0.0000e+00 0.0000e+00 0.0000e+00 -1.0921e+00 6.7779e-01 0.0000e+00 0.0000e+00 -6.7779e-01 -3.3202e-01 
132.0 3.3571e+00 -5.7082e-01 0.0000e+00 0.0000e+00 -5.7082e-01 2.3449e+00 0.0000e+00 0.0000e+00 0.0000e+00 0.0000e+00 -1.1334e+00 6.6546e-01 0.0000e+00 0.0000e+00 -6.6546e-01 -3.7335e-01 
133.0 3.3485e+00 -5.4387e-01 0.0000e+00 0.0000e+00 -5.4387e-01 2.3379e+00 0.0000e+00 0.0000e+00 0.0000e+00 0.0000e+00 -1.1738e+00 6.5299e-01 0.0000e+00 0.0000e+00 -6.5299e-01 -4.1388e-01 
134.0 3.3410e+00 -5.1682e-01 0.0000e+00 0.0000e+00 -5.1682e-01 2.3318e+00 0.0000e+00 0.0000e+00 0.0000e+00 0.0000e+00 -1.2134e+00 6.4040e-01 0.0000e+00 0.0000e+00 -6.4040e-01 -4.5368e-01 
135.0 3.3345e+00 -4.8967e-01 0.0000e+00 0.0000e+00 -4.8967e-01 2.3269e+00 0.0000e+00 0.0000e+00 0.0000e+00 0.0000e+00 -1.2521e+00 6.2770e-01 0.0000e+00 0.0000e+00 -6.2770e-01 -4.9278e-01 
136.0 3.3291e+00 -4.6242e-01 0.0000e+00 0.0000e+00 -4.6242e-01 2.3230e+00 0.0000e+00 0.0000e+00 0.0000e+00 0.0000e+00 -1.2901e+00 6.1493e-01 0.0000e+00 0.0000e+00 -6.1493e-01 -5.3122e-01 
137.0 3.3248e+00 -4.3507e-01 0.0000e+00 0.0000e+00 -4.3507e-01 2.3203e+00 0.0000e+00 0.0000e+00 0.0000e+00 0.0000e+00 -1.3272e+00 6.0209e-01 0.0000e+00 0.0000e+00 -6.0209e-01 -5.6906e-01 
138.0 3.3215e+00 -4.0762e-01 0.0000e+00 0.0000e+00 -4.0762e-01 2.3188e+00 0.0000e+00 0.0000e+00 0.0000e+00 0.0000e+00 -1.3635e+00 5.8923e-01 0.0000e+00 0.0000e+00 -5.8923e-01 -6.0631e-01 
139.0 3.3195e+00 -3.8006e-01 0.0000e+00 0.0000e+00 -3.8006e-01 2.3185e+00 0.0000e+00 0.0000e+00 0.0000e+00 0.0000e+00 -1.3991e+00 5.7641e-01 0.0000e+00 0.0000e+00 -5.7641e-01 -6.4303e-01 
140.0 3.3186e+00 -3.5241e-01 0.0000e+00 0.0000e+00 -3.5241e-01 2.3197e+00 0.0000e+00 0.0000e+00 0.0000e+00 0.0000e+00 -1.4339e+00 5.6366e-01 0.0000e+00 0.0000e+00 -5.6366e-01 -6.7926e-01 
141.0 3.3189e+00 -3.2468e-01 0.0000e+00 0.0000e+00 -3.2468e-01 2.3223e+00 0.0000e+00 0.0000e+00 0.0000e+00 0.0000e+00 -1.4680e+00 5.5106e-01 0.0000e+00 0.0000e+00 -5.5106e-01 -7.1502e-01 
142.0 3.3204e+00 -2.9690e-01 0.0000e+00 0.0000e+00 -2.9690e-01 2.3263e+00 0.0000e+00 0.0000e+00 0.0000e+00 0.0000e+00 -1.5013e+00 5.3861e-01 0.0000e+00 0.0000e+00 -5.3861e-01 -7.5035e-01 
143.0 3.3230e+00 -2.6907e-01 0.0000e+00 0.0000e+00 -2.6907e-01 2.3318e+00 0.0000e+00 0.0000e+00 0.0000e+00 0.0000e+00 -1.5340e+00 5.2633e-01 0.0000e+00 0.0000e+00 -5.2633e-01 -7.8526e-01 
144.0 3.3268e+00 -2.4123e-01 0.0000e+00 0.0000e+00 -2.4123e-01 2.3387e+00 0.0000e+00 0.0000e+00 0.0000e+00 0.0000e+00 -1.5659e+00 5.1420e-01 0.0000e+00 0.0000e+00 -5.1420e-01 -8.1977e-01 
145.0 3.3317e+00 -2.1340e-01 0.0000e+00 0.0000e+00 -2.1340e-01 2.3468e+00 0.0000e+00 0.0000e+00 0.0000e+00 0.0000e+00 -1.5971e+00 5.0214e-01 0.0000e+00 0.0000e+00 -5.0214e-01 -8.5390e-01 
146.0 3.3376e+00 -1.8558e-01 0.0000e+00 0.0000e+00 -1.8558e-01 2.3562e+00 0.0000e+00 0.0000e+00 0.0000e+00 0.0000e+00 -1.6277e+00 4.9008e-01 0.0000e+00 0.0000e+00 -4.9008e-01 -8.8767e-01 
147.0 3.3445e+00 -1.5777e-01 0.0000e+00 0.0000e+00 -1.5777e-01 2.3668e+00 0.0000e+00 0.0000e+00 0.0000e+00 0.0000e+00 -1.6576e+00 4.7794e-01 0.0000e+00 0.0000e+00 -4.7794e-01 -9.2109e-01 
148.0 3.3525e+00 -1.2995e-01 0.0000e+00 0.0000e+00 -1.2995e-01 2.3787e+00 0.0000e+00 0.0000e+00 0.0000e+00 0.0000e+00 -1.6869e+00 4.6571e-01 0.0000e+00 0.0000e+00 -4.6571e-01 -9.5417e-01 
149.0 3.3616e+00 -1.0212e-01 0.0000e+00 0.0000e+00 -1.0212e-01 2.3921e+00 0.0000e+00 0.0000e+00 0.0000e+00 0.0000e+00 -1.7156e+00 4.5345e-01 0.0000e+00 0.0000e+00 -4.5345e-01 -9.8692e-01 
150.0 3.3722e+00 -7.4255e-02 0.0000e+00 0.0000e+00 -7.4255e-02 2.4070e+00 0.0000e+00 0.0000e+00 0.0000e+00 0.0000e+00 -1.7438e+00 4.4121e-01 0.0000e+00 0.0000e+00 -4.4121e-01 -1.0193e+00 
151.0 3.3841e+00 -4.6386e-02 0.0000e+00 0.0000e+00 -4.6386e-02 2.4237e+00 0.0000e+00 0.0000e+00 0.0000e+00 0.0000e+00 -1.7713e+00 4.2898e-01 0.0000e+00 0.0000e+00 -4.2898e-01 -1.0514e+00 
152.0 3.3974e+00 -1.8545e-02 0.0000e+00 0.0000e+00 -1.8545e-02 2.4421e+00 0.0000e+00 0.0000e+00 0.0000e+00 0.0000e+00 -1.7982e+00 4.1665e-01 0.0000e+00 0.0000e+00 -4.1665e-01 -1.0832e+00 
153.0 3.4120e+00 9.2196e-03 0.0000e+00 0.0000e+00 9.2196e-03 2.4620e+00 0.0000e+00 0.0000e+00 0.0000e+00 0.0000e+00 -1.8245e+00 4.0404e-01 0.0000e+00 0.0000e+00 -4.0404e-01 -1.1148e+00 
154.0 3.4277e+00 3.6853e-02 0.0000e+00 0.0000e+00 3.6853e-02 2.4832e+00 0.0000e+00 0.0000e+00 0.0000e+00 0.0000e+00 -1.8502e+00 3.9087e-01 0.0000e+00 0.0000e+00 -3.9087e-01 -1.1461e+00 
155.0 3.4444e+00 6.4272e-02 0.0000e+00 0.0000e+00 6.4272e-02 2.5058e+00 0.0000e+00 0.0000e+00 0.0000e+00 0.0000e+00 -1.8755e+00 3.7684e-01 0.0000e+00 0.0000e+00 -3.7684e-01 -1.1773e+00 
156.0 3.4621e+00 9.1339e-02 0.0000e+00 0.0000e+00 9.1339e-02 2.5297e+00 0.0000e+00 0.0000e+00 0.0000e+00 0.0000e+00 -1.9005e+00 3.6160e-01 0.0000e+00 0.0000e+00 -3.6160e-01 -1.2086e+00 
157.0 3.4804e+00 1.1781e-01 0.0000e+00 0.0000e+00 1.1781e-01 2.5547e+00 0.0000e+00 0.0000e+00 0.0000e+00 0.0000e+00 -1.9251e+00 3.4467e-01 0.0000e+00 0.0000e+00 -3.4467e-01 -1.2400e+00 
158.0 3.4990e+00 1.4330e-01 0.0000e+00 0.0000e+00 1.4330e-01 2.5806e+00 0.0000e+00 0.0000e+00 0.0000e+00 0.0000e+00 -1.9497e+00 3.2540e-01 0.0000e+00 0.0000e+00 -3.2540e-01 -1.2718e+00 
159.0 3.5170e+00 1.6731e-01 0.0000e+00 0.0000e+00 1.6731e-01 2.6063e+00 0.0000e+00 0.0000e+00 0.0000e+00 0.0000e+00 -1.9743e+00 3.0296e-01 0.0000e+00 0.0000e+00 -3.0296e-01 -1.3039e+00 
160.0 3.5339e+00 1.8928e-01 0.0000e+00 0.0000e+00 1.8928e-01 2.6308e+00 0.0000e+00 0.0000e+00 0.0000e+00 0.0000e+00 -1.9994e+00 2.7646e-01 0.0000e+00 0.0000e+00 -2.7646e-01 -1.3366e+00 
161.0 3.5492e+00 2.0867e-01 0.0000e+00 0.0000e+00 2.0867e-01 2.6532e+00 0.0000e+00 0.0000e+00 0.0000e+00 0.0000e+00 -2.0255e+00 2.4510e-01 0.0000e+00 0.0000e+00 -2.4510e-01 -1.3698e+00 
162.0 3.5630e+00 2.2492e-01 0.0000e+00 0.0000e+00 2.2492e-01 2.6731e+00 0.0000e+00 0.0000e+00 0.0000e+00 0.0000e+00 -2.0532e+00 2.0834e-01 0.0000e+00 0.0000e+00 -2.0834e-01 -1.4032e+00 
163.0 3.5760e+00 2.3750e-01 0.0000e+00 0.0000e+00 2.3750e-01 2.6903e+00 0.0000e+00 0.0000e+00 0.0000e+00 0.0000e+00 -2.0831e+00 1.6595e-01 0.0000e+00 0.0000e+00 -1.6595e-01 -1.4365e+00 
164.0 3.5893e+00 2.4591e-01 0.0000e+00 0.0000e+00 2.4591e-01 2.7048e+00 0.0000e+00 0.0000e+00 0.0000e+00 0.0000e+00 -2.1162e+00 1.1805e-01 0.0000e+00 0.0000e+00 -1.1805e-01 -1.4690e+00 
165.0 3.6042e+00 2.4967e-01 0.0000e+00 0.0000e+00 2.4967e-01 2.7167e+00 0.0000e+00 0.0000e+00 0.0000e+00 0.0000e+00 -2.1532e+00 6.5140e-02 0.0000e+00 0.0000e+00 -6.5140e-02 -1.4998e+00 
166.0 3.6232e+00 2.4835e-01 0.0000e+00 0.0000e+00 2.4835e-01 2.7264e+00 0.0000e+00 0.0000e+00 0.0000e+00 0.0000e+00 -2.1953e+00 8.1049e-03 0.0000e+00 0.0000e+00 -8.1049e-03 -1.5282e+00 
167.0 3.6490e+00 2.4157e-01 0.0000e+00 0.0000e+00 2.4157e-01 2.7351e+00 0.0000e+00 0.0000e+00 0.0000e+00 0.0000e+00 -2.2441e+00 -5.1720e-02 0.0000e+00 0.0000e+00 5.1720e-02 -1.5531e+00 
168.0 3.6850e+00 2.2901e-01 0.0000e+00 0.0000e+00 2.2901e-01 2.7440e+00 0.0000e+00 0.0000e+00 0.0000e+00 0.0000e+00 -2.3012e+00 -1.1238e-01 0.0000e+00 0.0000e+00 1.1238e-01 -1.5735e+00 
169.0 3.7356e+00 2.1054e-01 0.0000e+00 0.0000e+00 2.1054e-01 2.7544e+00 0.0000e+00 0.0000e+00 0.0000e+00 0.0000e+00 -2.3688e+00 -1.7107e-01 0.0000e+00 0.0000e+00 1.7107e-01 -1.5883e+00 
170.0 3.8061e+00 1.8637e-01 0.0000e+00 0.0000e+00 1.8637e-01 2.7690e+00 0.0000e+00 0.0000e+00 0.0000e+00 0.0000e+00 -2.4490e+00 -2.2384e-01 0.0000e+00 0.0000e+00 2.2384e-01 -1.5959e+00 
171.0 3.9031e+00 1.5731e-01 0.0000e+00 0.0000e+00 1.5731e-01 2.7912e+00 0.0000e+00 0.0000e+00 0.0000e+00 0.0000e+00 -2.5435e+00 -2.6538e-01 0.0000e+00 0.0000e+00 2.6538e-01 -1.5951e+00 
172.0 4.0333e+00 1.2500e-01 0.0000e+00 0.0000e+00 1.2500e-01 2.8258e+00 0.0000e+00 0.0000e+00 0.0000e+00 0.0000e+00 -2.6531e+00 -2.8942e-01 0.0000e+00 0.0000e+00 2.8942e-01 -1.5846e+00 
173.0 4.2017e+00 9.1902e-02 0.0000e+00 0.0000e+00 9.1902e-02 2.8775e+00 0.0000e+00 0.0000e+00 0.0000e+00 0.0000e+00 -2.7768e+00 -2.8995e-01 0.0000e+00 0.0000e+00 2.8995e-01 -1.5639e+00 
174.0 4.4077e+00 6.1094e-02 0.0000e+00 0.0000e+00 6.1094e-02 2.9492e+00 0.0000e+00 0.0000e+00 0.0000e+00 0.0000e+00 -2.9105e+00 -2.6343e-01 0.0000e+00 0.0000e+00 2.6343e-01 -1.5341e+00 
175.0 4.6418e+00 3.5542e-02 0.0000e+00 0.0000e+00 3.5542e-02 3.0394e+00 0.0000e+00 0.0000e+00 0.0000e+00 0.0000e+00 -3.0467e+00 -2.1147e-01 0.0000e+00 0.0000e+00 2.1147e-01 -1.4979e+00 
176.0 4.8817e+00 1.7210e-02 0.0000e+00 0.0000e+00 1.7210e-02 3.1394e+00 0.0000e+00 0.0000e+00 0.0000e+00 0.0000e+00 -3.1745e+00 -1.4276e-01 0.0000e+00 0.0000e+00 1.4276e-01 -1.4598e+00 
177.0 5.0945e+00 6.3340e-03 0.0000e+00 0.0000e+00 6.3340e-03 3.2332e+00 0.0000e+00 0.0000e+00 0.0000e+00 0.0000e+00 -3.2804e+00 -7.2667e-02 0.0000e+00 0.0000e+00 7.2667e-02 -1.4258e+00 
178.0 5.2430e+00 1.3604e-03 0.0000e+00 0.0000e+00 1.3604e-03 3.3012e+00 0.0000e+00 0.0000e+00 0.0000e+00 0.0000e+00 -3.3509e+00 -1.9849e-02 0.0000e+00 0.0000e+00 1.9849e-02 -1.4021e+00 
179.0 5.2969e+00 2.2433e-20 0.0000e+00 0.0000e+00 2.2433e-20 3.3263e+00 0.0000e+00 0.0000e+00 0.0000e+00 0.0000e+00 -3.3759e+00 -2.5601e-19 0.0000e+00 0.0000e+00 2.5601e-19 -1.3934e+00 
180.0 5.3518e+00 0.0000e+00 0.0000e+00 0.0000e+00 0.0000e+00 3.3512e+00 0.0000e+00 0.0000e+00 0.0000e+00 0.0000e+00 -3.4007e+00 0.0000e+00 0.0000e+00 0.0000e+00 -0.0000e+00 -1.3849e+00 
