1.1144 1.3575 0.2431 0.077947
theta s11 s12 s13 s14 s21 s22 s23 s24 s31 s32 s33 s34 s41 s42 s43 s44
0.0 1.9239e+03 0.0000e+00 0.0000e+00 0.0000e+00 0.0000e+00 1.9230e+03 0.0000e+00 0.0000e+00 0.0000e+00 0.0000e+00 1.9230e+03 0.0000e+00 0.0000e+00 0.0000e+00 -0.0000e+00 1.9221e+03 
1.0 1.6905e+03 -9.0935e-02 0.0000e+00 0.0000e+00 -9.0935e-02 1.6897e+03 0.0000e+00 0.0000e+00 0.0000e+00 0.0000e+00 1.6897e+03 -8.1038e-01 0.0000e+00 0.0000e+00 8.1038e-01 1.6888e+03 
2.0 1.2718e+03 -1.9815e-01 0.0000e+00 0.0000e+00 -1.9815e-01 1.2710e+03 0.0000e+00 0.0000e+00 0.0000e+00 0.0000e+00 1.2709e+03 -2.6936e+00 0.0000e+00 0.0000e+00 2.6936e+00 1.2701e+03 
3.0 9.2358e+02 -2.1824e-01 0.0000e+00 0.0000e+00 -2.1824e-01 9.2277e+02 0.0000e+00 0.0000e+00 0.0000e+00 0.0000e+00 9.2273e+02 -4.6085e+00 0.0000e+00 0.0000e+00 4.6085e+00 9.2194e+02 
4.0 6.7948e+02 -1.9654e-01 0.0000e+00 0.0000e+00 -1.9654e-01 6.7870e+02 0.0000e+00 0.0000e+00 0.0000e+00 0.0000e+00 6.7862e+02 -5.9515e+00 0.0000e+00 0.0000e+00 5.9515e+00 6.7786e+02 
5.0 5.1329e+02 -1.7361e-01 0.0000e+00 0.0000e+00 -1.7361e-01 5.1255e+02 0.0000e+00 0.0000e+00 0.0000e+00 0.0000e+00 5.1241e+02 -6.6996e+00 0.0000e+00 0.0000e+00 6.6996e+00 5.1170e+02 
6.0 3.9814e+02 -1.6454e-01 0.0000e+00 0.0000e+00 -1.6454e-01 3.9742e+02 0.0000e+00 0.0000e+00 0.0000e+00 0.0000e+00 3.9724e+02 -7.0188e+00 0.0000e+00 0.0000e+00 7.0188e+00 3.9657e+02 
7.0 3.1598e+02 -1.7469e-01 0.0000e+00 0.0000e+00 -1.7469e-01 3.1529e+02 0.0000e+00 0.0000e+00 0.0000e+00 0.0000e+00 3.1506e+02 -7.0392e+00 0.0000e+00 0.0000e+00 7.0392e+00 3.1443e+02 
8.0 2.5579e+02 -2.0398e-01 0.0000e+00 0.0000e+00 -2.0398e-01 2.5512e+02 0.0000e+00 0.0000e+00 0.0000e+00 0.0000e+00 2.5484e+02 -6.8516e+00 0.0000e+00 0.0000e+00 6.8516e+00 2.5424e+02 
9.0 2.1074e+02 -2.4890e-01 0.0000e+00 0.0000e+00 -2.4890e-01 2.1009e+02 0.0000e+00 0.0000e+00 0.0000e+00 0.0000e+00 2.0976e+02 -6.5251e+00 0.0000e+00 0.0000e+00 6.5251e+00 2.0920e+02 
10.0 1.7645e+02 -3.0529e-01 0.0000e+00 0.0000e+00 -3.0529e-01 1.7581e+02 0.0000e+00 0.0000e+00 0.0000e+00 0.0000e+00 1.7545e+02 -6.1117e+00 0.0000e+00 0.0000e+00 6.1117e+00 1.7492e+02 
11.0 1.4999e+02 -3.6898e-01 0.0000e+00 0.0000e+00 -3.6898e-01 1.4937e+02 0.0000e+00 0.0000e+00 0.0000e+00 0.0000e+00 1.4896e+02 -5.6531e+00 0.0000e+00 0.0000e+00 5.6531e+00 1.4847e+02 
12.0 1.2930e+02 -4.3654e-01 0.0000e+00 0.0000e+00 -4.3654e-01 1.2868e+02 0.0000e+00 0.0000e+00 0.0000e+00 0.0000e+00 1.2826e+02 -5.1826e+00 0.0000e+00 0.0000e+00 5.1826e+00 1.2779e+02 
13.0 1.1292e+02 -5.0623e-01 0.0000e+00 0.0000e+00 -5.0623e-01 1.1232e+02 0.0000e+00 0.0000e+00 0.0000e+00 0.0000e+00 1.1187e+02 -4.7203e+00 0.0000e+00 0.0000e+00 4.7203e+00 1.1142e+02 
14.0 9.9795e+01 -5.7238e-01 0.0000e+00 0.0000e+00 -5.7238e-01 9.9200e+01 0.0000e+00 0.0000e+00 0.0000e+00 0.0000e+00 9.8727e+01 -4.2902e+00 0.0000e+00 0.0000e+00 4.2902e+00 9.8305e+01 
15.0 8.9149e+01 -6.3733e-01 0.0000e+00 0.0000e+00 -6.3733e-01 8.8560e+01 0.0000e+00 0.0000e+00 0.0000e+00 0.0000e+00 8.8071e+01 -3.8880e+00 0.0000e+00 0.0000e+00 3.8880e+00 8.7671e+01 
16.0 8.0401e+01 -6.9922e-01 0.0000e+00 0.0000e+00 -6.9922e-01 7.9819e+01 0.0000e+00 0.0000e+00 0.0000e+00 0.0000e+00 7.9316e+01 -3.5191e+00 0.0000e+00 0.0000e+00 3.5191e+00 7.8936e+01 
17.0 7.3123e+01 -7.5769e-01 0.0000e+00 0.0000e+00 -7.5769e-01 7.2545e+01 0.0000e+00 0.0000e+00 0.0000e+00 0.0000e+00 7.2032e+01 -3.1846e+00 0.0000e+00 0.0000e+00 3.1846e+00 7.1671e+01 
18.0 6.6988e+01 -8.1275e-01 0.0000e+00 0.0000e+00 -8.1275e-01 6.6414e+01 0.0000e+00 0.0000e+00 0.0000e+00 0.0000e+00 6.5893e+01 -2.8837e+00 0.0000e+00 0.0000e+00 2.8837e+00 6.5549e+01 
19.0 6.1750e+01 -8.6497e-01 0.0000e+00 0.0000e+00 -8.6497e-01 6.1180e+01 0.0000e+00 0.0000e+00 0.0000e+00 0.0000e+00 6.0874e+01 -2.6140e+00 0.0000e+00 0.0000e+00 2.6140e+00 6.0552e+01 
20.0 5.7229e+01 -9.1532e-01 0.0000e+00 0.0000e+00 -9.1532e-01 5.6662e+01 0.0000e+00 0.0000e+00 0.0000e+00 0.0000e+00 5.6541e+01 -2.3729e+00 0.0000e+00 0.0000e+00 2.3729e+00 5.6238e+01 
21.0 5.3286e+01 -9.6473e-01 0.0000e+00 0.0000e+00 -9.6473e-01 5.2722e+01 0.0000e+00 0.0000e+00 0.0000e+00 0.0000e+00 5.2761e+01 -2.1584e+00 0.0000e+00 0.0000e+00 2.1584e+00 5.2474e+01 
22.0 4.9812e+01 -1.0139e+00 0.0000e+00 0.0000e+00 -1.0139e+00 4.9251e+01 0.0000e+00 0.0000e+00 0.0000e+00 0.0000e+00 4.9429e+01 -1.9681e+00 0.0000e+00 0.0000e+00 1.9681e+00 4.9157e+01 
23.0 4.6721e+01 -1.0631e+00 0.0000e+00 0.0000e+00 -1.0631e+00 4.6163e+01 0.0000e+00 0.0000e+00 0.0000e+00 0.0000e+00 4.6464e+01 -1.7991e+00 0.0000e+00 0.0000e+00 1.7991e+00 4.6204e+01 
24.0 4.3948e+01 -1.1124e+00 0.0000e+00 0.0000e+00 -1.1124e+00 4.3392e+01 0.0000e+00 0.0000e+00 0.0000e+00 0.0000e+00 4.3802e+01 -1.6484e+00 0.0000e+00 0.0000e+00 1.6484e+00 4.3554e+01 
25.0 4.1441e+01 -1.1618e+00 0.0000e+00 0.0000e+00 -1.1618e+00 4.0887e+01 0.0000e+00 0.0000e+00 0.0000e+00 0.0000e+00 4.1394e+01 -1.5132e+00 0.0000e+00 0.0000e+00 1.5132e+00 4.1156e+01 
26.0 3.9161e+01 -1.2111e+00 0.0000e+00 0.0000e+00 -1.2111e+00 3.8610e+01 0.0000e+00 0.0000e+00 0.0000e+00 0.0000e+00 3.9202e+01 -1.3914e+00 0.0000e+00 0.0000e+00 1.3914e+00 3.8975e+01 
27.0 3.7076e+01 -1.2601e+00 0.0000e+00 0.0000e+00 -1.2601e+00 3.6527e+01 0.0000e+00 0.0000e+00 0.0000e+00 0.0000e+00 3.7197e+01 -1.2813e+00 0.0000e+00 0.0000e+00 1.2813e+00 3.6978e+01 
28.0 3.5160e+01 -1.3088e+00 0.0000e+00 0.0000e+00 -1.3088e+00 3.4613e+01 0.0000e+00 0.0000e+00 0.0000e+00 0.0000e+00 3.5352e+01 -1.1816e+00 0.0000e+00 0.0000e+00 1.1816e+00 3.5142e+01 
29.0 3.3390e+01 -1.3571e+00 0.0000e+00 0.0000e+00 -1.3571e+00 3.2846e+01 0.0000e+00 0.0000e+00 0.0000e+00 0.0000e+00 3.3646e+01 -1.0911e+00 0.0000e+00 0.0000e+00 1.0911e+00 3.3443e+01 
30.0 3.1748e+01 -1.4049e+00 0.0000e+00 0.0000e+00 -1.4049e+00 3.1205e+01 0.0000e+00 0.0000e+00 0.0000e+00 0.0000e+00 3.2062e+01 -1.0085e+00 0.0000e+00 0.0000e+00 1.0085e+00 3.1866e+01 
31.0 3.0217e+01 -1.4521e+00 0.0000e+00 0.0000e+00 -1.4521e+00 2.9677e+01 0.0000e+00 0.0000e+00 0.0000e+00 0.0000e+00 3.0433e+01 -9.3305e-01 0.0000e+00 0.0000e+00 9.3305e-01 3.0248e+01 
32.0 2.8786e+01 -1.4986e+00 0.0000e+00 0.0000e+00 -1.4986e+00 2.8247e+01 0.0000e+00 0.0000e+00 0.0000e+00 0.0000e+00 2.8912e+01 -8.6398e-01 0.0000e+00 0.0000e+00 8.6398e-01 2.8737e+01 
33.0 2.7443e+01 -1.5440e+00 0.0000e+00 0.0000e+00 -1.5440e+00 2.6906e+01 0.0000e+00 0.0000e+00 0.0000e+00 0.0000e+00 2.7485e+01 -8.0076e-01 0.0000e+00 0.0000e+00 8.0076e-01 2.7320e+01 
34.0 2.6179e+01 -1.5882e+00 0.0000e+00 0.0000e+00 -1.5882e+00 2.5643e+01 0.0000e+00 0.0000e+00 0.0000e+00 0.0000e+00 2.6144e+01 -7.4279e-01 0.0000e+00 0.0000e+00 7.4279e-01 2.5989e+01 
35.0 2.4986e+01 -1.6310e+00 0.0000e+00 0.0000e+00 -1.6310e+00 2.4452e+01 0.0000e+00 0.0000e+00 0.0000e+00 0.0000e+00 2.4881e+01 -6.8939e-01 0.0000e+00 0.0000e+00 6.8939e-01 2.4735e+01 
36.0 2.3858e+01 -1.6723e+00 0.0000e+00 0.0000e+00 -1.6723e+00 2.3327e+01 0.0000e+00 0.0000e+00 0.0000e+00 0.0000e+00 2.3687e+01 -6.3978e-01 0.0000e+00 0.0000e+00 6.3978e-01 2.3550e+01 
37.0 2.2793e+01 -1.7123e+00 0.0000e+00 0.0000e+00 -1.7123e+00 2.2262e+01 0.0000e+00 0.0000e+00 0.0000e+00 0.0000e+00 2.2558e+01 -5.9320e-01 0.0000e+00 0.0000e+00 5.9320e-01 2.2430e+01 
38.0 2.1785e+01 -1.7513e+00 0.0000e+00 0.0000e+00 -1.7513e+00 2.1256e+01 0.0000e+00 0.0000e+00 0.0000e+00 0.0000e+00 2.1489e+01 -5.4906e-01 0.0000e+00 0.0000e+00 5.4906e-01 2.1370e+01 
39.0 2.0832e+01 -1.7895e+00 0.0000e+00 0.0000e+00 -1.7895e+00 2.0306e+01 0.0000e+00 0.0000e+00 0.0000e+00 0.0000e+00 2.0478e+01 -5.0712e-01 0.0000e+00 0.0000e+00 5.0712e-01 2.0367e+01 
40.0 1.9933e+01 -1.8270e+00 0.0000e+00 0.0000e+00 -1.8270e+00 1.9408e+01 0.0000e+00 0.0000e+00 0.0000e+00 0.0000e+00 1.9520e+01 -4.6736e-01 0.0000e+00 0.0000e+00 4.6736e-01 1.9417e+01 
41.0 1.9082e+01 -1.8637e+00 0.0000e+00 0.0000e+00 -1.8637e+00 1.8559e+01 0.0000e+00 0.0000e+00 0.0000e+00 0.0000e+00 1.8613e+01 -4.2979e-01 0.0000e+00 0.0000e+00 4.2979e-01 1.8518e+01 
42.0 1.8277e+01 -1.8994e+00 0.0000e+00 0.0000e+00 -1.8994e+00 1.7756e+01 0.0000e+00 0.0000e+00 0.0000e+00 0.0000e+00 1.7752e+01 -3.9436e-01 0.0000e+00 0.0000e+00 3.9436e-01 1.7665e+01 
43.0 1.7515e+01 -1.9340e+00 0.0000e+00 0.0000e+00 -1.9340e+00 1.6995e+01 0.0000e+00 0.0000e+00 0.0000e+00 0.0000e+00 1.6935e+01 -3.6095e-01 0.0000e+00 0.0000e+00 3.6095e-01 1.6855e+01 
44.0 1.6791e+01 -1.9672e+00 0.0000e+00 0.0000e+00 -1.9672e+00 1.6273e+01 0.0000e+00 0.0000e+00 0.0000e+00 0.0000e+00 1.6158e+01 -3.2934e-01 0.0000e+00 0.0000e+00 3.2934e-01 1.6085e+01 
45.0 1.6104e+01 -1.9990e+00 0.0000e+00 0.0000e+00 -1.9990e+00 1.5588e+01 0.0000e+00 0.0000e+00 0.0000e+00 0.0000e+00 1.5418e+01 -2.9931e-01 0.0000e+00 0.0000e+00 2.9931e-01 1.5353e+01 
46.0 1.5451e+01 -2.0293e+00 0.0000e+00 0.0000e+00 -2.0293e+00 1.4936e+01 0.0000e+00 0.0000e+00 0.0000e+00 0.0000e+00 1.4713e+01 -2.7059e-01 0.0000e+00 0.0000e+00 2.7059e-01 1.4655e+01 
47.0 1.4829e+01 -2.0582e+00 0.0000e+00 0.0000e+00 -2.0582e+00 1.4316e+01 0.0000e+00 0.0000e+00 0.0000e+00 0.0000e+00 1.4041e+01 -2.4299e-01 0.0000e+00 0.0000e+00 2.4299e-01 1.3990e+01 
48.0 1.4237e+01 -2.0854e+00 0.0000e+00 0.0000e+00 -2.0854e+00 1.3726e+01 0.0000e+00 0.0000e+00 0.0000e+00 0.0000e+00 1.3400e+01 -2.1636e-01 0.0000e+00 0.0000e+00 2.1636e-01 1.3356e+01 
49.0 1.3674e+01 -2.1111e+00 0.0000e+00 0.0000e+00 -2.1111e+00 1.3164e+01 0.0000e+00 0.0000e+00 0.0000e+00 0.0000e+00 1.2789e+01 -1.9060e-01 0.0000e+00 0.0000e+00 1.9060e-01 1.2750e+01 
50.0 1.3138e+01 -2.1353e+00 0.0000e+00 0.0000e+00 -2.1353e+00 1.2630e+01 0.0000e+00 0.0000e+00 0.0000e+00 0.0000e+00 1.2205e+01 -1.6562e-01 0.0000e+00 0.0000e+00 1.6562e-01 1.2173e+01 
51.0 1.2627e+01 -2.1579e+00 0.0000e+00 0.0000e+00 -2.1579e+00 1.2120e+01 0.0000e+00 0.0000e+00 0.0000e+00 0.0000e+00 1.1647e+01 -1.4130e-01 0.0000e+00 0.0000e+00 1.4130e-01 1.1621e+01 
52.0 1.2140e+01 -2.1789e+00 0.0000e+00 0.0000e+00 -2.1789e+00 1.1635e+01 0.0000e+00 0.0000e+00 0.0000e+00 0.0000e+00 1.1114e+01 -1.1753e-01 0.0000e+00 0.0000e+00 1.1753e-01 1.1095e+01 
53.0 1.1677e+01 -2.1985e+00 0.0000e+00 0.0000e+00 -2.1985e+00 1.1173e+01 0.0000e+00 0.0000e+00 0.0000e+00 0.0000e+00 1.0604e+01 -9.4221e-02 0.0000e+00 0.0000e+00 9.4221e-02 1.0592e+01 
54.0 1.1235e+01 -2.2166e+00 0.0000e+00 0.0000e+00 -2.2166e+00 1.0733e+01 0.0000e+00 0.0000e+00 0.0000e+00 0.0000e+00 1.0117e+01 -7.1329e-02 0.0000e+00 0.0000e+00 7.1329e-02 1.0111e+01 
55.0 1.0815e+01 -2.2332e+00 0.0000e+00 0.0000e+00 -2.2332e+00 1.0314e+01 0.0000e+00 0.0000e+00 0.0000e+00 0.0000e+00 9.6518e+00 -4.8863e-02 0.0000e+00 0.0000e+00 4.8863e-02 9.6513e+00 
56.0 1.0415e+01 -2.2485e+00 0.0000e+00 0.0000e+00 -2.2485e+00 9.9155e+00 0.0000e+00 0.0000e+00 0.0000e+00 0.0000e+00 9.2065e+00 -2.6851e-02 0.0000e+00 0.0000e+00 2.6851e-02 9.2121e+00 
57.0 1.0034e+01 -2.2623e+00 0.0000e+00 0.0000e+00 -2.2623e+00 9.5358e+00 0.0000e+00 0.0000e+00 0.0000e+00 0.0000e+00 8.7805e+00 -5.3024e-03 0.0000e+00 0.0000e+00 5.3024e-03 8.7921e+00 
58.0 9.6712e+00 -2.2747e+00 0.0000e+00 0.0000e+00 -2.2747e+00 9.1740e+00 0.0000e+00 0.0000e+00 0.0000e+00 0.0000e+00 8.3728e+00 1.5800e-02 0.0000e+00 0.0000e+00 -1.5800e-02 8.3903e+00 
59.0 9.3256e+00 -2.2856e+00 0.0000e+00 0.0000e+00 -2.2856e+00 8.8295e+00 0.0000e+00 0.0000e+00 0.0000e+00 0.0000e+00 7.9824e+00 3.6479e-02 0.0000e+00 0.0000e+00 -3.6479e-02 8.0059e+00 
60.0 8.9963e+00 -2.2950e+00 0.0000e+00 0.0000e+00 -2.2950e+00 8.5012e+00 0.0000e+00 0.0000e+00 0.0000e+00 0.0000e+00 7.6085e+00 5.6753e-02 0.0000e+00 0.0000e+00 -5.6753e-02 7.6379e+00 
61.0 8.6826e+00 -2.3031e+00 0.0000e+00 0.0000e+00 -2.3031e+00 8.1884e+00 0.0000e+00 0.0000e+00 0.0000e+00 0.0000e+00 7.2503e+00 7.6630e-02 0.0000e+00 0.0000e+00 -7.6630e-02 7.2855e+00 
62.0 8.3836e+00 -2.3097e+00 0.0000e+00 0.0000e+00 -2.3097e+00 7.8903e+00 0.0000e+00 0.0000e+00 0.0000e+00 0.0000e+00 6.9069e+00 9.6104e-02 0.0000e+00 0.0000e+00 -9.6104e-02 6.9480e+00 
63.0 8.0987e+00 -2.3151e+00 0.0000e+00 0.0000e+00 -2.3151e+00 7.6062e+00 0.0000e+00 0.0000e+00 0.0000e+00 0.0000e+00 6.5779e+00 1.1515e-01 0.0000e+00 0.0000e+00 -1.1515e-01 6.6247e+00 
64.0 7.8272e+00 -2.3191e+00 0.0000e+00 0.0000e+00 -2.3191e+00 7.3355e+00 0.0000e+00 0.0000e+00 0.0000e+00 0.0000e+00 6.2623e+00 1.3373e-01 0.0000e+00 0.0000e+00 -1.3373e-01 6.3150e+00 
65.0 7.5684e+00 -2.3218e+00 0.0000e+00 0.0000e+00 -2.3218e+00 7.0774e+00 0.0000e+00 0.0000e+00 0.0000e+00 0.0000e+00 5.9598e+00 1.5177e-01 0.0000e+00 0.0000e+00 -1.5177e-01 6.0183e+00 
66.0 7.3217e+00 -2.3232e+00 0.0000e+00 0.0000e+00 -2.3232e+00 6.8313e+00 0.0000e+00 0.0000e+00 0.0000e+00 0.0000e+00 5.6694e+00 1.6921e-01 0.0000e+00 0.0000e+00 -1.6921e-01 5.7337e+00 
67.0 7.0864e+00 -2.3232e+00 0.0000e+00 0.0000e+00 -2.3232e+00 6.5966e+00 0.0000e+00 0.0000e+00 0.0000e+00 0.0000e+00 5.3908e+00 1.8603e-01 0.0000e+00 0.0000e+00 -1.8603e-01 5.4609e+00 
68.0 6.8620e+00 -2.3219e+00 0.0000e+00 0.0000e+00 -2.3219e+00 6.3727e+00 0.0000e+00 0.0000e+00 0.0000e+00 0.0000e+00 5.1232e+00 2.0219e-01 0.0000e+00 0.0000e+00 -2.0219e-01 5.1991e+00 
69.0 6.6478e+00 -2.3193e+00 0.0000e+00 0.0000e+00 -2.3193e+00 6.1591e+00 0.0000e+00 0.0000e+00 0.0000e+00 0.0000e+00 4.8662e+00 2.1769e-01 0.0000e+00 0.0000e+00 -2.1769e-01 4.9478e+00 
70.0 6.4435e+00 -2.3153e+00 0.0000e+00 0.0000e+00 -2.3153e+00 5.9551e+00 0.0000e+00 0.0000e+00 0.0000e+00 0.0000e+00 4.6191e+00 2.3253e-01 0.0000e+00 0.0000e+00 -2.3253e-01 4.7065e+00 
71.0 6.2484e+00 -2.3101e+00 0.0000e+00 0.0000e+00 -2.3101e+00 5.7605e+00 0.0000e+00 0.0000e+00 0.0000e+00 0.0000e+00 4.3816e+00 2.4670e-01 0.0000e+00 0.0000e+00 -2.4670e-01 4.4747e+00 
72.0 6.0622e+00 -2.3036e+00 0.0000e+00 0.0000e+00 -2.3036e+00 5.5747e+00 0.0000e+00 0.0000e+00 0.0000e+00 0.0000e+00 4.1531e+00 2.6019e-01 0.0000e+00 0.0000e+00 -2.6019e-01 4.2519e+00 
73.0 5.8843e+00 -2.2958e+00 0.0000e+00 0.0000e+00 -2.2958e+00 5.3972e+00 0.0000e+00 0.0000e+00 0.0000e+00 0.0000e+00 3.9333e+00 2.7298e-01 0.0000e+00 0.0000e+00 -2.7298e-01 4.0378e+00 
74.0 5.7144e+00 -2.2868e+00 0.0000e+00 0.0000e+00 -2.2868e+00 5.2278e+00 0.0000e+00 0.0000e+00 0.0000e+00 0.0000e+00 3.7218e+00 2.8506e-01 0.0000e+00 0.0000e+00 -2.8506e-01 3.8319e+00 
75.0 5.5522e+00 -2.2766e+00 0.0000e+00 0.0000e+00 -2.2766e+00 5.0659e+00 0.0000e+00 0.0000e+00 0.0000e+00 0.0000e+00 3.5181e+00 2.9642e-01 0.0000e+00 0.0000e+00 -2.9642e-01 3.6338e+00 
76.0 5.3972e+00 -2.2652e+00 0.0000e+00 0.0000e+00 -2.2652e+00 4.9113e+00 0.0000e+00 0.0000e+00 0.0000e+00 0.0000e+00 3.3219e+00 3.0709e-01 0.0000e+00 0.0000e+00 -3.0709e-01 3.4432e+00 
77.0 5.2491e+00 -2.2526e+00 0.0000e+00 0.0000e+00 -2.2526e+00 4.7637e+00 0.0000e+00 0.0000e+00 0.0000e+00 0.0000e+00 3.1328e+00 3.1707e-01 0.0000e+00 0.0000e+00 -3.1707e-01 3.2596e+00 
78.0 5.1076e+00 -2.2389e+00 0.0000e+00 0.0000e+00 -2.2389e+00 4.6227e+00 0.0000e+00 0.0000e+00 0.0000e+00 0.0000e+00 2.9506e+00 3.2641e-01 0.0000e+00 0.0000e+00 -3.2641e-01 3.0829e+00 
79.0 4.9725e+00 -2.2240e+00 0.0000e+00 0.0000e+00 -2.2240e+00 4.4880e+00 0.0000e+00 0.0000e+00 0.0000e+00 0.0000e+00 2.7748e+00 3.3513e-01 0.0000e+00 0.0000e+00 -3.3513e-01 2.9126e+00 
80.0 4.8434e+00 -2.2081e+00 0.0000e+00 0.0000e+00 -2.2081e+00 4.3594e+00 0.0000e+00 0.0000e+00 0.0000e+00 0.0000e+00 2.6054e+00 3.4328e-01 0.0000e+00 0.0000e+00 -3.4328e-01 2.7485e+00 
81.0 4.7201e+00 -2.1911e+00 0.0000e+00 0.0000e+00 -2.1911e+00 4.2365e+00 0.0000e+00 0.0000e+00 0.0000e+00 0.0000e+00 2.4419e+00 3.5087e-01 0.0000e+00 0.0000e+00 -3.5087e-01 2.5904e+00 
82.0 4.6023e+00 -2.1732e+00 0.0000e+00 0.0000e+00 -2.1732e+00 4.1193e+00 0.0000e+00 0.0000e+00 0.0000e+00 0.0000e+00 2.2842e+00 3.5792e-01 0.0000e+00 0.0000e+00 -3.5792e-01 2.4379e+00 
83.0 4.4898e+00 -2.1543e+00 0.0000e+00 0.0000e+00 -2.1543e+00 4.0074e+00 0.0000e+00 0.0000e+00 0.0000e+00 0.0000e+00 2.1320e+00 3.6445e-01 0.0000e+00 0.0000e+00 -3.6445e-01 2.2909e+00 
84.0 4.3824e+00 -2.1345e+00 0.0000e+00 0.0000e+00 -2.1345e+00 3.9006e+00 0.0000e+00 0.0000e+00 0.0000e+00 0.0000e+00 1.9850e+00 3.7046e-01 0.0000e+00 0.0000e+00 -3.7046e-01 2.1491e+00 
85.0 4.2799e+00 -2.1139e+00 0.0000e+00 0.0000e+00 -2.1139e+00 3.7987e+00 0.0000e+00 0.0000e+00 0.0000e+00 0.0000e+00 1.8432e+00 3.7597e-01 0.0000e+00 0.0000e+00 -3.7597e-01 2.0124e+00 
86.0 4.1821e+00 -2.0924e+00 0.0000e+00 0.0000e+00 -2.0924e+00 3.7014e+00 0.0000e+00 0.0000e+00 0.0000e+00 0.0000e+00 1.7061e+00 3.8100e-01 0.0000e+00 0.0000e+00 -3.8100e-01 1.8804e+00 
87.0 4.0887e+00 -2.0701e+00 0.0000e+00 0.0000e+00 -2.0701e+00 3.6086e+00 0.0000e+00 0.0000e+00 0.0000e+00 0.0000e+00 1.5737e+00 3.8556e-01 0.0000e+00 0.0000e+00 -3.8556e-01 1.7530e+00 
88.0 3.9995e+00 -2.0470e+00 0.0000e+00 0.0000e+00 -2.0470e+00 3.5201e+00 0.0000e+00 0.0000e+00 0.0000e+00 0.0000e+00 1.4458e+00 3.8965e-01 0.0000e+00 0.0000e+00 -3.8965e-01 1.6300e+00 
89.0 3.9145e+00 -2.0232e+00 0.0000e+00 0.0000e+00 -2.0232e+00 3.4357e+00 0.0000e+00 0.0000e+00 0.0000e+00 0.0000e+00 1.3221e+00 3.9330e-01 0.0000e+00 0.0000e+00 -3.9330e-01 1.5112e+00 
90.0 3.8333e+00 -1.9988e+00 0.0000e+00 0.0000e+00 -1.9988e+00 3.3552e+00 0.0000e+00 0.0000e+00 0.0000e+00 0.0000e+00 1.2026e+00 3.9651e-01 0.0000e+00 0.0000e+00 -3.9651e-01 1.3964e+00 
91.0 3.7560e+00 -1.9737e+00 0.0000e+00 0.0000e+00 -1.9737e+00 3.2785e+00 0.0000e+00 0.0000e+00 0.0000e+00 0.0000e+00 1.0870e+00 3.9930e-01 0.0000e+00 0.0000e+00 -3.9930e-01 1.2856e+00 
92.0 3.6822e+00 -1.9479e+00 0.0000e+00 0.0000e+00 -1.9479e+00 3.2054e+00 0.0000e+00 0.0000e+00 0.0000e+00 0.0000e+00 9.7521e-01 4.0168e-01 0.0000e+00 0.0000e+00 -4.0168e-01 1.1784e+00 
93.0 3.6119e+00 -1.9216e+00 0.0000e+00 0.0000e+00 -1.9216e+00 3.1358e+00 0.0000e+00 0.0000e+00 0.0000e+00 0.0000e+00 8.6711e-01 4.0365e-01 0.0000e+00 0.0000e+00 -4.0365e-01 1.0748e+00 
94.0 3.5449e+00 -1.8948e+00 0.0000e+00 0.0000e+00 -1.8948e+00 3.0696e+00 0.0000e+00 0.0000e+00 0.0000e+00 0.0000e+00 7.6254e-01 4.0523e-01 0.0000e+00 0.0000e+00 -4.0523e-01 9.7471e-01 
95.0 3.4812e+00 -1.8673e+00 0.0000e+00 0.0000e+00 -1.8673e+00 3.0066e+00 0.0000e+00 0.0000e+00 0.0000e+00 0.0000e+00 6.6136e-01 4.0642e-01 0.0000e+00 0.0000e+00 -4.0642e-01 8.7785e-01 
96.0 3.4205e+00 -1.8394e+00 0.0000e+00 0.0000e+00 -1.8394e+00 2.9467e+00 0.0000e+00 0.0000e+00 0.0000e+00 0.0000e+00 5.6346e-01 4.0725e-01 0.0000e+00 0.0000e+00 -4.0725e-01 7.8414e-01 
97.0 3.3627e+00 -1.8110e+00 0.0000e+00 0.0000e+00 -1.8110e+00 2.8899e+00 0.0000e+00 0.0000e+00 0.0000e+00 0.0000e+00 4.6871e-01 4.0773e-01 0.0000e+00 0.0000e+00 -4.0773e-01 6.9345e-01 
98.0 3.3078e+00 -1.7821e+00 0.0000e+00 0.0000e+00 -1.7821e+00 2.8359e+00 0.0000e+00 0.0000e+00 0.0000e+00 0.0000e+00 3.7701e-01 4.0787e-01 0.0000e+00 0.0000e+00 -4.0787e-01 6.0567e-01 
99.0 3.2556e+00 -1.7528e+00 0.0000e+00 0.0000e+00 -1.7528e+00 2.7847e+00 0.0000e+00 0.0000e+00 0.0000e+00 0.0000e+00 2.8824e-01 4.0768e-01 0.0000e+00 0.0000e+00 -4.0768e-01 5.2067e-01 
100.0 3.2060e+00 -1.7231e+00 0.0000e+00 0.0000e+00 -1.7231e+00 2.7362e+00 0.0000e+00 0.0000e+00 0.0000e+00 0.0000e+00 2.0231e-01 4.0719e-01 0.0000e+00 0.0000e+00 -4.0719e-01 4.3834e-01 
101.0 3.1589e+00 -1.6929e+00 0.0000e+00 0.0000e+00 -1.6929e+00 2.6903e+00 0.0000e+00 0.0000e+00 0.0000e+00 0.0000e+00 1.1910e-01 4.0641e-01 0.0000e+00 0.0000e+00 -4.0641e-01 3.5857e-01 
102.0 3.1143e+00 -1.6624e+00 0.0000e+00 0.0000e+00 -1.6624e+00 2.6469e+00 0.0000e+00 0.0000e+00 0.0000e+00 0.0000e+00 3.8534e-02 4.0535e-01 0.0000e+00 0.0000e+00 -4.0535e-01 2.8128e-01 
103.0 3.0720e+00 -1.6314e+00 0.0000e+00 0.0000e+00 -1.6314e+00 2.6059e+00 0.0000e+00 0.0000e+00 0.0000e+00 0.0000e+00 -3.9492e-02 4.0402e-01 0.0000e+00 0.0000e+00 -4.0402e-01 2.0635e-01 
104.0 3.0320e+00 -1.6002e+00 0.0000e+00 0.0000e+00 -1.6002e+00 2.5673e+00 0.0000e+00 0.0000e+00 0.0000e+00 0.0000e+00 -1.1507e-01 4.0244e-01 0.0000e+00 0.0000e+00 -4.0244e-01 1.3370e-01 
105.0 2.9941e+00 -1.5686e+00 0.0000e+00 0.0000e+00 -1.5686e+00 2.5309e+00 0.0000e+00 0.0000e+00 0.0000e+00 0.0000e+00 -1.8828e-01 4.0062e-01 0.0000e+00 0.0000e+00 -4.0062e-01 6.3240e-02 
106.0 2.9583e+00 -1.5367e+00 0.0000e+00 0.0000e+00 -1.5367e+00 2.4967e+00 0.0000e+00 0.0000e+00 0.0000e+00 0.0000e+00 -2.5921e-01 3.9859e-01 0.0000e+00 0.0000e+00 -3.9859e-01 -5.1170e-03 
107.0 2.9245e+00 -1.5045e+00 0.0000e+00 0.0000e+00 -1.5045e+00 2.4645e+00 0.0000e+00 0.0000e+00 0.0000e+00 0.0000e+00 -3.2796e-01 3.9636e-01 0.0000e+00 0.0000e+00 -3.9636e-01 -7.1447e-02 
108.0 2.8926e+00 -1.4721e+00 0.0000e+00 0.0000e+00 -1.4721e+00 2.4344e+00 0.0000e+00 0.0000e+00 0.0000e+00 0.0000e+00 -3.9458e-01 3.9394e-01 0.0000e+00 0.0000e+00 -3.9394e-01 -1.3582e-01 
109.0 2.8626e+00 -1.4393e+00 0.0000e+00 0.0000e+00 -1.4393e+00 2.4062e+00 0.0000e+00 0.0000e+00 0.0000e+00 0.0000e+00 -4.5915e-01 3.9136e-01 0.0000e+00 0.0000e+00 -3.9136e-01 -1.9831e-01 
110.0 2.8344e+00 -1.4064e+00 0.0000e+00 0.0000e+00 -1.4064e+00 2.3799e+00 0.0000e+00 0.0000e+00 0.0000e+00 0.0000e+00 -5.2176e-01 3.8864e-01 0.0000e+00 0.0000e+00 -3.8864e-01 -2.5899e-01 
111.0 2.8080e+00 -1.3732e+00 0.0000e+00 0.0000e+00 -1.3732e+00 2.3553e+00 0.0000e+00 0.0000e+00 0.0000e+00 0.0000e+00 -5.8245e-01 3.8580e-01 0.0000e+00 0.0000e+00 -3.8580e-01 -3.1790e-01 
112.0 2.7832e+00 -1.3398e+00 0.0000e+00 0.0000e+00 -1.3398e+00 2.3326e+00 0.0000e+00 0.0000e+00 0.0000e+00 0.0000e+00 -6.4130e-01 3.8286e-01 0.0000e+00 0.0000e+00 -3.8286e-01 -3.7511e-01 
113.0 2.7600e+00 -1.3063e+00 0.0000e+00 0.0000e+00 -1.3063e+00 2.3114e+00 0.0000e+00 0.0000e+00 0.0000e+00 0.0000e+00 -6.9838e-01 3.7982e-01 0.0000e+00 0.0000e+00 -3.7982e-01 -4.3067e-01 
114.0 2.7384e+00 -1.2727e+00 0.0000e+00 0.0000e+00 -1.2727e+00 2.2919e+00 0.0000e+00 0.0000e+00 0.0000e+00 0.0000e+00 -7.5373e-01 3.7671e-01 0.0000e+00 0.0000e+00 -3.7671e-01 -4.8465e-01 
115.0 2.7183e+00 -1.2390e+00 0.0000e+00 0.0000e+00 -1.2390e+00 2.2739e+00 0.0000e+00 0.0000e+00 0.0000e+00 0.0000e+00 -8.0741e-01 3.7353e-01 0.0000e+00 0.0000e+00 -3.7353e-01 -5.3709e-01 
116.0 2.6996e+00 -1.2052e+00 0.0000e+00 0.0000e+00 -1.2052e+00 2.2574e+00 0.0000e+00 0.0000e+00 0.0000e+00 0.0000e+00 -8.5949e-01 3.7031e-01 0.0000e+00 0.0000e+00 -3.7031e-01 -5.8804e-01 
117.0 2.6823e+00 -1.1714e+00 0.0000e+00 0.0000e+00 -1.1714e+00 2.2424e+00 0.0000e+00 0.0000e+00 0.0000e+00 0.0000e+00 -9.1002e-01 3.6705e-01 0.0000e+00 0.0000e+00 -3.6705e-01 -6.3754e-01 
118.0 2.6664e+00 -1.1377e+00 0.0000e+00 0.0000e+00 -1.1377e+00 2.2287e+00 0.0000e+00 0.0000e+00 0.0000e+00 0.0000e+00 -9.5903e-01 3.6375e-01 0.0000e+00 0.0000e+00 -3.6375e-01 -6.8564e-01 
119.0 2.6518e+00 -1.1039e+00 0.0000e+00 0.0000e+00 -1.1039e+00 2.2163e+00 0.0000e+00 0.0000e+00 0.0000e+00 0.0000e+00 -1.0066e+00 3.6044e-01 0.0000e+00 0.0000e+00 -3.6044e-01 -7.3236e-01 
120.0 2.6384e+00 -1.0703e+00 0.0000e+00 0.0000e+00 -1.0703e+00 2.2052e+00 0.0000e+00 0.0000e+00 0.0000e+00 0.0000e+00 -1.0527e+00 3.5709e-01 0.0000e+00 0.0000e+00 -3.5709e-01 -7.7774e-01 
121.0 2.6263e+00 -1.0368e+00 0.0000e+00 0.0000e+00 -1.0368e+00 2.1953e+00 0.0000e+00 0.0000e+00 0.0000e+00 0.0000e+00 -1.0974e+00 3.5371e-01 0.0000e+00 0.0000e+00 -3.5371e-01 -8.2182e-01 
122.0 2.6153e+00 -1.0035e+00 0.0000e+00 0.0000e+00 -1.0035e+00 2.1866e+00 0.0000e+00 0.0000e+00 0.0000e+00 0.0000e+00 -1.1409e+00 3.5027e-01 0.0000e+00 0.0000e+00 -3.5027e-01 -8.6463e-01 
123.0 2.6054e+00 -9.7031e-01 0.0000e+00 0.0000e+00 -9.7031e-01 2.1789e+00 0.0000e+00 0.0000e+00 0.0000e+00 0.0000e+00 -1.1830e+00 3.4675e-01 0.0000e+00 0.0000e+00 -3.4675e-01 -9.0621e-01 
124.0 2.5965e+00 -9.3736e-01 0.0000e+00 0.0000e+00 -9.3736e-01 2.1723e+00 0.0000e+00 0.0000e+00 0.0000e+00 0.0000e+00 -1.2239e+00 3.4313e-01 0.0000e+00 0.0000e+00 -3.4313e-01 -9.4660e-01 
125.0 2.5886e+00 -9.0464e-01 0.0000e+00 0.0000e+00 -9.0464e-01 2.1666e+00 0.0000e+00 0.0000e+00 0.0000e+00 0.0000e+00 -1.2636e+00 3.3942e-01 0.0000e+00 0.0000e+00 -3.3942e-01 -9.8583e-01 
126.0 2.5817e+00 -8.7217e-01 0.0000e+00 0.0000e+00 -8.7217e-01 2.1618e+00 0.0000e+00 0.0000e+00 0.0000e+00 0.0000e+00 -1.3022e+00 3.3558e-01 0.0000e+00 0.0000e+00 -3.3558e-01 -1.0239e+00 
127.0 2.5757e+00 -8.3997e-01 0.0000e+00 0.0000e+00 -8.3997e-01 2.1579e+00 0.0000e+00 0.0000e+00 0.0000e+00 0.0000e+00 -1.3396e+00 3.3162e-01 0.0000e+00 0.0000e+00 -3.3162e-01 -1.0610e+00 
128.0 2.5706e+00 -8.0805e-01 0.0000e+00 0.0000e+00 -8.0805e-01 2.1549e+00 0.0000e+00 0.0000e+00 0.0000e+00 0.0000e+00 -1.3760e+00 3.2752e-01 0.0000e+00 0.0000e+00 -3.2752e-01 -1.0969e+00 
129.0 2.5663e+00 -7.7643e-01 0.0000e+00 0.0000e+00 -7.7643e-01 2.1526e+00 0.0000e+00 0.0000e+00 0.0000e+00 0.0000e+00 -1.4114e+00 3.2327e-01 0.0000e+00 0.0000e+00 -3.2327e-01 -1.1319e+00 
130.0 2.5628e+00 -7.4513e-01 0.0000e+00 0.0000e+00 -7.4513e-01 2.1511e+00 0.0000e+00 0.0000e+00 0.0000e+00 0.0000e+00 -1.4457e+00 3.1884e-01 0.0000e+00 0.0000e+00 -3.1884e-01 -1.1659e+00 
131.0 2.5600e+00 -7.1415e-01 0.0000e+00 0.0000e+00 -7.1415e-01 2.1502e+00 0.0000e+00 0.0000e+00 0.0000e+00 0.0000e+00 -1.4791e+00 3.1424e-01 0.0000e+00 0.0000e+00 -3.1424e-01 -1.1989e+00 
132.0 2.5579e+00 -6.8349e-01 0.0000e+00 0.0000e+00 -6.8349e-01 2.1501e+00 0.0000e+00 0.0000e+00 0.0000e+00 0.0000e+00 -1.5116e+00 3.0945e-01 0.0000e+00 0.0000e+00 -3.0945e-01 -1.2311e+00 
133.0 2.5565e+00 -6.5316e-01 0.0000e+00 0.0000e+00 -6.5316e-01 2.1507e+00 0.0000e+00 0.0000e+00 0.0000e+00 0.0000e+00 -1.5432e+00 3.0448e-01 0.0000e+00 0.0000e+00 -3.0448e-01 -1.2624e+00 
134.0 2.5558e+00 -6.2315e-01 0.0000e+00 0.0000e+00 -6.2315e-01 2.1519e+00 0.0000e+00 0.0000e+00 0.0000e+00 0.0000e+00 -1.5738e+00 2.9935e-01 0.0000e+00 0.0000e+00 -2.9935e-01 -1.2929e+00 
135.0 2.5558e+00 -5.9346e-01 0.0000e+00 0.0000e+00 -5.9346e-01 2.1537e+00 0.0000e+00 0.0000e+00 0.0000e+00 0.0000e+00 -1.6037e+00 2.9406e-01 0.0000e+00 0.0000e+00 -2.9406e-01 -1.3225e+00 
136.0 2.5564e+00 -5.6412e-01 0.0000e+00 0.0000e+00 -5.6412e-01 2.1562e+00 0.0000e+00 0.0000e+00 0.0000e+00 0.0000e+00 -1.6327e+00 2.8860e-01 0.0000e+00 0.0000e+00 -2.8860e-01 -1.3515e+00 
137.0 2.5576e+00 -5.3511e-01 0.0000e+00 0.0000e+00 -5.3511e-01 2.1593e+00 0.0000e+00 0.0000e+00 0.0000e+00 0.0000e+00 -1.6610e+00 2.8298e-01 0.0000e+00 0.0000e+00 -2.8298e-01 -1.3797e+00 
138.0 2.5594e+00 -5.0644e-01 0.0000e+00 0.0000e+00 -5.0644e-01 2.1631e+00 0.0000e+00 0.0000e+00 0.0000e+00 0.0000e+00 -1.6884e+00 2.7722e-01 0.0000e+00 0.0000e+00 -2.7722e-01 -1.4072e+00 
139.0 2.5618e+00 -4.7812e-01 0.0000e+00 0.0000e+00 -4.7812e-01 2.1674e+00 0.0000e+00 0.0000e+00 0.0000e+00 0.0000e+00 -1.7152e+00 2.7132e-01 0.0000e+00 0.0000e+00 -2.7132e-01 -1.4340e+00 
140.0 2.5648e+00 -4.5013e-01 0.0000e+00 0.0000e+00 -4.5013e-01 2.1724e+00 0.0000e+00 0.0000e+00 0.0000e+00 0.0000e+00 -1.7411e+00 2.6529e-01 0.0000e+00 0.0000e+00 -2.6529e-01 -1.4602e+00 
141.0 2.5684e+00 -4.2250e-01 0.0000e+00 0.0000e+00 -4.2250e-01 2.1780e+00 0.0000e+00 0.0000e+00 0.0000e+00 0.0000e+00 -1.7664e+00 2.5918e-01 0.0000e+00 0.0000e+00 -2.5918e-01 -1.4858e+00 
142.0 2.5725e+00 -3.9522e-01 0.0000e+00 0.0000e+00 -3.9522e-01 2.1842e+00 0.0000e+00 0.0000e+00 0.0000e+00 0.0000e+00 -1.7909e+00 2.5299e-01 0.0000e+00 0.0000e+00 -2.5299e-01 -1.5107e+00 
143.0 2.5772e+00 -3.6830e-01 0.0000e+00 0.0000e+00 -3.6830e-01 2.1911e+00 0.0000e+00 0.0000e+00 0.0000e+00 0.0000e+00 -1.8147e+00 2.4674e-01 0.0000e+00 0.0000e+00 -2.4674e-01 -1.5351e+00 
144.0 2.5825e+00 -3.4174e-01 0.0000e+00 0.0000e+00 -3.4174e-01 2.1986e+00 0.0000e+00 0.0000e+00 0.0000e+00 0.0000e+00 -1.8379e+00 2.4043e-01 0.0000e+00 0.0000e+00 -2.4043e-01 -1.5589e+00 
145.0 2.5883e+00 -3.1556e-01 0.0000e+00 0.0000e+00 -3.1556e-01 2.2066e+00 0.0000e+00 0.0000e+00 0.0000e+00 0.0000e+00 -1.8603e+00 2.3405e-01 0.0000e+00 0.0000e+00 -2.3405e-01 -1.5821e+00 
146.0 2.5946e+00 -2.8977e-01 0.0000e+00 0.0000e+00 -2.8977e-01 2.2153e+00 0.0000e+00 0.0000e+00 0.0000e+00 0.0000e+00 -1.8821e+00 2.2756e-01 0.0000e+00 0.0000e+00 -2.2756e-01 -1.6047e+00 
147.0 2.6014e+00 -2.6438e-01 0.0000e+00 0.0000e+00 -2.6438e-01 2.2244e+00 0.0000e+00 0.0000e+00 0.0000e+00 0.0000e+00 -1.9033e+00 2.2095e-01 0.0000e+00 0.0000e+00 -2.2095e-01 -1.6269e+00 
148.0 2.6086e+00 -2.3939e-01 0.0000e+00 0.0000e+00 -2.3939e-01 2.2341e+00 0.0000e+00 0.0000e+00 0.0000e+00 0.0000e+00 -1.9239e+00 2.1421e-01 0.0000e+00 0.0000e+00 -2.1421e-01 -1.6485e+00 
149.0 2.6165e+00 -2.1480e-01 0.0000e+00 0.0000e+00 -2.1480e-01 2.2444e+00 0.0000e+00 0.0000e+00 0.0000e+00 0.0000e+00 -1.9440e+00 2.0736e-01 0.0000e+00 0.0000e+00 -2.0736e-01 -1.6696e+00 
150.0 2.6250e+00 -1.9060e-01 0.0000e+00 0.0000e+00 -1.9060e-01 2.2554e+00 0.0000e+00 0.0000e+00 0.0000e+00 0.0000e+00 -1.9634e+00 2.0039e-01 0.0000e+00 0.0000e+00 -2.0039e-01 -1.6902e+00 
151.0 2.6340e+00 -1.6684e-01 0.0000e+00 0.0000e+00 -1.6684e-01 2.2670e+00 0.0000e+00 0.0000e+00 0.0000e+00 0.0000e+00 -1.9823e+00 1.9330e-01 0.0000e+00 0.0000e+00 -1.9330e-01 -1.7104e+00 
152.0 2.6437e+00 -1.4354e-01 0.0000e+00 0.0000e+00 -1.4354e-01 2.2792e+00 0.0000e+00 0.0000e+00 0.0000e+00 0.0000e+00 -2.0007e+00 1.8601e-01 0.0000e+00 0.0000e+00 -1.8601e-01 -1.7301e+00 
153.0 2.6538e+00 -1.2080e-01 0.0000e+00 0.0000e+00 -1.2080e-01 2.2919e+00 0.0000e+00 0.0000e+00 0.0000e+00 0.0000e+00 -2.0186e+00 1.7837e-01 0.0000e+00 0.0000e+00 -1.7837e-01 -1.7495e+00 
154.0 2.6643e+00 -9.8705e-02 0.0000e+00 0.0000e+00 -9.8705e-02 2.3051e+00 0.0000e+00 0.0000e+00 0.0000e+00 0.0000e+00 -2.0362e+00 1.7020e-01 0.0000e+00 0.0000e+00 -1.7020e-01 -1.7686e+00 
155.0 2.6751e+00 -7.7389e-02 0.0000e+00 0.0000e+00 -7.7389e-02 2.3184e+00 0.0000e+00 0.0000e+00 0.0000e+00 0.0000e+00 -2.0534e+00 1.6132e-01 0.0000e+00 0.0000e+00 -1.6132e-01 -1.7874e+00 
156.0 2.6859e+00 -5.7016e-02 0.0000e+00 0.0000e+00 -5.7016e-02 2.3319e+00 0.0000e+00 0.0000e+00 0.0000e+00 0.0000e+00 -2.0704e+00 1.5151e-01 0.0000e+00 0.0000e+00 -1.5151e-01 -1.8061e+00 
157.0 2.6968e+00 -3.7788e-02 0.0000e+00 0.0000e+00 -3.7788e-02 2.3453e+00 0.0000e+00 0.0000e+00 0.0000e+00 0.0000e+00 -2.0872e+00 1.4056e-01 0.0000e+00 0.0000e+00 -1.4056e-01 -1.8246e+00 
158.0 2.7074e+00 -1.9946e-02 0.0000e+00 0.0000e+00 -1.9946e-02 2.3585e+00 0.0000e+00 0.0000e+00 0.0000e+00 0.0000e+00 -2.1041e+00 1.2827e-01 0.0000e+00 0.0000e+00 -1.2827e-01 -1.8429e+00 
159.0 2.7177e+00 -3.7462e-03 0.0000e+00 0.0000e+00 -3.7462e-03 2.3710e+00 0.0000e+00 0.0000e+00 0.0000e+00 0.0000e+00 -2.1210e+00 1.1440e-01 0.0000e+00 0.0000e+00 -1.1440e-01 -1.8609e+00 
160.0 2.7275e+00 1.0568e-02 0.0000e+00 0.0000e+00 1.0568e-02 2.3826e+00 0.0000e+00 0.0000e+00 0.0000e+00 0.0000e+00 -2.1382e+00 9.8758e-02 0.0000e+00 0.0000e+00 -9.8758e-02 -1.8786e+00 
161.0 2.7370e+00 2.2811e-02 0.0000e+00 0.0000e+00 2.2811e-02 2.3931e+00 0.0000e+00 0.0000e+00 0.0000e+00 0.0000e+00 -2.1558e+00 8.1235e-02 0.0000e+00 0.0000e+00 -8.1235e-02 -1.8960e+00 
162.0 2.7464e+00 3.2864e-02 0.0000e+00 0.0000e+00 3.2864e-02 2.4026e+00 0.0000e+00 0.0000e+00 0.0000e+00 0.0000e+00 -2.1741e+00 6.1867e-02 0.0000e+00 0.0000e+00 -6.1867e-02 -1.9128e+00 
163.0 2.7562e+00 4.0655e-02 0.0000e+00 0.0000e+00 4.0655e-02 2.4111e+00 0.0000e+00 0.0000e+00 0.0000e+00 0.0000e+00 -2.1934e+00 4.0844e-02 0.0000e+00 0.0000e+00 -4.0844e-02 -1.9289e+00 
164.0 2.7670e+00 4.6143e-02 0.0000e+00 0.0000e+00 4.6143e-02 2.4189e+00 0.0000e+00 0.0000e+00 0.0000e+00 0.0000e+00 -2.2142e+00 1.8501e-02 0.0000e+00 0.0000e+00 -1.8501e-02 -1.9443e+00 
165.0 2.7795e+00 4.9315e-02 0.0000e+00 0.0000e+00 4.9315e-02 2.4263e+00 0.0000e+00 0.0000e+00 0.0000e+00 0.0000e+00 -2.2368e+00 -4.6888e-03 0.0000e+00 0.0000e+00 4.6888e-03 -1.9587e+00 
166.0 2.7947e+00 5.0209e-02 0.0000e+00 0.0000e+00 5.0209e-02 2.4336e+00 0.0000e+00 0.0000e+00 0.0000e+00 0.0000e+00 -2.2618e+00 -2.8120e-02 0.0000e+00 0.0000e+00 2.8120e-02 -1.9721e+00 
167.0 2.8138e+00 4.8887e-02 0.0000e+00 0.0000e+00 4.8887e-02 2.4415e+00 0.0000e+00 0.0000e+00 0.0000e+00 0.0000e+00 -2.2897e+00 -5.1065e-02 0.0000e+00 0.0000e+00 5.1065e-02 -1.9843e+00 
168.0 2.8378e+00 4.5469e-02 0.0000e+00 0.0000e+00 4.5469e-02 2.4506e+00 0.0000e+00 0.0000e+00 0.0000e+00 0.0000e+00 -2.3210e+00 -7.2668e-02 0.0000e+00 0.0000e+00 7.2668e-02 -1.9951e+00 
169.0 2.8680e+00 4.0149e-02 0.0000e+00 0.0000e+00 4.0149e-02 2.4615e+00 0.0000e+00 0.0000e+00 0.0000e+00 0.0000e+00 -2.3562e+00 -9.1918e-02 0.0000e+00 0.0000e+00 9.1918e-02 -2.0043e+00 
170.0 2.9059e+00 3.3225e-02 0.0000e+00 0.0000e+00 3.3225e-02 2.4750e+00 0.0000e+00 0.0000e+00 0.0000e+00 0.0000e+00 -2.3958e+00 -1.0763e-01 0.0000e+00 0.0000e+00 1.0763e-01 -2.0119e+00 
171.0 2.9529e+00 2.5173e-02 0.0000e+00 0.0000e+00 2.5173e-02 2.4920e+00 0.0000e+00 0.0000e+00 0.0000e+00 0.0000e+00 -2.4401e+00 -1.1835e-01 0.0000e+00 0.0000e+00 1.1835e-01 -2.0175e+00 
172.0 3.0105e+00 1.6698e-02 0.0000e+00 0.0000e+00 1.6698e-02 2.5137e+00 0.0000e+00 0.0000e+00 0.0000e+00 0.0000e+00 -2.4891e+00 -1.2241e-01 0.0000e+00 0.0000e+00 1.2241e-01 -2.0211e+00 
173.0 3.0793e+00 8.7262e-03 0.0000e+00 0.0000e+00 8.7262e-03 2.5411e+00 0.0000e+00 0.0000e+00 0.0000e+00 0.0000e+00 -2.5423e+00 -1.1827e-01 0.0000e+00 0.0000e+00 1.1827e-01 -2.0227e+00 
174.0 3.1589e+00 2.2697e-03 0.0000e+00 0.0000e+00 2.2697e-03 2.5747e+00 0.0000e+00 0.0000e+00 0.0000e+00 0.0000e+00 -2.5983e+00 -1.0503e-01 0.0000e+00 0.0000e+00 1.0503e-01 -2.0225e+00 
175.0 3.2458e+00 -1.8329e-03 0.0000e+00 0.0000e+00 -1.8329e-03 2.6135e+00 0.0000e+00 0.0000e+00 0.0000e+00 0.0000e+00 -2.6543e+00 -8.3397e-02 0.0000e+00 0.0000e+00 8.3397e-02 -2.0208e+00 
176.0 3.3329e+00 -3.2362e-03 0.0000e+00 0.0000e+00 -3.2362e-03 2.6545e+00 0.0000e+00 0.0000e+00 0.0000e+00 0.0000e+00 -2.7063e+00 -5.6267e-02 0.0000e+00 0.0000e+00 5.6267e-02 -2.0181e+00 
177.0 3.4097e+00 -2.4308e-03 0.0000e+00 0.0000e+00 -2.4308e-03 2.6921e+00 0.0000e+00 0.0000e+00 0.0000e+00 0.0000e+00 -2.7493e+00 -2.8948e-02 0.0000e+00 0.0000e+00 2.8948e-02 -2.0150e+00 
178.0 3.4636e+00 -8.0321e-04 0.0000e+00 0.0000e+00 -8.0321e-04 2.7193e+00 0.0000e+00 0.0000e+00 0.0000e+00 0.0000e+00 -2.7780e+00 -8.2407e-03 0.0000e+00 0.0000e+00 8.2407e-03 -2.0126e+00 
179.0 3.4839e+00 -1.9527e-21 0.0000e+00 0.0000e+00 -1.9527e-21 2.7297e+00 0.0000e+00 0.0000e+00 0.0000e+00 0.0000e+00 -2.7885e+00 -1.5439e-19 0.0000e+00 0.0000e+00 1.5439e-19 -2.0117e+00 
180.0 3.5037e+00 0.0000e+00 0.0000e+00 0.0000e+00 0.0000e+00 2.7396e+00 0.0000e+00 0.0000e+00 0.0000e+00 0.0000e+00 -2.7986e+00 0.0000e+00 0.0000e+00 0.0000e+00 -0.0000e+00 -2.0108e+00 
