1.1053 1.5724 0.4671 0.057391
theta s11 s12 s13 s14 s21 s22 s23 s24 s31 s32 s33 s34 s41 s42 s43 s44
0.0 7.4263e+02 0.0000e+00 0.0000e+00 0.0000e+00 0.0000e+00 7.4189e+02 0.0000e+00 0.0000e+00 0.0000e+00 0.0000e+00 7.4189e+02 0.0000e+00 0.0000e+00 0.0000e+00 -0.0000e+00 7.4114e+02 
1.0 6.9489e+02 -1.2596e-02 0.0000e+00 0.0000e+00 -1.2596e-02 6.9415e+02 0.0000e+00 0.0000e+00 0.0000e+00 0.0000e+00 6.9415e+02 -2.1820e-01 0.0000e+00 0.0000e+00 2.1820e-01 6.9340e+02 
2.0 6.2335e+02 -2.6798e-02 0.0000e+00 0.0000e+00 -2.6798e-02 6.2261e+02 0.0000e+00 0.0000e+00 0.0000e+00 0.0000e+00 6.2261e+02 -7.9044e-01 0.0000e+00 0.0000e+00 7.9044e-01 6.2188e+02 
3.0 5.5624e+02 -3.1394e-02 0.0000e+00 0.0000e+00 -3.1394e-02 5.5551e+02 0.0000e+00 0.0000e+00 0.0000e+00 0.0000e+00 5.5551e+02 -1.5419e+00 0.0000e+00 0.0000e+00 1.5419e+00 5.5479e+02 
4.0 4.9378e+02 -2.9423e-02 0.0000e+00 0.0000e+00 -2.9423e-02 4.9307e+02 0.0000e+00 0.0000e+00 0.0000e+00 0.0000e+00 4.9306e+02 -2.3209e+00 0.0000e+00 0.0000e+00 2.3209e+00 4.9236e+02 
5.0 4.3675e+02 -2.8069e-02 0.0000e+00 0.0000e+00 -2.8069e-02 4.3605e+02 0.0000e+00 0.0000e+00 0.0000e+00 0.0000e+00 4.3602e+02 -3.0342e+00 0.0000e+00 0.0000e+00 3.0342e+00 4.3535e+02 
6.0 3.8549e+02 -3.5319e-02 0.0000e+00 0.0000e+00 -3.5319e-02 3.8482e+02 0.0000e+00 0.0000e+00 0.0000e+00 0.0000e+00 3.8477e+02 -3.6279e+00 0.0000e+00 0.0000e+00 3.6279e+00 3.8412e+02 
7.0 3.4003e+02 -5.7355e-02 0.0000e+00 0.0000e+00 -5.7355e-02 3.3937e+02 0.0000e+00 0.0000e+00 0.0000e+00 0.0000e+00 3.3930e+02 -4.0775e+00 0.0000e+00 0.0000e+00 4.0775e+00 3.3868e+02 
8.0 3.0011e+02 -9.7207e-02 0.0000e+00 0.0000e+00 -9.7207e-02 2.9947e+02 0.0000e+00 0.0000e+00 0.0000e+00 0.0000e+00 2.9937e+02 -4.3822e+00 0.0000e+00 0.0000e+00 4.3822e+00 2.9878e+02 
9.0 2.6530e+02 -1.5515e-01 0.0000e+00 0.0000e+00 -1.5515e-01 2.6468e+02 0.0000e+00 0.0000e+00 0.0000e+00 0.0000e+00 2.6455e+02 -4.5556e+00 0.0000e+00 0.0000e+00 4.5556e+00 2.6399e+02 
10.0 2.3511e+02 -2.2950e-01 0.0000e+00 0.0000e+00 -2.2950e-01 2.3451e+02 0.0000e+00 0.0000e+00 0.0000e+00 0.0000e+00 2.3435e+02 -4.6184e+00 0.0000e+00 0.0000e+00 4.6184e+00 2.3381e+02 
11.0 2.0902e+02 -3.1755e-01 0.0000e+00 0.0000e+00 -3.1755e-01 2.0844e+02 0.0000e+00 0.0000e+00 0.0000e+00 0.0000e+00 2.0826e+02 -4.5934e+00 0.0000e+00 0.0000e+00 4.5934e+00 2.0774e+02 
12.0 1.8655e+02 -4.1639e-01 0.0000e+00 0.0000e+00 -4.1639e-01 1.8598e+02 0.0000e+00 0.0000e+00 0.0000e+00 0.0000e+00 1.8577e+02 -4.5025e+00 0.0000e+00 0.0000e+00 4.5025e+00 1.8528e+02 
13.0 1.6720e+02 -5.2356e-01 0.0000e+00 0.0000e+00 -5.2356e-01 1.6665e+02 0.0000e+00 0.0000e+00 0.0000e+00 0.0000e+00 1.6641e+02 -4.3646e+00 0.0000e+00 0.0000e+00 4.3646e+00 1.6594e+02 
14.0 1.5057e+02 -6.3703e-01 0.0000e+00 0.0000e+00 -6.3703e-01 1.5003e+02 0.0000e+00 0.0000e+00 0.0000e+00 0.0000e+00 1.4976e+02 -4.1950e+00 0.0000e+00 0.0000e+00 4.1950e+00 1.4932e+02 
15.0 1.3623e+02 -7.5590e-01 0.0000e+00 0.0000e+00 -7.5590e-01 1.3571e+02 0.0000e+00 0.0000e+00 0.0000e+00 0.0000e+00 1.3542e+02 -4.0055e+00 0.0000e+00 0.0000e+00 4.0055e+00 1.3499e+02 
16.0 1.2383e+02 -8.7954e-01 0.0000e+00 0.0000e+00 -8.7954e-01 1.2332e+02 0.0000e+00 0.0000e+00 0.0000e+00 0.0000e+00 1.2301e+02 -3.8046e+00 0.0000e+00 0.0000e+00 3.8046e+00 1.2260e+02 
17.0 1.1306e+02 -1.0077e+00 0.0000e+00 0.0000e+00 -1.0077e+00 1.1256e+02 0.0000e+00 0.0000e+00 0.0000e+00 0.0000e+00 1.1223e+02 -3.5984e+00 0.0000e+00 0.0000e+00 3.5984e+00 1.1184e+02 
18.0 1.0365e+02 -1.1403e+00 0.0000e+00 0.0000e+00 -1.1403e+00 1.0316e+02 0.0000e+00 0.0000e+00 0.0000e+00 0.0000e+00 1.0281e+02 -3.3913e+00 0.0000e+00 0.0000e+00 3.3913e+00 1.0244e+02 
19.0 9.5378e+01 -1.2772e+00 0.0000e+00 0.0000e+00 -1.2772e+00 9.4901e+01 0.0000e+00 0.0000e+00 0.0000e+00 0.0000e+00 9.4926e+01 -3.1864e+00 0.0000e+00 0.0000e+00 3.1864e+00 9.4564e+01 
20.0 8.8087e+01 -1.4182e+00 0.0000e+00 0.0000e+00 -1.4182e+00 8.7620e+01 0.0000e+00 0.0000e+00 0.0000e+00 0.0000e+00 8.7963e+01 -2.9859e+00 0.0000e+00 0.0000e+00 2.9859e+00 8.7615e+01 
21.0 8.1643e+01 -1.5631e+00 0.0000e+00 0.0000e+00 -1.5631e+00 8.1185e+01 0.0000e+00 0.0000e+00 0.0000e+00 0.0000e+00 8.1802e+01 -2.7915e+00 0.0000e+00 0.0000e+00 2.7915e+00 8.1466e+01 
22.0 7.5931e+01 -1.7117e+00 0.0000e+00 0.0000e+00 -1.7117e+00 7.5482e+01 0.0000e+00 0.0000e+00 0.0000e+00 0.0000e+00 7.6334e+01 -2.6048e+00 0.0000e+00 0.0000e+00 2.6048e+00 7.6009e+01 
23.0 7.0848e+01 -1.8635e+00 0.0000e+00 0.0000e+00 -1.8635e+00 7.0407e+01 0.0000e+00 0.0000e+00 0.0000e+00 0.0000e+00 7.1463e+01 -2.4268e+00 0.0000e+00 0.0000e+00 2.4268e+00 7.1148e+01 
24.0 6.6299e+01 -2.0179e+00 0.0000e+00 0.0000e+00 -2.0179e+00 6.5866e+01 0.0000e+00 0.0000e+00 0.0000e+00 0.0000e+00 6.7099e+01 -2.2582e+00 0.0000e+00 0.0000e+00 2.2582e+00 6.6793e+01 
25.0 6.2204e+01 -2.1742e+00 0.0000e+00 0.0000e+00 -2.1742e+00 6.1778e+01 0.0000e+00 0.0000e+00 0.0000e+00 0.0000e+00 6.3165e+01 -2.0996e+00 0.0000e+00 0.0000e+00 2.0996e+00 6.2868e+01 
26.0 5.8498e+01 -2.3317e+00 0.0000e+00 0.0000e+00 -2.3317e+00 5.8079e+01 0.0000e+00 0.0000e+00 0.0000e+00 0.0000e+00 5.9601e+01 -1.9512e+00 0.0000e+00 0.0000e+00 1.9512e+00 5.9312e+01 
27.0 5.5128e+01 -2.4895e+00 0.0000e+00 0.0000e+00 -2.4895e+00 5.4715e+01 0.0000e+00 0.0000e+00 0.0000e+00 0.0000e+00 5.6355e+01 -1.8129e+00 0.0000e+00 0.0000e+00 1.8129e+00 5.6074e+01 
28.0 5.2053e+01 -2.6470e+00 0.0000e+00 0.0000e+00 -2.6470e+00 5.1646e+01 0.0000e+00 0.0000e+00 0.0000e+00 0.0000e+00 5.3390e+01 -1.6842e+00 0.0000e+00 0.0000e+00 1.6842e+00 5.3116e+01 
29.0 4.9240e+01 -2.8037e+00 0.0000e+00 0.0000e+00 -2.8037e+00 4.8839e+01 0.0000e+00 0.0000e+00 0.0000e+00 0.0000e+00 5.0675e+01 -1.5647e+00 0.0000e+00 0.0000e+00 1.5647e+00 5.0407e+01 
30.0 4.6662e+01 -2.9594e+00 0.0000e+00 0.0000e+00 -2.9594e+00 4.6267e+01 0.0000e+00 0.0000e+00 0.0000e+00 0.0000e+00 4.8183e+01 -1.4538e+00 0.0000e+00 0.0000e+00 1.4538e+00 4.7920e+01 
31.0 4.4294e+01 -3.1136e+00 0.0000e+00 0.0000e+00 -3.1136e+00 4.3904e+01 0.0000e+00 0.0000e+00 0.0000e+00 0.0000e+00 4.5655e+01 -1.3511e+00 0.0000e+00 0.0000e+00 1.3511e+00 4.5402e+01 
32.0 4.2112e+01 -3.2660e+00 0.0000e+00 0.0000e+00 -3.2660e+00 4.1727e+01 0.0000e+00 0.0000e+00 0.0000e+00 0.0000e+00 4.3321e+01 -1.2561e+00 0.0000e+00 0.0000e+00 1.2561e+00 4.3075e+01 
33.0 4.0096e+01 -3.4163e+00 0.0000e+00 0.0000e+00 -3.4163e+00 3.9716e+01 0.0000e+00 0.0000e+00 0.0000e+00 0.0000e+00 4.1157e+01 -1.1685e+00 0.0000e+00 0.0000e+00 1.1685e+00 4.0919e+01 
34.0 3.8226e+01 -3.5638e+00 0.0000e+00 0.0000e+00 -3.5638e+00 3.7851e+01 0.0000e+00 0.0000e+00 0.0000e+00 0.0000e+00 3.9145e+01 -1.0877e+00 0.0000e+00 0.0000e+00 1.0877e+00 3.8915e+01 
35.0 3.6485e+01 -3.7084e+00 0.0000e+00 0.0000e+00 -3.7084e+00 3.6114e+01 0.0000e+00 0.0000e+00 0.0000e+00 0.0000e+00 3.7269e+01 -1.0134e+00 0.0000e+00 0.0000e+00 1.0134e+00 3.7047e+01 
36.0 3.4859e+01 -3.8495e+00 0.0000e+00 0.0000e+00 -3.8495e+00 3.4491e+01 0.0000e+00 0.0000e+00 0.0000e+00 0.0000e+00 3.5514e+01 -9.4494e-01 0.0000e+00 0.0000e+00 9.4494e-01 3.5299e+01 
37.0 3.3334e+01 -3.9870e+00 0.0000e+00 0.0000e+00 -3.9870e+00 3.2971e+01 0.0000e+00 0.0000e+00 0.0000e+00 0.0000e+00 3.3867e+01 -8.8167e-01 0.0000e+00 0.0000e+00 8.8167e-01 3.3660e+01 
38.0 3.1902e+01 -4.1207e+00 0.0000e+00 0.0000e+00 -4.1207e+00 3.1543e+01 0.0000e+00 0.0000e+00 0.0000e+00 0.0000e+00 3.2319e+01 -8.2308e-01 0.0000e+00 0.0000e+00 8.2308e-01 3.2119e+01 
39.0 3.0554e+01 -4.2504e+00 0.0000e+00 0.0000e+00 -4.2504e+00 3.0198e+01 0.0000e+00 0.0000e+00 0.0000e+00 0.0000e+00 3.0861e+01 -7.6869e-01 0.0000e+00 0.0000e+00 7.6869e-01 3.0667e+01 
40.0 2.9283e+01 -4.3759e+00 0.0000e+00 0.0000e+00 -4.3759e+00 2.8931e+01 0.0000e+00 0.0000e+00 0.0000e+00 0.0000e+00 2.9483e+01 -7.1809e-01 0.0000e+00 0.0000e+00 7.1809e-01 2.9296e+01 
41.0 2.8084e+01 -4.4972e+00 0.0000e+00 0.0000e+00 -4.4972e+00 2.7736e+01 0.0000e+00 0.0000e+00 0.0000e+00 0.0000e+00 2.8180e+01 -6.7096e-01 0.0000e+00 0.0000e+00 6.7096e-01 2.8000e+01 
42.0 2.6952e+01 -4.6142e+00 0.0000e+00 0.0000e+00 -4.6142e+00 2.6606e+01 0.0000e+00 0.0000e+00 0.0000e+00 0.0000e+00 2.6945e+01 -6.2702e-01 0.0000e+00 0.0000e+00 6.2702e-01 2.6772e+01 
43.0 2.5880e+01 -4.7266e+00 0.0000e+00 0.0000e+00 -4.7266e+00 2.5538e+01 0.0000e+00 0.0000e+00 0.0000e+00 0.0000e+00 2.5773e+01 -5.8602e-01 0.0000e+00 0.0000e+00 5.8602e-01 2.5606e+01 
44.0 2.4865e+01 -4.8344e+00 0.0000e+00 0.0000e+00 -4.8344e+00 2.4526e+01 0.0000e+00 0.0000e+00 0.0000e+00 0.0000e+00 2.4658e+01 -5.4771e-01 0.0000e+00 0.0000e+00 5.4771e-01 2.4498e+01 
45.0 2.3903e+01 -4.9374e+00 0.0000e+00 0.0000e+00 -4.9374e+00 2.3566e+01 0.0000e+00 0.0000e+00 0.0000e+00 0.0000e+00 2.3597e+01 -5.1182e-01 0.0000e+00 0.0000e+00 5.1182e-01 2.3442e+01 
46.0 2.2989e+01 -5.0356e+00 0.0000e+00 0.0000e+00 -5.0356e+00 2.2655e+01 0.0000e+00 0.0000e+00 0.0000e+00 0.0000e+00 2.2584e+01 -4.7810e-01 0.0000e+00 0.0000e+00 4.7810e-01 2.2435e+01 
47.0 2.2120e+01 -5.1289e+00 0.0000e+00 0.0000e+00 -5.1289e+00 2.1790e+01 0.0000e+00 0.0000e+00 0.0000e+00 0.0000e+00 2.1616e+01 -4.4628e-01 0.0000e+00 0.0000e+00 4.4628e-01 2.1474e+01 
48.0 2.1294e+01 -5.2173e+00 0.0000e+00 0.0000e+00 -5.2173e+00 2.0966e+01 0.0000e+00 0.0000e+00 0.0000e+00 0.0000e+00 2.0691e+01 -4.1618e-01 0.0000e+00 0.0000e+00 4.1618e-01 2.0555e+01 
49.0 2.0507e+01 -5.3008e+00 0.0000e+00 0.0000e+00 -5.3008e+00 2.0181e+01 0.0000e+00 0.0000e+00 0.0000e+00 0.0000e+00 1.9806e+01 -3.8760e-01 0.0000e+00 0.0000e+00 3.8760e-01 1.9675e+01 
50.0 1.9757e+01 -5.3794e+00 0.0000e+00 0.0000e+00 -5.3794e+00 1.9434e+01 0.0000e+00 0.0000e+00 0.0000e+00 0.0000e+00 1.8957e+01 -3.6043e-01 0.0000e+00 0.0000e+00 3.6043e-01 1.8833e+01 
51.0 1.9042e+01 -5.4530e+00 0.0000e+00 0.0000e+00 -5.4530e+00 1.8721e+01 0.0000e+00 0.0000e+00 0.0000e+00 0.0000e+00 1.8143e+01 -3.3455e-01 0.0000e+00 0.0000e+00 3.3455e-01 1.8024e+01 
52.0 1.8359e+01 -5.5217e+00 0.0000e+00 0.0000e+00 -5.5217e+00 1.8040e+01 0.0000e+00 0.0000e+00 0.0000e+00 0.0000e+00 1.7361e+01 -3.0986e-01 0.0000e+00 0.0000e+00 3.0986e-01 1.7249e+01 
53.0 1.7706e+01 -5.5856e+00 0.0000e+00 0.0000e+00 -5.5856e+00 1.7390e+01 0.0000e+00 0.0000e+00 0.0000e+00 0.0000e+00 1.6611e+01 -2.8625e-01 0.0000e+00 0.0000e+00 2.8625e-01 1.6504e+01 
54.0 1.7083e+01 -5.6445e+00 0.0000e+00 0.0000e+00 -5.6445e+00 1.6768e+01 0.0000e+00 0.0000e+00 0.0000e+00 0.0000e+00 1.5889e+01 -2.6365e-01 0.0000e+00 0.0000e+00 2.6365e-01 1.5788e+01 
55.0 1.6487e+01 -5.6986e+00 0.0000e+00 0.0000e+00 -5.6986e+00 1.6175e+01 0.0000e+00 0.0000e+00 0.0000e+00 0.0000e+00 1.5194e+01 -2.4197e-01 0.0000e+00 0.0000e+00 2.4197e-01 1.5099e+01 
56.0 1.5917e+01 -5.7478e+00 0.0000e+00 0.0000e+00 -5.7478e+00 1.5606e+01 0.0000e+00 0.0000e+00 0.0000e+00 0.0000e+00 1.4525e+01 -2.2114e-01 0.0000e+00 0.0000e+00 2.2114e-01 1.4436e+01 
57.0 1.5372e+01 -5.7923e+00 0.0000e+00 0.0000e+00 -5.7923e+00 1.5063e+01 0.0000e+00 0.0000e+00 0.0000e+00 0.0000e+00 1.3881e+01 -2.0110e-01 0.0000e+00 0.0000e+00 2.0110e-01 1.3797e+01 
58.0 1.4851e+01 -5.8320e+00 0.0000e+00 0.0000e+00 -5.8320e+00 1.4543e+01 0.0000e+00 0.0000e+00 0.0000e+00 0.0000e+00 1.3260e+01 -1.8178e-01 0.0000e+00 0.0000e+00 1.8178e-01 1.3182e+01 
59.0 1.4352e+01 -5.8671e+00 0.0000e+00 0.0000e+00 -5.8671e+00 1.4045e+01 0.0000e+00 0.0000e+00 0.0000e+00 0.0000e+00 1.2661e+01 -1.6315e-01 0.0000e+00 0.0000e+00 1.6315e-01 1.2588e+01 
60.0 1.3874e+01 -5.8976e+00 0.0000e+00 0.0000e+00 -5.8976e+00 1.3569e+01 0.0000e+00 0.0000e+00 0.0000e+00 0.0000e+00 1.2083e+01 -1.4514e-01 0.0000e+00 0.0000e+00 1.4514e-01 1.2016e+01 
61.0 1.3417e+01 -5.9236e+00 0.0000e+00 0.0000e+00 -5.9236e+00 1.3113e+01 0.0000e+00 0.0000e+00 0.0000e+00 0.0000e+00 1.1525e+01 -1.2773e-01 0.0000e+00 0.0000e+00 1.2773e-01 1.1463e+01 
62.0 1.2979e+01 -5.9451e+00 0.0000e+00 0.0000e+00 -5.9451e+00 1.2677e+01 0.0000e+00 0.0000e+00 0.0000e+00 0.0000e+00 1.0986e+01 -1.1090e-01 0.0000e+00 0.0000e+00 1.1090e-01 1.0930e+01 
63.0 1.2560e+01 -5.9623e+00 0.0000e+00 0.0000e+00 -5.9623e+00 1.2259e+01 0.0000e+00 0.0000e+00 0.0000e+00 0.0000e+00 1.0466e+01 -9.4623e-02 0.0000e+00 0.0000e+00 9.4623e-02 1.0415e+01 
64.0 1.2159e+01 -5.9752e+00 0.0000e+00 0.0000e+00 -5.9752e+00 1.1859e+01 0.0000e+00 0.0000e+00 0.0000e+00 0.0000e+00 9.9625e+00 -7.8900e-02 0.0000e+00 0.0000e+00 7.8900e-02 9.9174e+00 
65.0 1.1775e+01 -5.9839e+00 0.0000e+00 0.0000e+00 -5.9839e+00 1.1476e+01 0.0000e+00 0.0000e+00 0.0000e+00 0.0000e+00 9.4762e+00 -6.3722e-02 0.0000e+00 0.0000e+00 6.3722e-02 9.4366e+00 
66.0 1.1407e+01 -5.9885e+00 0.0000e+00 0.0000e+00 -5.9885e+00 1.1109e+01 0.0000e+00 0.0000e+00 0.0000e+00 0.0000e+00 9.0059e+00 -4.9085e-02 0.0000e+00 0.0000e+00 4.9085e-02 8.9718e+00 
67.0 1.1056e+01 -5.9890e+00 0.0000e+00 0.0000e+00 -5.9890e+00 1.0758e+01 0.0000e+00 0.0000e+00 0.0000e+00 0.0000e+00 8.5509e+00 -3.4983e-02 0.0000e+00 0.0000e+00 3.4983e-02 8.5224e+00 
68.0 1.0719e+01 -5.9856e+00 0.0000e+00 0.0000e+00 -5.9856e+00 1.0422e+01 0.0000e+00 0.0000e+00 0.0000e+00 0.0000e+00 8.1108e+00 -2.1411e-02 0.0000e+00 0.0000e+00 2.1411e-02 8.0877e+00 
69.0 1.0397e+01 -5.9784e+00 0.0000e+00 0.0000e+00 -5.9784e+00 1.0101e+01 0.0000e+00 0.0000e+00 0.0000e+00 0.0000e+00 7.6847e+00 -8.3659e-03 0.0000e+00 0.0000e+00 8.3659e-03 7.6671e+00 
70.0 1.0088e+01 -5.9674e+00 0.0000e+00 0.0000e+00 -5.9674e+00 9.7930e+00 0.0000e+00 0.0000e+00 0.0000e+00 0.0000e+00 7.2723e+00 4.1529e-03 0.0000e+00 0.0000e+00 -4.1529e-03 7.2601e+00 
71.0 9.7928e+00 -5.9527e+00 0.0000e+00 0.0000e+00 -5.9527e+00 9.4984e+00 0.0000e+00 0.0000e+00 0.0000e+00 0.0000e+00 6.8730e+00 1.6144e-02 0.0000e+00 0.0000e+00 -1.6144e-02 6.8662e+00 
72.0 9.5104e+00 -5.9345e+00 0.0000e+00 0.0000e+00 -5.9345e+00 9.2165e+00 0.0000e+00 0.0000e+00 0.0000e+00 0.0000e+00 6.4862e+00 2.7603e-02 0.0000e+00 0.0000e+00 -2.7603e-02 6.4848e+00 
73.0 9.2401e+00 -5.9127e+00 0.0000e+00 0.0000e+00 -5.9127e+00 8.9467e+00 0.0000e+00 0.0000e+00 0.0000e+00 0.0000e+00 6.1116e+00 3.8526e-02 0.0000e+00 0.0000e+00 -3.8526e-02 6.1156e+00 
74.0 8.9817e+00 -5.8877e+00 0.0000e+00 0.0000e+00 -5.8877e+00 8.6887e+00 0.0000e+00 0.0000e+00 0.0000e+00 0.0000e+00 5.7487e+00 4.8907e-02 0.0000e+00 0.0000e+00 -4.8907e-02 5.7580e+00 
75.0 8.7345e+00 -5.8593e+00 0.0000e+00 0.0000e+00 -5.8593e+00 8.4419e+00 0.0000e+00 0.0000e+00 0.0000e+00 0.0000e+00 5.3970e+00 5.8746e-02 0.0000e+00 0.0000e+00 -5.8746e-02 5.4116e+00 
76.0 8.4981e+00 -5.8277e+00 0.0000e+00 0.0000e+00 -5.8277e+00 8.2059e+00 0.0000e+00 0.0000e+00 0.0000e+00 0.0000e+00 5.0561e+00 6.8043e-02 0.0000e+00 0.0000e+00 -6.8043e-02 5.0760e+00 
77.0 8.2722e+00 -5.7930e+00 0.0000e+00 0.0000e+00 -5.7930e+00 7.9803e+00 0.0000e+00 0.0000e+00 0.0000e+00 0.0000e+00 4.7257e+00 7.6804e-02 0.0000e+00 0.0000e+00 -7.6804e-02 4.7508e+00 
78.0 8.0563e+00 -5.7554e+00 0.0000e+00 0.0000e+00 -5.7554e+00 7.7648e+00 0.0000e+00 0.0000e+00 0.0000e+00 0.0000e+00 4.4054e+00 8.5038e-02 0.0000e+00 0.0000e+00 -8.5038e-02 4.4356e+00 
79.0 7.8501e+00 -5.7148e+00 0.0000e+00 0.0000e+00 -5.7148e+00 7.5588e+00 0.0000e+00 0.0000e+00 0.0000e+00 0.0000e+00 4.0949e+00 9.2757e-02 0.0000e+00 0.0000e+00 -9.2757e-02 4.1302e+00 
80.0 7.6531e+00 -5.6714e+00 0.0000e+00 0.0000e+00 -5.6714e+00 7.3621e+00 0.0000e+00 0.0000e+00 0.0000e+00 0.0000e+00 3.7937e+00 9.9975e-02 0.0000e+00 0.0000e+00 -9.9975e-02 3.8341e+00 
81.0 7.4651e+00 -5.6253e+00 0.0000e+00 0.0000e+00 -5.6253e+00 7.1744e+00 0.0000e+00 0.0000e+00 0.0000e+00 0.0000e+00 3.5017e+00 1.0671e-01 0.0000e+00 0.0000e+00 -1.0671e-01 3.5470e+00 
82.0 7.2858e+00 -5.5765e+00 0.0000e+00 0.0000e+00 -5.5765e+00 6.9953e+00 0.0000e+00 0.0000e+00 0.0000e+00 0.0000e+00 3.2184e+00 1.1297e-01 0.0000e+00 0.0000e+00 -1.1297e-01 3.2686e+00 
83.0 7.1147e+00 -5.5253e+00 0.0000e+00 0.0000e+00 -5.5253e+00 6.8245e+00 0.0000e+00 0.0000e+00 0.0000e+00 0.0000e+00 2.9437e+00 1.1878e-01 0.0000e+00 0.0000e+00 -1.1878e-01 2.9987e+00 
84.0 6.9516e+00 -5.4716e+00 0.0000e+00 0.0000e+00 -5.4716e+00 6.6617e+00 0.0000e+00 0.0000e+00 0.0000e+00 0.0000e+00 2.6772e+00 1.2416e-01 0.0000e+00 0.0000e+00 -1.2416e-01 2.7370e+00 
85.0 6.7962e+00 -5.4157e+00 0.0000e+00 0.0000e+00 -5.4157e+00 6.5067e+00 0.0000e+00 0.0000e+00 0.0000e+00 0.0000e+00 2.4187e+00 1.2912e-01 0.0000e+00 0.0000e+00 -1.2912e-01 2.4831e+00 
86.0 6.6483e+00 -5.3575e+00 0.0000e+00 0.0000e+00 -5.3575e+00 6.3591e+00 0.0000e+00 0.0000e+00 0.0000e+00 0.0000e+00 2.1680e+00 1.3369e-01 0.0000e+00 0.0000e+00 -1.3369e-01 2.2369e+00 
87.0 6.5076e+00 -5.2972e+00 0.0000e+00 0.0000e+00 -5.2972e+00 6.2188e+00 0.0000e+00 0.0000e+00 0.0000e+00 0.0000e+00 1.9247e+00 1.3790e-01 0.0000e+00 0.0000e+00 -1.3790e-01 1.9981e+00 
88.0 6.3738e+00 -5.2349e+00 0.0000e+00 0.0000e+00 -5.2349e+00 6.0853e+00 0.0000e+00 0.0000e+00 0.0000e+00 0.0000e+00 1.6888e+00 1.4175e-01 0.0000e+00 0.0000e+00 -1.4175e-01 1.7665e+00 
89.0 6.2466e+00 -5.1706e+00 0.0000e+00 0.0000e+00 -5.1706e+00 5.9587e+00 0.0000e+00 0.0000e+00 0.0000e+00 0.0000e+00 1.4599e+00 1.4528e-01 0.0000e+00 0.0000e+00 -1.4528e-01 1.5419e+00 
90.0 6.1259e+00 -5.1046e+00 0.0000e+00 0.0000e+00 -5.1046e+00 5.8385e+00 0.0000e+00 0.0000e+00 0.0000e+00 0.0000e+00 1.2379e+00 1.4851e-01 0.0000e+00 0.0000e+00 -1.4851e-01 1.3240e+00 
91.0 6.0115e+00 -5.0368e+00 0.0000e+00 0.0000e+00 -5.0368e+00 5.7245e+00 0.0000e+00 0.0000e+00 0.0000e+00 0.0000e+00 1.0226e+00 1.5145e-01 0.0000e+00 0.0000e+00 -1.5145e-01 1.1126e+00 
92.0 5.9030e+00 -4.9674e+00 0.0000e+00 0.0000e+00 -4.9674e+00 5.6167e+00 0.0000e+00 0.0000e+00 0.0000e+00 0.0000e+00 8.1373e-01 1.5412e-01 0.0000e+00 0.0000e+00 -1.5412e-01 9.0763e-01 
93.0 5.8004e+00 -4.8965e+00 0.0000e+00 0.0000e+00 -4.8965e+00 5.5147e+00 0.0000e+00 0.0000e+00 0.0000e+00 0.0000e+00 6.1117e-01 1.5655e-01 0.0000e+00 0.0000e+00 -1.5655e-01 7.0882e-01 
94.0 5.7033e+00 -4.8242e+00 0.0000e+00 0.0000e+00 -4.8242e+00 5.4183e+00 0.0000e+00 0.0000e+00 0.0000e+00 0.0000e+00 4.1474e-01 1.5874e-01 0.0000e+00 0.0000e+00 -1.5874e-01 5.1602e-01 
95.0 5.6116e+00 -4.7505e+00 0.0000e+00 0.0000e+00 -4.7505e+00 5.3274e+00 0.0000e+00 0.0000e+00 0.0000e+00 0.0000e+00 2.2426e-01 1.6071e-01 0.0000e+00 0.0000e+00 -1.6071e-01 3.2903e-01 
96.0 5.5251e+00 -4.6756e+00 0.0000e+00 0.0000e+00 -4.6756e+00 5.2417e+00 0.0000e+00 0.0000e+00 0.0000e+00 0.0000e+00 3.9552e-02 1.6248e-01 0.0000e+00 0.0000e+00 -1.6248e-01 1.4770e-01 
97.0 5.4437e+00 -4.5995e+00 0.0000e+00 0.0000e+00 -4.5995e+00 5.1611e+00 0.0000e+00 0.0000e+00 0.0000e+00 0.0000e+00 -1.3953e-01 1.6406e-01 0.0000e+00 0.0000e+00 -1.6406e-01 -2.8129e-02 
98.0 5.3671e+00 -4.5224e+00 0.0000e+00 0.0000e+00 -4.5224e+00 5.0854e+00 0.0000e+00 0.0000e+00 0.0000e+00 0.0000e+00 -3.1315e-01 1.6546e-01 0.0000e+00 0.0000e+00 -1.6546e-01 -1.9862e-01 
99.0 5.2951e+00 -4.4443e+00 0.0000e+00 0.0000e+00 -4.4443e+00 5.0144e+00 0.0000e+00 0.0000e+00 0.0000e+00 0.0000e+00 -4.8147e-01 1.6669e-01 0.0000e+00 0.0000e+00 -1.6669e-01 -3.6393e-01 
100.0 5.2277e+00 -4.3653e+00 0.0000e+00 0.0000e+00 -4.3653e+00 4.9480e+00 0.0000e+00 0.0000e+00 0.0000e+00 0.0000e+00 -6.4462e-01 1.6777e-01 0.0000e+00 0.0000e+00 -1.6777e-01 -5.2419e-01 
101.0 5.1645e+00 -4.2855e+00 0.0000e+00 0.0000e+00 -4.2855e+00 4.8859e+00 0.0000e+00 0.0000e+00 0.0000e+00 0.0000e+00 -8.0276e-01 1.6871e-01 0.0000e+00 0.0000e+00 -1.6871e-01 -6.7956e-01 
102.0 5.1056e+00 -4.2050e+00 0.0000e+00 0.0000e+00 -4.2050e+00 4.8281e+00 0.0000e+00 0.0000e+00 0.0000e+00 0.0000e+00 -9.5602e-01 1.6951e-01 0.0000e+00 0.0000e+00 -1.6951e-01 -8.3016e-01 
103.0 5.0506e+00 -4.1238e+00 0.0000e+00 0.0000e+00 -4.1238e+00 4.7743e+00 0.0000e+00 0.0000e+00 0.0000e+00 0.0000e+00 -1.1045e+00 1.7019e-01 0.0000e+00 0.0000e+00 -1.7019e-01 -9.7614e-01 
104.0 4.9995e+00 -4.0421e+00 0.0000e+00 0.0000e+00 -4.0421e+00 4.7244e+00 0.0000e+00 0.0000e+00 0.0000e+00 0.0000e+00 -1.2485e+00 1.7075e-01 0.0000e+00 0.0000e+00 -1.7075e-01 -1.1176e+00 
105.0 4.9521e+00 -3.9598e+00 0.0000e+00 0.0000e+00 -3.9598e+00 4.6782e+00 0.0000e+00 0.0000e+00 0.0000e+00 0.0000e+00 -1.3879e+00 1.7119e-01 0.0000e+00 0.0000e+00 -1.7119e-01 -1.2547e+00 
106.0 4.9083e+00 -3.8772e+00 0.0000e+00 0.0000e+00 -3.8772e+00 4.6356e+00 0.0000e+00 0.0000e+00 0.0000e+00 0.0000e+00 -1.5230e+00 1.7154e-01 0.0000e+00 0.0000e+00 -1.7154e-01 -1.3876e+00 
107.0 4.8679e+00 -3.7943e+00 0.0000e+00 0.0000e+00 -3.7943e+00 4.5965e+00 0.0000e+00 0.0000e+00 0.0000e+00 0.0000e+00 -1.6539e+00 1.7179e-01 0.0000e+00 0.0000e+00 -1.7179e-01 -1.5163e+00 
108.0 4.8308e+00 -3.7111e+00 0.0000e+00 0.0000e+00 -3.7111e+00 4.5607e+00 0.0000e+00 0.0000e+00 0.0000e+00 0.0000e+00 -1.7807e+00 1.7194e-01 0.0000e+00 0.0000e+00 -1.7194e-01 -1.6410e+00 
109.0 4.7969e+00 -3.6277e+00 0.0000e+00 0.0000e+00 -3.6277e+00 4.5281e+00 0.0000e+00 0.0000e+00 0.0000e+00 0.0000e+00 -1.9034e+00 1.7201e-01 0.0000e+00 0.0000e+00 -1.7201e-01 -1.7618e+00 
110.0 4.7660e+00 -3.5441e+00 0.0000e+00 0.0000e+00 -3.5441e+00 4.4985e+00 0.0000e+00 0.0000e+00 0.0000e+00 0.0000e+00 -2.0223e+00 1.7199e-01 0.0000e+00 0.0000e+00 -1.7199e-01 -1.8788e+00 
111.0 4.7379e+00 -3.4606e+00 0.0000e+00 0.0000e+00 -3.4606e+00 4.4719e+00 0.0000e+00 0.0000e+00 0.0000e+00 0.0000e+00 -2.1375e+00 1.7189e-01 0.0000e+00 0.0000e+00 -1.7189e-01 -1.9922e+00 
112.0 4.7127e+00 -3.3770e+00 0.0000e+00 0.0000e+00 -3.3770e+00 4.4480e+00 0.0000e+00 0.0000e+00 0.0000e+00 0.0000e+00 -2.2490e+00 1.7170e-01 0.0000e+00 0.0000e+00 -1.7170e-01 -2.1019e+00 
113.0 4.6901e+00 -3.2936e+00 0.0000e+00 0.0000e+00 -3.2936e+00 4.4268e+00 0.0000e+00 0.0000e+00 0.0000e+00 0.0000e+00 -2.3569e+00 1.7144e-01 0.0000e+00 0.0000e+00 -1.7144e-01 -2.2081e+00 
114.0 4.6701e+00 -3.2103e+00 0.0000e+00 0.0000e+00 -3.2103e+00 4.4081e+00 0.0000e+00 0.0000e+00 0.0000e+00 0.0000e+00 -2.4614e+00 1.7109e-01 0.0000e+00 0.0000e+00 -1.7109e-01 -2.3110e+00 
115.0 4.6525e+00 -3.1272e+00 0.0000e+00 0.0000e+00 -3.1272e+00 4.3919e+00 0.0000e+00 0.0000e+00 0.0000e+00 0.0000e+00 -2.5625e+00 1.7066e-01 0.0000e+00 0.0000e+00 -1.7066e-01 -2.4106e+00 
116.0 4.6372e+00 -3.0444e+00 0.0000e+00 0.0000e+00 -3.0444e+00 4.3781e+00 0.0000e+00 0.0000e+00 0.0000e+00 0.0000e+00 -2.6604e+00 1.7015e-01 0.0000e+00 0.0000e+00 -1.7015e-01 -2.5070e+00 
117.0 4.6241e+00 -2.9619e+00 0.0000e+00 0.0000e+00 -2.9619e+00 4.3664e+00 0.0000e+00 0.0000e+00 0.0000e+00 0.0000e+00 -2.7551e+00 1.6956e-01 0.0000e+00 0.0000e+00 -1.6956e-01 -2.6003e+00 
118.0 4.6131e+00 -2.8798e+00 0.0000e+00 0.0000e+00 -2.8798e+00 4.3568e+00 0.0000e+00 0.0000e+00 0.0000e+00 0.0000e+00 -2.8467e+00 1.6888e-01 0.0000e+00 0.0000e+00 -1.6888e-01 -2.6906e+00 
119.0 4.6041e+00 -2.7982e+00 0.0000e+00 0.0000e+00 -2.7982e+00 4.3492e+00 0.0000e+00 0.0000e+00 0.0000e+00 0.0000e+00 -2.9354e+00 1.6812e-01 0.0000e+00 0.0000e+00 -1.6812e-01 -2.7780e+00 
120.0 4.5971e+00 -2.7170e+00 0.0000e+00 0.0000e+00 -2.7170e+00 4.3436e+00 0.0000e+00 0.0000e+00 0.0000e+00 0.0000e+00 -3.0212e+00 1.6728e-01 0.0000e+00 0.0000e+00 -1.6728e-01 -2.8626e+00 
121.0 4.5918e+00 -2.6363e+00 0.0000e+00 0.0000e+00 -2.6363e+00 4.3397e+00 0.0000e+00 0.0000e+00 0.0000e+00 0.0000e+00 -3.1042e+00 1.6635e-01 0.0000e+00 0.0000e+00 -1.6635e-01 -2.9444e+00 
122.0 4.5882e+00 -2.5563e+00 0.0000e+00 0.0000e+00 -2.5563e+00 4.3376e+00 0.0000e+00 0.0000e+00 0.0000e+00 0.0000e+00 -3.1845e+00 1.6533e-01 0.0000e+00 0.0000e+00 -1.6533e-01 -3.0236e+00 
123.0 4.5862e+00 -2.4769e+00 0.0000e+00 0.0000e+00 -2.4769e+00 4.3370e+00 0.0000e+00 0.0000e+00 0.0000e+00 0.0000e+00 -3.2621e+00 1.6423e-01 0.0000e+00 0.0000e+00 -1.6423e-01 -3.1002e+00 
124.0 4.5858e+00 -2.3981e+00 0.0000e+00 0.0000e+00 -2.3981e+00 4.3380e+00 0.0000e+00 0.0000e+00 0.0000e+00 0.0000e+00 -3.3372e+00 1.6305e-01 0.0000e+00 0.0000e+00 -1.6305e-01 -3.1743e+00 
125.0 4.5868e+00 -2.3201e+00 0.0000e+00 0.0000e+00 -2.3201e+00 4.3405e+00 0.0000e+00 0.0000e+00 0.0000e+00 0.0000e+00 -3.4098e+00 1.6178e-01 0.0000e+00 0.0000e+00 -1.6178e-01 -3.2459e+00 
126.0 4.5892e+00 -2.2428e+00 0.0000e+00 0.0000e+00 -2.2428e+00 4.3443e+00 0.0000e+00 0.0000e+00 0.0000e+00 0.0000e+00 -3.4800e+00 1.6044e-01 0.0000e+00 0.0000e+00 -1.6044e-01 -3.3153e+00 
127.0 4.5928e+00 -2.1663e+00 0.0000e+00 0.0000e+00 -2.1663e+00 4.3494e+00 0.0000e+00 0.0000e+00 0.0000e+00 0.0000e+00 -3.5479e+00 1.5902e-01 0.0000e+00 0.0000e+00 -1.5902e-01 -3.3824e+00 
128.0 4.5976e+00 -2.0907e+00 0.0000e+00 0.0000e+00 -2.0907e+00 4.3557e+00 0.0000e+00 0.0000e+00 0.0000e+00 0.0000e+00 -3.6136e+00 1.5752e-01 0.0000e+00 0.0000e+00 -1.5752e-01 -3.4472e+00 
129.0 4.6035e+00 -2.0159e+00 0.0000e+00 0.0000e+00 -2.0159e+00 4.3631e+00 0.0000e+00 0.0000e+00 0.0000e+00 0.0000e+00 -3.6770e+00 1.5595e-01 0.0000e+00 0.0000e+00 -1.5595e-01 -3.5100e+00 
130.0 4.6105e+00 -1.9420e+00 0.0000e+00 0.0000e+00 -1.9420e+00 4.3716e+00 0.0000e+00 0.0000e+00 0.0000e+00 0.0000e+00 -3.7383e+00 1.5430e-01 0.0000e+00 0.0000e+00 -1.5430e-01 -3.5707e+00 
131.0 4.6185e+00 -1.8691e+00 0.0000e+00 0.0000e+00 -1.8691e+00 4.3811e+00 0.0000e+00 0.0000e+00 0.0000e+00 0.0000e+00 -3.7975e+00 1.5259e-01 0.0000e+00 0.0000e+00 -1.5259e-01 -3.6293e+00 
132.0 4.6273e+00 -1.7971e+00 0.0000e+00 0.0000e+00 -1.7971e+00 4.3915e+00 0.0000e+00 0.0000e+00 0.0000e+00 0.0000e+00 -3.8548e+00 1.5082e-01 0.0000e+00 0.0000e+00 -1.5082e-01 -3.6861e+00 
133.0 4.6370e+00 -1.7262e+00 0.0000e+00 0.0000e+00 -1.7262e+00 4.4028e+00 0.0000e+00 0.0000e+00 0.0000e+00 0.0000e+00 -3.9101e+00 1.4898e-01 0.0000e+00 0.0000e+00 -1.4898e-01 -3.7410e+00 
134.0 4.6474e+00 -1.6563e+00 0.0000e+00 0.0000e+00 -1.6563e+00 4.4148e+00 0.0000e+00 0.0000e+00 0.0000e+00 0.0000e+00 -3.9634e+00 1.4708e-01 0.0000e+00 0.0000e+00 -1.4708e-01 -3.7940e+00 
135.0 4.6585e+00 -1.5874e+00 0.0000e+00 0.0000e+00 -1.5874e+00 4.4276e+00 0.0000e+00 0.0000e+00 0.0000e+00 0.0000e+00 -4.0150e+00 1.4513e-01 0.0000e+00 0.0000e+00 -1.4513e-01 -3.8453e+00 
136.0 4.6703e+00 -1.5196e+00 0.0000e+00 0.0000e+00 -1.5196e+00 4.4411e+00 0.0000e+00 0.0000e+00 0.0000e+00 0.0000e+00 -4.0648e+00 1.4312e-01 0.0000e+00 0.0000e+00 -1.4312e-01 -3.8949e+00 
137.0 4.6826e+00 -1.4530e+00 0.0000e+00 0.0000e+00 -1.4530e+00 4.4552e+00 0.0000e+00 0.0000e+00 0.0000e+00 0.0000e+00 -4.1128e+00 1.4105e-01 0.0000e+00 0.0000e+00 -1.4105e-01 -3.9429e+00 
138.0 4.6955e+00 -1.3875e+00 0.0000e+00 0.0000e+00 -1.3875e+00 4.4698e+00 0.0000e+00 0.0000e+00 0.0000e+00 0.0000e+00 -4.1591e+00 1.3892e-01 0.0000e+00 0.0000e+00 -1.3892e-01 -3.9892e+00 
139.0 4.7088e+00 -1.3232e+00 0.0000e+00 0.0000e+00 -1.3232e+00 4.4850e+00 0.0000e+00 0.0000e+00 0.0000e+00 0.0000e+00 -4.2038e+00 1.3674e-01 0.0000e+00 0.0000e+00 -1.3674e-01 -4.0339e+00 
140.0 4.7226e+00 -1.2601e+00 0.0000e+00 0.0000e+00 -1.2601e+00 4.5006e+00 0.0000e+00 0.0000e+00 0.0000e+00 0.0000e+00 -4.2468e+00 1.3451e-01 0.0000e+00 0.0000e+00 -1.3451e-01 -4.0772e+00 
141.0 4.7367e+00 -1.1982e+00 0.0000e+00 0.0000e+00 -1.1982e+00 4.5167e+00 0.0000e+00 0.0000e+00 0.0000e+00 0.0000e+00 -4.2884e+00 1.3222e-01 0.0000e+00 0.0000e+00 -1.3222e-01 -4.1190e+00 
142.0 4.7510e+00 -1.1375e+00 0.0000e+00 0.0000e+00 -1.1375e+00 4.5331e+00 0.0000e+00 0.0000e+00 0.0000e+00 0.0000e+00 -4.3283e+00 1.2989e-01 0.0000e+00 0.0000e+00 -1.2989e-01 -4.1593e+00 
143.0 4.7657e+00 -1.0782e+00 0.0000e+00 0.0000e+00 -1.0782e+00 4.5498e+00 0.0000e+00 0.0000e+00 0.0000e+00 0.0000e+00 -4.3668e+00 1.2750e-01 0.0000e+00 0.0000e+00 -1.2750e-01 -4.1983e+00 
144.0 4.7805e+00 -1.0201e+00 0.0000e+00 0.0000e+00 -1.0201e+00 4.5668e+00 0.0000e+00 0.0000e+00 0.0000e+00 0.0000e+00 -4.4039e+00 1.2505e-01 0.0000e+00 0.0000e+00 -1.2505e-01 -4.2359e+00 
145.0 4.7955e+00 -9.6330e-01 0.0000e+00 0.0000e+00 -9.6330e-01 4.5840e+00 0.0000e+00 0.0000e+00 0.0000e+00 0.0000e+00 -4.4395e+00 1.2254e-01 0.0000e+00 0.0000e+00 -1.2254e-01 -4.2723e+00 
146.0 4.8105e+00 -9.0786e-01 0.0000e+00 0.0000e+00 -9.0786e-01 4.6014e+00 0.0000e+00 0.0000e+00 0.0000e+00 0.0000e+00 -4.4737e+00 1.1997e-01 0.0000e+00 0.0000e+00 -1.1997e-01 -4.3073e+00 
147.0 4.8257e+00 -8.5376e-01 0.0000e+00 0.0000e+00 -8.5376e-01 4.6189e+00 0.0000e+00 0.0000e+00 0.0000e+00 0.0000e+00 -4.5066e+00 1.1732e-01 0.0000e+00 0.0000e+00 -1.1732e-01 -4.3412e+00 
148.0 4.8408e+00 -8.0102e-01 0.0000e+00 0.0000e+00 -8.0102e-01 4.6365e+00 0.0000e+00 0.0000e+00 0.0000e+00 0.0000e+00 -4.5382e+00 1.1460e-01 0.0000e+00 0.0000e+00 -1.1460e-01 -4.3738e+00 
149.0 4.8559e+00 -7.4965e-01 0.0000e+00 0.0000e+00 -7.4965e-01 4.6542e+00 0.0000e+00 0.0000e+00 0.0000e+00 0.0000e+00 -4.5685e+00 1.1179e-01 0.0000e+00 0.0000e+00 -1.1179e-01 -4.4053e+00 
150.0 4.8709e+00 -6.9967e-01 0.0000e+00 0.0000e+00 -6.9967e-01 4.6718e+00 0.0000e+00 0.0000e+00 0.0000e+00 0.0000e+00 -4.5976e+00 1.0888e-01 0.0000e+00 0.0000e+00 -1.0888e-01 -4.4356e+00 
151.0 4.8859e+00 -6.5110e-01 0.0000e+00 0.0000e+00 -6.5110e-01 4.6895e+00 0.0000e+00 0.0000e+00 0.0000e+00 0.0000e+00 -4.6254e+00 1.0587e-01 0.0000e+00 0.0000e+00 -1.0587e-01 -4.4648e+00 
152.0 4.9007e+00 -6.0395e-01 0.0000e+00 0.0000e+00 -6.0395e-01 4.7071e+00 0.0000e+00 0.0000e+00 0.0000e+00 0.0000e+00 -4.6521e+00 1.0273e-01 0.0000e+00 0.0000e+00 -1.0273e-01 -4.4930e+00 
153.0 4.9153e+00 -5.5823e-01 0.0000e+00 0.0000e+00 -5.5823e-01 4.7246e+00 0.0000e+00 0.0000e+00 0.0000e+00 0.0000e+00 -4.6776e+00 9.9451e-02 0.0000e+00 0.0000e+00 -9.9451e-02 -4.5201e+00 
154.0 4.9298e+00 -5.1396e-01 0.0000e+00 0.0000e+00 -5.1396e-01 4.7420e+00 0.0000e+00 0.0000e+00 0.0000e+00 0.0000e+00 -4.7020e+00 9.6010e-02 0.0000e+00 0.0000e+00 -9.6010e-02 -4.5461e+00 
155.0 4.9440e+00 -4.7117e-01 0.0000e+00 0.0000e+00 -4.7117e-01 4.7591e+00 0.0000e+00 0.0000e+00 0.0000e+00 0.0000e+00 -4.7253e+00 9.2384e-02 0.0000e+00 0.0000e+00 -9.2384e-02 -4.5712e+00 
156.0 4.9580e+00 -4.2987e-01 0.0000e+00 0.0000e+00 -4.2987e-01 4.7761e+00 0.0000e+00 0.0000e+00 0.0000e+00 0.0000e+00 -4.7476e+00 8.8544e-02 0.0000e+00 0.0000e+00 -8.8544e-02 -4.5953e+00 
157.0 4.9717e+00 -3.9009e-01 0.0000e+00 0.0000e+00 -3.9009e-01 4.7928e+00 0.0000e+00 0.0000e+00 0.0000e+00 0.0000e+00 -4.7690e+00 8.4454e-02 0.0000e+00 0.0000e+00 -8.4454e-02 -4.6184e+00 
158.0 4.9852e+00 -3.5189e-01 0.0000e+00 0.0000e+00 -3.5189e-01 4.8091e+00 0.0000e+00 0.0000e+00 0.0000e+00 0.0000e+00 -4.7895e+00 8.0069e-02 0.0000e+00 0.0000e+00 -8.0069e-02 -4.6406e+00 
159.0 4.9983e+00 -3.1532e-01 0.0000e+00 0.0000e+00 -3.1532e-01 4.8249e+00 0.0000e+00 0.0000e+00 0.0000e+00 0.0000e+00 -4.8091e+00 7.5336e-02 0.0000e+00 0.0000e+00 -7.5336e-02 -4.6619e+00 
160.0 5.0110e+00 -2.8044e-01 0.0000e+00 0.0000e+00 -2.8044e-01 4.8402e+00 0.0000e+00 0.0000e+00 0.0000e+00 0.0000e+00 -4.8280e+00 7.0195e-02 0.0000e+00 0.0000e+00 -7.0195e-02 -4.6823e+00 
161.0 5.0233e+00 -2.4735e-01 0.0000e+00 0.0000e+00 -2.4735e-01 4.8548e+00 0.0000e+00 0.0000e+00 0.0000e+00 0.0000e+00 -4.8463e+00 6.4587e-02 0.0000e+00 0.0000e+00 -6.4587e-02 -4.7017e+00 
162.0 5.0353e+00 -2.1613e-01 0.0000e+00 0.0000e+00 -2.1613e-01 4.8686e+00 0.0000e+00 0.0000e+00 0.0000e+00 0.0000e+00 -4.8641e+00 5.8462e-02 0.0000e+00 0.0000e+00 -5.8462e-02 -4.7202e+00 
163.0 5.0469e+00 -1.8691e-01 0.0000e+00 0.0000e+00 -1.8691e-01 4.8815e+00 0.0000e+00 0.0000e+00 0.0000e+00 0.0000e+00 -4.8814e+00 5.1789e-02 0.0000e+00 0.0000e+00 -5.1789e-02 -4.7376e+00 
164.0 5.0583e+00 -1.5981e-01 0.0000e+00 0.0000e+00 -1.5981e-01 4.8933e+00 0.0000e+00 0.0000e+00 0.0000e+00 0.0000e+00 -4.8984e+00 4.4569e-02 0.0000e+00 0.0000e+00 -4.4569e-02 -4.7539e+00 
165.0 5.0697e+00 -1.3493e-01 0.0000e+00 0.0000e+00 -1.3493e-01 4.9040e+00 0.0000e+00 0.0000e+00 0.0000e+00 0.0000e+00 -4.9153e+00 3.6859e-02 0.0000e+00 0.0000e+00 -3.6859e-02 -4.7688e+00 
166.0 5.0813e+00 -1.1236e-01 0.0000e+00 0.0000e+00 -1.1236e-01 4.9135e+00 0.0000e+00 0.0000e+00 0.0000e+00 0.0000e+00 -4.9319e+00 2.8782e-02 0.0000e+00 0.0000e+00 -2.8782e-02 -4.7822e+00 
167.0 5.0934e+00 -9.2174e-02 0.0000e+00 0.0000e+00 -9.2174e-02 4.9220e+00 0.0000e+00 0.0000e+00 0.0000e+00 0.0000e+00 -4.9486e+00 2.0547e-02 0.0000e+00 0.0000e+00 -2.0547e-02 -4.7937e+00 
168.0 5.1066e+00 -7.4380e-02 0.0000e+00 0.0000e+00 -7.4380e-02 4.9295e+00 0.0000e+00 0.0000e+00 0.0000e+00 0.0000e+00 -4.9652e+00 1.2450e-02 0.0000e+00 0.0000e+00 -1.2450e-02 -4.8032e+00 
169.0 5.1213e+00 -5.8945e-02 0.0000e+00 0.0000e+00 -5.8945e-02 4.9364e+00 0.0000e+00 0.0000e+00 0.0000e+00 0.0000e+00 -4.9817e+00 4.8640e-03 0.0000e+00 0.0000e+00 -4.8640e-03 -4.8102e+00 
170.0 5.1381e+00 -4.5780e-02 0.0000e+00 0.0000e+00 -4.5780e-02 4.9430e+00 0.0000e+00 0.0000e+00 0.0000e+00 0.0000e+00 -4.9980e+00 -1.7844e-03 0.0000e+00 0.0000e+00 1.7844e-03 -4.8145e+00 
171.0 5.1572e+00 -3.4747e-02 0.0000e+00 0.0000e+00 -3.4747e-02 4.9495e+00 0.0000e+00 0.0000e+00 0.0000e+00 0.0000e+00 -5.0141e+00 -7.0619e-03 0.0000e+00 0.0000e+00 7.0619e-03 -4.8160e+00 
172.0 5.1789e+00 -2.5661e-02 0.0000e+00 0.0000e+00 -2.5661e-02 4.9565e+00 0.0000e+00 0.0000e+00 0.0000e+00 0.0000e+00 -5.0296e+00 -1.0597e-02 0.0000e+00 0.0000e+00 1.0597e-02 -4.8148e+00 
173.0 5.2027e+00 -1.8306e-02 0.0000e+00 0.0000e+00 -1.8306e-02 4.9639e+00 0.0000e+00 0.0000e+00 0.0000e+00 0.0000e+00 -5.0443e+00 -1.2160e-02 0.0000e+00 0.0000e+00 1.2160e-02 -4.8111e+00 
174.0 5.2278e+00 -1.2451e-02 0.0000e+00 0.0000e+00 -1.2451e-02 4.9719e+00 0.0000e+00 0.0000e+00 0.0000e+00 0.0000e+00 -5.0577e+00 -1.1754e-02 0.0000e+00 0.0000e+00 1.1754e-02 -4.8055e+00 
175.0 5.2529e+00 -7.8790e-03 0.0000e+00 0.0000e+00 -7.8790e-03 4.9802e+00 0.0000e+00 0.0000e+00 0.0000e+00 0.0000e+00 -5.0696e+00 -9.6857e-03 0.0000e+00 0.0000e+00 9.6857e-03 -4.7988e+00 
176.0 5.2759e+00 -4.4203e-03 0.0000e+00 0.0000e+00 -4.4203e-03 4.9880e+00 0.0000e+00 0.0000e+00 0.0000e+00 0.0000e+00 -5.0794e+00 -6.5913e-03 0.0000e+00 0.0000e+00 6.5913e-03 -4.7920e+00 
177.0 5.2946e+00 -1.9719e-03 0.0000e+00 0.0000e+00 -1.9719e-03 4.9947e+00 0.0000e+00 0.0000e+00 0.0000e+00 0.0000e+00 -5.0868e+00 -3.3549e-03 0.0000e+00 0.0000e+00 3.3549e-03 -4.7861e+00 
178.0 5.3070e+00 -4.9792e-04 0.0000e+00 0.0000e+00 -4.9792e-04 4.9991e+00 0.0000e+00 0.0000e+00 0.0000e+00 0.0000e+00 -5.0914e+00 -9.1678e-04 0.0000e+00 0.0000e+00 9.1678e-04 -4.7821e+00 
179.0 5.3113e+00 -5.5570e-21 0.0000e+00 0.0000e+00 -5.5570e-21 5.0007e+00 0.0000e+00 0.0000e+00 0.0000e+00 0.0000e+00 -5.0930e+00 -1.7336e-20 0.0000e+00 0.0000e+00 1.7336e-20 -4.7807e+00 
180.0 5.3157e+00 0.0000e+00 0.0000e+00 0.0000e+00 0.0000e+00 5.0023e+00 0.0000e+00 0.0000e+00 0.0000e+00 0.0000e+00 -5.0946e+00 0.0000e+00 0.0000e+00 0.0000e+00 -0.0000e+00 -4.7792e+00 
