1.8778 2.4582 0.5804 0.027900
theta s11 s12 s13 s14 s21 s22 s23 s24 s31 s32 s33 s34 s41 s42 s43 s44
0.0 2.0553e+03 0.0000e+00 0.0000e+00 0.0000e+00 0.0000e+00 2.0529e+03 0.0000e+00 0.0000e+00 0.0000e+00 0.0000e+00 2.0529e+03 0.0000e+00 0.0000e+00 0.0000e+00 -0.0000e+00 2.0504e+03 
1.0 1.8189e+03 -1.2194e-01 0.0000e+00 0.0000e+00 -1.2194e-01 1.8164e+03 0.0000e+00 0.0000e+00 0.0000e+00 0.0000e+00 1.8164e+03 -8.4999e-01 0.0000e+00 0.0000e+00 8.4999e-01 1.8140e+03 
2.0 1.4272e+03 -3.2472e-01 0.0000e+00 0.0000e+00 -3.2472e-01 1.4248e+03 0.0000e+00 0.0000e+00 0.0000e+00 0.0000e+00 1.4248e+03 -2.8517e+00 0.0000e+00 0.0000e+00 2.8517e+00 1.4224e+03 
3.0 1.0999e+03 -4.9535e-01 0.0000e+00 0.0000e+00 -4.9535e-01 1.0975e+03 0.0000e+00 0.0000e+00 0.0000e+00 0.0000e+00 1.0975e+03 -4.9542e+00 0.0000e+00 0.0000e+00 4.9542e+00 1.0951e+03 
4.0 8.5697e+02 -6.4471e-01 0.0000e+00 0.0000e+00 -6.4471e-01 8.5459e+02 0.0000e+00 0.0000e+00 0.0000e+00 0.0000e+00 8.5451e+02 -6.5099e+00 0.0000e+00 0.0000e+00 6.5099e+00 8.5215e+02 
5.0 6.8239e+02 -8.0088e-01 0.0000e+00 0.0000e+00 -8.0088e-01 6.8005e+02 0.0000e+00 0.0000e+00 0.0000e+00 0.0000e+00 6.7991e+02 -7.4189e+00 0.0000e+00 0.0000e+00 7.4189e+00 6.7759e+02 
6.0 5.5737e+02 -9.8446e-01 0.0000e+00 0.0000e+00 -9.8446e-01 5.5506e+02 0.0000e+00 0.0000e+00 0.0000e+00 0.0000e+00 5.5486e+02 -7.7940e+00 0.0000e+00 0.0000e+00 7.7940e+00 5.5259e+02 
7.0 4.6731e+02 -1.2060e+00 0.0000e+00 0.0000e+00 -1.2060e+00 4.6503e+02 0.0000e+00 0.0000e+00 0.0000e+00 0.0000e+00 4.6478e+02 -7.7787e+00 0.0000e+00 0.0000e+00 7.7787e+00 4.6255e+02 
8.0 4.0172e+02 -1.4659e+00 0.0000e+00 0.0000e+00 -1.4659e+00 3.9947e+02 0.0000e+00 0.0000e+00 0.0000e+00 0.0000e+00 3.9916e+02 -7.5178e+00 0.0000e+00 0.0000e+00 7.5178e+00 3.9698e+02 
9.0 3.5318e+02 -1.7591e+00 0.0000e+00 0.0000e+00 -1.7591e+00 3.5096e+02 0.0000e+00 0.0000e+00 0.0000e+00 0.0000e+00 3.5062e+02 -7.1269e+00 0.0000e+00 0.0000e+00 7.1269e+00 3.4848e+02 
10.0 3.1657e+02 -2.0793e+00 0.0000e+00 0.0000e+00 -2.0793e+00 3.1438e+02 0.0000e+00 0.0000e+00 0.0000e+00 0.0000e+00 3.1400e+02 -6.6852e+00 0.0000e+00 0.0000e+00 6.6852e+00 3.1190e+02 
11.0 2.8836e+02 -2.4199e+00 0.0000e+00 0.0000e+00 -2.4199e+00 2.8619e+02 0.0000e+00 0.0000e+00 0.0000e+00 0.0000e+00 2.8578e+02 -6.2464e+00 0.0000e+00 0.0000e+00 6.2464e+00 2.8372e+02 
12.0 2.6608e+02 -2.7755e+00 0.0000e+00 0.0000e+00 -2.7755e+00 2.6393e+02 0.0000e+00 0.0000e+00 0.0000e+00 0.0000e+00 2.6349e+02 -5.8440e+00 0.0000e+00 0.0000e+00 5.8440e+00 2.6148e+02 
13.0 2.4802e+02 -3.1438e+00 0.0000e+00 0.0000e+00 -3.1438e+00 2.4590e+02 0.0000e+00 0.0000e+00 0.0000e+00 0.0000e+00 2.4544e+02 -5.4900e+00 0.0000e+00 0.0000e+00 5.4900e+00 2.4346e+02 
14.0 2.3305e+02 -3.5164e+00 0.0000e+00 0.0000e+00 -3.5164e+00 2.3095e+02 0.0000e+00 0.0000e+00 0.0000e+00 0.0000e+00 2.3047e+02 -5.2024e+00 0.0000e+00 0.0000e+00 5.2024e+00 2.2853e+02 
15.0 2.2034e+02 -3.8969e+00 0.0000e+00 0.0000e+00 -3.8969e+00 2.1827e+02 0.0000e+00 0.0000e+00 0.0000e+00 0.0000e+00 2.1776e+02 -4.9655e+00 0.0000e+00 0.0000e+00 4.9655e+00 2.1586e+02 
16.0 2.0931e+02 -4.2815e+00 0.0000e+00 0.0000e+00 -4.2815e+00 2.0726e+02 0.0000e+00 0.0000e+00 0.0000e+00 0.0000e+00 2.0674e+02 -4.7783e+00 0.0000e+00 0.0000e+00 4.7783e+00 2.0488e+02 
17.0 1.9955e+02 -4.6686e+00 0.0000e+00 0.0000e+00 -4.6686e+00 1.9752e+02 0.0000e+00 0.0000e+00 0.0000e+00 0.0000e+00 1.9698e+02 -4.6347e+00 0.0000e+00 0.0000e+00 4.6347e+00 1.9516e+02 
18.0 1.9075e+02 -5.0563e+00 0.0000e+00 0.0000e+00 -5.0563e+00 1.8874e+02 0.0000e+00 0.0000e+00 0.0000e+00 0.0000e+00 1.8818e+02 -4.5282e+00 0.0000e+00 0.0000e+00 4.5282e+00 1.8640e+02 
19.0 1.8270e+02 -5.4435e+00 0.0000e+00 0.0000e+00 -5.4435e+00 1.8071e+02 0.0000e+00 0.0000e+00 0.0000e+00 0.0000e+00 1.8067e+02 -4.4514e+00 0.0000e+00 0.0000e+00 4.4514e+00 1.7893e+02 
20.0 1.7525e+02 -5.8292e+00 0.0000e+00 0.0000e+00 -5.8292e+00 1.7328e+02 0.0000e+00 0.0000e+00 0.0000e+00 0.0000e+00 1.7372e+02 -4.3981e+00 0.0000e+00 0.0000e+00 4.3981e+00 1.7202e+02 
21.0 1.6828e+02 -6.2127e+00 0.0000e+00 0.0000e+00 -6.2127e+00 1.6633e+02 0.0000e+00 0.0000e+00 0.0000e+00 0.0000e+00 1.6721e+02 -4.3633e+00 0.0000e+00 0.0000e+00 4.3633e+00 1.6555e+02 
22.0 1.6172e+02 -6.5930e+00 0.0000e+00 0.0000e+00 -6.5930e+00 1.5979e+02 0.0000e+00 0.0000e+00 0.0000e+00 0.0000e+00 1.6108e+02 -4.3427e+00 0.0000e+00 0.0000e+00 4.3427e+00 1.5945e+02 
23.0 1.5550e+02 -6.9692e+00 0.0000e+00 0.0000e+00 -6.9692e+00 1.5360e+02 0.0000e+00 0.0000e+00 0.0000e+00 0.0000e+00 1.5526e+02 -4.3325e+00 0.0000e+00 0.0000e+00 4.3325e+00 1.5367e+02 
24.0 1.4958e+02 -7.3400e+00 0.0000e+00 0.0000e+00 -7.3400e+00 1.4770e+02 0.0000e+00 0.0000e+00 0.0000e+00 0.0000e+00 1.4971e+02 -4.3293e+00 0.0000e+00 0.0000e+00 4.3293e+00 1.4815e+02 
25.0 1.4392e+02 -7.7039e+00 0.0000e+00 0.0000e+00 -7.7039e+00 1.4206e+02 0.0000e+00 0.0000e+00 0.0000e+00 0.0000e+00 1.4439e+02 -4.3301e+00 0.0000e+00 0.0000e+00 4.3301e+00 1.4286e+02 
26.0 1.3849e+02 -8.0596e+00 0.0000e+00 0.0000e+00 -8.0596e+00 1.3665e+02 0.0000e+00 0.0000e+00 0.0000e+00 0.0000e+00 1.3928e+02 -4.3332e+00 0.0000e+00 0.0000e+00 4.3332e+00 1.3779e+02 
27.0 1.3328e+02 -8.4059e+00 0.0000e+00 0.0000e+00 -8.4059e+00 1.3146e+02 0.0000e+00 0.0000e+00 0.0000e+00 0.0000e+00 1.3436e+02 -4.3370e+00 0.0000e+00 0.0000e+00 4.3370e+00 1.3290e+02 
28.0 1.2827e+02 -8.7416e+00 0.0000e+00 0.0000e+00 -8.7416e+00 1.2647e+02 0.0000e+00 0.0000e+00 0.0000e+00 0.0000e+00 1.2961e+02 -4.3405e+00 0.0000e+00 0.0000e+00 4.3405e+00 1.2818e+02 
29.0 1.2343e+02 -9.0661e+00 0.0000e+00 0.0000e+00 -9.0661e+00 1.2165e+02 0.0000e+00 0.0000e+00 0.0000e+00 0.0000e+00 1.2503e+02 -4.3427e+00 0.0000e+00 0.0000e+00 4.3427e+00 1.2363e+02 
30.0 1.1878e+02 -9.3784e+00 0.0000e+00 0.0000e+00 -9.3784e+00 1.1702e+02 0.0000e+00 0.0000e+00 0.0000e+00 0.0000e+00 1.2060e+02 -4.3429e+00 0.0000e+00 0.0000e+00 4.3429e+00 1.1923e+02 
31.0 1.1428e+02 -9.6779e+00 0.0000e+00 0.0000e+00 -9.6779e+00 1.1254e+02 0.0000e+00 0.0000e+00 0.0000e+00 0.0000e+00 1.1582e+02 -4.3407e+00 0.0000e+00 0.0000e+00 4.3407e+00 1.1449e+02 
32.0 1.0994e+02 -9.9637e+00 0.0000e+00 0.0000e+00 -9.9637e+00 1.0823e+02 0.0000e+00 0.0000e+00 0.0000e+00 0.0000e+00 1.1120e+02 -4.3359e+00 0.0000e+00 0.0000e+00 4.3359e+00 1.0991e+02 
33.0 1.0575e+02 -1.0235e+01 0.0000e+00 0.0000e+00 -1.0235e+01 1.0406e+02 0.0000e+00 0.0000e+00 0.0000e+00 0.0000e+00 1.0675e+02 -4.3283e+00 0.0000e+00 0.0000e+00 4.3283e+00 1.0549e+02 
34.0 1.0171e+02 -1.0491e+01 0.0000e+00 0.0000e+00 -1.0491e+01 1.0003e+02 0.0000e+00 0.0000e+00 0.0000e+00 0.0000e+00 1.0244e+02 -4.3176e+00 0.0000e+00 0.0000e+00 4.3176e+00 1.0122e+02 
35.0 9.7792e+01 -1.0732e+01 0.0000e+00 0.0000e+00 -1.0732e+01 9.6135e+01 0.0000e+00 0.0000e+00 0.0000e+00 0.0000e+00 9.8274e+01 -4.3034e+00 0.0000e+00 0.0000e+00 4.3034e+00 9.7088e+01 
36.0 9.4011e+01 -1.0957e+01 0.0000e+00 0.0000e+00 -1.0957e+01 9.2374e+01 0.0000e+00 0.0000e+00 0.0000e+00 0.0000e+00 9.4250e+01 -4.2852e+00 0.0000e+00 0.0000e+00 4.2852e+00 9.3098e+01 
37.0 9.0359e+01 -1.1166e+01 0.0000e+00 0.0000e+00 -1.1166e+01 8.8742e+01 0.0000e+00 0.0000e+00 0.0000e+00 0.0000e+00 9.0361e+01 -4.2624e+00 0.0000e+00 0.0000e+00 4.2624e+00 8.9244e+01 
38.0 8.6835e+01 -1.1359e+01 0.0000e+00 0.0000e+00 -1.1359e+01 8.5237e+01 0.0000e+00 0.0000e+00 0.0000e+00 0.0000e+00 8.6606e+01 -4.2348e+00 0.0000e+00 0.0000e+00 4.2348e+00 8.5522e+01 
39.0 8.3435e+01 -1.1537e+01 0.0000e+00 0.0000e+00 -1.1537e+01 8.1856e+01 0.0000e+00 0.0000e+00 0.0000e+00 0.0000e+00 8.2981e+01 -4.2024e+00 0.0000e+00 0.0000e+00 4.2024e+00 8.1930e+01 
40.0 8.0158e+01 -1.1700e+01 0.0000e+00 0.0000e+00 -1.1700e+01 7.8598e+01 0.0000e+00 0.0000e+00 0.0000e+00 0.0000e+00 7.9483e+01 -4.1653e+00 0.0000e+00 0.0000e+00 4.1653e+00 7.8466e+01 
41.0 7.7001e+01 -1.1848e+01 0.0000e+00 0.0000e+00 -1.1848e+01 7.5460e+01 0.0000e+00 0.0000e+00 0.0000e+00 0.0000e+00 7.6111e+01 -4.1240e+00 0.0000e+00 0.0000e+00 4.1240e+00 7.5125e+01 
42.0 7.3960e+01 -1.1982e+01 0.0000e+00 0.0000e+00 -1.1982e+01 7.2438e+01 0.0000e+00 0.0000e+00 0.0000e+00 0.0000e+00 7.2859e+01 -4.0788e+00 0.0000e+00 0.0000e+00 4.0788e+00 7.1905e+01 
43.0 7.1032e+01 -1.2100e+01 0.0000e+00 0.0000e+00 -1.2100e+01 6.9529e+01 0.0000e+00 0.0000e+00 0.0000e+00 0.0000e+00 6.9725e+01 -4.0300e+00 0.0000e+00 0.0000e+00 4.0300e+00 6.8802e+01 
44.0 6.8214e+01 -1.2204e+01 0.0000e+00 0.0000e+00 -1.2204e+01 6.6728e+01 0.0000e+00 0.0000e+00 0.0000e+00 0.0000e+00 6.6705e+01 -3.9776e+00 0.0000e+00 0.0000e+00 3.9776e+00 6.5812e+01 
45.0 6.5501e+01 -1.2294e+01 0.0000e+00 0.0000e+00 -1.2294e+01 6.4033e+01 0.0000e+00 0.0000e+00 0.0000e+00 0.0000e+00 6.3794e+01 -3.9219e+00 0.0000e+00 0.0000e+00 3.9219e+00 6.2932e+01 
46.0 6.2891e+01 -1.2369e+01 0.0000e+00 0.0000e+00 -1.2369e+01 6.1440e+01 0.0000e+00 0.0000e+00 0.0000e+00 0.0000e+00 6.0991e+01 -3.8630e+00 0.0000e+00 0.0000e+00 3.8630e+00 6.0158e+01 
47.0 6.0380e+01 -1.2431e+01 0.0000e+00 0.0000e+00 -1.2431e+01 5.8947e+01 0.0000e+00 0.0000e+00 0.0000e+00 0.0000e+00 5.8292e+01 -3.8008e+00 0.0000e+00 0.0000e+00 3.8008e+00 5.7488e+01 
48.0 5.7966e+01 -1.2479e+01 0.0000e+00 0.0000e+00 -1.2479e+01 5.6549e+01 0.0000e+00 0.0000e+00 0.0000e+00 0.0000e+00 5.5693e+01 -3.7357e+00 0.0000e+00 0.0000e+00 3.7357e+00 5.4918e+01 
49.0 5.5646e+01 -1.2514e+01 0.0000e+00 0.0000e+00 -1.2514e+01 5.4246e+01 0.0000e+00 0.0000e+00 0.0000e+00 0.0000e+00 5.3192e+01 -3.6679e+00 0.0000e+00 0.0000e+00 3.6679e+00 5.2445e+01 
50.0 5.3417e+01 -1.2537e+01 0.0000e+00 0.0000e+00 -1.2537e+01 5.2033e+01 0.0000e+00 0.0000e+00 0.0000e+00 0.0000e+00 5.0787e+01 -3.5974e+00 0.0000e+00 0.0000e+00 3.5974e+00 5.0066e+01 
51.0 5.1276e+01 -1.2548e+01 0.0000e+00 0.0000e+00 -1.2548e+01 4.9909e+01 0.0000e+00 0.0000e+00 0.0000e+00 0.0000e+00 4.8473e+01 -3.5246e+00 0.0000e+00 0.0000e+00 3.5246e+00 4.7779e+01 
52.0 4.9221e+01 -1.2548e+01 0.0000e+00 0.0000e+00 -1.2548e+01 4.7870e+01 0.0000e+00 0.0000e+00 0.0000e+00 0.0000e+00 4.6248e+01 -3.4495e+00 0.0000e+00 0.0000e+00 3.4495e+00 4.5580e+01 
53.0 4.7250e+01 -1.2536e+01 0.0000e+00 0.0000e+00 -1.2536e+01 4.5914e+01 0.0000e+00 0.0000e+00 0.0000e+00 0.0000e+00 4.4109e+01 -3.3724e+00 0.0000e+00 0.0000e+00 3.3724e+00 4.3467e+01 
54.0 4.5358e+01 -1.2514e+01 0.0000e+00 0.0000e+00 -1.2514e+01 4.4038e+01 0.0000e+00 0.0000e+00 0.0000e+00 0.0000e+00 4.2054e+01 -3.2935e+00 0.0000e+00 0.0000e+00 3.2935e+00 4.1437e+01 
55.0 4.3545e+01 -1.2481e+01 0.0000e+00 0.0000e+00 -1.2481e+01 4.2239e+01 0.0000e+00 0.0000e+00 0.0000e+00 0.0000e+00 4.0079e+01 -3.2129e+00 0.0000e+00 0.0000e+00 3.2129e+00 3.9487e+01 
56.0 4.1807e+01 -1.2439e+01 0.0000e+00 0.0000e+00 -1.2439e+01 4.0516e+01 0.0000e+00 0.0000e+00 0.0000e+00 0.0000e+00 3.8183e+01 -3.1309e+00 0.0000e+00 0.0000e+00 3.1309e+00 3.7615e+01 
57.0 4.0142e+01 -1.2387e+01 0.0000e+00 0.0000e+00 -1.2387e+01 3.8865e+01 0.0000e+00 0.0000e+00 0.0000e+00 0.0000e+00 3.6362e+01 -3.0478e+00 0.0000e+00 0.0000e+00 3.0478e+00 3.5817e+01 
58.0 3.8546e+01 -1.2327e+01 0.0000e+00 0.0000e+00 -1.2327e+01 3.7284e+01 0.0000e+00 0.0000e+00 0.0000e+00 0.0000e+00 3.4613e+01 -2.9637e+00 0.0000e+00 0.0000e+00 2.9637e+00 3.4092e+01 
59.0 3.7018e+01 -1.2258e+01 0.0000e+00 0.0000e+00 -1.2258e+01 3.5770e+01 0.0000e+00 0.0000e+00 0.0000e+00 0.0000e+00 3.2935e+01 -2.8788e+00 0.0000e+00 0.0000e+00 2.8788e+00 3.2436e+01 
60.0 3.5555e+01 -1.2182e+01 0.0000e+00 0.0000e+00 -1.2182e+01 3.4320e+01 0.0000e+00 0.0000e+00 0.0000e+00 0.0000e+00 3.1324e+01 -2.7932e+00 0.0000e+00 0.0000e+00 2.7932e+00 3.0847e+01 
61.0 3.4155e+01 -1.2098e+01 0.0000e+00 0.0000e+00 -1.2098e+01 3.2933e+01 0.0000e+00 0.0000e+00 0.0000e+00 0.0000e+00 2.9778e+01 -2.7071e+00 0.0000e+00 0.0000e+00 2.7071e+00 2.9323e+01 
62.0 3.2815e+01 -1.2007e+01 0.0000e+00 0.0000e+00 -1.2007e+01 3.1606e+01 0.0000e+00 0.0000e+00 0.0000e+00 0.0000e+00 2.8296e+01 -2.6206e+00 0.0000e+00 0.0000e+00 2.6206e+00 2.7861e+01 
63.0 3.1533e+01 -1.1909e+01 0.0000e+00 0.0000e+00 -1.1909e+01 3.0337e+01 0.0000e+00 0.0000e+00 0.0000e+00 0.0000e+00 2.6873e+01 -2.5338e+00 0.0000e+00 0.0000e+00 2.5338e+00 2.6460e+01 
64.0 3.0306e+01 -1.1806e+01 0.0000e+00 0.0000e+00 -1.1806e+01 2.9124e+01 0.0000e+00 0.0000e+00 0.0000e+00 0.0000e+00 2.5509e+01 -2.4470e+00 0.0000e+00 0.0000e+00 2.4470e+00 2.5116e+01 
65.0 2.9134e+01 -1.1696e+01 0.0000e+00 0.0000e+00 -1.1696e+01 2.7964e+01 0.0000e+00 0.0000e+00 0.0000e+00 0.0000e+00 2.4201e+01 -2.3604e+00 0.0000e+00 0.0000e+00 2.3604e+00 2.3828e+01 
66.0 2.8013e+01 -1.1581e+01 0.0000e+00 0.0000e+00 -1.1581e+01 2.6855e+01 0.0000e+00 0.0000e+00 0.0000e+00 0.0000e+00 2.2947e+01 -2.2740e+00 0.0000e+00 0.0000e+00 2.2740e+00 2.2593e+01 
67.0 2.6941e+01 -1.1462e+01 0.0000e+00 0.0000e+00 -1.1462e+01 2.5795e+01 0.0000e+00 0.0000e+00 0.0000e+00 0.0000e+00 2.1745e+01 -2.1881e+00 0.0000e+00 0.0000e+00 2.1881e+00 2.1409e+01 
68.0 2.5917e+01 -1.1337e+01 0.0000e+00 0.0000e+00 -1.1337e+01 2.4783e+01 0.0000e+00 0.0000e+00 0.0000e+00 0.0000e+00 2.0593e+01 -2.1026e+00 0.0000e+00 0.0000e+00 2.1026e+00 2.0275e+01 
69.0 2.4939e+01 -1.1209e+01 0.0000e+00 0.0000e+00 -1.1209e+01 2.3817e+01 0.0000e+00 0.0000e+00 0.0000e+00 0.0000e+00 1.9488e+01 -2.0179e+00 0.0000e+00 0.0000e+00 2.0179e+00 1.9189e+01 
70.0 2.4004e+01 -1.1076e+01 0.0000e+00 0.0000e+00 -1.1076e+01 2.2894e+01 0.0000e+00 0.0000e+00 0.0000e+00 0.0000e+00 1.8430e+01 -1.9339e+00 0.0000e+00 0.0000e+00 1.9339e+00 1.8148e+01 
71.0 2.3112e+01 -1.0940e+01 0.0000e+00 0.0000e+00 -1.0940e+01 2.2013e+01 0.0000e+00 0.0000e+00 0.0000e+00 0.0000e+00 1.7415e+01 -1.8507e+00 0.0000e+00 0.0000e+00 1.8507e+00 1.7150e+01 
72.0 2.2260e+01 -1.0800e+01 0.0000e+00 0.0000e+00 -1.0800e+01 2.1172e+01 0.0000e+00 0.0000e+00 0.0000e+00 0.0000e+00 1.6443e+01 -1.7685e+00 0.0000e+00 0.0000e+00 1.7685e+00 1.6195e+01 
73.0 2.1446e+01 -1.0658e+01 0.0000e+00 0.0000e+00 -1.0658e+01 2.0370e+01 0.0000e+00 0.0000e+00 0.0000e+00 0.0000e+00 1.5512e+01 -1.6874e+00 0.0000e+00 0.0000e+00 1.6874e+00 1.5279e+01 
74.0 2.0669e+01 -1.0513e+01 0.0000e+00 0.0000e+00 -1.0513e+01 1.9604e+01 0.0000e+00 0.0000e+00 0.0000e+00 0.0000e+00 1.4619e+01 -1.6074e+00 0.0000e+00 0.0000e+00 1.6074e+00 1.4402e+01 
75.0 1.9928e+01 -1.0365e+01 0.0000e+00 0.0000e+00 -1.0365e+01 1.8874e+01 0.0000e+00 0.0000e+00 0.0000e+00 0.0000e+00 1.3764e+01 -1.5287e+00 0.0000e+00 0.0000e+00 1.5287e+00 1.3563e+01 
76.0 1.9221e+01 -1.0215e+01 0.0000e+00 0.0000e+00 -1.0215e+01 1.8178e+01 0.0000e+00 0.0000e+00 0.0000e+00 0.0000e+00 1.2945e+01 -1.4512e+00 0.0000e+00 0.0000e+00 1.4512e+00 1.2758e+01 
77.0 1.8546e+01 -1.0063e+01 0.0000e+00 0.0000e+00 -1.0063e+01 1.7514e+01 0.0000e+00 0.0000e+00 0.0000e+00 0.0000e+00 1.2160e+01 -1.3750e+00 0.0000e+00 0.0000e+00 1.3750e+00 1.1988e+01 
78.0 1.7903e+01 -9.9095e+00 0.0000e+00 0.0000e+00 -9.9095e+00 1.6881e+01 0.0000e+00 0.0000e+00 0.0000e+00 0.0000e+00 1.1407e+01 -1.3001e+00 0.0000e+00 0.0000e+00 1.3001e+00 1.1249e+01 
79.0 1.7289e+01 -9.7544e+00 0.0000e+00 0.0000e+00 -9.7544e+00 1.6278e+01 0.0000e+00 0.0000e+00 0.0000e+00 0.0000e+00 1.0687e+01 -1.2266e+00 0.0000e+00 0.0000e+00 1.2266e+00 1.0542e+01 
80.0 1.6703e+01 -9.5980e+00 0.0000e+00 0.0000e+00 -9.5980e+00 1.5703e+01 0.0000e+00 0.0000e+00 0.0000e+00 0.0000e+00 9.9960e+00 -1.1546e+00 0.0000e+00 0.0000e+00 1.1546e+00 9.8652e+00 
81.0 1.6145e+01 -9.4406e+00 0.0000e+00 0.0000e+00 -9.4406e+00 1.5155e+01 0.0000e+00 0.0000e+00 0.0000e+00 0.0000e+00 9.3343e+00 -1.0839e+00 0.0000e+00 0.0000e+00 1.0839e+00 9.2165e+00 
82.0 1.5612e+01 -9.2823e+00 0.0000e+00 0.0000e+00 -9.2823e+00 1.4633e+01 0.0000e+00 0.0000e+00 0.0000e+00 0.0000e+00 8.7003e+00 -1.0147e+00 0.0000e+00 0.0000e+00 1.0147e+00 8.5951e+00 
83.0 1.5105e+01 -9.1233e+00 0.0000e+00 0.0000e+00 -9.1233e+00 1.4136e+01 0.0000e+00 0.0000e+00 0.0000e+00 0.0000e+00 8.0928e+00 -9.4700e-01 0.0000e+00 0.0000e+00 9.4700e-01 7.9999e+00 
84.0 1.4621e+01 -8.9639e+00 0.0000e+00 0.0000e+00 -8.9639e+00 1.3662e+01 0.0000e+00 0.0000e+00 0.0000e+00 0.0000e+00 7.5107e+00 -8.8081e-01 0.0000e+00 0.0000e+00 8.8081e-01 7.4297e+00 
85.0 1.4160e+01 -8.8041e+00 0.0000e+00 0.0000e+00 -8.8041e+00 1.3212e+01 0.0000e+00 0.0000e+00 0.0000e+00 0.0000e+00 6.9529e+00 -8.1616e-01 0.0000e+00 0.0000e+00 8.1616e-01 6.8834e+00 
86.0 1.3720e+01 -8.6441e+00 0.0000e+00 0.0000e+00 -8.6441e+00 1.2782e+01 0.0000e+00 0.0000e+00 0.0000e+00 0.0000e+00 6.4184e+00 -7.5306e-01 0.0000e+00 0.0000e+00 7.5306e-01 6.3599e+00 
87.0 1.3302e+01 -8.4840e+00 0.0000e+00 0.0000e+00 -8.4840e+00 1.2374e+01 0.0000e+00 0.0000e+00 0.0000e+00 0.0000e+00 5.9061e+00 -6.9152e-01 0.0000e+00 0.0000e+00 6.9152e-01 5.8584e+00 
88.0 1.2903e+01 -8.3240e+00 0.0000e+00 0.0000e+00 -8.3240e+00 1.1985e+01 0.0000e+00 0.0000e+00 0.0000e+00 0.0000e+00 5.4151e+00 -6.3157e-01 0.0000e+00 0.0000e+00 6.3157e-01 5.3779e+00 
89.0 1.2522e+01 -8.1643e+00 0.0000e+00 0.0000e+00 -8.1643e+00 1.1615e+01 0.0000e+00 0.0000e+00 0.0000e+00 0.0000e+00 4.9445e+00 -5.7319e-01 0.0000e+00 0.0000e+00 5.7319e-01 4.9173e+00 
90.0 1.2160e+01 -8.0049e+00 0.0000e+00 0.0000e+00 -8.0049e+00 1.1263e+01 0.0000e+00 0.0000e+00 0.0000e+00 0.0000e+00 4.4934e+00 -5.1641e-01 0.0000e+00 0.0000e+00 5.1641e-01 4.4760e+00 
91.0 1.1815e+01 -7.8459e+00 0.0000e+00 0.0000e+00 -7.8459e+00 1.0928e+01 0.0000e+00 0.0000e+00 0.0000e+00 0.0000e+00 4.0609e+00 -4.6123e-01 0.0000e+00 0.0000e+00 4.6123e-01 4.0529e+00 
92.0 1.1487e+01 -7.6874e+00 0.0000e+00 0.0000e+00 -7.6874e+00 1.0610e+01 0.0000e+00 0.0000e+00 0.0000e+00 0.0000e+00 3.6463e+00 -4.0765e-01 0.0000e+00 0.0000e+00 4.0765e-01 3.6474e+00 
93.0 1.1174e+01 -7.5296e+00 0.0000e+00 0.0000e+00 -7.5296e+00 1.0307e+01 0.0000e+00 0.0000e+00 0.0000e+00 0.0000e+00 3.2488e+00 -3.5568e-01 0.0000e+00 0.0000e+00 3.5568e-01 3.2585e+00 
94.0 1.0877e+01 -7.3724e+00 0.0000e+00 0.0000e+00 -7.3724e+00 1.0020e+01 0.0000e+00 0.0000e+00 0.0000e+00 0.0000e+00 2.8675e+00 -3.0530e-01 0.0000e+00 0.0000e+00 3.0530e-01 2.8857e+00 
95.0 1.0593e+01 -7.2161e+00 0.0000e+00 0.0000e+00 -7.2161e+00 9.7462e+00 0.0000e+00 0.0000e+00 0.0000e+00 0.0000e+00 2.5019e+00 -2.5652e-01 0.0000e+00 0.0000e+00 2.5652e-01 2.5282e+00 
96.0 1.0324e+01 -7.0606e+00 0.0000e+00 0.0000e+00 -7.0606e+00 9.4867e+00 0.0000e+00 0.0000e+00 0.0000e+00 0.0000e+00 2.1512e+00 -2.0932e-01 0.0000e+00 0.0000e+00 2.0932e-01 2.1853e+00 
97.0 1.0068e+01 -6.9060e+00 0.0000e+00 0.0000e+00 -6.9060e+00 9.2402e+00 0.0000e+00 0.0000e+00 0.0000e+00 0.0000e+00 1.8148e+00 -1.6371e-01 0.0000e+00 0.0000e+00 1.6371e-01 1.8563e+00 
98.0 9.8240e+00 -6.7524e+00 0.0000e+00 0.0000e+00 -6.7524e+00 9.0063e+00 0.0000e+00 0.0000e+00 0.0000e+00 0.0000e+00 1.4921e+00 -1.1968e-01 0.0000e+00 0.0000e+00 1.1968e-01 1.5407e+00 
99.0 9.5923e+00 -6.5998e+00 0.0000e+00 0.0000e+00 -6.5998e+00 8.7844e+00 0.0000e+00 0.0000e+00 0.0000e+00 0.0000e+00 1.1824e+00 -7.7225e-02 0.0000e+00 0.0000e+00 7.7225e-02 1.2378e+00 
100.0 9.3721e+00 -6.4483e+00 0.0000e+00 0.0000e+00 -6.4483e+00 8.5739e+00 0.0000e+00 0.0000e+00 0.0000e+00 0.0000e+00 8.8513e-01 -3.6329e-02 0.0000e+00 0.0000e+00 3.6329e-02 9.4706e-01 
101.0 9.1629e+00 -6.2979e+00 0.0000e+00 0.0000e+00 -6.2979e+00 8.3745e+00 0.0000e+00 0.0000e+00 0.0000e+00 0.0000e+00 5.9982e-01 3.0141e-03 0.0000e+00 0.0000e+00 -3.0141e-03 6.6797e-01 
102.0 8.9643e+00 -6.1487e+00 0.0000e+00 0.0000e+00 -6.1487e+00 8.1855e+00 0.0000e+00 0.0000e+00 0.0000e+00 0.0000e+00 3.2590e-01 4.0818e-02 0.0000e+00 0.0000e+00 -4.0818e-02 3.9999e-01 
103.0 8.7758e+00 -6.0007e+00 0.0000e+00 0.0000e+00 -6.0007e+00 8.0067e+00 0.0000e+00 0.0000e+00 0.0000e+00 0.0000e+00 6.2861e-02 7.7098e-02 0.0000e+00 0.0000e+00 -7.7098e-02 1.4260e-01 
104.0 8.5969e+00 -5.8539e+00 0.0000e+00 0.0000e+00 -5.8539e+00 7.8375e+00 0.0000e+00 0.0000e+00 0.0000e+00 0.0000e+00 -1.8977e-01 1.1187e-01 0.0000e+00 0.0000e+00 -1.1187e-01 -1.0466e-01 
105.0 8.4273e+00 -5.7084e+00 0.0000e+00 0.0000e+00 -5.7084e+00 7.6775e+00 0.0000e+00 0.0000e+00 0.0000e+00 0.0000e+00 -4.3245e-01 1.4515e-01 0.0000e+00 0.0000e+00 -1.4515e-01 -3.4225e-01 
106.0 8.2666e+00 -5.5642e+00 0.0000e+00 0.0000e+00 -5.5642e+00 7.5264e+00 0.0000e+00 0.0000e+00 0.0000e+00 0.0000e+00 -6.6563e-01 1.7696e-01 0.0000e+00 0.0000e+00 -1.7696e-01 -5.7060e-01 
107.0 8.1144e+00 -5.4213e+00 0.0000e+00 0.0000e+00 -5.4213e+00 7.3838e+00 0.0000e+00 0.0000e+00 0.0000e+00 0.0000e+00 -8.8973e-01 2.0731e-01 0.0000e+00 0.0000e+00 -2.0731e-01 -7.9012e-01 
108.0 7.9704e+00 -5.2797e+00 0.0000e+00 0.0000e+00 -5.2797e+00 7.2493e+00 0.0000e+00 0.0000e+00 0.0000e+00 0.0000e+00 -1.1051e+00 2.3623e-01 0.0000e+00 0.0000e+00 -2.3623e-01 -1.0012e+00 
109.0 7.8342e+00 -5.1395e+00 0.0000e+00 0.0000e+00 -5.1395e+00 7.1227e+00 0.0000e+00 0.0000e+00 0.0000e+00 0.0000e+00 -1.3123e+00 2.6372e-01 0.0000e+00 0.0000e+00 -2.6372e-01 -1.2042e+00 
110.0 7.7055e+00 -5.0007e+00 0.0000e+00 0.0000e+00 -5.0007e+00 7.0035e+00 0.0000e+00 0.0000e+00 0.0000e+00 0.0000e+00 -1.5115e+00 2.8982e-01 0.0000e+00 0.0000e+00 -2.8982e-01 -1.3996e+00 
111.0 7.5840e+00 -4.8633e+00 0.0000e+00 0.0000e+00 -4.8633e+00 6.8915e+00 0.0000e+00 0.0000e+00 0.0000e+00 0.0000e+00 -1.7031e+00 3.1454e-01 0.0000e+00 0.0000e+00 -3.1454e-01 -1.5875e+00 
112.0 7.4694e+00 -4.7274e+00 0.0000e+00 0.0000e+00 -4.7274e+00 6.7865e+00 0.0000e+00 0.0000e+00 0.0000e+00 0.0000e+00 -1.8875e+00 3.3790e-01 0.0000e+00 0.0000e+00 -3.3790e-01 -1.7685e+00 
113.0 7.3615e+00 -4.5929e+00 0.0000e+00 0.0000e+00 -4.5929e+00 6.6880e+00 0.0000e+00 0.0000e+00 0.0000e+00 0.0000e+00 -2.0649e+00 3.5992e-01 0.0000e+00 0.0000e+00 -3.5992e-01 -1.9427e+00 
114.0 7.2600e+00 -4.4598e+00 0.0000e+00 0.0000e+00 -4.4598e+00 6.5959e+00 0.0000e+00 0.0000e+00 0.0000e+00 0.0000e+00 -2.2358e+00 3.8061e-01 0.0000e+00 0.0000e+00 -3.8061e-01 -2.1105e+00 
115.0 7.1646e+00 -4.3283e+00 0.0000e+00 0.0000e+00 -4.3283e+00 6.5100e+00 0.0000e+00 0.0000e+00 0.0000e+00 0.0000e+00 -2.4004e+00 4.0000e-01 0.0000e+00 0.0000e+00 -4.0000e-01 -2.2721e+00 
116.0 7.0751e+00 -4.1983e+00 0.0000e+00 0.0000e+00 -4.1983e+00 6.4299e+00 0.0000e+00 0.0000e+00 0.0000e+00 0.0000e+00 -2.5589e+00 4.1810e-01 0.0000e+00 0.0000e+00 -4.1810e-01 -2.4278e+00 
117.0 6.9913e+00 -4.0698e+00 0.0000e+00 0.0000e+00 -4.0698e+00 6.3554e+00 0.0000e+00 0.0000e+00 0.0000e+00 0.0000e+00 -2.7116e+00 4.3494e-01 0.0000e+00 0.0000e+00 -4.3494e-01 -2.5779e+00 
118.0 6.9130e+00 -3.9429e+00 0.0000e+00 0.0000e+00 -3.9429e+00 6.2864e+00 0.0000e+00 0.0000e+00 0.0000e+00 0.0000e+00 -2.8588e+00 4.5052e-01 0.0000e+00 0.0000e+00 -4.5052e-01 -2.7226e+00 
119.0 6.8400e+00 -3.8176e+00 0.0000e+00 0.0000e+00 -3.8176e+00 6.2226e+00 0.0000e+00 0.0000e+00 0.0000e+00 0.0000e+00 -3.0007e+00 4.6488e-01 0.0000e+00 0.0000e+00 -4.6488e-01 -2.8621e+00 
120.0 6.7720e+00 -3.6939e+00 0.0000e+00 0.0000e+00 -3.6939e+00 6.1637e+00 0.0000e+00 0.0000e+00 0.0000e+00 0.0000e+00 -3.1376e+00 4.7801e-01 0.0000e+00 0.0000e+00 -4.7801e-01 -2.9967e+00 
121.0 6.7089e+00 -3.5718e+00 0.0000e+00 0.0000e+00 -3.5718e+00 6.1097e+00 0.0000e+00 0.0000e+00 0.0000e+00 0.0000e+00 -3.2697e+00 4.8994e-01 0.0000e+00 0.0000e+00 -4.8994e-01 -3.1266e+00 
122.0 6.6504e+00 -3.4514e+00 0.0000e+00 0.0000e+00 -3.4514e+00 6.0603e+00 0.0000e+00 0.0000e+00 0.0000e+00 0.0000e+00 -3.3972e+00 5.0066e-01 0.0000e+00 0.0000e+00 -5.0066e-01 -3.2519e+00 
123.0 6.5965e+00 -3.3326e+00 0.0000e+00 0.0000e+00 -3.3326e+00 6.0153e+00 0.0000e+00 0.0000e+00 0.0000e+00 0.0000e+00 -3.5202e+00 5.1020e-01 0.0000e+00 0.0000e+00 -5.1020e-01 -3.3728e+00 
124.0 6.5469e+00 -3.2156e+00 0.0000e+00 0.0000e+00 -3.2156e+00 5.9745e+00 0.0000e+00 0.0000e+00 0.0000e+00 0.0000e+00 -3.6390e+00 5.1855e-01 0.0000e+00 0.0000e+00 -5.1855e-01 -3.4895e+00 
125.0 6.5015e+00 -3.1002e+00 0.0000e+00 0.0000e+00 -3.1002e+00 5.9378e+00 0.0000e+00 0.0000e+00 0.0000e+00 0.0000e+00 -3.7538e+00 5.2574e-01 0.0000e+00 0.0000e+00 -5.2574e-01 -3.6023e+00 
126.0 6.4600e+00 -2.9866e+00 0.0000e+00 0.0000e+00 -2.9866e+00 5.9050e+00 0.0000e+00 0.0000e+00 0.0000e+00 0.0000e+00 -3.8648e+00 5.3177e-01 0.0000e+00 0.0000e+00 -5.3177e-01 -3.7112e+00 
127.0 6.4224e+00 -2.8748e+00 0.0000e+00 0.0000e+00 -2.8748e+00 5.8760e+00 0.0000e+00 0.0000e+00 0.0000e+00 0.0000e+00 -3.9720e+00 5.3665e-01 0.0000e+00 0.0000e+00 -5.3665e-01 -3.8164e+00 
128.0 6.3885e+00 -2.7647e+00 0.0000e+00 0.0000e+00 -2.7647e+00 5.8505e+00 0.0000e+00 0.0000e+00 0.0000e+00 0.0000e+00 -4.0757e+00 5.4039e-01 0.0000e+00 0.0000e+00 -5.4039e-01 -3.9180e+00 
129.0 6.3582e+00 -2.6564e+00 0.0000e+00 0.0000e+00 -2.6564e+00 5.8284e+00 0.0000e+00 0.0000e+00 0.0000e+00 0.0000e+00 -4.1760e+00 5.4300e-01 0.0000e+00 0.0000e+00 -5.4300e-01 -4.0163e+00 
130.0 6.3312e+00 -2.5499e+00 0.0000e+00 0.0000e+00 -2.5499e+00 5.8095e+00 0.0000e+00 0.0000e+00 0.0000e+00 0.0000e+00 -4.2731e+00 5.4450e-01 0.0000e+00 0.0000e+00 -5.4450e-01 -4.1112e+00 
131.0 6.3076e+00 -2.4453e+00 0.0000e+00 0.0000e+00 -2.4453e+00 5.7939e+00 0.0000e+00 0.0000e+00 0.0000e+00 0.0000e+00 -4.3671e+00 5.4490e-01 0.0000e+00 0.0000e+00 -5.4490e-01 -4.2030e+00 
132.0 6.2871e+00 -2.3425e+00 0.0000e+00 0.0000e+00 -2.3425e+00 5.7811e+00 0.0000e+00 0.0000e+00 0.0000e+00 0.0000e+00 -4.4581e+00 5.4421e-01 0.0000e+00 0.0000e+00 -5.4421e-01 -4.2918e+00 
133.0 6.2695e+00 -2.2415e+00 0.0000e+00 0.0000e+00 -2.2415e+00 5.7712e+00 0.0000e+00 0.0000e+00 0.0000e+00 0.0000e+00 -4.5462e+00 5.4245e-01 0.0000e+00 0.0000e+00 -5.4245e-01 -4.3776e+00 
134.0 6.2549e+00 -2.1425e+00 0.0000e+00 0.0000e+00 -2.1425e+00 5.7641e+00 0.0000e+00 0.0000e+00 0.0000e+00 0.0000e+00 -4.6315e+00 5.3965e-01 0.0000e+00 0.0000e+00 -5.3965e-01 -4.4606e+00 
135.0 6.2431e+00 -2.0453e+00 0.0000e+00 0.0000e+00 -2.0453e+00 5.7594e+00 0.0000e+00 0.0000e+00 0.0000e+00 0.0000e+00 -4.7143e+00 5.3582e-01 0.0000e+00 0.0000e+00 -5.3582e-01 -4.5408e+00 
136.0 6.2339e+00 -1.9501e+00 0.0000e+00 0.0000e+00 -1.9501e+00 5.7573e+00 0.0000e+00 0.0000e+00 0.0000e+00 0.0000e+00 -4.7944e+00 5.3098e-01 0.0000e+00 0.0000e+00 -5.3098e-01 -4.6184e+00 
137.0 6.2272e+00 -1.8568e+00 0.0000e+00 0.0000e+00 -1.8568e+00 5.7574e+00 0.0000e+00 0.0000e+00 0.0000e+00 0.0000e+00 -4.8722e+00 5.2516e-01 0.0000e+00 0.0000e+00 -5.2516e-01 -4.6934e+00 
138.0 6.2230e+00 -1.7655e+00 0.0000e+00 0.0000e+00 -1.7655e+00 5.7598e+00 0.0000e+00 0.0000e+00 0.0000e+00 0.0000e+00 -4.9476e+00 5.1838e-01 0.0000e+00 0.0000e+00 -5.1838e-01 -4.7659e+00 
139.0 6.2211e+00 -1.6762e+00 0.0000e+00 0.0000e+00 -1.6762e+00 5.7643e+00 0.0000e+00 0.0000e+00 0.0000e+00 0.0000e+00 -5.0207e+00 5.1067e-01 0.0000e+00 0.0000e+00 -5.1067e-01 -4.8361e+00 
140.0 6.2214e+00 -1.5889e+00 0.0000e+00 0.0000e+00 -1.5889e+00 5.7707e+00 0.0000e+00 0.0000e+00 0.0000e+00 0.0000e+00 -5.0916e+00 5.0205e-01 0.0000e+00 0.0000e+00 -5.0205e-01 -4.9038e+00 
141.0 6.2239e+00 -1.5036e+00 0.0000e+00 0.0000e+00 -1.5036e+00 5.7790e+00 0.0000e+00 0.0000e+00 0.0000e+00 0.0000e+00 -5.1604e+00 4.9257e-01 0.0000e+00 0.0000e+00 -4.9257e-01 -4.9692e+00 
142.0 6.2284e+00 -1.4204e+00 0.0000e+00 0.0000e+00 -1.4204e+00 5.7890e+00 0.0000e+00 0.0000e+00 0.0000e+00 0.0000e+00 -5.2271e+00 4.8225e-01 0.0000e+00 0.0000e+00 -4.8225e-01 -5.0324e+00 
143.0 6.2348e+00 -1.3393e+00 0.0000e+00 0.0000e+00 -1.3393e+00 5.8007e+00 0.0000e+00 0.0000e+00 0.0000e+00 0.0000e+00 -5.2918e+00 4.7112e-01 0.0000e+00 0.0000e+00 -4.7112e-01 -5.0934e+00 
144.0 6.2430e+00 -1.2603e+00 0.0000e+00 0.0000e+00 -1.2603e+00 5.8138e+00 0.0000e+00 0.0000e+00 0.0000e+00 0.0000e+00 -5.3546e+00 4.5922e-01 0.0000e+00 0.0000e+00 -4.5922e-01 -5.1522e+00 
145.0 6.2529e+00 -1.1834e+00 0.0000e+00 0.0000e+00 -1.1834e+00 5.8284e+00 0.0000e+00 0.0000e+00 0.0000e+00 0.0000e+00 -5.4154e+00 4.4658e-01 0.0000e+00 0.0000e+00 -4.4658e-01 -5.2089e+00 
146.0 6.2645e+00 -1.1087e+00 0.0000e+00 0.0000e+00 -1.1087e+00 5.8443e+00 0.0000e+00 0.0000e+00 0.0000e+00 0.0000e+00 -5.4744e+00 4.3323e-01 0.0000e+00 0.0000e+00 -4.3323e-01 -5.2634e+00 
147.0 6.2776e+00 -1.0362e+00 0.0000e+00 0.0000e+00 -1.0362e+00 5.8613e+00 0.0000e+00 0.0000e+00 0.0000e+00 0.0000e+00 -5.5316e+00 4.1920e-01 0.0000e+00 0.0000e+00 -4.1920e-01 -5.3159e+00 
148.0 6.2922e+00 -9.6599e-01 0.0000e+00 0.0000e+00 -9.6599e-01 5.8795e+00 0.0000e+00 0.0000e+00 0.0000e+00 0.0000e+00 -5.5870e+00 4.0455e-01 0.0000e+00 0.0000e+00 -4.0455e-01 -5.3664e+00 
149.0 6.3082e+00 -8.9797e-01 0.0000e+00 0.0000e+00 -8.9797e-01 5.8987e+00 0.0000e+00 0.0000e+00 0.0000e+00 0.0000e+00 -5.6406e+00 3.8932e-01 0.0000e+00 0.0000e+00 -3.8932e-01 -5.4148e+00 
150.0 6.3255e+00 -8.3223e-01 0.0000e+00 0.0000e+00 -8.3223e-01 5.9188e+00 0.0000e+00 0.0000e+00 0.0000e+00 0.0000e+00 -5.6925e+00 3.7355e-01 0.0000e+00 0.0000e+00 -3.7355e-01 -5.4611e+00 
151.0 6.3441e+00 -7.6878e-01 0.0000e+00 0.0000e+00 -7.6878e-01 5.9397e+00 0.0000e+00 0.0000e+00 0.0000e+00 0.0000e+00 -5.7428e+00 3.5728e-01 0.0000e+00 0.0000e+00 -3.5728e-01 -5.5055e+00 
152.0 6.3638e+00 -7.0766e-01 0.0000e+00 0.0000e+00 -7.0766e-01 5.9613e+00 0.0000e+00 0.0000e+00 0.0000e+00 0.0000e+00 -5.7913e+00 3.4054e-01 0.0000e+00 0.0000e+00 -3.4054e-01 -5.5480e+00 
153.0 6.3845e+00 -6.4890e-01 0.0000e+00 0.0000e+00 -6.4890e-01 5.9836e+00 0.0000e+00 0.0000e+00 0.0000e+00 0.0000e+00 -5.8382e+00 3.2337e-01 0.0000e+00 0.0000e+00 -3.2337e-01 -5.5885e+00 
154.0 6.4062e+00 -5.9256e-01 0.0000e+00 0.0000e+00 -5.9256e-01 6.0063e+00 0.0000e+00 0.0000e+00 0.0000e+00 0.0000e+00 -5.8836e+00 3.0576e-01 0.0000e+00 0.0000e+00 -3.0576e-01 -5.6270e+00 
155.0 6.4287e+00 -5.3869e-01 0.0000e+00 0.0000e+00 -5.3869e-01 6.0294e+00 0.0000e+00 0.0000e+00 0.0000e+00 0.0000e+00 -5.9273e+00 2.8772e-01 0.0000e+00 0.0000e+00 -2.8772e-01 -5.6637e+00 
156.0 6.4519e+00 -4.8736e-01 0.0000e+00 0.0000e+00 -4.8736e-01 6.0527e+00 0.0000e+00 0.0000e+00 0.0000e+00 0.0000e+00 -5.9695e+00 2.6926e-01 0.0000e+00 0.0000e+00 -2.6926e-01 -5.6984e+00 
157.0 6.4757e+00 -4.3864e-01 0.0000e+00 0.0000e+00 -4.3864e-01 6.0760e+00 0.0000e+00 0.0000e+00 0.0000e+00 0.0000e+00 -6.0103e+00 2.5037e-01 0.0000e+00 0.0000e+00 -2.5037e-01 -5.7313e+00 
158.0 6.4999e+00 -3.9260e-01 0.0000e+00 0.0000e+00 -3.9260e-01 6.0991e+00 0.0000e+00 0.0000e+00 0.0000e+00 0.0000e+00 -6.0496e+00 2.3106e-01 0.0000e+00 0.0000e+00 -2.3106e-01 -5.7623e+00 
159.0 6.5243e+00 -3.4934e-01 0.0000e+00 0.0000e+00 -3.4934e-01 6.1219e+00 0.0000e+00 0.0000e+00 0.0000e+00 0.0000e+00 -6.0875e+00 2.1132e-01 0.0000e+00 0.0000e+00 -2.1132e-01 -5.7914e+00 
160.0 6.5490e+00 -3.0891e-01 0.0000e+00 0.0000e+00 -3.0891e-01 6.1442e+00 0.0000e+00 0.0000e+00 0.0000e+00 0.0000e+00 -6.1240e+00 1.9121e-01 0.0000e+00 0.0000e+00 -1.9121e-01 -5.8186e+00 
161.0 6.5737e+00 -2.7136e-01 0.0000e+00 0.0000e+00 -2.7136e-01 6.1659e+00 0.0000e+00 0.0000e+00 0.0000e+00 0.0000e+00 -6.1592e+00 1.7080e-01 0.0000e+00 0.0000e+00 -1.7080e-01 -5.8438e+00 
162.0 6.5986e+00 -2.3671e-01 0.0000e+00 0.0000e+00 -2.3671e-01 6.1868e+00 0.0000e+00 0.0000e+00 0.0000e+00 0.0000e+00 -6.1931e+00 1.5020e-01 0.0000e+00 0.0000e+00 -1.5020e-01 -5.8669e+00 
163.0 6.6237e+00 -2.0497e-01 0.0000e+00 0.0000e+00 -2.0497e-01 6.2069e+00 0.0000e+00 0.0000e+00 0.0000e+00 0.0000e+00 -6.2258e+00 1.2958e-01 0.0000e+00 0.0000e+00 -1.2958e-01 -5.8880e+00 
164.0 6.6490e+00 -1.7611e-01 0.0000e+00 0.0000e+00 -1.7611e-01 6.2263e+00 0.0000e+00 0.0000e+00 0.0000e+00 0.0000e+00 -6.2574e+00 1.0916e-01 0.0000e+00 0.0000e+00 -1.0916e-01 -5.9069e+00 
165.0 6.6747e+00 -1.5007e-01 0.0000e+00 0.0000e+00 -1.5007e-01 6.2449e+00 0.0000e+00 0.0000e+00 0.0000e+00 0.0000e+00 -6.2879e+00 8.9210e-02 0.0000e+00 0.0000e+00 -8.9210e-02 -5.9238e+00 
166.0 6.7009e+00 -1.2676e-01 0.0000e+00 0.0000e+00 -1.2676e-01 6.2628e+00 0.0000e+00 0.0000e+00 0.0000e+00 0.0000e+00 -6.3175e+00 7.0019e-02 0.0000e+00 0.0000e+00 -7.0019e-02 -5.9385e+00 
167.0 6.7278e+00 -1.0608e-01 0.0000e+00 0.0000e+00 -1.0608e-01 6.2801e+00 0.0000e+00 0.0000e+00 0.0000e+00 0.0000e+00 -6.3463e+00 5.1921e-02 0.0000e+00 0.0000e+00 -5.1921e-02 -5.9511e+00 
168.0 6.7557e+00 -8.7893e-02 0.0000e+00 0.0000e+00 -8.7893e-02 6.2969e+00 0.0000e+00 0.0000e+00 0.0000e+00 0.0000e+00 -6.3744e+00 3.5284e-02 0.0000e+00 0.0000e+00 -3.5284e-02 -5.9617e+00 
169.0 6.7846e+00 -7.2019e-02 0.0000e+00 0.0000e+00 -7.2019e-02 6.3134e+00 0.0000e+00 0.0000e+00 0.0000e+00 0.0000e+00 -6.4017e+00 2.0497e-02 0.0000e+00 0.0000e+00 -2.0497e-02 -5.9701e+00 
170.0 6.8148e+00 -5.8260e-02 0.0000e+00 0.0000e+00 -5.8260e-02 6.3298e+00 0.0000e+00 0.0000e+00 0.0000e+00 0.0000e+00 -6.4284e+00 7.9698e-03 0.0000e+00 0.0000e+00 -7.9698e-03 -5.9766e+00 
171.0 6.8462e+00 -4.6384e-02 0.0000e+00 0.0000e+00 -4.6384e-02 6.3462e+00 0.0000e+00 0.0000e+00 0.0000e+00 0.0000e+00 -6.4544e+00 -1.8972e-03 0.0000e+00 0.0000e+00 1.8972e-03 -5.9812e+00 
172.0 6.8789e+00 -3.6141e-02 0.0000e+00 0.0000e+00 -3.6141e-02 6.3627e+00 0.0000e+00 0.0000e+00 0.0000e+00 0.0000e+00 -6.4795e+00 -8.7734e-03 0.0000e+00 0.0000e+00 8.7734e-03 -5.9842e+00 
173.0 6.9124e+00 -2.7289e-02 0.0000e+00 0.0000e+00 -2.7289e-02 6.3795e+00 0.0000e+00 0.0000e+00 0.0000e+00 0.0000e+00 -6.5034e+00 -1.2495e-02 0.0000e+00 0.0000e+00 1.2495e-02 -5.9857e+00 
174.0 6.9457e+00 -1.9636e-02 0.0000e+00 0.0000e+00 -1.9636e-02 6.3961e+00 0.0000e+00 0.0000e+00 0.0000e+00 0.0000e+00 -6.5256e+00 -1.3185e-02 0.0000e+00 0.0000e+00 1.3185e-02 -5.9860e+00 
175.0 6.9776e+00 -1.3083e-02 0.0000e+00 0.0000e+00 -1.3083e-02 6.4122e+00 0.0000e+00 0.0000e+00 0.0000e+00 0.0000e+00 -6.5454e+00 -1.1352e-02 0.0000e+00 0.0000e+00 1.1352e-02 -5.9854e+00 
176.0 7.0061e+00 -7.6599e-03 0.0000e+00 0.0000e+00 -7.6599e-03 6.4267e+00 0.0000e+00 0.0000e+00 0.0000e+00 0.0000e+00 -6.5620e+00 -7.9118e-03 0.0000e+00 0.0000e+00 7.9118e-03 -5.9844e+00 
177.0 7.0288e+00 -3.5231e-03 0.0000e+00 0.0000e+00 -3.5231e-03 6.4384e+00 0.0000e+00 0.0000e+00 0.0000e+00 0.0000e+00 -6.5747e+00 -4.0840e-03 0.0000e+00 0.0000e+00 4.0840e-03 -5.9833e+00 
178.0 7.0435e+00 -9.0170e-04 0.0000e+00 0.0000e+00 -9.0170e-04 6.4461e+00 0.0000e+00 0.0000e+00 0.0000e+00 0.0000e+00 -6.5827e+00 -1.1290e-03 0.0000e+00 0.0000e+00 1.1290e-03 -5.9824e+00 
179.0 7.0488e+00 -7.4765e-21 0.0000e+00 0.0000e+00 -7.4765e-21 6.4489e+00 0.0000e+00 0.0000e+00 0.0000e+00 0.0000e+00 -6.5855e+00 -2.0481e-20 0.0000e+00 0.0000e+00 2.0481e-20 -5.9822e+00 
180.0 7.0539e+00 0.0000e+00 0.0000e+00 0.0000e+00 0.0000e+00 6.4515e+00 0.0000e+00 0.0000e+00 0.0000e+00 0.0000e+00 -6.5882e+00 0.0000e+00 0.0000e+00 0.0000e+00 -0.0000e+00 -5.9819e+00 
