1.3280 1.5936 0.2657 0.028504
theta s11 s12 s13 s14 s21 s22 s23 s24 s31 s32 s33 s34 s41 s42 s43 s44
0.0 5.3853e+03 0.0000e+00 0.0000e+00 0.0000e+00 0.0000e+00 5.3827e+03 0.0000e+00 0.0000e+00 0.0000e+00 0.0000e+00 5.3827e+03 0.0000e+00 0.0000e+00 0.0000e+00 -0.0000e+00 5.3801e+03 
1.0 4.4017e+03 -3.7425e-01 0.0000e+00 0.0000e+00 -3.7425e-01 4.3991e+03 0.0000e+00 0.0000e+00 0.0000e+00 0.0000e+00 4.3991e+03 -2.0002e+00 0.0000e+00 0.0000e+00 2.0002e+00 4.3965e+03 
2.0 2.8102e+03 -7.7329e-01 0.0000e+00 0.0000e+00 -7.7329e-01 2.8077e+03 0.0000e+00 0.0000e+00 0.0000e+00 0.0000e+00 2.8076e+03 -6.1680e+00 0.0000e+00 0.0000e+00 6.1680e+00 2.8051e+03 
3.0 1.7258e+03 -8.7259e-01 0.0000e+00 0.0000e+00 -8.7259e-01 1.7232e+03 0.0000e+00 0.0000e+00 0.0000e+00 0.0000e+00 1.7231e+03 -9.3534e+00 0.0000e+00 0.0000e+00 9.3534e+00 1.7206e+03 
4.0 1.1212e+03 -9.2008e-01 0.0000e+00 0.0000e+00 -9.2008e-01 1.1187e+03 0.0000e+00 0.0000e+00 0.0000e+00 0.0000e+00 1.1185e+03 -1.0421e+01 0.0000e+00 0.0000e+00 1.0421e+01 1.1161e+03 
5.0 7.8930e+02 -1.0150e+00 0.0000e+00 0.0000e+00 -1.0150e+00 7.8686e+02 0.0000e+00 0.0000e+00 0.0000e+00 0.0000e+00 7.8658e+02 -1.0173e+01 0.0000e+00 0.0000e+00 1.0173e+01 7.8419e+02 
6.0 5.9762e+02 -1.1486e+00 0.0000e+00 0.0000e+00 -1.1486e+00 5.9521e+02 0.0000e+00 0.0000e+00 0.0000e+00 0.0000e+00 5.9488e+02 -9.5084e+00 0.0000e+00 0.0000e+00 9.5084e+00 5.9253e+02 
7.0 4.7909e+02 -1.3111e+00 0.0000e+00 0.0000e+00 -1.3111e+00 4.7673e+02 0.0000e+00 0.0000e+00 0.0000e+00 0.0000e+00 4.7634e+02 -8.7824e+00 0.0000e+00 0.0000e+00 8.7824e+00 4.7405e+02 
8.0 4.0118e+02 -1.4978e+00 0.0000e+00 0.0000e+00 -1.4978e+00 3.9884e+02 0.0000e+00 0.0000e+00 0.0000e+00 0.0000e+00 3.9842e+02 -8.0989e+00 0.0000e+00 0.0000e+00 8.0989e+00 3.9618e+02 
9.0 3.4714e+02 -1.7043e+00 0.0000e+00 0.0000e+00 -1.7043e+00 3.4482e+02 0.0000e+00 0.0000e+00 0.0000e+00 0.0000e+00 3.4437e+02 -7.4888e+00 0.0000e+00 0.0000e+00 7.4888e+00 3.4218e+02 
10.0 3.0789e+02 -1.9258e+00 0.0000e+00 0.0000e+00 -1.9258e+00 3.0560e+02 0.0000e+00 0.0000e+00 0.0000e+00 0.0000e+00 3.0512e+02 -6.9488e+00 0.0000e+00 0.0000e+00 6.9488e+00 3.0298e+02 
11.0 2.7830e+02 -2.1579e+00 0.0000e+00 0.0000e+00 -2.1579e+00 2.7603e+02 0.0000e+00 0.0000e+00 0.0000e+00 0.0000e+00 2.7552e+02 -6.4772e+00 0.0000e+00 0.0000e+00 6.4772e+00 2.7343e+02 
12.0 2.5517e+02 -2.3975e+00 0.0000e+00 0.0000e+00 -2.3975e+00 2.5292e+02 0.0000e+00 0.0000e+00 0.0000e+00 0.0000e+00 2.5239e+02 -6.0752e+00 0.0000e+00 0.0000e+00 6.0752e+00 2.5035e+02 
13.0 2.3653e+02 -2.6437e+00 0.0000e+00 0.0000e+00 -2.6437e+00 2.3429e+02 0.0000e+00 0.0000e+00 0.0000e+00 0.0000e+00 2.3374e+02 -5.7379e+00 0.0000e+00 0.0000e+00 5.7379e+00 2.3175e+02 
14.0 2.2105e+02 -2.8893e+00 0.0000e+00 0.0000e+00 -2.8893e+00 2.1884e+02 0.0000e+00 0.0000e+00 0.0000e+00 0.0000e+00 2.1827e+02 -5.4719e+00 0.0000e+00 0.0000e+00 5.4719e+00 2.1632e+02 
15.0 2.0787e+02 -3.1390e+00 0.0000e+00 0.0000e+00 -3.1390e+00 2.0567e+02 0.0000e+00 0.0000e+00 0.0000e+00 0.0000e+00 2.0508e+02 -5.2496e+00 0.0000e+00 0.0000e+00 5.2496e+00 2.0317e+02 
16.0 1.9639e+02 -3.3909e+00 0.0000e+00 0.0000e+00 -3.3909e+00 1.9420e+02 0.0000e+00 0.0000e+00 0.0000e+00 0.0000e+00 1.9359e+02 -5.0634e+00 0.0000e+00 0.0000e+00 5.0634e+00 1.9173e+02 
17.0 1.8622e+02 -3.6443e+00 0.0000e+00 0.0000e+00 -3.6443e+00 1.8405e+02 0.0000e+00 0.0000e+00 0.0000e+00 0.0000e+00 1.8342e+02 -4.9102e+00 0.0000e+00 0.0000e+00 4.9102e+00 1.8161e+02 
18.0 1.7707e+02 -3.8985e+00 0.0000e+00 0.0000e+00 -3.8985e+00 1.7492e+02 0.0000e+00 0.0000e+00 0.0000e+00 0.0000e+00 1.7427e+02 -4.7861e+00 0.0000e+00 0.0000e+00 4.7861e+00 1.7250e+02 
19.0 1.6874e+02 -4.1532e+00 0.0000e+00 0.0000e+00 -4.1532e+00 1.6661e+02 0.0000e+00 0.0000e+00 0.0000e+00 0.0000e+00 1.6644e+02 -4.6847e+00 0.0000e+00 0.0000e+00 4.6847e+00 1.6472e+02 
20.0 1.6107e+02 -4.4077e+00 0.0000e+00 0.0000e+00 -4.4077e+00 1.5895e+02 0.0000e+00 0.0000e+00 0.0000e+00 0.0000e+00 1.5923e+02 -4.6011e+00 0.0000e+00 0.0000e+00 4.6011e+00 1.5756e+02 
21.0 1.5396e+02 -4.6612e+00 0.0000e+00 0.0000e+00 -4.6612e+00 1.5185e+02 0.0000e+00 0.0000e+00 0.0000e+00 0.0000e+00 1.5253e+02 -4.5331e+00 0.0000e+00 0.0000e+00 4.5331e+00 1.5091e+02 
22.0 1.4731e+02 -4.9126e+00 0.0000e+00 0.0000e+00 -4.9126e+00 1.4522e+02 0.0000e+00 0.0000e+00 0.0000e+00 0.0000e+00 1.4627e+02 -4.4782e+00 0.0000e+00 0.0000e+00 4.4782e+00 1.4469e+02 
23.0 1.4106e+02 -5.1611e+00 0.0000e+00 0.0000e+00 -5.1611e+00 1.3899e+02 0.0000e+00 0.0000e+00 0.0000e+00 0.0000e+00 1.4038e+02 -4.4324e+00 0.0000e+00 0.0000e+00 4.4324e+00 1.3884e+02 
24.0 1.3517e+02 -5.4061e+00 0.0000e+00 0.0000e+00 -5.4061e+00 1.3311e+02 0.0000e+00 0.0000e+00 0.0000e+00 0.0000e+00 1.3482e+02 -4.3910e+00 0.0000e+00 0.0000e+00 4.3910e+00 1.3331e+02 
25.0 1.2958e+02 -5.6474e+00 0.0000e+00 0.0000e+00 -5.6474e+00 1.2755e+02 0.0000e+00 0.0000e+00 0.0000e+00 0.0000e+00 1.2953e+02 -4.3509e+00 0.0000e+00 0.0000e+00 4.3509e+00 1.2806e+02 
26.0 1.2428e+02 -5.8844e+00 0.0000e+00 0.0000e+00 -5.8844e+00 1.2226e+02 0.0000e+00 0.0000e+00 0.0000e+00 0.0000e+00 1.2451e+02 -4.3105e+00 0.0000e+00 0.0000e+00 4.3105e+00 1.2308e+02 
27.0 1.1923e+02 -6.1166e+00 0.0000e+00 0.0000e+00 -6.1166e+00 1.1723e+02 0.0000e+00 0.0000e+00 0.0000e+00 0.0000e+00 1.1972e+02 -4.2692e+00 0.0000e+00 0.0000e+00 4.2692e+00 1.1832e+02 
28.0 1.1442e+02 -6.3431e+00 0.0000e+00 0.0000e+00 -6.3431e+00 1.1243e+02 0.0000e+00 0.0000e+00 0.0000e+00 0.0000e+00 1.1514e+02 -4.2268e+00 0.0000e+00 0.0000e+00 4.2268e+00 1.1378e+02 
29.0 1.0982e+02 -6.5634e+00 0.0000e+00 0.0000e+00 -6.5634e+00 1.0785e+02 0.0000e+00 0.0000e+00 0.0000e+00 0.0000e+00 1.1076e+02 -4.1827e+00 0.0000e+00 0.0000e+00 4.1827e+00 1.0943e+02 
30.0 1.0541e+02 -6.7769e+00 0.0000e+00 0.0000e+00 -6.7769e+00 1.0346e+02 0.0000e+00 0.0000e+00 0.0000e+00 0.0000e+00 1.0655e+02 -4.1359e+00 0.0000e+00 0.0000e+00 4.1359e+00 1.0525e+02 
31.0 1.0119e+02 -6.9834e+00 0.0000e+00 0.0000e+00 -6.9834e+00 9.9256e+01 0.0000e+00 0.0000e+00 0.0000e+00 0.0000e+00 1.0210e+02 -4.0864e+00 0.0000e+00 0.0000e+00 4.0864e+00 1.0084e+02 
32.0 9.7149e+01 -7.1821e+00 0.0000e+00 0.0000e+00 -7.1821e+00 9.5228e+01 0.0000e+00 0.0000e+00 0.0000e+00 0.0000e+00 9.7828e+01 -4.0345e+00 0.0000e+00 0.0000e+00 4.0345e+00 9.6608e+01 
33.0 9.3270e+01 -7.3726e+00 0.0000e+00 0.0000e+00 -7.3726e+00 9.1366e+01 0.0000e+00 0.0000e+00 0.0000e+00 0.0000e+00 9.3730e+01 -3.9801e+00 0.0000e+00 0.0000e+00 3.9801e+00 9.2549e+01 
34.0 8.9549e+01 -7.5545e+00 0.0000e+00 0.0000e+00 -7.5545e+00 8.7661e+01 0.0000e+00 0.0000e+00 0.0000e+00 0.0000e+00 8.9796e+01 -3.9232e+00 0.0000e+00 0.0000e+00 3.9232e+00 8.8654e+01 
35.0 8.5979e+01 -7.7275e+00 0.0000e+00 0.0000e+00 -7.7275e+00 8.4106e+01 0.0000e+00 0.0000e+00 0.0000e+00 0.0000e+00 8.6019e+01 -3.8637e+00 0.0000e+00 0.0000e+00 3.8637e+00 8.4914e+01 
36.0 8.2553e+01 -7.8914e+00 0.0000e+00 0.0000e+00 -7.8914e+00 8.0696e+01 0.0000e+00 0.0000e+00 0.0000e+00 0.0000e+00 8.2390e+01 -3.8012e+00 0.0000e+00 0.0000e+00 3.8012e+00 8.1322e+01 
37.0 7.9267e+01 -8.0466e+00 0.0000e+00 0.0000e+00 -8.0466e+00 7.7426e+01 0.0000e+00 0.0000e+00 0.0000e+00 0.0000e+00 7.8905e+01 -3.7357e+00 0.0000e+00 0.0000e+00 3.7357e+00 7.7874e+01 
38.0 7.6116e+01 -8.1934e+00 0.0000e+00 0.0000e+00 -8.1934e+00 7.4291e+01 0.0000e+00 0.0000e+00 0.0000e+00 0.0000e+00 7.5559e+01 -3.6671e+00 0.0000e+00 0.0000e+00 3.6671e+00 7.4563e+01 
39.0 7.3096e+01 -8.3317e+00 0.0000e+00 0.0000e+00 -8.3317e+00 7.1286e+01 0.0000e+00 0.0000e+00 0.0000e+00 0.0000e+00 7.2347e+01 -3.5958e+00 0.0000e+00 0.0000e+00 3.5958e+00 7.1386e+01 
40.0 7.0201e+01 -8.4616e+00 0.0000e+00 0.0000e+00 -8.4616e+00 6.8406e+01 0.0000e+00 0.0000e+00 0.0000e+00 0.0000e+00 6.9263e+01 -3.5223e+00 0.0000e+00 0.0000e+00 3.5223e+00 6.8337e+01 
41.0 6.7425e+01 -8.5830e+00 0.0000e+00 0.0000e+00 -8.5830e+00 6.5645e+01 0.0000e+00 0.0000e+00 0.0000e+00 0.0000e+00 6.6302e+01 -3.4468e+00 0.0000e+00 0.0000e+00 3.4468e+00 6.5410e+01 
42.0 6.4764e+01 -8.6955e+00 0.0000e+00 0.0000e+00 -8.6955e+00 6.2999e+01 0.0000e+00 0.0000e+00 0.0000e+00 0.0000e+00 6.3459e+01 -3.3695e+00 0.0000e+00 0.0000e+00 3.3695e+00 6.2600e+01 
43.0 6.2212e+01 -8.7993e+00 0.0000e+00 0.0000e+00 -8.7993e+00 6.0461e+01 0.0000e+00 0.0000e+00 0.0000e+00 0.0000e+00 6.0729e+01 -3.2906e+00 0.0000e+00 0.0000e+00 3.2906e+00 5.9902e+01 
44.0 5.9764e+01 -8.8942e+00 0.0000e+00 0.0000e+00 -8.8942e+00 5.8028e+01 0.0000e+00 0.0000e+00 0.0000e+00 0.0000e+00 5.8106e+01 -3.2102e+00 0.0000e+00 0.0000e+00 3.2102e+00 5.7312e+01 
45.0 5.7416e+01 -8.9804e+00 0.0000e+00 0.0000e+00 -8.9804e+00 5.5694e+01 0.0000e+00 0.0000e+00 0.0000e+00 0.0000e+00 5.5587e+01 -3.1282e+00 0.0000e+00 0.0000e+00 3.1282e+00 5.4824e+01 
46.0 5.5165e+01 -9.0582e+00 0.0000e+00 0.0000e+00 -9.0582e+00 5.3457e+01 0.0000e+00 0.0000e+00 0.0000e+00 0.0000e+00 5.3168e+01 -3.0446e+00 0.0000e+00 0.0000e+00 3.0446e+00 5.2436e+01 
47.0 5.3007e+01 -9.1276e+00 0.0000e+00 0.0000e+00 -9.1276e+00 5.1312e+01 0.0000e+00 0.0000e+00 0.0000e+00 0.0000e+00 5.0845e+01 -2.9597e+00 0.0000e+00 0.0000e+00 2.9597e+00 5.0143e+01 
48.0 5.0939e+01 -9.1889e+00 0.0000e+00 0.0000e+00 -9.1889e+00 4.9257e+01 0.0000e+00 0.0000e+00 0.0000e+00 0.0000e+00 4.8613e+01 -2.8736e+00 0.0000e+00 0.0000e+00 2.8736e+00 4.7942e+01 
49.0 4.8957e+01 -9.2421e+00 0.0000e+00 0.0000e+00 -9.2421e+00 4.7288e+01 0.0000e+00 0.0000e+00 0.0000e+00 0.0000e+00 4.6471e+01 -2.7864e+00 0.0000e+00 0.0000e+00 2.7864e+00 4.5829e+01 
50.0 4.7058e+01 -9.2877e+00 0.0000e+00 0.0000e+00 -9.2877e+00 4.5402e+01 0.0000e+00 0.0000e+00 0.0000e+00 0.0000e+00 4.4414e+01 -2.6984e+00 0.0000e+00 0.0000e+00 2.6984e+00 4.3801e+01 
51.0 4.5239e+01 -9.3256e+00 0.0000e+00 0.0000e+00 -9.3256e+00 4.3595e+01 0.0000e+00 0.0000e+00 0.0000e+00 0.0000e+00 4.2440e+01 -2.6097e+00 0.0000e+00 0.0000e+00 2.6097e+00 4.1854e+01 
52.0 4.3497e+01 -9.3562e+00 0.0000e+00 0.0000e+00 -9.3562e+00 4.1866e+01 0.0000e+00 0.0000e+00 0.0000e+00 0.0000e+00 4.0544e+01 -2.5204e+00 0.0000e+00 0.0000e+00 2.5204e+00 3.9986e+01 
53.0 4.1829e+01 -9.3798e+00 0.0000e+00 0.0000e+00 -9.3798e+00 4.0210e+01 0.0000e+00 0.0000e+00 0.0000e+00 0.0000e+00 3.8724e+01 -2.4306e+00 0.0000e+00 0.0000e+00 2.4306e+00 3.8193e+01 
54.0 4.0233e+01 -9.3965e+00 0.0000e+00 0.0000e+00 -9.3965e+00 3.8626e+01 0.0000e+00 0.0000e+00 0.0000e+00 0.0000e+00 3.6977e+01 -2.3406e+00 0.0000e+00 0.0000e+00 2.3406e+00 3.6473e+01 
55.0 3.8705e+01 -9.4065e+00 0.0000e+00 0.0000e+00 -9.4065e+00 3.7109e+01 0.0000e+00 0.0000e+00 0.0000e+00 0.0000e+00 3.5300e+01 -2.2506e+00 0.0000e+00 0.0000e+00 2.2506e+00 3.4822e+01 
56.0 3.7243e+01 -9.4100e+00 0.0000e+00 0.0000e+00 -9.4100e+00 3.5658e+01 0.0000e+00 0.0000e+00 0.0000e+00 0.0000e+00 3.3690e+01 -2.1607e+00 0.0000e+00 0.0000e+00 2.1607e+00 3.3238e+01 
57.0 3.5844e+01 -9.4073e+00 0.0000e+00 0.0000e+00 -9.4073e+00 3.4270e+01 0.0000e+00 0.0000e+00 0.0000e+00 0.0000e+00 3.2145e+01 -2.0710e+00 0.0000e+00 0.0000e+00 2.0710e+00 3.1718e+01 
58.0 3.4504e+01 -9.3985e+00 0.0000e+00 0.0000e+00 -9.3985e+00 3.2942e+01 0.0000e+00 0.0000e+00 0.0000e+00 0.0000e+00 3.0662e+01 -1.9818e+00 0.0000e+00 0.0000e+00 1.9818e+00 3.0260e+01 
59.0 3.3223e+01 -9.3837e+00 0.0000e+00 0.0000e+00 -9.3837e+00 3.1671e+01 0.0000e+00 0.0000e+00 0.0000e+00 0.0000e+00 2.9238e+01 -1.8930e+00 0.0000e+00 0.0000e+00 1.8930e+00 2.8860e+01 
60.0 3.1997e+01 -9.3633e+00 0.0000e+00 0.0000e+00 -9.3633e+00 3.0455e+01 0.0000e+00 0.0000e+00 0.0000e+00 0.0000e+00 2.7871e+01 -1.8048e+00 0.0000e+00 0.0000e+00 1.8048e+00 2.7517e+01 
61.0 3.0824e+01 -9.3375e+00 0.0000e+00 0.0000e+00 -9.3375e+00 2.9293e+01 0.0000e+00 0.0000e+00 0.0000e+00 0.0000e+00 2.6559e+01 -1.7173e+00 0.0000e+00 0.0000e+00 1.7173e+00 2.6228e+01 
62.0 2.9702e+01 -9.3064e+00 0.0000e+00 0.0000e+00 -9.3064e+00 2.8180e+01 0.0000e+00 0.0000e+00 0.0000e+00 0.0000e+00 2.5299e+01 -1.6306e+00 0.0000e+00 0.0000e+00 1.6306e+00 2.4991e+01 
63.0 2.8628e+01 -9.2703e+00 0.0000e+00 0.0000e+00 -9.2703e+00 2.7117e+01 0.0000e+00 0.0000e+00 0.0000e+00 0.0000e+00 2.4089e+01 -1.5448e+00 0.0000e+00 0.0000e+00 1.5448e+00 2.3803e+01 
64.0 2.7602e+01 -9.2294e+00 0.0000e+00 0.0000e+00 -9.2294e+00 2.6100e+01 0.0000e+00 0.0000e+00 0.0000e+00 0.0000e+00 2.2927e+01 -1.4601e+00 0.0000e+00 0.0000e+00 1.4601e+00 2.2664e+01 
65.0 2.6620e+01 -9.1838e+00 0.0000e+00 0.0000e+00 -9.1838e+00 2.5128e+01 0.0000e+00 0.0000e+00 0.0000e+00 0.0000e+00 2.1812e+01 -1.3765e+00 0.0000e+00 0.0000e+00 1.3765e+00 2.1571e+01 
66.0 2.5681e+01 -9.1337e+00 0.0000e+00 0.0000e+00 -9.1337e+00 2.4198e+01 0.0000e+00 0.0000e+00 0.0000e+00 0.0000e+00 2.0741e+01 -1.2943e+00 0.0000e+00 0.0000e+00 1.2943e+00 2.0521e+01 
67.0 2.4783e+01 -9.0793e+00 0.0000e+00 0.0000e+00 -9.0793e+00 2.3310e+01 0.0000e+00 0.0000e+00 0.0000e+00 0.0000e+00 1.9713e+01 -1.2134e+00 0.0000e+00 0.0000e+00 1.2134e+00 1.9513e+01 
68.0 2.3924e+01 -9.0207e+00 0.0000e+00 0.0000e+00 -9.0207e+00 2.2460e+01 0.0000e+00 0.0000e+00 0.0000e+00 0.0000e+00 1.8725e+01 -1.1339e+00 0.0000e+00 0.0000e+00 1.1339e+00 1.8546e+01 
69.0 2.3104e+01 -8.9582e+00 0.0000e+00 0.0000e+00 -8.9582e+00 2.1649e+01 0.0000e+00 0.0000e+00 0.0000e+00 0.0000e+00 1.7776e+01 -1.0559e+00 0.0000e+00 0.0000e+00 1.0559e+00 1.7617e+01 
70.0 2.2319e+01 -8.8919e+00 0.0000e+00 0.0000e+00 -8.8919e+00 2.0873e+01 0.0000e+00 0.0000e+00 0.0000e+00 0.0000e+00 1.6864e+01 -9.7936e-01 0.0000e+00 0.0000e+00 9.7936e-01 1.6725e+01 
71.0 2.1569e+01 -8.8220e+00 0.0000e+00 0.0000e+00 -8.8220e+00 2.0132e+01 0.0000e+00 0.0000e+00 0.0000e+00 0.0000e+00 1.5988e+01 -9.0441e-01 0.0000e+00 0.0000e+00 9.0441e-01 1.5869e+01 
72.0 2.0852e+01 -8.7486e+00 0.0000e+00 0.0000e+00 -8.7486e+00 1.9424e+01 0.0000e+00 0.0000e+00 0.0000e+00 0.0000e+00 1.5147e+01 -8.3109e-01 0.0000e+00 0.0000e+00 8.3109e-01 1.5046e+01 
73.0 2.0167e+01 -8.6720e+00 0.0000e+00 0.0000e+00 -8.6720e+00 1.8747e+01 0.0000e+00 0.0000e+00 0.0000e+00 0.0000e+00 1.4338e+01 -7.5942e-01 0.0000e+00 0.0000e+00 7.5942e-01 1.4256e+01 
74.0 1.9512e+01 -8.5922e+00 0.0000e+00 0.0000e+00 -8.5922e+00 1.8101e+01 0.0000e+00 0.0000e+00 0.0000e+00 0.0000e+00 1.3561e+01 -6.8944e-01 0.0000e+00 0.0000e+00 6.8944e-01 1.3497e+01 
75.0 1.8887e+01 -8.5095e+00 0.0000e+00 0.0000e+00 -8.5095e+00 1.7485e+01 0.0000e+00 0.0000e+00 0.0000e+00 0.0000e+00 1.2813e+01 -6.2118e-01 0.0000e+00 0.0000e+00 6.2118e-01 1.2767e+01 
76.0 1.8289e+01 -8.4240e+00 0.0000e+00 0.0000e+00 -8.4240e+00 1.6896e+01 0.0000e+00 0.0000e+00 0.0000e+00 0.0000e+00 1.2095e+01 -5.5465e-01 0.0000e+00 0.0000e+00 5.5465e-01 1.2066e+01 
77.0 1.7718e+01 -8.3358e+00 0.0000e+00 0.0000e+00 -8.3358e+00 1.6333e+01 0.0000e+00 0.0000e+00 0.0000e+00 0.0000e+00 1.1404e+01 -4.8985e-01 0.0000e+00 0.0000e+00 4.8985e-01 1.1393e+01 
78.0 1.7172e+01 -8.2450e+00 0.0000e+00 0.0000e+00 -8.2450e+00 1.5796e+01 0.0000e+00 0.0000e+00 0.0000e+00 0.0000e+00 1.0740e+01 -4.2675e-01 0.0000e+00 0.0000e+00 4.2675e-01 1.0745e+01 
79.0 1.6651e+01 -8.1519e+00 0.0000e+00 0.0000e+00 -8.1519e+00 1.5284e+01 0.0000e+00 0.0000e+00 0.0000e+00 0.0000e+00 1.0102e+01 -3.6534e-01 0.0000e+00 0.0000e+00 3.6534e-01 1.0122e+01 
80.0 1.6153e+01 -8.0565e+00 0.0000e+00 0.0000e+00 -8.0565e+00 1.4795e+01 0.0000e+00 0.0000e+00 0.0000e+00 0.0000e+00 9.4872e+00 -3.0562e-01 0.0000e+00 0.0000e+00 3.0562e-01 9.5239e+00 
81.0 1.5678e+01 -7.9590e+00 0.0000e+00 0.0000e+00 -7.9590e+00 1.4329e+01 0.0000e+00 0.0000e+00 0.0000e+00 0.0000e+00 8.8961e+00 -2.4759e-01 0.0000e+00 0.0000e+00 2.4759e-01 8.9484e+00 
82.0 1.5224e+01 -7.8595e+00 0.0000e+00 0.0000e+00 -7.8595e+00 1.3883e+01 0.0000e+00 0.0000e+00 0.0000e+00 0.0000e+00 8.3275e+00 -1.9126e-01 0.0000e+00 0.0000e+00 1.9126e-01 8.3949e+00 
83.0 1.4790e+01 -7.7582e+00 0.0000e+00 0.0000e+00 -7.7582e+00 1.3459e+01 0.0000e+00 0.0000e+00 0.0000e+00 0.0000e+00 7.7804e+00 -1.3662e-01 0.0000e+00 0.0000e+00 1.3662e-01 7.8625e+00 
84.0 1.4377e+01 -7.6552e+00 0.0000e+00 0.0000e+00 -7.6552e+00 1.3054e+01 0.0000e+00 0.0000e+00 0.0000e+00 0.0000e+00 7.2538e+00 -8.3660e-02 0.0000e+00 0.0000e+00 8.3660e-02 7.3503e+00 
85.0 1.3981e+01 -7.5506e+00 0.0000e+00 0.0000e+00 -7.5506e+00 1.2668e+01 0.0000e+00 0.0000e+00 0.0000e+00 0.0000e+00 6.7469e+00 -3.2362e-02 0.0000e+00 0.0000e+00 3.2362e-02 6.8574e+00 
86.0 1.3604e+01 -7.4445e+00 0.0000e+00 0.0000e+00 -7.4445e+00 1.2299e+01 0.0000e+00 0.0000e+00 0.0000e+00 0.0000e+00 6.2590e+00 1.7288e-02 0.0000e+00 0.0000e+00 -1.7288e-02 6.3831e+00 
87.0 1.3244e+01 -7.3370e+00 0.0000e+00 0.0000e+00 -7.3370e+00 1.1948e+01 0.0000e+00 0.0000e+00 0.0000e+00 0.0000e+00 5.7892e+00 6.5298e-02 0.0000e+00 0.0000e+00 -6.5298e-02 5.9265e+00 
88.0 1.2901e+01 -7.2283e+00 0.0000e+00 0.0000e+00 -7.2283e+00 1.1614e+01 0.0000e+00 0.0000e+00 0.0000e+00 0.0000e+00 5.3368e+00 1.1167e-01 0.0000e+00 0.0000e+00 -1.1167e-01 5.4870e+00 
89.0 1.2573e+01 -7.1184e+00 0.0000e+00 0.0000e+00 -7.1184e+00 1.1295e+01 0.0000e+00 0.0000e+00 0.0000e+00 0.0000e+00 4.9011e+00 1.5641e-01 0.0000e+00 0.0000e+00 -1.5641e-01 5.0638e+00 
90.0 1.2261e+01 -7.0075e+00 0.0000e+00 0.0000e+00 -7.0075e+00 1.0992e+01 0.0000e+00 0.0000e+00 0.0000e+00 0.0000e+00 4.4814e+00 1.9950e-01 0.0000e+00 0.0000e+00 -1.9950e-01 4.6562e+00 
91.0 1.1962e+01 -6.8957e+00 0.0000e+00 0.0000e+00 -6.8957e+00 1.0703e+01 0.0000e+00 0.0000e+00 0.0000e+00 0.0000e+00 4.0771e+00 2.4094e-01 0.0000e+00 0.0000e+00 -2.4094e-01 4.2636e+00 
92.0 1.1678e+01 -6.7830e+00 0.0000e+00 0.0000e+00 -6.7830e+00 1.0427e+01 0.0000e+00 0.0000e+00 0.0000e+00 0.0000e+00 3.6875e+00 2.8074e-01 0.0000e+00 0.0000e+00 -2.8074e-01 3.8853e+00 
93.0 1.1407e+01 -6.6695e+00 0.0000e+00 0.0000e+00 -6.6695e+00 1.0165e+01 0.0000e+00 0.0000e+00 0.0000e+00 0.0000e+00 3.3121e+00 3.1890e-01 0.0000e+00 0.0000e+00 -3.1890e-01 3.5208e+00 
94.0 1.1148e+01 -6.5553e+00 0.0000e+00 0.0000e+00 -6.5553e+00 9.9160e+00 0.0000e+00 0.0000e+00 0.0000e+00 0.0000e+00 2.9503e+00 3.5542e-01 0.0000e+00 0.0000e+00 -3.5542e-01 3.1694e+00 
95.0 1.0902e+01 -6.4404e+00 0.0000e+00 0.0000e+00 -6.4404e+00 9.6789e+00 0.0000e+00 0.0000e+00 0.0000e+00 0.0000e+00 2.6014e+00 3.9033e-01 0.0000e+00 0.0000e+00 -3.9033e-01 2.8306e+00 
96.0 1.0667e+01 -6.3249e+00 0.0000e+00 0.0000e+00 -6.3249e+00 9.4536e+00 0.0000e+00 0.0000e+00 0.0000e+00 0.0000e+00 2.2650e+00 4.2364e-01 0.0000e+00 0.0000e+00 -4.2364e-01 2.5038e+00 
97.0 1.0444e+01 -6.2089e+00 0.0000e+00 0.0000e+00 -6.2089e+00 9.2394e+00 0.0000e+00 0.0000e+00 0.0000e+00 0.0000e+00 1.9406e+00 4.5538e-01 0.0000e+00 0.0000e+00 -4.5538e-01 2.1886e+00 
98.0 1.0231e+01 -6.0924e+00 0.0000e+00 0.0000e+00 -6.0924e+00 9.0360e+00 0.0000e+00 0.0000e+00 0.0000e+00 0.0000e+00 1.6277e+00 4.8559e-01 0.0000e+00 0.0000e+00 -4.8559e-01 1.8844e+00 
99.0 1.0028e+01 -5.9755e+00 0.0000e+00 0.0000e+00 -5.9755e+00 8.8430e+00 0.0000e+00 0.0000e+00 0.0000e+00 0.0000e+00 1.3258e+00 5.1429e-01 0.0000e+00 0.0000e+00 -5.1429e-01 1.5908e+00 
100.0 9.8353e+00 -5.8582e+00 0.0000e+00 0.0000e+00 -5.8582e+00 8.6599e+00 0.0000e+00 0.0000e+00 0.0000e+00 0.0000e+00 1.0346e+00 5.4152e-01 0.0000e+00 0.0000e+00 -5.4152e-01 1.3074e+00 
101.0 9.6519e+00 -5.7406e+00 0.0000e+00 0.0000e+00 -5.7406e+00 8.4863e+00 0.0000e+00 0.0000e+00 0.0000e+00 0.0000e+00 7.5344e-01 5.6729e-01 0.0000e+00 0.0000e+00 -5.6729e-01 1.0338e+00 
102.0 9.4776e+00 -5.6228e+00 0.0000e+00 0.0000e+00 -5.6228e+00 8.3220e+00 0.0000e+00 0.0000e+00 0.0000e+00 0.0000e+00 4.8208e-01 5.9163e-01 0.0000e+00 0.0000e+00 -5.9163e-01 7.6940e-01 
103.0 9.3121e+00 -5.5048e+00 0.0000e+00 0.0000e+00 -5.5048e+00 8.1665e+00 0.0000e+00 0.0000e+00 0.0000e+00 0.0000e+00 2.2010e-01 6.1458e-01 0.0000e+00 0.0000e+00 -6.1458e-01 5.1400e-01 
104.0 9.1550e+00 -5.3866e+00 0.0000e+00 0.0000e+00 -5.3866e+00 8.0195e+00 0.0000e+00 0.0000e+00 0.0000e+00 0.0000e+00 -3.2897e-02 6.3614e-01 0.0000e+00 0.0000e+00 -6.3614e-01 2.6716e-01 
105.0 9.0059e+00 -5.2684e+00 0.0000e+00 0.0000e+00 -5.2684e+00 7.8806e+00 0.0000e+00 0.0000e+00 0.0000e+00 0.0000e+00 -2.7726e-01 6.5634e-01 0.0000e+00 0.0000e+00 -6.5634e-01 2.8544e-02 
106.0 8.8645e+00 -5.1501e+00 0.0000e+00 0.0000e+00 -5.1501e+00 7.7496e+00 0.0000e+00 0.0000e+00 0.0000e+00 0.0000e+00 -5.1332e-01 6.7521e-01 0.0000e+00 0.0000e+00 -6.7521e-01 -2.0218e-01 
107.0 8.7306e+00 -5.0318e+00 0.0000e+00 0.0000e+00 -5.0318e+00 7.6261e+00 0.0000e+00 0.0000e+00 0.0000e+00 0.0000e+00 -7.4143e-01 6.9278e-01 0.0000e+00 0.0000e+00 -6.9278e-01 -4.2535e-01 
108.0 8.6038e+00 -4.9136e+00 0.0000e+00 0.0000e+00 -4.9136e+00 7.5099e+00 0.0000e+00 0.0000e+00 0.0000e+00 0.0000e+00 -9.6189e-01 7.0907e-01 0.0000e+00 0.0000e+00 -7.0907e-01 -6.4128e-01 
109.0 8.4839e+00 -4.7954e+00 0.0000e+00 0.0000e+00 -4.7954e+00 7.4007e+00 0.0000e+00 0.0000e+00 0.0000e+00 0.0000e+00 -1.1750e+00 7.2411e-01 0.0000e+00 0.0000e+00 -7.2411e-01 -8.5026e-01 
110.0 8.3707e+00 -4.6775e+00 0.0000e+00 0.0000e+00 -4.6775e+00 7.2983e+00 0.0000e+00 0.0000e+00 0.0000e+00 0.0000e+00 -1.3811e+00 7.3795e-01 0.0000e+00 0.0000e+00 -7.3795e-01 -1.0526e+00 
111.0 8.2638e+00 -4.5597e+00 0.0000e+00 0.0000e+00 -4.5597e+00 7.2023e+00 0.0000e+00 0.0000e+00 0.0000e+00 0.0000e+00 -1.5805e+00 7.5061e-01 0.0000e+00 0.0000e+00 -7.5061e-01 -1.2485e+00 
112.0 8.1631e+00 -4.4421e+00 0.0000e+00 0.0000e+00 -4.4421e+00 7.1126e+00 0.0000e+00 0.0000e+00 0.0000e+00 0.0000e+00 -1.7733e+00 7.6212e-01 0.0000e+00 0.0000e+00 -7.6212e-01 -1.4383e+00 
113.0 8.0683e+00 -4.3249e+00 0.0000e+00 0.0000e+00 -4.3249e+00 7.0290e+00 0.0000e+00 0.0000e+00 0.0000e+00 0.0000e+00 -1.9599e+00 7.7250e-01 0.0000e+00 0.0000e+00 -7.7250e-01 -1.6222e+00 
114.0 7.9792e+00 -4.2080e+00 0.0000e+00 0.0000e+00 -4.2080e+00 6.9512e+00 0.0000e+00 0.0000e+00 0.0000e+00 0.0000e+00 -2.1405e+00 7.8179e-01 0.0000e+00 0.0000e+00 -7.8179e-01 -1.8004e+00 
115.0 7.8956e+00 -4.0915e+00 0.0000e+00 0.0000e+00 -4.0915e+00 6.8790e+00 0.0000e+00 0.0000e+00 0.0000e+00 0.0000e+00 -2.3153e+00 7.9001e-01 0.0000e+00 0.0000e+00 -7.9001e-01 -1.9732e+00 
116.0 7.8173e+00 -3.9754e+00 0.0000e+00 0.0000e+00 -3.9754e+00 6.8122e+00 0.0000e+00 0.0000e+00 0.0000e+00 0.0000e+00 -2.4846e+00 7.9719e-01 0.0000e+00 0.0000e+00 -7.9719e-01 -2.1407e+00 
117.0 7.7441e+00 -3.8600e+00 0.0000e+00 0.0000e+00 -3.8600e+00 6.7506e+00 0.0000e+00 0.0000e+00 0.0000e+00 0.0000e+00 -2.6485e+00 8.0334e-01 0.0000e+00 0.0000e+00 -8.0334e-01 -2.3032e+00 
118.0 7.6758e+00 -3.7450e+00 0.0000e+00 0.0000e+00 -3.7450e+00 6.6940e+00 0.0000e+00 0.0000e+00 0.0000e+00 0.0000e+00 -2.8073e+00 8.0848e-01 0.0000e+00 0.0000e+00 -8.0848e-01 -2.4608e+00 
119.0 7.6122e+00 -3.6308e+00 0.0000e+00 0.0000e+00 -3.6308e+00 6.6422e+00 0.0000e+00 0.0000e+00 0.0000e+00 0.0000e+00 -2.9612e+00 8.1262e-01 0.0000e+00 0.0000e+00 -8.1262e-01 -2.6138e+00 
120.0 7.5533e+00 -3.5172e+00 0.0000e+00 0.0000e+00 -3.5172e+00 6.5951e+00 0.0000e+00 0.0000e+00 0.0000e+00 0.0000e+00 -3.1104e+00 8.1578e-01 0.0000e+00 0.0000e+00 -8.1578e-01 -2.7622e+00 
121.0 7.4987e+00 -3.4044e+00 0.0000e+00 0.0000e+00 -3.4044e+00 6.5524e+00 0.0000e+00 0.0000e+00 0.0000e+00 0.0000e+00 -3.2550e+00 8.1794e-01 0.0000e+00 0.0000e+00 -8.1794e-01 -2.9062e+00 
122.0 7.4484e+00 -3.2924e+00 0.0000e+00 0.0000e+00 -3.2924e+00 6.5139e+00 0.0000e+00 0.0000e+00 0.0000e+00 0.0000e+00 -3.3952e+00 8.1912e-01 0.0000e+00 0.0000e+00 -8.1912e-01 -3.0461e+00 
123.0 7.4021e+00 -3.1813e+00 0.0000e+00 0.0000e+00 -3.1813e+00 6.4795e+00 0.0000e+00 0.0000e+00 0.0000e+00 0.0000e+00 -3.5312e+00 8.1929e-01 0.0000e+00 0.0000e+00 -8.1929e-01 -3.1819e+00 
124.0 7.3598e+00 -3.0710e+00 0.0000e+00 0.0000e+00 -3.0710e+00 6.4491e+00 0.0000e+00 0.0000e+00 0.0000e+00 0.0000e+00 -3.6631e+00 8.1847e-01 0.0000e+00 0.0000e+00 -8.1847e-01 -3.3138e+00 
125.0 7.3212e+00 -2.9618e+00 0.0000e+00 0.0000e+00 -2.9618e+00 6.4223e+00 0.0000e+00 0.0000e+00 0.0000e+00 0.0000e+00 -3.7912e+00 8.1665e-01 0.0000e+00 0.0000e+00 -8.1665e-01 -3.4419e+00 
126.0 7.2863e+00 -2.8536e+00 0.0000e+00 0.0000e+00 -2.8536e+00 6.3992e+00 0.0000e+00 0.0000e+00 0.0000e+00 0.0000e+00 -3.9156e+00 8.1384e-01 0.0000e+00 0.0000e+00 -8.1384e-01 -3.5664e+00 
127.0 7.2548e+00 -2.7465e+00 0.0000e+00 0.0000e+00 -2.7465e+00 6.3795e+00 0.0000e+00 0.0000e+00 0.0000e+00 0.0000e+00 -4.0363e+00 8.1004e-01 0.0000e+00 0.0000e+00 -8.1004e-01 -3.6873e+00 
128.0 7.2267e+00 -2.6405e+00 0.0000e+00 0.0000e+00 -2.6405e+00 6.3630e+00 0.0000e+00 0.0000e+00 0.0000e+00 0.0000e+00 -4.1536e+00 8.0526e-01 0.0000e+00 0.0000e+00 -8.0526e-01 -3.8049e+00 
129.0 7.2017e+00 -2.5358e+00 0.0000e+00 0.0000e+00 -2.5358e+00 6.3497e+00 0.0000e+00 0.0000e+00 0.0000e+00 0.0000e+00 -4.2676e+00 7.9949e-01 0.0000e+00 0.0000e+00 -7.9949e-01 -3.9191e+00 
130.0 7.1799e+00 -2.4323e+00 0.0000e+00 0.0000e+00 -2.4323e+00 6.3394e+00 0.0000e+00 0.0000e+00 0.0000e+00 0.0000e+00 -4.3784e+00 7.9273e-01 0.0000e+00 0.0000e+00 -7.9273e-01 -4.0302e+00 
131.0 7.1610e+00 -2.3301e+00 0.0000e+00 0.0000e+00 -2.3301e+00 6.3319e+00 0.0000e+00 0.0000e+00 0.0000e+00 0.0000e+00 -4.4862e+00 7.8497e-01 0.0000e+00 0.0000e+00 -7.8497e-01 -4.1383e+00 
132.0 7.1450e+00 -2.2293e+00 0.0000e+00 0.0000e+00 -2.2293e+00 6.3272e+00 0.0000e+00 0.0000e+00 0.0000e+00 0.0000e+00 -4.5909e+00 7.7622e-01 0.0000e+00 0.0000e+00 -7.7622e-01 -4.2433e+00 
133.0 7.1317e+00 -2.1298e+00 0.0000e+00 0.0000e+00 -2.1298e+00 6.3250e+00 0.0000e+00 0.0000e+00 0.0000e+00 0.0000e+00 -4.6929e+00 7.6650e-01 0.0000e+00 0.0000e+00 -7.6650e-01 -4.3454e+00 
134.0 7.1211e+00 -2.0318e+00 0.0000e+00 0.0000e+00 -2.0318e+00 6.3254e+00 0.0000e+00 0.0000e+00 0.0000e+00 0.0000e+00 -4.7921e+00 7.5582e-01 0.0000e+00 0.0000e+00 -7.5582e-01 -4.4448e+00 
135.0 7.1130e+00 -1.9354e+00 0.0000e+00 0.0000e+00 -1.9354e+00 6.3281e+00 0.0000e+00 0.0000e+00 0.0000e+00 0.0000e+00 -4.8887e+00 7.4418e-01 0.0000e+00 0.0000e+00 -7.4418e-01 -4.5413e+00 
136.0 7.1074e+00 -1.8404e+00 0.0000e+00 0.0000e+00 -1.8404e+00 6.3331e+00 0.0000e+00 0.0000e+00 0.0000e+00 0.0000e+00 -4.9827e+00 7.3161e-01 0.0000e+00 0.0000e+00 -7.3161e-01 -4.6353e+00 
137.0 7.1042e+00 -1.7471e+00 0.0000e+00 0.0000e+00 -1.7471e+00 6.3402e+00 0.0000e+00 0.0000e+00 0.0000e+00 0.0000e+00 -5.0743e+00 7.1811e-01 0.0000e+00 0.0000e+00 -7.1811e-01 -4.7266e+00 
138.0 7.1033e+00 -1.6554e+00 0.0000e+00 0.0000e+00 -1.6554e+00 6.3493e+00 0.0000e+00 0.0000e+00 0.0000e+00 0.0000e+00 -5.1635e+00 7.0370e-01 0.0000e+00 0.0000e+00 -7.0370e-01 -4.8154e+00 
139.0 7.1045e+00 -1.5655e+00 0.0000e+00 0.0000e+00 -1.5655e+00 6.3604e+00 0.0000e+00 0.0000e+00 0.0000e+00 0.0000e+00 -5.2505e+00 6.8840e-01 0.0000e+00 0.0000e+00 -6.8840e-01 -4.9017e+00 
140.0 7.1079e+00 -1.4773e+00 0.0000e+00 0.0000e+00 -1.4773e+00 6.3733e+00 0.0000e+00 0.0000e+00 0.0000e+00 0.0000e+00 -5.3352e+00 6.7224e-01 0.0000e+00 0.0000e+00 -6.7224e-01 -4.9856e+00 
141.0 7.1133e+00 -1.3910e+00 0.0000e+00 0.0000e+00 -1.3910e+00 6.3879e+00 0.0000e+00 0.0000e+00 0.0000e+00 0.0000e+00 -5.4179e+00 6.5527e-01 0.0000e+00 0.0000e+00 -6.5527e-01 -5.0671e+00 
142.0 7.1208e+00 -1.3066e+00 0.0000e+00 0.0000e+00 -1.3066e+00 6.4042e+00 0.0000e+00 0.0000e+00 0.0000e+00 0.0000e+00 -5.4985e+00 6.3750e-01 0.0000e+00 0.0000e+00 -6.3750e-01 -5.1463e+00 
143.0 7.1303e+00 -1.2241e+00 0.0000e+00 0.0000e+00 -1.2241e+00 6.4221e+00 0.0000e+00 0.0000e+00 0.0000e+00 0.0000e+00 -5.5770e+00 6.1898e-01 0.0000e+00 0.0000e+00 -6.1898e-01 -5.2230e+00 
144.0 7.1417e+00 -1.1436e+00 0.0000e+00 0.0000e+00 -1.1436e+00 6.4414e+00 0.0000e+00 0.0000e+00 0.0000e+00 0.0000e+00 -5.6537e+00 5.9972e-01 0.0000e+00 0.0000e+00 -5.9972e-01 -5.2974e+00 
145.0 7.1549e+00 -1.0652e+00 0.0000e+00 0.0000e+00 -1.0652e+00 6.4621e+00 0.0000e+00 0.0000e+00 0.0000e+00 0.0000e+00 -5.7284e+00 5.7973e-01 0.0000e+00 0.0000e+00 -5.7973e-01 -5.3695e+00 
146.0 7.1700e+00 -9.8901e-01 0.0000e+00 0.0000e+00 -9.8901e-01 6.4840e+00 0.0000e+00 0.0000e+00 0.0000e+00 0.0000e+00 -5.8014e+00 5.5900e-01 0.0000e+00 0.0000e+00 -5.5900e-01 -5.4393e+00 
147.0 7.1868e+00 -9.1501e-01 0.0000e+00 0.0000e+00 -9.1501e-01 6.5070e+00 0.0000e+00 0.0000e+00 0.0000e+00 0.0000e+00 -5.8727e+00 5.3755e-01 0.0000e+00 0.0000e+00 -5.3755e-01 -5.5067e+00 
148.0 7.2053e+00 -8.4329e-01 0.0000e+00 0.0000e+00 -8.4329e-01 6.5310e+00 0.0000e+00 0.0000e+00 0.0000e+00 0.0000e+00 -5.9422e+00 5.1540e-01 0.0000e+00 0.0000e+00 -5.1540e-01 -5.5717e+00 
149.0 7.2256e+00 -7.7392e-01 0.0000e+00 0.0000e+00 -7.7392e-01 6.5561e+00 0.0000e+00 0.0000e+00 0.0000e+00 0.0000e+00 -6.0102e+00 4.9258e-01 0.0000e+00 0.0000e+00 -4.9258e-01 -5.6345e+00 
150.0 7.2475e+00 -7.0699e-01 0.0000e+00 0.0000e+00 -7.0699e-01 6.5820e+00 0.0000e+00 0.0000e+00 0.0000e+00 0.0000e+00 -6.0766e+00 4.6915e-01 0.0000e+00 0.0000e+00 -4.6915e-01 -5.6949e+00 
151.0 7.2712e+00 -6.4259e-01 0.0000e+00 0.0000e+00 -6.4259e-01 6.6087e+00 0.0000e+00 0.0000e+00 0.0000e+00 0.0000e+00 -6.1416e+00 4.4515e-01 0.0000e+00 0.0000e+00 -4.4515e-01 -5.7529e+00 
152.0 7.2965e+00 -5.8085e-01 0.0000e+00 0.0000e+00 -5.8085e-01 6.6361e+00 0.0000e+00 0.0000e+00 0.0000e+00 0.0000e+00 -6.2051e+00 4.2053e-01 0.0000e+00 0.0000e+00 -4.2053e-01 -5.8086e+00 
153.0 7.3232e+00 -5.2194e-01 0.0000e+00 0.0000e+00 -5.2194e-01 6.6639e+00 0.0000e+00 0.0000e+00 0.0000e+00 0.0000e+00 -6.2674e+00 3.9526e-01 0.0000e+00 0.0000e+00 -3.9526e-01 -5.8619e+00 
154.0 7.3515e+00 -4.6600e-01 0.0000e+00 0.0000e+00 -4.6600e-01 6.6921e+00 0.0000e+00 0.0000e+00 0.0000e+00 0.0000e+00 -6.3283e+00 3.6925e-01 0.0000e+00 0.0000e+00 -3.6925e-01 -5.9129e+00 
155.0 7.3810e+00 -4.1318e-01 0.0000e+00 0.0000e+00 -4.1318e-01 6.7204e+00 0.0000e+00 0.0000e+00 0.0000e+00 0.0000e+00 -6.3881e+00 3.4246e-01 0.0000e+00 0.0000e+00 -3.4246e-01 -5.9614e+00 
156.0 7.4118e+00 -3.6358e-01 0.0000e+00 0.0000e+00 -3.6358e-01 6.7487e+00 0.0000e+00 0.0000e+00 0.0000e+00 0.0000e+00 -6.4467e+00 3.1492e-01 0.0000e+00 0.0000e+00 -3.1492e-01 -6.0075e+00 
157.0 7.4440e+00 -3.1732e-01 0.0000e+00 0.0000e+00 -3.1732e-01 6.7771e+00 0.0000e+00 0.0000e+00 0.0000e+00 0.0000e+00 -6.5043e+00 2.8673e-01 0.0000e+00 0.0000e+00 -2.8673e-01 -6.0510e+00 
158.0 7.4776e+00 -2.7450e-01 0.0000e+00 0.0000e+00 -2.7450e-01 6.8054e+00 0.0000e+00 0.0000e+00 0.0000e+00 0.0000e+00 -6.5607e+00 2.5799e-01 0.0000e+00 0.0000e+00 -2.5799e-01 -6.0920e+00 
159.0 7.5126e+00 -2.3521e-01 0.0000e+00 0.0000e+00 -2.3521e-01 6.8335e+00 0.0000e+00 0.0000e+00 0.0000e+00 0.0000e+00 -6.6162e+00 2.2881e-01 0.0000e+00 0.0000e+00 -2.2881e-01 -6.1302e+00 
160.0 7.5490e+00 -1.9950e-01 0.0000e+00 0.0000e+00 -1.9950e-01 6.8615e+00 0.0000e+00 0.0000e+00 0.0000e+00 0.0000e+00 -6.6706e+00 1.9934e-01 0.0000e+00 0.0000e+00 -1.9934e-01 -6.1657e+00 
161.0 7.5870e+00 -1.6736e-01 0.0000e+00 0.0000e+00 -1.6736e-01 6.8893e+00 0.0000e+00 0.0000e+00 0.0000e+00 0.0000e+00 -6.7241e+00 1.6974e-01 0.0000e+00 0.0000e+00 -1.6974e-01 -6.1983e+00 
162.0 7.6269e+00 -1.3873e-01 0.0000e+00 0.0000e+00 -1.3873e-01 6.9171e+00 0.0000e+00 0.0000e+00 0.0000e+00 0.0000e+00 -6.7768e+00 1.4024e-01 0.0000e+00 0.0000e+00 -1.4024e-01 -6.2282e+00 
163.0 7.6687e+00 -1.1352e-01 0.0000e+00 0.0000e+00 -1.1352e-01 6.9449e+00 0.0000e+00 0.0000e+00 0.0000e+00 0.0000e+00 -6.8290e+00 1.1111e-01 0.0000e+00 0.0000e+00 -1.1111e-01 -6.2554e+00 
164.0 7.7128e+00 -9.1643e-02 0.0000e+00 0.0000e+00 -9.1643e-02 6.9730e+00 0.0000e+00 0.0000e+00 0.0000e+00 0.0000e+00 -6.8807e+00 8.2667e-02 0.0000e+00 0.0000e+00 -8.2667e-02 -6.2800e+00 
165.0 7.7594e+00 -7.2977e-02 0.0000e+00 0.0000e+00 -7.2977e-02 7.0014e+00 0.0000e+00 0.0000e+00 0.0000e+00 0.0000e+00 -6.9323e+00 5.5252e-02 0.0000e+00 0.0000e+00 -5.5252e-02 -6.3021e+00 
166.0 7.8087e+00 -5.7406e-02 0.0000e+00 0.0000e+00 -5.7406e-02 7.0304e+00 0.0000e+00 0.0000e+00 0.0000e+00 0.0000e+00 -6.9838e+00 2.9246e-02 0.0000e+00 0.0000e+00 -2.9246e-02 -6.3218e+00 
167.0 7.8611e+00 -4.4795e-02 0.0000e+00 0.0000e+00 -4.4795e-02 7.0602e+00 0.0000e+00 0.0000e+00 0.0000e+00 0.0000e+00 -7.0357e+00 5.0218e-03 0.0000e+00 0.0000e+00 -5.0218e-03 -6.3393e+00 
168.0 7.9167e+00 -3.4976e-02 0.0000e+00 0.0000e+00 -3.4976e-02 7.0909e+00 0.0000e+00 0.0000e+00 0.0000e+00 0.0000e+00 -7.0880e+00 -1.7052e-02 0.0000e+00 0.0000e+00 1.7052e-02 -6.3547e+00 
169.0 7.9757e+00 -2.7748e-02 0.0000e+00 0.0000e+00 -2.7748e-02 7.1226e+00 0.0000e+00 0.0000e+00 0.0000e+00 0.0000e+00 -7.1410e+00 -3.6570e-02 0.0000e+00 0.0000e+00 3.6570e-02 -6.3681e+00 
170.0 8.0384e+00 -2.2845e-02 0.0000e+00 0.0000e+00 -2.2845e-02 7.1555e+00 0.0000e+00 0.0000e+00 0.0000e+00 0.0000e+00 -7.1950e+00 -5.3032e-02 0.0000e+00 0.0000e+00 5.3032e-02 -6.3799e+00 
171.0 8.1052e+00 -1.9879e-02 0.0000e+00 0.0000e+00 -1.9879e-02 7.1898e+00 0.0000e+00 0.0000e+00 0.0000e+00 0.0000e+00 -7.2503e+00 -6.5716e-02 0.0000e+00 0.0000e+00 6.5716e-02 -6.3900e+00 
172.0 8.1765e+00 -1.8286e-02 0.0000e+00 0.0000e+00 -1.8286e-02 7.2258e+00 0.0000e+00 0.0000e+00 0.0000e+00 0.0000e+00 -7.3071e+00 -7.3599e-02 0.0000e+00 0.0000e+00 7.3599e-02 -6.3989e+00 
173.0 8.2527e+00 -1.7330e-02 0.0000e+00 0.0000e+00 -1.7330e-02 7.2642e+00 0.0000e+00 0.0000e+00 0.0000e+00 0.0000e+00 -7.3652e+00 -7.5522e-02 0.0000e+00 0.0000e+00 7.5522e-02 -6.4066e+00 
174.0 8.3333e+00 -1.6181e-02 0.0000e+00 0.0000e+00 -1.6181e-02 7.3050e+00 0.0000e+00 0.0000e+00 0.0000e+00 0.0000e+00 -7.4237e+00 -7.0552e-02 0.0000e+00 0.0000e+00 7.0552e-02 -6.4132e+00 
175.0 8.4161e+00 -1.4076e-02 0.0000e+00 0.0000e+00 -1.4076e-02 7.3476e+00 0.0000e+00 0.0000e+00 0.0000e+00 0.0000e+00 -7.4807e+00 -5.8633e-02 0.0000e+00 0.0000e+00 5.8633e-02 -6.4188e+00 
176.0 8.4966e+00 -1.0579e-02 0.0000e+00 0.0000e+00 -1.0579e-02 7.3898e+00 0.0000e+00 0.0000e+00 0.0000e+00 0.0000e+00 -7.5331e+00 -4.1257e-02 0.0000e+00 0.0000e+00 4.1257e-02 -6.4230e+00 
177.0 8.5668e+00 -5.9961e-03 0.0000e+00 0.0000e+00 -5.9961e-03 7.4275e+00 0.0000e+00 0.0000e+00 0.0000e+00 0.0000e+00 -7.5764e+00 -2.2014e-02 0.0000e+00 0.0000e+00 2.2014e-02 -6.4256e+00 
178.0 8.6163e+00 -1.7826e-03 0.0000e+00 0.0000e+00 -1.7826e-03 7.4544e+00 0.0000e+00 0.0000e+00 0.0000e+00 0.0000e+00 -7.6054e+00 -6.4467e-03 0.0000e+00 0.0000e+00 6.4467e-03 -6.4269e+00 
179.0 8.6352e+00 -2.1425e-20 0.0000e+00 0.0000e+00 -2.1425e-20 7.4649e+00 0.0000e+00 0.0000e+00 0.0000e+00 0.0000e+00 -7.6162e+00 -1.0213e-19 0.0000e+00 0.0000e+00 1.0213e-19 -6.4275e+00 
180.0 8.6533e+00 0.0000e+00 0.0000e+00 0.0000e+00 0.0000e+00 7.4747e+00 0.0000e+00 0.0000e+00 0.0000e+00 0.0000e+00 -7.6262e+00 0.0000e+00 0.0000e+00 0.0000e+00 -0.0000e+00 -6.4278e+00 
