2.1233 2.1364 0.0131 0.080247
theta s11 s12 s13 s14 s21 s22 s23 s24 s31 s32 s33 s34 s41 s42 s43 s44
0.0 5.8653e+02 0.0000e+00 0.0000e+00 0.0000e+00 0.0000e+00 5.8543e+02 0.0000e+00 0.0000e+00 0.0000e+00 0.0000e+00 5.8543e+02 0.0000e+00 0.0000e+00 0.0000e+00 -0.0000e+00 5.8433e+02 
1.0 5.4396e+02 -1.3018e-02 0.0000e+00 0.0000e+00 -1.3018e-02 5.4286e+02 0.0000e+00 0.0000e+00 0.0000e+00 0.0000e+00 5.4286e+02 -2.3136e-01 0.0000e+00 0.0000e+00 2.3136e-01 5.4177e+02 
2.0 4.6970e+02 -2.6683e-02 0.0000e+00 0.0000e+00 -2.6683e-02 4.6862e+02 0.0000e+00 0.0000e+00 0.0000e+00 0.0000e+00 4.6861e+02 -8.4082e-01 0.0000e+00 0.0000e+00 8.4082e-01 4.6755e+02 
3.0 3.9803e+02 -2.4359e-02 0.0000e+00 0.0000e+00 -2.4359e-02 3.9696e+02 0.0000e+00 0.0000e+00 0.0000e+00 0.0000e+00 3.9695e+02 -1.6343e+00 0.0000e+00 0.0000e+00 1.6343e+00 3.9592e+02 
4.0 3.3494e+02 -1.1082e-02 0.0000e+00 0.0000e+00 -1.1082e-02 3.3389e+02 0.0000e+00 0.0000e+00 0.0000e+00 0.0000e+00 3.3386e+02 -2.4212e+00 0.0000e+00 0.0000e+00 2.4212e+00 3.3288e+02 
5.0 2.8167e+02 2.5712e-03 0.0000e+00 0.0000e+00 2.5712e-03 2.8064e+02 0.0000e+00 0.0000e+00 0.0000e+00 0.0000e+00 2.8059e+02 -3.0795e+00 0.0000e+00 0.0000e+00 3.0795e+00 2.7965e+02 
6.0 2.3776e+02 7.4001e-03 0.0000e+00 0.0000e+00 7.4001e-03 2.3676e+02 0.0000e+00 0.0000e+00 0.0000e+00 0.0000e+00 2.3667e+02 -3.5563e+00 0.0000e+00 0.0000e+00 3.5563e+00 2.3578e+02 
7.0 2.0211e+02 -2.4215e-03 0.0000e+00 0.0000e+00 -2.4215e-03 2.0112e+02 0.0000e+00 0.0000e+00 0.0000e+00 0.0000e+00 2.0099e+02 -3.8464e+00 0.0000e+00 0.0000e+00 3.8464e+00 2.0015e+02 
8.0 1.7339e+02 -2.8783e-02 0.0000e+00 0.0000e+00 -2.8783e-02 1.7242e+02 0.0000e+00 0.0000e+00 0.0000e+00 0.0000e+00 1.7225e+02 -3.9719e+00 0.0000e+00 0.0000e+00 3.9719e+00 1.7144e+02 
9.0 1.5034e+02 -7.0399e-02 0.0000e+00 0.0000e+00 -7.0399e-02 1.4937e+02 0.0000e+00 0.0000e+00 0.0000e+00 0.0000e+00 1.4917e+02 -3.9675e+00 0.0000e+00 0.0000e+00 3.9675e+00 1.4840e+02 
10.0 1.3182e+02 -1.2420e-01 0.0000e+00 0.0000e+00 -1.2420e-01 1.3086e+02 0.0000e+00 0.0000e+00 0.0000e+00 0.0000e+00 1.3062e+02 -3.8697e+00 0.0000e+00 0.0000e+00 3.8697e+00 1.2988e+02 
11.0 1.1688e+02 -1.8641e-01 0.0000e+00 0.0000e+00 -1.8641e-01 1.1592e+02 0.0000e+00 0.0000e+00 0.0000e+00 0.0000e+00 1.1565e+02 -3.7114e+00 0.0000e+00 0.0000e+00 3.7114e+00 1.1494e+02 
12.0 1.0474e+02 -2.5455e-01 0.0000e+00 0.0000e+00 -2.5455e-01 1.0378e+02 0.0000e+00 0.0000e+00 0.0000e+00 0.0000e+00 1.0348e+02 -3.5189e+00 0.0000e+00 0.0000e+00 3.5189e+00 1.0281e+02 
13.0 9.4780e+01 -3.2702e-01 0.0000e+00 0.0000e+00 -3.2702e-01 9.3825e+01 0.0000e+00 0.0000e+00 0.0000e+00 0.0000e+00 9.3508e+01 -3.3095e+00 0.0000e+00 0.0000e+00 3.3095e+00 9.2863e+01 
14.0 8.6520e+01 -4.0112e-01 0.0000e+00 0.0000e+00 -4.0112e-01 8.5564e+01 0.0000e+00 0.0000e+00 0.0000e+00 0.0000e+00 8.5228e+01 -3.0980e+00 0.0000e+00 0.0000e+00 3.0980e+00 8.4611e+01 
15.0 7.9592e+01 -4.7672e-01 0.0000e+00 0.0000e+00 -4.7672e-01 7.8635e+01 0.0000e+00 0.0000e+00 0.0000e+00 0.0000e+00 7.8283e+01 -2.8889e+00 0.0000e+00 0.0000e+00 2.8889e+00 7.7692e+01 
16.0 7.3707e+01 -5.5236e-01 0.0000e+00 0.0000e+00 -5.5236e-01 7.2748e+01 0.0000e+00 0.0000e+00 0.0000e+00 0.0000e+00 7.2382e+01 -2.6882e+00 0.0000e+00 0.0000e+00 2.6882e+00 7.1817e+01 
17.0 6.8651e+01 -6.2732e-01 0.0000e+00 0.0000e+00 -6.2732e-01 6.7691e+01 0.0000e+00 0.0000e+00 0.0000e+00 0.0000e+00 6.7311e+01 -2.4993e+00 0.0000e+00 0.0000e+00 2.4993e+00 6.6772e+01 
18.0 6.4260e+01 -7.0114e-01 0.0000e+00 0.0000e+00 -7.0114e-01 6.3297e+01 0.0000e+00 0.0000e+00 0.0000e+00 0.0000e+00 6.2907e+01 -2.3245e+00 0.0000e+00 0.0000e+00 2.3245e+00 6.2392e+01 
19.0 6.0403e+01 -7.7350e-01 0.0000e+00 0.0000e+00 -7.7350e-01 5.9437e+01 0.0000e+00 0.0000e+00 0.0000e+00 0.0000e+00 5.9236e+01 -2.1648e+00 0.0000e+00 0.0000e+00 2.1648e+00 5.8751e+01 
20.0 5.6975e+01 -8.4414e-01 0.0000e+00 0.0000e+00 -8.4414e-01 5.6007e+01 0.0000e+00 0.0000e+00 0.0000e+00 0.0000e+00 5.5975e+01 -2.0204e+00 0.0000e+00 0.0000e+00 2.0204e+00 5.5516e+01 
21.0 5.3897e+01 -9.1300e-01 0.0000e+00 0.0000e+00 -9.1300e-01 5.2927e+01 0.0000e+00 0.0000e+00 0.0000e+00 0.0000e+00 5.3045e+01 -1.8904e+00 0.0000e+00 0.0000e+00 1.8904e+00 5.2610e+01 
22.0 5.1106e+01 -9.8027e-01 0.0000e+00 0.0000e+00 -9.8027e-01 5.0135e+01 0.0000e+00 0.0000e+00 0.0000e+00 0.0000e+00 5.0388e+01 -1.7733e+00 0.0000e+00 0.0000e+00 1.7733e+00 4.9975e+01 
23.0 4.8556e+01 -1.0464e+00 0.0000e+00 0.0000e+00 -1.0464e+00 4.7584e+01 0.0000e+00 0.0000e+00 0.0000e+00 0.0000e+00 4.7960e+01 -1.6672e+00 0.0000e+00 0.0000e+00 1.6672e+00 4.7566e+01 
24.0 4.6212e+01 -1.1118e+00 0.0000e+00 0.0000e+00 -1.1118e+00 4.5240e+01 0.0000e+00 0.0000e+00 0.0000e+00 0.0000e+00 4.5726e+01 -1.5700e+00 0.0000e+00 0.0000e+00 1.5700e+00 4.5351e+01 
25.0 4.4047e+01 -1.1770e+00 0.0000e+00 0.0000e+00 -1.1770e+00 4.3075e+01 0.0000e+00 0.0000e+00 0.0000e+00 0.0000e+00 4.3662e+01 -1.4799e+00 0.0000e+00 0.0000e+00 1.4799e+00 4.3303e+01 
26.0 4.2039e+01 -1.2422e+00 0.0000e+00 0.0000e+00 -1.2422e+00 4.1068e+01 0.0000e+00 0.0000e+00 0.0000e+00 0.0000e+00 4.1746e+01 -1.3960e+00 0.0000e+00 0.0000e+00 1.3960e+00 4.1403e+01 
27.0 4.0169e+01 -1.3074e+00 0.0000e+00 0.0000e+00 -1.3074e+00 3.9199e+01 0.0000e+00 0.0000e+00 0.0000e+00 0.0000e+00 3.9960e+01 -1.3175e+00 0.0000e+00 0.0000e+00 1.3175e+00 3.9632e+01 
28.0 3.8421e+01 -1.3724e+00 0.0000e+00 0.0000e+00 -1.3724e+00 3.7451e+01 0.0000e+00 0.0000e+00 0.0000e+00 0.0000e+00 3.8290e+01 -1.2441e+00 0.0000e+00 0.0000e+00 1.2441e+00 3.7975e+01 
29.0 3.6781e+01 -1.4368e+00 0.0000e+00 0.0000e+00 -1.4368e+00 3.5812e+01 0.0000e+00 0.0000e+00 0.0000e+00 0.0000e+00 3.6720e+01 -1.1756e+00 0.0000e+00 0.0000e+00 1.1756e+00 3.6418e+01 
30.0 3.5235e+01 -1.5003e+00 0.0000e+00 0.0000e+00 -1.5003e+00 3.4267e+01 0.0000e+00 0.0000e+00 0.0000e+00 0.0000e+00 3.5240e+01 -1.1117e+00 0.0000e+00 0.0000e+00 1.1117e+00 3.4950e+01 
31.0 3.3774e+01 -1.5627e+00 0.0000e+00 0.0000e+00 -1.5627e+00 3.2808e+01 0.0000e+00 0.0000e+00 0.0000e+00 0.0000e+00 3.3689e+01 -1.0520e+00 0.0000e+00 0.0000e+00 1.0520e+00 3.3416e+01 
32.0 3.2389e+01 -1.6235e+00 0.0000e+00 0.0000e+00 -1.6235e+00 3.1424e+01 0.0000e+00 0.0000e+00 0.0000e+00 0.0000e+00 3.2219e+01 -9.9615e-01 0.0000e+00 0.0000e+00 9.9615e-01 3.1962e+01 
33.0 3.1072e+01 -1.6827e+00 0.0000e+00 0.0000e+00 -1.6827e+00 3.0109e+01 0.0000e+00 0.0000e+00 0.0000e+00 0.0000e+00 3.0824e+01 -9.4373e-01 0.0000e+00 0.0000e+00 9.4373e-01 3.0583e+01 
34.0 2.9820e+01 -1.7401e+00 0.0000e+00 0.0000e+00 -1.7401e+00 2.8858e+01 0.0000e+00 0.0000e+00 0.0000e+00 0.0000e+00 2.9496e+01 -8.9433e-01 0.0000e+00 0.0000e+00 8.9433e-01 2.9270e+01 
35.0 2.8626e+01 -1.7958e+00 0.0000e+00 0.0000e+00 -1.7958e+00 2.7666e+01 0.0000e+00 0.0000e+00 0.0000e+00 0.0000e+00 2.8231e+01 -8.4756e-01 0.0000e+00 0.0000e+00 8.4756e-01 2.8019e+01 
36.0 2.7488e+01 -1.8496e+00 0.0000e+00 0.0000e+00 -1.8496e+00 2.6531e+01 0.0000e+00 0.0000e+00 0.0000e+00 0.0000e+00 2.7023e+01 -8.0302e-01 0.0000e+00 0.0000e+00 8.0302e-01 2.6825e+01 
37.0 2.6403e+01 -1.9017e+00 0.0000e+00 0.0000e+00 -1.9017e+00 2.5448e+01 0.0000e+00 0.0000e+00 0.0000e+00 0.0000e+00 2.5870e+01 -7.6035e-01 0.0000e+00 0.0000e+00 7.6035e-01 2.5686e+01 
38.0 2.5369e+01 -1.9522e+00 0.0000e+00 0.0000e+00 -1.9522e+00 2.4416e+01 0.0000e+00 0.0000e+00 0.0000e+00 0.0000e+00 2.4769e+01 -7.1923e-01 0.0000e+00 0.0000e+00 7.1923e-01 2.4598e+01 
39.0 2.4382e+01 -2.0012e+00 0.0000e+00 0.0000e+00 -2.0012e+00 2.3433e+01 0.0000e+00 0.0000e+00 0.0000e+00 0.0000e+00 2.3717e+01 -6.7945e-01 0.0000e+00 0.0000e+00 6.7945e-01 2.3559e+01 
40.0 2.3441e+01 -2.0486e+00 0.0000e+00 0.0000e+00 -2.0486e+00 2.2494e+01 0.0000e+00 0.0000e+00 0.0000e+00 0.0000e+00 2.2712e+01 -6.4091e-01 0.0000e+00 0.0000e+00 6.4091e-01 2.2566e+01 
41.0 2.2542e+01 -2.0943e+00 0.0000e+00 0.0000e+00 -2.0943e+00 2.1599e+01 0.0000e+00 0.0000e+00 0.0000e+00 0.0000e+00 2.1750e+01 -6.0354e-01 0.0000e+00 0.0000e+00 6.0354e-01 2.1616e+01 
42.0 2.1684e+01 -2.1382e+00 0.0000e+00 0.0000e+00 -2.1382e+00 2.0744e+01 0.0000e+00 0.0000e+00 0.0000e+00 0.0000e+00 2.0830e+01 -5.6729e-01 0.0000e+00 0.0000e+00 5.6729e-01 2.0707e+01 
43.0 2.0863e+01 -2.1801e+00 0.0000e+00 0.0000e+00 -2.1801e+00 1.9927e+01 0.0000e+00 0.0000e+00 0.0000e+00 0.0000e+00 1.9949e+01 -5.3206e-01 0.0000e+00 0.0000e+00 5.3206e-01 1.9838e+01 
44.0 2.0078e+01 -2.2201e+00 0.0000e+00 0.0000e+00 -2.2201e+00 1.9145e+01 0.0000e+00 0.0000e+00 0.0000e+00 0.0000e+00 1.9105e+01 -4.9777e-01 0.0000e+00 0.0000e+00 4.9777e-01 1.9005e+01 
45.0 1.9327e+01 -2.2581e+00 0.0000e+00 0.0000e+00 -2.2581e+00 1.8398e+01 0.0000e+00 0.0000e+00 0.0000e+00 0.0000e+00 1.8296e+01 -4.6427e-01 0.0000e+00 0.0000e+00 4.6427e-01 1.8206e+01 
46.0 1.8608e+01 -2.2940e+00 0.0000e+00 0.0000e+00 -2.2940e+00 1.7682e+01 0.0000e+00 0.0000e+00 0.0000e+00 0.0000e+00 1.7521e+01 -4.3142e-01 0.0000e+00 0.0000e+00 4.3142e-01 1.7441e+01 
47.0 1.7920e+01 -2.3278e+00 0.0000e+00 0.0000e+00 -2.3278e+00 1.6997e+01 0.0000e+00 0.0000e+00 0.0000e+00 0.0000e+00 1.6777e+01 -3.9912e-01 0.0000e+00 0.0000e+00 3.9912e-01 1.6707e+01 
48.0 1.7260e+01 -2.3596e+00 0.0000e+00 0.0000e+00 -2.3596e+00 1.6342e+01 0.0000e+00 0.0000e+00 0.0000e+00 0.0000e+00 1.6063e+01 -3.6729e-01 0.0000e+00 0.0000e+00 3.6729e-01 1.6003e+01 
49.0 1.6629e+01 -2.3893e+00 0.0000e+00 0.0000e+00 -2.3893e+00 1.5714e+01 0.0000e+00 0.0000e+00 0.0000e+00 0.0000e+00 1.5379e+01 -3.3585e-01 0.0000e+00 0.0000e+00 3.3585e-01 1.5328e+01 
50.0 1.6025e+01 -2.4169e+00 0.0000e+00 0.0000e+00 -2.4169e+00 1.5114e+01 0.0000e+00 0.0000e+00 0.0000e+00 0.0000e+00 1.4721e+01 -3.0472e-01 0.0000e+00 0.0000e+00 3.0472e-01 1.4679e+01 
51.0 1.5446e+01 -2.4425e+00 0.0000e+00 0.0000e+00 -2.4425e+00 1.4539e+01 0.0000e+00 0.0000e+00 0.0000e+00 0.0000e+00 1.4090e+01 -2.7383e-01 0.0000e+00 0.0000e+00 2.7383e-01 1.4057e+01 
52.0 1.4892e+01 -2.4661e+00 0.0000e+00 0.0000e+00 -2.4661e+00 1.3989e+01 0.0000e+00 0.0000e+00 0.0000e+00 0.0000e+00 1.3484e+01 -2.4311e-01 0.0000e+00 0.0000e+00 2.4311e-01 1.3460e+01 
53.0 1.4363e+01 -2.4878e+00 0.0000e+00 0.0000e+00 -2.4878e+00 1.3463e+01 0.0000e+00 0.0000e+00 0.0000e+00 0.0000e+00 1.2903e+01 -2.1255e-01 0.0000e+00 0.0000e+00 2.1255e-01 1.2888e+01 
54.0 1.3856e+01 -2.5077e+00 0.0000e+00 0.0000e+00 -2.5077e+00 1.2959e+01 0.0000e+00 0.0000e+00 0.0000e+00 0.0000e+00 1.2344e+01 -1.8216e-01 0.0000e+00 0.0000e+00 1.8216e-01 1.2338e+01 
55.0 1.3372e+01 -2.5258e+00 0.0000e+00 0.0000e+00 -2.5258e+00 1.2479e+01 0.0000e+00 0.0000e+00 0.0000e+00 0.0000e+00 1.1809e+01 -1.5196e-01 0.0000e+00 0.0000e+00 1.5196e-01 1.1811e+01 
56.0 1.2909e+01 -2.5420e+00 0.0000e+00 0.0000e+00 -2.5420e+00 1.2019e+01 0.0000e+00 0.0000e+00 0.0000e+00 0.0000e+00 1.1295e+01 -1.2202e-01 0.0000e+00 0.0000e+00 1.2202e-01 1.1305e+01 
57.0 1.2466e+01 -2.5565e+00 0.0000e+00 0.0000e+00 -2.5565e+00 1.1580e+01 0.0000e+00 0.0000e+00 0.0000e+00 0.0000e+00 1.0801e+01 -9.2378e-02 0.0000e+00 0.0000e+00 9.2378e-02 1.0820e+01 
58.0 1.2043e+01 -2.5692e+00 0.0000e+00 0.0000e+00 -2.5692e+00 1.1160e+01 0.0000e+00 0.0000e+00 0.0000e+00 0.0000e+00 1.0327e+01 -6.3085e-02 0.0000e+00 0.0000e+00 6.3085e-02 1.0354e+01 
59.0 1.1638e+01 -2.5801e+00 0.0000e+00 0.0000e+00 -2.5801e+00 1.0758e+01 0.0000e+00 0.0000e+00 0.0000e+00 0.0000e+00 9.8720e+00 -3.4160e-02 0.0000e+00 0.0000e+00 3.4160e-02 9.9069e+00 
60.0 1.1250e+01 -2.5894e+00 0.0000e+00 0.0000e+00 -2.5894e+00 1.0374e+01 0.0000e+00 0.0000e+00 0.0000e+00 0.0000e+00 9.4346e+00 -5.6076e-03 0.0000e+00 0.0000e+00 5.6076e-03 9.4775e+00 
61.0 1.0879e+01 -2.5969e+00 0.0000e+00 0.0000e+00 -2.5969e+00 1.0006e+01 0.0000e+00 0.0000e+00 0.0000e+00 0.0000e+00 9.0141e+00 2.2554e-02 0.0000e+00 0.0000e+00 -2.2554e-02 9.0650e+00 
62.0 1.0525e+01 -2.6027e+00 0.0000e+00 0.0000e+00 -2.6027e+00 9.6547e+00 0.0000e+00 0.0000e+00 0.0000e+00 0.0000e+00 8.6099e+00 5.0292e-02 0.0000e+00 0.0000e+00 -5.0292e-02 8.6687e+00 
63.0 1.0185e+01 -2.6070e+00 0.0000e+00 0.0000e+00 -2.6070e+00 9.3183e+00 0.0000e+00 0.0000e+00 0.0000e+00 0.0000e+00 8.2214e+00 7.7562e-02 0.0000e+00 0.0000e+00 -7.7562e-02 8.2879e+00 
64.0 9.8606e+00 -2.6096e+00 0.0000e+00 0.0000e+00 -2.6096e+00 8.9964e+00 0.0000e+00 0.0000e+00 0.0000e+00 0.0000e+00 7.8478e+00 1.0431e-01 0.0000e+00 0.0000e+00 -1.0431e-01 7.9221e+00 
65.0 9.5500e+00 -2.6107e+00 0.0000e+00 0.0000e+00 -2.6107e+00 8.6886e+00 0.0000e+00 0.0000e+00 0.0000e+00 0.0000e+00 7.4886e+00 1.3050e-01 0.0000e+00 0.0000e+00 -1.3050e-01 7.5706e+00 
66.0 9.2529e+00 -2.6101e+00 0.0000e+00 0.0000e+00 -2.6101e+00 8.3941e+00 0.0000e+00 0.0000e+00 0.0000e+00 0.0000e+00 7.1431e+00 1.5607e-01 0.0000e+00 0.0000e+00 -1.5607e-01 7.2328e+00 
67.0 8.9685e+00 -2.6081e+00 0.0000e+00 0.0000e+00 -2.6081e+00 8.1124e+00 0.0000e+00 0.0000e+00 0.0000e+00 0.0000e+00 6.8108e+00 1.8101e-01 0.0000e+00 0.0000e+00 -1.8101e-01 6.9081e+00 
68.0 8.6965e+00 -2.6045e+00 0.0000e+00 0.0000e+00 -2.6045e+00 7.8429e+00 0.0000e+00 0.0000e+00 0.0000e+00 0.0000e+00 6.4911e+00 2.0528e-01 0.0000e+00 0.0000e+00 -2.0528e-01 6.5959e+00 
69.0 8.4361e+00 -2.5994e+00 0.0000e+00 0.0000e+00 -2.5994e+00 7.5850e+00 0.0000e+00 0.0000e+00 0.0000e+00 0.0000e+00 6.1833e+00 2.2883e-01 0.0000e+00 0.0000e+00 -2.2883e-01 6.2957e+00 
70.0 8.1869e+00 -2.5928e+00 0.0000e+00 0.0000e+00 -2.5928e+00 7.3382e+00 0.0000e+00 0.0000e+00 0.0000e+00 0.0000e+00 5.8870e+00 2.5165e-01 0.0000e+00 0.0000e+00 -2.5165e-01 6.0068e+00 
71.0 7.9482e+00 -2.5848e+00 0.0000e+00 0.0000e+00 -2.5848e+00 7.1020e+00 0.0000e+00 0.0000e+00 0.0000e+00 0.0000e+00 5.6017e+00 2.7371e-01 0.0000e+00 0.0000e+00 -2.7371e-01 5.7288e+00 
72.0 7.7197e+00 -2.5754e+00 0.0000e+00 0.0000e+00 -2.5754e+00 6.8759e+00 0.0000e+00 0.0000e+00 0.0000e+00 0.0000e+00 5.3268e+00 2.9500e-01 0.0000e+00 0.0000e+00 -2.9500e-01 5.4613e+00 
73.0 7.5009e+00 -2.5646e+00 0.0000e+00 0.0000e+00 -2.5646e+00 6.6594e+00 0.0000e+00 0.0000e+00 0.0000e+00 0.0000e+00 5.0619e+00 3.1551e-01 0.0000e+00 0.0000e+00 -3.1551e-01 5.2037e+00 
74.0 7.2913e+00 -2.5525e+00 0.0000e+00 0.0000e+00 -2.5525e+00 6.4523e+00 0.0000e+00 0.0000e+00 0.0000e+00 0.0000e+00 4.8066e+00 3.3523e-01 0.0000e+00 0.0000e+00 -3.3523e-01 4.9557e+00 
75.0 7.0907e+00 -2.5391e+00 0.0000e+00 0.0000e+00 -2.5391e+00 6.2539e+00 0.0000e+00 0.0000e+00 0.0000e+00 0.0000e+00 4.5605e+00 3.5417e-01 0.0000e+00 0.0000e+00 -3.5417e-01 4.7168e+00 
76.0 6.8985e+00 -2.5245e+00 0.0000e+00 0.0000e+00 -2.5245e+00 6.0641e+00 0.0000e+00 0.0000e+00 0.0000e+00 0.0000e+00 4.3232e+00 3.7234e-01 0.0000e+00 0.0000e+00 -3.7234e-01 4.4867e+00 
77.0 6.7145e+00 -2.5087e+00 0.0000e+00 0.0000e+00 -2.5087e+00 5.8824e+00 0.0000e+00 0.0000e+00 0.0000e+00 0.0000e+00 4.0944e+00 3.8973e-01 0.0000e+00 0.0000e+00 -3.8973e-01 4.2650e+00 
78.0 6.5383e+00 -2.4917e+00 0.0000e+00 0.0000e+00 -2.4917e+00 5.7085e+00 0.0000e+00 0.0000e+00 0.0000e+00 0.0000e+00 3.8736e+00 4.0635e-01 0.0000e+00 0.0000e+00 -4.0635e-01 4.0513e+00 
79.0 6.3696e+00 -2.4736e+00 0.0000e+00 0.0000e+00 -2.4736e+00 5.5421e+00 0.0000e+00 0.0000e+00 0.0000e+00 0.0000e+00 3.6606e+00 4.2222e-01 0.0000e+00 0.0000e+00 -4.2222e-01 3.8454e+00 
80.0 6.2081e+00 -2.4545e+00 0.0000e+00 0.0000e+00 -2.4545e+00 5.3829e+00 0.0000e+00 0.0000e+00 0.0000e+00 0.0000e+00 3.4550e+00 4.3732e-01 0.0000e+00 0.0000e+00 -4.3732e-01 3.6468e+00 
81.0 6.0535e+00 -2.4343e+00 0.0000e+00 0.0000e+00 -2.4343e+00 5.2305e+00 0.0000e+00 0.0000e+00 0.0000e+00 0.0000e+00 3.2566e+00 4.5168e-01 0.0000e+00 0.0000e+00 -4.5168e-01 3.4553e+00 
82.0 5.9055e+00 -2.4131e+00 0.0000e+00 0.0000e+00 -2.4131e+00 5.0846e+00 0.0000e+00 0.0000e+00 0.0000e+00 0.0000e+00 3.0650e+00 4.6532e-01 0.0000e+00 0.0000e+00 -4.6532e-01 3.2707e+00 
83.0 5.7638e+00 -2.3909e+00 0.0000e+00 0.0000e+00 -2.3909e+00 4.9451e+00 0.0000e+00 0.0000e+00 0.0000e+00 0.0000e+00 2.8799e+00 4.7824e-01 0.0000e+00 0.0000e+00 -4.7824e-01 3.0926e+00 
84.0 5.6283e+00 -2.3677e+00 0.0000e+00 0.0000e+00 -2.3677e+00 4.8116e+00 0.0000e+00 0.0000e+00 0.0000e+00 0.0000e+00 2.7012e+00 4.9047e-01 0.0000e+00 0.0000e+00 -4.9047e-01 2.9208e+00 
85.0 5.4986e+00 -2.3437e+00 0.0000e+00 0.0000e+00 -2.3437e+00 4.6839e+00 0.0000e+00 0.0000e+00 0.0000e+00 0.0000e+00 2.5285e+00 5.0204e-01 0.0000e+00 0.0000e+00 -5.0204e-01 2.7550e+00 
86.0 5.3745e+00 -2.3189e+00 0.0000e+00 0.0000e+00 -2.3189e+00 4.5618e+00 0.0000e+00 0.0000e+00 0.0000e+00 0.0000e+00 2.3616e+00 5.1296e-01 0.0000e+00 0.0000e+00 -5.1296e-01 2.5949e+00 
87.0 5.2558e+00 -2.2933e+00 0.0000e+00 0.0000e+00 -2.2933e+00 4.4451e+00 0.0000e+00 0.0000e+00 0.0000e+00 0.0000e+00 2.2003e+00 5.2325e-01 0.0000e+00 0.0000e+00 -5.2325e-01 2.4405e+00 
88.0 5.1423e+00 -2.2669e+00 0.0000e+00 0.0000e+00 -2.2669e+00 4.3336e+00 0.0000e+00 0.0000e+00 0.0000e+00 0.0000e+00 2.0444e+00 5.3291e-01 0.0000e+00 0.0000e+00 -5.3291e-01 2.2914e+00 
89.0 5.0338e+00 -2.2399e+00 0.0000e+00 0.0000e+00 -2.2399e+00 4.2270e+00 0.0000e+00 0.0000e+00 0.0000e+00 0.0000e+00 1.8937e+00 5.4195e-01 0.0000e+00 0.0000e+00 -5.4195e-01 2.1474e+00 
90.0 4.9301e+00 -2.2122e+00 0.0000e+00 0.0000e+00 -2.2122e+00 4.1252e+00 0.0000e+00 0.0000e+00 0.0000e+00 0.0000e+00 1.7481e+00 5.5036e-01 0.0000e+00 0.0000e+00 -5.5036e-01 2.0083e+00 
91.0 4.8309e+00 -2.1839e+00 0.0000e+00 0.0000e+00 -2.1839e+00 4.0279e+00 0.0000e+00 0.0000e+00 0.0000e+00 0.0000e+00 1.6072e+00 5.5815e-01 0.0000e+00 0.0000e+00 -5.5815e-01 1.8740e+00 
92.0 4.7361e+00 -2.1550e+00 0.0000e+00 0.0000e+00 -2.1550e+00 3.9351e+00 0.0000e+00 0.0000e+00 0.0000e+00 0.0000e+00 1.4710e+00 5.6530e-01 0.0000e+00 0.0000e+00 -5.6530e-01 1.7442e+00 
93.0 4.6455e+00 -2.1254e+00 0.0000e+00 0.0000e+00 -2.1254e+00 3.8464e+00 0.0000e+00 0.0000e+00 0.0000e+00 0.0000e+00 1.3392e+00 5.7183e-01 0.0000e+00 0.0000e+00 -5.7183e-01 1.6187e+00 
94.0 4.5590e+00 -2.0954e+00 0.0000e+00 0.0000e+00 -2.0954e+00 3.7618e+00 0.0000e+00 0.0000e+00 0.0000e+00 0.0000e+00 1.2117e+00 5.7773e-01 0.0000e+00 0.0000e+00 -5.7773e-01 1.4973e+00 
95.0 4.4763e+00 -2.0647e+00 0.0000e+00 0.0000e+00 -2.0647e+00 3.6811e+00 0.0000e+00 0.0000e+00 0.0000e+00 0.0000e+00 1.0884e+00 5.8302e-01 0.0000e+00 0.0000e+00 -5.8302e-01 1.3800e+00 
96.0 4.3974e+00 -2.0336e+00 0.0000e+00 0.0000e+00 -2.0336e+00 3.6043e+00 0.0000e+00 0.0000e+00 0.0000e+00 0.0000e+00 9.6903e-01 5.8771e-01 0.0000e+00 0.0000e+00 -5.8771e-01 1.2664e+00 
97.0 4.3222e+00 -2.0019e+00 0.0000e+00 0.0000e+00 -2.0019e+00 3.5311e+00 0.0000e+00 0.0000e+00 0.0000e+00 0.0000e+00 8.5353e-01 5.9183e-01 0.0000e+00 0.0000e+00 -5.9183e-01 1.1565e+00 
98.0 4.2504e+00 -1.9698e+00 0.0000e+00 0.0000e+00 -1.9698e+00 3.4615e+00 0.0000e+00 0.0000e+00 0.0000e+00 0.0000e+00 7.4174e-01 5.9540e-01 0.0000e+00 0.0000e+00 -5.9540e-01 1.0501e+00 
99.0 4.1820e+00 -1.9371e+00 0.0000e+00 0.0000e+00 -1.9371e+00 3.3954e+00 0.0000e+00 0.0000e+00 0.0000e+00 0.0000e+00 6.3356e-01 5.9845e-01 0.0000e+00 0.0000e+00 -5.9845e-01 9.4711e-01 
100.0 4.1168e+00 -1.9040e+00 0.0000e+00 0.0000e+00 -1.9040e+00 3.3326e+00 0.0000e+00 0.0000e+00 0.0000e+00 0.0000e+00 5.2884e-01 6.0099e-01 0.0000e+00 0.0000e+00 -6.0099e-01 8.4734e-01 
101.0 4.0548e+00 -1.8704e+00 0.0000e+00 0.0000e+00 -1.8704e+00 3.2731e+00 0.0000e+00 0.0000e+00 0.0000e+00 0.0000e+00 4.2747e-01 6.0303e-01 0.0000e+00 0.0000e+00 -6.0303e-01 7.5068e-01 
102.0 3.9958e+00 -1.8364e+00 0.0000e+00 0.0000e+00 -1.8364e+00 3.2167e+00 0.0000e+00 0.0000e+00 0.0000e+00 0.0000e+00 3.2931e-01 6.0459e-01 0.0000e+00 0.0000e+00 -6.0459e-01 6.5700e-01 
103.0 3.9397e+00 -1.8020e+00 0.0000e+00 0.0000e+00 -1.8020e+00 3.1633e+00 0.0000e+00 0.0000e+00 0.0000e+00 0.0000e+00 2.3423e-01 6.0567e-01 0.0000e+00 0.0000e+00 -6.0567e-01 5.6617e-01 
104.0 3.8864e+00 -1.7673e+00 0.0000e+00 0.0000e+00 -1.7673e+00 3.1128e+00 0.0000e+00 0.0000e+00 0.0000e+00 0.0000e+00 1.4210e-01 6.0627e-01 0.0000e+00 0.0000e+00 -6.0627e-01 4.7806e-01 
105.0 3.8358e+00 -1.7322e+00 0.0000e+00 0.0000e+00 -1.7322e+00 3.0651e+00 0.0000e+00 0.0000e+00 0.0000e+00 0.0000e+00 5.2820e-02 6.0641e-01 0.0000e+00 0.0000e+00 -6.0641e-01 3.9258e-01 
106.0 3.7878e+00 -1.6968e+00 0.0000e+00 0.0000e+00 -1.6968e+00 3.0201e+00 0.0000e+00 0.0000e+00 0.0000e+00 0.0000e+00 -3.3731e-02 6.0609e-01 0.0000e+00 0.0000e+00 -6.0609e-01 3.0962e-01 
107.0 3.7423e+00 -1.6610e+00 0.0000e+00 0.0000e+00 -1.6610e+00 2.9777e+00 0.0000e+00 0.0000e+00 0.0000e+00 0.0000e+00 -1.1766e-01 6.0533e-01 0.0000e+00 0.0000e+00 -6.0533e-01 2.2906e-01 
108.0 3.6992e+00 -1.6250e+00 0.0000e+00 0.0000e+00 -1.6250e+00 2.9378e+00 0.0000e+00 0.0000e+00 0.0000e+00 0.0000e+00 -1.9907e-01 6.0413e-01 0.0000e+00 0.0000e+00 -6.0413e-01 1.5081e-01 
109.0 3.6584e+00 -1.5887e+00 0.0000e+00 0.0000e+00 -1.5887e+00 2.9003e+00 0.0000e+00 0.0000e+00 0.0000e+00 0.0000e+00 -2.7804e-01 6.0253e-01 0.0000e+00 0.0000e+00 -6.0253e-01 7.4771e-02 
110.0 3.6199e+00 -1.5520e+00 0.0000e+00 0.0000e+00 -1.5520e+00 2.8650e+00 0.0000e+00 0.0000e+00 0.0000e+00 0.0000e+00 -3.5467e-01 6.0055e-01 0.0000e+00 0.0000e+00 -6.0055e-01 8.5817e-04 
111.0 3.5835e+00 -1.5152e+00 0.0000e+00 0.0000e+00 -1.5152e+00 2.8321e+00 0.0000e+00 0.0000e+00 0.0000e+00 0.0000e+00 -4.2904e-01 5.9823e-01 0.0000e+00 0.0000e+00 -5.9823e-01 -7.1003e-02 
112.0 3.5492e+00 -1.4780e+00 0.0000e+00 0.0000e+00 -1.4780e+00 2.8013e+00 0.0000e+00 0.0000e+00 0.0000e+00 0.0000e+00 -5.0121e-01 5.9558e-01 0.0000e+00 0.0000e+00 -5.9558e-01 -1.4088e-01 
113.0 3.5170e+00 -1.4407e+00 0.0000e+00 0.0000e+00 -1.4407e+00 2.7727e+00 0.0000e+00 0.0000e+00 0.0000e+00 0.0000e+00 -5.7127e-01 5.9263e-01 0.0000e+00 0.0000e+00 -5.9263e-01 -2.0884e-01 
114.0 3.4868e+00 -1.4032e+00 0.0000e+00 0.0000e+00 -1.4032e+00 2.7461e+00 0.0000e+00 0.0000e+00 0.0000e+00 0.0000e+00 -6.3931e-01 5.8940e-01 0.0000e+00 0.0000e+00 -5.8940e-01 -2.7496e-01 
115.0 3.4585e+00 -1.3656e+00 0.0000e+00 0.0000e+00 -1.3656e+00 2.7214e+00 0.0000e+00 0.0000e+00 0.0000e+00 0.0000e+00 -7.0538e-01 5.8591e-01 0.0000e+00 0.0000e+00 -5.8591e-01 -3.3929e-01 
116.0 3.4320e+00 -1.3278e+00 0.0000e+00 0.0000e+00 -1.3278e+00 2.6987e+00 0.0000e+00 0.0000e+00 0.0000e+00 0.0000e+00 -7.6956e-01 5.8218e-01 0.0000e+00 0.0000e+00 -5.8218e-01 -4.0189e-01 
117.0 3.4073e+00 -1.2900e+00 0.0000e+00 0.0000e+00 -1.2900e+00 2.6779e+00 0.0000e+00 0.0000e+00 0.0000e+00 0.0000e+00 -8.3190e-01 5.7822e-01 0.0000e+00 0.0000e+00 -5.7822e-01 -4.6283e-01 
118.0 3.3844e+00 -1.2522e+00 0.0000e+00 0.0000e+00 -1.2522e+00 2.6588e+00 0.0000e+00 0.0000e+00 0.0000e+00 0.0000e+00 -8.9246e-01 5.7405e-01 0.0000e+00 0.0000e+00 -5.7405e-01 -5.2214e-01 
119.0 3.3632e+00 -1.2143e+00 0.0000e+00 0.0000e+00 -1.2143e+00 2.6415e+00 0.0000e+00 0.0000e+00 0.0000e+00 0.0000e+00 -9.5132e-01 5.6965e-01 0.0000e+00 0.0000e+00 -5.6965e-01 -5.7989e-01 
120.0 3.3436e+00 -1.1765e+00 0.0000e+00 0.0000e+00 -1.1765e+00 2.6258e+00 0.0000e+00 0.0000e+00 0.0000e+00 0.0000e+00 -1.0085e+00 5.6501e-01 0.0000e+00 0.0000e+00 -5.6501e-01 -6.3611e-01 
121.0 3.3256e+00 -1.1387e+00 0.0000e+00 0.0000e+00 -1.1387e+00 2.6116e+00 0.0000e+00 0.0000e+00 0.0000e+00 0.0000e+00 -1.0641e+00 5.6010e-01 0.0000e+00 0.0000e+00 -5.6010e-01 -6.9083e-01 
122.0 3.3091e+00 -1.1010e+00 0.0000e+00 0.0000e+00 -1.1010e+00 2.5990e+00 0.0000e+00 0.0000e+00 0.0000e+00 0.0000e+00 -1.1182e+00 5.5492e-01 0.0000e+00 0.0000e+00 -5.5492e-01 -7.4411e-01 
123.0 3.2941e+00 -1.0634e+00 0.0000e+00 0.0000e+00 -1.0634e+00 2.5878e+00 0.0000e+00 0.0000e+00 0.0000e+00 0.0000e+00 -1.1708e+00 5.4944e-01 0.0000e+00 0.0000e+00 -5.4944e-01 -7.9598e-01 
124.0 3.2804e+00 -1.0260e+00 0.0000e+00 0.0000e+00 -1.0260e+00 2.5779e+00 0.0000e+00 0.0000e+00 0.0000e+00 0.0000e+00 -1.2220e+00 5.4369e-01 0.0000e+00 0.0000e+00 -5.4369e-01 -8.4650e-01 
125.0 3.2682e+00 -9.8861e-01 0.0000e+00 0.0000e+00 -9.8861e-01 2.5694e+00 0.0000e+00 0.0000e+00 0.0000e+00 0.0000e+00 -1.2719e+00 5.3766e-01 0.0000e+00 0.0000e+00 -5.3766e-01 -8.9572e-01 
126.0 3.2572e+00 -9.5142e-01 0.0000e+00 0.0000e+00 -9.5142e-01 2.5620e+00 0.0000e+00 0.0000e+00 0.0000e+00 0.0000e+00 -1.3205e+00 5.3137e-01 0.0000e+00 0.0000e+00 -5.3137e-01 -9.4370e-01 
127.0 3.2476e+00 -9.1444e-01 0.0000e+00 0.0000e+00 -9.1444e-01 2.5559e+00 0.0000e+00 0.0000e+00 0.0000e+00 0.0000e+00 -1.3678e+00 5.2481e-01 0.0000e+00 0.0000e+00 -5.2481e-01 -9.9047e-01 
128.0 3.2392e+00 -8.7772e-01 0.0000e+00 0.0000e+00 -8.7772e-01 2.5509e+00 0.0000e+00 0.0000e+00 0.0000e+00 0.0000e+00 -1.4140e+00 5.1797e-01 0.0000e+00 0.0000e+00 -5.1797e-01 -1.0361e+00 
129.0 3.2320e+00 -8.4132e-01 0.0000e+00 0.0000e+00 -8.4132e-01 2.5470e+00 0.0000e+00 0.0000e+00 0.0000e+00 0.0000e+00 -1.4591e+00 5.1083e-01 0.0000e+00 0.0000e+00 -5.1083e-01 -1.0806e+00 
130.0 3.2258e+00 -8.0525e-01 0.0000e+00 0.0000e+00 -8.0525e-01 2.5441e+00 0.0000e+00 0.0000e+00 0.0000e+00 0.0000e+00 -1.5031e+00 5.0338e-01 0.0000e+00 0.0000e+00 -5.0338e-01 -1.1239e+00 
131.0 3.2208e+00 -7.6954e-01 0.0000e+00 0.0000e+00 -7.6954e-01 2.5421e+00 0.0000e+00 0.0000e+00 0.0000e+00 0.0000e+00 -1.5459e+00 4.9559e-01 0.0000e+00 0.0000e+00 -4.9559e-01 -1.1662e+00 
132.0 3.2169e+00 -7.3418e-01 0.0000e+00 0.0000e+00 -7.3418e-01 2.5412e+00 0.0000e+00 0.0000e+00 0.0000e+00 0.0000e+00 -1.5878e+00 4.8746e-01 0.0000e+00 0.0000e+00 -4.8746e-01 -1.2075e+00 
133.0 3.2140e+00 -6.9918e-01 0.0000e+00 0.0000e+00 -6.9918e-01 2.5413e+00 0.0000e+00 0.0000e+00 0.0000e+00 0.0000e+00 -1.6285e+00 4.7900e-01 0.0000e+00 0.0000e+00 -4.7900e-01 -1.2477e+00 
134.0 3.2121e+00 -6.6454e-01 0.0000e+00 0.0000e+00 -6.6454e-01 2.5423e+00 0.0000e+00 0.0000e+00 0.0000e+00 0.0000e+00 -1.6683e+00 4.7021e-01 0.0000e+00 0.0000e+00 -4.7021e-01 -1.2870e+00 
135.0 3.2113e+00 -6.3027e-01 0.0000e+00 0.0000e+00 -6.3027e-01 2.5444e+00 0.0000e+00 0.0000e+00 0.0000e+00 0.0000e+00 -1.7071e+00 4.6110e-01 0.0000e+00 0.0000e+00 -4.6110e-01 -1.3253e+00 
136.0 3.2115e+00 -5.9639e-01 0.0000e+00 0.0000e+00 -5.9639e-01 2.5473e+00 0.0000e+00 0.0000e+00 0.0000e+00 0.0000e+00 -1.7449e+00 4.5165e-01 0.0000e+00 0.0000e+00 -4.5165e-01 -1.3628e+00 
137.0 3.2126e+00 -5.6290e-01 0.0000e+00 0.0000e+00 -5.6290e-01 2.5511e+00 0.0000e+00 0.0000e+00 0.0000e+00 0.0000e+00 -1.7819e+00 4.4185e-01 0.0000e+00 0.0000e+00 -4.4185e-01 -1.3994e+00 
138.0 3.2146e+00 -5.2981e-01 0.0000e+00 0.0000e+00 -5.2981e-01 2.5558e+00 0.0000e+00 0.0000e+00 0.0000e+00 0.0000e+00 -1.8180e+00 4.3170e-01 0.0000e+00 0.0000e+00 -4.3170e-01 -1.4352e+00 
139.0 3.2176e+00 -4.9710e-01 0.0000e+00 0.0000e+00 -4.9710e-01 2.5614e+00 0.0000e+00 0.0000e+00 0.0000e+00 0.0000e+00 -1.8532e+00 4.2119e-01 0.0000e+00 0.0000e+00 -4.2119e-01 -1.4703e+00 
140.0 3.2214e+00 -4.6475e-01 0.0000e+00 0.0000e+00 -4.6475e-01 2.5679e+00 0.0000e+00 0.0000e+00 0.0000e+00 0.0000e+00 -1.8876e+00 4.1040e-01 0.0000e+00 0.0000e+00 -4.1040e-01 -1.5047e+00 
141.0 3.2263e+00 -4.3277e-01 0.0000e+00 0.0000e+00 -4.3277e-01 2.5754e+00 0.0000e+00 0.0000e+00 0.0000e+00 0.0000e+00 -1.9212e+00 3.9936e-01 0.0000e+00 0.0000e+00 -3.9936e-01 -1.5383e+00 
142.0 3.2322e+00 -4.0116e-01 0.0000e+00 0.0000e+00 -4.0116e-01 2.5839e+00 0.0000e+00 0.0000e+00 0.0000e+00 0.0000e+00 -1.9541e+00 3.8815e-01 0.0000e+00 0.0000e+00 -3.8815e-01 -1.5712e+00 
143.0 3.2393e+00 -3.6996e-01 0.0000e+00 0.0000e+00 -3.6996e-01 2.5935e+00 0.0000e+00 0.0000e+00 0.0000e+00 0.0000e+00 -1.9862e+00 3.7680e-01 0.0000e+00 0.0000e+00 -3.7680e-01 -1.6034e+00 
144.0 3.2473e+00 -3.3924e-01 0.0000e+00 0.0000e+00 -3.3924e-01 2.6040e+00 0.0000e+00 0.0000e+00 0.0000e+00 0.0000e+00 -2.0176e+00 3.6529e-01 0.0000e+00 0.0000e+00 -3.6529e-01 -1.6350e+00 
145.0 3.2565e+00 -3.0903e-01 0.0000e+00 0.0000e+00 -3.0903e-01 2.6156e+00 0.0000e+00 0.0000e+00 0.0000e+00 0.0000e+00 -2.0483e+00 3.5357e-01 0.0000e+00 0.0000e+00 -3.5357e-01 -1.6660e+00 
146.0 3.2667e+00 -2.7935e-01 0.0000e+00 0.0000e+00 -2.7935e-01 2.6280e+00 0.0000e+00 0.0000e+00 0.0000e+00 0.0000e+00 -2.0785e+00 3.4158e-01 0.0000e+00 0.0000e+00 -3.4158e-01 -1.6963e+00 
147.0 3.2779e+00 -2.5021e-01 0.0000e+00 0.0000e+00 -2.5021e-01 2.6414e+00 0.0000e+00 0.0000e+00 0.0000e+00 0.0000e+00 -2.1081e+00 3.2929e-01 0.0000e+00 0.0000e+00 -3.2929e-01 -1.7261e+00 
148.0 3.2903e+00 -2.2159e-01 0.0000e+00 0.0000e+00 -2.2159e-01 2.6557e+00 0.0000e+00 0.0000e+00 0.0000e+00 0.0000e+00 -2.1373e+00 3.1671e-01 0.0000e+00 0.0000e+00 -3.1671e-01 -1.7554e+00 
149.0 3.3039e+00 -1.9352e-01 0.0000e+00 0.0000e+00 -1.9352e-01 2.6711e+00 0.0000e+00 0.0000e+00 0.0000e+00 0.0000e+00 -2.1661e+00 3.0385e-01 0.0000e+00 0.0000e+00 -3.0385e-01 -1.7841e+00 
150.0 3.3188e+00 -1.6606e-01 0.0000e+00 0.0000e+00 -1.6606e-01 2.6877e+00 0.0000e+00 0.0000e+00 0.0000e+00 0.0000e+00 -2.1947e+00 2.9073e-01 0.0000e+00 0.0000e+00 -2.9073e-01 -1.8124e+00 
151.0 3.3350e+00 -1.3935e-01 0.0000e+00 0.0000e+00 -1.3935e-01 2.7052e+00 0.0000e+00 0.0000e+00 0.0000e+00 0.0000e+00 -2.2230e+00 2.7724e-01 0.0000e+00 0.0000e+00 -2.7724e-01 -1.8404e+00 
152.0 3.3523e+00 -1.1356e-01 0.0000e+00 0.0000e+00 -1.1356e-01 2.7235e+00 0.0000e+00 0.0000e+00 0.0000e+00 0.0000e+00 -2.2514e+00 2.6320e-01 0.0000e+00 0.0000e+00 -2.6320e-01 -1.8680e+00 
153.0 3.3704e+00 -8.8905e-02 0.0000e+00 0.0000e+00 -8.8905e-02 2.7424e+00 0.0000e+00 0.0000e+00 0.0000e+00 0.0000e+00 -2.2799e+00 2.4833e-01 0.0000e+00 0.0000e+00 -2.4833e-01 -1.8955e+00 
154.0 3.3893e+00 -6.5558e-02 0.0000e+00 0.0000e+00 -6.5558e-02 2.7615e+00 0.0000e+00 0.0000e+00 0.0000e+00 0.0000e+00 -2.3086e+00 2.3237e-01 0.0000e+00 0.0000e+00 -2.3237e-01 -1.9228e+00 
155.0 3.4090e+00 -4.3684e-02 0.0000e+00 0.0000e+00 -4.3684e-02 2.7808e+00 0.0000e+00 0.0000e+00 0.0000e+00 0.0000e+00 -2.3378e+00 2.1515e-01 0.0000e+00 0.0000e+00 -2.1515e-01 -1.9499e+00 
156.0 3.4295e+00 -2.3446e-02 0.0000e+00 0.0000e+00 -2.3446e-02 2.8004e+00 0.0000e+00 0.0000e+00 0.0000e+00 0.0000e+00 -2.3674e+00 1.9663e-01 0.0000e+00 0.0000e+00 -1.9663e-01 -1.9768e+00 
157.0 3.4510e+00 -5.0245e-03 0.0000e+00 0.0000e+00 -5.0245e-03 2.8204e+00 0.0000e+00 0.0000e+00 0.0000e+00 0.0000e+00 -2.3976e+00 1.7683e-01 0.0000e+00 0.0000e+00 -1.7683e-01 -2.0035e+00 
158.0 3.4736e+00 1.1372e-02 0.0000e+00 0.0000e+00 1.1372e-02 2.8409e+00 0.0000e+00 0.0000e+00 0.0000e+00 0.0000e+00 -2.4286e+00 1.5573e-01 0.0000e+00 0.0000e+00 -1.5573e-01 -2.0301e+00 
159.0 3.4973e+00 2.5550e-02 0.0000e+00 0.0000e+00 2.5550e-02 2.8616e+00 0.0000e+00 0.0000e+00 0.0000e+00 0.0000e+00 -2.4605e+00 1.3328e-01 0.0000e+00 0.0000e+00 -1.3328e-01 -2.0564e+00 
160.0 3.5223e+00 3.7357e-02 0.0000e+00 0.0000e+00 3.7357e-02 2.8824e+00 0.0000e+00 0.0000e+00 0.0000e+00 0.0000e+00 -2.4935e+00 1.0934e-01 0.0000e+00 0.0000e+00 -1.0934e-01 -2.0826e+00 
161.0 3.5486e+00 4.6692e-02 0.0000e+00 0.0000e+00 4.6692e-02 2.9032e+00 0.0000e+00 0.0000e+00 0.0000e+00 0.0000e+00 -2.5280e+00 8.3815e-02 0.0000e+00 0.0000e+00 -8.3815e-02 -2.1087e+00 
162.0 3.5766e+00 5.3493e-02 0.0000e+00 0.0000e+00 5.3493e-02 2.9242e+00 0.0000e+00 0.0000e+00 0.0000e+00 0.0000e+00 -2.5643e+00 5.6663e-02 0.0000e+00 0.0000e+00 -5.6663e-02 -2.1349e+00 
163.0 3.6070e+00 5.7747e-02 0.0000e+00 0.0000e+00 5.7747e-02 2.9458e+00 0.0000e+00 0.0000e+00 0.0000e+00 0.0000e+00 -2.6032e+00 2.8025e-02 0.0000e+00 0.0000e+00 -2.8025e-02 -2.1612e+00 
164.0 3.6406e+00 5.9478e-02 0.0000e+00 0.0000e+00 5.9478e-02 2.9684e+00 0.0000e+00 0.0000e+00 0.0000e+00 0.0000e+00 -2.6451e+00 -1.7586e-03 0.0000e+00 0.0000e+00 1.7586e-03 -2.1878e+00 
165.0 3.6783e+00 5.8714e-02 0.0000e+00 0.0000e+00 5.8714e-02 2.9928e+00 0.0000e+00 0.0000e+00 0.0000e+00 0.0000e+00 -2.6908e+00 -3.2187e-02 0.0000e+00 0.0000e+00 3.2187e-02 -2.2150e+00 
166.0 3.7212e+00 5.5465e-02 0.0000e+00 0.0000e+00 5.5465e-02 3.0195e+00 0.0000e+00 0.0000e+00 0.0000e+00 0.0000e+00 -2.7410e+00 -6.2712e-02 0.0000e+00 0.0000e+00 6.2712e-02 -2.2429e+00 
167.0 3.7703e+00 4.9732e-02 0.0000e+00 0.0000e+00 4.9732e-02 3.0491e+00 0.0000e+00 0.0000e+00 0.0000e+00 0.0000e+00 -2.7968e+00 -9.2802e-02 0.0000e+00 0.0000e+00 9.2802e-02 -2.2717e+00 
168.0 3.8268e+00 4.1594e-02 0.0000e+00 0.0000e+00 4.1594e-02 3.0821e+00 0.0000e+00 0.0000e+00 0.0000e+00 0.0000e+00 -2.8592e+00 -1.2180e-01 0.0000e+00 0.0000e+00 1.2180e-01 -2.3013e+00 
169.0 3.8925e+00 3.1356e-02 0.0000e+00 0.0000e+00 3.1356e-02 3.1190e+00 0.0000e+00 0.0000e+00 0.0000e+00 0.0000e+00 -2.9293e+00 -1.4864e-01 0.0000e+00 0.0000e+00 1.4864e-01 -2.3316e+00 
170.0 3.9697e+00 1.9672e-02 0.0000e+00 0.0000e+00 1.9672e-02 3.1609e+00 0.0000e+00 0.0000e+00 0.0000e+00 0.0000e+00 -3.0084e+00 -1.7146e-01 0.0000e+00 0.0000e+00 1.7146e-01 -2.3621e+00 
171.0 4.0618e+00 7.5818e-03 0.0000e+00 0.0000e+00 7.5818e-03 3.2096e+00 0.0000e+00 0.0000e+00 0.0000e+00 0.0000e+00 -3.0974e+00 -1.8758e-01 0.0000e+00 0.0000e+00 1.8758e-01 -2.3922e+00 
172.0 4.1719e+00 -3.5763e-03 0.0000e+00 0.0000e+00 -3.5763e-03 3.2673e+00 0.0000e+00 0.0000e+00 0.0000e+00 0.0000e+00 -3.1966e+00 -1.9375e-01 0.0000e+00 0.0000e+00 1.9375e-01 -2.4213e+00 
173.0 4.3021e+00 -1.2338e-02 0.0000e+00 0.0000e+00 -1.2338e-02 3.3358e+00 0.0000e+00 0.0000e+00 0.0000e+00 0.0000e+00 -3.3050e+00 -1.8713e-01 0.0000e+00 0.0000e+00 1.8713e-01 -2.4483e+00 
174.0 4.4514e+00 -1.7376e-02 0.0000e+00 0.0000e+00 -1.7376e-02 3.4157e+00 0.0000e+00 0.0000e+00 0.0000e+00 0.0000e+00 -3.4197e+00 -1.6617e-01 0.0000e+00 0.0000e+00 1.6617e-01 -2.4725e+00 
175.0 4.6135e+00 -1.7965e-02 0.0000e+00 0.0000e+00 -1.7965e-02 3.5043e+00 0.0000e+00 0.0000e+00 0.0000e+00 0.0000e+00 -3.5350e+00 -1.3200e-01 0.0000e+00 0.0000e+00 1.3200e-01 -2.4929e+00 
176.0 4.7756e+00 -1.4435e-02 0.0000e+00 0.0000e+00 -1.4435e-02 3.5950e+00 0.0000e+00 0.0000e+00 0.0000e+00 0.0000e+00 -3.6426e+00 -8.9328e-02 0.0000e+00 0.0000e+00 8.9328e-02 -2.5089e+00 
177.0 4.9186e+00 -8.3830e-03 0.0000e+00 0.0000e+00 -8.3830e-03 3.6767e+00 0.0000e+00 0.0000e+00 0.0000e+00 0.0000e+00 -3.7323e+00 -4.6368e-02 0.0000e+00 0.0000e+00 4.6368e-02 -2.5201e+00 
178.0 5.0198e+00 -2.5957e-03 0.0000e+00 0.0000e+00 -2.5957e-03 3.7356e+00 0.0000e+00 0.0000e+00 0.0000e+00 0.0000e+00 -3.7931e+00 -1.3595e-02 0.0000e+00 0.0000e+00 1.3595e-02 -2.5268e+00 
179.0 5.0593e+00 -2.6647e-20 0.0000e+00 0.0000e+00 -2.6647e-20 3.7592e+00 0.0000e+00 0.0000e+00 0.0000e+00 0.0000e+00 -3.8166e+00 -2.0411e-19 0.0000e+00 0.0000e+00 2.0411e-19 -2.5297e+00 
180.0 5.0960e+00 0.0000e+00 0.0000e+00 0.0000e+00 0.0000e+00 3.7801e+00 0.0000e+00 0.0000e+00 0.0000e+00 0.0000e+00 -3.8374e+00 0.0000e+00 0.0000e+00 0.0000e+00 -0.0000e+00 -2.5316e+00 
