1.2371 1.3209 0.0838 0.067548
theta s11 s12 s13 s14 s21 s22 s23 s24 s31 s32 s33 s34 s41 s42 s43 s44
0.0 6.4483e+02 0.0000e+00 0.0000e+00 0.0000e+00 0.0000e+00 6.4419e+02 0.0000e+00 0.0000e+00 0.0000e+00 0.0000e+00 6.4419e+02 0.0000e+00 0.0000e+00 0.0000e+00 -0.0000e+00 6.4356e+02 
1.0 6.1423e+02 3.0400e-03 0.0000e+00 0.0000e+00 3.0400e-03 6.1360e+02 0.0000e+00 0.0000e+00 0.0000e+00 0.0000e+00 6.1359e+02 -1.8126e-01 0.0000e+00 0.0000e+00 1.8126e-01 6.1296e+02 
2.0 5.6056e+02 2.3989e-02 0.0000e+00 0.0000e+00 2.3989e-02 5.5993e+02 0.0000e+00 0.0000e+00 0.0000e+00 0.0000e+00 5.5993e+02 -6.6046e-01 0.0000e+00 0.0000e+00 6.6046e-01 5.5931e+02 
3.0 5.0373e+02 6.5179e-02 0.0000e+00 0.0000e+00 6.5179e-02 5.0311e+02 0.0000e+00 0.0000e+00 0.0000e+00 0.0000e+00 5.0311e+02 -1.2935e+00 0.0000e+00 0.0000e+00 1.2935e+00 5.0250e+02 
4.0 4.4828e+02 1.1702e-01 0.0000e+00 0.0000e+00 1.1702e-01 4.4767e+02 0.0000e+00 0.0000e+00 0.0000e+00 0.0000e+00 4.4766e+02 -1.9439e+00 0.0000e+00 0.0000e+00 1.9439e+00 4.4707e+02 
5.0 3.9690e+02 1.6692e-01 0.0000e+00 0.0000e+00 1.6692e-01 3.9631e+02 0.0000e+00 0.0000e+00 0.0000e+00 0.0000e+00 3.9628e+02 -2.5226e+00 0.0000e+00 0.0000e+00 2.5226e+00 3.9572e+02 
6.0 3.5076e+02 2.0395e-01 0.0000e+00 0.0000e+00 2.0395e-01 3.5018e+02 0.0000e+00 0.0000e+00 0.0000e+00 0.0000e+00 3.5014e+02 -2.9839e+00 0.0000e+00 0.0000e+00 2.9839e+00 3.4960e+02 
7.0 3.1008e+02 2.2121e-01 0.0000e+00 0.0000e+00 2.2121e-01 3.0952e+02 0.0000e+00 0.0000e+00 0.0000e+00 0.0000e+00 3.0946e+02 -3.3138e+00 0.0000e+00 0.0000e+00 3.3138e+00 3.0895e+02 
8.0 2.7463e+02 2.1635e-01 0.0000e+00 0.0000e+00 2.1635e-01 2.7409e+02 0.0000e+00 0.0000e+00 0.0000e+00 0.0000e+00 2.7400e+02 -3.5197e+00 0.0000e+00 0.0000e+00 3.5197e+00 2.7352e+02 
9.0 2.4391e+02 1.9052e-01 0.0000e+00 0.0000e+00 1.9052e-01 2.4337e+02 0.0000e+00 0.0000e+00 0.0000e+00 0.0000e+00 2.4327e+02 -3.6206e+00 0.0000e+00 0.0000e+00 3.6206e+00 2.4281e+02 
10.0 2.1734e+02 1.4688e-01 0.0000e+00 0.0000e+00 1.4688e-01 2.1682e+02 0.0000e+00 0.0000e+00 0.0000e+00 0.0000e+00 2.1670e+02 -3.6387e+00 0.0000e+00 0.0000e+00 3.6387e+00 2.1626e+02 
11.0 1.9439e+02 8.9359e-02 0.0000e+00 0.0000e+00 8.9359e-02 1.9389e+02 0.0000e+00 0.0000e+00 0.0000e+00 0.0000e+00 1.9374e+02 -3.5952e+00 0.0000e+00 0.0000e+00 3.5952e+00 1.9332e+02 
12.0 1.7455e+02 2.1815e-02 0.0000e+00 0.0000e+00 2.1815e-02 1.7406e+02 0.0000e+00 0.0000e+00 0.0000e+00 0.0000e+00 1.7389e+02 -3.5083e+00 0.0000e+00 0.0000e+00 3.5083e+00 1.7349e+02 
13.0 1.5736e+02 -5.2584e-02 0.0000e+00 0.0000e+00 -5.2584e-02 1.5688e+02 0.0000e+00 0.0000e+00 0.0000e+00 0.0000e+00 1.5669e+02 -3.3917e+00 0.0000e+00 0.0000e+00 3.3917e+00 1.5631e+02 
14.0 1.4243e+02 -1.3129e-01 0.0000e+00 0.0000e+00 -1.3129e-01 1.4196e+02 0.0000e+00 0.0000e+00 0.0000e+00 0.0000e+00 1.4175e+02 -3.2581e+00 0.0000e+00 0.0000e+00 3.2581e+00 1.4139e+02 
15.0 1.2939e+02 -2.1315e-01 0.0000e+00 0.0000e+00 -2.1315e-01 1.2893e+02 0.0000e+00 0.0000e+00 0.0000e+00 0.0000e+00 1.2871e+02 -3.1130e+00 0.0000e+00 0.0000e+00 3.1130e+00 1.2837e+02 
16.0 1.1795e+02 -2.9750e-01 0.0000e+00 0.0000e+00 -2.9750e-01 1.1750e+02 0.0000e+00 0.0000e+00 0.0000e+00 0.0000e+00 1.1726e+02 -2.9619e+00 0.0000e+00 0.0000e+00 2.9619e+00 1.1695e+02 
17.0 1.0785e+02 -3.8422e-01 0.0000e+00 0.0000e+00 -3.8422e-01 1.0741e+02 0.0000e+00 0.0000e+00 0.0000e+00 0.0000e+00 1.0716e+02 -2.8081e+00 0.0000e+00 0.0000e+00 2.8081e+00 1.0686e+02 
18.0 9.8876e+01 -4.7336e-01 0.0000e+00 0.0000e+00 -4.7336e-01 9.8444e+01 0.0000e+00 0.0000e+00 0.0000e+00 0.0000e+00 9.8177e+01 -2.6536e+00 0.0000e+00 0.0000e+00 2.6536e+00 9.7893e+01 
19.0 9.0871e+01 -5.6491e-01 0.0000e+00 0.0000e+00 -5.6491e-01 9.0448e+01 0.0000e+00 0.0000e+00 0.0000e+00 0.0000e+00 9.0459e+01 -2.4999e+00 0.0000e+00 0.0000e+00 2.4999e+00 9.0190e+01 
20.0 8.3716e+01 -6.5888e-01 0.0000e+00 0.0000e+00 -6.5888e-01 8.3301e+01 0.0000e+00 0.0000e+00 0.0000e+00 0.0000e+00 8.3549e+01 -2.3482e+00 0.0000e+00 0.0000e+00 2.3482e+00 8.3294e+01 
21.0 7.7313e+01 -7.5520e-01 0.0000e+00 0.0000e+00 -7.5520e-01 7.6905e+01 0.0000e+00 0.0000e+00 0.0000e+00 0.0000e+00 7.7356e+01 -2.1996e+00 0.0000e+00 0.0000e+00 2.1996e+00 7.7114e+01 
22.0 7.1574e+01 -8.5380e-01 0.0000e+00 0.0000e+00 -8.5380e-01 7.1172e+01 0.0000e+00 0.0000e+00 0.0000e+00 0.0000e+00 7.1796e+01 -2.0548e+00 0.0000e+00 0.0000e+00 2.0548e+00 7.1566e+01 
23.0 6.6417e+01 -9.5449e-01 0.0000e+00 0.0000e+00 -9.5449e-01 6.6022e+01 0.0000e+00 0.0000e+00 0.0000e+00 0.0000e+00 6.6793e+01 -1.9147e+00 0.0000e+00 0.0000e+00 1.9147e+00 6.6573e+01 
24.0 6.1767e+01 -1.0569e+00 0.0000e+00 0.0000e+00 -1.0569e+00 6.1378e+01 0.0000e+00 0.0000e+00 0.0000e+00 0.0000e+00 6.2275e+01 -1.7799e+00 0.0000e+00 0.0000e+00 1.7799e+00 6.2066e+01 
25.0 5.7559e+01 -1.1606e+00 0.0000e+00 0.0000e+00 -1.1606e+00 5.7175e+01 0.0000e+00 0.0000e+00 0.0000e+00 0.0000e+00 5.8180e+01 -1.6510e+00 0.0000e+00 0.0000e+00 1.6510e+00 5.7980e+01 
26.0 5.3737e+01 -1.2648e+00 0.0000e+00 0.0000e+00 -1.2648e+00 5.3358e+01 0.0000e+00 0.0000e+00 0.0000e+00 0.0000e+00 5.4455e+01 -1.5284e+00 0.0000e+00 0.0000e+00 1.5284e+00 5.4264e+01 
27.0 5.0256e+01 -1.3691e+00 0.0000e+00 0.0000e+00 -1.3691e+00 4.9882e+01 0.0000e+00 0.0000e+00 0.0000e+00 0.0000e+00 5.1057e+01 -1.4122e+00 0.0000e+00 0.0000e+00 1.4122e+00 5.0874e+01 
28.0 4.7078e+01 -1.4731e+00 0.0000e+00 0.0000e+00 -1.4731e+00 4.6708e+01 0.0000e+00 0.0000e+00 0.0000e+00 0.0000e+00 4.7951e+01 -1.3024e+00 0.0000e+00 0.0000e+00 1.3024e+00 4.7775e+01 
29.0 4.4173e+01 -1.5764e+00 0.0000e+00 0.0000e+00 -1.5764e+00 4.3807e+01 0.0000e+00 0.0000e+00 0.0000e+00 0.0000e+00 4.5107e+01 -1.1985e+00 0.0000e+00 0.0000e+00 1.1985e+00 4.4938e+01 
30.0 4.1515e+01 -1.6790e+00 0.0000e+00 0.0000e+00 -1.6790e+00 4.1153e+01 0.0000e+00 0.0000e+00 0.0000e+00 0.0000e+00 4.2500e+01 -1.1005e+00 0.0000e+00 0.0000e+00 1.1005e+00 4.2338e+01 
31.0 3.9080e+01 -1.7808e+00 0.0000e+00 0.0000e+00 -1.7808e+00 3.8722e+01 0.0000e+00 0.0000e+00 0.0000e+00 0.0000e+00 3.9945e+01 -1.0081e+00 0.0000e+00 0.0000e+00 1.0081e+00 3.9791e+01 
32.0 3.6847e+01 -1.8814e+00 0.0000e+00 0.0000e+00 -1.8814e+00 3.6492e+01 0.0000e+00 0.0000e+00 0.0000e+00 0.0000e+00 3.7594e+01 -9.2121e-01 0.0000e+00 0.0000e+00 9.2121e-01 3.7449e+01 
33.0 3.4793e+01 -1.9807e+00 0.0000e+00 0.0000e+00 -1.9807e+00 3.4441e+01 0.0000e+00 0.0000e+00 0.0000e+00 0.0000e+00 3.5429e+01 -8.3980e-01 0.0000e+00 0.0000e+00 8.3980e-01 3.5291e+01 
34.0 3.2900e+01 -2.0784e+00 0.0000e+00 0.0000e+00 -2.0784e+00 3.2551e+01 0.0000e+00 0.0000e+00 0.0000e+00 0.0000e+00 3.3429e+01 -7.6369e-01 0.0000e+00 0.0000e+00 7.6369e-01 3.3299e+01 
35.0 3.1150e+01 -2.1741e+00 0.0000e+00 0.0000e+00 -2.1741e+00 3.0804e+01 0.0000e+00 0.0000e+00 0.0000e+00 0.0000e+00 3.1577e+01 -6.9260e-01 0.0000e+00 0.0000e+00 6.9260e-01 3.1455e+01 
36.0 2.9529e+01 -2.2675e+00 0.0000e+00 0.0000e+00 -2.2675e+00 2.9185e+01 0.0000e+00 0.0000e+00 0.0000e+00 0.0000e+00 2.9859e+01 -6.2617e-01 0.0000e+00 0.0000e+00 6.2617e-01 2.9744e+01 
37.0 2.8022e+01 -2.3586e+00 0.0000e+00 0.0000e+00 -2.3586e+00 2.7680e+01 0.0000e+00 0.0000e+00 0.0000e+00 0.0000e+00 2.8262e+01 -5.6401e-01 0.0000e+00 0.0000e+00 5.6401e-01 2.8154e+01 
38.0 2.6619e+01 -2.4472e+00 0.0000e+00 0.0000e+00 -2.4472e+00 2.6280e+01 0.0000e+00 0.0000e+00 0.0000e+00 0.0000e+00 2.6775e+01 -5.0574e-01 0.0000e+00 0.0000e+00 5.0574e-01 2.6674e+01 
39.0 2.5311e+01 -2.5332e+00 0.0000e+00 0.0000e+00 -2.5332e+00 2.4974e+01 0.0000e+00 0.0000e+00 0.0000e+00 0.0000e+00 2.5386e+01 -4.5103e-01 0.0000e+00 0.0000e+00 4.5103e-01 2.5292e+01 
40.0 2.4090e+01 -2.6166e+00 0.0000e+00 0.0000e+00 -2.6166e+00 2.3754e+01 0.0000e+00 0.0000e+00 0.0000e+00 0.0000e+00 2.4089e+01 -3.9960e-01 0.0000e+00 0.0000e+00 3.9960e-01 2.4001e+01 
41.0 2.2949e+01 -2.6972e+00 0.0000e+00 0.0000e+00 -2.6972e+00 2.2615e+01 0.0000e+00 0.0000e+00 0.0000e+00 0.0000e+00 2.2874e+01 -3.5121e-01 0.0000e+00 0.0000e+00 3.5121e-01 2.2792e+01 
42.0 2.1881e+01 -2.7752e+00 0.0000e+00 0.0000e+00 -2.7752e+00 2.1549e+01 0.0000e+00 0.0000e+00 0.0000e+00 0.0000e+00 2.1735e+01 -3.0566e-01 0.0000e+00 0.0000e+00 3.0566e-01 2.1660e+01 
43.0 2.0882e+01 -2.8503e+00 0.0000e+00 0.0000e+00 -2.8503e+00 2.0551e+01 0.0000e+00 0.0000e+00 0.0000e+00 0.0000e+00 2.0665e+01 -2.6279e-01 0.0000e+00 0.0000e+00 2.6279e-01 2.0596e+01 
44.0 1.9945e+01 -2.9225e+00 0.0000e+00 0.0000e+00 -2.9225e+00 1.9615e+01 0.0000e+00 0.0000e+00 0.0000e+00 0.0000e+00 1.9659e+01 -2.2241e-01 0.0000e+00 0.0000e+00 2.2241e-01 1.9596e+01 
45.0 1.9065e+01 -2.9917e+00 0.0000e+00 0.0000e+00 -2.9917e+00 1.8736e+01 0.0000e+00 0.0000e+00 0.0000e+00 0.0000e+00 1.8711e+01 -1.8434e-01 0.0000e+00 0.0000e+00 1.8434e-01 1.8654e+01 
46.0 1.8239e+01 -3.0578e+00 0.0000e+00 0.0000e+00 -3.0578e+00 1.7911e+01 0.0000e+00 0.0000e+00 0.0000e+00 0.0000e+00 1.7816e+01 -1.4836e-01 0.0000e+00 0.0000e+00 1.4836e-01 1.7765e+01 
47.0 1.7462e+01 -3.1209e+00 0.0000e+00 0.0000e+00 -3.1209e+00 1.7134e+01 0.0000e+00 0.0000e+00 0.0000e+00 0.0000e+00 1.6971e+01 -1.1429e-01 0.0000e+00 0.0000e+00 1.1429e-01 1.6926e+01 
48.0 1.6729e+01 -3.1809e+00 0.0000e+00 0.0000e+00 -3.1809e+00 1.6403e+01 0.0000e+00 0.0000e+00 0.0000e+00 0.0000e+00 1.6171e+01 -8.1958e-02 0.0000e+00 0.0000e+00 8.1958e-02 1.6133e+01 
49.0 1.6039e+01 -3.2379e+00 0.0000e+00 0.0000e+00 -3.2379e+00 1.5713e+01 0.0000e+00 0.0000e+00 0.0000e+00 0.0000e+00 1.5414e+01 -5.1244e-02 0.0000e+00 0.0000e+00 5.1244e-02 1.5381e+01 
50.0 1.5388e+01 -3.2918e+00 0.0000e+00 0.0000e+00 -3.2918e+00 1.5062e+01 0.0000e+00 0.0000e+00 0.0000e+00 0.0000e+00 1.4696e+01 -2.2040e-02 0.0000e+00 0.0000e+00 2.2040e-02 1.4669e+01 
51.0 1.4773e+01 -3.3427e+00 0.0000e+00 0.0000e+00 -3.3427e+00 1.4448e+01 0.0000e+00 0.0000e+00 0.0000e+00 0.0000e+00 1.4014e+01 5.7434e-03 0.0000e+00 0.0000e+00 -5.7434e-03 1.3993e+01 
52.0 1.4191e+01 -3.3906e+00 0.0000e+00 0.0000e+00 -3.3906e+00 1.3866e+01 0.0000e+00 0.0000e+00 0.0000e+00 0.0000e+00 1.3366e+01 3.2190e-02 0.0000e+00 0.0000e+00 -3.2190e-02 1.3351e+01 
53.0 1.3641e+01 -3.4354e+00 0.0000e+00 0.0000e+00 -3.4354e+00 1.3316e+01 0.0000e+00 0.0000e+00 0.0000e+00 0.0000e+00 1.2750e+01 5.7383e-02 0.0000e+00 0.0000e+00 -5.7383e-02 1.2740e+01 
54.0 1.3120e+01 -3.4772e+00 0.0000e+00 0.0000e+00 -3.4772e+00 1.2795e+01 0.0000e+00 0.0000e+00 0.0000e+00 0.0000e+00 1.2163e+01 8.1405e-02 0.0000e+00 0.0000e+00 -8.1405e-02 1.2159e+01 
55.0 1.2626e+01 -3.5160e+00 0.0000e+00 0.0000e+00 -3.5160e+00 1.2301e+01 0.0000e+00 0.0000e+00 0.0000e+00 0.0000e+00 1.1603e+01 1.0433e-01 0.0000e+00 0.0000e+00 -1.0433e-01 1.1604e+01 
56.0 1.2157e+01 -3.5518e+00 0.0000e+00 0.0000e+00 -3.5518e+00 1.1832e+01 0.0000e+00 0.0000e+00 0.0000e+00 0.0000e+00 1.1069e+01 1.2623e-01 0.0000e+00 0.0000e+00 -1.2623e-01 1.1076e+01 
57.0 1.1713e+01 -3.5846e+00 0.0000e+00 0.0000e+00 -3.5846e+00 1.1388e+01 0.0000e+00 0.0000e+00 0.0000e+00 0.0000e+00 1.0559e+01 1.4717e-01 0.0000e+00 0.0000e+00 -1.4717e-01 1.0571e+01 
58.0 1.1292e+01 -3.6146e+00 0.0000e+00 0.0000e+00 -3.6146e+00 1.0966e+01 0.0000e+00 0.0000e+00 0.0000e+00 0.0000e+00 1.0071e+01 1.6721e-01 0.0000e+00 0.0000e+00 -1.6721e-01 1.0089e+01 
59.0 1.0891e+01 -3.6416e+00 0.0000e+00 0.0000e+00 -3.6416e+00 1.0565e+01 0.0000e+00 0.0000e+00 0.0000e+00 0.0000e+00 9.6039e+00 1.8640e-01 0.0000e+00 0.0000e+00 -1.8640e-01 9.6280e+00 
60.0 1.0511e+01 -3.6659e+00 0.0000e+00 0.0000e+00 -3.6659e+00 1.0184e+01 0.0000e+00 0.0000e+00 0.0000e+00 0.0000e+00 9.1568e+00 2.0478e-01 0.0000e+00 0.0000e+00 -2.0478e-01 9.1866e+00 
61.0 1.0149e+01 -3.6874e+00 0.0000e+00 0.0000e+00 -3.6874e+00 9.8214e+00 0.0000e+00 0.0000e+00 0.0000e+00 0.0000e+00 8.7284e+00 2.2239e-01 0.0000e+00 0.0000e+00 -2.2239e-01 8.7639e+00 
62.0 9.8059e+00 -3.7061e+00 0.0000e+00 0.0000e+00 -3.7061e+00 9.4770e+00 0.0000e+00 0.0000e+00 0.0000e+00 0.0000e+00 8.3175e+00 2.3924e-01 0.0000e+00 0.0000e+00 -2.3924e-01 8.3588e+00 
63.0 9.4794e+00 -3.7222e+00 0.0000e+00 0.0000e+00 -3.7222e+00 9.1494e+00 0.0000e+00 0.0000e+00 0.0000e+00 0.0000e+00 7.9232e+00 2.5536e-01 0.0000e+00 0.0000e+00 -2.5536e-01 7.9702e+00 
64.0 9.1687e+00 -3.7357e+00 0.0000e+00 0.0000e+00 -3.7357e+00 8.8377e+00 0.0000e+00 0.0000e+00 0.0000e+00 0.0000e+00 7.5446e+00 2.7075e-01 0.0000e+00 0.0000e+00 -2.7075e-01 7.5974e+00 
65.0 8.8732e+00 -3.7466e+00 0.0000e+00 0.0000e+00 -3.7466e+00 8.5410e+00 0.0000e+00 0.0000e+00 0.0000e+00 0.0000e+00 7.1807e+00 2.8541e-01 0.0000e+00 0.0000e+00 -2.8541e-01 7.2393e+00 
66.0 8.5920e+00 -3.7549e+00 0.0000e+00 0.0000e+00 -3.7549e+00 8.2584e+00 0.0000e+00 0.0000e+00 0.0000e+00 0.0000e+00 6.8307e+00 2.9934e-01 0.0000e+00 0.0000e+00 -2.9934e-01 6.8952e+00 
67.0 8.3242e+00 -3.7608e+00 0.0000e+00 0.0000e+00 -3.7608e+00 7.9893e+00 0.0000e+00 0.0000e+00 0.0000e+00 0.0000e+00 6.4940e+00 3.1255e-01 0.0000e+00 0.0000e+00 -3.1255e-01 6.5643e+00 
68.0 8.0692e+00 -3.7642e+00 0.0000e+00 0.0000e+00 -3.7642e+00 7.7328e+00 0.0000e+00 0.0000e+00 0.0000e+00 0.0000e+00 6.1697e+00 3.2502e-01 0.0000e+00 0.0000e+00 -3.2502e-01 6.2459e+00 
69.0 7.8262e+00 -3.7653e+00 0.0000e+00 0.0000e+00 -3.7653e+00 7.4884e+00 0.0000e+00 0.0000e+00 0.0000e+00 0.0000e+00 5.8573e+00 3.3675e-01 0.0000e+00 0.0000e+00 -3.3675e-01 5.9394e+00 
70.0 7.5947e+00 -3.7640e+00 0.0000e+00 0.0000e+00 -3.7640e+00 7.2553e+00 0.0000e+00 0.0000e+00 0.0000e+00 0.0000e+00 5.5561e+00 3.4773e-01 0.0000e+00 0.0000e+00 -3.4773e-01 5.6442e+00 
71.0 7.3740e+00 -3.7604e+00 0.0000e+00 0.0000e+00 -3.7604e+00 7.0329e+00 0.0000e+00 0.0000e+00 0.0000e+00 0.0000e+00 5.2656e+00 3.5795e-01 0.0000e+00 0.0000e+00 -3.5795e-01 5.3597e+00 
72.0 7.1635e+00 -3.7546e+00 0.0000e+00 0.0000e+00 -3.7546e+00 6.8208e+00 0.0000e+00 0.0000e+00 0.0000e+00 0.0000e+00 4.9852e+00 3.6740e-01 0.0000e+00 0.0000e+00 -3.6740e-01 5.0853e+00 
73.0 6.9628e+00 -3.7465e+00 0.0000e+00 0.0000e+00 -3.7465e+00 6.6183e+00 0.0000e+00 0.0000e+00 0.0000e+00 0.0000e+00 4.7145e+00 3.7606e-01 0.0000e+00 0.0000e+00 -3.7606e-01 4.8205e+00 
74.0 6.7712e+00 -3.7363e+00 0.0000e+00 0.0000e+00 -3.7363e+00 6.4250e+00 0.0000e+00 0.0000e+00 0.0000e+00 0.0000e+00 4.4529e+00 3.8393e-01 0.0000e+00 0.0000e+00 -3.8393e-01 4.5648e+00 
75.0 6.5884e+00 -3.7240e+00 0.0000e+00 0.0000e+00 -3.7240e+00 6.2405e+00 0.0000e+00 0.0000e+00 0.0000e+00 0.0000e+00 4.2000e+00 3.9101e-01 0.0000e+00 0.0000e+00 -3.9101e-01 4.3179e+00 
76.0 6.4140e+00 -3.7096e+00 0.0000e+00 0.0000e+00 -3.7096e+00 6.0642e+00 0.0000e+00 0.0000e+00 0.0000e+00 0.0000e+00 3.9554e+00 3.9728e-01 0.0000e+00 0.0000e+00 -3.9728e-01 4.0793e+00 
77.0 6.2474e+00 -3.6932e+00 0.0000e+00 0.0000e+00 -3.6932e+00 5.8958e+00 0.0000e+00 0.0000e+00 0.0000e+00 0.0000e+00 3.7187e+00 4.0277e-01 0.0000e+00 0.0000e+00 -4.0277e-01 3.8485e+00 
78.0 6.0882e+00 -3.6748e+00 0.0000e+00 0.0000e+00 -3.6748e+00 5.7349e+00 0.0000e+00 0.0000e+00 0.0000e+00 0.0000e+00 3.4896e+00 4.0747e-01 0.0000e+00 0.0000e+00 -4.0747e-01 3.6252e+00 
79.0 5.9363e+00 -3.6544e+00 0.0000e+00 0.0000e+00 -3.6544e+00 5.5811e+00 0.0000e+00 0.0000e+00 0.0000e+00 0.0000e+00 3.2677e+00 4.1142e-01 0.0000e+00 0.0000e+00 -4.1142e-01 3.4091e+00 
80.0 5.7911e+00 -3.6322e+00 0.0000e+00 0.0000e+00 -3.6322e+00 5.4342e+00 0.0000e+00 0.0000e+00 0.0000e+00 0.0000e+00 3.0527e+00 4.1462e-01 0.0000e+00 0.0000e+00 -4.1462e-01 3.1998e+00 
81.0 5.6524e+00 -3.6081e+00 0.0000e+00 0.0000e+00 -3.6081e+00 5.2938e+00 0.0000e+00 0.0000e+00 0.0000e+00 0.0000e+00 2.8443e+00 4.1711e-01 0.0000e+00 0.0000e+00 -4.1711e-01 2.9971e+00 
82.0 5.5200e+00 -3.5822e+00 0.0000e+00 0.0000e+00 -3.5822e+00 5.1597e+00 0.0000e+00 0.0000e+00 0.0000e+00 0.0000e+00 2.6422e+00 4.1891e-01 0.0000e+00 0.0000e+00 -4.1891e-01 2.8006e+00 
83.0 5.3934e+00 -3.5545e+00 0.0000e+00 0.0000e+00 -3.5545e+00 5.0316e+00 0.0000e+00 0.0000e+00 0.0000e+00 0.0000e+00 2.4463e+00 4.2005e-01 0.0000e+00 0.0000e+00 -4.2005e-01 2.6101e+00 
84.0 5.2726e+00 -3.5252e+00 0.0000e+00 0.0000e+00 -3.5252e+00 4.9092e+00 0.0000e+00 0.0000e+00 0.0000e+00 0.0000e+00 2.2562e+00 4.2057e-01 0.0000e+00 0.0000e+00 -4.2057e-01 2.4253e+00 
85.0 5.1572e+00 -3.4942e+00 0.0000e+00 0.0000e+00 -3.4942e+00 4.7924e+00 0.0000e+00 0.0000e+00 0.0000e+00 0.0000e+00 2.0718e+00 4.2050e-01 0.0000e+00 0.0000e+00 -4.2050e-01 2.2460e+00 
86.0 5.0470e+00 -3.4616e+00 0.0000e+00 0.0000e+00 -3.4616e+00 4.6810e+00 0.0000e+00 0.0000e+00 0.0000e+00 0.0000e+00 1.8928e+00 4.1988e-01 0.0000e+00 0.0000e+00 -4.1988e-01 2.0720e+00 
87.0 4.9418e+00 -3.4275e+00 0.0000e+00 0.0000e+00 -3.4275e+00 4.5746e+00 0.0000e+00 0.0000e+00 0.0000e+00 0.0000e+00 1.7190e+00 4.1876e-01 0.0000e+00 0.0000e+00 -4.1876e-01 1.9032e+00 
88.0 4.8415e+00 -3.3919e+00 0.0000e+00 0.0000e+00 -3.3919e+00 4.4732e+00 0.0000e+00 0.0000e+00 0.0000e+00 0.0000e+00 1.5504e+00 4.1718e-01 0.0000e+00 0.0000e+00 -4.1718e-01 1.7392e+00 
89.0 4.7459e+00 -3.3549e+00 0.0000e+00 0.0000e+00 -3.3549e+00 4.3766e+00 0.0000e+00 0.0000e+00 0.0000e+00 0.0000e+00 1.3867e+00 4.1517e-01 0.0000e+00 0.0000e+00 -4.1517e-01 1.5800e+00 
90.0 4.6548e+00 -3.3165e+00 0.0000e+00 0.0000e+00 -3.3165e+00 4.2847e+00 0.0000e+00 0.0000e+00 0.0000e+00 0.0000e+00 1.2278e+00 4.1279e-01 0.0000e+00 0.0000e+00 -4.1279e-01 1.4254e+00 
91.0 4.5680e+00 -3.2768e+00 0.0000e+00 0.0000e+00 -3.2768e+00 4.1972e+00 0.0000e+00 0.0000e+00 0.0000e+00 0.0000e+00 1.0734e+00 4.1008e-01 0.0000e+00 0.0000e+00 -4.1008e-01 1.2752e+00 
92.0 4.4854e+00 -3.2360e+00 0.0000e+00 0.0000e+00 -3.2360e+00 4.1141e+00 0.0000e+00 0.0000e+00 0.0000e+00 0.0000e+00 9.2364e-01 4.0706e-01 0.0000e+00 0.0000e+00 -4.0706e-01 1.1294e+00 
93.0 4.4069e+00 -3.1939e+00 0.0000e+00 0.0000e+00 -3.1939e+00 4.0351e+00 0.0000e+00 0.0000e+00 0.0000e+00 0.0000e+00 7.7819e-01 4.0378e-01 0.0000e+00 0.0000e+00 -4.0378e-01 9.8767e-01 
94.0 4.3323e+00 -3.1508e+00 0.0000e+00 0.0000e+00 -3.1508e+00 3.9603e+00 0.0000e+00 0.0000e+00 0.0000e+00 0.0000e+00 6.3699e-01 4.0027e-01 0.0000e+00 0.0000e+00 -4.0027e-01 8.5003e-01 
95.0 4.2615e+00 -3.1066e+00 0.0000e+00 0.0000e+00 -3.1066e+00 3.8893e+00 0.0000e+00 0.0000e+00 0.0000e+00 0.0000e+00 4.9990e-01 3.9656e-01 0.0000e+00 0.0000e+00 -3.9656e-01 7.1632e-01 
96.0 4.1944e+00 -3.0614e+00 0.0000e+00 0.0000e+00 -3.0614e+00 3.8221e+00 0.0000e+00 0.0000e+00 0.0000e+00 0.0000e+00 3.6680e-01 3.9269e-01 0.0000e+00 0.0000e+00 -3.9269e-01 5.8642e-01 
97.0 4.1308e+00 -3.0153e+00 0.0000e+00 0.0000e+00 -3.0153e+00 3.7587e+00 0.0000e+00 0.0000e+00 0.0000e+00 0.0000e+00 2.3759e-01 3.8868e-01 0.0000e+00 0.0000e+00 -3.8868e-01 4.6024e-01 
98.0 4.0707e+00 -2.9684e+00 0.0000e+00 0.0000e+00 -2.9684e+00 3.6987e+00 0.0000e+00 0.0000e+00 0.0000e+00 0.0000e+00 1.1216e-01 3.8456e-01 0.0000e+00 0.0000e+00 -3.8456e-01 3.3766e-01 
99.0 4.0139e+00 -2.9206e+00 0.0000e+00 0.0000e+00 -2.9206e+00 3.6422e+00 0.0000e+00 0.0000e+00 0.0000e+00 0.0000e+00 -9.5871e-03 3.8036e-01 0.0000e+00 0.0000e+00 -3.8036e-01 2.1860e-01 
100.0 3.9603e+00 -2.8721e+00 0.0000e+00 0.0000e+00 -2.8721e+00 3.5890e+00 0.0000e+00 0.0000e+00 0.0000e+00 0.0000e+00 -1.2776e-01 3.7610e-01 0.0000e+00 0.0000e+00 -3.7610e-01 1.0297e-01 
101.0 3.9098e+00 -2.8229e+00 0.0000e+00 0.0000e+00 -2.8229e+00 3.5390e+00 0.0000e+00 0.0000e+00 0.0000e+00 0.0000e+00 -2.4245e-01 3.7178e-01 0.0000e+00 0.0000e+00 -3.7178e-01 -9.3310e-03 
102.0 3.8623e+00 -2.7731e+00 0.0000e+00 0.0000e+00 -2.7731e+00 3.4921e+00 0.0000e+00 0.0000e+00 0.0000e+00 0.0000e+00 -3.5375e-01 3.6743e-01 0.0000e+00 0.0000e+00 -3.6743e-01 -1.1838e-01 
103.0 3.8177e+00 -2.7227e+00 0.0000e+00 0.0000e+00 -2.7227e+00 3.4482e+00 0.0000e+00 0.0000e+00 0.0000e+00 0.0000e+00 -4.6176e-01 3.6306e-01 0.0000e+00 0.0000e+00 -3.6306e-01 -2.2427e-01 
104.0 3.7759e+00 -2.6718e+00 0.0000e+00 0.0000e+00 -2.6718e+00 3.4071e+00 0.0000e+00 0.0000e+00 0.0000e+00 0.0000e+00 -5.6657e-01 3.5867e-01 0.0000e+00 0.0000e+00 -3.5867e-01 -3.2707e-01 
105.0 3.7368e+00 -2.6205e+00 0.0000e+00 0.0000e+00 -2.6205e+00 3.3688e+00 0.0000e+00 0.0000e+00 0.0000e+00 0.0000e+00 -6.6825e-01 3.5428e-01 0.0000e+00 0.0000e+00 -3.5428e-01 -4.2687e-01 
106.0 3.7004e+00 -2.5687e+00 0.0000e+00 0.0000e+00 -2.5687e+00 3.3331e+00 0.0000e+00 0.0000e+00 0.0000e+00 0.0000e+00 -7.6690e-01 3.4988e-01 0.0000e+00 0.0000e+00 -3.4988e-01 -5.2375e-01 
107.0 3.6664e+00 -2.5166e+00 0.0000e+00 0.0000e+00 -2.5166e+00 3.3000e+00 0.0000e+00 0.0000e+00 0.0000e+00 0.0000e+00 -8.6260e-01 3.4550e-01 0.0000e+00 0.0000e+00 -3.4550e-01 -6.1776e-01 
108.0 3.6348e+00 -2.4642e+00 0.0000e+00 0.0000e+00 -2.4642e+00 3.2693e+00 0.0000e+00 0.0000e+00 0.0000e+00 0.0000e+00 -9.5542e-01 3.4113e-01 0.0000e+00 0.0000e+00 -3.4113e-01 -7.0899e-01 
109.0 3.6056e+00 -2.4115e+00 0.0000e+00 0.0000e+00 -2.4115e+00 3.2410e+00 0.0000e+00 0.0000e+00 0.0000e+00 0.0000e+00 -1.0455e+00 3.3677e-01 0.0000e+00 0.0000e+00 -3.3677e-01 -7.9751e-01 
110.0 3.5786e+00 -2.3586e+00 0.0000e+00 0.0000e+00 -2.3586e+00 3.2149e+00 0.0000e+00 0.0000e+00 0.0000e+00 0.0000e+00 -1.1328e+00 3.3243e-01 0.0000e+00 0.0000e+00 -3.3243e-01 -8.8339e-01 
111.0 3.5537e+00 -2.3056e+00 0.0000e+00 0.0000e+00 -2.3056e+00 3.1910e+00 0.0000e+00 0.0000e+00 0.0000e+00 0.0000e+00 -1.2174e+00 3.2809e-01 0.0000e+00 0.0000e+00 -3.2809e-01 -9.6670e-01 
112.0 3.5309e+00 -2.2524e+00 0.0000e+00 0.0000e+00 -2.2524e+00 3.1692e+00 0.0000e+00 0.0000e+00 0.0000e+00 0.0000e+00 -1.2995e+00 3.2376e-01 0.0000e+00 0.0000e+00 -3.2376e-01 -1.0475e+00 
113.0 3.5101e+00 -2.1992e+00 0.0000e+00 0.0000e+00 -2.1992e+00 3.1493e+00 0.0000e+00 0.0000e+00 0.0000e+00 0.0000e+00 -1.3791e+00 3.1944e-01 0.0000e+00 0.0000e+00 -3.1944e-01 -1.1259e+00 
114.0 3.4911e+00 -2.1460e+00 0.0000e+00 0.0000e+00 -2.1460e+00 3.1314e+00 0.0000e+00 0.0000e+00 0.0000e+00 0.0000e+00 -1.4563e+00 3.1511e-01 0.0000e+00 0.0000e+00 -3.1511e-01 -1.2019e+00 
115.0 3.4740e+00 -2.0928e+00 0.0000e+00 0.0000e+00 -2.0928e+00 3.1153e+00 0.0000e+00 0.0000e+00 0.0000e+00 0.0000e+00 -1.5311e+00 3.1078e-01 0.0000e+00 0.0000e+00 -3.1078e-01 -1.2756e+00 
116.0 3.4586e+00 -2.0396e+00 0.0000e+00 0.0000e+00 -2.0396e+00 3.1009e+00 0.0000e+00 0.0000e+00 0.0000e+00 0.0000e+00 -1.6036e+00 3.0644e-01 0.0000e+00 0.0000e+00 -3.0644e-01 -1.3470e+00 
117.0 3.4449e+00 -1.9865e+00 0.0000e+00 0.0000e+00 -1.9865e+00 3.0881e+00 0.0000e+00 0.0000e+00 0.0000e+00 0.0000e+00 -1.6739e+00 3.0209e-01 0.0000e+00 0.0000e+00 -3.0209e-01 -1.4163e+00 
118.0 3.4327e+00 -1.9336e+00 0.0000e+00 0.0000e+00 -1.9336e+00 3.0770e+00 0.0000e+00 0.0000e+00 0.0000e+00 0.0000e+00 -1.7421e+00 2.9772e-01 0.0000e+00 0.0000e+00 -2.9772e-01 -1.4835e+00 
119.0 3.4221e+00 -1.8808e+00 0.0000e+00 0.0000e+00 -1.8808e+00 3.0673e+00 0.0000e+00 0.0000e+00 0.0000e+00 0.0000e+00 -1.8081e+00 2.9334e-01 0.0000e+00 0.0000e+00 -2.9334e-01 -1.5486e+00 
120.0 3.4129e+00 -1.8282e+00 0.0000e+00 0.0000e+00 -1.8282e+00 3.0591e+00 0.0000e+00 0.0000e+00 0.0000e+00 0.0000e+00 -1.8721e+00 2.8895e-01 0.0000e+00 0.0000e+00 -2.8895e-01 -1.6118e+00 
121.0 3.4051e+00 -1.7758e+00 0.0000e+00 0.0000e+00 -1.7758e+00 3.0523e+00 0.0000e+00 0.0000e+00 0.0000e+00 0.0000e+00 -1.9342e+00 2.8453e-01 0.0000e+00 0.0000e+00 -2.8453e-01 -1.6730e+00 
122.0 3.3985e+00 -1.7237e+00 0.0000e+00 0.0000e+00 -1.7237e+00 3.0467e+00 0.0000e+00 0.0000e+00 0.0000e+00 0.0000e+00 -1.9943e+00 2.8010e-01 0.0000e+00 0.0000e+00 -2.8010e-01 -1.7324e+00 
123.0 3.3932e+00 -1.6718e+00 0.0000e+00 0.0000e+00 -1.6718e+00 3.0424e+00 0.0000e+00 0.0000e+00 0.0000e+00 0.0000e+00 -2.0527e+00 2.7566e-01 0.0000e+00 0.0000e+00 -2.7566e-01 -1.7900e+00 
124.0 3.3891e+00 -1.6203e+00 0.0000e+00 0.0000e+00 -1.6203e+00 3.0393e+00 0.0000e+00 0.0000e+00 0.0000e+00 0.0000e+00 -2.1092e+00 2.7122e-01 0.0000e+00 0.0000e+00 -2.7122e-01 -1.8459e+00 
125.0 3.3861e+00 -1.5690e+00 0.0000e+00 0.0000e+00 -1.5690e+00 3.0373e+00 0.0000e+00 0.0000e+00 0.0000e+00 0.0000e+00 -2.1640e+00 2.6677e-01 0.0000e+00 0.0000e+00 -2.6677e-01 -1.9001e+00 
126.0 3.3842e+00 -1.5182e+00 0.0000e+00 0.0000e+00 -1.5182e+00 3.0364e+00 0.0000e+00 0.0000e+00 0.0000e+00 0.0000e+00 -2.2171e+00 2.6234e-01 0.0000e+00 0.0000e+00 -2.6234e-01 -1.9526e+00 
127.0 3.3832e+00 -1.4677e+00 0.0000e+00 0.0000e+00 -1.4677e+00 3.0366e+00 0.0000e+00 0.0000e+00 0.0000e+00 0.0000e+00 -2.2685e+00 2.5792e-01 0.0000e+00 0.0000e+00 -2.5792e-01 -2.0036e+00 
128.0 3.3832e+00 -1.4176e+00 0.0000e+00 0.0000e+00 -1.4176e+00 3.0377e+00 0.0000e+00 0.0000e+00 0.0000e+00 0.0000e+00 -2.3184e+00 2.5353e-01 0.0000e+00 0.0000e+00 -2.5353e-01 -2.0530e+00 
129.0 3.3842e+00 -1.3679e+00 0.0000e+00 0.0000e+00 -1.3679e+00 3.0397e+00 0.0000e+00 0.0000e+00 0.0000e+00 0.0000e+00 -2.3667e+00 2.4916e-01 0.0000e+00 0.0000e+00 -2.4916e-01 -2.1010e+00 
130.0 3.3859e+00 -1.3188e+00 0.0000e+00 0.0000e+00 -1.3188e+00 3.0426e+00 0.0000e+00 0.0000e+00 0.0000e+00 0.0000e+00 -2.4136e+00 2.4482e-01 0.0000e+00 0.0000e+00 -2.4482e-01 -2.1476e+00 
131.0 3.3885e+00 -1.2701e+00 0.0000e+00 0.0000e+00 -1.2701e+00 3.0463e+00 0.0000e+00 0.0000e+00 0.0000e+00 0.0000e+00 -2.4590e+00 2.4053e-01 0.0000e+00 0.0000e+00 -2.4053e-01 -2.1928e+00 
132.0 3.3918e+00 -1.2219e+00 0.0000e+00 0.0000e+00 -1.2219e+00 3.0509e+00 0.0000e+00 0.0000e+00 0.0000e+00 0.0000e+00 -2.5030e+00 2.3630e-01 0.0000e+00 0.0000e+00 -2.3630e-01 -2.2366e+00 
133.0 3.3959e+00 -1.1743e+00 0.0000e+00 0.0000e+00 -1.1743e+00 3.0562e+00 0.0000e+00 0.0000e+00 0.0000e+00 0.0000e+00 -2.5456e+00 2.3212e-01 0.0000e+00 0.0000e+00 -2.3212e-01 -2.2792e+00 
134.0 3.4006e+00 -1.1273e+00 0.0000e+00 0.0000e+00 -1.1273e+00 3.0622e+00 0.0000e+00 0.0000e+00 0.0000e+00 0.0000e+00 -2.5869e+00 2.2801e-01 0.0000e+00 0.0000e+00 -2.2801e-01 -2.3205e+00 
135.0 3.4060e+00 -1.0808e+00 0.0000e+00 0.0000e+00 -1.0808e+00 3.0689e+00 0.0000e+00 0.0000e+00 0.0000e+00 0.0000e+00 -2.6269e+00 2.2397e-01 0.0000e+00 0.0000e+00 -2.2397e-01 -2.3606e+00 
136.0 3.4119e+00 -1.0351e+00 0.0000e+00 0.0000e+00 -1.0351e+00 3.0762e+00 0.0000e+00 0.0000e+00 0.0000e+00 0.0000e+00 -2.6656e+00 2.1997e-01 0.0000e+00 0.0000e+00 -2.1997e-01 -2.3995e+00 
137.0 3.4183e+00 -9.8996e-01 0.0000e+00 0.0000e+00 -9.8996e-01 3.0842e+00 0.0000e+00 0.0000e+00 0.0000e+00 0.0000e+00 -2.7030e+00 2.1604e-01 0.0000e+00 0.0000e+00 -2.1604e-01 -2.4373e+00 
138.0 3.4253e+00 -9.4554e-01 0.0000e+00 0.0000e+00 -9.4554e-01 3.0928e+00 0.0000e+00 0.0000e+00 0.0000e+00 0.0000e+00 -2.7393e+00 2.1215e-01 0.0000e+00 0.0000e+00 -2.1215e-01 -2.4740e+00 
139.0 3.4326e+00 -9.0184e-01 0.0000e+00 0.0000e+00 -9.0184e-01 3.1019e+00 0.0000e+00 0.0000e+00 0.0000e+00 0.0000e+00 -2.7743e+00 2.0832e-01 0.0000e+00 0.0000e+00 -2.0832e-01 -2.5097e+00 
140.0 3.4404e+00 -8.5889e-01 0.0000e+00 0.0000e+00 -8.5889e-01 3.1115e+00 0.0000e+00 0.0000e+00 0.0000e+00 0.0000e+00 -2.8082e+00 2.0453e-01 0.0000e+00 0.0000e+00 -2.0453e-01 -2.5443e+00 
141.0 3.4485e+00 -8.1673e-01 0.0000e+00 0.0000e+00 -8.1673e-01 3.1216e+00 0.0000e+00 0.0000e+00 0.0000e+00 0.0000e+00 -2.8409e+00 2.0078e-01 0.0000e+00 0.0000e+00 -2.0078e-01 -2.5779e+00 
142.0 3.4569e+00 -7.7536e-01 0.0000e+00 0.0000e+00 -7.7536e-01 3.1321e+00 0.0000e+00 0.0000e+00 0.0000e+00 0.0000e+00 -2.8726e+00 1.9705e-01 0.0000e+00 0.0000e+00 -1.9705e-01 -2.6106e+00 
143.0 3.4655e+00 -7.3481e-01 0.0000e+00 0.0000e+00 -7.3481e-01 3.1430e+00 0.0000e+00 0.0000e+00 0.0000e+00 0.0000e+00 -2.9032e+00 1.9335e-01 0.0000e+00 0.0000e+00 -1.9335e-01 -2.6424e+00 
144.0 3.4744e+00 -6.9509e-01 0.0000e+00 0.0000e+00 -6.9509e-01 3.1543e+00 0.0000e+00 0.0000e+00 0.0000e+00 0.0000e+00 -2.9326e+00 1.8967e-01 0.0000e+00 0.0000e+00 -1.8967e-01 -2.6732e+00 
145.0 3.4835e+00 -6.5623e-01 0.0000e+00 0.0000e+00 -6.5623e-01 3.1660e+00 0.0000e+00 0.0000e+00 0.0000e+00 0.0000e+00 -2.9611e+00 1.8598e-01 0.0000e+00 0.0000e+00 -1.8598e-01 -2.7031e+00 
146.0 3.4927e+00 -6.1821e-01 0.0000e+00 0.0000e+00 -6.1821e-01 3.1779e+00 0.0000e+00 0.0000e+00 0.0000e+00 0.0000e+00 -2.9885e+00 1.8225e-01 0.0000e+00 0.0000e+00 -1.8225e-01 -2.7322e+00 
147.0 3.5020e+00 -5.8105e-01 0.0000e+00 0.0000e+00 -5.8105e-01 3.1901e+00 0.0000e+00 0.0000e+00 0.0000e+00 0.0000e+00 -3.0149e+00 1.7847e-01 0.0000e+00 0.0000e+00 -1.7847e-01 -2.7605e+00 
148.0 3.5113e+00 -5.4475e-01 0.0000e+00 0.0000e+00 -5.4475e-01 3.2024e+00 0.0000e+00 0.0000e+00 0.0000e+00 0.0000e+00 -3.0403e+00 1.7460e-01 0.0000e+00 0.0000e+00 -1.7460e-01 -2.7880e+00 
149.0 3.5207e+00 -5.0931e-01 0.0000e+00 0.0000e+00 -5.0931e-01 3.2150e+00 0.0000e+00 0.0000e+00 0.0000e+00 0.0000e+00 -3.0648e+00 1.7064e-01 0.0000e+00 0.0000e+00 -1.7064e-01 -2.8147e+00 
150.0 3.5300e+00 -4.7475e-01 0.0000e+00 0.0000e+00 -4.7475e-01 3.2277e+00 0.0000e+00 0.0000e+00 0.0000e+00 0.0000e+00 -3.0884e+00 1.6656e-01 0.0000e+00 0.0000e+00 -1.6656e-01 -2.8406e+00 
151.0 3.5394e+00 -4.4107e-01 0.0000e+00 0.0000e+00 -4.4107e-01 3.2405e+00 0.0000e+00 0.0000e+00 0.0000e+00 0.0000e+00 -3.1111e+00 1.6236e-01 0.0000e+00 0.0000e+00 -1.6236e-01 -2.8658e+00 
152.0 3.5488e+00 -4.0828e-01 0.0000e+00 0.0000e+00 -4.0828e-01 3.2535e+00 0.0000e+00 0.0000e+00 0.0000e+00 0.0000e+00 -3.1329e+00 1.5800e-01 0.0000e+00 0.0000e+00 -1.5800e-01 -2.8903e+00 
153.0 3.5581e+00 -3.7638e-01 0.0000e+00 0.0000e+00 -3.7638e-01 3.2666e+00 0.0000e+00 0.0000e+00 0.0000e+00 0.0000e+00 -3.1538e+00 1.5344e-01 0.0000e+00 0.0000e+00 -1.5344e-01 -2.9140e+00 
154.0 3.5675e+00 -3.4535e-01 0.0000e+00 0.0000e+00 -3.4535e-01 3.2797e+00 0.0000e+00 0.0000e+00 0.0000e+00 0.0000e+00 -3.1739e+00 1.4866e-01 0.0000e+00 0.0000e+00 -1.4866e-01 -2.9369e+00 
155.0 3.5768e+00 -3.1520e-01 0.0000e+00 0.0000e+00 -3.1520e-01 3.2929e+00 0.0000e+00 0.0000e+00 0.0000e+00 0.0000e+00 -3.1931e+00 1.4363e-01 0.0000e+00 0.0000e+00 -1.4363e-01 -2.9592e+00 
156.0 3.5862e+00 -2.8592e-01 0.0000e+00 0.0000e+00 -2.8592e-01 3.3062e+00 0.0000e+00 0.0000e+00 0.0000e+00 0.0000e+00 -3.2115e+00 1.3837e-01 0.0000e+00 0.0000e+00 -1.3837e-01 -2.9807e+00 
157.0 3.5956e+00 -2.5751e-01 0.0000e+00 0.0000e+00 -2.5751e-01 3.3197e+00 0.0000e+00 0.0000e+00 0.0000e+00 0.0000e+00 -3.2291e+00 1.3287e-01 0.0000e+00 0.0000e+00 -1.3287e-01 -3.0016e+00 
158.0 3.6051e+00 -2.3000e-01 0.0000e+00 0.0000e+00 -2.3000e-01 3.3334e+00 0.0000e+00 0.0000e+00 0.0000e+00 0.0000e+00 -3.2460e+00 1.2708e-01 0.0000e+00 0.0000e+00 -1.2708e-01 -3.0218e+00 
159.0 3.6146e+00 -2.0343e-01 0.0000e+00 0.0000e+00 -2.0343e-01 3.3471e+00 0.0000e+00 0.0000e+00 0.0000e+00 0.0000e+00 -3.2623e+00 1.2090e-01 0.0000e+00 0.0000e+00 -1.2090e-01 -3.0414e+00 
160.0 3.6241e+00 -1.7784e-01 0.0000e+00 0.0000e+00 -1.7784e-01 3.3608e+00 0.0000e+00 0.0000e+00 0.0000e+00 0.0000e+00 -3.2779e+00 1.1426e-01 0.0000e+00 0.0000e+00 -1.1426e-01 -3.0604e+00 
161.0 3.6336e+00 -1.5329e-01 0.0000e+00 0.0000e+00 -1.5329e-01 3.3744e+00 0.0000e+00 0.0000e+00 0.0000e+00 0.0000e+00 -3.2930e+00 1.0707e-01 0.0000e+00 0.0000e+00 -1.0707e-01 -3.0789e+00 
162.0 3.6432e+00 -1.2987e-01 0.0000e+00 0.0000e+00 -1.2987e-01 3.3879e+00 0.0000e+00 0.0000e+00 0.0000e+00 0.0000e+00 -3.3077e+00 9.9271e-02 0.0000e+00 0.0000e+00 -9.9271e-02 -3.0967e+00 
163.0 3.6529e+00 -1.0772e-01 0.0000e+00 0.0000e+00 -1.0772e-01 3.4012e+00 0.0000e+00 0.0000e+00 0.0000e+00 0.0000e+00 -3.3221e+00 9.0723e-02 0.0000e+00 0.0000e+00 -9.0723e-02 -3.1140e+00 
164.0 3.6626e+00 -8.6996e-02 0.0000e+00 0.0000e+00 -8.6996e-02 3.4141e+00 0.0000e+00 0.0000e+00 0.0000e+00 0.0000e+00 -3.3363e+00 8.1249e-02 0.0000e+00 0.0000e+00 -8.1249e-02 -3.1306e+00 
165.0 3.6724e+00 -6.7893e-02 0.0000e+00 0.0000e+00 -6.7893e-02 3.4263e+00 0.0000e+00 0.0000e+00 0.0000e+00 0.0000e+00 -3.3507e+00 7.0659e-02 0.0000e+00 0.0000e+00 -7.0659e-02 -3.1466e+00 
166.0 3.6823e+00 -5.0623e-02 0.0000e+00 0.0000e+00 -5.0623e-02 3.4373e+00 0.0000e+00 0.0000e+00 0.0000e+00 0.0000e+00 -3.3655e+00 5.8822e-02 0.0000e+00 0.0000e+00 -5.8822e-02 -3.1617e+00 
167.0 3.6929e+00 -3.5409e-02 0.0000e+00 0.0000e+00 -3.5409e-02 3.4471e+00 0.0000e+00 0.0000e+00 0.0000e+00 0.0000e+00 -3.3810e+00 4.5721e-02 0.0000e+00 0.0000e+00 -4.5721e-02 -3.1756e+00 
168.0 3.7046e+00 -2.2462e-02 0.0000e+00 0.0000e+00 -2.2462e-02 3.4555e+00 0.0000e+00 0.0000e+00 0.0000e+00 0.0000e+00 -3.3977e+00 3.1508e-02 0.0000e+00 0.0000e+00 -3.1508e-02 -3.1879e+00 
169.0 3.7186e+00 -1.1950e-02 0.0000e+00 0.0000e+00 -1.1950e-02 3.4626e+00 0.0000e+00 0.0000e+00 0.0000e+00 0.0000e+00 -3.4160e+00 1.6557e-02 0.0000e+00 0.0000e+00 -1.6557e-02 -3.1978e+00 
170.0 3.7360e+00 -3.9697e-03 0.0000e+00 0.0000e+00 -3.9697e-03 3.4686e+00 0.0000e+00 0.0000e+00 0.0000e+00 0.0000e+00 -3.4360e+00 1.5055e-03 0.0000e+00 0.0000e+00 -1.5055e-03 -3.2044e+00 
171.0 3.7587e+00 1.4715e-03 0.0000e+00 0.0000e+00 1.4715e-03 3.4743e+00 0.0000e+00 0.0000e+00 0.0000e+00 0.0000e+00 -3.4582e+00 -1.2696e-02 0.0000e+00 0.0000e+00 1.2696e-02 -3.2066e+00 
172.0 3.7882e+00 4.4840e-03 0.0000e+00 0.0000e+00 4.4840e-03 3.4805e+00 0.0000e+00 0.0000e+00 0.0000e+00 0.0000e+00 -3.4825e+00 -2.4774e-02 0.0000e+00 0.0000e+00 2.4774e-02 -3.2038e+00 
173.0 3.8260e+00 5.3604e-03 0.0000e+00 0.0000e+00 5.3604e-03 3.4884e+00 0.0000e+00 0.0000e+00 0.0000e+00 0.0000e+00 -3.5087e+00 -3.3172e-02 0.0000e+00 0.0000e+00 3.3172e-02 -3.1955e+00 
174.0 3.8724e+00 4.6469e-03 0.0000e+00 0.0000e+00 4.6469e-03 3.4992e+00 0.0000e+00 0.0000e+00 0.0000e+00 0.0000e+00 -3.5363e+00 -3.6316e-02 0.0000e+00 0.0000e+00 3.6316e-02 -3.1821e+00 
175.0 3.9262e+00 3.1158e-03 0.0000e+00 0.0000e+00 3.1158e-03 3.5138e+00 0.0000e+00 0.0000e+00 0.0000e+00 0.0000e+00 -3.5640e+00 -3.3289e-02 0.0000e+00 0.0000e+00 3.3289e-02 -3.1650e+00 
176.0 3.9829e+00 1.5655e-03 0.0000e+00 0.0000e+00 1.5655e-03 3.5314e+00 0.0000e+00 0.0000e+00 0.0000e+00 0.0000e+00 -3.5900e+00 -2.4749e-02 0.0000e+00 0.0000e+00 2.4749e-02 -3.1467e+00 
177.0 4.0346e+00 5.2683e-04 0.0000e+00 0.0000e+00 5.2683e-04 3.5493e+00 0.0000e+00 0.0000e+00 0.0000e+00 0.0000e+00 -3.6118e+00 -1.3473e-02 0.0000e+00 0.0000e+00 1.3473e-02 -3.1302e+00 
178.0 4.0715e+00 8.0373e-05 0.0000e+00 0.0000e+00 8.0373e-05 3.5630e+00 0.0000e+00 0.0000e+00 0.0000e+00 0.0000e+00 -3.6264e+00 -3.8342e-03 0.0000e+00 0.0000e+00 3.8342e-03 -3.1187e+00 
179.0 4.0850e+00 1.5750e-21 0.0000e+00 0.0000e+00 1.5750e-21 3.5682e+00 0.0000e+00 0.0000e+00 0.0000e+00 0.0000e+00 -3.6316e+00 -4.0658e-20 0.0000e+00 0.0000e+00 4.0658e-20 -3.1145e+00 
180.0 4.0990e+00 0.0000e+00 0.0000e+00 0.0000e+00 0.0000e+00 3.5733e+00 0.0000e+00 0.0000e+00 0.0000e+00 0.0000e+00 -3.6368e+00 0.0000e+00 0.0000e+00 0.0000e+00 -0.0000e+00 -3.1104e+00 
