2.1174 2.1306 0.0132 0.052309
theta s11 s12 s13 s14 s21 s22 s23 s24 s31 s32 s33 s34 s41 s42 s43 s44
0.0 8.2982e+02 0.0000e+00 0.0000e+00 0.0000e+00 0.0000e+00 8.2826e+02 0.0000e+00 0.0000e+00 0.0000e+00 0.0000e+00 8.2826e+02 0.0000e+00 0.0000e+00 0.0000e+00 -0.0000e+00 8.2670e+02 
1.0 7.9869e+02 5.4511e-03 0.0000e+00 0.0000e+00 5.4511e-03 7.9714e+02 0.0000e+00 0.0000e+00 0.0000e+00 0.0000e+00 7.9714e+02 -3.0820e-01 0.0000e+00 0.0000e+00 3.0820e-01 7.9560e+02 
2.0 7.4419e+02 3.2395e-02 0.0000e+00 0.0000e+00 3.2395e-02 7.4265e+02 0.0000e+00 0.0000e+00 0.0000e+00 0.0000e+00 7.4265e+02 -1.1583e+00 0.0000e+00 0.0000e+00 1.1583e+00 7.4115e+02 
3.0 6.7982e+02 8.5154e-02 0.0000e+00 0.0000e+00 8.5154e-02 6.7832e+02 0.0000e+00 0.0000e+00 0.0000e+00 0.0000e+00 6.7831e+02 -2.3651e+00 0.0000e+00 0.0000e+00 2.3651e+00 6.7686e+02 
4.0 6.0990e+02 1.5963e-01 0.0000e+00 0.0000e+00 1.5963e-01 6.0843e+02 0.0000e+00 0.0000e+00 0.0000e+00 0.0000e+00 6.0840e+02 -3.7106e+00 0.0000e+00 0.0000e+00 3.7106e+00 6.0702e+02 
5.0 5.3970e+02 2.4547e-01 0.0000e+00 0.0000e+00 2.4547e-01 5.3827e+02 0.0000e+00 0.0000e+00 0.0000e+00 0.0000e+00 5.3819e+02 -5.0034e+00 0.0000e+00 0.0000e+00 5.0034e+00 5.3690e+02 
6.0 4.7305e+02 3.2978e-01 0.0000e+00 0.0000e+00 3.2978e-01 4.7165e+02 0.0000e+00 0.0000e+00 0.0000e+00 0.0000e+00 4.7153e+02 -6.1060e+00 0.0000e+00 0.0000e+00 6.1060e+00 4.7032e+02 
7.0 4.1227e+02 4.0104e-01 0.0000e+00 0.0000e+00 4.0104e-01 4.1091e+02 0.0000e+00 0.0000e+00 0.0000e+00 0.0000e+00 4.1072e+02 -6.9416e+00 0.0000e+00 0.0000e+00 6.9416e+00 4.0959e+02 
8.0 3.5844e+02 4.5128e-01 0.0000e+00 0.0000e+00 4.5128e-01 3.5711e+02 0.0000e+00 0.0000e+00 0.0000e+00 0.0000e+00 3.5685e+02 -7.4876e+00 0.0000e+00 0.0000e+00 7.4876e+00 3.5580e+02 
9.0 3.1178e+02 4.7636e-01 0.0000e+00 0.0000e+00 4.7636e-01 3.1047e+02 0.0000e+00 0.0000e+00 0.0000e+00 0.0000e+00 3.1014e+02 -7.7598e+00 0.0000e+00 0.0000e+00 7.7598e+00 3.0915e+02 
10.0 2.7193e+02 4.7520e-01 0.0000e+00 0.0000e+00 4.7520e-01 2.7064e+02 0.0000e+00 0.0000e+00 0.0000e+00 0.0000e+00 2.7024e+02 -7.7967e+00 0.0000e+00 0.0000e+00 7.7967e+00 2.6931e+02 
11.0 2.3826e+02 4.4887e-01 0.0000e+00 0.0000e+00 4.4887e-01 2.3698e+02 0.0000e+00 0.0000e+00 0.0000e+00 0.0000e+00 2.3651e+02 -7.6467e+00 0.0000e+00 0.0000e+00 7.6467e+00 2.3564e+02 
12.0 2.0997e+02 4.0017e-01 0.0000e+00 0.0000e+00 4.0017e-01 2.0870e+02 0.0000e+00 0.0000e+00 0.0000e+00 0.0000e+00 2.0817e+02 -7.3593e+00 0.0000e+00 0.0000e+00 7.3593e+00 2.0736e+02 
13.0 1.8630e+02 3.3240e-01 0.0000e+00 0.0000e+00 3.3240e-01 1.8504e+02 0.0000e+00 0.0000e+00 0.0000e+00 0.0000e+00 1.8445e+02 -6.9778e+00 0.0000e+00 0.0000e+00 6.9778e+00 1.8370e+02 
14.0 1.6648e+02 2.5247e-01 0.0000e+00 0.0000e+00 2.5247e-01 1.6522e+02 0.0000e+00 0.0000e+00 0.0000e+00 0.0000e+00 1.6459e+02 -6.5440e+00 0.0000e+00 0.0000e+00 6.5440e+00 1.6388e+02 
15.0 1.4987e+02 1.6319e-01 0.0000e+00 0.0000e+00 1.6319e-01 1.4861e+02 0.0000e+00 0.0000e+00 0.0000e+00 0.0000e+00 1.4794e+02 -6.0834e+00 0.0000e+00 0.0000e+00 6.0834e+00 1.4727e+02 
16.0 1.3587e+02 6.9970e-02 0.0000e+00 0.0000e+00 6.9970e-02 1.3461e+02 0.0000e+00 0.0000e+00 0.0000e+00 0.0000e+00 1.3391e+02 -5.6202e+00 0.0000e+00 0.0000e+00 5.6202e+00 1.3329e+02 
17.0 1.2401e+02 -2.3399e-02 0.0000e+00 0.0000e+00 -2.3399e-02 1.2275e+02 0.0000e+00 0.0000e+00 0.0000e+00 0.0000e+00 1.2202e+02 -5.1706e+00 0.0000e+00 0.0000e+00 5.1706e+00 1.2144e+02 
18.0 1.1387e+02 -1.1429e-01 0.0000e+00 0.0000e+00 -1.1429e-01 1.1261e+02 0.0000e+00 0.0000e+00 0.0000e+00 0.0000e+00 1.1186e+02 -4.7449e+00 0.0000e+00 0.0000e+00 4.7449e+00 1.1132e+02 
19.0 1.0512e+02 -2.0124e-01 0.0000e+00 0.0000e+00 -2.0124e-01 1.0386e+02 0.0000e+00 0.0000e+00 0.0000e+00 0.0000e+00 1.0339e+02 -4.3487e+00 0.0000e+00 0.0000e+00 4.3487e+00 1.0291e+02 
20.0 9.7487e+01 -2.8393e-01 0.0000e+00 0.0000e+00 -2.8393e-01 9.6224e+01 0.0000e+00 0.0000e+00 0.0000e+00 0.0000e+00 9.6010e+01 -3.9840e+00 0.0000e+00 0.0000e+00 3.9840e+00 9.5574e+01 
21.0 9.0753e+01 -3.6285e-01 0.0000e+00 0.0000e+00 -3.6285e-01 8.9490e+01 0.0000e+00 0.0000e+00 0.0000e+00 0.0000e+00 8.9494e+01 -3.6499e+00 0.0000e+00 0.0000e+00 3.6499e+00 8.9099e+01 
22.0 8.4753e+01 -4.3894e-01 0.0000e+00 0.0000e+00 -4.3894e-01 8.3490e+01 0.0000e+00 0.0000e+00 0.0000e+00 0.0000e+00 8.3686e+01 -3.3442e+00 0.0000e+00 0.0000e+00 3.3442e+00 8.3327e+01 
23.0 7.9365e+01 -5.1322e-01 0.0000e+00 0.0000e+00 -5.1322e-01 7.8102e+01 0.0000e+00 0.0000e+00 0.0000e+00 0.0000e+00 7.8467e+01 -3.0640e+00 0.0000e+00 0.0000e+00 3.0640e+00 7.8141e+01 
24.0 7.4495e+01 -5.8659e-01 0.0000e+00 0.0000e+00 -5.8659e-01 7.3233e+01 0.0000e+00 0.0000e+00 0.0000e+00 0.0000e+00 7.3748e+01 -2.8064e+00 0.0000e+00 0.0000e+00 2.8064e+00 7.3451e+01 
25.0 7.0075e+01 -6.5968e-01 0.0000e+00 0.0000e+00 -6.5968e-01 6.8814e+01 0.0000e+00 0.0000e+00 0.0000e+00 0.0000e+00 6.9462e+01 -2.5688e+00 0.0000e+00 0.0000e+00 2.5688e+00 6.9192e+01 
26.0 6.6049e+01 -7.3284e-01 0.0000e+00 0.0000e+00 -7.3284e-01 6.4788e+01 0.0000e+00 0.0000e+00 0.0000e+00 0.0000e+00 6.5557e+01 -2.3490e+00 0.0000e+00 0.0000e+00 2.3490e+00 6.5310e+01 
27.0 6.2370e+01 -8.0616e-01 0.0000e+00 0.0000e+00 -8.0616e-01 6.1109e+01 0.0000e+00 0.0000e+00 0.0000e+00 0.0000e+00 6.1986e+01 -2.1457e+00 0.0000e+00 0.0000e+00 2.1457e+00 6.1760e+01 
28.0 5.8996e+01 -8.7946e-01 0.0000e+00 0.0000e+00 -8.7946e-01 5.7735e+01 0.0000e+00 0.0000e+00 0.0000e+00 0.0000e+00 5.8708e+01 -1.9576e+00 0.0000e+00 0.0000e+00 1.9576e+00 5.8502e+01 
29.0 5.5888e+01 -9.5239e-01 0.0000e+00 0.0000e+00 -9.5239e-01 5.4627e+01 0.0000e+00 0.0000e+00 0.0000e+00 0.0000e+00 5.5688e+01 -1.7841e+00 0.0000e+00 0.0000e+00 1.7841e+00 5.5500e+01 
30.0 5.3012e+01 -1.0245e+00 0.0000e+00 0.0000e+00 -1.0245e+00 5.1750e+01 0.0000e+00 0.0000e+00 0.0000e+00 0.0000e+00 5.2891e+01 -1.6244e+00 0.0000e+00 0.0000e+00 1.6244e+00 5.2719e+01 
31.0 5.0339e+01 -1.0951e+00 0.0000e+00 0.0000e+00 -1.0951e+00 4.9076e+01 0.0000e+00 0.0000e+00 0.0000e+00 0.0000e+00 5.0054e+01 -1.4775e+00 0.0000e+00 0.0000e+00 1.4775e+00 4.9907e+01 
32.0 4.7843e+01 -1.1637e+00 0.0000e+00 0.0000e+00 -1.1637e+00 4.6580e+01 0.0000e+00 0.0000e+00 0.0000e+00 0.0000e+00 4.7411e+01 -1.3428e+00 0.0000e+00 0.0000e+00 1.3428e+00 4.7288e+01 
33.0 4.5504e+01 -1.2299e+00 0.0000e+00 0.0000e+00 -1.2299e+00 4.4241e+01 0.0000e+00 0.0000e+00 0.0000e+00 0.0000e+00 4.4940e+01 -1.2190e+00 0.0000e+00 0.0000e+00 1.2190e+00 4.4841e+01 
34.0 4.3306e+01 -1.2935e+00 0.0000e+00 0.0000e+00 -1.2935e+00 4.2043e+01 0.0000e+00 0.0000e+00 0.0000e+00 0.0000e+00 4.2624e+01 -1.1052e+00 0.0000e+00 0.0000e+00 1.1052e+00 4.2547e+01 
35.0 4.1238e+01 -1.3542e+00 0.0000e+00 0.0000e+00 -1.3542e+00 3.9974e+01 0.0000e+00 0.0000e+00 0.0000e+00 0.0000e+00 4.0449e+01 -1.0000e+00 0.0000e+00 0.0000e+00 1.0000e+00 4.0393e+01 
36.0 3.9289e+01 -1.4122e+00 0.0000e+00 0.0000e+00 -1.4122e+00 3.8025e+01 0.0000e+00 0.0000e+00 0.0000e+00 0.0000e+00 3.8401e+01 -9.0232e-01 0.0000e+00 0.0000e+00 9.0232e-01 3.8366e+01 
37.0 3.7452e+01 -1.4678e+00 0.0000e+00 0.0000e+00 -1.4678e+00 3.6188e+01 0.0000e+00 0.0000e+00 0.0000e+00 0.0000e+00 3.6472e+01 -8.1101e-01 0.0000e+00 0.0000e+00 8.1101e-01 3.6455e+01 
38.0 3.5720e+01 -1.5212e+00 0.0000e+00 0.0000e+00 -1.5212e+00 3.4456e+01 0.0000e+00 0.0000e+00 0.0000e+00 0.0000e+00 3.4652e+01 -7.2526e-01 0.0000e+00 0.0000e+00 7.2526e-01 3.4654e+01 
39.0 3.4088e+01 -1.5727e+00 0.0000e+00 0.0000e+00 -1.5727e+00 3.2824e+01 0.0000e+00 0.0000e+00 0.0000e+00 0.0000e+00 3.2934e+01 -6.4446e-01 0.0000e+00 0.0000e+00 6.4446e-01 3.2955e+01 
40.0 3.2548e+01 -1.6225e+00 0.0000e+00 0.0000e+00 -1.6225e+00 3.1285e+01 0.0000e+00 0.0000e+00 0.0000e+00 0.0000e+00 3.1313e+01 -5.6821e-01 0.0000e+00 0.0000e+00 5.6821e-01 3.1351e+01 
41.0 3.1097e+01 -1.6707e+00 0.0000e+00 0.0000e+00 -1.6707e+00 2.9834e+01 0.0000e+00 0.0000e+00 0.0000e+00 0.0000e+00 2.9781e+01 -4.9621e-01 0.0000e+00 0.0000e+00 4.9621e-01 2.9835e+01 
42.0 2.9726e+01 -1.7171e+00 0.0000e+00 0.0000e+00 -1.7171e+00 2.8465e+01 0.0000e+00 0.0000e+00 0.0000e+00 0.0000e+00 2.8332e+01 -4.2815e-01 0.0000e+00 0.0000e+00 4.2815e-01 2.8403e+01 
43.0 2.8431e+01 -1.7617e+00 0.0000e+00 0.0000e+00 -1.7617e+00 2.7171e+01 0.0000e+00 0.0000e+00 0.0000e+00 0.0000e+00 2.6961e+01 -3.6366e-01 0.0000e+00 0.0000e+00 3.6366e-01 2.7047e+01 
44.0 2.7207e+01 -1.8045e+00 0.0000e+00 0.0000e+00 -1.8045e+00 2.5948e+01 0.0000e+00 0.0000e+00 0.0000e+00 0.0000e+00 2.5663e+01 -3.0235e-01 0.0000e+00 0.0000e+00 3.0235e-01 2.5763e+01 
45.0 2.6048e+01 -1.8452e+00 0.0000e+00 0.0000e+00 -1.8452e+00 2.4790e+01 0.0000e+00 0.0000e+00 0.0000e+00 0.0000e+00 2.4431e+01 -2.4378e-01 0.0000e+00 0.0000e+00 2.4378e-01 2.4546e+01 
46.0 2.4949e+01 -1.8840e+00 0.0000e+00 0.0000e+00 -1.8840e+00 2.3693e+01 0.0000e+00 0.0000e+00 0.0000e+00 0.0000e+00 2.3263e+01 -1.8756e-01 0.0000e+00 0.0000e+00 1.8756e-01 2.3392e+01 
47.0 2.3908e+01 -1.9208e+00 0.0000e+00 0.0000e+00 -1.9208e+00 2.2653e+01 0.0000e+00 0.0000e+00 0.0000e+00 0.0000e+00 2.2155e+01 -1.3333e-01 0.0000e+00 0.0000e+00 1.3333e-01 2.2296e+01 
48.0 2.2921e+01 -1.9557e+00 0.0000e+00 0.0000e+00 -1.9557e+00 2.1667e+01 0.0000e+00 0.0000e+00 0.0000e+00 0.0000e+00 2.1102e+01 -8.0762e-02 0.0000e+00 0.0000e+00 8.0762e-02 2.1256e+01 
49.0 2.1984e+01 -1.9887e+00 0.0000e+00 0.0000e+00 -1.9887e+00 2.0732e+01 0.0000e+00 0.0000e+00 0.0000e+00 0.0000e+00 2.0101e+01 -2.9534e-02 0.0000e+00 0.0000e+00 2.9534e-02 2.0268e+01 
50.0 2.1096e+01 -2.0199e+00 0.0000e+00 0.0000e+00 -2.0199e+00 1.9845e+01 0.0000e+00 0.0000e+00 0.0000e+00 0.0000e+00 1.9150e+01 2.0629e-02 0.0000e+00 0.0000e+00 -2.0629e-02 1.9329e+01 
51.0 2.0253e+01 -2.0494e+00 0.0000e+00 0.0000e+00 -2.0494e+00 1.9003e+01 0.0000e+00 0.0000e+00 0.0000e+00 0.0000e+00 1.8245e+01 6.9964e-02 0.0000e+00 0.0000e+00 -6.9964e-02 1.8436e+01 
52.0 1.9453e+01 -2.0772e+00 0.0000e+00 0.0000e+00 -2.0772e+00 1.8205e+01 0.0000e+00 0.0000e+00 0.0000e+00 0.0000e+00 1.7385e+01 1.1865e-01 0.0000e+00 0.0000e+00 -1.1865e-01 1.7587e+01 
53.0 1.8695e+01 -2.1037e+00 0.0000e+00 0.0000e+00 -2.1037e+00 1.7448e+01 0.0000e+00 0.0000e+00 0.0000e+00 0.0000e+00 1.6567e+01 1.6678e-01 0.0000e+00 0.0000e+00 -1.6678e-01 1.6781e+01 
54.0 1.7977e+01 -2.1289e+00 0.0000e+00 0.0000e+00 -2.1289e+00 1.6731e+01 0.0000e+00 0.0000e+00 0.0000e+00 0.0000e+00 1.5789e+01 2.1437e-01 0.0000e+00 0.0000e+00 -2.1437e-01 1.6014e+01 
55.0 1.7296e+01 -2.1528e+00 0.0000e+00 0.0000e+00 -2.1528e+00 1.6051e+01 0.0000e+00 0.0000e+00 0.0000e+00 0.0000e+00 1.5049e+01 2.6135e-01 0.0000e+00 0.0000e+00 -2.6135e-01 1.5285e+01 
56.0 1.6651e+01 -2.1755e+00 0.0000e+00 0.0000e+00 -2.1755e+00 1.5407e+01 0.0000e+00 0.0000e+00 0.0000e+00 0.0000e+00 1.4345e+01 3.0763e-01 0.0000e+00 0.0000e+00 -3.0763e-01 1.4592e+01 
57.0 1.6039e+01 -2.1969e+00 0.0000e+00 0.0000e+00 -2.1969e+00 1.4796e+01 0.0000e+00 0.0000e+00 0.0000e+00 0.0000e+00 1.3675e+01 3.5312e-01 0.0000e+00 0.0000e+00 -3.5312e-01 1.3934e+01 
58.0 1.5460e+01 -2.2170e+00 0.0000e+00 0.0000e+00 -2.2170e+00 1.4218e+01 0.0000e+00 0.0000e+00 0.0000e+00 0.0000e+00 1.3038e+01 3.9772e-01 0.0000e+00 0.0000e+00 -3.9772e-01 1.3308e+01 
59.0 1.4912e+01 -2.2358e+00 0.0000e+00 0.0000e+00 -2.2358e+00 1.3669e+01 0.0000e+00 0.0000e+00 0.0000e+00 0.0000e+00 1.2431e+01 4.4138e-01 0.0000e+00 0.0000e+00 -4.4138e-01 1.2712e+01 
60.0 1.4391e+01 -2.2532e+00 0.0000e+00 0.0000e+00 -2.2532e+00 1.3149e+01 0.0000e+00 0.0000e+00 0.0000e+00 0.0000e+00 1.1853e+01 4.8411e-01 0.0000e+00 0.0000e+00 -4.8411e-01 1.2144e+01 
61.0 1.3898e+01 -2.2692e+00 0.0000e+00 0.0000e+00 -2.2692e+00 1.2656e+01 0.0000e+00 0.0000e+00 0.0000e+00 0.0000e+00 1.1302e+01 5.2587e-01 0.0000e+00 0.0000e+00 -5.2587e-01 1.1604e+01 
62.0 1.3430e+01 -2.2839e+00 0.0000e+00 0.0000e+00 -2.2839e+00 1.2187e+01 0.0000e+00 0.0000e+00 0.0000e+00 0.0000e+00 1.0776e+01 5.6665e-01 0.0000e+00 0.0000e+00 -5.6665e-01 1.1090e+01 
63.0 1.2986e+01 -2.2972e+00 0.0000e+00 0.0000e+00 -2.2972e+00 1.1743e+01 0.0000e+00 0.0000e+00 0.0000e+00 0.0000e+00 1.0275e+01 6.0641e-01 0.0000e+00 0.0000e+00 -6.0641e-01 1.0600e+01 
64.0 1.2564e+01 -2.3091e+00 0.0000e+00 0.0000e+00 -2.3091e+00 1.1321e+01 0.0000e+00 0.0000e+00 0.0000e+00 0.0000e+00 9.7963e+00 6.4509e-01 0.0000e+00 0.0000e+00 -6.4509e-01 1.0132e+01 
65.0 1.2164e+01 -2.3198e+00 0.0000e+00 0.0000e+00 -2.3198e+00 1.0919e+01 0.0000e+00 0.0000e+00 0.0000e+00 0.0000e+00 9.3393e+00 6.8262e-01 0.0000e+00 0.0000e+00 -6.8262e-01 9.6866e+00 
66.0 1.1783e+01 -2.3291e+00 0.0000e+00 0.0000e+00 -2.3291e+00 1.0538e+01 0.0000e+00 0.0000e+00 0.0000e+00 0.0000e+00 8.9028e+00 7.1893e-01 0.0000e+00 0.0000e+00 -7.1893e-01 9.2615e+00 
67.0 1.1422e+01 -2.3370e+00 0.0000e+00 0.0000e+00 -2.3370e+00 1.0176e+01 0.0000e+00 0.0000e+00 0.0000e+00 0.0000e+00 8.4855e+00 7.5394e-01 0.0000e+00 0.0000e+00 -7.5394e-01 8.8557e+00 
68.0 1.1079e+01 -2.3436e+00 0.0000e+00 0.0000e+00 -2.3436e+00 9.8312e+00 0.0000e+00 0.0000e+00 0.0000e+00 0.0000e+00 8.0864e+00 7.8761e-01 0.0000e+00 0.0000e+00 -7.8761e-01 8.4682e+00 
69.0 1.0752e+01 -2.3488e+00 0.0000e+00 0.0000e+00 -2.3488e+00 9.5033e+00 0.0000e+00 0.0000e+00 0.0000e+00 0.0000e+00 7.7046e+00 8.1988e-01 0.0000e+00 0.0000e+00 -8.1988e-01 8.0980e+00 
70.0 1.0442e+01 -2.3526e+00 0.0000e+00 0.0000e+00 -2.3526e+00 9.1910e+00 0.0000e+00 0.0000e+00 0.0000e+00 0.0000e+00 7.3390e+00 8.5071e-01 0.0000e+00 0.0000e+00 -8.5071e-01 7.7441e+00 
71.0 1.0146e+01 -2.3550e+00 0.0000e+00 0.0000e+00 -2.3550e+00 8.8936e+00 0.0000e+00 0.0000e+00 0.0000e+00 0.0000e+00 6.9886e+00 8.8007e-01 0.0000e+00 0.0000e+00 -8.8007e-01 7.4055e+00 
72.0 9.8643e+00 -2.3561e+00 0.0000e+00 0.0000e+00 -2.3561e+00 8.6102e+00 0.0000e+00 0.0000e+00 0.0000e+00 0.0000e+00 6.6527e+00 9.0789e-01 0.0000e+00 0.0000e+00 -9.0789e-01 7.0814e+00 
73.0 9.5958e+00 -2.3560e+00 0.0000e+00 0.0000e+00 -2.3560e+00 8.3399e+00 0.0000e+00 0.0000e+00 0.0000e+00 0.0000e+00 6.3305e+00 9.3413e-01 0.0000e+00 0.0000e+00 -9.3413e-01 6.7709e+00 
74.0 9.3396e+00 -2.3545e+00 0.0000e+00 0.0000e+00 -2.3545e+00 8.0821e+00 0.0000e+00 0.0000e+00 0.0000e+00 0.0000e+00 6.0211e+00 9.5876e-01 0.0000e+00 0.0000e+00 -9.5876e-01 6.4733e+00 
75.0 9.0953e+00 -2.3518e+00 0.0000e+00 0.0000e+00 -2.3518e+00 7.8360e+00 0.0000e+00 0.0000e+00 0.0000e+00 0.0000e+00 5.7240e+00 9.8176e-01 0.0000e+00 0.0000e+00 -9.8176e-01 6.1880e+00 
76.0 8.8619e+00 -2.3477e+00 0.0000e+00 0.0000e+00 -2.3477e+00 7.6009e+00 0.0000e+00 0.0000e+00 0.0000e+00 0.0000e+00 5.4384e+00 1.0031e+00 0.0000e+00 0.0000e+00 -1.0031e+00 5.9141e+00 
77.0 8.6391e+00 -2.3423e+00 0.0000e+00 0.0000e+00 -2.3423e+00 7.3764e+00 0.0000e+00 0.0000e+00 0.0000e+00 0.0000e+00 5.1639e+00 1.0229e+00 0.0000e+00 0.0000e+00 -1.0229e+00 5.6512e+00 
78.0 8.4262e+00 -2.3357e+00 0.0000e+00 0.0000e+00 -2.3357e+00 7.1619e+00 0.0000e+00 0.0000e+00 0.0000e+00 0.0000e+00 4.8998e+00 1.0411e+00 0.0000e+00 0.0000e+00 -1.0411e+00 5.3986e+00 
79.0 8.2226e+00 -2.3277e+00 0.0000e+00 0.0000e+00 -2.3277e+00 6.9569e+00 0.0000e+00 0.0000e+00 0.0000e+00 0.0000e+00 4.6455e+00 1.0578e+00 0.0000e+00 0.0000e+00 -1.0578e+00 5.1558e+00 
80.0 8.0279e+00 -2.3186e+00 0.0000e+00 0.0000e+00 -2.3186e+00 6.7609e+00 0.0000e+00 0.0000e+00 0.0000e+00 0.0000e+00 4.4008e+00 1.0730e+00 0.0000e+00 0.0000e+00 -1.0730e+00 4.9224e+00 
81.0 7.8417e+00 -2.3081e+00 0.0000e+00 0.0000e+00 -2.3081e+00 6.5734e+00 0.0000e+00 0.0000e+00 0.0000e+00 0.0000e+00 4.1649e+00 1.0867e+00 0.0000e+00 0.0000e+00 -1.0867e+00 4.6977e+00 
82.0 7.6635e+00 -2.2965e+00 0.0000e+00 0.0000e+00 -2.2965e+00 6.3940e+00 0.0000e+00 0.0000e+00 0.0000e+00 0.0000e+00 3.9376e+00 1.0990e+00 0.0000e+00 0.0000e+00 -1.0990e+00 4.4814e+00 
83.0 7.4928e+00 -2.2837e+00 0.0000e+00 0.0000e+00 -2.2837e+00 6.2224e+00 0.0000e+00 0.0000e+00 0.0000e+00 0.0000e+00 3.7184e+00 1.1100e+00 0.0000e+00 0.0000e+00 -1.1100e+00 4.2730e+00 
84.0 7.3293e+00 -2.2698e+00 0.0000e+00 0.0000e+00 -2.2698e+00 6.0581e+00 0.0000e+00 0.0000e+00 0.0000e+00 0.0000e+00 3.5068e+00 1.1196e+00 0.0000e+00 0.0000e+00 -1.1196e+00 4.0722e+00 
85.0 7.1727e+00 -2.2548e+00 0.0000e+00 0.0000e+00 -2.2548e+00 5.9007e+00 0.0000e+00 0.0000e+00 0.0000e+00 0.0000e+00 3.3026e+00 1.1279e+00 0.0000e+00 0.0000e+00 -1.1279e+00 3.8785e+00 
86.0 7.0226e+00 -2.2387e+00 0.0000e+00 0.0000e+00 -2.2387e+00 5.7500e+00 0.0000e+00 0.0000e+00 0.0000e+00 0.0000e+00 3.1053e+00 1.1349e+00 0.0000e+00 0.0000e+00 -1.1349e+00 3.6917e+00 
87.0 6.8787e+00 -2.2216e+00 0.0000e+00 0.0000e+00 -2.2216e+00 5.6057e+00 0.0000e+00 0.0000e+00 0.0000e+00 0.0000e+00 2.9147e+00 1.1406e+00 0.0000e+00 0.0000e+00 -1.1406e+00 3.5113e+00 
88.0 6.7408e+00 -2.2035e+00 0.0000e+00 0.0000e+00 -2.2035e+00 5.4674e+00 0.0000e+00 0.0000e+00 0.0000e+00 0.0000e+00 2.7305e+00 1.1452e+00 0.0000e+00 0.0000e+00 -1.1452e+00 3.3372e+00 
89.0 6.6085e+00 -2.1845e+00 0.0000e+00 0.0000e+00 -2.1845e+00 5.3349e+00 0.0000e+00 0.0000e+00 0.0000e+00 0.0000e+00 2.5524e+00 1.1485e+00 0.0000e+00 0.0000e+00 -1.1485e+00 3.1690e+00 
90.0 6.4818e+00 -2.1644e+00 0.0000e+00 0.0000e+00 -2.1644e+00 5.2080e+00 0.0000e+00 0.0000e+00 0.0000e+00 0.0000e+00 2.3801e+00 1.1508e+00 0.0000e+00 0.0000e+00 -1.1508e+00 3.0064e+00 
91.0 6.3602e+00 -2.1435e+00 0.0000e+00 0.0000e+00 -2.1435e+00 5.0865e+00 0.0000e+00 0.0000e+00 0.0000e+00 0.0000e+00 2.2135e+00 1.1521e+00 0.0000e+00 0.0000e+00 -1.1521e+00 2.8492e+00 
92.0 6.2438e+00 -2.1216e+00 0.0000e+00 0.0000e+00 -2.1216e+00 4.9701e+00 0.0000e+00 0.0000e+00 0.0000e+00 0.0000e+00 2.0522e+00 1.1523e+00 0.0000e+00 0.0000e+00 -1.1523e+00 2.6971e+00 
93.0 6.1321e+00 -2.0989e+00 0.0000e+00 0.0000e+00 -2.0989e+00 4.8587e+00 0.0000e+00 0.0000e+00 0.0000e+00 0.0000e+00 1.8961e+00 1.1516e+00 0.0000e+00 0.0000e+00 -1.1516e+00 2.5500e+00 
94.0 6.0252e+00 -2.0754e+00 0.0000e+00 0.0000e+00 -2.0754e+00 4.7522e+00 0.0000e+00 0.0000e+00 0.0000e+00 0.0000e+00 1.7449e+00 1.1501e+00 0.0000e+00 0.0000e+00 -1.1501e+00 2.4075e+00 
95.0 5.9228e+00 -2.0511e+00 0.0000e+00 0.0000e+00 -2.0511e+00 4.6503e+00 0.0000e+00 0.0000e+00 0.0000e+00 0.0000e+00 1.5986e+00 1.1478e+00 0.0000e+00 0.0000e+00 -1.1478e+00 2.2695e+00 
96.0 5.8248e+00 -2.0260e+00 0.0000e+00 0.0000e+00 -2.0260e+00 4.5530e+00 0.0000e+00 0.0000e+00 0.0000e+00 0.0000e+00 1.4568e+00 1.1447e+00 0.0000e+00 0.0000e+00 -1.1447e+00 2.1359e+00 
97.0 5.7310e+00 -2.0001e+00 0.0000e+00 0.0000e+00 -2.0001e+00 4.4600e+00 0.0000e+00 0.0000e+00 0.0000e+00 0.0000e+00 1.3194e+00 1.1409e+00 0.0000e+00 0.0000e+00 -1.1409e+00 2.0063e+00 
98.0 5.6414e+00 -1.9736e+00 0.0000e+00 0.0000e+00 -1.9736e+00 4.3714e+00 0.0000e+00 0.0000e+00 0.0000e+00 0.0000e+00 1.1863e+00 1.1364e+00 0.0000e+00 0.0000e+00 -1.1364e+00 1.8808e+00 
99.0 5.5558e+00 -1.9462e+00 0.0000e+00 0.0000e+00 -1.9462e+00 4.2870e+00 0.0000e+00 0.0000e+00 0.0000e+00 0.0000e+00 1.0573e+00 1.1313e+00 0.0000e+00 0.0000e+00 -1.1313e+00 1.7590e+00 
100.0 5.4741e+00 -1.9182e+00 0.0000e+00 0.0000e+00 -1.9182e+00 4.2066e+00 0.0000e+00 0.0000e+00 0.0000e+00 0.0000e+00 9.3232e-01 1.1257e+00 0.0000e+00 0.0000e+00 -1.1257e+00 1.6409e+00 
101.0 5.3961e+00 -1.8894e+00 0.0000e+00 0.0000e+00 -1.8894e+00 4.1301e+00 0.0000e+00 0.0000e+00 0.0000e+00 0.0000e+00 8.1114e-01 1.1195e+00 0.0000e+00 0.0000e+00 -1.1195e+00 1.5264e+00 
102.0 5.3217e+00 -1.8600e+00 0.0000e+00 0.0000e+00 -1.8600e+00 4.0575e+00 0.0000e+00 0.0000e+00 0.0000e+00 0.0000e+00 6.9363e-01 1.1128e+00 0.0000e+00 0.0000e+00 -1.1128e+00 1.4151e+00 
103.0 5.2509e+00 -1.8299e+00 0.0000e+00 0.0000e+00 -1.8299e+00 3.9884e+00 0.0000e+00 0.0000e+00 0.0000e+00 0.0000e+00 5.7964e-01 1.1056e+00 0.0000e+00 0.0000e+00 -1.1056e+00 1.3071e+00 
104.0 5.1834e+00 -1.7992e+00 0.0000e+00 0.0000e+00 -1.7992e+00 3.9230e+00 0.0000e+00 0.0000e+00 0.0000e+00 0.0000e+00 4.6905e-01 1.0980e+00 0.0000e+00 0.0000e+00 -1.0980e+00 1.2021e+00 
105.0 5.1191e+00 -1.7678e+00 0.0000e+00 0.0000e+00 -1.7678e+00 3.8608e+00 0.0000e+00 0.0000e+00 0.0000e+00 0.0000e+00 3.6172e-01 1.0899e+00 0.0000e+00 0.0000e+00 -1.0899e+00 1.1000e+00 
106.0 5.0580e+00 -1.7359e+00 0.0000e+00 0.0000e+00 -1.7359e+00 3.8020e+00 0.0000e+00 0.0000e+00 0.0000e+00 0.0000e+00 2.5752e-01 1.0814e+00 0.0000e+00 0.0000e+00 -1.0814e+00 1.0008e+00 
107.0 4.9999e+00 -1.7033e+00 0.0000e+00 0.0000e+00 -1.7033e+00 3.7463e+00 0.0000e+00 0.0000e+00 0.0000e+00 0.0000e+00 1.5634e-01 1.0724e+00 0.0000e+00 0.0000e+00 -1.0724e+00 9.0421e-01 
108.0 4.9446e+00 -1.6700e+00 0.0000e+00 0.0000e+00 -1.6700e+00 3.6936e+00 0.0000e+00 0.0000e+00 0.0000e+00 0.0000e+00 5.8049e-02 1.0631e+00 0.0000e+00 0.0000e+00 -1.0631e+00 8.1021e-01 
109.0 4.8922e+00 -1.6362e+00 0.0000e+00 0.0000e+00 -1.6362e+00 3.6438e+00 0.0000e+00 0.0000e+00 0.0000e+00 0.0000e+00 -3.7448e-02 1.0533e+00 0.0000e+00 0.0000e+00 -1.0533e+00 7.1868e-01 
110.0 4.8424e+00 -1.6017e+00 0.0000e+00 0.0000e+00 -1.6017e+00 3.5969e+00 0.0000e+00 0.0000e+00 0.0000e+00 0.0000e+00 -1.3025e-01 1.0433e+00 0.0000e+00 0.0000e+00 -1.0433e+00 6.2953e-01 
111.0 4.7952e+00 -1.5666e+00 0.0000e+00 0.0000e+00 -1.5666e+00 3.5527e+00 0.0000e+00 0.0000e+00 0.0000e+00 0.0000e+00 -2.2045e-01 1.0330e+00 0.0000e+00 0.0000e+00 -1.0330e+00 5.4267e-01 
112.0 4.7506e+00 -1.5309e+00 0.0000e+00 0.0000e+00 -1.5309e+00 3.5111e+00 0.0000e+00 0.0000e+00 0.0000e+00 0.0000e+00 -3.0813e-01 1.0224e+00 0.0000e+00 0.0000e+00 -1.0224e+00 4.5801e-01 
113.0 4.7083e+00 -1.4946e+00 0.0000e+00 0.0000e+00 -1.4946e+00 3.4721e+00 0.0000e+00 0.0000e+00 0.0000e+00 0.0000e+00 -3.9340e-01 1.0115e+00 0.0000e+00 0.0000e+00 -1.0115e+00 3.7545e-01 
114.0 4.6683e+00 -1.4579e+00 0.0000e+00 0.0000e+00 -1.4579e+00 3.4355e+00 0.0000e+00 0.0000e+00 0.0000e+00 0.0000e+00 -4.7633e-01 1.0005e+00 0.0000e+00 0.0000e+00 -1.0005e+00 2.9492e-01 
115.0 4.6305e+00 -1.4207e+00 0.0000e+00 0.0000e+00 -1.4207e+00 3.4013e+00 0.0000e+00 0.0000e+00 0.0000e+00 0.0000e+00 -5.5698e-01 9.8938e-01 0.0000e+00 0.0000e+00 -9.8938e-01 2.1636e-01 
116.0 4.5949e+00 -1.3831e+00 0.0000e+00 0.0000e+00 -1.3831e+00 3.3694e+00 0.0000e+00 0.0000e+00 0.0000e+00 0.0000e+00 -6.3544e-01 9.7812e-01 0.0000e+00 0.0000e+00 -9.7812e-01 1.3970e-01 
117.0 4.5615e+00 -1.3451e+00 0.0000e+00 0.0000e+00 -1.3451e+00 3.3398e+00 0.0000e+00 0.0000e+00 0.0000e+00 0.0000e+00 -7.1176e-01 9.6677e-01 0.0000e+00 0.0000e+00 -9.6677e-01 6.4884e-02 
118.0 4.5301e+00 -1.3068e+00 0.0000e+00 0.0000e+00 -1.3068e+00 3.3123e+00 0.0000e+00 0.0000e+00 0.0000e+00 0.0000e+00 -7.8601e-01 9.5536e-01 0.0000e+00 0.0000e+00 -9.5536e-01 -8.1165e-03 
119.0 4.5008e+00 -1.2682e+00 0.0000e+00 0.0000e+00 -1.2682e+00 3.2869e+00 0.0000e+00 0.0000e+00 0.0000e+00 0.0000e+00 -8.5825e-01 9.4390e-01 0.0000e+00 0.0000e+00 -9.4390e-01 -7.9342e-02 
120.0 4.4735e+00 -1.2293e+00 0.0000e+00 0.0000e+00 -1.2293e+00 3.2635e+00 0.0000e+00 0.0000e+00 0.0000e+00 0.0000e+00 -9.2855e-01 9.3239e-01 0.0000e+00 0.0000e+00 -9.3239e-01 -1.4882e-01 
121.0 4.4481e+00 -1.1903e+00 0.0000e+00 0.0000e+00 -1.1903e+00 3.2420e+00 0.0000e+00 0.0000e+00 0.0000e+00 0.0000e+00 -9.9698e-01 9.2084e-01 0.0000e+00 0.0000e+00 -9.2084e-01 -2.1660e-01 
122.0 4.4245e+00 -1.1512e+00 0.0000e+00 0.0000e+00 -1.1512e+00 3.2224e+00 0.0000e+00 0.0000e+00 0.0000e+00 0.0000e+00 -1.0636e+00 9.0922e-01 0.0000e+00 0.0000e+00 -9.0922e-01 -2.8271e-01 
123.0 4.4028e+00 -1.1119e+00 0.0000e+00 0.0000e+00 -1.1119e+00 3.2045e+00 0.0000e+00 0.0000e+00 0.0000e+00 0.0000e+00 -1.1285e+00 8.9754e-01 0.0000e+00 0.0000e+00 -8.9754e-01 -3.4718e-01 
124.0 4.3829e+00 -1.0726e+00 0.0000e+00 0.0000e+00 -1.0726e+00 3.1883e+00 0.0000e+00 0.0000e+00 0.0000e+00 0.0000e+00 -1.1918e+00 8.8577e-01 0.0000e+00 0.0000e+00 -8.8577e-01 -4.1007e-01 
125.0 4.3647e+00 -1.0333e+00 0.0000e+00 0.0000e+00 -1.0333e+00 3.1737e+00 0.0000e+00 0.0000e+00 0.0000e+00 0.0000e+00 -1.2536e+00 8.7393e-01 0.0000e+00 0.0000e+00 -8.7393e-01 -4.7142e-01 
126.0 4.3482e+00 -9.9394e-01 0.0000e+00 0.0000e+00 -9.9394e-01 3.1607e+00 0.0000e+00 0.0000e+00 0.0000e+00 0.0000e+00 -1.3138e+00 8.6200e-01 0.0000e+00 0.0000e+00 -8.6200e-01 -5.3128e-01 
127.0 4.3334e+00 -9.5471e-01 0.0000e+00 0.0000e+00 -9.5471e-01 3.1491e+00 0.0000e+00 0.0000e+00 0.0000e+00 0.0000e+00 -1.3726e+00 8.4999e-01 0.0000e+00 0.0000e+00 -8.4999e-01 -5.8969e-01 
128.0 4.3202e+00 -9.1561e-01 0.0000e+00 0.0000e+00 -9.1561e-01 3.1390e+00 0.0000e+00 0.0000e+00 0.0000e+00 0.0000e+00 -1.4300e+00 8.3786e-01 0.0000e+00 0.0000e+00 -8.3786e-01 -6.4670e-01 
129.0 4.3085e+00 -8.7671e-01 0.0000e+00 0.0000e+00 -8.7671e-01 3.1302e+00 0.0000e+00 0.0000e+00 0.0000e+00 0.0000e+00 -1.4861e+00 8.2559e-01 0.0000e+00 0.0000e+00 -8.2559e-01 -7.0237e-01 
130.0 4.2984e+00 -8.3804e-01 0.0000e+00 0.0000e+00 -8.3804e-01 3.1228e+00 0.0000e+00 0.0000e+00 0.0000e+00 0.0000e+00 -1.5409e+00 8.1312e-01 0.0000e+00 0.0000e+00 -8.1312e-01 -7.5674e-01 
131.0 4.2897e+00 -7.9961e-01 0.0000e+00 0.0000e+00 -7.9961e-01 3.1166e+00 0.0000e+00 0.0000e+00 0.0000e+00 0.0000e+00 -1.5944e+00 8.0042e-01 0.0000e+00 0.0000e+00 -8.0042e-01 -8.0988e-01 
132.0 4.2824e+00 -7.6142e-01 0.0000e+00 0.0000e+00 -7.6142e-01 3.1117e+00 0.0000e+00 0.0000e+00 0.0000e+00 0.0000e+00 -1.6468e+00 7.8743e-01 0.0000e+00 0.0000e+00 -7.8743e-01 -8.6183e-01 
133.0 4.2765e+00 -7.2345e-01 0.0000e+00 0.0000e+00 -7.2345e-01 3.1081e+00 0.0000e+00 0.0000e+00 0.0000e+00 0.0000e+00 -1.6979e+00 7.7414e-01 0.0000e+00 0.0000e+00 -7.7414e-01 -9.1264e-01 
134.0 4.2719e+00 -6.8568e-01 0.0000e+00 0.0000e+00 -6.8568e-01 3.1058e+00 0.0000e+00 0.0000e+00 0.0000e+00 0.0000e+00 -1.7478e+00 7.6050e-01 0.0000e+00 0.0000e+00 -7.6050e-01 -9.6238e-01 
135.0 4.2685e+00 -6.4809e-01 0.0000e+00 0.0000e+00 -6.4809e-01 3.1047e+00 0.0000e+00 0.0000e+00 0.0000e+00 0.0000e+00 -1.7965e+00 7.4649e-01 0.0000e+00 0.0000e+00 -7.4649e-01 -1.0111e+00 
136.0 4.2663e+00 -6.1067e-01 0.0000e+00 0.0000e+00 -6.1067e-01 3.1049e+00 0.0000e+00 0.0000e+00 0.0000e+00 0.0000e+00 -1.8441e+00 7.3207e-01 0.0000e+00 0.0000e+00 -7.3207e-01 -1.0589e+00 
137.0 4.2654e+00 -5.7339e-01 0.0000e+00 0.0000e+00 -5.7339e-01 3.1064e+00 0.0000e+00 0.0000e+00 0.0000e+00 0.0000e+00 -1.8906e+00 7.1720e-01 0.0000e+00 0.0000e+00 -7.1720e-01 -1.1058e+00 
138.0 4.2656e+00 -5.3623e-01 0.0000e+00 0.0000e+00 -5.3623e-01 3.1092e+00 0.0000e+00 0.0000e+00 0.0000e+00 0.0000e+00 -1.9360e+00 7.0187e-01 0.0000e+00 0.0000e+00 -7.0187e-01 -1.1519e+00 
139.0 4.2669e+00 -4.9915e-01 0.0000e+00 0.0000e+00 -4.9915e-01 3.1134e+00 0.0000e+00 0.0000e+00 0.0000e+00 0.0000e+00 -1.9803e+00 6.8609e-01 0.0000e+00 0.0000e+00 -6.8609e-01 -1.1973e+00 
140.0 4.2696e+00 -4.6213e-01 0.0000e+00 0.0000e+00 -4.6213e-01 3.1190e+00 0.0000e+00 0.0000e+00 0.0000e+00 0.0000e+00 -2.0237e+00 6.6989e-01 0.0000e+00 0.0000e+00 -6.6989e-01 -1.2420e+00 
141.0 4.2736e+00 -4.2514e-01 0.0000e+00 0.0000e+00 -4.2514e-01 3.1262e+00 0.0000e+00 0.0000e+00 0.0000e+00 0.0000e+00 -2.0661e+00 6.5334e-01 0.0000e+00 0.0000e+00 -6.5334e-01 -1.2861e+00 
142.0 4.2790e+00 -3.8817e-01 0.0000e+00 0.0000e+00 -3.8817e-01 3.1349e+00 0.0000e+00 0.0000e+00 0.0000e+00 0.0000e+00 -2.1077e+00 6.3651e-01 0.0000e+00 0.0000e+00 -6.3651e-01 -1.3295e+00 
143.0 4.2859e+00 -3.5124e-01 0.0000e+00 0.0000e+00 -3.5124e-01 3.1453e+00 0.0000e+00 0.0000e+00 0.0000e+00 0.0000e+00 -2.1483e+00 6.1948e-01 0.0000e+00 0.0000e+00 -6.1948e-01 -1.3724e+00 
144.0 4.2943e+00 -3.1438e-01 0.0000e+00 0.0000e+00 -3.1438e-01 3.1574e+00 0.0000e+00 0.0000e+00 0.0000e+00 0.0000e+00 -2.1881e+00 6.0225e-01 0.0000e+00 0.0000e+00 -6.0225e-01 -1.4147e+00 
145.0 4.3042e+00 -2.7760e-01 0.0000e+00 0.0000e+00 -2.7760e-01 3.1711e+00 0.0000e+00 0.0000e+00 0.0000e+00 0.0000e+00 -2.2270e+00 5.8484e-01 0.0000e+00 0.0000e+00 -5.8484e-01 -1.4564e+00 
146.0 4.3156e+00 -2.4094e-01 0.0000e+00 0.0000e+00 -2.4094e-01 3.1864e+00 0.0000e+00 0.0000e+00 0.0000e+00 0.0000e+00 -2.2651e+00 5.6722e-01 0.0000e+00 0.0000e+00 -5.6722e-01 -1.4976e+00 
147.0 4.3287e+00 -2.0438e-01 0.0000e+00 0.0000e+00 -2.0438e-01 3.2036e+00 0.0000e+00 0.0000e+00 0.0000e+00 0.0000e+00 -2.3025e+00 5.4937e-01 0.0000e+00 0.0000e+00 -5.4937e-01 -1.5382e+00 
148.0 4.3436e+00 -1.6791e-01 0.0000e+00 0.0000e+00 -1.6791e-01 3.2226e+00 0.0000e+00 0.0000e+00 0.0000e+00 0.0000e+00 -2.3391e+00 5.3127e-01 0.0000e+00 0.0000e+00 -5.3127e-01 -1.5784e+00 
149.0 4.3603e+00 -1.3149e-01 0.0000e+00 0.0000e+00 -1.3149e-01 3.2437e+00 0.0000e+00 0.0000e+00 0.0000e+00 0.0000e+00 -2.3750e+00 5.1294e-01 0.0000e+00 0.0000e+00 -5.1294e-01 -1.6181e+00 
150.0 4.3791e+00 -9.5129e-02 0.0000e+00 0.0000e+00 -9.5129e-02 3.2670e+00 0.0000e+00 0.0000e+00 0.0000e+00 0.0000e+00 -2.4103e+00 4.9435e-01 0.0000e+00 0.0000e+00 -4.9435e-01 -1.6574e+00 
151.0 4.3999e+00 -5.8868e-02 0.0000e+00 0.0000e+00 -5.8868e-02 3.2925e+00 0.0000e+00 0.0000e+00 0.0000e+00 0.0000e+00 -2.4451e+00 4.7540e-01 0.0000e+00 0.0000e+00 -4.7540e-01 -1.6965e+00 
152.0 4.4227e+00 -2.2818e-02 0.0000e+00 0.0000e+00 -2.2818e-02 3.3202e+00 0.0000e+00 0.0000e+00 0.0000e+00 0.0000e+00 -2.4794e+00 4.5589e-01 0.0000e+00 0.0000e+00 -4.5589e-01 -1.7355e+00 
153.0 4.4473e+00 1.2832e-02 0.0000e+00 0.0000e+00 1.2832e-02 3.3497e+00 0.0000e+00 0.0000e+00 0.0000e+00 0.0000e+00 -2.5136e+00 4.3550e-01 0.0000e+00 0.0000e+00 -4.3550e-01 -1.7746e+00 
154.0 4.4734e+00 4.7810e-02 0.0000e+00 0.0000e+00 4.7810e-02 3.3809e+00 0.0000e+00 0.0000e+00 0.0000e+00 0.0000e+00 -2.5477e+00 4.1381e-01 0.0000e+00 0.0000e+00 -4.1381e-01 -1.8138e+00 
155.0 4.5007e+00 8.1753e-02 0.0000e+00 0.0000e+00 8.1753e-02 3.4133e+00 0.0000e+00 0.0000e+00 0.0000e+00 0.0000e+00 -2.5820e+00 3.9034e-01 0.0000e+00 0.0000e+00 -3.9034e-01 -1.8534e+00 
156.0 4.5290e+00 1.1420e-01 0.0000e+00 0.0000e+00 1.1420e-01 3.4469e+00 0.0000e+00 0.0000e+00 0.0000e+00 0.0000e+00 -2.6168e+00 3.6453e-01 0.0000e+00 0.0000e+00 -3.6453e-01 -1.8934e+00 
157.0 4.5578e+00 1.4460e-01 0.0000e+00 0.0000e+00 1.4460e-01 3.4811e+00 0.0000e+00 0.0000e+00 0.0000e+00 0.0000e+00 -2.6522e+00 3.3571e-01 0.0000e+00 0.0000e+00 -3.3571e-01 -1.9339e+00 
158.0 4.5865e+00 1.7232e-01 0.0000e+00 0.0000e+00 1.7232e-01 3.5153e+00 0.0000e+00 0.0000e+00 0.0000e+00 0.0000e+00 -2.6887e+00 3.0313e-01 0.0000e+00 0.0000e+00 -3.0313e-01 -1.9751e+00 
159.0 4.6148e+00 1.9671e-01 0.0000e+00 0.0000e+00 1.9671e-01 3.5486e+00 0.0000e+00 0.0000e+00 0.0000e+00 0.0000e+00 -2.7265e+00 2.6597e-01 0.0000e+00 0.0000e+00 -2.6597e-01 -2.0168e+00 
160.0 4.6421e+00 2.1717e-01 0.0000e+00 0.0000e+00 2.1717e-01 3.5800e+00 0.0000e+00 0.0000e+00 0.0000e+00 0.0000e+00 -2.7662e+00 2.2346e-01 0.0000e+00 0.0000e+00 -2.2346e-01 -2.0591e+00 
161.0 4.6686e+00 2.3321e-01 0.0000e+00 0.0000e+00 2.3321e-01 3.6088e+00 0.0000e+00 0.0000e+00 0.0000e+00 0.0000e+00 -2.8085e+00 1.7505e-01 0.0000e+00 0.0000e+00 -1.7505e-01 -2.1019e+00 
162.0 4.6949e+00 2.4445e-01 0.0000e+00 0.0000e+00 2.4445e-01 3.6349e+00 0.0000e+00 0.0000e+00 0.0000e+00 0.0000e+00 -2.8543e+00 1.2055e-01 0.0000e+00 0.0000e+00 -1.2055e-01 -2.1450e+00 
163.0 4.7223e+00 2.5059e-01 0.0000e+00 0.0000e+00 2.5059e-01 3.6587e+00 0.0000e+00 0.0000e+00 0.0000e+00 0.0000e+00 -2.9048e+00 6.0243e-02 0.0000e+00 0.0000e+00 -6.0243e-02 -2.1883e+00 
164.0 4.7525e+00 2.5139e-01 0.0000e+00 0.0000e+00 2.5139e-01 3.6807e+00 0.0000e+00 0.0000e+00 0.0000e+00 0.0000e+00 -2.9613e+00 -5.0309e-03 0.0000e+00 0.0000e+00 5.0309e-03 -2.2314e+00 
165.0 4.7880e+00 2.4664e-01 0.0000e+00 0.0000e+00 2.4664e-01 3.7018e+00 0.0000e+00 0.0000e+00 0.0000e+00 0.0000e+00 -3.0254e+00 -7.3875e-02 0.0000e+00 0.0000e+00 7.3875e-02 -2.2741e+00 
166.0 4.8318e+00 2.3628e-01 0.0000e+00 0.0000e+00 2.3628e-01 3.7231e+00 0.0000e+00 0.0000e+00 0.0000e+00 0.0000e+00 -3.0989e+00 -1.4440e-01 0.0000e+00 0.0000e+00 1.4440e-01 -2.3156e+00 
167.0 4.8877e+00 2.2033e-01 0.0000e+00 0.0000e+00 2.2033e-01 3.7465e+00 0.0000e+00 0.0000e+00 0.0000e+00 0.0000e+00 -3.1836e+00 -2.1409e-01 0.0000e+00 0.0000e+00 2.1409e-01 -2.3555e+00 
168.0 4.9600e+00 1.9905e-01 0.0000e+00 0.0000e+00 1.9905e-01 3.7741e+00 0.0000e+00 0.0000e+00 0.0000e+00 0.0000e+00 -3.2816e+00 -2.7970e-01 0.0000e+00 0.0000e+00 2.7970e-01 -2.3928e+00 
169.0 5.0542e+00 1.7302e-01 0.0000e+00 0.0000e+00 1.7302e-01 3.8088e+00 0.0000e+00 0.0000e+00 0.0000e+00 0.0000e+00 -3.3949e+00 -3.3714e-01 0.0000e+00 0.0000e+00 3.3714e-01 -2.4266e+00 
170.0 5.1762e+00 1.4332e-01 0.0000e+00 0.0000e+00 1.4332e-01 3.8541e+00 0.0000e+00 0.0000e+00 0.0000e+00 0.0000e+00 -3.5249e+00 -3.8143e-01 0.0000e+00 0.0000e+00 3.8143e-01 -2.4556e+00 
171.0 5.3321e+00 1.1165e-01 0.0000e+00 0.0000e+00 1.1165e-01 3.9143e+00 0.0000e+00 0.0000e+00 0.0000e+00 0.0000e+00 -3.6723e+00 -4.0700e-01 0.0000e+00 0.0000e+00 4.0700e-01 -2.4786e+00 
172.0 5.5267e+00 8.0286e-02 0.0000e+00 0.0000e+00 8.0286e-02 3.9934e+00 0.0000e+00 0.0000e+00 0.0000e+00 0.0000e+00 -3.8363e+00 -4.0848e-01 0.0000e+00 0.0000e+00 4.0848e-01 -2.4944e+00 
173.0 5.7612e+00 5.1843e-02 0.0000e+00 0.0000e+00 5.1843e-02 4.0943e+00 0.0000e+00 0.0000e+00 0.0000e+00 0.0000e+00 -4.0133e+00 -3.8217e-01 0.0000e+00 0.0000e+00 3.8217e-01 -2.5024e+00 
174.0 6.0301e+00 2.8763e-02 0.0000e+00 0.0000e+00 2.8763e-02 4.2165e+00 0.0000e+00 0.0000e+00 0.0000e+00 0.0000e+00 -4.1971e+00 -3.2799e-01 0.0000e+00 0.0000e+00 3.2799e-01 -2.5028e+00 
175.0 6.3180e+00 1.2641e-02 0.0000e+00 0.0000e+00 1.2641e-02 4.3538e+00 0.0000e+00 0.0000e+00 0.0000e+00 0.0000e+00 -4.3776e+00 -2.5127e-01 0.0000e+00 0.0000e+00 2.5127e-01 -2.4968e+00 
176.0 6.5989e+00 3.6207e-03 0.0000e+00 0.0000e+00 3.6207e-03 4.4932e+00 0.0000e+00 0.0000e+00 0.0000e+00 0.0000e+00 -4.5415e+00 -1.6351e-01 0.0000e+00 0.0000e+00 1.6351e-01 -2.4868e+00 
177.0 6.8387e+00 2.3693e-04 0.0000e+00 0.0000e+00 2.3693e-04 4.6159e+00 0.0000e+00 0.0000e+00 0.0000e+00 0.0000e+00 -4.6741e+00 -8.1153e-02 0.0000e+00 0.0000e+00 8.1153e-02 -2.4759e+00 
178.0 7.0018e+00 -9.2018e-05 0.0000e+00 0.0000e+00 -9.2018e-05 4.7012e+00 0.0000e+00 0.0000e+00 0.0000e+00 0.0000e+00 -4.7610e+00 -2.2007e-02 0.0000e+00 0.0000e+00 2.2007e-02 -2.4676e+00 
179.0 7.0609e+00 -1.5607e-20 0.0000e+00 0.0000e+00 -1.5607e-20 4.7325e+00 0.0000e+00 0.0000e+00 0.0000e+00 0.0000e+00 -4.7920e+00 -3.3156e-19 0.0000e+00 0.0000e+00 3.3156e-19 -2.4645e+00 
180.0 7.1198e+00 0.0000e+00 0.0000e+00 0.0000e+00 0.0000e+00 4.7628e+00 0.0000e+00 0.0000e+00 0.0000e+00 0.0000e+00 -4.8221e+00 0.0000e+00 0.0000e+00 0.0000e+00 -0.0000e+00 -2.4614e+00 
