1.7063 1.7784 0.0721 0.033574
theta s11 s12 s13 s14 s21 s22 s23 s24 s31 s32 s33 s34 s41 s42 s43 s44
0.0 2.4368e+03 0.0000e+00 0.0000e+00 0.0000e+00 0.0000e+00 2.4347e+03 0.0000e+00 0.0000e+00 0.0000e+00 0.0000e+00 2.4347e+03 0.0000e+00 0.0000e+00 0.0000e+00 -0.0000e+00 2.4326e+03 
1.0 2.0513e+03 -1.3371e-01 0.0000e+00 0.0000e+00 -1.3371e-01 2.0492e+03 0.0000e+00 0.0000e+00 0.0000e+00 0.0000e+00 2.0492e+03 -8.6004e-01 0.0000e+00 0.0000e+00 8.6004e-01 2.0471e+03 
2.0 1.4255e+03 -2.7560e-01 0.0000e+00 0.0000e+00 -2.7560e-01 1.4234e+03 0.0000e+00 0.0000e+00 0.0000e+00 0.0000e+00 1.4234e+03 -2.7430e+00 0.0000e+00 0.0000e+00 2.7430e+00 1.4213e+03 
3.0 9.7196e+02 -3.1612e-01 0.0000e+00 0.0000e+00 -3.1612e-01 9.6990e+02 0.0000e+00 0.0000e+00 0.0000e+00 0.0000e+00 9.6985e+02 -4.3956e+00 0.0000e+00 0.0000e+00 4.3956e+00 9.6783e+02 
4.0 6.9458e+02 -3.4793e-01 0.0000e+00 0.0000e+00 -3.4793e-01 6.9255e+02 0.0000e+00 0.0000e+00 0.0000e+00 0.0000e+00 6.9246e+02 -5.2425e+00 0.0000e+00 0.0000e+00 5.2425e+00 6.9047e+02 
5.0 5.2839e+02 -4.1247e-01 0.0000e+00 0.0000e+00 -4.1247e-01 5.2639e+02 0.0000e+00 0.0000e+00 0.0000e+00 0.0000e+00 5.2625e+02 -5.4571e+00 0.0000e+00 0.0000e+00 5.4571e+00 5.2431e+02 
6.0 4.2563e+02 -5.1006e-01 0.0000e+00 0.0000e+00 -5.1006e-01 4.2365e+02 0.0000e+00 0.0000e+00 0.0000e+00 0.0000e+00 4.2347e+02 -5.3568e+00 0.0000e+00 0.0000e+00 5.3568e+00 4.2158e+02 
7.0 3.5891e+02 -6.3579e-01 0.0000e+00 0.0000e+00 -6.3579e-01 3.5695e+02 0.0000e+00 0.0000e+00 0.0000e+00 0.0000e+00 3.5674e+02 -5.1268e+00 0.0000e+00 0.0000e+00 5.1268e+00 3.5489e+02 
8.0 3.1331e+02 -7.8308e-01 0.0000e+00 0.0000e+00 -7.8308e-01 3.1137e+02 0.0000e+00 0.0000e+00 0.0000e+00 0.0000e+00 3.1113e+02 -4.8629e+00 0.0000e+00 0.0000e+00 4.8629e+00 3.0932e+02 
9.0 2.8053e+02 -9.4601e-01 0.0000e+00 0.0000e+00 -9.4601e-01 2.7859e+02 0.0000e+00 0.0000e+00 0.0000e+00 0.0000e+00 2.7833e+02 -4.6127e+00 0.0000e+00 0.0000e+00 4.6127e+00 2.7657e+02 
10.0 2.5578e+02 -1.1204e+00 0.0000e+00 0.0000e+00 -1.1204e+00 2.5386e+02 0.0000e+00 0.0000e+00 0.0000e+00 0.0000e+00 2.5358e+02 -4.3944e+00 0.0000e+00 0.0000e+00 4.3944e+00 2.5186e+02 
11.0 2.3629e+02 -1.3037e+00 0.0000e+00 0.0000e+00 -1.3037e+00 2.3438e+02 0.0000e+00 0.0000e+00 0.0000e+00 0.0000e+00 2.3408e+02 -4.2141e+00 0.0000e+00 0.0000e+00 4.2141e+00 2.3240e+02 
12.0 2.2034e+02 -1.4941e+00 0.0000e+00 0.0000e+00 -1.4941e+00 2.1842e+02 0.0000e+00 0.0000e+00 0.0000e+00 0.0000e+00 2.1812e+02 -4.0706e+00 0.0000e+00 0.0000e+00 4.0706e+00 2.1648e+02 
13.0 2.0685e+02 -1.6911e+00 0.0000e+00 0.0000e+00 -1.6911e+00 2.0495e+02 0.0000e+00 0.0000e+00 0.0000e+00 0.0000e+00 2.0462e+02 -3.9575e+00 0.0000e+00 0.0000e+00 3.9575e+00 2.0303e+02 
14.0 1.9515e+02 -1.8925e+00 0.0000e+00 0.0000e+00 -1.8925e+00 1.9325e+02 0.0000e+00 0.0000e+00 0.0000e+00 0.0000e+00 1.9291e+02 -3.8734e+00 0.0000e+00 0.0000e+00 3.8734e+00 1.9136e+02 
15.0 1.8479e+02 -2.0985e+00 0.0000e+00 0.0000e+00 -2.0985e+00 1.8289e+02 0.0000e+00 0.0000e+00 0.0000e+00 0.0000e+00 1.8253e+02 -3.8067e+00 0.0000e+00 0.0000e+00 3.8067e+00 1.8102e+02 
16.0 1.7545e+02 -2.3075e+00 0.0000e+00 0.0000e+00 -2.3075e+00 1.7356e+02 0.0000e+00 0.0000e+00 0.0000e+00 0.0000e+00 1.7318e+02 -3.7532e+00 0.0000e+00 0.0000e+00 3.7532e+00 1.7171e+02 
17.0 1.6692e+02 -2.5181e+00 0.0000e+00 0.0000e+00 -2.5181e+00 1.6504e+02 0.0000e+00 0.0000e+00 0.0000e+00 0.0000e+00 1.6464e+02 -3.7102e+00 0.0000e+00 0.0000e+00 3.7102e+00 1.6321e+02 
18.0 1.5904e+02 -2.7295e+00 0.0000e+00 0.0000e+00 -2.7295e+00 1.5717e+02 0.0000e+00 0.0000e+00 0.0000e+00 0.0000e+00 1.5674e+02 -3.6746e+00 0.0000e+00 0.0000e+00 3.6746e+00 1.5536e+02 
19.0 1.5171e+02 -2.9412e+00 0.0000e+00 0.0000e+00 -2.9412e+00 1.4985e+02 0.0000e+00 0.0000e+00 0.0000e+00 0.0000e+00 1.4984e+02 -3.6425e+00 0.0000e+00 0.0000e+00 3.6425e+00 1.4851e+02 
20.0 1.4485e+02 -3.1534e+00 0.0000e+00 0.0000e+00 -3.1534e+00 1.4299e+02 0.0000e+00 0.0000e+00 0.0000e+00 0.0000e+00 1.4337e+02 -3.6120e+00 0.0000e+00 0.0000e+00 3.6120e+00 1.4208e+02 
21.0 1.3840e+02 -3.3659e+00 0.0000e+00 0.0000e+00 -3.3659e+00 1.3654e+02 0.0000e+00 0.0000e+00 0.0000e+00 0.0000e+00 1.3728e+02 -3.5826e+00 0.0000e+00 0.0000e+00 3.5826e+00 1.3603e+02 
22.0 1.3231e+02 -3.5780e+00 0.0000e+00 0.0000e+00 -3.5780e+00 1.3046e+02 0.0000e+00 0.0000e+00 0.0000e+00 0.0000e+00 1.3152e+02 -3.5541e+00 0.0000e+00 0.0000e+00 3.5541e+00 1.3031e+02 
23.0 1.2655e+02 -3.7890e+00 0.0000e+00 0.0000e+00 -3.7890e+00 1.2471e+02 0.0000e+00 0.0000e+00 0.0000e+00 0.0000e+00 1.2607e+02 -3.5250e+00 0.0000e+00 0.0000e+00 3.5250e+00 1.2490e+02 
24.0 1.2108e+02 -3.9980e+00 0.0000e+00 0.0000e+00 -3.9980e+00 1.1925e+02 0.0000e+00 0.0000e+00 0.0000e+00 0.0000e+00 1.2088e+02 -3.4935e+00 0.0000e+00 0.0000e+00 3.4935e+00 1.1975e+02 
25.0 1.1588e+02 -4.2046e+00 0.0000e+00 0.0000e+00 -4.2046e+00 1.1406e+02 0.0000e+00 0.0000e+00 0.0000e+00 0.0000e+00 1.1594e+02 -3.4582e+00 0.0000e+00 0.0000e+00 3.4582e+00 1.1484e+02 
26.0 1.1094e+02 -4.4081e+00 0.0000e+00 0.0000e+00 -4.4081e+00 1.0913e+02 0.0000e+00 0.0000e+00 0.0000e+00 0.0000e+00 1.1124e+02 -3.4184e+00 0.0000e+00 0.0000e+00 3.4184e+00 1.1017e+02 
27.0 1.0624e+02 -4.6083e+00 0.0000e+00 0.0000e+00 -4.6083e+00 1.0443e+02 0.0000e+00 0.0000e+00 0.0000e+00 0.0000e+00 1.0675e+02 -3.3743e+00 0.0000e+00 0.0000e+00 3.3743e+00 1.0571e+02 
28.0 1.0175e+02 -4.8045e+00 0.0000e+00 0.0000e+00 -4.8045e+00 9.9951e+01 0.0000e+00 0.0000e+00 0.0000e+00 0.0000e+00 1.0246e+02 -3.3262e+00 0.0000e+00 0.0000e+00 3.3262e+00 1.0146e+02 
29.0 9.7465e+01 -4.9962e+00 0.0000e+00 0.0000e+00 -4.9962e+00 9.5676e+01 0.0000e+00 0.0000e+00 0.0000e+00 0.0000e+00 9.8354e+01 -3.2744e+00 0.0000e+00 0.0000e+00 3.2744e+00 9.7386e+01 
30.0 9.3373e+01 -5.1831e+00 0.0000e+00 0.0000e+00 -5.1831e+00 9.1593e+01 0.0000e+00 0.0000e+00 0.0000e+00 0.0000e+00 9.4428e+01 -3.2190e+00 0.0000e+00 0.0000e+00 3.2190e+00 9.3490e+01 
31.0 8.9463e+01 -5.3648e+00 0.0000e+00 0.0000e+00 -5.3648e+00 8.7692e+01 0.0000e+00 0.0000e+00 0.0000e+00 0.0000e+00 9.0305e+01 -3.1601e+00 0.0000e+00 0.0000e+00 3.1601e+00 8.9404e+01 
32.0 8.5725e+01 -5.5410e+00 0.0000e+00 0.0000e+00 -5.5410e+00 8.3963e+01 0.0000e+00 0.0000e+00 0.0000e+00 0.0000e+00 8.6363e+01 -3.0981e+00 0.0000e+00 0.0000e+00 3.0981e+00 8.5498e+01 
33.0 8.2152e+01 -5.7112e+00 0.0000e+00 0.0000e+00 -5.7112e+00 8.0399e+01 0.0000e+00 0.0000e+00 0.0000e+00 0.0000e+00 8.2592e+01 -3.0333e+00 0.0000e+00 0.0000e+00 3.0333e+00 8.1762e+01 
34.0 7.8734e+01 -5.8751e+00 0.0000e+00 0.0000e+00 -5.8751e+00 7.6991e+01 0.0000e+00 0.0000e+00 0.0000e+00 0.0000e+00 7.8985e+01 -2.9660e+00 0.0000e+00 0.0000e+00 2.9660e+00 7.8189e+01 
35.0 7.5467e+01 -6.0324e+00 0.0000e+00 0.0000e+00 -6.0324e+00 7.3732e+01 0.0000e+00 0.0000e+00 0.0000e+00 0.0000e+00 7.5532e+01 -2.8962e+00 0.0000e+00 0.0000e+00 2.8962e+00 7.4770e+01 
36.0 7.2342e+01 -6.1830e+00 0.0000e+00 0.0000e+00 -6.1830e+00 7.0617e+01 0.0000e+00 0.0000e+00 0.0000e+00 0.0000e+00 7.2227e+01 -2.8240e+00 0.0000e+00 0.0000e+00 2.8240e+00 7.1498e+01 
37.0 6.9356e+01 -6.3270e+00 0.0000e+00 0.0000e+00 -6.3270e+00 6.7640e+01 0.0000e+00 0.0000e+00 0.0000e+00 0.0000e+00 6.9064e+01 -2.7493e+00 0.0000e+00 0.0000e+00 2.7493e+00 6.8367e+01 
38.0 6.6502e+01 -6.4646e+00 0.0000e+00 0.0000e+00 -6.4646e+00 6.4796e+01 0.0000e+00 0.0000e+00 0.0000e+00 0.0000e+00 6.6036e+01 -2.6723e+00 0.0000e+00 0.0000e+00 2.6723e+00 6.5371e+01 
39.0 6.3776e+01 -6.5960e+00 0.0000e+00 0.0000e+00 -6.5960e+00 6.2080e+01 0.0000e+00 0.0000e+00 0.0000e+00 0.0000e+00 6.3139e+01 -2.5933e+00 0.0000e+00 0.0000e+00 2.5933e+00 6.2504e+01 
40.0 6.1172e+01 -6.7211e+00 0.0000e+00 0.0000e+00 -6.7211e+00 5.9486e+01 0.0000e+00 0.0000e+00 0.0000e+00 0.0000e+00 6.0368e+01 -2.5129e+00 0.0000e+00 0.0000e+00 2.5129e+00 5.9763e+01 
41.0 5.8684e+01 -6.8396e+00 0.0000e+00 0.0000e+00 -6.8396e+00 5.7008e+01 0.0000e+00 0.0000e+00 0.0000e+00 0.0000e+00 5.7716e+01 -2.4315e+00 0.0000e+00 0.0000e+00 2.4315e+00 5.7140e+01 
42.0 5.6307e+01 -6.9515e+00 0.0000e+00 0.0000e+00 -6.9515e+00 5.4641e+01 0.0000e+00 0.0000e+00 0.0000e+00 0.0000e+00 5.5177e+01 -2.3494e+00 0.0000e+00 0.0000e+00 2.3494e+00 5.4630e+01 
43.0 5.4036e+01 -7.0566e+00 0.0000e+00 0.0000e+00 -7.0566e+00 5.2380e+01 0.0000e+00 0.0000e+00 0.0000e+00 0.0000e+00 5.2748e+01 -2.2666e+00 0.0000e+00 0.0000e+00 2.2666e+00 5.2228e+01 
44.0 5.1865e+01 -7.1551e+00 0.0000e+00 0.0000e+00 -7.1551e+00 5.0220e+01 0.0000e+00 0.0000e+00 0.0000e+00 0.0000e+00 5.0422e+01 -2.1832e+00 0.0000e+00 0.0000e+00 2.1832e+00 4.9929e+01 
45.0 4.9790e+01 -7.2469e+00 0.0000e+00 0.0000e+00 -7.2469e+00 4.8155e+01 0.0000e+00 0.0000e+00 0.0000e+00 0.0000e+00 4.8195e+01 -2.0993e+00 0.0000e+00 0.0000e+00 2.0993e+00 4.7729e+01 
46.0 4.7807e+01 -7.3322e+00 0.0000e+00 0.0000e+00 -7.3322e+00 4.6182e+01 0.0000e+00 0.0000e+00 0.0000e+00 0.0000e+00 4.6063e+01 -2.0151e+00 0.0000e+00 0.0000e+00 2.0151e+00 4.5623e+01 
47.0 4.5912e+01 -7.4110e+00 0.0000e+00 0.0000e+00 -7.4110e+00 4.4297e+01 0.0000e+00 0.0000e+00 0.0000e+00 0.0000e+00 4.4021e+01 -1.9307e+00 0.0000e+00 0.0000e+00 1.9307e+00 4.3606e+01 
48.0 4.4101e+01 -7.4833e+00 0.0000e+00 0.0000e+00 -7.4833e+00 4.2496e+01 0.0000e+00 0.0000e+00 0.0000e+00 0.0000e+00 4.2066e+01 -1.8463e+00 0.0000e+00 0.0000e+00 1.8463e+00 4.1676e+01 
49.0 4.2371e+01 -7.5494e+00 0.0000e+00 0.0000e+00 -7.5494e+00 4.0775e+01 0.0000e+00 0.0000e+00 0.0000e+00 0.0000e+00 4.0194e+01 -1.7620e+00 0.0000e+00 0.0000e+00 1.7620e+00 3.9828e+01 
50.0 4.0717e+01 -7.6091e+00 0.0000e+00 0.0000e+00 -7.6091e+00 3.9132e+01 0.0000e+00 0.0000e+00 0.0000e+00 0.0000e+00 3.8400e+01 -1.6781e+00 0.0000e+00 0.0000e+00 1.6781e+00 3.8058e+01 
51.0 3.9138e+01 -7.6626e+00 0.0000e+00 0.0000e+00 -7.6626e+00 3.7562e+01 0.0000e+00 0.0000e+00 0.0000e+00 0.0000e+00 3.6683e+01 -1.5944e+00 0.0000e+00 0.0000e+00 1.5944e+00 3.6363e+01 
52.0 3.7629e+01 -7.7100e+00 0.0000e+00 0.0000e+00 -7.7100e+00 3.6063e+01 0.0000e+00 0.0000e+00 0.0000e+00 0.0000e+00 3.5037e+01 -1.5112e+00 0.0000e+00 0.0000e+00 1.5112e+00 3.4740e+01 
53.0 3.6188e+01 -7.7516e+00 0.0000e+00 0.0000e+00 -7.7516e+00 3.4631e+01 0.0000e+00 0.0000e+00 0.0000e+00 0.0000e+00 3.3460e+01 -1.4283e+00 0.0000e+00 0.0000e+00 1.4283e+00 3.3185e+01 
54.0 3.4812e+01 -7.7876e+00 0.0000e+00 0.0000e+00 -7.7876e+00 3.3265e+01 0.0000e+00 0.0000e+00 0.0000e+00 0.0000e+00 3.1949e+01 -1.3460e+00 0.0000e+00 0.0000e+00 1.3460e+00 3.1696e+01 
55.0 3.3498e+01 -7.8180e+00 0.0000e+00 0.0000e+00 -7.8180e+00 3.1960e+01 0.0000e+00 0.0000e+00 0.0000e+00 0.0000e+00 3.0501e+01 -1.2644e+00 0.0000e+00 0.0000e+00 1.2644e+00 3.0270e+01 
56.0 3.2243e+01 -7.8430e+00 0.0000e+00 0.0000e+00 -7.8430e+00 3.0714e+01 0.0000e+00 0.0000e+00 0.0000e+00 0.0000e+00 2.9114e+01 -1.1836e+00 0.0000e+00 0.0000e+00 1.1836e+00 2.8903e+01 
57.0 3.1045e+01 -7.8627e+00 0.0000e+00 0.0000e+00 -7.8627e+00 2.9524e+01 0.0000e+00 0.0000e+00 0.0000e+00 0.0000e+00 2.7784e+01 -1.1037e+00 0.0000e+00 0.0000e+00 1.1037e+00 2.7594e+01 
58.0 2.9901e+01 -7.8772e+00 0.0000e+00 0.0000e+00 -7.8772e+00 2.8389e+01 0.0000e+00 0.0000e+00 0.0000e+00 0.0000e+00 2.6508e+01 -1.0249e+00 0.0000e+00 0.0000e+00 1.0249e+00 2.6339e+01 
59.0 2.8808e+01 -7.8866e+00 0.0000e+00 0.0000e+00 -7.8866e+00 2.7304e+01 0.0000e+00 0.0000e+00 0.0000e+00 0.0000e+00 2.5286e+01 -9.4717e-01 0.0000e+00 0.0000e+00 9.4717e-01 2.5136e+01 
60.0 2.7764e+01 -7.8912e+00 0.0000e+00 0.0000e+00 -7.8912e+00 2.6269e+01 0.0000e+00 0.0000e+00 0.0000e+00 0.0000e+00 2.4113e+01 -8.7057e-01 0.0000e+00 0.0000e+00 8.7057e-01 2.3983e+01 
61.0 2.6767e+01 -7.8909e+00 0.0000e+00 0.0000e+00 -7.8909e+00 2.5280e+01 0.0000e+00 0.0000e+00 0.0000e+00 0.0000e+00 2.2988e+01 -7.9516e-01 0.0000e+00 0.0000e+00 7.9516e-01 2.2877e+01 
62.0 2.5815e+01 -7.8860e+00 0.0000e+00 0.0000e+00 -7.8860e+00 2.4336e+01 0.0000e+00 0.0000e+00 0.0000e+00 0.0000e+00 2.1909e+01 -7.2103e-01 0.0000e+00 0.0000e+00 7.2103e-01 2.1817e+01 
63.0 2.4906e+01 -7.8768e+00 0.0000e+00 0.0000e+00 -7.8768e+00 2.3435e+01 0.0000e+00 0.0000e+00 0.0000e+00 0.0000e+00 2.0873e+01 -6.4826e-01 0.0000e+00 0.0000e+00 6.4826e-01 2.0800e+01 
64.0 2.4037e+01 -7.8632e+00 0.0000e+00 0.0000e+00 -7.8632e+00 2.2574e+01 0.0000e+00 0.0000e+00 0.0000e+00 0.0000e+00 1.9879e+01 -5.7694e-01 0.0000e+00 0.0000e+00 5.7694e-01 1.9824e+01 
65.0 2.3207e+01 -7.8454e+00 0.0000e+00 0.0000e+00 -7.8454e+00 2.1752e+01 0.0000e+00 0.0000e+00 0.0000e+00 0.0000e+00 1.8925e+01 -5.0716e-01 0.0000e+00 0.0000e+00 5.0716e-01 1.8888e+01 
66.0 2.2415e+01 -7.8236e+00 0.0000e+00 0.0000e+00 -7.8236e+00 2.0967e+01 0.0000e+00 0.0000e+00 0.0000e+00 0.0000e+00 1.8009e+01 -4.3902e-01 0.0000e+00 0.0000e+00 4.3902e-01 1.7990e+01 
67.0 2.1658e+01 -7.7978e+00 0.0000e+00 0.0000e+00 -7.7978e+00 2.0217e+01 0.0000e+00 0.0000e+00 0.0000e+00 0.0000e+00 1.7129e+01 -3.7255e-01 0.0000e+00 0.0000e+00 3.7255e-01 1.7127e+01 
68.0 2.0935e+01 -7.7680e+00 0.0000e+00 0.0000e+00 -7.7680e+00 1.9501e+01 0.0000e+00 0.0000e+00 0.0000e+00 0.0000e+00 1.6283e+01 -3.0779e-01 0.0000e+00 0.0000e+00 3.0779e-01 1.6299e+01 
69.0 2.0244e+01 -7.7346e+00 0.0000e+00 0.0000e+00 -7.7346e+00 1.8818e+01 0.0000e+00 0.0000e+00 0.0000e+00 0.0000e+00 1.5471e+01 -2.4475e-01 0.0000e+00 0.0000e+00 2.4475e-01 1.5504e+01 
70.0 1.9584e+01 -7.6974e+00 0.0000e+00 0.0000e+00 -7.6974e+00 1.8165e+01 0.0000e+00 0.0000e+00 0.0000e+00 0.0000e+00 1.4690e+01 -1.8346e-01 0.0000e+00 0.0000e+00 1.8346e-01 1.4739e+01 
71.0 1.8954e+01 -7.6568e+00 0.0000e+00 0.0000e+00 -7.6568e+00 1.7542e+01 0.0000e+00 0.0000e+00 0.0000e+00 0.0000e+00 1.3939e+01 -1.2392e-01 0.0000e+00 0.0000e+00 1.2392e-01 1.4005e+01 
72.0 1.8352e+01 -7.6127e+00 0.0000e+00 0.0000e+00 -7.6127e+00 1.6946e+01 0.0000e+00 0.0000e+00 0.0000e+00 0.0000e+00 1.3218e+01 -6.6162e-02 0.0000e+00 0.0000e+00 6.6162e-02 1.3299e+01 
73.0 1.7777e+01 -7.5654e+00 0.0000e+00 0.0000e+00 -7.5654e+00 1.6378e+01 0.0000e+00 0.0000e+00 0.0000e+00 0.0000e+00 1.2523e+01 -1.0202e-02 0.0000e+00 0.0000e+00 1.0202e-02 1.2621e+01 
74.0 1.7228e+01 -7.5149e+00 0.0000e+00 0.0000e+00 -7.5149e+00 1.5836e+01 0.0000e+00 0.0000e+00 0.0000e+00 0.0000e+00 1.1856e+01 4.3946e-02 0.0000e+00 0.0000e+00 -4.3946e-02 1.1969e+01 
75.0 1.6703e+01 -7.4613e+00 0.0000e+00 0.0000e+00 -7.4613e+00 1.5318e+01 0.0000e+00 0.0000e+00 0.0000e+00 0.0000e+00 1.1213e+01 9.6291e-02 0.0000e+00 0.0000e+00 -9.6291e-02 1.1341e+01 
76.0 1.6202e+01 -7.4048e+00 0.0000e+00 0.0000e+00 -7.4048e+00 1.4824e+01 0.0000e+00 0.0000e+00 0.0000e+00 0.0000e+00 1.0594e+01 1.4684e-01 0.0000e+00 0.0000e+00 -1.4684e-01 1.0738e+01 
77.0 1.5724e+01 -7.3454e+00 0.0000e+00 0.0000e+00 -7.3454e+00 1.4352e+01 0.0000e+00 0.0000e+00 0.0000e+00 0.0000e+00 9.9989e+00 1.9562e-01 0.0000e+00 0.0000e+00 -1.9562e-01 1.0157e+01 
78.0 1.5267e+01 -7.2832e+00 0.0000e+00 0.0000e+00 -7.2832e+00 1.3902e+01 0.0000e+00 0.0000e+00 0.0000e+00 0.0000e+00 9.4254e+00 2.4266e-01 0.0000e+00 0.0000e+00 -2.4266e-01 9.5974e+00 
79.0 1.4830e+01 -7.2183e+00 0.0000e+00 0.0000e+00 -7.2183e+00 1.3473e+01 0.0000e+00 0.0000e+00 0.0000e+00 0.0000e+00 8.8731e+00 2.8803e-01 0.0000e+00 0.0000e+00 -2.8803e-01 9.0591e+00 
80.0 1.4414e+01 -7.1509e+00 0.0000e+00 0.0000e+00 -7.1509e+00 1.3064e+01 0.0000e+00 0.0000e+00 0.0000e+00 0.0000e+00 8.3411e+00 3.3176e-01 0.0000e+00 0.0000e+00 -3.3176e-01 8.5407e+00 
81.0 1.4016e+01 -7.0810e+00 0.0000e+00 0.0000e+00 -7.0810e+00 1.2673e+01 0.0000e+00 0.0000e+00 0.0000e+00 0.0000e+00 7.8284e+00 3.7391e-01 0.0000e+00 0.0000e+00 -3.7391e-01 8.0414e+00 
82.0 1.3637e+01 -7.0088e+00 0.0000e+00 0.0000e+00 -7.0088e+00 1.2300e+01 0.0000e+00 0.0000e+00 0.0000e+00 0.0000e+00 7.3343e+00 4.1448e-01 0.0000e+00 0.0000e+00 -4.1448e-01 7.5604e+00 
83.0 1.3275e+01 -6.9344e+00 0.0000e+00 0.0000e+00 -6.9344e+00 1.1945e+01 0.0000e+00 0.0000e+00 0.0000e+00 0.0000e+00 6.8581e+00 4.5351e-01 0.0000e+00 0.0000e+00 -4.5351e-01 7.0970e+00 
84.0 1.2929e+01 -6.8578e+00 0.0000e+00 0.0000e+00 -6.8578e+00 1.1607e+01 0.0000e+00 0.0000e+00 0.0000e+00 0.0000e+00 6.3989e+00 4.9100e-01 0.0000e+00 0.0000e+00 -4.9100e-01 6.6504e+00 
85.0 1.2600e+01 -6.7793e+00 0.0000e+00 0.0000e+00 -6.7793e+00 1.1284e+01 0.0000e+00 0.0000e+00 0.0000e+00 0.0000e+00 5.9560e+00 5.2696e-01 0.0000e+00 0.0000e+00 -5.2696e-01 6.2199e+00 
86.0 1.2285e+01 -6.6989e+00 0.0000e+00 0.0000e+00 -6.6989e+00 1.0977e+01 0.0000e+00 0.0000e+00 0.0000e+00 0.0000e+00 5.5289e+00 5.6138e-01 0.0000e+00 0.0000e+00 -5.6138e-01 5.8048e+00 
87.0 1.1985e+01 -6.6167e+00 0.0000e+00 0.0000e+00 -6.6167e+00 1.0683e+01 0.0000e+00 0.0000e+00 0.0000e+00 0.0000e+00 5.1167e+00 5.9428e-01 0.0000e+00 0.0000e+00 -5.9428e-01 5.4045e+00 
88.0 1.1699e+01 -6.5327e+00 0.0000e+00 0.0000e+00 -6.5327e+00 1.0404e+01 0.0000e+00 0.0000e+00 0.0000e+00 0.0000e+00 4.7190e+00 6.2565e-01 0.0000e+00 0.0000e+00 -6.2565e-01 5.0183e+00 
89.0 1.1427e+01 -6.4471e+00 0.0000e+00 0.0000e+00 -6.4471e+00 1.0138e+01 0.0000e+00 0.0000e+00 0.0000e+00 0.0000e+00 4.3351e+00 6.5550e-01 0.0000e+00 0.0000e+00 -6.5550e-01 4.6457e+00 
90.0 1.1167e+01 -6.3600e+00 0.0000e+00 0.0000e+00 -6.3600e+00 9.8851e+00 0.0000e+00 0.0000e+00 0.0000e+00 0.0000e+00 3.9643e+00 6.8381e-01 0.0000e+00 0.0000e+00 -6.8381e-01 4.2861e+00 
91.0 1.0919e+01 -6.2714e+00 0.0000e+00 0.0000e+00 -6.2714e+00 9.6439e+00 0.0000e+00 0.0000e+00 0.0000e+00 0.0000e+00 3.6063e+00 7.1061e-01 0.0000e+00 0.0000e+00 -7.1061e-01 3.9389e+00 
92.0 1.0682e+01 -6.1814e+00 0.0000e+00 0.0000e+00 -6.1814e+00 9.4144e+00 0.0000e+00 0.0000e+00 0.0000e+00 0.0000e+00 3.2605e+00 7.3589e-01 0.0000e+00 0.0000e+00 -7.3589e-01 3.6036e+00 
93.0 1.0457e+01 -6.0901e+00 0.0000e+00 0.0000e+00 -6.0901e+00 9.1960e+00 0.0000e+00 0.0000e+00 0.0000e+00 0.0000e+00 2.9264e+00 7.5967e-01 0.0000e+00 0.0000e+00 -7.5967e-01 3.2796e+00 
94.0 1.0243e+01 -5.9975e+00 0.0000e+00 0.0000e+00 -5.9975e+00 8.9883e+00 0.0000e+00 0.0000e+00 0.0000e+00 0.0000e+00 2.6035e+00 7.8198e-01 0.0000e+00 0.0000e+00 -7.8198e-01 2.9665e+00 
95.0 1.0039e+01 -5.9037e+00 0.0000e+00 0.0000e+00 -5.9037e+00 8.7908e+00 0.0000e+00 0.0000e+00 0.0000e+00 0.0000e+00 2.2913e+00 8.0285e-01 0.0000e+00 0.0000e+00 -8.0285e-01 2.6639e+00 
96.0 9.8441e+00 -5.8088e+00 0.0000e+00 0.0000e+00 -5.8088e+00 8.6031e+00 0.0000e+00 0.0000e+00 0.0000e+00 0.0000e+00 1.9895e+00 8.2229e-01 0.0000e+00 0.0000e+00 -8.2229e-01 2.3713e+00 
97.0 9.6591e+00 -5.7129e+00 0.0000e+00 0.0000e+00 -5.7129e+00 8.4250e+00 0.0000e+00 0.0000e+00 0.0000e+00 0.0000e+00 1.6977e+00 8.4035e-01 0.0000e+00 0.0000e+00 -8.4035e-01 2.0882e+00 
98.0 9.4831e+00 -5.6159e+00 0.0000e+00 0.0000e+00 -5.6159e+00 8.2560e+00 0.0000e+00 0.0000e+00 0.0000e+00 0.0000e+00 1.4154e+00 8.5707e-01 0.0000e+00 0.0000e+00 -8.5707e-01 1.8143e+00 
99.0 9.3158e+00 -5.5180e+00 0.0000e+00 0.0000e+00 -5.5180e+00 8.0957e+00 0.0000e+00 0.0000e+00 0.0000e+00 0.0000e+00 1.1424e+00 8.7250e-01 0.0000e+00 0.0000e+00 -8.7250e-01 1.5493e+00 
100.0 9.1569e+00 -5.4192e+00 0.0000e+00 0.0000e+00 -5.4192e+00 7.9440e+00 0.0000e+00 0.0000e+00 0.0000e+00 0.0000e+00 8.7823e-01 8.8669e-01 0.0000e+00 0.0000e+00 -8.8669e-01 1.2928e+00 
101.0 9.0061e+00 -5.3196e+00 0.0000e+00 0.0000e+00 -5.3196e+00 7.8004e+00 0.0000e+00 0.0000e+00 0.0000e+00 0.0000e+00 6.2264e-01 8.9968e-01 0.0000e+00 0.0000e+00 -8.9968e-01 1.0445e+00 
102.0 8.8630e+00 -5.2192e+00 0.0000e+00 0.0000e+00 -5.2192e+00 7.6647e+00 0.0000e+00 0.0000e+00 0.0000e+00 0.0000e+00 3.7527e-01 9.1152e-01 0.0000e+00 0.0000e+00 -9.1152e-01 8.0397e-01 
103.0 8.7275e+00 -5.1182e+00 0.0000e+00 0.0000e+00 -5.1182e+00 7.5366e+00 0.0000e+00 0.0000e+00 0.0000e+00 0.0000e+00 1.3582e-01 9.2222e-01 0.0000e+00 0.0000e+00 -9.2222e-01 5.7101e-01 
104.0 8.5991e+00 -5.0165e+00 0.0000e+00 0.0000e+00 -5.0165e+00 7.4158e+00 0.0000e+00 0.0000e+00 0.0000e+00 0.0000e+00 -9.6010e-02 9.3179e-01 0.0000e+00 0.0000e+00 -9.3179e-01 3.4530e-01 
105.0 8.4776e+00 -4.9143e+00 0.0000e+00 0.0000e+00 -4.9143e+00 7.3020e+00 0.0000e+00 0.0000e+00 0.0000e+00 0.0000e+00 -3.2050e-01 9.4025e-01 0.0000e+00 0.0000e+00 -9.4025e-01 1.2658e-01 
106.0 8.3628e+00 -4.8116e+00 0.0000e+00 0.0000e+00 -4.8116e+00 7.1949e+00 0.0000e+00 0.0000e+00 0.0000e+00 0.0000e+00 -5.3793e-01 9.4764e-01 0.0000e+00 0.0000e+00 -9.4764e-01 -8.5435e-02 
107.0 8.2544e+00 -4.7083e+00 0.0000e+00 0.0000e+00 -4.7083e+00 7.0944e+00 0.0000e+00 0.0000e+00 0.0000e+00 0.0000e+00 -7.4857e-01 9.5400e-01 0.0000e+00 0.0000e+00 -9.5400e-01 -2.9099e-01 
108.0 8.1522e+00 -4.6047e+00 0.0000e+00 0.0000e+00 -4.6047e+00 7.0001e+00 0.0000e+00 0.0000e+00 0.0000e+00 0.0000e+00 -9.5267e-01 9.5937e-01 0.0000e+00 0.0000e+00 -9.5937e-01 -4.9035e-01 
109.0 8.0560e+00 -4.5007e+00 0.0000e+00 0.0000e+00 -4.5007e+00 6.9118e+00 0.0000e+00 0.0000e+00 0.0000e+00 0.0000e+00 -1.1505e+00 9.6377e-01 0.0000e+00 0.0000e+00 -9.6377e-01 -6.8375e-01 
110.0 7.9655e+00 -4.3964e+00 0.0000e+00 0.0000e+00 -4.3964e+00 6.8294e+00 0.0000e+00 0.0000e+00 0.0000e+00 0.0000e+00 -1.3423e+00 9.6724e-01 0.0000e+00 0.0000e+00 -9.6724e-01 -8.7143e-01 
111.0 7.8806e+00 -4.2918e+00 0.0000e+00 0.0000e+00 -4.2918e+00 6.7525e+00 0.0000e+00 0.0000e+00 0.0000e+00 0.0000e+00 -1.5282e+00 9.6979e-01 0.0000e+00 0.0000e+00 -9.6979e-01 -1.0536e+00 
112.0 7.8009e+00 -4.1871e+00 0.0000e+00 0.0000e+00 -4.1871e+00 6.6810e+00 0.0000e+00 0.0000e+00 0.0000e+00 0.0000e+00 -1.7085e+00 9.7146e-01 0.0000e+00 0.0000e+00 -9.7146e-01 -1.2305e+00 
113.0 7.7264e+00 -4.0822e+00 0.0000e+00 0.0000e+00 -4.0822e+00 6.6148e+00 0.0000e+00 0.0000e+00 0.0000e+00 0.0000e+00 -1.8835e+00 9.7227e-01 0.0000e+00 0.0000e+00 -9.7227e-01 -1.4023e+00 
114.0 7.6567e+00 -3.9772e+00 0.0000e+00 0.0000e+00 -3.9772e+00 6.5535e+00 0.0000e+00 0.0000e+00 0.0000e+00 0.0000e+00 -2.0532e+00 9.7225e-01 0.0000e+00 0.0000e+00 -9.7225e-01 -1.5691e+00 
115.0 7.5919e+00 -3.8721e+00 0.0000e+00 0.0000e+00 -3.8721e+00 6.4972e+00 0.0000e+00 0.0000e+00 0.0000e+00 0.0000e+00 -2.2179e+00 9.7146e-01 0.0000e+00 0.0000e+00 -9.7146e-01 -1.7313e+00 
116.0 7.5316e+00 -3.7670e+00 0.0000e+00 0.0000e+00 -3.7670e+00 6.4455e+00 0.0000e+00 0.0000e+00 0.0000e+00 0.0000e+00 -2.3777e+00 9.6992e-01 0.0000e+00 0.0000e+00 -9.6992e-01 -1.8889e+00 
117.0 7.4758e+00 -3.6621e+00 0.0000e+00 0.0000e+00 -3.6621e+00 6.3984e+00 0.0000e+00 0.0000e+00 0.0000e+00 0.0000e+00 -2.5329e+00 9.6767e-01 0.0000e+00 0.0000e+00 -9.6767e-01 -2.0422e+00 
118.0 7.4242e+00 -3.5573e+00 0.0000e+00 0.0000e+00 -3.5573e+00 6.3556e+00 0.0000e+00 0.0000e+00 0.0000e+00 0.0000e+00 -2.6835e+00 9.6472e-01 0.0000e+00 0.0000e+00 -9.6472e-01 -2.1912e+00 
119.0 7.3767e+00 -3.4528e+00 0.0000e+00 0.0000e+00 -3.4528e+00 6.3170e+00 0.0000e+00 0.0000e+00 0.0000e+00 0.0000e+00 -2.8298e+00 9.6107e-01 0.0000e+00 0.0000e+00 -9.6107e-01 -2.3361e+00 
120.0 7.3332e+00 -3.3485e+00 0.0000e+00 0.0000e+00 -3.3485e+00 6.2825e+00 0.0000e+00 0.0000e+00 0.0000e+00 0.0000e+00 -2.9719e+00 9.5670e-01 0.0000e+00 0.0000e+00 -9.5670e-01 -2.4771e+00 
121.0 7.2934e+00 -3.2446e+00 0.0000e+00 0.0000e+00 -3.2446e+00 6.2518e+00 0.0000e+00 0.0000e+00 0.0000e+00 0.0000e+00 -3.1100e+00 9.5159e-01 0.0000e+00 0.0000e+00 -9.5159e-01 -2.6143e+00 
122.0 7.2572e+00 -3.1412e+00 0.0000e+00 0.0000e+00 -3.1412e+00 6.2246e+00 0.0000e+00 0.0000e+00 0.0000e+00 0.0000e+00 -3.2442e+00 9.4571e-01 0.0000e+00 0.0000e+00 -9.4571e-01 -2.7478e+00 
123.0 7.2243e+00 -3.0383e+00 0.0000e+00 0.0000e+00 -3.0383e+00 6.2009e+00 0.0000e+00 0.0000e+00 0.0000e+00 0.0000e+00 -3.3746e+00 9.3901e-01 0.0000e+00 0.0000e+00 -9.3901e-01 -2.8778e+00 
124.0 7.1946e+00 -2.9358e+00 0.0000e+00 0.0000e+00 -2.9358e+00 6.1804e+00 0.0000e+00 0.0000e+00 0.0000e+00 0.0000e+00 -3.5015e+00 9.3145e-01 0.0000e+00 0.0000e+00 -9.3145e-01 -3.0043e+00 
125.0 7.1680e+00 -2.8340e+00 0.0000e+00 0.0000e+00 -2.8340e+00 6.1630e+00 0.0000e+00 0.0000e+00 0.0000e+00 0.0000e+00 -3.6250e+00 9.2304e-01 0.0000e+00 0.0000e+00 -9.2304e-01 -3.1276e+00 
126.0 7.1444e+00 -2.7328e+00 0.0000e+00 0.0000e+00 -2.7328e+00 6.1485e+00 0.0000e+00 0.0000e+00 0.0000e+00 0.0000e+00 -3.7451e+00 9.1383e-01 0.0000e+00 0.0000e+00 -9.1383e-01 -3.2477e+00 
127.0 7.1236e+00 -2.6322e+00 0.0000e+00 0.0000e+00 -2.6322e+00 6.1369e+00 0.0000e+00 0.0000e+00 0.0000e+00 0.0000e+00 -3.8621e+00 9.0382e-01 0.0000e+00 0.0000e+00 -9.0382e-01 -3.3648e+00 
128.0 7.1056e+00 -2.5325e+00 0.0000e+00 0.0000e+00 -2.5325e+00 6.1281e+00 0.0000e+00 0.0000e+00 0.0000e+00 0.0000e+00 -3.9759e+00 8.9303e-01 0.0000e+00 0.0000e+00 -8.9303e-01 -3.4790e+00 
129.0 7.0902e+00 -2.4336e+00 0.0000e+00 0.0000e+00 -2.4336e+00 6.1219e+00 0.0000e+00 0.0000e+00 0.0000e+00 0.0000e+00 -4.0869e+00 8.8145e-01 0.0000e+00 0.0000e+00 -8.8145e-01 -3.5903e+00 
130.0 7.0774e+00 -2.3356e+00 0.0000e+00 0.0000e+00 -2.3356e+00 6.1182e+00 0.0000e+00 0.0000e+00 0.0000e+00 0.0000e+00 -4.1949e+00 8.6907e-01 0.0000e+00 0.0000e+00 -8.6907e-01 -3.6988e+00 
131.0 7.0670e+00 -2.2386e+00 0.0000e+00 0.0000e+00 -2.2386e+00 6.1170e+00 0.0000e+00 0.0000e+00 0.0000e+00 0.0000e+00 -4.3002e+00 8.5589e-01 0.0000e+00 0.0000e+00 -8.5589e-01 -3.8048e+00 
132.0 7.0591e+00 -2.1426e+00 0.0000e+00 0.0000e+00 -2.1426e+00 6.1182e+00 0.0000e+00 0.0000e+00 0.0000e+00 0.0000e+00 -4.4029e+00 8.4196e-01 0.0000e+00 0.0000e+00 -8.4196e-01 -3.9081e+00 
133.0 7.0536e+00 -2.0476e+00 0.0000e+00 0.0000e+00 -2.0476e+00 6.1218e+00 0.0000e+00 0.0000e+00 0.0000e+00 0.0000e+00 -4.5030e+00 8.2732e-01 0.0000e+00 0.0000e+00 -8.2732e-01 -4.0090e+00 
134.0 7.0503e+00 -1.9537e+00 0.0000e+00 0.0000e+00 -1.9537e+00 6.1276e+00 0.0000e+00 0.0000e+00 0.0000e+00 0.0000e+00 -4.6006e+00 8.1204e-01 0.0000e+00 0.0000e+00 -8.1204e-01 -4.1075e+00 
135.0 7.0493e+00 -1.8610e+00 0.0000e+00 0.0000e+00 -1.8610e+00 6.1355e+00 0.0000e+00 0.0000e+00 0.0000e+00 0.0000e+00 -4.6958e+00 7.9613e-01 0.0000e+00 0.0000e+00 -7.9613e-01 -4.2036e+00 
136.0 7.0505e+00 -1.7696e+00 0.0000e+00 0.0000e+00 -1.7696e+00 6.1456e+00 0.0000e+00 0.0000e+00 0.0000e+00 0.0000e+00 -4.7888e+00 7.7960e-01 0.0000e+00 0.0000e+00 -7.7960e-01 -4.2975e+00 
137.0 7.0536e+00 -1.6795e+00 0.0000e+00 0.0000e+00 -1.6795e+00 6.1577e+00 0.0000e+00 0.0000e+00 0.0000e+00 0.0000e+00 -4.8794e+00 7.6247e-01 0.0000e+00 0.0000e+00 -7.6247e-01 -4.3893e+00 
138.0 7.0588e+00 -1.5908e+00 0.0000e+00 0.0000e+00 -1.5908e+00 6.1717e+00 0.0000e+00 0.0000e+00 0.0000e+00 0.0000e+00 -4.9679e+00 7.4474e-01 0.0000e+00 0.0000e+00 -7.4474e-01 -4.4789e+00 
139.0 7.0658e+00 -1.5035e+00 0.0000e+00 0.0000e+00 -1.5035e+00 6.1875e+00 0.0000e+00 0.0000e+00 0.0000e+00 0.0000e+00 -5.0542e+00 7.2645e-01 0.0000e+00 0.0000e+00 -7.2645e-01 -4.5664e+00 
140.0 7.0747e+00 -1.4177e+00 0.0000e+00 0.0000e+00 -1.4177e+00 6.2051e+00 0.0000e+00 0.0000e+00 0.0000e+00 0.0000e+00 -5.1385e+00 7.0764e-01 0.0000e+00 0.0000e+00 -7.0764e-01 -4.6518e+00 
141.0 7.0856e+00 -1.3335e+00 0.0000e+00 0.0000e+00 -1.3335e+00 6.2245e+00 0.0000e+00 0.0000e+00 0.0000e+00 0.0000e+00 -5.2209e+00 6.8834e-01 0.0000e+00 0.0000e+00 -6.8834e-01 -4.7352e+00 
142.0 7.0982e+00 -1.2510e+00 0.0000e+00 0.0000e+00 -1.2510e+00 6.2454e+00 0.0000e+00 0.0000e+00 0.0000e+00 0.0000e+00 -5.3013e+00 6.6854e-01 0.0000e+00 0.0000e+00 -6.6854e-01 -4.8166e+00 
143.0 7.1128e+00 -1.1701e+00 0.0000e+00 0.0000e+00 -1.1701e+00 6.2679e+00 0.0000e+00 0.0000e+00 0.0000e+00 0.0000e+00 -5.3800e+00 6.4828e-01 0.0000e+00 0.0000e+00 -6.4828e-01 -4.8959e+00 
144.0 7.1292e+00 -1.0910e+00 0.0000e+00 0.0000e+00 -1.0910e+00 6.2918e+00 0.0000e+00 0.0000e+00 0.0000e+00 0.0000e+00 -5.4570e+00 6.2754e-01 0.0000e+00 0.0000e+00 -6.2754e-01 -4.9732e+00 
145.0 7.1475e+00 -1.0138e+00 0.0000e+00 0.0000e+00 -1.0138e+00 6.3171e+00 0.0000e+00 0.0000e+00 0.0000e+00 0.0000e+00 -5.5325e+00 6.0631e-01 0.0000e+00 0.0000e+00 -6.0631e-01 -5.0485e+00 
146.0 7.1676e+00 -9.3846e-01 0.0000e+00 0.0000e+00 -9.3846e-01 6.3436e+00 0.0000e+00 0.0000e+00 0.0000e+00 0.0000e+00 -5.6066e+00 5.8454e-01 0.0000e+00 0.0000e+00 -5.8454e-01 -5.1219e+00 
147.0 7.1894e+00 -8.6519e-01 0.0000e+00 0.0000e+00 -8.6519e-01 6.3711e+00 0.0000e+00 0.0000e+00 0.0000e+00 0.0000e+00 -5.6793e+00 5.6219e-01 0.0000e+00 0.0000e+00 -5.6219e-01 -5.1933e+00 
148.0 7.2129e+00 -7.9405e-01 0.0000e+00 0.0000e+00 -7.9405e-01 6.3995e+00 0.0000e+00 0.0000e+00 0.0000e+00 0.0000e+00 -5.7507e+00 5.3923e-01 0.0000e+00 0.0000e+00 -5.3923e-01 -5.2627e+00 
149.0 7.2382e+00 -7.2512e-01 0.0000e+00 0.0000e+00 -7.2512e-01 6.4290e+00 0.0000e+00 0.0000e+00 0.0000e+00 0.0000e+00 -5.8211e+00 5.1571e-01 0.0000e+00 0.0000e+00 -5.1571e-01 -5.3300e+00 
150.0 7.2655e+00 -6.5845e-01 0.0000e+00 0.0000e+00 -6.5845e-01 6.4594e+00 0.0000e+00 0.0000e+00 0.0000e+00 0.0000e+00 -5.8903e+00 4.9171e-01 0.0000e+00 0.0000e+00 -4.9171e-01 -5.3954e+00 
151.0 7.2947e+00 -5.9414e-01 0.0000e+00 0.0000e+00 -5.9414e-01 6.4908e+00 0.0000e+00 0.0000e+00 0.0000e+00 0.0000e+00 -5.9584e+00 4.6736e-01 0.0000e+00 0.0000e+00 -4.6736e-01 -5.4587e+00 
152.0 7.3260e+00 -5.3235e-01 0.0000e+00 0.0000e+00 -5.3235e-01 6.5232e+00 0.0000e+00 0.0000e+00 0.0000e+00 0.0000e+00 -6.0256e+00 4.4264e-01 0.0000e+00 0.0000e+00 -4.4264e-01 -5.5199e+00 
153.0 7.3590e+00 -4.7328e-01 0.0000e+00 0.0000e+00 -4.7328e-01 6.5563e+00 0.0000e+00 0.0000e+00 0.0000e+00 0.0000e+00 -6.0918e+00 4.1741e-01 0.0000e+00 0.0000e+00 -4.1741e-01 -5.5790e+00 
154.0 7.3938e+00 -4.1707e-01 0.0000e+00 0.0000e+00 -4.1707e-01 6.5899e+00 0.0000e+00 0.0000e+00 0.0000e+00 0.0000e+00 -6.1571e+00 3.9154e-01 0.0000e+00 0.0000e+00 -3.9154e-01 -5.6360e+00 
155.0 7.4302e+00 -3.6387e-01 0.0000e+00 0.0000e+00 -3.6387e-01 6.6238e+00 0.0000e+00 0.0000e+00 0.0000e+00 0.0000e+00 -6.2217e+00 3.6494e-01 0.0000e+00 0.0000e+00 -3.6494e-01 -5.6909e+00 
156.0 7.4682e+00 -3.1380e-01 0.0000e+00 0.0000e+00 -3.1380e-01 6.6581e+00 0.0000e+00 0.0000e+00 0.0000e+00 0.0000e+00 -6.2856e+00 3.3765e-01 0.0000e+00 0.0000e+00 -3.3765e-01 -5.7435e+00 
157.0 7.5080e+00 -2.6699e-01 0.0000e+00 0.0000e+00 -2.6699e-01 6.6928e+00 0.0000e+00 0.0000e+00 0.0000e+00 0.0000e+00 -6.3487e+00 3.0980e-01 0.0000e+00 0.0000e+00 -3.0980e-01 -5.7939e+00 
158.0 7.5495e+00 -2.2363e-01 0.0000e+00 0.0000e+00 -2.2363e-01 6.7279e+00 0.0000e+00 0.0000e+00 0.0000e+00 0.0000e+00 -6.4111e+00 2.8149e-01 0.0000e+00 0.0000e+00 -2.8149e-01 -5.8420e+00 
159.0 7.5927e+00 -1.8401e-01 0.0000e+00 0.0000e+00 -1.8401e-01 6.7631e+00 0.0000e+00 0.0000e+00 0.0000e+00 0.0000e+00 -6.4727e+00 2.5269e-01 0.0000e+00 0.0000e+00 -2.5269e-01 -5.8874e+00 
160.0 7.6373e+00 -1.4837e-01 0.0000e+00 0.0000e+00 -1.4837e-01 6.7980e+00 0.0000e+00 0.0000e+00 0.0000e+00 0.0000e+00 -6.5335e+00 2.2327e-01 0.0000e+00 0.0000e+00 -2.2327e-01 -5.9301e+00 
161.0 7.6835e+00 -1.1670e-01 0.0000e+00 0.0000e+00 -1.1670e-01 6.8323e+00 0.0000e+00 0.0000e+00 0.0000e+00 0.0000e+00 -6.5934e+00 1.9320e-01 0.0000e+00 0.0000e+00 -1.9320e-01 -5.9699e+00 
162.0 7.7315e+00 -8.8825e-02 0.0000e+00 0.0000e+00 -8.8825e-02 6.8664e+00 0.0000e+00 0.0000e+00 0.0000e+00 0.0000e+00 -6.6527e+00 1.6270e-01 0.0000e+00 0.0000e+00 -1.6270e-01 -6.0066e+00 
163.0 7.7817e+00 -6.4601e-02 0.0000e+00 0.0000e+00 -6.4601e-02 6.9005e+00 0.0000e+00 0.0000e+00 0.0000e+00 0.0000e+00 -6.7113e+00 1.3210e-01 0.0000e+00 0.0000e+00 -1.3210e-01 -6.0401e+00 
164.0 7.8344e+00 -4.3974e-02 0.0000e+00 0.0000e+00 -4.3974e-02 6.9346e+00 0.0000e+00 0.0000e+00 0.0000e+00 0.0000e+00 -6.7694e+00 1.0169e-01 0.0000e+00 0.0000e+00 -1.0169e-01 -6.0705e+00 
165.0 7.8900e+00 -2.6808e-02 0.0000e+00 0.0000e+00 -2.6808e-02 6.9690e+00 0.0000e+00 0.0000e+00 0.0000e+00 0.0000e+00 -6.8273e+00 7.1851e-02 0.0000e+00 0.0000e+00 -7.1851e-02 -6.0978e+00 
166.0 7.9492e+00 -1.2896e-02 0.0000e+00 0.0000e+00 -1.2896e-02 7.0043e+00 0.0000e+00 0.0000e+00 0.0000e+00 0.0000e+00 -6.8851e+00 4.3052e-02 0.0000e+00 0.0000e+00 -4.3052e-02 -6.1220e+00 
167.0 8.0122e+00 -2.1267e-03 0.0000e+00 0.0000e+00 -2.1267e-03 7.0411e+00 0.0000e+00 0.0000e+00 0.0000e+00 0.0000e+00 -6.9429e+00 1.5561e-02 0.0000e+00 0.0000e+00 -1.5561e-02 -6.1434e+00 
168.0 8.0792e+00 5.5574e-03 0.0000e+00 0.0000e+00 5.5574e-03 7.0796e+00 0.0000e+00 0.0000e+00 0.0000e+00 0.0000e+00 -7.0010e+00 -1.0535e-02 0.0000e+00 0.0000e+00 1.0535e-02 -6.1623e+00 
169.0 8.1499e+00 1.0134e-02 0.0000e+00 0.0000e+00 1.0134e-02 7.1197e+00 0.0000e+00 0.0000e+00 0.0000e+00 0.0000e+00 -7.0598e+00 -3.5397e-02 0.0000e+00 0.0000e+00 3.5397e-02 -6.1792e+00 
170.0 8.2240e+00 1.1430e-02 0.0000e+00 0.0000e+00 1.1430e-02 7.1609e+00 0.0000e+00 0.0000e+00 0.0000e+00 0.0000e+00 -7.1200e+00 -5.9404e-02 0.0000e+00 0.0000e+00 5.9404e-02 -6.1948e+00 
171.0 8.3018e+00 9.4937e-03 0.0000e+00 0.0000e+00 9.4937e-03 7.2031e+00 0.0000e+00 0.0000e+00 0.0000e+00 0.0000e+00 -7.1831e+00 -8.2314e-02 0.0000e+00 0.0000e+00 8.2314e-02 -6.2096e+00 
172.0 8.3851e+00 4.7540e-03 0.0000e+00 0.0000e+00 4.7540e-03 7.2468e+00 0.0000e+00 0.0000e+00 0.0000e+00 0.0000e+00 -7.2510e+00 -1.0251e-01 0.0000e+00 0.0000e+00 1.0251e-01 -6.2239e+00 
173.0 8.4775e+00 -1.9324e-03 0.0000e+00 0.0000e+00 -1.9324e-03 7.2938e+00 0.0000e+00 0.0000e+00 0.0000e+00 0.0000e+00 -7.3259e+00 -1.1684e-01 0.0000e+00 0.0000e+00 1.1684e-01 -6.2379e+00 
174.0 8.5832e+00 -9.0133e-03 0.0000e+00 0.0000e+00 -9.0133e-03 7.3467e+00 0.0000e+00 0.0000e+00 0.0000e+00 0.0000e+00 -7.4090e+00 -1.2090e-01 0.0000e+00 0.0000e+00 1.2090e-01 -6.2509e+00 
175.0 8.7047e+00 -1.4396e-02 0.0000e+00 0.0000e+00 -1.4396e-02 7.4073e+00 0.0000e+00 0.0000e+00 0.0000e+00 0.0000e+00 -7.4996e+00 -1.1106e-01 0.0000e+00 0.0000e+00 1.1106e-01 -6.2620e+00 
176.0 8.8392e+00 -1.5786e-02 0.0000e+00 0.0000e+00 -1.5786e-02 7.4749e+00 0.0000e+00 0.0000e+00 0.0000e+00 0.0000e+00 -7.5929e+00 -8.6317e-02 0.0000e+00 0.0000e+00 8.6317e-02 -6.2697e+00 
177.0 8.9743e+00 -1.1556e-02 0.0000e+00 0.0000e+00 -1.1556e-02 7.5438e+00 0.0000e+00 0.0000e+00 0.0000e+00 0.0000e+00 -7.6786e+00 -5.0599e-02 0.0000e+00 0.0000e+00 5.0599e-02 -6.2725e+00 
178.0 9.0824e+00 -3.9934e-03 0.0000e+00 0.0000e+00 -3.9934e-03 7.6002e+00 0.0000e+00 0.0000e+00 0.0000e+00 0.0000e+00 -7.7414e+00 -1.6073e-02 0.0000e+00 0.0000e+00 1.6073e-02 -6.2714e+00 
179.0 9.1270e+00 -6.1284e-20 0.0000e+00 0.0000e+00 -6.1284e-20 7.6241e+00 0.0000e+00 0.0000e+00 0.0000e+00 0.0000e+00 -7.7660e+00 -3.4467e-19 0.0000e+00 0.0000e+00 3.4467e-19 -6.2706e+00 
180.0 9.1711e+00 0.0000e+00 0.0000e+00 0.0000e+00 0.0000e+00 7.6461e+00 0.0000e+00 0.0000e+00 0.0000e+00 0.0000e+00 -7.7886e+00 0.0000e+00 0.0000e+00 0.0000e+00 -0.0000e+00 -6.2694e+00 
