1.3055 1.3254 0.0199 0.348653
theta s11 s12 s13 s14 s21 s22 s23 s24 s31 s32 s33 s34 s41 s42 s43 s44
0.0 3.2315e+02 0.0000e+00 0.0000e+00 0.0000e+00 0.0000e+00 3.2296e+02 0.0000e+00 0.0000e+00 0.0000e+00 0.0000e+00 3.2296e+02 0.0000e+00 0.0000e+00 0.0000e+00 -0.0000e+00 3.2277e+02 
1.0 3.0212e+02 -4.0720e-03 0.0000e+00 0.0000e+00 -4.0720e-03 3.0194e+02 0.0000e+00 0.0000e+00 0.0000e+00 0.0000e+00 3.0194e+02 -1.3374e-01 0.0000e+00 0.0000e+00 1.3374e-01 3.0175e+02 
2.0 2.5886e+02 -4.6649e-03 0.0000e+00 0.0000e+00 -4.6649e-03 2.5868e+02 0.0000e+00 0.0000e+00 0.0000e+00 0.0000e+00 2.5868e+02 -4.7665e-01 0.0000e+00 0.0000e+00 4.7665e-01 2.5850e+02 
3.0 2.1267e+02 7.3744e-03 0.0000e+00 0.0000e+00 7.3744e-03 2.1250e+02 0.0000e+00 0.0000e+00 0.0000e+00 0.0000e+00 2.1249e+02 -8.9993e-01 0.0000e+00 0.0000e+00 8.9993e-01 2.1233e+02 
4.0 1.7107e+02 2.8667e-02 0.0000e+00 0.0000e+00 2.8667e-02 1.7090e+02 0.0000e+00 0.0000e+00 0.0000e+00 0.0000e+00 1.7089e+02 -1.2869e+00 0.0000e+00 0.0000e+00 1.2869e+00 1.7074e+02 
5.0 1.3642e+02 5.1492e-02 0.0000e+00 0.0000e+00 5.1492e-02 1.3627e+02 0.0000e+00 0.0000e+00 0.0000e+00 0.0000e+00 1.3624e+02 -1.5730e+00 0.0000e+00 0.0000e+00 1.5730e+00 1.3611e+02 
6.0 1.0876e+02 6.9040e-02 0.0000e+00 0.0000e+00 6.9040e-02 1.0861e+02 0.0000e+00 0.0000e+00 0.0000e+00 0.0000e+00 1.0857e+02 -1.7389e+00 0.0000e+00 0.0000e+00 1.7389e+00 1.0845e+02 
7.0 8.7194e+01 7.7651e-02 0.0000e+00 0.0000e+00 7.7651e-02 8.7055e+01 0.0000e+00 0.0000e+00 0.0000e+00 0.0000e+00 8.6995e+01 -1.7933e+00 0.0000e+00 0.0000e+00 1.7933e+00 8.6888e+01 
8.0 7.0618e+01 7.7339e-02 0.0000e+00 0.0000e+00 7.7339e-02 7.0483e+01 0.0000e+00 0.0000e+00 0.0000e+00 0.0000e+00 7.0409e+01 -1.7599e+00 0.0000e+00 0.0000e+00 1.7599e+00 7.0312e+01 
9.0 5.7954e+01 7.0324e-02 0.0000e+00 0.0000e+00 7.0324e-02 5.7821e+01 0.0000e+00 0.0000e+00 0.0000e+00 0.0000e+00 5.7734e+01 -1.6670e+00 0.0000e+00 0.0000e+00 1.6670e+00 5.7646e+01 
10.0 4.8268e+01 5.9440e-02 0.0000e+00 0.0000e+00 5.9440e-02 4.8136e+01 0.0000e+00 0.0000e+00 0.0000e+00 0.0000e+00 4.8039e+01 -1.5401e+00 0.0000e+00 0.0000e+00 1.5401e+00 4.7959e+01 
11.0 4.0808e+01 4.7171e-02 0.0000e+00 0.0000e+00 4.7171e-02 4.0676e+01 0.0000e+00 0.0000e+00 0.0000e+00 0.0000e+00 4.0572e+01 -1.3983e+00 0.0000e+00 0.0000e+00 1.3983e+00 4.0500e+01 
12.0 3.4997e+01 3.5162e-02 0.0000e+00 0.0000e+00 3.5162e-02 3.4865e+01 0.0000e+00 0.0000e+00 0.0000e+00 0.0000e+00 3.4755e+01 -1.2548e+00 0.0000e+00 0.0000e+00 1.2548e+00 3.4689e+01 
13.0 3.0412e+01 2.4053e-02 0.0000e+00 0.0000e+00 2.4053e-02 3.0280e+01 0.0000e+00 0.0000e+00 0.0000e+00 0.0000e+00 3.0167e+01 -1.1169e+00 0.0000e+00 0.0000e+00 1.1169e+00 3.0107e+01 
14.0 2.6749e+01 1.4981e-02 0.0000e+00 0.0000e+00 1.4981e-02 2.6616e+01 0.0000e+00 0.0000e+00 0.0000e+00 0.0000e+00 2.6500e+01 -9.9107e-01 0.0000e+00 0.0000e+00 9.9107e-01 2.6447e+01 
15.0 2.3783e+01 7.5684e-03 0.0000e+00 0.0000e+00 7.5684e-03 2.3650e+01 0.0000e+00 0.0000e+00 0.0000e+00 0.0000e+00 2.3533e+01 -8.7767e-01 0.0000e+00 0.0000e+00 8.7767e-01 2.3485e+01 
16.0 2.1343e+01 2.3300e-03 0.0000e+00 0.0000e+00 2.3300e-03 2.1209e+01 0.0000e+00 0.0000e+00 0.0000e+00 0.0000e+00 2.1091e+01 -7.7785e-01 0.0000e+00 0.0000e+00 7.7785e-01 2.1049e+01 
17.0 1.9300e+01 -5.6597e-04 0.0000e+00 0.0000e+00 -5.6597e-04 1.9165e+01 0.0000e+00 0.0000e+00 0.0000e+00 0.0000e+00 1.9048e+01 -6.9099e-01 0.0000e+00 0.0000e+00 6.9099e-01 1.9010e+01 
18.0 1.7560e+01 -1.2384e-03 0.0000e+00 0.0000e+00 -1.2384e-03 1.7425e+01 0.0000e+00 0.0000e+00 0.0000e+00 0.0000e+00 1.7308e+01 -6.1575e-01 0.0000e+00 0.0000e+00 6.1575e-01 1.7275e+01 
19.0 1.6057e+01 -7.6732e-05 0.0000e+00 0.0000e+00 -7.6732e-05 1.5921e+01 0.0000e+00 0.0000e+00 0.0000e+00 0.0000e+00 1.5834e+01 -5.5038e-01 0.0000e+00 0.0000e+00 5.5038e-01 1.5809e+01 
20.0 1.4743e+01 2.3284e-03 0.0000e+00 0.0000e+00 2.3284e-03 1.4606e+01 0.0000e+00 0.0000e+00 0.0000e+00 0.0000e+00 1.4545e+01 -4.9312e-01 0.0000e+00 0.0000e+00 4.9312e-01 1.4527e+01 
21.0 1.3583e+01 5.3363e-03 0.0000e+00 0.0000e+00 5.3363e-03 1.3445e+01 0.0000e+00 0.0000e+00 0.0000e+00 0.0000e+00 1.3406e+01 -4.4242e-01 0.0000e+00 0.0000e+00 4.4242e-01 1.3394e+01 
22.0 1.2551e+01 8.4019e-03 0.0000e+00 0.0000e+00 8.4019e-03 1.2412e+01 0.0000e+00 0.0000e+00 0.0000e+00 0.0000e+00 1.2393e+01 -3.9710e-01 0.0000e+00 0.0000e+00 3.9710e-01 1.2386e+01 
23.0 1.1625e+01 1.1164e-02 0.0000e+00 0.0000e+00 1.1164e-02 1.1485e+01 0.0000e+00 0.0000e+00 0.0000e+00 0.0000e+00 1.1484e+01 -3.5626e-01 0.0000e+00 0.0000e+00 3.5626e-01 1.1482e+01 
24.0 1.0791e+01 1.3455e-02 0.0000e+00 0.0000e+00 1.3455e-02 1.0650e+01 0.0000e+00 0.0000e+00 0.0000e+00 0.0000e+00 1.0665e+01 -3.1917e-01 0.0000e+00 0.0000e+00 3.1917e-01 1.0666e+01 
25.0 1.0036e+01 1.5253e-02 0.0000e+00 0.0000e+00 1.5253e-02 9.8935e+00 0.0000e+00 0.0000e+00 0.0000e+00 0.0000e+00 9.9234e+00 -2.8523e-01 0.0000e+00 0.0000e+00 2.8523e-01 9.9275e+00 
26.0 9.3495e+00 1.6597e-02 0.0000e+00 0.0000e+00 1.6597e-02 9.2056e+00 0.0000e+00 0.0000e+00 0.0000e+00 0.0000e+00 9.2487e+00 -2.5400e-01 0.0000e+00 0.0000e+00 2.5400e-01 9.2555e+00 
27.0 8.7235e+00 1.7509e-02 0.0000e+00 0.0000e+00 1.7509e-02 8.5782e+00 0.0000e+00 0.0000e+00 0.0000e+00 0.0000e+00 8.6334e+00 -2.2515e-01 0.0000e+00 0.0000e+00 2.2515e-01 8.6426e+00 
28.0 8.1513e+00 1.7974e-02 0.0000e+00 0.0000e+00 1.7974e-02 8.0046e+00 0.0000e+00 0.0000e+00 0.0000e+00 0.0000e+00 8.0708e+00 -1.9840e-01 0.0000e+00 0.0000e+00 1.9840e-01 8.0820e+00 
29.0 7.6273e+00 1.7974e-02 0.0000e+00 0.0000e+00 1.7974e-02 7.4792e+00 0.0000e+00 0.0000e+00 0.0000e+00 0.0000e+00 7.5554e+00 -1.7355e-01 0.0000e+00 0.0000e+00 1.7355e-01 7.5683e+00 
30.0 7.1463e+00 1.7513e-02 0.0000e+00 0.0000e+00 1.7513e-02 6.9969e+00 0.0000e+00 0.0000e+00 0.0000e+00 0.0000e+00 7.0822e+00 -1.5042e-01 0.0000e+00 0.0000e+00 1.5042e-01 7.0966e+00 
31.0 6.7040e+00 1.6653e-02 0.0000e+00 0.0000e+00 1.6653e-02 6.5532e+00 0.0000e+00 0.0000e+00 0.0000e+00 0.0000e+00 6.6198e+00 -1.2892e-01 0.0000e+00 0.0000e+00 1.2892e-01 6.6373e+00 
32.0 6.2960e+00 1.5500e-02 0.0000e+00 0.0000e+00 1.5500e-02 6.1439e+00 0.0000e+00 0.0000e+00 0.0000e+00 0.0000e+00 6.1934e+00 -1.0902e-01 0.0000e+00 0.0000e+00 1.0902e-01 6.2138e+00 
33.0 5.9188e+00 1.4174e-02 0.0000e+00 0.0000e+00 1.4174e-02 5.7654e+00 0.0000e+00 0.0000e+00 0.0000e+00 0.0000e+00 5.7992e+00 -9.0675e-02 0.0000e+00 0.0000e+00 9.0675e-02 5.8225e+00 
34.0 5.5690e+00 1.2793e-02 0.0000e+00 0.0000e+00 1.2793e-02 5.4144e+00 0.0000e+00 0.0000e+00 0.0000e+00 0.0000e+00 5.4342e+00 -7.3823e-02 0.0000e+00 0.0000e+00 7.3823e-02 5.4601e+00 
35.0 5.2437e+00 1.1437e-02 0.0000e+00 0.0000e+00 1.1437e-02 5.0879e+00 0.0000e+00 0.0000e+00 0.0000e+00 0.0000e+00 5.0953e+00 -5.8336e-02 0.0000e+00 0.0000e+00 5.8336e-02 5.1239e+00 
36.0 4.9407e+00 1.0133e-02 0.0000e+00 0.0000e+00 1.0133e-02 4.7838e+00 0.0000e+00 0.0000e+00 0.0000e+00 0.0000e+00 4.7801e+00 -4.4024e-02 0.0000e+00 0.0000e+00 4.4024e-02 4.8111e+00 
37.0 4.6582e+00 8.8501e-03 0.0000e+00 0.0000e+00 8.8501e-03 4.5002e+00 0.0000e+00 0.0000e+00 0.0000e+00 0.0000e+00 4.4864e+00 -3.0668e-02 0.0000e+00 0.0000e+00 3.0668e-02 4.5199e+00 
38.0 4.3947e+00 7.5104e-03 0.0000e+00 0.0000e+00 7.5104e-03 4.2357e+00 0.0000e+00 0.0000e+00 0.0000e+00 0.0000e+00 4.2128e+00 -1.8077e-02 0.0000e+00 0.0000e+00 1.8077e-02 4.2485e+00 
39.0 4.1492e+00 6.0223e-03 0.0000e+00 0.0000e+00 6.0223e-03 3.9892e+00 0.0000e+00 0.0000e+00 0.0000e+00 0.0000e+00 3.9578e+00 -6.1251e-03 0.0000e+00 0.0000e+00 6.1251e-03 3.9957e+00 
40.0 3.9207e+00 4.3135e-03 0.0000e+00 0.0000e+00 4.3135e-03 3.7598e+00 0.0000e+00 0.0000e+00 0.0000e+00 0.0000e+00 3.7203e+00 5.2465e-03 0.0000e+00 0.0000e+00 -5.2465e-03 3.7603e+00 
41.0 3.7081e+00 2.3526e-03 0.0000e+00 0.0000e+00 2.3526e-03 3.5464e+00 0.0000e+00 0.0000e+00 0.0000e+00 0.0000e+00 3.4991e+00 1.6041e-02 0.0000e+00 0.0000e+00 -1.6041e-02 3.5413e+00 
42.0 3.5104e+00 1.5091e-04 0.0000e+00 0.0000e+00 1.5091e-04 3.3478e+00 0.0000e+00 0.0000e+00 0.0000e+00 0.0000e+00 3.2933e+00 2.6245e-02 0.0000e+00 0.0000e+00 -2.6245e-02 3.3373e+00 
43.0 3.3263e+00 -2.2569e-03 0.0000e+00 0.0000e+00 -2.2569e-03 3.1631e+00 0.0000e+00 0.0000e+00 0.0000e+00 0.0000e+00 3.1014e+00 3.5857e-02 0.0000e+00 0.0000e+00 -3.5857e-02 3.1473e+00 
44.0 3.1548e+00 -4.8276e-03 0.0000e+00 0.0000e+00 -4.8276e-03 2.9909e+00 0.0000e+00 0.0000e+00 0.0000e+00 0.0000e+00 2.9224e+00 4.4908e-02 0.0000e+00 0.0000e+00 -4.4908e-02 2.9700e+00 
45.0 2.9948e+00 -7.5218e-03 0.0000e+00 0.0000e+00 -7.5218e-03 2.8303e+00 0.0000e+00 0.0000e+00 0.0000e+00 0.0000e+00 2.7552e+00 5.3447e-02 0.0000e+00 0.0000e+00 -5.3447e-02 2.8045e+00 
46.0 2.8453e+00 -1.0307e-02 0.0000e+00 0.0000e+00 -1.0307e-02 2.6803e+00 0.0000e+00 0.0000e+00 0.0000e+00 0.0000e+00 2.5989e+00 6.1536e-02 0.0000e+00 0.0000e+00 -6.1536e-02 2.6498e+00 
47.0 2.7057e+00 -1.3156e-02 0.0000e+00 0.0000e+00 -1.3156e-02 2.5402e+00 0.0000e+00 0.0000e+00 0.0000e+00 0.0000e+00 2.4527e+00 6.9234e-02 0.0000e+00 0.0000e+00 -6.9234e-02 2.5052e+00 
48.0 2.5751e+00 -1.6050e-02 0.0000e+00 0.0000e+00 -1.6050e-02 2.4091e+00 0.0000e+00 0.0000e+00 0.0000e+00 0.0000e+00 2.3159e+00 7.6592e-02 0.0000e+00 0.0000e+00 -7.6592e-02 2.3699e+00 
49.0 2.4530e+00 -1.8975e-02 0.0000e+00 0.0000e+00 -1.8975e-02 2.2866e+00 0.0000e+00 0.0000e+00 0.0000e+00 0.0000e+00 2.1879e+00 8.3646e-02 0.0000e+00 0.0000e+00 -8.3646e-02 2.2433e+00 
50.0 2.3388e+00 -2.1924e-02 0.0000e+00 0.0000e+00 -2.1924e-02 2.1720e+00 0.0000e+00 0.0000e+00 0.0000e+00 0.0000e+00 2.0680e+00 9.0426e-02 0.0000e+00 0.0000e+00 -9.0426e-02 2.1248e+00 
51.0 2.2319e+00 -2.4895e-02 0.0000e+00 0.0000e+00 -2.4895e-02 2.0648e+00 0.0000e+00 0.0000e+00 0.0000e+00 0.0000e+00 1.9558e+00 9.6967e-02 0.0000e+00 0.0000e+00 -9.6967e-02 2.0139e+00 
52.0 2.1319e+00 -2.7893e-02 0.0000e+00 0.0000e+00 -2.7893e-02 1.9645e+00 0.0000e+00 0.0000e+00 0.0000e+00 0.0000e+00 1.8506e+00 1.0330e-01 0.0000e+00 0.0000e+00 -1.0330e-01 1.9100e+00 
53.0 2.0384e+00 -3.0928e-02 0.0000e+00 0.0000e+00 -3.0928e-02 1.8706e+00 0.0000e+00 0.0000e+00 0.0000e+00 0.0000e+00 1.7520e+00 1.0947e-01 0.0000e+00 0.0000e+00 -1.0947e-01 1.8126e+00 
54.0 1.9508e+00 -3.4010e-02 0.0000e+00 0.0000e+00 -3.4010e-02 1.7828e+00 0.0000e+00 0.0000e+00 0.0000e+00 0.0000e+00 1.6595e+00 1.1550e-01 0.0000e+00 0.0000e+00 -1.1550e-01 1.7214e+00 
55.0 1.8689e+00 -3.7142e-02 0.0000e+00 0.0000e+00 -3.7142e-02 1.7006e+00 0.0000e+00 0.0000e+00 0.0000e+00 0.0000e+00 1.5728e+00 1.2140e-01 0.0000e+00 0.0000e+00 -1.2140e-01 1.6358e+00 
56.0 1.7924e+00 -4.0323e-02 0.0000e+00 0.0000e+00 -4.0323e-02 1.6237e+00 0.0000e+00 0.0000e+00 0.0000e+00 0.0000e+00 1.4915e+00 1.2718e-01 0.0000e+00 0.0000e+00 -1.2718e-01 1.5557e+00 
57.0 1.7208e+00 -4.3538e-02 0.0000e+00 0.0000e+00 -4.3538e-02 1.5519e+00 0.0000e+00 0.0000e+00 0.0000e+00 0.0000e+00 1.4153e+00 1.3282e-01 0.0000e+00 0.0000e+00 -1.3282e-01 1.4805e+00 
58.0 1.6539e+00 -4.6768e-02 0.0000e+00 0.0000e+00 -4.6768e-02 1.4847e+00 0.0000e+00 0.0000e+00 0.0000e+00 0.0000e+00 1.3437e+00 1.3833e-01 0.0000e+00 0.0000e+00 -1.3833e-01 1.4101e+00 
59.0 1.5914e+00 -4.9993e-02 0.0000e+00 0.0000e+00 -4.9993e-02 1.4218e+00 0.0000e+00 0.0000e+00 0.0000e+00 0.0000e+00 1.2765e+00 1.4371e-01 0.0000e+00 0.0000e+00 -1.4371e-01 1.3440e+00 
60.0 1.5329e+00 -5.3203e-02 0.0000e+00 0.0000e+00 -5.3203e-02 1.3631e+00 0.0000e+00 0.0000e+00 0.0000e+00 0.0000e+00 1.2134e+00 1.4897e-01 0.0000e+00 0.0000e+00 -1.4897e-01 1.2820e+00 
61.0 1.4782e+00 -5.6400e-02 0.0000e+00 0.0000e+00 -5.6400e-02 1.3081e+00 0.0000e+00 0.0000e+00 0.0000e+00 0.0000e+00 1.1541e+00 1.5412e-01 0.0000e+00 0.0000e+00 -1.5412e-01 1.2238e+00 
62.0 1.4271e+00 -5.9590e-02 0.0000e+00 0.0000e+00 -5.9590e-02 1.2566e+00 0.0000e+00 0.0000e+00 0.0000e+00 0.0000e+00 1.0983e+00 1.5915e-01 0.0000e+00 0.0000e+00 -1.5915e-01 1.1692e+00 
63.0 1.3793e+00 -6.2784e-02 0.0000e+00 0.0000e+00 -6.2784e-02 1.2084e+00 0.0000e+00 0.0000e+00 0.0000e+00 0.0000e+00 1.0459e+00 1.6406e-01 0.0000e+00 0.0000e+00 -1.6406e-01 1.1179e+00 
64.0 1.3345e+00 -6.5985e-02 0.0000e+00 0.0000e+00 -6.5985e-02 1.1633e+00 0.0000e+00 0.0000e+00 0.0000e+00 0.0000e+00 9.9654e-01 1.6882e-01 0.0000e+00 0.0000e+00 -1.6882e-01 1.0698e+00 
65.0 1.2926e+00 -6.9186e-02 0.0000e+00 0.0000e+00 -6.9186e-02 1.1210e+00 0.0000e+00 0.0000e+00 0.0000e+00 0.0000e+00 9.5009e-01 1.7339e-01 0.0000e+00 0.0000e+00 -1.7339e-01 1.0245e+00 
66.0 1.2533e+00 -7.2369e-02 0.0000e+00 0.0000e+00 -7.2369e-02 1.0814e+00 0.0000e+00 0.0000e+00 0.0000e+00 0.0000e+00 9.0630e-01 1.7775e-01 0.0000e+00 0.0000e+00 -1.7775e-01 9.8199e-01 
67.0 1.2165e+00 -7.5516e-02 0.0000e+00 0.0000e+00 -7.5516e-02 1.0441e+00 0.0000e+00 0.0000e+00 0.0000e+00 0.0000e+00 8.6498e-01 1.8187e-01 0.0000e+00 0.0000e+00 -1.8187e-01 9.4193e-01 
68.0 1.1818e+00 -7.8609e-02 0.0000e+00 0.0000e+00 -7.8609e-02 1.0090e+00 0.0000e+00 0.0000e+00 0.0000e+00 0.0000e+00 8.2592e-01 1.8576e-01 0.0000e+00 0.0000e+00 -1.8576e-01 9.0417e-01 
69.0 1.1492e+00 -8.1642e-02 0.0000e+00 0.0000e+00 -8.1642e-02 9.7598e-01 0.0000e+00 0.0000e+00 0.0000e+00 0.0000e+00 7.8895e-01 1.8939e-01 0.0000e+00 0.0000e+00 -1.8939e-01 8.6853e-01 
70.0 1.1185e+00 -8.4613e-02 0.0000e+00 0.0000e+00 -8.4613e-02 9.4481e-01 0.0000e+00 0.0000e+00 0.0000e+00 0.0000e+00 7.5391e-01 1.9275e-01 0.0000e+00 0.0000e+00 -1.9275e-01 8.3484e-01 
71.0 1.0895e+00 -8.7516e-02 0.0000e+00 0.0000e+00 -8.7516e-02 9.1535e-01 0.0000e+00 0.0000e+00 0.0000e+00 0.0000e+00 7.2065e-01 1.9584e-01 0.0000e+00 0.0000e+00 -1.9584e-01 8.0296e-01 
72.0 1.0621e+00 -9.0344e-02 0.0000e+00 0.0000e+00 -9.0344e-02 8.8747e-01 0.0000e+00 0.0000e+00 0.0000e+00 0.0000e+00 6.8904e-01 1.9864e-01 0.0000e+00 0.0000e+00 -1.9864e-01 7.7275e-01 
73.0 1.0361e+00 -9.3085e-02 0.0000e+00 0.0000e+00 -9.3085e-02 8.6105e-01 0.0000e+00 0.0000e+00 0.0000e+00 0.0000e+00 6.5895e-01 2.0115e-01 0.0000e+00 0.0000e+00 -2.0115e-01 7.4408e-01 
74.0 1.0115e+00 -9.5730e-02 0.0000e+00 0.0000e+00 -9.5730e-02 8.3597e-01 0.0000e+00 0.0000e+00 0.0000e+00 0.0000e+00 6.3027e-01 2.0335e-01 0.0000e+00 0.0000e+00 -2.0335e-01 7.1683e-01 
75.0 9.8804e-01 -9.8269e-02 0.0000e+00 0.0000e+00 -9.8269e-02 8.1213e-01 0.0000e+00 0.0000e+00 0.0000e+00 0.0000e+00 6.0288e-01 2.0526e-01 0.0000e+00 0.0000e+00 -2.0526e-01 6.9089e-01 
76.0 9.6574e-01 -1.0069e-01 0.0000e+00 0.0000e+00 -1.0069e-01 7.8942e-01 0.0000e+00 0.0000e+00 0.0000e+00 0.0000e+00 5.7670e-01 2.0687e-01 0.0000e+00 0.0000e+00 -2.0687e-01 6.6615e-01 
77.0 9.4448e-01 -1.0299e-01 0.0000e+00 0.0000e+00 -1.0299e-01 7.6776e-01 0.0000e+00 0.0000e+00 0.0000e+00 0.0000e+00 5.5163e-01 2.0820e-01 0.0000e+00 0.0000e+00 -2.0820e-01 6.4252e-01 
78.0 9.2417e-01 -1.0516e-01 0.0000e+00 0.0000e+00 -1.0516e-01 7.4707e-01 0.0000e+00 0.0000e+00 0.0000e+00 0.0000e+00 5.2761e-01 2.0925e-01 0.0000e+00 0.0000e+00 -2.0925e-01 6.1993e-01 
79.0 9.0475e-01 -1.0719e-01 0.0000e+00 0.0000e+00 -1.0719e-01 7.2730e-01 0.0000e+00 0.0000e+00 0.0000e+00 0.0000e+00 5.0456e-01 2.1003e-01 0.0000e+00 0.0000e+00 -2.1003e-01 5.9830e-01 
80.0 8.8616e-01 -1.0909e-01 0.0000e+00 0.0000e+00 -1.0909e-01 7.0838e-01 0.0000e+00 0.0000e+00 0.0000e+00 0.0000e+00 4.8241e-01 2.1056e-01 0.0000e+00 0.0000e+00 -2.1056e-01 5.7756e-01 
81.0 8.6834e-01 -1.1084e-01 0.0000e+00 0.0000e+00 -1.1084e-01 6.9026e-01 0.0000e+00 0.0000e+00 0.0000e+00 0.0000e+00 4.6113e-01 2.1084e-01 0.0000e+00 0.0000e+00 -2.1084e-01 5.5767e-01 
82.0 8.5124e-01 -1.1246e-01 0.0000e+00 0.0000e+00 -1.1246e-01 6.7289e-01 0.0000e+00 0.0000e+00 0.0000e+00 0.0000e+00 4.4063e-01 2.1087e-01 0.0000e+00 0.0000e+00 -2.1087e-01 5.3855e-01 
83.0 8.3483e-01 -1.1393e-01 0.0000e+00 0.0000e+00 -1.1393e-01 6.5623e-01 0.0000e+00 0.0000e+00 0.0000e+00 0.0000e+00 4.2089e-01 2.1068e-01 0.0000e+00 0.0000e+00 -2.1068e-01 5.2016e-01 
84.0 8.1906e-01 -1.1526e-01 0.0000e+00 0.0000e+00 -1.1526e-01 6.4022e-01 0.0000e+00 0.0000e+00 0.0000e+00 0.0000e+00 4.0183e-01 2.1027e-01 0.0000e+00 0.0000e+00 -2.1027e-01 5.0245e-01 
85.0 8.0389e-01 -1.1644e-01 0.0000e+00 0.0000e+00 -1.1644e-01 6.2483e-01 0.0000e+00 0.0000e+00 0.0000e+00 0.0000e+00 3.8343e-01 2.0967e-01 0.0000e+00 0.0000e+00 -2.0967e-01 4.8537e-01 
86.0 7.8929e-01 -1.1749e-01 0.0000e+00 0.0000e+00 -1.1749e-01 6.1003e-01 0.0000e+00 0.0000e+00 0.0000e+00 0.0000e+00 3.6564e-01 2.0887e-01 0.0000e+00 0.0000e+00 -2.0887e-01 4.6889e-01 
87.0 7.7524e-01 -1.1839e-01 0.0000e+00 0.0000e+00 -1.1839e-01 5.9578e-01 0.0000e+00 0.0000e+00 0.0000e+00 0.0000e+00 3.4843e-01 2.0789e-01 0.0000e+00 0.0000e+00 -2.0789e-01 4.5297e-01 
88.0 7.6170e-01 -1.1915e-01 0.0000e+00 0.0000e+00 -1.1915e-01 5.8204e-01 0.0000e+00 0.0000e+00 0.0000e+00 0.0000e+00 3.3175e-01 2.0675e-01 0.0000e+00 0.0000e+00 -2.0675e-01 4.3757e-01 
89.0 7.4866e-01 -1.1977e-01 0.0000e+00 0.0000e+00 -1.1977e-01 5.6880e-01 0.0000e+00 0.0000e+00 0.0000e+00 0.0000e+00 3.1557e-01 2.0545e-01 0.0000e+00 0.0000e+00 -2.0545e-01 4.2266e-01 
90.0 7.3609e-01 -1.2026e-01 0.0000e+00 0.0000e+00 -1.2026e-01 5.5602e-01 0.0000e+00 0.0000e+00 0.0000e+00 0.0000e+00 2.9988e-01 2.0401e-01 0.0000e+00 0.0000e+00 -2.0401e-01 4.0821e-01 
91.0 7.2397e-01 -1.2062e-01 0.0000e+00 0.0000e+00 -1.2062e-01 5.4369e-01 0.0000e+00 0.0000e+00 0.0000e+00 0.0000e+00 2.8463e-01 2.0244e-01 0.0000e+00 0.0000e+00 -2.0244e-01 3.9420e-01 
92.0 7.1228e-01 -1.2086e-01 0.0000e+00 0.0000e+00 -1.2086e-01 5.3179e-01 0.0000e+00 0.0000e+00 0.0000e+00 0.0000e+00 2.6980e-01 2.0075e-01 0.0000e+00 0.0000e+00 -2.0075e-01 3.8060e-01 
93.0 7.0100e-01 -1.2098e-01 0.0000e+00 0.0000e+00 -1.2098e-01 5.2029e-01 0.0000e+00 0.0000e+00 0.0000e+00 0.0000e+00 2.5538e-01 1.9896e-01 0.0000e+00 0.0000e+00 -1.9896e-01 3.6738e-01 
94.0 6.9010e-01 -1.2098e-01 0.0000e+00 0.0000e+00 -1.2098e-01 5.0919e-01 0.0000e+00 0.0000e+00 0.0000e+00 0.0000e+00 2.4135e-01 1.9707e-01 0.0000e+00 0.0000e+00 -1.9707e-01 3.5454e-01 
95.0 6.7958e-01 -1.2086e-01 0.0000e+00 0.0000e+00 -1.2086e-01 4.9846e-01 0.0000e+00 0.0000e+00 0.0000e+00 0.0000e+00 2.2769e-01 1.9508e-01 0.0000e+00 0.0000e+00 -1.9508e-01 3.4205e-01 
96.0 6.6941e-01 -1.2063e-01 0.0000e+00 0.0000e+00 -1.2063e-01 4.8811e-01 0.0000e+00 0.0000e+00 0.0000e+00 0.0000e+00 2.1438e-01 1.9301e-01 0.0000e+00 0.0000e+00 -1.9301e-01 3.2989e-01 
97.0 6.5959e-01 -1.2029e-01 0.0000e+00 0.0000e+00 -1.2029e-01 4.7811e-01 0.0000e+00 0.0000e+00 0.0000e+00 0.0000e+00 2.0142e-01 1.9086e-01 0.0000e+00 0.0000e+00 -1.9086e-01 3.1803e-01 
98.0 6.5010e-01 -1.1982e-01 0.0000e+00 0.0000e+00 -1.1982e-01 4.6847e-01 0.0000e+00 0.0000e+00 0.0000e+00 0.0000e+00 1.8879e-01 1.8864e-01 0.0000e+00 0.0000e+00 -1.8864e-01 3.0648e-01 
99.0 6.4094e-01 -1.1925e-01 0.0000e+00 0.0000e+00 -1.1925e-01 4.5918e-01 0.0000e+00 0.0000e+00 0.0000e+00 0.0000e+00 1.7648e-01 1.8637e-01 0.0000e+00 0.0000e+00 -1.8637e-01 2.9519e-01 
100.0 6.3210e-01 -1.1857e-01 0.0000e+00 0.0000e+00 -1.1857e-01 4.5024e-01 0.0000e+00 0.0000e+00 0.0000e+00 0.0000e+00 1.6449e-01 1.8406e-01 0.0000e+00 0.0000e+00 -1.8406e-01 2.8417e-01 
101.0 6.2357e-01 -1.1779e-01 0.0000e+00 0.0000e+00 -1.1779e-01 4.4165e-01 0.0000e+00 0.0000e+00 0.0000e+00 0.0000e+00 1.5280e-01 1.8173e-01 0.0000e+00 0.0000e+00 -1.8173e-01 2.7340e-01 
102.0 6.1534e-01 -1.1692e-01 0.0000e+00 0.0000e+00 -1.1692e-01 4.3340e-01 0.0000e+00 0.0000e+00 0.0000e+00 0.0000e+00 1.4140e-01 1.7937e-01 0.0000e+00 0.0000e+00 -1.7937e-01 2.6287e-01 
103.0 6.0741e-01 -1.1595e-01 0.0000e+00 0.0000e+00 -1.1595e-01 4.2547e-01 0.0000e+00 0.0000e+00 0.0000e+00 0.0000e+00 1.3030e-01 1.7700e-01 0.0000e+00 0.0000e+00 -1.7700e-01 2.5257e-01 
104.0 5.9977e-01 -1.1489e-01 0.0000e+00 0.0000e+00 -1.1489e-01 4.1788e-01 0.0000e+00 0.0000e+00 0.0000e+00 0.0000e+00 1.1948e-01 1.7461e-01 0.0000e+00 0.0000e+00 -1.7461e-01 2.4250e-01 
105.0 5.9242e-01 -1.1373e-01 0.0000e+00 0.0000e+00 -1.1373e-01 4.1060e-01 0.0000e+00 0.0000e+00 0.0000e+00 0.0000e+00 1.0895e-01 1.7222e-01 0.0000e+00 0.0000e+00 -1.7222e-01 2.3265e-01 
106.0 5.8536e-01 -1.1247e-01 0.0000e+00 0.0000e+00 -1.1247e-01 4.0364e-01 0.0000e+00 0.0000e+00 0.0000e+00 0.0000e+00 9.8688e-02 1.6982e-01 0.0000e+00 0.0000e+00 -1.6982e-01 2.2302e-01 
107.0 5.7858e-01 -1.1110e-01 0.0000e+00 0.0000e+00 -1.1110e-01 3.9699e-01 0.0000e+00 0.0000e+00 0.0000e+00 0.0000e+00 8.8692e-02 1.6742e-01 0.0000e+00 0.0000e+00 -1.6742e-01 2.1362e-01 
108.0 5.7208e-01 -1.0963e-01 0.0000e+00 0.0000e+00 -1.0963e-01 3.9064e-01 0.0000e+00 0.0000e+00 0.0000e+00 0.0000e+00 7.8950e-02 1.6503e-01 0.0000e+00 0.0000e+00 -1.6503e-01 2.0442e-01 
109.0 5.6586e-01 -1.0806e-01 0.0000e+00 0.0000e+00 -1.0806e-01 3.8456e-01 0.0000e+00 0.0000e+00 0.0000e+00 0.0000e+00 6.9446e-02 1.6264e-01 0.0000e+00 0.0000e+00 -1.6264e-01 1.9543e-01 
110.0 5.5989e-01 -1.0639e-01 0.0000e+00 0.0000e+00 -1.0639e-01 3.7875e-01 0.0000e+00 0.0000e+00 0.0000e+00 0.0000e+00 6.0166e-02 1.6028e-01 0.0000e+00 0.0000e+00 -1.6028e-01 1.8663e-01 
111.0 5.5418e-01 -1.0462e-01 0.0000e+00 0.0000e+00 -1.0462e-01 3.7319e-01 0.0000e+00 0.0000e+00 0.0000e+00 0.0000e+00 5.1095e-02 1.5792e-01 0.0000e+00 0.0000e+00 -1.5792e-01 1.7803e-01 
112.0 5.4870e-01 -1.0276e-01 0.0000e+00 0.0000e+00 -1.0276e-01 3.6785e-01 0.0000e+00 0.0000e+00 0.0000e+00 0.0000e+00 4.2221e-02 1.5558e-01 0.0000e+00 0.0000e+00 -1.5558e-01 1.6961e-01 
113.0 5.4346e-01 -1.0082e-01 0.0000e+00 0.0000e+00 -1.0082e-01 3.6273e-01 0.0000e+00 0.0000e+00 0.0000e+00 0.0000e+00 3.3534e-02 1.5326e-01 0.0000e+00 0.0000e+00 -1.5326e-01 1.6137e-01 
114.0 5.3845e-01 -9.8795e-02 0.0000e+00 0.0000e+00 -9.8795e-02 3.5782e-01 0.0000e+00 0.0000e+00 0.0000e+00 0.0000e+00 2.5027e-02 1.5095e-01 0.0000e+00 0.0000e+00 -1.5095e-01 1.5330e-01 
115.0 5.3365e-01 -9.6702e-02 0.0000e+00 0.0000e+00 -9.6702e-02 3.5310e-01 0.0000e+00 0.0000e+00 0.0000e+00 0.0000e+00 1.6697e-02 1.4867e-01 0.0000e+00 0.0000e+00 -1.4867e-01 1.4540e-01 
116.0 5.2907e-01 -9.4545e-02 0.0000e+00 0.0000e+00 -9.4545e-02 3.4859e-01 0.0000e+00 0.0000e+00 0.0000e+00 0.0000e+00 8.5437e-03 1.4640e-01 0.0000e+00 0.0000e+00 -1.4640e-01 1.3767e-01 
117.0 5.2470e-01 -9.2330e-02 0.0000e+00 0.0000e+00 -9.2330e-02 3.4426e-01 0.0000e+00 0.0000e+00 0.0000e+00 0.0000e+00 5.6957e-04 1.4417e-01 0.0000e+00 0.0000e+00 -1.4417e-01 1.3011e-01 
118.0 5.2054e-01 -9.0063e-02 0.0000e+00 0.0000e+00 -9.0063e-02 3.4013e-01 0.0000e+00 0.0000e+00 0.0000e+00 0.0000e+00 -7.2239e-03 1.4196e-01 0.0000e+00 0.0000e+00 -1.4196e-01 1.2273e-01 
119.0 5.1659e-01 -8.7748e-02 0.0000e+00 0.0000e+00 -8.7748e-02 3.3619e-01 0.0000e+00 0.0000e+00 0.0000e+00 0.0000e+00 -1.4838e-02 1.3977e-01 0.0000e+00 0.0000e+00 -1.3977e-01 1.1551e-01 
120.0 5.1282e-01 -8.5395e-02 0.0000e+00 0.0000e+00 -8.5395e-02 3.3244e-01 0.0000e+00 0.0000e+00 0.0000e+00 0.0000e+00 -2.2277e-02 1.3761e-01 0.0000e+00 0.0000e+00 -1.3761e-01 1.0847e-01 
121.0 5.0924e-01 -8.3011e-02 0.0000e+00 0.0000e+00 -8.3011e-02 3.2884e-01 0.0000e+00 0.0000e+00 0.0000e+00 0.0000e+00 -2.9548e-02 1.3545e-01 0.0000e+00 0.0000e+00 -1.3545e-01 1.0158e-01 
122.0 5.0580e-01 -8.0599e-02 0.0000e+00 0.0000e+00 -8.0599e-02 3.2538e-01 0.0000e+00 0.0000e+00 0.0000e+00 0.0000e+00 -3.6660e-02 1.3329e-01 0.0000e+00 0.0000e+00 -1.3329e-01 9.4853e-02 
123.0 5.0252e-01 -7.8156e-02 0.0000e+00 0.0000e+00 -7.8156e-02 3.2207e-01 0.0000e+00 0.0000e+00 0.0000e+00 0.0000e+00 -4.3619e-02 1.3112e-01 0.0000e+00 0.0000e+00 -1.3112e-01 8.8273e-02 
124.0 4.9939e-01 -7.5678e-02 0.0000e+00 0.0000e+00 -7.5678e-02 3.1889e-01 0.0000e+00 0.0000e+00 0.0000e+00 0.0000e+00 -5.0428e-02 1.2893e-01 0.0000e+00 0.0000e+00 -1.2893e-01 8.1839e-02 
125.0 4.9642e-01 -7.3164e-02 0.0000e+00 0.0000e+00 -7.3164e-02 3.1586e-01 0.0000e+00 0.0000e+00 0.0000e+00 0.0000e+00 -5.7094e-02 1.2673e-01 0.0000e+00 0.0000e+00 -1.2673e-01 7.5546e-02 
126.0 4.9362e-01 -7.0619e-02 0.0000e+00 0.0000e+00 -7.0619e-02 3.1298e-01 0.0000e+00 0.0000e+00 0.0000e+00 0.0000e+00 -6.3621e-02 1.2452e-01 0.0000e+00 0.0000e+00 -1.2452e-01 6.9389e-02 
127.0 4.9098e-01 -6.8046e-02 0.0000e+00 0.0000e+00 -6.8046e-02 3.1024e-01 0.0000e+00 0.0000e+00 0.0000e+00 0.0000e+00 -7.0017e-02 1.2229e-01 0.0000e+00 0.0000e+00 -1.2229e-01 6.3363e-02 
128.0 4.8849e-01 -6.5448e-02 0.0000e+00 0.0000e+00 -6.5448e-02 3.0764e-01 0.0000e+00 0.0000e+00 0.0000e+00 0.0000e+00 -7.6288e-02 1.2003e-01 0.0000e+00 0.0000e+00 -1.2003e-01 5.7464e-02 
129.0 4.8615e-01 -6.2825e-02 0.0000e+00 0.0000e+00 -6.2825e-02 3.0515e-01 0.0000e+00 0.0000e+00 0.0000e+00 0.0000e+00 -8.2444e-02 1.1772e-01 0.0000e+00 0.0000e+00 -1.1772e-01 5.1685e-02 
130.0 4.8397e-01 -6.0168e-02 0.0000e+00 0.0000e+00 -6.0168e-02 3.0279e-01 0.0000e+00 0.0000e+00 0.0000e+00 0.0000e+00 -8.8494e-02 1.1537e-01 0.0000e+00 0.0000e+00 -1.1537e-01 4.6017e-02 
131.0 4.8194e-01 -5.7471e-02 0.0000e+00 0.0000e+00 -5.7471e-02 3.0056e-01 0.0000e+00 0.0000e+00 0.0000e+00 0.0000e+00 -9.4450e-02 1.1299e-01 0.0000e+00 0.0000e+00 -1.1299e-01 4.0447e-02 
132.0 4.8007e-01 -5.4725e-02 0.0000e+00 0.0000e+00 -5.4725e-02 2.9846e-01 0.0000e+00 0.0000e+00 0.0000e+00 0.0000e+00 -1.0032e-01 1.1058e-01 0.0000e+00 0.0000e+00 -1.1058e-01 3.4961e-02 
133.0 4.7838e-01 -5.1930e-02 0.0000e+00 0.0000e+00 -5.1930e-02 2.9652e-01 0.0000e+00 0.0000e+00 0.0000e+00 0.0000e+00 -1.0612e-01 1.0817e-01 0.0000e+00 0.0000e+00 -1.0817e-01 2.9551e-02 
134.0 4.7686e-01 -4.9090e-02 0.0000e+00 0.0000e+00 -4.9090e-02 2.9474e-01 0.0000e+00 0.0000e+00 0.0000e+00 0.0000e+00 -1.1183e-01 1.0575e-01 0.0000e+00 0.0000e+00 -1.0575e-01 2.4209e-02 
135.0 4.7553e-01 -4.6209e-02 0.0000e+00 0.0000e+00 -4.6209e-02 2.9313e-01 0.0000e+00 0.0000e+00 0.0000e+00 0.0000e+00 -1.1748e-01 1.0333e-01 0.0000e+00 0.0000e+00 -1.0333e-01 1.8932e-02 
136.0 4.7439e-01 -4.3289e-02 0.0000e+00 0.0000e+00 -4.3289e-02 2.9169e-01 0.0000e+00 0.0000e+00 0.0000e+00 0.0000e+00 -1.2304e-01 1.0092e-01 0.0000e+00 0.0000e+00 -1.0092e-01 1.3717e-02 
137.0 4.7345e-01 -4.0330e-02 0.0000e+00 0.0000e+00 -4.0330e-02 2.9045e-01 0.0000e+00 0.0000e+00 0.0000e+00 0.0000e+00 -1.2852e-01 9.8519e-02 0.0000e+00 0.0000e+00 -9.8519e-02 8.5638e-03 
138.0 4.7272e-01 -3.7333e-02 0.0000e+00 0.0000e+00 -3.7333e-02 2.8944e-01 0.0000e+00 0.0000e+00 0.0000e+00 0.0000e+00 -1.3391e-01 9.6148e-02 0.0000e+00 0.0000e+00 -9.6148e-02 3.4676e-03 
139.0 4.7222e-01 -3.4304e-02 0.0000e+00 0.0000e+00 -3.4304e-02 2.8867e-01 0.0000e+00 0.0000e+00 0.0000e+00 0.0000e+00 -1.3923e-01 9.3822e-02 0.0000e+00 0.0000e+00 -9.3822e-02 -1.5786e-03 
140.0 4.7193e-01 -3.1255e-02 0.0000e+00 0.0000e+00 -3.1255e-02 2.8815e-01 0.0000e+00 0.0000e+00 0.0000e+00 0.0000e+00 -1.4447e-01 9.1549e-02 0.0000e+00 0.0000e+00 -9.1549e-02 -6.5849e-03 
141.0 4.7186e-01 -2.8193e-02 0.0000e+00 0.0000e+00 -2.8193e-02 2.8787e-01 0.0000e+00 0.0000e+00 0.0000e+00 0.0000e+00 -1.4963e-01 8.9334e-02 0.0000e+00 0.0000e+00 -8.9334e-02 -1.1559e-02 
142.0 4.7201e-01 -2.5119e-02 0.0000e+00 0.0000e+00 -2.5119e-02 2.8785e-01 0.0000e+00 0.0000e+00 0.0000e+00 0.0000e+00 -1.5473e-01 8.7185e-02 0.0000e+00 0.0000e+00 -8.7185e-02 -1.6504e-02 
143.0 4.7238e-01 -2.2033e-02 0.0000e+00 0.0000e+00 -2.2033e-02 2.8808e-01 0.0000e+00 0.0000e+00 0.0000e+00 0.0000e+00 -1.5975e-01 8.5110e-02 0.0000e+00 0.0000e+00 -8.5110e-02 -2.1420e-02 
144.0 4.7298e-01 -1.8939e-02 0.0000e+00 0.0000e+00 -1.8939e-02 2.8856e-01 0.0000e+00 0.0000e+00 0.0000e+00 0.0000e+00 -1.6471e-01 8.3107e-02 0.0000e+00 0.0000e+00 -8.3107e-02 -2.6303e-02 
145.0 4.7379e-01 -1.5849e-02 0.0000e+00 0.0000e+00 -1.5849e-02 2.8924e-01 0.0000e+00 0.0000e+00 0.0000e+00 0.0000e+00 -1.6960e-01 8.1155e-02 0.0000e+00 0.0000e+00 -8.1155e-02 -3.1152e-02 
146.0 4.7477e-01 -1.2774e-02 0.0000e+00 0.0000e+00 -1.2774e-02 2.9009e-01 0.0000e+00 0.0000e+00 0.0000e+00 0.0000e+00 -1.7444e-01 7.9218e-02 0.0000e+00 0.0000e+00 -7.9218e-02 -3.5965e-02 
147.0 4.7591e-01 -9.7169e-03 0.0000e+00 0.0000e+00 -9.7169e-03 2.9108e-01 0.0000e+00 0.0000e+00 0.0000e+00 0.0000e+00 -1.7924e-01 7.7269e-02 0.0000e+00 0.0000e+00 -7.7269e-02 -4.0743e-02 
148.0 4.7723e-01 -6.6695e-03 0.0000e+00 0.0000e+00 -6.6695e-03 2.9223e-01 0.0000e+00 0.0000e+00 0.0000e+00 0.0000e+00 -1.8401e-01 7.5313e-02 0.0000e+00 0.0000e+00 -7.5313e-02 -4.5488e-02 
149.0 4.7878e-01 -3.6244e-03 0.0000e+00 0.0000e+00 -3.6244e-03 2.9358e-01 0.0000e+00 0.0000e+00 0.0000e+00 0.0000e+00 -1.8876e-01 7.3391e-02 0.0000e+00 0.0000e+00 -7.3391e-02 -5.0199e-02 
150.0 4.8063e-01 -5.8617e-04 0.0000e+00 0.0000e+00 -5.8617e-04 2.9523e-01 0.0000e+00 0.0000e+00 0.0000e+00 0.0000e+00 -1.9348e-01 7.1561e-02 0.0000e+00 0.0000e+00 -7.1561e-02 -5.4866e-02 
151.0 4.8283e-01 2.4263e-03 0.0000e+00 0.0000e+00 2.4263e-03 2.9720e-01 0.0000e+00 0.0000e+00 0.0000e+00 0.0000e+00 -1.9816e-01 6.9856e-02 0.0000e+00 0.0000e+00 -6.9856e-02 -5.9471e-02 
152.0 4.8534e-01 5.3889e-03 0.0000e+00 0.0000e+00 5.3889e-03 2.9947e-01 0.0000e+00 0.0000e+00 0.0000e+00 0.0000e+00 -2.0280e-01 6.8255e-02 0.0000e+00 0.0000e+00 -6.8255e-02 -6.3997e-02 
153.0 4.8813e-01 8.2883e-03 0.0000e+00 0.0000e+00 8.2883e-03 3.0199e-01 0.0000e+00 0.0000e+00 0.0000e+00 0.0000e+00 -2.0738e-01 6.6708e-02 0.0000e+00 0.0000e+00 -6.6708e-02 -6.8436e-02 
154.0 4.9117e-01 1.1135e-02 0.0000e+00 0.0000e+00 1.1135e-02 3.0471e-01 0.0000e+00 0.0000e+00 0.0000e+00 0.0000e+00 -2.1190e-01 6.5160e-02 0.0000e+00 0.0000e+00 -6.5160e-02 -7.2788e-02 
155.0 4.9448e-01 1.3962e-02 0.0000e+00 0.0000e+00 1.3962e-02 3.0768e-01 0.0000e+00 0.0000e+00 0.0000e+00 0.0000e+00 -2.1636e-01 6.3598e-02 0.0000e+00 0.0000e+00 -6.3598e-02 -7.7058e-02 
156.0 4.9813e-01 1.6807e-02 0.0000e+00 0.0000e+00 1.6807e-02 3.1099e-01 0.0000e+00 0.0000e+00 0.0000e+00 0.0000e+00 -2.2074e-01 6.2036e-02 0.0000e+00 0.0000e+00 -6.2036e-02 -8.1253e-02 
157.0 5.0214e-01 1.9687e-02 0.0000e+00 0.0000e+00 1.9687e-02 3.1477e-01 0.0000e+00 0.0000e+00 0.0000e+00 0.0000e+00 -2.2498e-01 6.0471e-02 0.0000e+00 0.0000e+00 -6.0471e-02 -8.5379e-02 
158.0 5.0646e-01 2.2580e-02 0.0000e+00 0.0000e+00 2.2580e-02 3.1901e-01 0.0000e+00 0.0000e+00 0.0000e+00 0.0000e+00 -2.2904e-01 5.8827e-02 0.0000e+00 0.0000e+00 -5.8827e-02 -8.9450e-02 
159.0 5.1091e-01 2.5431e-02 0.0000e+00 0.0000e+00 2.5431e-02 3.2355e-01 0.0000e+00 0.0000e+00 0.0000e+00 0.0000e+00 -2.3288e-01 5.6946e-02 0.0000e+00 0.0000e+00 -5.6946e-02 -9.3502e-02 
160.0 5.1525e-01 2.8177e-02 0.0000e+00 0.0000e+00 2.8177e-02 3.2817e-01 0.0000e+00 0.0000e+00 0.0000e+00 0.0000e+00 -2.3652e-01 5.4614e-02 0.0000e+00 0.0000e+00 -5.4614e-02 -9.7590e-02 
161.0 5.1933e-01 3.0761e-02 0.0000e+00 0.0000e+00 3.0761e-02 3.3268e-01 0.0000e+00 0.0000e+00 0.0000e+00 0.0000e+00 -2.4000e-01 5.1622e-02 0.0000e+00 0.0000e+00 -5.1622e-02 -1.0178e-01 
162.0 5.2305e-01 3.3127e-02 0.0000e+00 0.0000e+00 3.3127e-02 3.3701e-01 0.0000e+00 0.0000e+00 0.0000e+00 0.0000e+00 -2.4339e-01 4.7794e-02 0.0000e+00 0.0000e+00 -4.7794e-02 -1.0612e-01 
163.0 5.2638e-01 3.5206e-02 0.0000e+00 0.0000e+00 3.5206e-02 3.4112e-01 0.0000e+00 0.0000e+00 0.0000e+00 0.0000e+00 -2.4676e-01 4.2980e-02 0.0000e+00 0.0000e+00 -4.2980e-02 -1.1059e-01 
164.0 5.2932e-01 3.6917e-02 0.0000e+00 0.0000e+00 3.6917e-02 3.4489e-01 0.0000e+00 0.0000e+00 0.0000e+00 0.0000e+00 -2.5019e-01 3.7048e-02 0.0000e+00 0.0000e+00 -3.7048e-02 -1.1515e-01 
165.0 5.3197e-01 3.8169e-02 0.0000e+00 0.0000e+00 3.8169e-02 3.4821e-01 0.0000e+00 0.0000e+00 0.0000e+00 0.0000e+00 -2.5378e-01 2.9899e-02 0.0000e+00 0.0000e+00 -2.9899e-02 -1.1967e-01 
166.0 5.3461e-01 3.8891e-02 0.0000e+00 0.0000e+00 3.8891e-02 3.5115e-01 0.0000e+00 0.0000e+00 0.0000e+00 0.0000e+00 -2.5767e-01 2.1497e-02 0.0000e+00 0.0000e+00 -2.1497e-02 -1.2408e-01 
167.0 5.3757e-01 3.8989e-02 0.0000e+00 0.0000e+00 3.8989e-02 3.5395e-01 0.0000e+00 0.0000e+00 0.0000e+00 0.0000e+00 -2.6212e-01 1.1887e-02 0.0000e+00 0.0000e+00 -1.1887e-02 -1.2830e-01 
168.0 5.4122e-01 3.8340e-02 0.0000e+00 0.0000e+00 3.8340e-02 3.5669e-01 0.0000e+00 0.0000e+00 0.0000e+00 0.0000e+00 -2.6749e-01 1.1110e-03 0.0000e+00 0.0000e+00 -1.1110e-03 -1.3229e-01 
169.0 5.4594e-01 3.6737e-02 0.0000e+00 0.0000e+00 3.6737e-02 3.5929e-01 0.0000e+00 0.0000e+00 0.0000e+00 0.0000e+00 -2.7435e-01 -1.0771e-02 0.0000e+00 0.0000e+00 1.0771e-02 -1.3600e-01 
170.0 5.5244e-01 3.3911e-02 0.0000e+00 0.0000e+00 3.3911e-02 3.6167e-01 0.0000e+00 0.0000e+00 0.0000e+00 0.0000e+00 -2.8350e-01 -2.3543e-02 0.0000e+00 0.0000e+00 2.3543e-02 -1.3931e-01 
171.0 5.6201e-01 2.9667e-02 0.0000e+00 0.0000e+00 2.9667e-02 3.6409e-01 0.0000e+00 0.0000e+00 0.0000e+00 0.0000e+00 -2.9594e-01 -3.6466e-02 0.0000e+00 0.0000e+00 3.6466e-02 -1.4192e-01 
172.0 5.7693e-01 2.4074e-02 0.0000e+00 0.0000e+00 2.4074e-02 3.6748e-01 0.0000e+00 0.0000e+00 0.0000e+00 0.0000e+00 -3.1277e-01 -4.7947e-02 0.0000e+00 0.0000e+00 4.7947e-02 -1.4339e-01 
173.0 6.0027e-01 1.7613e-02 0.0000e+00 0.0000e+00 1.7613e-02 3.7366e-01 0.0000e+00 0.0000e+00 0.0000e+00 0.0000e+00 -3.3487e-01 -5.5577e-02 0.0000e+00 0.0000e+00 5.5577e-02 -1.4319e-01 
174.0 6.3485e-01 1.1162e-02 0.0000e+00 0.0000e+00 1.1162e-02 3.8479e-01 0.0000e+00 0.0000e+00 0.0000e+00 0.0000e+00 -3.6232e-01 -5.6852e-02 0.0000e+00 0.0000e+00 5.6852e-02 -1.4095e-01 
175.0 6.8130e-01 5.7435e-03 0.0000e+00 0.0000e+00 5.7435e-03 4.0227e-01 0.0000e+00 0.0000e+00 0.0000e+00 0.0000e+00 -3.9385e-01 -5.0307e-02 0.0000e+00 0.0000e+00 5.0307e-02 -1.3664e-01 
176.0 7.3592e-01 2.1342e-03 0.0000e+00 0.0000e+00 2.1342e-03 4.2521e-01 0.0000e+00 0.0000e+00 0.0000e+00 0.0000e+00 -4.2648e-01 -3.6844e-02 0.0000e+00 0.0000e+00 3.6844e-02 -1.3075e-01 
177.0 7.8990e-01 4.8912e-04 0.0000e+00 0.0000e+00 4.8912e-04 4.4960e-01 0.0000e+00 0.0000e+00 0.0000e+00 0.0000e+00 -4.5572e-01 -2.0182e-02 0.0000e+00 0.0000e+00 2.0182e-02 -1.2437e-01 
178.0 8.3090e-01 1.6340e-04 0.0000e+00 0.0000e+00 1.6340e-04 4.6897e-01 0.0000e+00 0.0000e+00 0.0000e+00 0.0000e+00 -4.7642e-01 -6.1109e-03 0.0000e+00 0.0000e+00 6.1109e-03 -1.1914e-01 
179.0 8.4734e-01 -3.6044e-21 0.0000e+00 0.0000e+00 -3.6044e-21 4.7681e-01 0.0000e+00 0.0000e+00 0.0000e+00 0.0000e+00 -4.8431e-01 -8.4736e-20 0.0000e+00 0.0000e+00 8.4736e-20 -1.1675e-01 
180.0 8.6301e-01 0.0000e+00 0.0000e+00 0.0000e+00 0.0000e+00 4.8412e-01 0.0000e+00 0.0000e+00 0.0000e+00 0.0000e+00 -4.9165e-01 0.0000e+00 0.0000e+00 0.0000e+00 -0.0000e+00 -1.1486e-01 
