2.1273 2.2401 0.1128 0.043782
theta s11 s12 s13 s14 s21 s22 s23 s24 s31 s32 s33 s34 s41 s42 s43 s44
0.0 1.3920e+03 0.0000e+00 0.0000e+00 0.0000e+00 0.0000e+00 1.3903e+03 0.0000e+00 0.0000e+00 0.0000e+00 0.0000e+00 1.3903e+03 0.0000e+00 0.0000e+00 0.0000e+00 -0.0000e+00 1.3887e+03 
1.0 1.1392e+03 -8.1797e-02 0.0000e+00 0.0000e+00 -8.1797e-02 1.1376e+03 0.0000e+00 0.0000e+00 0.0000e+00 0.0000e+00 1.1376e+03 -4.1906e-01 0.0000e+00 0.0000e+00 4.1906e-01 1.1360e+03 
2.0 7.6769e+02 -1.6159e-01 0.0000e+00 0.0000e+00 -1.6159e-01 7.6608e+02 0.0000e+00 0.0000e+00 0.0000e+00 0.0000e+00 7.6607e+02 -1.3227e+00 0.0000e+00 0.0000e+00 1.3227e+00 7.6447e+02 
3.0 5.3011e+02 -1.9039e-01 0.0000e+00 0.0000e+00 -1.9039e-01 5.2851e+02 0.0000e+00 0.0000e+00 0.0000e+00 0.0000e+00 5.2849e+02 -2.1002e+00 0.0000e+00 0.0000e+00 2.1002e+00 5.2690e+02 
4.0 3.9674e+02 -2.2711e-01 0.0000e+00 0.0000e+00 -2.2711e-01 3.9516e+02 0.0000e+00 0.0000e+00 0.0000e+00 0.0000e+00 3.9512e+02 -2.5158e+00 0.0000e+00 0.0000e+00 2.5158e+00 3.9355e+02 
5.0 3.1921e+02 -2.8806e-01 0.0000e+00 0.0000e+00 -2.8806e-01 3.1764e+02 0.0000e+00 0.0000e+00 0.0000e+00 0.0000e+00 3.1758e+02 -2.6898e+00 0.0000e+00 0.0000e+00 2.6898e+00 3.1604e+02 
6.0 2.7038e+02 -3.7091e-01 0.0000e+00 0.0000e+00 -3.7091e-01 2.6883e+02 0.0000e+00 0.0000e+00 0.0000e+00 0.0000e+00 2.6875e+02 -2.7606e+00 0.0000e+00 0.0000e+00 2.7606e+00 2.6724e+02 
7.0 2.3709e+02 -4.7473e-01 0.0000e+00 0.0000e+00 -4.7473e-01 2.3555e+02 0.0000e+00 0.0000e+00 0.0000e+00 0.0000e+00 2.3546e+02 -2.7792e+00 0.0000e+00 0.0000e+00 2.7792e+00 2.3397e+02 
8.0 2.1294e+02 -5.9805e-01 0.0000e+00 0.0000e+00 -5.9805e-01 2.1141e+02 0.0000e+00 0.0000e+00 0.0000e+00 0.0000e+00 2.1130e+02 -2.7654e+00 0.0000e+00 0.0000e+00 2.7654e+00 2.0984e+02 
9.0 1.9453e+02 -7.3894e-01 0.0000e+00 0.0000e+00 -7.3894e-01 1.9301e+02 0.0000e+00 0.0000e+00 0.0000e+00 0.0000e+00 1.9288e+02 -2.7318e+00 0.0000e+00 0.0000e+00 2.7318e+00 1.9145e+02 
10.0 1.7993e+02 -8.9554e-01 0.0000e+00 0.0000e+00 -8.9554e-01 1.7842e+02 0.0000e+00 0.0000e+00 0.0000e+00 0.0000e+00 1.7827e+02 -2.6858e+00 0.0000e+00 0.0000e+00 2.6858e+00 1.7687e+02 
11.0 1.6799e+02 -1.0658e+00 0.0000e+00 0.0000e+00 -1.0658e+00 1.6648e+02 0.0000e+00 0.0000e+00 0.0000e+00 0.0000e+00 1.6632e+02 -2.6343e+00 0.0000e+00 0.0000e+00 2.6343e+00 1.6495e+02 
12.0 1.5795e+02 -1.2476e+00 0.0000e+00 0.0000e+00 -1.2476e+00 1.5646e+02 0.0000e+00 0.0000e+00 0.0000e+00 0.0000e+00 1.5628e+02 -2.5823e+00 0.0000e+00 0.0000e+00 2.5823e+00 1.5493e+02 
13.0 1.4933e+02 -1.4396e+00 0.0000e+00 0.0000e+00 -1.4396e+00 1.4785e+02 0.0000e+00 0.0000e+00 0.0000e+00 0.0000e+00 1.4766e+02 -2.5329e+00 0.0000e+00 0.0000e+00 2.5329e+00 1.4634e+02 
14.0 1.4179e+02 -1.6392e+00 0.0000e+00 0.0000e+00 -1.6392e+00 1.4031e+02 0.0000e+00 0.0000e+00 0.0000e+00 0.0000e+00 1.4010e+02 -2.4901e+00 0.0000e+00 0.0000e+00 2.4901e+00 1.3881e+02 
15.0 1.3507e+02 -1.8457e+00 0.0000e+00 0.0000e+00 -1.8457e+00 1.3360e+02 0.0000e+00 0.0000e+00 0.0000e+00 0.0000e+00 1.3338e+02 -2.4517e+00 0.0000e+00 0.0000e+00 2.4517e+00 1.3211e+02 
16.0 1.2901e+02 -2.0577e+00 0.0000e+00 0.0000e+00 -2.0577e+00 1.2755e+02 0.0000e+00 0.0000e+00 0.0000e+00 0.0000e+00 1.2731e+02 -2.4177e+00 0.0000e+00 0.0000e+00 2.4177e+00 1.2607e+02 
17.0 1.2347e+02 -2.2739e+00 0.0000e+00 0.0000e+00 -2.2739e+00 1.2202e+02 0.0000e+00 0.0000e+00 0.0000e+00 0.0000e+00 1.2177e+02 -2.3887e+00 0.0000e+00 0.0000e+00 2.3887e+00 1.2055e+02 
18.0 1.1836e+02 -2.4930e+00 0.0000e+00 0.0000e+00 -2.4930e+00 1.1692e+02 0.0000e+00 0.0000e+00 0.0000e+00 0.0000e+00 1.1665e+02 -2.3642e+00 0.0000e+00 0.0000e+00 2.3642e+00 1.1546e+02 
19.0 1.1360e+02 -2.7143e+00 0.0000e+00 0.0000e+00 -2.7143e+00 1.1216e+02 0.0000e+00 0.0000e+00 0.0000e+00 0.0000e+00 1.1225e+02 -2.3428e+00 0.0000e+00 0.0000e+00 2.3428e+00 1.1109e+02 
20.0 1.0913e+02 -2.9373e+00 0.0000e+00 0.0000e+00 -2.9373e+00 1.0771e+02 0.0000e+00 0.0000e+00 0.0000e+00 0.0000e+00 1.0812e+02 -2.3240e+00 0.0000e+00 0.0000e+00 2.3240e+00 1.0699e+02 
21.0 1.0492e+02 -3.1613e+00 0.0000e+00 0.0000e+00 -3.1613e+00 1.0350e+02 0.0000e+00 0.0000e+00 0.0000e+00 0.0000e+00 1.0422e+02 -2.3073e+00 0.0000e+00 0.0000e+00 2.3073e+00 1.0312e+02 
22.0 1.0093e+02 -3.3857e+00 0.0000e+00 0.0000e+00 -3.3857e+00 9.9523e+01 0.0000e+00 0.0000e+00 0.0000e+00 0.0000e+00 1.0052e+02 -2.2929e+00 0.0000e+00 0.0000e+00 2.2929e+00 9.9449e+01 
23.0 9.7133e+01 -3.6095e+00 0.0000e+00 0.0000e+00 -3.6095e+00 9.5734e+01 0.0000e+00 0.0000e+00 0.0000e+00 0.0000e+00 9.6998e+01 -2.2800e+00 0.0000e+00 0.0000e+00 2.2800e+00 9.5947e+01 
24.0 9.3508e+01 -3.8317e+00 0.0000e+00 0.0000e+00 -3.8317e+00 9.2119e+01 0.0000e+00 0.0000e+00 0.0000e+00 0.0000e+00 9.3625e+01 -2.2679e+00 0.0000e+00 0.0000e+00 2.2679e+00 9.2598e+01 
25.0 9.0038e+01 -4.0517e+00 0.0000e+00 0.0000e+00 -4.0517e+00 8.8659e+01 0.0000e+00 0.0000e+00 0.0000e+00 0.0000e+00 9.0389e+01 -2.2558e+00 0.0000e+00 0.0000e+00 2.2558e+00 8.9385e+01 
26.0 8.6711e+01 -4.2685e+00 0.0000e+00 0.0000e+00 -4.2685e+00 8.5342e+01 0.0000e+00 0.0000e+00 0.0000e+00 0.0000e+00 8.7280e+01 -2.2433e+00 0.0000e+00 0.0000e+00 2.2433e+00 8.6299e+01 
27.0 8.3517e+01 -4.4816e+00 0.0000e+00 0.0000e+00 -4.4816e+00 8.2158e+01 0.0000e+00 0.0000e+00 0.0000e+00 0.0000e+00 8.4287e+01 -2.2301e+00 0.0000e+00 0.0000e+00 2.2301e+00 8.3328e+01 
28.0 8.0446e+01 -4.6902e+00 0.0000e+00 0.0000e+00 -4.6902e+00 7.9096e+01 0.0000e+00 0.0000e+00 0.0000e+00 0.0000e+00 8.1401e+01 -2.2161e+00 0.0000e+00 0.0000e+00 2.2161e+00 8.0465e+01 
29.0 7.7488e+01 -4.8937e+00 0.0000e+00 0.0000e+00 -4.8937e+00 7.6149e+01 0.0000e+00 0.0000e+00 0.0000e+00 0.0000e+00 7.8616e+01 -2.2011e+00 0.0000e+00 0.0000e+00 2.2011e+00 7.7701e+01 
30.0 7.4638e+01 -5.0916e+00 0.0000e+00 0.0000e+00 -5.0916e+00 7.3309e+01 0.0000e+00 0.0000e+00 0.0000e+00 0.0000e+00 7.5924e+01 -2.1849e+00 0.0000e+00 0.0000e+00 2.1849e+00 7.5030e+01 
31.0 7.1888e+01 -5.2833e+00 0.0000e+00 0.0000e+00 -5.2833e+00 7.0570e+01 0.0000e+00 0.0000e+00 0.0000e+00 0.0000e+00 7.2986e+01 -2.1673e+00 0.0000e+00 0.0000e+00 2.1673e+00 7.2118e+01 
32.0 6.9234e+01 -5.4685e+00 0.0000e+00 0.0000e+00 -5.4685e+00 6.7927e+01 0.0000e+00 0.0000e+00 0.0000e+00 0.0000e+00 7.0149e+01 -2.1483e+00 0.0000e+00 0.0000e+00 2.1483e+00 6.9307e+01 
33.0 6.6673e+01 -5.6467e+00 0.0000e+00 0.0000e+00 -5.6467e+00 6.5375e+01 0.0000e+00 0.0000e+00 0.0000e+00 0.0000e+00 6.7411e+01 -2.1279e+00 0.0000e+00 0.0000e+00 2.1279e+00 6.6594e+01 
34.0 6.4199e+01 -5.8175e+00 0.0000e+00 0.0000e+00 -5.8175e+00 6.2912e+01 0.0000e+00 0.0000e+00 0.0000e+00 0.0000e+00 6.4767e+01 -2.1059e+00 0.0000e+00 0.0000e+00 2.1059e+00 6.3975e+01 
35.0 6.1811e+01 -5.9805e+00 0.0000e+00 0.0000e+00 -5.9805e+00 6.0534e+01 0.0000e+00 0.0000e+00 0.0000e+00 0.0000e+00 6.2213e+01 -2.0824e+00 0.0000e+00 0.0000e+00 2.0824e+00 6.1446e+01 
36.0 5.9505e+01 -6.1356e+00 0.0000e+00 0.0000e+00 -6.1356e+00 5.8239e+01 0.0000e+00 0.0000e+00 0.0000e+00 0.0000e+00 5.9746e+01 -2.0573e+00 0.0000e+00 0.0000e+00 2.0573e+00 5.9004e+01 
37.0 5.7280e+01 -6.2826e+00 0.0000e+00 0.0000e+00 -6.2826e+00 5.6024e+01 0.0000e+00 0.0000e+00 0.0000e+00 0.0000e+00 5.7363e+01 -2.0303e+00 0.0000e+00 0.0000e+00 2.0303e+00 5.6645e+01 
38.0 5.5133e+01 -6.4214e+00 0.0000e+00 0.0000e+00 -6.4214e+00 5.3887e+01 0.0000e+00 0.0000e+00 0.0000e+00 0.0000e+00 5.5062e+01 -2.0014e+00 0.0000e+00 0.0000e+00 2.0014e+00 5.4367e+01 
39.0 5.3062e+01 -6.5521e+00 0.0000e+00 0.0000e+00 -6.5521e+00 5.1827e+01 0.0000e+00 0.0000e+00 0.0000e+00 0.0000e+00 5.2841e+01 -1.9707e+00 0.0000e+00 0.0000e+00 1.9707e+00 5.2169e+01 
40.0 5.1066e+01 -6.6746e+00 0.0000e+00 0.0000e+00 -6.6746e+00 4.9841e+01 0.0000e+00 0.0000e+00 0.0000e+00 0.0000e+00 5.0697e+01 -1.9382e+00 0.0000e+00 0.0000e+00 1.9382e+00 5.0048e+01 
41.0 4.9143e+01 -6.7889e+00 0.0000e+00 0.0000e+00 -6.7889e+00 4.7928e+01 0.0000e+00 0.0000e+00 0.0000e+00 0.0000e+00 4.8628e+01 -1.9042e+00 0.0000e+00 0.0000e+00 1.9042e+00 4.8002e+01 
42.0 4.7289e+01 -6.8949e+00 0.0000e+00 0.0000e+00 -6.8949e+00 4.6084e+01 0.0000e+00 0.0000e+00 0.0000e+00 0.0000e+00 4.6632e+01 -1.8688e+00 0.0000e+00 0.0000e+00 1.8688e+00 4.6028e+01 
43.0 4.5503e+01 -6.9925e+00 0.0000e+00 0.0000e+00 -6.9925e+00 4.4308e+01 0.0000e+00 0.0000e+00 0.0000e+00 0.0000e+00 4.4706e+01 -1.8319e+00 0.0000e+00 0.0000e+00 1.8319e+00 4.4124e+01 
44.0 4.3782e+01 -7.0819e+00 0.0000e+00 0.0000e+00 -7.0819e+00 4.2597e+01 0.0000e+00 0.0000e+00 0.0000e+00 0.0000e+00 4.2849e+01 -1.7937e+00 0.0000e+00 0.0000e+00 1.7937e+00 4.2287e+01 
45.0 4.2124e+01 -7.1630e+00 0.0000e+00 0.0000e+00 -7.1630e+00 4.0950e+01 0.0000e+00 0.0000e+00 0.0000e+00 0.0000e+00 4.1057e+01 -1.7541e+00 0.0000e+00 0.0000e+00 1.7541e+00 4.0517e+01 
46.0 4.0528e+01 -7.2360e+00 0.0000e+00 0.0000e+00 -7.2360e+00 3.9363e+01 0.0000e+00 0.0000e+00 0.0000e+00 0.0000e+00 3.9330e+01 -1.7133e+00 0.0000e+00 0.0000e+00 1.7133e+00 3.8810e+01 
47.0 3.8991e+01 -7.3009e+00 0.0000e+00 0.0000e+00 -7.3009e+00 3.7836e+01 0.0000e+00 0.0000e+00 0.0000e+00 0.0000e+00 3.7664e+01 -1.6712e+00 0.0000e+00 0.0000e+00 1.6712e+00 3.7165e+01 
48.0 3.7511e+01 -7.3579e+00 0.0000e+00 0.0000e+00 -7.3579e+00 3.6366e+01 0.0000e+00 0.0000e+00 0.0000e+00 0.0000e+00 3.6059e+01 -1.6280e+00 0.0000e+00 0.0000e+00 1.6280e+00 3.5580e+01 
49.0 3.6088e+01 -7.4071e+00 0.0000e+00 0.0000e+00 -7.4071e+00 3.4952e+01 0.0000e+00 0.0000e+00 0.0000e+00 0.0000e+00 3.4512e+01 -1.5838e+00 0.0000e+00 0.0000e+00 1.5838e+00 3.4052e+01 
50.0 3.4719e+01 -7.4488e+00 0.0000e+00 0.0000e+00 -7.4488e+00 3.3593e+01 0.0000e+00 0.0000e+00 0.0000e+00 0.0000e+00 3.3022e+01 -1.5385e+00 0.0000e+00 0.0000e+00 1.5385e+00 3.2581e+01 
51.0 3.3402e+01 -7.4830e+00 0.0000e+00 0.0000e+00 -7.4830e+00 3.2285e+01 0.0000e+00 0.0000e+00 0.0000e+00 0.0000e+00 3.1586e+01 -1.4924e+00 0.0000e+00 0.0000e+00 1.4924e+00 3.1164e+01 
52.0 3.2137e+01 -7.5099e+00 0.0000e+00 0.0000e+00 -7.5099e+00 3.1029e+01 0.0000e+00 0.0000e+00 0.0000e+00 0.0000e+00 3.0203e+01 -1.4454e+00 0.0000e+00 0.0000e+00 1.4454e+00 2.9800e+01 
53.0 3.0921e+01 -7.5299e+00 0.0000e+00 0.0000e+00 -7.5299e+00 2.9822e+01 0.0000e+00 0.0000e+00 0.0000e+00 0.0000e+00 2.8872e+01 -1.3976e+00 0.0000e+00 0.0000e+00 1.3976e+00 2.8487e+01 
54.0 2.9753e+01 -7.5431e+00 0.0000e+00 0.0000e+00 -7.5431e+00 2.8663e+01 0.0000e+00 0.0000e+00 0.0000e+00 0.0000e+00 2.7590e+01 -1.3492e+00 0.0000e+00 0.0000e+00 1.3492e+00 2.7223e+01 
55.0 2.8631e+01 -7.5498e+00 0.0000e+00 0.0000e+00 -7.5498e+00 2.7550e+01 0.0000e+00 0.0000e+00 0.0000e+00 0.0000e+00 2.6356e+01 -1.3001e+00 0.0000e+00 0.0000e+00 1.3001e+00 2.6006e+01 
56.0 2.7554e+01 -7.5502e+00 0.0000e+00 0.0000e+00 -7.5502e+00 2.6481e+01 0.0000e+00 0.0000e+00 0.0000e+00 0.0000e+00 2.5169e+01 -1.2505e+00 0.0000e+00 0.0000e+00 1.2505e+00 2.4837e+01 
57.0 2.6521e+01 -7.5445e+00 0.0000e+00 0.0000e+00 -7.5445e+00 2.5457e+01 0.0000e+00 0.0000e+00 0.0000e+00 0.0000e+00 2.4027e+01 -1.2005e+00 0.0000e+00 0.0000e+00 1.2005e+00 2.3711e+01 
58.0 2.5529e+01 -7.5329e+00 0.0000e+00 0.0000e+00 -7.5329e+00 2.4473e+01 0.0000e+00 0.0000e+00 0.0000e+00 0.0000e+00 2.2928e+01 -1.1502e+00 0.0000e+00 0.0000e+00 1.1502e+00 2.2629e+01 
59.0 2.4578e+01 -7.5157e+00 0.0000e+00 0.0000e+00 -7.5157e+00 2.3530e+01 0.0000e+00 0.0000e+00 0.0000e+00 0.0000e+00 2.1871e+01 -1.0997e+00 0.0000e+00 0.0000e+00 1.0997e+00 2.1588e+01 
60.0 2.3666e+01 -7.4931e+00 0.0000e+00 0.0000e+00 -7.4931e+00 2.2626e+01 0.0000e+00 0.0000e+00 0.0000e+00 0.0000e+00 2.0854e+01 -1.0491e+00 0.0000e+00 0.0000e+00 1.0491e+00 2.0588e+01 
61.0 2.2792e+01 -7.4653e+00 0.0000e+00 0.0000e+00 -7.4653e+00 2.1759e+01 0.0000e+00 0.0000e+00 0.0000e+00 0.0000e+00 1.9877e+01 -9.9835e-01 0.0000e+00 0.0000e+00 9.9835e-01 1.9626e+01 
62.0 2.1953e+01 -7.4326e+00 0.0000e+00 0.0000e+00 -7.4326e+00 2.0929e+01 0.0000e+00 0.0000e+00 0.0000e+00 0.0000e+00 1.8937e+01 -9.4763e-01 0.0000e+00 0.0000e+00 9.4763e-01 1.8701e+01 
63.0 2.1150e+01 -7.3953e+00 0.0000e+00 0.0000e+00 -7.3953e+00 2.0133e+01 0.0000e+00 0.0000e+00 0.0000e+00 0.0000e+00 1.8033e+01 -8.9701e-01 0.0000e+00 0.0000e+00 8.9701e-01 1.7813e+01 
64.0 2.0380e+01 -7.3535e+00 0.0000e+00 0.0000e+00 -7.3535e+00 1.9370e+01 0.0000e+00 0.0000e+00 0.0000e+00 0.0000e+00 1.7164e+01 -8.4658e-01 0.0000e+00 0.0000e+00 8.4658e-01 1.6959e+01 
65.0 1.9642e+01 -7.3075e+00 0.0000e+00 0.0000e+00 -7.3075e+00 1.8640e+01 0.0000e+00 0.0000e+00 0.0000e+00 0.0000e+00 1.6329e+01 -7.9645e-01 0.0000e+00 0.0000e+00 7.9645e-01 1.6138e+01 
66.0 1.8935e+01 -7.2574e+00 0.0000e+00 0.0000e+00 -7.2574e+00 1.7940e+01 0.0000e+00 0.0000e+00 0.0000e+00 0.0000e+00 1.5527e+01 -7.4670e-01 0.0000e+00 0.0000e+00 7.4670e-01 1.5350e+01 
67.0 1.8259e+01 -7.2036e+00 0.0000e+00 0.0000e+00 -7.2036e+00 1.7271e+01 0.0000e+00 0.0000e+00 0.0000e+00 0.0000e+00 1.4755e+01 -6.9741e-01 0.0000e+00 0.0000e+00 6.9741e-01 1.4593e+01 
68.0 1.7611e+01 -7.1461e+00 0.0000e+00 0.0000e+00 -7.1461e+00 1.6630e+01 0.0000e+00 0.0000e+00 0.0000e+00 0.0000e+00 1.4014e+01 -6.4864e-01 0.0000e+00 0.0000e+00 6.4864e-01 1.3865e+01 
69.0 1.6991e+01 -7.0852e+00 0.0000e+00 0.0000e+00 -7.0852e+00 1.6017e+01 0.0000e+00 0.0000e+00 0.0000e+00 0.0000e+00 1.3301e+01 -6.0045e-01 0.0000e+00 0.0000e+00 6.0045e-01 1.3167e+01 
70.0 1.6397e+01 -7.0211e+00 0.0000e+00 0.0000e+00 -7.0211e+00 1.5430e+01 0.0000e+00 0.0000e+00 0.0000e+00 0.0000e+00 1.2617e+01 -5.5291e-01 0.0000e+00 0.0000e+00 5.5291e-01 1.2495e+01 
71.0 1.5829e+01 -6.9539e+00 0.0000e+00 0.0000e+00 -6.9539e+00 1.4868e+01 0.0000e+00 0.0000e+00 0.0000e+00 0.0000e+00 1.1959e+01 -5.0605e-01 0.0000e+00 0.0000e+00 5.0605e-01 1.1851e+01 
72.0 1.5285e+01 -6.8839e+00 0.0000e+00 0.0000e+00 -6.8839e+00 1.4331e+01 0.0000e+00 0.0000e+00 0.0000e+00 0.0000e+00 1.1327e+01 -4.5994e-01 0.0000e+00 0.0000e+00 4.5994e-01 1.1231e+01 
73.0 1.4765e+01 -6.8113e+00 0.0000e+00 0.0000e+00 -6.8113e+00 1.3818e+01 0.0000e+00 0.0000e+00 0.0000e+00 0.0000e+00 1.0719e+01 -4.1461e-01 0.0000e+00 0.0000e+00 4.1461e-01 1.0637e+01 
74.0 1.4268e+01 -6.7361e+00 0.0000e+00 0.0000e+00 -6.7361e+00 1.3327e+01 0.0000e+00 0.0000e+00 0.0000e+00 0.0000e+00 1.0136e+01 -3.7013e-01 0.0000e+00 0.0000e+00 3.7013e-01 1.0065e+01 
75.0 1.3792e+01 -6.6586e+00 0.0000e+00 0.0000e+00 -6.6586e+00 1.2858e+01 0.0000e+00 0.0000e+00 0.0000e+00 0.0000e+00 9.5750e+00 -3.2651e-01 0.0000e+00 0.0000e+00 3.2651e-01 9.5163e+00 
76.0 1.3337e+01 -6.5790e+00 0.0000e+00 0.0000e+00 -6.5790e+00 1.2409e+01 0.0000e+00 0.0000e+00 0.0000e+00 0.0000e+00 9.0361e+00 -2.8378e-01 0.0000e+00 0.0000e+00 2.8378e-01 8.9892e+00 
77.0 1.2902e+01 -6.4973e+00 0.0000e+00 0.0000e+00 -6.4973e+00 1.1980e+01 0.0000e+00 0.0000e+00 0.0000e+00 0.0000e+00 8.5183e+00 -2.4196e-01 0.0000e+00 0.0000e+00 2.4196e-01 8.4829e+00 
78.0 1.2486e+01 -6.4138e+00 0.0000e+00 0.0000e+00 -6.4138e+00 1.1571e+01 0.0000e+00 0.0000e+00 0.0000e+00 0.0000e+00 8.0207e+00 -2.0106e-01 0.0000e+00 0.0000e+00 2.0106e-01 7.9965e+00 
79.0 1.2088e+01 -6.3286e+00 0.0000e+00 0.0000e+00 -6.3286e+00 1.1180e+01 0.0000e+00 0.0000e+00 0.0000e+00 0.0000e+00 7.5426e+00 -1.6110e-01 0.0000e+00 0.0000e+00 1.6110e-01 7.5294e+00 
80.0 1.1708e+01 -6.2418e+00 0.0000e+00 0.0000e+00 -6.2418e+00 1.0807e+01 0.0000e+00 0.0000e+00 0.0000e+00 0.0000e+00 7.0832e+00 -1.2207e-01 0.0000e+00 0.0000e+00 1.2207e-01 7.0806e+00 
81.0 1.1345e+01 -6.1536e+00 0.0000e+00 0.0000e+00 -6.1536e+00 1.0450e+01 0.0000e+00 0.0000e+00 0.0000e+00 0.0000e+00 6.6417e+00 -8.3986e-02 0.0000e+00 0.0000e+00 8.3986e-02 6.6495e+00 
82.0 1.0999e+01 -6.0641e+00 0.0000e+00 0.0000e+00 -6.0641e+00 1.0110e+01 0.0000e+00 0.0000e+00 0.0000e+00 0.0000e+00 6.2174e+00 -4.6853e-02 0.0000e+00 0.0000e+00 4.6853e-02 6.2354e+00 
83.0 1.0667e+01 -5.9734e+00 0.0000e+00 0.0000e+00 -5.9734e+00 9.7850e+00 0.0000e+00 0.0000e+00 0.0000e+00 0.0000e+00 5.8097e+00 -1.0682e-02 0.0000e+00 0.0000e+00 1.0682e-02 5.8376e+00 
84.0 1.0351e+01 -5.8817e+00 0.0000e+00 0.0000e+00 -5.8817e+00 9.4751e+00 0.0000e+00 0.0000e+00 0.0000e+00 0.0000e+00 5.4178e+00 2.4511e-02 0.0000e+00 0.0000e+00 -2.4511e-02 5.4554e+00 
85.0 1.0049e+01 -5.7891e+00 0.0000e+00 0.0000e+00 -5.7891e+00 9.1795e+00 0.0000e+00 0.0000e+00 0.0000e+00 0.0000e+00 5.0412e+00 5.8714e-02 0.0000e+00 0.0000e+00 -5.8714e-02 5.0882e+00 
86.0 9.7603e+00 -5.6957e+00 0.0000e+00 0.0000e+00 -5.6957e+00 8.8974e+00 0.0000e+00 0.0000e+00 0.0000e+00 0.0000e+00 4.6791e+00 9.1915e-02 0.0000e+00 0.0000e+00 -9.1915e-02 4.7354e+00 
87.0 9.4850e+00 -5.6017e+00 0.0000e+00 0.0000e+00 -5.6017e+00 8.6285e+00 0.0000e+00 0.0000e+00 0.0000e+00 0.0000e+00 4.3311e+00 1.2410e-01 0.0000e+00 0.0000e+00 -1.2410e-01 4.3963e+00 
88.0 9.2222e+00 -5.5070e+00 0.0000e+00 0.0000e+00 -5.5070e+00 8.3721e+00 0.0000e+00 0.0000e+00 0.0000e+00 0.0000e+00 3.9965e+00 1.5527e-01 0.0000e+00 0.0000e+00 -1.5527e-01 4.0704e+00 
89.0 8.9714e+00 -5.4118e+00 0.0000e+00 0.0000e+00 -5.4118e+00 8.1276e+00 0.0000e+00 0.0000e+00 0.0000e+00 0.0000e+00 3.6748e+00 1.8541e-01 0.0000e+00 0.0000e+00 -1.8541e-01 3.7572e+00 
90.0 8.7320e+00 -5.3162e+00 0.0000e+00 0.0000e+00 -5.3162e+00 7.8947e+00 0.0000e+00 0.0000e+00 0.0000e+00 0.0000e+00 3.3655e+00 2.1451e-01 0.0000e+00 0.0000e+00 -2.1451e-01 3.4561e+00 
91.0 8.5037e+00 -5.2203e+00 0.0000e+00 0.0000e+00 -5.2203e+00 7.6727e+00 0.0000e+00 0.0000e+00 0.0000e+00 0.0000e+00 3.0680e+00 2.4257e-01 0.0000e+00 0.0000e+00 -2.4257e-01 3.1666e+00 
92.0 8.2860e+00 -5.1242e+00 0.0000e+00 0.0000e+00 -5.1242e+00 7.4613e+00 0.0000e+00 0.0000e+00 0.0000e+00 0.0000e+00 2.7819e+00 2.6958e-01 0.0000e+00 0.0000e+00 -2.6958e-01 2.8883e+00 
93.0 8.0784e+00 -5.0278e+00 0.0000e+00 0.0000e+00 -5.0278e+00 7.2600e+00 0.0000e+00 0.0000e+00 0.0000e+00 0.0000e+00 2.5067e+00 2.9555e-01 0.0000e+00 0.0000e+00 -2.9555e-01 2.6206e+00 
94.0 7.8804e+00 -4.9314e+00 0.0000e+00 0.0000e+00 -4.9314e+00 7.0683e+00 0.0000e+00 0.0000e+00 0.0000e+00 0.0000e+00 2.2420e+00 3.2048e-01 0.0000e+00 0.0000e+00 -3.2048e-01 2.3631e+00 
95.0 7.6918e+00 -4.8349e+00 0.0000e+00 0.0000e+00 -4.8349e+00 6.8860e+00 0.0000e+00 0.0000e+00 0.0000e+00 0.0000e+00 1.9872e+00 3.4436e-01 0.0000e+00 0.0000e+00 -3.4436e-01 2.1155e+00 
96.0 7.5121e+00 -4.7385e+00 0.0000e+00 0.0000e+00 -4.7385e+00 6.7126e+00 0.0000e+00 0.0000e+00 0.0000e+00 0.0000e+00 1.7421e+00 3.6722e-01 0.0000e+00 0.0000e+00 -3.6722e-01 1.8771e+00 
97.0 7.3409e+00 -4.6421e+00 0.0000e+00 0.0000e+00 -4.6421e+00 6.5477e+00 0.0000e+00 0.0000e+00 0.0000e+00 0.0000e+00 1.5062e+00 3.8905e-01 0.0000e+00 0.0000e+00 -3.8905e-01 1.6478e+00 
98.0 7.1780e+00 -4.5458e+00 0.0000e+00 0.0000e+00 -4.5458e+00 6.3910e+00 0.0000e+00 0.0000e+00 0.0000e+00 0.0000e+00 1.2792e+00 4.0986e-01 0.0000e+00 0.0000e+00 -4.0986e-01 1.4270e+00 
99.0 7.0228e+00 -4.4497e+00 0.0000e+00 0.0000e+00 -4.4497e+00 6.2423e+00 0.0000e+00 0.0000e+00 0.0000e+00 0.0000e+00 1.0606e+00 4.2967e-01 0.0000e+00 0.0000e+00 -4.2967e-01 1.2144e+00 
100.0 6.8753e+00 -4.3538e+00 0.0000e+00 0.0000e+00 -4.3538e+00 6.1011e+00 0.0000e+00 0.0000e+00 0.0000e+00 0.0000e+00 8.5014e-01 4.4848e-01 0.0000e+00 0.0000e+00 -4.4848e-01 1.0097e+00 
101.0 6.7350e+00 -4.2582e+00 0.0000e+00 0.0000e+00 -4.2582e+00 5.9672e+00 0.0000e+00 0.0000e+00 0.0000e+00 0.0000e+00 6.4748e-01 4.6631e-01 0.0000e+00 0.0000e+00 -4.6631e-01 8.1260e-01 
102.0 6.6016e+00 -4.1629e+00 0.0000e+00 0.0000e+00 -4.1629e+00 5.8402e+00 0.0000e+00 0.0000e+00 0.0000e+00 0.0000e+00 4.5231e-01 4.8316e-01 0.0000e+00 0.0000e+00 -4.8316e-01 6.2269e-01 
103.0 6.4750e+00 -4.0679e+00 0.0000e+00 0.0000e+00 -4.0679e+00 5.7200e+00 0.0000e+00 0.0000e+00 0.0000e+00 0.0000e+00 2.6429e-01 4.9905e-01 0.0000e+00 0.0000e+00 -4.9905e-01 4.3970e-01 
104.0 6.3548e+00 -3.9733e+00 0.0000e+00 0.0000e+00 -3.9733e+00 5.6063e+00 0.0000e+00 0.0000e+00 0.0000e+00 0.0000e+00 8.3142e-02 5.1398e-01 0.0000e+00 0.0000e+00 -5.1398e-01 2.6333e-01 
105.0 6.2407e+00 -3.8792e+00 0.0000e+00 0.0000e+00 -3.8792e+00 5.4987e+00 0.0000e+00 0.0000e+00 0.0000e+00 0.0000e+00 -9.1438e-02 5.2798e-01 0.0000e+00 0.0000e+00 -5.2798e-01 9.3300e-02 
106.0 6.1326e+00 -3.7855e+00 0.0000e+00 0.0000e+00 -3.7855e+00 5.3971e+00 0.0000e+00 0.0000e+00 0.0000e+00 0.0000e+00 -2.5972e-01 5.4103e-01 0.0000e+00 0.0000e+00 -5.4103e-01 -7.0660e-02 
107.0 6.0302e+00 -3.6922e+00 0.0000e+00 0.0000e+00 -3.6922e+00 5.3013e+00 0.0000e+00 0.0000e+00 0.0000e+00 0.0000e+00 -4.2197e-01 5.5317e-01 0.0000e+00 0.0000e+00 -5.5317e-01 -2.2880e-01 
108.0 5.9333e+00 -3.5995e+00 0.0000e+00 0.0000e+00 -3.5995e+00 5.2109e+00 0.0000e+00 0.0000e+00 0.0000e+00 0.0000e+00 -5.7842e-01 5.6441e-01 0.0000e+00 0.0000e+00 -5.6441e-01 -3.8136e-01 
109.0 5.8417e+00 -3.5073e+00 0.0000e+00 0.0000e+00 -3.5073e+00 5.1259e+00 0.0000e+00 0.0000e+00 0.0000e+00 0.0000e+00 -7.2934e-01 5.7475e-01 0.0000e+00 0.0000e+00 -5.7475e-01 -5.2859e-01 
110.0 5.7552e+00 -3.4156e+00 0.0000e+00 0.0000e+00 -3.4156e+00 5.0459e+00 0.0000e+00 0.0000e+00 0.0000e+00 0.0000e+00 -8.7495e-01 5.8423e-01 0.0000e+00 0.0000e+00 -5.8423e-01 -6.7071e-01 
111.0 5.6735e+00 -3.3246e+00 0.0000e+00 0.0000e+00 -3.3246e+00 4.9709e+00 0.0000e+00 0.0000e+00 0.0000e+00 0.0000e+00 -1.0155e+00 5.9285e-01 0.0000e+00 0.0000e+00 -5.9285e-01 -8.0793e-01 
112.0 5.5966e+00 -3.2341e+00 0.0000e+00 0.0000e+00 -3.2341e+00 4.9006e+00 0.0000e+00 0.0000e+00 0.0000e+00 0.0000e+00 -1.1511e+00 6.0063e-01 0.0000e+00 0.0000e+00 -6.0063e-01 -9.4045e-01 
113.0 5.5242e+00 -3.1443e+00 0.0000e+00 0.0000e+00 -3.1443e+00 4.8349e+00 0.0000e+00 0.0000e+00 0.0000e+00 0.0000e+00 -1.2821e+00 6.0758e-01 0.0000e+00 0.0000e+00 -6.0758e-01 -1.0685e+00 
114.0 5.4562e+00 -3.0552e+00 0.0000e+00 0.0000e+00 -3.0552e+00 4.7735e+00 0.0000e+00 0.0000e+00 0.0000e+00 0.0000e+00 -1.4086e+00 6.1372e-01 0.0000e+00 0.0000e+00 -6.1372e-01 -1.1922e+00 
115.0 5.3924e+00 -2.9668e+00 0.0000e+00 0.0000e+00 -2.9668e+00 4.7163e+00 0.0000e+00 0.0000e+00 0.0000e+00 0.0000e+00 -1.5308e+00 6.1906e-01 0.0000e+00 0.0000e+00 -6.1906e-01 -1.3118e+00 
116.0 5.3326e+00 -2.8791e+00 0.0000e+00 0.0000e+00 -2.8791e+00 4.6633e+00 0.0000e+00 0.0000e+00 0.0000e+00 0.0000e+00 -1.6489e+00 6.2362e-01 0.0000e+00 0.0000e+00 -6.2362e-01 -1.4274e+00 
117.0 5.2768e+00 -2.7921e+00 0.0000e+00 0.0000e+00 -2.7921e+00 4.6141e+00 0.0000e+00 0.0000e+00 0.0000e+00 0.0000e+00 -1.7630e+00 6.2742e-01 0.0000e+00 0.0000e+00 -6.2742e-01 -1.5393e+00 
118.0 5.2247e+00 -2.7060e+00 0.0000e+00 0.0000e+00 -2.7060e+00 4.5687e+00 0.0000e+00 0.0000e+00 0.0000e+00 0.0000e+00 -1.8734e+00 6.3047e-01 0.0000e+00 0.0000e+00 -6.3047e-01 -1.6475e+00 
119.0 5.1762e+00 -2.6207e+00 0.0000e+00 0.0000e+00 -2.6207e+00 4.5270e+00 0.0000e+00 0.0000e+00 0.0000e+00 0.0000e+00 -1.9802e+00 6.3276e-01 0.0000e+00 0.0000e+00 -6.3276e-01 -1.7522e+00 
120.0 5.1313e+00 -2.5362e+00 0.0000e+00 0.0000e+00 -2.5362e+00 4.4887e+00 0.0000e+00 0.0000e+00 0.0000e+00 0.0000e+00 -2.0835e+00 6.3430e-01 0.0000e+00 0.0000e+00 -6.3430e-01 -1.8535e+00 
121.0 5.0897e+00 -2.4526e+00 0.0000e+00 0.0000e+00 -2.4526e+00 4.4538e+00 0.0000e+00 0.0000e+00 0.0000e+00 0.0000e+00 -2.1834e+00 6.3509e-01 0.0000e+00 0.0000e+00 -6.3509e-01 -1.9516e+00 
122.0 5.0513e+00 -2.3699e+00 0.0000e+00 0.0000e+00 -2.3699e+00 4.4221e+00 0.0000e+00 0.0000e+00 0.0000e+00 0.0000e+00 -2.2802e+00 6.3512e-01 0.0000e+00 0.0000e+00 -6.3512e-01 -2.0466e+00 
123.0 5.0160e+00 -2.2882e+00 0.0000e+00 0.0000e+00 -2.2882e+00 4.3935e+00 0.0000e+00 0.0000e+00 0.0000e+00 0.0000e+00 -2.3739e+00 6.3437e-01 0.0000e+00 0.0000e+00 -6.3437e-01 -2.1386e+00 
124.0 4.9837e+00 -2.2074e+00 0.0000e+00 0.0000e+00 -2.2074e+00 4.3677e+00 0.0000e+00 0.0000e+00 0.0000e+00 0.0000e+00 -2.4647e+00 6.3285e-01 0.0000e+00 0.0000e+00 -6.3285e-01 -2.2278e+00 
125.0 4.9543e+00 -2.1276e+00 0.0000e+00 0.0000e+00 -2.1276e+00 4.3448e+00 0.0000e+00 0.0000e+00 0.0000e+00 0.0000e+00 -2.5528e+00 6.3056e-01 0.0000e+00 0.0000e+00 -6.3056e-01 -2.3142e+00 
126.0 4.9276e+00 -2.0488e+00 0.0000e+00 0.0000e+00 -2.0488e+00 4.3246e+00 0.0000e+00 0.0000e+00 0.0000e+00 0.0000e+00 -2.6381e+00 6.2751e-01 0.0000e+00 0.0000e+00 -6.2751e-01 -2.3980e+00 
127.0 4.9036e+00 -1.9711e+00 0.0000e+00 0.0000e+00 -1.9711e+00 4.3070e+00 0.0000e+00 0.0000e+00 0.0000e+00 0.0000e+00 -2.7209e+00 6.2372e-01 0.0000e+00 0.0000e+00 -6.2372e-01 -2.4792e+00 
128.0 4.8822e+00 -1.8944e+00 0.0000e+00 0.0000e+00 -1.8944e+00 4.2919e+00 0.0000e+00 0.0000e+00 0.0000e+00 0.0000e+00 -2.8012e+00 6.1917e-01 0.0000e+00 0.0000e+00 -6.1917e-01 -2.5581e+00 
129.0 4.8632e+00 -1.8188e+00 0.0000e+00 0.0000e+00 -1.8188e+00 4.2792e+00 0.0000e+00 0.0000e+00 0.0000e+00 0.0000e+00 -2.8792e+00 6.1388e-01 0.0000e+00 0.0000e+00 -6.1388e-01 -2.6345e+00 
130.0 4.8466e+00 -1.7443e+00 0.0000e+00 0.0000e+00 -1.7443e+00 4.2689e+00 0.0000e+00 0.0000e+00 0.0000e+00 0.0000e+00 -2.9549e+00 6.0786e-01 0.0000e+00 0.0000e+00 -6.0786e-01 -2.7087e+00 
131.0 4.8323e+00 -1.6709e+00 0.0000e+00 0.0000e+00 -1.6709e+00 4.2607e+00 0.0000e+00 0.0000e+00 0.0000e+00 0.0000e+00 -3.0284e+00 6.0111e-01 0.0000e+00 0.0000e+00 -6.0111e-01 -2.7807e+00 
132.0 4.8202e+00 -1.5986e+00 0.0000e+00 0.0000e+00 -1.5986e+00 4.2547e+00 0.0000e+00 0.0000e+00 0.0000e+00 0.0000e+00 -3.0998e+00 5.9365e-01 0.0000e+00 0.0000e+00 -5.9365e-01 -2.8506e+00 
133.0 4.8102e+00 -1.5276e+00 0.0000e+00 0.0000e+00 -1.5276e+00 4.2507e+00 0.0000e+00 0.0000e+00 0.0000e+00 0.0000e+00 -3.1692e+00 5.8552e-01 0.0000e+00 0.0000e+00 -5.8552e-01 -2.9185e+00 
134.0 4.8024e+00 -1.4577e+00 0.0000e+00 0.0000e+00 -1.4577e+00 4.2487e+00 0.0000e+00 0.0000e+00 0.0000e+00 0.0000e+00 -3.2367e+00 5.7672e-01 0.0000e+00 0.0000e+00 -5.7672e-01 -2.9845e+00 
135.0 4.7965e+00 -1.3890e+00 0.0000e+00 0.0000e+00 -1.3890e+00 4.2486e+00 0.0000e+00 0.0000e+00 0.0000e+00 0.0000e+00 -3.3023e+00 5.6728e-01 0.0000e+00 0.0000e+00 -5.6728e-01 -3.0486e+00 
136.0 4.7925e+00 -1.3215e+00 0.0000e+00 0.0000e+00 -1.3215e+00 4.2503e+00 0.0000e+00 0.0000e+00 0.0000e+00 0.0000e+00 -3.3661e+00 5.5721e-01 0.0000e+00 0.0000e+00 -5.5721e-01 -3.1108e+00 
137.0 4.7904e+00 -1.2553e+00 0.0000e+00 0.0000e+00 -1.2553e+00 4.2537e+00 0.0000e+00 0.0000e+00 0.0000e+00 0.0000e+00 -3.4282e+00 5.4654e-01 0.0000e+00 0.0000e+00 -5.4654e-01 -3.1713e+00 
138.0 4.7901e+00 -1.1903e+00 0.0000e+00 0.0000e+00 -1.1903e+00 4.2588e+00 0.0000e+00 0.0000e+00 0.0000e+00 0.0000e+00 -3.4886e+00 5.3528e-01 0.0000e+00 0.0000e+00 -5.3528e-01 -3.2301e+00 
139.0 4.7915e+00 -1.1267e+00 0.0000e+00 0.0000e+00 -1.1267e+00 4.2655e+00 0.0000e+00 0.0000e+00 0.0000e+00 0.0000e+00 -3.5474e+00 5.2344e-01 0.0000e+00 0.0000e+00 -5.2344e-01 -3.2872e+00 
140.0 4.7945e+00 -1.0644e+00 0.0000e+00 0.0000e+00 -1.0644e+00 4.2738e+00 0.0000e+00 0.0000e+00 0.0000e+00 0.0000e+00 -3.6046e+00 5.1107e-01 0.0000e+00 0.0000e+00 -5.1107e-01 -3.3427e+00 
141.0 4.7992e+00 -1.0035e+00 0.0000e+00 0.0000e+00 -1.0035e+00 4.2835e+00 0.0000e+00 0.0000e+00 0.0000e+00 0.0000e+00 -3.6603e+00 4.9819e-01 0.0000e+00 0.0000e+00 -4.9819e-01 -3.3966e+00 
142.0 4.8054e+00 -9.4386e-01 0.0000e+00 0.0000e+00 -9.4386e-01 4.2946e+00 0.0000e+00 0.0000e+00 0.0000e+00 0.0000e+00 -3.7145e+00 4.8482e-01 0.0000e+00 0.0000e+00 -4.8482e-01 -3.4489e+00 
143.0 4.8131e+00 -8.8564e-01 0.0000e+00 0.0000e+00 -8.8564e-01 4.3071e+00 0.0000e+00 0.0000e+00 0.0000e+00 0.0000e+00 -3.7673e+00 4.7099e-01 0.0000e+00 0.0000e+00 -4.7099e-01 -3.4997e+00 
144.0 4.8223e+00 -8.2883e-01 0.0000e+00 0.0000e+00 -8.2883e-01 4.3207e+00 0.0000e+00 0.0000e+00 0.0000e+00 0.0000e+00 -3.8187e+00 4.5672e-01 0.0000e+00 0.0000e+00 -4.5672e-01 -3.5489e+00 
145.0 4.8328e+00 -7.7347e-01 0.0000e+00 0.0000e+00 -7.7347e-01 4.3356e+00 0.0000e+00 0.0000e+00 0.0000e+00 0.0000e+00 -3.8688e+00 4.4202e-01 0.0000e+00 0.0000e+00 -4.4202e-01 -3.5967e+00 
146.0 4.8447e+00 -7.1958e-01 0.0000e+00 0.0000e+00 -7.1958e-01 4.3515e+00 0.0000e+00 0.0000e+00 0.0000e+00 0.0000e+00 -3.9177e+00 4.2689e-01 0.0000e+00 0.0000e+00 -4.2689e-01 -3.6431e+00 
147.0 4.8579e+00 -6.6722e-01 0.0000e+00 0.0000e+00 -6.6722e-01 4.3684e+00 0.0000e+00 0.0000e+00 0.0000e+00 0.0000e+00 -3.9654e+00 4.1131e-01 0.0000e+00 0.0000e+00 -4.1131e-01 -3.6880e+00 
148.0 4.8723e+00 -6.1639e-01 0.0000e+00 0.0000e+00 -6.1639e-01 4.3862e+00 0.0000e+00 0.0000e+00 0.0000e+00 0.0000e+00 -4.0119e+00 3.9531e-01 0.0000e+00 0.0000e+00 -3.9531e-01 -3.7315e+00 
149.0 4.8880e+00 -5.6714e-01 0.0000e+00 0.0000e+00 -5.6714e-01 4.4049e+00 0.0000e+00 0.0000e+00 0.0000e+00 0.0000e+00 -4.0573e+00 3.7892e-01 0.0000e+00 0.0000e+00 -3.7892e-01 -3.7736e+00 
150.0 4.9049e+00 -5.1949e-01 0.0000e+00 0.0000e+00 -5.1949e-01 4.4244e+00 0.0000e+00 0.0000e+00 0.0000e+00 0.0000e+00 -4.1016e+00 3.6220e-01 0.0000e+00 0.0000e+00 -3.6220e-01 -3.8143e+00 
151.0 4.9229e+00 -4.7348e-01 0.0000e+00 0.0000e+00 -4.7348e-01 4.4448e+00 0.0000e+00 0.0000e+00 0.0000e+00 0.0000e+00 -4.1449e+00 3.4519e-01 0.0000e+00 0.0000e+00 -3.4519e-01 -3.8536e+00 
152.0 4.9421e+00 -4.2918e-01 0.0000e+00 0.0000e+00 -4.2918e-01 4.4658e+00 0.0000e+00 0.0000e+00 0.0000e+00 0.0000e+00 -4.1871e+00 3.2787e-01 0.0000e+00 0.0000e+00 -3.2787e-01 -3.8915e+00 
153.0 4.9623e+00 -3.8665e-01 0.0000e+00 0.0000e+00 -3.8665e-01 4.4875e+00 0.0000e+00 0.0000e+00 0.0000e+00 0.0000e+00 -4.2284e+00 3.1019e-01 0.0000e+00 0.0000e+00 -3.1019e-01 -3.9281e+00 
154.0 4.9834e+00 -3.4597e-01 0.0000e+00 0.0000e+00 -3.4597e-01 4.5095e+00 0.0000e+00 0.0000e+00 0.0000e+00 0.0000e+00 -4.2687e+00 2.9209e-01 0.0000e+00 0.0000e+00 -2.9209e-01 -3.9633e+00 
155.0 5.0053e+00 -3.0720e-01 0.0000e+00 0.0000e+00 -3.0720e-01 4.5319e+00 0.0000e+00 0.0000e+00 0.0000e+00 0.0000e+00 -4.3081e+00 2.7355e-01 0.0000e+00 0.0000e+00 -2.7355e-01 -3.9971e+00 
156.0 5.0280e+00 -2.7042e-01 0.0000e+00 0.0000e+00 -2.7042e-01 4.5545e+00 0.0000e+00 0.0000e+00 0.0000e+00 0.0000e+00 -4.3467e+00 2.5454e-01 0.0000e+00 0.0000e+00 -2.5454e-01 -4.0297e+00 
157.0 5.0513e+00 -2.3573e-01 0.0000e+00 0.0000e+00 -2.3573e-01 4.5773e+00 0.0000e+00 0.0000e+00 0.0000e+00 0.0000e+00 -4.3845e+00 2.3507e-01 0.0000e+00 0.0000e+00 -2.3507e-01 -4.0609e+00 
158.0 5.0752e+00 -2.0325e-01 0.0000e+00 0.0000e+00 -2.0325e-01 4.6000e+00 0.0000e+00 0.0000e+00 0.0000e+00 0.0000e+00 -4.4216e+00 2.1511e-01 0.0000e+00 0.0000e+00 -2.1511e-01 -4.0908e+00 
159.0 5.0996e+00 -1.7314e-01 0.0000e+00 0.0000e+00 -1.7314e-01 4.6225e+00 0.0000e+00 0.0000e+00 0.0000e+00 0.0000e+00 -4.4579e+00 1.9461e-01 0.0000e+00 0.0000e+00 -1.9461e-01 -4.1192e+00 
160.0 5.1243e+00 -1.4553e-01 0.0000e+00 0.0000e+00 -1.4553e-01 4.6446e+00 0.0000e+00 0.0000e+00 0.0000e+00 0.0000e+00 -4.4935e+00 1.7353e-01 0.0000e+00 0.0000e+00 -1.7353e-01 -4.1462e+00 
161.0 5.1493e+00 -1.2046e-01 0.0000e+00 0.0000e+00 -1.2046e-01 4.6659e+00 0.0000e+00 0.0000e+00 0.0000e+00 0.0000e+00 -4.5285e+00 1.5184e-01 0.0000e+00 0.0000e+00 -1.5184e-01 -4.1715e+00 
162.0 5.1748e+00 -9.7937e-02 0.0000e+00 0.0000e+00 -9.7937e-02 4.6867e+00 0.0000e+00 0.0000e+00 0.0000e+00 0.0000e+00 -4.5629e+00 1.2967e-01 0.0000e+00 0.0000e+00 -1.2967e-01 -4.1951e+00 
163.0 5.2011e+00 -7.7937e-02 0.0000e+00 0.0000e+00 -7.7937e-02 4.7069e+00 0.0000e+00 0.0000e+00 0.0000e+00 0.0000e+00 -4.5970e+00 1.0721e-01 0.0000e+00 0.0000e+00 -1.0721e-01 -4.2169e+00 
164.0 5.2282e+00 -6.0461e-02 0.0000e+00 0.0000e+00 -6.0461e-02 4.7267e+00 0.0000e+00 0.0000e+00 0.0000e+00 0.0000e+00 -4.6307e+00 8.4697e-02 0.0000e+00 0.0000e+00 -8.4697e-02 -4.2369e+00 
165.0 5.2567e+00 -4.5466e-02 0.0000e+00 0.0000e+00 -4.5466e-02 4.7460e+00 0.0000e+00 0.0000e+00 0.0000e+00 0.0000e+00 -4.6644e+00 6.2436e-02 0.0000e+00 0.0000e+00 -6.2436e-02 -4.2550e+00 
166.0 5.2869e+00 -3.2858e-02 0.0000e+00 0.0000e+00 -3.2858e-02 4.7652e+00 0.0000e+00 0.0000e+00 0.0000e+00 0.0000e+00 -4.6981e+00 4.0794e-02 0.0000e+00 0.0000e+00 -4.0794e-02 -4.2711e+00 
167.0 5.3192e+00 -2.2555e-02 0.0000e+00 0.0000e+00 -2.2555e-02 4.7847e+00 0.0000e+00 0.0000e+00 0.0000e+00 0.0000e+00 -4.7320e+00 2.0128e-02 0.0000e+00 0.0000e+00 -2.0128e-02 -4.2852e+00 
168.0 5.3540e+00 -1.4487e-02 0.0000e+00 0.0000e+00 -1.4487e-02 4.8046e+00 0.0000e+00 0.0000e+00 0.0000e+00 0.0000e+00 -4.7664e+00 8.2182e-04 0.0000e+00 0.0000e+00 -8.2182e-04 -4.2974e+00 
169.0 5.3917e+00 -8.5841e-03 0.0000e+00 0.0000e+00 -8.5841e-03 4.8252e+00 0.0000e+00 0.0000e+00 0.0000e+00 0.0000e+00 -4.8014e+00 -1.6745e-02 0.0000e+00 0.0000e+00 1.6745e-02 -4.3078e+00 
170.0 5.4326e+00 -4.7962e-03 0.0000e+00 0.0000e+00 -4.7962e-03 4.8466e+00 0.0000e+00 0.0000e+00 0.0000e+00 0.0000e+00 -4.8373e+00 -3.2240e-02 0.0000e+00 0.0000e+00 3.2240e-02 -4.3164e+00 
171.0 5.4770e+00 -2.9642e-03 0.0000e+00 0.0000e+00 -2.9642e-03 4.8690e+00 0.0000e+00 0.0000e+00 0.0000e+00 0.0000e+00 -4.8747e+00 -4.5145e-02 0.0000e+00 0.0000e+00 4.5145e-02 -4.3234e+00 
172.0 5.5258e+00 -2.7439e-03 0.0000e+00 0.0000e+00 -2.7439e-03 4.8928e+00 0.0000e+00 0.0000e+00 0.0000e+00 0.0000e+00 -4.9138e+00 -5.4548e-02 0.0000e+00 0.0000e+00 5.4548e-02 -4.3288e+00 
173.0 5.5796e+00 -3.6180e-03 0.0000e+00 0.0000e+00 -3.6180e-03 4.9186e+00 0.0000e+00 0.0000e+00 0.0000e+00 0.0000e+00 -4.9549e+00 -5.9248e-02 0.0000e+00 0.0000e+00 5.9248e-02 -4.3328e+00 
174.0 5.6392e+00 -4.8855e-03 0.0000e+00 0.0000e+00 -4.8855e-03 4.9472e+00 0.0000e+00 0.0000e+00 0.0000e+00 0.0000e+00 -4.9977e+00 -5.8024e-02 0.0000e+00 0.0000e+00 5.8024e-02 -4.3354e+00 
175.0 5.7035e+00 -5.7878e-03 0.0000e+00 0.0000e+00 -5.7878e-03 4.9784e+00 0.0000e+00 0.0000e+00 0.0000e+00 0.0000e+00 -5.0413e+00 -5.0400e-02 0.0000e+00 0.0000e+00 5.0400e-02 -4.3367e+00 
176.0 5.7695e+00 -5.6095e-03 0.0000e+00 0.0000e+00 -5.6095e-03 5.0108e+00 0.0000e+00 0.0000e+00 0.0000e+00 0.0000e+00 -5.0833e+00 -3.7177e-02 0.0000e+00 0.0000e+00 3.7177e-02 -4.3367e+00 
177.0 5.8308e+00 -3.8691e-03 0.0000e+00 0.0000e+00 -3.8691e-03 5.0415e+00 0.0000e+00 0.0000e+00 0.0000e+00 0.0000e+00 -5.1198e+00 -2.0869e-02 0.0000e+00 0.0000e+00 2.0869e-02 -4.3354e+00 
178.0 5.8769e+00 -1.2778e-03 0.0000e+00 0.0000e+00 -1.2778e-03 5.0650e+00 0.0000e+00 0.0000e+00 0.0000e+00 0.0000e+00 -5.1453e+00 -6.4317e-03 0.0000e+00 0.0000e+00 6.4317e-03 -4.3336e+00 
179.0 5.8952e+00 -1.9285e-20 0.0000e+00 0.0000e+00 -1.9285e-20 5.0745e+00 0.0000e+00 0.0000e+00 0.0000e+00 0.0000e+00 -5.1551e+00 -1.3296e-19 0.0000e+00 0.0000e+00 1.3296e-19 -4.3327e+00 
180.0 5.9132e+00 0.0000e+00 0.0000e+00 0.0000e+00 0.0000e+00 5.0835e+00 0.0000e+00 0.0000e+00 0.0000e+00 0.0000e+00 -5.1642e+00 0.0000e+00 0.0000e+00 0.0000e+00 -0.0000e+00 -4.3319e+00 
