2.0514 2.0632 0.0118 0.023221
theta s11 s12 s13 s14 s21 s22 s23 s24 s31 s32 s33 s34 s41 s42 s43 s44
0.0 3.0630e+03 0.0000e+00 0.0000e+00 0.0000e+00 0.0000e+00 3.0595e+03 0.0000e+00 0.0000e+00 0.0000e+00 0.0000e+00 3.0595e+03 0.0000e+00 0.0000e+00 0.0000e+00 -0.0000e+00 3.0561e+03 
1.0 2.4711e+03 -2.0102e-01 0.0000e+00 0.0000e+00 -2.0102e-01 2.4677e+03 0.0000e+00 0.0000e+00 0.0000e+00 0.0000e+00 2.4677e+03 -7.1435e-01 0.0000e+00 0.0000e+00 7.1435e-01 2.4642e+03 
2.0 1.6019e+03 -3.7801e-01 0.0000e+00 0.0000e+00 -3.7801e-01 1.5985e+03 0.0000e+00 0.0000e+00 0.0000e+00 0.0000e+00 1.5985e+03 -2.3324e+00 0.0000e+00 0.0000e+00 2.3324e+00 1.5950e+03 
3.0 1.0674e+03 -3.8596e-01 0.0000e+00 0.0000e+00 -3.8596e-01 1.0640e+03 0.0000e+00 0.0000e+00 0.0000e+00 0.0000e+00 1.0640e+03 -3.8857e+00 0.0000e+00 0.0000e+00 3.8857e+00 1.0606e+03 
4.0 7.8455e+02 -3.8400e-01 0.0000e+00 0.0000e+00 -3.8400e-01 7.8116e+02 0.0000e+00 0.0000e+00 0.0000e+00 0.0000e+00 7.8108e+02 -4.8888e+00 0.0000e+00 0.0000e+00 4.8888e+00 7.7779e+02 
5.0 6.2737e+02 -4.2793e-01 0.0000e+00 0.0000e+00 -4.2793e-01 6.2401e+02 0.0000e+00 0.0000e+00 0.0000e+00 0.0000e+00 6.2388e+02 -5.4383e+00 0.0000e+00 0.0000e+00 5.4383e+00 6.2068e+02 
6.0 5.3062e+02 -5.1005e-01 0.0000e+00 0.0000e+00 -5.1005e-01 5.2729e+02 0.0000e+00 0.0000e+00 0.0000e+00 0.0000e+00 5.2712e+02 -5.7599e+00 0.0000e+00 0.0000e+00 5.7599e+00 5.2399e+02 
7.0 4.6482e+02 -6.2384e-01 0.0000e+00 0.0000e+00 -6.2384e-01 4.6152e+02 0.0000e+00 0.0000e+00 0.0000e+00 0.0000e+00 4.6130e+02 -5.9718e+00 0.0000e+00 0.0000e+00 5.9718e+00 4.5825e+02 
8.0 4.1645e+02 -7.6775e-01 0.0000e+00 0.0000e+00 -7.6775e-01 4.1316e+02 0.0000e+00 0.0000e+00 0.0000e+00 0.0000e+00 4.1290e+02 -6.1169e+00 0.0000e+00 0.0000e+00 6.1169e+00 4.0993e+02 
9.0 3.7880e+02 -9.4061e-01 0.0000e+00 0.0000e+00 -9.4061e-01 3.7553e+02 0.0000e+00 0.0000e+00 0.0000e+00 0.0000e+00 3.7522e+02 -6.2056e+00 0.0000e+00 0.0000e+00 6.2056e+00 3.7233e+02 
10.0 3.4832e+02 -1.1397e+00 0.0000e+00 0.0000e+00 -1.1397e+00 3.4506e+02 0.0000e+00 0.0000e+00 0.0000e+00 0.0000e+00 3.4470e+02 -6.2380e+00 0.0000e+00 0.0000e+00 6.2380e+00 3.4188e+02 
11.0 3.2296e+02 -1.3599e+00 0.0000e+00 0.0000e+00 -1.3599e+00 3.1971e+02 0.0000e+00 0.0000e+00 0.0000e+00 0.0000e+00 3.1931e+02 -6.2242e+00 0.0000e+00 0.0000e+00 6.2242e+00 3.1656e+02 
12.0 3.0139e+02 -1.5978e+00 0.0000e+00 0.0000e+00 -1.5978e+00 2.9815e+02 0.0000e+00 0.0000e+00 0.0000e+00 0.0000e+00 2.9771e+02 -6.1794e+00 0.0000e+00 0.0000e+00 6.1794e+00 2.9504e+02 
13.0 2.8273e+02 -1.8524e+00 0.0000e+00 0.0000e+00 -1.8524e+00 2.7949e+02 0.0000e+00 0.0000e+00 0.0000e+00 0.0000e+00 2.7901e+02 -6.1115e+00 0.0000e+00 0.0000e+00 6.1115e+00 2.7641e+02 
14.0 2.6634e+02 -2.1211e+00 0.0000e+00 0.0000e+00 -2.1211e+00 2.6311e+02 0.0000e+00 0.0000e+00 0.0000e+00 0.0000e+00 2.6258e+02 -6.0271e+00 0.0000e+00 0.0000e+00 6.0271e+00 2.6005e+02 
15.0 2.5178e+02 -2.4035e+00 0.0000e+00 0.0000e+00 -2.4035e+00 2.4854e+02 0.0000e+00 0.0000e+00 0.0000e+00 0.0000e+00 2.4797e+02 -5.9250e+00 0.0000e+00 0.0000e+00 5.9250e+00 2.4551e+02 
16.0 2.3870e+02 -2.6965e+00 0.0000e+00 0.0000e+00 -2.6965e+00 2.3547e+02 0.0000e+00 0.0000e+00 0.0000e+00 0.0000e+00 2.3485e+02 -5.8102e+00 0.0000e+00 0.0000e+00 5.8102e+00 2.3247e+02 
17.0 2.2687e+02 -2.9980e+00 0.0000e+00 0.0000e+00 -2.9980e+00 2.2364e+02 0.0000e+00 0.0000e+00 0.0000e+00 0.0000e+00 2.2298e+02 -5.6888e+00 0.0000e+00 0.0000e+00 5.6888e+00 2.2066e+02 
18.0 2.1608e+02 -3.3062e+00 0.0000e+00 0.0000e+00 -3.3062e+00 2.1285e+02 0.0000e+00 0.0000e+00 0.0000e+00 0.0000e+00 2.1215e+02 -5.5654e+00 0.0000e+00 0.0000e+00 5.5654e+00 2.0990e+02 
19.0 2.0617e+02 -3.6198e+00 0.0000e+00 0.0000e+00 -3.6198e+00 2.0294e+02 0.0000e+00 0.0000e+00 0.0000e+00 0.0000e+00 2.0289e+02 -5.4425e+00 0.0000e+00 0.0000e+00 5.4425e+00 2.0072e+02 
20.0 1.9700e+02 -3.9369e+00 0.0000e+00 0.0000e+00 -3.9369e+00 1.9377e+02 0.0000e+00 0.0000e+00 0.0000e+00 0.0000e+00 1.9432e+02 -5.3216e+00 0.0000e+00 0.0000e+00 5.3216e+00 1.9223e+02 
21.0 1.8847e+02 -4.2559e+00 0.0000e+00 0.0000e+00 -4.2559e+00 1.8525e+02 0.0000e+00 0.0000e+00 0.0000e+00 0.0000e+00 1.8634e+02 -5.2037e+00 0.0000e+00 0.0000e+00 5.2037e+00 1.8432e+02 
22.0 1.8050e+02 -4.5757e+00 0.0000e+00 0.0000e+00 -4.5757e+00 1.7727e+02 0.0000e+00 0.0000e+00 0.0000e+00 0.0000e+00 1.7887e+02 -5.0891e+00 0.0000e+00 0.0000e+00 5.0891e+00 1.7691e+02 
23.0 1.7301e+02 -4.8956e+00 0.0000e+00 0.0000e+00 -4.8956e+00 1.6979e+02 0.0000e+00 0.0000e+00 0.0000e+00 0.0000e+00 1.7185e+02 -4.9771e+00 0.0000e+00 0.0000e+00 4.9771e+00 1.6995e+02 
24.0 1.6595e+02 -5.2155e+00 0.0000e+00 0.0000e+00 -5.2155e+00 1.6274e+02 0.0000e+00 0.0000e+00 0.0000e+00 0.0000e+00 1.6523e+02 -4.8662e+00 0.0000e+00 0.0000e+00 4.8662e+00 1.6339e+02 
25.0 1.5928e+02 -5.5350e+00 0.0000e+00 0.0000e+00 -5.5350e+00 1.5608e+02 0.0000e+00 0.0000e+00 0.0000e+00 0.0000e+00 1.5896e+02 -4.7551e+00 0.0000e+00 0.0000e+00 4.7551e+00 1.5718e+02 
26.0 1.5298e+02 -5.8537e+00 0.0000e+00 0.0000e+00 -5.8537e+00 1.4977e+02 0.0000e+00 0.0000e+00 0.0000e+00 0.0000e+00 1.5303e+02 -4.6440e+00 0.0000e+00 0.0000e+00 4.6440e+00 1.5129e+02 
27.0 1.4699e+02 -6.1703e+00 0.0000e+00 0.0000e+00 -6.1703e+00 1.4379e+02 0.0000e+00 0.0000e+00 0.0000e+00 0.0000e+00 1.4738e+02 -4.5331e+00 0.0000e+00 0.0000e+00 4.5331e+00 1.4570e+02 
28.0 1.4129e+02 -6.4838e+00 0.0000e+00 0.0000e+00 -6.4838e+00 1.3811e+02 0.0000e+00 0.0000e+00 0.0000e+00 0.0000e+00 1.4200e+02 -4.4230e+00 0.0000e+00 0.0000e+00 4.4230e+00 1.4037e+02 
29.0 1.3586e+02 -6.7932e+00 0.0000e+00 0.0000e+00 -6.7932e+00 1.3269e+02 0.0000e+00 0.0000e+00 0.0000e+00 0.0000e+00 1.3687e+02 -4.3138e+00 0.0000e+00 0.0000e+00 4.3138e+00 1.3528e+02 
30.0 1.3068e+02 -7.0976e+00 0.0000e+00 0.0000e+00 -7.0976e+00 1.2751e+02 0.0000e+00 0.0000e+00 0.0000e+00 0.0000e+00 1.3195e+02 -4.2060e+00 0.0000e+00 0.0000e+00 4.2060e+00 1.3040e+02 
31.0 1.2572e+02 -7.3959e+00 0.0000e+00 0.0000e+00 -7.3959e+00 1.2256e+02 0.0000e+00 0.0000e+00 0.0000e+00 0.0000e+00 1.2667e+02 -4.0999e+00 0.0000e+00 0.0000e+00 4.0999e+00 1.2518e+02 
32.0 1.2097e+02 -7.6872e+00 0.0000e+00 0.0000e+00 -7.6872e+00 1.1782e+02 0.0000e+00 0.0000e+00 0.0000e+00 0.0000e+00 1.2160e+02 -3.9951e+00 0.0000e+00 0.0000e+00 3.9951e+00 1.2017e+02 
33.0 1.1641e+02 -7.9707e+00 0.0000e+00 0.0000e+00 -7.9707e+00 1.1328e+02 0.0000e+00 0.0000e+00 0.0000e+00 0.0000e+00 1.1675e+02 -3.8912e+00 0.0000e+00 0.0000e+00 3.8912e+00 1.1537e+02 
34.0 1.1204e+02 -8.2460e+00 0.0000e+00 0.0000e+00 -8.2460e+00 1.0892e+02 0.0000e+00 0.0000e+00 0.0000e+00 0.0000e+00 1.1209e+02 -3.7882e+00 0.0000e+00 0.0000e+00 3.7882e+00 1.1077e+02 
35.0 1.0785e+02 -8.5127e+00 0.0000e+00 0.0000e+00 -8.5127e+00 1.0474e+02 0.0000e+00 0.0000e+00 0.0000e+00 0.0000e+00 1.0761e+02 -3.6858e+00 0.0000e+00 0.0000e+00 3.6858e+00 1.0635e+02 
36.0 1.0383e+02 -8.7704e+00 0.0000e+00 0.0000e+00 -8.7704e+00 1.0073e+02 0.0000e+00 0.0000e+00 0.0000e+00 0.0000e+00 1.0331e+02 -3.5838e+00 0.0000e+00 0.0000e+00 3.5838e+00 1.0210e+02 
37.0 9.9967e+01 -9.0188e+00 0.0000e+00 0.0000e+00 -9.0188e+00 9.6877e+01 0.0000e+00 0.0000e+00 0.0000e+00 0.0000e+00 9.9180e+01 -3.4819e+00 0.0000e+00 0.0000e+00 3.4819e+00 9.8020e+01 
38.0 9.6260e+01 -9.2579e+00 0.0000e+00 0.0000e+00 -9.2579e+00 9.3184e+01 0.0000e+00 0.0000e+00 0.0000e+00 0.0000e+00 9.5207e+01 -3.3800e+00 0.0000e+00 0.0000e+00 3.3800e+00 9.4097e+01 
39.0 9.2701e+01 -9.4875e+00 0.0000e+00 0.0000e+00 -9.4875e+00 8.9639e+01 0.0000e+00 0.0000e+00 0.0000e+00 0.0000e+00 9.1386e+01 -3.2777e+00 0.0000e+00 0.0000e+00 3.2777e+00 9.0325e+01 
40.0 8.9284e+01 -9.7073e+00 0.0000e+00 0.0000e+00 -9.7073e+00 8.6236e+01 0.0000e+00 0.0000e+00 0.0000e+00 0.0000e+00 8.7712e+01 -3.1751e+00 0.0000e+00 0.0000e+00 3.1751e+00 8.6698e+01 
41.0 8.6002e+01 -9.9172e+00 0.0000e+00 0.0000e+00 -9.9172e+00 8.2969e+01 0.0000e+00 0.0000e+00 0.0000e+00 0.0000e+00 8.4177e+01 -3.0723e+00 0.0000e+00 0.0000e+00 3.0723e+00 8.3210e+01 
42.0 8.2849e+01 -1.0117e+01 0.0000e+00 0.0000e+00 -1.0117e+01 7.9832e+01 0.0000e+00 0.0000e+00 0.0000e+00 0.0000e+00 8.0777e+01 -2.9694e+00 0.0000e+00 0.0000e+00 2.9694e+00 7.9855e+01 
43.0 7.9819e+01 -1.0306e+01 0.0000e+00 0.0000e+00 -1.0306e+01 7.6818e+01 0.0000e+00 0.0000e+00 0.0000e+00 0.0000e+00 7.7505e+01 -2.8663e+00 0.0000e+00 0.0000e+00 2.8663e+00 7.6627e+01 
44.0 7.6906e+01 -1.0485e+01 0.0000e+00 0.0000e+00 -1.0485e+01 7.3921e+01 0.0000e+00 0.0000e+00 0.0000e+00 0.0000e+00 7.4355e+01 -2.7633e+00 0.0000e+00 0.0000e+00 2.7633e+00 7.3520e+01 
45.0 7.4105e+01 -1.0653e+01 0.0000e+00 0.0000e+00 -1.0653e+01 7.1137e+01 0.0000e+00 0.0000e+00 0.0000e+00 0.0000e+00 7.1322e+01 -2.6602e+00 0.0000e+00 0.0000e+00 2.6602e+00 7.0529e+01 
46.0 7.1414e+01 -1.0810e+01 0.0000e+00 0.0000e+00 -1.0810e+01 6.8462e+01 0.0000e+00 0.0000e+00 0.0000e+00 0.0000e+00 6.8402e+01 -2.5570e+00 0.0000e+00 0.0000e+00 2.5570e+00 6.7650e+01 
47.0 6.8827e+01 -1.0957e+01 0.0000e+00 0.0000e+00 -1.0957e+01 6.5892e+01 0.0000e+00 0.0000e+00 0.0000e+00 0.0000e+00 6.5591e+01 -2.4535e+00 0.0000e+00 0.0000e+00 2.4535e+00 6.4879e+01 
48.0 6.6341e+01 -1.1093e+01 0.0000e+00 0.0000e+00 -1.1093e+01 6.3423e+01 0.0000e+00 0.0000e+00 0.0000e+00 0.0000e+00 6.2884e+01 -2.3499e+00 0.0000e+00 0.0000e+00 2.3499e+00 6.2212e+01 
49.0 6.3952e+01 -1.1218e+01 0.0000e+00 0.0000e+00 -1.1218e+01 6.1051e+01 0.0000e+00 0.0000e+00 0.0000e+00 0.0000e+00 6.0278e+01 -2.2460e+00 0.0000e+00 0.0000e+00 2.2460e+00 5.9643e+01 
50.0 6.1658e+01 -1.1333e+01 0.0000e+00 0.0000e+00 -1.1333e+01 5.8773e+01 0.0000e+00 0.0000e+00 0.0000e+00 0.0000e+00 5.7768e+01 -2.1420e+00 0.0000e+00 0.0000e+00 2.1420e+00 5.7171e+01 
51.0 5.9454e+01 -1.1438e+01 0.0000e+00 0.0000e+00 -1.1438e+01 5.6586e+01 0.0000e+00 0.0000e+00 0.0000e+00 0.0000e+00 5.5351e+01 -2.0378e+00 0.0000e+00 0.0000e+00 2.0378e+00 5.4791e+01 
52.0 5.7338e+01 -1.1533e+01 0.0000e+00 0.0000e+00 -1.1533e+01 5.4487e+01 0.0000e+00 0.0000e+00 0.0000e+00 0.0000e+00 5.3024e+01 -1.9334e+00 0.0000e+00 0.0000e+00 1.9334e+00 5.2500e+01 
53.0 5.5307e+01 -1.1618e+01 0.0000e+00 0.0000e+00 -1.1618e+01 5.2473e+01 0.0000e+00 0.0000e+00 0.0000e+00 0.0000e+00 5.0784e+01 -1.8288e+00 0.0000e+00 0.0000e+00 1.8288e+00 5.0295e+01 
54.0 5.3358e+01 -1.1693e+01 0.0000e+00 0.0000e+00 -1.1693e+01 5.0540e+01 0.0000e+00 0.0000e+00 0.0000e+00 0.0000e+00 4.8627e+01 -1.7242e+00 0.0000e+00 0.0000e+00 1.7242e+00 4.8172e+01 
55.0 5.1488e+01 -1.1759e+01 0.0000e+00 0.0000e+00 -1.1759e+01 4.8687e+01 0.0000e+00 0.0000e+00 0.0000e+00 0.0000e+00 4.6550e+01 -1.6197e+00 0.0000e+00 0.0000e+00 1.6197e+00 4.6129e+01 
56.0 4.9693e+01 -1.1815e+01 0.0000e+00 0.0000e+00 -1.1815e+01 4.6908e+01 0.0000e+00 0.0000e+00 0.0000e+00 0.0000e+00 4.4550e+01 -1.5156e+00 0.0000e+00 0.0000e+00 1.5156e+00 4.4163e+01 
57.0 4.7971e+01 -1.1862e+01 0.0000e+00 0.0000e+00 -1.1862e+01 4.5203e+01 0.0000e+00 0.0000e+00 0.0000e+00 0.0000e+00 4.2625e+01 -1.4119e+00 0.0000e+00 0.0000e+00 1.4119e+00 4.2270e+01 
58.0 4.6320e+01 -1.1900e+01 0.0000e+00 0.0000e+00 -1.1900e+01 4.3567e+01 0.0000e+00 0.0000e+00 0.0000e+00 0.0000e+00 4.0771e+01 -1.3091e+00 0.0000e+00 0.0000e+00 1.3091e+00 4.0449e+01 
59.0 4.4734e+01 -1.1929e+01 0.0000e+00 0.0000e+00 -1.1929e+01 4.1997e+01 0.0000e+00 0.0000e+00 0.0000e+00 0.0000e+00 3.8985e+01 -1.2073e+00 0.0000e+00 0.0000e+00 1.2073e+00 3.8695e+01 
60.0 4.3213e+01 -1.1950e+01 0.0000e+00 0.0000e+00 -1.1950e+01 4.0492e+01 0.0000e+00 0.0000e+00 0.0000e+00 0.0000e+00 3.7265e+01 -1.1064e+00 0.0000e+00 0.0000e+00 1.1064e+00 3.7006e+01 
61.0 4.1754e+01 -1.1962e+01 0.0000e+00 0.0000e+00 -1.1962e+01 3.9048e+01 0.0000e+00 0.0000e+00 0.0000e+00 0.0000e+00 3.5608e+01 -1.0066e+00 0.0000e+00 0.0000e+00 1.0066e+00 3.5380e+01 
62.0 4.0354e+01 -1.1967e+01 0.0000e+00 0.0000e+00 -1.1967e+01 3.7663e+01 0.0000e+00 0.0000e+00 0.0000e+00 0.0000e+00 3.4011e+01 -9.0793e-01 0.0000e+00 0.0000e+00 9.0793e-01 3.3814e+01 
63.0 3.9011e+01 -1.1963e+01 0.0000e+00 0.0000e+00 -1.1963e+01 3.6335e+01 0.0000e+00 0.0000e+00 0.0000e+00 0.0000e+00 3.2474e+01 -8.1047e-01 0.0000e+00 0.0000e+00 8.1047e-01 3.2306e+01 
64.0 3.7723e+01 -1.1952e+01 0.0000e+00 0.0000e+00 -1.1952e+01 3.5062e+01 0.0000e+00 0.0000e+00 0.0000e+00 0.0000e+00 3.0992e+01 -7.1429e-01 0.0000e+00 0.0000e+00 7.1429e-01 3.0854e+01 
65.0 3.6488e+01 -1.1933e+01 0.0000e+00 0.0000e+00 -1.1933e+01 3.3841e+01 0.0000e+00 0.0000e+00 0.0000e+00 0.0000e+00 2.9565e+01 -6.1950e-01 0.0000e+00 0.0000e+00 6.1950e-01 2.9456e+01 
66.0 3.5304e+01 -1.1907e+01 0.0000e+00 0.0000e+00 -1.1907e+01 3.2671e+01 0.0000e+00 0.0000e+00 0.0000e+00 0.0000e+00 2.8190e+01 -5.2612e-01 0.0000e+00 0.0000e+00 5.2612e-01 2.8110e+01 
67.0 3.4169e+01 -1.1874e+01 0.0000e+00 0.0000e+00 -1.1874e+01 3.1550e+01 0.0000e+00 0.0000e+00 0.0000e+00 0.0000e+00 2.6865e+01 -4.3418e-01 0.0000e+00 0.0000e+00 4.3418e-01 2.6813e+01 
68.0 3.3082e+01 -1.1834e+01 0.0000e+00 0.0000e+00 -1.1834e+01 3.0476e+01 0.0000e+00 0.0000e+00 0.0000e+00 0.0000e+00 2.5588e+01 -3.4391e-01 0.0000e+00 0.0000e+00 3.4391e-01 2.5565e+01 
69.0 3.2039e+01 -1.1787e+01 0.0000e+00 0.0000e+00 -1.1787e+01 2.9447e+01 0.0000e+00 0.0000e+00 0.0000e+00 0.0000e+00 2.4358e+01 -2.5543e-01 0.0000e+00 0.0000e+00 2.5543e-01 2.4362e+01 
70.0 3.1040e+01 -1.1734e+01 0.0000e+00 0.0000e+00 -1.1734e+01 2.8461e+01 0.0000e+00 0.0000e+00 0.0000e+00 0.0000e+00 2.3172e+01 -1.6877e-01 0.0000e+00 0.0000e+00 1.6877e-01 2.3203e+01 
71.0 3.0082e+01 -1.1675e+01 0.0000e+00 0.0000e+00 -1.1675e+01 2.7517e+01 0.0000e+00 0.0000e+00 0.0000e+00 0.0000e+00 2.2029e+01 -8.3990e-02 0.0000e+00 0.0000e+00 8.3990e-02 2.2087e+01 
72.0 2.9164e+01 -1.1610e+01 0.0000e+00 0.0000e+00 -1.1610e+01 2.6612e+01 0.0000e+00 0.0000e+00 0.0000e+00 0.0000e+00 2.0926e+01 -1.1845e-03 0.0000e+00 0.0000e+00 1.1845e-03 2.1011e+01 
73.0 2.8285e+01 -1.1539e+01 0.0000e+00 0.0000e+00 -1.1539e+01 2.5746e+01 0.0000e+00 0.0000e+00 0.0000e+00 0.0000e+00 1.9864e+01 7.9578e-02 0.0000e+00 0.0000e+00 -7.9578e-02 1.9974e+01 
74.0 2.7442e+01 -1.1462e+01 0.0000e+00 0.0000e+00 -1.1462e+01 2.4916e+01 0.0000e+00 0.0000e+00 0.0000e+00 0.0000e+00 1.8839e+01 1.5829e-01 0.0000e+00 0.0000e+00 -1.5829e-01 1.8975e+01 
75.0 2.6635e+01 -1.1380e+01 0.0000e+00 0.0000e+00 -1.1380e+01 2.4122e+01 0.0000e+00 0.0000e+00 0.0000e+00 0.0000e+00 1.7850e+01 2.3494e-01 0.0000e+00 0.0000e+00 -2.3494e-01 1.8012e+01 
76.0 2.5861e+01 -1.1293e+01 0.0000e+00 0.0000e+00 -1.1293e+01 2.3361e+01 0.0000e+00 0.0000e+00 0.0000e+00 0.0000e+00 1.6897e+01 3.0946e-01 0.0000e+00 0.0000e+00 -3.0946e-01 1.7083e+01 
77.0 2.5120e+01 -1.1201e+01 0.0000e+00 0.0000e+00 -1.1201e+01 2.2633e+01 0.0000e+00 0.0000e+00 0.0000e+00 0.0000e+00 1.5977e+01 3.8184e-01 0.0000e+00 0.0000e+00 -3.8184e-01 1.6188e+01 
78.0 2.4411e+01 -1.1105e+01 0.0000e+00 0.0000e+00 -1.1105e+01 2.1936e+01 0.0000e+00 0.0000e+00 0.0000e+00 0.0000e+00 1.5090e+01 4.5209e-01 0.0000e+00 0.0000e+00 -4.5209e-01 1.5325e+01 
79.0 2.3731e+01 -1.1003e+01 0.0000e+00 0.0000e+00 -1.1003e+01 2.1270e+01 0.0000e+00 0.0000e+00 0.0000e+00 0.0000e+00 1.4234e+01 5.2020e-01 0.0000e+00 0.0000e+00 -5.2020e-01 1.4492e+01 
80.0 2.3081e+01 -1.0898e+01 0.0000e+00 0.0000e+00 -1.0898e+01 2.0632e+01 0.0000e+00 0.0000e+00 0.0000e+00 0.0000e+00 1.3408e+01 5.8614e-01 0.0000e+00 0.0000e+00 -5.8614e-01 1.3689e+01 
81.0 2.2458e+01 -1.0789e+01 0.0000e+00 0.0000e+00 -1.0789e+01 2.0022e+01 0.0000e+00 0.0000e+00 0.0000e+00 0.0000e+00 1.2610e+01 6.4992e-01 0.0000e+00 0.0000e+00 -6.4992e-01 1.2915e+01 
82.0 2.1862e+01 -1.0676e+01 0.0000e+00 0.0000e+00 -1.0676e+01 1.9438e+01 0.0000e+00 0.0000e+00 0.0000e+00 0.0000e+00 1.1840e+01 7.1155e-01 0.0000e+00 0.0000e+00 -7.1155e-01 1.2167e+01 
83.0 2.1291e+01 -1.0559e+01 0.0000e+00 0.0000e+00 -1.0559e+01 1.8880e+01 0.0000e+00 0.0000e+00 0.0000e+00 0.0000e+00 1.1097e+01 7.7103e-01 0.0000e+00 0.0000e+00 -7.7103e-01 1.1447e+01 
84.0 2.0746e+01 -1.0438e+01 0.0000e+00 0.0000e+00 -1.0438e+01 1.8347e+01 0.0000e+00 0.0000e+00 0.0000e+00 0.0000e+00 1.0380e+01 8.2838e-01 0.0000e+00 0.0000e+00 -8.2838e-01 1.0751e+01 
85.0 2.0224e+01 -1.0315e+01 0.0000e+00 0.0000e+00 -1.0315e+01 1.7837e+01 0.0000e+00 0.0000e+00 0.0000e+00 0.0000e+00 9.6870e+00 8.8365e-01 0.0000e+00 0.0000e+00 -8.8365e-01 1.0080e+01 
86.0 1.9725e+01 -1.0188e+01 0.0000e+00 0.0000e+00 -1.0188e+01 1.7350e+01 0.0000e+00 0.0000e+00 0.0000e+00 0.0000e+00 9.0180e+00 9.3688e-01 0.0000e+00 0.0000e+00 -9.3688e-01 9.4328e+00 
87.0 1.9248e+01 -1.0058e+01 0.0000e+00 0.0000e+00 -1.0058e+01 1.6885e+01 0.0000e+00 0.0000e+00 0.0000e+00 0.0000e+00 8.3719e+00 9.8808e-01 0.0000e+00 0.0000e+00 -9.8808e-01 8.8078e+00 
88.0 1.8792e+01 -9.9257e+00 0.0000e+00 0.0000e+00 -9.9257e+00 1.6441e+01 0.0000e+00 0.0000e+00 0.0000e+00 0.0000e+00 7.7478e+00 1.0373e+00 0.0000e+00 0.0000e+00 -1.0373e+00 8.2046e+00 
89.0 1.8357e+01 -9.7907e+00 0.0000e+00 0.0000e+00 -9.7907e+00 1.6017e+01 0.0000e+00 0.0000e+00 0.0000e+00 0.0000e+00 7.1451e+00 1.0845e+00 0.0000e+00 0.0000e+00 -1.0845e+00 7.6222e+00 
90.0 1.7941e+01 -9.6534e+00 0.0000e+00 0.0000e+00 -9.6534e+00 1.5613e+01 0.0000e+00 0.0000e+00 0.0000e+00 0.0000e+00 6.5628e+00 1.1296e+00 0.0000e+00 0.0000e+00 -1.1296e+00 7.0600e+00 
91.0 1.7544e+01 -9.5138e+00 0.0000e+00 0.0000e+00 -9.5138e+00 1.5228e+01 0.0000e+00 0.0000e+00 0.0000e+00 0.0000e+00 6.0002e+00 1.1727e+00 0.0000e+00 0.0000e+00 -1.1727e+00 6.5169e+00 
92.0 1.7165e+01 -9.3721e+00 0.0000e+00 0.0000e+00 -9.3721e+00 1.4860e+01 0.0000e+00 0.0000e+00 0.0000e+00 0.0000e+00 5.4566e+00 1.2137e+00 0.0000e+00 0.0000e+00 -1.2137e+00 5.9924e+00 
93.0 1.6803e+01 -9.2284e+00 0.0000e+00 0.0000e+00 -9.2284e+00 1.4509e+01 0.0000e+00 0.0000e+00 0.0000e+00 0.0000e+00 4.9311e+00 1.2526e+00 0.0000e+00 0.0000e+00 -1.2526e+00 5.4855e+00 
94.0 1.6457e+01 -9.0830e+00 0.0000e+00 0.0000e+00 -9.0830e+00 1.4175e+01 0.0000e+00 0.0000e+00 0.0000e+00 0.0000e+00 4.4233e+00 1.2895e+00 0.0000e+00 0.0000e+00 -1.2895e+00 4.9958e+00 
95.0 1.6128e+01 -8.9357e+00 0.0000e+00 0.0000e+00 -8.9357e+00 1.3857e+01 0.0000e+00 0.0000e+00 0.0000e+00 0.0000e+00 3.9323e+00 1.3244e+00 0.0000e+00 0.0000e+00 -1.3244e+00 4.5224e+00 
96.0 1.5814e+01 -8.7869e+00 0.0000e+00 0.0000e+00 -8.7869e+00 1.3554e+01 0.0000e+00 0.0000e+00 0.0000e+00 0.0000e+00 3.4577e+00 1.3573e+00 0.0000e+00 0.0000e+00 -1.3573e+00 4.0648e+00 
97.0 1.5514e+01 -8.6365e+00 0.0000e+00 0.0000e+00 -8.6365e+00 1.3267e+01 0.0000e+00 0.0000e+00 0.0000e+00 0.0000e+00 2.9988e+00 1.3882e+00 0.0000e+00 0.0000e+00 -1.3882e+00 3.6223e+00 
98.0 1.5229e+01 -8.4848e+00 0.0000e+00 0.0000e+00 -8.4848e+00 1.2993e+01 0.0000e+00 0.0000e+00 0.0000e+00 0.0000e+00 2.5551e+00 1.4172e+00 0.0000e+00 0.0000e+00 -1.4172e+00 3.1943e+00 
99.0 1.4957e+01 -8.3318e+00 0.0000e+00 0.0000e+00 -8.3318e+00 1.2734e+01 0.0000e+00 0.0000e+00 0.0000e+00 0.0000e+00 2.1260e+00 1.4443e+00 0.0000e+00 0.0000e+00 -1.4443e+00 2.7804e+00 
100.0 1.4699e+01 -8.1775e+00 0.0000e+00 0.0000e+00 -8.1775e+00 1.2488e+01 0.0000e+00 0.0000e+00 0.0000e+00 0.0000e+00 1.7110e+00 1.4696e+00 0.0000e+00 0.0000e+00 -1.4696e+00 2.3800e+00 
101.0 1.4454e+01 -8.0222e+00 0.0000e+00 0.0000e+00 -8.0222e+00 1.2254e+01 0.0000e+00 0.0000e+00 0.0000e+00 0.0000e+00 1.3096e+00 1.4931e+00 0.0000e+00 0.0000e+00 -1.4931e+00 1.9925e+00 
102.0 1.4220e+01 -7.8659e+00 0.0000e+00 0.0000e+00 -7.8659e+00 1.2033e+01 0.0000e+00 0.0000e+00 0.0000e+00 0.0000e+00 9.2135e-01 1.5148e+00 0.0000e+00 0.0000e+00 -1.5148e+00 1.6175e+00 
103.0 1.3999e+01 -7.7087e+00 0.0000e+00 0.0000e+00 -7.7087e+00 1.1824e+01 0.0000e+00 0.0000e+00 0.0000e+00 0.0000e+00 5.4560e-01 1.5345e+00 0.0000e+00 0.0000e+00 -1.5345e+00 1.2544e+00 
104.0 1.3789e+01 -7.5507e+00 0.0000e+00 0.0000e+00 -7.5507e+00 1.1627e+01 0.0000e+00 0.0000e+00 0.0000e+00 0.0000e+00 1.8194e-01 1.5525e+00 0.0000e+00 0.0000e+00 -1.5525e+00 9.0268e-01 
105.0 1.3589e+01 -7.3921e+00 0.0000e+00 0.0000e+00 -7.3921e+00 1.1440e+01 0.0000e+00 0.0000e+00 0.0000e+00 0.0000e+00 -1.7008e-01 1.5686e+00 0.0000e+00 0.0000e+00 -1.5686e+00 5.6204e-01 
106.0 1.3400e+01 -7.2329e+00 0.0000e+00 0.0000e+00 -7.2329e+00 1.1264e+01 0.0000e+00 0.0000e+00 0.0000e+00 0.0000e+00 -5.1092e-01 1.5828e+00 0.0000e+00 0.0000e+00 -1.5828e+00 2.3198e-01 
107.0 1.3221e+01 -7.0732e+00 0.0000e+00 0.0000e+00 -7.0732e+00 1.1098e+01 0.0000e+00 0.0000e+00 0.0000e+00 0.0000e+00 -8.4102e-01 1.5953e+00 0.0000e+00 0.0000e+00 -1.5953e+00 -8.7930e-02 
108.0 1.3052e+01 -6.9130e+00 0.0000e+00 0.0000e+00 -6.9130e+00 1.0942e+01 0.0000e+00 0.0000e+00 0.0000e+00 0.0000e+00 -1.1608e+00 1.6061e+00 0.0000e+00 0.0000e+00 -1.6061e+00 -3.9805e-01 
109.0 1.2893e+01 -6.7525e+00 0.0000e+00 0.0000e+00 -6.7525e+00 1.0796e+01 0.0000e+00 0.0000e+00 0.0000e+00 0.0000e+00 -1.4706e+00 1.6151e+00 0.0000e+00 0.0000e+00 -1.6151e+00 -6.9881e-01 
110.0 1.2742e+01 -6.5917e+00 0.0000e+00 0.0000e+00 -6.5917e+00 1.0659e+01 0.0000e+00 0.0000e+00 0.0000e+00 0.0000e+00 -1.7709e+00 1.6224e+00 0.0000e+00 0.0000e+00 -1.6224e+00 -9.9057e-01 
111.0 1.2600e+01 -6.4306e+00 0.0000e+00 0.0000e+00 -6.4306e+00 1.0531e+01 0.0000e+00 0.0000e+00 0.0000e+00 0.0000e+00 -2.0619e+00 1.6282e+00 0.0000e+00 0.0000e+00 -1.6282e+00 -1.2736e+00 
112.0 1.2466e+01 -6.2694e+00 0.0000e+00 0.0000e+00 -6.2694e+00 1.0411e+01 0.0000e+00 0.0000e+00 0.0000e+00 0.0000e+00 -2.3440e+00 1.6324e+00 0.0000e+00 0.0000e+00 -1.6324e+00 -1.5483e+00 
113.0 1.2340e+01 -6.1082e+00 0.0000e+00 0.0000e+00 -6.1082e+00 1.0299e+01 0.0000e+00 0.0000e+00 0.0000e+00 0.0000e+00 -2.6176e+00 1.6350e+00 0.0000e+00 0.0000e+00 -1.6350e+00 -1.8150e+00 
114.0 1.2223e+01 -5.9471e+00 0.0000e+00 0.0000e+00 -5.9471e+00 1.0196e+01 0.0000e+00 0.0000e+00 0.0000e+00 0.0000e+00 -2.8830e+00 1.6361e+00 0.0000e+00 0.0000e+00 -1.6361e+00 -2.0739e+00 
115.0 1.2112e+01 -5.7861e+00 0.0000e+00 0.0000e+00 -5.7861e+00 1.0100e+01 0.0000e+00 0.0000e+00 0.0000e+00 0.0000e+00 -3.1404e+00 1.6358e+00 0.0000e+00 0.0000e+00 -1.6358e+00 -2.3254e+00 
116.0 1.2009e+01 -5.6255e+00 0.0000e+00 0.0000e+00 -5.6255e+00 1.0011e+01 0.0000e+00 0.0000e+00 0.0000e+00 0.0000e+00 -3.3903e+00 1.6340e+00 0.0000e+00 0.0000e+00 -1.6340e+00 -2.5697e+00 
117.0 1.1913e+01 -5.4651e+00 0.0000e+00 0.0000e+00 -5.4651e+00 9.9303e+00 0.0000e+00 0.0000e+00 0.0000e+00 0.0000e+00 -3.6327e+00 1.6308e+00 0.0000e+00 0.0000e+00 -1.6308e+00 -2.8071e+00 
118.0 1.1824e+01 -5.3052e+00 0.0000e+00 0.0000e+00 -5.3052e+00 9.8560e+00 0.0000e+00 0.0000e+00 0.0000e+00 0.0000e+00 -3.8680e+00 1.6263e+00 0.0000e+00 0.0000e+00 -1.6263e+00 -3.0377e+00 
119.0 1.1742e+01 -5.1459e+00 0.0000e+00 0.0000e+00 -5.1459e+00 9.7885e+00 0.0000e+00 0.0000e+00 0.0000e+00 0.0000e+00 -4.0964e+00 1.6204e+00 0.0000e+00 0.0000e+00 -1.6204e+00 -3.2619e+00 
120.0 1.1666e+01 -4.9873e+00 0.0000e+00 0.0000e+00 -4.9873e+00 9.7273e+00 0.0000e+00 0.0000e+00 0.0000e+00 0.0000e+00 -4.3182e+00 1.6131e+00 0.0000e+00 0.0000e+00 -1.6131e+00 -3.4799e+00 
121.0 1.1596e+01 -4.8294e+00 0.0000e+00 0.0000e+00 -4.8294e+00 9.6723e+00 0.0000e+00 0.0000e+00 0.0000e+00 0.0000e+00 -4.5336e+00 1.6042e+00 0.0000e+00 0.0000e+00 -1.6042e+00 -3.6918e+00 
122.0 1.1532e+01 -4.6722e+00 0.0000e+00 0.0000e+00 -4.6722e+00 9.6230e+00 0.0000e+00 0.0000e+00 0.0000e+00 0.0000e+00 -4.7428e+00 1.5938e+00 0.0000e+00 0.0000e+00 -1.5938e+00 -3.8978e+00 
123.0 1.1473e+01 -4.5159e+00 0.0000e+00 0.0000e+00 -4.5159e+00 9.5792e+00 0.0000e+00 0.0000e+00 0.0000e+00 0.0000e+00 -4.9461e+00 1.5818e+00 0.0000e+00 0.0000e+00 -1.5818e+00 -4.0982e+00 
124.0 1.1420e+01 -4.3603e+00 0.0000e+00 0.0000e+00 -4.3603e+00 9.5408e+00 0.0000e+00 0.0000e+00 0.0000e+00 0.0000e+00 -5.1436e+00 1.5682e+00 0.0000e+00 0.0000e+00 -1.5682e+00 -4.2932e+00 
125.0 1.1371e+01 -4.2057e+00 0.0000e+00 0.0000e+00 -4.2057e+00 9.5075e+00 0.0000e+00 0.0000e+00 0.0000e+00 0.0000e+00 -5.3358e+00 1.5531e+00 0.0000e+00 0.0000e+00 -1.5531e+00 -4.4830e+00 
126.0 1.1328e+01 -4.0519e+00 0.0000e+00 0.0000e+00 -4.0519e+00 9.4789e+00 0.0000e+00 0.0000e+00 0.0000e+00 0.0000e+00 -5.5227e+00 1.5364e+00 0.0000e+00 0.0000e+00 -1.5364e+00 -4.6678e+00 
127.0 1.1289e+01 -3.8992e+00 0.0000e+00 0.0000e+00 -3.8992e+00 9.4550e+00 0.0000e+00 0.0000e+00 0.0000e+00 0.0000e+00 -5.7045e+00 1.5184e+00 0.0000e+00 0.0000e+00 -1.5184e+00 -4.8479e+00 
128.0 1.1255e+01 -3.7477e+00 0.0000e+00 0.0000e+00 -3.7477e+00 9.4357e+00 0.0000e+00 0.0000e+00 0.0000e+00 0.0000e+00 -5.8816e+00 1.4990e+00 0.0000e+00 0.0000e+00 -1.4990e+00 -5.0233e+00 
129.0 1.1226e+01 -3.5975e+00 0.0000e+00 0.0000e+00 -3.5975e+00 9.4209e+00 0.0000e+00 0.0000e+00 0.0000e+00 0.0000e+00 -6.0540e+00 1.4783e+00 0.0000e+00 0.0000e+00 -1.4783e+00 -5.1943e+00 
130.0 1.1200e+01 -3.4489e+00 0.0000e+00 0.0000e+00 -3.4489e+00 9.4102e+00 0.0000e+00 0.0000e+00 0.0000e+00 0.0000e+00 -6.2219e+00 1.4564e+00 0.0000e+00 0.0000e+00 -1.4564e+00 -5.3608e+00 
131.0 1.1180e+01 -3.3019e+00 0.0000e+00 0.0000e+00 -3.3019e+00 9.4039e+00 0.0000e+00 0.0000e+00 0.0000e+00 0.0000e+00 -6.3853e+00 1.4333e+00 0.0000e+00 0.0000e+00 -1.4333e+00 -5.5230e+00 
132.0 1.1163e+01 -3.1566e+00 0.0000e+00 0.0000e+00 -3.1566e+00 9.4016e+00 0.0000e+00 0.0000e+00 0.0000e+00 0.0000e+00 -6.5445e+00 1.4091e+00 0.0000e+00 0.0000e+00 -1.4091e+00 -5.6809e+00 
133.0 1.1151e+01 -3.0131e+00 0.0000e+00 0.0000e+00 -3.0131e+00 9.4034e+00 0.0000e+00 0.0000e+00 0.0000e+00 0.0000e+00 -6.6995e+00 1.3837e+00 0.0000e+00 0.0000e+00 -1.3837e+00 -5.8348e+00 
134.0 1.1142e+01 -2.8716e+00 0.0000e+00 0.0000e+00 -2.8716e+00 9.4091e+00 0.0000e+00 0.0000e+00 0.0000e+00 0.0000e+00 -6.8505e+00 1.3573e+00 0.0000e+00 0.0000e+00 -1.3573e+00 -5.9847e+00 
135.0 1.1138e+01 -2.7321e+00 0.0000e+00 0.0000e+00 -2.7321e+00 9.4186e+00 0.0000e+00 0.0000e+00 0.0000e+00 0.0000e+00 -6.9974e+00 1.3297e+00 0.0000e+00 0.0000e+00 -1.3297e+00 -6.1307e+00 
136.0 1.1138e+01 -2.5947e+00 0.0000e+00 0.0000e+00 -2.5947e+00 9.4317e+00 0.0000e+00 0.0000e+00 0.0000e+00 0.0000e+00 -7.1405e+00 1.3009e+00 0.0000e+00 0.0000e+00 -1.3009e+00 -6.2730e+00 
137.0 1.1140e+01 -2.4594e+00 0.0000e+00 0.0000e+00 -2.4594e+00 9.4482e+00 0.0000e+00 0.0000e+00 0.0000e+00 0.0000e+00 -7.2798e+00 1.2711e+00 0.0000e+00 0.0000e+00 -1.2711e+00 -6.4117e+00 
138.0 1.1147e+01 -2.3263e+00 0.0000e+00 0.0000e+00 -2.3263e+00 9.4681e+00 0.0000e+00 0.0000e+00 0.0000e+00 0.0000e+00 -7.4153e+00 1.2401e+00 0.0000e+00 0.0000e+00 -1.2401e+00 -6.5468e+00 
139.0 1.1156e+01 -2.1954e+00 0.0000e+00 0.0000e+00 -2.1954e+00 9.4912e+00 0.0000e+00 0.0000e+00 0.0000e+00 0.0000e+00 -7.5472e+00 1.2081e+00 0.0000e+00 0.0000e+00 -1.2081e+00 -6.6785e+00 
140.0 1.1169e+01 -2.0668e+00 0.0000e+00 0.0000e+00 -2.0668e+00 9.5175e+00 0.0000e+00 0.0000e+00 0.0000e+00 0.0000e+00 -7.6757e+00 1.1751e+00 0.0000e+00 0.0000e+00 -1.1751e+00 -6.8070e+00 
141.0 1.1185e+01 -1.9403e+00 0.0000e+00 0.0000e+00 -1.9403e+00 9.5468e+00 0.0000e+00 0.0000e+00 0.0000e+00 0.0000e+00 -7.8008e+00 1.1412e+00 0.0000e+00 0.0000e+00 -1.1412e+00 -6.9322e+00 
142.0 1.1205e+01 -1.8162e+00 0.0000e+00 0.0000e+00 -1.8162e+00 9.5792e+00 0.0000e+00 0.0000e+00 0.0000e+00 0.0000e+00 -7.9228e+00 1.1064e+00 0.0000e+00 0.0000e+00 -1.1064e+00 -7.0542e+00 
143.0 1.1227e+01 -1.6946e+00 0.0000e+00 0.0000e+00 -1.6946e+00 9.6144e+00 0.0000e+00 0.0000e+00 0.0000e+00 0.0000e+00 -8.0417e+00 1.0708e+00 0.0000e+00 0.0000e+00 -1.0708e+00 -7.1729e+00 
144.0 1.1253e+01 -1.5755e+00 0.0000e+00 0.0000e+00 -1.5755e+00 9.6523e+00 0.0000e+00 0.0000e+00 0.0000e+00 0.0000e+00 -8.1579e+00 1.0343e+00 0.0000e+00 0.0000e+00 -1.0343e+00 -7.2886e+00 
145.0 1.1282e+01 -1.4593e+00 0.0000e+00 0.0000e+00 -1.4593e+00 9.6926e+00 0.0000e+00 0.0000e+00 0.0000e+00 0.0000e+00 -8.2716e+00 9.9676e-01 0.0000e+00 0.0000e+00 -9.9676e-01 -7.4013e+00 
146.0 1.1314e+01 -1.3459e+00 0.0000e+00 0.0000e+00 -1.3459e+00 9.7352e+00 0.0000e+00 0.0000e+00 0.0000e+00 0.0000e+00 -8.3830e+00 9.5809e-01 0.0000e+00 0.0000e+00 -9.5809e-01 -7.5111e+00 
147.0 1.1349e+01 -1.2355e+00 0.0000e+00 0.0000e+00 -1.2355e+00 9.7799e+00 0.0000e+00 0.0000e+00 0.0000e+00 0.0000e+00 -8.4921e+00 9.1824e-01 0.0000e+00 0.0000e+00 -9.1824e-01 -7.6179e+00 
148.0 1.1388e+01 -1.1282e+00 0.0000e+00 0.0000e+00 -1.1282e+00 9.8267e+00 0.0000e+00 0.0000e+00 0.0000e+00 0.0000e+00 -8.5993e+00 8.7714e-01 0.0000e+00 0.0000e+00 -8.7714e-01 -7.7218e+00 
149.0 1.1429e+01 -1.0242e+00 0.0000e+00 0.0000e+00 -1.0242e+00 9.8755e+00 0.0000e+00 0.0000e+00 0.0000e+00 0.0000e+00 -8.7049e+00 8.3479e-01 0.0000e+00 0.0000e+00 -8.3479e-01 -7.8231e+00 
150.0 1.1474e+01 -9.2356e-01 0.0000e+00 0.0000e+00 -9.2356e-01 9.9262e+00 0.0000e+00 0.0000e+00 0.0000e+00 0.0000e+00 -8.8089e+00 7.9124e-01 0.0000e+00 0.0000e+00 -7.9124e-01 -7.9216e+00 
151.0 1.1521e+01 -8.2659e-01 0.0000e+00 0.0000e+00 -8.2659e-01 9.9786e+00 0.0000e+00 0.0000e+00 0.0000e+00 0.0000e+00 -8.9117e+00 7.4650e-01 0.0000e+00 0.0000e+00 -7.4650e-01 -8.0174e+00 
152.0 1.1572e+01 -7.3374e-01 0.0000e+00 0.0000e+00 -7.3374e-01 1.0032e+01 0.0000e+00 0.0000e+00 0.0000e+00 0.0000e+00 -9.0137e+00 7.0028e-01 0.0000e+00 0.0000e+00 -7.0028e-01 -8.1107e+00 
153.0 1.1625e+01 -6.4539e-01 0.0000e+00 0.0000e+00 -6.4539e-01 1.0087e+01 0.0000e+00 0.0000e+00 0.0000e+00 0.0000e+00 -9.1151e+00 6.5219e-01 0.0000e+00 0.0000e+00 -6.5219e-01 -8.2015e+00 
154.0 1.1681e+01 -5.6187e-01 0.0000e+00 0.0000e+00 -5.6187e-01 1.0141e+01 0.0000e+00 0.0000e+00 0.0000e+00 0.0000e+00 -9.2162e+00 6.0191e-01 0.0000e+00 0.0000e+00 -6.0191e-01 -8.2898e+00 
155.0 1.1739e+01 -4.8347e-01 0.0000e+00 0.0000e+00 -4.8347e-01 1.0196e+01 0.0000e+00 0.0000e+00 0.0000e+00 0.0000e+00 -9.3174e+00 5.4934e-01 0.0000e+00 0.0000e+00 -5.4934e-01 -8.3755e+00 
156.0 1.1800e+01 -4.1045e-01 0.0000e+00 0.0000e+00 -4.1045e-01 1.0251e+01 0.0000e+00 0.0000e+00 0.0000e+00 0.0000e+00 -9.4188e+00 4.9475e-01 0.0000e+00 0.0000e+00 -4.9475e-01 -8.4585e+00 
157.0 1.1865e+01 -3.4309e-01 0.0000e+00 0.0000e+00 -3.4309e-01 1.0306e+01 0.0000e+00 0.0000e+00 0.0000e+00 0.0000e+00 -9.5205e+00 4.3853e-01 0.0000e+00 0.0000e+00 -4.3853e-01 -8.5385e+00 
158.0 1.1933e+01 -2.8178e-01 0.0000e+00 0.0000e+00 -2.8178e-01 1.0362e+01 0.0000e+00 0.0000e+00 0.0000e+00 0.0000e+00 -9.6230e+00 3.8087e-01 0.0000e+00 0.0000e+00 -3.8087e-01 -8.6157e+00 
159.0 1.2005e+01 -2.2682e-01 0.0000e+00 0.0000e+00 -2.2682e-01 1.0418e+01 0.0000e+00 0.0000e+00 0.0000e+00 0.0000e+00 -9.7265e+00 3.2191e-01 0.0000e+00 0.0000e+00 -3.2191e-01 -8.6897e+00 
160.0 1.2081e+01 -1.7825e-01 0.0000e+00 0.0000e+00 -1.7825e-01 1.0475e+01 0.0000e+00 0.0000e+00 0.0000e+00 0.0000e+00 -9.8313e+00 2.6198e-01 0.0000e+00 0.0000e+00 -2.6198e-01 -8.7604e+00 
161.0 1.2162e+01 -1.3605e-01 0.0000e+00 0.0000e+00 -1.3605e-01 1.0531e+01 0.0000e+00 0.0000e+00 0.0000e+00 0.0000e+00 -9.9377e+00 2.0142e-01 0.0000e+00 0.0000e+00 -2.0142e-01 -8.8276e+00 
162.0 1.2248e+01 -1.0021e-01 0.0000e+00 0.0000e+00 -1.0021e-01 1.0588e+01 0.0000e+00 0.0000e+00 0.0000e+00 0.0000e+00 -1.0046e+01 1.4066e-01 0.0000e+00 0.0000e+00 -1.4066e-01 -8.8911e+00 
163.0 1.2341e+01 -7.0679e-02 0.0000e+00 0.0000e+00 -7.0679e-02 1.0647e+01 0.0000e+00 0.0000e+00 0.0000e+00 0.0000e+00 -1.0158e+01 8.0389e-02 0.0000e+00 0.0000e+00 -8.0389e-02 -8.9512e+00 
164.0 1.2442e+01 -4.7209e-02 0.0000e+00 0.0000e+00 -4.7209e-02 1.0707e+01 0.0000e+00 0.0000e+00 0.0000e+00 0.0000e+00 -1.0273e+01 2.1538e-02 0.0000e+00 0.0000e+00 -2.1538e-02 -9.0076e+00 
165.0 1.2553e+01 -2.9343e-02 0.0000e+00 0.0000e+00 -2.9343e-02 1.0771e+01 0.0000e+00 0.0000e+00 0.0000e+00 0.0000e+00 -1.0392e+01 -3.4493e-02 0.0000e+00 0.0000e+00 3.4493e-02 -9.0605e+00 
166.0 1.2676e+01 -1.6565e-02 0.0000e+00 0.0000e+00 -1.6565e-02 1.0839e+01 0.0000e+00 0.0000e+00 0.0000e+00 0.0000e+00 -1.0516e+01 -8.6246e-02 0.0000e+00 0.0000e+00 8.6246e-02 -9.1096e+00 
167.0 1.2810e+01 -8.6492e-03 0.0000e+00 0.0000e+00 -8.6492e-03 1.0912e+01 0.0000e+00 0.0000e+00 0.0000e+00 0.0000e+00 -1.0645e+01 -1.3289e-01 0.0000e+00 0.0000e+00 1.3289e-01 -9.1554e+00 
168.0 1.2956e+01 -5.4744e-03 0.0000e+00 0.0000e+00 -5.4744e-03 1.0992e+01 0.0000e+00 0.0000e+00 0.0000e+00 0.0000e+00 -1.0779e+01 -1.7400e-01 0.0000e+00 0.0000e+00 1.7400e-01 -9.1982e+00 
169.0 1.3116e+01 -6.5992e-03 0.0000e+00 0.0000e+00 -6.5992e-03 1.1076e+01 0.0000e+00 0.0000e+00 0.0000e+00 0.0000e+00 -1.0920e+01 -2.0893e-01 0.0000e+00 0.0000e+00 2.0893e-01 -9.2383e+00 
170.0 1.3290e+01 -1.0980e-02 0.0000e+00 0.0000e+00 -1.0980e-02 1.1168e+01 0.0000e+00 0.0000e+00 0.0000e+00 0.0000e+00 -1.1067e+01 -2.3610e-01 0.0000e+00 0.0000e+00 2.3610e-01 -9.2753e+00 
171.0 1.3481e+01 -1.6914e-02 0.0000e+00 0.0000e+00 -1.6914e-02 1.1268e+01 0.0000e+00 0.0000e+00 0.0000e+00 0.0000e+00 -1.1222e+01 -2.5278e-01 0.0000e+00 0.0000e+00 2.5278e-01 -9.3091e+00 
172.0 1.3690e+01 -2.2908e-02 0.0000e+00 0.0000e+00 -2.2908e-02 1.1378e+01 0.0000e+00 0.0000e+00 0.0000e+00 0.0000e+00 -1.1384e+01 -2.5648e-01 0.0000e+00 0.0000e+00 2.5648e-01 -9.3399e+00 
173.0 1.3916e+01 -2.7812e-02 0.0000e+00 0.0000e+00 -2.7812e-02 1.1497e+01 0.0000e+00 0.0000e+00 0.0000e+00 0.0000e+00 -1.1552e+01 -2.4584e-01 0.0000e+00 0.0000e+00 2.4584e-01 -9.3680e+00 
174.0 1.4158e+01 -3.0186e-02 0.0000e+00 0.0000e+00 -3.0186e-02 1.1625e+01 0.0000e+00 0.0000e+00 0.0000e+00 0.0000e+00 -1.1725e+01 -2.1988e-01 0.0000e+00 0.0000e+00 2.1988e-01 -9.3931e+00 
175.0 1.4409e+01 -2.9462e-02 0.0000e+00 0.0000e+00 -2.9462e-02 1.1760e+01 0.0000e+00 0.0000e+00 0.0000e+00 0.0000e+00 -1.1897e+01 -1.7974e-01 0.0000e+00 0.0000e+00 1.7974e-01 -9.4144e+00 
176.0 1.4656e+01 -2.5581e-02 0.0000e+00 0.0000e+00 -2.5581e-02 1.1893e+01 0.0000e+00 0.0000e+00 0.0000e+00 0.0000e+00 -1.2061e+01 -1.2895e-01 0.0000e+00 0.0000e+00 1.2895e-01 -9.4306e+00 
177.0 1.4884e+01 -1.7206e-02 0.0000e+00 0.0000e+00 -1.7206e-02 1.2015e+01 0.0000e+00 0.0000e+00 0.0000e+00 0.0000e+00 -1.2204e+01 -7.2462e-02 0.0000e+00 0.0000e+00 7.2462e-02 -9.4398e+00 
178.0 1.5057e+01 -5.9837e-03 0.0000e+00 0.0000e+00 -5.9837e-03 1.2110e+01 0.0000e+00 0.0000e+00 0.0000e+00 0.0000e+00 -1.2308e+01 -2.2557e-02 0.0000e+00 0.0000e+00 2.2557e-02 -9.4420e+00 
179.0 1.5128e+01 -1.0913e-19 0.0000e+00 0.0000e+00 -1.0913e-19 1.2150e+01 0.0000e+00 0.0000e+00 0.0000e+00 0.0000e+00 -1.2348e+01 -2.7451e-19 0.0000e+00 0.0000e+00 2.7451e-19 -9.4428e+00 
180.0 1.5199e+01 0.0000e+00 0.0000e+00 0.0000e+00 0.0000e+00 1.2187e+01 0.0000e+00 0.0000e+00 0.0000e+00 0.0000e+00 -1.2386e+01 0.0000e+00 0.0000e+00 0.0000e+00 -0.0000e+00 -9.4431e+00 
