1.0833 1.3603 0.2770 0.080807
theta s11 s12 s13 s14 s21 s22 s23 s24 s31 s32 s33 s34 s41 s42 s43 s44
0.0 2.0616e+03 0.0000e+00 0.0000e+00 0.0000e+00 0.0000e+00 2.0608e+03 0.0000e+00 0.0000e+00 0.0000e+00 0.0000e+00 2.0608e+03 0.0000e+00 0.0000e+00 0.0000e+00 -0.0000e+00 2.0599e+03 
1.0 1.7877e+03 -1.1162e-01 0.0000e+00 0.0000e+00 -1.1162e-01 1.7869e+03 0.0000e+00 0.0000e+00 0.0000e+00 0.0000e+00 1.7869e+03 -8.6127e-01 0.0000e+00 0.0000e+00 8.6127e-01 1.7860e+03 
2.0 1.3029e+03 -2.4553e-01 0.0000e+00 0.0000e+00 -2.4553e-01 1.3021e+03 0.0000e+00 0.0000e+00 0.0000e+00 0.0000e+00 1.3021e+03 -2.8198e+00 0.0000e+00 0.0000e+00 2.8198e+00 1.3013e+03 
3.0 9.1505e+02 -2.7908e-01 0.0000e+00 0.0000e+00 -2.7908e-01 9.1425e+02 0.0000e+00 0.0000e+00 0.0000e+00 0.0000e+00 9.1421e+02 -4.7155e+00 0.0000e+00 0.0000e+00 4.7155e+00 9.1342e+02 
4.0 6.5628e+02 -2.6862e-01 0.0000e+00 0.0000e+00 -2.6862e-01 6.5551e+02 0.0000e+00 0.0000e+00 0.0000e+00 0.0000e+00 6.5542e+02 -5.9363e+00 0.0000e+00 0.0000e+00 5.9363e+00 6.5466e+02 
5.0 4.8798e+02 -2.5822e-01 0.0000e+00 0.0000e+00 -2.5822e-01 4.8724e+02 0.0000e+00 0.0000e+00 0.0000e+00 0.0000e+00 4.8710e+02 -6.5383e+00 0.0000e+00 0.0000e+00 6.5383e+00 4.8638e+02 
6.0 3.7533e+02 -2.6011e-01 0.0000e+00 0.0000e+00 -2.6011e-01 3.7462e+02 0.0000e+00 0.0000e+00 0.0000e+00 0.0000e+00 3.7443e+02 -6.7495e+00 0.0000e+00 0.0000e+00 6.7495e+00 3.7375e+02 
7.0 2.9673e+02 -2.7778e-01 0.0000e+00 0.0000e+00 -2.7778e-01 2.9605e+02 0.0000e+00 0.0000e+00 0.0000e+00 0.0000e+00 2.9581e+02 -6.7136e+00 0.0000e+00 0.0000e+00 6.7136e+00 2.9517e+02 
8.0 2.3987e+02 -3.1123e-01 0.0000e+00 0.0000e+00 -3.1123e-01 2.3921e+02 0.0000e+00 0.0000e+00 0.0000e+00 0.0000e+00 2.3893e+02 -6.5123e+00 0.0000e+00 0.0000e+00 6.5123e+00 2.3833e+02 
9.0 1.9758e+02 -3.5803e-01 0.0000e+00 0.0000e+00 -3.5803e-01 1.9694e+02 0.0000e+00 0.0000e+00 0.0000e+00 0.0000e+00 1.9662e+02 -6.2002e+00 0.0000e+00 0.0000e+00 6.2002e+00 1.9605e+02 
10.0 1.6548e+02 -4.1489e-01 0.0000e+00 0.0000e+00 -4.1489e-01 1.6484e+02 0.0000e+00 0.0000e+00 0.0000e+00 0.0000e+00 1.6449e+02 -5.8159e+00 0.0000e+00 0.0000e+00 5.8159e+00 1.6394e+02 
11.0 1.4072e+02 -4.7859e-01 0.0000e+00 0.0000e+00 -4.7859e-01 1.4010e+02 0.0000e+00 0.0000e+00 0.0000e+00 0.0000e+00 1.3971e+02 -5.3924e+00 0.0000e+00 0.0000e+00 5.3924e+00 1.3920e+02 
12.0 1.2136e+02 -5.4614e-01 0.0000e+00 0.0000e+00 -5.4614e-01 1.2075e+02 0.0000e+00 0.0000e+00 0.0000e+00 0.0000e+00 1.2034e+02 -4.9572e+00 0.0000e+00 0.0000e+00 4.9572e+00 1.1985e+02 
13.0 1.0605e+02 -6.1624e-01 0.0000e+00 0.0000e+00 -6.1624e-01 1.0545e+02 0.0000e+00 0.0000e+00 0.0000e+00 0.0000e+00 1.0502e+02 -4.5277e+00 0.0000e+00 0.0000e+00 4.5277e+00 1.0455e+02 
14.0 9.3791e+01 -6.8323e-01 0.0000e+00 0.0000e+00 -6.8323e-01 9.3199e+01 0.0000e+00 0.0000e+00 0.0000e+00 0.0000e+00 9.2742e+01 -4.1267e+00 0.0000e+00 0.0000e+00 4.1267e+00 9.2298e+01 
15.0 8.3853e+01 -7.4991e-01 0.0000e+00 0.0000e+00 -7.4991e-01 8.3268e+01 0.0000e+00 0.0000e+00 0.0000e+00 0.0000e+00 8.2795e+01 -3.7493e+00 0.0000e+00 0.0000e+00 3.7493e+00 8.2371e+01 
16.0 7.5697e+01 -8.1437e-01 0.0000e+00 0.0000e+00 -8.1437e-01 7.5119e+01 0.0000e+00 0.0000e+00 0.0000e+00 0.0000e+00 7.4632e+01 -3.4012e+00 0.0000e+00 0.0000e+00 3.4012e+00 7.4227e+01 
17.0 6.8924e+01 -8.7627e-01 0.0000e+00 0.0000e+00 -8.7627e-01 6.8351e+01 0.0000e+00 0.0000e+00 0.0000e+00 0.0000e+00 6.7854e+01 -3.0844e+00 0.0000e+00 0.0000e+00 3.0844e+00 6.7466e+01 
18.0 6.3227e+01 -9.3555e-01 0.0000e+00 0.0000e+00 -9.3555e-01 6.2659e+01 0.0000e+00 0.0000e+00 0.0000e+00 0.0000e+00 6.2154e+01 -2.7990e+00 0.0000e+00 0.0000e+00 2.7990e+00 6.1783e+01 
19.0 5.8376e+01 -9.9265e-01 0.0000e+00 0.0000e+00 -9.9265e-01 5.7813e+01 0.0000e+00 0.0000e+00 0.0000e+00 0.0000e+00 5.7516e+01 -2.5431e+00 0.0000e+00 0.0000e+00 2.5431e+00 5.7166e+01 
20.0 5.4198e+01 -1.0482e+00 0.0000e+00 0.0000e+00 -1.0482e+00 5.3639e+01 0.0000e+00 0.0000e+00 0.0000e+00 0.0000e+00 5.3522e+01 -2.3145e+00 0.0000e+00 0.0000e+00 2.3145e+00 5.3189e+01 
21.0 5.0561e+01 -1.1029e+00 0.0000e+00 0.0000e+00 -1.1029e+00 5.0005e+01 0.0000e+00 0.0000e+00 0.0000e+00 0.0000e+00 5.0044e+01 -2.1115e+00 0.0000e+00 0.0000e+00 2.1115e+00 4.9726e+01 
22.0 4.7361e+01 -1.1570e+00 0.0000e+00 0.0000e+00 -1.1570e+00 4.6809e+01 0.0000e+00 0.0000e+00 0.0000e+00 0.0000e+00 4.6984e+01 -1.9322e+00 0.0000e+00 0.0000e+00 1.9322e+00 4.6680e+01 
23.0 4.4516e+01 -1.2108e+00 0.0000e+00 0.0000e+00 -1.2108e+00 4.3967e+01 0.0000e+00 0.0000e+00 0.0000e+00 0.0000e+00 4.4262e+01 -1.7738e+00 0.0000e+00 0.0000e+00 1.7738e+00 4.3970e+01 
24.0 4.1963e+01 -1.2644e+00 0.0000e+00 0.0000e+00 -1.2644e+00 4.1418e+01 0.0000e+00 0.0000e+00 0.0000e+00 0.0000e+00 4.1819e+01 -1.6329e+00 0.0000e+00 0.0000e+00 1.6329e+00 4.1538e+01 
25.0 3.9655e+01 -1.3176e+00 0.0000e+00 0.0000e+00 -1.3176e+00 3.9113e+01 0.0000e+00 0.0000e+00 0.0000e+00 0.0000e+00 3.9609e+01 -1.5069e+00 0.0000e+00 0.0000e+00 1.5069e+00 3.9338e+01 
26.0 3.7554e+01 -1.3704e+00 0.0000e+00 0.0000e+00 -1.3704e+00 3.7016e+01 0.0000e+00 0.0000e+00 0.0000e+00 0.0000e+00 3.7597e+01 -1.3937e+00 0.0000e+00 0.0000e+00 1.3937e+00 3.7335e+01 
27.0 3.5632e+01 -1.4227e+00 0.0000e+00 0.0000e+00 -1.4227e+00 3.5096e+01 0.0000e+00 0.0000e+00 0.0000e+00 0.0000e+00 3.5754e+01 -1.2918e+00 0.0000e+00 0.0000e+00 1.2918e+00 3.5501e+01 
28.0 3.3863e+01 -1.4744e+00 0.0000e+00 0.0000e+00 -1.4744e+00 3.3330e+01 0.0000e+00 0.0000e+00 0.0000e+00 0.0000e+00 3.4057e+01 -1.1999e+00 0.0000e+00 0.0000e+00 1.1999e+00 3.3811e+01 
29.0 3.2226e+01 -1.5253e+00 0.0000e+00 0.0000e+00 -1.5253e+00 3.1695e+01 0.0000e+00 0.0000e+00 0.0000e+00 0.0000e+00 3.2484e+01 -1.1169e+00 0.0000e+00 0.0000e+00 1.1169e+00 3.2246e+01 
30.0 3.0703e+01 -1.5755e+00 0.0000e+00 0.0000e+00 -1.5755e+00 3.0175e+01 0.0000e+00 0.0000e+00 0.0000e+00 0.0000e+00 3.1019e+01 -1.0415e+00 0.0000e+00 0.0000e+00 1.0415e+00 3.0788e+01 
31.0 2.9279e+01 -1.6246e+00 0.0000e+00 0.0000e+00 -1.6246e+00 2.8754e+01 0.0000e+00 0.0000e+00 0.0000e+00 0.0000e+00 2.9503e+01 -9.7280e-01 0.0000e+00 0.0000e+00 9.7280e-01 2.9281e+01 
32.0 2.7945e+01 -1.6727e+00 0.0000e+00 0.0000e+00 -1.6727e+00 2.7422e+01 0.0000e+00 0.0000e+00 0.0000e+00 0.0000e+00 2.8081e+01 -9.1022e-01 0.0000e+00 0.0000e+00 9.1022e-01 2.7870e+01 
33.0 2.6688e+01 -1.7194e+00 0.0000e+00 0.0000e+00 -1.7194e+00 2.6168e+01 0.0000e+00 0.0000e+00 0.0000e+00 0.0000e+00 2.6745e+01 -8.5314e-01 0.0000e+00 0.0000e+00 8.5314e-01 2.6544e+01 
34.0 2.5502e+01 -1.7646e+00 0.0000e+00 0.0000e+00 -1.7646e+00 2.4985e+01 0.0000e+00 0.0000e+00 0.0000e+00 0.0000e+00 2.5485e+01 -8.0095e-01 0.0000e+00 0.0000e+00 8.0095e-01 2.5294e+01 
35.0 2.4380e+01 -1.8080e+00 0.0000e+00 0.0000e+00 -1.8080e+00 2.3865e+01 0.0000e+00 0.0000e+00 0.0000e+00 0.0000e+00 2.4295e+01 -7.5295e-01 0.0000e+00 0.0000e+00 7.5295e-01 2.4112e+01 
36.0 2.3318e+01 -1.8497e+00 0.0000e+00 0.0000e+00 -1.8497e+00 2.2805e+01 0.0000e+00 0.0000e+00 0.0000e+00 0.0000e+00 2.3167e+01 -7.0841e-01 0.0000e+00 0.0000e+00 7.0841e-01 2.2993e+01 
37.0 2.2310e+01 -1.8899e+00 0.0000e+00 0.0000e+00 -1.8899e+00 2.1800e+01 0.0000e+00 0.0000e+00 0.0000e+00 0.0000e+00 2.2098e+01 -6.6661e-01 0.0000e+00 0.0000e+00 6.6661e-01 2.1933e+01 
38.0 2.1355e+01 -1.9288e+00 0.0000e+00 0.0000e+00 -1.9288e+00 2.0847e+01 0.0000e+00 0.0000e+00 0.0000e+00 0.0000e+00 2.1083e+01 -6.2702e-01 0.0000e+00 0.0000e+00 6.2702e-01 2.0926e+01 
39.0 2.0450e+01 -1.9666e+00 0.0000e+00 0.0000e+00 -1.9666e+00 1.9944e+01 0.0000e+00 0.0000e+00 0.0000e+00 0.0000e+00 2.0120e+01 -5.8946e-01 0.0000e+00 0.0000e+00 5.8946e-01 1.9972e+01 
40.0 1.9593e+01 -2.0033e+00 0.0000e+00 0.0000e+00 -2.0033e+00 1.9089e+01 0.0000e+00 0.0000e+00 0.0000e+00 0.0000e+00 1.9205e+01 -5.5388e-01 0.0000e+00 0.0000e+00 5.5388e-01 1.9065e+01 
41.0 1.8780e+01 -2.0388e+00 0.0000e+00 0.0000e+00 -2.0388e+00 1.8279e+01 0.0000e+00 0.0000e+00 0.0000e+00 0.0000e+00 1.8336e+01 -5.2027e-01 0.0000e+00 0.0000e+00 5.2027e-01 1.8204e+01 
42.0 1.8008e+01 -2.0729e+00 0.0000e+00 0.0000e+00 -2.0729e+00 1.7509e+01 0.0000e+00 0.0000e+00 0.0000e+00 0.0000e+00 1.7509e+01 -4.8854e-01 0.0000e+00 0.0000e+00 4.8854e-01 1.7385e+01 
43.0 1.7275e+01 -2.1055e+00 0.0000e+00 0.0000e+00 -2.1055e+00 1.6778e+01 0.0000e+00 0.0000e+00 0.0000e+00 0.0000e+00 1.6722e+01 -4.5855e-01 0.0000e+00 0.0000e+00 4.5855e-01 1.6605e+01 
44.0 1.6577e+01 -2.1365e+00 0.0000e+00 0.0000e+00 -2.1365e+00 1.6083e+01 0.0000e+00 0.0000e+00 0.0000e+00 0.0000e+00 1.5971e+01 -4.3010e-01 0.0000e+00 0.0000e+00 4.3010e-01 1.5861e+01 
45.0 1.5912e+01 -2.1658e+00 0.0000e+00 0.0000e+00 -2.1658e+00 1.5420e+01 0.0000e+00 0.0000e+00 0.0000e+00 0.0000e+00 1.5254e+01 -4.0294e-01 0.0000e+00 0.0000e+00 4.0294e-01 1.5151e+01 
46.0 1.5278e+01 -2.1934e+00 0.0000e+00 0.0000e+00 -2.1934e+00 1.4789e+01 0.0000e+00 0.0000e+00 0.0000e+00 0.0000e+00 1.4569e+01 -3.7683e-01 0.0000e+00 0.0000e+00 3.7683e-01 1.4474e+01 
47.0 1.4674e+01 -2.2192e+00 0.0000e+00 0.0000e+00 -2.2192e+00 1.4186e+01 0.0000e+00 0.0000e+00 0.0000e+00 0.0000e+00 1.3915e+01 -3.5159e-01 0.0000e+00 0.0000e+00 3.5159e-01 1.3826e+01 
48.0 1.4097e+01 -2.2432e+00 0.0000e+00 0.0000e+00 -2.2432e+00 1.3611e+01 0.0000e+00 0.0000e+00 0.0000e+00 0.0000e+00 1.3289e+01 -3.2708e-01 0.0000e+00 0.0000e+00 3.2708e-01 1.3207e+01 
49.0 1.3546e+01 -2.2655e+00 0.0000e+00 0.0000e+00 -2.2655e+00 1.3063e+01 0.0000e+00 0.0000e+00 0.0000e+00 0.0000e+00 1.2691e+01 -3.0323e-01 0.0000e+00 0.0000e+00 3.0323e-01 1.2616e+01 
50.0 1.3021e+01 -2.2861e+00 0.0000e+00 0.0000e+00 -2.2861e+00 1.2540e+01 0.0000e+00 0.0000e+00 0.0000e+00 0.0000e+00 1.2118e+01 -2.7994e-01 0.0000e+00 0.0000e+00 2.7994e-01 1.2050e+01 
51.0 1.2519e+01 -2.3049e+00 0.0000e+00 0.0000e+00 -2.3049e+00 1.2040e+01 0.0000e+00 0.0000e+00 0.0000e+00 0.0000e+00 1.1570e+01 -2.5714e-01 0.0000e+00 0.0000e+00 2.5714e-01 1.1508e+01 
52.0 1.2041e+01 -2.3221e+00 0.0000e+00 0.0000e+00 -2.3221e+00 1.1563e+01 0.0000e+00 0.0000e+00 0.0000e+00 0.0000e+00 1.1046e+01 -2.3472e-01 0.0000e+00 0.0000e+00 2.3472e-01 1.0990e+01 
53.0 1.1584e+01 -2.3376e+00 0.0000e+00 0.0000e+00 -2.3376e+00 1.1108e+01 0.0000e+00 0.0000e+00 0.0000e+00 0.0000e+00 1.0544e+01 -2.1263e-01 0.0000e+00 0.0000e+00 2.1263e-01 1.0494e+01 
54.0 1.1148e+01 -2.3516e+00 0.0000e+00 0.0000e+00 -2.3516e+00 1.0674e+01 0.0000e+00 0.0000e+00 0.0000e+00 0.0000e+00 1.0063e+01 -1.9083e-01 0.0000e+00 0.0000e+00 1.9083e-01 1.0019e+01 
55.0 1.0732e+01 -2.3640e+00 0.0000e+00 0.0000e+00 -2.3640e+00 1.0260e+01 0.0000e+00 0.0000e+00 0.0000e+00 0.0000e+00 9.6022e+00 -1.6935e-01 0.0000e+00 0.0000e+00 1.6935e-01 9.5651e+00 
56.0 1.0335e+01 -2.3749e+00 0.0000e+00 0.0000e+00 -2.3749e+00 9.8651e+00 0.0000e+00 0.0000e+00 0.0000e+00 0.0000e+00 9.1611e+00 -1.4823e-01 0.0000e+00 0.0000e+00 1.4823e-01 9.1301e+00 
57.0 9.9566e+00 -2.3843e+00 0.0000e+00 0.0000e+00 -2.3843e+00 9.4881e+00 0.0000e+00 0.0000e+00 0.0000e+00 0.0000e+00 8.7385e+00 -1.2748e-01 0.0000e+00 0.0000e+00 1.2748e-01 8.7135e+00 
58.0 9.5953e+00 -2.3921e+00 0.0000e+00 0.0000e+00 -2.3921e+00 9.1284e+00 0.0000e+00 0.0000e+00 0.0000e+00 0.0000e+00 8.3334e+00 -1.0707e-01 0.0000e+00 0.0000e+00 1.0707e-01 8.3144e+00 
59.0 9.2505e+00 -2.3984e+00 0.0000e+00 0.0000e+00 -2.3984e+00 8.7852e+00 0.0000e+00 0.0000e+00 0.0000e+00 0.0000e+00 7.9451e+00 -8.6997e-02 0.0000e+00 0.0000e+00 8.6997e-02 7.9320e+00 
60.0 8.9214e+00 -2.4032e+00 0.0000e+00 0.0000e+00 -2.4032e+00 8.4575e+00 0.0000e+00 0.0000e+00 0.0000e+00 0.0000e+00 7.5727e+00 -6.7253e-02 0.0000e+00 0.0000e+00 6.7253e-02 7.5655e+00 
61.0 8.6073e+00 -2.4065e+00 0.0000e+00 0.0000e+00 -2.4065e+00 8.1448e+00 0.0000e+00 0.0000e+00 0.0000e+00 0.0000e+00 7.2156e+00 -4.7831e-02 0.0000e+00 0.0000e+00 4.7831e-02 7.2142e+00 
62.0 8.3075e+00 -2.4084e+00 0.0000e+00 0.0000e+00 -2.4084e+00 7.8464e+00 0.0000e+00 0.0000e+00 0.0000e+00 0.0000e+00 6.8730e+00 -2.8736e-02 0.0000e+00 0.0000e+00 2.8736e-02 6.8774e+00 
63.0 8.0213e+00 -2.4090e+00 0.0000e+00 0.0000e+00 -2.4090e+00 7.5615e+00 0.0000e+00 0.0000e+00 0.0000e+00 0.0000e+00 6.5443e+00 -9.9932e-03 0.0000e+00 0.0000e+00 9.9932e-03 6.5544e+00 
64.0 7.7481e+00 -2.4081e+00 0.0000e+00 0.0000e+00 -2.4081e+00 7.2896e+00 0.0000e+00 0.0000e+00 0.0000e+00 0.0000e+00 6.2289e+00 8.3553e-03 0.0000e+00 0.0000e+00 -8.3553e-03 6.2448e+00 
65.0 7.4873e+00 -2.4059e+00 0.0000e+00 0.0000e+00 -2.4059e+00 7.0300e+00 0.0000e+00 0.0000e+00 0.0000e+00 0.0000e+00 5.9262e+00 2.6252e-02 0.0000e+00 0.0000e+00 -2.6252e-02 5.9477e+00 
66.0 7.2383e+00 -2.4024e+00 0.0000e+00 0.0000e+00 -2.4024e+00 6.7821e+00 0.0000e+00 0.0000e+00 0.0000e+00 0.0000e+00 5.6356e+00 4.3644e-02 0.0000e+00 0.0000e+00 -4.3644e-02 5.6628e+00 
67.0 7.0005e+00 -2.3976e+00 0.0000e+00 0.0000e+00 -2.3976e+00 6.5454e+00 0.0000e+00 0.0000e+00 0.0000e+00 0.0000e+00 5.3565e+00 6.0499e-02 0.0000e+00 0.0000e+00 -6.0499e-02 5.3894e+00 
68.0 6.7734e+00 -2.3914e+00 0.0000e+00 0.0000e+00 -2.3914e+00 6.3194e+00 0.0000e+00 0.0000e+00 0.0000e+00 0.0000e+00 5.0884e+00 7.6805e-02 0.0000e+00 0.0000e+00 -7.6805e-02 5.1269e+00 
69.0 6.5564e+00 -2.3839e+00 0.0000e+00 0.0000e+00 -2.3839e+00 6.1034e+00 0.0000e+00 0.0000e+00 0.0000e+00 0.0000e+00 4.8307e+00 9.2556e-02 0.0000e+00 0.0000e+00 -9.2556e-02 4.8748e+00 
70.0 6.3491e+00 -2.3751e+00 0.0000e+00 0.0000e+00 -2.3751e+00 5.8971e+00 0.0000e+00 0.0000e+00 0.0000e+00 0.0000e+00 4.5831e+00 1.0775e-01 0.0000e+00 0.0000e+00 -1.0775e-01 4.6327e+00 
71.0 6.1511e+00 -2.3651e+00 0.0000e+00 0.0000e+00 -2.3651e+00 5.7000e+00 0.0000e+00 0.0000e+00 0.0000e+00 0.0000e+00 4.3450e+00 1.2238e-01 0.0000e+00 0.0000e+00 -1.2238e-01 4.4000e+00 
72.0 5.9619e+00 -2.3539e+00 0.0000e+00 0.0000e+00 -2.3539e+00 5.5117e+00 0.0000e+00 0.0000e+00 0.0000e+00 0.0000e+00 4.1160e+00 1.3644e-01 0.0000e+00 0.0000e+00 -1.3644e-01 4.1765e+00 
73.0 5.7810e+00 -2.3415e+00 0.0000e+00 0.0000e+00 -2.3415e+00 5.3318e+00 0.0000e+00 0.0000e+00 0.0000e+00 0.0000e+00 3.8957e+00 1.4990e-01 0.0000e+00 0.0000e+00 -1.4990e-01 3.9617e+00 
74.0 5.6083e+00 -2.3279e+00 0.0000e+00 0.0000e+00 -2.3279e+00 5.1600e+00 0.0000e+00 0.0000e+00 0.0000e+00 0.0000e+00 3.6837e+00 1.6276e-01 0.0000e+00 0.0000e+00 -1.6276e-01 3.7551e+00 
75.0 5.4431e+00 -2.3132e+00 0.0000e+00 0.0000e+00 -2.3132e+00 4.9957e+00 0.0000e+00 0.0000e+00 0.0000e+00 0.0000e+00 3.4797e+00 1.7502e-01 0.0000e+00 0.0000e+00 -1.7502e-01 3.5564e+00 
76.0 5.2853e+00 -2.2974e+00 0.0000e+00 0.0000e+00 -2.2974e+00 4.8388e+00 0.0000e+00 0.0000e+00 0.0000e+00 0.0000e+00 3.2833e+00 1.8667e-01 0.0000e+00 0.0000e+00 -1.8667e-01 3.3653e+00 
77.0 5.1345e+00 -2.2805e+00 0.0000e+00 0.0000e+00 -2.2805e+00 4.6889e+00 0.0000e+00 0.0000e+00 0.0000e+00 0.0000e+00 3.0941e+00 1.9775e-01 0.0000e+00 0.0000e+00 -1.9775e-01 3.1814e+00 
78.0 4.9903e+00 -2.2626e+00 0.0000e+00 0.0000e+00 -2.2626e+00 4.5457e+00 0.0000e+00 0.0000e+00 0.0000e+00 0.0000e+00 2.9119e+00 2.0827e-01 0.0000e+00 0.0000e+00 -2.0827e-01 3.0044e+00 
79.0 4.8526e+00 -2.2437e+00 0.0000e+00 0.0000e+00 -2.2437e+00 4.4089e+00 0.0000e+00 0.0000e+00 0.0000e+00 0.0000e+00 2.7364e+00 2.1827e-01 0.0000e+00 0.0000e+00 -2.1827e-01 2.8340e+00 
80.0 4.7210e+00 -2.2238e+00 0.0000e+00 0.0000e+00 -2.2238e+00 4.2783e+00 0.0000e+00 0.0000e+00 0.0000e+00 0.0000e+00 2.5672e+00 2.2777e-01 0.0000e+00 0.0000e+00 -2.2777e-01 2.6699e+00 
81.0 4.5952e+00 -2.2030e+00 0.0000e+00 0.0000e+00 -2.2030e+00 4.1535e+00 0.0000e+00 0.0000e+00 0.0000e+00 0.0000e+00 2.4041e+00 2.3679e-01 0.0000e+00 0.0000e+00 -2.3679e-01 2.5118e+00 
82.0 4.4751e+00 -2.1814e+00 0.0000e+00 0.0000e+00 -2.1814e+00 4.0344e+00 0.0000e+00 0.0000e+00 0.0000e+00 0.0000e+00 2.2470e+00 2.4534e-01 0.0000e+00 0.0000e+00 -2.4534e-01 2.3596e+00 
83.0 4.3604e+00 -2.1589e+00 0.0000e+00 0.0000e+00 -2.1589e+00 3.9207e+00 0.0000e+00 0.0000e+00 0.0000e+00 0.0000e+00 2.0954e+00 2.5342e-01 0.0000e+00 0.0000e+00 -2.5342e-01 2.2130e+00 
84.0 4.2509e+00 -2.1357e+00 0.0000e+00 0.0000e+00 -2.1357e+00 3.8121e+00 0.0000e+00 0.0000e+00 0.0000e+00 0.0000e+00 1.9493e+00 2.6105e-01 0.0000e+00 0.0000e+00 -2.6105e-01 2.0717e+00 
85.0 4.1463e+00 -2.1117e+00 0.0000e+00 0.0000e+00 -2.1117e+00 3.7086e+00 0.0000e+00 0.0000e+00 0.0000e+00 0.0000e+00 1.8084e+00 2.6823e-01 0.0000e+00 0.0000e+00 -2.6823e-01 1.9356e+00 
86.0 4.0464e+00 -2.0870e+00 0.0000e+00 0.0000e+00 -2.0870e+00 3.6097e+00 0.0000e+00 0.0000e+00 0.0000e+00 0.0000e+00 1.6724e+00 2.7498e-01 0.0000e+00 0.0000e+00 -2.7498e-01 1.8043e+00 
87.0 3.9511e+00 -2.0616e+00 0.0000e+00 0.0000e+00 -2.0616e+00 3.5154e+00 0.0000e+00 0.0000e+00 0.0000e+00 0.0000e+00 1.5412e+00 2.8130e-01 0.0000e+00 0.0000e+00 -2.8130e-01 1.6778e+00 
88.0 3.8601e+00 -2.0356e+00 0.0000e+00 0.0000e+00 -2.0356e+00 3.4255e+00 0.0000e+00 0.0000e+00 0.0000e+00 0.0000e+00 1.4146e+00 2.8722e-01 0.0000e+00 0.0000e+00 -2.8722e-01 1.5558e+00 
89.0 3.7733e+00 -2.0091e+00 0.0000e+00 0.0000e+00 -2.0091e+00 3.3397e+00 0.0000e+00 0.0000e+00 0.0000e+00 0.0000e+00 1.2924e+00 2.9272e-01 0.0000e+00 0.0000e+00 -2.9272e-01 1.4381e+00 
90.0 3.6904e+00 -1.9820e+00 0.0000e+00 0.0000e+00 -1.9820e+00 3.2580e+00 0.0000e+00 0.0000e+00 0.0000e+00 0.0000e+00 1.1745e+00 2.9782e-01 0.0000e+00 0.0000e+00 -2.9782e-01 1.3246e+00 
91.0 3.6114e+00 -1.9543e+00 0.0000e+00 0.0000e+00 -1.9543e+00 3.1800e+00 0.0000e+00 0.0000e+00 0.0000e+00 0.0000e+00 1.0606e+00 3.0253e-01 0.0000e+00 0.0000e+00 -3.0253e-01 1.2151e+00 
92.0 3.5361e+00 -1.9262e+00 0.0000e+00 0.0000e+00 -1.9262e+00 3.1058e+00 0.0000e+00 0.0000e+00 0.0000e+00 0.0000e+00 9.5064e-01 3.0684e-01 0.0000e+00 0.0000e+00 -3.0684e-01 1.1095e+00 
93.0 3.4643e+00 -1.8977e+00 0.0000e+00 0.0000e+00 -1.8977e+00 3.0351e+00 0.0000e+00 0.0000e+00 0.0000e+00 0.0000e+00 8.4446e-01 3.1077e-01 0.0000e+00 0.0000e+00 -3.1077e-01 1.0075e+00 
94.0 3.3959e+00 -1.8687e+00 0.0000e+00 0.0000e+00 -1.8687e+00 2.9679e+00 0.0000e+00 0.0000e+00 0.0000e+00 0.0000e+00 7.4192e-01 3.1431e-01 0.0000e+00 0.0000e+00 -3.1431e-01 9.0899e-01 
95.0 3.3307e+00 -1.8393e+00 0.0000e+00 0.0000e+00 -1.8393e+00 2.9039e+00 0.0000e+00 0.0000e+00 0.0000e+00 0.0000e+00 6.4286e-01 3.1747e-01 0.0000e+00 0.0000e+00 -3.1747e-01 8.1391e-01 
96.0 3.2687e+00 -1.8095e+00 0.0000e+00 0.0000e+00 -1.8095e+00 2.8430e+00 0.0000e+00 0.0000e+00 0.0000e+00 0.0000e+00 5.4718e-01 3.2026e-01 0.0000e+00 0.0000e+00 -3.2026e-01 7.2206e-01 
97.0 3.2096e+00 -1.7794e+00 0.0000e+00 0.0000e+00 -1.7794e+00 2.7852e+00 0.0000e+00 0.0000e+00 0.0000e+00 0.0000e+00 4.5472e-01 3.2270e-01 0.0000e+00 0.0000e+00 -3.2270e-01 6.3333e-01 
98.0 3.1534e+00 -1.7489e+00 0.0000e+00 0.0000e+00 -1.7489e+00 2.7303e+00 0.0000e+00 0.0000e+00 0.0000e+00 0.0000e+00 3.6538e-01 3.2479e-01 0.0000e+00 0.0000e+00 -3.2479e-01 5.4757e-01 
99.0 3.1000e+00 -1.7181e+00 0.0000e+00 0.0000e+00 -1.7181e+00 2.6783e+00 0.0000e+00 0.0000e+00 0.0000e+00 0.0000e+00 2.7904e-01 3.2655e-01 0.0000e+00 0.0000e+00 -3.2655e-01 4.6468e-01 
100.0 3.0492e+00 -1.6870e+00 0.0000e+00 0.0000e+00 -1.6870e+00 2.6289e+00 0.0000e+00 0.0000e+00 0.0000e+00 0.0000e+00 1.9559e-01 3.2800e-01 0.0000e+00 0.0000e+00 -3.2800e-01 3.8453e-01 
101.0 3.0010e+00 -1.6556e+00 0.0000e+00 0.0000e+00 -1.6556e+00 2.5822e+00 0.0000e+00 0.0000e+00 0.0000e+00 0.0000e+00 1.1493e-01 3.2913e-01 0.0000e+00 0.0000e+00 -3.2913e-01 3.0701e-01 
102.0 2.9553e+00 -1.6239e+00 0.0000e+00 0.0000e+00 -1.6239e+00 2.5380e+00 0.0000e+00 0.0000e+00 0.0000e+00 0.0000e+00 3.6947e-02 3.2997e-01 0.0000e+00 0.0000e+00 -3.2997e-01 2.3202e-01 
103.0 2.9119e+00 -1.5920e+00 0.0000e+00 0.0000e+00 -1.5920e+00 2.4962e+00 0.0000e+00 0.0000e+00 0.0000e+00 0.0000e+00 -3.8453e-02 3.3053e-01 0.0000e+00 0.0000e+00 -3.3053e-01 1.5946e-01 
104.0 2.8707e+00 -1.5599e+00 0.0000e+00 0.0000e+00 -1.5599e+00 2.4567e+00 0.0000e+00 0.0000e+00 0.0000e+00 0.0000e+00 -1.1137e-01 3.3081e-01 0.0000e+00 0.0000e+00 -3.3081e-01 8.9232e-02 
105.0 2.8318e+00 -1.5275e+00 0.0000e+00 0.0000e+00 -1.5275e+00 2.4195e+00 0.0000e+00 0.0000e+00 0.0000e+00 0.0000e+00 -1.8189e-01 3.3083e-01 0.0000e+00 0.0000e+00 -3.3083e-01 2.1237e-02 
106.0 2.7949e+00 -1.4950e+00 0.0000e+00 0.0000e+00 -1.4950e+00 2.3845e+00 0.0000e+00 0.0000e+00 0.0000e+00 0.0000e+00 -2.5011e-01 3.3060e-01 0.0000e+00 0.0000e+00 -3.3060e-01 -4.4610e-02 
107.0 2.7600e+00 -1.4622e+00 0.0000e+00 0.0000e+00 -1.4622e+00 2.3515e+00 0.0000e+00 0.0000e+00 0.0000e+00 0.0000e+00 -3.1612e-01 3.3013e-01 0.0000e+00 0.0000e+00 -3.3013e-01 -1.0840e-01 
108.0 2.7271e+00 -1.4293e+00 0.0000e+00 0.0000e+00 -1.4293e+00 2.3205e+00 0.0000e+00 0.0000e+00 0.0000e+00 0.0000e+00 -3.8000e-01 3.2945e-01 0.0000e+00 0.0000e+00 -3.2945e-01 -1.7020e-01 
109.0 2.6961e+00 -1.3963e+00 0.0000e+00 0.0000e+00 -1.3963e+00 2.2915e+00 0.0000e+00 0.0000e+00 0.0000e+00 0.0000e+00 -4.4182e-01 3.2856e-01 0.0000e+00 0.0000e+00 -3.2856e-01 -2.3010e-01 
110.0 2.6669e+00 -1.3631e+00 0.0000e+00 0.0000e+00 -1.3631e+00 2.2643e+00 0.0000e+00 0.0000e+00 0.0000e+00 0.0000e+00 -5.0167e-01 3.2749e-01 0.0000e+00 0.0000e+00 -3.2749e-01 -2.8816e-01 
111.0 2.6394e+00 -1.3298e+00 0.0000e+00 0.0000e+00 -1.3298e+00 2.2390e+00 0.0000e+00 0.0000e+00 0.0000e+00 0.0000e+00 -5.5960e-01 3.2625e-01 0.0000e+00 0.0000e+00 -3.2625e-01 -3.4445e-01 
112.0 2.6135e+00 -1.2964e+00 0.0000e+00 0.0000e+00 -1.2964e+00 2.2153e+00 0.0000e+00 0.0000e+00 0.0000e+00 0.0000e+00 -6.1570e-01 3.2486e-01 0.0000e+00 0.0000e+00 -3.2486e-01 -3.9903e-01 
113.0 2.5893e+00 -1.2630e+00 0.0000e+00 0.0000e+00 -1.2630e+00 2.1934e+00 0.0000e+00 0.0000e+00 0.0000e+00 0.0000e+00 -6.7003e-01 3.2334e-01 0.0000e+00 0.0000e+00 -3.2334e-01 -4.5196e-01 
114.0 2.5667e+00 -1.2295e+00 0.0000e+00 0.0000e+00 -1.2295e+00 2.1730e+00 0.0000e+00 0.0000e+00 0.0000e+00 0.0000e+00 -7.2265e-01 3.2169e-01 0.0000e+00 0.0000e+00 -3.2169e-01 -5.0331e-01 
115.0 2.5456e+00 -1.1961e+00 0.0000e+00 0.0000e+00 -1.1961e+00 2.1542e+00 0.0000e+00 0.0000e+00 0.0000e+00 0.0000e+00 -7.7362e-01 3.1993e-01 0.0000e+00 0.0000e+00 -3.1993e-01 -5.5313e-01 
116.0 2.5259e+00 -1.1627e+00 0.0000e+00 0.0000e+00 -1.1627e+00 2.1368e+00 0.0000e+00 0.0000e+00 0.0000e+00 0.0000e+00 -8.2300e-01 3.1807e-01 0.0000e+00 0.0000e+00 -3.1807e-01 -6.0146e-01 
117.0 2.5076e+00 -1.1293e+00 0.0000e+00 0.0000e+00 -1.1293e+00 2.1209e+00 0.0000e+00 0.0000e+00 0.0000e+00 0.0000e+00 -8.7085e-01 3.1612e-01 0.0000e+00 0.0000e+00 -3.1612e-01 -6.4836e-01 
118.0 2.4906e+00 -1.0960e+00 0.0000e+00 0.0000e+00 -1.0960e+00 2.1064e+00 0.0000e+00 0.0000e+00 0.0000e+00 0.0000e+00 -9.1721e-01 3.1409e-01 0.0000e+00 0.0000e+00 -3.1409e-01 -6.9386e-01 
119.0 2.4750e+00 -1.0628e+00 0.0000e+00 0.0000e+00 -1.0628e+00 2.0932e+00 0.0000e+00 0.0000e+00 0.0000e+00 0.0000e+00 -9.6213e-01 3.1198e-01 0.0000e+00 0.0000e+00 -3.1198e-01 -7.3800e-01 
120.0 2.4607e+00 -1.0298e+00 0.0000e+00 0.0000e+00 -1.0298e+00 2.0812e+00 0.0000e+00 0.0000e+00 0.0000e+00 0.0000e+00 -1.0057e+00 3.0980e-01 0.0000e+00 0.0000e+00 -3.0980e-01 -7.8082e-01 
121.0 2.4475e+00 -9.9696e-01 0.0000e+00 0.0000e+00 -9.9696e-01 2.0705e+00 0.0000e+00 0.0000e+00 0.0000e+00 0.0000e+00 -1.0478e+00 3.0752e-01 0.0000e+00 0.0000e+00 -3.0752e-01 -8.2237e-01 
122.0 2.4355e+00 -9.6432e-01 0.0000e+00 0.0000e+00 -9.6432e-01 2.0609e+00 0.0000e+00 0.0000e+00 0.0000e+00 0.0000e+00 -1.0887e+00 3.0515e-01 0.0000e+00 0.0000e+00 -3.0515e-01 -8.6268e-01 
123.0 2.4247e+00 -9.3192e-01 0.0000e+00 0.0000e+00 -9.3192e-01 2.0524e+00 0.0000e+00 0.0000e+00 0.0000e+00 0.0000e+00 -1.1284e+00 3.0267e-01 0.0000e+00 0.0000e+00 -3.0267e-01 -9.0178e-01 
124.0 2.4148e+00 -8.9976e-01 0.0000e+00 0.0000e+00 -8.9976e-01 2.0449e+00 0.0000e+00 0.0000e+00 0.0000e+00 0.0000e+00 -1.1668e+00 3.0006e-01 0.0000e+00 0.0000e+00 -3.0006e-01 -9.3972e-01 
125.0 2.4060e+00 -8.6787e-01 0.0000e+00 0.0000e+00 -8.6787e-01 2.0385e+00 0.0000e+00 0.0000e+00 0.0000e+00 0.0000e+00 -1.2041e+00 2.9733e-01 0.0000e+00 0.0000e+00 -2.9733e-01 -9.7653e-01 
126.0 2.3982e+00 -8.3626e-01 0.0000e+00 0.0000e+00 -8.3626e-01 2.0329e+00 0.0000e+00 0.0000e+00 0.0000e+00 0.0000e+00 -1.2402e+00 2.9446e-01 0.0000e+00 0.0000e+00 -2.9446e-01 -1.0122e+00 
127.0 2.3913e+00 -8.0495e-01 0.0000e+00 0.0000e+00 -8.0495e-01 2.0283e+00 0.0000e+00 0.0000e+00 0.0000e+00 0.0000e+00 -1.2753e+00 2.9145e-01 0.0000e+00 0.0000e+00 -2.9145e-01 -1.0469e+00 
128.0 2.3852e+00 -7.7397e-01 0.0000e+00 0.0000e+00 -7.7397e-01 2.0245e+00 0.0000e+00 0.0000e+00 0.0000e+00 0.0000e+00 -1.3093e+00 2.8829e-01 0.0000e+00 0.0000e+00 -2.8829e-01 -1.0805e+00 
129.0 2.3800e+00 -7.4333e-01 0.0000e+00 0.0000e+00 -7.4333e-01 2.0215e+00 0.0000e+00 0.0000e+00 0.0000e+00 0.0000e+00 -1.3424e+00 2.8497e-01 0.0000e+00 0.0000e+00 -2.8497e-01 -1.1132e+00 
130.0 2.3756e+00 -7.1303e-01 0.0000e+00 0.0000e+00 -7.1303e-01 2.0193e+00 0.0000e+00 0.0000e+00 0.0000e+00 0.0000e+00 -1.3744e+00 2.8147e-01 0.0000e+00 0.0000e+00 -2.8147e-01 -1.1449e+00 
131.0 2.3720e+00 -6.8309e-01 0.0000e+00 0.0000e+00 -6.8309e-01 2.0178e+00 0.0000e+00 0.0000e+00 0.0000e+00 0.0000e+00 -1.4055e+00 2.7779e-01 0.0000e+00 0.0000e+00 -2.7779e-01 -1.1757e+00 
132.0 2.3691e+00 -6.5352e-01 0.0000e+00 0.0000e+00 -6.5352e-01 2.0170e+00 0.0000e+00 0.0000e+00 0.0000e+00 0.0000e+00 -1.4358e+00 2.7393e-01 0.0000e+00 0.0000e+00 -2.7393e-01 -1.2056e+00 
133.0 2.3669e+00 -6.2431e-01 0.0000e+00 0.0000e+00 -6.2431e-01 2.0169e+00 0.0000e+00 0.0000e+00 0.0000e+00 0.0000e+00 -1.4651e+00 2.6987e-01 0.0000e+00 0.0000e+00 -2.6987e-01 -1.2347e+00 
134.0 2.3654e+00 -5.9547e-01 0.0000e+00 0.0000e+00 -5.9547e-01 2.0175e+00 0.0000e+00 0.0000e+00 0.0000e+00 0.0000e+00 -1.4936e+00 2.6563e-01 0.0000e+00 0.0000e+00 -2.6563e-01 -1.2629e+00 
135.0 2.3646e+00 -5.6700e-01 0.0000e+00 0.0000e+00 -5.6700e-01 2.0187e+00 0.0000e+00 0.0000e+00 0.0000e+00 0.0000e+00 -1.5212e+00 2.6122e-01 0.0000e+00 0.0000e+00 -2.6122e-01 -1.2904e+00 
136.0 2.3644e+00 -5.3889e-01 0.0000e+00 0.0000e+00 -5.3889e-01 2.0205e+00 0.0000e+00 0.0000e+00 0.0000e+00 0.0000e+00 -1.5481e+00 2.5662e-01 0.0000e+00 0.0000e+00 -2.5662e-01 -1.3171e+00 
137.0 2.3648e+00 -5.1117e-01 0.0000e+00 0.0000e+00 -5.1117e-01 2.0230e+00 0.0000e+00 0.0000e+00 0.0000e+00 0.0000e+00 -1.5742e+00 2.5184e-01 0.0000e+00 0.0000e+00 -2.5184e-01 -1.3431e+00 
138.0 2.3658e+00 -4.8382e-01 0.0000e+00 0.0000e+00 -4.8382e-01 2.0260e+00 0.0000e+00 0.0000e+00 0.0000e+00 0.0000e+00 -1.5995e+00 2.4688e-01 0.0000e+00 0.0000e+00 -2.4688e-01 -1.3684e+00 
139.0 2.3673e+00 -4.5685e-01 0.0000e+00 0.0000e+00 -4.5685e-01 2.0297e+00 0.0000e+00 0.0000e+00 0.0000e+00 0.0000e+00 -1.6241e+00 2.4176e-01 0.0000e+00 0.0000e+00 -2.4176e-01 -1.3931e+00 
140.0 2.3695e+00 -4.3025e-01 0.0000e+00 0.0000e+00 -4.3025e-01 2.0339e+00 0.0000e+00 0.0000e+00 0.0000e+00 0.0000e+00 -1.6480e+00 2.3649e-01 0.0000e+00 0.0000e+00 -2.3649e-01 -1.4171e+00 
141.0 2.3722e+00 -4.0403e-01 0.0000e+00 0.0000e+00 -4.0403e-01 2.0387e+00 0.0000e+00 0.0000e+00 0.0000e+00 0.0000e+00 -1.6712e+00 2.3109e-01 0.0000e+00 0.0000e+00 -2.3109e-01 -1.4404e+00 
142.0 2.3754e+00 -3.7820e-01 0.0000e+00 0.0000e+00 -3.7820e-01 2.0441e+00 0.0000e+00 0.0000e+00 0.0000e+00 0.0000e+00 -1.6937e+00 2.2557e-01 0.0000e+00 0.0000e+00 -2.2557e-01 -1.4632e+00 
143.0 2.3792e+00 -3.5275e-01 0.0000e+00 0.0000e+00 -3.5275e-01 2.0501e+00 0.0000e+00 0.0000e+00 0.0000e+00 0.0000e+00 -1.7155e+00 2.1995e-01 0.0000e+00 0.0000e+00 -2.1995e-01 -1.4854e+00 
144.0 2.3835e+00 -3.2769e-01 0.0000e+00 0.0000e+00 -3.2769e-01 2.0567e+00 0.0000e+00 0.0000e+00 0.0000e+00 0.0000e+00 -1.7367e+00 2.1422e-01 0.0000e+00 0.0000e+00 -2.1422e-01 -1.5070e+00 
145.0 2.3883e+00 -3.0303e-01 0.0000e+00 0.0000e+00 -3.0303e-01 2.0638e+00 0.0000e+00 0.0000e+00 0.0000e+00 0.0000e+00 -1.7572e+00 2.0839e-01 0.0000e+00 0.0000e+00 -2.0839e-01 -1.5280e+00 
146.0 2.3936e+00 -2.7877e-01 0.0000e+00 0.0000e+00 -2.7877e-01 2.0714e+00 0.0000e+00 0.0000e+00 0.0000e+00 0.0000e+00 -1.7770e+00 2.0242e-01 0.0000e+00 0.0000e+00 -2.0242e-01 -1.5485e+00 
147.0 2.3994e+00 -2.5493e-01 0.0000e+00 0.0000e+00 -2.5493e-01 2.0796e+00 0.0000e+00 0.0000e+00 0.0000e+00 0.0000e+00 -1.7963e+00 1.9632e-01 0.0000e+00 0.0000e+00 -1.9632e-01 -1.5685e+00 
148.0 2.4057e+00 -2.3149e-01 0.0000e+00 0.0000e+00 -2.3149e-01 2.0882e+00 0.0000e+00 0.0000e+00 0.0000e+00 0.0000e+00 -1.8150e+00 1.9005e-01 0.0000e+00 0.0000e+00 -1.9005e-01 -1.5879e+00 
149.0 2.4125e+00 -2.0848e-01 0.0000e+00 0.0000e+00 -2.0848e-01 2.0974e+00 0.0000e+00 0.0000e+00 0.0000e+00 0.0000e+00 -1.8331e+00 1.8364e-01 0.0000e+00 0.0000e+00 -1.8364e-01 -1.6069e+00 
150.0 2.4198e+00 -1.8590e-01 0.0000e+00 0.0000e+00 -1.8590e-01 2.1072e+00 0.0000e+00 0.0000e+00 0.0000e+00 0.0000e+00 -1.8506e+00 1.7707e-01 0.0000e+00 0.0000e+00 -1.7707e-01 -1.6254e+00 
151.0 2.4276e+00 -1.6378e-01 0.0000e+00 0.0000e+00 -1.6378e-01 2.1175e+00 0.0000e+00 0.0000e+00 0.0000e+00 0.0000e+00 -1.8677e+00 1.7030e-01 0.0000e+00 0.0000e+00 -1.7030e-01 -1.6434e+00 
152.0 2.4359e+00 -1.4218e-01 0.0000e+00 0.0000e+00 -1.4218e-01 2.1283e+00 0.0000e+00 0.0000e+00 0.0000e+00 0.0000e+00 -1.8843e+00 1.6325e-01 0.0000e+00 0.0000e+00 -1.6325e-01 -1.6611e+00 
153.0 2.4445e+00 -1.2119e-01 0.0000e+00 0.0000e+00 -1.2119e-01 2.1394e+00 0.0000e+00 0.0000e+00 0.0000e+00 0.0000e+00 -1.9005e+00 1.5580e-01 0.0000e+00 0.0000e+00 -1.5580e-01 -1.6784e+00 
154.0 2.4535e+00 -1.0093e-01 0.0000e+00 0.0000e+00 -1.0093e-01 2.1508e+00 0.0000e+00 0.0000e+00 0.0000e+00 0.0000e+00 -1.9163e+00 1.4778e-01 0.0000e+00 0.0000e+00 -1.4778e-01 -1.6955e+00 
155.0 2.4625e+00 -8.1508e-02 0.0000e+00 0.0000e+00 -8.1508e-02 2.1623e+00 0.0000e+00 0.0000e+00 0.0000e+00 0.0000e+00 -1.9320e+00 1.3904e-01 0.0000e+00 0.0000e+00 -1.3904e-01 -1.7123e+00 
156.0 2.4716e+00 -6.3089e-02 0.0000e+00 0.0000e+00 -6.3089e-02 2.1737e+00 0.0000e+00 0.0000e+00 0.0000e+00 0.0000e+00 -1.9474e+00 1.2939e-01 0.0000e+00 0.0000e+00 -1.2939e-01 -1.7290e+00 
157.0 2.4806e+00 -4.5847e-02 0.0000e+00 0.0000e+00 -4.5847e-02 2.1850e+00 0.0000e+00 0.0000e+00 0.0000e+00 0.0000e+00 -1.9628e+00 1.1869e-01 0.0000e+00 0.0000e+00 -1.1869e-01 -1.7454e+00 
158.0 2.4895e+00 -2.9980e-02 0.0000e+00 0.0000e+00 -2.9980e-02 2.1959e+00 0.0000e+00 0.0000e+00 0.0000e+00 0.0000e+00 -1.9783e+00 1.0678e-01 0.0000e+00 0.0000e+00 -1.0678e-01 -1.7616e+00 
159.0 2.4981e+00 -1.5689e-02 0.0000e+00 0.0000e+00 -1.5689e-02 2.2062e+00 0.0000e+00 0.0000e+00 0.0000e+00 0.0000e+00 -1.9939e+00 9.3552e-02 0.0000e+00 0.0000e+00 -9.3552e-02 -1.7775e+00 
160.0 2.5065e+00 -3.1433e-03 0.0000e+00 0.0000e+00 -3.1433e-03 2.2157e+00 0.0000e+00 0.0000e+00 0.0000e+00 0.0000e+00 -2.0098e+00 7.8899e-02 0.0000e+00 0.0000e+00 -7.8899e-02 -1.7930e+00 
161.0 2.5147e+00 7.5358e-03 0.0000e+00 0.0000e+00 7.5358e-03 2.2243e+00 0.0000e+00 0.0000e+00 0.0000e+00 0.0000e+00 -2.0262e+00 6.2812e-02 0.0000e+00 0.0000e+00 -6.2812e-02 -1.8081e+00 
162.0 2.5232e+00 1.6277e-02 0.0000e+00 0.0000e+00 1.6277e-02 2.2321e+00 0.0000e+00 0.0000e+00 0.0000e+00 0.0000e+00 -2.0432e+00 4.5393e-02 0.0000e+00 0.0000e+00 -4.5393e-02 -1.8227e+00 
163.0 2.5322e+00 2.3042e-02 0.0000e+00 0.0000e+00 2.3042e-02 2.2393e+00 0.0000e+00 0.0000e+00 0.0000e+00 0.0000e+00 -2.0614e+00 2.6871e-02 0.0000e+00 0.0000e+00 -2.6871e-02 -1.8367e+00 
164.0 2.5424e+00 2.7827e-02 0.0000e+00 0.0000e+00 2.7827e-02 2.2460e+00 0.0000e+00 0.0000e+00 0.0000e+00 0.0000e+00 -2.0808e+00 7.5816e-03 0.0000e+00 0.0000e+00 -7.5816e-03 -1.8501e+00 
165.0 2.5544e+00 3.0666e-02 0.0000e+00 0.0000e+00 3.0666e-02 2.2525e+00 0.0000e+00 0.0000e+00 0.0000e+00 0.0000e+00 -2.1020e+00 -1.2027e-02 0.0000e+00 0.0000e+00 1.2027e-02 -1.8626e+00 
166.0 2.5691e+00 3.1639e-02 0.0000e+00 0.0000e+00 3.1639e-02 2.2593e+00 0.0000e+00 0.0000e+00 0.0000e+00 0.0000e+00 -2.1253e+00 -3.1398e-02 0.0000e+00 0.0000e+00 3.1398e-02 -1.8742e+00 
167.0 2.5873e+00 3.0850e-02 0.0000e+00 0.0000e+00 3.0850e-02 2.2667e+00 0.0000e+00 0.0000e+00 0.0000e+00 0.0000e+00 -2.1511e+00 -4.9875e-02 0.0000e+00 0.0000e+00 4.9875e-02 -1.8848e+00 
168.0 2.6099e+00 2.8453e-02 0.0000e+00 0.0000e+00 2.8453e-02 2.2755e+00 0.0000e+00 0.0000e+00 0.0000e+00 0.0000e+00 -2.1797e+00 -6.6708e-02 0.0000e+00 0.0000e+00 6.6708e-02 -1.8942e+00 
169.0 2.6380e+00 2.4660e-02 0.0000e+00 0.0000e+00 2.4660e-02 2.2860e+00 0.0000e+00 0.0000e+00 0.0000e+00 0.0000e+00 -2.2114e+00 -8.1060e-02 0.0000e+00 0.0000e+00 8.1060e-02 -1.9024e+00 
170.0 2.6725e+00 1.9774e-02 0.0000e+00 0.0000e+00 1.9774e-02 2.2991e+00 0.0000e+00 0.0000e+00 0.0000e+00 0.0000e+00 -2.2464e+00 -9.2008e-02 0.0000e+00 0.0000e+00 9.2008e-02 -1.9091e+00 
171.0 2.7144e+00 1.4218e-02 0.0000e+00 0.0000e+00 1.4218e-02 2.3153e+00 0.0000e+00 0.0000e+00 0.0000e+00 0.0000e+00 -2.2849e+00 -9.8518e-02 0.0000e+00 0.0000e+00 9.8518e-02 -1.9144e+00 
172.0 2.7645e+00 8.5427e-03 0.0000e+00 0.0000e+00 8.5427e-03 2.3354e+00 0.0000e+00 0.0000e+00 0.0000e+00 0.0000e+00 -2.3265e+00 -9.9515e-02 0.0000e+00 0.0000e+00 9.9515e-02 -1.9181e+00 
173.0 2.8227e+00 3.3913e-03 0.0000e+00 0.0000e+00 3.3913e-03 2.3599e+00 0.0000e+00 0.0000e+00 0.0000e+00 0.0000e+00 -2.3708e+00 -9.4134e-02 0.0000e+00 0.0000e+00 9.4134e-02 -1.9204e+00 
174.0 2.8881e+00 -5.7721e-04 0.0000e+00 0.0000e+00 -5.7721e-04 2.3888e+00 0.0000e+00 0.0000e+00 0.0000e+00 0.0000e+00 -2.4164e+00 -8.2081e-02 0.0000e+00 0.0000e+00 8.2081e-02 -1.9214e+00 
175.0 2.9575e+00 -2.8422e-03 0.0000e+00 0.0000e+00 -2.8422e-03 2.4210e+00 0.0000e+00 0.0000e+00 0.0000e+00 0.0000e+00 -2.4612e+00 -6.4184e-02 0.0000e+00 0.0000e+00 6.4184e-02 -1.9212e+00 
176.0 3.0257e+00 -3.2352e-03 0.0000e+00 0.0000e+00 -3.2352e-03 2.4539e+00 0.0000e+00 0.0000e+00 0.0000e+00 0.0000e+00 -2.5022e+00 -4.2791e-02 0.0000e+00 0.0000e+00 4.2791e-02 -1.9203e+00 
177.0 3.0848e+00 -2.1688e-03 0.0000e+00 0.0000e+00 -2.1688e-03 2.4835e+00 0.0000e+00 0.0000e+00 0.0000e+00 0.0000e+00 -2.5356e+00 -2.1828e-02 0.0000e+00 0.0000e+00 2.1828e-02 -1.9189e+00 
178.0 3.1257e+00 -6.8283e-04 0.0000e+00 0.0000e+00 -6.8283e-04 2.5045e+00 0.0000e+00 0.0000e+00 0.0000e+00 0.0000e+00 -2.5578e+00 -6.1818e-03 0.0000e+00 0.0000e+00 6.1818e-03 -1.9177e+00 
179.0 3.1411e+00 -5.8113e-21 0.0000e+00 0.0000e+00 -5.8113e-21 2.5125e+00 0.0000e+00 0.0000e+00 0.0000e+00 0.0000e+00 -2.5659e+00 -1.0216e-19 0.0000e+00 0.0000e+00 1.0216e-19 -1.9173e+00 
180.0 3.1560e+00 0.0000e+00 0.0000e+00 0.0000e+00 0.0000e+00 2.5202e+00 0.0000e+00 0.0000e+00 0.0000e+00 0.0000e+00 -2.5737e+00 0.0000e+00 0.0000e+00 0.0000e+00 -0.0000e+00 -1.9169e+00 
