0.9467 1.1584 0.2117 0.117809
theta s11 s12 s13 s14 s21 s22 s23 s24 s31 s32 s33 s34 s41 s42 s43 s44
0.0 1.8101e+03 0.0000e+00 0.0000e+00 0.0000e+00 0.0000e+00 1.8095e+03 0.0000e+00 0.0000e+00 0.0000e+00 0.0000e+00 1.8095e+03 0.0000e+00 0.0000e+00 0.0000e+00 -0.0000e+00 1.8088e+03 
1.0 1.5465e+03 -1.0204e-01 0.0000e+00 0.0000e+00 -1.0204e-01 1.5459e+03 0.0000e+00 0.0000e+00 0.0000e+00 0.0000e+00 1.5459e+03 -7.8258e-01 0.0000e+00 0.0000e+00 7.8258e-01 1.5453e+03 
2.0 1.0808e+03 -2.1643e-01 0.0000e+00 0.0000e+00 -2.1643e-01 1.0802e+03 0.0000e+00 0.0000e+00 0.0000e+00 0.0000e+00 1.0802e+03 -2.5099e+00 0.0000e+00 0.0000e+00 2.5099e+00 1.0796e+03 
3.0 7.1924e+02 -2.3554e-01 0.0000e+00 0.0000e+00 -2.3554e-01 7.1865e+02 0.0000e+00 0.0000e+00 0.0000e+00 0.0000e+00 7.1861e+02 -4.0589e+00 0.0000e+00 0.0000e+00 4.0589e+00 7.1804e+02 
4.0 4.9033e+02 -2.2263e-01 0.0000e+00 0.0000e+00 -2.2263e-01 4.8977e+02 0.0000e+00 0.0000e+00 0.0000e+00 0.0000e+00 4.8969e+02 -4.9013e+00 0.0000e+00 0.0000e+00 4.9013e+00 4.8914e+02 
5.0 3.5021e+02 -2.1610e-01 0.0000e+00 0.0000e+00 -2.1610e-01 3.4967e+02 0.0000e+00 0.0000e+00 0.0000e+00 0.0000e+00 3.4955e+02 -5.1803e+00 0.0000e+00 0.0000e+00 5.1803e+00 3.4904e+02 
6.0 2.6170e+02 -2.2069e-01 0.0000e+00 0.0000e+00 -2.2069e-01 2.6118e+02 0.0000e+00 0.0000e+00 0.0000e+00 0.0000e+00 2.6102e+02 -5.1689e+00 0.0000e+00 0.0000e+00 5.1689e+00 2.6054e+02 
7.0 2.0286e+02 -2.3568e-01 0.0000e+00 0.0000e+00 -2.3568e-01 2.0236e+02 0.0000e+00 0.0000e+00 0.0000e+00 0.0000e+00 2.0216e+02 -5.0141e+00 0.0000e+00 0.0000e+00 5.0141e+00 2.0171e+02 
8.0 1.6184e+02 -2.5946e-01 0.0000e+00 0.0000e+00 -2.5946e-01 1.6136e+02 0.0000e+00 0.0000e+00 0.0000e+00 0.0000e+00 1.6113e+02 -4.7817e+00 0.0000e+00 0.0000e+00 4.7817e+00 1.6071e+02 
9.0 1.3213e+02 -2.8972e-01 0.0000e+00 0.0000e+00 -2.8972e-01 1.3166e+02 0.0000e+00 0.0000e+00 0.0000e+00 0.0000e+00 1.3140e+02 -4.5048e+00 0.0000e+00 0.0000e+00 4.5048e+00 1.3101e+02 
10.0 1.0996e+02 -3.2420e-01 0.0000e+00 0.0000e+00 -3.2420e-01 1.0950e+02 0.0000e+00 0.0000e+00 0.0000e+00 0.0000e+00 1.0922e+02 -4.2005e+00 0.0000e+00 0.0000e+00 4.2005e+00 1.0884e+02 
11.0 9.3052e+01 -3.6051e-01 0.0000e+00 0.0000e+00 -3.6051e-01 9.2598e+01 0.0000e+00 0.0000e+00 0.0000e+00 0.0000e+00 9.2292e+01 -3.8838e+00 0.0000e+00 0.0000e+00 3.8838e+00 9.1942e+01 
12.0 7.9919e+01 -3.9719e-01 0.0000e+00 0.0000e+00 -3.9719e-01 7.9470e+01 0.0000e+00 0.0000e+00 0.0000e+00 0.0000e+00 7.9144e+01 -3.5684e+00 0.0000e+00 0.0000e+00 3.5684e+00 7.8815e+01 
13.0 6.9561e+01 -4.3373e-01 0.0000e+00 0.0000e+00 -4.3373e-01 6.9117e+01 0.0000e+00 0.0000e+00 0.0000e+00 0.0000e+00 6.8774e+01 -3.2627e+00 0.0000e+00 0.0000e+00 3.2627e+00 6.8463e+01 
14.0 6.1268e+01 -4.6667e-01 0.0000e+00 0.0000e+00 -4.6667e-01 6.0828e+01 0.0000e+00 0.0000e+00 0.0000e+00 0.0000e+00 6.0470e+01 -2.9788e+00 0.0000e+00 0.0000e+00 2.9788e+00 6.0177e+01 
15.0 5.4538e+01 -4.9853e-01 0.0000e+00 0.0000e+00 -4.9853e-01 5.4102e+01 0.0000e+00 0.0000e+00 0.0000e+00 0.0000e+00 5.3732e+01 -2.7109e+00 0.0000e+00 0.0000e+00 2.7109e+00 5.3454e+01 
16.0 4.9007e+01 -5.2878e-01 0.0000e+00 0.0000e+00 -5.2878e-01 4.8573e+01 0.0000e+00 0.0000e+00 0.0000e+00 0.0000e+00 4.8193e+01 -2.4607e+00 0.0000e+00 0.0000e+00 2.4607e+00 4.7929e+01 
17.0 4.4413e+01 -5.5775e-01 0.0000e+00 0.0000e+00 -5.5775e-01 4.3981e+01 0.0000e+00 0.0000e+00 0.0000e+00 0.0000e+00 4.3592e+01 -2.2299e+00 0.0000e+00 0.0000e+00 2.2299e+00 4.3342e+01 
18.0 4.0558e+01 -5.8575e-01 0.0000e+00 0.0000e+00 -5.8575e-01 4.0127e+01 0.0000e+00 0.0000e+00 0.0000e+00 0.0000e+00 3.9731e+01 -2.0191e+00 0.0000e+00 0.0000e+00 2.0191e+00 3.9495e+01 
19.0 3.7290e+01 -6.1314e-01 0.0000e+00 0.0000e+00 -6.1314e-01 3.6860e+01 0.0000e+00 0.0000e+00 0.0000e+00 0.0000e+00 3.6600e+01 -1.8277e+00 0.0000e+00 0.0000e+00 1.8277e+00 3.6380e+01 
20.0 3.4492e+01 -6.4001e-01 0.0000e+00 0.0000e+00 -6.4001e-01 3.4061e+01 0.0000e+00 0.0000e+00 0.0000e+00 0.0000e+00 3.3919e+01 -1.6550e+00 0.0000e+00 0.0000e+00 1.6550e+00 3.3712e+01 
21.0 3.2070e+01 -6.6629e-01 0.0000e+00 0.0000e+00 -6.6629e-01 3.1641e+01 0.0000e+00 0.0000e+00 0.0000e+00 0.0000e+00 3.1598e+01 -1.5006e+00 0.0000e+00 0.0000e+00 1.5006e+00 3.1403e+01 
22.0 2.9953e+01 -6.9191e-01 0.0000e+00 0.0000e+00 -6.9191e-01 2.9524e+01 0.0000e+00 0.0000e+00 0.0000e+00 0.0000e+00 2.9570e+01 -1.3632e+00 0.0000e+00 0.0000e+00 1.3632e+00 2.9385e+01 
23.0 2.8084e+01 -7.1698e-01 0.0000e+00 0.0000e+00 -7.1698e-01 2.7656e+01 0.0000e+00 0.0000e+00 0.0000e+00 0.0000e+00 2.7778e+01 -1.2406e+00 0.0000e+00 0.0000e+00 1.2406e+00 2.7602e+01 
24.0 2.6420e+01 -7.4184e-01 0.0000e+00 0.0000e+00 -7.4184e-01 2.5992e+01 0.0000e+00 0.0000e+00 0.0000e+00 0.0000e+00 2.6182e+01 -1.1302e+00 0.0000e+00 0.0000e+00 1.1302e+00 2.6014e+01 
25.0 2.4928e+01 -7.6684e-01 0.0000e+00 0.0000e+00 -7.6684e-01 2.4500e+01 0.0000e+00 0.0000e+00 0.0000e+00 0.0000e+00 2.4751e+01 -1.0300e+00 0.0000e+00 0.0000e+00 1.0300e+00 2.4591e+01 
26.0 2.3582e+01 -7.9214e-01 0.0000e+00 0.0000e+00 -7.9214e-01 2.3155e+01 0.0000e+00 0.0000e+00 0.0000e+00 0.0000e+00 2.3460e+01 -9.3876e-01 0.0000e+00 0.0000e+00 9.3876e-01 2.3306e+01 
27.0 2.2360e+01 -8.1772e-01 0.0000e+00 0.0000e+00 -8.1772e-01 2.1934e+01 0.0000e+00 0.0000e+00 0.0000e+00 0.0000e+00 2.2287e+01 -8.5585e-01 0.0000e+00 0.0000e+00 8.5585e-01 2.2140e+01 
28.0 2.1243e+01 -8.4348e-01 0.0000e+00 0.0000e+00 -8.4348e-01 2.0818e+01 0.0000e+00 0.0000e+00 0.0000e+00 0.0000e+00 2.1215e+01 -7.8058e-01 0.0000e+00 0.0000e+00 7.8058e-01 2.1072e+01 
29.0 2.0214e+01 -8.6936e-01 0.0000e+00 0.0000e+00 -8.6936e-01 1.9790e+01 0.0000e+00 0.0000e+00 0.0000e+00 0.0000e+00 2.0227e+01 -7.1215e-01 0.0000e+00 0.0000e+00 7.1215e-01 2.0090e+01 
30.0 1.9262e+01 -8.9532e-01 0.0000e+00 0.0000e+00 -8.9532e-01 1.8839e+01 0.0000e+00 0.0000e+00 0.0000e+00 0.0000e+00 1.9311e+01 -6.4976e-01 0.0000e+00 0.0000e+00 6.4976e-01 1.9179e+01 
31.0 1.8376e+01 -9.2123e-01 0.0000e+00 0.0000e+00 -9.2123e-01 1.7953e+01 0.0000e+00 0.0000e+00 0.0000e+00 0.0000e+00 1.8365e+01 -5.9288e-01 0.0000e+00 0.0000e+00 5.9288e-01 1.8240e+01 
32.0 1.7547e+01 -9.4695e-01 0.0000e+00 0.0000e+00 -9.4695e-01 1.7125e+01 0.0000e+00 0.0000e+00 0.0000e+00 0.0000e+00 1.7483e+01 -5.4109e-01 0.0000e+00 0.0000e+00 5.4109e-01 1.7365e+01 
33.0 1.6769e+01 -9.7233e-01 0.0000e+00 0.0000e+00 -9.7233e-01 1.6349e+01 0.0000e+00 0.0000e+00 0.0000e+00 0.0000e+00 1.6656e+01 -4.9395e-01 0.0000e+00 0.0000e+00 4.9395e-01 1.6545e+01 
34.0 1.6038e+01 -9.9720e-01 0.0000e+00 0.0000e+00 -9.9720e-01 1.5618e+01 0.0000e+00 0.0000e+00 0.0000e+00 0.0000e+00 1.5879e+01 -4.5101e-01 0.0000e+00 0.0000e+00 4.5101e-01 1.5775e+01 
35.0 1.5348e+01 -1.0215e+00 0.0000e+00 0.0000e+00 -1.0215e+00 1.4929e+01 0.0000e+00 0.0000e+00 0.0000e+00 0.0000e+00 1.5147e+01 -4.1176e-01 0.0000e+00 0.0000e+00 4.1176e-01 1.5049e+01 
36.0 1.4696e+01 -1.0453e+00 0.0000e+00 0.0000e+00 -1.0453e+00 1.4278e+01 0.0000e+00 0.0000e+00 0.0000e+00 0.0000e+00 1.4455e+01 -3.7558e-01 0.0000e+00 0.0000e+00 3.7558e-01 1.4363e+01 
37.0 1.4080e+01 -1.0687e+00 0.0000e+00 0.0000e+00 -1.0687e+00 1.3663e+01 0.0000e+00 0.0000e+00 0.0000e+00 0.0000e+00 1.3800e+01 -3.4201e-01 0.0000e+00 0.0000e+00 3.4201e-01 1.3714e+01 
38.0 1.3498e+01 -1.0920e+00 0.0000e+00 0.0000e+00 -1.0920e+00 1.3082e+01 0.0000e+00 0.0000e+00 0.0000e+00 0.0000e+00 1.3180e+01 -3.1077e-01 0.0000e+00 0.0000e+00 3.1077e-01 1.3100e+01 
39.0 1.2948e+01 -1.1150e+00 0.0000e+00 0.0000e+00 -1.1150e+00 1.2533e+01 0.0000e+00 0.0000e+00 0.0000e+00 0.0000e+00 1.2592e+01 -2.8167e-01 0.0000e+00 0.0000e+00 2.8167e-01 1.2518e+01 
40.0 1.2427e+01 -1.1378e+00 0.0000e+00 0.0000e+00 -1.1378e+00 1.2013e+01 0.0000e+00 0.0000e+00 0.0000e+00 0.0000e+00 1.2034e+01 -2.5458e-01 0.0000e+00 0.0000e+00 2.5458e-01 1.1965e+01 
41.0 1.1933e+01 -1.1602e+00 0.0000e+00 0.0000e+00 -1.1602e+00 1.1520e+01 0.0000e+00 0.0000e+00 0.0000e+00 0.0000e+00 1.1504e+01 -2.2937e-01 0.0000e+00 0.0000e+00 2.2937e-01 1.1441e+01 
42.0 1.1464e+01 -1.1820e+00 0.0000e+00 0.0000e+00 -1.1820e+00 1.1053e+01 0.0000e+00 0.0000e+00 0.0000e+00 0.0000e+00 1.1000e+01 -2.0591e-01 0.0000e+00 0.0000e+00 2.0591e-01 1.0941e+01 
43.0 1.1018e+01 -1.2033e+00 0.0000e+00 0.0000e+00 -1.2033e+00 1.0608e+01 0.0000e+00 0.0000e+00 0.0000e+00 0.0000e+00 1.0519e+01 -1.8399e-01 0.0000e+00 0.0000e+00 1.8399e-01 1.0466e+01 
44.0 1.0593e+01 -1.2238e+00 0.0000e+00 0.0000e+00 -1.2238e+00 1.0184e+01 0.0000e+00 0.0000e+00 0.0000e+00 0.0000e+00 1.0060e+01 -1.6339e-01 0.0000e+00 0.0000e+00 1.6339e-01 1.0011e+01 
45.0 1.0188e+01 -1.2436e+00 0.0000e+00 0.0000e+00 -1.2436e+00 9.7804e+00 0.0000e+00 0.0000e+00 0.0000e+00 0.0000e+00 9.6212e+00 -1.4388e-01 0.0000e+00 0.0000e+00 1.4388e-01 9.5775e+00 
46.0 9.8012e+00 -1.2626e+00 0.0000e+00 0.0000e+00 -1.2626e+00 9.3950e+00 0.0000e+00 0.0000e+00 0.0000e+00 0.0000e+00 9.2018e+00 -1.2526e-01 0.0000e+00 0.0000e+00 1.2526e-01 9.1627e+00 
47.0 9.4321e+00 -1.2809e+00 0.0000e+00 0.0000e+00 -1.2809e+00 9.0271e+00 0.0000e+00 0.0000e+00 0.0000e+00 0.0000e+00 8.8005e+00 -1.0739e-01 0.0000e+00 0.0000e+00 1.0739e-01 8.7659e+00 
48.0 9.0796e+00 -1.2984e+00 0.0000e+00 0.0000e+00 -1.2984e+00 8.6759e+00 0.0000e+00 0.0000e+00 0.0000e+00 0.0000e+00 8.4165e+00 -9.0169e-02 0.0000e+00 0.0000e+00 9.0169e-02 8.3863e+00 
49.0 8.7431e+00 -1.3152e+00 0.0000e+00 0.0000e+00 -1.3152e+00 8.3406e+00 0.0000e+00 0.0000e+00 0.0000e+00 0.0000e+00 8.0487e+00 -7.3504e-02 0.0000e+00 0.0000e+00 7.3504e-02 8.0229e+00 
50.0 8.4218e+00 -1.3312e+00 0.0000e+00 0.0000e+00 -1.3312e+00 8.0204e+00 0.0000e+00 0.0000e+00 0.0000e+00 0.0000e+00 7.6965e+00 -5.7323e-02 0.0000e+00 0.0000e+00 5.7323e-02 7.6749e+00 
51.0 8.1149e+00 -1.3464e+00 0.0000e+00 0.0000e+00 -1.3464e+00 7.7148e+00 0.0000e+00 0.0000e+00 0.0000e+00 0.0000e+00 7.3591e+00 -4.1549e-02 0.0000e+00 0.0000e+00 4.1549e-02 7.3417e+00 
52.0 7.8220e+00 -1.3610e+00 0.0000e+00 0.0000e+00 -1.3610e+00 7.4230e+00 0.0000e+00 0.0000e+00 0.0000e+00 0.0000e+00 7.0357e+00 -2.6108e-02 0.0000e+00 0.0000e+00 2.6108e-02 7.0225e+00 
53.0 7.5425e+00 -1.3748e+00 0.0000e+00 0.0000e+00 -1.3748e+00 7.1447e+00 0.0000e+00 0.0000e+00 0.0000e+00 0.0000e+00 6.7259e+00 -1.0974e-02 0.0000e+00 0.0000e+00 1.0974e-02 6.7168e+00 
54.0 7.2758e+00 -1.3880e+00 0.0000e+00 0.0000e+00 -1.3880e+00 6.8791e+00 0.0000e+00 0.0000e+00 0.0000e+00 0.0000e+00 6.4289e+00 3.8313e-03 0.0000e+00 0.0000e+00 -3.8313e-03 6.4240e+00 
55.0 7.0213e+00 -1.4004e+00 0.0000e+00 0.0000e+00 -1.4004e+00 6.6256e+00 0.0000e+00 0.0000e+00 0.0000e+00 0.0000e+00 6.1443e+00 1.8282e-02 0.0000e+00 0.0000e+00 -1.8282e-02 6.1433e+00 
56.0 6.7784e+00 -1.4120e+00 0.0000e+00 0.0000e+00 -1.4120e+00 6.3838e+00 0.0000e+00 0.0000e+00 0.0000e+00 0.0000e+00 5.8713e+00 3.2384e-02 0.0000e+00 0.0000e+00 -3.2384e-02 5.8743e+00 
57.0 6.5466e+00 -1.4229e+00 0.0000e+00 0.0000e+00 -1.4229e+00 6.1530e+00 0.0000e+00 0.0000e+00 0.0000e+00 0.0000e+00 5.6093e+00 4.6148e-02 0.0000e+00 0.0000e+00 -4.6148e-02 5.6164e+00 
58.0 6.3253e+00 -1.4329e+00 0.0000e+00 0.0000e+00 -1.4329e+00 5.9327e+00 0.0000e+00 0.0000e+00 0.0000e+00 0.0000e+00 5.3579e+00 5.9576e-02 0.0000e+00 0.0000e+00 -5.9576e-02 5.3690e+00 
59.0 6.1139e+00 -1.4421e+00 0.0000e+00 0.0000e+00 -1.4421e+00 5.7222e+00 0.0000e+00 0.0000e+00 0.0000e+00 0.0000e+00 5.1165e+00 7.2674e-02 0.0000e+00 0.0000e+00 -7.2674e-02 5.1315e+00 
60.0 5.9119e+00 -1.4505e+00 0.0000e+00 0.0000e+00 -1.4505e+00 5.5212e+00 0.0000e+00 0.0000e+00 0.0000e+00 0.0000e+00 4.8845e+00 8.5451e-02 0.0000e+00 0.0000e+00 -8.5451e-02 4.9035e+00 
61.0 5.7189e+00 -1.4580e+00 0.0000e+00 0.0000e+00 -1.4580e+00 5.3291e+00 0.0000e+00 0.0000e+00 0.0000e+00 0.0000e+00 4.6616e+00 9.7914e-02 0.0000e+00 0.0000e+00 -9.7914e-02 4.6846e+00 
62.0 5.5345e+00 -1.4647e+00 0.0000e+00 0.0000e+00 -1.4647e+00 5.1456e+00 0.0000e+00 0.0000e+00 0.0000e+00 0.0000e+00 4.4473e+00 1.1006e-01 0.0000e+00 0.0000e+00 -1.1006e-01 4.4742e+00 
63.0 5.3583e+00 -1.4705e+00 0.0000e+00 0.0000e+00 -1.4705e+00 4.9702e+00 0.0000e+00 0.0000e+00 0.0000e+00 0.0000e+00 4.2414e+00 1.2188e-01 0.0000e+00 0.0000e+00 -1.2188e-01 4.2722e+00 
64.0 5.1899e+00 -1.4755e+00 0.0000e+00 0.0000e+00 -1.4755e+00 4.8026e+00 0.0000e+00 0.0000e+00 0.0000e+00 0.0000e+00 4.0433e+00 1.3334e-01 0.0000e+00 0.0000e+00 -1.3334e-01 4.0781e+00 
65.0 5.0289e+00 -1.4797e+00 0.0000e+00 0.0000e+00 -1.4797e+00 4.6424e+00 0.0000e+00 0.0000e+00 0.0000e+00 0.0000e+00 3.8528e+00 1.4441e-01 0.0000e+00 0.0000e+00 -1.4441e-01 3.8915e+00 
66.0 4.8750e+00 -1.4829e+00 0.0000e+00 0.0000e+00 -1.4829e+00 4.4892e+00 0.0000e+00 0.0000e+00 0.0000e+00 0.0000e+00 3.6694e+00 1.5505e-01 0.0000e+00 0.0000e+00 -1.5505e-01 3.7121e+00 
67.0 4.7279e+00 -1.4853e+00 0.0000e+00 0.0000e+00 -1.4853e+00 4.3428e+00 0.0000e+00 0.0000e+00 0.0000e+00 0.0000e+00 3.4930e+00 1.6526e-01 0.0000e+00 0.0000e+00 -1.6526e-01 3.5396e+00 
68.0 4.5871e+00 -1.4867e+00 0.0000e+00 0.0000e+00 -1.4867e+00 4.2027e+00 0.0000e+00 0.0000e+00 0.0000e+00 0.0000e+00 3.3230e+00 1.7505e-01 0.0000e+00 0.0000e+00 -1.7505e-01 3.3735e+00 
69.0 4.4525e+00 -1.4873e+00 0.0000e+00 0.0000e+00 -1.4873e+00 4.0688e+00 0.0000e+00 0.0000e+00 0.0000e+00 0.0000e+00 3.1593e+00 1.8442e-01 0.0000e+00 0.0000e+00 -1.8442e-01 3.2137e+00 
70.0 4.3237e+00 -1.4870e+00 0.0000e+00 0.0000e+00 -1.4870e+00 3.9406e+00 0.0000e+00 0.0000e+00 0.0000e+00 0.0000e+00 3.0015e+00 1.9337e-01 0.0000e+00 0.0000e+00 -1.9337e-01 3.0598e+00 
71.0 4.2005e+00 -1.4858e+00 0.0000e+00 0.0000e+00 -1.4858e+00 3.8180e+00 0.0000e+00 0.0000e+00 0.0000e+00 0.0000e+00 2.8493e+00 2.0189e-01 0.0000e+00 0.0000e+00 -2.0189e-01 2.9116e+00 
72.0 4.0825e+00 -1.4837e+00 0.0000e+00 0.0000e+00 -1.4837e+00 3.7007e+00 0.0000e+00 0.0000e+00 0.0000e+00 0.0000e+00 2.7026e+00 2.0998e-01 0.0000e+00 0.0000e+00 -2.0998e-01 2.7688e+00 
73.0 3.9697e+00 -1.4807e+00 0.0000e+00 0.0000e+00 -1.4807e+00 3.5885e+00 0.0000e+00 0.0000e+00 0.0000e+00 0.0000e+00 2.5611e+00 2.1766e-01 0.0000e+00 0.0000e+00 -2.1766e-01 2.6312e+00 
74.0 3.8617e+00 -1.4769e+00 0.0000e+00 0.0000e+00 -1.4769e+00 3.4812e+00 0.0000e+00 0.0000e+00 0.0000e+00 0.0000e+00 2.4245e+00 2.2492e-01 0.0000e+00 0.0000e+00 -2.2492e-01 2.4985e+00 
75.0 3.7584e+00 -1.4723e+00 0.0000e+00 0.0000e+00 -1.4723e+00 3.3785e+00 0.0000e+00 0.0000e+00 0.0000e+00 0.0000e+00 2.2927e+00 2.3178e-01 0.0000e+00 0.0000e+00 -2.3178e-01 2.3706e+00 
76.0 3.6596e+00 -1.4668e+00 0.0000e+00 0.0000e+00 -1.4668e+00 3.2803e+00 0.0000e+00 0.0000e+00 0.0000e+00 0.0000e+00 2.1654e+00 2.3824e-01 0.0000e+00 0.0000e+00 -2.3824e-01 2.2472e+00 
77.0 3.5650e+00 -1.4605e+00 0.0000e+00 0.0000e+00 -1.4605e+00 3.1864e+00 0.0000e+00 0.0000e+00 0.0000e+00 0.0000e+00 2.0425e+00 2.4434e-01 0.0000e+00 0.0000e+00 -2.4434e-01 2.1282e+00 
78.0 3.4746e+00 -1.4534e+00 0.0000e+00 0.0000e+00 -1.4534e+00 3.0966e+00 0.0000e+00 0.0000e+00 0.0000e+00 0.0000e+00 1.9238e+00 2.5009e-01 0.0000e+00 0.0000e+00 -2.5009e-01 2.0134e+00 
79.0 3.3881e+00 -1.4456e+00 0.0000e+00 0.0000e+00 -1.4456e+00 3.0108e+00 0.0000e+00 0.0000e+00 0.0000e+00 0.0000e+00 1.8091e+00 2.5550e-01 0.0000e+00 0.0000e+00 -2.5550e-01 1.9025e+00 
80.0 3.3054e+00 -1.4370e+00 0.0000e+00 0.0000e+00 -1.4370e+00 2.9287e+00 0.0000e+00 0.0000e+00 0.0000e+00 0.0000e+00 1.6983e+00 2.6060e-01 0.0000e+00 0.0000e+00 -2.6060e-01 1.7955e+00 
81.0 3.2263e+00 -1.4277e+00 0.0000e+00 0.0000e+00 -1.4277e+00 2.8503e+00 0.0000e+00 0.0000e+00 0.0000e+00 0.0000e+00 1.5911e+00 2.6537e-01 0.0000e+00 0.0000e+00 -2.6537e-01 1.6923e+00 
82.0 3.1508e+00 -1.4177e+00 0.0000e+00 0.0000e+00 -1.4177e+00 2.7755e+00 0.0000e+00 0.0000e+00 0.0000e+00 0.0000e+00 1.4876e+00 2.6983e-01 0.0000e+00 0.0000e+00 -2.6983e-01 1.5926e+00 
83.0 3.0787e+00 -1.4070e+00 0.0000e+00 0.0000e+00 -1.4070e+00 2.7039e+00 0.0000e+00 0.0000e+00 0.0000e+00 0.0000e+00 1.3875e+00 2.7400e-01 0.0000e+00 0.0000e+00 -2.7400e-01 1.4963e+00 
84.0 3.0097e+00 -1.3957e+00 0.0000e+00 0.0000e+00 -1.3957e+00 2.6356e+00 0.0000e+00 0.0000e+00 0.0000e+00 0.0000e+00 1.2907e+00 2.7788e-01 0.0000e+00 0.0000e+00 -2.7788e-01 1.4033e+00 
85.0 2.9439e+00 -1.3837e+00 0.0000e+00 0.0000e+00 -1.3837e+00 2.5705e+00 0.0000e+00 0.0000e+00 0.0000e+00 0.0000e+00 1.1970e+00 2.8149e-01 0.0000e+00 0.0000e+00 -2.8149e-01 1.3135e+00 
86.0 2.8811e+00 -1.3712e+00 0.0000e+00 0.0000e+00 -1.3712e+00 2.5083e+00 0.0000e+00 0.0000e+00 0.0000e+00 0.0000e+00 1.1064e+00 2.8485e-01 0.0000e+00 0.0000e+00 -2.8485e-01 1.2266e+00 
87.0 2.8212e+00 -1.3580e+00 0.0000e+00 0.0000e+00 -1.3580e+00 2.4489e+00 0.0000e+00 0.0000e+00 0.0000e+00 0.0000e+00 1.0188e+00 2.8796e-01 0.0000e+00 0.0000e+00 -2.8796e-01 1.1428e+00 
88.0 2.7640e+00 -1.3444e+00 0.0000e+00 0.0000e+00 -1.3444e+00 2.3923e+00 0.0000e+00 0.0000e+00 0.0000e+00 0.0000e+00 9.3399e-01 2.9082e-01 0.0000e+00 0.0000e+00 -2.9082e-01 1.0617e+00 
89.0 2.7095e+00 -1.3302e+00 0.0000e+00 0.0000e+00 -1.3302e+00 2.3384e+00 0.0000e+00 0.0000e+00 0.0000e+00 0.0000e+00 8.5193e-01 2.9341e-01 0.0000e+00 0.0000e+00 -2.9341e-01 9.8333e-01 
90.0 2.6575e+00 -1.3156e+00 0.0000e+00 0.0000e+00 -1.3156e+00 2.2870e+00 0.0000e+00 0.0000e+00 0.0000e+00 0.0000e+00 7.7252e-01 2.9573e-01 0.0000e+00 0.0000e+00 -2.9573e-01 9.0758e-01 
91.0 2.6079e+00 -1.3005e+00 0.0000e+00 0.0000e+00 -1.3005e+00 2.2381e+00 0.0000e+00 0.0000e+00 0.0000e+00 0.0000e+00 6.9566e-01 2.9777e-01 0.0000e+00 0.0000e+00 -2.9777e-01 8.3433e-01 
92.0 2.5607e+00 -1.2850e+00 0.0000e+00 0.0000e+00 -1.2850e+00 2.1915e+00 0.0000e+00 0.0000e+00 0.0000e+00 0.0000e+00 6.2126e-01 2.9952e-01 0.0000e+00 0.0000e+00 -2.9952e-01 7.6348e-01 
93.0 2.5156e+00 -1.2690e+00 0.0000e+00 0.0000e+00 -1.2690e+00 2.1471e+00 0.0000e+00 0.0000e+00 0.0000e+00 0.0000e+00 5.4922e-01 3.0097e-01 0.0000e+00 0.0000e+00 -3.0097e-01 6.9492e-01 
94.0 2.4727e+00 -1.2526e+00 0.0000e+00 0.0000e+00 -1.2526e+00 2.1049e+00 0.0000e+00 0.0000e+00 0.0000e+00 0.0000e+00 4.7945e-01 3.0212e-01 0.0000e+00 0.0000e+00 -3.0212e-01 6.2856e-01 
95.0 2.4319e+00 -1.2358e+00 0.0000e+00 0.0000e+00 -1.2358e+00 2.0647e+00 0.0000e+00 0.0000e+00 0.0000e+00 0.0000e+00 4.1187e-01 3.0299e-01 0.0000e+00 0.0000e+00 -3.0299e-01 5.6430e-01 
96.0 2.3930e+00 -1.2186e+00 0.0000e+00 0.0000e+00 -1.2186e+00 2.0266e+00 0.0000e+00 0.0000e+00 0.0000e+00 0.0000e+00 3.4640e-01 3.0357e-01 0.0000e+00 0.0000e+00 -3.0357e-01 5.0205e-01 
97.0 2.3560e+00 -1.2010e+00 0.0000e+00 0.0000e+00 -1.2010e+00 1.9904e+00 0.0000e+00 0.0000e+00 0.0000e+00 0.0000e+00 2.8296e-01 3.0389e-01 0.0000e+00 0.0000e+00 -3.0389e-01 4.4173e-01 
98.0 2.3208e+00 -1.1830e+00 0.0000e+00 0.0000e+00 -1.1830e+00 1.9560e+00 0.0000e+00 0.0000e+00 0.0000e+00 0.0000e+00 2.2147e-01 3.0395e-01 0.0000e+00 0.0000e+00 -3.0395e-01 3.8327e-01 
99.0 2.2874e+00 -1.1646e+00 0.0000e+00 0.0000e+00 -1.1646e+00 1.9234e+00 0.0000e+00 0.0000e+00 0.0000e+00 0.0000e+00 1.6188e-01 3.0376e-01 0.0000e+00 0.0000e+00 -3.0376e-01 3.2658e-01 
100.0 2.2556e+00 -1.1459e+00 0.0000e+00 0.0000e+00 -1.1459e+00 1.8926e+00 0.0000e+00 0.0000e+00 0.0000e+00 0.0000e+00 1.0413e-01 3.0335e-01 0.0000e+00 0.0000e+00 -3.0335e-01 2.7161e-01 
101.0 2.2255e+00 -1.1268e+00 0.0000e+00 0.0000e+00 -1.1268e+00 1.8635e+00 0.0000e+00 0.0000e+00 0.0000e+00 0.0000e+00 4.8145e-02 3.0271e-01 0.0000e+00 0.0000e+00 -3.0271e-01 2.1829e-01 
102.0 2.1970e+00 -1.1074e+00 0.0000e+00 0.0000e+00 -1.1074e+00 1.8360e+00 0.0000e+00 0.0000e+00 0.0000e+00 0.0000e+00 -6.1353e-03 3.0186e-01 0.0000e+00 0.0000e+00 -3.0186e-01 1.6655e-01 
103.0 2.1699e+00 -1.0877e+00 0.0000e+00 0.0000e+00 -1.0877e+00 1.8100e+00 0.0000e+00 0.0000e+00 0.0000e+00 0.0000e+00 -5.8771e-02 3.0081e-01 0.0000e+00 0.0000e+00 -3.0081e-01 1.1633e-01 
104.0 2.1443e+00 -1.0676e+00 0.0000e+00 0.0000e+00 -1.0676e+00 1.7856e+00 0.0000e+00 0.0000e+00 0.0000e+00 0.0000e+00 -1.0982e-01 2.9957e-01 0.0000e+00 0.0000e+00 -2.9957e-01 6.7585e-02 
105.0 2.1202e+00 -1.0473e+00 0.0000e+00 0.0000e+00 -1.0473e+00 1.7627e+00 0.0000e+00 0.0000e+00 0.0000e+00 0.0000e+00 -1.5934e-01 2.9814e-01 0.0000e+00 0.0000e+00 -2.9814e-01 2.0245e-02 
106.0 2.0974e+00 -1.0267e+00 0.0000e+00 0.0000e+00 -1.0267e+00 1.7411e+00 0.0000e+00 0.0000e+00 0.0000e+00 0.0000e+00 -2.0738e-01 2.9653e-01 0.0000e+00 0.0000e+00 -2.9653e-01 -2.5740e-02 
107.0 2.0758e+00 -1.0058e+00 0.0000e+00 0.0000e+00 -1.0058e+00 1.7209e+00 0.0000e+00 0.0000e+00 0.0000e+00 0.0000e+00 -2.5399e-01 2.9476e-01 0.0000e+00 0.0000e+00 -2.9476e-01 -7.0423e-02 
108.0 2.0556e+00 -9.8471e-01 0.0000e+00 0.0000e+00 -9.8471e-01 1.7021e+00 0.0000e+00 0.0000e+00 0.0000e+00 0.0000e+00 -2.9923e-01 2.9285e-01 0.0000e+00 0.0000e+00 -2.9285e-01 -1.1385e-01 
109.0 2.0365e+00 -9.6333e-01 0.0000e+00 0.0000e+00 -9.6333e-01 1.6845e+00 0.0000e+00 0.0000e+00 0.0000e+00 0.0000e+00 -3.4314e-01 2.9081e-01 0.0000e+00 0.0000e+00 -2.9081e-01 -1.5608e-01 
110.0 2.0186e+00 -9.4174e-01 0.0000e+00 0.0000e+00 -9.4174e-01 1.6681e+00 0.0000e+00 0.0000e+00 0.0000e+00 0.0000e+00 -3.8577e-01 2.8866e-01 0.0000e+00 0.0000e+00 -2.8866e-01 -1.9715e-01 
111.0 2.0019e+00 -9.1994e-01 0.0000e+00 0.0000e+00 -9.1994e-01 1.6529e+00 0.0000e+00 0.0000e+00 0.0000e+00 0.0000e+00 -4.2716e-01 2.8640e-01 0.0000e+00 0.0000e+00 -2.8640e-01 -2.3710e-01 
112.0 1.9862e+00 -8.9796e-01 0.0000e+00 0.0000e+00 -8.9796e-01 1.6389e+00 0.0000e+00 0.0000e+00 0.0000e+00 0.0000e+00 -4.6734e-01 2.8406e-01 0.0000e+00 0.0000e+00 -2.8406e-01 -2.7597e-01 
113.0 1.9716e+00 -8.7582e-01 0.0000e+00 0.0000e+00 -8.7582e-01 1.6260e+00 0.0000e+00 0.0000e+00 0.0000e+00 0.0000e+00 -5.0636e-01 2.8165e-01 0.0000e+00 0.0000e+00 -2.8165e-01 -3.1379e-01 
114.0 1.9581e+00 -8.5353e-01 0.0000e+00 0.0000e+00 -8.5353e-01 1.6141e+00 0.0000e+00 0.0000e+00 0.0000e+00 0.0000e+00 -5.4426e-01 2.7917e-01 0.0000e+00 0.0000e+00 -2.7917e-01 -3.5061e-01 
115.0 1.9455e+00 -8.3113e-01 0.0000e+00 0.0000e+00 -8.3113e-01 1.6033e+00 0.0000e+00 0.0000e+00 0.0000e+00 0.0000e+00 -5.8107e-01 2.7664e-01 0.0000e+00 0.0000e+00 -2.7664e-01 -3.8644e-01 
116.0 1.9338e+00 -8.0862e-01 0.0000e+00 0.0000e+00 -8.0862e-01 1.5935e+00 0.0000e+00 0.0000e+00 0.0000e+00 0.0000e+00 -6.1683e-01 2.7407e-01 0.0000e+00 0.0000e+00 -2.7407e-01 -4.2132e-01 
117.0 1.9231e+00 -7.8605e-01 0.0000e+00 0.0000e+00 -7.8605e-01 1.5846e+00 0.0000e+00 0.0000e+00 0.0000e+00 0.0000e+00 -6.5158e-01 2.7146e-01 0.0000e+00 0.0000e+00 -2.7146e-01 -4.5528e-01 
118.0 1.9133e+00 -7.6343e-01 0.0000e+00 0.0000e+00 -7.6343e-01 1.5767e+00 0.0000e+00 0.0000e+00 0.0000e+00 0.0000e+00 -6.8533e-01 2.6883e-01 0.0000e+00 0.0000e+00 -2.6883e-01 -4.8833e-01 
119.0 1.9044e+00 -7.4078e-01 0.0000e+00 0.0000e+00 -7.4078e-01 1.5696e+00 0.0000e+00 0.0000e+00 0.0000e+00 0.0000e+00 -7.1814e-01 2.6617e-01 0.0000e+00 0.0000e+00 -2.6617e-01 -5.2051e-01 
120.0 1.8963e+00 -7.1815e-01 0.0000e+00 0.0000e+00 -7.1815e-01 1.5634e+00 0.0000e+00 0.0000e+00 0.0000e+00 0.0000e+00 -7.5001e-01 2.6349e-01 0.0000e+00 0.0000e+00 -2.6349e-01 -5.5182e-01 
121.0 1.8890e+00 -6.9554e-01 0.0000e+00 0.0000e+00 -6.9554e-01 1.5580e+00 0.0000e+00 0.0000e+00 0.0000e+00 0.0000e+00 -7.8099e-01 2.6077e-01 0.0000e+00 0.0000e+00 -2.6077e-01 -5.8228e-01 
122.0 1.8825e+00 -6.7299e-01 0.0000e+00 0.0000e+00 -6.7299e-01 1.5534e+00 0.0000e+00 0.0000e+00 0.0000e+00 0.0000e+00 -8.1109e-01 2.5802e-01 0.0000e+00 0.0000e+00 -2.5802e-01 -6.1191e-01 
123.0 1.8767e+00 -6.5051e-01 0.0000e+00 0.0000e+00 -6.5051e-01 1.5494e+00 0.0000e+00 0.0000e+00 0.0000e+00 0.0000e+00 -8.4034e-01 2.5521e-01 0.0000e+00 0.0000e+00 -2.5521e-01 -6.4074e-01 
124.0 1.8716e+00 -6.2812e-01 0.0000e+00 0.0000e+00 -6.2812e-01 1.5461e+00 0.0000e+00 0.0000e+00 0.0000e+00 0.0000e+00 -8.6877e-01 2.5233e-01 0.0000e+00 0.0000e+00 -2.5233e-01 -6.6878e-01 
125.0 1.8672e+00 -6.0584e-01 0.0000e+00 0.0000e+00 -6.0584e-01 1.5435e+00 0.0000e+00 0.0000e+00 0.0000e+00 0.0000e+00 -8.9640e-01 2.4938e-01 0.0000e+00 0.0000e+00 -2.4938e-01 -6.9605e-01 
126.0 1.8634e+00 -5.8368e-01 0.0000e+00 0.0000e+00 -5.8368e-01 1.5415e+00 0.0000e+00 0.0000e+00 0.0000e+00 0.0000e+00 -9.2327e-01 2.4637e-01 0.0000e+00 0.0000e+00 -2.4637e-01 -7.2257e-01 
127.0 1.8603e+00 -5.6167e-01 0.0000e+00 0.0000e+00 -5.6167e-01 1.5400e+00 0.0000e+00 0.0000e+00 0.0000e+00 0.0000e+00 -9.4939e-01 2.4328e-01 0.0000e+00 0.0000e+00 -2.4328e-01 -7.4838e-01 
128.0 1.8577e+00 -5.3981e-01 0.0000e+00 0.0000e+00 -5.3981e-01 1.5392e+00 0.0000e+00 0.0000e+00 0.0000e+00 0.0000e+00 -9.7479e-01 2.4011e-01 0.0000e+00 0.0000e+00 -2.4011e-01 -7.7349e-01 
129.0 1.8556e+00 -5.1815e-01 0.0000e+00 0.0000e+00 -5.1815e-01 1.5388e+00 0.0000e+00 0.0000e+00 0.0000e+00 0.0000e+00 -9.9948e-01 2.3685e-01 0.0000e+00 0.0000e+00 -2.3685e-01 -7.9792e-01 
130.0 1.8541e+00 -4.9668e-01 0.0000e+00 0.0000e+00 -4.9668e-01 1.5389e+00 0.0000e+00 0.0000e+00 0.0000e+00 0.0000e+00 -1.0235e+00 2.3348e-01 0.0000e+00 0.0000e+00 -2.3348e-01 -8.2170e-01 
131.0 1.8531e+00 -4.7542e-01 0.0000e+00 0.0000e+00 -4.7542e-01 1.5395e+00 0.0000e+00 0.0000e+00 0.0000e+00 0.0000e+00 -1.0468e+00 2.2999e-01 0.0000e+00 0.0000e+00 -2.2999e-01 -8.4485e-01 
132.0 1.8525e+00 -4.5437e-01 0.0000e+00 0.0000e+00 -4.5437e-01 1.5406e+00 0.0000e+00 0.0000e+00 0.0000e+00 0.0000e+00 -1.0695e+00 2.2639e-01 0.0000e+00 0.0000e+00 -2.2639e-01 -8.6737e-01 
133.0 1.8524e+00 -4.3353e-01 0.0000e+00 0.0000e+00 -4.3353e-01 1.5421e+00 0.0000e+00 0.0000e+00 0.0000e+00 0.0000e+00 -1.0916e+00 2.2267e-01 0.0000e+00 0.0000e+00 -2.2267e-01 -8.8930e-01 
134.0 1.8528e+00 -4.1290e-01 0.0000e+00 0.0000e+00 -4.1290e-01 1.5441e+00 0.0000e+00 0.0000e+00 0.0000e+00 0.0000e+00 -1.1130e+00 2.1882e-01 0.0000e+00 0.0000e+00 -2.1882e-01 -9.1065e-01 
135.0 1.8536e+00 -3.9249e-01 0.0000e+00 0.0000e+00 -3.9249e-01 1.5465e+00 0.0000e+00 0.0000e+00 0.0000e+00 0.0000e+00 -1.1339e+00 2.1485e-01 0.0000e+00 0.0000e+00 -2.1485e-01 -9.3145e-01 
136.0 1.8549e+00 -3.7229e-01 0.0000e+00 0.0000e+00 -3.7229e-01 1.5493e+00 0.0000e+00 0.0000e+00 0.0000e+00 0.0000e+00 -1.1541e+00 2.1075e-01 0.0000e+00 0.0000e+00 -2.1075e-01 -9.5173e-01 
137.0 1.8565e+00 -3.5232e-01 0.0000e+00 0.0000e+00 -3.5232e-01 1.5526e+00 0.0000e+00 0.0000e+00 0.0000e+00 0.0000e+00 -1.1738e+00 2.0651e-01 0.0000e+00 0.0000e+00 -2.0651e-01 -9.7150e-01 
138.0 1.8585e+00 -3.3256e-01 0.0000e+00 0.0000e+00 -3.3256e-01 1.5562e+00 0.0000e+00 0.0000e+00 0.0000e+00 0.0000e+00 -1.1929e+00 2.0216e-01 0.0000e+00 0.0000e+00 -2.0216e-01 -9.9080e-01 
139.0 1.8609e+00 -3.1301e-01 0.0000e+00 0.0000e+00 -3.1301e-01 1.5603e+00 0.0000e+00 0.0000e+00 0.0000e+00 0.0000e+00 -1.2114e+00 1.9768e-01 0.0000e+00 0.0000e+00 -1.9768e-01 -1.0096e+00 
140.0 1.8637e+00 -2.9369e-01 0.0000e+00 0.0000e+00 -2.9369e-01 1.5649e+00 0.0000e+00 0.0000e+00 0.0000e+00 0.0000e+00 -1.2294e+00 1.9311e-01 0.0000e+00 0.0000e+00 -1.9311e-01 -1.0280e+00 
141.0 1.8669e+00 -2.7457e-01 0.0000e+00 0.0000e+00 -2.7457e-01 1.5698e+00 0.0000e+00 0.0000e+00 0.0000e+00 0.0000e+00 -1.2469e+00 1.8845e-01 0.0000e+00 0.0000e+00 -1.8845e-01 -1.0460e+00 
142.0 1.8705e+00 -2.5567e-01 0.0000e+00 0.0000e+00 -2.5567e-01 1.5753e+00 0.0000e+00 0.0000e+00 0.0000e+00 0.0000e+00 -1.2639e+00 1.8371e-01 0.0000e+00 0.0000e+00 -1.8371e-01 -1.0636e+00 
143.0 1.8746e+00 -2.3697e-01 0.0000e+00 0.0000e+00 -2.3697e-01 1.5812e+00 0.0000e+00 0.0000e+00 0.0000e+00 0.0000e+00 -1.2804e+00 1.7891e-01 0.0000e+00 0.0000e+00 -1.7891e-01 -1.0808e+00 
144.0 1.8790e+00 -2.1850e-01 0.0000e+00 0.0000e+00 -2.1850e-01 1.5876e+00 0.0000e+00 0.0000e+00 0.0000e+00 0.0000e+00 -1.2963e+00 1.7404e-01 0.0000e+00 0.0000e+00 -1.7404e-01 -1.0975e+00 
145.0 1.8839e+00 -2.0024e-01 0.0000e+00 0.0000e+00 -2.0024e-01 1.5944e+00 0.0000e+00 0.0000e+00 0.0000e+00 0.0000e+00 -1.3118e+00 1.6907e-01 0.0000e+00 0.0000e+00 -1.6907e-01 -1.1139e+00 
146.0 1.8892e+00 -1.8221e-01 0.0000e+00 0.0000e+00 -1.8221e-01 1.6016e+00 0.0000e+00 0.0000e+00 0.0000e+00 0.0000e+00 -1.3269e+00 1.6397e-01 0.0000e+00 0.0000e+00 -1.6397e-01 -1.1300e+00 
147.0 1.8948e+00 -1.6443e-01 0.0000e+00 0.0000e+00 -1.6443e-01 1.6093e+00 0.0000e+00 0.0000e+00 0.0000e+00 0.0000e+00 -1.3415e+00 1.5870e-01 0.0000e+00 0.0000e+00 -1.5870e-01 -1.1457e+00 
148.0 1.9009e+00 -1.4690e-01 0.0000e+00 0.0000e+00 -1.4690e-01 1.6174e+00 0.0000e+00 0.0000e+00 0.0000e+00 0.0000e+00 -1.3558e+00 1.5324e-01 0.0000e+00 0.0000e+00 -1.5324e-01 -1.1612e+00 
149.0 1.9073e+00 -1.2965e-01 0.0000e+00 0.0000e+00 -1.2965e-01 1.6259e+00 0.0000e+00 0.0000e+00 0.0000e+00 0.0000e+00 -1.3697e+00 1.4754e-01 0.0000e+00 0.0000e+00 -1.4754e-01 -1.1764e+00 
150.0 1.9142e+00 -1.1274e-01 0.0000e+00 0.0000e+00 -1.1274e-01 1.6348e+00 0.0000e+00 0.0000e+00 0.0000e+00 0.0000e+00 -1.3835e+00 1.4159e-01 0.0000e+00 0.0000e+00 -1.4159e-01 -1.1914e+00 
151.0 1.9213e+00 -9.6232e-02 0.0000e+00 0.0000e+00 -9.6232e-02 1.6440e+00 0.0000e+00 0.0000e+00 0.0000e+00 0.0000e+00 -1.3970e+00 1.3530e-01 0.0000e+00 0.0000e+00 -1.3530e-01 -1.2062e+00 
152.0 1.9288e+00 -8.0244e-02 0.0000e+00 0.0000e+00 -8.0244e-02 1.6535e+00 0.0000e+00 0.0000e+00 0.0000e+00 0.0000e+00 -1.4104e+00 1.2858e-01 0.0000e+00 0.0000e+00 -1.2858e-01 -1.2209e+00 
153.0 1.9364e+00 -6.4912e-02 0.0000e+00 0.0000e+00 -6.4912e-02 1.6630e+00 0.0000e+00 0.0000e+00 0.0000e+00 0.0000e+00 -1.4238e+00 1.2126e-01 0.0000e+00 0.0000e+00 -1.2126e-01 -1.2356e+00 
154.0 1.9441e+00 -5.0371e-02 0.0000e+00 0.0000e+00 -5.0371e-02 1.6725e+00 0.0000e+00 0.0000e+00 0.0000e+00 0.0000e+00 -1.4372e+00 1.1318e-01 0.0000e+00 0.0000e+00 -1.1318e-01 -1.2502e+00 
155.0 1.9518e+00 -3.6744e-02 0.0000e+00 0.0000e+00 -3.6744e-02 1.6818e+00 0.0000e+00 0.0000e+00 0.0000e+00 0.0000e+00 -1.4508e+00 1.0419e-01 0.0000e+00 0.0000e+00 -1.0419e-01 -1.2648e+00 
156.0 1.9596e+00 -2.4142e-02 0.0000e+00 0.0000e+00 -2.4142e-02 1.6909e+00 0.0000e+00 0.0000e+00 0.0000e+00 0.0000e+00 -1.4646e+00 9.4235e-02 0.0000e+00 0.0000e+00 -9.4235e-02 -1.2794e+00 
157.0 1.9674e+00 -1.2673e-02 0.0000e+00 0.0000e+00 -1.2673e-02 1.6998e+00 0.0000e+00 0.0000e+00 0.0000e+00 0.0000e+00 -1.4788e+00 8.3283e-02 0.0000e+00 0.0000e+00 -8.3283e-02 -1.2939e+00 
158.0 1.9753e+00 -2.4459e-03 0.0000e+00 0.0000e+00 -2.4459e-03 1.7085e+00 0.0000e+00 0.0000e+00 0.0000e+00 0.0000e+00 -1.4934e+00 7.1347e-02 0.0000e+00 0.0000e+00 -7.1347e-02 -1.3084e+00 
159.0 1.9835e+00 6.4326e-03 0.0000e+00 0.0000e+00 6.4326e-03 1.7170e+00 0.0000e+00 0.0000e+00 0.0000e+00 0.0000e+00 -1.5086e+00 5.8448e-02 0.0000e+00 0.0000e+00 -5.8448e-02 -1.3228e+00 
160.0 1.9921e+00 1.3879e-02 0.0000e+00 0.0000e+00 1.3879e-02 1.7252e+00 0.0000e+00 0.0000e+00 0.0000e+00 0.0000e+00 -1.5245e+00 4.4626e-02 0.0000e+00 0.0000e+00 -4.4626e-02 -1.3370e+00 
161.0 2.0014e+00 1.9852e-02 0.0000e+00 0.0000e+00 1.9852e-02 1.7331e+00 0.0000e+00 0.0000e+00 0.0000e+00 0.0000e+00 -1.5414e+00 2.9957e-02 0.0000e+00 0.0000e+00 -2.9957e-02 -1.3512e+00 
162.0 2.0116e+00 2.4348e-02 0.0000e+00 0.0000e+00 2.4348e-02 1.7411e+00 0.0000e+00 0.0000e+00 0.0000e+00 0.0000e+00 -1.5595e+00 1.4565e-02 0.0000e+00 0.0000e+00 -1.4565e-02 -1.3653e+00 
163.0 2.0231e+00 2.7378e-02 0.0000e+00 0.0000e+00 2.7378e-02 1.7492e+00 0.0000e+00 0.0000e+00 0.0000e+00 0.0000e+00 -1.5791e+00 -1.3522e-03 0.0000e+00 0.0000e+00 1.3522e-03 -1.3793e+00 
164.0 2.0365e+00 2.8969e-02 0.0000e+00 0.0000e+00 2.8969e-02 1.7577e+00 0.0000e+00 0.0000e+00 0.0000e+00 0.0000e+00 -1.6004e+00 -1.7524e-02 0.0000e+00 0.0000e+00 1.7524e-02 -1.3932e+00 
165.0 2.0523e+00 2.9168e-02 0.0000e+00 0.0000e+00 2.9168e-02 1.7669e+00 0.0000e+00 0.0000e+00 0.0000e+00 0.0000e+00 -1.6240e+00 -3.3590e-02 0.0000e+00 0.0000e+00 3.3590e-02 -1.4071e+00 
166.0 2.0712e+00 2.8048e-02 0.0000e+00 0.0000e+00 2.8048e-02 1.7772e+00 0.0000e+00 0.0000e+00 0.0000e+00 0.0000e+00 -1.6500e+00 -4.9108e-02 0.0000e+00 0.0000e+00 4.9108e-02 -1.4208e+00 
167.0 2.0940e+00 2.5704e-02 0.0000e+00 0.0000e+00 2.5704e-02 1.7890e+00 0.0000e+00 0.0000e+00 0.0000e+00 0.0000e+00 -1.6788e+00 -6.3581e-02 0.0000e+00 0.0000e+00 6.3581e-02 -1.4343e+00 
168.0 2.1214e+00 2.2262e-02 0.0000e+00 0.0000e+00 2.2262e-02 1.8029e+00 0.0000e+00 0.0000e+00 0.0000e+00 0.0000e+00 -1.7107e+00 -7.6474e-02 0.0000e+00 0.0000e+00 7.6474e-02 -1.4476e+00 
169.0 2.1541e+00 1.7893e-02 0.0000e+00 0.0000e+00 1.7893e-02 1.8192e+00 0.0000e+00 0.0000e+00 0.0000e+00 0.0000e+00 -1.7459e+00 -8.7205e-02 0.0000e+00 0.0000e+00 8.7205e-02 -1.4606e+00 
170.0 2.1929e+00 1.2829e-02 0.0000e+00 0.0000e+00 1.2829e-02 1.8383e+00 0.0000e+00 0.0000e+00 0.0000e+00 0.0000e+00 -1.7846e+00 -9.5136e-02 0.0000e+00 0.0000e+00 9.5136e-02 -1.4730e+00 
171.0 2.2385e+00 7.4096e-03 0.0000e+00 0.0000e+00 7.4096e-03 1.8608e+00 0.0000e+00 0.0000e+00 0.0000e+00 0.0000e+00 -1.8270e+00 -9.9498e-02 0.0000e+00 0.0000e+00 9.9498e-02 -1.4849e+00 
172.0 2.2916e+00 2.1064e-03 0.0000e+00 0.0000e+00 2.1064e-03 1.8871e+00 0.0000e+00 0.0000e+00 0.0000e+00 0.0000e+00 -1.8729e+00 -9.9356e-02 0.0000e+00 0.0000e+00 9.9356e-02 -1.4962e+00 
173.0 2.3522e+00 -2.4999e-03 0.0000e+00 0.0000e+00 -2.4999e-03 1.9175e+00 0.0000e+00 0.0000e+00 0.0000e+00 0.0000e+00 -1.9218e+00 -9.3834e-02 0.0000e+00 0.0000e+00 9.3834e-02 -1.5068e+00 
174.0 2.4195e+00 -5.7842e-03 0.0000e+00 0.0000e+00 -5.7842e-03 1.9521e+00 0.0000e+00 0.0000e+00 0.0000e+00 0.0000e+00 -1.9727e+00 -8.2398e-02 0.0000e+00 0.0000e+00 8.2398e-02 -1.5165e+00 
175.0 2.4912e+00 -7.2050e-03 0.0000e+00 0.0000e+00 -7.2050e-03 1.9897e+00 0.0000e+00 0.0000e+00 0.0000e+00 0.0000e+00 -2.0233e+00 -6.5386e-02 0.0000e+00 0.0000e+00 6.5386e-02 -1.5249e+00 
176.0 2.5624e+00 -6.5061e-03 0.0000e+00 0.0000e+00 -6.5061e-03 2.0278e+00 0.0000e+00 0.0000e+00 0.0000e+00 0.0000e+00 -2.0705e+00 -4.4504e-02 0.0000e+00 0.0000e+00 4.4504e-02 -1.5317e+00 
177.0 2.6255e+00 -4.0748e-03 0.0000e+00 0.0000e+00 -4.0748e-03 2.0624e+00 0.0000e+00 0.0000e+00 0.0000e+00 0.0000e+00 -2.1099e+00 -2.3241e-02 0.0000e+00 0.0000e+00 2.3241e-02 -1.5365e+00 
178.0 2.6704e+00 -1.2810e-03 0.0000e+00 0.0000e+00 -1.2810e-03 2.0874e+00 0.0000e+00 0.0000e+00 0.0000e+00 0.0000e+00 -2.1365e+00 -6.7464e-03 0.0000e+00 0.0000e+00 6.7464e-03 -1.5392e+00 
179.0 2.6876e+00 -2.8492e-20 0.0000e+00 0.0000e+00 -2.8492e-20 2.0972e+00 0.0000e+00 0.0000e+00 0.0000e+00 0.0000e+00 -2.1464e+00 -8.0507e-20 0.0000e+00 0.0000e+00 8.0507e-20 -1.5402e+00 
180.0 2.7042e+00 0.0000e+00 0.0000e+00 0.0000e+00 0.0000e+00 2.1063e+00 0.0000e+00 0.0000e+00 0.0000e+00 0.0000e+00 -2.1557e+00 0.0000e+00 0.0000e+00 0.0000e+00 -0.0000e+00 -1.5410e+00 
