1.2781 1.3424 0.0643 0.255931
theta s11 s12 s13 s14 s21 s22 s23 s24 s31 s32 s33 s34 s41 s42 s43 s44
0.0 4.9556e+02 0.0000e+00 0.0000e+00 0.0000e+00 0.0000e+00 4.9530e+02 0.0000e+00 0.0000e+00 0.0000e+00 0.0000e+00 4.9530e+02 0.0000e+00 0.0000e+00 0.0000e+00 -0.0000e+00 4.9504e+02 
1.0 4.4446e+02 -1.5419e-02 0.0000e+00 0.0000e+00 -1.5419e-02 4.4420e+02 0.0000e+00 0.0000e+00 0.0000e+00 0.0000e+00 4.4420e+02 -1.9978e-01 0.0000e+00 0.0000e+00 1.9978e-01 4.4395e+02 
2.0 3.4918e+02 -2.8462e-02 0.0000e+00 0.0000e+00 -2.8462e-02 3.4893e+02 0.0000e+00 0.0000e+00 0.0000e+00 0.0000e+00 3.4892e+02 -6.7871e-01 0.0000e+00 0.0000e+00 6.7871e-01 3.4868e+02 
3.0 2.6505e+02 -1.9478e-02 0.0000e+00 0.0000e+00 -1.9478e-02 2.6480e+02 0.0000e+00 0.0000e+00 0.0000e+00 0.0000e+00 2.6479e+02 -1.1990e+00 0.0000e+00 0.0000e+00 1.1990e+00 2.6456e+02 
4.0 2.0230e+02 -5.0692e-04 0.0000e+00 0.0000e+00 -5.0692e-04 2.0207e+02 0.0000e+00 0.0000e+00 0.0000e+00 0.0000e+00 2.0204e+02 -1.6028e+00 0.0000e+00 0.0000e+00 1.6028e+00 2.0182e+02 
5.0 1.5719e+02 1.7308e-02 0.0000e+00 0.0000e+00 1.7308e-02 1.5696e+02 0.0000e+00 0.0000e+00 0.0000e+00 0.0000e+00 1.5692e+02 -1.8573e+00 0.0000e+00 0.0000e+00 1.8573e+00 1.5672e+02 
6.0 1.2455e+02 2.9065e-02 0.0000e+00 0.0000e+00 2.9065e-02 1.2433e+02 0.0000e+00 0.0000e+00 0.0000e+00 0.0000e+00 1.2428e+02 -1.9850e+00 0.0000e+00 0.0000e+00 1.9850e+00 1.2409e+02 
7.0 1.0054e+02 3.3184e-02 0.0000e+00 0.0000e+00 3.3184e-02 1.0033e+02 0.0000e+00 0.0000e+00 0.0000e+00 0.0000e+00 1.0026e+02 -2.0151e+00 0.0000e+00 0.0000e+00 2.0151e+00 1.0008e+02 
8.0 8.2569e+01 3.0274e-02 0.0000e+00 0.0000e+00 3.0274e-02 8.2361e+01 0.0000e+00 0.0000e+00 0.0000e+00 0.0000e+00 8.2278e+01 -1.9743e+00 0.0000e+00 0.0000e+00 1.9743e+00 8.2117e+01 
9.0 6.8920e+01 2.1989e-02 0.0000e+00 0.0000e+00 2.1989e-02 6.8716e+01 0.0000e+00 0.0000e+00 0.0000e+00 0.0000e+00 6.8620e+01 -1.8856e+00 0.0000e+00 0.0000e+00 1.8856e+00 6.8471e+01 
10.0 5.8409e+01 1.0116e-02 0.0000e+00 0.0000e+00 1.0116e-02 5.8208e+01 0.0000e+00 0.0000e+00 0.0000e+00 0.0000e+00 5.8100e+01 -1.7679e+00 0.0000e+00 0.0000e+00 1.7679e+00 5.7963e+01 
11.0 5.0207e+01 -3.7774e-03 0.0000e+00 0.0000e+00 -3.7774e-03 5.0008e+01 0.0000e+00 0.0000e+00 0.0000e+00 0.0000e+00 4.9891e+01 -1.6359e+00 0.0000e+00 0.0000e+00 1.6359e+00 4.9763e+01 
12.0 4.3717e+01 -1.8512e-02 0.0000e+00 0.0000e+00 -1.8512e-02 4.3520e+01 0.0000e+00 0.0000e+00 0.0000e+00 0.0000e+00 4.3395e+01 -1.5002e+00 0.0000e+00 0.0000e+00 1.5002e+00 4.3276e+01 
13.0 3.8515e+01 -3.3491e-02 0.0000e+00 0.0000e+00 -3.3491e-02 3.8318e+01 0.0000e+00 0.0000e+00 0.0000e+00 0.0000e+00 3.8187e+01 -1.3671e+00 0.0000e+00 0.0000e+00 1.3671e+00 3.8077e+01 
14.0 3.4290e+01 -4.7317e-02 0.0000e+00 0.0000e+00 -4.7317e-02 3.4093e+01 0.0000e+00 0.0000e+00 0.0000e+00 0.0000e+00 3.3957e+01 -1.2430e+00 0.0000e+00 0.0000e+00 1.2430e+00 3.3856e+01 
15.0 3.0816e+01 -6.0225e-02 0.0000e+00 0.0000e+00 -6.0225e-02 3.0619e+01 0.0000e+00 0.0000e+00 0.0000e+00 0.0000e+00 3.0479e+01 -1.1279e+00 0.0000e+00 0.0000e+00 1.1279e+00 3.0385e+01 
16.0 2.7919e+01 -7.1617e-02 0.0000e+00 0.0000e+00 -7.1617e-02 2.7721e+01 0.0000e+00 0.0000e+00 0.0000e+00 0.0000e+00 2.7578e+01 -1.0234e+00 0.0000e+00 0.0000e+00 1.0234e+00 2.7492e+01 
17.0 2.5466e+01 -8.1242e-02 0.0000e+00 0.0000e+00 -8.1242e-02 2.5268e+01 0.0000e+00 0.0000e+00 0.0000e+00 0.0000e+00 2.5123e+01 -9.2945e-01 0.0000e+00 0.0000e+00 9.2945e-01 2.5044e+01 
18.0 2.3361e+01 -8.9073e-02 0.0000e+00 0.0000e+00 -8.9073e-02 2.3162e+01 0.0000e+00 0.0000e+00 0.0000e+00 0.0000e+00 2.3015e+01 -8.4552e-01 0.0000e+00 0.0000e+00 8.4552e-01 2.2943e+01 
19.0 2.1530e+01 -9.5355e-02 0.0000e+00 0.0000e+00 -9.5355e-02 2.1331e+01 0.0000e+00 0.0000e+00 0.0000e+00 0.0000e+00 2.1231e+01 -7.7042e-01 0.0000e+00 0.0000e+00 7.7042e-01 2.1168e+01 
20.0 1.9920e+01 -1.0053e-01 0.0000e+00 0.0000e+00 -1.0053e-01 1.9720e+01 0.0000e+00 0.0000e+00 0.0000e+00 0.0000e+00 1.9661e+01 -7.0301e-01 0.0000e+00 0.0000e+00 7.0301e-01 1.9607e+01 
21.0 1.8491e+01 -1.0514e-01 0.0000e+00 0.0000e+00 -1.0514e-01 1.8290e+01 0.0000e+00 0.0000e+00 0.0000e+00 0.0000e+00 1.8267e+01 -6.4235e-01 0.0000e+00 0.0000e+00 6.4235e-01 1.8221e+01 
22.0 1.7212e+01 -1.0963e-01 0.0000e+00 0.0000e+00 -1.0963e-01 1.7011e+01 0.0000e+00 0.0000e+00 0.0000e+00 0.0000e+00 1.7020e+01 -5.8772e-01 0.0000e+00 0.0000e+00 5.8772e-01 1.6980e+01 
23.0 1.6060e+01 -1.1423e-01 0.0000e+00 0.0000e+00 -1.1423e-01 1.5858e+01 0.0000e+00 0.0000e+00 0.0000e+00 0.0000e+00 1.5895e+01 -5.3846e-01 0.0000e+00 0.0000e+00 5.3846e-01 1.5861e+01 
24.0 1.5015e+01 -1.1897e-01 0.0000e+00 0.0000e+00 -1.1897e-01 1.4812e+01 0.0000e+00 0.0000e+00 0.0000e+00 0.0000e+00 1.4875e+01 -4.9388e-01 0.0000e+00 0.0000e+00 4.9388e-01 1.4846e+01 
25.0 1.4062e+01 -1.2374e-01 0.0000e+00 0.0000e+00 -1.2374e-01 1.3859e+01 0.0000e+00 0.0000e+00 0.0000e+00 0.0000e+00 1.3944e+01 -4.5331e-01 0.0000e+00 0.0000e+00 4.5331e-01 1.3919e+01 
26.0 1.3190e+01 -1.2846e-01 0.0000e+00 0.0000e+00 -1.2846e-01 1.2986e+01 0.0000e+00 0.0000e+00 0.0000e+00 0.0000e+00 1.3091e+01 -4.1611e-01 0.0000e+00 0.0000e+00 4.1611e-01 1.3070e+01 
27.0 1.2388e+01 -1.3314e-01 0.0000e+00 0.0000e+00 -1.3314e-01 1.2183e+01 0.0000e+00 0.0000e+00 0.0000e+00 0.0000e+00 1.2306e+01 -3.8179e-01 0.0000e+00 0.0000e+00 3.8179e-01 1.2290e+01 
28.0 1.1650e+01 -1.3783e-01 0.0000e+00 0.0000e+00 -1.3783e-01 1.1443e+01 0.0000e+00 0.0000e+00 0.0000e+00 0.0000e+00 1.1583e+01 -3.4997e-01 0.0000e+00 0.0000e+00 3.4997e-01 1.1570e+01 
29.0 1.0967e+01 -1.4259e-01 0.0000e+00 0.0000e+00 -1.4259e-01 1.0760e+01 0.0000e+00 0.0000e+00 0.0000e+00 0.0000e+00 1.0915e+01 -3.2033e-01 0.0000e+00 0.0000e+00 3.2033e-01 1.0904e+01 
30.0 1.0336e+01 -1.4746e-01 0.0000e+00 0.0000e+00 -1.4746e-01 1.0128e+01 0.0000e+00 0.0000e+00 0.0000e+00 0.0000e+00 1.0296e+01 -2.9265e-01 0.0000e+00 0.0000e+00 2.9265e-01 1.0288e+01 
31.0 9.7494e+00 -1.5240e-01 0.0000e+00 0.0000e+00 -1.5240e-01 9.5409e+00 0.0000e+00 0.0000e+00 0.0000e+00 0.0000e+00 9.6816e+00 -2.6680e-01 0.0000e+00 0.0000e+00 2.6680e-01 9.6777e+00 
32.0 9.2039e+00 -1.5733e-01 0.0000e+00 0.0000e+00 -1.5733e-01 8.9946e+00 0.0000e+00 0.0000e+00 0.0000e+00 0.0000e+00 9.1104e+00 -2.4266e-01 0.0000e+00 0.0000e+00 2.4266e-01 9.1105e+00 
33.0 8.6950e+00 -1.6216e-01 0.0000e+00 0.0000e+00 -1.6216e-01 8.4850e+00 0.0000e+00 0.0000e+00 0.0000e+00 0.0000e+00 8.5780e+00 -2.2013e-01 0.0000e+00 0.0000e+00 2.2013e-01 8.5821e+00 
34.0 8.2193e+00 -1.6682e-01 0.0000e+00 0.0000e+00 -1.6682e-01 8.0087e+00 0.0000e+00 0.0000e+00 0.0000e+00 0.0000e+00 8.0810e+00 -1.9910e-01 0.0000e+00 0.0000e+00 1.9910e-01 8.0889e+00 
35.0 7.7737e+00 -1.7126e-01 0.0000e+00 0.0000e+00 -1.7126e-01 7.5624e+00 0.0000e+00 0.0000e+00 0.0000e+00 0.0000e+00 7.6161e+00 -1.7939e-01 0.0000e+00 0.0000e+00 1.7939e-01 7.6275e+00 
36.0 7.3558e+00 -1.7550e-01 0.0000e+00 0.0000e+00 -1.7550e-01 7.1440e+00 0.0000e+00 0.0000e+00 0.0000e+00 0.0000e+00 7.1805e+00 -1.6079e-01 0.0000e+00 0.0000e+00 1.6079e-01 7.1954e+00 
37.0 6.9639e+00 -1.7958e-01 0.0000e+00 0.0000e+00 -1.7958e-01 6.7516e+00 0.0000e+00 0.0000e+00 0.0000e+00 0.0000e+00 6.7722e+00 -1.4307e-01 0.0000e+00 0.0000e+00 1.4307e-01 6.7904e+00 
38.0 6.5966e+00 -1.8362e-01 0.0000e+00 0.0000e+00 -1.8362e-01 6.3838e+00 0.0000e+00 0.0000e+00 0.0000e+00 0.0000e+00 6.3893e+00 -1.2604e-01 0.0000e+00 0.0000e+00 1.2604e-01 6.4107e+00 
39.0 6.2525e+00 -1.8772e-01 0.0000e+00 0.0000e+00 -1.8772e-01 6.0392e+00 0.0000e+00 0.0000e+00 0.0000e+00 0.0000e+00 6.0305e+00 -1.0956e-01 0.0000e+00 0.0000e+00 1.0956e-01 6.0549e+00 
40.0 5.9305e+00 -1.9198e-01 0.0000e+00 0.0000e+00 -1.9198e-01 5.7169e+00 0.0000e+00 0.0000e+00 0.0000e+00 0.0000e+00 5.6943e+00 -9.3633e-02 0.0000e+00 0.0000e+00 9.3633e-02 5.7217e+00 
41.0 5.6293e+00 -1.9642e-01 0.0000e+00 0.0000e+00 -1.9642e-01 5.4154e+00 0.0000e+00 0.0000e+00 0.0000e+00 0.0000e+00 5.3795e+00 -7.8295e-02 0.0000e+00 0.0000e+00 7.8295e-02 5.4096e+00 
42.0 5.3475e+00 -2.0101e-01 0.0000e+00 0.0000e+00 -2.0101e-01 5.1334e+00 0.0000e+00 0.0000e+00 0.0000e+00 0.0000e+00 5.0845e+00 -6.3611e-02 0.0000e+00 0.0000e+00 6.3611e-02 5.1173e+00 
43.0 5.0837e+00 -2.0566e-01 0.0000e+00 0.0000e+00 -2.0566e-01 4.8694e+00 0.0000e+00 0.0000e+00 0.0000e+00 0.0000e+00 4.8078e+00 -4.9598e-02 0.0000e+00 0.0000e+00 4.9598e-02 4.8432e+00 
44.0 4.8363e+00 -2.1032e-01 0.0000e+00 0.0000e+00 -2.1032e-01 4.6219e+00 0.0000e+00 0.0000e+00 0.0000e+00 0.0000e+00 4.5482e+00 -3.6232e-02 0.0000e+00 0.0000e+00 3.6232e-02 4.5860e+00 
45.0 4.6042e+00 -2.1494e-01 0.0000e+00 0.0000e+00 -2.1494e-01 4.3896e+00 0.0000e+00 0.0000e+00 0.0000e+00 0.0000e+00 4.3041e+00 -2.3461e-02 0.0000e+00 0.0000e+00 2.3461e-02 4.3444e+00 
46.0 4.3861e+00 -2.1949e-01 0.0000e+00 0.0000e+00 -2.1949e-01 4.1715e+00 0.0000e+00 0.0000e+00 0.0000e+00 0.0000e+00 4.0747e+00 -1.1217e-02 0.0000e+00 0.0000e+00 1.1217e-02 4.1172e+00 
47.0 4.1811e+00 -2.2394e-01 0.0000e+00 0.0000e+00 -2.2394e-01 3.9665e+00 0.0000e+00 0.0000e+00 0.0000e+00 0.0000e+00 3.8587e+00 5.6153e-04 0.0000e+00 0.0000e+00 -5.6153e-04 3.9034e+00 
48.0 3.9883e+00 -2.2831e-01 0.0000e+00 0.0000e+00 -2.2831e-01 3.7737e+00 0.0000e+00 0.0000e+00 0.0000e+00 0.0000e+00 3.6554e+00 1.1924e-02 0.0000e+00 0.0000e+00 -1.1924e-02 3.7023e+00 
49.0 3.8070e+00 -2.3259e-01 0.0000e+00 0.0000e+00 -2.3259e-01 3.5925e+00 0.0000e+00 0.0000e+00 0.0000e+00 0.0000e+00 3.4640e+00 2.2899e-02 0.0000e+00 0.0000e+00 -2.2899e-02 3.5129e+00 
50.0 3.6365e+00 -2.3678e-01 0.0000e+00 0.0000e+00 -2.3678e-01 3.4219e+00 0.0000e+00 0.0000e+00 0.0000e+00 0.0000e+00 3.2836e+00 3.3507e-02 0.0000e+00 0.0000e+00 -3.3507e-02 3.3345e+00 
51.0 3.4760e+00 -2.4087e-01 0.0000e+00 0.0000e+00 -2.4087e-01 3.2615e+00 0.0000e+00 0.0000e+00 0.0000e+00 0.0000e+00 3.1137e+00 4.3775e-02 0.0000e+00 0.0000e+00 -4.3775e-02 3.1664e+00 
52.0 3.3250e+00 -2.4485e-01 0.0000e+00 0.0000e+00 -2.4485e-01 3.1106e+00 0.0000e+00 0.0000e+00 0.0000e+00 0.0000e+00 2.9534e+00 5.3746e-02 0.0000e+00 0.0000e+00 -5.3746e-02 3.0080e+00 
53.0 3.1829e+00 -2.4873e-01 0.0000e+00 0.0000e+00 -2.4873e-01 2.9686e+00 0.0000e+00 0.0000e+00 0.0000e+00 0.0000e+00 2.8023e+00 6.3463e-02 0.0000e+00 0.0000e+00 -6.3463e-02 2.8587e+00 
54.0 3.0493e+00 -2.5253e-01 0.0000e+00 0.0000e+00 -2.5253e-01 2.8350e+00 0.0000e+00 0.0000e+00 0.0000e+00 0.0000e+00 2.6597e+00 7.2946e-02 0.0000e+00 0.0000e+00 -7.2946e-02 2.7180e+00 
55.0 2.9236e+00 -2.5625e-01 0.0000e+00 0.0000e+00 -2.5625e-01 2.7093e+00 0.0000e+00 0.0000e+00 0.0000e+00 0.0000e+00 2.5252e+00 8.2197e-02 0.0000e+00 0.0000e+00 -8.2197e-02 2.5853e+00 
56.0 2.8054e+00 -2.5988e-01 0.0000e+00 0.0000e+00 -2.5988e-01 2.5911e+00 0.0000e+00 0.0000e+00 0.0000e+00 0.0000e+00 2.3983e+00 9.1212e-02 0.0000e+00 0.0000e+00 -9.1212e-02 2.4601e+00 
57.0 2.6941e+00 -2.6341e-01 0.0000e+00 0.0000e+00 -2.6341e-01 2.4799e+00 0.0000e+00 0.0000e+00 0.0000e+00 0.0000e+00 2.2785e+00 9.9988e-02 0.0000e+00 0.0000e+00 -9.9988e-02 2.3420e+00 
58.0 2.5895e+00 -2.6684e-01 0.0000e+00 0.0000e+00 -2.6684e-01 2.3753e+00 0.0000e+00 0.0000e+00 0.0000e+00 0.0000e+00 2.1653e+00 1.0853e-01 0.0000e+00 0.0000e+00 -1.0853e-01 2.2305e+00 
59.0 2.4910e+00 -2.7016e-01 0.0000e+00 0.0000e+00 -2.7016e-01 2.2768e+00 0.0000e+00 0.0000e+00 0.0000e+00 0.0000e+00 2.0583e+00 1.1684e-01 0.0000e+00 0.0000e+00 -1.1684e-01 2.1252e+00 
60.0 2.3982e+00 -2.7337e-01 0.0000e+00 0.0000e+00 -2.7337e-01 2.1840e+00 0.0000e+00 0.0000e+00 0.0000e+00 0.0000e+00 1.9571e+00 1.2492e-01 0.0000e+00 0.0000e+00 -1.2492e-01 2.0257e+00 
61.0 2.3108e+00 -2.7648e-01 0.0000e+00 0.0000e+00 -2.7648e-01 2.0966e+00 0.0000e+00 0.0000e+00 0.0000e+00 0.0000e+00 1.8614e+00 1.3278e-01 0.0000e+00 0.0000e+00 -1.3278e-01 1.9316e+00 
62.0 2.2286e+00 -2.7948e-01 0.0000e+00 0.0000e+00 -2.7948e-01 2.0143e+00 0.0000e+00 0.0000e+00 0.0000e+00 0.0000e+00 1.7707e+00 1.4041e-01 0.0000e+00 0.0000e+00 -1.4041e-01 1.8427e+00 
63.0 2.1510e+00 -2.8238e-01 0.0000e+00 0.0000e+00 -2.8238e-01 1.9367e+00 0.0000e+00 0.0000e+00 0.0000e+00 0.0000e+00 1.6849e+00 1.4778e-01 0.0000e+00 0.0000e+00 -1.4778e-01 1.7586e+00 
64.0 2.0779e+00 -2.8519e-01 0.0000e+00 0.0000e+00 -2.8519e-01 1.8635e+00 0.0000e+00 0.0000e+00 0.0000e+00 0.0000e+00 1.6036e+00 1.5490e-01 0.0000e+00 0.0000e+00 -1.5490e-01 1.6789e+00 
65.0 2.0090e+00 -2.8788e-01 0.0000e+00 0.0000e+00 -2.8788e-01 1.7944e+00 0.0000e+00 0.0000e+00 0.0000e+00 0.0000e+00 1.5265e+00 1.6173e-01 0.0000e+00 0.0000e+00 -1.6173e-01 1.6036e+00 
66.0 1.9439e+00 -2.9047e-01 0.0000e+00 0.0000e+00 -2.9047e-01 1.7292e+00 0.0000e+00 0.0000e+00 0.0000e+00 0.0000e+00 1.4533e+00 1.6825e-01 0.0000e+00 0.0000e+00 -1.6825e-01 1.5322e+00 
67.0 1.8825e+00 -2.9295e-01 0.0000e+00 0.0000e+00 -2.9295e-01 1.6676e+00 0.0000e+00 0.0000e+00 0.0000e+00 0.0000e+00 1.3839e+00 1.7446e-01 0.0000e+00 0.0000e+00 -1.7446e-01 1.4644e+00 
68.0 1.8244e+00 -2.9529e-01 0.0000e+00 0.0000e+00 -2.9529e-01 1.6093e+00 0.0000e+00 0.0000e+00 0.0000e+00 0.0000e+00 1.3178e+00 1.8033e-01 0.0000e+00 0.0000e+00 -1.8033e-01 1.4002e+00 
69.0 1.7694e+00 -2.9749e-01 0.0000e+00 0.0000e+00 -2.9749e-01 1.5541e+00 0.0000e+00 0.0000e+00 0.0000e+00 0.0000e+00 1.2550e+00 1.8586e-01 0.0000e+00 0.0000e+00 -1.8586e-01 1.3391e+00 
70.0 1.7173e+00 -2.9954e-01 0.0000e+00 0.0000e+00 -2.9954e-01 1.5018e+00 0.0000e+00 0.0000e+00 0.0000e+00 0.0000e+00 1.1951e+00 1.9105e-01 0.0000e+00 0.0000e+00 -1.9105e-01 1.2810e+00 
71.0 1.6679e+00 -3.0144e-01 0.0000e+00 0.0000e+00 -3.0144e-01 1.4522e+00 0.0000e+00 0.0000e+00 0.0000e+00 0.0000e+00 1.1380e+00 1.9587e-01 0.0000e+00 0.0000e+00 -1.9587e-01 1.2257e+00 
72.0 1.6210e+00 -3.0316e-01 0.0000e+00 0.0000e+00 -3.0316e-01 1.4051e+00 0.0000e+00 0.0000e+00 0.0000e+00 0.0000e+00 1.0836e+00 2.0034e-01 0.0000e+00 0.0000e+00 -2.0034e-01 1.1731e+00 
73.0 1.5765e+00 -3.0471e-01 0.0000e+00 0.0000e+00 -3.0471e-01 1.3604e+00 0.0000e+00 0.0000e+00 0.0000e+00 0.0000e+00 1.0316e+00 2.0444e-01 0.0000e+00 0.0000e+00 -2.0444e-01 1.1229e+00 
74.0 1.5342e+00 -3.0607e-01 0.0000e+00 0.0000e+00 -3.0607e-01 1.3179e+00 0.0000e+00 0.0000e+00 0.0000e+00 0.0000e+00 9.8192e-01 2.0816e-01 0.0000e+00 0.0000e+00 -2.0816e-01 1.0750e+00 
75.0 1.4939e+00 -3.0724e-01 0.0000e+00 0.0000e+00 -3.0724e-01 1.2774e+00 0.0000e+00 0.0000e+00 0.0000e+00 0.0000e+00 9.3438e-01 2.1152e-01 0.0000e+00 0.0000e+00 -2.1152e-01 1.0293e+00 
76.0 1.4555e+00 -3.0821e-01 0.0000e+00 0.0000e+00 -3.0821e-01 1.2389e+00 0.0000e+00 0.0000e+00 0.0000e+00 0.0000e+00 8.8886e-01 2.1451e-01 0.0000e+00 0.0000e+00 -2.1451e-01 9.8554e-01 
77.0 1.4190e+00 -3.0896e-01 0.0000e+00 0.0000e+00 -3.0896e-01 1.2022e+00 0.0000e+00 0.0000e+00 0.0000e+00 0.0000e+00 8.4522e-01 2.1716e-01 0.0000e+00 0.0000e+00 -2.1716e-01 9.4367e-01 
78.0 1.3841e+00 -3.0950e-01 0.0000e+00 0.0000e+00 -3.0950e-01 1.1672e+00 0.0000e+00 0.0000e+00 0.0000e+00 0.0000e+00 8.0335e-01 2.1948e-01 0.0000e+00 0.0000e+00 -2.1948e-01 9.0355e-01 
79.0 1.3508e+00 -3.0982e-01 0.0000e+00 0.0000e+00 -3.0982e-01 1.1338e+00 0.0000e+00 0.0000e+00 0.0000e+00 0.0000e+00 7.6316e-01 2.2151e-01 0.0000e+00 0.0000e+00 -2.2151e-01 8.6508e-01 
80.0 1.3190e+00 -3.0994e-01 0.0000e+00 0.0000e+00 -3.0994e-01 1.1020e+00 0.0000e+00 0.0000e+00 0.0000e+00 0.0000e+00 7.2455e-01 2.2325e-01 0.0000e+00 0.0000e+00 -2.2325e-01 8.2817e-01 
81.0 1.2887e+00 -3.0984e-01 0.0000e+00 0.0000e+00 -3.0984e-01 1.0716e+00 0.0000e+00 0.0000e+00 0.0000e+00 0.0000e+00 6.8743e-01 2.2473e-01 0.0000e+00 0.0000e+00 -2.2473e-01 7.9274e-01 
82.0 1.2597e+00 -3.0955e-01 0.0000e+00 0.0000e+00 -3.0955e-01 1.0426e+00 0.0000e+00 0.0000e+00 0.0000e+00 0.0000e+00 6.5173e-01 2.2596e-01 0.0000e+00 0.0000e+00 -2.2596e-01 7.5871e-01 
83.0 1.2321e+00 -3.0907e-01 0.0000e+00 0.0000e+00 -3.0907e-01 1.0150e+00 0.0000e+00 0.0000e+00 0.0000e+00 0.0000e+00 6.1737e-01 2.2696e-01 0.0000e+00 0.0000e+00 -2.2696e-01 7.2599e-01 
84.0 1.2056e+00 -3.0840e-01 0.0000e+00 0.0000e+00 -3.0840e-01 9.8853e-01 0.0000e+00 0.0000e+00 0.0000e+00 0.0000e+00 5.8428e-01 2.2772e-01 0.0000e+00 0.0000e+00 -2.2772e-01 6.9453e-01 
85.0 1.1804e+00 -3.0754e-01 0.0000e+00 0.0000e+00 -3.0754e-01 9.6327e-01 0.0000e+00 0.0000e+00 0.0000e+00 0.0000e+00 5.5239e-01 2.2826e-01 0.0000e+00 0.0000e+00 -2.2826e-01 6.6424e-01 
86.0 1.1562e+00 -3.0650e-01 0.0000e+00 0.0000e+00 -3.0650e-01 9.3913e-01 0.0000e+00 0.0000e+00 0.0000e+00 0.0000e+00 5.2163e-01 2.2859e-01 0.0000e+00 0.0000e+00 -2.2859e-01 6.3508e-01 
87.0 1.1331e+00 -3.0528e-01 0.0000e+00 0.0000e+00 -3.0528e-01 9.1603e-01 0.0000e+00 0.0000e+00 0.0000e+00 0.0000e+00 4.9195e-01 2.2870e-01 0.0000e+00 0.0000e+00 -2.2870e-01 6.0697e-01 
88.0 1.1109e+00 -3.0389e-01 0.0000e+00 0.0000e+00 -3.0389e-01 8.9393e-01 0.0000e+00 0.0000e+00 0.0000e+00 0.0000e+00 4.6328e-01 2.2862e-01 0.0000e+00 0.0000e+00 -2.2862e-01 5.7986e-01 
89.0 1.0897e+00 -3.0232e-01 0.0000e+00 0.0000e+00 -3.0232e-01 8.7276e-01 0.0000e+00 0.0000e+00 0.0000e+00 0.0000e+00 4.3557e-01 2.2834e-01 0.0000e+00 0.0000e+00 -2.2834e-01 5.5369e-01 
90.0 1.0694e+00 -3.0057e-01 0.0000e+00 0.0000e+00 -3.0057e-01 8.5249e-01 0.0000e+00 0.0000e+00 0.0000e+00 0.0000e+00 4.0877e-01 2.2788e-01 0.0000e+00 0.0000e+00 -2.2788e-01 5.2842e-01 
91.0 1.0500e+00 -2.9866e-01 0.0000e+00 0.0000e+00 -2.9866e-01 8.3307e-01 0.0000e+00 0.0000e+00 0.0000e+00 0.0000e+00 3.8284e-01 2.2725e-01 0.0000e+00 0.0000e+00 -2.2725e-01 5.0400e-01 
92.0 1.0314e+00 -2.9658e-01 0.0000e+00 0.0000e+00 -2.9658e-01 8.1445e-01 0.0000e+00 0.0000e+00 0.0000e+00 0.0000e+00 3.5772e-01 2.2645e-01 0.0000e+00 0.0000e+00 -2.2645e-01 4.8039e-01 
93.0 1.0135e+00 -2.9434e-01 0.0000e+00 0.0000e+00 -2.9434e-01 7.9661e-01 0.0000e+00 0.0000e+00 0.0000e+00 0.0000e+00 3.3339e-01 2.2549e-01 0.0000e+00 0.0000e+00 -2.2549e-01 4.5753e-01 
94.0 9.9644e-01 -2.9194e-01 0.0000e+00 0.0000e+00 -2.9194e-01 7.7951e-01 0.0000e+00 0.0000e+00 0.0000e+00 0.0000e+00 3.0980e-01 2.2439e-01 0.0000e+00 0.0000e+00 -2.2439e-01 4.3540e-01 
95.0 9.8005e-01 -2.8939e-01 0.0000e+00 0.0000e+00 -2.8939e-01 7.6312e-01 0.0000e+00 0.0000e+00 0.0000e+00 0.0000e+00 2.8691e-01 2.2314e-01 0.0000e+00 0.0000e+00 -2.2314e-01 4.1394e-01 
96.0 9.6433e-01 -2.8668e-01 0.0000e+00 0.0000e+00 -2.8668e-01 7.4742e-01 0.0000e+00 0.0000e+00 0.0000e+00 0.0000e+00 2.6470e-01 2.2175e-01 0.0000e+00 0.0000e+00 -2.2175e-01 3.9314e-01 
97.0 9.4926e-01 -2.8383e-01 0.0000e+00 0.0000e+00 -2.8383e-01 7.3237e-01 0.0000e+00 0.0000e+00 0.0000e+00 0.0000e+00 2.4314e-01 2.2023e-01 0.0000e+00 0.0000e+00 -2.2023e-01 3.7294e-01 
98.0 9.3481e-01 -2.8083e-01 0.0000e+00 0.0000e+00 -2.8083e-01 7.1796e-01 0.0000e+00 0.0000e+00 0.0000e+00 0.0000e+00 2.2220e-01 2.1859e-01 0.0000e+00 0.0000e+00 -2.1859e-01 3.5332e-01 
99.0 9.2096e-01 -2.7769e-01 0.0000e+00 0.0000e+00 -2.7769e-01 7.0417e-01 0.0000e+00 0.0000e+00 0.0000e+00 0.0000e+00 2.0186e-01 2.1683e-01 0.0000e+00 0.0000e+00 -2.1683e-01 3.3425e-01 
100.0 9.0769e-01 -2.7440e-01 0.0000e+00 0.0000e+00 -2.7440e-01 6.9099e-01 0.0000e+00 0.0000e+00 0.0000e+00 0.0000e+00 1.8209e-01 2.1498e-01 0.0000e+00 0.0000e+00 -2.1498e-01 3.1570e-01 
101.0 8.9498e-01 -2.7097e-01 0.0000e+00 0.0000e+00 -2.7097e-01 6.7840e-01 0.0000e+00 0.0000e+00 0.0000e+00 0.0000e+00 1.6288e-01 2.1304e-01 0.0000e+00 0.0000e+00 -2.1304e-01 2.9765e-01 
102.0 8.8281e-01 -2.6740e-01 0.0000e+00 0.0000e+00 -2.6740e-01 6.6639e-01 0.0000e+00 0.0000e+00 0.0000e+00 0.0000e+00 1.4421e-01 2.1102e-01 0.0000e+00 0.0000e+00 -2.1102e-01 2.8009e-01 
103.0 8.7117e-01 -2.6370e-01 0.0000e+00 0.0000e+00 -2.6370e-01 6.5494e-01 0.0000e+00 0.0000e+00 0.0000e+00 0.0000e+00 1.2606e-01 2.0893e-01 0.0000e+00 0.0000e+00 -2.0893e-01 2.6298e-01 
104.0 8.6003e-01 -2.5987e-01 0.0000e+00 0.0000e+00 -2.5987e-01 6.4402e-01 0.0000e+00 0.0000e+00 0.0000e+00 0.0000e+00 1.0841e-01 2.0678e-01 0.0000e+00 0.0000e+00 -2.0678e-01 2.4631e-01 
105.0 8.4938e-01 -2.5591e-01 0.0000e+00 0.0000e+00 -2.5591e-01 6.3362e-01 0.0000e+00 0.0000e+00 0.0000e+00 0.0000e+00 9.1241e-02 2.0457e-01 0.0000e+00 0.0000e+00 -2.0457e-01 2.3006e-01 
106.0 8.3921e-01 -2.5181e-01 0.0000e+00 0.0000e+00 -2.5181e-01 6.2372e-01 0.0000e+00 0.0000e+00 0.0000e+00 0.0000e+00 7.4547e-02 2.0231e-01 0.0000e+00 0.0000e+00 -2.0231e-01 2.1423e-01 
107.0 8.2951e-01 -2.4758e-01 0.0000e+00 0.0000e+00 -2.4758e-01 6.1432e-01 0.0000e+00 0.0000e+00 0.0000e+00 0.0000e+00 5.8307e-02 2.0001e-01 0.0000e+00 0.0000e+00 -2.0001e-01 1.9879e-01 
108.0 8.2027e-01 -2.4321e-01 0.0000e+00 0.0000e+00 -2.4321e-01 6.0539e-01 0.0000e+00 0.0000e+00 0.0000e+00 0.0000e+00 4.2506e-02 1.9768e-01 0.0000e+00 0.0000e+00 -1.9768e-01 1.8374e-01 
109.0 8.1148e-01 -2.3871e-01 0.0000e+00 0.0000e+00 -2.3871e-01 5.9692e-01 0.0000e+00 0.0000e+00 0.0000e+00 0.0000e+00 2.7127e-02 1.9533e-01 0.0000e+00 0.0000e+00 -1.9533e-01 1.6906e-01 
110.0 8.0311e-01 -2.3409e-01 0.0000e+00 0.0000e+00 -2.3409e-01 5.8890e-01 0.0000e+00 0.0000e+00 0.0000e+00 0.0000e+00 1.2152e-02 1.9296e-01 0.0000e+00 0.0000e+00 -1.9296e-01 1.5474e-01 
111.0 7.9516e-01 -2.2934e-01 0.0000e+00 0.0000e+00 -2.2934e-01 5.8130e-01 0.0000e+00 0.0000e+00 0.0000e+00 0.0000e+00 -2.4378e-03 1.9058e-01 0.0000e+00 0.0000e+00 -1.9058e-01 1.4076e-01 
112.0 7.8760e-01 -2.2449e-01 0.0000e+00 0.0000e+00 -2.2449e-01 5.7410e-01 0.0000e+00 0.0000e+00 0.0000e+00 0.0000e+00 -1.6658e-02 1.8820e-01 0.0000e+00 0.0000e+00 -1.8820e-01 1.2711e-01 
113.0 7.8043e-01 -2.1953e-01 0.0000e+00 0.0000e+00 -2.1953e-01 5.6728e-01 0.0000e+00 0.0000e+00 0.0000e+00 0.0000e+00 -3.0520e-02 1.8581e-01 0.0000e+00 0.0000e+00 -1.8581e-01 1.1378e-01 
114.0 7.7362e-01 -2.1447e-01 0.0000e+00 0.0000e+00 -2.1447e-01 5.6084e-01 0.0000e+00 0.0000e+00 0.0000e+00 0.0000e+00 -4.4036e-02 1.8342e-01 0.0000e+00 0.0000e+00 -1.8342e-01 1.0076e-01 
115.0 7.6716e-01 -2.0932e-01 0.0000e+00 0.0000e+00 -2.0932e-01 5.5476e-01 0.0000e+00 0.0000e+00 0.0000e+00 0.0000e+00 -5.7218e-02 1.8103e-01 0.0000e+00 0.0000e+00 -1.8103e-01 8.8037e-02 
116.0 7.6105e-01 -2.0410e-01 0.0000e+00 0.0000e+00 -2.0410e-01 5.4902e-01 0.0000e+00 0.0000e+00 0.0000e+00 0.0000e+00 -7.0075e-02 1.7864e-01 0.0000e+00 0.0000e+00 -1.7864e-01 7.5602e-02 
117.0 7.5526e-01 -1.9880e-01 0.0000e+00 0.0000e+00 -1.9880e-01 5.4362e-01 0.0000e+00 0.0000e+00 0.0000e+00 0.0000e+00 -8.2614e-02 1.7627e-01 0.0000e+00 0.0000e+00 -1.7627e-01 6.3449e-02 
118.0 7.4980e-01 -1.9343e-01 0.0000e+00 0.0000e+00 -1.9343e-01 5.3854e-01 0.0000e+00 0.0000e+00 0.0000e+00 0.0000e+00 -9.4838e-02 1.7391e-01 0.0000e+00 0.0000e+00 -1.7391e-01 5.1574e-02 
119.0 7.4465e-01 -1.8801e-01 0.0000e+00 0.0000e+00 -1.8801e-01 5.3379e-01 0.0000e+00 0.0000e+00 0.0000e+00 0.0000e+00 -1.0676e-01 1.7156e-01 0.0000e+00 0.0000e+00 -1.7156e-01 3.9973e-02 
120.0 7.3981e-01 -1.8254e-01 0.0000e+00 0.0000e+00 -1.8254e-01 5.2934e-01 0.0000e+00 0.0000e+00 0.0000e+00 0.0000e+00 -1.1838e-01 1.6922e-01 0.0000e+00 0.0000e+00 -1.6922e-01 2.8641e-02 
121.0 7.3525e-01 -1.7703e-01 0.0000e+00 0.0000e+00 -1.7703e-01 5.2518e-01 0.0000e+00 0.0000e+00 0.0000e+00 0.0000e+00 -1.2971e-01 1.6689e-01 0.0000e+00 0.0000e+00 -1.6689e-01 1.7570e-02 
122.0 7.3097e-01 -1.7149e-01 0.0000e+00 0.0000e+00 -1.7149e-01 5.2129e-01 0.0000e+00 0.0000e+00 0.0000e+00 0.0000e+00 -1.4077e-01 1.6455e-01 0.0000e+00 0.0000e+00 -1.6455e-01 6.7520e-03 
123.0 7.2693e-01 -1.6593e-01 0.0000e+00 0.0000e+00 -1.6593e-01 5.1764e-01 0.0000e+00 0.0000e+00 0.0000e+00 0.0000e+00 -1.5158e-01 1.6219e-01 0.0000e+00 0.0000e+00 -1.6219e-01 -3.8221e-03 
124.0 7.2313e-01 -1.6034e-01 0.0000e+00 0.0000e+00 -1.6034e-01 5.1422e-01 0.0000e+00 0.0000e+00 0.0000e+00 0.0000e+00 -1.6213e-01 1.5979e-01 0.0000e+00 0.0000e+00 -1.5979e-01 -1.4159e-02 
125.0 7.1955e-01 -1.5474e-01 0.0000e+00 0.0000e+00 -1.5474e-01 5.1101e-01 0.0000e+00 0.0000e+00 0.0000e+00 0.0000e+00 -1.7244e-01 1.5735e-01 0.0000e+00 0.0000e+00 -1.5735e-01 -2.4269e-02 
126.0 7.1621e-01 -1.4912e-01 0.0000e+00 0.0000e+00 -1.4912e-01 5.0802e-01 0.0000e+00 0.0000e+00 0.0000e+00 0.0000e+00 -1.8252e-01 1.5488e-01 0.0000e+00 0.0000e+00 -1.5488e-01 -3.4157e-02 
127.0 7.1309e-01 -1.4350e-01 0.0000e+00 0.0000e+00 -1.4350e-01 5.0524e-01 0.0000e+00 0.0000e+00 0.0000e+00 0.0000e+00 -1.9238e-01 1.5236e-01 0.0000e+00 0.0000e+00 -1.5236e-01 -4.3833e-02 
128.0 7.1019e-01 -1.3786e-01 0.0000e+00 0.0000e+00 -1.3786e-01 5.0266e-01 0.0000e+00 0.0000e+00 0.0000e+00 0.0000e+00 -2.0202e-01 1.4979e-01 0.0000e+00 0.0000e+00 -1.4979e-01 -5.3309e-02 
129.0 7.0749e-01 -1.3222e-01 0.0000e+00 0.0000e+00 -1.3222e-01 5.0028e-01 0.0000e+00 0.0000e+00 0.0000e+00 0.0000e+00 -2.1147e-01 1.4715e-01 0.0000e+00 0.0000e+00 -1.4715e-01 -6.2598e-02 
130.0 7.0500e-01 -1.2658e-01 0.0000e+00 0.0000e+00 -1.2658e-01 4.9808e-01 0.0000e+00 0.0000e+00 0.0000e+00 0.0000e+00 -2.2073e-01 1.4446e-01 0.0000e+00 0.0000e+00 -1.4446e-01 -7.1713e-02 
131.0 7.0271e-01 -1.2093e-01 0.0000e+00 0.0000e+00 -1.2093e-01 4.9607e-01 0.0000e+00 0.0000e+00 0.0000e+00 0.0000e+00 -2.2982e-01 1.4169e-01 0.0000e+00 0.0000e+00 -1.4169e-01 -8.0665e-02 
132.0 7.0063e-01 -1.1527e-01 0.0000e+00 0.0000e+00 -1.1527e-01 4.9426e-01 0.0000e+00 0.0000e+00 0.0000e+00 0.0000e+00 -2.3874e-01 1.3887e-01 0.0000e+00 0.0000e+00 -1.3887e-01 -8.9462e-02 
133.0 6.9877e-01 -1.0958e-01 0.0000e+00 0.0000e+00 -1.0958e-01 4.9267e-01 0.0000e+00 0.0000e+00 0.0000e+00 0.0000e+00 -2.4750e-01 1.3603e-01 0.0000e+00 0.0000e+00 -1.3603e-01 -9.8113e-02 
134.0 6.9715e-01 -1.0388e-01 0.0000e+00 0.0000e+00 -1.0388e-01 4.9129e-01 0.0000e+00 0.0000e+00 0.0000e+00 0.0000e+00 -2.5611e-01 1.3316e-01 0.0000e+00 0.0000e+00 -1.3316e-01 -1.0663e-01 
135.0 6.9577e-01 -9.8180e-02 0.0000e+00 0.0000e+00 -9.8180e-02 4.9015e-01 0.0000e+00 0.0000e+00 0.0000e+00 0.0000e+00 -2.6456e-01 1.3027e-01 0.0000e+00 0.0000e+00 -1.3027e-01 -1.1500e-01 
136.0 6.9463e-01 -9.2479e-02 0.0000e+00 0.0000e+00 -9.2479e-02 4.8924e-01 0.0000e+00 0.0000e+00 0.0000e+00 0.0000e+00 -2.7285e-01 1.2738e-01 0.0000e+00 0.0000e+00 -1.2738e-01 -1.2326e-01 
137.0 6.9373e-01 -8.6783e-02 0.0000e+00 0.0000e+00 -8.6783e-02 4.8858e-01 0.0000e+00 0.0000e+00 0.0000e+00 0.0000e+00 -2.8100e-01 1.2446e-01 0.0000e+00 0.0000e+00 -1.2446e-01 -1.3139e-01 
138.0 6.9309e-01 -8.1092e-02 0.0000e+00 0.0000e+00 -8.1092e-02 4.8817e-01 0.0000e+00 0.0000e+00 0.0000e+00 0.0000e+00 -2.8901e-01 1.2154e-01 0.0000e+00 0.0000e+00 -1.2154e-01 -1.3941e-01 
139.0 6.9270e-01 -7.5406e-02 0.0000e+00 0.0000e+00 -7.5406e-02 4.8803e-01 0.0000e+00 0.0000e+00 0.0000e+00 0.0000e+00 -2.9686e-01 1.1861e-01 0.0000e+00 0.0000e+00 -1.1861e-01 -1.4732e-01 
140.0 6.9258e-01 -6.9729e-02 0.0000e+00 0.0000e+00 -6.9729e-02 4.8819e-01 0.0000e+00 0.0000e+00 0.0000e+00 0.0000e+00 -3.0459e-01 1.1570e-01 0.0000e+00 0.0000e+00 -1.1570e-01 -1.5514e-01 
141.0 6.9274e-01 -6.4066e-02 0.0000e+00 0.0000e+00 -6.4066e-02 4.8865e-01 0.0000e+00 0.0000e+00 0.0000e+00 0.0000e+00 -3.1217e-01 1.1282e-01 0.0000e+00 0.0000e+00 -1.1282e-01 -1.6286e-01 
142.0 6.9319e-01 -5.8421e-02 0.0000e+00 0.0000e+00 -5.8421e-02 4.8942e-01 0.0000e+00 0.0000e+00 0.0000e+00 0.0000e+00 -3.1964e-01 1.0998e-01 0.0000e+00 0.0000e+00 -1.0998e-01 -1.7050e-01 
143.0 6.9392e-01 -5.2794e-02 0.0000e+00 0.0000e+00 -5.2794e-02 4.9050e-01 0.0000e+00 0.0000e+00 0.0000e+00 0.0000e+00 -3.2698e-01 1.0719e-01 0.0000e+00 0.0000e+00 -1.0719e-01 -1.7804e-01 
144.0 6.9494e-01 -4.7188e-02 0.0000e+00 0.0000e+00 -4.7188e-02 4.9187e-01 0.0000e+00 0.0000e+00 0.0000e+00 0.0000e+00 -3.3420e-01 1.0445e-01 0.0000e+00 0.0000e+00 -1.0445e-01 -1.8550e-01 
145.0 6.9625e-01 -4.1609e-02 0.0000e+00 0.0000e+00 -4.1609e-02 4.9352e-01 0.0000e+00 0.0000e+00 0.0000e+00 0.0000e+00 -3.4133e-01 1.0174e-01 0.0000e+00 0.0000e+00 -1.0174e-01 -1.9287e-01 
146.0 6.9782e-01 -3.6072e-02 0.0000e+00 0.0000e+00 -3.6072e-02 4.9542e-01 0.0000e+00 0.0000e+00 0.0000e+00 0.0000e+00 -3.4838e-01 9.9046e-02 0.0000e+00 0.0000e+00 -9.9046e-02 -2.0016e-01 
147.0 6.9964e-01 -3.0583e-02 0.0000e+00 0.0000e+00 -3.0583e-02 4.9753e-01 0.0000e+00 0.0000e+00 0.0000e+00 0.0000e+00 -3.5535e-01 9.6329e-02 0.0000e+00 0.0000e+00 -9.6329e-02 -2.0737e-01 
148.0 7.0174e-01 -2.5138e-02 0.0000e+00 0.0000e+00 -2.5138e-02 4.9988e-01 0.0000e+00 0.0000e+00 0.0000e+00 0.0000e+00 -3.6225e-01 9.3592e-02 0.0000e+00 0.0000e+00 -9.3592e-02 -2.1449e-01 
149.0 7.0416e-01 -1.9732e-02 0.0000e+00 0.0000e+00 -1.9732e-02 5.0252e-01 0.0000e+00 0.0000e+00 0.0000e+00 0.0000e+00 -3.6910e-01 9.0860e-02 0.0000e+00 0.0000e+00 -9.0860e-02 -2.2151e-01 
150.0 7.0696e-01 -1.4360e-02 0.0000e+00 0.0000e+00 -1.4360e-02 5.0551e-01 0.0000e+00 0.0000e+00 0.0000e+00 0.0000e+00 -3.7588e-01 8.8171e-02 0.0000e+00 0.0000e+00 -8.8171e-02 -2.2844e-01 
151.0 7.1019e-01 -9.0270e-03 0.0000e+00 0.0000e+00 -9.0270e-03 5.0890e-01 0.0000e+00 0.0000e+00 0.0000e+00 0.0000e+00 -3.8258e-01 8.5553e-02 0.0000e+00 0.0000e+00 -8.5553e-02 -2.3526e-01 
152.0 7.1384e-01 -3.7500e-03 0.0000e+00 0.0000e+00 -3.7500e-03 5.1268e-01 0.0000e+00 0.0000e+00 0.0000e+00 0.0000e+00 -3.8919e-01 8.2988e-02 0.0000e+00 0.0000e+00 -8.2988e-02 -2.4197e-01 
153.0 7.1787e-01 1.4484e-03 0.0000e+00 0.0000e+00 1.4484e-03 5.1680e-01 0.0000e+00 0.0000e+00 0.0000e+00 0.0000e+00 -3.9572e-01 8.0417e-02 0.0000e+00 0.0000e+00 -8.0417e-02 -2.4856e-01 
154.0 7.2222e-01 6.5548e-03 0.0000e+00 0.0000e+00 6.5548e-03 5.2121e-01 0.0000e+00 0.0000e+00 0.0000e+00 0.0000e+00 -4.0216e-01 7.7774e-02 0.0000e+00 0.0000e+00 -7.7774e-02 -2.5505e-01 
155.0 7.2689e-01 1.1563e-02 0.0000e+00 0.0000e+00 1.1563e-02 5.2594e-01 0.0000e+00 0.0000e+00 0.0000e+00 0.0000e+00 -4.0853e-01 7.5009e-02 0.0000e+00 0.0000e+00 -7.5009e-02 -2.6147e-01 
156.0 7.3188e-01 1.6463e-02 0.0000e+00 0.0000e+00 1.6463e-02 5.3100e-01 0.0000e+00 0.0000e+00 0.0000e+00 0.0000e+00 -4.1483e-01 7.2078e-02 0.0000e+00 0.0000e+00 -7.2078e-02 -2.6784e-01 
157.0 7.3717e-01 2.1224e-02 0.0000e+00 0.0000e+00 2.1224e-02 5.3644e-01 0.0000e+00 0.0000e+00 0.0000e+00 0.0000e+00 -4.2108e-01 6.8927e-02 0.0000e+00 0.0000e+00 -6.8927e-02 -2.7418e-01 
158.0 7.4268e-01 2.5770e-02 0.0000e+00 0.0000e+00 2.5770e-02 5.4218e-01 0.0000e+00 0.0000e+00 0.0000e+00 0.0000e+00 -4.2725e-01 6.5451e-02 0.0000e+00 0.0000e+00 -6.5451e-02 -2.8052e-01 
159.0 7.4819e-01 2.9987e-02 0.0000e+00 0.0000e+00 2.9987e-02 5.4800e-01 0.0000e+00 0.0000e+00 0.0000e+00 0.0000e+00 -4.3336e-01 6.1467e-02 0.0000e+00 0.0000e+00 -6.1467e-02 -2.8686e-01 
160.0 7.5352e-01 3.3759e-02 0.0000e+00 0.0000e+00 3.3759e-02 5.5364e-01 0.0000e+00 0.0000e+00 0.0000e+00 0.0000e+00 -4.3944e-01 5.6747e-02 0.0000e+00 0.0000e+00 -5.6747e-02 -2.9321e-01 
161.0 7.5856e-01 3.7013e-02 0.0000e+00 0.0000e+00 3.7013e-02 5.5891e-01 0.0000e+00 0.0000e+00 0.0000e+00 0.0000e+00 -4.4556e-01 5.1102e-02 0.0000e+00 0.0000e+00 -5.1102e-02 -2.9956e-01 
162.0 7.6334e-01 3.9718e-02 0.0000e+00 0.0000e+00 3.9718e-02 5.6378e-01 0.0000e+00 0.0000e+00 0.0000e+00 0.0000e+00 -4.5180e-01 4.4433e-02 0.0000e+00 0.0000e+00 -4.4433e-02 -3.0587e-01 
163.0 7.6797e-01 4.1830e-02 0.0000e+00 0.0000e+00 4.1830e-02 5.6828e-01 0.0000e+00 0.0000e+00 0.0000e+00 0.0000e+00 -4.5827e-01 3.6714e-02 0.0000e+00 0.0000e+00 -3.6714e-02 -3.1210e-01 
164.0 7.7258e-01 4.3285e-02 0.0000e+00 0.0000e+00 4.3285e-02 5.7241e-01 0.0000e+00 0.0000e+00 0.0000e+00 0.0000e+00 -4.6508e-01 2.7961e-02 0.0000e+00 0.0000e+00 -2.7961e-02 -3.1817e-01 
165.0 7.7745e-01 4.4020e-02 0.0000e+00 0.0000e+00 4.4020e-02 5.7619e-01 0.0000e+00 0.0000e+00 0.0000e+00 0.0000e+00 -4.7237e-01 1.8244e-02 0.0000e+00 0.0000e+00 -1.8244e-02 -3.2398e-01 
166.0 7.8294e-01 4.3966e-02 0.0000e+00 0.0000e+00 4.3966e-02 5.7982e-01 0.0000e+00 0.0000e+00 0.0000e+00 0.0000e+00 -4.8032e-01 7.6786e-03 0.0000e+00 0.0000e+00 -7.6786e-03 -3.2946e-01 
167.0 7.8941e-01 4.3043e-02 0.0000e+00 0.0000e+00 4.3043e-02 5.8351e-01 0.0000e+00 0.0000e+00 0.0000e+00 0.0000e+00 -4.8919e-01 -3.6013e-03 0.0000e+00 0.0000e+00 3.6013e-03 -3.3459e-01 
168.0 7.9729e-01 4.1154e-02 0.0000e+00 0.0000e+00 4.1154e-02 5.8742e-01 0.0000e+00 0.0000e+00 0.0000e+00 0.0000e+00 -4.9938e-01 -1.5410e-02 0.0000e+00 0.0000e+00 1.5410e-02 -3.3937e-01 
169.0 8.0714e-01 3.8184e-02 0.0000e+00 0.0000e+00 3.8184e-02 5.9165e-01 0.0000e+00 0.0000e+00 0.0000e+00 0.0000e+00 -5.1138e-01 -2.7474e-02 0.0000e+00 0.0000e+00 2.7474e-02 -3.4377e-01 
170.0 8.1980e-01 3.4029e-02 0.0000e+00 0.0000e+00 3.4029e-02 5.9644e-01 0.0000e+00 0.0000e+00 0.0000e+00 0.0000e+00 -5.2586e-01 -3.9349e-02 0.0000e+00 0.0000e+00 3.9349e-02 -3.4770e-01 
171.0 8.3653e-01 2.8694e-02 0.0000e+00 0.0000e+00 2.8694e-02 6.0225e-01 0.0000e+00 0.0000e+00 0.0000e+00 0.0000e+00 -5.4358e-01 -5.0199e-02 0.0000e+00 0.0000e+00 5.0199e-02 -3.5093e-01 
172.0 8.5913e-01 2.2387e-02 0.0000e+00 0.0000e+00 2.2387e-02 6.0996e-01 0.0000e+00 0.0000e+00 0.0000e+00 0.0000e+00 -5.6527e-01 -5.8626e-02 0.0000e+00 0.0000e+00 5.8626e-02 -3.5314e-01 
173.0 8.8972e-01 1.5584e-02 0.0000e+00 0.0000e+00 1.5584e-02 6.2088e-01 0.0000e+00 0.0000e+00 0.0000e+00 0.0000e+00 -5.9143e-01 -6.2790e-02 0.0000e+00 0.0000e+00 6.2790e-02 -3.5400e-01 
174.0 9.2994e-01 9.0462e-03 0.0000e+00 0.0000e+00 9.0462e-03 6.3638e-01 0.0000e+00 0.0000e+00 0.0000e+00 0.0000e+00 -6.2188e-01 -6.0899e-02 0.0000e+00 0.0000e+00 6.0899e-02 -3.5329e-01 
175.0 9.7950e-01 3.6843e-03 0.0000e+00 0.0000e+00 3.6843e-03 6.5703e-01 0.0000e+00 0.0000e+00 0.0000e+00 0.0000e+00 -6.5539e-01 -5.2105e-02 0.0000e+00 0.0000e+00 5.2105e-02 -3.5102e-01 
176.0 1.0348e+00 3.0611e-04 0.0000e+00 0.0000e+00 3.0611e-04 6.8168e-01 0.0000e+00 0.0000e+00 0.0000e+00 0.0000e+00 -6.8927e-01 -3.7395e-02 0.0000e+00 0.0000e+00 3.7395e-02 -3.4749e-01 
177.0 1.0882e+00 -8.0204e-04 0.0000e+00 0.0000e+00 -8.0204e-04 7.0674e-01 0.0000e+00 0.0000e+00 0.0000e+00 0.0000e+00 -7.1929e-01 -2.0104e-02 0.0000e+00 0.0000e+00 2.0104e-02 -3.4336e-01 
178.0 1.1282e+00 -3.9004e-04 0.0000e+00 0.0000e+00 -3.9004e-04 7.2629e-01 0.0000e+00 0.0000e+00 0.0000e+00 0.0000e+00 -7.4033e-01 -5.7239e-03 0.0000e+00 0.0000e+00 5.7239e-03 -3.3983e-01 
179.0 1.1435e+00 -7.8166e-21 0.0000e+00 0.0000e+00 -7.8166e-21 7.3388e-01 0.0000e+00 0.0000e+00 0.0000e+00 0.0000e+00 -7.4802e-01 -8.3461e-20 0.0000e+00 0.0000e+00 8.3461e-20 -3.3838e-01 
180.0 1.1592e+00 0.0000e+00 0.0000e+00 0.0000e+00 0.0000e+00 7.4136e-01 0.0000e+00 0.0000e+00 0.0000e+00 0.0000e+00 -7.5560e-01 0.0000e+00 0.0000e+00 0.0000e+00 -0.0000e+00 -3.3700e-01 
