1.6170 2.0065 0.3895 0.056229
theta s11 s12 s13 s14 s21 s22 s23 s24 s31 s32 s33 s34 s41 s42 s43 s44
0.0 1.0466e+03 0.0000e+00 0.0000e+00 0.0000e+00 0.0000e+00 1.0455e+03 0.0000e+00 0.0000e+00 0.0000e+00 0.0000e+00 1.0455e+03 0.0000e+00 0.0000e+00 0.0000e+00 -0.0000e+00 1.0444e+03 
1.0 9.8235e+02 -1.5522e-02 0.0000e+00 0.0000e+00 -1.5522e-02 9.8127e+02 0.0000e+00 0.0000e+00 0.0000e+00 0.0000e+00 9.8127e+02 -3.9443e-01 0.0000e+00 0.0000e+00 3.9443e-01 9.8020e+02 
2.0 8.7022e+02 -2.8357e-02 0.0000e+00 0.0000e+00 -2.8357e-02 8.6916e+02 0.0000e+00 0.0000e+00 0.0000e+00 0.0000e+00 8.6916e+02 -1.4244e+00 0.0000e+00 0.0000e+00 1.4244e+00 8.6810e+02 
3.0 7.5676e+02 -1.7597e-02 0.0000e+00 0.0000e+00 -1.7597e-02 7.5572e+02 0.0000e+00 0.0000e+00 0.0000e+00 0.0000e+00 7.5570e+02 -2.7541e+00 0.0000e+00 0.0000e+00 2.7541e+00 7.5467e+02 
4.0 6.5102e+02 1.0476e-02 0.0000e+00 0.0000e+00 1.0476e-02 6.5000e+02 0.0000e+00 0.0000e+00 0.0000e+00 0.0000e+00 6.4997e+02 -4.0773e+00 0.0000e+00 0.0000e+00 4.0773e+00 6.4897e+02 
5.0 5.5700e+02 4.0048e-02 0.0000e+00 0.0000e+00 4.0048e-02 5.5601e+02 0.0000e+00 0.0000e+00 0.0000e+00 0.0000e+00 5.5594e+02 -5.2056e+00 0.0000e+00 0.0000e+00 5.2056e+00 5.5499e+02 
6.0 4.7591e+02 5.4510e-02 0.0000e+00 0.0000e+00 5.4510e-02 4.7495e+02 0.0000e+00 0.0000e+00 0.0000e+00 0.0000e+00 4.7484e+02 -6.0483e+00 0.0000e+00 0.0000e+00 6.0483e+00 4.7393e+02 
7.0 4.0743e+02 4.1816e-02 0.0000e+00 0.0000e+00 4.1816e-02 4.0650e+02 0.0000e+00 0.0000e+00 0.0000e+00 0.0000e+00 4.0635e+02 -6.5828e+00 0.0000e+00 0.0000e+00 6.5828e+00 4.0548e+02 
8.0 3.5043e+02 -2.8499e-03 0.0000e+00 0.0000e+00 -2.8499e-03 3.4952e+02 0.0000e+00 0.0000e+00 0.0000e+00 0.0000e+00 3.4932e+02 -6.8349e+00 0.0000e+00 0.0000e+00 6.8349e+00 3.4849e+02 
9.0 3.0338e+02 -7.7731e-02 0.0000e+00 0.0000e+00 -7.7731e-02 3.0249e+02 0.0000e+00 0.0000e+00 0.0000e+00 0.0000e+00 3.0225e+02 -6.8568e+00 0.0000e+00 0.0000e+00 6.8568e+00 3.0145e+02 
10.0 2.6469e+02 -1.7665e-01 0.0000e+00 0.0000e+00 -1.7665e-01 2.6383e+02 0.0000e+00 0.0000e+00 0.0000e+00 0.0000e+00 2.6354e+02 -6.7095e+00 0.0000e+00 0.0000e+00 6.7095e+00 2.6278e+02 
11.0 2.3288e+02 -2.9163e-01 0.0000e+00 0.0000e+00 -2.9163e-01 2.3204e+02 0.0000e+00 0.0000e+00 0.0000e+00 0.0000e+00 2.3170e+02 -6.4507e+00 0.0000e+00 0.0000e+00 6.4507e+00 2.3098e+02 
12.0 2.0661e+02 -4.1512e-01 0.0000e+00 0.0000e+00 -4.1512e-01 2.0579e+02 0.0000e+00 0.0000e+00 0.0000e+00 0.0000e+00 2.0542e+02 -6.1287e+00 0.0000e+00 0.0000e+00 6.1287e+00 2.0473e+02 
13.0 1.8479e+02 -5.4209e-01 0.0000e+00 0.0000e+00 -5.4209e-01 1.8399e+02 0.0000e+00 0.0000e+00 0.0000e+00 0.0000e+00 1.8358e+02 -5.7773e+00 0.0000e+00 0.0000e+00 5.7773e+00 1.8293e+02 
14.0 1.6653e+02 -6.6583e-01 0.0000e+00 0.0000e+00 -6.6583e-01 1.6576e+02 0.0000e+00 0.0000e+00 0.0000e+00 0.0000e+00 1.6532e+02 -5.4280e+00 0.0000e+00 0.0000e+00 5.4280e+00 1.6469e+02 
15.0 1.5111e+02 -7.8698e-01 0.0000e+00 0.0000e+00 -7.8698e-01 1.5035e+02 0.0000e+00 0.0000e+00 0.0000e+00 0.0000e+00 1.4989e+02 -5.0890e+00 0.0000e+00 0.0000e+00 5.0890e+00 1.4929e+02 
16.0 1.3795e+02 -9.0391e-01 0.0000e+00 0.0000e+00 -9.0391e-01 1.3720e+02 0.0000e+00 0.0000e+00 0.0000e+00 0.0000e+00 1.3672e+02 -4.7700e+00 0.0000e+00 0.0000e+00 4.7700e+00 1.3615e+02 
17.0 1.2659e+02 -1.0167e+00 0.0000e+00 0.0000e+00 -1.0167e+00 1.2586e+02 0.0000e+00 0.0000e+00 0.0000e+00 0.0000e+00 1.2535e+02 -4.4739e+00 0.0000e+00 0.0000e+00 4.4739e+00 1.2481e+02 
18.0 1.1667e+02 -1.1261e+00 0.0000e+00 0.0000e+00 -1.1261e+00 1.1595e+02 0.0000e+00 0.0000e+00 0.0000e+00 0.0000e+00 1.1543e+02 -4.2005e+00 0.0000e+00 0.0000e+00 4.2005e+00 1.1492e+02 
19.0 1.0794e+02 -1.2329e+00 0.0000e+00 0.0000e+00 -1.2329e+00 1.0724e+02 0.0000e+00 0.0000e+00 0.0000e+00 0.0000e+00 1.0704e+02 -3.9479e+00 0.0000e+00 0.0000e+00 3.9479e+00 1.0655e+02 
20.0 1.0020e+02 -1.3381e+00 0.0000e+00 0.0000e+00 -1.3381e+00 9.9505e+01 0.0000e+00 0.0000e+00 0.0000e+00 0.0000e+00 9.9585e+01 -3.7143e+00 0.0000e+00 0.0000e+00 3.7143e+00 9.9121e+01 
21.0 9.3286e+01 -1.4423e+00 0.0000e+00 0.0000e+00 -1.4423e+00 9.2604e+01 0.0000e+00 0.0000e+00 0.0000e+00 0.0000e+00 9.2925e+01 -3.4978e+00 0.0000e+00 0.0000e+00 3.4978e+00 9.2484e+01 
22.0 8.7077e+01 -1.5460e+00 0.0000e+00 0.0000e+00 -1.5460e+00 8.6406e+01 0.0000e+00 0.0000e+00 0.0000e+00 0.0000e+00 8.6936e+01 -3.2970e+00 0.0000e+00 0.0000e+00 3.2970e+00 8.6515e+01 
23.0 8.1461e+01 -1.6490e+00 0.0000e+00 0.0000e+00 -1.6490e+00 8.0800e+01 0.0000e+00 0.0000e+00 0.0000e+00 0.0000e+00 8.1514e+01 -3.1109e+00 0.0000e+00 0.0000e+00 3.1109e+00 8.1111e+01 
24.0 7.6350e+01 -1.7508e+00 0.0000e+00 0.0000e+00 -1.7508e+00 7.5699e+01 0.0000e+00 0.0000e+00 0.0000e+00 0.0000e+00 7.6572e+01 -2.9385e+00 0.0000e+00 0.0000e+00 2.9385e+00 7.6187e+01 
25.0 7.1672e+01 -1.8509e+00 0.0000e+00 0.0000e+00 -1.8509e+00 7.1030e+01 0.0000e+00 0.0000e+00 0.0000e+00 0.0000e+00 7.2044e+01 -2.7787e+00 0.0000e+00 0.0000e+00 2.7787e+00 7.1675e+01 
26.0 6.7372e+01 -1.9485e+00 0.0000e+00 0.0000e+00 -1.9485e+00 6.6739e+01 0.0000e+00 0.0000e+00 0.0000e+00 0.0000e+00 6.7876e+01 -2.6303e+00 0.0000e+00 0.0000e+00 2.6303e+00 6.7521e+01 
27.0 6.3408e+01 -2.0432e+00 0.0000e+00 0.0000e+00 -2.0432e+00 6.2784e+01 0.0000e+00 0.0000e+00 0.0000e+00 0.0000e+00 6.4026e+01 -2.4922e+00 0.0000e+00 0.0000e+00 2.4922e+00 6.3686e+01 
28.0 5.9745e+01 -2.1347e+00 0.0000e+00 0.0000e+00 -2.1347e+00 5.9128e+01 0.0000e+00 0.0000e+00 0.0000e+00 0.0000e+00 6.0464e+01 -2.3630e+00 0.0000e+00 0.0000e+00 2.3630e+00 6.0137e+01 
29.0 5.6355e+01 -2.2233e+00 0.0000e+00 0.0000e+00 -2.2233e+00 5.5746e+01 0.0000e+00 0.0000e+00 0.0000e+00 0.0000e+00 5.7163e+01 -2.2415e+00 0.0000e+00 0.0000e+00 2.2415e+00 5.6848e+01 
30.0 5.3212e+01 -2.3090e+00 0.0000e+00 0.0000e+00 -2.3090e+00 5.2610e+01 0.0000e+00 0.0000e+00 0.0000e+00 0.0000e+00 5.4097e+01 -2.1270e+00 0.0000e+00 0.0000e+00 2.1270e+00 5.3795e+01 
31.0 5.0294e+01 -2.3917e+00 0.0000e+00 0.0000e+00 -2.3917e+00 4.9699e+01 0.0000e+00 0.0000e+00 0.0000e+00 0.0000e+00 5.1023e+01 -2.0189e+00 0.0000e+00 0.0000e+00 2.0189e+00 5.0735e+01 
32.0 4.7578e+01 -2.4715e+00 0.0000e+00 0.0000e+00 -2.4715e+00 4.6990e+01 0.0000e+00 0.0000e+00 0.0000e+00 0.0000e+00 4.8159e+01 -1.9168e+00 0.0000e+00 0.0000e+00 1.9168e+00 4.7885e+01 
33.0 4.5045e+01 -2.5479e+00 0.0000e+00 0.0000e+00 -2.5479e+00 4.4463e+01 0.0000e+00 0.0000e+00 0.0000e+00 0.0000e+00 4.5487e+01 -1.8207e+00 0.0000e+00 0.0000e+00 1.8207e+00 4.5227e+01 
34.0 4.2676e+01 -2.6208e+00 0.0000e+00 0.0000e+00 -2.6208e+00 4.2101e+01 0.0000e+00 0.0000e+00 0.0000e+00 0.0000e+00 4.2988e+01 -1.7300e+00 0.0000e+00 0.0000e+00 1.7300e+00 4.2742e+01 
35.0 4.0456e+01 -2.6898e+00 0.0000e+00 0.0000e+00 -2.6898e+00 3.9886e+01 0.0000e+00 0.0000e+00 0.0000e+00 0.0000e+00 4.0649e+01 -1.6443e+00 0.0000e+00 0.0000e+00 1.6443e+00 4.0415e+01 
36.0 3.8372e+01 -2.7549e+00 0.0000e+00 0.0000e+00 -2.7549e+00 3.7808e+01 0.0000e+00 0.0000e+00 0.0000e+00 0.0000e+00 3.8454e+01 -1.5629e+00 0.0000e+00 0.0000e+00 1.5629e+00 3.8233e+01 
37.0 3.6413e+01 -2.8161e+00 0.0000e+00 0.0000e+00 -2.8161e+00 3.5855e+01 0.0000e+00 0.0000e+00 0.0000e+00 0.0000e+00 3.6393e+01 -1.4851e+00 0.0000e+00 0.0000e+00 1.4851e+00 3.6184e+01 
38.0 3.4572e+01 -2.8737e+00 0.0000e+00 0.0000e+00 -2.8737e+00 3.4019e+01 0.0000e+00 0.0000e+00 0.0000e+00 0.0000e+00 3.4455e+01 -1.4103e+00 0.0000e+00 0.0000e+00 1.4103e+00 3.4258e+01 
39.0 3.2841e+01 -2.9279e+00 0.0000e+00 0.0000e+00 -2.9279e+00 3.2292e+01 0.0000e+00 0.0000e+00 0.0000e+00 0.0000e+00 3.2633e+01 -1.3381e+00 0.0000e+00 0.0000e+00 1.3381e+00 3.2448e+01 
40.0 3.1214e+01 -2.9789e+00 0.0000e+00 0.0000e+00 -2.9789e+00 3.0670e+01 0.0000e+00 0.0000e+00 0.0000e+00 0.0000e+00 3.0918e+01 -1.2685e+00 0.0000e+00 0.0000e+00 1.2685e+00 3.0744e+01 
41.0 2.9684e+01 -3.0268e+00 0.0000e+00 0.0000e+00 -3.0268e+00 2.9144e+01 0.0000e+00 0.0000e+00 0.0000e+00 0.0000e+00 2.9304e+01 -1.2013e+00 0.0000e+00 0.0000e+00 1.2013e+00 2.9141e+01 
42.0 2.8245e+01 -3.0717e+00 0.0000e+00 0.0000e+00 -3.0717e+00 2.7709e+01 0.0000e+00 0.0000e+00 0.0000e+00 0.0000e+00 2.7784e+01 -1.1365e+00 0.0000e+00 0.0000e+00 1.1365e+00 2.7631e+01 
43.0 2.6890e+01 -3.1135e+00 0.0000e+00 0.0000e+00 -3.1135e+00 2.6359e+01 0.0000e+00 0.0000e+00 0.0000e+00 0.0000e+00 2.6350e+01 -1.0742e+00 0.0000e+00 0.0000e+00 1.0742e+00 2.6208e+01 
44.0 2.5615e+01 -3.1522e+00 0.0000e+00 0.0000e+00 -3.1522e+00 2.5088e+01 0.0000e+00 0.0000e+00 0.0000e+00 0.0000e+00 2.4997e+01 -1.0142e+00 0.0000e+00 0.0000e+00 1.0142e+00 2.4866e+01 
45.0 2.4412e+01 -3.1877e+00 0.0000e+00 0.0000e+00 -3.1877e+00 2.3889e+01 0.0000e+00 0.0000e+00 0.0000e+00 0.0000e+00 2.3720e+01 -9.5631e-01 0.0000e+00 0.0000e+00 9.5631e-01 2.3598e+01 
46.0 2.3277e+01 -3.2202e+00 0.0000e+00 0.0000e+00 -3.2202e+00 2.2757e+01 0.0000e+00 0.0000e+00 0.0000e+00 0.0000e+00 2.2512e+01 -9.0040e-01 0.0000e+00 0.0000e+00 9.0040e-01 2.2400e+01 
47.0 2.2205e+01 -3.2496e+00 0.0000e+00 0.0000e+00 -3.2496e+00 2.1689e+01 0.0000e+00 0.0000e+00 0.0000e+00 0.0000e+00 2.1370e+01 -8.4627e-01 0.0000e+00 0.0000e+00 8.4627e-01 2.1267e+01 
48.0 2.1193e+01 -3.2760e+00 0.0000e+00 0.0000e+00 -3.2760e+00 2.0680e+01 0.0000e+00 0.0000e+00 0.0000e+00 0.0000e+00 2.0288e+01 -7.9377e-01 0.0000e+00 0.0000e+00 7.9377e-01 2.0195e+01 
49.0 2.0236e+01 -3.2997e+00 0.0000e+00 0.0000e+00 -3.2997e+00 1.9726e+01 0.0000e+00 0.0000e+00 0.0000e+00 0.0000e+00 1.9265e+01 -7.4282e-01 0.0000e+00 0.0000e+00 7.4282e-01 1.9180e+01 
50.0 1.9331e+01 -3.3206e+00 0.0000e+00 0.0000e+00 -3.3206e+00 1.8823e+01 0.0000e+00 0.0000e+00 0.0000e+00 0.0000e+00 1.8295e+01 -6.9337e-01 0.0000e+00 0.0000e+00 6.9337e-01 1.8220e+01 
51.0 1.8474e+01 -3.3388e+00 0.0000e+00 0.0000e+00 -3.3388e+00 1.7970e+01 0.0000e+00 0.0000e+00 0.0000e+00 0.0000e+00 1.7376e+01 -6.4536e-01 0.0000e+00 0.0000e+00 6.4536e-01 1.7309e+01 
52.0 1.7664e+01 -3.3544e+00 0.0000e+00 0.0000e+00 -3.3544e+00 1.7163e+01 0.0000e+00 0.0000e+00 0.0000e+00 0.0000e+00 1.6504e+01 -5.9876e-01 0.0000e+00 0.0000e+00 5.9876e-01 1.6447e+01 
53.0 1.6898e+01 -3.3675e+00 0.0000e+00 0.0000e+00 -3.3675e+00 1.6398e+01 0.0000e+00 0.0000e+00 0.0000e+00 0.0000e+00 1.5678e+01 -5.5350e-01 0.0000e+00 0.0000e+00 5.5350e-01 1.5628e+01 
54.0 1.6172e+01 -3.3781e+00 0.0000e+00 0.0000e+00 -3.3781e+00 1.5675e+01 0.0000e+00 0.0000e+00 0.0000e+00 0.0000e+00 1.4893e+01 -5.0953e-01 0.0000e+00 0.0000e+00 5.0953e-01 1.4852e+01 
55.0 1.5484e+01 -3.3863e+00 0.0000e+00 0.0000e+00 -3.3863e+00 1.4989e+01 0.0000e+00 0.0000e+00 0.0000e+00 0.0000e+00 1.4147e+01 -4.6680e-01 0.0000e+00 0.0000e+00 4.6680e-01 1.4115e+01 
56.0 1.4833e+01 -3.3922e+00 0.0000e+00 0.0000e+00 -3.3922e+00 1.4340e+01 0.0000e+00 0.0000e+00 0.0000e+00 0.0000e+00 1.3439e+01 -4.2527e-01 0.0000e+00 0.0000e+00 4.2527e-01 1.3414e+01 
57.0 1.4216e+01 -3.3958e+00 0.0000e+00 0.0000e+00 -3.3958e+00 1.3725e+01 0.0000e+00 0.0000e+00 0.0000e+00 0.0000e+00 1.2766e+01 -3.8491e-01 0.0000e+00 0.0000e+00 3.8491e-01 1.2749e+01 
58.0 1.3632e+01 -3.3973e+00 0.0000e+00 0.0000e+00 -3.3973e+00 1.3142e+01 0.0000e+00 0.0000e+00 0.0000e+00 0.0000e+00 1.2126e+01 -3.4567e-01 0.0000e+00 0.0000e+00 3.4567e-01 1.2117e+01 
59.0 1.3078e+01 -3.3967e+00 0.0000e+00 0.0000e+00 -3.3967e+00 1.2590e+01 0.0000e+00 0.0000e+00 0.0000e+00 0.0000e+00 1.1516e+01 -3.0755e-01 0.0000e+00 0.0000e+00 3.0755e-01 1.1516e+01 
60.0 1.2553e+01 -3.3940e+00 0.0000e+00 0.0000e+00 -3.3940e+00 1.2066e+01 0.0000e+00 0.0000e+00 0.0000e+00 0.0000e+00 1.0937e+01 -2.7050e-01 0.0000e+00 0.0000e+00 2.7050e-01 1.0944e+01 
61.0 1.2055e+01 -3.3895e+00 0.0000e+00 0.0000e+00 -3.3895e+00 1.1570e+01 0.0000e+00 0.0000e+00 0.0000e+00 0.0000e+00 1.0385e+01 -2.3454e-01 0.0000e+00 0.0000e+00 2.3454e-01 1.0400e+01 
62.0 1.1584e+01 -3.3831e+00 0.0000e+00 0.0000e+00 -3.3831e+00 1.1099e+01 0.0000e+00 0.0000e+00 0.0000e+00 0.0000e+00 9.8589e+00 -1.9966e-01 0.0000e+00 0.0000e+00 1.9966e-01 9.8815e+00 
63.0 1.1136e+01 -3.3749e+00 0.0000e+00 0.0000e+00 -3.3749e+00 1.0652e+01 0.0000e+00 0.0000e+00 0.0000e+00 0.0000e+00 9.3579e+00 -1.6587e-01 0.0000e+00 0.0000e+00 1.6587e-01 9.3881e+00 
64.0 1.0711e+01 -3.3650e+00 0.0000e+00 0.0000e+00 -3.3650e+00 1.0229e+01 0.0000e+00 0.0000e+00 0.0000e+00 0.0000e+00 8.8804e+00 -1.3320e-01 0.0000e+00 0.0000e+00 1.3320e-01 8.9181e+00 
65.0 1.0308e+01 -3.3534e+00 0.0000e+00 0.0000e+00 -3.3534e+00 9.8265e+00 0.0000e+00 0.0000e+00 0.0000e+00 0.0000e+00 8.4249e+00 -1.0165e-01 0.0000e+00 0.0000e+00 1.0165e-01 8.4702e+00 
66.0 9.9256e+00 -3.3402e+00 0.0000e+00 0.0000e+00 -3.3402e+00 9.4446e+00 0.0000e+00 0.0000e+00 0.0000e+00 0.0000e+00 7.9904e+00 -7.1228e-02 0.0000e+00 0.0000e+00 7.1228e-02 8.0431e+00 
67.0 9.5623e+00 -3.3255e+00 0.0000e+00 0.0000e+00 -3.3255e+00 9.0819e+00 0.0000e+00 0.0000e+00 0.0000e+00 0.0000e+00 7.5756e+00 -4.1933e-02 0.0000e+00 0.0000e+00 4.1933e-02 7.6357e+00 
68.0 9.2172e+00 -3.3092e+00 0.0000e+00 0.0000e+00 -3.3092e+00 8.7373e+00 0.0000e+00 0.0000e+00 0.0000e+00 0.0000e+00 7.1794e+00 -1.3760e-02 0.0000e+00 0.0000e+00 1.3760e-02 7.2469e+00 
69.0 8.8893e+00 -3.2915e+00 0.0000e+00 0.0000e+00 -3.2915e+00 8.4099e+00 0.0000e+00 0.0000e+00 0.0000e+00 0.0000e+00 6.8010e+00 1.3296e-02 0.0000e+00 0.0000e+00 -1.3296e-02 6.8757e+00 
70.0 8.5777e+00 -3.2724e+00 0.0000e+00 0.0000e+00 -3.2724e+00 8.0986e+00 0.0000e+00 0.0000e+00 0.0000e+00 0.0000e+00 6.4392e+00 3.9234e-02 0.0000e+00 0.0000e+00 -3.9234e-02 6.5212e+00 
71.0 8.2815e+00 -3.2519e+00 0.0000e+00 0.0000e+00 -3.2519e+00 7.8027e+00 0.0000e+00 0.0000e+00 0.0000e+00 0.0000e+00 6.0933e+00 6.4053e-02 0.0000e+00 0.0000e+00 -6.4053e-02 6.1825e+00 
72.0 7.9999e+00 -3.2302e+00 0.0000e+00 0.0000e+00 -3.2302e+00 7.5213e+00 0.0000e+00 0.0000e+00 0.0000e+00 0.0000e+00 5.7624e+00 8.7745e-02 0.0000e+00 0.0000e+00 -8.7745e-02 5.8588e+00 
73.0 7.7321e+00 -3.2072e+00 0.0000e+00 0.0000e+00 -3.2072e+00 7.2536e+00 0.0000e+00 0.0000e+00 0.0000e+00 0.0000e+00 5.4457e+00 1.1030e-01 0.0000e+00 0.0000e+00 -1.1030e-01 5.5492e+00 
74.0 7.4774e+00 -3.1830e+00 0.0000e+00 0.0000e+00 -3.1830e+00 6.9990e+00 0.0000e+00 0.0000e+00 0.0000e+00 0.0000e+00 5.1425e+00 1.3173e-01 0.0000e+00 0.0000e+00 -1.3173e-01 5.2530e+00 
75.0 7.2350e+00 -3.1576e+00 0.0000e+00 0.0000e+00 -3.1576e+00 6.7567e+00 0.0000e+00 0.0000e+00 0.0000e+00 0.0000e+00 4.8520e+00 1.5202e-01 0.0000e+00 0.0000e+00 -1.5202e-01 4.9695e+00 
76.0 7.0043e+00 -3.1311e+00 0.0000e+00 0.0000e+00 -3.1311e+00 6.5261e+00 0.0000e+00 0.0000e+00 0.0000e+00 0.0000e+00 4.5737e+00 1.7118e-01 0.0000e+00 0.0000e+00 -1.7118e-01 4.6980e+00 
77.0 6.7848e+00 -3.1035e+00 0.0000e+00 0.0000e+00 -3.1035e+00 6.3066e+00 0.0000e+00 0.0000e+00 0.0000e+00 0.0000e+00 4.3068e+00 1.8925e-01 0.0000e+00 0.0000e+00 -1.8925e-01 4.4379e+00 
78.0 6.5758e+00 -3.0748e+00 0.0000e+00 0.0000e+00 -3.0748e+00 6.0976e+00 0.0000e+00 0.0000e+00 0.0000e+00 0.0000e+00 4.0508e+00 2.0624e-01 0.0000e+00 0.0000e+00 -2.0624e-01 4.1886e+00 
79.0 6.3767e+00 -3.0451e+00 0.0000e+00 0.0000e+00 -3.0451e+00 5.8986e+00 0.0000e+00 0.0000e+00 0.0000e+00 0.0000e+00 3.8052e+00 2.2219e-01 0.0000e+00 0.0000e+00 -2.2219e-01 3.9495e+00 
80.0 6.1871e+00 -3.0143e+00 0.0000e+00 0.0000e+00 -3.0143e+00 5.7091e+00 0.0000e+00 0.0000e+00 0.0000e+00 0.0000e+00 3.5694e+00 2.3713e-01 0.0000e+00 0.0000e+00 -2.3713e-01 3.7201e+00 
81.0 6.0065e+00 -2.9827e+00 0.0000e+00 0.0000e+00 -2.9827e+00 5.5285e+00 0.0000e+00 0.0000e+00 0.0000e+00 0.0000e+00 3.3429e+00 2.5111e-01 0.0000e+00 0.0000e+00 -2.5111e-01 3.5000e+00 
82.0 5.8345e+00 -2.9501e+00 0.0000e+00 0.0000e+00 -2.9501e+00 5.3566e+00 0.0000e+00 0.0000e+00 0.0000e+00 0.0000e+00 3.1253e+00 2.6414e-01 0.0000e+00 0.0000e+00 -2.6414e-01 3.2886e+00 
83.0 5.6706e+00 -2.9166e+00 0.0000e+00 0.0000e+00 -2.9166e+00 5.1929e+00 0.0000e+00 0.0000e+00 0.0000e+00 0.0000e+00 2.9162e+00 2.7628e-01 0.0000e+00 0.0000e+00 -2.7628e-01 3.0856e+00 
84.0 5.5144e+00 -2.8824e+00 0.0000e+00 0.0000e+00 -2.8824e+00 5.0369e+00 0.0000e+00 0.0000e+00 0.0000e+00 0.0000e+00 2.7151e+00 2.8754e-01 0.0000e+00 0.0000e+00 -2.8754e-01 2.8905e+00 
85.0 5.3656e+00 -2.8473e+00 0.0000e+00 0.0000e+00 -2.8473e+00 4.8884e+00 0.0000e+00 0.0000e+00 0.0000e+00 0.0000e+00 2.5217e+00 2.9798e-01 0.0000e+00 0.0000e+00 -2.9798e-01 2.7029e+00 
86.0 5.2238e+00 -2.8115e+00 0.0000e+00 0.0000e+00 -2.8115e+00 4.7469e+00 0.0000e+00 0.0000e+00 0.0000e+00 0.0000e+00 2.3357e+00 3.0762e-01 0.0000e+00 0.0000e+00 -3.0762e-01 2.5225e+00 
87.0 5.0887e+00 -2.7750e+00 0.0000e+00 0.0000e+00 -2.7750e+00 4.6122e+00 0.0000e+00 0.0000e+00 0.0000e+00 0.0000e+00 2.1567e+00 3.1651e-01 0.0000e+00 0.0000e+00 -3.1651e-01 2.3490e+00 
88.0 4.9600e+00 -2.7379e+00 0.0000e+00 0.0000e+00 -2.7379e+00 4.4839e+00 0.0000e+00 0.0000e+00 0.0000e+00 0.0000e+00 1.9843e+00 3.2468e-01 0.0000e+00 0.0000e+00 -3.2468e-01 2.1820e+00 
89.0 4.8374e+00 -2.7001e+00 0.0000e+00 0.0000e+00 -2.7001e+00 4.3618e+00 0.0000e+00 0.0000e+00 0.0000e+00 0.0000e+00 1.8184e+00 3.3217e-01 0.0000e+00 0.0000e+00 -3.3217e-01 2.0212e+00 
90.0 4.7206e+00 -2.6618e+00 0.0000e+00 0.0000e+00 -2.6618e+00 4.2456e+00 0.0000e+00 0.0000e+00 0.0000e+00 0.0000e+00 1.6585e+00 3.3901e-01 0.0000e+00 0.0000e+00 -3.3901e-01 1.8664e+00 
91.0 4.6093e+00 -2.6229e+00 0.0000e+00 0.0000e+00 -2.6229e+00 4.1350e+00 0.0000e+00 0.0000e+00 0.0000e+00 0.0000e+00 1.5046e+00 3.4523e-01 0.0000e+00 0.0000e+00 -3.4523e-01 1.7173e+00 
92.0 4.5034e+00 -2.5835e+00 0.0000e+00 0.0000e+00 -2.5835e+00 4.0298e+00 0.0000e+00 0.0000e+00 0.0000e+00 0.0000e+00 1.3562e+00 3.5086e-01 0.0000e+00 0.0000e+00 -3.5086e-01 1.5736e+00 
93.0 4.4025e+00 -2.5437e+00 0.0000e+00 0.0000e+00 -2.5437e+00 3.9297e+00 0.0000e+00 0.0000e+00 0.0000e+00 0.0000e+00 1.2132e+00 3.5593e-01 0.0000e+00 0.0000e+00 -3.5593e-01 1.4351e+00 
94.0 4.3065e+00 -2.5034e+00 0.0000e+00 0.0000e+00 -2.5034e+00 3.8346e+00 0.0000e+00 0.0000e+00 0.0000e+00 0.0000e+00 1.0754e+00 3.6046e-01 0.0000e+00 0.0000e+00 -3.6046e-01 1.3016e+00 
95.0 4.2151e+00 -2.4627e+00 0.0000e+00 0.0000e+00 -2.4627e+00 3.7442e+00 0.0000e+00 0.0000e+00 0.0000e+00 0.0000e+00 9.4250e-01 3.6448e-01 0.0000e+00 0.0000e+00 -3.6448e-01 1.1728e+00 
96.0 4.1282e+00 -2.4216e+00 0.0000e+00 0.0000e+00 -2.4216e+00 3.6583e+00 0.0000e+00 0.0000e+00 0.0000e+00 0.0000e+00 8.1434e-01 3.6801e-01 0.0000e+00 0.0000e+00 -3.6801e-01 1.0486e+00 
97.0 4.0455e+00 -2.3802e+00 0.0000e+00 0.0000e+00 -2.3802e+00 3.5768e+00 0.0000e+00 0.0000e+00 0.0000e+00 0.0000e+00 6.9072e-01 3.7108e-01 0.0000e+00 0.0000e+00 -3.7108e-01 9.2881e-01 
98.0 3.9669e+00 -2.3384e+00 0.0000e+00 0.0000e+00 -2.3384e+00 3.4994e+00 0.0000e+00 0.0000e+00 0.0000e+00 0.0000e+00 5.7147e-01 3.7371e-01 0.0000e+00 0.0000e+00 -3.7371e-01 8.1315e-01 
99.0 3.8922e+00 -2.2963e+00 0.0000e+00 0.0000e+00 -2.2963e+00 3.4260e+00 0.0000e+00 0.0000e+00 0.0000e+00 0.0000e+00 4.5640e-01 3.7593e-01 0.0000e+00 0.0000e+00 -3.7593e-01 7.0149e-01 
100.0 3.8213e+00 -2.2540e+00 0.0000e+00 0.0000e+00 -2.2540e+00 3.3564e+00 0.0000e+00 0.0000e+00 0.0000e+00 0.0000e+00 3.4534e-01 3.7776e-01 0.0000e+00 0.0000e+00 -3.7776e-01 5.9366e-01 
101.0 3.7539e+00 -2.2113e+00 0.0000e+00 0.0000e+00 -2.2113e+00 3.2905e+00 0.0000e+00 0.0000e+00 0.0000e+00 0.0000e+00 2.3815e-01 3.7923e-01 0.0000e+00 0.0000e+00 -3.7923e-01 4.8951e-01 
102.0 3.6900e+00 -2.1685e+00 0.0000e+00 0.0000e+00 -2.1685e+00 3.2282e+00 0.0000e+00 0.0000e+00 0.0000e+00 0.0000e+00 1.3466e-01 3.8036e-01 0.0000e+00 0.0000e+00 -3.8036e-01 3.8887e-01 
103.0 3.6294e+00 -2.1254e+00 0.0000e+00 0.0000e+00 -2.1254e+00 3.1692e+00 0.0000e+00 0.0000e+00 0.0000e+00 0.0000e+00 3.4733e-02 3.8117e-01 0.0000e+00 0.0000e+00 -3.8117e-01 2.9162e-01 
104.0 3.5719e+00 -2.0821e+00 0.0000e+00 0.0000e+00 -2.0821e+00 3.1134e+00 0.0000e+00 0.0000e+00 0.0000e+00 0.0000e+00 -6.1767e-02 3.8169e-01 0.0000e+00 0.0000e+00 -3.8169e-01 1.9761e-01 
105.0 3.5175e+00 -2.0387e+00 0.0000e+00 0.0000e+00 -2.0387e+00 3.0608e+00 0.0000e+00 0.0000e+00 0.0000e+00 0.0000e+00 -1.5497e-01 3.8193e-01 0.0000e+00 0.0000e+00 -3.8193e-01 1.0671e-01 
106.0 3.4660e+00 -1.9951e+00 0.0000e+00 0.0000e+00 -1.9951e+00 3.0112e+00 0.0000e+00 0.0000e+00 0.0000e+00 0.0000e+00 -2.4500e-01 3.8191e-01 0.0000e+00 0.0000e+00 -3.8191e-01 1.8815e-02 
107.0 3.4173e+00 -1.9514e+00 0.0000e+00 0.0000e+00 -1.9514e+00 2.9645e+00 0.0000e+00 0.0000e+00 0.0000e+00 0.0000e+00 -3.3198e-01 3.8166e-01 0.0000e+00 0.0000e+00 -3.8166e-01 -6.6202e-02 
108.0 3.3712e+00 -1.9077e+00 0.0000e+00 0.0000e+00 -1.9077e+00 2.9205e+00 0.0000e+00 0.0000e+00 0.0000e+00 0.0000e+00 -4.1601e-01 3.8119e-01 0.0000e+00 0.0000e+00 -3.8119e-01 -1.4844e-01 
109.0 3.3278e+00 -1.8638e+00 0.0000e+00 0.0000e+00 -1.8638e+00 2.8793e+00 0.0000e+00 0.0000e+00 0.0000e+00 0.0000e+00 -4.9721e-01 3.8051e-01 0.0000e+00 0.0000e+00 -3.8051e-01 -2.2802e-01 
110.0 3.2869e+00 -1.8199e+00 0.0000e+00 0.0000e+00 -1.8199e+00 2.8405e+00 0.0000e+00 0.0000e+00 0.0000e+00 0.0000e+00 -5.7568e-01 3.7965e-01 0.0000e+00 0.0000e+00 -3.7965e-01 -3.0502e-01 
111.0 3.2483e+00 -1.7760e+00 0.0000e+00 0.0000e+00 -1.7760e+00 2.8043e+00 0.0000e+00 0.0000e+00 0.0000e+00 0.0000e+00 -6.5151e-01 3.7861e-01 0.0000e+00 0.0000e+00 -3.7861e-01 -3.7954e-01 
112.0 3.2120e+00 -1.7322e+00 0.0000e+00 0.0000e+00 -1.7322e+00 2.7704e+00 0.0000e+00 0.0000e+00 0.0000e+00 0.0000e+00 -7.2482e-01 3.7741e-01 0.0000e+00 0.0000e+00 -3.7741e-01 -4.5168e-01 
113.0 3.1780e+00 -1.6883e+00 0.0000e+00 0.0000e+00 -1.6883e+00 2.7387e+00 0.0000e+00 0.0000e+00 0.0000e+00 0.0000e+00 -7.9567e-01 3.7605e-01 0.0000e+00 0.0000e+00 -3.7605e-01 -5.2151e-01 
114.0 3.1461e+00 -1.6446e+00 0.0000e+00 0.0000e+00 -1.6446e+00 2.7093e+00 0.0000e+00 0.0000e+00 0.0000e+00 0.0000e+00 -8.6417e-01 3.7454e-01 0.0000e+00 0.0000e+00 -3.7454e-01 -5.8912e-01 
115.0 3.1162e+00 -1.6009e+00 0.0000e+00 0.0000e+00 -1.6009e+00 2.6819e+00 0.0000e+00 0.0000e+00 0.0000e+00 0.0000e+00 -9.3039e-01 3.7290e-01 0.0000e+00 0.0000e+00 -3.7290e-01 -6.5458e-01 
116.0 3.0883e+00 -1.5574e+00 0.0000e+00 0.0000e+00 -1.5574e+00 2.6566e+00 0.0000e+00 0.0000e+00 0.0000e+00 0.0000e+00 -9.9443e-01 3.7111e-01 0.0000e+00 0.0000e+00 -3.7111e-01 -7.1797e-01 
117.0 3.0622e+00 -1.5141e+00 0.0000e+00 0.0000e+00 -1.5141e+00 2.6332e+00 0.0000e+00 0.0000e+00 0.0000e+00 0.0000e+00 -1.0563e+00 3.6920e-01 0.0000e+00 0.0000e+00 -3.6920e-01 -7.7935e-01 
118.0 3.0380e+00 -1.4709e+00 0.0000e+00 0.0000e+00 -1.4709e+00 2.6116e+00 0.0000e+00 0.0000e+00 0.0000e+00 0.0000e+00 -1.1162e+00 3.6715e-01 0.0000e+00 0.0000e+00 -3.6715e-01 -8.3881e-01 
119.0 3.0156e+00 -1.4279e+00 0.0000e+00 0.0000e+00 -1.4279e+00 2.5918e+00 0.0000e+00 0.0000e+00 0.0000e+00 0.0000e+00 -1.1741e+00 3.6498e-01 0.0000e+00 0.0000e+00 -3.6498e-01 -8.9640e-01 
120.0 2.9948e+00 -1.3852e+00 0.0000e+00 0.0000e+00 -1.3852e+00 2.5737e+00 0.0000e+00 0.0000e+00 0.0000e+00 0.0000e+00 -1.2302e+00 3.6268e-01 0.0000e+00 0.0000e+00 -3.6268e-01 -9.5219e-01 
121.0 2.9756e+00 -1.3427e+00 0.0000e+00 0.0000e+00 -1.3427e+00 2.5572e+00 0.0000e+00 0.0000e+00 0.0000e+00 0.0000e+00 -1.2844e+00 3.6025e-01 0.0000e+00 0.0000e+00 -3.6025e-01 -1.0062e+00 
122.0 2.9579e+00 -1.3006e+00 0.0000e+00 0.0000e+00 -1.3006e+00 2.5423e+00 0.0000e+00 0.0000e+00 0.0000e+00 0.0000e+00 -1.3368e+00 3.5768e-01 0.0000e+00 0.0000e+00 -3.5768e-01 -1.0586e+00 
123.0 2.9417e+00 -1.2587e+00 0.0000e+00 0.0000e+00 -1.2587e+00 2.5289e+00 0.0000e+00 0.0000e+00 0.0000e+00 0.0000e+00 -1.3876e+00 3.5496e-01 0.0000e+00 0.0000e+00 -3.5496e-01 -1.1094e+00 
124.0 2.9269e+00 -1.2171e+00 0.0000e+00 0.0000e+00 -1.2171e+00 2.5168e+00 0.0000e+00 0.0000e+00 0.0000e+00 0.0000e+00 -1.4367e+00 3.5211e-01 0.0000e+00 0.0000e+00 -3.5211e-01 -1.1587e+00 
125.0 2.9134e+00 -1.1759e+00 0.0000e+00 0.0000e+00 -1.1759e+00 2.5062e+00 0.0000e+00 0.0000e+00 0.0000e+00 0.0000e+00 -1.4843e+00 3.4910e-01 0.0000e+00 0.0000e+00 -3.4910e-01 -1.2064e+00 
126.0 2.9012e+00 -1.1350e+00 0.0000e+00 0.0000e+00 -1.1350e+00 2.4968e+00 0.0000e+00 0.0000e+00 0.0000e+00 0.0000e+00 -1.5304e+00 3.4594e-01 0.0000e+00 0.0000e+00 -3.4594e-01 -1.2528e+00 
127.0 2.8903e+00 -1.0945e+00 0.0000e+00 0.0000e+00 -1.0945e+00 2.4887e+00 0.0000e+00 0.0000e+00 0.0000e+00 0.0000e+00 -1.5751e+00 3.4262e-01 0.0000e+00 0.0000e+00 -3.4262e-01 -1.2977e+00 
128.0 2.8805e+00 -1.0544e+00 0.0000e+00 0.0000e+00 -1.0544e+00 2.4817e+00 0.0000e+00 0.0000e+00 0.0000e+00 0.0000e+00 -1.6184e+00 3.3914e-01 0.0000e+00 0.0000e+00 -3.3914e-01 -1.3414e+00 
129.0 2.8718e+00 -1.0147e+00 0.0000e+00 0.0000e+00 -1.0147e+00 2.4759e+00 0.0000e+00 0.0000e+00 0.0000e+00 0.0000e+00 -1.6604e+00 3.3549e-01 0.0000e+00 0.0000e+00 -3.3549e-01 -1.3838e+00 
130.0 2.8642e+00 -9.7533e-01 0.0000e+00 0.0000e+00 -9.7533e-01 2.4712e+00 0.0000e+00 0.0000e+00 0.0000e+00 0.0000e+00 -1.7011e+00 3.3167e-01 0.0000e+00 0.0000e+00 -3.3167e-01 -1.4250e+00 
131.0 2.8576e+00 -9.3642e-01 0.0000e+00 0.0000e+00 -9.3642e-01 2.4675e+00 0.0000e+00 0.0000e+00 0.0000e+00 0.0000e+00 -1.7405e+00 3.2768e-01 0.0000e+00 0.0000e+00 -3.2768e-01 -1.4651e+00 
132.0 2.8520e+00 -8.9793e-01 0.0000e+00 0.0000e+00 -8.9793e-01 2.4648e+00 0.0000e+00 0.0000e+00 0.0000e+00 0.0000e+00 -1.7789e+00 3.2352e-01 0.0000e+00 0.0000e+00 -3.2352e-01 -1.5040e+00 
133.0 2.8473e+00 -8.5987e-01 0.0000e+00 0.0000e+00 -8.5987e-01 2.4631e+00 0.0000e+00 0.0000e+00 0.0000e+00 0.0000e+00 -1.8160e+00 3.1920e-01 0.0000e+00 0.0000e+00 -3.1920e-01 -1.5419e+00 
134.0 2.8435e+00 -8.2225e-01 0.0000e+00 0.0000e+00 -8.2225e-01 2.4623e+00 0.0000e+00 0.0000e+00 0.0000e+00 0.0000e+00 -1.8521e+00 3.1472e-01 0.0000e+00 0.0000e+00 -3.1472e-01 -1.5788e+00 
135.0 2.8406e+00 -7.8509e-01 0.0000e+00 0.0000e+00 -7.8509e-01 2.4623e+00 0.0000e+00 0.0000e+00 0.0000e+00 0.0000e+00 -1.8872e+00 3.1009e-01 0.0000e+00 0.0000e+00 -3.1009e-01 -1.6146e+00 
136.0 2.8385e+00 -7.4839e-01 0.0000e+00 0.0000e+00 -7.4839e-01 2.4633e+00 0.0000e+00 0.0000e+00 0.0000e+00 0.0000e+00 -1.9212e+00 3.0529e-01 0.0000e+00 0.0000e+00 -3.0529e-01 -1.6496e+00 
137.0 2.8372e+00 -7.1217e-01 0.0000e+00 0.0000e+00 -7.1217e-01 2.4650e+00 0.0000e+00 0.0000e+00 0.0000e+00 0.0000e+00 -1.9543e+00 3.0035e-01 0.0000e+00 0.0000e+00 -3.0035e-01 -1.6836e+00 
138.0 2.8366e+00 -6.7644e-01 0.0000e+00 0.0000e+00 -6.7644e-01 2.4676e+00 0.0000e+00 0.0000e+00 0.0000e+00 0.0000e+00 -1.9864e+00 2.9527e-01 0.0000e+00 0.0000e+00 -2.9527e-01 -1.7168e+00 
139.0 2.8368e+00 -6.4122e-01 0.0000e+00 0.0000e+00 -6.4122e-01 2.4710e+00 0.0000e+00 0.0000e+00 0.0000e+00 0.0000e+00 -2.0176e+00 2.9006e-01 0.0000e+00 0.0000e+00 -2.9006e-01 -1.7491e+00 
140.0 2.8377e+00 -6.0651e-01 0.0000e+00 0.0000e+00 -6.0651e-01 2.4751e+00 0.0000e+00 0.0000e+00 0.0000e+00 0.0000e+00 -2.0479e+00 2.8473e-01 0.0000e+00 0.0000e+00 -2.8473e-01 -1.7807e+00 
141.0 2.8393e+00 -5.7235e-01 0.0000e+00 0.0000e+00 -5.7235e-01 2.4800e+00 0.0000e+00 0.0000e+00 0.0000e+00 0.0000e+00 -2.0773e+00 2.7928e-01 0.0000e+00 0.0000e+00 -2.7928e-01 -1.8114e+00 
142.0 2.8416e+00 -5.3874e-01 0.0000e+00 0.0000e+00 -5.3874e-01 2.4855e+00 0.0000e+00 0.0000e+00 0.0000e+00 0.0000e+00 -2.1059e+00 2.7372e-01 0.0000e+00 0.0000e+00 -2.7372e-01 -1.8414e+00 
143.0 2.8445e+00 -5.0573e-01 0.0000e+00 0.0000e+00 -5.0573e-01 2.4918e+00 0.0000e+00 0.0000e+00 0.0000e+00 0.0000e+00 -2.1337e+00 2.6804e-01 0.0000e+00 0.0000e+00 -2.6804e-01 -1.8707e+00 
144.0 2.8479e+00 -4.7331e-01 0.0000e+00 0.0000e+00 -4.7331e-01 2.4986e+00 0.0000e+00 0.0000e+00 0.0000e+00 0.0000e+00 -2.1607e+00 2.6224e-01 0.0000e+00 0.0000e+00 -2.6224e-01 -1.8992e+00 
145.0 2.8519e+00 -4.4152e-01 0.0000e+00 0.0000e+00 -4.4152e-01 2.5061e+00 0.0000e+00 0.0000e+00 0.0000e+00 0.0000e+00 -2.1869e+00 2.5631e-01 0.0000e+00 0.0000e+00 -2.5631e-01 -1.9271e+00 
146.0 2.8563e+00 -4.1037e-01 0.0000e+00 0.0000e+00 -4.1037e-01 2.5140e+00 0.0000e+00 0.0000e+00 0.0000e+00 0.0000e+00 -2.2123e+00 2.5021e-01 0.0000e+00 0.0000e+00 -2.5021e-01 -1.9542e+00 
147.0 2.8613e+00 -3.7988e-01 0.0000e+00 0.0000e+00 -3.7988e-01 2.5225e+00 0.0000e+00 0.0000e+00 0.0000e+00 0.0000e+00 -2.2371e+00 2.4395e-01 0.0000e+00 0.0000e+00 -2.4395e-01 -1.9806e+00 
148.0 2.8667e+00 -3.5005e-01 0.0000e+00 0.0000e+00 -3.5005e-01 2.5315e+00 0.0000e+00 0.0000e+00 0.0000e+00 0.0000e+00 -2.2610e+00 2.3752e-01 0.0000e+00 0.0000e+00 -2.3752e-01 -2.0064e+00 
149.0 2.8726e+00 -3.2091e-01 0.0000e+00 0.0000e+00 -3.2091e-01 2.5410e+00 0.0000e+00 0.0000e+00 0.0000e+00 0.0000e+00 -2.2843e+00 2.3091e-01 0.0000e+00 0.0000e+00 -2.3091e-01 -2.0315e+00 
150.0 2.8789e+00 -2.9246e-01 0.0000e+00 0.0000e+00 -2.9246e-01 2.5510e+00 0.0000e+00 0.0000e+00 0.0000e+00 0.0000e+00 -2.3069e+00 2.2413e-01 0.0000e+00 0.0000e+00 -2.2413e-01 -2.0558e+00 
151.0 2.8857e+00 -2.6472e-01 0.0000e+00 0.0000e+00 -2.6472e-01 2.5614e+00 0.0000e+00 0.0000e+00 0.0000e+00 0.0000e+00 -2.3287e+00 2.1717e-01 0.0000e+00 0.0000e+00 -2.1717e-01 -2.0795e+00 
152.0 2.8930e+00 -2.3772e-01 0.0000e+00 0.0000e+00 -2.3772e-01 2.5723e+00 0.0000e+00 0.0000e+00 0.0000e+00 0.0000e+00 -2.3498e+00 2.1001e-01 0.0000e+00 0.0000e+00 -2.1001e-01 -2.1025e+00 
153.0 2.9008e+00 -2.1147e-01 0.0000e+00 0.0000e+00 -2.1147e-01 2.5837e+00 0.0000e+00 0.0000e+00 0.0000e+00 0.0000e+00 -2.3702e+00 2.0261e-01 0.0000e+00 0.0000e+00 -2.0261e-01 -2.1248e+00 
154.0 2.9089e+00 -1.8601e-01 0.0000e+00 0.0000e+00 -1.8601e-01 2.5954e+00 0.0000e+00 0.0000e+00 0.0000e+00 0.0000e+00 -2.3899e+00 1.9492e-01 0.0000e+00 0.0000e+00 -1.9492e-01 -2.1465e+00 
155.0 2.9175e+00 -1.6136e-01 0.0000e+00 0.0000e+00 -1.6136e-01 2.6075e+00 0.0000e+00 0.0000e+00 0.0000e+00 0.0000e+00 -2.4090e+00 1.8688e-01 0.0000e+00 0.0000e+00 -1.8688e-01 -2.1674e+00 
156.0 2.9265e+00 -1.3759e-01 0.0000e+00 0.0000e+00 -1.3759e-01 2.6199e+00 0.0000e+00 0.0000e+00 0.0000e+00 0.0000e+00 -2.4274e+00 1.7837e-01 0.0000e+00 0.0000e+00 -1.7837e-01 -2.1877e+00 
157.0 2.9357e+00 -1.1478e-01 0.0000e+00 0.0000e+00 -1.1478e-01 2.6326e+00 0.0000e+00 0.0000e+00 0.0000e+00 0.0000e+00 -2.4453e+00 1.6928e-01 0.0000e+00 0.0000e+00 -1.6928e-01 -2.2074e+00 
158.0 2.9451e+00 -9.3050e-02 0.0000e+00 0.0000e+00 -9.3050e-02 2.6453e+00 0.0000e+00 0.0000e+00 0.0000e+00 0.0000e+00 -2.4627e+00 1.5943e-01 0.0000e+00 0.0000e+00 -1.5943e-01 -2.2265e+00 
159.0 2.9544e+00 -7.2550e-02 0.0000e+00 0.0000e+00 -7.2550e-02 2.6578e+00 0.0000e+00 0.0000e+00 0.0000e+00 0.0000e+00 -2.4796e+00 1.4862e-01 0.0000e+00 0.0000e+00 -1.4862e-01 -2.2450e+00 
160.0 2.9636e+00 -5.3468e-02 0.0000e+00 0.0000e+00 -5.3468e-02 2.6698e+00 0.0000e+00 0.0000e+00 0.0000e+00 0.0000e+00 -2.4963e+00 1.3663e-01 0.0000e+00 0.0000e+00 -1.3663e-01 -2.2630e+00 
161.0 2.9726e+00 -3.6014e-02 0.0000e+00 0.0000e+00 -3.6014e-02 2.6810e+00 0.0000e+00 0.0000e+00 0.0000e+00 0.0000e+00 -2.5129e+00 1.2326e-01 0.0000e+00 0.0000e+00 -1.2326e-01 -2.2803e+00 
162.0 2.9812e+00 -2.0402e-02 0.0000e+00 0.0000e+00 -2.0402e-02 2.6911e+00 0.0000e+00 0.0000e+00 0.0000e+00 0.0000e+00 -2.5296e+00 1.0837e-01 0.0000e+00 0.0000e+00 -1.0837e-01 -2.2968e+00 
163.0 2.9897e+00 -6.8359e-03 0.0000e+00 0.0000e+00 -6.8359e-03 2.7001e+00 0.0000e+00 0.0000e+00 0.0000e+00 0.0000e+00 -2.5465e+00 9.1905e-02 0.0000e+00 0.0000e+00 -9.1905e-02 -2.3123e+00 
164.0 2.9983e+00 4.5083e-03 0.0000e+00 0.0000e+00 4.5083e-03 2.7076e+00 0.0000e+00 0.0000e+00 0.0000e+00 0.0000e+00 -2.5640e+00 7.3950e-02 0.0000e+00 0.0000e+00 -7.3950e-02 -2.3267e+00 
165.0 3.0075e+00 1.3506e-02 0.0000e+00 0.0000e+00 1.3506e-02 2.7137e+00 0.0000e+00 0.0000e+00 0.0000e+00 0.0000e+00 -2.5823e+00 5.4740e-02 0.0000e+00 0.0000e+00 -5.4740e-02 -2.3395e+00 
166.0 3.0180e+00 2.0098e-02 0.0000e+00 0.0000e+00 2.0098e-02 2.7186e+00 0.0000e+00 0.0000e+00 0.0000e+00 0.0000e+00 -2.6016e+00 3.4689e-02 0.0000e+00 0.0000e+00 -3.4689e-02 -2.3503e+00 
167.0 3.0306e+00 2.4306e-02 0.0000e+00 0.0000e+00 2.4306e-02 2.7224e+00 0.0000e+00 0.0000e+00 0.0000e+00 0.0000e+00 -2.6223e+00 1.4409e-02 0.0000e+00 0.0000e+00 -1.4409e-02 -2.3588e+00 
168.0 3.0466e+00 2.6232e-02 0.0000e+00 0.0000e+00 2.6232e-02 2.7258e+00 0.0000e+00 0.0000e+00 0.0000e+00 0.0000e+00 -2.6445e+00 -5.2839e-03 0.0000e+00 0.0000e+00 5.2839e-03 -2.3645e+00 
169.0 3.0670e+00 2.6077e-02 0.0000e+00 0.0000e+00 2.6077e-02 2.7292e+00 0.0000e+00 0.0000e+00 0.0000e+00 0.0000e+00 -2.6687e+00 -2.3378e-02 0.0000e+00 0.0000e+00 2.3378e-02 -2.3670e+00 
170.0 3.0933e+00 2.4141e-02 0.0000e+00 0.0000e+00 2.4141e-02 2.7336e+00 0.0000e+00 0.0000e+00 0.0000e+00 0.0000e+00 -2.6947e+00 -3.8698e-02 0.0000e+00 0.0000e+00 3.8698e-02 -2.3659e+00 
171.0 3.1265e+00 2.0832e-02 0.0000e+00 0.0000e+00 2.0832e-02 2.7400e+00 0.0000e+00 0.0000e+00 0.0000e+00 0.0000e+00 -2.7227e+00 -4.9994e-02 0.0000e+00 0.0000e+00 4.9994e-02 -2.3610e+00 
172.0 3.1674e+00 1.6660e-02 0.0000e+00 0.0000e+00 1.6660e-02 2.7492e+00 0.0000e+00 0.0000e+00 0.0000e+00 0.0000e+00 -2.7523e+00 -5.6129e-02 0.0000e+00 0.0000e+00 5.6129e-02 -2.3525e+00 
173.0 3.2159e+00 1.2205e-02 0.0000e+00 0.0000e+00 1.2205e-02 2.7619e+00 0.0000e+00 0.0000e+00 0.0000e+00 0.0000e+00 -2.7827e+00 -5.6345e-02 0.0000e+00 0.0000e+00 5.6345e-02 -2.3407e+00 
174.0 3.2703e+00 8.0451e-03 0.0000e+00 0.0000e+00 8.0451e-03 2.7782e+00 0.0000e+00 0.0000e+00 0.0000e+00 0.0000e+00 -2.8129e+00 -5.0609e-02 0.0000e+00 0.0000e+00 5.0609e-02 -2.3265e+00 
175.0 3.3273e+00 4.6461e-03 0.0000e+00 0.0000e+00 4.6461e-03 2.7972e+00 0.0000e+00 0.0000e+00 0.0000e+00 0.0000e+00 -2.8415e+00 -3.9924e-02 0.0000e+00 0.0000e+00 3.9924e-02 -2.3112e+00 
176.0 3.3820e+00 2.2549e-03 0.0000e+00 0.0000e+00 2.2549e-03 2.8170e+00 0.0000e+00 0.0000e+00 0.0000e+00 0.0000e+00 -2.8667e+00 -2.6450e-02 0.0000e+00 0.0000e+00 2.6450e-02 -2.2966e+00 
177.0 3.4279e+00 8.4759e-04 0.0000e+00 0.0000e+00 8.4759e-04 2.8346e+00 0.0000e+00 0.0000e+00 0.0000e+00 0.0000e+00 -2.8865e+00 -1.3243e-02 0.0000e+00 0.0000e+00 1.3243e-02 -2.2844e+00 
178.0 3.4586e+00 1.8951e-04 0.0000e+00 0.0000e+00 1.8951e-04 2.8468e+00 0.0000e+00 0.0000e+00 0.0000e+00 0.0000e+00 -2.8992e+00 -3.5821e-03 0.0000e+00 0.0000e+00 3.5821e-03 -2.2762e+00 
179.0 3.4696e+00 2.8811e-21 0.0000e+00 0.0000e+00 2.8811e-21 2.8513e+00 0.0000e+00 0.0000e+00 0.0000e+00 0.0000e+00 -2.9036e+00 -4.5622e-20 0.0000e+00 0.0000e+00 4.5622e-20 -2.2733e+00 
180.0 3.4806e+00 0.0000e+00 0.0000e+00 0.0000e+00 0.0000e+00 2.8557e+00 0.0000e+00 0.0000e+00 0.0000e+00 0.0000e+00 -2.9080e+00 0.0000e+00 0.0000e+00 0.0000e+00 -0.0000e+00 -2.2705e+00 
