0.7208 0.9791 0.2583 0.026051
theta s11 s12 s13 s14 s21 s22 s23 s24 s31 s32 s33 s34 s41 s42 s43 s44
0.0 1.0320e+04 0.0000e+00 0.0000e+00 0.0000e+00 0.0000e+00 1.0319e+04 0.0000e+00 0.0000e+00 0.0000e+00 0.0000e+00 1.0319e+04 0.0000e+00 0.0000e+00 0.0000e+00 -0.0000e+00 1.0317e+04 
1.0 8.7375e+03 -5.4966e-01 0.0000e+00 0.0000e+00 -5.4966e-01 8.7362e+03 0.0000e+00 0.0000e+00 0.0000e+00 0.0000e+00 8.7362e+03 -3.6280e+00 0.0000e+00 0.0000e+00 3.6280e+00 8.7348e+03 
2.0 5.9759e+03 -1.0872e+00 0.0000e+00 0.0000e+00 -1.0872e+00 5.9746e+03 0.0000e+00 0.0000e+00 0.0000e+00 0.0000e+00 5.9746e+03 -1.1300e+01 0.0000e+00 0.0000e+00 1.1300e+01 5.9733e+03 
3.0 3.8734e+03 -1.0462e+00 0.0000e+00 0.0000e+00 -1.0462e+00 3.8722e+03 0.0000e+00 0.0000e+00 0.0000e+00 0.0000e+00 3.8720e+03 -1.7479e+01 0.0000e+00 0.0000e+00 1.7479e+01 3.8708e+03 
4.0 2.5712e+03 -8.3995e-01 0.0000e+00 0.0000e+00 -8.3995e-01 2.5700e+03 0.0000e+00 0.0000e+00 0.0000e+00 0.0000e+00 2.5698e+03 -2.0007e+01 0.0000e+00 0.0000e+00 2.0007e+01 2.5686e+03 
5.0 1.7932e+03 -7.1326e-01 0.0000e+00 0.0000e+00 -7.1326e-01 1.7921e+03 0.0000e+00 0.0000e+00 0.0000e+00 0.0000e+00 1.7917e+03 -1.9948e+01 0.0000e+00 0.0000e+00 1.9948e+01 1.7906e+03 
6.0 1.3136e+03 -7.0187e-01 0.0000e+00 0.0000e+00 -7.0187e-01 1.3126e+03 0.0000e+00 0.0000e+00 0.0000e+00 0.0000e+00 1.3121e+03 -1.8686e+01 0.0000e+00 0.0000e+00 1.8686e+01 1.3111e+03 
7.0 1.0039e+03 -7.8455e-01 0.0000e+00 0.0000e+00 -7.8455e-01 1.0029e+03 0.0000e+00 0.0000e+00 0.0000e+00 0.0000e+00 1.0024e+03 -1.6968e+01 0.0000e+00 0.0000e+00 1.6968e+01 1.0014e+03 
8.0 7.9492e+02 -9.2829e-01 0.0000e+00 0.0000e+00 -9.2829e-01 7.9394e+02 0.0000e+00 0.0000e+00 0.0000e+00 0.0000e+00 7.9333e+02 -1.5189e+01 0.0000e+00 0.0000e+00 1.5189e+01 7.9243e+02 
9.0 6.4772e+02 -1.1107e+00 0.0000e+00 0.0000e+00 -1.1107e+00 6.4677e+02 0.0000e+00 0.0000e+00 0.0000e+00 0.0000e+00 6.4612e+02 -1.3519e+01 0.0000e+00 0.0000e+00 1.3519e+01 6.4526e+02 
10.0 5.4011e+02 -1.3231e+00 0.0000e+00 0.0000e+00 -1.3231e+00 5.3920e+02 0.0000e+00 0.0000e+00 0.0000e+00 0.0000e+00 5.3850e+02 -1.1996e+01 0.0000e+00 0.0000e+00 1.1996e+01 5.3770e+02 
11.0 4.5928e+02 -1.5582e+00 0.0000e+00 0.0000e+00 -1.5582e+00 4.5839e+02 0.0000e+00 0.0000e+00 0.0000e+00 0.0000e+00 4.5767e+02 -1.0630e+01 0.0000e+00 0.0000e+00 1.0630e+01 4.5690e+02 
12.0 3.9718e+02 -1.8046e+00 0.0000e+00 0.0000e+00 -1.8046e+00 3.9631e+02 0.0000e+00 0.0000e+00 0.0000e+00 0.0000e+00 3.9556e+02 -9.4259e+00 0.0000e+00 0.0000e+00 9.4259e+00 3.9484e+02 
13.0 3.4848e+02 -2.0489e+00 0.0000e+00 0.0000e+00 -2.0489e+00 3.4763e+02 0.0000e+00 0.0000e+00 0.0000e+00 0.0000e+00 3.4686e+02 -8.3832e+00 0.0000e+00 0.0000e+00 8.3832e+00 3.4617e+02 
14.0 3.0955e+02 -2.2919e+00 0.0000e+00 0.0000e+00 -2.2919e+00 3.0872e+02 0.0000e+00 0.0000e+00 0.0000e+00 0.0000e+00 3.0794e+02 -7.4882e+00 0.0000e+00 0.0000e+00 7.4882e+00 3.0728e+02 
15.0 2.7780e+02 -2.5269e+00 0.0000e+00 0.0000e+00 -2.5269e+00 2.7698e+02 0.0000e+00 0.0000e+00 0.0000e+00 0.0000e+00 2.7620e+02 -6.7176e+00 0.0000e+00 0.0000e+00 6.7176e+00 2.7556e+02 
16.0 2.5149e+02 -2.7591e+00 0.0000e+00 0.0000e+00 -2.7591e+00 2.5069e+02 0.0000e+00 0.0000e+00 0.0000e+00 0.0000e+00 2.4989e+02 -6.0499e+00 0.0000e+00 0.0000e+00 6.0499e+00 2.4929e+02 
17.0 2.2934e+02 -2.9917e+00 0.0000e+00 0.0000e+00 -2.9917e+00 2.2855e+02 0.0000e+00 0.0000e+00 0.0000e+00 0.0000e+00 2.2775e+02 -5.4724e+00 0.0000e+00 0.0000e+00 5.4724e+00 2.2717e+02 
18.0 2.1034e+02 -3.2267e+00 0.0000e+00 0.0000e+00 -3.2267e+00 2.0957e+02 0.0000e+00 0.0000e+00 0.0000e+00 0.0000e+00 2.0876e+02 -4.9706e+00 0.0000e+00 0.0000e+00 4.9706e+00 2.0820e+02 
19.0 1.9379e+02 -3.4643e+00 0.0000e+00 0.0000e+00 -3.4643e+00 1.9303e+02 0.0000e+00 0.0000e+00 0.0000e+00 0.0000e+00 1.9282e+02 -4.5301e+00 0.0000e+00 0.0000e+00 4.5301e+00 1.9229e+02 
20.0 1.7920e+02 -3.7031e+00 0.0000e+00 0.0000e+00 -3.7031e+00 1.7845e+02 0.0000e+00 0.0000e+00 0.0000e+00 0.0000e+00 1.7876e+02 -4.1402e+00 0.0000e+00 0.0000e+00 4.1402e+00 1.7825e+02 
21.0 1.6625e+02 -3.9422e+00 0.0000e+00 0.0000e+00 -3.9422e+00 1.6552e+02 0.0000e+00 0.0000e+00 0.0000e+00 0.0000e+00 1.6628e+02 -3.7937e+00 0.0000e+00 0.0000e+00 3.7937e+00 1.6578e+02 
22.0 1.5473e+02 -4.1825e+00 0.0000e+00 0.0000e+00 -4.1825e+00 1.5400e+02 0.0000e+00 0.0000e+00 0.0000e+00 0.0000e+00 1.5515e+02 -3.4849e+00 0.0000e+00 0.0000e+00 3.4849e+00 1.5467e+02 
23.0 1.4444e+02 -4.4252e+00 0.0000e+00 0.0000e+00 -4.4252e+00 1.4372e+02 0.0000e+00 0.0000e+00 0.0000e+00 0.0000e+00 1.4520e+02 -3.2086e+00 0.0000e+00 0.0000e+00 3.2086e+00 1.4474e+02 
24.0 1.3519e+02 -4.6701e+00 0.0000e+00 0.0000e+00 -4.6701e+00 1.3449e+02 0.0000e+00 0.0000e+00 0.0000e+00 0.0000e+00 1.3626e+02 -2.9605e+00 0.0000e+00 0.0000e+00 2.9605e+00 1.3581e+02 
25.0 1.2685e+02 -4.9156e+00 0.0000e+00 0.0000e+00 -4.9156e+00 1.2615e+02 0.0000e+00 0.0000e+00 0.0000e+00 0.0000e+00 1.2818e+02 -2.7383e+00 0.0000e+00 0.0000e+00 2.7383e+00 1.2775e+02 
26.0 1.1926e+02 -5.1587e+00 0.0000e+00 0.0000e+00 -5.1587e+00 1.1857e+02 0.0000e+00 0.0000e+00 0.0000e+00 0.0000e+00 1.2082e+02 -2.5407e+00 0.0000e+00 0.0000e+00 2.5407e+00 1.2040e+02 
27.0 1.1231e+02 -5.3968e+00 0.0000e+00 0.0000e+00 -5.3968e+00 1.1162e+02 0.0000e+00 0.0000e+00 0.0000e+00 0.0000e+00 1.1406e+02 -2.3659e+00 0.0000e+00 0.0000e+00 2.3659e+00 1.1366e+02 
28.0 1.0589e+02 -5.6281e+00 0.0000e+00 0.0000e+00 -5.6281e+00 1.0522e+02 0.0000e+00 0.0000e+00 0.0000e+00 0.0000e+00 1.0783e+02 -2.2103e+00 0.0000e+00 0.0000e+00 2.2103e+00 1.0743e+02 
29.0 9.9956e+01 -5.8521e+00 0.0000e+00 0.0000e+00 -5.8521e+00 9.9285e+01 0.0000e+00 0.0000e+00 0.0000e+00 0.0000e+00 1.0204e+02 -2.0703e+00 0.0000e+00 0.0000e+00 2.0703e+00 1.0166e+02 
30.0 9.4447e+01 -6.0688e+00 0.0000e+00 0.0000e+00 -6.0688e+00 9.3784e+01 0.0000e+00 0.0000e+00 0.0000e+00 0.0000e+00 9.6666e+01 -1.9428e+00 0.0000e+00 0.0000e+00 1.9428e+00 9.6294e+01 
31.0 8.9331e+01 -6.2786e+00 0.0000e+00 0.0000e+00 -6.2786e+00 8.8675e+01 0.0000e+00 0.0000e+00 0.0000e+00 0.0000e+00 9.1268e+01 -1.8261e+00 0.0000e+00 0.0000e+00 1.8261e+00 9.0910e+01 
32.0 8.4574e+01 -6.4816e+00 0.0000e+00 0.0000e+00 -6.4816e+00 8.3925e+01 0.0000e+00 0.0000e+00 0.0000e+00 0.0000e+00 8.6247e+01 -1.7197e+00 0.0000e+00 0.0000e+00 1.7197e+00 8.5902e+01 
33.0 8.0145e+01 -6.6772e+00 0.0000e+00 0.0000e+00 -6.6772e+00 7.9503e+01 0.0000e+00 0.0000e+00 0.0000e+00 0.0000e+00 8.1565e+01 -1.6234e+00 0.0000e+00 0.0000e+00 1.6234e+00 8.1233e+01 
34.0 7.6010e+01 -6.8643e+00 0.0000e+00 0.0000e+00 -6.8643e+00 7.5374e+01 0.0000e+00 0.0000e+00 0.0000e+00 0.0000e+00 7.7187e+01 -1.5363e+00 0.0000e+00 0.0000e+00 1.5363e+00 7.6869e+01 
35.0 7.2140e+01 -7.0422e+00 0.0000e+00 0.0000e+00 -7.0422e+00 7.1511e+01 0.0000e+00 0.0000e+00 0.0000e+00 0.0000e+00 7.3085e+01 -1.4570e+00 0.0000e+00 0.0000e+00 1.4570e+00 7.2779e+01 
36.0 6.8510e+01 -7.2108e+00 0.0000e+00 0.0000e+00 -7.2108e+00 6.7887e+01 0.0000e+00 0.0000e+00 0.0000e+00 0.0000e+00 6.9232e+01 -1.3841e+00 0.0000e+00 0.0000e+00 1.3841e+00 6.8938e+01 
37.0 6.5100e+01 -7.3701e+00 0.0000e+00 0.0000e+00 -7.3701e+00 6.4484e+01 0.0000e+00 0.0000e+00 0.0000e+00 0.0000e+00 6.5609e+01 -1.3160e+00 0.0000e+00 0.0000e+00 1.3160e+00 6.5327e+01 
38.0 6.1894e+01 -7.5203e+00 0.0000e+00 0.0000e+00 -7.5203e+00 6.1284e+01 0.0000e+00 0.0000e+00 0.0000e+00 0.0000e+00 6.2199e+01 -1.2520e+00 0.0000e+00 0.0000e+00 1.2520e+00 6.1928e+01 
39.0 5.8874e+01 -7.6613e+00 0.0000e+00 0.0000e+00 -7.6613e+00 5.8271e+01 0.0000e+00 0.0000e+00 0.0000e+00 0.0000e+00 5.8985e+01 -1.1916e+00 0.0000e+00 0.0000e+00 1.1916e+00 5.8726e+01 
40.0 5.6029e+01 -7.7933e+00 0.0000e+00 0.0000e+00 -7.7933e+00 5.5432e+01 0.0000e+00 0.0000e+00 0.0000e+00 0.0000e+00 5.5953e+01 -1.1342e+00 0.0000e+00 0.0000e+00 1.1342e+00 5.5705e+01 
41.0 5.3346e+01 -7.9164e+00 0.0000e+00 0.0000e+00 -7.9164e+00 5.2754e+01 0.0000e+00 0.0000e+00 0.0000e+00 0.0000e+00 5.3090e+01 -1.0789e+00 0.0000e+00 0.0000e+00 1.0789e+00 5.2853e+01 
42.0 5.0814e+01 -8.0308e+00 0.0000e+00 0.0000e+00 -8.0308e+00 5.0228e+01 0.0000e+00 0.0000e+00 0.0000e+00 0.0000e+00 5.0385e+01 -1.0255e+00 0.0000e+00 0.0000e+00 1.0255e+00 5.0159e+01 
43.0 4.8425e+01 -8.1369e+00 0.0000e+00 0.0000e+00 -8.1369e+00 4.7845e+01 0.0000e+00 0.0000e+00 0.0000e+00 0.0000e+00 4.7829e+01 -9.7411e-01 0.0000e+00 0.0000e+00 9.7411e-01 4.7613e+01 
44.0 4.6168e+01 -8.2344e+00 0.0000e+00 0.0000e+00 -8.2344e+00 4.5594e+01 0.0000e+00 0.0000e+00 0.0000e+00 0.0000e+00 4.5410e+01 -9.2476e-01 0.0000e+00 0.0000e+00 9.2476e-01 4.5204e+01 
45.0 4.4036e+01 -8.3230e+00 0.0000e+00 0.0000e+00 -8.3230e+00 4.3467e+01 0.0000e+00 0.0000e+00 0.0000e+00 0.0000e+00 4.3118e+01 -8.7731e-01 0.0000e+00 0.0000e+00 8.7731e-01 4.2923e+01 
46.0 4.2018e+01 -8.4029e+00 0.0000e+00 0.0000e+00 -8.4029e+00 4.1455e+01 0.0000e+00 0.0000e+00 0.0000e+00 0.0000e+00 4.0946e+01 -8.3123e-01 0.0000e+00 0.0000e+00 8.3123e-01 4.0760e+01 
47.0 4.0109e+01 -8.4742e+00 0.0000e+00 0.0000e+00 -8.4742e+00 3.9551e+01 0.0000e+00 0.0000e+00 0.0000e+00 0.0000e+00 3.8884e+01 -7.8602e-01 0.0000e+00 0.0000e+00 7.8602e-01 3.8708e+01 
48.0 3.8302e+01 -8.5373e+00 0.0000e+00 0.0000e+00 -8.5373e+00 3.7748e+01 0.0000e+00 0.0000e+00 0.0000e+00 0.0000e+00 3.6928e+01 -7.4143e-01 0.0000e+00 0.0000e+00 7.4143e-01 3.6761e+01 
49.0 3.6591e+01 -8.5925e+00 0.0000e+00 0.0000e+00 -8.5925e+00 3.6043e+01 0.0000e+00 0.0000e+00 0.0000e+00 0.0000e+00 3.5071e+01 -6.9750e-01 0.0000e+00 0.0000e+00 6.9750e-01 3.4914e+01 
50.0 3.4971e+01 -8.6402e+00 0.0000e+00 0.0000e+00 -8.6402e+00 3.4428e+01 0.0000e+00 0.0000e+00 0.0000e+00 0.0000e+00 3.3307e+01 -6.5437e-01 0.0000e+00 0.0000e+00 6.5437e-01 3.3160e+01 
51.0 3.3437e+01 -8.6804e+00 0.0000e+00 0.0000e+00 -8.6804e+00 3.2898e+01 0.0000e+00 0.0000e+00 0.0000e+00 0.0000e+00 3.1632e+01 -6.1218e-01 0.0000e+00 0.0000e+00 6.1218e-01 3.1494e+01 
52.0 3.1984e+01 -8.7133e+00 0.0000e+00 0.0000e+00 -8.7133e+00 3.1450e+01 0.0000e+00 0.0000e+00 0.0000e+00 0.0000e+00 3.0040e+01 -5.7105e-01 0.0000e+00 0.0000e+00 5.7105e-01 2.9911e+01 
53.0 3.0606e+01 -8.7389e+00 0.0000e+00 0.0000e+00 -8.7389e+00 3.0076e+01 0.0000e+00 0.0000e+00 0.0000e+00 0.0000e+00 2.8526e+01 -5.3103e-01 0.0000e+00 0.0000e+00 5.3103e-01 2.8406e+01 
54.0 2.9300e+01 -8.7573e+00 0.0000e+00 0.0000e+00 -8.7573e+00 2.8774e+01 0.0000e+00 0.0000e+00 0.0000e+00 0.0000e+00 2.7085e+01 -4.9212e-01 0.0000e+00 0.0000e+00 4.9212e-01 2.6974e+01 
55.0 2.8061e+01 -8.7687e+00 0.0000e+00 0.0000e+00 -8.7687e+00 2.7539e+01 0.0000e+00 0.0000e+00 0.0000e+00 0.0000e+00 2.5713e+01 -4.5429e-01 0.0000e+00 0.0000e+00 4.5429e-01 2.5611e+01 
56.0 2.6885e+01 -8.7732e+00 0.0000e+00 0.0000e+00 -8.7732e+00 2.6367e+01 0.0000e+00 0.0000e+00 0.0000e+00 0.0000e+00 2.4407e+01 -4.1751e-01 0.0000e+00 0.0000e+00 4.1751e-01 2.4314e+01 
57.0 2.5768e+01 -8.7711e+00 0.0000e+00 0.0000e+00 -8.7711e+00 2.5254e+01 0.0000e+00 0.0000e+00 0.0000e+00 0.0000e+00 2.3161e+01 -3.8179e-01 0.0000e+00 0.0000e+00 3.8179e-01 2.3077e+01 
58.0 2.4708e+01 -8.7624e+00 0.0000e+00 0.0000e+00 -8.7624e+00 2.4198e+01 0.0000e+00 0.0000e+00 0.0000e+00 0.0000e+00 2.1974e+01 -3.4711e-01 0.0000e+00 0.0000e+00 3.4711e-01 2.1899e+01 
59.0 2.3702e+01 -8.7472e+00 0.0000e+00 0.0000e+00 -8.7472e+00 2.3194e+01 0.0000e+00 0.0000e+00 0.0000e+00 0.0000e+00 2.0841e+01 -3.1335e-01 0.0000e+00 0.0000e+00 3.1335e-01 2.0775e+01 
60.0 2.2745e+01 -8.7260e+00 0.0000e+00 0.0000e+00 -8.7260e+00 2.2241e+01 0.0000e+00 0.0000e+00 0.0000e+00 0.0000e+00 1.9760e+01 -2.8037e-01 0.0000e+00 0.0000e+00 2.8037e-01 1.9702e+01 
61.0 2.1837e+01 -8.6988e+00 0.0000e+00 0.0000e+00 -8.6988e+00 2.1335e+01 0.0000e+00 0.0000e+00 0.0000e+00 0.0000e+00 1.8729e+01 -2.4803e-01 0.0000e+00 0.0000e+00 2.4803e-01 1.8679e+01 
62.0 2.0974e+01 -8.6662e+00 0.0000e+00 0.0000e+00 -8.6662e+00 2.0475e+01 0.0000e+00 0.0000e+00 0.0000e+00 0.0000e+00 1.7743e+01 -2.1629e-01 0.0000e+00 0.0000e+00 2.1629e-01 1.7703e+01 
63.0 2.0154e+01 -8.6284e+00 0.0000e+00 0.0000e+00 -8.6284e+00 1.9658e+01 0.0000e+00 0.0000e+00 0.0000e+00 0.0000e+00 1.6803e+01 -1.8520e-01 0.0000e+00 0.0000e+00 1.8520e-01 1.6771e+01 
64.0 1.9376e+01 -8.5856e+00 0.0000e+00 0.0000e+00 -8.5856e+00 1.8882e+01 0.0000e+00 0.0000e+00 0.0000e+00 0.0000e+00 1.5904e+01 -1.5484e-01 0.0000e+00 0.0000e+00 1.5484e-01 1.5881e+01 
65.0 1.8637e+01 -8.5379e+00 0.0000e+00 0.0000e+00 -8.5379e+00 1.8145e+01 0.0000e+00 0.0000e+00 0.0000e+00 0.0000e+00 1.5046e+01 -1.2526e-01 0.0000e+00 0.0000e+00 1.2526e-01 1.5031e+01 
66.0 1.7934e+01 -8.4856e+00 0.0000e+00 0.0000e+00 -8.4856e+00 1.7445e+01 0.0000e+00 0.0000e+00 0.0000e+00 0.0000e+00 1.4225e+01 -9.6442e-02 0.0000e+00 0.0000e+00 9.6442e-02 1.4218e+01 
67.0 1.7266e+01 -8.4288e+00 0.0000e+00 0.0000e+00 -8.4288e+00 1.6779e+01 0.0000e+00 0.0000e+00 0.0000e+00 0.0000e+00 1.3440e+01 -6.8393e-02 0.0000e+00 0.0000e+00 6.8393e-02 1.3442e+01 
68.0 1.6632e+01 -8.3678e+00 0.0000e+00 0.0000e+00 -8.3678e+00 1.6146e+01 0.0000e+00 0.0000e+00 0.0000e+00 0.0000e+00 1.2690e+01 -4.1125e-02 0.0000e+00 0.0000e+00 4.1125e-02 1.2700e+01 
69.0 1.6029e+01 -8.3029e+00 0.0000e+00 0.0000e+00 -8.3029e+00 1.5545e+01 0.0000e+00 0.0000e+00 0.0000e+00 0.0000e+00 1.1972e+01 -1.4662e-02 0.0000e+00 0.0000e+00 1.4662e-02 1.1991e+01 
70.0 1.5455e+01 -8.2341e+00 0.0000e+00 0.0000e+00 -8.2341e+00 1.4973e+01 0.0000e+00 0.0000e+00 0.0000e+00 0.0000e+00 1.1284e+01 1.0999e-02 0.0000e+00 0.0000e+00 -1.0999e-02 1.1312e+01 
71.0 1.4911e+01 -8.1617e+00 0.0000e+00 0.0000e+00 -8.1617e+00 1.4429e+01 0.0000e+00 0.0000e+00 0.0000e+00 0.0000e+00 1.0626e+01 3.5871e-02 0.0000e+00 0.0000e+00 -3.5871e-02 1.0662e+01 
72.0 1.4393e+01 -8.0860e+00 0.0000e+00 0.0000e+00 -8.0860e+00 1.3913e+01 0.0000e+00 0.0000e+00 0.0000e+00 0.0000e+00 9.9966e+00 5.9941e-02 0.0000e+00 0.0000e+00 -5.9941e-02 1.0041e+01 
73.0 1.3901e+01 -8.0071e+00 0.0000e+00 0.0000e+00 -8.0071e+00 1.3421e+01 0.0000e+00 0.0000e+00 0.0000e+00 0.0000e+00 9.3933e+00 8.3148e-02 0.0000e+00 0.0000e+00 -8.3148e-02 9.4461e+00 
74.0 1.3433e+01 -7.9253e+00 0.0000e+00 0.0000e+00 -7.9253e+00 1.2955e+01 0.0000e+00 0.0000e+00 0.0000e+00 0.0000e+00 8.8155e+00 1.0540e-01 0.0000e+00 0.0000e+00 -1.0540e-01 8.8768e+00 
75.0 1.2988e+01 -7.8408e+00 0.0000e+00 0.0000e+00 -7.8408e+00 1.2511e+01 0.0000e+00 0.0000e+00 0.0000e+00 0.0000e+00 8.2619e+00 1.2661e-01 0.0000e+00 0.0000e+00 -1.2661e-01 8.3315e+00 
76.0 1.2565e+01 -7.7536e+00 0.0000e+00 0.0000e+00 -7.7536e+00 1.2088e+01 0.0000e+00 0.0000e+00 0.0000e+00 0.0000e+00 7.7312e+00 1.4670e-01 0.0000e+00 0.0000e+00 -1.4670e-01 7.8092e+00 
77.0 1.2163e+01 -7.6638e+00 0.0000e+00 0.0000e+00 -7.6638e+00 1.1687e+01 0.0000e+00 0.0000e+00 0.0000e+00 0.0000e+00 7.2224e+00 1.6563e-01 0.0000e+00 0.0000e+00 -1.6563e-01 7.3087e+00 
78.0 1.1781e+01 -7.5716e+00 0.0000e+00 0.0000e+00 -7.5716e+00 1.1305e+01 0.0000e+00 0.0000e+00 0.0000e+00 0.0000e+00 6.7343e+00 1.8340e-01 0.0000e+00 0.0000e+00 -1.8340e-01 6.8289e+00 
79.0 1.1417e+01 -7.4772e+00 0.0000e+00 0.0000e+00 -7.4772e+00 1.0941e+01 0.0000e+00 0.0000e+00 0.0000e+00 0.0000e+00 6.2659e+00 2.0003e-01 0.0000e+00 0.0000e+00 -2.0003e-01 6.3688e+00 
80.0 1.1071e+01 -7.3807e+00 0.0000e+00 0.0000e+00 -7.3807e+00 1.0596e+01 0.0000e+00 0.0000e+00 0.0000e+00 0.0000e+00 5.8163e+00 2.1553e-01 0.0000e+00 0.0000e+00 -2.1553e-01 5.9274e+00 
81.0 1.0742e+01 -7.2822e+00 0.0000e+00 0.0000e+00 -7.2822e+00 1.0267e+01 0.0000e+00 0.0000e+00 0.0000e+00 0.0000e+00 5.3846e+00 2.2991e-01 0.0000e+00 0.0000e+00 -2.2991e-01 5.5038e+00 
82.0 1.0429e+01 -7.1818e+00 0.0000e+00 0.0000e+00 -7.1818e+00 9.9536e+00 0.0000e+00 0.0000e+00 0.0000e+00 0.0000e+00 4.9700e+00 2.4318e-01 0.0000e+00 0.0000e+00 -2.4318e-01 5.0972e+00 
83.0 1.0131e+01 -7.0796e+00 0.0000e+00 0.0000e+00 -7.0796e+00 9.6557e+00 0.0000e+00 0.0000e+00 0.0000e+00 0.0000e+00 4.5717e+00 2.5537e-01 0.0000e+00 0.0000e+00 -2.5537e-01 4.7068e+00 
84.0 9.8471e+00 -6.9759e+00 0.0000e+00 0.0000e+00 -6.9759e+00 9.3724e+00 0.0000e+00 0.0000e+00 0.0000e+00 0.0000e+00 4.1890e+00 2.6648e-01 0.0000e+00 0.0000e+00 -2.6648e-01 4.3318e+00 
85.0 9.5773e+00 -6.8706e+00 0.0000e+00 0.0000e+00 -6.8706e+00 9.1027e+00 0.0000e+00 0.0000e+00 0.0000e+00 0.0000e+00 3.8210e+00 2.7658e-01 0.0000e+00 0.0000e+00 -2.7658e-01 3.9715e+00 
86.0 9.3207e+00 -6.7639e+00 0.0000e+00 0.0000e+00 -6.7639e+00 8.8462e+00 0.0000e+00 0.0000e+00 0.0000e+00 0.0000e+00 3.4672e+00 2.8571e-01 0.0000e+00 0.0000e+00 -2.8571e-01 3.6251e+00 
87.0 9.0765e+00 -6.6559e+00 0.0000e+00 0.0000e+00 -6.6559e+00 8.6022e+00 0.0000e+00 0.0000e+00 0.0000e+00 0.0000e+00 3.1269e+00 2.9396e-01 0.0000e+00 0.0000e+00 -2.9396e-01 3.2922e+00 
88.0 8.8443e+00 -6.5467e+00 0.0000e+00 0.0000e+00 -6.5467e+00 8.3702e+00 0.0000e+00 0.0000e+00 0.0000e+00 0.0000e+00 2.7996e+00 3.0141e-01 0.0000e+00 0.0000e+00 -3.0141e-01 2.9720e+00 
89.0 8.6234e+00 -6.4364e+00 0.0000e+00 0.0000e+00 -6.4364e+00 8.1497e+00 0.0000e+00 0.0000e+00 0.0000e+00 0.0000e+00 2.4847e+00 3.0814e-01 0.0000e+00 0.0000e+00 -3.0814e-01 2.6641e+00 
90.0 8.4135e+00 -6.3253e+00 0.0000e+00 0.0000e+00 -6.3253e+00 7.9401e+00 0.0000e+00 0.0000e+00 0.0000e+00 0.0000e+00 2.1817e+00 3.1421e-01 0.0000e+00 0.0000e+00 -3.1421e-01 2.3679e+00 
91.0 8.2140e+00 -6.2133e+00 0.0000e+00 0.0000e+00 -6.2133e+00 7.7410e+00 0.0000e+00 0.0000e+00 0.0000e+00 0.0000e+00 1.8902e+00 3.1967e-01 0.0000e+00 0.0000e+00 -3.1967e-01 2.0829e+00 
92.0 8.0245e+00 -6.1007e+00 0.0000e+00 0.0000e+00 -6.1007e+00 7.5519e+00 0.0000e+00 0.0000e+00 0.0000e+00 0.0000e+00 1.6096e+00 3.2457e-01 0.0000e+00 0.0000e+00 -3.2457e-01 1.8087e+00 
93.0 7.8445e+00 -5.9875e+00 0.0000e+00 0.0000e+00 -5.9875e+00 7.3725e+00 0.0000e+00 0.0000e+00 0.0000e+00 0.0000e+00 1.3396e+00 3.2897e-01 0.0000e+00 0.0000e+00 -3.2897e-01 1.5449e+00 
94.0 7.6737e+00 -5.8739e+00 0.0000e+00 0.0000e+00 -5.8739e+00 7.2024e+00 0.0000e+00 0.0000e+00 0.0000e+00 0.0000e+00 1.0798e+00 3.3291e-01 0.0000e+00 0.0000e+00 -3.3291e-01 1.2909e+00 
95.0 7.5117e+00 -5.7600e+00 0.0000e+00 0.0000e+00 -5.7600e+00 7.0411e+00 0.0000e+00 0.0000e+00 0.0000e+00 0.0000e+00 8.2967e-01 3.3646e-01 0.0000e+00 0.0000e+00 -3.3646e-01 1.0465e+00 
96.0 7.3580e+00 -5.6457e+00 0.0000e+00 0.0000e+00 -5.6457e+00 6.8883e+00 0.0000e+00 0.0000e+00 0.0000e+00 0.0000e+00 5.8898e-01 3.3965e-01 0.0000e+00 0.0000e+00 -3.3965e-01 8.1131e-01 
97.0 7.2125e+00 -5.5314e+00 0.0000e+00 0.0000e+00 -5.5314e+00 6.7437e+00 0.0000e+00 0.0000e+00 0.0000e+00 0.0000e+00 3.5733e-01 3.4252e-01 0.0000e+00 0.0000e+00 -3.4252e-01 5.8490e-01 
98.0 7.0747e+00 -5.4170e+00 0.0000e+00 0.0000e+00 -5.4170e+00 6.6070e+00 0.0000e+00 0.0000e+00 0.0000e+00 0.0000e+00 1.3436e-01 3.4511e-01 0.0000e+00 0.0000e+00 -3.4511e-01 3.6696e-01 
99.0 6.9444e+00 -5.3027e+00 0.0000e+00 0.0000e+00 -5.3027e+00 6.4777e+00 0.0000e+00 0.0000e+00 0.0000e+00 0.0000e+00 -8.0250e-02 3.4746e-01 0.0000e+00 0.0000e+00 -3.4746e-01 1.5716e-01 
100.0 6.8212e+00 -5.1886e+00 0.0000e+00 0.0000e+00 -5.1886e+00 6.3557e+00 0.0000e+00 0.0000e+00 0.0000e+00 0.0000e+00 -2.8682e-01 3.4959e-01 0.0000e+00 0.0000e+00 -3.4959e-01 -4.4794e-02 
101.0 6.7048e+00 -5.0747e+00 0.0000e+00 0.0000e+00 -5.0747e+00 6.2406e+00 0.0000e+00 0.0000e+00 0.0000e+00 0.0000e+00 -4.8566e-01 3.5154e-01 0.0000e+00 0.0000e+00 -3.5154e-01 -2.3921e-01 
102.0 6.5950e+00 -4.9611e+00 0.0000e+00 0.0000e+00 -4.9611e+00 6.1320e+00 0.0000e+00 0.0000e+00 0.0000e+00 0.0000e+00 -6.7704e-01 3.5331e-01 0.0000e+00 0.0000e+00 -3.5331e-01 -4.2636e-01 
103.0 6.4914e+00 -4.8480e+00 0.0000e+00 0.0000e+00 -4.8480e+00 6.0298e+00 0.0000e+00 0.0000e+00 0.0000e+00 0.0000e+00 -8.6123e-01 3.5492e-01 0.0000e+00 0.0000e+00 -3.5492e-01 -6.0650e-01 
104.0 6.3938e+00 -4.7353e+00 0.0000e+00 0.0000e+00 -4.7353e+00 5.9337e+00 0.0000e+00 0.0000e+00 0.0000e+00 0.0000e+00 -1.0385e+00 3.5636e-01 0.0000e+00 0.0000e+00 -3.5636e-01 -7.7988e-01 
105.0 6.3020e+00 -4.6232e+00 0.0000e+00 0.0000e+00 -4.6232e+00 5.8433e+00 0.0000e+00 0.0000e+00 0.0000e+00 0.0000e+00 -1.2091e+00 3.5764e-01 0.0000e+00 0.0000e+00 -3.5764e-01 -9.4675e-01 
106.0 6.2157e+00 -4.5118e+00 0.0000e+00 0.0000e+00 -4.5118e+00 5.7585e+00 0.0000e+00 0.0000e+00 0.0000e+00 0.0000e+00 -1.3732e+00 3.5876e-01 0.0000e+00 0.0000e+00 -3.5876e-01 -1.1073e+00 
107.0 6.1346e+00 -4.4010e+00 0.0000e+00 0.0000e+00 -4.4010e+00 5.6790e+00 0.0000e+00 0.0000e+00 0.0000e+00 0.0000e+00 -1.5312e+00 3.5971e-01 0.0000e+00 0.0000e+00 -3.5971e-01 -1.2619e+00 
108.0 6.0586e+00 -4.2910e+00 0.0000e+00 0.0000e+00 -4.2910e+00 5.6045e+00 0.0000e+00 0.0000e+00 0.0000e+00 0.0000e+00 -1.6832e+00 3.6050e-01 0.0000e+00 0.0000e+00 -3.6050e-01 -1.4106e+00 
109.0 5.9873e+00 -4.1817e+00 0.0000e+00 0.0000e+00 -4.1817e+00 5.5348e+00 0.0000e+00 0.0000e+00 0.0000e+00 0.0000e+00 -1.8294e+00 3.6112e-01 0.0000e+00 0.0000e+00 -3.6112e-01 -1.5537e+00 
110.0 5.9206e+00 -4.0733e+00 0.0000e+00 0.0000e+00 -4.0733e+00 5.4697e+00 0.0000e+00 0.0000e+00 0.0000e+00 0.0000e+00 -1.9701e+00 3.6156e-01 0.0000e+00 0.0000e+00 -3.6156e-01 -1.6914e+00 
111.0 5.8583e+00 -3.9658e+00 0.0000e+00 0.0000e+00 -3.9658e+00 5.4090e+00 0.0000e+00 0.0000e+00 0.0000e+00 0.0000e+00 -2.1055e+00 3.6181e-01 0.0000e+00 0.0000e+00 -3.6181e-01 -1.8238e+00 
112.0 5.8002e+00 -3.8593e+00 0.0000e+00 0.0000e+00 -3.8593e+00 5.3525e+00 0.0000e+00 0.0000e+00 0.0000e+00 0.0000e+00 -2.2357e+00 3.6186e-01 0.0000e+00 0.0000e+00 -3.6186e-01 -1.9513e+00 
113.0 5.7461e+00 -3.7537e+00 0.0000e+00 0.0000e+00 -3.7537e+00 5.3000e+00 0.0000e+00 0.0000e+00 0.0000e+00 0.0000e+00 -2.3611e+00 3.6170e-01 0.0000e+00 0.0000e+00 -3.6170e-01 -2.0739e+00 
114.0 5.6958e+00 -3.6492e+00 0.0000e+00 0.0000e+00 -3.6492e+00 5.2513e+00 0.0000e+00 0.0000e+00 0.0000e+00 0.0000e+00 -2.4817e+00 3.6131e-01 0.0000e+00 0.0000e+00 -3.6131e-01 -2.1919e+00 
115.0 5.6492e+00 -3.5458e+00 0.0000e+00 0.0000e+00 -3.5458e+00 5.2063e+00 0.0000e+00 0.0000e+00 0.0000e+00 0.0000e+00 -2.5978e+00 3.6067e-01 0.0000e+00 0.0000e+00 -3.6067e-01 -2.3054e+00 
116.0 5.6061e+00 -3.4434e+00 0.0000e+00 0.0000e+00 -3.4434e+00 5.1647e+00 0.0000e+00 0.0000e+00 0.0000e+00 0.0000e+00 -2.7095e+00 3.5978e-01 0.0000e+00 0.0000e+00 -3.5978e-01 -2.4146e+00 
117.0 5.5662e+00 -3.3422e+00 0.0000e+00 0.0000e+00 -3.3422e+00 5.1263e+00 0.0000e+00 0.0000e+00 0.0000e+00 0.0000e+00 -2.8171e+00 3.5861e-01 0.0000e+00 0.0000e+00 -3.5861e-01 -2.5198e+00 
118.0 5.5295e+00 -3.2421e+00 0.0000e+00 0.0000e+00 -3.2421e+00 5.0911e+00 0.0000e+00 0.0000e+00 0.0000e+00 0.0000e+00 -2.9207e+00 3.5718e-01 0.0000e+00 0.0000e+00 -3.5718e-01 -2.6210e+00 
119.0 5.4959e+00 -3.1432e+00 0.0000e+00 0.0000e+00 -3.1432e+00 5.0590e+00 0.0000e+00 0.0000e+00 0.0000e+00 0.0000e+00 -3.0205e+00 3.5550e-01 0.0000e+00 0.0000e+00 -3.5550e-01 -2.7185e+00 
120.0 5.4651e+00 -3.0455e+00 0.0000e+00 0.0000e+00 -3.0455e+00 5.0297e+00 0.0000e+00 0.0000e+00 0.0000e+00 0.0000e+00 -3.1167e+00 3.5357e-01 0.0000e+00 0.0000e+00 -3.5357e-01 -2.8124e+00 
121.0 5.4371e+00 -2.9490e+00 0.0000e+00 0.0000e+00 -2.9490e+00 5.0030e+00 0.0000e+00 0.0000e+00 0.0000e+00 0.0000e+00 -3.2093e+00 3.5141e-01 0.0000e+00 0.0000e+00 -3.5141e-01 -2.9028e+00 
122.0 5.4117e+00 -2.8537e+00 0.0000e+00 0.0000e+00 -2.8537e+00 4.9790e+00 0.0000e+00 0.0000e+00 0.0000e+00 0.0000e+00 -3.2985e+00 3.4901e-01 0.0000e+00 0.0000e+00 -3.4901e-01 -2.9900e+00 
123.0 5.3887e+00 -2.7597e+00 0.0000e+00 0.0000e+00 -2.7597e+00 4.9575e+00 0.0000e+00 0.0000e+00 0.0000e+00 0.0000e+00 -3.3845e+00 3.4640e-01 0.0000e+00 0.0000e+00 -3.4640e-01 -3.0739e+00 
124.0 5.3681e+00 -2.6669e+00 0.0000e+00 0.0000e+00 -2.6669e+00 4.9382e+00 0.0000e+00 0.0000e+00 0.0000e+00 0.0000e+00 -3.4674e+00 3.4358e-01 0.0000e+00 0.0000e+00 -3.4358e-01 -3.1548e+00 
125.0 5.3498e+00 -2.5754e+00 0.0000e+00 0.0000e+00 -2.5754e+00 4.9213e+00 0.0000e+00 0.0000e+00 0.0000e+00 0.0000e+00 -3.5473e+00 3.4058e-01 0.0000e+00 0.0000e+00 -3.4058e-01 -3.2328e+00 
126.0 5.3336e+00 -2.4852e+00 0.0000e+00 0.0000e+00 -2.4852e+00 4.9064e+00 0.0000e+00 0.0000e+00 0.0000e+00 0.0000e+00 -3.6244e+00 3.3739e-01 0.0000e+00 0.0000e+00 -3.3739e-01 -3.3080e+00 
127.0 5.3194e+00 -2.3964e+00 0.0000e+00 0.0000e+00 -2.3964e+00 4.8936e+00 0.0000e+00 0.0000e+00 0.0000e+00 0.0000e+00 -3.6986e+00 3.3404e-01 0.0000e+00 0.0000e+00 -3.3404e-01 -3.3805e+00 
128.0 5.3072e+00 -2.3089e+00 0.0000e+00 0.0000e+00 -2.3089e+00 4.8827e+00 0.0000e+00 0.0000e+00 0.0000e+00 0.0000e+00 -3.7703e+00 3.3053e-01 0.0000e+00 0.0000e+00 -3.3053e-01 -3.4504e+00 
129.0 5.2968e+00 -2.2228e+00 0.0000e+00 0.0000e+00 -2.2228e+00 4.8736e+00 0.0000e+00 0.0000e+00 0.0000e+00 0.0000e+00 -3.8393e+00 3.2687e-01 0.0000e+00 0.0000e+00 -3.2687e-01 -3.5179e+00 
130.0 5.2881e+00 -2.1381e+00 0.0000e+00 0.0000e+00 -2.1381e+00 4.8663e+00 0.0000e+00 0.0000e+00 0.0000e+00 0.0000e+00 -3.9059e+00 3.2310e-01 0.0000e+00 0.0000e+00 -3.2310e-01 -3.5829e+00 
131.0 5.2811e+00 -2.0549e+00 0.0000e+00 0.0000e+00 -2.0549e+00 4.8606e+00 0.0000e+00 0.0000e+00 0.0000e+00 0.0000e+00 -3.9701e+00 3.1922e-01 0.0000e+00 0.0000e+00 -3.1922e-01 -3.6456e+00 
132.0 5.2756e+00 -1.9731e+00 0.0000e+00 0.0000e+00 -1.9731e+00 4.8566e+00 0.0000e+00 0.0000e+00 0.0000e+00 0.0000e+00 -4.0320e+00 3.1526e-01 0.0000e+00 0.0000e+00 -3.1526e-01 -3.7061e+00 
133.0 5.2717e+00 -1.8928e+00 0.0000e+00 0.0000e+00 -1.8928e+00 4.8540e+00 0.0000e+00 0.0000e+00 0.0000e+00 0.0000e+00 -4.0917e+00 3.1122e-01 0.0000e+00 0.0000e+00 -3.1122e-01 -3.7645e+00 
134.0 5.2692e+00 -1.8141e+00 0.0000e+00 0.0000e+00 -1.8141e+00 4.8529e+00 0.0000e+00 0.0000e+00 0.0000e+00 0.0000e+00 -4.1492e+00 3.0709e-01 0.0000e+00 0.0000e+00 -3.0709e-01 -3.8207e+00 
135.0 5.2679e+00 -1.7369e+00 0.0000e+00 0.0000e+00 -1.7369e+00 4.8532e+00 0.0000e+00 0.0000e+00 0.0000e+00 0.0000e+00 -4.2045e+00 3.0284e-01 0.0000e+00 0.0000e+00 -3.0284e-01 -3.8749e+00 
136.0 5.2678e+00 -1.6613e+00 0.0000e+00 0.0000e+00 -1.6613e+00 4.8547e+00 0.0000e+00 0.0000e+00 0.0000e+00 0.0000e+00 -4.2578e+00 2.9847e-01 0.0000e+00 0.0000e+00 -2.9847e-01 -3.9272e+00 
137.0 5.2689e+00 -1.5874e+00 0.0000e+00 0.0000e+00 -1.5874e+00 4.8574e+00 0.0000e+00 0.0000e+00 0.0000e+00 0.0000e+00 -4.3091e+00 2.9395e-01 0.0000e+00 0.0000e+00 -2.9395e-01 -3.9777e+00 
138.0 5.2710e+00 -1.5150e+00 0.0000e+00 0.0000e+00 -1.5150e+00 4.8612e+00 0.0000e+00 0.0000e+00 0.0000e+00 0.0000e+00 -4.3584e+00 2.8929e-01 0.0000e+00 0.0000e+00 -2.8929e-01 -4.0263e+00 
139.0 5.2739e+00 -1.4442e+00 0.0000e+00 0.0000e+00 -1.4442e+00 4.8661e+00 0.0000e+00 0.0000e+00 0.0000e+00 0.0000e+00 -4.4059e+00 2.8448e-01 0.0000e+00 0.0000e+00 -2.8448e-01 -4.0732e+00 
140.0 5.2777e+00 -1.3751e+00 0.0000e+00 0.0000e+00 -1.3751e+00 4.8718e+00 0.0000e+00 0.0000e+00 0.0000e+00 0.0000e+00 -4.4515e+00 2.7949e-01 0.0000e+00 0.0000e+00 -2.7949e-01 -4.1185e+00 
141.0 5.2822e+00 -1.3077e+00 0.0000e+00 0.0000e+00 -1.3077e+00 4.8785e+00 0.0000e+00 0.0000e+00 0.0000e+00 0.0000e+00 -4.4954e+00 2.7428e-01 0.0000e+00 0.0000e+00 -2.7428e-01 -4.1622e+00 
142.0 5.2873e+00 -1.2419e+00 0.0000e+00 0.0000e+00 -1.2419e+00 4.8859e+00 0.0000e+00 0.0000e+00 0.0000e+00 0.0000e+00 -4.5375e+00 2.6885e-01 0.0000e+00 0.0000e+00 -2.6885e-01 -4.2043e+00 
143.0 5.2930e+00 -1.1777e+00 0.0000e+00 0.0000e+00 -1.1777e+00 4.8941e+00 0.0000e+00 0.0000e+00 0.0000e+00 0.0000e+00 -4.5779e+00 2.6323e-01 0.0000e+00 0.0000e+00 -2.6323e-01 -4.2450e+00 
144.0 5.2993e+00 -1.1152e+00 0.0000e+00 0.0000e+00 -1.1152e+00 4.9031e+00 0.0000e+00 0.0000e+00 0.0000e+00 0.0000e+00 -4.6166e+00 2.5746e-01 0.0000e+00 0.0000e+00 -2.5746e-01 -4.2841e+00 
145.0 5.3060e+00 -1.0543e+00 0.0000e+00 0.0000e+00 -1.0543e+00 4.9127e+00 0.0000e+00 0.0000e+00 0.0000e+00 0.0000e+00 -4.6537e+00 2.5153e-01 0.0000e+00 0.0000e+00 -2.5153e-01 -4.3219e+00 
146.0 5.3132e+00 -9.9504e-01 0.0000e+00 0.0000e+00 -9.9504e-01 4.9229e+00 0.0000e+00 0.0000e+00 0.0000e+00 0.0000e+00 -4.6891e+00 2.4542e-01 0.0000e+00 0.0000e+00 -2.4542e-01 -4.3582e+00 
147.0 5.3206e+00 -9.3735e-01 0.0000e+00 0.0000e+00 -9.3735e-01 4.9336e+00 0.0000e+00 0.0000e+00 0.0000e+00 0.0000e+00 -4.7229e+00 2.3908e-01 0.0000e+00 0.0000e+00 -2.3908e-01 -4.3933e+00 
148.0 5.3283e+00 -8.8121e-01 0.0000e+00 0.0000e+00 -8.8121e-01 4.9448e+00 0.0000e+00 0.0000e+00 0.0000e+00 0.0000e+00 -4.7553e+00 2.3250e-01 0.0000e+00 0.0000e+00 -2.3250e-01 -4.4270e+00 
149.0 5.3361e+00 -8.2661e-01 0.0000e+00 0.0000e+00 -8.2661e-01 4.9562e+00 0.0000e+00 0.0000e+00 0.0000e+00 0.0000e+00 -4.7862e+00 2.2567e-01 0.0000e+00 0.0000e+00 -2.2567e-01 -4.4596e+00 
150.0 5.3441e+00 -7.7355e-01 0.0000e+00 0.0000e+00 -7.7355e-01 4.9681e+00 0.0000e+00 0.0000e+00 0.0000e+00 0.0000e+00 -4.8157e+00 2.1859e-01 0.0000e+00 0.0000e+00 -2.1859e-01 -4.4910e+00 
151.0 5.3523e+00 -7.2202e-01 0.0000e+00 0.0000e+00 -7.2202e-01 4.9801e+00 0.0000e+00 0.0000e+00 0.0000e+00 0.0000e+00 -4.8439e+00 2.1127e-01 0.0000e+00 0.0000e+00 -2.1127e-01 -4.5213e+00 
152.0 5.3606e+00 -6.7199e-01 0.0000e+00 0.0000e+00 -6.7199e-01 4.9924e+00 0.0000e+00 0.0000e+00 0.0000e+00 0.0000e+00 -4.8708e+00 2.0371e-01 0.0000e+00 0.0000e+00 -2.0371e-01 -4.5504e+00 
153.0 5.3691e+00 -6.2346e-01 0.0000e+00 0.0000e+00 -6.2346e-01 5.0050e+00 0.0000e+00 0.0000e+00 0.0000e+00 0.0000e+00 -4.8965e+00 1.9590e-01 0.0000e+00 0.0000e+00 -1.9590e-01 -4.5783e+00 
154.0 5.3778e+00 -5.7639e-01 0.0000e+00 0.0000e+00 -5.7639e-01 5.0178e+00 0.0000e+00 0.0000e+00 0.0000e+00 0.0000e+00 -4.9209e+00 1.8783e-01 0.0000e+00 0.0000e+00 -1.8783e-01 -4.6050e+00 
155.0 5.3867e+00 -5.3076e-01 0.0000e+00 0.0000e+00 -5.3076e-01 5.0307e+00 0.0000e+00 0.0000e+00 0.0000e+00 0.0000e+00 -4.9441e+00 1.7956e-01 0.0000e+00 0.0000e+00 -1.7956e-01 -4.6306e+00 
156.0 5.3960e+00 -4.8655e-01 0.0000e+00 0.0000e+00 -4.8655e-01 5.0441e+00 0.0000e+00 0.0000e+00 0.0000e+00 0.0000e+00 -4.9660e+00 1.7122e-01 0.0000e+00 0.0000e+00 -1.7122e-01 -4.6551e+00 
157.0 5.4057e+00 -4.4375e-01 0.0000e+00 0.0000e+00 -4.4375e-01 5.0579e+00 0.0000e+00 0.0000e+00 0.0000e+00 0.0000e+00 -4.9868e+00 1.6292e-01 0.0000e+00 0.0000e+00 -1.6292e-01 -4.6784e+00 
158.0 5.4157e+00 -4.0239e-01 0.0000e+00 0.0000e+00 -4.0239e-01 5.0722e+00 0.0000e+00 0.0000e+00 0.0000e+00 0.0000e+00 -5.0063e+00 1.5466e-01 0.0000e+00 0.0000e+00 -1.5466e-01 -4.7006e+00 
159.0 5.4261e+00 -3.6250e-01 0.0000e+00 0.0000e+00 -3.6250e-01 5.0867e+00 0.0000e+00 0.0000e+00 0.0000e+00 0.0000e+00 -5.0247e+00 1.4629e-01 0.0000e+00 0.0000e+00 -1.4629e-01 -4.7219e+00 
160.0 5.4365e+00 -3.2407e-01 0.0000e+00 0.0000e+00 -3.2407e-01 5.1015e+00 0.0000e+00 0.0000e+00 0.0000e+00 0.0000e+00 -5.0420e+00 1.3774e-01 0.0000e+00 0.0000e+00 -1.3774e-01 -4.7422e+00 
161.0 5.4472e+00 -2.8707e-01 0.0000e+00 0.0000e+00 -2.8707e-01 5.1167e+00 0.0000e+00 0.0000e+00 0.0000e+00 0.0000e+00 -5.0582e+00 1.2904e-01 0.0000e+00 0.0000e+00 -1.2904e-01 -4.7616e+00 
162.0 5.4583e+00 -2.5147e-01 0.0000e+00 0.0000e+00 -2.5147e-01 5.1324e+00 0.0000e+00 0.0000e+00 0.0000e+00 0.0000e+00 -5.0733e+00 1.2027e-01 0.0000e+00 0.0000e+00 -1.2027e-01 -4.7800e+00 
163.0 5.4697e+00 -2.1734e-01 0.0000e+00 0.0000e+00 -2.1734e-01 5.1488e+00 0.0000e+00 0.0000e+00 0.0000e+00 0.0000e+00 -5.0872e+00 1.1132e-01 0.0000e+00 0.0000e+00 -1.1132e-01 -4.7976e+00 
164.0 5.4812e+00 -1.8480e-01 0.0000e+00 0.0000e+00 -1.8480e-01 5.1654e+00 0.0000e+00 0.0000e+00 0.0000e+00 0.0000e+00 -5.1002e+00 1.0184e-01 0.0000e+00 0.0000e+00 -1.0184e-01 -4.8146e+00 
165.0 5.4921e+00 -1.5408e-01 0.0000e+00 0.0000e+00 -1.5408e-01 5.1815e+00 0.0000e+00 0.0000e+00 0.0000e+00 0.0000e+00 -5.1125e+00 9.1317e-02 0.0000e+00 0.0000e+00 -9.1317e-02 -4.8311e+00 
166.0 5.5024e+00 -1.2546e-01 0.0000e+00 0.0000e+00 -1.2546e-01 5.1966e+00 0.0000e+00 0.0000e+00 0.0000e+00 0.0000e+00 -5.1247e+00 7.9269e-02 0.0000e+00 0.0000e+00 -7.9269e-02 -4.8473e+00 
167.0 5.5119e+00 -9.9395e-02 0.0000e+00 0.0000e+00 -9.9395e-02 5.2100e+00 0.0000e+00 0.0000e+00 0.0000e+00 0.0000e+00 -5.1373e+00 6.5302e-02 0.0000e+00 0.0000e+00 -6.5302e-02 -4.8630e+00 
168.0 5.5211e+00 -7.6352e-02 0.0000e+00 0.0000e+00 -7.6352e-02 5.2211e+00 0.0000e+00 0.0000e+00 0.0000e+00 0.0000e+00 -5.1509e+00 4.9196e-02 0.0000e+00 0.0000e+00 -4.9196e-02 -4.8779e+00 
169.0 5.5308e+00 -5.6714e-02 0.0000e+00 0.0000e+00 -5.6714e-02 5.2296e+00 0.0000e+00 0.0000e+00 0.0000e+00 0.0000e+00 -5.1661e+00 3.1061e-02 0.0000e+00 0.0000e+00 -3.1061e-02 -4.8909e+00 
170.0 5.5430e+00 -4.0648e-02 0.0000e+00 0.0000e+00 -4.0648e-02 5.2358e+00 0.0000e+00 0.0000e+00 0.0000e+00 0.0000e+00 -5.1834e+00 1.1398e-02 0.0000e+00 0.0000e+00 -1.1398e-02 -4.9009e+00 
171.0 5.5598e+00 -2.8144e-02 0.0000e+00 0.0000e+00 -2.8144e-02 5.2401e+00 0.0000e+00 0.0000e+00 0.0000e+00 0.0000e+00 -5.2035e+00 -8.9153e-03 0.0000e+00 0.0000e+00 8.9153e-03 -4.9064e+00 
172.0 5.5836e+00 -1.9141e-02 0.0000e+00 0.0000e+00 -1.9141e-02 5.2433e+00 0.0000e+00 0.0000e+00 0.0000e+00 0.0000e+00 -5.2271e+00 -2.8651e-02 0.0000e+00 0.0000e+00 2.8651e-02 -4.9060e+00 
173.0 5.6172e+00 -1.3469e-02 0.0000e+00 0.0000e+00 -1.3469e-02 5.2463e+00 0.0000e+00 0.0000e+00 0.0000e+00 0.0000e+00 -5.2547e+00 -4.5826e-02 0.0000e+00 0.0000e+00 4.5826e-02 -4.8987e+00 
174.0 5.6635e+00 -1.0523e-02 0.0000e+00 0.0000e+00 -1.0523e-02 5.2517e+00 0.0000e+00 0.0000e+00 0.0000e+00 0.0000e+00 -5.2870e+00 -5.7138e-02 0.0000e+00 0.0000e+00 5.7138e-02 -4.8842e+00 
175.0 5.7247e+00 -8.9855e-03 0.0000e+00 0.0000e+00 -8.9855e-03 5.2625e+00 0.0000e+00 0.0000e+00 0.0000e+00 0.0000e+00 -5.3232e+00 -5.8497e-02 0.0000e+00 0.0000e+00 5.8497e-02 -4.8635e+00 
176.0 5.7985e+00 -7.2206e-03 0.0000e+00 0.0000e+00 -7.2206e-03 5.2811e+00 0.0000e+00 0.0000e+00 0.0000e+00 0.0000e+00 -5.3609e+00 -4.7670e-02 0.0000e+00 0.0000e+00 4.7670e-02 -4.8393e+00 
177.0 5.8743e+00 -4.4066e-03 0.0000e+00 0.0000e+00 -4.4066e-03 5.3049e+00 0.0000e+00 0.0000e+00 0.0000e+00 0.0000e+00 -5.3951e+00 -2.7806e-02 0.0000e+00 0.0000e+00 2.7806e-02 -4.8160e+00 
178.0 5.9332e+00 -1.3937e-03 0.0000e+00 0.0000e+00 -1.3937e-03 5.3260e+00 0.0000e+00 0.0000e+00 0.0000e+00 0.0000e+00 -5.4195e+00 -8.2708e-03 0.0000e+00 0.0000e+00 8.2708e-03 -4.7988e+00 
179.0 5.9559e+00 -2.4511e-20 0.0000e+00 0.0000e+00 -2.4511e-20 5.3347e+00 0.0000e+00 0.0000e+00 0.0000e+00 0.0000e+00 -5.4285e+00 -1.0369e-19 0.0000e+00 0.0000e+00 1.0369e-19 -4.7923e+00 
180.0 5.9793e+00 0.0000e+00 0.0000e+00 0.0000e+00 0.0000e+00 5.3432e+00 0.0000e+00 0.0000e+00 0.0000e+00 0.0000e+00 -5.4374e+00 0.0000e+00 0.0000e+00 0.0000e+00 -0.0000e+00 -4.7861e+00 
