1.1392 1.2751 0.1359 0.074406
theta s11 s12 s13 s14 s21 s22 s23 s24 s31 s32 s33 s34 s41 s42 s43 s44
0.0 6.2564e+02 0.0000e+00 0.0000e+00 0.0000e+00 0.0000e+00 6.2509e+02 0.0000e+00 0.0000e+00 0.0000e+00 0.0000e+00 6.2509e+02 0.0000e+00 0.0000e+00 0.0000e+00 -0.0000e+00 6.2454e+02 
1.0 5.8797e+02 -2.8414e-04 0.0000e+00 0.0000e+00 -2.8414e-04 5.8742e+02 0.0000e+00 0.0000e+00 0.0000e+00 0.0000e+00 5.8742e+02 -1.7249e-01 0.0000e+00 0.0000e+00 1.7249e-01 5.8687e+02 
2.0 5.2714e+02 1.5403e-02 0.0000e+00 0.0000e+00 1.5403e-02 5.2660e+02 0.0000e+00 0.0000e+00 0.0000e+00 0.0000e+00 5.2660e+02 -6.2159e-01 0.0000e+00 0.0000e+00 6.2159e-01 5.2606e+02 
3.0 4.6906e+02 5.0148e-02 0.0000e+00 0.0000e+00 5.0148e-02 4.6853e+02 0.0000e+00 0.0000e+00 0.0000e+00 0.0000e+00 4.6852e+02 -1.2012e+00 0.0000e+00 0.0000e+00 1.2012e+00 4.6800e+02 
4.0 4.1576e+02 9.3365e-02 0.0000e+00 0.0000e+00 9.3365e-02 4.1524e+02 0.0000e+00 0.0000e+00 0.0000e+00 0.0000e+00 4.1523e+02 -1.7851e+00 0.0000e+00 0.0000e+00 1.7851e+00 4.1472e+02 
5.0 3.6783e+02 1.3374e-01 0.0000e+00 0.0000e+00 1.3374e-01 3.6732e+02 0.0000e+00 0.0000e+00 0.0000e+00 0.0000e+00 3.6730e+02 -2.3011e+00 0.0000e+00 0.0000e+00 2.3011e+00 3.6681e+02 
6.0 3.2527e+02 1.6257e-01 0.0000e+00 0.0000e+00 1.6257e-01 3.2478e+02 0.0000e+00 0.0000e+00 0.0000e+00 0.0000e+00 3.2474e+02 -2.7155e+00 0.0000e+00 0.0000e+00 2.7155e+00 3.2427e+02 
7.0 2.8780e+02 1.7468e-01 0.0000e+00 0.0000e+00 1.7468e-01 2.8731e+02 0.0000e+00 0.0000e+00 0.0000e+00 0.0000e+00 2.8726e+02 -3.0179e+00 0.0000e+00 0.0000e+00 3.0179e+00 2.8682e+02 
8.0 2.5500e+02 1.6848e-01 0.0000e+00 0.0000e+00 1.6848e-01 2.5453e+02 0.0000e+00 0.0000e+00 0.0000e+00 0.0000e+00 2.5446e+02 -3.2146e+00 0.0000e+00 0.0000e+00 3.2146e+00 2.5404e+02 
9.0 2.2641e+02 1.4485e-01 0.0000e+00 0.0000e+00 1.4485e-01 2.2595e+02 0.0000e+00 0.0000e+00 0.0000e+00 0.0000e+00 2.2586e+02 -3.3200e+00 0.0000e+00 0.0000e+00 3.3200e+00 2.2546e+02 
10.0 2.0153e+02 1.0607e-01 0.0000e+00 0.0000e+00 1.0607e-01 2.0108e+02 0.0000e+00 0.0000e+00 0.0000e+00 0.0000e+00 2.0097e+02 -3.3511e+00 0.0000e+00 0.0000e+00 3.3511e+00 2.0059e+02 
11.0 1.7991e+02 5.5057e-02 0.0000e+00 0.0000e+00 5.5057e-02 1.7948e+02 0.0000e+00 0.0000e+00 0.0000e+00 0.0000e+00 1.7935e+02 -3.3247e+00 0.0000e+00 0.0000e+00 3.3247e+00 1.7899e+02 
12.0 1.6116e+02 -5.2410e-03 0.0000e+00 0.0000e+00 -5.2410e-03 1.6074e+02 0.0000e+00 0.0000e+00 0.0000e+00 0.0000e+00 1.6059e+02 -3.2553e+00 0.0000e+00 0.0000e+00 3.2553e+00 1.6025e+02 
13.0 1.4487e+02 -7.2159e-02 0.0000e+00 0.0000e+00 -7.2159e-02 1.4446e+02 0.0000e+00 0.0000e+00 0.0000e+00 0.0000e+00 1.4429e+02 -3.1550e+00 0.0000e+00 0.0000e+00 3.1550e+00 1.4397e+02 
14.0 1.3073e+02 -1.4379e-01 0.0000e+00 0.0000e+00 -1.4379e-01 1.3033e+02 0.0000e+00 0.0000e+00 0.0000e+00 0.0000e+00 1.3014e+02 -3.0352e+00 0.0000e+00 0.0000e+00 3.0352e+00 1.2984e+02 
15.0 1.1840e+02 -2.1878e-01 0.0000e+00 0.0000e+00 -2.1878e-01 1.1801e+02 0.0000e+00 0.0000e+00 0.0000e+00 0.0000e+00 1.1781e+02 -2.9019e+00 0.0000e+00 0.0000e+00 2.9019e+00 1.1752e+02 
16.0 1.0761e+02 -2.9657e-01 0.0000e+00 0.0000e+00 -2.9657e-01 1.0723e+02 0.0000e+00 0.0000e+00 0.0000e+00 0.0000e+00 1.0701e+02 -2.7608e+00 0.0000e+00 0.0000e+00 2.7608e+00 1.0674e+02 
17.0 9.8113e+01 -3.7702e-01 0.0000e+00 0.0000e+00 -3.7702e-01 9.7744e+01 0.0000e+00 0.0000e+00 0.0000e+00 0.0000e+00 9.7515e+01 -2.6157e+00 0.0000e+00 0.0000e+00 2.6157e+00 9.7257e+01 
18.0 8.9711e+01 -4.6011e-01 0.0000e+00 0.0000e+00 -4.6011e-01 8.9350e+01 0.0000e+00 0.0000e+00 0.0000e+00 0.0000e+00 8.9109e+01 -2.4691e+00 0.0000e+00 0.0000e+00 2.4691e+00 8.8864e+01 
19.0 8.2244e+01 -5.4582e-01 0.0000e+00 0.0000e+00 -5.4582e-01 8.1891e+01 0.0000e+00 0.0000e+00 0.0000e+00 0.0000e+00 8.1910e+01 -2.3226e+00 0.0000e+00 0.0000e+00 2.3226e+00 8.1677e+01 
20.0 7.5595e+01 -6.3407e-01 0.0000e+00 0.0000e+00 -6.3407e-01 7.5249e+01 0.0000e+00 0.0000e+00 0.0000e+00 0.0000e+00 7.5487e+01 -2.1779e+00 0.0000e+00 0.0000e+00 2.1779e+00 7.5267e+01 
21.0 6.9666e+01 -7.2475e-01 0.0000e+00 0.0000e+00 -7.2475e-01 6.9327e+01 0.0000e+00 0.0000e+00 0.0000e+00 0.0000e+00 6.9751e+01 -2.0361e+00 0.0000e+00 0.0000e+00 2.0361e+00 6.9542e+01 
22.0 6.4373e+01 -8.1772e-01 0.0000e+00 0.0000e+00 -8.1772e-01 6.4040e+01 0.0000e+00 0.0000e+00 0.0000e+00 0.0000e+00 6.4623e+01 -1.8982e+00 0.0000e+00 0.0000e+00 1.8982e+00 6.4423e+01 
23.0 5.9637e+01 -9.1276e-01 0.0000e+00 0.0000e+00 -9.1276e-01 5.9309e+01 0.0000e+00 0.0000e+00 0.0000e+00 0.0000e+00 6.0027e+01 -1.7650e+00 0.0000e+00 0.0000e+00 1.7650e+00 5.9836e+01 
24.0 5.5383e+01 -1.0095e+00 0.0000e+00 0.0000e+00 -1.0095e+00 5.5062e+01 0.0000e+00 0.0000e+00 0.0000e+00 0.0000e+00 5.5894e+01 -1.6373e+00 0.0000e+00 0.0000e+00 1.6373e+00 5.5712e+01 
25.0 5.1549e+01 -1.1075e+00 0.0000e+00 0.0000e+00 -1.1075e+00 5.1233e+01 0.0000e+00 0.0000e+00 0.0000e+00 0.0000e+00 5.2162e+01 -1.5156e+00 0.0000e+00 0.0000e+00 1.5156e+00 5.1988e+01 
26.0 4.8078e+01 -1.2061e+00 0.0000e+00 0.0000e+00 -1.2061e+00 4.7767e+01 0.0000e+00 0.0000e+00 0.0000e+00 0.0000e+00 4.8779e+01 -1.4003e+00 0.0000e+00 0.0000e+00 1.4003e+00 4.8612e+01 
27.0 4.4926e+01 -1.3048e+00 0.0000e+00 0.0000e+00 -1.3048e+00 4.4619e+01 0.0000e+00 0.0000e+00 0.0000e+00 0.0000e+00 4.5702e+01 -1.2914e+00 0.0000e+00 0.0000e+00 1.2914e+00 4.5542e+01 
28.0 4.2057e+01 -1.4033e+00 0.0000e+00 0.0000e+00 -1.4033e+00 4.1754e+01 0.0000e+00 0.0000e+00 0.0000e+00 0.0000e+00 4.2897e+01 -1.1889e+00 0.0000e+00 0.0000e+00 1.1889e+00 4.2742e+01 
29.0 3.9440e+01 -1.5013e+00 0.0000e+00 0.0000e+00 -1.5013e+00 3.9141e+01 0.0000e+00 0.0000e+00 0.0000e+00 0.0000e+00 4.0334e+01 -1.0924e+00 0.0000e+00 0.0000e+00 1.0924e+00 4.0186e+01 
30.0 3.7051e+01 -1.5985e+00 0.0000e+00 0.0000e+00 -1.5985e+00 3.6755e+01 0.0000e+00 0.0000e+00 0.0000e+00 0.0000e+00 3.7992e+01 -1.0017e+00 0.0000e+00 0.0000e+00 1.0017e+00 3.7848e+01 
31.0 3.4867e+01 -1.6950e+00 0.0000e+00 0.0000e+00 -1.6950e+00 3.4575e+01 0.0000e+00 0.0000e+00 0.0000e+00 0.0000e+00 3.5698e+01 -9.1669e-01 0.0000e+00 0.0000e+00 9.1669e-01 3.5562e+01 
32.0 3.2867e+01 -1.7903e+00 0.0000e+00 0.0000e+00 -1.7903e+00 3.2578e+01 0.0000e+00 0.0000e+00 0.0000e+00 0.0000e+00 3.3593e+01 -8.3714e-01 0.0000e+00 0.0000e+00 8.3714e-01 3.3463e+01 
33.0 3.1032e+01 -1.8843e+00 0.0000e+00 0.0000e+00 -1.8843e+00 3.0746e+01 0.0000e+00 0.0000e+00 0.0000e+00 0.0000e+00 3.1656e+01 -7.6291e-01 0.0000e+00 0.0000e+00 7.6291e-01 3.1533e+01 
34.0 2.9343e+01 -1.9767e+00 0.0000e+00 0.0000e+00 -1.9767e+00 2.9060e+01 0.0000e+00 0.0000e+00 0.0000e+00 0.0000e+00 2.9870e+01 -6.9378e-01 0.0000e+00 0.0000e+00 6.9378e-01 2.9754e+01 
35.0 2.7784e+01 -2.0672e+00 0.0000e+00 0.0000e+00 -2.0672e+00 2.7504e+01 0.0000e+00 0.0000e+00 0.0000e+00 0.0000e+00 2.8219e+01 -6.2945e-01 0.0000e+00 0.0000e+00 6.2945e-01 2.8109e+01 
36.0 2.6342e+01 -2.1557e+00 0.0000e+00 0.0000e+00 -2.1557e+00 2.6063e+01 0.0000e+00 0.0000e+00 0.0000e+00 0.0000e+00 2.6689e+01 -5.6959e-01 0.0000e+00 0.0000e+00 5.6959e-01 2.6584e+01 
37.0 2.5003e+01 -2.2418e+00 0.0000e+00 0.0000e+00 -2.2418e+00 2.4727e+01 0.0000e+00 0.0000e+00 0.0000e+00 0.0000e+00 2.5268e+01 -5.1381e-01 0.0000e+00 0.0000e+00 5.1381e-01 2.5169e+01 
38.0 2.3758e+01 -2.3256e+00 0.0000e+00 0.0000e+00 -2.3256e+00 2.3484e+01 0.0000e+00 0.0000e+00 0.0000e+00 0.0000e+00 2.3945e+01 -4.6179e-01 0.0000e+00 0.0000e+00 4.6179e-01 2.3852e+01 
39.0 2.2598e+01 -2.4070e+00 0.0000e+00 0.0000e+00 -2.4070e+00 2.2326e+01 0.0000e+00 0.0000e+00 0.0000e+00 0.0000e+00 2.2711e+01 -4.1321e-01 0.0000e+00 0.0000e+00 4.1321e-01 2.2623e+01 
40.0 2.1515e+01 -2.4857e+00 0.0000e+00 0.0000e+00 -2.4857e+00 2.1245e+01 0.0000e+00 0.0000e+00 0.0000e+00 0.0000e+00 2.1559e+01 -3.6780e-01 0.0000e+00 0.0000e+00 3.6780e-01 2.1476e+01 
41.0 2.0504e+01 -2.5619e+00 0.0000e+00 0.0000e+00 -2.5619e+00 2.0235e+01 0.0000e+00 0.0000e+00 0.0000e+00 0.0000e+00 2.0479e+01 -3.2530e-01 0.0000e+00 0.0000e+00 3.2530e-01 2.0402e+01 
42.0 1.9558e+01 -2.6355e+00 0.0000e+00 0.0000e+00 -2.6355e+00 1.9290e+01 0.0000e+00 0.0000e+00 0.0000e+00 0.0000e+00 1.9468e+01 -2.8552e-01 0.0000e+00 0.0000e+00 2.8552e-01 1.9395e+01 
43.0 1.8671e+01 -2.7063e+00 0.0000e+00 0.0000e+00 -2.7063e+00 1.8406e+01 0.0000e+00 0.0000e+00 0.0000e+00 0.0000e+00 1.8517e+01 -2.4826e-01 0.0000e+00 0.0000e+00 2.4826e-01 1.8450e+01 
44.0 1.7840e+01 -2.7743e+00 0.0000e+00 0.0000e+00 -2.7743e+00 1.7576e+01 0.0000e+00 0.0000e+00 0.0000e+00 0.0000e+00 1.7623e+01 -2.1335e-01 0.0000e+00 0.0000e+00 2.1335e-01 1.7561e+01 
45.0 1.7060e+01 -2.8394e+00 0.0000e+00 0.0000e+00 -2.8394e+00 1.6797e+01 0.0000e+00 0.0000e+00 0.0000e+00 0.0000e+00 1.6780e+01 -1.8059e-01 0.0000e+00 0.0000e+00 1.8059e-01 1.6723e+01 
46.0 1.6327e+01 -2.9017e+00 0.0000e+00 0.0000e+00 -2.9017e+00 1.6065e+01 0.0000e+00 0.0000e+00 0.0000e+00 0.0000e+00 1.5985e+01 -1.4978e-01 0.0000e+00 0.0000e+00 1.4978e-01 1.5933e+01 
47.0 1.5637e+01 -2.9609e+00 0.0000e+00 0.0000e+00 -2.9609e+00 1.5376e+01 0.0000e+00 0.0000e+00 0.0000e+00 0.0000e+00 1.5233e+01 -1.2074e-01 0.0000e+00 0.0000e+00 1.2074e-01 1.5185e+01 
48.0 1.4987e+01 -3.0173e+00 0.0000e+00 0.0000e+00 -3.0173e+00 1.4726e+01 0.0000e+00 0.0000e+00 0.0000e+00 0.0000e+00 1.4521e+01 -9.3288e-02 0.0000e+00 0.0000e+00 9.3288e-02 1.4478e+01 
49.0 1.4374e+01 -3.0707e+00 0.0000e+00 0.0000e+00 -3.0707e+00 1.4114e+01 0.0000e+00 0.0000e+00 0.0000e+00 0.0000e+00 1.3846e+01 -6.7292e-02 0.0000e+00 0.0000e+00 6.7292e-02 1.3808e+01 
50.0 1.3795e+01 -3.1213e+00 0.0000e+00 0.0000e+00 -3.1213e+00 1.3536e+01 0.0000e+00 0.0000e+00 0.0000e+00 0.0000e+00 1.3206e+01 -4.2644e-02 0.0000e+00 0.0000e+00 4.2644e-02 1.3172e+01 
51.0 1.3248e+01 -3.1689e+00 0.0000e+00 0.0000e+00 -3.1689e+00 1.2989e+01 0.0000e+00 0.0000e+00 0.0000e+00 0.0000e+00 1.2597e+01 -1.9255e-02 0.0000e+00 0.0000e+00 1.9255e-02 1.2569e+01 
52.0 1.2730e+01 -3.2137e+00 0.0000e+00 0.0000e+00 -3.2137e+00 1.2472e+01 0.0000e+00 0.0000e+00 0.0000e+00 0.0000e+00 1.2019e+01 2.9574e-03 0.0000e+00 0.0000e+00 -2.9574e-03 1.1994e+01 
53.0 1.2240e+01 -3.2555e+00 0.0000e+00 0.0000e+00 -3.2555e+00 1.1983e+01 0.0000e+00 0.0000e+00 0.0000e+00 0.0000e+00 1.1467e+01 2.4075e-02 0.0000e+00 0.0000e+00 -2.4075e-02 1.1448e+01 
54.0 1.1776e+01 -3.2945e+00 0.0000e+00 0.0000e+00 -3.2945e+00 1.1519e+01 0.0000e+00 0.0000e+00 0.0000e+00 0.0000e+00 1.0942e+01 4.4172e-02 0.0000e+00 0.0000e+00 -4.4172e-02 1.0927e+01 
55.0 1.1336e+01 -3.3307e+00 0.0000e+00 0.0000e+00 -3.3307e+00 1.1078e+01 0.0000e+00 0.0000e+00 0.0000e+00 0.0000e+00 1.0440e+01 6.3320e-02 0.0000e+00 0.0000e+00 -6.3320e-02 1.0430e+01 
56.0 1.0918e+01 -3.3641e+00 0.0000e+00 0.0000e+00 -3.3641e+00 1.0661e+01 0.0000e+00 0.0000e+00 0.0000e+00 0.0000e+00 9.9614e+00 8.1581e-02 0.0000e+00 0.0000e+00 -8.1581e-02 9.9558e+00 
57.0 1.0522e+01 -3.3946e+00 0.0000e+00 0.0000e+00 -3.3946e+00 1.0264e+01 0.0000e+00 0.0000e+00 0.0000e+00 0.0000e+00 9.5034e+00 9.9011e-02 0.0000e+00 0.0000e+00 -9.9011e-02 9.5024e+00 
58.0 1.0145e+01 -3.4225e+00 0.0000e+00 0.0000e+00 -3.4225e+00 9.8876e+00 0.0000e+00 0.0000e+00 0.0000e+00 0.0000e+00 9.0651e+00 1.1567e-01 0.0000e+00 0.0000e+00 -1.1567e-01 9.0687e+00 
59.0 9.7874e+00 -3.4476e+00 0.0000e+00 0.0000e+00 -3.4476e+00 9.5295e+00 0.0000e+00 0.0000e+00 0.0000e+00 0.0000e+00 8.6453e+00 1.3160e-01 0.0000e+00 0.0000e+00 -1.3160e-01 8.6536e+00 
60.0 9.4472e+00 -3.4700e+00 0.0000e+00 0.0000e+00 -3.4700e+00 9.1890e+00 0.0000e+00 0.0000e+00 0.0000e+00 0.0000e+00 8.2429e+00 1.4684e-01 0.0000e+00 0.0000e+00 -1.4684e-01 8.2558e+00 
61.0 9.1238e+00 -3.4899e+00 0.0000e+00 0.0000e+00 -3.4899e+00 8.8651e+00 0.0000e+00 0.0000e+00 0.0000e+00 0.0000e+00 7.8569e+00 1.6144e-01 0.0000e+00 0.0000e+00 -1.6144e-01 7.8744e+00 
62.0 8.8162e+00 -3.5072e+00 0.0000e+00 0.0000e+00 -3.5072e+00 8.5570e+00 0.0000e+00 0.0000e+00 0.0000e+00 0.0000e+00 7.4863e+00 1.7541e-01 0.0000e+00 0.0000e+00 -1.7541e-01 7.5086e+00 
63.0 8.5236e+00 -3.5219e+00 0.0000e+00 0.0000e+00 -3.5219e+00 8.2637e+00 0.0000e+00 0.0000e+00 0.0000e+00 0.0000e+00 7.1304e+00 1.8877e-01 0.0000e+00 0.0000e+00 -1.8877e-01 7.1573e+00 
64.0 8.2451e+00 -3.5342e+00 0.0000e+00 0.0000e+00 -3.5342e+00 7.9845e+00 0.0000e+00 0.0000e+00 0.0000e+00 0.0000e+00 6.7882e+00 2.0151e-01 0.0000e+00 0.0000e+00 -2.0151e-01 6.8199e+00 
65.0 7.9800e+00 -3.5441e+00 0.0000e+00 0.0000e+00 -3.5441e+00 7.7186e+00 0.0000e+00 0.0000e+00 0.0000e+00 0.0000e+00 6.4591e+00 2.1364e-01 0.0000e+00 0.0000e+00 -2.1364e-01 6.4956e+00 
66.0 7.7276e+00 -3.5516e+00 0.0000e+00 0.0000e+00 -3.5516e+00 7.4653e+00 0.0000e+00 0.0000e+00 0.0000e+00 0.0000e+00 6.1424e+00 2.2517e-01 0.0000e+00 0.0000e+00 -2.2517e-01 6.1836e+00 
67.0 7.4871e+00 -3.5568e+00 0.0000e+00 0.0000e+00 -3.5568e+00 7.2239e+00 0.0000e+00 0.0000e+00 0.0000e+00 0.0000e+00 5.8373e+00 2.3609e-01 0.0000e+00 0.0000e+00 -2.3609e-01 5.8834e+00 
68.0 7.2581e+00 -3.5596e+00 0.0000e+00 0.0000e+00 -3.5596e+00 6.9938e+00 0.0000e+00 0.0000e+00 0.0000e+00 0.0000e+00 5.5434e+00 2.4641e-01 0.0000e+00 0.0000e+00 -2.4641e-01 5.5942e+00 
69.0 7.0398e+00 -3.5602e+00 0.0000e+00 0.0000e+00 -3.5602e+00 6.7744e+00 0.0000e+00 0.0000e+00 0.0000e+00 0.0000e+00 5.2599e+00 2.5611e-01 0.0000e+00 0.0000e+00 -2.5611e-01 5.3156e+00 
70.0 6.8317e+00 -3.5586e+00 0.0000e+00 0.0000e+00 -3.5586e+00 6.5652e+00 0.0000e+00 0.0000e+00 0.0000e+00 0.0000e+00 4.9864e+00 2.6519e-01 0.0000e+00 0.0000e+00 -2.6519e-01 5.0470e+00 
71.0 6.6333e+00 -3.5549e+00 0.0000e+00 0.0000e+00 -3.5549e+00 6.3656e+00 0.0000e+00 0.0000e+00 0.0000e+00 0.0000e+00 4.7224e+00 2.7365e-01 0.0000e+00 0.0000e+00 -2.7365e-01 4.7878e+00 
72.0 6.4440e+00 -3.5490e+00 0.0000e+00 0.0000e+00 -3.5490e+00 6.1751e+00 0.0000e+00 0.0000e+00 0.0000e+00 0.0000e+00 4.4674e+00 2.8147e-01 0.0000e+00 0.0000e+00 -2.8147e-01 4.5377e+00 
73.0 6.2635e+00 -3.5411e+00 0.0000e+00 0.0000e+00 -3.5411e+00 5.9933e+00 0.0000e+00 0.0000e+00 0.0000e+00 0.0000e+00 4.2210e+00 2.8864e-01 0.0000e+00 0.0000e+00 -2.8864e-01 4.2962e+00 
74.0 6.0913e+00 -3.5311e+00 0.0000e+00 0.0000e+00 -3.5311e+00 5.8198e+00 0.0000e+00 0.0000e+00 0.0000e+00 0.0000e+00 3.9827e+00 2.9516e-01 0.0000e+00 0.0000e+00 -2.9516e-01 4.0629e+00 
75.0 5.9269e+00 -3.5191e+00 0.0000e+00 0.0000e+00 -3.5191e+00 5.6540e+00 0.0000e+00 0.0000e+00 0.0000e+00 0.0000e+00 3.7523e+00 3.0102e-01 0.0000e+00 0.0000e+00 -3.0102e-01 3.8374e+00 
76.0 5.7701e+00 -3.5052e+00 0.0000e+00 0.0000e+00 -3.5052e+00 5.4958e+00 0.0000e+00 0.0000e+00 0.0000e+00 0.0000e+00 3.5293e+00 3.0622e-01 0.0000e+00 0.0000e+00 -3.0622e-01 3.6192e+00 
77.0 5.6203e+00 -3.4894e+00 0.0000e+00 0.0000e+00 -3.4894e+00 5.3446e+00 0.0000e+00 0.0000e+00 0.0000e+00 0.0000e+00 3.3134e+00 3.1077e-01 0.0000e+00 0.0000e+00 -3.1077e-01 3.4082e+00 
78.0 5.4773e+00 -3.4717e+00 0.0000e+00 0.0000e+00 -3.4717e+00 5.2002e+00 0.0000e+00 0.0000e+00 0.0000e+00 0.0000e+00 3.1043e+00 3.1467e-01 0.0000e+00 0.0000e+00 -3.1467e-01 3.2039e+00 
79.0 5.3408e+00 -3.4521e+00 0.0000e+00 0.0000e+00 -3.4521e+00 5.0623e+00 0.0000e+00 0.0000e+00 0.0000e+00 0.0000e+00 2.9016e+00 3.1795e-01 0.0000e+00 0.0000e+00 -3.1795e-01 3.0060e+00 
80.0 5.2104e+00 -3.4308e+00 0.0000e+00 0.0000e+00 -3.4308e+00 4.9305e+00 0.0000e+00 0.0000e+00 0.0000e+00 0.0000e+00 2.7052e+00 3.2060e-01 0.0000e+00 0.0000e+00 -3.2060e-01 2.8143e+00 
81.0 5.0859e+00 -3.4077e+00 0.0000e+00 0.0000e+00 -3.4077e+00 4.8046e+00 0.0000e+00 0.0000e+00 0.0000e+00 0.0000e+00 2.5147e+00 3.2267e-01 0.0000e+00 0.0000e+00 -3.2267e-01 2.6284e+00 
82.0 4.9670e+00 -3.3829e+00 0.0000e+00 0.0000e+00 -3.3829e+00 4.6844e+00 0.0000e+00 0.0000e+00 0.0000e+00 0.0000e+00 2.3300e+00 3.2417e-01 0.0000e+00 0.0000e+00 -3.2417e-01 2.4482e+00 
83.0 4.8535e+00 -3.3565e+00 0.0000e+00 0.0000e+00 -3.3565e+00 4.5697e+00 0.0000e+00 0.0000e+00 0.0000e+00 0.0000e+00 2.1507e+00 3.2512e-01 0.0000e+00 0.0000e+00 -3.2512e-01 2.2735e+00 
84.0 4.7452e+00 -3.3284e+00 0.0000e+00 0.0000e+00 -3.3284e+00 4.4601e+00 0.0000e+00 0.0000e+00 0.0000e+00 0.0000e+00 1.9767e+00 3.2556e-01 0.0000e+00 0.0000e+00 -3.2556e-01 2.1039e+00 
85.0 4.6418e+00 -3.2989e+00 0.0000e+00 0.0000e+00 -3.2989e+00 4.3556e+00 0.0000e+00 0.0000e+00 0.0000e+00 0.0000e+00 1.8078e+00 3.2552e-01 0.0000e+00 0.0000e+00 -3.2552e-01 1.9393e+00 
86.0 4.5432e+00 -3.2678e+00 0.0000e+00 0.0000e+00 -3.2678e+00 4.2559e+00 0.0000e+00 0.0000e+00 0.0000e+00 0.0000e+00 1.6439e+00 3.2503e-01 0.0000e+00 0.0000e+00 -3.2503e-01 1.7795e+00 
87.0 4.4491e+00 -3.2352e+00 0.0000e+00 0.0000e+00 -3.2352e+00 4.1608e+00 0.0000e+00 0.0000e+00 0.0000e+00 0.0000e+00 1.4847e+00 3.2414e-01 0.0000e+00 0.0000e+00 -3.2414e-01 1.6244e+00 
88.0 4.3595e+00 -3.2013e+00 0.0000e+00 0.0000e+00 -3.2013e+00 4.0703e+00 0.0000e+00 0.0000e+00 0.0000e+00 0.0000e+00 1.3301e+00 3.2287e-01 0.0000e+00 0.0000e+00 -3.2287e-01 1.4737e+00 
89.0 4.2741e+00 -3.1661e+00 0.0000e+00 0.0000e+00 -3.1661e+00 3.9841e+00 0.0000e+00 0.0000e+00 0.0000e+00 0.0000e+00 1.1800e+00 3.2126e-01 0.0000e+00 0.0000e+00 -3.2126e-01 1.3274e+00 
90.0 4.1929e+00 -3.1296e+00 0.0000e+00 0.0000e+00 -3.1296e+00 3.9021e+00 0.0000e+00 0.0000e+00 0.0000e+00 0.0000e+00 1.0342e+00 3.1935e-01 0.0000e+00 0.0000e+00 -3.1935e-01 1.1852e+00 
91.0 4.1156e+00 -3.0918e+00 0.0000e+00 0.0000e+00 -3.0918e+00 3.8242e+00 0.0000e+00 0.0000e+00 0.0000e+00 0.0000e+00 8.9266e-01 3.1717e-01 0.0000e+00 0.0000e+00 -3.1717e-01 1.0471e+00 
92.0 4.0421e+00 -3.0530e+00 0.0000e+00 0.0000e+00 -3.0530e+00 3.7502e+00 0.0000e+00 0.0000e+00 0.0000e+00 0.0000e+00 7.5518e-01 3.1476e-01 0.0000e+00 0.0000e+00 -3.1476e-01 9.1297e-01 
93.0 3.9723e+00 -3.0130e+00 0.0000e+00 0.0000e+00 -3.0130e+00 3.6801e+00 0.0000e+00 0.0000e+00 0.0000e+00 0.0000e+00 6.2168e-01 3.1214e-01 0.0000e+00 0.0000e+00 -3.1214e-01 7.8263e-01 
94.0 3.9061e+00 -2.9720e+00 0.0000e+00 0.0000e+00 -2.9720e+00 3.6136e+00 0.0000e+00 0.0000e+00 0.0000e+00 0.0000e+00 4.9204e-01 3.0935e-01 0.0000e+00 0.0000e+00 -3.0935e-01 6.5600e-01 
95.0 3.8434e+00 -2.9300e+00 0.0000e+00 0.0000e+00 -2.9300e+00 3.5507e+00 0.0000e+00 0.0000e+00 0.0000e+00 0.0000e+00 3.6616e-01 3.0640e-01 0.0000e+00 0.0000e+00 -3.0640e-01 5.3298e-01 
96.0 3.7840e+00 -2.8871e+00 0.0000e+00 0.0000e+00 -2.8871e+00 3.4913e+00 0.0000e+00 0.0000e+00 0.0000e+00 0.0000e+00 2.4394e-01 3.0333e-01 0.0000e+00 0.0000e+00 -3.0333e-01 4.1345e-01 
97.0 3.7279e+00 -2.8433e+00 0.0000e+00 0.0000e+00 -2.8433e+00 3.4352e+00 0.0000e+00 0.0000e+00 0.0000e+00 0.0000e+00 1.2527e-01 3.0017e-01 0.0000e+00 0.0000e+00 -3.0017e-01 2.9734e-01 
98.0 3.6749e+00 -2.7987e+00 0.0000e+00 0.0000e+00 -2.7987e+00 3.3824e+00 0.0000e+00 0.0000e+00 0.0000e+00 0.0000e+00 1.0073e-02 2.9692e-01 0.0000e+00 0.0000e+00 -2.9692e-01 1.8454e-01 
99.0 3.6250e+00 -2.7534e+00 0.0000e+00 0.0000e+00 -2.7534e+00 3.3326e+00 0.0000e+00 0.0000e+00 0.0000e+00 0.0000e+00 -1.0175e-01 2.9362e-01 0.0000e+00 0.0000e+00 -2.9362e-01 7.4980e-02 
100.0 3.5779e+00 -2.7074e+00 0.0000e+00 0.0000e+00 -2.7074e+00 3.2859e+00 0.0000e+00 0.0000e+00 0.0000e+00 0.0000e+00 -2.1029e-01 2.9028e-01 0.0000e+00 0.0000e+00 -2.9028e-01 -3.1431e-02 
101.0 3.5338e+00 -2.6608e+00 0.0000e+00 0.0000e+00 -2.6608e+00 3.2422e+00 0.0000e+00 0.0000e+00 0.0000e+00 0.0000e+00 -3.1564e-01 2.8691e-01 0.0000e+00 0.0000e+00 -2.8691e-01 -1.3477e-01 
102.0 3.4923e+00 -2.6136e+00 0.0000e+00 0.0000e+00 -2.6136e+00 3.2012e+00 0.0000e+00 0.0000e+00 0.0000e+00 0.0000e+00 -4.1786e-01 2.8352e-01 0.0000e+00 0.0000e+00 -2.8352e-01 -2.3512e-01 
103.0 3.4535e+00 -2.5659e+00 0.0000e+00 0.0000e+00 -2.5659e+00 3.1629e+00 0.0000e+00 0.0000e+00 0.0000e+00 0.0000e+00 -5.1706e-01 2.8012e-01 0.0000e+00 0.0000e+00 -2.8012e-01 -3.3255e-01 
104.0 3.4172e+00 -2.5177e+00 0.0000e+00 0.0000e+00 -2.5177e+00 3.1273e+00 0.0000e+00 0.0000e+00 0.0000e+00 0.0000e+00 -6.1331e-01 2.7671e-01 0.0000e+00 0.0000e+00 -2.7671e-01 -4.2714e-01 
105.0 3.3834e+00 -2.4690e+00 0.0000e+00 0.0000e+00 -2.4690e+00 3.0941e+00 0.0000e+00 0.0000e+00 0.0000e+00 0.0000e+00 -7.0669e-01 2.7330e-01 0.0000e+00 0.0000e+00 -2.7330e-01 -5.1896e-01 
106.0 3.3519e+00 -2.4200e+00 0.0000e+00 0.0000e+00 -2.4200e+00 3.0634e+00 0.0000e+00 0.0000e+00 0.0000e+00 0.0000e+00 -7.9728e-01 2.6990e-01 0.0000e+00 0.0000e+00 -2.6990e-01 -6.0808e-01 
107.0 3.3228e+00 -2.3707e+00 0.0000e+00 0.0000e+00 -2.3707e+00 3.0349e+00 0.0000e+00 0.0000e+00 0.0000e+00 0.0000e+00 -8.8515e-01 2.6652e-01 0.0000e+00 0.0000e+00 -2.6652e-01 -6.9456e-01 
108.0 3.2958e+00 -2.3211e+00 0.0000e+00 0.0000e+00 -2.3211e+00 3.0087e+00 0.0000e+00 0.0000e+00 0.0000e+00 0.0000e+00 -9.7037e-01 2.6314e-01 0.0000e+00 0.0000e+00 -2.6314e-01 -7.7848e-01 
109.0 3.2709e+00 -2.2713e+00 0.0000e+00 0.0000e+00 -2.2713e+00 2.9847e+00 0.0000e+00 0.0000e+00 0.0000e+00 0.0000e+00 -1.0530e+00 2.5978e-01 0.0000e+00 0.0000e+00 -2.5978e-01 -8.5990e-01 
110.0 3.2481e+00 -2.2213e+00 0.0000e+00 0.0000e+00 -2.2213e+00 2.9626e+00 0.0000e+00 0.0000e+00 0.0000e+00 0.0000e+00 -1.1332e+00 2.5643e-01 0.0000e+00 0.0000e+00 -2.5643e-01 -9.3888e-01 
111.0 3.2271e+00 -2.1712e+00 0.0000e+00 0.0000e+00 -2.1712e+00 2.9426e+00 0.0000e+00 0.0000e+00 0.0000e+00 0.0000e+00 -1.2109e+00 2.5308e-01 0.0000e+00 0.0000e+00 -2.5308e-01 -1.0155e+00 
112.0 3.2081e+00 -2.1209e+00 0.0000e+00 0.0000e+00 -2.1209e+00 2.9244e+00 0.0000e+00 0.0000e+00 0.0000e+00 0.0000e+00 -1.2863e+00 2.4975e-01 0.0000e+00 0.0000e+00 -2.4975e-01 -1.0898e+00 
113.0 3.1908e+00 -2.0707e+00 0.0000e+00 0.0000e+00 -2.0707e+00 2.9080e+00 0.0000e+00 0.0000e+00 0.0000e+00 0.0000e+00 -1.3593e+00 2.4643e-01 0.0000e+00 0.0000e+00 -2.4643e-01 -1.1618e+00 
114.0 3.1753e+00 -2.0204e+00 0.0000e+00 0.0000e+00 -2.0204e+00 2.8933e+00 0.0000e+00 0.0000e+00 0.0000e+00 0.0000e+00 -1.4302e+00 2.4310e-01 0.0000e+00 0.0000e+00 -2.4310e-01 -1.2317e+00 
115.0 3.1614e+00 -1.9701e+00 0.0000e+00 0.0000e+00 -1.9701e+00 2.8802e+00 0.0000e+00 0.0000e+00 0.0000e+00 0.0000e+00 -1.4989e+00 2.3977e-01 0.0000e+00 0.0000e+00 -2.3977e-01 -1.2995e+00 
116.0 3.1490e+00 -1.9199e+00 0.0000e+00 0.0000e+00 -1.9199e+00 2.8687e+00 0.0000e+00 0.0000e+00 0.0000e+00 0.0000e+00 -1.5654e+00 2.3644e-01 0.0000e+00 0.0000e+00 -2.3644e-01 -1.3651e+00 
117.0 3.1382e+00 -1.8698e+00 0.0000e+00 0.0000e+00 -1.8698e+00 2.8587e+00 0.0000e+00 0.0000e+00 0.0000e+00 0.0000e+00 -1.6299e+00 2.3310e-01 0.0000e+00 0.0000e+00 -2.3310e-01 -1.4288e+00 
118.0 3.1288e+00 -1.8199e+00 0.0000e+00 0.0000e+00 -1.8199e+00 2.8502e+00 0.0000e+00 0.0000e+00 0.0000e+00 0.0000e+00 -1.6925e+00 2.2974e-01 0.0000e+00 0.0000e+00 -2.2974e-01 -1.4905e+00 
119.0 3.1207e+00 -1.7701e+00 0.0000e+00 0.0000e+00 -1.7701e+00 2.8429e+00 0.0000e+00 0.0000e+00 0.0000e+00 0.0000e+00 -1.7531e+00 2.2638e-01 0.0000e+00 0.0000e+00 -2.2638e-01 -1.5504e+00 
120.0 3.1139e+00 -1.7205e+00 0.0000e+00 0.0000e+00 -1.7205e+00 2.8370e+00 0.0000e+00 0.0000e+00 0.0000e+00 0.0000e+00 -1.8118e+00 2.2301e-01 0.0000e+00 0.0000e+00 -2.2301e-01 -1.6084e+00 
121.0 3.1084e+00 -1.6711e+00 0.0000e+00 0.0000e+00 -1.6711e+00 2.8323e+00 0.0000e+00 0.0000e+00 0.0000e+00 0.0000e+00 -1.8688e+00 2.1962e-01 0.0000e+00 0.0000e+00 -2.1962e-01 -1.6646e+00 
122.0 3.1040e+00 -1.6220e+00 0.0000e+00 0.0000e+00 -1.6220e+00 2.8288e+00 0.0000e+00 0.0000e+00 0.0000e+00 0.0000e+00 -1.9239e+00 2.1623e-01 0.0000e+00 0.0000e+00 -2.1623e-01 -1.7191e+00 
123.0 3.1007e+00 -1.5732e+00 0.0000e+00 0.0000e+00 -1.5732e+00 2.8263e+00 0.0000e+00 0.0000e+00 0.0000e+00 0.0000e+00 -1.9774e+00 2.1283e-01 0.0000e+00 0.0000e+00 -2.1283e-01 -1.7720e+00 
124.0 3.0984e+00 -1.5246e+00 0.0000e+00 0.0000e+00 -1.5246e+00 2.8250e+00 0.0000e+00 0.0000e+00 0.0000e+00 0.0000e+00 -2.0292e+00 2.0943e-01 0.0000e+00 0.0000e+00 -2.0943e-01 -1.8233e+00 
125.0 3.0972e+00 -1.4764e+00 0.0000e+00 0.0000e+00 -1.4764e+00 2.8246e+00 0.0000e+00 0.0000e+00 0.0000e+00 0.0000e+00 -2.0794e+00 2.0604e-01 0.0000e+00 0.0000e+00 -2.0604e-01 -1.8730e+00 
126.0 3.0969e+00 -1.4286e+00 0.0000e+00 0.0000e+00 -1.4286e+00 2.8252e+00 0.0000e+00 0.0000e+00 0.0000e+00 0.0000e+00 -2.1280e+00 2.0266e-01 0.0000e+00 0.0000e+00 -2.0266e-01 -1.9211e+00 
127.0 3.0974e+00 -1.3811e+00 0.0000e+00 0.0000e+00 -1.3811e+00 2.8267e+00 0.0000e+00 0.0000e+00 0.0000e+00 0.0000e+00 -2.1751e+00 1.9930e-01 0.0000e+00 0.0000e+00 -1.9930e-01 -1.9678e+00 
128.0 3.0988e+00 -1.3341e+00 0.0000e+00 0.0000e+00 -1.3341e+00 2.8291e+00 0.0000e+00 0.0000e+00 0.0000e+00 0.0000e+00 -2.2207e+00 1.9595e-01 0.0000e+00 0.0000e+00 -1.9595e-01 -2.0131e+00 
129.0 3.1010e+00 -1.2875e+00 0.0000e+00 0.0000e+00 -1.2875e+00 2.8323e+00 0.0000e+00 0.0000e+00 0.0000e+00 0.0000e+00 -2.2649e+00 1.9264e-01 0.0000e+00 0.0000e+00 -1.9264e-01 -2.0571e+00 
130.0 3.1039e+00 -1.2413e+00 0.0000e+00 0.0000e+00 -1.2413e+00 2.8362e+00 0.0000e+00 0.0000e+00 0.0000e+00 0.0000e+00 -2.3078e+00 1.8935e-01 0.0000e+00 0.0000e+00 -1.8935e-01 -2.0997e+00 
131.0 3.1075e+00 -1.1956e+00 0.0000e+00 0.0000e+00 -1.1956e+00 2.8409e+00 0.0000e+00 0.0000e+00 0.0000e+00 0.0000e+00 -2.3492e+00 1.8610e-01 0.0000e+00 0.0000e+00 -1.8610e-01 -2.1410e+00 
132.0 3.1118e+00 -1.1505e+00 0.0000e+00 0.0000e+00 -1.1505e+00 2.8462e+00 0.0000e+00 0.0000e+00 0.0000e+00 0.0000e+00 -2.3894e+00 1.8289e-01 0.0000e+00 0.0000e+00 -1.8289e-01 -2.1811e+00 
133.0 3.1166e+00 -1.1059e+00 0.0000e+00 0.0000e+00 -1.1059e+00 2.8522e+00 0.0000e+00 0.0000e+00 0.0000e+00 0.0000e+00 -2.4282e+00 1.7973e-01 0.0000e+00 0.0000e+00 -1.7973e-01 -2.2200e+00 
134.0 3.1221e+00 -1.0618e+00 0.0000e+00 0.0000e+00 -1.0618e+00 2.8588e+00 0.0000e+00 0.0000e+00 0.0000e+00 0.0000e+00 -2.4659e+00 1.7661e-01 0.0000e+00 0.0000e+00 -1.7661e-01 -2.2577e+00 
135.0 3.1280e+00 -1.0184e+00 0.0000e+00 0.0000e+00 -1.0184e+00 2.8660e+00 0.0000e+00 0.0000e+00 0.0000e+00 0.0000e+00 -2.5023e+00 1.7354e-01 0.0000e+00 0.0000e+00 -1.7354e-01 -2.2943e+00 
136.0 3.1344e+00 -9.7558e-01 0.0000e+00 0.0000e+00 -9.7558e-01 2.8738e+00 0.0000e+00 0.0000e+00 0.0000e+00 0.0000e+00 -2.5375e+00 1.7050e-01 0.0000e+00 0.0000e+00 -1.7050e-01 -2.3297e+00 
137.0 3.1412e+00 -9.3341e-01 0.0000e+00 0.0000e+00 -9.3341e-01 2.8820e+00 0.0000e+00 0.0000e+00 0.0000e+00 0.0000e+00 -2.5716e+00 1.6750e-01 0.0000e+00 0.0000e+00 -1.6750e-01 -2.3641e+00 
138.0 3.1484e+00 -8.9190e-01 0.0000e+00 0.0000e+00 -8.9190e-01 2.8907e+00 0.0000e+00 0.0000e+00 0.0000e+00 0.0000e+00 -2.6045e+00 1.6453e-01 0.0000e+00 0.0000e+00 -1.6453e-01 -2.3975e+00 
139.0 3.1560e+00 -8.5108e-01 0.0000e+00 0.0000e+00 -8.5108e-01 2.8998e+00 0.0000e+00 0.0000e+00 0.0000e+00 0.0000e+00 -2.6363e+00 1.6159e-01 0.0000e+00 0.0000e+00 -1.6159e-01 -2.4299e+00 
140.0 3.1639e+00 -8.1097e-01 0.0000e+00 0.0000e+00 -8.1097e-01 2.9094e+00 0.0000e+00 0.0000e+00 0.0000e+00 0.0000e+00 -2.6670e+00 1.5867e-01 0.0000e+00 0.0000e+00 -1.5867e-01 -2.4613e+00 
141.0 3.1720e+00 -7.7161e-01 0.0000e+00 0.0000e+00 -7.7161e-01 2.9192e+00 0.0000e+00 0.0000e+00 0.0000e+00 0.0000e+00 -2.6967e+00 1.5576e-01 0.0000e+00 0.0000e+00 -1.5576e-01 -2.4918e+00 
142.0 3.1803e+00 -7.3300e-01 0.0000e+00 0.0000e+00 -7.3300e-01 2.9295e+00 0.0000e+00 0.0000e+00 0.0000e+00 0.0000e+00 -2.7254e+00 1.5286e-01 0.0000e+00 0.0000e+00 -1.5286e-01 -2.5214e+00 
143.0 3.1889e+00 -6.9516e-01 0.0000e+00 0.0000e+00 -6.9516e-01 2.9400e+00 0.0000e+00 0.0000e+00 0.0000e+00 0.0000e+00 -2.7531e+00 1.4996e-01 0.0000e+00 0.0000e+00 -1.4996e-01 -2.5501e+00 
144.0 3.1976e+00 -6.5811e-01 0.0000e+00 0.0000e+00 -6.5811e-01 2.9508e+00 0.0000e+00 0.0000e+00 0.0000e+00 0.0000e+00 -2.7797e+00 1.4706e-01 0.0000e+00 0.0000e+00 -1.4706e-01 -2.5779e+00 
145.0 3.2064e+00 -6.2185e-01 0.0000e+00 0.0000e+00 -6.2185e-01 2.9619e+00 0.0000e+00 0.0000e+00 0.0000e+00 0.0000e+00 -2.8054e+00 1.4414e-01 0.0000e+00 0.0000e+00 -1.4414e-01 -2.6049e+00 
146.0 3.2153e+00 -5.8640e-01 0.0000e+00 0.0000e+00 -5.8640e-01 2.9731e+00 0.0000e+00 0.0000e+00 0.0000e+00 0.0000e+00 -2.8301e+00 1.4120e-01 0.0000e+00 0.0000e+00 -1.4120e-01 -2.6311e+00 
147.0 3.2243e+00 -5.5177e-01 0.0000e+00 0.0000e+00 -5.5177e-01 2.9846e+00 0.0000e+00 0.0000e+00 0.0000e+00 0.0000e+00 -2.8539e+00 1.3821e-01 0.0000e+00 0.0000e+00 -1.3821e-01 -2.6565e+00 
148.0 3.2332e+00 -5.1795e-01 0.0000e+00 0.0000e+00 -5.1795e-01 2.9962e+00 0.0000e+00 0.0000e+00 0.0000e+00 0.0000e+00 -2.8768e+00 1.3515e-01 0.0000e+00 0.0000e+00 -1.3515e-01 -2.6811e+00 
149.0 3.2422e+00 -4.8495e-01 0.0000e+00 0.0000e+00 -4.8495e-01 3.0079e+00 0.0000e+00 0.0000e+00 0.0000e+00 0.0000e+00 -2.8988e+00 1.3201e-01 0.0000e+00 0.0000e+00 -1.3201e-01 -2.7050e+00 
150.0 3.2511e+00 -4.5278e-01 0.0000e+00 0.0000e+00 -4.5278e-01 3.0197e+00 0.0000e+00 0.0000e+00 0.0000e+00 0.0000e+00 -2.9200e+00 1.2878e-01 0.0000e+00 0.0000e+00 -1.2878e-01 -2.7282e+00 
151.0 3.2600e+00 -4.2144e-01 0.0000e+00 0.0000e+00 -4.2144e-01 3.0315e+00 0.0000e+00 0.0000e+00 0.0000e+00 0.0000e+00 -2.9403e+00 1.2545e-01 0.0000e+00 0.0000e+00 -1.2545e-01 -2.7506e+00 
152.0 3.2689e+00 -3.9093e-01 0.0000e+00 0.0000e+00 -3.9093e-01 3.0435e+00 0.0000e+00 0.0000e+00 0.0000e+00 0.0000e+00 -2.9598e+00 1.2199e-01 0.0000e+00 0.0000e+00 -1.2199e-01 -2.7724e+00 
153.0 3.2777e+00 -3.6126e-01 0.0000e+00 0.0000e+00 -3.6126e-01 3.0555e+00 0.0000e+00 0.0000e+00 0.0000e+00 0.0000e+00 -2.9784e+00 1.1839e-01 0.0000e+00 0.0000e+00 -1.1839e-01 -2.7934e+00 
154.0 3.2865e+00 -3.3241e-01 0.0000e+00 0.0000e+00 -3.3241e-01 3.0676e+00 0.0000e+00 0.0000e+00 0.0000e+00 0.0000e+00 -2.9963e+00 1.1463e-01 0.0000e+00 0.0000e+00 -1.1463e-01 -2.8138e+00 
155.0 3.2952e+00 -3.0439e-01 0.0000e+00 0.0000e+00 -3.0439e-01 3.0797e+00 0.0000e+00 0.0000e+00 0.0000e+00 0.0000e+00 -3.0133e+00 1.1070e-01 0.0000e+00 0.0000e+00 -1.1070e-01 -2.8334e+00 
156.0 3.3040e+00 -2.7719e-01 0.0000e+00 0.0000e+00 -2.7719e-01 3.0918e+00 0.0000e+00 0.0000e+00 0.0000e+00 0.0000e+00 -3.0297e+00 1.0658e-01 0.0000e+00 0.0000e+00 -1.0658e-01 -2.8524e+00 
157.0 3.3127e+00 -2.5082e-01 0.0000e+00 0.0000e+00 -2.5082e-01 3.1040e+00 0.0000e+00 0.0000e+00 0.0000e+00 0.0000e+00 -3.0453e+00 1.0227e-01 0.0000e+00 0.0000e+00 -1.0227e-01 -2.8708e+00 
158.0 3.3214e+00 -2.2530e-01 0.0000e+00 0.0000e+00 -2.2530e-01 3.1163e+00 0.0000e+00 0.0000e+00 0.0000e+00 0.0000e+00 -3.0602e+00 9.7713e-02 0.0000e+00 0.0000e+00 -9.7713e-02 -2.8886e+00 
159.0 3.3300e+00 -2.0066e-01 0.0000e+00 0.0000e+00 -2.0066e-01 3.1285e+00 0.0000e+00 0.0000e+00 0.0000e+00 0.0000e+00 -3.0746e+00 9.2851e-02 0.0000e+00 0.0000e+00 -9.2851e-02 -2.9058e+00 
160.0 3.3385e+00 -1.7693e-01 0.0000e+00 0.0000e+00 -1.7693e-01 3.1406e+00 0.0000e+00 0.0000e+00 0.0000e+00 0.0000e+00 -3.0884e+00 8.7617e-02 0.0000e+00 0.0000e+00 -8.7617e-02 -2.9224e+00 
161.0 3.3470e+00 -1.5416e-01 0.0000e+00 0.0000e+00 -1.5416e-01 3.1525e+00 0.0000e+00 0.0000e+00 0.0000e+00 0.0000e+00 -3.1017e+00 8.1962e-02 0.0000e+00 0.0000e+00 -8.1962e-02 -2.9385e+00 
162.0 3.3555e+00 -1.3243e-01 0.0000e+00 0.0000e+00 -1.3243e-01 3.1642e+00 0.0000e+00 0.0000e+00 0.0000e+00 0.0000e+00 -3.1147e+00 7.5833e-02 0.0000e+00 0.0000e+00 -7.5833e-02 -2.9540e+00 
163.0 3.3640e+00 -1.1184e-01 0.0000e+00 0.0000e+00 -1.1184e-01 3.1757e+00 0.0000e+00 0.0000e+00 0.0000e+00 0.0000e+00 -3.1273e+00 6.9147e-02 0.0000e+00 0.0000e+00 -6.9147e-02 -2.9689e+00 
164.0 3.3725e+00 -9.2517e-02 0.0000e+00 0.0000e+00 -9.2517e-02 3.1867e+00 0.0000e+00 0.0000e+00 0.0000e+00 0.0000e+00 -3.1398e+00 6.1774e-02 0.0000e+00 0.0000e+00 -6.1774e-02 -2.9832e+00 
165.0 3.3810e+00 -7.4625e-02 0.0000e+00 0.0000e+00 -7.4625e-02 3.1970e+00 0.0000e+00 0.0000e+00 0.0000e+00 0.0000e+00 -3.1524e+00 5.3583e-02 0.0000e+00 0.0000e+00 -5.3583e-02 -2.9968e+00 
166.0 3.3897e+00 -5.8338e-02 0.0000e+00 0.0000e+00 -5.8338e-02 3.2062e+00 0.0000e+00 0.0000e+00 0.0000e+00 0.0000e+00 -3.1653e+00 4.4496e-02 0.0000e+00 0.0000e+00 -4.4496e-02 -3.0096e+00 
167.0 3.3988e+00 -4.3843e-02 0.0000e+00 0.0000e+00 -4.3843e-02 3.2144e+00 0.0000e+00 0.0000e+00 0.0000e+00 0.0000e+00 -3.1788e+00 3.4548e-02 0.0000e+00 0.0000e+00 -3.4548e-02 -3.0213e+00 
168.0 3.4089e+00 -3.1317e-02 0.0000e+00 0.0000e+00 -3.1317e-02 3.2214e+00 0.0000e+00 0.0000e+00 0.0000e+00 0.0000e+00 -3.1930e+00 2.3913e-02 0.0000e+00 0.0000e+00 -2.3913e-02 -3.0316e+00 
169.0 3.4208e+00 -2.0892e-02 0.0000e+00 0.0000e+00 -2.0892e-02 3.2274e+00 0.0000e+00 0.0000e+00 0.0000e+00 0.0000e+00 -3.2083e+00 1.2932e-02 0.0000e+00 0.0000e+00 -1.2932e-02 -3.0398e+00 
170.0 3.4354e+00 -1.2631e-02 0.0000e+00 0.0000e+00 -1.2631e-02 3.2326e+00 0.0000e+00 0.0000e+00 0.0000e+00 0.0000e+00 -3.2247e+00 2.1130e-03 0.0000e+00 0.0000e+00 -2.1130e-03 -3.0452e+00 
171.0 3.4539e+00 -6.5176e-03 0.0000e+00 0.0000e+00 -6.5176e-03 3.2376e+00 0.0000e+00 0.0000e+00 0.0000e+00 0.0000e+00 -3.2423e+00 -7.8718e-03 0.0000e+00 0.0000e+00 7.8718e-03 -3.0471e+00 
172.0 3.4773e+00 -2.4404e-03 0.0000e+00 0.0000e+00 -2.4404e-03 3.2429e+00 0.0000e+00 0.0000e+00 0.0000e+00 0.0000e+00 -3.2610e+00 -1.6194e-02 0.0000e+00 0.0000e+00 1.6194e-02 -3.0452e+00 
173.0 3.5063e+00 -1.7105e-04 0.0000e+00 0.0000e+00 -1.7105e-04 3.2493e+00 0.0000e+00 0.0000e+00 0.0000e+00 0.0000e+00 -3.2805e+00 -2.1893e-02 0.0000e+00 0.0000e+00 2.1893e-02 -3.0390e+00 
174.0 3.5409e+00 6.7862e-04 0.0000e+00 0.0000e+00 6.7862e-04 3.2575e+00 0.0000e+00 0.0000e+00 0.0000e+00 0.0000e+00 -3.3005e+00 -2.4019e-02 0.0000e+00 0.0000e+00 2.4019e-02 -3.0291e+00 
175.0 3.5800e+00 6.4651e-04 0.0000e+00 0.0000e+00 6.4651e-04 3.2680e+00 0.0000e+00 0.0000e+00 0.0000e+00 0.0000e+00 -3.3201e+00 -2.2036e-02 0.0000e+00 0.0000e+00 2.2036e-02 -3.0165e+00 
176.0 3.6203e+00 3.0032e-04 0.0000e+00 0.0000e+00 3.0032e-04 3.2802e+00 0.0000e+00 0.0000e+00 0.0000e+00 0.0000e+00 -3.3380e+00 -1.6402e-02 0.0000e+00 0.0000e+00 1.6402e-02 -3.0030e+00 
177.0 3.6565e+00 4.3110e-05 0.0000e+00 0.0000e+00 4.3110e-05 3.2923e+00 0.0000e+00 0.0000e+00 0.0000e+00 0.0000e+00 -3.3528e+00 -8.9423e-03 0.0000e+00 0.0000e+00 8.9423e-03 -2.9909e+00 
178.0 3.6822e+00 -1.9972e-05 0.0000e+00 0.0000e+00 -1.9972e-05 3.3015e+00 0.0000e+00 0.0000e+00 0.0000e+00 0.0000e+00 -3.3627e+00 -2.5487e-03 0.0000e+00 0.0000e+00 2.5487e-03 -2.9824e+00 
179.0 3.6916e+00 3.4449e-21 0.0000e+00 0.0000e+00 3.4449e-21 3.3050e+00 0.0000e+00 0.0000e+00 0.0000e+00 0.0000e+00 -3.3661e+00 -3.1027e-20 0.0000e+00 0.0000e+00 3.1027e-20 -2.9794e+00 
180.0 3.7013e+00 0.0000e+00 0.0000e+00 0.0000e+00 0.0000e+00 3.3085e+00 0.0000e+00 0.0000e+00 0.0000e+00 0.0000e+00 -3.3696e+00 0.0000e+00 0.0000e+00 0.0000e+00 -0.0000e+00 -2.9764e+00 
