1.4712 1.9529 0.4817 0.066652
theta s11 s12 s13 s14 s21 s22 s23 s24 s31 s32 s33 s34 s41 s42 s43 s44
0.0 1.3618e+03 0.0000e+00 0.0000e+00 0.0000e+00 0.0000e+00 1.3605e+03 0.0000e+00 0.0000e+00 0.0000e+00 0.0000e+00 1.3605e+03 0.0000e+00 0.0000e+00 0.0000e+00 -0.0000e+00 1.3593e+03 
1.0 1.2245e+03 -5.9517e-02 0.0000e+00 0.0000e+00 -5.9517e-02 1.2232e+03 0.0000e+00 0.0000e+00 0.0000e+00 0.0000e+00 1.2232e+03 -5.9512e-01 0.0000e+00 0.0000e+00 5.9512e-01 1.2220e+03 
2.0 9.9295e+02 -1.4356e-01 0.0000e+00 0.0000e+00 -1.4356e-01 9.9174e+02 0.0000e+00 0.0000e+00 0.0000e+00 0.0000e+00 9.9173e+02 -2.0702e+00 0.0000e+00 0.0000e+00 2.0702e+00 9.9052e+02 
3.0 7.9627e+02 -1.9013e-01 0.0000e+00 0.0000e+00 -1.9013e-01 7.9508e+02 0.0000e+00 0.0000e+00 0.0000e+00 0.0000e+00 7.9505e+02 -3.8043e+00 0.0000e+00 0.0000e+00 3.8043e+00 7.9388e+02 
4.0 6.4425e+02 -2.1024e-01 0.0000e+00 0.0000e+00 -2.1024e-01 6.4309e+02 0.0000e+00 0.0000e+00 0.0000e+00 0.0000e+00 6.4303e+02 -5.3570e+00 0.0000e+00 0.0000e+00 5.3570e+00 6.4190e+02 
5.0 5.2724e+02 -2.2117e-01 0.0000e+00 0.0000e+00 -2.2117e-01 5.2612e+02 0.0000e+00 0.0000e+00 0.0000e+00 0.0000e+00 5.2601e+02 -6.5797e+00 0.0000e+00 0.0000e+00 6.5797e+00 5.2493e+02 
6.0 4.3598e+02 -2.3487e-01 0.0000e+00 0.0000e+00 -2.3487e-01 4.3490e+02 0.0000e+00 0.0000e+00 0.0000e+00 0.0000e+00 4.3474e+02 -7.4566e+00 0.0000e+00 0.0000e+00 7.4566e+00 4.3371e+02 
7.0 3.6387e+02 -2.5922e-01 0.0000e+00 0.0000e+00 -2.5922e-01 3.6283e+02 0.0000e+00 0.0000e+00 0.0000e+00 0.0000e+00 3.6261e+02 -8.0058e+00 0.0000e+00 0.0000e+00 8.0058e+00 3.6163e+02 
8.0 3.0635e+02 -2.9757e-01 0.0000e+00 0.0000e+00 -2.9757e-01 3.0534e+02 0.0000e+00 0.0000e+00 0.0000e+00 0.0000e+00 3.0505e+02 -8.2676e+00 0.0000e+00 0.0000e+00 8.2676e+00 3.0413e+02 
9.0 2.6015e+02 -3.4954e-01 0.0000e+00 0.0000e+00 -3.4954e-01 2.5917e+02 0.0000e+00 0.0000e+00 0.0000e+00 0.0000e+00 2.5882e+02 -8.2953e+00 0.0000e+00 0.0000e+00 8.2953e+00 2.5794e+02 
10.0 2.2283e+02 -4.1217e-01 0.0000e+00 0.0000e+00 -4.1217e-01 2.2188e+02 0.0000e+00 0.0000e+00 0.0000e+00 0.0000e+00 2.2146e+02 -8.1432e+00 0.0000e+00 0.0000e+00 8.1432e+00 2.2063e+02 
11.0 1.9253e+02 -4.8224e-01 0.0000e+00 0.0000e+00 -4.8224e-01 1.9160e+02 0.0000e+00 0.0000e+00 0.0000e+00 0.0000e+00 1.9112e+02 -7.8628e+00 0.0000e+00 0.0000e+00 7.8628e+00 1.9034e+02 
12.0 1.6779e+02 -5.5668e-01 0.0000e+00 0.0000e+00 -5.5668e-01 1.6689e+02 0.0000e+00 0.0000e+00 0.0000e+00 0.0000e+00 1.6635e+02 -7.4985e+00 0.0000e+00 0.0000e+00 7.4985e+00 1.6561e+02 
13.0 1.4748e+02 -6.3475e-01 0.0000e+00 0.0000e+00 -6.3475e-01 1.4660e+02 0.0000e+00 0.0000e+00 0.0000e+00 0.0000e+00 1.4601e+02 -7.0826e+00 0.0000e+00 0.0000e+00 7.0826e+00 1.4530e+02 
14.0 1.3071e+02 -7.0871e-01 0.0000e+00 0.0000e+00 -7.0871e-01 1.2984e+02 0.0000e+00 0.0000e+00 0.0000e+00 0.0000e+00 1.2922e+02 -6.6518e+00 0.0000e+00 0.0000e+00 6.6518e+00 1.2854e+02 
15.0 1.1675e+02 -7.8333e-01 0.0000e+00 0.0000e+00 -7.8333e-01 1.1591e+02 0.0000e+00 0.0000e+00 0.0000e+00 0.0000e+00 1.1524e+02 -6.2137e+00 0.0000e+00 0.0000e+00 6.2137e+00 1.1460e+02 
16.0 1.0506e+02 -8.5614e-01 0.0000e+00 0.0000e+00 -8.5614e-01 1.0423e+02 0.0000e+00 0.0000e+00 0.0000e+00 0.0000e+00 1.0354e+02 -5.7841e+00 0.0000e+00 0.0000e+00 5.7841e+00 1.0292e+02 
17.0 9.5192e+01 -9.2702e-01 0.0000e+00 0.0000e+00 -9.2702e-01 9.4378e+01 0.0000e+00 0.0000e+00 0.0000e+00 0.0000e+00 9.3650e+01 -5.3717e+00 0.0000e+00 0.0000e+00 5.3717e+00 9.3067e+01 
18.0 8.6797e+01 -9.9597e-01 0.0000e+00 0.0000e+00 -9.9597e-01 8.5997e+01 0.0000e+00 0.0000e+00 0.0000e+00 0.0000e+00 8.5244e+01 -4.9819e+00 0.0000e+00 0.0000e+00 4.9819e+00 8.4687e+01 
19.0 7.9604e+01 -1.0631e+00 0.0000e+00 0.0000e+00 -1.0631e+00 7.8816e+01 0.0000e+00 0.0000e+00 0.0000e+00 0.0000e+00 7.8357e+01 -4.6175e+00 0.0000e+00 0.0000e+00 4.6175e+00 7.7832e+01 
20.0 7.3390e+01 -1.1286e+00 0.0000e+00 0.0000e+00 -1.1286e+00 7.2613e+01 0.0000e+00 0.0000e+00 0.0000e+00 0.0000e+00 7.2404e+01 -4.2797e+00 0.0000e+00 0.0000e+00 4.2797e+00 7.1907e+01 
21.0 6.7978e+01 -1.1926e+00 0.0000e+00 0.0000e+00 -1.1926e+00 6.7211e+01 0.0000e+00 0.0000e+00 0.0000e+00 0.0000e+00 6.7217e+01 -3.9685e+00 0.0000e+00 0.0000e+00 3.9685e+00 6.6745e+01 
22.0 6.3227e+01 -1.2553e+00 0.0000e+00 0.0000e+00 -1.2553e+00 6.2469e+01 0.0000e+00 0.0000e+00 0.0000e+00 0.0000e+00 6.2661e+01 -3.6827e+00 0.0000e+00 0.0000e+00 3.6827e+00 6.2209e+01 
23.0 5.9022e+01 -1.3171e+00 0.0000e+00 0.0000e+00 -1.3171e+00 5.8273e+01 0.0000e+00 0.0000e+00 0.0000e+00 0.0000e+00 5.8627e+01 -3.4202e+00 0.0000e+00 0.0000e+00 3.4202e+00 5.8195e+01 
24.0 5.5277e+01 -1.3782e+00 0.0000e+00 0.0000e+00 -1.3782e+00 5.4536e+01 0.0000e+00 0.0000e+00 0.0000e+00 0.0000e+00 5.5031e+01 -3.1788e+00 0.0000e+00 0.0000e+00 3.1788e+00 5.4616e+01 
25.0 5.1921e+01 -1.4390e+00 0.0000e+00 0.0000e+00 -1.4390e+00 5.1188e+01 0.0000e+00 0.0000e+00 0.0000e+00 0.0000e+00 5.1807e+01 -2.9565e+00 0.0000e+00 0.0000e+00 2.9565e+00 5.1408e+01 
26.0 4.8899e+01 -1.4994e+00 0.0000e+00 0.0000e+00 -1.4994e+00 4.8174e+01 0.0000e+00 0.0000e+00 0.0000e+00 0.0000e+00 4.8902e+01 -2.7516e+00 0.0000e+00 0.0000e+00 2.7516e+00 4.8517e+01 
27.0 4.6162e+01 -1.5596e+00 0.0000e+00 0.0000e+00 -1.5596e+00 4.5444e+01 0.0000e+00 0.0000e+00 0.0000e+00 0.0000e+00 4.6270e+01 -2.5631e+00 0.0000e+00 0.0000e+00 2.5631e+00 4.5898e+01 
28.0 4.3670e+01 -1.6193e+00 0.0000e+00 0.0000e+00 -1.6193e+00 4.2959e+01 0.0000e+00 0.0000e+00 0.0000e+00 0.0000e+00 4.3872e+01 -2.3899e+00 0.0000e+00 0.0000e+00 2.3899e+00 4.3512e+01 
29.0 4.1388e+01 -1.6783e+00 0.0000e+00 0.0000e+00 -1.6783e+00 4.0683e+01 0.0000e+00 0.0000e+00 0.0000e+00 0.0000e+00 4.1673e+01 -2.2311e+00 0.0000e+00 0.0000e+00 2.2311e+00 4.1324e+01 
30.0 3.9285e+01 -1.7364e+00 0.0000e+00 0.0000e+00 -1.7364e+00 3.8586e+01 0.0000e+00 0.0000e+00 0.0000e+00 0.0000e+00 3.9645e+01 -2.0855e+00 0.0000e+00 0.0000e+00 2.0855e+00 3.9307e+01 
31.0 3.7336e+01 -1.7932e+00 0.0000e+00 0.0000e+00 -1.7932e+00 3.6644e+01 0.0000e+00 0.0000e+00 0.0000e+00 0.0000e+00 3.7563e+01 -1.9520e+00 0.0000e+00 0.0000e+00 1.9520e+00 3.7240e+01 
32.0 3.5523e+01 -1.8485e+00 0.0000e+00 0.0000e+00 -1.8485e+00 3.4836e+01 0.0000e+00 0.0000e+00 0.0000e+00 0.0000e+00 3.5629e+01 -1.8298e+00 0.0000e+00 0.0000e+00 1.8298e+00 3.5320e+01 
33.0 3.3828e+01 -1.9019e+00 0.0000e+00 0.0000e+00 -1.9019e+00 3.3147e+01 0.0000e+00 0.0000e+00 0.0000e+00 0.0000e+00 3.3826e+01 -1.7177e+00 0.0000e+00 0.0000e+00 1.7177e+00 3.3532e+01 
34.0 3.2240e+01 -1.9533e+00 0.0000e+00 0.0000e+00 -1.9533e+00 3.1564e+01 0.0000e+00 0.0000e+00 0.0000e+00 0.0000e+00 3.2140e+01 -1.6149e+00 0.0000e+00 0.0000e+00 1.6149e+00 3.1860e+01 
35.0 3.0749e+01 -2.0025e+00 0.0000e+00 0.0000e+00 -2.0025e+00 3.0077e+01 0.0000e+00 0.0000e+00 0.0000e+00 0.0000e+00 3.0558e+01 -1.5202e+00 0.0000e+00 0.0000e+00 1.5202e+00 3.0291e+01 
36.0 2.9346e+01 -2.0496e+00 0.0000e+00 0.0000e+00 -2.0496e+00 2.8679e+01 0.0000e+00 0.0000e+00 0.0000e+00 0.0000e+00 2.9071e+01 -1.4325e+00 0.0000e+00 0.0000e+00 1.4325e+00 2.8817e+01 
37.0 2.8025e+01 -2.0948e+00 0.0000e+00 0.0000e+00 -2.0948e+00 2.7363e+01 0.0000e+00 0.0000e+00 0.0000e+00 0.0000e+00 2.7670e+01 -1.3510e+00 0.0000e+00 0.0000e+00 1.3510e+00 2.7429e+01 
38.0 2.6782e+01 -2.1383e+00 0.0000e+00 0.0000e+00 -2.1383e+00 2.6124e+01 0.0000e+00 0.0000e+00 0.0000e+00 0.0000e+00 2.6349e+01 -1.2748e+00 0.0000e+00 0.0000e+00 1.2748e+00 2.6120e+01 
39.0 2.5609e+01 -2.1801e+00 0.0000e+00 0.0000e+00 -2.1801e+00 2.4956e+01 0.0000e+00 0.0000e+00 0.0000e+00 0.0000e+00 2.5101e+01 -1.2035e+00 0.0000e+00 0.0000e+00 1.2035e+00 2.4884e+01 
40.0 2.4503e+01 -2.2202e+00 0.0000e+00 0.0000e+00 -2.2202e+00 2.3854e+01 0.0000e+00 0.0000e+00 0.0000e+00 0.0000e+00 2.3922e+01 -1.1366e+00 0.0000e+00 0.0000e+00 1.1366e+00 2.3716e+01 
41.0 2.3459e+01 -2.2587e+00 0.0000e+00 0.0000e+00 -2.2587e+00 2.2813e+01 0.0000e+00 0.0000e+00 0.0000e+00 0.0000e+00 2.2805e+01 -1.0740e+00 0.0000e+00 0.0000e+00 1.0740e+00 2.2611e+01 
42.0 2.2470e+01 -2.2954e+00 0.0000e+00 0.0000e+00 -2.2954e+00 2.1828e+01 0.0000e+00 0.0000e+00 0.0000e+00 0.0000e+00 2.1747e+01 -1.0152e+00 0.0000e+00 0.0000e+00 1.0152e+00 2.1564e+01 
43.0 2.1533e+01 -2.3301e+00 0.0000e+00 0.0000e+00 -2.3301e+00 2.0895e+01 0.0000e+00 0.0000e+00 0.0000e+00 0.0000e+00 2.0743e+01 -9.5993e-01 0.0000e+00 0.0000e+00 9.5993e-01 2.0571e+01 
44.0 2.0643e+01 -2.3627e+00 0.0000e+00 0.0000e+00 -2.3627e+00 2.0009e+01 0.0000e+00 0.0000e+00 0.0000e+00 0.0000e+00 1.9788e+01 -9.0779e-01 0.0000e+00 0.0000e+00 9.0779e-01 1.9627e+01 
45.0 1.9797e+01 -2.3933e+00 0.0000e+00 0.0000e+00 -2.3933e+00 1.9167e+01 0.0000e+00 0.0000e+00 0.0000e+00 0.0000e+00 1.8880e+01 -8.5837e-01 0.0000e+00 0.0000e+00 8.5837e-01 1.8729e+01 
46.0 1.8993e+01 -2.4218e+00 0.0000e+00 0.0000e+00 -2.4218e+00 1.8365e+01 0.0000e+00 0.0000e+00 0.0000e+00 0.0000e+00 1.8015e+01 -8.1128e-01 0.0000e+00 0.0000e+00 8.1128e-01 1.7874e+01 
47.0 1.8226e+01 -2.4482e+00 0.0000e+00 0.0000e+00 -2.4482e+00 1.7602e+01 0.0000e+00 0.0000e+00 0.0000e+00 0.0000e+00 1.7190e+01 -7.6617e-01 0.0000e+00 0.0000e+00 7.6617e-01 1.7060e+01 
48.0 1.7497e+01 -2.4727e+00 0.0000e+00 0.0000e+00 -2.4727e+00 1.6875e+01 0.0000e+00 0.0000e+00 0.0000e+00 0.0000e+00 1.6404e+01 -7.2278e-01 0.0000e+00 0.0000e+00 7.2278e-01 1.6283e+01 
49.0 1.6801e+01 -2.4951e+00 0.0000e+00 0.0000e+00 -2.4951e+00 1.6183e+01 0.0000e+00 0.0000e+00 0.0000e+00 0.0000e+00 1.5653e+01 -6.8089e-01 0.0000e+00 0.0000e+00 6.8089e-01 1.5542e+01 
50.0 1.6139e+01 -2.5157e+00 0.0000e+00 0.0000e+00 -2.5157e+00 1.5523e+01 0.0000e+00 0.0000e+00 0.0000e+00 0.0000e+00 1.4937e+01 -6.4032e-01 0.0000e+00 0.0000e+00 6.4032e-01 1.4835e+01 
51.0 1.5507e+01 -2.5346e+00 0.0000e+00 0.0000e+00 -2.5346e+00 1.4895e+01 0.0000e+00 0.0000e+00 0.0000e+00 0.0000e+00 1.4253e+01 -6.0091e-01 0.0000e+00 0.0000e+00 6.0091e-01 1.4160e+01 
52.0 1.4906e+01 -2.5517e+00 0.0000e+00 0.0000e+00 -2.5517e+00 1.4296e+01 0.0000e+00 0.0000e+00 0.0000e+00 0.0000e+00 1.3599e+01 -5.6256e-01 0.0000e+00 0.0000e+00 5.6256e-01 1.3516e+01 
53.0 1.4333e+01 -2.5671e+00 0.0000e+00 0.0000e+00 -2.5671e+00 1.3725e+01 0.0000e+00 0.0000e+00 0.0000e+00 0.0000e+00 1.2975e+01 -5.2522e-01 0.0000e+00 0.0000e+00 5.2522e-01 1.2900e+01 
54.0 1.3787e+01 -2.5809e+00 0.0000e+00 0.0000e+00 -2.5809e+00 1.3182e+01 0.0000e+00 0.0000e+00 0.0000e+00 0.0000e+00 1.2378e+01 -4.8884e-01 0.0000e+00 0.0000e+00 4.8884e-01 1.2312e+01 
55.0 1.3267e+01 -2.5931e+00 0.0000e+00 0.0000e+00 -2.5931e+00 1.2664e+01 0.0000e+00 0.0000e+00 0.0000e+00 0.0000e+00 1.1808e+01 -4.5342e-01 0.0000e+00 0.0000e+00 4.5342e-01 1.1751e+01 
56.0 1.2772e+01 -2.6037e+00 0.0000e+00 0.0000e+00 -2.6037e+00 1.2170e+01 0.0000e+00 0.0000e+00 0.0000e+00 0.0000e+00 1.1263e+01 -4.1894e-01 0.0000e+00 0.0000e+00 4.1894e-01 1.1214e+01 
57.0 1.2299e+01 -2.6127e+00 0.0000e+00 0.0000e+00 -2.6127e+00 1.1700e+01 0.0000e+00 0.0000e+00 0.0000e+00 0.0000e+00 1.0741e+01 -3.8539e-01 0.0000e+00 0.0000e+00 3.8539e-01 1.0701e+01 
58.0 1.1849e+01 -2.6201e+00 0.0000e+00 0.0000e+00 -2.6201e+00 1.1252e+01 0.0000e+00 0.0000e+00 0.0000e+00 0.0000e+00 1.0241e+01 -3.5274e-01 0.0000e+00 0.0000e+00 3.5274e-01 1.0209e+01 
59.0 1.1419e+01 -2.6259e+00 0.0000e+00 0.0000e+00 -2.6259e+00 1.0824e+01 0.0000e+00 0.0000e+00 0.0000e+00 0.0000e+00 9.7630e+00 -3.2096e-01 0.0000e+00 0.0000e+00 3.2096e-01 9.7395e+00 
60.0 1.1010e+01 -2.6300e+00 0.0000e+00 0.0000e+00 -2.6300e+00 1.0416e+01 0.0000e+00 0.0000e+00 0.0000e+00 0.0000e+00 9.3049e+00 -2.9002e-01 0.0000e+00 0.0000e+00 2.9002e-01 9.2897e+00 
61.0 1.0619e+01 -2.6327e+00 0.0000e+00 0.0000e+00 -2.6327e+00 1.0027e+01 0.0000e+00 0.0000e+00 0.0000e+00 0.0000e+00 8.8660e+00 -2.5989e-01 0.0000e+00 0.0000e+00 2.5989e-01 8.8589e+00 
62.0 1.0245e+01 -2.6338e+00 0.0000e+00 0.0000e+00 -2.6338e+00 9.6549e+00 0.0000e+00 0.0000e+00 0.0000e+00 0.0000e+00 8.4453e+00 -2.3055e-01 0.0000e+00 0.0000e+00 2.3055e-01 8.4463e+00 
63.0 9.8891e+00 -2.6334e+00 0.0000e+00 0.0000e+00 -2.6334e+00 9.3002e+00 0.0000e+00 0.0000e+00 0.0000e+00 0.0000e+00 8.0421e+00 -2.0202e-01 0.0000e+00 0.0000e+00 2.0202e-01 8.0511e+00 
64.0 9.5490e+00 -2.6315e+00 0.0000e+00 0.0000e+00 -2.6315e+00 8.9615e+00 0.0000e+00 0.0000e+00 0.0000e+00 0.0000e+00 7.6555e+00 -1.7431e-01 0.0000e+00 0.0000e+00 1.7431e-01 7.6723e+00 
65.0 9.2242e+00 -2.6282e+00 0.0000e+00 0.0000e+00 -2.6282e+00 8.6381e+00 0.0000e+00 0.0000e+00 0.0000e+00 0.0000e+00 7.2847e+00 -1.4744e-01 0.0000e+00 0.0000e+00 1.4744e-01 7.3093e+00 
66.0 8.9141e+00 -2.6234e+00 0.0000e+00 0.0000e+00 -2.6234e+00 8.3293e+00 0.0000e+00 0.0000e+00 0.0000e+00 0.0000e+00 6.9289e+00 -1.2143e-01 0.0000e+00 0.0000e+00 1.2143e-01 6.9613e+00 
67.0 8.6179e+00 -2.6172e+00 0.0000e+00 0.0000e+00 -2.6172e+00 8.0343e+00 0.0000e+00 0.0000e+00 0.0000e+00 0.0000e+00 6.5874e+00 -9.6272e-02 0.0000e+00 0.0000e+00 9.6272e-02 6.6275e+00 
68.0 8.3350e+00 -2.6095e+00 0.0000e+00 0.0000e+00 -2.6095e+00 7.7525e+00 0.0000e+00 0.0000e+00 0.0000e+00 0.0000e+00 6.2596e+00 -7.1969e-02 0.0000e+00 0.0000e+00 7.1969e-02 6.3073e+00 
69.0 8.0646e+00 -2.6005e+00 0.0000e+00 0.0000e+00 -2.6005e+00 7.4833e+00 0.0000e+00 0.0000e+00 0.0000e+00 0.0000e+00 5.9447e+00 -4.8505e-02 0.0000e+00 0.0000e+00 4.8505e-02 6.0000e+00 
70.0 7.8063e+00 -2.5901e+00 0.0000e+00 0.0000e+00 -2.5901e+00 7.2261e+00 0.0000e+00 0.0000e+00 0.0000e+00 0.0000e+00 5.6423e+00 -2.5867e-02 0.0000e+00 0.0000e+00 2.5867e-02 5.7050e+00 
71.0 7.5595e+00 -2.5784e+00 0.0000e+00 0.0000e+00 -2.5784e+00 6.9803e+00 0.0000e+00 0.0000e+00 0.0000e+00 0.0000e+00 5.3516e+00 -4.0427e-03 0.0000e+00 0.0000e+00 4.0427e-03 5.4218e+00 
72.0 7.3237e+00 -2.5654e+00 0.0000e+00 0.0000e+00 -2.5654e+00 6.7455e+00 0.0000e+00 0.0000e+00 0.0000e+00 0.0000e+00 5.0723e+00 1.6977e-02 0.0000e+00 0.0000e+00 -1.6977e-02 5.1497e+00 
73.0 7.0983e+00 -2.5512e+00 0.0000e+00 0.0000e+00 -2.5512e+00 6.5211e+00 0.0000e+00 0.0000e+00 0.0000e+00 0.0000e+00 4.8037e+00 3.7203e-02 0.0000e+00 0.0000e+00 -3.7203e-02 4.8884e+00 
74.0 6.8829e+00 -2.5357e+00 0.0000e+00 0.0000e+00 -2.5357e+00 6.3068e+00 0.0000e+00 0.0000e+00 0.0000e+00 0.0000e+00 4.5454e+00 5.6652e-02 0.0000e+00 0.0000e+00 -5.6652e-02 4.6373e+00 
75.0 6.6771e+00 -2.5190e+00 0.0000e+00 0.0000e+00 -2.5190e+00 6.1019e+00 0.0000e+00 0.0000e+00 0.0000e+00 0.0000e+00 4.2970e+00 7.5342e-02 0.0000e+00 0.0000e+00 -7.5342e-02 4.3960e+00 
76.0 6.4805e+00 -2.5012e+00 0.0000e+00 0.0000e+00 -2.5012e+00 5.9062e+00 0.0000e+00 0.0000e+00 0.0000e+00 0.0000e+00 4.0579e+00 9.3298e-02 0.0000e+00 0.0000e+00 -9.3298e-02 4.1640e+00 
77.0 6.2925e+00 -2.4823e+00 0.0000e+00 0.0000e+00 -2.4823e+00 5.7193e+00 0.0000e+00 0.0000e+00 0.0000e+00 0.0000e+00 3.8278e+00 1.1055e-01 0.0000e+00 0.0000e+00 -1.1055e-01 3.9408e+00 
78.0 6.1129e+00 -2.4624e+00 0.0000e+00 0.0000e+00 -2.4624e+00 5.5407e+00 0.0000e+00 0.0000e+00 0.0000e+00 0.0000e+00 3.6064e+00 1.2712e-01 0.0000e+00 0.0000e+00 -1.2712e-01 3.7262e+00 
79.0 5.9413e+00 -2.4414e+00 0.0000e+00 0.0000e+00 -2.4414e+00 5.3701e+00 0.0000e+00 0.0000e+00 0.0000e+00 0.0000e+00 3.3931e+00 1.4303e-01 0.0000e+00 0.0000e+00 -1.4303e-01 3.5198e+00 
80.0 5.7773e+00 -2.4195e+00 0.0000e+00 0.0000e+00 -2.4195e+00 5.2071e+00 0.0000e+00 0.0000e+00 0.0000e+00 0.0000e+00 3.1878e+00 1.5831e-01 0.0000e+00 0.0000e+00 -1.5831e-01 3.3211e+00 
81.0 5.6206e+00 -2.3966e+00 0.0000e+00 0.0000e+00 -2.3966e+00 5.0515e+00 0.0000e+00 0.0000e+00 0.0000e+00 0.0000e+00 2.9900e+00 1.7295e-01 0.0000e+00 0.0000e+00 -1.7295e-01 3.1299e+00 
82.0 5.4709e+00 -2.3729e+00 0.0000e+00 0.0000e+00 -2.3729e+00 4.9029e+00 0.0000e+00 0.0000e+00 0.0000e+00 0.0000e+00 2.7995e+00 1.8698e-01 0.0000e+00 0.0000e+00 -1.8698e-01 2.9459e+00 
83.0 5.3279e+00 -2.3484e+00 0.0000e+00 0.0000e+00 -2.3484e+00 4.7610e+00 0.0000e+00 0.0000e+00 0.0000e+00 0.0000e+00 2.6160e+00 2.0040e-01 0.0000e+00 0.0000e+00 -2.0040e-01 2.7688e+00 
84.0 5.1913e+00 -2.3231e+00 0.0000e+00 0.0000e+00 -2.3231e+00 4.6255e+00 0.0000e+00 0.0000e+00 0.0000e+00 0.0000e+00 2.4391e+00 2.1322e-01 0.0000e+00 0.0000e+00 -2.1322e-01 2.5982e+00 
85.0 5.0609e+00 -2.2970e+00 0.0000e+00 0.0000e+00 -2.2970e+00 4.4962e+00 0.0000e+00 0.0000e+00 0.0000e+00 0.0000e+00 2.2686e+00 2.2545e-01 0.0000e+00 0.0000e+00 -2.2545e-01 2.4339e+00 
86.0 4.9362e+00 -2.2702e+00 0.0000e+00 0.0000e+00 -2.2702e+00 4.3728e+00 0.0000e+00 0.0000e+00 0.0000e+00 0.0000e+00 2.1042e+00 2.3712e-01 0.0000e+00 0.0000e+00 -2.3712e-01 2.2756e+00 
87.0 4.8172e+00 -2.2428e+00 0.0000e+00 0.0000e+00 -2.2428e+00 4.2550e+00 0.0000e+00 0.0000e+00 0.0000e+00 0.0000e+00 1.9457e+00 2.4822e-01 0.0000e+00 0.0000e+00 -2.4822e-01 2.1231e+00 
88.0 4.7036e+00 -2.2148e+00 0.0000e+00 0.0000e+00 -2.2148e+00 4.1426e+00 0.0000e+00 0.0000e+00 0.0000e+00 0.0000e+00 1.7929e+00 2.5876e-01 0.0000e+00 0.0000e+00 -2.5876e-01 1.9762e+00 
89.0 4.5951e+00 -2.1862e+00 0.0000e+00 0.0000e+00 -2.1862e+00 4.0354e+00 0.0000e+00 0.0000e+00 0.0000e+00 0.0000e+00 1.6456e+00 2.6875e-01 0.0000e+00 0.0000e+00 -2.6875e-01 1.8345e+00 
90.0 4.4915e+00 -2.1570e+00 0.0000e+00 0.0000e+00 -2.1570e+00 3.9331e+00 0.0000e+00 0.0000e+00 0.0000e+00 0.0000e+00 1.5034e+00 2.7819e-01 0.0000e+00 0.0000e+00 -2.7819e-01 1.6980e+00 
91.0 4.3926e+00 -2.1274e+00 0.0000e+00 0.0000e+00 -2.1274e+00 3.8356e+00 0.0000e+00 0.0000e+00 0.0000e+00 0.0000e+00 1.3663e+00 2.8707e-01 0.0000e+00 0.0000e+00 -2.8707e-01 1.5663e+00 
92.0 4.2982e+00 -2.0972e+00 0.0000e+00 0.0000e+00 -2.0972e+00 3.7427e+00 0.0000e+00 0.0000e+00 0.0000e+00 0.0000e+00 1.2340e+00 2.9540e-01 0.0000e+00 0.0000e+00 -2.9540e-01 1.4393e+00 
93.0 4.2082e+00 -2.0666e+00 0.0000e+00 0.0000e+00 -2.0666e+00 3.6541e+00 0.0000e+00 0.0000e+00 0.0000e+00 0.0000e+00 1.1063e+00 3.0318e-01 0.0000e+00 0.0000e+00 -3.0318e-01 1.3168e+00 
94.0 4.1223e+00 -2.0355e+00 0.0000e+00 0.0000e+00 -2.0355e+00 3.5697e+00 0.0000e+00 0.0000e+00 0.0000e+00 0.0000e+00 9.8310e-01 3.1041e-01 0.0000e+00 0.0000e+00 -3.1041e-01 1.1986e+00 
95.0 4.0403e+00 -2.0040e+00 0.0000e+00 0.0000e+00 -2.0040e+00 3.4894e+00 0.0000e+00 0.0000e+00 0.0000e+00 0.0000e+00 8.6417e-01 3.1711e-01 0.0000e+00 0.0000e+00 -3.1711e-01 1.0845e+00 
96.0 3.9622e+00 -1.9721e+00 0.0000e+00 0.0000e+00 -1.9721e+00 3.4129e+00 0.0000e+00 0.0000e+00 0.0000e+00 0.0000e+00 7.4936e-01 3.2328e-01 0.0000e+00 0.0000e+00 -3.2328e-01 9.7435e-01 
97.0 3.8877e+00 -1.9398e+00 0.0000e+00 0.0000e+00 -1.9398e+00 3.3401e+00 0.0000e+00 0.0000e+00 0.0000e+00 0.0000e+00 6.3850e-01 3.2894e-01 0.0000e+00 0.0000e+00 -3.2894e-01 8.6797e-01 
98.0 3.8167e+00 -1.9072e+00 0.0000e+00 0.0000e+00 -1.9072e+00 3.2710e+00 0.0000e+00 0.0000e+00 0.0000e+00 0.0000e+00 5.3145e-01 3.3410e-01 0.0000e+00 0.0000e+00 -3.3410e-01 7.6520e-01 
99.0 3.7490e+00 -1.8741e+00 0.0000e+00 0.0000e+00 -1.8741e+00 3.2052e+00 0.0000e+00 0.0000e+00 0.0000e+00 0.0000e+00 4.2806e-01 3.3877e-01 0.0000e+00 0.0000e+00 -3.3877e-01 6.6590e-01 
100.0 3.6846e+00 -1.8407e+00 0.0000e+00 0.0000e+00 -1.8407e+00 3.1428e+00 0.0000e+00 0.0000e+00 0.0000e+00 0.0000e+00 3.2819e-01 3.4297e-01 0.0000e+00 0.0000e+00 -3.4297e-01 5.6992e-01 
101.0 3.6233e+00 -1.8070e+00 0.0000e+00 0.0000e+00 -1.8070e+00 3.0836e+00 0.0000e+00 0.0000e+00 0.0000e+00 0.0000e+00 2.3171e-01 3.4671e-01 0.0000e+00 0.0000e+00 -3.4671e-01 4.7713e-01 
102.0 3.5649e+00 -1.7730e+00 0.0000e+00 0.0000e+00 -1.7730e+00 3.0275e+00 0.0000e+00 0.0000e+00 0.0000e+00 0.0000e+00 1.3850e-01 3.5000e-01 0.0000e+00 0.0000e+00 -3.5000e-01 3.8738e-01 
103.0 3.5095e+00 -1.7387e+00 0.0000e+00 0.0000e+00 -1.7387e+00 2.9743e+00 0.0000e+00 0.0000e+00 0.0000e+00 0.0000e+00 4.8426e-02 3.5286e-01 0.0000e+00 0.0000e+00 -3.5286e-01 3.0056e-01 
104.0 3.4567e+00 -1.7041e+00 0.0000e+00 0.0000e+00 -1.7041e+00 2.9240e+00 0.0000e+00 0.0000e+00 0.0000e+00 0.0000e+00 -3.8629e-02 3.5530e-01 0.0000e+00 0.0000e+00 -3.5530e-01 2.1654e-01 
105.0 3.4067e+00 -1.6693e+00 0.0000e+00 0.0000e+00 -1.6693e+00 2.8764e+00 0.0000e+00 0.0000e+00 0.0000e+00 0.0000e+00 -1.2278e-01 3.5734e-01 0.0000e+00 0.0000e+00 -3.5734e-01 1.3521e-01 
106.0 3.3591e+00 -1.6342e+00 0.0000e+00 0.0000e+00 -1.6342e+00 2.8315e+00 0.0000e+00 0.0000e+00 0.0000e+00 0.0000e+00 -2.0413e-01 3.5900e-01 0.0000e+00 0.0000e+00 -3.5900e-01 5.6451e-02 
107.0 3.3140e+00 -1.5988e+00 0.0000e+00 0.0000e+00 -1.5988e+00 2.7892e+00 0.0000e+00 0.0000e+00 0.0000e+00 0.0000e+00 -2.8280e-01 3.6029e-01 0.0000e+00 0.0000e+00 -3.6029e-01 -1.9838e-02 
108.0 3.2713e+00 -1.5633e+00 0.0000e+00 0.0000e+00 -1.5633e+00 2.7493e+00 0.0000e+00 0.0000e+00 0.0000e+00 0.0000e+00 -3.5888e-01 3.6123e-01 0.0000e+00 0.0000e+00 -3.6123e-01 -9.3759e-02 
109.0 3.2308e+00 -1.5275e+00 0.0000e+00 0.0000e+00 -1.5275e+00 2.7118e+00 0.0000e+00 0.0000e+00 0.0000e+00 0.0000e+00 -4.3247e-01 3.6184e-01 0.0000e+00 0.0000e+00 -3.6184e-01 -1.6541e-01 
110.0 3.1925e+00 -1.4916e+00 0.0000e+00 0.0000e+00 -1.4916e+00 2.6766e+00 0.0000e+00 0.0000e+00 0.0000e+00 0.0000e+00 -5.0366e-01 3.6215e-01 0.0000e+00 0.0000e+00 -3.6215e-01 -2.3487e-01 
111.0 3.1564e+00 -1.4555e+00 0.0000e+00 0.0000e+00 -1.4555e+00 2.6437e+00 0.0000e+00 0.0000e+00 0.0000e+00 0.0000e+00 -5.7255e-01 3.6217e-01 0.0000e+00 0.0000e+00 -3.6217e-01 -3.0223e-01 
112.0 3.1222e+00 -1.4192e+00 0.0000e+00 0.0000e+00 -1.4192e+00 2.6129e+00 0.0000e+00 0.0000e+00 0.0000e+00 0.0000e+00 -6.3921e-01 3.6192e-01 0.0000e+00 0.0000e+00 -3.6192e-01 -3.6757e-01 
113.0 3.0901e+00 -1.3829e+00 0.0000e+00 0.0000e+00 -1.3829e+00 2.5841e+00 0.0000e+00 0.0000e+00 0.0000e+00 0.0000e+00 -7.0374e-01 3.6141e-01 0.0000e+00 0.0000e+00 -3.6141e-01 -4.3097e-01 
114.0 3.0598e+00 -1.3464e+00 0.0000e+00 0.0000e+00 -1.3464e+00 2.5573e+00 0.0000e+00 0.0000e+00 0.0000e+00 0.0000e+00 -7.6621e-01 3.6066e-01 0.0000e+00 0.0000e+00 -3.6066e-01 -4.9249e-01 
115.0 3.0314e+00 -1.3099e+00 0.0000e+00 0.0000e+00 -1.3099e+00 2.5325e+00 0.0000e+00 0.0000e+00 0.0000e+00 0.0000e+00 -8.2670e-01 3.5968e-01 0.0000e+00 0.0000e+00 -3.5968e-01 -5.5220e-01 
116.0 3.0047e+00 -1.2734e+00 0.0000e+00 0.0000e+00 -1.2734e+00 2.5095e+00 0.0000e+00 0.0000e+00 0.0000e+00 0.0000e+00 -8.8528e-01 3.5850e-01 0.0000e+00 0.0000e+00 -3.5850e-01 -6.1016e-01 
117.0 2.9797e+00 -1.2369e+00 0.0000e+00 0.0000e+00 -1.2369e+00 2.4883e+00 0.0000e+00 0.0000e+00 0.0000e+00 0.0000e+00 -9.4202e-01 3.5710e-01 0.0000e+00 0.0000e+00 -3.5710e-01 -6.6643e-01 
118.0 2.9564e+00 -1.2004e+00 0.0000e+00 0.0000e+00 -1.2004e+00 2.4688e+00 0.0000e+00 0.0000e+00 0.0000e+00 0.0000e+00 -9.9698e-01 3.5552e-01 0.0000e+00 0.0000e+00 -3.5552e-01 -7.2108e-01 
119.0 2.9347e+00 -1.1639e+00 0.0000e+00 0.0000e+00 -1.1639e+00 2.4509e+00 0.0000e+00 0.0000e+00 0.0000e+00 0.0000e+00 -1.0502e+00 3.5376e-01 0.0000e+00 0.0000e+00 -3.5376e-01 -7.7414e-01 
120.0 2.9145e+00 -1.1275e+00 0.0000e+00 0.0000e+00 -1.1275e+00 2.4346e+00 0.0000e+00 0.0000e+00 0.0000e+00 0.0000e+00 -1.1018e+00 3.5181e-01 0.0000e+00 0.0000e+00 -3.5181e-01 -8.2568e-01 
121.0 2.8959e+00 -1.0912e+00 0.0000e+00 0.0000e+00 -1.0912e+00 2.4199e+00 0.0000e+00 0.0000e+00 0.0000e+00 0.0000e+00 -1.1518e+00 3.4970e-01 0.0000e+00 0.0000e+00 -3.4970e-01 -8.7574e-01 
122.0 2.8786e+00 -1.0551e+00 0.0000e+00 0.0000e+00 -1.0551e+00 2.4066e+00 0.0000e+00 0.0000e+00 0.0000e+00 0.0000e+00 -1.2003e+00 3.4742e-01 0.0000e+00 0.0000e+00 -3.4742e-01 -9.2436e-01 
123.0 2.8628e+00 -1.0191e+00 0.0000e+00 0.0000e+00 -1.0191e+00 2.3947e+00 0.0000e+00 0.0000e+00 0.0000e+00 0.0000e+00 -1.2473e+00 3.4499e-01 0.0000e+00 0.0000e+00 -3.4499e-01 -9.7159e-01 
124.0 2.8483e+00 -9.8330e-01 0.0000e+00 0.0000e+00 -9.8330e-01 2.3842e+00 0.0000e+00 0.0000e+00 0.0000e+00 0.0000e+00 -1.2928e+00 3.4239e-01 0.0000e+00 0.0000e+00 -3.4239e-01 -1.0175e+00 
125.0 2.8351e+00 -9.4770e-01 0.0000e+00 0.0000e+00 -9.4770e-01 2.3750e+00 0.0000e+00 0.0000e+00 0.0000e+00 0.0000e+00 -1.3369e+00 3.3963e-01 0.0000e+00 0.0000e+00 -3.3963e-01 -1.0620e+00 
126.0 2.8231e+00 -9.1233e-01 0.0000e+00 0.0000e+00 -9.1233e-01 2.3670e+00 0.0000e+00 0.0000e+00 0.0000e+00 0.0000e+00 -1.3797e+00 3.3672e-01 0.0000e+00 0.0000e+00 -3.3672e-01 -1.1053e+00 
127.0 2.8123e+00 -8.7721e-01 0.0000e+00 0.0000e+00 -8.7721e-01 2.3603e+00 0.0000e+00 0.0000e+00 0.0000e+00 0.0000e+00 -1.4212e+00 3.3365e-01 0.0000e+00 0.0000e+00 -3.3365e-01 -1.1474e+00 
128.0 2.8026e+00 -8.4239e-01 0.0000e+00 0.0000e+00 -8.4239e-01 2.3547e+00 0.0000e+00 0.0000e+00 0.0000e+00 0.0000e+00 -1.4614e+00 3.3042e-01 0.0000e+00 0.0000e+00 -3.3042e-01 -1.1883e+00 
129.0 2.7941e+00 -8.0786e-01 0.0000e+00 0.0000e+00 -8.0786e-01 2.3502e+00 0.0000e+00 0.0000e+00 0.0000e+00 0.0000e+00 -1.5003e+00 3.2703e-01 0.0000e+00 0.0000e+00 -3.2703e-01 -1.2280e+00 
130.0 2.7866e+00 -7.7367e-01 0.0000e+00 0.0000e+00 -7.7367e-01 2.3468e+00 0.0000e+00 0.0000e+00 0.0000e+00 0.0000e+00 -1.5381e+00 3.2346e-01 0.0000e+00 0.0000e+00 -3.2346e-01 -1.2666e+00 
131.0 2.7800e+00 -7.3982e-01 0.0000e+00 0.0000e+00 -7.3982e-01 2.3444e+00 0.0000e+00 0.0000e+00 0.0000e+00 0.0000e+00 -1.5747e+00 3.1970e-01 0.0000e+00 0.0000e+00 -3.1970e-01 -1.3042e+00 
132.0 2.7745e+00 -7.0633e-01 0.0000e+00 0.0000e+00 -7.0633e-01 2.3430e+00 0.0000e+00 0.0000e+00 0.0000e+00 0.0000e+00 -1.6101e+00 3.1574e-01 0.0000e+00 0.0000e+00 -3.1574e-01 -1.3406e+00 
133.0 2.7698e+00 -6.7321e-01 0.0000e+00 0.0000e+00 -6.7321e-01 2.3425e+00 0.0000e+00 0.0000e+00 0.0000e+00 0.0000e+00 -1.6445e+00 3.1157e-01 0.0000e+00 0.0000e+00 -3.1157e-01 -1.3761e+00 
134.0 2.7660e+00 -6.4046e-01 0.0000e+00 0.0000e+00 -6.4046e-01 2.3429e+00 0.0000e+00 0.0000e+00 0.0000e+00 0.0000e+00 -1.6777e+00 3.0719e-01 0.0000e+00 0.0000e+00 -3.0719e-01 -1.4105e+00 
135.0 2.7630e+00 -6.0810e-01 0.0000e+00 0.0000e+00 -6.0810e-01 2.3441e+00 0.0000e+00 0.0000e+00 0.0000e+00 0.0000e+00 -1.7099e+00 3.0257e-01 0.0000e+00 0.0000e+00 -3.0257e-01 -1.4440e+00 
136.0 2.7609e+00 -5.7613e-01 0.0000e+00 0.0000e+00 -5.7613e-01 2.3462e+00 0.0000e+00 0.0000e+00 0.0000e+00 0.0000e+00 -1.7411e+00 2.9770e-01 0.0000e+00 0.0000e+00 -2.9770e-01 -1.4766e+00 
137.0 2.7594e+00 -5.4455e-01 0.0000e+00 0.0000e+00 -5.4455e-01 2.3491e+00 0.0000e+00 0.0000e+00 0.0000e+00 0.0000e+00 -1.7713e+00 2.9259e-01 0.0000e+00 0.0000e+00 -2.9259e-01 -1.5083e+00 
138.0 2.7587e+00 -5.1337e-01 0.0000e+00 0.0000e+00 -5.1337e-01 2.3528e+00 0.0000e+00 0.0000e+00 0.0000e+00 0.0000e+00 -1.8005e+00 2.8720e-01 0.0000e+00 0.0000e+00 -2.8720e-01 -1.5392e+00 
139.0 2.7588e+00 -4.8259e-01 0.0000e+00 0.0000e+00 -4.8259e-01 2.3573e+00 0.0000e+00 0.0000e+00 0.0000e+00 0.0000e+00 -1.8288e+00 2.8155e-01 0.0000e+00 0.0000e+00 -2.8155e-01 -1.5692e+00 
140.0 2.7595e+00 -4.5221e-01 0.0000e+00 0.0000e+00 -4.5221e-01 2.3625e+00 0.0000e+00 0.0000e+00 0.0000e+00 0.0000e+00 -1.8562e+00 2.7563e-01 0.0000e+00 0.0000e+00 -2.7563e-01 -1.5985e+00 
141.0 2.7608e+00 -4.2224e-01 0.0000e+00 0.0000e+00 -4.2224e-01 2.3684e+00 0.0000e+00 0.0000e+00 0.0000e+00 0.0000e+00 -1.8827e+00 2.6942e-01 0.0000e+00 0.0000e+00 -2.6942e-01 -1.6270e+00 
142.0 2.7628e+00 -3.9269e-01 0.0000e+00 0.0000e+00 -3.9269e-01 2.3750e+00 0.0000e+00 0.0000e+00 0.0000e+00 0.0000e+00 -1.9083e+00 2.6292e-01 0.0000e+00 0.0000e+00 -2.6292e-01 -1.6547e+00 
143.0 2.7655e+00 -3.6356e-01 0.0000e+00 0.0000e+00 -3.6356e-01 2.3823e+00 0.0000e+00 0.0000e+00 0.0000e+00 0.0000e+00 -1.9332e+00 2.5612e-01 0.0000e+00 0.0000e+00 -2.5612e-01 -1.6818e+00 
144.0 2.7687e+00 -3.3486e-01 0.0000e+00 0.0000e+00 -3.3486e-01 2.3903e+00 0.0000e+00 0.0000e+00 0.0000e+00 0.0000e+00 -1.9572e+00 2.4899e-01 0.0000e+00 0.0000e+00 -2.4899e-01 -1.7082e+00 
145.0 2.7725e+00 -3.0663e-01 0.0000e+00 0.0000e+00 -3.0663e-01 2.3989e+00 0.0000e+00 0.0000e+00 0.0000e+00 0.0000e+00 -1.9804e+00 2.4150e-01 0.0000e+00 0.0000e+00 -2.4150e-01 -1.7340e+00 
146.0 2.7768e+00 -2.7890e-01 0.0000e+00 0.0000e+00 -2.7890e-01 2.4080e+00 0.0000e+00 0.0000e+00 0.0000e+00 0.0000e+00 -2.0030e+00 2.3361e-01 0.0000e+00 0.0000e+00 -2.3361e-01 -1.7591e+00 
147.0 2.7816e+00 -2.5169e-01 0.0000e+00 0.0000e+00 -2.5169e-01 2.4177e+00 0.0000e+00 0.0000e+00 0.0000e+00 0.0000e+00 -2.0248e+00 2.2527e-01 0.0000e+00 0.0000e+00 -2.2527e-01 -1.7837e+00 
148.0 2.7868e+00 -2.2508e-01 0.0000e+00 0.0000e+00 -2.2508e-01 2.4278e+00 0.0000e+00 0.0000e+00 0.0000e+00 0.0000e+00 -2.0461e+00 2.1642e-01 0.0000e+00 0.0000e+00 -2.1642e-01 -1.8078e+00 
149.0 2.7925e+00 -1.9915e-01 0.0000e+00 0.0000e+00 -1.9915e-01 2.4383e+00 0.0000e+00 0.0000e+00 0.0000e+00 0.0000e+00 -2.0669e+00 2.0697e-01 0.0000e+00 0.0000e+00 -2.0697e-01 -1.8315e+00 
150.0 2.7984e+00 -1.7398e-01 0.0000e+00 0.0000e+00 -1.7398e-01 2.4490e+00 0.0000e+00 0.0000e+00 0.0000e+00 0.0000e+00 -2.0873e+00 1.9684e-01 0.0000e+00 0.0000e+00 -1.9684e-01 -1.8547e+00 
151.0 2.8045e+00 -1.4970e-01 0.0000e+00 0.0000e+00 -1.4970e-01 2.4599e+00 0.0000e+00 0.0000e+00 0.0000e+00 0.0000e+00 -2.1074e+00 1.8592e-01 0.0000e+00 0.0000e+00 -1.8592e-01 -1.8775e+00 
152.0 2.8108e+00 -1.2647e-01 0.0000e+00 0.0000e+00 -1.2647e-01 2.4706e+00 0.0000e+00 0.0000e+00 0.0000e+00 0.0000e+00 -2.1274e+00 1.7408e-01 0.0000e+00 0.0000e+00 -1.7408e-01 -1.9000e+00 
153.0 2.8171e+00 -1.0444e-01 0.0000e+00 0.0000e+00 -1.0444e-01 2.4812e+00 0.0000e+00 0.0000e+00 0.0000e+00 0.0000e+00 -2.1472e+00 1.6122e-01 0.0000e+00 0.0000e+00 -1.6122e-01 -1.9221e+00 
154.0 2.8235e+00 -8.3781e-02 0.0000e+00 0.0000e+00 -8.3781e-02 2.4913e+00 0.0000e+00 0.0000e+00 0.0000e+00 0.0000e+00 -2.1672e+00 1.4721e-01 0.0000e+00 0.0000e+00 -1.4721e-01 -1.9438e+00 
155.0 2.8299e+00 -6.4668e-02 0.0000e+00 0.0000e+00 -6.4668e-02 2.5010e+00 0.0000e+00 0.0000e+00 0.0000e+00 0.0000e+00 -2.1874e+00 1.3197e-01 0.0000e+00 0.0000e+00 -1.3197e-01 -1.9652e+00 
156.0 2.8363e+00 -4.7252e-02 0.0000e+00 0.0000e+00 -4.7252e-02 2.5100e+00 0.0000e+00 0.0000e+00 0.0000e+00 0.0000e+00 -2.2079e+00 1.1548e-01 0.0000e+00 0.0000e+00 -1.1548e-01 -1.9861e+00 
157.0 2.8430e+00 -3.1671e-02 0.0000e+00 0.0000e+00 -3.1671e-02 2.5183e+00 0.0000e+00 0.0000e+00 0.0000e+00 0.0000e+00 -2.2290e+00 9.7766e-02 0.0000e+00 0.0000e+00 -9.7766e-02 -2.0065e+00 
158.0 2.8500e+00 -1.8034e-02 0.0000e+00 0.0000e+00 -1.8034e-02 2.5260e+00 0.0000e+00 0.0000e+00 0.0000e+00 0.0000e+00 -2.2508e+00 7.8925e-02 0.0000e+00 0.0000e+00 -7.8925e-02 -2.0263e+00 
159.0 2.8577e+00 -6.4173e-03 0.0000e+00 0.0000e+00 -6.4173e-03 2.5330e+00 0.0000e+00 0.0000e+00 0.0000e+00 0.0000e+00 -2.2735e+00 5.9120e-02 0.0000e+00 0.0000e+00 -5.9120e-02 -2.0453e+00 
160.0 2.8664e+00 3.1398e-03 0.0000e+00 0.0000e+00 3.1398e-03 2.5394e+00 0.0000e+00 0.0000e+00 0.0000e+00 0.0000e+00 -2.2972e+00 3.8583e-02 0.0000e+00 0.0000e+00 -3.8583e-02 -2.0635e+00 
161.0 2.8765e+00 1.0640e-02 0.0000e+00 0.0000e+00 1.0640e-02 2.5455e+00 0.0000e+00 0.0000e+00 0.0000e+00 0.0000e+00 -2.3222e+00 1.7621e-02 0.0000e+00 0.0000e+00 -1.7621e-02 -2.0807e+00 
162.0 2.8886e+00 1.6129e-02 0.0000e+00 0.0000e+00 1.6129e-02 2.5515e+00 0.0000e+00 0.0000e+00 0.0000e+00 0.0000e+00 -2.3488e+00 -3.3891e-03 0.0000e+00 0.0000e+00 3.3891e-03 -2.0968e+00 
163.0 2.9033e+00 1.9701e-02 0.0000e+00 0.0000e+00 1.9701e-02 2.5577e+00 0.0000e+00 0.0000e+00 0.0000e+00 0.0000e+00 -2.3770e+00 -2.3992e-02 0.0000e+00 0.0000e+00 2.3992e-02 -2.1118e+00 
164.0 2.9213e+00 2.1492e-02 0.0000e+00 0.0000e+00 2.1492e-02 2.5646e+00 0.0000e+00 0.0000e+00 0.0000e+00 0.0000e+00 -2.4072e+00 -4.3662e-02 0.0000e+00 0.0000e+00 4.3662e-02 -2.1255e+00 
165.0 2.9432e+00 2.1682e-02 0.0000e+00 0.0000e+00 2.1682e-02 2.5725e+00 0.0000e+00 0.0000e+00 0.0000e+00 0.0000e+00 -2.4396e+00 -6.1811e-02 0.0000e+00 0.0000e+00 6.1811e-02 -2.1378e+00 
166.0 2.9697e+00 2.0493e-02 0.0000e+00 0.0000e+00 2.0493e-02 2.5820e+00 0.0000e+00 0.0000e+00 0.0000e+00 0.0000e+00 -2.4742e+00 -7.7800e-02 0.0000e+00 0.0000e+00 7.7800e-02 -2.1487e+00 
167.0 3.0016e+00 1.8186e-02 0.0000e+00 0.0000e+00 1.8186e-02 2.5935e+00 0.0000e+00 0.0000e+00 0.0000e+00 0.0000e+00 -2.5111e+00 -9.0972e-02 0.0000e+00 0.0000e+00 9.0972e-02 -2.1580e+00 
168.0 3.0392e+00 1.5060e-02 0.0000e+00 0.0000e+00 1.5060e-02 2.6077e+00 0.0000e+00 0.0000e+00 0.0000e+00 0.0000e+00 -2.5503e+00 -1.0069e-01 0.0000e+00 0.0000e+00 1.0069e-01 -2.1659e+00 
169.0 3.0830e+00 1.1444e-02 0.0000e+00 0.0000e+00 1.1444e-02 2.6249e+00 0.0000e+00 0.0000e+00 0.0000e+00 0.0000e+00 -2.5916e+00 -1.0635e-01 0.0000e+00 0.0000e+00 1.0635e-01 -2.1722e+00 
170.0 3.1330e+00 7.6840e-03 0.0000e+00 0.0000e+00 7.6840e-03 2.6453e+00 0.0000e+00 0.0000e+00 0.0000e+00 0.0000e+00 -2.6346e+00 -1.0750e-01 0.0000e+00 0.0000e+00 1.0750e-01 -2.1769e+00 
171.0 3.1889e+00 4.1350e-03 0.0000e+00 0.0000e+00 4.1350e-03 2.6692e+00 0.0000e+00 0.0000e+00 0.0000e+00 0.0000e+00 -2.6788e+00 -1.0383e-01 0.0000e+00 0.0000e+00 1.0383e-01 -2.1803e+00 
172.0 3.2498e+00 1.1279e-03 0.0000e+00 0.0000e+00 1.1279e-03 2.6964e+00 0.0000e+00 0.0000e+00 0.0000e+00 0.0000e+00 -2.7235e+00 -9.5336e-02 0.0000e+00 0.0000e+00 9.5336e-02 -2.1824e+00 
173.0 3.3140e+00 -1.0648e-03 0.0000e+00 0.0000e+00 -1.0648e-03 2.7262e+00 0.0000e+00 0.0000e+00 0.0000e+00 0.0000e+00 -2.7673e+00 -8.2441e-02 0.0000e+00 0.0000e+00 8.2441e-02 -2.1834e+00 
174.0 3.3791e+00 -2.2839e-03 0.0000e+00 0.0000e+00 -2.2839e-03 2.7575e+00 0.0000e+00 0.0000e+00 0.0000e+00 0.0000e+00 -2.8091e+00 -6.6087e-02 0.0000e+00 0.0000e+00 6.6087e-02 -2.1836e+00 
175.0 3.4415e+00 -2.5378e-03 0.0000e+00 0.0000e+00 -2.5378e-03 2.7885e+00 0.0000e+00 0.0000e+00 0.0000e+00 0.0000e+00 -2.8471e+00 -4.7819e-02 0.0000e+00 0.0000e+00 4.7819e-02 -2.1833e+00 
176.0 3.4972e+00 -2.0322e-03 0.0000e+00 0.0000e+00 -2.0322e-03 2.8169e+00 0.0000e+00 0.0000e+00 0.0000e+00 0.0000e+00 -2.8795e+00 -2.9745e-02 0.0000e+00 0.0000e+00 2.9745e-02 -2.1826e+00 
177.0 3.5416e+00 -1.1457e-03 0.0000e+00 0.0000e+00 -1.1457e-03 2.8401e+00 0.0000e+00 0.0000e+00 0.0000e+00 0.0000e+00 -2.9043e+00 -1.4297e-02 0.0000e+00 0.0000e+00 1.4297e-02 -2.1819e+00 
178.0 3.5704e+00 -3.4016e-04 0.0000e+00 0.0000e+00 -3.4016e-04 2.8554e+00 0.0000e+00 0.0000e+00 0.0000e+00 0.0000e+00 -2.9201e+00 -3.8202e-03 0.0000e+00 0.0000e+00 3.8202e-03 -2.1815e+00 
179.0 3.5807e+00 -4.7463e-21 0.0000e+00 0.0000e+00 -4.7463e-21 2.8609e+00 0.0000e+00 0.0000e+00 0.0000e+00 0.0000e+00 -2.9256e+00 -4.5102e-20 0.0000e+00 0.0000e+00 4.5102e-20 -2.1814e+00 
180.0 3.5906e+00 0.0000e+00 0.0000e+00 0.0000e+00 0.0000e+00 2.8661e+00 0.0000e+00 0.0000e+00 0.0000e+00 0.0000e+00 -2.9309e+00 0.0000e+00 0.0000e+00 0.0000e+00 -0.0000e+00 -2.1811e+00 
