0.7443 0.8927 0.1484 0.302945
theta s11 s12 s13 s14 s21 s22 s23 s24 s31 s32 s33 s34 s41 s42 s43 s44
0.0 9.6611e+02 0.0000e+00 0.0000e+00 0.0000e+00 0.0000e+00 9.6587e+02 0.0000e+00 0.0000e+00 0.0000e+00 0.0000e+00 9.6587e+02 0.0000e+00 0.0000e+00 0.0000e+00 -0.0000e+00 9.6563e+02 
1.0 8.5120e+02 -4.8049e-02 0.0000e+00 0.0000e+00 -4.8049e-02 8.5096e+02 0.0000e+00 0.0000e+00 0.0000e+00 0.0000e+00 8.5096e+02 -4.5667e-01 0.0000e+00 0.0000e+00 4.5667e-01 8.5072e+02 
2.0 6.2577e+02 -1.0917e-01 0.0000e+00 0.0000e+00 -1.0917e-01 6.2554e+02 0.0000e+00 0.0000e+00 0.0000e+00 0.0000e+00 6.2554e+02 -1.4910e+00 0.0000e+00 0.0000e+00 1.4910e+00 6.2531e+02 
3.0 4.2643e+02 -1.2187e-01 0.0000e+00 0.0000e+00 -1.2187e-01 4.2621e+02 0.0000e+00 0.0000e+00 0.0000e+00 0.0000e+00 4.2619e+02 -2.4658e+00 0.0000e+00 0.0000e+00 2.4658e+00 4.2598e+02 
4.0 2.8737e+02 -1.1026e-01 0.0000e+00 0.0000e+00 -1.1026e-01 2.8717e+02 0.0000e+00 0.0000e+00 0.0000e+00 0.0000e+00 2.8712e+02 -3.0237e+00 0.0000e+00 0.0000e+00 3.0237e+00 2.8693e+02 
5.0 1.9804e+02 -9.9936e-02 0.0000e+00 0.0000e+00 -9.9936e-02 1.9785e+02 0.0000e+00 0.0000e+00 0.0000e+00 0.0000e+00 1.9777e+02 -3.1889e+00 0.0000e+00 0.0000e+00 3.1889e+00 1.9760e+02 
6.0 1.4134e+02 -9.8514e-02 0.0000e+00 0.0000e+00 -9.8514e-02 1.4117e+02 0.0000e+00 0.0000e+00 0.0000e+00 0.0000e+00 1.4106e+02 -3.1166e+00 0.0000e+00 0.0000e+00 3.1166e+00 1.4091e+02 
7.0 1.0457e+02 -1.0569e-01 0.0000e+00 0.0000e+00 -1.0569e-01 1.0440e+02 0.0000e+00 0.0000e+00 0.0000e+00 0.0000e+00 1.0427e+02 -2.9265e+00 0.0000e+00 0.0000e+00 2.9265e+00 1.0414e+02 
8.0 7.9890e+01 -1.1836e-01 0.0000e+00 0.0000e+00 -1.1836e-01 7.9730e+01 0.0000e+00 0.0000e+00 0.0000e+00 0.0000e+00 7.9586e+01 -2.6883e+00 0.0000e+00 0.0000e+00 2.6883e+00 7.9467e+01 
9.0 6.2756e+01 -1.3301e-01 0.0000e+00 0.0000e+00 -1.3301e-01 6.2599e+01 0.0000e+00 0.0000e+00 0.0000e+00 0.0000e+00 6.2441e+01 -2.4397e+00 0.0000e+00 0.0000e+00 2.4397e+00 6.2336e+01 
10.0 5.0477e+01 -1.4712e-01 0.0000e+00 0.0000e+00 -1.4712e-01 5.0323e+01 0.0000e+00 0.0000e+00 0.0000e+00 0.0000e+00 5.0154e+01 -2.1983e+00 0.0000e+00 0.0000e+00 2.1983e+00 5.0060e+01 
11.0 4.1435e+01 -1.5892e-01 0.0000e+00 0.0000e+00 -1.5892e-01 4.1282e+01 0.0000e+00 0.0000e+00 0.0000e+00 0.0000e+00 4.1104e+01 -1.9719e+00 0.0000e+00 0.0000e+00 1.9719e+00 4.1021e+01 
12.0 3.4613e+01 -1.6812e-01 0.0000e+00 0.0000e+00 -1.6812e-01 3.4461e+01 0.0000e+00 0.0000e+00 0.0000e+00 0.0000e+00 3.4275e+01 -1.7636e+00 0.0000e+00 0.0000e+00 1.7636e+00 3.4202e+01 
13.0 2.9364e+01 -1.7503e-01 0.0000e+00 0.0000e+00 -1.7503e-01 2.9212e+01 0.0000e+00 0.0000e+00 0.0000e+00 0.0000e+00 2.9020e+01 -1.5727e+00 0.0000e+00 0.0000e+00 1.5727e+00 2.8956e+01 
14.0 2.5253e+01 -1.7853e-01 0.0000e+00 0.0000e+00 -1.7853e-01 2.5101e+01 0.0000e+00 0.0000e+00 0.0000e+00 0.0000e+00 2.4905e+01 -1.4022e+00 0.0000e+00 0.0000e+00 1.4022e+00 2.4848e+01 
15.0 2.1984e+01 -1.8019e-01 0.0000e+00 0.0000e+00 -1.8019e-01 2.1830e+01 0.0000e+00 0.0000e+00 0.0000e+00 0.0000e+00 2.1631e+01 -1.2463e+00 0.0000e+00 0.0000e+00 1.2463e+00 2.1581e+01 
16.0 1.9345e+01 -1.8000e-01 0.0000e+00 0.0000e+00 -1.8000e-01 1.9190e+01 0.0000e+00 0.0000e+00 0.0000e+00 0.0000e+00 1.8988e+01 -1.1047e+00 0.0000e+00 0.0000e+00 1.1047e+00 1.8945e+01 
17.0 1.7190e+01 -1.7848e-01 0.0000e+00 0.0000e+00 -1.7848e-01 1.7033e+01 0.0000e+00 0.0000e+00 0.0000e+00 0.0000e+00 1.6830e+01 -9.7653e-01 0.0000e+00 0.0000e+00 9.7653e-01 1.6793e+01 
18.0 1.5411e+01 -1.7612e-01 0.0000e+00 0.0000e+00 -1.7612e-01 1.5252e+01 0.0000e+00 0.0000e+00 0.0000e+00 0.0000e+00 1.5047e+01 -8.6117e-01 0.0000e+00 0.0000e+00 8.6117e-01 1.5016e+01 
19.0 1.3928e+01 -1.7325e-01 0.0000e+00 0.0000e+00 -1.7325e-01 1.3766e+01 0.0000e+00 0.0000e+00 0.0000e+00 0.0000e+00 1.3597e+01 -7.5771e-01 0.0000e+00 0.0000e+00 7.5771e-01 1.3574e+01 
20.0 1.2678e+01 -1.6997e-01 0.0000e+00 0.0000e+00 -1.6997e-01 1.2515e+01 0.0000e+00 0.0000e+00 0.0000e+00 0.0000e+00 1.2376e+01 -6.6551e-01 0.0000e+00 0.0000e+00 6.6551e-01 1.2360e+01 
21.0 1.1615e+01 -1.6617e-01 0.0000e+00 0.0000e+00 -1.6617e-01 1.1449e+01 0.0000e+00 0.0000e+00 0.0000e+00 0.0000e+00 1.1337e+01 -5.8410e-01 0.0000e+00 0.0000e+00 5.8410e-01 1.1326e+01 
22.0 1.0700e+01 -1.6183e-01 0.0000e+00 0.0000e+00 -1.6183e-01 1.0533e+01 0.0000e+00 0.0000e+00 0.0000e+00 0.0000e+00 1.0442e+01 -5.1265e-01 0.0000e+00 0.0000e+00 5.1265e-01 1.0437e+01 
23.0 9.9048e+00 -1.5708e-01 0.0000e+00 0.0000e+00 -1.5708e-01 9.7353e+00 0.0000e+00 0.0000e+00 0.0000e+00 0.0000e+00 9.6651e+00 -4.4968e-01 0.0000e+00 0.0000e+00 4.4968e-01 9.6634e+00 
24.0 9.2072e+00 -1.5220e-01 0.0000e+00 0.0000e+00 -1.5220e-01 9.0359e+00 0.0000e+00 0.0000e+00 0.0000e+00 0.0000e+00 8.9832e+00 -3.9353e-01 0.0000e+00 0.0000e+00 3.9353e-01 8.9850e+00 
25.0 8.5911e+00 -1.4746e-01 0.0000e+00 0.0000e+00 -1.4746e-01 8.4180e+00 0.0000e+00 0.0000e+00 0.0000e+00 0.0000e+00 8.3811e+00 -3.4296e-01 0.0000e+00 0.0000e+00 3.4296e-01 8.3859e+00 
26.0 8.0433e+00 -1.4300e-01 0.0000e+00 0.0000e+00 -1.4300e-01 7.8686e+00 0.0000e+00 0.0000e+00 0.0000e+00 0.0000e+00 7.8457e+00 -2.9723e-01 0.0000e+00 0.0000e+00 2.9723e-01 7.8533e+00 
27.0 7.5527e+00 -1.3883e-01 0.0000e+00 0.0000e+00 -1.3883e-01 7.3764e+00 0.0000e+00 0.0000e+00 0.0000e+00 0.0000e+00 7.3662e+00 -2.5597e-01 0.0000e+00 0.0000e+00 2.5597e-01 7.3761e+00 
28.0 7.1096e+00 -1.3493e-01 0.0000e+00 0.0000e+00 -1.3493e-01 6.9319e+00 0.0000e+00 0.0000e+00 0.0000e+00 0.0000e+00 6.9333e+00 -2.1883e-01 0.0000e+00 0.0000e+00 2.1883e-01 6.9452e+00 
29.0 6.7064e+00 -1.3127e-01 0.0000e+00 0.0000e+00 -1.3127e-01 6.5272e+00 0.0000e+00 0.0000e+00 0.0000e+00 0.0000e+00 6.5392e+00 -1.8539e-01 0.0000e+00 0.0000e+00 1.8539e-01 6.5529e+00 
30.0 6.3368e+00 -1.2790e-01 0.0000e+00 0.0000e+00 -1.2790e-01 6.1563e+00 0.0000e+00 0.0000e+00 0.0000e+00 0.0000e+00 6.1781e+00 -1.5521e-01 0.0000e+00 0.0000e+00 1.5521e-01 6.1934e+00 
31.0 5.9962e+00 -1.2479e-01 0.0000e+00 0.0000e+00 -1.2479e-01 5.8145e+00 0.0000e+00 0.0000e+00 0.0000e+00 0.0000e+00 5.8170e+00 -1.2794e-01 0.0000e+00 0.0000e+00 1.2794e-01 5.8351e+00 
32.0 5.6809e+00 -1.2190e-01 0.0000e+00 0.0000e+00 -1.2190e-01 5.4979e+00 0.0000e+00 0.0000e+00 0.0000e+00 0.0000e+00 5.4838e+00 -1.0335e-01 0.0000e+00 0.0000e+00 1.0335e-01 5.5045e+00 
33.0 5.3876e+00 -1.1918e-01 0.0000e+00 0.0000e+00 -1.1918e-01 5.2036e+00 0.0000e+00 0.0000e+00 0.0000e+00 0.0000e+00 5.1752e+00 -8.1243e-02 0.0000e+00 0.0000e+00 8.1243e-02 5.1983e+00 
34.0 5.1141e+00 -1.1657e-01 0.0000e+00 0.0000e+00 -1.1657e-01 4.9290e+00 0.0000e+00 0.0000e+00 0.0000e+00 0.0000e+00 4.8880e+00 -6.1410e-02 0.0000e+00 0.0000e+00 6.1410e-02 4.9135e+00 
35.0 4.8580e+00 -1.1403e-01 0.0000e+00 0.0000e+00 -1.1403e-01 4.6719e+00 0.0000e+00 0.0000e+00 0.0000e+00 0.0000e+00 4.6198e+00 -4.3583e-02 0.0000e+00 0.0000e+00 4.3583e-02 4.6474e+00 
36.0 4.6179e+00 -1.1162e-01 0.0000e+00 0.0000e+00 -1.1162e-01 4.4311e+00 0.0000e+00 0.0000e+00 0.0000e+00 0.0000e+00 4.3687e+00 -2.7432e-02 0.0000e+00 0.0000e+00 2.7432e-02 4.3983e+00 
37.0 4.3929e+00 -1.0949e-01 0.0000e+00 0.0000e+00 -1.0949e-01 4.2054e+00 0.0000e+00 0.0000e+00 0.0000e+00 0.0000e+00 4.1333e+00 -1.2676e-02 0.0000e+00 0.0000e+00 1.2676e-02 4.1648e+00 
38.0 4.1822e+00 -1.0772e-01 0.0000e+00 0.0000e+00 -1.0772e-01 3.9940e+00 0.0000e+00 0.0000e+00 0.0000e+00 0.0000e+00 3.9127e+00 8.5895e-04 0.0000e+00 0.0000e+00 -8.5895e-04 3.9459e+00 
39.0 3.9847e+00 -1.0634e-01 0.0000e+00 0.0000e+00 -1.0634e-01 3.7960e+00 0.0000e+00 0.0000e+00 0.0000e+00 0.0000e+00 3.7057e+00 1.3244e-02 0.0000e+00 0.0000e+00 -1.3244e-02 3.7407e+00 
40.0 3.7995e+00 -1.0531e-01 0.0000e+00 0.0000e+00 -1.0531e-01 3.6104e+00 0.0000e+00 0.0000e+00 0.0000e+00 0.0000e+00 3.5115e+00 2.4529e-02 0.0000e+00 0.0000e+00 -2.4529e-02 3.5479e+00 
41.0 3.6256e+00 -1.0457e-01 0.0000e+00 0.0000e+00 -1.0457e-01 3.4361e+00 0.0000e+00 0.0000e+00 0.0000e+00 0.0000e+00 3.3287e+00 3.4771e-02 0.0000e+00 0.0000e+00 -3.4771e-02 3.3666e+00 
42.0 3.4617e+00 -1.0403e-01 0.0000e+00 0.0000e+00 -1.0403e-01 3.2721e+00 0.0000e+00 0.0000e+00 0.0000e+00 0.0000e+00 3.1565e+00 4.4062e-02 0.0000e+00 0.0000e+00 -4.4062e-02 3.1957e+00 
43.0 3.3072e+00 -1.0363e-01 0.0000e+00 0.0000e+00 -1.0363e-01 3.1174e+00 0.0000e+00 0.0000e+00 0.0000e+00 0.0000e+00 2.9938e+00 5.2532e-02 0.0000e+00 0.0000e+00 -5.2532e-02 3.0343e+00 
44.0 3.1610e+00 -1.0333e-01 0.0000e+00 0.0000e+00 -1.0333e-01 2.9711e+00 0.0000e+00 0.0000e+00 0.0000e+00 0.0000e+00 2.8398e+00 6.0333e-02 0.0000e+00 0.0000e+00 -6.0333e-02 2.8815e+00 
45.0 3.0227e+00 -1.0315e-01 0.0000e+00 0.0000e+00 -1.0315e-01 2.8328e+00 0.0000e+00 0.0000e+00 0.0000e+00 0.0000e+00 2.6941e+00 6.7603e-02 0.0000e+00 0.0000e+00 -6.7603e-02 2.7369e+00 
46.0 2.8918e+00 -1.0311e-01 0.0000e+00 0.0000e+00 -1.0311e-01 2.7020e+00 0.0000e+00 0.0000e+00 0.0000e+00 0.0000e+00 2.5561e+00 7.4439e-02 0.0000e+00 0.0000e+00 -7.4439e-02 2.5999e+00 
47.0 2.7679e+00 -1.0321e-01 0.0000e+00 0.0000e+00 -1.0321e-01 2.5781e+00 0.0000e+00 0.0000e+00 0.0000e+00 0.0000e+00 2.4254e+00 8.0899e-02 0.0000e+00 0.0000e+00 -8.0899e-02 2.4702e+00 
48.0 2.6506e+00 -1.0345e-01 0.0000e+00 0.0000e+00 -1.0345e-01 2.4609e+00 0.0000e+00 0.0000e+00 0.0000e+00 0.0000e+00 2.3015e+00 8.7026e-02 0.0000e+00 0.0000e+00 -8.7026e-02 2.3472e+00 
49.0 2.5395e+00 -1.0380e-01 0.0000e+00 0.0000e+00 -1.0380e-01 2.3500e+00 0.0000e+00 0.0000e+00 0.0000e+00 0.0000e+00 2.1841e+00 9.2865e-02 0.0000e+00 0.0000e+00 -9.2865e-02 2.2308e+00 
50.0 2.4344e+00 -1.0429e-01 0.0000e+00 0.0000e+00 -1.0429e-01 2.2451e+00 0.0000e+00 0.0000e+00 0.0000e+00 0.0000e+00 2.0729e+00 9.8466e-02 0.0000e+00 0.0000e+00 -9.8466e-02 2.1204e+00 
51.0 2.3348e+00 -1.0490e-01 0.0000e+00 0.0000e+00 -1.0490e-01 2.1458e+00 0.0000e+00 0.0000e+00 0.0000e+00 0.0000e+00 1.9675e+00 1.0388e-01 0.0000e+00 0.0000e+00 -1.0388e-01 2.0158e+00 
52.0 2.2407e+00 -1.0566e-01 0.0000e+00 0.0000e+00 -1.0566e-01 2.0520e+00 0.0000e+00 0.0000e+00 0.0000e+00 0.0000e+00 1.8675e+00 1.0916e-01 0.0000e+00 0.0000e+00 -1.0916e-01 1.9167e+00 
53.0 2.1518e+00 -1.0658e-01 0.0000e+00 0.0000e+00 -1.0658e-01 1.9633e+00 0.0000e+00 0.0000e+00 0.0000e+00 0.0000e+00 1.7729e+00 1.1431e-01 0.0000e+00 0.0000e+00 -1.1431e-01 1.8228e+00 
54.0 2.0678e+00 -1.0767e-01 0.0000e+00 0.0000e+00 -1.0767e-01 1.8796e+00 0.0000e+00 0.0000e+00 0.0000e+00 0.0000e+00 1.6833e+00 1.1931e-01 0.0000e+00 0.0000e+00 -1.1931e-01 1.7340e+00 
55.0 1.9885e+00 -1.0888e-01 0.0000e+00 0.0000e+00 -1.0888e-01 1.8006e+00 0.0000e+00 0.0000e+00 0.0000e+00 0.0000e+00 1.5985e+00 1.2415e-01 0.0000e+00 0.0000e+00 -1.2415e-01 1.6500e+00 
56.0 1.9136e+00 -1.1020e-01 0.0000e+00 0.0000e+00 -1.1020e-01 1.7260e+00 0.0000e+00 0.0000e+00 0.0000e+00 0.0000e+00 1.5182e+00 1.2884e-01 0.0000e+00 0.0000e+00 -1.2884e-01 1.5704e+00 
57.0 1.8429e+00 -1.1160e-01 0.0000e+00 0.0000e+00 -1.1160e-01 1.6556e+00 0.0000e+00 0.0000e+00 0.0000e+00 0.0000e+00 1.4421e+00 1.3338e-01 0.0000e+00 0.0000e+00 -1.3338e-01 1.4951e+00 
58.0 1.7761e+00 -1.1306e-01 0.0000e+00 0.0000e+00 -1.1306e-01 1.5891e+00 0.0000e+00 0.0000e+00 0.0000e+00 0.0000e+00 1.3699e+00 1.3778e-01 0.0000e+00 0.0000e+00 -1.3778e-01 1.4237e+00 
59.0 1.7129e+00 -1.1460e-01 0.0000e+00 0.0000e+00 -1.1460e-01 1.5263e+00 0.0000e+00 0.0000e+00 0.0000e+00 0.0000e+00 1.3014e+00 1.4206e-01 0.0000e+00 0.0000e+00 -1.4206e-01 1.3560e+00 
60.0 1.6531e+00 -1.1618e-01 0.0000e+00 0.0000e+00 -1.1618e-01 1.4668e+00 0.0000e+00 0.0000e+00 0.0000e+00 0.0000e+00 1.2365e+00 1.4620e-01 0.0000e+00 0.0000e+00 -1.4620e-01 1.2918e+00 
61.0 1.5966e+00 -1.1781e-01 0.0000e+00 0.0000e+00 -1.1781e-01 1.4106e+00 0.0000e+00 0.0000e+00 0.0000e+00 0.0000e+00 1.1748e+00 1.5020e-01 0.0000e+00 0.0000e+00 -1.5020e-01 1.2310e+00 
62.0 1.5431e+00 -1.1948e-01 0.0000e+00 0.0000e+00 -1.1948e-01 1.3574e+00 0.0000e+00 0.0000e+00 0.0000e+00 0.0000e+00 1.1163e+00 1.5407e-01 0.0000e+00 0.0000e+00 -1.5407e-01 1.1732e+00 
63.0 1.4925e+00 -1.2117e-01 0.0000e+00 0.0000e+00 -1.2117e-01 1.3071e+00 0.0000e+00 0.0000e+00 0.0000e+00 0.0000e+00 1.0607e+00 1.5779e-01 0.0000e+00 0.0000e+00 -1.5779e-01 1.1185e+00 
64.0 1.4446e+00 -1.2287e-01 0.0000e+00 0.0000e+00 -1.2287e-01 1.2595e+00 0.0000e+00 0.0000e+00 0.0000e+00 0.0000e+00 1.0079e+00 1.6134e-01 0.0000e+00 0.0000e+00 -1.6134e-01 1.0666e+00 
65.0 1.3992e+00 -1.2457e-01 0.0000e+00 0.0000e+00 -1.2457e-01 1.2144e+00 0.0000e+00 0.0000e+00 0.0000e+00 0.0000e+00 9.5782e-01 1.6470e-01 0.0000e+00 0.0000e+00 -1.6470e-01 1.0173e+00 
66.0 1.3562e+00 -1.2623e-01 0.0000e+00 0.0000e+00 -1.2623e-01 1.1718e+00 0.0000e+00 0.0000e+00 0.0000e+00 0.0000e+00 9.1020e-01 1.6785e-01 0.0000e+00 0.0000e+00 -1.6785e-01 9.7061e-01 
67.0 1.3155e+00 -1.2786e-01 0.0000e+00 0.0000e+00 -1.2786e-01 1.1313e+00 0.0000e+00 0.0000e+00 0.0000e+00 0.0000e+00 8.6492e-01 1.7080e-01 0.0000e+00 0.0000e+00 -1.7080e-01 9.2623e-01 
68.0 1.2768e+00 -1.2942e-01 0.0000e+00 0.0000e+00 -1.2942e-01 1.0929e+00 0.0000e+00 0.0000e+00 0.0000e+00 0.0000e+00 8.2183e-01 1.7353e-01 0.0000e+00 0.0000e+00 -1.7353e-01 8.8406e-01 
69.0 1.2401e+00 -1.3091e-01 0.0000e+00 0.0000e+00 -1.3091e-01 1.0565e+00 0.0000e+00 0.0000e+00 0.0000e+00 0.0000e+00 7.8078e-01 1.7605e-01 0.0000e+00 0.0000e+00 -1.7605e-01 8.4396e-01 
70.0 1.2053e+00 -1.3232e-01 0.0000e+00 0.0000e+00 -1.3232e-01 1.0219e+00 0.0000e+00 0.0000e+00 0.0000e+00 0.0000e+00 7.4166e-01 1.7837e-01 0.0000e+00 0.0000e+00 -1.7837e-01 8.0580e-01 
71.0 1.1721e+00 -1.3365e-01 0.0000e+00 0.0000e+00 -1.3365e-01 9.8899e-01 0.0000e+00 0.0000e+00 0.0000e+00 0.0000e+00 7.0435e-01 1.8047e-01 0.0000e+00 0.0000e+00 -1.8047e-01 7.6947e-01 
72.0 1.1405e+00 -1.3489e-01 0.0000e+00 0.0000e+00 -1.3489e-01 9.5769e-01 0.0000e+00 0.0000e+00 0.0000e+00 0.0000e+00 6.6875e-01 1.8237e-01 0.0000e+00 0.0000e+00 -1.8237e-01 7.3486e-01 
73.0 1.1105e+00 -1.3602e-01 0.0000e+00 0.0000e+00 -1.3602e-01 9.2791e-01 0.0000e+00 0.0000e+00 0.0000e+00 0.0000e+00 6.3474e-01 1.8407e-01 0.0000e+00 0.0000e+00 -1.8407e-01 7.0188e-01 
74.0 1.0818e+00 -1.3705e-01 0.0000e+00 0.0000e+00 -1.3705e-01 8.9957e-01 0.0000e+00 0.0000e+00 0.0000e+00 0.0000e+00 6.0226e-01 1.8556e-01 0.0000e+00 0.0000e+00 -1.8556e-01 6.7044e-01 
75.0 1.0546e+00 -1.3796e-01 0.0000e+00 0.0000e+00 -1.3796e-01 8.7258e-01 0.0000e+00 0.0000e+00 0.0000e+00 0.0000e+00 5.7121e-01 1.8687e-01 0.0000e+00 0.0000e+00 -1.8687e-01 6.4045e-01 
76.0 1.0286e+00 -1.3877e-01 0.0000e+00 0.0000e+00 -1.3877e-01 8.4688e-01 0.0000e+00 0.0000e+00 0.0000e+00 0.0000e+00 5.4150e-01 1.8801e-01 0.0000e+00 0.0000e+00 -1.8801e-01 6.1184e-01 
77.0 1.0039e+00 -1.3946e-01 0.0000e+00 0.0000e+00 -1.3946e-01 8.2240e-01 0.0000e+00 0.0000e+00 0.0000e+00 0.0000e+00 5.1306e-01 1.8898e-01 0.0000e+00 0.0000e+00 -1.8898e-01 5.8452e-01 
78.0 9.8029e-01 -1.4004e-01 0.0000e+00 0.0000e+00 -1.4004e-01 7.9907e-01 0.0000e+00 0.0000e+00 0.0000e+00 0.0000e+00 4.8583e-01 1.8980e-01 0.0000e+00 0.0000e+00 -1.8980e-01 5.5843e-01 
79.0 9.5782e-01 -1.4051e-01 0.0000e+00 0.0000e+00 -1.4051e-01 7.7684e-01 0.0000e+00 0.0000e+00 0.0000e+00 0.0000e+00 4.5975e-01 1.9048e-01 0.0000e+00 0.0000e+00 -1.9048e-01 5.3352e-01 
80.0 9.3640e-01 -1.4087e-01 0.0000e+00 0.0000e+00 -1.4087e-01 7.5566e-01 0.0000e+00 0.0000e+00 0.0000e+00 0.0000e+00 4.3476e-01 1.9103e-01 0.0000e+00 0.0000e+00 -1.9103e-01 5.0972e-01 
81.0 9.1600e-01 -1.4113e-01 0.0000e+00 0.0000e+00 -1.4113e-01 7.3547e-01 0.0000e+00 0.0000e+00 0.0000e+00 0.0000e+00 4.1080e-01 1.9145e-01 0.0000e+00 0.0000e+00 -1.9145e-01 4.8700e-01 
82.0 8.9657e-01 -1.4127e-01 0.0000e+00 0.0000e+00 -1.4127e-01 7.1623e-01 0.0000e+00 0.0000e+00 0.0000e+00 0.0000e+00 3.8782e-01 1.9173e-01 0.0000e+00 0.0000e+00 -1.9173e-01 4.6529e-01 
83.0 8.7806e-01 -1.4129e-01 0.0000e+00 0.0000e+00 -1.4129e-01 6.9789e-01 0.0000e+00 0.0000e+00 0.0000e+00 0.0000e+00 3.6578e-01 1.9190e-01 0.0000e+00 0.0000e+00 -1.9190e-01 4.4454e-01 
84.0 8.6043e-01 -1.4119e-01 0.0000e+00 0.0000e+00 -1.4119e-01 6.8040e-01 0.0000e+00 0.0000e+00 0.0000e+00 0.0000e+00 3.4460e-01 1.9196e-01 0.0000e+00 0.0000e+00 -1.9196e-01 4.2469e-01 
85.0 8.4363e-01 -1.4099e-01 0.0000e+00 0.0000e+00 -1.4099e-01 6.6373e-01 0.0000e+00 0.0000e+00 0.0000e+00 0.0000e+00 3.2424e-01 1.9192e-01 0.0000e+00 0.0000e+00 -1.9192e-01 4.0570e-01 
86.0 8.2763e-01 -1.4069e-01 0.0000e+00 0.0000e+00 -1.4069e-01 6.4782e-01 0.0000e+00 0.0000e+00 0.0000e+00 0.0000e+00 3.0468e-01 1.9181e-01 0.0000e+00 0.0000e+00 -1.9181e-01 3.8753e-01 
87.0 8.1239e-01 -1.4030e-01 0.0000e+00 0.0000e+00 -1.4030e-01 6.3264e-01 0.0000e+00 0.0000e+00 0.0000e+00 0.0000e+00 2.8586e-01 1.9161e-01 0.0000e+00 0.0000e+00 -1.9161e-01 3.7014e-01 
88.0 7.9787e-01 -1.3984e-01 0.0000e+00 0.0000e+00 -1.3984e-01 6.1817e-01 0.0000e+00 0.0000e+00 0.0000e+00 0.0000e+00 2.6776e-01 1.9134e-01 0.0000e+00 0.0000e+00 -1.9134e-01 3.5348e-01 
89.0 7.8403e-01 -1.3933e-01 0.0000e+00 0.0000e+00 -1.3933e-01 6.0435e-01 0.0000e+00 0.0000e+00 0.0000e+00 0.0000e+00 2.5036e-01 1.9097e-01 0.0000e+00 0.0000e+00 -1.9097e-01 3.3754e-01 
90.0 7.7083e-01 -1.3875e-01 0.0000e+00 0.0000e+00 -1.3875e-01 5.9116e-01 0.0000e+00 0.0000e+00 0.0000e+00 0.0000e+00 2.3362e-01 1.9049e-01 0.0000e+00 0.0000e+00 -1.9049e-01 3.2227e-01 
91.0 7.5823e-01 -1.3811e-01 0.0000e+00 0.0000e+00 -1.3811e-01 5.7857e-01 0.0000e+00 0.0000e+00 0.0000e+00 0.0000e+00 2.1750e-01 1.8990e-01 0.0000e+00 0.0000e+00 -1.8990e-01 3.0763e-01 
92.0 7.4619e-01 -1.3740e-01 0.0000e+00 0.0000e+00 -1.3740e-01 5.6653e-01 0.0000e+00 0.0000e+00 0.0000e+00 0.0000e+00 2.0198e-01 1.8919e-01 0.0000e+00 0.0000e+00 -1.8919e-01 2.9359e-01 
93.0 7.3469e-01 -1.3662e-01 0.0000e+00 0.0000e+00 -1.3662e-01 5.5502e-01 0.0000e+00 0.0000e+00 0.0000e+00 0.0000e+00 1.8702e-01 1.8836e-01 0.0000e+00 0.0000e+00 -1.8836e-01 2.8008e-01 
94.0 7.2369e-01 -1.3576e-01 0.0000e+00 0.0000e+00 -1.3576e-01 5.4402e-01 0.0000e+00 0.0000e+00 0.0000e+00 0.0000e+00 1.7259e-01 1.8740e-01 0.0000e+00 0.0000e+00 -1.8740e-01 2.6709e-01 
95.0 7.1316e-01 -1.3481e-01 0.0000e+00 0.0000e+00 -1.3481e-01 5.3350e-01 0.0000e+00 0.0000e+00 0.0000e+00 0.0000e+00 1.5866e-01 1.8632e-01 0.0000e+00 0.0000e+00 -1.8632e-01 2.5457e-01 
96.0 7.0308e-01 -1.3378e-01 0.0000e+00 0.0000e+00 -1.3378e-01 5.2344e-01 0.0000e+00 0.0000e+00 0.0000e+00 0.0000e+00 1.4521e-01 1.8512e-01 0.0000e+00 0.0000e+00 -1.8512e-01 2.4249e-01 
97.0 6.9343e-01 -1.3264e-01 0.0000e+00 0.0000e+00 -1.3264e-01 5.1382e-01 0.0000e+00 0.0000e+00 0.0000e+00 0.0000e+00 1.3221e-01 1.8382e-01 0.0000e+00 0.0000e+00 -1.8382e-01 2.3083e-01 
98.0 6.8418e-01 -1.3142e-01 0.0000e+00 0.0000e+00 -1.3142e-01 5.0464e-01 0.0000e+00 0.0000e+00 0.0000e+00 0.0000e+00 1.1963e-01 1.8243e-01 0.0000e+00 0.0000e+00 -1.8243e-01 2.1955e-01 
99.0 6.7533e-01 -1.3009e-01 0.0000e+00 0.0000e+00 -1.3009e-01 4.9588e-01 0.0000e+00 0.0000e+00 0.0000e+00 0.0000e+00 1.0748e-01 1.8095e-01 0.0000e+00 0.0000e+00 -1.8095e-01 2.0865e-01 
100.0 6.6687e-01 -1.2866e-01 0.0000e+00 0.0000e+00 -1.2866e-01 4.8752e-01 0.0000e+00 0.0000e+00 0.0000e+00 0.0000e+00 9.5718e-02 1.7938e-01 0.0000e+00 0.0000e+00 -1.7938e-01 1.9809e-01 
101.0 6.5877e-01 -1.2714e-01 0.0000e+00 0.0000e+00 -1.2714e-01 4.7956e-01 0.0000e+00 0.0000e+00 0.0000e+00 0.0000e+00 8.4339e-02 1.7774e-01 0.0000e+00 0.0000e+00 -1.7774e-01 1.8786e-01 
102.0 6.5102e-01 -1.2551e-01 0.0000e+00 0.0000e+00 -1.2551e-01 4.7197e-01 0.0000e+00 0.0000e+00 0.0000e+00 0.0000e+00 7.3318e-02 1.7603e-01 0.0000e+00 0.0000e+00 -1.7603e-01 1.7794e-01 
103.0 6.4361e-01 -1.2379e-01 0.0000e+00 0.0000e+00 -1.2379e-01 4.6475e-01 0.0000e+00 0.0000e+00 0.0000e+00 0.0000e+00 6.2638e-02 1.7424e-01 0.0000e+00 0.0000e+00 -1.7424e-01 1.6831e-01 
104.0 6.3653e-01 -1.2196e-01 0.0000e+00 0.0000e+00 -1.2196e-01 4.5787e-01 0.0000e+00 0.0000e+00 0.0000e+00 0.0000e+00 5.2279e-02 1.7239e-01 0.0000e+00 0.0000e+00 -1.7239e-01 1.5896e-01 
105.0 6.2976e-01 -1.2004e-01 0.0000e+00 0.0000e+00 -1.2004e-01 4.5132e-01 0.0000e+00 0.0000e+00 0.0000e+00 0.0000e+00 4.2226e-02 1.7047e-01 0.0000e+00 0.0000e+00 -1.7047e-01 1.4986e-01 
106.0 6.2328e-01 -1.1801e-01 0.0000e+00 0.0000e+00 -1.1801e-01 4.4510e-01 0.0000e+00 0.0000e+00 0.0000e+00 0.0000e+00 3.2460e-02 1.6848e-01 0.0000e+00 0.0000e+00 -1.6848e-01 1.4101e-01 
107.0 6.1709e-01 -1.1588e-01 0.0000e+00 0.0000e+00 -1.1588e-01 4.3918e-01 0.0000e+00 0.0000e+00 0.0000e+00 0.0000e+00 2.2965e-02 1.6645e-01 0.0000e+00 0.0000e+00 -1.6645e-01 1.3238e-01 
108.0 6.1117e-01 -1.1364e-01 0.0000e+00 0.0000e+00 -1.1364e-01 4.3354e-01 0.0000e+00 0.0000e+00 0.0000e+00 0.0000e+00 1.3726e-02 1.6437e-01 0.0000e+00 0.0000e+00 -1.6437e-01 1.2395e-01 
109.0 6.0552e-01 -1.1130e-01 0.0000e+00 0.0000e+00 -1.1130e-01 4.2820e-01 0.0000e+00 0.0000e+00 0.0000e+00 0.0000e+00 4.7291e-03 1.6226e-01 0.0000e+00 0.0000e+00 -1.6226e-01 1.1572e-01 
110.0 6.0012e-01 -1.0885e-01 0.0000e+00 0.0000e+00 -1.0885e-01 4.2313e-01 0.0000e+00 0.0000e+00 0.0000e+00 0.0000e+00 -4.0371e-03 1.6013e-01 0.0000e+00 0.0000e+00 -1.6013e-01 1.0766e-01 
111.0 5.9496e-01 -1.0631e-01 0.0000e+00 0.0000e+00 -1.0631e-01 4.1833e-01 0.0000e+00 0.0000e+00 0.0000e+00 0.0000e+00 -1.2581e-02 1.5800e-01 0.0000e+00 0.0000e+00 -1.5800e-01 9.9772e-02 
112.0 5.9005e-01 -1.0367e-01 0.0000e+00 0.0000e+00 -1.0367e-01 4.1379e-01 0.0000e+00 0.0000e+00 0.0000e+00 0.0000e+00 -2.0908e-02 1.5586e-01 0.0000e+00 0.0000e+00 -1.5586e-01 9.2043e-02 
113.0 5.8538e-01 -1.0094e-01 0.0000e+00 0.0000e+00 -1.0094e-01 4.0952e-01 0.0000e+00 0.0000e+00 0.0000e+00 0.0000e+00 -2.9026e-02 1.5373e-01 0.0000e+00 0.0000e+00 -1.5373e-01 8.4471e-02 
114.0 5.8094e-01 -9.8129e-02 0.0000e+00 0.0000e+00 -9.8129e-02 4.0551e-01 0.0000e+00 0.0000e+00 0.0000e+00 0.0000e+00 -3.6942e-02 1.5163e-01 0.0000e+00 0.0000e+00 -1.5163e-01 7.7048e-02 
115.0 5.7672e-01 -9.5240e-02 0.0000e+00 0.0000e+00 -9.5240e-02 4.0175e-01 0.0000e+00 0.0000e+00 0.0000e+00 0.0000e+00 -4.4665e-02 1.4954e-01 0.0000e+00 0.0000e+00 -1.4954e-01 6.9767e-02 
116.0 5.7273e-01 -9.2278e-02 0.0000e+00 0.0000e+00 -9.2278e-02 3.9823e-01 0.0000e+00 0.0000e+00 0.0000e+00 0.0000e+00 -5.2201e-02 1.4749e-01 0.0000e+00 0.0000e+00 -1.4749e-01 6.2625e-02 
117.0 5.6897e-01 -8.9253e-02 0.0000e+00 0.0000e+00 -8.9253e-02 3.9495e-01 0.0000e+00 0.0000e+00 0.0000e+00 0.0000e+00 -5.9553e-02 1.4548e-01 0.0000e+00 0.0000e+00 -1.4548e-01 5.5618e-02 
118.0 5.6541e-01 -8.6177e-02 0.0000e+00 0.0000e+00 -8.6177e-02 3.9190e-01 0.0000e+00 0.0000e+00 0.0000e+00 0.0000e+00 -6.6731e-02 1.4350e-01 0.0000e+00 0.0000e+00 -1.4350e-01 4.8750e-02 
119.0 5.6208e-01 -8.3060e-02 0.0000e+00 0.0000e+00 -8.3060e-02 3.8905e-01 0.0000e+00 0.0000e+00 0.0000e+00 0.0000e+00 -7.3738e-02 1.4157e-01 0.0000e+00 0.0000e+00 -1.4157e-01 4.2023e-02 
120.0 5.5895e-01 -7.9914e-02 0.0000e+00 0.0000e+00 -7.9914e-02 3.8641e-01 0.0000e+00 0.0000e+00 0.0000e+00 0.0000e+00 -8.0578e-02 1.3967e-01 0.0000e+00 0.0000e+00 -1.3967e-01 3.5437e-02 
121.0 5.5602e-01 -7.6746e-02 0.0000e+00 0.0000e+00 -7.6746e-02 3.8396e-01 0.0000e+00 0.0000e+00 0.0000e+00 0.0000e+00 -8.7258e-02 1.3780e-01 0.0000e+00 0.0000e+00 -1.3780e-01 2.8993e-02 
122.0 5.5328e-01 -7.3565e-02 0.0000e+00 0.0000e+00 -7.3565e-02 3.8167e-01 0.0000e+00 0.0000e+00 0.0000e+00 0.0000e+00 -9.3782e-02 1.3594e-01 0.0000e+00 0.0000e+00 -1.3594e-01 2.2694e-02 
123.0 5.5071e-01 -7.0377e-02 0.0000e+00 0.0000e+00 -7.0377e-02 3.7952e-01 0.0000e+00 0.0000e+00 0.0000e+00 0.0000e+00 -1.0016e-01 1.3407e-01 0.0000e+00 0.0000e+00 -1.3407e-01 1.6535e-02 
124.0 5.4829e-01 -6.7185e-02 0.0000e+00 0.0000e+00 -6.7185e-02 3.7750e-01 0.0000e+00 0.0000e+00 0.0000e+00 0.0000e+00 -1.0639e-01 1.3219e-01 0.0000e+00 0.0000e+00 -1.3219e-01 1.0516e-02 
125.0 5.4601e-01 -6.3988e-02 0.0000e+00 0.0000e+00 -6.3988e-02 3.7559e-01 0.0000e+00 0.0000e+00 0.0000e+00 0.0000e+00 -1.1249e-01 1.3028e-01 0.0000e+00 0.0000e+00 -1.3028e-01 4.6283e-03 
126.0 5.4387e-01 -6.0786e-02 0.0000e+00 0.0000e+00 -6.0786e-02 3.7380e-01 0.0000e+00 0.0000e+00 0.0000e+00 0.0000e+00 -1.1847e-01 1.2834e-01 0.0000e+00 0.0000e+00 -1.2834e-01 -1.1353e-03 
127.0 5.4186e-01 -5.7585e-02 0.0000e+00 0.0000e+00 -5.7585e-02 3.7210e-01 0.0000e+00 0.0000e+00 0.0000e+00 0.0000e+00 -1.2433e-01 1.2638e-01 0.0000e+00 0.0000e+00 -1.2638e-01 -6.7827e-03 
128.0 5.3997e-01 -5.4394e-02 0.0000e+00 0.0000e+00 -5.4394e-02 3.7050e-01 0.0000e+00 0.0000e+00 0.0000e+00 0.0000e+00 -1.3007e-01 1.2439e-01 0.0000e+00 0.0000e+00 -1.2439e-01 -1.2322e-02 
129.0 5.3818e-01 -5.1221e-02 0.0000e+00 0.0000e+00 -5.1221e-02 3.6898e-01 0.0000e+00 0.0000e+00 0.0000e+00 0.0000e+00 -1.3571e-01 1.2235e-01 0.0000e+00 0.0000e+00 -1.2235e-01 -1.7757e-02 
130.0 5.3651e-01 -4.8070e-02 0.0000e+00 0.0000e+00 -4.8070e-02 3.6755e-01 0.0000e+00 0.0000e+00 0.0000e+00 0.0000e+00 -1.4124e-01 1.2027e-01 0.0000e+00 0.0000e+00 -1.2027e-01 -2.3092e-02 
131.0 5.3495e-01 -4.4936e-02 0.0000e+00 0.0000e+00 -4.4936e-02 3.6622e-01 0.0000e+00 0.0000e+00 0.0000e+00 0.0000e+00 -1.4666e-01 1.1814e-01 0.0000e+00 0.0000e+00 -1.1814e-01 -2.8327e-02 
132.0 5.3350e-01 -4.1810e-02 0.0000e+00 0.0000e+00 -4.1810e-02 3.6499e-01 0.0000e+00 0.0000e+00 0.0000e+00 0.0000e+00 -1.5197e-01 1.1595e-01 0.0000e+00 0.0000e+00 -1.1595e-01 -3.3465e-02 
133.0 5.3219e-01 -3.8683e-02 0.0000e+00 0.0000e+00 -3.8683e-02 3.6388e-01 0.0000e+00 0.0000e+00 0.0000e+00 0.0000e+00 -1.5718e-01 1.1372e-01 0.0000e+00 0.0000e+00 -1.1372e-01 -3.8517e-02 
134.0 5.3102e-01 -3.5550e-02 0.0000e+00 0.0000e+00 -3.5550e-02 3.6291e-01 0.0000e+00 0.0000e+00 0.0000e+00 0.0000e+00 -1.6229e-01 1.1145e-01 0.0000e+00 0.0000e+00 -1.1145e-01 -4.3492e-02 
135.0 5.2999e-01 -3.2410e-02 0.0000e+00 0.0000e+00 -3.2410e-02 3.6209e-01 0.0000e+00 0.0000e+00 0.0000e+00 0.0000e+00 -1.6729e-01 1.0915e-01 0.0000e+00 0.0000e+00 -1.0915e-01 -4.8403e-02 
136.0 5.2910e-01 -2.9264e-02 0.0000e+00 0.0000e+00 -2.9264e-02 3.6142e-01 0.0000e+00 0.0000e+00 0.0000e+00 0.0000e+00 -1.7219e-01 1.0681e-01 0.0000e+00 0.0000e+00 -1.0681e-01 -5.3260e-02 
137.0 5.2834e-01 -2.6108e-02 0.0000e+00 0.0000e+00 -2.6108e-02 3.6090e-01 0.0000e+00 0.0000e+00 0.0000e+00 0.0000e+00 -1.7699e-01 1.0445e-01 0.0000e+00 0.0000e+00 -1.0445e-01 -5.8070e-02 
138.0 5.2772e-01 -2.2935e-02 0.0000e+00 0.0000e+00 -2.2935e-02 3.6055e-01 0.0000e+00 0.0000e+00 0.0000e+00 0.0000e+00 -1.8168e-01 1.0206e-01 0.0000e+00 0.0000e+00 -1.0206e-01 -6.2843e-02 
139.0 5.2726e-01 -1.9737e-02 0.0000e+00 0.0000e+00 -1.9737e-02 3.6039e-01 0.0000e+00 0.0000e+00 0.0000e+00 0.0000e+00 -1.8627e-01 9.9660e-02 0.0000e+00 0.0000e+00 -9.9660e-02 -6.7588e-02 
140.0 5.2696e-01 -1.6511e-02 0.0000e+00 0.0000e+00 -1.6511e-02 3.6043e-01 0.0000e+00 0.0000e+00 0.0000e+00 0.0000e+00 -1.9076e-01 9.7274e-02 0.0000e+00 0.0000e+00 -9.7274e-02 -7.2309e-02 
141.0 5.2684e-01 -1.3255e-02 0.0000e+00 0.0000e+00 -1.3255e-02 3.6071e-01 0.0000e+00 0.0000e+00 0.0000e+00 0.0000e+00 -1.9514e-01 9.4913e-02 0.0000e+00 0.0000e+00 -9.4913e-02 -7.7004e-02 
142.0 5.2692e-01 -9.9620e-03 0.0000e+00 0.0000e+00 -9.9620e-03 3.6124e-01 0.0000e+00 0.0000e+00 0.0000e+00 0.0000e+00 -1.9942e-01 9.2589e-02 0.0000e+00 0.0000e+00 -9.2589e-02 -8.1671e-02 
143.0 5.2724e-01 -6.6221e-03 0.0000e+00 0.0000e+00 -6.6221e-03 3.6204e-01 0.0000e+00 0.0000e+00 0.0000e+00 0.0000e+00 -2.0359e-01 9.0311e-02 0.0000e+00 0.0000e+00 -9.0311e-02 -8.6307e-02 
144.0 5.2782e-01 -3.2277e-03 0.0000e+00 0.0000e+00 -3.2277e-03 3.6313e-01 0.0000e+00 0.0000e+00 0.0000e+00 0.0000e+00 -2.0767e-01 8.8080e-02 0.0000e+00 0.0000e+00 -8.8080e-02 -9.0915e-02 
145.0 5.2867e-01 2.2144e-04 0.0000e+00 0.0000e+00 2.2144e-04 3.6451e-01 0.0000e+00 0.0000e+00 0.0000e+00 0.0000e+00 -2.1167e-01 8.5877e-02 0.0000e+00 0.0000e+00 -8.5877e-02 -9.5505e-02 
146.0 5.2977e-01 3.7212e-03 0.0000e+00 0.0000e+00 3.7212e-03 3.6616e-01 0.0000e+00 0.0000e+00 0.0000e+00 0.0000e+00 -2.1560e-01 8.3668e-02 0.0000e+00 0.0000e+00 -8.3668e-02 -1.0008e-01 
147.0 5.3113e-01 7.2709e-03 0.0000e+00 0.0000e+00 7.2709e-03 3.6806e-01 0.0000e+00 0.0000e+00 0.0000e+00 0.0000e+00 -2.1950e-01 8.1415e-02 0.0000e+00 0.0000e+00 -8.1415e-02 -1.0467e-01 
148.0 5.3277e-01 1.0875e-02 0.0000e+00 0.0000e+00 1.0875e-02 3.7024e-01 0.0000e+00 0.0000e+00 0.0000e+00 0.0000e+00 -2.2339e-01 7.9098e-02 0.0000e+00 0.0000e+00 -7.9098e-02 -1.0927e-01 
149.0 5.3472e-01 1.4536e-02 0.0000e+00 0.0000e+00 1.4536e-02 3.7271e-01 0.0000e+00 0.0000e+00 0.0000e+00 0.0000e+00 -2.2731e-01 7.6714e-02 0.0000e+00 0.0000e+00 -7.6714e-02 -1.1392e-01 
150.0 5.3701e-01 1.8237e-02 0.0000e+00 0.0000e+00 1.8237e-02 3.7553e-01 0.0000e+00 0.0000e+00 0.0000e+00 0.0000e+00 -2.3128e-01 7.4265e-02 0.0000e+00 0.0000e+00 -7.4265e-02 -1.1863e-01 
151.0 5.3965e-01 2.1937e-02 0.0000e+00 0.0000e+00 2.1937e-02 3.7868e-01 0.0000e+00 0.0000e+00 0.0000e+00 0.0000e+00 -2.3533e-01 7.1723e-02 0.0000e+00 0.0000e+00 -7.1723e-02 -1.2345e-01 
152.0 5.4259e-01 2.5566e-02 0.0000e+00 0.0000e+00 2.5566e-02 3.8211e-01 0.0000e+00 0.0000e+00 0.0000e+00 0.0000e+00 -2.3950e-01 6.9009e-02 0.0000e+00 0.0000e+00 -6.9009e-02 -1.2839e-01 
153.0 5.4574e-01 2.9038e-02 0.0000e+00 0.0000e+00 2.9038e-02 3.8571e-01 0.0000e+00 0.0000e+00 0.0000e+00 0.0000e+00 -2.4384e-01 6.5998e-02 0.0000e+00 0.0000e+00 -6.5998e-02 -1.3351e-01 
154.0 5.4901e-01 3.2271e-02 0.0000e+00 0.0000e+00 3.2271e-02 3.8938e-01 0.0000e+00 0.0000e+00 0.0000e+00 0.0000e+00 -2.4839e-01 6.2554e-02 0.0000e+00 0.0000e+00 -6.2554e-02 -1.3881e-01 
155.0 5.5236e-01 3.5206e-02 0.0000e+00 0.0000e+00 3.5206e-02 3.9307e-01 0.0000e+00 0.0000e+00 0.0000e+00 0.0000e+00 -2.5319e-01 5.8580e-02 0.0000e+00 0.0000e+00 -5.8580e-02 -1.4431e-01 
156.0 5.5582e-01 3.7798e-02 0.0000e+00 0.0000e+00 3.7798e-02 3.9681e-01 0.0000e+00 0.0000e+00 0.0000e+00 0.0000e+00 -2.5829e-01 5.4036e-02 0.0000e+00 0.0000e+00 -5.4036e-02 -1.5003e-01 
157.0 5.5943e-01 4.0001e-02 0.0000e+00 0.0000e+00 4.0001e-02 4.0064e-01 0.0000e+00 0.0000e+00 0.0000e+00 0.0000e+00 -2.6374e-01 4.8930e-02 0.0000e+00 0.0000e+00 -4.8930e-02 -1.5597e-01 
158.0 5.6326e-01 4.1751e-02 0.0000e+00 0.0000e+00 4.1751e-02 4.0458e-01 0.0000e+00 0.0000e+00 0.0000e+00 0.0000e+00 -2.6957e-01 4.3281e-02 0.0000e+00 0.0000e+00 -4.3281e-02 -1.6213e-01 
159.0 5.6731e-01 4.2965e-02 0.0000e+00 0.0000e+00 4.2965e-02 4.0861e-01 0.0000e+00 0.0000e+00 0.0000e+00 0.0000e+00 -2.7585e-01 3.7080e-02 0.0000e+00 0.0000e+00 -3.7080e-02 -1.6852e-01 
160.0 5.7163e-01 4.3576e-02 0.0000e+00 0.0000e+00 4.3576e-02 4.1268e-01 0.0000e+00 0.0000e+00 0.0000e+00 0.0000e+00 -2.8264e-01 3.0297e-02 0.0000e+00 0.0000e+00 -3.0297e-02 -1.7512e-01 
161.0 5.7632e-01 4.3561e-02 0.0000e+00 0.0000e+00 4.3561e-02 4.1682e-01 0.0000e+00 0.0000e+00 0.0000e+00 0.0000e+00 -2.9007e-01 2.2924e-02 0.0000e+00 0.0000e+00 -2.2924e-02 -1.8196e-01 
162.0 5.8158e-01 4.2936e-02 0.0000e+00 0.0000e+00 4.2936e-02 4.2115e-01 0.0000e+00 0.0000e+00 0.0000e+00 0.0000e+00 -2.9828e-01 1.4986e-02 0.0000e+00 0.0000e+00 -1.4986e-02 -1.8909e-01 
163.0 5.8763e-01 4.1712e-02 0.0000e+00 0.0000e+00 4.1712e-02 4.2581e-01 0.0000e+00 0.0000e+00 0.0000e+00 0.0000e+00 -3.0747e-01 6.5490e-03 0.0000e+00 0.0000e+00 -6.5490e-03 -1.9654e-01 
164.0 5.9469e-01 3.9877e-02 0.0000e+00 0.0000e+00 3.9877e-02 4.3089e-01 0.0000e+00 0.0000e+00 0.0000e+00 0.0000e+00 -3.1787e-01 -2.2946e-03 0.0000e+00 0.0000e+00 2.2946e-03 -2.0438e-01 
165.0 6.0309e-01 3.7425e-02 0.0000e+00 0.0000e+00 3.7425e-02 4.3653e-01 0.0000e+00 0.0000e+00 0.0000e+00 0.0000e+00 -3.2970e-01 -1.1399e-02 0.0000e+00 0.0000e+00 1.1399e-02 -2.1261e-01 
166.0 6.1326e-01 3.4369e-02 0.0000e+00 0.0000e+00 3.4369e-02 4.4301e-01 0.0000e+00 0.0000e+00 0.0000e+00 0.0000e+00 -3.4320e-01 -2.0569e-02 0.0000e+00 0.0000e+00 2.0569e-02 -2.2124e-01 
167.0 6.2565e-01 3.0723e-02 0.0000e+00 0.0000e+00 3.0723e-02 4.5063e-01 0.0000e+00 0.0000e+00 0.0000e+00 0.0000e+00 -3.5861e-01 -2.9597e-02 0.0000e+00 0.0000e+00 2.9597e-02 -2.3027e-01 
168.0 6.4073e-01 2.6504e-02 0.0000e+00 0.0000e+00 2.6504e-02 4.5967e-01 0.0000e+00 0.0000e+00 0.0000e+00 0.0000e+00 -3.7617e-01 -3.8292e-02 0.0000e+00 0.0000e+00 3.8292e-02 -2.3969e-01 
169.0 6.5891e-01 2.1731e-02 0.0000e+00 0.0000e+00 2.1731e-02 4.7029e-01 0.0000e+00 0.0000e+00 0.0000e+00 0.0000e+00 -3.9619e-01 -4.6479e-02 0.0000e+00 0.0000e+00 4.6479e-02 -2.4948e-01 
170.0 6.8071e-01 1.6445e-02 0.0000e+00 0.0000e+00 1.6445e-02 4.8267e-01 0.0000e+00 0.0000e+00 0.0000e+00 0.0000e+00 -4.1902e-01 -5.3938e-02 0.0000e+00 0.0000e+00 5.3938e-02 -2.5963e-01 
171.0 7.0683e-01 1.0776e-02 0.0000e+00 0.0000e+00 1.0776e-02 4.9709e-01 0.0000e+00 0.0000e+00 0.0000e+00 0.0000e+00 -4.4513e-01 -6.0214e-02 0.0000e+00 0.0000e+00 6.0214e-02 -2.7009e-01 
172.0 7.3826e-01 5.0169e-03 0.0000e+00 0.0000e+00 5.0169e-03 5.1402e-01 0.0000e+00 0.0000e+00 0.0000e+00 0.0000e+00 -4.7501e-01 -6.4417e-02 0.0000e+00 0.0000e+00 6.4417e-02 -2.8079e-01 
173.0 7.7617e-01 -3.3319e-04 0.0000e+00 0.0000e+00 -3.3319e-04 5.3413e-01 0.0000e+00 0.0000e+00 0.0000e+00 0.0000e+00 -5.0897e-01 -6.5314e-02 0.0000e+00 0.0000e+00 6.5314e-02 -2.9151e-01 
174.0 8.2137e-01 -4.5849e-03 0.0000e+00 0.0000e+00 -4.5849e-03 5.5804e-01 0.0000e+00 0.0000e+00 0.0000e+00 0.0000e+00 -5.4672e-01 -6.1530e-02 0.0000e+00 0.0000e+00 6.1530e-02 -3.0189e-01 
175.0 8.7340e-01 -6.9823e-03 0.0000e+00 0.0000e+00 -6.9823e-03 5.8575e-01 0.0000e+00 0.0000e+00 0.0000e+00 0.0000e+00 -5.8695e-01 -5.2218e-02 0.0000e+00 0.0000e+00 5.2218e-02 -3.1132e-01 
176.0 9.2944e-01 -6.9480e-03 0.0000e+00 0.0000e+00 -6.9480e-03 6.1598e-01 0.0000e+00 0.0000e+00 0.0000e+00 0.0000e+00 -6.2684e-01 -3.7786e-02 0.0000e+00 0.0000e+00 3.7786e-02 -3.1905e-01 
177.0 9.8303e-01 -4.6210e-03 0.0000e+00 0.0000e+00 -4.6210e-03 6.4540e-01 0.0000e+00 0.0000e+00 0.0000e+00 0.0000e+00 -6.6190e-01 -2.0779e-02 0.0000e+00 0.0000e+00 2.0779e-02 -3.2444e-01 
178.0 1.0237e+00 -1.5097e-03 0.0000e+00 0.0000e+00 -1.5097e-03 6.6814e-01 0.0000e+00 0.0000e+00 0.0000e+00 0.0000e+00 -6.8661e-01 -6.2880e-03 0.0000e+00 0.0000e+00 6.2880e-03 -3.2745e-01 
179.0 1.0399e+00 -2.7184e-20 0.0000e+00 0.0000e+00 -2.7184e-20 6.7743e-01 0.0000e+00 0.0000e+00 0.0000e+00 0.0000e+00 -6.9614e-01 -1.0574e-19 0.0000e+00 0.0000e+00 1.0574e-19 -3.2859e-01 
180.0 1.0556e+00 0.0000e+00 0.0000e+00 0.0000e+00 0.0000e+00 6.8589e-01 0.0000e+00 0.0000e+00 0.0000e+00 0.0000e+00 -7.0483e-01 0.0000e+00 0.0000e+00 0.0000e+00 -0.0000e+00 -3.2941e-01 
