0.9135 1.1192 0.2057 0.043790
theta s11 s12 s13 s14 s21 s22 s23 s24 s31 s32 s33 s34 s41 s42 s43 s44
0.0 2.8599e+03 0.0000e+00 0.0000e+00 0.0000e+00 0.0000e+00 2.8591e+03 0.0000e+00 0.0000e+00 0.0000e+00 0.0000e+00 2.8591e+03 0.0000e+00 0.0000e+00 0.0000e+00 -0.0000e+00 2.8582e+03 
1.0 2.4882e+03 -1.1476e-01 0.0000e+00 0.0000e+00 -1.1476e-01 2.4873e+03 0.0000e+00 0.0000e+00 0.0000e+00 0.0000e+00 2.4873e+03 -1.0122e+00 0.0000e+00 0.0000e+00 1.0122e+00 2.4865e+03 
2.0 1.8393e+03 -2.1538e-01 0.0000e+00 0.0000e+00 -2.1538e-01 1.8384e+03 0.0000e+00 0.0000e+00 0.0000e+00 0.0000e+00 1.8384e+03 -3.2999e+00 0.0000e+00 0.0000e+00 3.2999e+00 1.8376e+03 
3.0 1.3126e+03 -1.7975e-01 0.0000e+00 0.0000e+00 -1.7975e-01 1.3118e+03 0.0000e+00 0.0000e+00 0.0000e+00 0.0000e+00 1.3117e+03 -5.4759e+00 0.0000e+00 0.0000e+00 5.4759e+00 1.3109e+03 
4.0 9.5076e+02 -1.0398e-01 0.0000e+00 0.0000e+00 -1.0398e-01 9.4997e+02 0.0000e+00 0.0000e+00 0.0000e+00 0.0000e+00 9.4989e+02 -6.7970e+00 0.0000e+00 0.0000e+00 6.7970e+00 9.4913e+02 
5.0 7.1049e+02 -6.0759e-02 0.0000e+00 0.0000e+00 -6.0759e-02 7.0974e+02 0.0000e+00 0.0000e+00 0.0000e+00 0.0000e+00 7.0961e+02 -7.3023e+00 0.0000e+00 0.0000e+00 7.3023e+00 7.0888e+02 
6.0 5.4900e+02 -7.2857e-02 0.0000e+00 0.0000e+00 -7.2857e-02 5.4827e+02 0.0000e+00 0.0000e+00 0.0000e+00 0.0000e+00 5.4810e+02 -7.2646e+00 0.0000e+00 0.0000e+00 7.2646e+00 5.4740e+02 
7.0 4.3764e+02 -1.4001e-01 0.0000e+00 0.0000e+00 -1.4001e-01 4.3693e+02 0.0000e+00 0.0000e+00 0.0000e+00 0.0000e+00 4.3672e+02 -6.9049e+00 0.0000e+00 0.0000e+00 6.9049e+00 4.3605e+02 
8.0 3.5875e+02 -2.5168e-01 0.0000e+00 0.0000e+00 -2.5168e-01 3.5805e+02 0.0000e+00 0.0000e+00 0.0000e+00 0.0000e+00 3.5781e+02 -6.3828e+00 0.0000e+00 0.0000e+00 6.3828e+00 3.5717e+02 
9.0 3.0132e+02 -3.9520e-01 0.0000e+00 0.0000e+00 -3.9520e-01 3.0064e+02 0.0000e+00 0.0000e+00 0.0000e+00 0.0000e+00 3.0037e+02 -5.8059e+00 0.0000e+00 0.0000e+00 5.8059e+00 2.9976e+02 
10.0 2.5834e+02 -5.6003e-01 0.0000e+00 0.0000e+00 -5.6003e-01 2.5768e+02 0.0000e+00 0.0000e+00 0.0000e+00 0.0000e+00 2.5739e+02 -5.2357e+00 0.0000e+00 0.0000e+00 5.2357e+00 2.5680e+02 
11.0 2.2540e+02 -7.3814e-01 0.0000e+00 0.0000e+00 -7.3814e-01 2.2476e+02 0.0000e+00 0.0000e+00 0.0000e+00 0.0000e+00 2.2445e+02 -4.7025e+00 0.0000e+00 0.0000e+00 4.7025e+00 2.2388e+02 
12.0 1.9962e+02 -9.2339e-01 0.0000e+00 0.0000e+00 -9.2339e-01 1.9898e+02 0.0000e+00 0.0000e+00 0.0000e+00 0.0000e+00 1.9866e+02 -4.2185e+00 0.0000e+00 0.0000e+00 4.2185e+00 1.9811e+02 
13.0 1.7903e+02 -1.1110e+00 0.0000e+00 0.0000e+00 -1.1110e+00 1.7840e+02 0.0000e+00 0.0000e+00 0.0000e+00 0.0000e+00 1.7807e+02 -3.7869e+00 0.0000e+00 0.0000e+00 3.7869e+00 1.7754e+02 
14.0 1.6232e+02 -1.2996e+00 0.0000e+00 0.0000e+00 -1.2996e+00 1.6170e+02 0.0000e+00 0.0000e+00 0.0000e+00 0.0000e+00 1.6135e+02 -3.4104e+00 0.0000e+00 0.0000e+00 3.4104e+00 1.6084e+02 
15.0 1.4849e+02 -1.4878e+00 0.0000e+00 0.0000e+00 -1.4878e+00 1.4788e+02 0.0000e+00 0.0000e+00 0.0000e+00 0.0000e+00 1.4752e+02 -3.0820e+00 0.0000e+00 0.0000e+00 3.0820e+00 1.4703e+02 
16.0 1.3685e+02 -1.6773e+00 0.0000e+00 0.0000e+00 -1.6773e+00 1.3625e+02 0.0000e+00 0.0000e+00 0.0000e+00 0.0000e+00 1.3588e+02 -2.7963e+00 0.0000e+00 0.0000e+00 2.7963e+00 1.3540e+02 
17.0 1.2689e+02 -1.8694e+00 0.0000e+00 0.0000e+00 -1.8694e+00 1.2629e+02 0.0000e+00 0.0000e+00 0.0000e+00 0.0000e+00 1.2592e+02 -2.5482e+00 0.0000e+00 0.0000e+00 2.5482e+00 1.2546e+02 
18.0 1.1821e+02 -2.0648e+00 0.0000e+00 0.0000e+00 -2.0648e+00 1.1762e+02 0.0000e+00 0.0000e+00 0.0000e+00 0.0000e+00 1.1724e+02 -2.3321e+00 0.0000e+00 0.0000e+00 2.3321e+00 1.1679e+02 
19.0 1.1054e+02 -2.2634e+00 0.0000e+00 0.0000e+00 -2.2634e+00 1.0996e+02 0.0000e+00 0.0000e+00 0.0000e+00 0.0000e+00 1.0998e+02 -2.1421e+00 0.0000e+00 0.0000e+00 2.1421e+00 1.0954e+02 
20.0 1.0369e+02 -2.4645e+00 0.0000e+00 0.0000e+00 -2.4645e+00 1.0312e+02 0.0000e+00 0.0000e+00 0.0000e+00 0.0000e+00 1.0348e+02 -1.9735e+00 0.0000e+00 0.0000e+00 1.9735e+00 1.0306e+02 
21.0 9.7537e+01 -2.6678e+00 0.0000e+00 0.0000e+00 -2.6678e+00 9.6971e+01 0.0000e+00 0.0000e+00 0.0000e+00 0.0000e+00 9.7649e+01 -1.8230e+00 0.0000e+00 0.0000e+00 1.8230e+00 9.7238e+01 
22.0 9.1991e+01 -2.8736e+00 0.0000e+00 0.0000e+00 -2.8736e+00 9.1431e+01 0.0000e+00 0.0000e+00 0.0000e+00 0.0000e+00 9.2384e+01 -1.6881e+00 0.0000e+00 0.0000e+00 1.6881e+00 9.1984e+01 
23.0 8.6967e+01 -3.0821e+00 0.0000e+00 0.0000e+00 -3.0821e+00 8.6413e+01 0.0000e+00 0.0000e+00 0.0000e+00 0.0000e+00 8.7611e+01 -1.5666e+00 0.0000e+00 0.0000e+00 1.5666e+00 8.7221e+01 
24.0 8.2392e+01 -3.2928e+00 0.0000e+00 0.0000e+00 -3.2928e+00 8.1843e+01 0.0000e+00 0.0000e+00 0.0000e+00 0.0000e+00 8.3261e+01 -1.4569e+00 0.0000e+00 0.0000e+00 1.4569e+00 8.2880e+01 
25.0 7.8198e+01 -3.5046e+00 0.0000e+00 0.0000e+00 -3.5046e+00 7.7654e+01 0.0000e+00 0.0000e+00 0.0000e+00 0.0000e+00 7.9269e+01 -1.3583e+00 0.0000e+00 0.0000e+00 1.3583e+00 7.8897e+01 
26.0 7.4326e+01 -3.7157e+00 0.0000e+00 0.0000e+00 -3.7157e+00 7.3787e+01 0.0000e+00 0.0000e+00 0.0000e+00 0.0000e+00 7.5579e+01 -1.2700e+00 0.0000e+00 0.0000e+00 1.2700e+00 7.5215e+01 
27.0 7.0729e+01 -3.9248e+00 0.0000e+00 0.0000e+00 -3.9248e+00 7.0195e+01 0.0000e+00 0.0000e+00 0.0000e+00 0.0000e+00 7.2146e+01 -1.1912e+00 0.0000e+00 0.0000e+00 1.1912e+00 7.1790e+01 
28.0 6.7371e+01 -4.1309e+00 0.0000e+00 0.0000e+00 -4.1309e+00 6.6842e+01 0.0000e+00 0.0000e+00 0.0000e+00 0.0000e+00 6.8935e+01 -1.1203e+00 0.0000e+00 0.0000e+00 1.1203e+00 6.8587e+01 
29.0 6.4228e+01 -4.3336e+00 0.0000e+00 0.0000e+00 -4.3336e+00 6.3704e+01 0.0000e+00 0.0000e+00 0.0000e+00 0.0000e+00 6.5925e+01 -1.0557e+00 0.0000e+00 0.0000e+00 1.0557e+00 6.5583e+01 
30.0 6.1283e+01 -4.5332e+00 0.0000e+00 0.0000e+00 -4.5332e+00 6.0763e+01 0.0000e+00 0.0000e+00 0.0000e+00 0.0000e+00 6.3098e+01 -9.9603e-01 0.0000e+00 0.0000e+00 9.9603e-01 6.2763e+01 
31.0 5.8521e+01 -4.7295e+00 0.0000e+00 0.0000e+00 -4.7295e+00 5.8005e+01 0.0000e+00 0.0000e+00 0.0000e+00 0.0000e+00 6.0157e+01 -9.4068e-01 0.0000e+00 0.0000e+00 9.4068e-01 5.9833e+01 
32.0 5.5928e+01 -4.9224e+00 0.0000e+00 0.0000e+00 -4.9224e+00 5.5417e+01 0.0000e+00 0.0000e+00 0.0000e+00 0.0000e+00 5.7391e+01 -8.8973e-01 0.0000e+00 0.0000e+00 8.8973e-01 5.7076e+01 
33.0 5.3489e+01 -5.1111e+00 0.0000e+00 0.0000e+00 -5.1111e+00 5.2982e+01 0.0000e+00 0.0000e+00 0.0000e+00 0.0000e+00 5.4783e+01 -8.4318e-01 0.0000e+00 0.0000e+00 8.4318e-01 5.4478e+01 
34.0 5.1189e+01 -5.2950e+00 0.0000e+00 0.0000e+00 -5.2950e+00 5.0686e+01 0.0000e+00 0.0000e+00 0.0000e+00 0.0000e+00 5.2317e+01 -8.0068e-01 0.0000e+00 0.0000e+00 8.0068e-01 5.2022e+01 
35.0 4.9014e+01 -5.4734e+00 0.0000e+00 0.0000e+00 -5.4734e+00 4.8516e+01 0.0000e+00 0.0000e+00 0.0000e+00 0.0000e+00 4.9981e+01 -7.6165e-01 0.0000e+00 0.0000e+00 7.6165e-01 4.9695e+01 
36.0 4.6954e+01 -5.6459e+00 0.0000e+00 0.0000e+00 -5.6459e+00 4.6459e+01 0.0000e+00 0.0000e+00 0.0000e+00 0.0000e+00 4.7764e+01 -7.2544e-01 0.0000e+00 0.0000e+00 7.2544e-01 4.7487e+01 
37.0 4.4999e+01 -5.8124e+00 0.0000e+00 0.0000e+00 -5.8124e+00 4.4509e+01 0.0000e+00 0.0000e+00 0.0000e+00 0.0000e+00 4.5656e+01 -6.9146e-01 0.0000e+00 0.0000e+00 6.9146e-01 4.5389e+01 
38.0 4.3142e+01 -5.9728e+00 0.0000e+00 0.0000e+00 -5.9728e+00 4.2656e+01 0.0000e+00 0.0000e+00 0.0000e+00 0.0000e+00 4.3650e+01 -6.5927e-01 0.0000e+00 0.0000e+00 6.5927e-01 4.3391e+01 
39.0 4.1377e+01 -6.1268e+00 0.0000e+00 0.0000e+00 -6.1268e+00 4.0894e+01 0.0000e+00 0.0000e+00 0.0000e+00 0.0000e+00 4.1739e+01 -6.2859e-01 0.0000e+00 0.0000e+00 6.2859e-01 4.1489e+01 
40.0 3.9697e+01 -6.2744e+00 0.0000e+00 0.0000e+00 -6.2744e+00 3.9218e+01 0.0000e+00 0.0000e+00 0.0000e+00 0.0000e+00 3.9916e+01 -5.9913e-01 0.0000e+00 0.0000e+00 5.9913e-01 3.9675e+01 
41.0 3.8097e+01 -6.4154e+00 0.0000e+00 0.0000e+00 -6.4154e+00 3.7622e+01 0.0000e+00 0.0000e+00 0.0000e+00 0.0000e+00 3.8177e+01 -5.7065e-01 0.0000e+00 0.0000e+00 5.7065e-01 3.7945e+01 
42.0 3.6573e+01 -6.5499e+00 0.0000e+00 0.0000e+00 -6.5499e+00 3.6102e+01 0.0000e+00 0.0000e+00 0.0000e+00 0.0000e+00 3.6517e+01 -5.4303e-01 0.0000e+00 0.0000e+00 5.4303e-01 3.6293e+01 
43.0 3.5122e+01 -6.6777e+00 0.0000e+00 0.0000e+00 -6.6777e+00 3.4655e+01 0.0000e+00 0.0000e+00 0.0000e+00 0.0000e+00 3.4929e+01 -5.1629e-01 0.0000e+00 0.0000e+00 5.1629e-01 3.4714e+01 
44.0 3.3738e+01 -6.7988e+00 0.0000e+00 0.0000e+00 -6.7988e+00 3.3275e+01 0.0000e+00 0.0000e+00 0.0000e+00 0.0000e+00 3.3412e+01 -4.9046e-01 0.0000e+00 0.0000e+00 4.9046e-01 3.3205e+01 
45.0 3.2418e+01 -6.9127e+00 0.0000e+00 0.0000e+00 -6.9127e+00 3.1958e+01 0.0000e+00 0.0000e+00 0.0000e+00 0.0000e+00 3.1959e+01 -4.6543e-01 0.0000e+00 0.0000e+00 4.6543e-01 3.1760e+01 
46.0 3.1158e+01 -7.0196e+00 0.0000e+00 0.0000e+00 -7.0196e+00 3.0701e+01 0.0000e+00 0.0000e+00 0.0000e+00 0.0000e+00 3.0566e+01 -4.4099e-01 0.0000e+00 0.0000e+00 4.4099e-01 3.0375e+01 
47.0 2.9954e+01 -7.1193e+00 0.0000e+00 0.0000e+00 -7.1193e+00 2.9501e+01 0.0000e+00 0.0000e+00 0.0000e+00 0.0000e+00 2.9231e+01 -4.1689e-01 0.0000e+00 0.0000e+00 4.1689e-01 2.9049e+01 
48.0 2.8805e+01 -7.2120e+00 0.0000e+00 0.0000e+00 -7.2120e+00 2.8355e+01 0.0000e+00 0.0000e+00 0.0000e+00 0.0000e+00 2.7951e+01 -3.9302e-01 0.0000e+00 0.0000e+00 3.9302e-01 2.7777e+01 
49.0 2.7706e+01 -7.2979e+00 0.0000e+00 0.0000e+00 -7.2979e+00 2.7260e+01 0.0000e+00 0.0000e+00 0.0000e+00 0.0000e+00 2.6724e+01 -3.6936e-01 0.0000e+00 0.0000e+00 3.6936e-01 2.6557e+01 
50.0 2.6657e+01 -7.3770e+00 0.0000e+00 0.0000e+00 -7.3770e+00 2.6214e+01 0.0000e+00 0.0000e+00 0.0000e+00 0.0000e+00 2.5545e+01 -3.4601e-01 0.0000e+00 0.0000e+00 3.4601e-01 2.5386e+01 
51.0 2.5654e+01 -7.4492e+00 0.0000e+00 0.0000e+00 -7.4492e+00 2.5214e+01 0.0000e+00 0.0000e+00 0.0000e+00 0.0000e+00 2.4414e+01 -3.2305e-01 0.0000e+00 0.0000e+00 3.2305e-01 2.4263e+01 
52.0 2.4696e+01 -7.5147e+00 0.0000e+00 0.0000e+00 -7.5147e+00 2.4259e+01 0.0000e+00 0.0000e+00 0.0000e+00 0.0000e+00 2.3328e+01 -3.0051e-01 0.0000e+00 0.0000e+00 3.0051e-01 2.3185e+01 
53.0 2.3779e+01 -7.5733e+00 0.0000e+00 0.0000e+00 -7.5733e+00 2.3345e+01 0.0000e+00 0.0000e+00 0.0000e+00 0.0000e+00 2.2284e+01 -2.7837e-01 0.0000e+00 0.0000e+00 2.7837e-01 2.2148e+01 
54.0 2.2902e+01 -7.6252e+00 0.0000e+00 0.0000e+00 -7.6252e+00 2.2471e+01 0.0000e+00 0.0000e+00 0.0000e+00 0.0000e+00 2.1281e+01 -2.5658e-01 0.0000e+00 0.0000e+00 2.5658e-01 2.1153e+01 
55.0 2.2063e+01 -7.6705e+00 0.0000e+00 0.0000e+00 -7.6705e+00 2.1635e+01 0.0000e+00 0.0000e+00 0.0000e+00 0.0000e+00 2.0316e+01 -2.3512e-01 0.0000e+00 0.0000e+00 2.3512e-01 2.0195e+01 
56.0 2.1261e+01 -7.7093e+00 0.0000e+00 0.0000e+00 -7.7093e+00 2.0835e+01 0.0000e+00 0.0000e+00 0.0000e+00 0.0000e+00 1.9388e+01 -2.1398e-01 0.0000e+00 0.0000e+00 2.1398e-01 1.9275e+01 
57.0 2.0493e+01 -7.7416e+00 0.0000e+00 0.0000e+00 -7.7416e+00 2.0070e+01 0.0000e+00 0.0000e+00 0.0000e+00 0.0000e+00 1.8495e+01 -1.9317e-01 0.0000e+00 0.0000e+00 1.9317e-01 1.8389e+01 
58.0 1.9758e+01 -7.7676e+00 0.0000e+00 0.0000e+00 -7.7676e+00 1.9337e+01 0.0000e+00 0.0000e+00 0.0000e+00 0.0000e+00 1.7636e+01 -1.7266e-01 0.0000e+00 0.0000e+00 1.7266e-01 1.7537e+01 
59.0 1.9055e+01 -7.7874e+00 0.0000e+00 0.0000e+00 -7.7874e+00 1.8637e+01 0.0000e+00 0.0000e+00 0.0000e+00 0.0000e+00 1.6808e+01 -1.5241e-01 0.0000e+00 0.0000e+00 1.5241e-01 1.6717e+01 
60.0 1.8382e+01 -7.8011e+00 0.0000e+00 0.0000e+00 -7.8011e+00 1.7966e+01 0.0000e+00 0.0000e+00 0.0000e+00 0.0000e+00 1.6011e+01 -1.3238e-01 0.0000e+00 0.0000e+00 1.3238e-01 1.5927e+01 
61.0 1.7739e+01 -7.8089e+00 0.0000e+00 0.0000e+00 -7.8089e+00 1.7325e+01 0.0000e+00 0.0000e+00 0.0000e+00 0.0000e+00 1.5244e+01 -1.1253e-01 0.0000e+00 0.0000e+00 1.1253e-01 1.5167e+01 
62.0 1.7123e+01 -7.8111e+00 0.0000e+00 0.0000e+00 -7.8111e+00 1.6711e+01 0.0000e+00 0.0000e+00 0.0000e+00 0.0000e+00 1.4504e+01 -9.2862e-02 0.0000e+00 0.0000e+00 9.2862e-02 1.4434e+01 
63.0 1.6534e+01 -7.8078e+00 0.0000e+00 0.0000e+00 -7.8078e+00 1.6125e+01 0.0000e+00 0.0000e+00 0.0000e+00 0.0000e+00 1.3792e+01 -7.3412e-02 0.0000e+00 0.0000e+00 7.3412e-02 1.3729e+01 
64.0 1.5971e+01 -7.7991e+00 0.0000e+00 0.0000e+00 -7.7991e+00 1.5564e+01 0.0000e+00 0.0000e+00 0.0000e+00 0.0000e+00 1.3106e+01 -5.4240e-02 0.0000e+00 0.0000e+00 5.4240e-02 1.3050e+01 
65.0 1.5433e+01 -7.7852e+00 0.0000e+00 0.0000e+00 -7.7852e+00 1.5027e+01 0.0000e+00 0.0000e+00 0.0000e+00 0.0000e+00 1.2445e+01 -3.5385e-02 0.0000e+00 0.0000e+00 3.5385e-02 1.2396e+01 
66.0 1.4918e+01 -7.7662e+00 0.0000e+00 0.0000e+00 -7.7662e+00 1.4514e+01 0.0000e+00 0.0000e+00 0.0000e+00 0.0000e+00 1.1807e+01 -1.6865e-02 0.0000e+00 0.0000e+00 1.6865e-02 1.1766e+01 
67.0 1.4426e+01 -7.7423e+00 0.0000e+00 0.0000e+00 -7.7423e+00 1.4024e+01 0.0000e+00 0.0000e+00 0.0000e+00 0.0000e+00 1.1193e+01 1.3055e-03 0.0000e+00 0.0000e+00 -1.3055e-03 1.1159e+01 
68.0 1.3956e+01 -7.7136e+00 0.0000e+00 0.0000e+00 -7.7136e+00 1.3555e+01 0.0000e+00 0.0000e+00 0.0000e+00 0.0000e+00 1.0601e+01 1.9103e-02 0.0000e+00 0.0000e+00 -1.9103e-02 1.0573e+01 
69.0 1.3506e+01 -7.6804e+00 0.0000e+00 0.0000e+00 -7.6804e+00 1.3107e+01 0.0000e+00 0.0000e+00 0.0000e+00 0.0000e+00 1.0029e+01 3.6499e-02 0.0000e+00 0.0000e+00 -3.6499e-02 1.0009e+01 
70.0 1.3077e+01 -7.6427e+00 0.0000e+00 0.0000e+00 -7.6427e+00 1.2678e+01 0.0000e+00 0.0000e+00 0.0000e+00 0.0000e+00 9.4784e+00 5.3465e-02 0.0000e+00 0.0000e+00 -5.3465e-02 9.4650e+00 
71.0 1.2666e+01 -7.6008e+00 0.0000e+00 0.0000e+00 -7.6008e+00 1.2269e+01 0.0000e+00 0.0000e+00 0.0000e+00 0.0000e+00 8.9469e+00 6.9969e-02 0.0000e+00 0.0000e+00 -6.9969e-02 8.9406e+00 
72.0 1.2274e+01 -7.5548e+00 0.0000e+00 0.0000e+00 -7.5548e+00 1.1878e+01 0.0000e+00 0.0000e+00 0.0000e+00 0.0000e+00 8.4343e+00 8.5970e-02 0.0000e+00 0.0000e+00 -8.5970e-02 8.4349e+00 
73.0 1.1899e+01 -7.5048e+00 0.0000e+00 0.0000e+00 -7.5048e+00 1.1504e+01 0.0000e+00 0.0000e+00 0.0000e+00 0.0000e+00 7.9396e+00 1.0142e-01 0.0000e+00 0.0000e+00 -1.0142e-01 7.9472e+00 
74.0 1.1541e+01 -7.4511e+00 0.0000e+00 0.0000e+00 -7.4511e+00 1.1147e+01 0.0000e+00 0.0000e+00 0.0000e+00 0.0000e+00 7.4623e+00 1.1627e-01 0.0000e+00 0.0000e+00 -1.1627e-01 7.4769e+00 
75.0 1.1199e+01 -7.3937e+00 0.0000e+00 0.0000e+00 -7.3937e+00 1.0806e+01 0.0000e+00 0.0000e+00 0.0000e+00 0.0000e+00 7.0017e+00 1.3047e-01 0.0000e+00 0.0000e+00 -1.3047e-01 7.0232e+00 
76.0 1.0873e+01 -7.3329e+00 0.0000e+00 0.0000e+00 -7.3329e+00 1.0480e+01 0.0000e+00 0.0000e+00 0.0000e+00 0.0000e+00 6.5571e+00 1.4399e-01 0.0000e+00 0.0000e+00 -1.4399e-01 6.5855e+00 
77.0 1.0561e+01 -7.2686e+00 0.0000e+00 0.0000e+00 -7.2686e+00 1.0169e+01 0.0000e+00 0.0000e+00 0.0000e+00 0.0000e+00 6.1278e+00 1.5682e-01 0.0000e+00 0.0000e+00 -1.5682e-01 6.1631e+00 
78.0 1.0264e+01 -7.2012e+00 0.0000e+00 0.0000e+00 -7.2012e+00 9.8726e+00 0.0000e+00 0.0000e+00 0.0000e+00 0.0000e+00 5.7133e+00 1.6895e-01 0.0000e+00 0.0000e+00 -1.6895e-01 5.7554e+00 
79.0 9.9795e+00 -7.1307e+00 0.0000e+00 0.0000e+00 -7.1307e+00 9.5892e+00 0.0000e+00 0.0000e+00 0.0000e+00 0.0000e+00 5.3130e+00 1.8036e-01 0.0000e+00 0.0000e+00 -1.8036e-01 5.3619e+00 
80.0 9.7084e+00 -7.0572e+00 0.0000e+00 0.0000e+00 -7.0572e+00 9.3187e+00 0.0000e+00 0.0000e+00 0.0000e+00 0.0000e+00 4.9263e+00 1.9107e-01 0.0000e+00 0.0000e+00 -1.9107e-01 4.9819e+00 
81.0 9.4497e+00 -6.9810e+00 0.0000e+00 0.0000e+00 -6.9810e+00 9.0606e+00 0.0000e+00 0.0000e+00 0.0000e+00 0.0000e+00 4.5528e+00 2.0106e-01 0.0000e+00 0.0000e+00 -2.0106e-01 4.6151e+00 
82.0 9.2030e+00 -6.9020e+00 0.0000e+00 0.0000e+00 -6.9020e+00 8.8145e+00 0.0000e+00 0.0000e+00 0.0000e+00 0.0000e+00 4.1920e+00 2.1035e-01 0.0000e+00 0.0000e+00 -2.1035e-01 4.2608e+00 
83.0 8.9677e+00 -6.8206e+00 0.0000e+00 0.0000e+00 -6.8206e+00 8.5797e+00 0.0000e+00 0.0000e+00 0.0000e+00 0.0000e+00 3.8433e+00 2.1894e-01 0.0000e+00 0.0000e+00 -2.1894e-01 3.9186e+00 
84.0 8.7434e+00 -6.7367e+00 0.0000e+00 0.0000e+00 -6.7367e+00 8.3559e+00 0.0000e+00 0.0000e+00 0.0000e+00 0.0000e+00 3.5064e+00 2.2687e-01 0.0000e+00 0.0000e+00 -2.2687e-01 3.5880e+00 
85.0 8.5296e+00 -6.6506e+00 0.0000e+00 0.0000e+00 -6.6506e+00 8.1427e+00 0.0000e+00 0.0000e+00 0.0000e+00 0.0000e+00 3.1809e+00 2.3414e-01 0.0000e+00 0.0000e+00 -2.3414e-01 3.2687e+00 
86.0 8.3259e+00 -6.5623e+00 0.0000e+00 0.0000e+00 -6.5623e+00 7.9395e+00 0.0000e+00 0.0000e+00 0.0000e+00 0.0000e+00 2.8662e+00 2.4080e-01 0.0000e+00 0.0000e+00 -2.4080e-01 2.9601e+00 
87.0 8.1319e+00 -6.4721e+00 0.0000e+00 0.0000e+00 -6.4721e+00 7.7462e+00 0.0000e+00 0.0000e+00 0.0000e+00 0.0000e+00 2.5620e+00 2.4688e-01 0.0000e+00 0.0000e+00 -2.4688e-01 2.6619e+00 
88.0 7.9472e+00 -6.3799e+00 0.0000e+00 0.0000e+00 -6.3799e+00 7.5622e+00 0.0000e+00 0.0000e+00 0.0000e+00 0.0000e+00 2.2681e+00 2.5244e-01 0.0000e+00 0.0000e+00 -2.5244e-01 2.3738e+00 
89.0 7.7716e+00 -6.2860e+00 0.0000e+00 0.0000e+00 -6.2860e+00 7.3872e+00 0.0000e+00 0.0000e+00 0.0000e+00 0.0000e+00 1.9839e+00 2.5751e-01 0.0000e+00 0.0000e+00 -2.5751e-01 2.0954e+00 
90.0 7.6046e+00 -6.1905e+00 0.0000e+00 0.0000e+00 -6.1905e+00 7.2210e+00 0.0000e+00 0.0000e+00 0.0000e+00 0.0000e+00 1.7093e+00 2.6212e-01 0.0000e+00 0.0000e+00 -2.6212e-01 1.8263e+00 
91.0 7.4459e+00 -6.0936e+00 0.0000e+00 0.0000e+00 -6.0936e+00 7.0631e+00 0.0000e+00 0.0000e+00 0.0000e+00 0.0000e+00 1.4439e+00 2.6629e-01 0.0000e+00 0.0000e+00 -2.6629e-01 1.5663e+00 
92.0 7.2953e+00 -5.9952e+00 0.0000e+00 0.0000e+00 -5.9952e+00 6.9133e+00 0.0000e+00 0.0000e+00 0.0000e+00 0.0000e+00 1.1874e+00 2.7006e-01 0.0000e+00 0.0000e+00 -2.7006e-01 1.3150e+00 
93.0 7.1523e+00 -5.8957e+00 0.0000e+00 0.0000e+00 -5.8957e+00 6.7713e+00 0.0000e+00 0.0000e+00 0.0000e+00 0.0000e+00 9.3949e-01 2.7347e-01 0.0000e+00 0.0000e+00 -2.7347e-01 1.0721e+00 
94.0 7.0168e+00 -5.7950e+00 0.0000e+00 0.0000e+00 -5.7950e+00 6.6367e+00 0.0000e+00 0.0000e+00 0.0000e+00 0.0000e+00 6.9990e-01 2.7654e-01 0.0000e+00 0.0000e+00 -2.7654e-01 8.3745e-01 
95.0 6.8885e+00 -5.6934e+00 0.0000e+00 0.0000e+00 -5.6934e+00 6.5094e+00 0.0000e+00 0.0000e+00 0.0000e+00 0.0000e+00 4.6836e-01 2.7930e-01 0.0000e+00 0.0000e+00 -2.7930e-01 6.1065e-01 
96.0 6.7671e+00 -5.5908e+00 0.0000e+00 0.0000e+00 -5.5908e+00 6.3891e+00 0.0000e+00 0.0000e+00 0.0000e+00 0.0000e+00 2.4463e-01 2.8179e-01 0.0000e+00 0.0000e+00 -2.8179e-01 3.9148e-01 
97.0 6.6522e+00 -5.4875e+00 0.0000e+00 0.0000e+00 -5.4875e+00 6.2754e+00 0.0000e+00 0.0000e+00 0.0000e+00 0.0000e+00 2.8432e-02 2.8403e-01 0.0000e+00 0.0000e+00 -2.8403e-01 1.7970e-01 
98.0 6.5438e+00 -5.3836e+00 0.0000e+00 0.0000e+00 -5.3836e+00 6.1681e+00 0.0000e+00 0.0000e+00 0.0000e+00 0.0000e+00 -1.8048e-01 2.8605e-01 0.0000e+00 0.0000e+00 -2.8605e-01 -2.4954e-02 
99.0 6.4416e+00 -5.2791e+00 0.0000e+00 0.0000e+00 -5.2791e+00 6.0671e+00 0.0000e+00 0.0000e+00 0.0000e+00 0.0000e+00 -3.8232e-01 2.8787e-01 0.0000e+00 0.0000e+00 -2.8787e-01 -2.2269e-01 
100.0 6.3453e+00 -5.1741e+00 0.0000e+00 0.0000e+00 -5.1741e+00 5.9721e+00 0.0000e+00 0.0000e+00 0.0000e+00 0.0000e+00 -5.7732e-01 2.8952e-01 0.0000e+00 0.0000e+00 -2.8952e-01 -4.1372e-01 
101.0 6.2547e+00 -5.0688e+00 0.0000e+00 0.0000e+00 -5.0688e+00 5.8828e+00 0.0000e+00 0.0000e+00 0.0000e+00 0.0000e+00 -7.6569e-01 2.9099e-01 0.0000e+00 0.0000e+00 -2.9099e-01 -5.9826e-01 
102.0 6.1696e+00 -4.9633e+00 0.0000e+00 0.0000e+00 -4.9633e+00 5.7990e+00 0.0000e+00 0.0000e+00 0.0000e+00 0.0000e+00 -9.4763e-01 2.9229e-01 0.0000e+00 0.0000e+00 -2.9229e-01 -7.7652e-01 
103.0 6.0897e+00 -4.8576e+00 0.0000e+00 0.0000e+00 -4.8576e+00 5.7205e+00 0.0000e+00 0.0000e+00 0.0000e+00 0.0000e+00 -1.1234e+00 2.9344e-01 0.0000e+00 0.0000e+00 -2.9344e-01 -9.4870e-01 
104.0 6.0149e+00 -4.7518e+00 0.0000e+00 0.0000e+00 -4.7518e+00 5.6470e+00 0.0000e+00 0.0000e+00 0.0000e+00 0.0000e+00 -1.2931e+00 2.9443e-01 0.0000e+00 0.0000e+00 -2.9443e-01 -1.1150e+00 
105.0 5.9449e+00 -4.6461e+00 0.0000e+00 0.0000e+00 -4.6461e+00 5.5784e+00 0.0000e+00 0.0000e+00 0.0000e+00 0.0000e+00 -1.4570e+00 2.9527e-01 0.0000e+00 0.0000e+00 -2.9527e-01 -1.2756e+00 
106.0 5.8796e+00 -4.5404e+00 0.0000e+00 0.0000e+00 -4.5404e+00 5.5145e+00 0.0000e+00 0.0000e+00 0.0000e+00 0.0000e+00 -1.6153e+00 2.9597e-01 0.0000e+00 0.0000e+00 -2.9597e-01 -1.4307e+00 
107.0 5.8187e+00 -4.4350e+00 0.0000e+00 0.0000e+00 -4.4350e+00 5.4551e+00 0.0000e+00 0.0000e+00 0.0000e+00 0.0000e+00 -1.7681e+00 2.9653e-01 0.0000e+00 0.0000e+00 -2.9653e-01 -1.5804e+00 
108.0 5.7621e+00 -4.3297e+00 0.0000e+00 0.0000e+00 -4.3297e+00 5.3999e+00 0.0000e+00 0.0000e+00 0.0000e+00 0.0000e+00 -1.9157e+00 2.9694e-01 0.0000e+00 0.0000e+00 -2.9694e-01 -1.7250e+00 
109.0 5.7096e+00 -4.2248e+00 0.0000e+00 0.0000e+00 -4.2248e+00 5.3489e+00 0.0000e+00 0.0000e+00 0.0000e+00 0.0000e+00 -2.0581e+00 2.9720e-01 0.0000e+00 0.0000e+00 -2.9720e-01 -1.8645e+00 
110.0 5.6610e+00 -4.1203e+00 0.0000e+00 0.0000e+00 -4.1203e+00 5.3017e+00 0.0000e+00 0.0000e+00 0.0000e+00 0.0000e+00 -2.1956e+00 2.9731e-01 0.0000e+00 0.0000e+00 -2.9731e-01 -1.9992e+00 
111.0 5.6162e+00 -4.0163e+00 0.0000e+00 0.0000e+00 -4.0163e+00 5.2584e+00 0.0000e+00 0.0000e+00 0.0000e+00 0.0000e+00 -2.3284e+00 2.9727e-01 0.0000e+00 0.0000e+00 -2.9727e-01 -2.1292e+00 
112.0 5.5750e+00 -3.9128e+00 0.0000e+00 0.0000e+00 -3.9128e+00 5.2185e+00 0.0000e+00 0.0000e+00 0.0000e+00 0.0000e+00 -2.4565e+00 2.9706e-01 0.0000e+00 0.0000e+00 -2.9706e-01 -2.2546e+00 
113.0 5.5372e+00 -3.8099e+00 0.0000e+00 0.0000e+00 -3.8099e+00 5.1822e+00 0.0000e+00 0.0000e+00 0.0000e+00 0.0000e+00 -2.5802e+00 2.9667e-01 0.0000e+00 0.0000e+00 -2.9667e-01 -2.3757e+00 
114.0 5.5027e+00 -3.7076e+00 0.0000e+00 0.0000e+00 -3.7076e+00 5.1490e+00 0.0000e+00 0.0000e+00 0.0000e+00 0.0000e+00 -2.6995e+00 2.9609e-01 0.0000e+00 0.0000e+00 -2.9609e-01 -2.4925e+00 
115.0 5.4713e+00 -3.6061e+00 0.0000e+00 0.0000e+00 -3.6061e+00 5.1190e+00 0.0000e+00 0.0000e+00 0.0000e+00 0.0000e+00 -2.8147e+00 2.9532e-01 0.0000e+00 0.0000e+00 -2.9532e-01 -2.6052e+00 
116.0 5.4429e+00 -3.5053e+00 0.0000e+00 0.0000e+00 -3.5053e+00 5.0919e+00 0.0000e+00 0.0000e+00 0.0000e+00 0.0000e+00 -2.9259e+00 2.9434e-01 0.0000e+00 0.0000e+00 -2.9434e-01 -2.7140e+00 
117.0 5.4174e+00 -3.4053e+00 0.0000e+00 0.0000e+00 -3.4053e+00 5.0677e+00 0.0000e+00 0.0000e+00 0.0000e+00 0.0000e+00 -3.0333e+00 2.9313e-01 0.0000e+00 0.0000e+00 -2.9313e-01 -2.8189e+00 
118.0 5.3946e+00 -3.3062e+00 0.0000e+00 0.0000e+00 -3.3062e+00 5.0461e+00 0.0000e+00 0.0000e+00 0.0000e+00 0.0000e+00 -3.1369e+00 2.9172e-01 0.0000e+00 0.0000e+00 -2.9172e-01 -2.9202e+00 
119.0 5.3744e+00 -3.2079e+00 0.0000e+00 0.0000e+00 -3.2079e+00 5.0271e+00 0.0000e+00 0.0000e+00 0.0000e+00 0.0000e+00 -3.2369e+00 2.9010e-01 0.0000e+00 0.0000e+00 -2.9010e-01 -3.0179e+00 
120.0 5.3567e+00 -3.1106e+00 0.0000e+00 0.0000e+00 -3.1106e+00 5.0106e+00 0.0000e+00 0.0000e+00 0.0000e+00 0.0000e+00 -3.3335e+00 2.8828e-01 0.0000e+00 0.0000e+00 -2.8828e-01 -3.1122e+00 
121.0 5.3413e+00 -3.0143e+00 0.0000e+00 0.0000e+00 -3.0143e+00 4.9963e+00 0.0000e+00 0.0000e+00 0.0000e+00 0.0000e+00 -3.4268e+00 2.8625e-01 0.0000e+00 0.0000e+00 -2.8625e-01 -3.2032e+00 
122.0 5.3281e+00 -2.9190e+00 0.0000e+00 0.0000e+00 -2.9190e+00 4.9843e+00 0.0000e+00 0.0000e+00 0.0000e+00 0.0000e+00 -3.5168e+00 2.8401e-01 0.0000e+00 0.0000e+00 -2.8401e-01 -3.2911e+00 
123.0 5.3171e+00 -2.8247e+00 0.0000e+00 0.0000e+00 -2.8247e+00 4.9744e+00 0.0000e+00 0.0000e+00 0.0000e+00 0.0000e+00 -3.6037e+00 2.8157e-01 0.0000e+00 0.0000e+00 -2.8157e-01 -3.3758e+00 
124.0 5.3081e+00 -2.7315e+00 0.0000e+00 0.0000e+00 -2.7315e+00 4.9664e+00 0.0000e+00 0.0000e+00 0.0000e+00 0.0000e+00 -3.6877e+00 2.7894e-01 0.0000e+00 0.0000e+00 -2.7894e-01 -3.4577e+00 
125.0 5.3010e+00 -2.6394e+00 0.0000e+00 0.0000e+00 -2.6394e+00 4.9604e+00 0.0000e+00 0.0000e+00 0.0000e+00 0.0000e+00 -3.7687e+00 2.7616e-01 0.0000e+00 0.0000e+00 -2.7616e-01 -3.5367e+00 
126.0 5.2958e+00 -2.5484e+00 0.0000e+00 0.0000e+00 -2.5484e+00 4.9561e+00 0.0000e+00 0.0000e+00 0.0000e+00 0.0000e+00 -3.8470e+00 2.7323e-01 0.0000e+00 0.0000e+00 -2.7323e-01 -3.6130e+00 
127.0 5.2923e+00 -2.4586e+00 0.0000e+00 0.0000e+00 -2.4586e+00 4.9536e+00 0.0000e+00 0.0000e+00 0.0000e+00 0.0000e+00 -3.9226e+00 2.7015e-01 0.0000e+00 0.0000e+00 -2.7015e-01 -3.6866e+00 
128.0 5.2904e+00 -2.3700e+00 0.0000e+00 0.0000e+00 -2.3700e+00 4.9527e+00 0.0000e+00 0.0000e+00 0.0000e+00 0.0000e+00 -3.9956e+00 2.6693e-01 0.0000e+00 0.0000e+00 -2.6693e-01 -3.7576e+00 
129.0 5.2901e+00 -2.2826e+00 0.0000e+00 0.0000e+00 -2.2826e+00 4.9532e+00 0.0000e+00 0.0000e+00 0.0000e+00 0.0000e+00 -4.0661e+00 2.6358e-01 0.0000e+00 0.0000e+00 -2.6358e-01 -3.8262e+00 
130.0 5.2912e+00 -2.1965e+00 0.0000e+00 0.0000e+00 -2.1965e+00 4.9553e+00 0.0000e+00 0.0000e+00 0.0000e+00 0.0000e+00 -4.1342e+00 2.6011e-01 0.0000e+00 0.0000e+00 -2.6011e-01 -3.8924e+00 
131.0 5.2937e+00 -2.1117e+00 0.0000e+00 0.0000e+00 -2.1117e+00 4.9586e+00 0.0000e+00 0.0000e+00 0.0000e+00 0.0000e+00 -4.2000e+00 2.5655e-01 0.0000e+00 0.0000e+00 -2.5655e-01 -3.9564e+00 
132.0 5.2976e+00 -2.0283e+00 0.0000e+00 0.0000e+00 -2.0283e+00 4.9633e+00 0.0000e+00 0.0000e+00 0.0000e+00 0.0000e+00 -4.2635e+00 2.5292e-01 0.0000e+00 0.0000e+00 -2.5292e-01 -4.0181e+00 
133.0 5.3027e+00 -1.9462e+00 0.0000e+00 0.0000e+00 -1.9462e+00 4.9693e+00 0.0000e+00 0.0000e+00 0.0000e+00 0.0000e+00 -4.3248e+00 2.4923e-01 0.0000e+00 0.0000e+00 -2.4923e-01 -4.0777e+00 
134.0 5.3089e+00 -1.8656e+00 0.0000e+00 0.0000e+00 -1.8656e+00 4.9763e+00 0.0000e+00 0.0000e+00 0.0000e+00 0.0000e+00 -4.3839e+00 2.4548e-01 0.0000e+00 0.0000e+00 -2.4548e-01 -4.1351e+00 
135.0 5.3162e+00 -1.7864e+00 0.0000e+00 0.0000e+00 -1.7864e+00 4.9845e+00 0.0000e+00 0.0000e+00 0.0000e+00 0.0000e+00 -4.4410e+00 2.4168e-01 0.0000e+00 0.0000e+00 -2.4168e-01 -4.1906e+00 
136.0 5.3245e+00 -1.7088e+00 0.0000e+00 0.0000e+00 -1.7088e+00 4.9937e+00 0.0000e+00 0.0000e+00 0.0000e+00 0.0000e+00 -4.4960e+00 2.3779e-01 0.0000e+00 0.0000e+00 -2.3779e-01 -4.2441e+00 
137.0 5.3337e+00 -1.6326e+00 0.0000e+00 0.0000e+00 -1.6326e+00 5.0038e+00 0.0000e+00 0.0000e+00 0.0000e+00 0.0000e+00 -4.5491e+00 2.3382e-01 0.0000e+00 0.0000e+00 -2.3382e-01 -4.2958e+00 
138.0 5.3437e+00 -1.5580e+00 0.0000e+00 0.0000e+00 -1.5580e+00 5.0148e+00 0.0000e+00 0.0000e+00 0.0000e+00 0.0000e+00 -4.6003e+00 2.2979e-01 0.0000e+00 0.0000e+00 -2.2979e-01 -4.3456e+00 
139.0 5.3545e+00 -1.4849e+00 0.0000e+00 0.0000e+00 -1.4849e+00 5.0266e+00 0.0000e+00 0.0000e+00 0.0000e+00 0.0000e+00 -4.6496e+00 2.2569e-01 0.0000e+00 0.0000e+00 -2.2569e-01 -4.3937e+00 
140.0 5.3659e+00 -1.4134e+00 0.0000e+00 0.0000e+00 -1.4134e+00 5.0391e+00 0.0000e+00 0.0000e+00 0.0000e+00 0.0000e+00 -4.6970e+00 2.2152e-01 0.0000e+00 0.0000e+00 -2.2152e-01 -4.4401e+00 
141.0 5.3778e+00 -1.3436e+00 0.0000e+00 0.0000e+00 -1.3436e+00 5.0522e+00 0.0000e+00 0.0000e+00 0.0000e+00 0.0000e+00 -4.7428e+00 2.1724e-01 0.0000e+00 0.0000e+00 -2.1724e-01 -4.4849e+00 
142.0 5.3902e+00 -1.2754e+00 0.0000e+00 0.0000e+00 -1.2754e+00 5.0659e+00 0.0000e+00 0.0000e+00 0.0000e+00 0.0000e+00 -4.7868e+00 2.1285e-01 0.0000e+00 0.0000e+00 -2.1285e-01 -4.5281e+00 
143.0 5.4031e+00 -1.2088e+00 0.0000e+00 0.0000e+00 -1.2088e+00 5.0802e+00 0.0000e+00 0.0000e+00 0.0000e+00 0.0000e+00 -4.8291e+00 2.0837e-01 0.0000e+00 0.0000e+00 -2.0837e-01 -4.5697e+00 
144.0 5.4163e+00 -1.1440e+00 0.0000e+00 0.0000e+00 -1.1440e+00 5.0949e+00 0.0000e+00 0.0000e+00 0.0000e+00 0.0000e+00 -4.8698e+00 2.0384e-01 0.0000e+00 0.0000e+00 -2.0384e-01 -4.6098e+00 
145.0 5.4299e+00 -1.0807e+00 0.0000e+00 0.0000e+00 -1.0807e+00 5.1101e+00 0.0000e+00 0.0000e+00 0.0000e+00 0.0000e+00 -4.9088e+00 1.9923e-01 0.0000e+00 0.0000e+00 -1.9923e-01 -4.6485e+00 
146.0 5.4437e+00 -1.0192e+00 0.0000e+00 0.0000e+00 -1.0192e+00 5.1256e+00 0.0000e+00 0.0000e+00 0.0000e+00 0.0000e+00 -4.9463e+00 1.9452e-01 0.0000e+00 0.0000e+00 -1.9452e-01 -4.6857e+00 
147.0 5.4576e+00 -9.5933e-01 0.0000e+00 0.0000e+00 -9.5933e-01 5.1414e+00 0.0000e+00 0.0000e+00 0.0000e+00 0.0000e+00 -4.9822e+00 1.8965e-01 0.0000e+00 0.0000e+00 -1.8965e-01 -4.7216e+00 
148.0 5.4715e+00 -9.0112e-01 0.0000e+00 0.0000e+00 -9.0112e-01 5.1573e+00 0.0000e+00 0.0000e+00 0.0000e+00 0.0000e+00 -5.0166e+00 1.8462e-01 0.0000e+00 0.0000e+00 -1.8462e-01 -4.7562e+00 
149.0 5.4855e+00 -8.4456e-01 0.0000e+00 0.0000e+00 -8.4456e-01 5.1734e+00 0.0000e+00 0.0000e+00 0.0000e+00 0.0000e+00 -5.0496e+00 1.7943e-01 0.0000e+00 0.0000e+00 -1.7943e-01 -4.7895e+00 
150.0 5.4994e+00 -7.8966e-01 0.0000e+00 0.0000e+00 -7.8966e-01 5.1895e+00 0.0000e+00 0.0000e+00 0.0000e+00 0.0000e+00 -5.0813e+00 1.7409e-01 0.0000e+00 0.0000e+00 -1.7409e-01 -4.8215e+00 
151.0 5.5134e+00 -7.3644e-01 0.0000e+00 0.0000e+00 -7.3644e-01 5.2058e+00 0.0000e+00 0.0000e+00 0.0000e+00 0.0000e+00 -5.1115e+00 1.6863e-01 0.0000e+00 0.0000e+00 -1.6863e-01 -4.8523e+00 
152.0 5.5273e+00 -6.8489e-01 0.0000e+00 0.0000e+00 -6.8489e-01 5.2220e+00 0.0000e+00 0.0000e+00 0.0000e+00 0.0000e+00 -5.1403e+00 1.6299e-01 0.0000e+00 0.0000e+00 -1.6299e-01 -4.8817e+00 
153.0 5.5411e+00 -6.3501e-01 0.0000e+00 0.0000e+00 -6.3501e-01 5.2382e+00 0.0000e+00 0.0000e+00 0.0000e+00 0.0000e+00 -5.1679e+00 1.5714e-01 0.0000e+00 0.0000e+00 -1.5714e-01 -4.9100e+00 
154.0 5.5548e+00 -5.8679e-01 0.0000e+00 0.0000e+00 -5.8679e-01 5.2542e+00 0.0000e+00 0.0000e+00 0.0000e+00 0.0000e+00 -5.1941e+00 1.5105e-01 0.0000e+00 0.0000e+00 -1.5105e-01 -4.9370e+00 
155.0 5.5684e+00 -5.4019e-01 0.0000e+00 0.0000e+00 -5.4019e-01 5.2702e+00 0.0000e+00 0.0000e+00 0.0000e+00 0.0000e+00 -5.2191e+00 1.4476e-01 0.0000e+00 0.0000e+00 -1.4476e-01 -4.9628e+00 
156.0 5.5820e+00 -4.9518e-01 0.0000e+00 0.0000e+00 -4.9518e-01 5.2862e+00 0.0000e+00 0.0000e+00 0.0000e+00 0.0000e+00 -5.2428e+00 1.3838e-01 0.0000e+00 0.0000e+00 -1.3838e-01 -4.9874e+00 
157.0 5.5956e+00 -4.5176e-01 0.0000e+00 0.0000e+00 -4.5176e-01 5.3023e+00 0.0000e+00 0.0000e+00 0.0000e+00 0.0000e+00 -5.2651e+00 1.3201e-01 0.0000e+00 0.0000e+00 -1.3201e-01 -5.0109e+00 
158.0 5.6094e+00 -4.0993e-01 0.0000e+00 0.0000e+00 -4.0993e-01 5.3187e+00 0.0000e+00 0.0000e+00 0.0000e+00 0.0000e+00 -5.2863e+00 1.2564e-01 0.0000e+00 0.0000e+00 -1.2564e-01 -5.0332e+00 
159.0 5.6230e+00 -3.6973e-01 0.0000e+00 0.0000e+00 -3.6973e-01 5.3350e+00 0.0000e+00 0.0000e+00 0.0000e+00 0.0000e+00 -5.3061e+00 1.1916e-01 0.0000e+00 0.0000e+00 -1.1916e-01 -5.0545e+00 
160.0 5.6364e+00 -3.3114e-01 0.0000e+00 0.0000e+00 -3.3114e-01 5.3512e+00 0.0000e+00 0.0000e+00 0.0000e+00 0.0000e+00 -5.3248e+00 1.1250e-01 0.0000e+00 0.0000e+00 -1.1250e-01 -5.0749e+00 
161.0 5.6497e+00 -2.9415e-01 0.0000e+00 0.0000e+00 -2.9415e-01 5.3675e+00 0.0000e+00 0.0000e+00 0.0000e+00 0.0000e+00 -5.3424e+00 1.0566e-01 0.0000e+00 0.0000e+00 -1.0566e-01 -5.0943e+00 
162.0 5.6630e+00 -2.5875e-01 0.0000e+00 0.0000e+00 -2.5875e-01 5.3840e+00 0.0000e+00 0.0000e+00 0.0000e+00 0.0000e+00 -5.3587e+00 9.8690e-02 0.0000e+00 0.0000e+00 -9.8690e-02 -5.1128e+00 
163.0 5.6763e+00 -2.2498e-01 0.0000e+00 0.0000e+00 -2.2498e-01 5.4007e+00 0.0000e+00 0.0000e+00 0.0000e+00 0.0000e+00 -5.3739e+00 9.1506e-02 0.0000e+00 0.0000e+00 -9.1506e-02 -5.1304e+00 
164.0 5.6891e+00 -1.9299e-01 0.0000e+00 0.0000e+00 -1.9299e-01 5.4173e+00 0.0000e+00 0.0000e+00 0.0000e+00 0.0000e+00 -5.3881e+00 8.3787e-02 0.0000e+00 0.0000e+00 -8.3787e-02 -5.1474e+00 
165.0 5.7012e+00 -1.6296e-01 0.0000e+00 0.0000e+00 -1.6296e-01 5.4332e+00 0.0000e+00 0.0000e+00 0.0000e+00 0.0000e+00 -5.4015e+00 7.5082e-02 0.0000e+00 0.0000e+00 -7.5082e-02 -5.1638e+00 
166.0 5.7123e+00 -1.3513e-01 0.0000e+00 0.0000e+00 -1.3513e-01 5.4479e+00 0.0000e+00 0.0000e+00 0.0000e+00 0.0000e+00 -5.4145e+00 6.4996e-02 0.0000e+00 0.0000e+00 -6.4996e-02 -5.1798e+00 
167.0 5.7227e+00 -1.0974e-01 0.0000e+00 0.0000e+00 -1.0974e-01 5.4612e+00 0.0000e+00 0.0000e+00 0.0000e+00 0.0000e+00 -5.4274e+00 5.3300e-02 0.0000e+00 0.0000e+00 -5.3300e-02 -5.1951e+00 
168.0 5.7326e+00 -8.7059e-02 0.0000e+00 0.0000e+00 -8.7059e-02 5.4726e+00 0.0000e+00 0.0000e+00 0.0000e+00 0.0000e+00 -5.4408e+00 3.9977e-02 0.0000e+00 0.0000e+00 -3.9977e-02 -5.2095e+00 
169.0 5.7431e+00 -6.7304e-02 0.0000e+00 0.0000e+00 -6.7304e-02 5.4823e+00 0.0000e+00 0.0000e+00 0.0000e+00 0.0000e+00 -5.4550e+00 2.5205e-02 0.0000e+00 0.0000e+00 -2.5205e-02 -5.2222e+00 
170.0 5.7552e+00 -5.0592e-02 0.0000e+00 0.0000e+00 -5.0592e-02 5.4902e+00 0.0000e+00 0.0000e+00 0.0000e+00 0.0000e+00 -5.4707e+00 9.3070e-03 0.0000e+00 0.0000e+00 -9.3070e-03 -5.2324e+00 
171.0 5.7706e+00 -3.6988e-02 0.0000e+00 0.0000e+00 -3.6988e-02 5.4967e+00 0.0000e+00 0.0000e+00 0.0000e+00 0.0000e+00 -5.4884e+00 -7.2483e-03 0.0000e+00 0.0000e+00 7.2483e-03 -5.2391e+00 
172.0 5.7912e+00 -2.6557e-02 0.0000e+00 0.0000e+00 -2.6557e-02 5.5020e+00 0.0000e+00 0.0000e+00 0.0000e+00 0.0000e+00 -5.5090e+00 -2.3606e-02 0.0000e+00 0.0000e+00 2.3606e-02 -5.2414e+00 
173.0 5.8193e+00 -1.9239e-02 0.0000e+00 0.0000e+00 -1.9239e-02 5.5071e+00 0.0000e+00 0.0000e+00 0.0000e+00 0.0000e+00 -5.5332e+00 -3.7981e-02 0.0000e+00 0.0000e+00 3.7981e-02 -5.2385e+00 
174.0 5.8579e+00 -1.4526e-02 0.0000e+00 0.0000e+00 -1.4526e-02 5.5143e+00 0.0000e+00 0.0000e+00 0.0000e+00 0.0000e+00 -5.5615e+00 -4.7319e-02 0.0000e+00 0.0000e+00 4.7319e-02 -5.2301e+00 
175.0 5.9089e+00 -1.1289e-02 0.0000e+00 0.0000e+00 -1.1289e-02 5.5264e+00 0.0000e+00 0.0000e+00 0.0000e+00 0.0000e+00 -5.5934e+00 -4.8137e-02 0.0000e+00 0.0000e+00 4.8137e-02 -5.2169e+00 
176.0 5.9706e+00 -8.2002e-03 0.0000e+00 0.0000e+00 -8.2002e-03 5.5448e+00 0.0000e+00 0.0000e+00 0.0000e+00 0.0000e+00 -5.6267e+00 -3.8890e-02 0.0000e+00 0.0000e+00 3.8890e-02 -5.2010e+00 
177.0 6.0338e+00 -4.6502e-03 0.0000e+00 0.0000e+00 -4.6502e-03 5.5672e+00 0.0000e+00 0.0000e+00 0.0000e+00 0.0000e+00 -5.6570e+00 -2.2510e-02 0.0000e+00 0.0000e+00 2.2510e-02 -5.1855e+00 
178.0 6.0828e+00 -1.3991e-03 0.0000e+00 0.0000e+00 -1.3991e-03 5.5864e+00 0.0000e+00 0.0000e+00 0.0000e+00 0.0000e+00 -5.6787e+00 -6.6547e-03 0.0000e+00 0.0000e+00 6.6547e-03 -5.1741e+00 
179.0 6.1017e+00 -2.2358e-20 0.0000e+00 0.0000e+00 -2.2358e-20 5.5942e+00 0.0000e+00 0.0000e+00 0.0000e+00 0.0000e+00 -5.6867e+00 -1.0050e-19 0.0000e+00 0.0000e+00 1.0050e-19 -5.1697e+00 
180.0 6.1213e+00 0.0000e+00 0.0000e+00 0.0000e+00 0.0000e+00 5.6019e+00 0.0000e+00 0.0000e+00 0.0000e+00 0.0000e+00 -5.6947e+00 0.0000e+00 0.0000e+00 0.0000e+00 -0.0000e+00 -5.1656e+00 
