0.9410 1.1332 0.1922 0.097511
theta s11 s12 s13 s14 s21 s22 s23 s24 s31 s32 s33 s34 s41 s42 s43 s44
0.0 2.1113e+03 0.0000e+00 0.0000e+00 0.0000e+00 0.0000e+00 2.1106e+03 0.0000e+00 0.0000e+00 0.0000e+00 0.0000e+00 2.1106e+03 0.0000e+00 0.0000e+00 0.0000e+00 -0.0000e+00 2.1098e+03 
1.0 1.8554e+03 -9.9456e-02 0.0000e+00 0.0000e+00 -9.9456e-02 1.8546e+03 0.0000e+00 0.0000e+00 0.0000e+00 0.0000e+00 1.8546e+03 -9.9024e-01 0.0000e+00 0.0000e+00 9.9024e-01 1.8539e+03 
2.0 1.3814e+03 -2.1908e-01 0.0000e+00 0.0000e+00 -2.1908e-01 1.3807e+03 0.0000e+00 0.0000e+00 0.0000e+00 0.0000e+00 1.3807e+03 -3.2738e+00 0.0000e+00 0.0000e+00 3.2738e+00 1.3799e+03 
3.0 9.7658e+02 -2.4298e-01 0.0000e+00 0.0000e+00 -2.4298e-01 9.7585e+02 0.0000e+00 0.0000e+00 0.0000e+00 0.0000e+00 9.7580e+02 -5.5397e+00 0.0000e+00 0.0000e+00 5.5397e+00 9.7509e+02 
4.0 6.9146e+02 -2.2292e-01 0.0000e+00 0.0000e+00 -2.2292e-01 6.9077e+02 0.0000e+00 0.0000e+00 0.0000e+00 0.0000e+00 6.9066e+02 -7.0248e+00 0.0000e+00 0.0000e+00 7.0248e+00 6.8999e+02 
5.0 5.0060e+02 -2.0618e-01 0.0000e+00 0.0000e+00 -2.0618e-01 4.9994e+02 0.0000e+00 0.0000e+00 0.0000e+00 0.0000e+00 4.9977e+02 -7.7155e+00 0.0000e+00 0.0000e+00 7.7155e+00 4.9915e+02 
6.0 3.7249e+02 -2.0825e-01 0.0000e+00 0.0000e+00 -2.0825e-01 3.7187e+02 0.0000e+00 0.0000e+00 0.0000e+00 0.0000e+00 3.7163e+02 -7.8611e+00 0.0000e+00 0.0000e+00 7.8611e+00 3.7106e+02 
7.0 2.8455e+02 -2.3166e-01 0.0000e+00 0.0000e+00 -2.3166e-01 2.8396e+02 0.0000e+00 0.0000e+00 0.0000e+00 0.0000e+00 2.8366e+02 -7.6662e+00 0.0000e+00 0.0000e+00 7.6662e+00 2.8314e+02 
8.0 2.2260e+02 -2.7276e-01 0.0000e+00 0.0000e+00 -2.7276e-01 2.2203e+02 0.0000e+00 0.0000e+00 0.0000e+00 0.0000e+00 2.2168e+02 -7.2687e+00 0.0000e+00 0.0000e+00 7.2687e+00 2.2120e+02 
9.0 1.7791e+02 -3.2541e-01 0.0000e+00 0.0000e+00 -3.2541e-01 1.7735e+02 0.0000e+00 0.0000e+00 0.0000e+00 0.0000e+00 1.7696e+02 -6.7599e+00 0.0000e+00 0.0000e+00 6.7599e+00 1.7651e+02 
10.0 1.4500e+02 -3.8366e-01 0.0000e+00 0.0000e+00 -3.8366e-01 1.4446e+02 0.0000e+00 0.0000e+00 0.0000e+00 0.0000e+00 1.4402e+02 -6.1979e+00 0.0000e+00 0.0000e+00 6.1979e+00 1.4361e+02 
11.0 1.2035e+02 -4.4195e-01 0.0000e+00 0.0000e+00 -4.4195e-01 1.1981e+02 0.0000e+00 0.0000e+00 0.0000e+00 0.0000e+00 1.1934e+02 -5.6231e+00 0.0000e+00 0.0000e+00 5.6231e+00 1.1896e+02 
12.0 1.0159e+02 -4.9749e-01 0.0000e+00 0.0000e+00 -4.9749e-01 1.0105e+02 0.0000e+00 0.0000e+00 0.0000e+00 0.0000e+00 1.0056e+02 -5.0644e+00 0.0000e+00 0.0000e+00 5.0644e+00 1.0021e+02 
13.0 8.7099e+01 -5.4939e-01 0.0000e+00 0.0000e+00 -5.4939e-01 8.6570e+01 0.0000e+00 0.0000e+00 0.0000e+00 0.0000e+00 8.6054e+01 -4.5362e+00 0.0000e+00 0.0000e+00 4.5362e+00 8.5728e+01 
14.0 7.5739e+01 -5.9263e-01 0.0000e+00 0.0000e+00 -5.9263e-01 7.5212e+01 0.0000e+00 0.0000e+00 0.0000e+00 0.0000e+00 7.4681e+01 -4.0570e+00 0.0000e+00 0.0000e+00 4.0570e+00 7.4377e+01 
15.0 6.6706e+01 -6.3123e-01 0.0000e+00 0.0000e+00 -6.3123e-01 6.6181e+01 0.0000e+00 0.0000e+00 0.0000e+00 0.0000e+00 6.5639e+01 -3.6166e+00 0.0000e+00 0.0000e+00 3.6166e+00 6.5355e+01 
16.0 5.9416e+01 -6.6459e-01 0.0000e+00 0.0000e+00 -6.6459e-01 5.8892e+01 0.0000e+00 0.0000e+00 0.0000e+00 0.0000e+00 5.8342e+01 -3.2166e+00 0.0000e+00 0.0000e+00 3.2166e+00 5.8077e+01 
17.0 5.3461e+01 -6.9374e-01 0.0000e+00 0.0000e+00 -6.9374e-01 5.2936e+01 0.0000e+00 0.0000e+00 0.0000e+00 0.0000e+00 5.2380e+01 -2.8562e+00 0.0000e+00 0.0000e+00 2.8562e+00 5.2132e+01 
18.0 4.8538e+01 -7.1966e-01 0.0000e+00 0.0000e+00 -7.1966e-01 4.8011e+01 0.0000e+00 0.0000e+00 0.0000e+00 0.0000e+00 4.7452e+01 -2.5342e+00 0.0000e+00 0.0000e+00 2.5342e+00 4.7221e+01 
19.0 4.4420e+01 -7.4315e-01 0.0000e+00 0.0000e+00 -7.4315e-01 4.3892e+01 0.0000e+00 0.0000e+00 0.0000e+00 0.0000e+00 4.3480e+01 -2.2483e+00 0.0000e+00 0.0000e+00 2.2483e+00 4.3270e+01 
20.0 4.0936e+01 -7.6458e-01 0.0000e+00 0.0000e+00 -7.6458e-01 4.0406e+01 0.0000e+00 0.0000e+00 0.0000e+00 0.0000e+00 4.0119e+01 -1.9963e+00 0.0000e+00 0.0000e+00 1.9963e+00 3.9927e+01 
21.0 3.7952e+01 -7.8405e-01 0.0000e+00 0.0000e+00 -7.8405e-01 3.7420e+01 0.0000e+00 0.0000e+00 0.0000e+00 0.0000e+00 3.7239e+01 -1.7759e+00 0.0000e+00 0.0000e+00 1.7759e+00 3.7063e+01 
22.0 3.5364e+01 -8.0162e-01 0.0000e+00 0.0000e+00 -8.0162e-01 3.4830e+01 0.0000e+00 0.0000e+00 0.0000e+00 0.0000e+00 3.4742e+01 -1.5842e+00 0.0000e+00 0.0000e+00 1.5842e+00 3.4579e+01 
23.0 3.3093e+01 -8.1764e-01 0.0000e+00 0.0000e+00 -8.1764e-01 3.2558e+01 0.0000e+00 0.0000e+00 0.0000e+00 0.0000e+00 3.2551e+01 -1.4167e+00 0.0000e+00 0.0000e+00 1.4167e+00 3.2400e+01 
24.0 3.1080e+01 -8.3271e-01 0.0000e+00 0.0000e+00 -8.3271e-01 3.0544e+01 0.0000e+00 0.0000e+00 0.0000e+00 0.0000e+00 3.0609e+01 -1.2690e+00 0.0000e+00 0.0000e+00 1.2690e+00 3.0468e+01 
25.0 2.9283e+01 -8.4746e-01 0.0000e+00 0.0000e+00 -8.4746e-01 2.8745e+01 0.0000e+00 0.0000e+00 0.0000e+00 0.0000e+00 2.8874e+01 -1.1373e+00 0.0000e+00 0.0000e+00 1.1373e+00 2.8742e+01 
26.0 2.7666e+01 -8.6226e-01 0.0000e+00 0.0000e+00 -8.6226e-01 2.7127e+01 0.0000e+00 0.0000e+00 0.0000e+00 0.0000e+00 2.7313e+01 -1.0194e+00 0.0000e+00 0.0000e+00 1.0194e+00 2.7190e+01 
27.0 2.6200e+01 -8.7724e-01 0.0000e+00 0.0000e+00 -8.7724e-01 2.5661e+01 0.0000e+00 0.0000e+00 0.0000e+00 0.0000e+00 2.5898e+01 -9.1363e-01 0.0000e+00 0.0000e+00 9.1363e-01 2.5782e+01 
28.0 2.4861e+01 -8.9237e-01 0.0000e+00 0.0000e+00 -8.9237e-01 2.4321e+01 0.0000e+00 0.0000e+00 0.0000e+00 0.0000e+00 2.4604e+01 -8.1886e-01 0.0000e+00 0.0000e+00 8.1886e-01 2.4496e+01 
29.0 2.3630e+01 -9.0767e-01 0.0000e+00 0.0000e+00 -9.0767e-01 2.3089e+01 0.0000e+00 0.0000e+00 0.0000e+00 0.0000e+00 2.3414e+01 -7.3371e-01 0.0000e+00 0.0000e+00 7.3371e-01 2.3312e+01 
30.0 2.2489e+01 -9.2311e-01 0.0000e+00 0.0000e+00 -9.2311e-01 2.1948e+01 0.0000e+00 0.0000e+00 0.0000e+00 0.0000e+00 2.2311e+01 -6.5695e-01 0.0000e+00 0.0000e+00 6.5695e-01 2.2215e+01 
31.0 2.1428e+01 -9.3859e-01 0.0000e+00 0.0000e+00 -9.3859e-01 2.0886e+01 0.0000e+00 0.0000e+00 0.0000e+00 0.0000e+00 2.1186e+01 -5.8768e-01 0.0000e+00 0.0000e+00 5.8768e-01 2.1099e+01 
32.0 2.0436e+01 -9.5394e-01 0.0000e+00 0.0000e+00 -9.5394e-01 1.9893e+01 0.0000e+00 0.0000e+00 0.0000e+00 0.0000e+00 2.0136e+01 -5.2523e-01 0.0000e+00 0.0000e+00 5.2523e-01 2.0057e+01 
33.0 1.9504e+01 -9.6897e-01 0.0000e+00 0.0000e+00 -9.6897e-01 1.8961e+01 0.0000e+00 0.0000e+00 0.0000e+00 0.0000e+00 1.9153e+01 -4.6899e-01 0.0000e+00 0.0000e+00 4.6899e-01 1.9082e+01 
34.0 1.8627e+01 -9.8349e-01 0.0000e+00 0.0000e+00 -9.8349e-01 1.8084e+01 0.0000e+00 0.0000e+00 0.0000e+00 0.0000e+00 1.8229e+01 -4.1830e-01 0.0000e+00 0.0000e+00 4.1830e-01 1.8166e+01 
35.0 1.7799e+01 -9.9743e-01 0.0000e+00 0.0000e+00 -9.9743e-01 1.7256e+01 0.0000e+00 0.0000e+00 0.0000e+00 0.0000e+00 1.7357e+01 -3.7239e-01 0.0000e+00 0.0000e+00 3.7239e-01 1.7302e+01 
36.0 1.7017e+01 -1.0110e+00 0.0000e+00 0.0000e+00 -1.0110e+00 1.6474e+01 0.0000e+00 0.0000e+00 0.0000e+00 0.0000e+00 1.6533e+01 -3.3039e-01 0.0000e+00 0.0000e+00 3.3039e-01 1.6485e+01 
37.0 1.6277e+01 -1.0244e+00 0.0000e+00 0.0000e+00 -1.0244e+00 1.5734e+01 0.0000e+00 0.0000e+00 0.0000e+00 0.0000e+00 1.5753e+01 -2.9160e-01 0.0000e+00 0.0000e+00 2.9160e-01 1.5712e+01 
38.0 1.5578e+01 -1.0380e+00 0.0000e+00 0.0000e+00 -1.0380e+00 1.5036e+01 0.0000e+00 0.0000e+00 0.0000e+00 0.0000e+00 1.5016e+01 -2.5558e-01 0.0000e+00 0.0000e+00 2.5558e-01 1.4981e+01 
39.0 1.4918e+01 -1.0518e+00 0.0000e+00 0.0000e+00 -1.0518e+00 1.4376e+01 0.0000e+00 0.0000e+00 0.0000e+00 0.0000e+00 1.4317e+01 -2.2213e-01 0.0000e+00 0.0000e+00 2.2213e-01 1.4288e+01 
40.0 1.4293e+01 -1.0658e+00 0.0000e+00 0.0000e+00 -1.0658e+00 1.3752e+01 0.0000e+00 0.0000e+00 0.0000e+00 0.0000e+00 1.3655e+01 -1.9111e-01 0.0000e+00 0.0000e+00 1.9111e-01 1.3632e+01 
41.0 1.3702e+01 -1.0797e+00 0.0000e+00 0.0000e+00 -1.0797e+00 1.3161e+01 0.0000e+00 0.0000e+00 0.0000e+00 0.0000e+00 1.3027e+01 -1.6240e-01 0.0000e+00 0.0000e+00 1.6240e-01 1.3010e+01 
42.0 1.3141e+01 -1.0934e+00 0.0000e+00 0.0000e+00 -1.0934e+00 1.2601e+01 0.0000e+00 0.0000e+00 0.0000e+00 0.0000e+00 1.2430e+01 -1.3583e-01 0.0000e+00 0.0000e+00 1.3583e-01 1.2419e+01 
43.0 1.2608e+01 -1.1068e+00 0.0000e+00 0.0000e+00 -1.1068e+00 1.2069e+01 0.0000e+00 0.0000e+00 0.0000e+00 0.0000e+00 1.1862e+01 -1.1113e-01 0.0000e+00 0.0000e+00 1.1113e-01 1.1856e+01 
44.0 1.2100e+01 -1.1196e+00 0.0000e+00 0.0000e+00 -1.1196e+00 1.1563e+01 0.0000e+00 0.0000e+00 0.0000e+00 0.0000e+00 1.1320e+01 -8.7997e-02 0.0000e+00 0.0000e+00 8.7997e-02 1.1319e+01 
45.0 1.1617e+01 -1.1319e+00 0.0000e+00 0.0000e+00 -1.1319e+00 1.1081e+01 0.0000e+00 0.0000e+00 0.0000e+00 0.0000e+00 1.0803e+01 -6.6109e-02 0.0000e+00 0.0000e+00 6.6109e-02 1.0808e+01 
46.0 1.1157e+01 -1.1438e+00 0.0000e+00 0.0000e+00 -1.1438e+00 1.0622e+01 0.0000e+00 0.0000e+00 0.0000e+00 0.0000e+00 1.0310e+01 -4.5204e-02 0.0000e+00 0.0000e+00 4.5204e-02 1.0319e+01 
47.0 1.0718e+01 -1.1551e+00 0.0000e+00 0.0000e+00 -1.1551e+00 1.0184e+01 0.0000e+00 0.0000e+00 0.0000e+00 0.0000e+00 9.8391e+00 -2.5092e-02 0.0000e+00 0.0000e+00 2.5092e-02 9.8532e+00 
48.0 1.0300e+01 -1.1659e+00 0.0000e+00 0.0000e+00 -1.1659e+00 9.7671e+00 0.0000e+00 0.0000e+00 0.0000e+00 0.0000e+00 9.3893e+00 -5.6396e-03 0.0000e+00 0.0000e+00 5.6396e-03 9.4080e+00 
49.0 9.9010e+00 -1.1763e+00 0.0000e+00 0.0000e+00 -1.1763e+00 9.3697e+00 0.0000e+00 0.0000e+00 0.0000e+00 0.0000e+00 8.9596e+00 1.3262e-02 0.0000e+00 0.0000e+00 -1.3262e-02 8.9829e+00 
50.0 9.5209e+00 -1.1861e+00 0.0000e+00 0.0000e+00 -1.1861e+00 8.9909e+00 0.0000e+00 0.0000e+00 0.0000e+00 0.0000e+00 8.5491e+00 3.1713e-02 0.0000e+00 0.0000e+00 -3.1713e-02 8.5767e+00 
51.0 9.1588e+00 -1.1955e+00 0.0000e+00 0.0000e+00 -1.1955e+00 8.6300e+00 0.0000e+00 0.0000e+00 0.0000e+00 0.0000e+00 8.1568e+00 4.9823e-02 0.0000e+00 0.0000e+00 -4.9823e-02 8.1888e+00 
52.0 8.8137e+00 -1.2046e+00 0.0000e+00 0.0000e+00 -1.2046e+00 8.2863e+00 0.0000e+00 0.0000e+00 0.0000e+00 0.0000e+00 7.7820e+00 6.7683e-02 0.0000e+00 0.0000e+00 -6.7683e-02 7.8183e+00 
53.0 8.4853e+00 -1.2132e+00 0.0000e+00 0.0000e+00 -1.2132e+00 7.9592e+00 0.0000e+00 0.0000e+00 0.0000e+00 0.0000e+00 7.4240e+00 8.5311e-02 0.0000e+00 0.0000e+00 -8.5311e-02 7.4645e+00 
54.0 8.1727e+00 -1.2216e+00 0.0000e+00 0.0000e+00 -1.2216e+00 7.6479e+00 0.0000e+00 0.0000e+00 0.0000e+00 0.0000e+00 7.0821e+00 1.0266e-01 0.0000e+00 0.0000e+00 -1.0266e-01 7.1267e+00 
55.0 7.8753e+00 -1.2295e+00 0.0000e+00 0.0000e+00 -1.2295e+00 7.3517e+00 0.0000e+00 0.0000e+00 0.0000e+00 0.0000e+00 6.7555e+00 1.1969e-01 0.0000e+00 0.0000e+00 -1.1969e-01 6.8043e+00 
56.0 7.5922e+00 -1.2369e+00 0.0000e+00 0.0000e+00 -1.2369e+00 7.0699e+00 0.0000e+00 0.0000e+00 0.0000e+00 0.0000e+00 6.4434e+00 1.3638e-01 0.0000e+00 0.0000e+00 -1.3638e-01 6.4963e+00 
57.0 7.3227e+00 -1.2439e+00 0.0000e+00 0.0000e+00 -1.2439e+00 6.8017e+00 0.0000e+00 0.0000e+00 0.0000e+00 0.0000e+00 6.1451e+00 1.5273e-01 0.0000e+00 0.0000e+00 -1.5273e-01 6.2021e+00 
58.0 7.0661e+00 -1.2504e+00 0.0000e+00 0.0000e+00 -1.2504e+00 6.5463e+00 0.0000e+00 0.0000e+00 0.0000e+00 0.0000e+00 5.8599e+00 1.6874e-01 0.0000e+00 0.0000e+00 -1.6874e-01 5.9210e+00 
59.0 6.8217e+00 -1.2563e+00 0.0000e+00 0.0000e+00 -1.2563e+00 6.3031e+00 0.0000e+00 0.0000e+00 0.0000e+00 0.0000e+00 5.5870e+00 1.8442e-01 0.0000e+00 0.0000e+00 -1.8442e-01 5.6521e+00 
60.0 6.5889e+00 -1.2617e+00 0.0000e+00 0.0000e+00 -1.2617e+00 6.0714e+00 0.0000e+00 0.0000e+00 0.0000e+00 0.0000e+00 5.3258e+00 1.9977e-01 0.0000e+00 0.0000e+00 -1.9977e-01 5.3950e+00 
61.0 6.3670e+00 -1.2665e+00 0.0000e+00 0.0000e+00 -1.2665e+00 5.8506e+00 0.0000e+00 0.0000e+00 0.0000e+00 0.0000e+00 5.0758e+00 2.1479e-01 0.0000e+00 0.0000e+00 -2.1479e-01 5.1490e+00 
62.0 6.1555e+00 -1.2708e+00 0.0000e+00 0.0000e+00 -1.2708e+00 5.6402e+00 0.0000e+00 0.0000e+00 0.0000e+00 0.0000e+00 4.8364e+00 2.2947e-01 0.0000e+00 0.0000e+00 -2.2947e-01 4.9137e+00 
63.0 5.9539e+00 -1.2745e+00 0.0000e+00 0.0000e+00 -1.2745e+00 5.4397e+00 0.0000e+00 0.0000e+00 0.0000e+00 0.0000e+00 4.6072e+00 2.4379e-01 0.0000e+00 0.0000e+00 -2.4379e-01 4.6886e+00 
64.0 5.7618e+00 -1.2776e+00 0.0000e+00 0.0000e+00 -1.2776e+00 5.2486e+00 0.0000e+00 0.0000e+00 0.0000e+00 0.0000e+00 4.3877e+00 2.5766e-01 0.0000e+00 0.0000e+00 -2.5766e-01 4.4732e+00 
65.0 5.5787e+00 -1.2801e+00 0.0000e+00 0.0000e+00 -1.2801e+00 5.0665e+00 0.0000e+00 0.0000e+00 0.0000e+00 0.0000e+00 4.1774e+00 2.7102e-01 0.0000e+00 0.0000e+00 -2.7102e-01 4.2670e+00 
66.0 5.4041e+00 -1.2819e+00 0.0000e+00 0.0000e+00 -1.2819e+00 4.8928e+00 0.0000e+00 0.0000e+00 0.0000e+00 0.0000e+00 3.9759e+00 2.8383e-01 0.0000e+00 0.0000e+00 -2.8383e-01 4.0697e+00 
67.0 5.2375e+00 -1.2831e+00 0.0000e+00 0.0000e+00 -1.2831e+00 4.7271e+00 0.0000e+00 0.0000e+00 0.0000e+00 0.0000e+00 3.7828e+00 2.9607e-01 0.0000e+00 0.0000e+00 -2.9607e-01 3.8806e+00 
68.0 5.0785e+00 -1.2836e+00 0.0000e+00 0.0000e+00 -1.2836e+00 4.5690e+00 0.0000e+00 0.0000e+00 0.0000e+00 0.0000e+00 3.5974e+00 3.0774e-01 0.0000e+00 0.0000e+00 -3.0774e-01 3.6995e+00 
69.0 4.9267e+00 -1.2833e+00 0.0000e+00 0.0000e+00 -1.2833e+00 4.4181e+00 0.0000e+00 0.0000e+00 0.0000e+00 0.0000e+00 3.4196e+00 3.1883e-01 0.0000e+00 0.0000e+00 -3.1883e-01 3.5258e+00 
70.0 4.7817e+00 -1.2823e+00 0.0000e+00 0.0000e+00 -1.2823e+00 4.2741e+00 0.0000e+00 0.0000e+00 0.0000e+00 0.0000e+00 3.2488e+00 3.2936e-01 0.0000e+00 0.0000e+00 -3.2936e-01 3.3593e+00 
71.0 4.6432e+00 -1.2807e+00 0.0000e+00 0.0000e+00 -1.2807e+00 4.1364e+00 0.0000e+00 0.0000e+00 0.0000e+00 0.0000e+00 3.0848e+00 3.3931e-01 0.0000e+00 0.0000e+00 -3.3931e-01 3.1994e+00 
72.0 4.5108e+00 -1.2783e+00 0.0000e+00 0.0000e+00 -1.2783e+00 4.0050e+00 0.0000e+00 0.0000e+00 0.0000e+00 0.0000e+00 2.9272e+00 3.4868e-01 0.0000e+00 0.0000e+00 -3.4868e-01 3.0461e+00 
73.0 4.3843e+00 -1.2752e+00 0.0000e+00 0.0000e+00 -1.2752e+00 3.8794e+00 0.0000e+00 0.0000e+00 0.0000e+00 0.0000e+00 2.7758e+00 3.5747e-01 0.0000e+00 0.0000e+00 -3.5747e-01 2.8988e+00 
74.0 4.2635e+00 -1.2714e+00 0.0000e+00 0.0000e+00 -1.2714e+00 3.7594e+00 0.0000e+00 0.0000e+00 0.0000e+00 0.0000e+00 2.6301e+00 3.6571e-01 0.0000e+00 0.0000e+00 -3.6571e-01 2.7575e+00 
75.0 4.1480e+00 -1.2669e+00 0.0000e+00 0.0000e+00 -1.2669e+00 3.6448e+00 0.0000e+00 0.0000e+00 0.0000e+00 0.0000e+00 2.4900e+00 3.7339e-01 0.0000e+00 0.0000e+00 -3.7339e-01 2.6217e+00 
76.0 4.0375e+00 -1.2617e+00 0.0000e+00 0.0000e+00 -1.2617e+00 3.5353e+00 0.0000e+00 0.0000e+00 0.0000e+00 0.0000e+00 2.3552e+00 3.8055e-01 0.0000e+00 0.0000e+00 -3.8055e-01 2.4912e+00 
77.0 3.9320e+00 -1.2558e+00 0.0000e+00 0.0000e+00 -1.2558e+00 3.4306e+00 0.0000e+00 0.0000e+00 0.0000e+00 0.0000e+00 2.2255e+00 3.8721e-01 0.0000e+00 0.0000e+00 -3.8721e-01 2.3657e+00 
78.0 3.8311e+00 -1.2492e+00 0.0000e+00 0.0000e+00 -1.2492e+00 3.3307e+00 0.0000e+00 0.0000e+00 0.0000e+00 0.0000e+00 2.1006e+00 3.9342e-01 0.0000e+00 0.0000e+00 -3.9342e-01 2.2451e+00 
79.0 3.7347e+00 -1.2421e+00 0.0000e+00 0.0000e+00 -1.2421e+00 3.2352e+00 0.0000e+00 0.0000e+00 0.0000e+00 0.0000e+00 1.9803e+00 3.9919e-01 0.0000e+00 0.0000e+00 -3.9919e-01 2.1292e+00 
80.0 3.6426e+00 -1.2343e+00 0.0000e+00 0.0000e+00 -1.2343e+00 3.1440e+00 0.0000e+00 0.0000e+00 0.0000e+00 0.0000e+00 1.8645e+00 4.0454e-01 0.0000e+00 0.0000e+00 -4.0454e-01 2.0177e+00 
81.0 3.5546e+00 -1.2259e+00 0.0000e+00 0.0000e+00 -1.2259e+00 3.0568e+00 0.0000e+00 0.0000e+00 0.0000e+00 0.0000e+00 1.7529e+00 4.0947e-01 0.0000e+00 0.0000e+00 -4.0947e-01 1.9105e+00 
82.0 3.4706e+00 -1.2169e+00 0.0000e+00 0.0000e+00 -1.2169e+00 2.9737e+00 0.0000e+00 0.0000e+00 0.0000e+00 0.0000e+00 1.6453e+00 4.1401e-01 0.0000e+00 0.0000e+00 -4.1401e-01 1.8074e+00 
83.0 3.3904e+00 -1.2073e+00 0.0000e+00 0.0000e+00 -1.2073e+00 2.8942e+00 0.0000e+00 0.0000e+00 0.0000e+00 0.0000e+00 1.5417e+00 4.1816e-01 0.0000e+00 0.0000e+00 -4.1816e-01 1.7082e+00 
84.0 3.3138e+00 -1.1971e+00 0.0000e+00 0.0000e+00 -1.1971e+00 2.8184e+00 0.0000e+00 0.0000e+00 0.0000e+00 0.0000e+00 1.4417e+00 4.2197e-01 0.0000e+00 0.0000e+00 -4.2197e-01 1.6127e+00 
85.0 3.2406e+00 -1.1864e+00 0.0000e+00 0.0000e+00 -1.1864e+00 2.7460e+00 0.0000e+00 0.0000e+00 0.0000e+00 0.0000e+00 1.3454e+00 4.2545e-01 0.0000e+00 0.0000e+00 -4.2545e-01 1.5208e+00 
86.0 3.1708e+00 -1.1753e+00 0.0000e+00 0.0000e+00 -1.1753e+00 2.6770e+00 0.0000e+00 0.0000e+00 0.0000e+00 0.0000e+00 1.2524e+00 4.2863e-01 0.0000e+00 0.0000e+00 -4.2863e-01 1.4324e+00 
87.0 3.1042e+00 -1.1637e+00 0.0000e+00 0.0000e+00 -1.1637e+00 2.6111e+00 0.0000e+00 0.0000e+00 0.0000e+00 0.0000e+00 1.1627e+00 4.3151e-01 0.0000e+00 0.0000e+00 -4.3151e-01 1.3472e+00 
88.0 3.0407e+00 -1.1517e+00 0.0000e+00 0.0000e+00 -1.1517e+00 2.5482e+00 0.0000e+00 0.0000e+00 0.0000e+00 0.0000e+00 1.0761e+00 4.3409e-01 0.0000e+00 0.0000e+00 -4.3409e-01 1.2652e+00 
89.0 2.9801e+00 -1.1393e+00 0.0000e+00 0.0000e+00 -1.1393e+00 2.4882e+00 0.0000e+00 0.0000e+00 0.0000e+00 0.0000e+00 9.9260e-01 4.3635e-01 0.0000e+00 0.0000e+00 -4.3635e-01 1.1862e+00 
90.0 2.9222e+00 -1.1266e+00 0.0000e+00 0.0000e+00 -1.1266e+00 2.4310e+00 0.0000e+00 0.0000e+00 0.0000e+00 0.0000e+00 9.1201e-01 4.3826e-01 0.0000e+00 0.0000e+00 -4.3826e-01 1.1100e+00 
91.0 2.8670e+00 -1.1135e+00 0.0000e+00 0.0000e+00 -1.1135e+00 2.3764e+00 0.0000e+00 0.0000e+00 0.0000e+00 0.0000e+00 8.3422e-01 4.3980e-01 0.0000e+00 0.0000e+00 -4.3980e-01 1.0367e+00 
92.0 2.8143e+00 -1.1001e+00 0.0000e+00 0.0000e+00 -1.1001e+00 2.3244e+00 0.0000e+00 0.0000e+00 0.0000e+00 0.0000e+00 7.5911e-01 4.4095e-01 0.0000e+00 0.0000e+00 -4.4095e-01 9.6599e-01 
93.0 2.7640e+00 -1.0864e+00 0.0000e+00 0.0000e+00 -1.0864e+00 2.2748e+00 0.0000e+00 0.0000e+00 0.0000e+00 0.0000e+00 6.8656e-01 4.4171e-01 0.0000e+00 0.0000e+00 -4.4171e-01 8.9777e-01 
94.0 2.7160e+00 -1.0723e+00 0.0000e+00 0.0000e+00 -1.0723e+00 2.2274e+00 0.0000e+00 0.0000e+00 0.0000e+00 0.0000e+00 6.1646e-01 4.4207e-01 0.0000e+00 0.0000e+00 -4.4207e-01 8.3190e-01 
95.0 2.6701e+00 -1.0578e+00 0.0000e+00 0.0000e+00 -1.0578e+00 2.1823e+00 0.0000e+00 0.0000e+00 0.0000e+00 0.0000e+00 5.4871e-01 4.4205e-01 0.0000e+00 0.0000e+00 -4.4205e-01 7.6828e-01 
96.0 2.6264e+00 -1.0430e+00 0.0000e+00 0.0000e+00 -1.0430e+00 2.1393e+00 0.0000e+00 0.0000e+00 0.0000e+00 0.0000e+00 4.8320e-01 4.4165e-01 0.0000e+00 0.0000e+00 -4.4165e-01 7.0678e-01 
97.0 2.5846e+00 -1.0279e+00 0.0000e+00 0.0000e+00 -1.0279e+00 2.0984e+00 0.0000e+00 0.0000e+00 0.0000e+00 0.0000e+00 4.1984e-01 4.4091e-01 0.0000e+00 0.0000e+00 -4.4091e-01 6.4731e-01 
98.0 2.5448e+00 -1.0124e+00 0.0000e+00 0.0000e+00 -1.0124e+00 2.0595e+00 0.0000e+00 0.0000e+00 0.0000e+00 0.0000e+00 3.5855e-01 4.3983e-01 0.0000e+00 0.0000e+00 -4.3983e-01 5.8978e-01 
99.0 2.5068e+00 -9.9659e-01 0.0000e+00 0.0000e+00 -9.9659e-01 2.0225e+00 0.0000e+00 0.0000e+00 0.0000e+00 0.0000e+00 2.9925e-01 4.3844e-01 0.0000e+00 0.0000e+00 -4.3844e-01 5.3409e-01 
100.0 2.4706e+00 -9.8042e-01 0.0000e+00 0.0000e+00 -9.8042e-01 1.9873e+00 0.0000e+00 0.0000e+00 0.0000e+00 0.0000e+00 2.4187e-01 4.3676e-01 0.0000e+00 0.0000e+00 -4.3676e-01 4.8017e-01 
101.0 2.4361e+00 -9.6393e-01 0.0000e+00 0.0000e+00 -9.6393e-01 1.9539e+00 0.0000e+00 0.0000e+00 0.0000e+00 0.0000e+00 1.8634e-01 4.3481e-01 0.0000e+00 0.0000e+00 -4.3481e-01 4.2794e-01 
102.0 2.4033e+00 -9.4712e-01 0.0000e+00 0.0000e+00 -9.4712e-01 1.9223e+00 0.0000e+00 0.0000e+00 0.0000e+00 0.0000e+00 1.3258e-01 4.3260e-01 0.0000e+00 0.0000e+00 -4.3260e-01 3.7732e-01 
103.0 2.3721e+00 -9.3000e-01 0.0000e+00 0.0000e+00 -9.3000e-01 1.8923e+00 0.0000e+00 0.0000e+00 0.0000e+00 0.0000e+00 8.0506e-02 4.3015e-01 0.0000e+00 0.0000e+00 -4.3015e-01 3.2825e-01 
104.0 2.3424e+00 -9.1257e-01 0.0000e+00 0.0000e+00 -9.1257e-01 1.8639e+00 0.0000e+00 0.0000e+00 0.0000e+00 0.0000e+00 3.0064e-02 4.2746e-01 0.0000e+00 0.0000e+00 -4.2746e-01 2.8065e-01 
105.0 2.3143e+00 -8.9485e-01 0.0000e+00 0.0000e+00 -8.9485e-01 1.8372e+00 0.0000e+00 0.0000e+00 0.0000e+00 0.0000e+00 -1.8819e-02 4.2454e-01 0.0000e+00 0.0000e+00 -4.2454e-01 2.3446e-01 
106.0 2.2875e+00 -8.7685e-01 0.0000e+00 0.0000e+00 -8.7685e-01 1.8119e+00 0.0000e+00 0.0000e+00 0.0000e+00 0.0000e+00 -6.6207e-02 4.2142e-01 0.0000e+00 0.0000e+00 -4.2142e-01 1.8962e-01 
107.0 2.2621e+00 -8.5857e-01 0.0000e+00 0.0000e+00 -8.5857e-01 1.7880e+00 0.0000e+00 0.0000e+00 0.0000e+00 0.0000e+00 -1.1216e-01 4.1811e-01 0.0000e+00 0.0000e+00 -4.1811e-01 1.4606e-01 
108.0 2.2381e+00 -8.4001e-01 0.0000e+00 0.0000e+00 -8.4001e-01 1.7656e+00 0.0000e+00 0.0000e+00 0.0000e+00 0.0000e+00 -1.5674e-01 4.1464e-01 0.0000e+00 0.0000e+00 -4.1464e-01 1.0373e-01 
109.0 2.2153e+00 -8.2118e-01 0.0000e+00 0.0000e+00 -8.2118e-01 1.7444e+00 0.0000e+00 0.0000e+00 0.0000e+00 0.0000e+00 -1.9999e-01 4.1104e-01 0.0000e+00 0.0000e+00 -4.1104e-01 6.2554e-02 
110.0 2.1938e+00 -8.0211e-01 0.0000e+00 0.0000e+00 -8.0211e-01 1.7246e+00 0.0000e+00 0.0000e+00 0.0000e+00 0.0000e+00 -2.4198e-01 4.0732e-01 0.0000e+00 0.0000e+00 -4.0732e-01 2.2493e-02 
111.0 2.1735e+00 -7.8281e-01 0.0000e+00 0.0000e+00 -7.8281e-01 1.7061e+00 0.0000e+00 0.0000e+00 0.0000e+00 0.0000e+00 -2.8274e-01 4.0351e-01 0.0000e+00 0.0000e+00 -4.0351e-01 -1.6502e-02 
112.0 2.1543e+00 -7.6329e-01 0.0000e+00 0.0000e+00 -7.6329e-01 1.6888e+00 0.0000e+00 0.0000e+00 0.0000e+00 0.0000e+00 -3.2232e-01 3.9963e-01 0.0000e+00 0.0000e+00 -3.9963e-01 -5.4470e-02 
113.0 2.1362e+00 -7.4357e-01 0.0000e+00 0.0000e+00 -7.4357e-01 1.6726e+00 0.0000e+00 0.0000e+00 0.0000e+00 0.0000e+00 -3.6076e-01 3.9569e-01 0.0000e+00 0.0000e+00 -3.9569e-01 -9.1445e-02 
114.0 2.1193e+00 -7.2369e-01 0.0000e+00 0.0000e+00 -7.2369e-01 1.6576e+00 0.0000e+00 0.0000e+00 0.0000e+00 0.0000e+00 -3.9810e-01 3.9172e-01 0.0000e+00 0.0000e+00 -3.9172e-01 -1.2746e-01 
115.0 2.1033e+00 -7.0365e-01 0.0000e+00 0.0000e+00 -7.0365e-01 1.6438e+00 0.0000e+00 0.0000e+00 0.0000e+00 0.0000e+00 -4.3439e-01 3.8773e-01 0.0000e+00 0.0000e+00 -3.8773e-01 -1.6257e-01 
116.0 2.0884e+00 -6.8349e-01 0.0000e+00 0.0000e+00 -6.8349e-01 1.6310e+00 0.0000e+00 0.0000e+00 0.0000e+00 0.0000e+00 -4.6965e-01 3.8374e-01 0.0000e+00 0.0000e+00 -3.8374e-01 -1.9678e-01 
117.0 2.0745e+00 -6.6323e-01 0.0000e+00 0.0000e+00 -6.6323e-01 1.6192e+00 0.0000e+00 0.0000e+00 0.0000e+00 0.0000e+00 -5.0393e-01 3.7975e-01 0.0000e+00 0.0000e+00 -3.7975e-01 -2.3012e-01 
118.0 2.0616e+00 -6.4291e-01 0.0000e+00 0.0000e+00 -6.4291e-01 1.6084e+00 0.0000e+00 0.0000e+00 0.0000e+00 0.0000e+00 -5.3726e-01 3.7579e-01 0.0000e+00 0.0000e+00 -3.7579e-01 -2.6261e-01 
119.0 2.0496e+00 -6.2255e-01 0.0000e+00 0.0000e+00 -6.2255e-01 1.5986e+00 0.0000e+00 0.0000e+00 0.0000e+00 0.0000e+00 -5.6968e-01 3.7185e-01 0.0000e+00 0.0000e+00 -3.7185e-01 -2.9427e-01 
120.0 2.0386e+00 -6.0220e-01 0.0000e+00 0.0000e+00 -6.0220e-01 1.5897e+00 0.0000e+00 0.0000e+00 0.0000e+00 0.0000e+00 -6.0120e-01 3.6792e-01 0.0000e+00 0.0000e+00 -3.6792e-01 -3.2511e-01 
121.0 2.0284e+00 -5.8189e-01 0.0000e+00 0.0000e+00 -5.8189e-01 1.5816e+00 0.0000e+00 0.0000e+00 0.0000e+00 0.0000e+00 -6.3186e-01 3.6400e-01 0.0000e+00 0.0000e+00 -3.6400e-01 -3.5514e-01 
122.0 2.0191e+00 -5.6163e-01 0.0000e+00 0.0000e+00 -5.6163e-01 1.5743e+00 0.0000e+00 0.0000e+00 0.0000e+00 0.0000e+00 -6.6168e-01 3.6005e-01 0.0000e+00 0.0000e+00 -3.6005e-01 -3.8438e-01 
123.0 2.0105e+00 -5.4145e-01 0.0000e+00 0.0000e+00 -5.4145e-01 1.5678e+00 0.0000e+00 0.0000e+00 0.0000e+00 0.0000e+00 -6.9069e-01 3.5605e-01 0.0000e+00 0.0000e+00 -3.5605e-01 -4.1283e-01 
124.0 2.0027e+00 -5.2138e-01 0.0000e+00 0.0000e+00 -5.2138e-01 1.5619e+00 0.0000e+00 0.0000e+00 0.0000e+00 0.0000e+00 -7.1893e-01 3.5197e-01 0.0000e+00 0.0000e+00 -3.5197e-01 -4.4051e-01 
125.0 1.9956e+00 -5.0140e-01 0.0000e+00 0.0000e+00 -5.0140e-01 1.5568e+00 0.0000e+00 0.0000e+00 0.0000e+00 0.0000e+00 -7.4643e-01 3.4779e-01 0.0000e+00 0.0000e+00 -3.4779e-01 -4.6747e-01 
126.0 1.9892e+00 -4.8155e-01 0.0000e+00 0.0000e+00 -4.8155e-01 1.5522e+00 0.0000e+00 0.0000e+00 0.0000e+00 0.0000e+00 -7.7321e-01 3.4353e-01 0.0000e+00 0.0000e+00 -3.4353e-01 -4.9371e-01 
127.0 1.9835e+00 -4.6183e-01 0.0000e+00 0.0000e+00 -4.6183e-01 1.5482e+00 0.0000e+00 0.0000e+00 0.0000e+00 0.0000e+00 -7.9931e-01 3.3916e-01 0.0000e+00 0.0000e+00 -3.3916e-01 -5.1926e-01 
128.0 1.9784e+00 -4.4228e-01 0.0000e+00 0.0000e+00 -4.4228e-01 1.5447e+00 0.0000e+00 0.0000e+00 0.0000e+00 0.0000e+00 -8.2475e-01 3.3469e-01 0.0000e+00 0.0000e+00 -3.3469e-01 -5.4416e-01 
129.0 1.9738e+00 -4.2293e-01 0.0000e+00 0.0000e+00 -4.2293e-01 1.5418e+00 0.0000e+00 0.0000e+00 0.0000e+00 0.0000e+00 -8.4956e-01 3.3007e-01 0.0000e+00 0.0000e+00 -3.3007e-01 -5.6843e-01 
130.0 1.9698e+00 -4.0377e-01 0.0000e+00 0.0000e+00 -4.0377e-01 1.5393e+00 0.0000e+00 0.0000e+00 0.0000e+00 0.0000e+00 -8.7376e-01 3.2530e-01 0.0000e+00 0.0000e+00 -3.2530e-01 -5.9208e-01 
131.0 1.9664e+00 -3.8483e-01 0.0000e+00 0.0000e+00 -3.8483e-01 1.5373e+00 0.0000e+00 0.0000e+00 0.0000e+00 0.0000e+00 -8.9735e-01 3.2036e-01 0.0000e+00 0.0000e+00 -3.2036e-01 -6.1513e-01 
132.0 1.9635e+00 -3.6608e-01 0.0000e+00 0.0000e+00 -3.6608e-01 1.5358e+00 0.0000e+00 0.0000e+00 0.0000e+00 0.0000e+00 -9.2035e-01 3.1524e-01 0.0000e+00 0.0000e+00 -3.1524e-01 -6.3760e-01 
133.0 1.9611e+00 -3.4752e-01 0.0000e+00 0.0000e+00 -3.4752e-01 1.5348e+00 0.0000e+00 0.0000e+00 0.0000e+00 0.0000e+00 -9.4277e-01 3.0993e-01 0.0000e+00 0.0000e+00 -3.0993e-01 -6.5952e-01 
134.0 1.9592e+00 -3.2912e-01 0.0000e+00 0.0000e+00 -3.2912e-01 1.5343e+00 0.0000e+00 0.0000e+00 0.0000e+00 0.0000e+00 -9.6462e-01 3.0446e-01 0.0000e+00 0.0000e+00 -3.0446e-01 -6.8091e-01 
135.0 1.9578e+00 -3.1090e-01 0.0000e+00 0.0000e+00 -3.1090e-01 1.5343e+00 0.0000e+00 0.0000e+00 0.0000e+00 0.0000e+00 -9.8592e-01 2.9881e-01 0.0000e+00 0.0000e+00 -2.9881e-01 -7.0181e-01 
136.0 1.9570e+00 -2.9284e-01 0.0000e+00 0.0000e+00 -2.9284e-01 1.5348e+00 0.0000e+00 0.0000e+00 0.0000e+00 0.0000e+00 -1.0067e+00 2.9300e-01 0.0000e+00 0.0000e+00 -2.9300e-01 -7.2225e-01 
137.0 1.9567e+00 -2.7494e-01 0.0000e+00 0.0000e+00 -2.7494e-01 1.5357e+00 0.0000e+00 0.0000e+00 0.0000e+00 0.0000e+00 -1.0269e+00 2.8701e-01 0.0000e+00 0.0000e+00 -2.8701e-01 -7.4226e-01 
138.0 1.9568e+00 -2.5720e-01 0.0000e+00 0.0000e+00 -2.5720e-01 1.5372e+00 0.0000e+00 0.0000e+00 0.0000e+00 0.0000e+00 -1.0467e+00 2.8086e-01 0.0000e+00 0.0000e+00 -2.8086e-01 -7.6186e-01 
139.0 1.9574e+00 -2.3959e-01 0.0000e+00 0.0000e+00 -2.3959e-01 1.5392e+00 0.0000e+00 0.0000e+00 0.0000e+00 0.0000e+00 -1.0660e+00 2.7459e-01 0.0000e+00 0.0000e+00 -2.7459e-01 -7.8109e-01 
140.0 1.9586e+00 -2.2212e-01 0.0000e+00 0.0000e+00 -2.2212e-01 1.5417e+00 0.0000e+00 0.0000e+00 0.0000e+00 0.0000e+00 -1.0848e+00 2.6822e-01 0.0000e+00 0.0000e+00 -2.6822e-01 -7.9996e-01 
141.0 1.9603e+00 -2.0478e-01 0.0000e+00 0.0000e+00 -2.0478e-01 1.5449e+00 0.0000e+00 0.0000e+00 0.0000e+00 0.0000e+00 -1.1031e+00 2.6179e-01 0.0000e+00 0.0000e+00 -2.6179e-01 -8.1848e-01 
142.0 1.9626e+00 -1.8755e-01 0.0000e+00 0.0000e+00 -1.8755e-01 1.5487e+00 0.0000e+00 0.0000e+00 0.0000e+00 0.0000e+00 -1.1209e+00 2.5535e-01 0.0000e+00 0.0000e+00 -2.5535e-01 -8.3664e-01 
143.0 1.9656e+00 -1.7043e-01 0.0000e+00 0.0000e+00 -1.7043e-01 1.5532e+00 0.0000e+00 0.0000e+00 0.0000e+00 0.0000e+00 -1.1382e+00 2.4891e-01 0.0000e+00 0.0000e+00 -2.4891e-01 -8.5446e-01 
144.0 1.9692e+00 -1.5341e-01 0.0000e+00 0.0000e+00 -1.5341e-01 1.5585e+00 0.0000e+00 0.0000e+00 0.0000e+00 0.0000e+00 -1.1551e+00 2.4247e-01 0.0000e+00 0.0000e+00 -2.4247e-01 -8.7194e-01 
145.0 1.9735e+00 -1.3649e-01 0.0000e+00 0.0000e+00 -1.3649e-01 1.5644e+00 0.0000e+00 0.0000e+00 0.0000e+00 0.0000e+00 -1.1716e+00 2.3601e-01 0.0000e+00 0.0000e+00 -2.3601e-01 -8.8911e-01 
146.0 1.9784e+00 -1.1967e-01 0.0000e+00 0.0000e+00 -1.1967e-01 1.5711e+00 0.0000e+00 0.0000e+00 0.0000e+00 0.0000e+00 -1.1876e+00 2.2946e-01 0.0000e+00 0.0000e+00 -2.2946e-01 -9.0598e-01 
147.0 1.9840e+00 -1.0295e-01 0.0000e+00 0.0000e+00 -1.0295e-01 1.5784e+00 0.0000e+00 0.0000e+00 0.0000e+00 0.0000e+00 -1.2033e+00 2.2279e-01 0.0000e+00 0.0000e+00 -2.2279e-01 -9.2259e-01 
148.0 1.9904e+00 -8.6318e-02 0.0000e+00 0.0000e+00 -8.6318e-02 1.5864e+00 0.0000e+00 0.0000e+00 0.0000e+00 0.0000e+00 -1.2186e+00 2.1596e-01 0.0000e+00 0.0000e+00 -2.1596e-01 -9.3899e-01 
149.0 1.9974e+00 -6.9786e-02 0.0000e+00 0.0000e+00 -6.9786e-02 1.5952e+00 0.0000e+00 0.0000e+00 0.0000e+00 0.0000e+00 -1.2337e+00 2.0896e-01 0.0000e+00 0.0000e+00 -2.0896e-01 -9.5521e-01 
150.0 2.0053e+00 -5.3398e-02 0.0000e+00 0.0000e+00 -5.3398e-02 1.6048e+00 0.0000e+00 0.0000e+00 0.0000e+00 0.0000e+00 -1.2487e+00 2.0178e-01 0.0000e+00 0.0000e+00 -2.0178e-01 -9.7135e-01 
151.0 2.0140e+00 -3.7254e-02 0.0000e+00 0.0000e+00 -3.7254e-02 1.6152e+00 0.0000e+00 0.0000e+00 0.0000e+00 0.0000e+00 -1.2635e+00 1.9434e-01 0.0000e+00 0.0000e+00 -1.9434e-01 -9.8745e-01 
152.0 2.0233e+00 -2.1513e-02 0.0000e+00 0.0000e+00 -2.1513e-02 1.6262e+00 0.0000e+00 0.0000e+00 0.0000e+00 0.0000e+00 -1.2784e+00 1.8647e-01 0.0000e+00 0.0000e+00 -1.8647e-01 -1.0036e+00 
153.0 2.0331e+00 -6.3687e-03 0.0000e+00 0.0000e+00 -6.3687e-03 1.6377e+00 0.0000e+00 0.0000e+00 0.0000e+00 0.0000e+00 -1.2933e+00 1.7789e-01 0.0000e+00 0.0000e+00 -1.7789e-01 -1.0199e+00 
154.0 2.0432e+00 7.9780e-03 0.0000e+00 0.0000e+00 7.9780e-03 1.6493e+00 0.0000e+00 0.0000e+00 0.0000e+00 0.0000e+00 -1.3084e+00 1.6831e-01 0.0000e+00 0.0000e+00 -1.6831e-01 -1.0363e+00 
155.0 2.0535e+00 2.1355e-02 0.0000e+00 0.0000e+00 2.1355e-02 1.6609e+00 0.0000e+00 0.0000e+00 0.0000e+00 0.0000e+00 -1.3238e+00 1.5747e-01 0.0000e+00 0.0000e+00 -1.5747e-01 -1.0530e+00 
156.0 2.0639e+00 3.3611e-02 0.0000e+00 0.0000e+00 3.3611e-02 1.6726e+00 0.0000e+00 0.0000e+00 0.0000e+00 0.0000e+00 -1.3396e+00 1.4523e-01 0.0000e+00 0.0000e+00 -1.4523e-01 -1.0699e+00 
157.0 2.0746e+00 4.4606e-02 0.0000e+00 0.0000e+00 4.4606e-02 1.6844e+00 0.0000e+00 0.0000e+00 0.0000e+00 0.0000e+00 -1.3560e+00 1.3154e-01 0.0000e+00 0.0000e+00 -1.3154e-01 -1.0870e+00 
158.0 2.0856e+00 5.4182e-02 0.0000e+00 0.0000e+00 5.4182e-02 1.6962e+00 0.0000e+00 0.0000e+00 0.0000e+00 0.0000e+00 -1.3730e+00 1.1640e-01 0.0000e+00 0.0000e+00 -1.1640e-01 -1.1045e+00 
159.0 2.0969e+00 6.2166e-02 0.0000e+00 0.0000e+00 6.2166e-02 1.7080e+00 0.0000e+00 0.0000e+00 0.0000e+00 0.0000e+00 -1.3908e+00 9.9757e-02 0.0000e+00 0.0000e+00 -9.9757e-02 -1.1222e+00 
160.0 2.1087e+00 6.8407e-02 0.0000e+00 0.0000e+00 6.8407e-02 1.7197e+00 0.0000e+00 0.0000e+00 0.0000e+00 0.0000e+00 -1.4096e+00 8.1577e-02 0.0000e+00 0.0000e+00 -8.1577e-02 -1.1402e+00 
161.0 2.1211e+00 7.2816e-02 0.0000e+00 0.0000e+00 7.2816e-02 1.7313e+00 0.0000e+00 0.0000e+00 0.0000e+00 0.0000e+00 -1.4298e+00 6.1831e-02 0.0000e+00 0.0000e+00 -6.1831e-02 -1.1585e+00 
162.0 2.1347e+00 7.5368e-02 0.0000e+00 0.0000e+00 7.5368e-02 1.7432e+00 0.0000e+00 0.0000e+00 0.0000e+00 0.0000e+00 -1.4517e+00 4.0550e-02 0.0000e+00 0.0000e+00 -4.0550e-02 -1.1774e+00 
163.0 2.1498e+00 7.6056e-02 0.0000e+00 0.0000e+00 7.6056e-02 1.7554e+00 0.0000e+00 0.0000e+00 0.0000e+00 0.0000e+00 -1.4758e+00 1.7877e-02 0.0000e+00 0.0000e+00 -1.7877e-02 -1.1968e+00 
164.0 2.1671e+00 7.4863e-02 0.0000e+00 0.0000e+00 7.4863e-02 1.7683e+00 0.0000e+00 0.0000e+00 0.0000e+00 0.0000e+00 -1.5027e+00 -5.9360e-03 0.0000e+00 0.0000e+00 5.9360e-03 -1.2170e+00 
165.0 2.1874e+00 7.1793e-02 0.0000e+00 0.0000e+00 7.1793e-02 1.7822e+00 0.0000e+00 0.0000e+00 0.0000e+00 0.0000e+00 -1.5331e+00 -3.0495e-02 0.0000e+00 0.0000e+00 3.0495e-02 -1.2380e+00 
166.0 2.2116e+00 6.6871e-02 0.0000e+00 0.0000e+00 6.6871e-02 1.7977e+00 0.0000e+00 0.0000e+00 0.0000e+00 0.0000e+00 -1.5676e+00 -5.5276e-02 0.0000e+00 0.0000e+00 5.5276e-02 -1.2598e+00 
167.0 2.2411e+00 6.0147e-02 0.0000e+00 0.0000e+00 6.0147e-02 1.8154e+00 0.0000e+00 0.0000e+00 0.0000e+00 0.0000e+00 -1.6069e+00 -7.9657e-02 0.0000e+00 0.0000e+00 7.9657e-02 -1.2824e+00 
168.0 2.2770e+00 5.1706e-02 0.0000e+00 0.0000e+00 5.1706e-02 1.8360e+00 0.0000e+00 0.0000e+00 0.0000e+00 0.0000e+00 -1.6516e+00 -1.0292e-01 0.0000e+00 0.0000e+00 1.0292e-01 -1.3056e+00 
169.0 2.3207e+00 4.1709e-02 0.0000e+00 0.0000e+00 4.1709e-02 1.8602e+00 0.0000e+00 0.0000e+00 0.0000e+00 0.0000e+00 -1.7027e+00 -1.2420e-01 0.0000e+00 0.0000e+00 1.2420e-01 -1.3293e+00 
170.0 2.3740e+00 3.0465e-02 0.0000e+00 0.0000e+00 3.0465e-02 1.8886e+00 0.0000e+00 0.0000e+00 0.0000e+00 0.0000e+00 -1.7608e+00 -1.4234e-01 0.0000e+00 0.0000e+00 1.4234e-01 -1.3534e+00 
171.0 2.4388e+00 1.8541e-02 0.0000e+00 0.0000e+00 1.8541e-02 1.9223e+00 0.0000e+00 0.0000e+00 0.0000e+00 0.0000e+00 -1.8266e+00 -1.5569e-01 0.0000e+00 0.0000e+00 1.5569e-01 -1.3775e+00 
172.0 2.5172e+00 6.8358e-03 0.0000e+00 0.0000e+00 6.8358e-03 1.9627e+00 0.0000e+00 0.0000e+00 0.0000e+00 0.0000e+00 -1.9007e+00 -1.6195e-01 0.0000e+00 0.0000e+00 1.6195e-01 -1.4014e+00 
173.0 2.6111e+00 -3.4277e-03 0.0000e+00 0.0000e+00 -3.4277e-03 2.0112e+00 0.0000e+00 0.0000e+00 0.0000e+00 0.0000e+00 -1.9827e+00 -1.5865e-01 0.0000e+00 0.0000e+00 1.5865e-01 -1.4245e+00 
174.0 2.7206e+00 -1.0850e-02 0.0000e+00 0.0000e+00 -1.0850e-02 2.0684e+00 0.0000e+00 0.0000e+00 0.0000e+00 0.0000e+00 -2.0708e+00 -1.4375e-01 0.0000e+00 0.0000e+00 1.4375e-01 -1.4462e+00 
175.0 2.8423e+00 -1.4211e-02 0.0000e+00 0.0000e+00 -1.4211e-02 2.1333e+00 0.0000e+00 0.0000e+00 0.0000e+00 0.0000e+00 -2.1611e+00 -1.1701e-01 0.0000e+00 0.0000e+00 1.1701e-01 -1.4655e+00 
176.0 2.9677e+00 -1.2999e-02 0.0000e+00 0.0000e+00 -1.2999e-02 2.2016e+00 0.0000e+00 0.0000e+00 0.0000e+00 0.0000e+00 -2.2471e+00 -8.1192e-02 0.0000e+00 0.0000e+00 8.1192e-02 -1.4812e+00 
177.0 3.0818e+00 -8.1522e-03 0.0000e+00 0.0000e+00 -8.1522e-03 2.2650e+00 0.0000e+00 0.0000e+00 0.0000e+00 0.0000e+00 -2.3200e+00 -4.3008e-02 0.0000e+00 0.0000e+00 4.3008e-02 -1.4924e+00 
178.0 3.1647e+00 -2.5658e-03 0.0000e+00 0.0000e+00 -2.5658e-03 2.3119e+00 0.0000e+00 0.0000e+00 0.0000e+00 0.0000e+00 -2.3699e+00 -1.2666e-02 0.0000e+00 0.0000e+00 1.2666e-02 -1.4990e+00 
179.0 3.1970e+00 -5.1252e-20 0.0000e+00 0.0000e+00 -5.1252e-20 2.3306e+00 0.0000e+00 0.0000e+00 0.0000e+00 0.0000e+00 -2.3888e+00 -1.7942e-19 0.0000e+00 0.0000e+00 1.7942e-19 -1.5016e+00 
180.0 3.2278e+00 0.0000e+00 0.0000e+00 0.0000e+00 0.0000e+00 2.3476e+00 0.0000e+00 0.0000e+00 0.0000e+00 0.0000e+00 -2.4061e+00 0.0000e+00 0.0000e+00 0.0000e+00 -0.0000e+00 -1.5035e+00 
