1.7940 2.3397 0.5457 0.041228
theta s11 s12 s13 s14 s21 s22 s23 s24 s31 s32 s33 s34 s41 s42 s43 s44
0.0 1.1535e+03 0.0000e+00 0.0000e+00 0.0000e+00 0.0000e+00 1.1519e+03 0.0000e+00 0.0000e+00 0.0000e+00 0.0000e+00 1.1519e+03 0.0000e+00 0.0000e+00 0.0000e+00 -0.0000e+00 1.1503e+03 
1.0 1.1053e+03 -1.4081e-02 0.0000e+00 0.0000e+00 -1.4081e-02 1.1037e+03 0.0000e+00 0.0000e+00 0.0000e+00 0.0000e+00 1.1037e+03 -4.1250e-01 0.0000e+00 0.0000e+00 4.1250e-01 1.1021e+03 
2.0 1.0245e+03 -3.5491e-02 0.0000e+00 0.0000e+00 -3.5491e-02 1.0229e+03 0.0000e+00 0.0000e+00 0.0000e+00 0.0000e+00 1.0229e+03 -1.5363e+00 0.0000e+00 0.0000e+00 1.5363e+00 1.0214e+03 
3.0 9.3285e+02 -4.9063e-02 0.0000e+00 0.0000e+00 -4.9063e-02 9.3131e+02 0.0000e+00 0.0000e+00 0.0000e+00 0.0000e+00 9.3130e+02 -3.1000e+00 0.0000e+00 0.0000e+00 3.1000e+00 9.2978e+02 
4.0 8.3585e+02 -5.1747e-02 0.0000e+00 0.0000e+00 -5.1747e-02 8.3435e+02 0.0000e+00 0.0000e+00 0.0000e+00 0.0000e+00 8.3431e+02 -4.8060e+00 0.0000e+00 0.0000e+00 4.8060e+00 8.3284e+02 
5.0 7.4036e+02 -5.0629e-02 0.0000e+00 0.0000e+00 -5.0629e-02 7.3889e+02 0.0000e+00 0.0000e+00 0.0000e+00 0.0000e+00 7.3882e+02 -6.4139e+00 0.0000e+00 0.0000e+00 6.4139e+00 7.3740e+02 
6.0 6.5105e+02 -5.7916e-02 0.0000e+00 0.0000e+00 -5.7916e-02 6.4962e+02 0.0000e+00 0.0000e+00 0.0000e+00 0.0000e+00 6.4951e+02 -7.7639e+00 0.0000e+00 0.0000e+00 7.7639e+00 6.4815e+02 
7.0 5.7050e+02 -8.5061e-02 0.0000e+00 0.0000e+00 -8.5061e-02 5.6911e+02 0.0000e+00 0.0000e+00 0.0000e+00 0.0000e+00 5.6894e+02 -8.7760e+00 0.0000e+00 0.0000e+00 8.7760e+00 5.6764e+02 
8.0 4.9967e+02 -1.3888e-01 0.0000e+00 0.0000e+00 -1.3888e-01 4.9832e+02 0.0000e+00 0.0000e+00 0.0000e+00 0.0000e+00 4.9808e+02 -9.4367e+00 0.0000e+00 0.0000e+00 9.4367e+00 4.9684e+02 
9.0 4.3844e+02 -2.2071e-01 0.0000e+00 0.0000e+00 -2.2071e-01 4.3714e+02 0.0000e+00 0.0000e+00 0.0000e+00 0.0000e+00 4.3682e+02 -9.7782e+00 0.0000e+00 0.0000e+00 9.7782e+00 4.3565e+02 
10.0 3.8611e+02 -3.2729e-01 0.0000e+00 0.0000e+00 -3.2729e-01 3.8484e+02 0.0000e+00 0.0000e+00 0.0000e+00 0.0000e+00 3.8446e+02 -9.8565e+00 0.0000e+00 0.0000e+00 9.8565e+00 3.8334e+02 
11.0 3.4165e+02 -4.5270e-01 0.0000e+00 0.0000e+00 -4.5270e-01 3.4042e+02 0.0000e+00 0.0000e+00 0.0000e+00 0.0000e+00 3.3996e+02 -9.7352e+00 0.0000e+00 0.0000e+00 9.7352e+00 3.3890e+02 
12.0 3.0395e+02 -5.9041e-01 0.0000e+00 0.0000e+00 -5.9041e-01 3.0275e+02 0.0000e+00 0.0000e+00 0.0000e+00 0.0000e+00 3.0223e+02 -9.4747e+00 0.0000e+00 0.0000e+00 9.4747e+00 3.0122e+02 
13.0 2.7195e+02 -7.3574e-01 0.0000e+00 0.0000e+00 -7.3574e-01 2.7079e+02 0.0000e+00 0.0000e+00 0.0000e+00 0.0000e+00 2.7021e+02 -9.1234e+00 0.0000e+00 0.0000e+00 9.1234e+00 2.6925e+02 
14.0 2.4473e+02 -8.8066e-01 0.0000e+00 0.0000e+00 -8.8066e-01 2.4360e+02 0.0000e+00 0.0000e+00 0.0000e+00 0.0000e+00 2.4296e+02 -8.7277e+00 0.0000e+00 0.0000e+00 8.7277e+00 2.4205e+02 
15.0 2.2146e+02 -1.0259e+00 0.0000e+00 0.0000e+00 -1.0259e+00 2.2035e+02 0.0000e+00 0.0000e+00 0.0000e+00 0.0000e+00 2.1967e+02 -8.3079e+00 0.0000e+00 0.0000e+00 8.3079e+00 2.1880e+02 
16.0 2.0144e+02 -1.1686e+00 0.0000e+00 0.0000e+00 -1.1686e+00 2.0036e+02 0.0000e+00 0.0000e+00 0.0000e+00 0.0000e+00 1.9963e+02 -7.8849e+00 0.0000e+00 0.0000e+00 7.8849e+00 1.9881e+02 
17.0 1.8409e+02 -1.3082e+00 0.0000e+00 0.0000e+00 -1.3082e+00 1.8304e+02 0.0000e+00 0.0000e+00 0.0000e+00 0.0000e+00 1.8227e+02 -7.4700e+00 0.0000e+00 0.0000e+00 7.4700e+00 1.8149e+02 
18.0 1.6895e+02 -1.4446e+00 0.0000e+00 0.0000e+00 -1.4446e+00 1.6792e+02 0.0000e+00 0.0000e+00 0.0000e+00 0.0000e+00 1.6712e+02 -7.0695e+00 0.0000e+00 0.0000e+00 7.0695e+00 1.6637e+02 
19.0 1.5564e+02 -1.5780e+00 0.0000e+00 0.0000e+00 -1.5780e+00 1.5463e+02 0.0000e+00 0.0000e+00 0.0000e+00 0.0000e+00 1.5430e+02 -6.6868e+00 0.0000e+00 0.0000e+00 6.6868e+00 1.5359e+02 
20.0 1.4386e+02 -1.7091e+00 0.0000e+00 0.0000e+00 -1.7091e+00 1.4287e+02 0.0000e+00 0.0000e+00 0.0000e+00 0.0000e+00 1.4294e+02 -6.3232e+00 0.0000e+00 0.0000e+00 6.3232e+00 1.4228e+02 
21.0 1.3337e+02 -1.8380e+00 0.0000e+00 0.0000e+00 -1.8380e+00 1.3240e+02 0.0000e+00 0.0000e+00 0.0000e+00 0.0000e+00 1.3283e+02 -5.9793e+00 0.0000e+00 0.0000e+00 5.9793e+00 1.3219e+02 
22.0 1.2398e+02 -1.9652e+00 0.0000e+00 0.0000e+00 -1.9652e+00 1.2303e+02 0.0000e+00 0.0000e+00 0.0000e+00 0.0000e+00 1.2375e+02 -5.6550e+00 0.0000e+00 0.0000e+00 5.6550e+00 1.2315e+02 
23.0 1.1551e+02 -2.0905e+00 0.0000e+00 0.0000e+00 -2.0905e+00 1.1457e+02 0.0000e+00 0.0000e+00 0.0000e+00 0.0000e+00 1.1556e+02 -5.3498e+00 0.0000e+00 0.0000e+00 5.3498e+00 1.1499e+02 
24.0 1.0783e+02 -2.2136e+00 0.0000e+00 0.0000e+00 -2.2136e+00 1.0691e+02 0.0000e+00 0.0000e+00 0.0000e+00 0.0000e+00 1.0812e+02 -5.0632e+00 0.0000e+00 0.0000e+00 5.0632e+00 1.0757e+02 
25.0 1.0082e+02 -2.3339e+00 0.0000e+00 0.0000e+00 -2.3339e+00 9.9922e+01 0.0000e+00 0.0000e+00 0.0000e+00 0.0000e+00 1.0133e+02 -4.7940e+00 0.0000e+00 0.0000e+00 4.7940e+00 1.0081e+02 
26.0 9.4420e+01 -2.4510e+00 0.0000e+00 0.0000e+00 -2.4510e+00 9.3532e+01 0.0000e+00 0.0000e+00 0.0000e+00 0.0000e+00 9.5108e+01 -4.5411e+00 0.0000e+00 0.0000e+00 4.5411e+00 9.4609e+01 
27.0 8.8546e+01 -2.5643e+00 0.0000e+00 0.0000e+00 -2.5643e+00 8.7673e+01 0.0000e+00 0.0000e+00 0.0000e+00 0.0000e+00 8.9394e+01 -4.3034e+00 0.0000e+00 0.0000e+00 4.3034e+00 8.8918e+01 
28.0 8.3150e+01 -2.6739e+00 0.0000e+00 0.0000e+00 -2.6739e+00 8.2289e+01 0.0000e+00 0.0000e+00 0.0000e+00 0.0000e+00 8.4137e+01 -4.0795e+00 0.0000e+00 0.0000e+00 4.0795e+00 8.3680e+01 
29.0 7.8183e+01 -2.7796e+00 0.0000e+00 0.0000e+00 -2.7796e+00 7.7335e+01 0.0000e+00 0.0000e+00 0.0000e+00 0.0000e+00 7.9291e+01 -3.8681e+00 0.0000e+00 0.0000e+00 3.8681e+00 7.8852e+01 
30.0 7.3601e+01 -2.8814e+00 0.0000e+00 0.0000e+00 -2.8814e+00 7.2765e+01 0.0000e+00 0.0000e+00 0.0000e+00 0.0000e+00 7.4814e+01 -3.6685e+00 0.0000e+00 0.0000e+00 3.6685e+00 7.4393e+01 
31.0 6.9365e+01 -2.9793e+00 0.0000e+00 0.0000e+00 -2.9793e+00 6.8541e+01 0.0000e+00 0.0000e+00 0.0000e+00 0.0000e+00 7.0345e+01 -3.4798e+00 0.0000e+00 0.0000e+00 3.4798e+00 6.9946e+01 
32.0 6.5439e+01 -3.0730e+00 0.0000e+00 0.0000e+00 -3.0730e+00 6.4625e+01 0.0000e+00 0.0000e+00 0.0000e+00 0.0000e+00 6.6200e+01 -3.3016e+00 0.0000e+00 0.0000e+00 3.3016e+00 6.5822e+01 
33.0 6.1790e+01 -3.1624e+00 0.0000e+00 0.0000e+00 -3.1624e+00 6.0986e+01 0.0000e+00 0.0000e+00 0.0000e+00 0.0000e+00 6.2348e+01 -3.1333e+00 0.0000e+00 0.0000e+00 3.1333e+00 6.1990e+01 
34.0 5.8389e+01 -3.2470e+00 0.0000e+00 0.0000e+00 -3.2470e+00 5.7595e+01 0.0000e+00 0.0000e+00 0.0000e+00 0.0000e+00 5.8762e+01 -2.9743e+00 0.0000e+00 0.0000e+00 2.9743e+00 5.8423e+01 
35.0 5.5213e+01 -3.3268e+00 0.0000e+00 0.0000e+00 -3.3268e+00 5.4429e+01 0.0000e+00 0.0000e+00 0.0000e+00 0.0000e+00 5.5418e+01 -2.8238e+00 0.0000e+00 0.0000e+00 2.8238e+00 5.5098e+01 
36.0 5.2243e+01 -3.4018e+00 0.0000e+00 0.0000e+00 -3.4018e+00 5.1468e+01 0.0000e+00 0.0000e+00 0.0000e+00 0.0000e+00 5.2293e+01 -2.6808e+00 0.0000e+00 0.0000e+00 2.6808e+00 5.1991e+01 
37.0 4.9462e+01 -3.4720e+00 0.0000e+00 0.0000e+00 -3.4720e+00 4.8695e+01 0.0000e+00 0.0000e+00 0.0000e+00 0.0000e+00 4.9371e+01 -2.5445e+00 0.0000e+00 0.0000e+00 2.5445e+00 4.9086e+01 
38.0 4.6858e+01 -3.5377e+00 0.0000e+00 0.0000e+00 -3.5377e+00 4.6099e+01 0.0000e+00 0.0000e+00 0.0000e+00 0.0000e+00 4.6634e+01 -2.4142e+00 0.0000e+00 0.0000e+00 2.4142e+00 4.6367e+01 
39.0 4.4418e+01 -3.5993e+00 0.0000e+00 0.0000e+00 -3.5993e+00 4.3668e+01 0.0000e+00 0.0000e+00 0.0000e+00 0.0000e+00 4.4071e+01 -2.2893e+00 0.0000e+00 0.0000e+00 2.2893e+00 4.3820e+01 
40.0 4.2133e+01 -3.6569e+00 0.0000e+00 0.0000e+00 -3.6569e+00 4.1390e+01 0.0000e+00 0.0000e+00 0.0000e+00 0.0000e+00 4.1667e+01 -2.1695e+00 0.0000e+00 0.0000e+00 2.1695e+00 4.1432e+01 
41.0 3.9992e+01 -3.7109e+00 0.0000e+00 0.0000e+00 -3.7109e+00 3.9256e+01 0.0000e+00 0.0000e+00 0.0000e+00 0.0000e+00 3.9412e+01 -2.0547e+00 0.0000e+00 0.0000e+00 2.0547e+00 3.9193e+01 
42.0 3.7985e+01 -3.7611e+00 0.0000e+00 0.0000e+00 -3.7611e+00 3.7255e+01 0.0000e+00 0.0000e+00 0.0000e+00 0.0000e+00 3.7295e+01 -1.9446e+00 0.0000e+00 0.0000e+00 1.9446e+00 3.7091e+01 
43.0 3.6102e+01 -3.8076e+00 0.0000e+00 0.0000e+00 -3.8076e+00 3.5378e+01 0.0000e+00 0.0000e+00 0.0000e+00 0.0000e+00 3.5305e+01 -1.8392e+00 0.0000e+00 0.0000e+00 1.8392e+00 3.5115e+01 
44.0 3.4333e+01 -3.8504e+00 0.0000e+00 0.0000e+00 -3.8504e+00 3.3615e+01 0.0000e+00 0.0000e+00 0.0000e+00 0.0000e+00 3.3432e+01 -1.7383e+00 0.0000e+00 0.0000e+00 1.7383e+00 3.3258e+01 
45.0 3.2670e+01 -3.8895e+00 0.0000e+00 0.0000e+00 -3.8895e+00 3.1958e+01 0.0000e+00 0.0000e+00 0.0000e+00 0.0000e+00 3.1670e+01 -1.6416e+00 0.0000e+00 0.0000e+00 1.6416e+00 3.1509e+01 
46.0 3.1104e+01 -3.9248e+00 0.0000e+00 0.0000e+00 -3.9248e+00 3.0398e+01 0.0000e+00 0.0000e+00 0.0000e+00 0.0000e+00 3.0008e+01 -1.5487e+00 0.0000e+00 0.0000e+00 1.5487e+00 2.9861e+01 
47.0 2.9630e+01 -3.9566e+00 0.0000e+00 0.0000e+00 -3.9566e+00 2.8928e+01 0.0000e+00 0.0000e+00 0.0000e+00 0.0000e+00 2.8441e+01 -1.4593e+00 0.0000e+00 0.0000e+00 1.4593e+00 2.8307e+01 
48.0 2.8239e+01 -3.9848e+00 0.0000e+00 0.0000e+00 -3.9848e+00 2.7543e+01 0.0000e+00 0.0000e+00 0.0000e+00 0.0000e+00 2.6962e+01 -1.3732e+00 0.0000e+00 0.0000e+00 1.3732e+00 2.6841e+01 
49.0 2.6928e+01 -4.0097e+00 0.0000e+00 0.0000e+00 -4.0097e+00 2.6236e+01 0.0000e+00 0.0000e+00 0.0000e+00 0.0000e+00 2.5565e+01 -1.2902e+00 0.0000e+00 0.0000e+00 1.2902e+00 2.5457e+01 
50.0 2.5690e+01 -4.0313e+00 0.0000e+00 0.0000e+00 -4.0313e+00 2.5002e+01 0.0000e+00 0.0000e+00 0.0000e+00 0.0000e+00 2.4245e+01 -1.2101e+00 0.0000e+00 0.0000e+00 1.2101e+00 2.4149e+01 
51.0 2.4521e+01 -4.0498e+00 0.0000e+00 0.0000e+00 -4.0498e+00 2.3838e+01 0.0000e+00 0.0000e+00 0.0000e+00 0.0000e+00 2.2997e+01 -1.1328e+00 0.0000e+00 0.0000e+00 1.1328e+00 2.2913e+01 
52.0 2.3417e+01 -4.0653e+00 0.0000e+00 0.0000e+00 -4.0653e+00 2.2737e+01 0.0000e+00 0.0000e+00 0.0000e+00 0.0000e+00 2.1816e+01 -1.0581e+00 0.0000e+00 0.0000e+00 1.0581e+00 2.1744e+01 
53.0 2.2374e+01 -4.0778e+00 0.0000e+00 0.0000e+00 -4.0778e+00 2.1698e+01 0.0000e+00 0.0000e+00 0.0000e+00 0.0000e+00 2.0698e+01 -9.8592e-01 0.0000e+00 0.0000e+00 9.8592e-01 2.0639e+01 
54.0 2.1388e+01 -4.0875e+00 0.0000e+00 0.0000e+00 -4.0875e+00 2.0716e+01 0.0000e+00 0.0000e+00 0.0000e+00 0.0000e+00 1.9640e+01 -9.1616e-01 0.0000e+00 0.0000e+00 9.1616e-01 1.9592e+01 
55.0 2.0457e+01 -4.0945e+00 0.0000e+00 0.0000e+00 -4.0945e+00 1.9787e+01 0.0000e+00 0.0000e+00 0.0000e+00 0.0000e+00 1.8637e+01 -8.4871e-01 0.0000e+00 0.0000e+00 8.4871e-01 1.8600e+01 
56.0 1.9576e+01 -4.0988e+00 0.0000e+00 0.0000e+00 -4.0988e+00 1.8909e+01 0.0000e+00 0.0000e+00 0.0000e+00 0.0000e+00 1.7685e+01 -7.8348e-01 0.0000e+00 0.0000e+00 7.8348e-01 1.7660e+01 
57.0 1.8743e+01 -4.1005e+00 0.0000e+00 0.0000e+00 -4.1005e+00 1.8078e+01 0.0000e+00 0.0000e+00 0.0000e+00 0.0000e+00 1.6783e+01 -7.2039e-01 0.0000e+00 0.0000e+00 7.2039e-01 1.6769e+01 
58.0 1.7954e+01 -4.0998e+00 0.0000e+00 0.0000e+00 -4.0998e+00 1.7293e+01 0.0000e+00 0.0000e+00 0.0000e+00 0.0000e+00 1.5927e+01 -6.5937e-01 0.0000e+00 0.0000e+00 6.5937e-01 1.5924e+01 
59.0 1.7209e+01 -4.0967e+00 0.0000e+00 0.0000e+00 -4.0967e+00 1.6549e+01 0.0000e+00 0.0000e+00 0.0000e+00 0.0000e+00 1.5114e+01 -6.0034e-01 0.0000e+00 0.0000e+00 6.0034e-01 1.5121e+01 
60.0 1.6503e+01 -4.0914e+00 0.0000e+00 0.0000e+00 -4.0914e+00 1.5845e+01 0.0000e+00 0.0000e+00 0.0000e+00 0.0000e+00 1.4342e+01 -5.4326e-01 0.0000e+00 0.0000e+00 5.4326e-01 1.4360e+01 
61.0 1.5834e+01 -4.0839e+00 0.0000e+00 0.0000e+00 -4.0839e+00 1.5179e+01 0.0000e+00 0.0000e+00 0.0000e+00 0.0000e+00 1.3608e+01 -4.8807e-01 0.0000e+00 0.0000e+00 4.8807e-01 1.3636e+01 
62.0 1.5201e+01 -4.0743e+00 0.0000e+00 0.0000e+00 -4.0743e+00 1.4547e+01 0.0000e+00 0.0000e+00 0.0000e+00 0.0000e+00 1.2910e+01 -4.3477e-01 0.0000e+00 0.0000e+00 4.3477e-01 1.2949e+01 
63.0 1.4602e+01 -4.0627e+00 0.0000e+00 0.0000e+00 -4.0627e+00 1.3949e+01 0.0000e+00 0.0000e+00 0.0000e+00 0.0000e+00 1.2246e+01 -3.8331e-01 0.0000e+00 0.0000e+00 3.8331e-01 1.2296e+01 
64.0 1.4034e+01 -4.0492e+00 0.0000e+00 0.0000e+00 -4.0492e+00 1.3383e+01 0.0000e+00 0.0000e+00 0.0000e+00 0.0000e+00 1.1615e+01 -3.3371e-01 0.0000e+00 0.0000e+00 3.3371e-01 1.1674e+01 
65.0 1.3495e+01 -4.0338e+00 0.0000e+00 0.0000e+00 -4.0338e+00 1.2845e+01 0.0000e+00 0.0000e+00 0.0000e+00 0.0000e+00 1.1013e+01 -2.8594e-01 0.0000e+00 0.0000e+00 2.8594e-01 1.1083e+01 
66.0 1.2984e+01 -4.0166e+00 0.0000e+00 0.0000e+00 -4.0166e+00 1.2335e+01 0.0000e+00 0.0000e+00 0.0000e+00 0.0000e+00 1.0441e+01 -2.4000e-01 0.0000e+00 0.0000e+00 2.4000e-01 1.0520e+01 
67.0 1.2499e+01 -3.9976e+00 0.0000e+00 0.0000e+00 -3.9976e+00 1.1852e+01 0.0000e+00 0.0000e+00 0.0000e+00 0.0000e+00 9.8945e+00 -1.9586e-01 0.0000e+00 0.0000e+00 1.9586e-01 9.9840e+00 
68.0 1.2039e+01 -3.9770e+00 0.0000e+00 0.0000e+00 -3.9770e+00 1.1392e+01 0.0000e+00 0.0000e+00 0.0000e+00 0.0000e+00 9.3740e+00 -1.5351e-01 0.0000e+00 0.0000e+00 1.5351e-01 9.4732e+00 
69.0 1.1603e+01 -3.9547e+00 0.0000e+00 0.0000e+00 -3.9547e+00 1.0957e+01 0.0000e+00 0.0000e+00 0.0000e+00 0.0000e+00 8.8774e+00 -1.1293e-01 0.0000e+00 0.0000e+00 1.1293e-01 8.9864e+00 
70.0 1.1188e+01 -3.9309e+00 0.0000e+00 0.0000e+00 -3.9309e+00 1.0542e+01 0.0000e+00 0.0000e+00 0.0000e+00 0.0000e+00 8.4034e+00 -7.4091e-02 0.0000e+00 0.0000e+00 7.4091e-02 8.5221e+00 
71.0 1.0794e+01 -3.9055e+00 0.0000e+00 0.0000e+00 -3.9055e+00 1.0149e+01 0.0000e+00 0.0000e+00 0.0000e+00 0.0000e+00 7.9509e+00 -3.6983e-02 0.0000e+00 0.0000e+00 3.6983e-02 8.0790e+00 
72.0 1.0420e+01 -3.8787e+00 0.0000e+00 0.0000e+00 -3.8787e+00 9.7753e+00 0.0000e+00 0.0000e+00 0.0000e+00 0.0000e+00 7.5186e+00 -1.5881e-03 0.0000e+00 0.0000e+00 1.5881e-03 7.6562e+00 
73.0 1.0064e+01 -3.8505e+00 0.0000e+00 0.0000e+00 -3.8505e+00 9.4199e+00 0.0000e+00 0.0000e+00 0.0000e+00 0.0000e+00 7.1054e+00 3.2109e-02 0.0000e+00 0.0000e+00 -3.2109e-02 7.2524e+00 
74.0 9.7261e+00 -3.8208e+00 0.0000e+00 0.0000e+00 -3.8208e+00 9.0821e+00 0.0000e+00 0.0000e+00 0.0000e+00 0.0000e+00 6.7103e+00 6.4129e-02 0.0000e+00 0.0000e+00 -6.4129e-02 6.8665e+00 
75.0 9.4046e+00 -3.7899e+00 0.0000e+00 0.0000e+00 -3.7899e+00 8.7608e+00 0.0000e+00 0.0000e+00 0.0000e+00 0.0000e+00 6.3324e+00 9.4498e-02 0.0000e+00 0.0000e+00 -9.4498e-02 6.4977e+00 
76.0 9.0987e+00 -3.7576e+00 0.0000e+00 0.0000e+00 -3.7576e+00 8.4551e+00 0.0000e+00 0.0000e+00 0.0000e+00 0.0000e+00 5.9706e+00 1.2325e-01 0.0000e+00 0.0000e+00 -1.2325e-01 6.1450e+00 
77.0 8.8078e+00 -3.7241e+00 0.0000e+00 0.0000e+00 -3.7241e+00 8.1644e+00 0.0000e+00 0.0000e+00 0.0000e+00 0.0000e+00 5.6242e+00 1.5043e-01 0.0000e+00 0.0000e+00 -1.5043e-01 5.8074e+00 
78.0 8.5309e+00 -3.6894e+00 0.0000e+00 0.0000e+00 -3.6894e+00 7.8877e+00 0.0000e+00 0.0000e+00 0.0000e+00 0.0000e+00 5.2924e+00 1.7609e-01 0.0000e+00 0.0000e+00 -1.7609e-01 5.4843e+00 
79.0 8.2674e+00 -3.6535e+00 0.0000e+00 0.0000e+00 -3.6535e+00 7.6243e+00 0.0000e+00 0.0000e+00 0.0000e+00 0.0000e+00 4.9743e+00 2.0028e-01 0.0000e+00 0.0000e+00 -2.0028e-01 5.1748e+00 
80.0 8.0165e+00 -3.6165e+00 0.0000e+00 0.0000e+00 -3.6165e+00 7.3736e+00 0.0000e+00 0.0000e+00 0.0000e+00 0.0000e+00 4.6693e+00 2.2306e-01 0.0000e+00 0.0000e+00 -2.2306e-01 4.8782e+00 
81.0 7.7777e+00 -3.5784e+00 0.0000e+00 0.0000e+00 -3.5784e+00 7.1350e+00 0.0000e+00 0.0000e+00 0.0000e+00 0.0000e+00 4.3767e+00 2.4447e-01 0.0000e+00 0.0000e+00 -2.4447e-01 4.5940e+00 
82.0 7.5503e+00 -3.5393e+00 0.0000e+00 0.0000e+00 -3.5393e+00 6.9078e+00 0.0000e+00 0.0000e+00 0.0000e+00 0.0000e+00 4.0959e+00 2.6456e-01 0.0000e+00 0.0000e+00 -2.6456e-01 4.3213e+00 
83.0 7.3337e+00 -3.4993e+00 0.0000e+00 0.0000e+00 -3.4993e+00 6.6915e+00 0.0000e+00 0.0000e+00 0.0000e+00 0.0000e+00 3.8263e+00 2.8339e-01 0.0000e+00 0.0000e+00 -2.8339e-01 4.0597e+00 
84.0 7.1274e+00 -3.4583e+00 0.0000e+00 0.0000e+00 -3.4583e+00 6.4855e+00 0.0000e+00 0.0000e+00 0.0000e+00 0.0000e+00 3.5675e+00 3.0100e-01 0.0000e+00 0.0000e+00 -3.0100e-01 3.8086e+00 
85.0 6.9309e+00 -3.4164e+00 0.0000e+00 0.0000e+00 -3.4164e+00 6.2894e+00 0.0000e+00 0.0000e+00 0.0000e+00 0.0000e+00 3.3188e+00 3.1744e-01 0.0000e+00 0.0000e+00 -3.1744e-01 3.5675e+00 
86.0 6.7436e+00 -3.3737e+00 0.0000e+00 0.0000e+00 -3.3737e+00 6.1027e+00 0.0000e+00 0.0000e+00 0.0000e+00 0.0000e+00 3.0797e+00 3.3277e-01 0.0000e+00 0.0000e+00 -3.3277e-01 3.3358e+00 
87.0 6.5653e+00 -3.3302e+00 0.0000e+00 0.0000e+00 -3.3302e+00 5.9249e+00 0.0000e+00 0.0000e+00 0.0000e+00 0.0000e+00 2.8499e+00 3.4702e-01 0.0000e+00 0.0000e+00 -3.4702e-01 3.1132e+00 
88.0 6.3953e+00 -3.2860e+00 0.0000e+00 0.0000e+00 -3.2860e+00 5.7556e+00 0.0000e+00 0.0000e+00 0.0000e+00 0.0000e+00 2.6289e+00 3.6025e-01 0.0000e+00 0.0000e+00 -3.6025e-01 2.8992e+00 
89.0 6.2334e+00 -3.2411e+00 0.0000e+00 0.0000e+00 -3.2411e+00 5.5944e+00 0.0000e+00 0.0000e+00 0.0000e+00 0.0000e+00 2.4163e+00 3.7251e-01 0.0000e+00 0.0000e+00 -3.7251e-01 2.6934e+00 
90.0 6.0792e+00 -3.1955e+00 0.0000e+00 0.0000e+00 -3.1955e+00 5.4410e+00 0.0000e+00 0.0000e+00 0.0000e+00 0.0000e+00 2.2117e+00 3.8383e-01 0.0000e+00 0.0000e+00 -3.8383e-01 2.4954e+00 
91.0 5.9322e+00 -3.1493e+00 0.0000e+00 0.0000e+00 -3.1493e+00 5.2950e+00 0.0000e+00 0.0000e+00 0.0000e+00 0.0000e+00 2.0149e+00 3.9426e-01 0.0000e+00 0.0000e+00 -3.9426e-01 2.3048e+00 
92.0 5.7923e+00 -3.1026e+00 0.0000e+00 0.0000e+00 -3.1026e+00 5.1560e+00 0.0000e+00 0.0000e+00 0.0000e+00 0.0000e+00 1.8253e+00 4.0383e-01 0.0000e+00 0.0000e+00 -4.0383e-01 2.1214e+00 
93.0 5.6589e+00 -3.0553e+00 0.0000e+00 0.0000e+00 -3.0553e+00 5.0238e+00 0.0000e+00 0.0000e+00 0.0000e+00 0.0000e+00 1.6428e+00 4.1259e-01 0.0000e+00 0.0000e+00 -4.1259e-01 1.9447e+00 
94.0 5.5319e+00 -3.0075e+00 0.0000e+00 0.0000e+00 -3.0075e+00 4.8980e+00 0.0000e+00 0.0000e+00 0.0000e+00 0.0000e+00 1.4670e+00 4.2056e-01 0.0000e+00 0.0000e+00 -4.2056e-01 1.7745e+00 
95.0 5.4110e+00 -2.9592e+00 0.0000e+00 0.0000e+00 -2.9592e+00 4.7784e+00 0.0000e+00 0.0000e+00 0.0000e+00 0.0000e+00 1.2976e+00 4.2778e-01 0.0000e+00 0.0000e+00 -4.2778e-01 1.6106e+00 
96.0 5.2959e+00 -2.9105e+00 0.0000e+00 0.0000e+00 -2.9105e+00 4.6648e+00 0.0000e+00 0.0000e+00 0.0000e+00 0.0000e+00 1.1344e+00 4.3428e-01 0.0000e+00 0.0000e+00 -4.3428e-01 1.4525e+00 
97.0 5.1863e+00 -2.8614e+00 0.0000e+00 0.0000e+00 -2.8614e+00 4.5567e+00 0.0000e+00 0.0000e+00 0.0000e+00 0.0000e+00 9.7711e-01 4.4009e-01 0.0000e+00 0.0000e+00 -4.4009e-01 1.3001e+00 
98.0 5.0820e+00 -2.8119e+00 0.0000e+00 0.0000e+00 -2.8119e+00 4.4542e+00 0.0000e+00 0.0000e+00 0.0000e+00 0.0000e+00 8.2548e-01 4.4526e-01 0.0000e+00 0.0000e+00 -4.4526e-01 1.1531e+00 
99.0 4.9828e+00 -2.7620e+00 0.0000e+00 0.0000e+00 -2.7620e+00 4.3568e+00 0.0000e+00 0.0000e+00 0.0000e+00 0.0000e+00 6.7928e-01 4.4980e-01 0.0000e+00 0.0000e+00 -4.4980e-01 1.0113e+00 
100.0 4.8885e+00 -2.7118e+00 0.0000e+00 0.0000e+00 -2.7118e+00 4.2644e+00 0.0000e+00 0.0000e+00 0.0000e+00 0.0000e+00 5.3830e-01 4.5375e-01 0.0000e+00 0.0000e+00 -4.5375e-01 8.7442e-01 
101.0 4.7988e+00 -2.6612e+00 0.0000e+00 0.0000e+00 -2.6612e+00 4.1768e+00 0.0000e+00 0.0000e+00 0.0000e+00 0.0000e+00 4.0231e-01 4.5715e-01 0.0000e+00 0.0000e+00 -4.5715e-01 7.4229e-01 
102.0 4.7135e+00 -2.6104e+00 0.0000e+00 0.0000e+00 -2.6104e+00 4.0937e+00 0.0000e+00 0.0000e+00 0.0000e+00 0.0000e+00 2.7111e-01 4.6002e-01 0.0000e+00 0.0000e+00 -4.6002e-01 6.1468e-01 
103.0 4.6325e+00 -2.5593e+00 0.0000e+00 0.0000e+00 -2.5593e+00 4.0151e+00 0.0000e+00 0.0000e+00 0.0000e+00 0.0000e+00 1.4452e-01 4.6239e-01 0.0000e+00 0.0000e+00 -4.6239e-01 4.9141e-01 
104.0 4.5557e+00 -2.5079e+00 0.0000e+00 0.0000e+00 -2.5079e+00 3.9407e+00 0.0000e+00 0.0000e+00 0.0000e+00 0.0000e+00 2.2352e-02 4.6429e-01 0.0000e+00 0.0000e+00 -4.6429e-01 3.7231e-01 
105.0 4.4827e+00 -2.4563e+00 0.0000e+00 0.0000e+00 -2.4563e+00 3.8704e+00 0.0000e+00 0.0000e+00 0.0000e+00 0.0000e+00 -9.5571e-02 4.6575e-01 0.0000e+00 0.0000e+00 -4.6575e-01 2.5719e-01 
106.0 4.4135e+00 -2.4045e+00 0.0000e+00 0.0000e+00 -2.4045e+00 3.8040e+00 0.0000e+00 0.0000e+00 0.0000e+00 0.0000e+00 -2.0941e-01 4.6680e-01 0.0000e+00 0.0000e+00 -4.6680e-01 1.4589e-01 
107.0 4.3480e+00 -2.3525e+00 0.0000e+00 0.0000e+00 -2.3525e+00 3.7413e+00 0.0000e+00 0.0000e+00 0.0000e+00 0.0000e+00 -3.1933e-01 4.6747e-01 0.0000e+00 0.0000e+00 -4.6747e-01 3.8261e-02 
108.0 4.2859e+00 -2.3004e+00 0.0000e+00 0.0000e+00 -2.3004e+00 3.6823e+00 0.0000e+00 0.0000e+00 0.0000e+00 0.0000e+00 -4.2548e-01 4.6779e-01 0.0000e+00 0.0000e+00 -4.6779e-01 -6.5839e-02 
109.0 4.2272e+00 -2.2481e+00 0.0000e+00 0.0000e+00 -2.2481e+00 3.6267e+00 0.0000e+00 0.0000e+00 0.0000e+00 0.0000e+00 -5.2799e-01 4.6777e-01 0.0000e+00 0.0000e+00 -4.6777e-01 -1.6655e-01 
110.0 4.1716e+00 -2.1957e+00 0.0000e+00 0.0000e+00 -2.1957e+00 3.5744e+00 0.0000e+00 0.0000e+00 0.0000e+00 0.0000e+00 -6.2702e-01 4.6745e-01 0.0000e+00 0.0000e+00 -4.6745e-01 -2.6401e-01 
111.0 4.1192e+00 -2.1432e+00 0.0000e+00 0.0000e+00 -2.1432e+00 3.5254e+00 0.0000e+00 0.0000e+00 0.0000e+00 0.0000e+00 -7.2268e-01 4.6685e-01 0.0000e+00 0.0000e+00 -4.6685e-01 -3.5834e-01 
112.0 4.0697e+00 -2.0907e+00 0.0000e+00 0.0000e+00 -2.0907e+00 3.4794e+00 0.0000e+00 0.0000e+00 0.0000e+00 0.0000e+00 -8.1511e-01 4.6600e-01 0.0000e+00 0.0000e+00 -4.6600e-01 -4.4965e-01 
113.0 4.0231e+00 -2.0382e+00 0.0000e+00 0.0000e+00 -2.0382e+00 3.4364e+00 0.0000e+00 0.0000e+00 0.0000e+00 0.0000e+00 -9.0442e-01 4.6490e-01 0.0000e+00 0.0000e+00 -4.6490e-01 -5.3806e-01 
114.0 3.9792e+00 -1.9857e+00 0.0000e+00 0.0000e+00 -1.9857e+00 3.3963e+00 0.0000e+00 0.0000e+00 0.0000e+00 0.0000e+00 -9.9073e-01 4.6358e-01 0.0000e+00 0.0000e+00 -4.6358e-01 -6.2367e-01 
115.0 3.9380e+00 -1.9332e+00 0.0000e+00 0.0000e+00 -1.9332e+00 3.3589e+00 0.0000e+00 0.0000e+00 0.0000e+00 0.0000e+00 -1.0741e+00 4.6205e-01 0.0000e+00 0.0000e+00 -4.6205e-01 -7.0659e-01 
116.0 3.8993e+00 -1.8809e+00 0.0000e+00 0.0000e+00 -1.8809e+00 3.3241e+00 0.0000e+00 0.0000e+00 0.0000e+00 0.0000e+00 -1.1548e+00 4.6033e-01 0.0000e+00 0.0000e+00 -4.6033e-01 -7.8690e-01 
117.0 3.8630e+00 -1.8286e+00 0.0000e+00 0.0000e+00 -1.8286e+00 3.2918e+00 0.0000e+00 0.0000e+00 0.0000e+00 0.0000e+00 -1.2327e+00 4.5842e-01 0.0000e+00 0.0000e+00 -4.5842e-01 -8.6471e-01 
118.0 3.8291e+00 -1.7766e+00 0.0000e+00 0.0000e+00 -1.7766e+00 3.2620e+00 0.0000e+00 0.0000e+00 0.0000e+00 0.0000e+00 -1.3081e+00 4.5634e-01 0.0000e+00 0.0000e+00 -4.5634e-01 -9.4009e-01 
119.0 3.7975e+00 -1.7247e+00 0.0000e+00 0.0000e+00 -1.7247e+00 3.2345e+00 0.0000e+00 0.0000e+00 0.0000e+00 0.0000e+00 -1.3809e+00 4.5410e-01 0.0000e+00 0.0000e+00 -4.5410e-01 -1.0131e+00 
120.0 3.7680e+00 -1.6730e+00 0.0000e+00 0.0000e+00 -1.6730e+00 3.2092e+00 0.0000e+00 0.0000e+00 0.0000e+00 0.0000e+00 -1.4514e+00 4.5169e-01 0.0000e+00 0.0000e+00 -4.5169e-01 -1.0839e+00 
121.0 3.7407e+00 -1.6216e+00 0.0000e+00 0.0000e+00 -1.6216e+00 3.1861e+00 0.0000e+00 0.0000e+00 0.0000e+00 0.0000e+00 -1.5195e+00 4.4912e-01 0.0000e+00 0.0000e+00 -4.4912e-01 -1.1526e+00 
122.0 3.7153e+00 -1.5705e+00 0.0000e+00 0.0000e+00 -1.5705e+00 3.1650e+00 0.0000e+00 0.0000e+00 0.0000e+00 0.0000e+00 -1.5854e+00 4.4638e-01 0.0000e+00 0.0000e+00 -4.4638e-01 -1.2191e+00 
123.0 3.6918e+00 -1.5197e+00 0.0000e+00 0.0000e+00 -1.5197e+00 3.1459e+00 0.0000e+00 0.0000e+00 0.0000e+00 0.0000e+00 -1.6492e+00 4.4349e-01 0.0000e+00 0.0000e+00 -4.4349e-01 -1.2836e+00 
124.0 3.6702e+00 -1.4692e+00 0.0000e+00 0.0000e+00 -1.4692e+00 3.1287e+00 0.0000e+00 0.0000e+00 0.0000e+00 0.0000e+00 -1.7109e+00 4.4042e-01 0.0000e+00 0.0000e+00 -4.4042e-01 -1.3462e+00 
125.0 3.6503e+00 -1.4191e+00 0.0000e+00 0.0000e+00 -1.4191e+00 3.1133e+00 0.0000e+00 0.0000e+00 0.0000e+00 0.0000e+00 -1.7706e+00 4.3717e-01 0.0000e+00 0.0000e+00 -4.3717e-01 -1.4070e+00 
126.0 3.6322e+00 -1.3694e+00 0.0000e+00 0.0000e+00 -1.3694e+00 3.0997e+00 0.0000e+00 0.0000e+00 0.0000e+00 0.0000e+00 -1.8284e+00 4.3375e-01 0.0000e+00 0.0000e+00 -4.3375e-01 -1.4659e+00 
127.0 3.6156e+00 -1.3200e+00 0.0000e+00 0.0000e+00 -1.3200e+00 3.0877e+00 0.0000e+00 0.0000e+00 0.0000e+00 0.0000e+00 -1.8843e+00 4.3014e-01 0.0000e+00 0.0000e+00 -4.3014e-01 -1.5231e+00 
128.0 3.6005e+00 -1.2711e+00 0.0000e+00 0.0000e+00 -1.2711e+00 3.0773e+00 0.0000e+00 0.0000e+00 0.0000e+00 0.0000e+00 -1.9385e+00 4.2634e-01 0.0000e+00 0.0000e+00 -4.2634e-01 -1.5787e+00 
129.0 3.5870e+00 -1.2227e+00 0.0000e+00 0.0000e+00 -1.2227e+00 3.0684e+00 0.0000e+00 0.0000e+00 0.0000e+00 0.0000e+00 -1.9910e+00 4.2234e-01 0.0000e+00 0.0000e+00 -4.2234e-01 -1.6327e+00 
130.0 3.5748e+00 -1.1747e+00 0.0000e+00 0.0000e+00 -1.1747e+00 3.0610e+00 0.0000e+00 0.0000e+00 0.0000e+00 0.0000e+00 -2.0419e+00 4.1813e-01 0.0000e+00 0.0000e+00 -4.1813e-01 -1.6852e+00 
131.0 3.5639e+00 -1.1272e+00 0.0000e+00 0.0000e+00 -1.1272e+00 3.0550e+00 0.0000e+00 0.0000e+00 0.0000e+00 0.0000e+00 -2.0912e+00 4.1371e-01 0.0000e+00 0.0000e+00 -4.1371e-01 -1.7362e+00 
132.0 3.5543e+00 -1.0802e+00 0.0000e+00 0.0000e+00 -1.0802e+00 3.0503e+00 0.0000e+00 0.0000e+00 0.0000e+00 0.0000e+00 -2.1390e+00 4.0906e-01 0.0000e+00 0.0000e+00 -4.0906e-01 -1.7859e+00 
133.0 3.5460e+00 -1.0336e+00 0.0000e+00 0.0000e+00 -1.0336e+00 3.0469e+00 0.0000e+00 0.0000e+00 0.0000e+00 0.0000e+00 -2.1853e+00 4.0419e-01 0.0000e+00 0.0000e+00 -4.0419e-01 -1.8342e+00 
134.0 3.5388e+00 -9.8762e-01 0.0000e+00 0.0000e+00 -9.8762e-01 3.0447e+00 0.0000e+00 0.0000e+00 0.0000e+00 0.0000e+00 -2.2302e+00 3.9910e-01 0.0000e+00 0.0000e+00 -3.9910e-01 -1.8812e+00 
135.0 3.5326e+00 -9.4213e-01 0.0000e+00 0.0000e+00 -9.4213e-01 3.0437e+00 0.0000e+00 0.0000e+00 0.0000e+00 0.0000e+00 -2.2738e+00 3.9377e-01 0.0000e+00 0.0000e+00 -3.9377e-01 -1.9270e+00 
136.0 3.5276e+00 -8.9717e-01 0.0000e+00 0.0000e+00 -8.9717e-01 3.0439e+00 0.0000e+00 0.0000e+00 0.0000e+00 0.0000e+00 -2.3160e+00 3.8822e-01 0.0000e+00 0.0000e+00 -3.8822e-01 -1.9717e+00 
137.0 3.5236e+00 -8.5276e-01 0.0000e+00 0.0000e+00 -8.5276e-01 3.0451e+00 0.0000e+00 0.0000e+00 0.0000e+00 0.0000e+00 -2.3570e+00 3.8243e-01 0.0000e+00 0.0000e+00 -3.8243e-01 -2.0152e+00 
138.0 3.5205e+00 -8.0891e-01 0.0000e+00 0.0000e+00 -8.0891e-01 3.0474e+00 0.0000e+00 0.0000e+00 0.0000e+00 0.0000e+00 -2.3968e+00 3.7641e-01 0.0000e+00 0.0000e+00 -3.7641e-01 -2.0576e+00 
139.0 3.5185e+00 -7.6563e-01 0.0000e+00 0.0000e+00 -7.6563e-01 3.0507e+00 0.0000e+00 0.0000e+00 0.0000e+00 0.0000e+00 -2.4355e+00 3.7016e-01 0.0000e+00 0.0000e+00 -3.7016e-01 -2.0990e+00 
140.0 3.5173e+00 -7.2295e-01 0.0000e+00 0.0000e+00 -7.2295e-01 3.0550e+00 0.0000e+00 0.0000e+00 0.0000e+00 0.0000e+00 -2.4730e+00 3.6368e-01 0.0000e+00 0.0000e+00 -3.6368e-01 -2.1394e+00 
141.0 3.5170e+00 -6.8088e-01 0.0000e+00 0.0000e+00 -6.8088e-01 3.0603e+00 0.0000e+00 0.0000e+00 0.0000e+00 0.0000e+00 -2.5094e+00 3.5697e-01 0.0000e+00 0.0000e+00 -3.5697e-01 -2.1788e+00 
142.0 3.5175e+00 -6.3944e-01 0.0000e+00 0.0000e+00 -6.3944e-01 3.0665e+00 0.0000e+00 0.0000e+00 0.0000e+00 0.0000e+00 -2.5448e+00 3.5003e-01 0.0000e+00 0.0000e+00 -3.5003e-01 -2.2172e+00 
143.0 3.5188e+00 -5.9866e-01 0.0000e+00 0.0000e+00 -5.9866e-01 3.0735e+00 0.0000e+00 0.0000e+00 0.0000e+00 0.0000e+00 -2.5791e+00 3.4284e-01 0.0000e+00 0.0000e+00 -3.4284e-01 -2.2548e+00 
144.0 3.5208e+00 -5.5857e-01 0.0000e+00 0.0000e+00 -5.5857e-01 3.0814e+00 0.0000e+00 0.0000e+00 0.0000e+00 0.0000e+00 -2.6124e+00 3.3540e-01 0.0000e+00 0.0000e+00 -3.3540e-01 -2.2915e+00 
145.0 3.5236e+00 -5.1918e-01 0.0000e+00 0.0000e+00 -5.1918e-01 3.0900e+00 0.0000e+00 0.0000e+00 0.0000e+00 0.0000e+00 -2.6448e+00 3.2769e-01 0.0000e+00 0.0000e+00 -3.2769e-01 -2.3273e+00 
146.0 3.5270e+00 -4.8051e-01 0.0000e+00 0.0000e+00 -4.8051e-01 3.0994e+00 0.0000e+00 0.0000e+00 0.0000e+00 0.0000e+00 -2.6763e+00 3.1969e-01 0.0000e+00 0.0000e+00 -3.1969e-01 -2.3622e+00 
147.0 3.5311e+00 -4.4261e-01 0.0000e+00 0.0000e+00 -4.4261e-01 3.1094e+00 0.0000e+00 0.0000e+00 0.0000e+00 0.0000e+00 -2.7068e+00 3.1139e-01 0.0000e+00 0.0000e+00 -3.1139e-01 -2.3963e+00 
148.0 3.5358e+00 -4.0548e-01 0.0000e+00 0.0000e+00 -4.0548e-01 3.1201e+00 0.0000e+00 0.0000e+00 0.0000e+00 0.0000e+00 -2.7365e+00 3.0276e-01 0.0000e+00 0.0000e+00 -3.0276e-01 -2.4295e+00 
149.0 3.5412e+00 -3.6916e-01 0.0000e+00 0.0000e+00 -3.6916e-01 3.1315e+00 0.0000e+00 0.0000e+00 0.0000e+00 0.0000e+00 -2.7653e+00 2.9379e-01 0.0000e+00 0.0000e+00 -2.9379e-01 -2.4619e+00 
150.0 3.5471e+00 -3.3368e-01 0.0000e+00 0.0000e+00 -3.3368e-01 3.1434e+00 0.0000e+00 0.0000e+00 0.0000e+00 0.0000e+00 -2.7933e+00 2.8447e-01 0.0000e+00 0.0000e+00 -2.8447e-01 -2.4935e+00 
151.0 3.5537e+00 -2.9908e-01 0.0000e+00 0.0000e+00 -2.9908e-01 3.1560e+00 0.0000e+00 0.0000e+00 0.0000e+00 0.0000e+00 -2.8205e+00 2.7474e-01 0.0000e+00 0.0000e+00 -2.7474e-01 -2.5243e+00 
152.0 3.5609e+00 -2.6542e-01 0.0000e+00 0.0000e+00 -2.6542e-01 3.1690e+00 0.0000e+00 0.0000e+00 0.0000e+00 0.0000e+00 -2.8469e+00 2.6456e-01 0.0000e+00 0.0000e+00 -2.6456e-01 -2.5543e+00 
153.0 3.5687e+00 -2.3276e-01 0.0000e+00 0.0000e+00 -2.3276e-01 3.1825e+00 0.0000e+00 0.0000e+00 0.0000e+00 0.0000e+00 -2.8727e+00 2.5387e-01 0.0000e+00 0.0000e+00 -2.5387e-01 -2.5834e+00 
154.0 3.5771e+00 -2.0119e-01 0.0000e+00 0.0000e+00 -2.0119e-01 3.1964e+00 0.0000e+00 0.0000e+00 0.0000e+00 0.0000e+00 -2.8978e+00 2.4256e-01 0.0000e+00 0.0000e+00 -2.4256e-01 -2.6118e+00 
155.0 3.5859e+00 -1.7082e-01 0.0000e+00 0.0000e+00 -1.7082e-01 3.2105e+00 0.0000e+00 0.0000e+00 0.0000e+00 0.0000e+00 -2.9224e+00 2.3051e-01 0.0000e+00 0.0000e+00 -2.3051e-01 -2.6394e+00 
156.0 3.5951e+00 -1.4180e-01 0.0000e+00 0.0000e+00 -1.4180e-01 3.2247e+00 0.0000e+00 0.0000e+00 0.0000e+00 0.0000e+00 -2.9465e+00 2.1757e-01 0.0000e+00 0.0000e+00 -2.1757e-01 -2.6662e+00 
157.0 3.6047e+00 -1.1430e-01 0.0000e+00 0.0000e+00 -1.1430e-01 3.2388e+00 0.0000e+00 0.0000e+00 0.0000e+00 0.0000e+00 -2.9702e+00 2.0357e-01 0.0000e+00 0.0000e+00 -2.0357e-01 -2.6922e+00 
158.0 3.6144e+00 -8.8539e-02 0.0000e+00 0.0000e+00 -8.8539e-02 3.2525e+00 0.0000e+00 0.0000e+00 0.0000e+00 0.0000e+00 -2.9938e+00 1.8833e-01 0.0000e+00 0.0000e+00 -1.8833e-01 -2.7174e+00 
159.0 3.6242e+00 -6.4743e-02 0.0000e+00 0.0000e+00 -6.4743e-02 3.2654e+00 0.0000e+00 0.0000e+00 0.0000e+00 0.0000e+00 -3.0173e+00 1.7168e-01 0.0000e+00 0.0000e+00 -1.7168e-01 -2.7416e+00 
160.0 3.6341e+00 -4.3157e-02 0.0000e+00 0.0000e+00 -4.3157e-02 3.2774e+00 0.0000e+00 0.0000e+00 0.0000e+00 0.0000e+00 -3.0410e+00 1.5350e-01 0.0000e+00 0.0000e+00 -1.5350e-01 -2.7648e+00 
161.0 3.6441e+00 -2.4018e-02 0.0000e+00 0.0000e+00 -2.4018e-02 3.2881e+00 0.0000e+00 0.0000e+00 0.0000e+00 0.0000e+00 -3.0649e+00 1.3372e-01 0.0000e+00 0.0000e+00 -1.3372e-01 -2.7868e+00 
162.0 3.6545e+00 -7.5317e-03 0.0000e+00 0.0000e+00 -7.5317e-03 3.2974e+00 0.0000e+00 0.0000e+00 0.0000e+00 0.0000e+00 -3.0894e+00 1.1242e-01 0.0000e+00 0.0000e+00 -1.1242e-01 -2.8072e+00 
163.0 3.6656e+00 6.1424e-03 0.0000e+00 0.0000e+00 6.1424e-03 3.3052e+00 0.0000e+00 0.0000e+00 0.0000e+00 0.0000e+00 -3.1147e+00 8.9787e-02 0.0000e+00 0.0000e+00 -8.9787e-02 -2.8258e+00 
164.0 3.6781e+00 1.6913e-02 0.0000e+00 0.0000e+00 1.6913e-02 3.3116e+00 0.0000e+00 0.0000e+00 0.0000e+00 0.0000e+00 -3.1409e+00 6.6210e-02 0.0000e+00 0.0000e+00 -6.6210e-02 -2.8422e+00 
165.0 3.6927e+00 2.4773e-02 0.0000e+00 0.0000e+00 2.4773e-02 3.3168e+00 0.0000e+00 0.0000e+00 0.0000e+00 0.0000e+00 -3.1682e+00 4.2237e-02 0.0000e+00 0.0000e+00 -4.2237e-02 -2.8559e+00 
166.0 3.7103e+00 2.9809e-02 0.0000e+00 0.0000e+00 2.9809e-02 3.3213e+00 0.0000e+00 0.0000e+00 0.0000e+00 0.0000e+00 -3.1968e+00 1.8597e-02 0.0000e+00 0.0000e+00 -1.8597e-02 -2.8666e+00 
167.0 3.7321e+00 3.2210e-02 0.0000e+00 0.0000e+00 3.2210e-02 3.3255e+00 0.0000e+00 0.0000e+00 0.0000e+00 0.0000e+00 -3.2269e+00 -3.8227e-03 0.0000e+00 0.0000e+00 3.8227e-03 -2.8737e+00 
168.0 3.7591e+00 3.2264e-02 0.0000e+00 0.0000e+00 3.2264e-02 3.3303e+00 0.0000e+00 0.0000e+00 0.0000e+00 0.0000e+00 -3.2584e+00 -2.4015e-02 0.0000e+00 0.0000e+00 2.4015e-02 -2.8770e+00 
169.0 3.7923e+00 3.0353e-02 0.0000e+00 0.0000e+00 3.0353e-02 3.3364e+00 0.0000e+00 0.0000e+00 0.0000e+00 0.0000e+00 -3.2913e+00 -4.0912e-02 0.0000e+00 0.0000e+00 4.0912e-02 -2.8761e+00 
170.0 3.8325e+00 2.6940e-02 0.0000e+00 0.0000e+00 2.6940e-02 3.3446e+00 0.0000e+00 0.0000e+00 0.0000e+00 0.0000e+00 -3.3254e+00 -5.3484e-02 0.0000e+00 0.0000e+00 5.3484e-02 -2.8710e+00 
171.0 3.8800e+00 2.2547e-02 0.0000e+00 0.0000e+00 2.2547e-02 3.3556e+00 0.0000e+00 0.0000e+00 0.0000e+00 0.0000e+00 -3.3602e+00 -6.0876e-02 0.0000e+00 0.0000e+00 6.0876e-02 -2.8619e+00 
172.0 3.9343e+00 1.7718e-02 0.0000e+00 0.0000e+00 1.7718e-02 3.3699e+00 0.0000e+00 0.0000e+00 0.0000e+00 0.0000e+00 -3.3951e+00 -6.2583e-02 0.0000e+00 0.0000e+00 6.2583e-02 -2.8493e+00 
173.0 3.9941e+00 1.2969e-02 0.0000e+00 0.0000e+00 1.2969e-02 3.3876e+00 0.0000e+00 0.0000e+00 0.0000e+00 0.0000e+00 -3.4293e+00 -5.8632e-02 0.0000e+00 0.0000e+00 5.8632e-02 -2.8339e+00 
174.0 4.0567e+00 8.7324e-03 0.0000e+00 0.0000e+00 8.7324e-03 3.4078e+00 0.0000e+00 0.0000e+00 0.0000e+00 0.0000e+00 -3.4616e+00 -4.9755e-02 0.0000e+00 0.0000e+00 4.9755e-02 -2.8169e+00 
175.0 4.1183e+00 5.2983e-03 0.0000e+00 0.0000e+00 5.2983e-03 3.4291e+00 0.0000e+00 0.0000e+00 0.0000e+00 0.0000e+00 -3.4907e+00 -3.7453e-02 0.0000e+00 0.0000e+00 3.7453e-02 -2.7997e+00 
176.0 4.1741e+00 2.7876e-03 0.0000e+00 0.0000e+00 2.7876e-03 3.4497e+00 0.0000e+00 0.0000e+00 0.0000e+00 0.0000e+00 -3.5154e+00 -2.3901e-02 0.0000e+00 0.0000e+00 2.3901e-02 -2.7841e+00 
177.0 4.2188e+00 1.1611e-03 0.0000e+00 0.0000e+00 1.1611e-03 3.4669e+00 0.0000e+00 0.0000e+00 0.0000e+00 0.0000e+00 -3.5341e+00 -1.1640e-02 0.0000e+00 0.0000e+00 1.1640e-02 -2.7715e+00 
178.0 4.2480e+00 2.8069e-04 0.0000e+00 0.0000e+00 2.8069e-04 3.4784e+00 0.0000e+00 0.0000e+00 0.0000e+00 0.0000e+00 -3.5459e+00 -3.0930e-03 0.0000e+00 0.0000e+00 3.0930e-03 -2.7633e+00 
179.0 4.2582e+00 1.0053e-21 0.0000e+00 0.0000e+00 1.0053e-21 3.4824e+00 0.0000e+00 0.0000e+00 0.0000e+00 0.0000e+00 -3.5500e+00 -3.3334e-20 0.0000e+00 0.0000e+00 3.3334e-20 -2.7604e+00 
180.0 4.2684e+00 0.0000e+00 0.0000e+00 0.0000e+00 0.0000e+00 3.4865e+00 0.0000e+00 0.0000e+00 0.0000e+00 0.0000e+00 -3.5540e+00 0.0000e+00 0.0000e+00 0.0000e+00 -0.0000e+00 -2.7576e+00 
