1.7561 2.1887 0.4326 0.065008
theta s11 s12 s13 s14 s21 s22 s23 s24 s31 s32 s33 s34 s41 s42 s43 s44
0.0 9.1553e+02 0.0000e+00 0.0000e+00 0.0000e+00 0.0000e+00 9.1443e+02 0.0000e+00 0.0000e+00 0.0000e+00 0.0000e+00 9.1443e+02 0.0000e+00 0.0000e+00 0.0000e+00 -0.0000e+00 9.1333e+02 
1.0 8.7749e+02 -5.8744e-03 0.0000e+00 0.0000e+00 -5.8744e-03 8.7640e+02 0.0000e+00 0.0000e+00 0.0000e+00 0.0000e+00 8.7640e+02 -3.6004e-01 0.0000e+00 0.0000e+00 3.6004e-01 8.7530e+02 
2.0 8.1098e+02 -7.5660e-03 0.0000e+00 0.0000e+00 -7.5660e-03 8.0990e+02 0.0000e+00 0.0000e+00 0.0000e+00 0.0000e+00 8.0989e+02 -1.3432e+00 0.0000e+00 0.0000e+00 1.3432e+00 8.0882e+02 
3.0 7.3352e+02 6.8444e-03 0.0000e+00 0.0000e+00 6.8444e-03 7.3246e+02 0.0000e+00 0.0000e+00 0.0000e+00 0.0000e+00 7.3244e+02 -2.7149e+00 0.0000e+00 0.0000e+00 2.7149e+00 7.3140e+02 
4.0 6.5073e+02 3.9236e-02 0.0000e+00 0.0000e+00 3.9236e-02 6.4970e+02 0.0000e+00 0.0000e+00 0.0000e+00 0.0000e+00 6.4967e+02 -4.2115e+00 0.0000e+00 0.0000e+00 4.2115e+00 6.4867e+02 
5.0 5.6896e+02 8.2785e-02 0.0000e+00 0.0000e+00 8.2785e-02 5.6796e+02 0.0000e+00 0.0000e+00 0.0000e+00 0.0000e+00 5.6790e+02 -5.6156e+00 0.0000e+00 0.0000e+00 5.6156e+00 5.6695e+02 
6.0 4.9255e+02 1.2616e-01 0.0000e+00 0.0000e+00 1.2616e-01 4.9158e+02 0.0000e+00 0.0000e+00 0.0000e+00 0.0000e+00 4.9147e+02 -6.7809e+00 0.0000e+00 0.0000e+00 6.7809e+00 4.9057e+02 
7.0 4.2389e+02 1.5843e-01 0.0000e+00 0.0000e+00 1.5843e-01 4.2295e+02 0.0000e+00 0.0000e+00 0.0000e+00 0.0000e+00 4.2279e+02 -7.6329e+00 0.0000e+00 0.0000e+00 7.6329e+00 4.2194e+02 
8.0 3.6391e+02 1.7234e-01 0.0000e+00 0.0000e+00 1.7234e-01 3.6301e+02 0.0000e+00 0.0000e+00 0.0000e+00 0.0000e+00 3.6278e+02 -8.1578e+00 0.0000e+00 0.0000e+00 8.1578e+00 3.6198e+02 
9.0 3.1256e+02 1.6517e-01 0.0000e+00 0.0000e+00 1.6517e-01 3.1169e+02 0.0000e+00 0.0000e+00 0.0000e+00 0.0000e+00 3.1140e+02 -8.3841e+00 0.0000e+00 0.0000e+00 8.3841e+00 3.1065e+02 
10.0 2.6922e+02 1.3794e-01 0.0000e+00 0.0000e+00 1.3794e-01 2.6838e+02 0.0000e+00 0.0000e+00 0.0000e+00 0.0000e+00 2.6802e+02 -8.3630e+00 0.0000e+00 0.0000e+00 8.3630e+00 2.6732e+02 
11.0 2.3296e+02 9.3885e-02 0.0000e+00 0.0000e+00 9.3885e-02 2.3215e+02 0.0000e+00 0.0000e+00 0.0000e+00 0.0000e+00 2.3172e+02 -8.1541e+00 0.0000e+00 0.0000e+00 8.1541e+00 2.3107e+02 
12.0 2.0277e+02 3.7142e-02 0.0000e+00 0.0000e+00 3.7142e-02 2.0198e+02 0.0000e+00 0.0000e+00 0.0000e+00 0.0000e+00 2.0150e+02 -7.8140e+00 0.0000e+00 0.0000e+00 7.8140e+00 2.0089e+02 
13.0 1.7767e+02 -2.9417e-02 0.0000e+00 0.0000e+00 -2.9417e-02 1.7691e+02 0.0000e+00 0.0000e+00 0.0000e+00 0.0000e+00 1.7638e+02 -7.3887e+00 0.0000e+00 0.0000e+00 7.3887e+00 1.7580e+02 
14.0 1.5680e+02 -9.8609e-02 0.0000e+00 0.0000e+00 -9.8609e-02 1.5606e+02 0.0000e+00 0.0000e+00 0.0000e+00 0.0000e+00 1.5548e+02 -6.9248e+00 0.0000e+00 0.0000e+00 6.9248e+00 1.5494e+02 
15.0 1.3940e+02 -1.7123e-01 0.0000e+00 0.0000e+00 -1.7123e-01 1.3868e+02 0.0000e+00 0.0000e+00 0.0000e+00 0.0000e+00 1.3806e+02 -6.4423e+00 0.0000e+00 0.0000e+00 6.4423e+00 1.3755e+02 
16.0 1.2482e+02 -2.4392e-01 0.0000e+00 0.0000e+00 -2.4392e-01 1.2411e+02 0.0000e+00 0.0000e+00 0.0000e+00 0.0000e+00 1.2345e+02 -5.9638e+00 0.0000e+00 0.0000e+00 5.9638e+00 1.2298e+02 
17.0 1.1252e+02 -3.1518e-01 0.0000e+00 0.0000e+00 -3.1518e-01 1.1183e+02 0.0000e+00 0.0000e+00 0.0000e+00 0.0000e+00 1.1114e+02 -5.5024e+00 0.0000e+00 0.0000e+00 5.5024e+00 1.1069e+02 
18.0 1.0207e+02 -3.8410e-01 0.0000e+00 0.0000e+00 -3.8410e-01 1.0139e+02 0.0000e+00 0.0000e+00 0.0000e+00 0.0000e+00 1.0068e+02 -5.0661e+00 0.0000e+00 0.0000e+00 5.0661e+00 1.0026e+02 
19.0 9.3119e+01 -4.5039e-01 0.0000e+00 0.0000e+00 -4.5039e-01 9.2452e+01 0.0000e+00 0.0000e+00 0.0000e+00 0.0000e+00 9.2051e+01 -4.6592e+00 0.0000e+00 0.0000e+00 4.6592e+00 9.1664e+01 
20.0 8.5389e+01 -5.1422e-01 0.0000e+00 0.0000e+00 -5.1422e-01 8.4734e+01 0.0000e+00 0.0000e+00 0.0000e+00 0.0000e+00 8.4591e+01 -4.2832e+00 0.0000e+00 0.0000e+00 4.2832e+00 8.4232e+01 
21.0 7.8654e+01 -5.7609e-01 0.0000e+00 0.0000e+00 -5.7609e-01 7.8008e+01 0.0000e+00 0.0000e+00 0.0000e+00 0.0000e+00 7.8085e+01 -3.9380e+00 0.0000e+00 0.0000e+00 3.9380e+00 7.7750e+01 
22.0 7.2730e+01 -6.3651e-01 0.0000e+00 0.0000e+00 -6.3651e-01 7.2095e+01 0.0000e+00 0.0000e+00 0.0000e+00 0.0000e+00 7.2360e+01 -3.6221e+00 0.0000e+00 0.0000e+00 3.6221e+00 7.2046e+01 
23.0 6.7476e+01 -6.9592e-01 0.0000e+00 0.0000e+00 -6.9592e-01 6.6849e+01 0.0000e+00 0.0000e+00 0.0000e+00 0.0000e+00 6.7276e+01 -3.3339e+00 0.0000e+00 0.0000e+00 3.3339e+00 6.6982e+01 
24.0 6.2778e+01 -7.5452e-01 0.0000e+00 0.0000e+00 -7.5452e-01 6.2160e+01 0.0000e+00 0.0000e+00 0.0000e+00 0.0000e+00 6.2726e+01 -3.0709e+00 0.0000e+00 0.0000e+00 3.0709e+00 6.2450e+01 
25.0 5.8553e+01 -8.1231e-01 0.0000e+00 0.0000e+00 -8.1231e-01 5.7943e+01 0.0000e+00 0.0000e+00 0.0000e+00 0.0000e+00 5.8631e+01 -2.8310e+00 0.0000e+00 0.0000e+00 2.8310e+00 5.8370e+01 
26.0 5.4736e+01 -8.6918e-01 0.0000e+00 0.0000e+00 -8.6918e-01 5.4132e+01 0.0000e+00 0.0000e+00 0.0000e+00 0.0000e+00 5.4926e+01 -2.6121e+00 0.0000e+00 0.0000e+00 2.6121e+00 5.4679e+01 
27.0 5.1275e+01 -9.2499e-01 0.0000e+00 0.0000e+00 -9.2499e-01 5.0678e+01 0.0000e+00 0.0000e+00 0.0000e+00 0.0000e+00 5.1563e+01 -2.4120e+00 0.0000e+00 0.0000e+00 2.4120e+00 5.1329e+01 
28.0 4.8126e+01 -9.7964e-01 0.0000e+00 0.0000e+00 -9.7964e-01 4.7535e+01 0.0000e+00 0.0000e+00 0.0000e+00 0.0000e+00 4.8500e+01 -2.2289e+00 0.0000e+00 0.0000e+00 2.2289e+00 4.8278e+01 
29.0 4.5251e+01 -1.0330e+00 0.0000e+00 0.0000e+00 -1.0330e+00 4.4665e+01 0.0000e+00 0.0000e+00 0.0000e+00 0.0000e+00 4.5701e+01 -2.0613e+00 0.0000e+00 0.0000e+00 2.0613e+00 4.5490e+01 
30.0 4.2615e+01 -1.0850e+00 0.0000e+00 0.0000e+00 -1.0850e+00 4.2035e+01 0.0000e+00 0.0000e+00 0.0000e+00 0.0000e+00 4.3131e+01 -1.9077e+00 0.0000e+00 0.0000e+00 1.9077e+00 4.2930e+01 
31.0 4.0189e+01 -1.1354e+00 0.0000e+00 0.0000e+00 -1.1354e+00 3.9614e+01 0.0000e+00 0.0000e+00 0.0000e+00 0.0000e+00 4.0550e+01 -1.7669e+00 0.0000e+00 0.0000e+00 1.7669e+00 4.0363e+01 
32.0 3.7946e+01 -1.1840e+00 0.0000e+00 0.0000e+00 -1.1840e+00 3.7375e+01 0.0000e+00 0.0000e+00 0.0000e+00 0.0000e+00 3.8166e+01 -1.6379e+00 0.0000e+00 0.0000e+00 1.6379e+00 3.7992e+01 
33.0 3.5863e+01 -1.2305e+00 0.0000e+00 0.0000e+00 -1.2305e+00 3.5297e+01 0.0000e+00 0.0000e+00 0.0000e+00 0.0000e+00 3.5956e+01 -1.5197e+00 0.0000e+00 0.0000e+00 1.5197e+00 3.5796e+01 
34.0 3.3923e+01 -1.2745e+00 0.0000e+00 0.0000e+00 -1.2745e+00 3.3360e+01 0.0000e+00 0.0000e+00 0.0000e+00 0.0000e+00 3.3903e+01 -1.4112e+00 0.0000e+00 0.0000e+00 1.4112e+00 3.3755e+01 
35.0 3.2110e+01 -1.3161e+00 0.0000e+00 0.0000e+00 -1.3161e+00 3.1551e+01 0.0000e+00 0.0000e+00 0.0000e+00 0.0000e+00 3.1990e+01 -1.3113e+00 0.0000e+00 0.0000e+00 1.3113e+00 3.1854e+01 
36.0 3.0413e+01 -1.3552e+00 0.0000e+00 0.0000e+00 -1.3552e+00 2.9858e+01 0.0000e+00 0.0000e+00 0.0000e+00 0.0000e+00 3.0203e+01 -1.2188e+00 0.0000e+00 0.0000e+00 1.2188e+00 3.0079e+01 
37.0 2.8824e+01 -1.3920e+00 0.0000e+00 0.0000e+00 -1.3920e+00 2.8273e+01 0.0000e+00 0.0000e+00 0.0000e+00 0.0000e+00 2.8533e+01 -1.1326e+00 0.0000e+00 0.0000e+00 1.1326e+00 2.8420e+01 
38.0 2.7336e+01 -1.4269e+00 0.0000e+00 0.0000e+00 -1.4269e+00 2.6787e+01 0.0000e+00 0.0000e+00 0.0000e+00 0.0000e+00 2.6969e+01 -1.0519e+00 0.0000e+00 0.0000e+00 1.0519e+00 2.6867e+01 
39.0 2.5941e+01 -1.4600e+00 0.0000e+00 0.0000e+00 -1.4600e+00 2.5395e+01 0.0000e+00 0.0000e+00 0.0000e+00 0.0000e+00 2.5504e+01 -9.7603e-01 0.0000e+00 0.0000e+00 9.7603e-01 2.5413e+01 
40.0 2.4635e+01 -1.4917e+00 0.0000e+00 0.0000e+00 -1.4917e+00 2.4092e+01 0.0000e+00 0.0000e+00 0.0000e+00 0.0000e+00 2.4130e+01 -9.0453e-01 0.0000e+00 0.0000e+00 9.0453e-01 2.4049e+01 
41.0 2.3411e+01 -1.5219e+00 0.0000e+00 0.0000e+00 -1.5219e+00 2.2870e+01 0.0000e+00 0.0000e+00 0.0000e+00 0.0000e+00 2.2842e+01 -8.3720e-01 0.0000e+00 0.0000e+00 8.3720e-01 2.2771e+01 
42.0 2.2263e+01 -1.5507e+00 0.0000e+00 0.0000e+00 -1.5507e+00 2.1725e+01 0.0000e+00 0.0000e+00 0.0000e+00 0.0000e+00 2.1632e+01 -7.7384e-01 0.0000e+00 0.0000e+00 7.7384e-01 2.1570e+01 
43.0 2.1186e+01 -1.5779e+00 0.0000e+00 0.0000e+00 -1.5779e+00 2.0651e+01 0.0000e+00 0.0000e+00 0.0000e+00 0.0000e+00 2.0494e+01 -7.1424e-01 0.0000e+00 0.0000e+00 7.1424e-01 2.0443e+01 
44.0 2.0174e+01 -1.6034e+00 0.0000e+00 0.0000e+00 -1.6034e+00 1.9641e+01 0.0000e+00 0.0000e+00 0.0000e+00 0.0000e+00 1.9424e+01 -6.5811e-01 0.0000e+00 0.0000e+00 6.5811e-01 1.9381e+01 
45.0 1.9221e+01 -1.6272e+00 0.0000e+00 0.0000e+00 -1.6272e+00 1.8690e+01 0.0000e+00 0.0000e+00 0.0000e+00 0.0000e+00 1.8415e+01 -6.0513e-01 0.0000e+00 0.0000e+00 6.0513e-01 1.8381e+01 
46.0 1.8323e+01 -1.6492e+00 0.0000e+00 0.0000e+00 -1.6492e+00 1.7794e+01 0.0000e+00 0.0000e+00 0.0000e+00 0.0000e+00 1.7463e+01 -5.5494e-01 0.0000e+00 0.0000e+00 5.5494e-01 1.7438e+01 
47.0 1.7475e+01 -1.6694e+00 0.0000e+00 0.0000e+00 -1.6694e+00 1.6948e+01 0.0000e+00 0.0000e+00 0.0000e+00 0.0000e+00 1.6565e+01 -5.0717e-01 0.0000e+00 0.0000e+00 5.0717e-01 1.6548e+01 
48.0 1.6675e+01 -1.6878e+00 0.0000e+00 0.0000e+00 -1.6878e+00 1.6150e+01 0.0000e+00 0.0000e+00 0.0000e+00 0.0000e+00 1.5716e+01 -4.6155e-01 0.0000e+00 0.0000e+00 4.6155e-01 1.5708e+01 
49.0 1.5919e+01 -1.7045e+00 0.0000e+00 0.0000e+00 -1.7045e+00 1.5395e+01 0.0000e+00 0.0000e+00 0.0000e+00 0.0000e+00 1.4913e+01 -4.1780e-01 0.0000e+00 0.0000e+00 4.1780e-01 1.4913e+01 
50.0 1.5205e+01 -1.7196e+00 0.0000e+00 0.0000e+00 -1.7196e+00 1.4682e+01 0.0000e+00 0.0000e+00 0.0000e+00 0.0000e+00 1.4153e+01 -3.7574e-01 0.0000e+00 0.0000e+00 3.7574e-01 1.4161e+01 
51.0 1.4529e+01 -1.7331e+00 0.0000e+00 0.0000e+00 -1.7331e+00 1.4008e+01 0.0000e+00 0.0000e+00 0.0000e+00 0.0000e+00 1.3434e+01 -3.3518e-01 0.0000e+00 0.0000e+00 3.3518e-01 1.3450e+01 
52.0 1.3891e+01 -1.7451e+00 0.0000e+00 0.0000e+00 -1.7451e+00 1.3370e+01 0.0000e+00 0.0000e+00 0.0000e+00 0.0000e+00 1.2754e+01 -2.9600e-01 0.0000e+00 0.0000e+00 2.9600e-01 1.2778e+01 
53.0 1.3287e+01 -1.7557e+00 0.0000e+00 0.0000e+00 -1.7557e+00 1.2767e+01 0.0000e+00 0.0000e+00 0.0000e+00 0.0000e+00 1.2109e+01 -2.5807e-01 0.0000e+00 0.0000e+00 2.5807e-01 1.2141e+01 
54.0 1.2716e+01 -1.7650e+00 0.0000e+00 0.0000e+00 -1.7650e+00 1.2197e+01 0.0000e+00 0.0000e+00 0.0000e+00 0.0000e+00 1.1498e+01 -2.2131e-01 0.0000e+00 0.0000e+00 2.2131e-01 1.1537e+01 
55.0 1.2176e+01 -1.7729e+00 0.0000e+00 0.0000e+00 -1.7729e+00 1.1657e+01 0.0000e+00 0.0000e+00 0.0000e+00 0.0000e+00 1.0919e+01 -1.8566e-01 0.0000e+00 0.0000e+00 1.8566e-01 1.0966e+01 
56.0 1.1665e+01 -1.7796e+00 0.0000e+00 0.0000e+00 -1.7796e+00 1.1147e+01 0.0000e+00 0.0000e+00 0.0000e+00 0.0000e+00 1.0370e+01 -1.5106e-01 0.0000e+00 0.0000e+00 1.5106e-01 1.0424e+01 
57.0 1.1181e+01 -1.7851e+00 0.0000e+00 0.0000e+00 -1.7851e+00 1.0664e+01 0.0000e+00 0.0000e+00 0.0000e+00 0.0000e+00 9.8496e+00 -1.1749e-01 0.0000e+00 0.0000e+00 1.1749e-01 9.9111e+00 
58.0 1.0724e+01 -1.7894e+00 0.0000e+00 0.0000e+00 -1.7894e+00 1.0207e+01 0.0000e+00 0.0000e+00 0.0000e+00 0.0000e+00 9.3553e+00 -8.4897e-02 0.0000e+00 0.0000e+00 8.4897e-02 9.4242e+00 
59.0 1.0291e+01 -1.7926e+00 0.0000e+00 0.0000e+00 -1.7926e+00 9.7740e+00 0.0000e+00 0.0000e+00 0.0000e+00 0.0000e+00 8.8861e+00 -5.3261e-02 0.0000e+00 0.0000e+00 5.3261e-02 8.9622e+00 
60.0 9.8814e+00 -1.7947e+00 0.0000e+00 0.0000e+00 -1.7947e+00 9.3642e+00 0.0000e+00 0.0000e+00 0.0000e+00 0.0000e+00 8.4404e+00 -2.2552e-02 0.0000e+00 0.0000e+00 2.2552e-02 8.5238e+00 
61.0 9.4934e+00 -1.7957e+00 0.0000e+00 0.0000e+00 -1.7957e+00 8.9762e+00 0.0000e+00 0.0000e+00 0.0000e+00 0.0000e+00 8.0170e+00 7.2483e-03 0.0000e+00 0.0000e+00 -7.2483e-03 8.1075e+00 
62.0 9.1260e+00 -1.7957e+00 0.0000e+00 0.0000e+00 -1.7957e+00 8.6085e+00 0.0000e+00 0.0000e+00 0.0000e+00 0.0000e+00 7.6145e+00 3.6145e-02 0.0000e+00 0.0000e+00 -3.6145e-02 7.7121e+00 
63.0 8.7779e+00 -1.7947e+00 0.0000e+00 0.0000e+00 -1.7947e+00 8.2601e+00 0.0000e+00 0.0000e+00 0.0000e+00 0.0000e+00 7.2318e+00 6.4130e-02 0.0000e+00 0.0000e+00 -6.4130e-02 7.3366e+00 
64.0 8.4480e+00 -1.7928e+00 0.0000e+00 0.0000e+00 -1.7928e+00 7.9298e+00 0.0000e+00 0.0000e+00 0.0000e+00 0.0000e+00 6.8678e+00 9.1186e-02 0.0000e+00 0.0000e+00 -9.1186e-02 6.9797e+00 
65.0 8.1353e+00 -1.7900e+00 0.0000e+00 0.0000e+00 -1.7900e+00 7.6166e+00 0.0000e+00 0.0000e+00 0.0000e+00 0.0000e+00 6.5214e+00 1.1729e-01 0.0000e+00 0.0000e+00 -1.1729e-01 6.6404e+00 
66.0 7.8387e+00 -1.7863e+00 0.0000e+00 0.0000e+00 -1.7863e+00 7.3194e+00 0.0000e+00 0.0000e+00 0.0000e+00 0.0000e+00 6.1917e+00 1.4241e-01 0.0000e+00 0.0000e+00 -1.4241e-01 6.3177e+00 
67.0 7.5574e+00 -1.7817e+00 0.0000e+00 0.0000e+00 -1.7817e+00 7.0374e+00 0.0000e+00 0.0000e+00 0.0000e+00 0.0000e+00 5.8776e+00 1.6653e-01 0.0000e+00 0.0000e+00 -1.6653e-01 6.0107e+00 
68.0 7.2904e+00 -1.7762e+00 0.0000e+00 0.0000e+00 -1.7762e+00 6.7697e+00 0.0000e+00 0.0000e+00 0.0000e+00 0.0000e+00 5.5784e+00 1.8964e-01 0.0000e+00 0.0000e+00 -1.8964e-01 5.7185e+00 
69.0 7.0369e+00 -1.7699e+00 0.0000e+00 0.0000e+00 -1.7699e+00 6.5153e+00 0.0000e+00 0.0000e+00 0.0000e+00 0.0000e+00 5.2931e+00 2.1172e-01 0.0000e+00 0.0000e+00 -2.1172e-01 5.4402e+00 
70.0 6.7961e+00 -1.7628e+00 0.0000e+00 0.0000e+00 -1.7628e+00 6.2737e+00 0.0000e+00 0.0000e+00 0.0000e+00 0.0000e+00 5.0210e+00 2.3276e-01 0.0000e+00 0.0000e+00 -2.3276e-01 5.1750e+00 
71.0 6.5673e+00 -1.7548e+00 0.0000e+00 0.0000e+00 -1.7548e+00 6.0439e+00 0.0000e+00 0.0000e+00 0.0000e+00 0.0000e+00 4.7613e+00 2.5276e-01 0.0000e+00 0.0000e+00 -2.5276e-01 4.9223e+00 
72.0 6.3498e+00 -1.7461e+00 0.0000e+00 0.0000e+00 -1.7461e+00 5.8254e+00 0.0000e+00 0.0000e+00 0.0000e+00 0.0000e+00 4.5134e+00 2.7172e-01 0.0000e+00 0.0000e+00 -2.7172e-01 4.6813e+00 
73.0 6.1430e+00 -1.7365e+00 0.0000e+00 0.0000e+00 -1.7365e+00 5.6176e+00 0.0000e+00 0.0000e+00 0.0000e+00 0.0000e+00 4.2766e+00 2.8963e-01 0.0000e+00 0.0000e+00 -2.8963e-01 4.4514e+00 
74.0 5.9462e+00 -1.7262e+00 0.0000e+00 0.0000e+00 -1.7262e+00 5.4197e+00 0.0000e+00 0.0000e+00 0.0000e+00 0.0000e+00 4.0503e+00 3.0649e-01 0.0000e+00 0.0000e+00 -3.0649e-01 4.2319e+00 
75.0 5.7589e+00 -1.7152e+00 0.0000e+00 0.0000e+00 -1.7152e+00 5.2314e+00 0.0000e+00 0.0000e+00 0.0000e+00 0.0000e+00 3.8339e+00 3.2232e-01 0.0000e+00 0.0000e+00 -3.2232e-01 4.0223e+00 
76.0 5.5806e+00 -1.7033e+00 0.0000e+00 0.0000e+00 -1.7033e+00 5.0520e+00 0.0000e+00 0.0000e+00 0.0000e+00 0.0000e+00 3.6268e+00 3.3713e-01 0.0000e+00 0.0000e+00 -3.3713e-01 3.8220e+00 
77.0 5.4107e+00 -1.6908e+00 0.0000e+00 0.0000e+00 -1.6908e+00 4.8812e+00 0.0000e+00 0.0000e+00 0.0000e+00 0.0000e+00 3.4287e+00 3.5096e-01 0.0000e+00 0.0000e+00 -3.5096e-01 3.6305e+00 
78.0 5.2489e+00 -1.6776e+00 0.0000e+00 0.0000e+00 -1.6776e+00 4.7183e+00 0.0000e+00 0.0000e+00 0.0000e+00 0.0000e+00 3.2389e+00 3.6383e-01 0.0000e+00 0.0000e+00 -3.6383e-01 3.4473e+00 
79.0 5.0947e+00 -1.6636e+00 0.0000e+00 0.0000e+00 -1.6636e+00 4.5631e+00 0.0000e+00 0.0000e+00 0.0000e+00 0.0000e+00 3.0570e+00 3.7579e-01 0.0000e+00 0.0000e+00 -3.7579e-01 3.2720e+00 
80.0 4.9476e+00 -1.6491e+00 0.0000e+00 0.0000e+00 -1.6491e+00 4.4151e+00 0.0000e+00 0.0000e+00 0.0000e+00 0.0000e+00 2.8828e+00 3.8686e-01 0.0000e+00 0.0000e+00 -3.8686e-01 3.1042e+00 
81.0 4.8074e+00 -1.6339e+00 0.0000e+00 0.0000e+00 -1.6339e+00 4.2740e+00 0.0000e+00 0.0000e+00 0.0000e+00 0.0000e+00 2.7156e+00 3.9708e-01 0.0000e+00 0.0000e+00 -3.9708e-01 2.9434e+00 
82.0 4.6737e+00 -1.6181e+00 0.0000e+00 0.0000e+00 -1.6181e+00 4.1394e+00 0.0000e+00 0.0000e+00 0.0000e+00 0.0000e+00 2.5553e+00 4.0648e-01 0.0000e+00 0.0000e+00 -4.0648e-01 2.7893e+00 
83.0 4.5461e+00 -1.6018e+00 0.0000e+00 0.0000e+00 -1.6018e+00 4.0110e+00 0.0000e+00 0.0000e+00 0.0000e+00 0.0000e+00 2.4014e+00 4.1509e-01 0.0000e+00 0.0000e+00 -4.1509e-01 2.6416e+00 
84.0 4.4243e+00 -1.5849e+00 0.0000e+00 0.0000e+00 -1.5849e+00 3.8885e+00 0.0000e+00 0.0000e+00 0.0000e+00 0.0000e+00 2.2537e+00 4.2293e-01 0.0000e+00 0.0000e+00 -4.2293e-01 2.4999e+00 
85.0 4.3081e+00 -1.5676e+00 0.0000e+00 0.0000e+00 -1.5676e+00 3.7716e+00 0.0000e+00 0.0000e+00 0.0000e+00 0.0000e+00 2.1118e+00 4.3002e-01 0.0000e+00 0.0000e+00 -4.3002e-01 2.3639e+00 
86.0 4.1971e+00 -1.5497e+00 0.0000e+00 0.0000e+00 -1.5497e+00 3.6600e+00 0.0000e+00 0.0000e+00 0.0000e+00 0.0000e+00 1.9754e+00 4.3641e-01 0.0000e+00 0.0000e+00 -4.3641e-01 2.2334e+00 
87.0 4.0911e+00 -1.5314e+00 0.0000e+00 0.0000e+00 -1.5314e+00 3.5535e+00 0.0000e+00 0.0000e+00 0.0000e+00 0.0000e+00 1.8444e+00 4.4212e-01 0.0000e+00 0.0000e+00 -4.4212e-01 2.1080e+00 
88.0 3.9899e+00 -1.5127e+00 0.0000e+00 0.0000e+00 -1.5127e+00 3.4518e+00 0.0000e+00 0.0000e+00 0.0000e+00 0.0000e+00 1.7183e+00 4.4717e-01 0.0000e+00 0.0000e+00 -4.4717e-01 1.9876e+00 
89.0 3.8932e+00 -1.4936e+00 0.0000e+00 0.0000e+00 -1.4936e+00 3.3547e+00 0.0000e+00 0.0000e+00 0.0000e+00 0.0000e+00 1.5971e+00 4.5161e-01 0.0000e+00 0.0000e+00 -4.5161e-01 1.8718e+00 
90.0 3.8008e+00 -1.4741e+00 0.0000e+00 0.0000e+00 -1.4741e+00 3.2621e+00 0.0000e+00 0.0000e+00 0.0000e+00 0.0000e+00 1.4804e+00 4.5545e-01 0.0000e+00 0.0000e+00 -4.5545e-01 1.7604e+00 
91.0 3.7126e+00 -1.4542e+00 0.0000e+00 0.0000e+00 -1.4542e+00 3.1736e+00 0.0000e+00 0.0000e+00 0.0000e+00 0.0000e+00 1.3682e+00 4.5873e-01 0.0000e+00 0.0000e+00 -4.5873e-01 1.6533e+00 
92.0 3.6283e+00 -1.4340e+00 0.0000e+00 0.0000e+00 -1.4340e+00 3.0891e+00 0.0000e+00 0.0000e+00 0.0000e+00 0.0000e+00 1.2601e+00 4.6146e-01 0.0000e+00 0.0000e+00 -4.6146e-01 1.5502e+00 
93.0 3.5478e+00 -1.4134e+00 0.0000e+00 0.0000e+00 -1.4134e+00 3.0085e+00 0.0000e+00 0.0000e+00 0.0000e+00 0.0000e+00 1.1560e+00 4.6369e-01 0.0000e+00 0.0000e+00 -4.6369e-01 1.4510e+00 
94.0 3.4708e+00 -1.3926e+00 0.0000e+00 0.0000e+00 -1.3926e+00 2.9316e+00 0.0000e+00 0.0000e+00 0.0000e+00 0.0000e+00 1.0558e+00 4.6542e-01 0.0000e+00 0.0000e+00 -4.6542e-01 1.3554e+00 
95.0 3.3974e+00 -1.3715e+00 0.0000e+00 0.0000e+00 -1.3715e+00 2.8583e+00 0.0000e+00 0.0000e+00 0.0000e+00 0.0000e+00 9.5921e-01 4.6668e-01 0.0000e+00 0.0000e+00 -4.6668e-01 1.2633e+00 
96.0 3.3272e+00 -1.3501e+00 0.0000e+00 0.0000e+00 -1.3501e+00 2.7883e+00 0.0000e+00 0.0000e+00 0.0000e+00 0.0000e+00 8.6615e-01 4.6750e-01 0.0000e+00 0.0000e+00 -4.6750e-01 1.1746e+00 
97.0 3.2602e+00 -1.3284e+00 0.0000e+00 0.0000e+00 -1.3284e+00 2.7216e+00 0.0000e+00 0.0000e+00 0.0000e+00 0.0000e+00 7.7646e-01 4.6789e-01 0.0000e+00 0.0000e+00 -4.6789e-01 1.0890e+00 
98.0 3.1962e+00 -1.3065e+00 0.0000e+00 0.0000e+00 -1.3065e+00 2.6580e+00 0.0000e+00 0.0000e+00 0.0000e+00 0.0000e+00 6.9000e-01 4.6787e-01 0.0000e+00 0.0000e+00 -4.6787e-01 1.0065e+00 
99.0 3.1351e+00 -1.2843e+00 0.0000e+00 0.0000e+00 -1.2843e+00 2.5975e+00 0.0000e+00 0.0000e+00 0.0000e+00 0.0000e+00 6.0662e-01 4.6747e-01 0.0000e+00 0.0000e+00 -4.6747e-01 9.2684e-01 
100.0 3.0768e+00 -1.2619e+00 0.0000e+00 0.0000e+00 -1.2619e+00 2.5398e+00 0.0000e+00 0.0000e+00 0.0000e+00 0.0000e+00 5.2622e-01 4.6669e-01 0.0000e+00 0.0000e+00 -4.6669e-01 8.4995e-01 
101.0 3.0211e+00 -1.2392e+00 0.0000e+00 0.0000e+00 -1.2392e+00 2.4849e+00 0.0000e+00 0.0000e+00 0.0000e+00 0.0000e+00 4.4865e-01 4.6556e-01 0.0000e+00 0.0000e+00 -4.6556e-01 7.7570e-01 
102.0 2.9680e+00 -1.2164e+00 0.0000e+00 0.0000e+00 -1.2164e+00 2.4327e+00 0.0000e+00 0.0000e+00 0.0000e+00 0.0000e+00 3.7380e-01 4.6409e-01 0.0000e+00 0.0000e+00 -4.6409e-01 7.0395e-01 
103.0 2.9173e+00 -1.1933e+00 0.0000e+00 0.0000e+00 -1.1933e+00 2.3831e+00 0.0000e+00 0.0000e+00 0.0000e+00 0.0000e+00 3.0156e-01 4.6231e-01 0.0000e+00 0.0000e+00 -4.6231e-01 6.3459e-01 
104.0 2.8690e+00 -1.1699e+00 0.0000e+00 0.0000e+00 -1.1699e+00 2.3359e+00 0.0000e+00 0.0000e+00 0.0000e+00 0.0000e+00 2.3183e-01 4.6024e-01 0.0000e+00 0.0000e+00 -4.6024e-01 5.6751e-01 
105.0 2.8229e+00 -1.1464e+00 0.0000e+00 0.0000e+00 -1.1464e+00 2.2912e+00 0.0000e+00 0.0000e+00 0.0000e+00 0.0000e+00 1.6450e-01 4.5789e-01 0.0000e+00 0.0000e+00 -4.5789e-01 5.0261e-01 
106.0 2.7790e+00 -1.1226e+00 0.0000e+00 0.0000e+00 -1.1226e+00 2.2487e+00 0.0000e+00 0.0000e+00 0.0000e+00 0.0000e+00 9.9464e-02 4.5530e-01 0.0000e+00 0.0000e+00 -4.5530e-01 4.3979e-01 
107.0 2.7372e+00 -1.0986e+00 0.0000e+00 0.0000e+00 -1.0986e+00 2.2084e+00 0.0000e+00 0.0000e+00 0.0000e+00 0.0000e+00 3.6642e-02 4.5248e-01 0.0000e+00 0.0000e+00 -4.5248e-01 3.7896e-01 
108.0 2.6973e+00 -1.0744e+00 0.0000e+00 0.0000e+00 -1.0744e+00 2.1702e+00 0.0000e+00 0.0000e+00 0.0000e+00 0.0000e+00 -2.4056e-02 4.4947e-01 0.0000e+00 0.0000e+00 -4.4947e-01 3.2004e-01 
109.0 2.6594e+00 -1.0500e+00 0.0000e+00 0.0000e+00 -1.0500e+00 2.1341e+00 0.0000e+00 0.0000e+00 0.0000e+00 0.0000e+00 -8.2715e-02 4.4628e-01 0.0000e+00 0.0000e+00 -4.4628e-01 2.6295e-01 
110.0 2.6233e+00 -1.0254e+00 0.0000e+00 0.0000e+00 -1.0254e+00 2.1000e+00 0.0000e+00 0.0000e+00 0.0000e+00 0.0000e+00 -1.3941e-01 4.4294e-01 0.0000e+00 0.0000e+00 -4.4294e-01 2.0761e-01 
111.0 2.5891e+00 -1.0007e+00 0.0000e+00 0.0000e+00 -1.0007e+00 2.0678e+00 0.0000e+00 0.0000e+00 0.0000e+00 0.0000e+00 -1.9423e-01 4.3947e-01 0.0000e+00 0.0000e+00 -4.3947e-01 1.5396e-01 
112.0 2.5565e+00 -9.7579e-01 0.0000e+00 0.0000e+00 -9.7579e-01 2.0374e+00 0.0000e+00 0.0000e+00 0.0000e+00 0.0000e+00 -2.4724e-01 4.3589e-01 0.0000e+00 0.0000e+00 -4.3589e-01 1.0194e-01 
113.0 2.5257e+00 -9.5077e-01 0.0000e+00 0.0000e+00 -9.5077e-01 2.0088e+00 0.0000e+00 0.0000e+00 0.0000e+00 0.0000e+00 -2.9850e-01 4.3222e-01 0.0000e+00 0.0000e+00 -4.3222e-01 5.1477e-02 
114.0 2.4964e+00 -9.2565e-01 0.0000e+00 0.0000e+00 -9.2565e-01 1.9819e+00 0.0000e+00 0.0000e+00 0.0000e+00 0.0000e+00 -3.4808e-01 4.2849e-01 0.0000e+00 0.0000e+00 -4.2849e-01 2.5243e-03 
115.0 2.4687e+00 -9.0046e-01 0.0000e+00 0.0000e+00 -9.0046e-01 1.9566e+00 0.0000e+00 0.0000e+00 0.0000e+00 0.0000e+00 -3.9606e-01 4.2469e-01 0.0000e+00 0.0000e+00 -4.2469e-01 -4.4974e-02 
116.0 2.4425e+00 -8.7521e-01 0.0000e+00 0.0000e+00 -8.7521e-01 1.9329e+00 0.0000e+00 0.0000e+00 0.0000e+00 0.0000e+00 -4.4247e-01 4.2084e-01 0.0000e+00 0.0000e+00 -4.2084e-01 -9.1065e-02 
117.0 2.4178e+00 -8.4994e-01 0.0000e+00 0.0000e+00 -8.4994e-01 1.9108e+00 0.0000e+00 0.0000e+00 0.0000e+00 0.0000e+00 -4.8739e-01 4.1696e-01 0.0000e+00 0.0000e+00 -4.1696e-01 -1.3579e-01 
118.0 2.3944e+00 -8.2467e-01 0.0000e+00 0.0000e+00 -8.2467e-01 1.8900e+00 0.0000e+00 0.0000e+00 0.0000e+00 0.0000e+00 -5.3085e-01 4.1305e-01 0.0000e+00 0.0000e+00 -4.1305e-01 -1.7921e-01 
119.0 2.3724e+00 -7.9942e-01 0.0000e+00 0.0000e+00 -7.9942e-01 1.8707e+00 0.0000e+00 0.0000e+00 0.0000e+00 0.0000e+00 -5.7292e-01 4.0911e-01 0.0000e+00 0.0000e+00 -4.0911e-01 -2.2134e-01 
120.0 2.3518e+00 -7.7422e-01 0.0000e+00 0.0000e+00 -7.7422e-01 1.8528e+00 0.0000e+00 0.0000e+00 0.0000e+00 0.0000e+00 -6.1364e-01 4.0515e-01 0.0000e+00 0.0000e+00 -4.0515e-01 -2.6224e-01 
121.0 2.3324e+00 -7.4910e-01 0.0000e+00 0.0000e+00 -7.4910e-01 1.8361e+00 0.0000e+00 0.0000e+00 0.0000e+00 0.0000e+00 -6.5307e-01 4.0116e-01 0.0000e+00 0.0000e+00 -4.0116e-01 -3.0194e-01 
122.0 2.3142e+00 -7.2406e-01 0.0000e+00 0.0000e+00 -7.2406e-01 1.8207e+00 0.0000e+00 0.0000e+00 0.0000e+00 0.0000e+00 -6.9124e-01 3.9714e-01 0.0000e+00 0.0000e+00 -3.9714e-01 -3.4048e-01 
123.0 2.2973e+00 -6.9915e-01 0.0000e+00 0.0000e+00 -6.9915e-01 1.8065e+00 0.0000e+00 0.0000e+00 0.0000e+00 0.0000e+00 -7.2822e-01 3.9309e-01 0.0000e+00 0.0000e+00 -3.9309e-01 -3.7791e-01 
124.0 2.2814e+00 -6.7436e-01 0.0000e+00 0.0000e+00 -6.7436e-01 1.7934e+00 0.0000e+00 0.0000e+00 0.0000e+00 0.0000e+00 -7.6404e-01 3.8899e-01 0.0000e+00 0.0000e+00 -3.8899e-01 -4.1426e-01 
125.0 2.2667e+00 -6.4973e-01 0.0000e+00 0.0000e+00 -6.4973e-01 1.7815e+00 0.0000e+00 0.0000e+00 0.0000e+00 0.0000e+00 -7.9875e-01 3.8484e-01 0.0000e+00 0.0000e+00 -3.8484e-01 -4.4957e-01 
126.0 2.2529e+00 -6.2526e-01 0.0000e+00 0.0000e+00 -6.2526e-01 1.7706e+00 0.0000e+00 0.0000e+00 0.0000e+00 0.0000e+00 -8.3238e-01 3.8063e-01 0.0000e+00 0.0000e+00 -3.8063e-01 -4.8387e-01 
127.0 2.2402e+00 -6.0097e-01 0.0000e+00 0.0000e+00 -6.0097e-01 1.7607e+00 0.0000e+00 0.0000e+00 0.0000e+00 0.0000e+00 -8.6499e-01 3.7634e-01 0.0000e+00 0.0000e+00 -3.7634e-01 -5.1722e-01 
128.0 2.2285e+00 -5.7688e-01 0.0000e+00 0.0000e+00 -5.7688e-01 1.7518e+00 0.0000e+00 0.0000e+00 0.0000e+00 0.0000e+00 -8.9660e-01 3.7196e-01 0.0000e+00 0.0000e+00 -3.7196e-01 -5.4964e-01 
129.0 2.2177e+00 -5.5299e-01 0.0000e+00 0.0000e+00 -5.5299e-01 1.7438e+00 0.0000e+00 0.0000e+00 0.0000e+00 0.0000e+00 -9.2726e-01 3.6749e-01 0.0000e+00 0.0000e+00 -3.6749e-01 -5.8117e-01 
130.0 2.2077e+00 -5.2930e-01 0.0000e+00 0.0000e+00 -5.2930e-01 1.7368e+00 0.0000e+00 0.0000e+00 0.0000e+00 0.0000e+00 -9.5700e-01 3.6289e-01 0.0000e+00 0.0000e+00 -3.6289e-01 -6.1186e-01 
131.0 2.1986e+00 -5.0583e-01 0.0000e+00 0.0000e+00 -5.0583e-01 1.7306e+00 0.0000e+00 0.0000e+00 0.0000e+00 0.0000e+00 -9.8585e-01 3.5817e-01 0.0000e+00 0.0000e+00 -3.5817e-01 -6.4173e-01 
132.0 2.1903e+00 -4.8256e-01 0.0000e+00 0.0000e+00 -4.8256e-01 1.7252e+00 0.0000e+00 0.0000e+00 0.0000e+00 0.0000e+00 -1.0139e+00 3.5331e-01 0.0000e+00 0.0000e+00 -3.5331e-01 -6.7084e-01 
133.0 2.1828e+00 -4.5950e-01 0.0000e+00 0.0000e+00 -4.5950e-01 1.7206e+00 0.0000e+00 0.0000e+00 0.0000e+00 0.0000e+00 -1.0410e+00 3.4830e-01 0.0000e+00 0.0000e+00 -3.4830e-01 -6.9920e-01 
134.0 2.1760e+00 -4.3664e-01 0.0000e+00 0.0000e+00 -4.3664e-01 1.7169e+00 0.0000e+00 0.0000e+00 0.0000e+00 0.0000e+00 -1.0674e+00 3.4314e-01 0.0000e+00 0.0000e+00 -3.4314e-01 -7.2687e-01 
135.0 2.1699e+00 -4.1398e-01 0.0000e+00 0.0000e+00 -4.1398e-01 1.7139e+00 0.0000e+00 0.0000e+00 0.0000e+00 0.0000e+00 -1.0930e+00 3.3783e-01 0.0000e+00 0.0000e+00 -3.3783e-01 -7.5387e-01 
136.0 2.1646e+00 -3.9150e-01 0.0000e+00 0.0000e+00 -3.9150e-01 1.7117e+00 0.0000e+00 0.0000e+00 0.0000e+00 0.0000e+00 -1.1179e+00 3.3236e-01 0.0000e+00 0.0000e+00 -3.3236e-01 -7.8024e-01 
137.0 2.1599e+00 -3.6919e-01 0.0000e+00 0.0000e+00 -3.6919e-01 1.7103e+00 0.0000e+00 0.0000e+00 0.0000e+00 0.0000e+00 -1.1420e+00 3.2674e-01 0.0000e+00 0.0000e+00 -3.2674e-01 -8.0600e-01 
138.0 2.1560e+00 -3.4706e-01 0.0000e+00 0.0000e+00 -3.4706e-01 1.7096e+00 0.0000e+00 0.0000e+00 0.0000e+00 0.0000e+00 -1.1655e+00 3.2096e-01 0.0000e+00 0.0000e+00 -3.2096e-01 -8.3120e-01 
139.0 2.1527e+00 -3.2510e-01 0.0000e+00 0.0000e+00 -3.2510e-01 1.7097e+00 0.0000e+00 0.0000e+00 0.0000e+00 0.0000e+00 -1.1883e+00 3.1504e-01 0.0000e+00 0.0000e+00 -3.1504e-01 -8.5585e-01 
140.0 2.1501e+00 -3.0331e-01 0.0000e+00 0.0000e+00 -3.0331e-01 1.7106e+00 0.0000e+00 0.0000e+00 0.0000e+00 0.0000e+00 -1.2104e+00 3.0898e-01 0.0000e+00 0.0000e+00 -3.0898e-01 -8.7998e-01 
141.0 2.1481e+00 -2.8169e-01 0.0000e+00 0.0000e+00 -2.8169e-01 1.7122e+00 0.0000e+00 0.0000e+00 0.0000e+00 0.0000e+00 -1.2318e+00 3.0279e-01 0.0000e+00 0.0000e+00 -3.0279e-01 -9.0362e-01 
142.0 2.1468e+00 -2.6023e-01 0.0000e+00 0.0000e+00 -2.6023e-01 1.7147e+00 0.0000e+00 0.0000e+00 0.0000e+00 0.0000e+00 -1.2526e+00 2.9646e-01 0.0000e+00 0.0000e+00 -2.9646e-01 -9.2677e-01 
143.0 2.1461e+00 -2.3894e-01 0.0000e+00 0.0000e+00 -2.3894e-01 1.7178e+00 0.0000e+00 0.0000e+00 0.0000e+00 0.0000e+00 -1.2728e+00 2.9002e-01 0.0000e+00 0.0000e+00 -2.9002e-01 -9.4947e-01 
144.0 2.1460e+00 -2.1782e-01 0.0000e+00 0.0000e+00 -2.1782e-01 1.7217e+00 0.0000e+00 0.0000e+00 0.0000e+00 0.0000e+00 -1.2924e+00 2.8343e-01 0.0000e+00 0.0000e+00 -2.8343e-01 -9.7171e-01 
145.0 2.1464e+00 -1.9688e-01 0.0000e+00 0.0000e+00 -1.9688e-01 1.7263e+00 0.0000e+00 0.0000e+00 0.0000e+00 0.0000e+00 -1.3113e+00 2.7669e-01 0.0000e+00 0.0000e+00 -2.7669e-01 -9.9352e-01 
146.0 2.1474e+00 -1.7611e-01 0.0000e+00 0.0000e+00 -1.7611e-01 1.7316e+00 0.0000e+00 0.0000e+00 0.0000e+00 0.0000e+00 -1.3297e+00 2.6979e-01 0.0000e+00 0.0000e+00 -2.6979e-01 -1.0149e+00 
147.0 2.1489e+00 -1.5552e-01 0.0000e+00 0.0000e+00 -1.5552e-01 1.7376e+00 0.0000e+00 0.0000e+00 0.0000e+00 0.0000e+00 -1.3474e+00 2.6271e-01 0.0000e+00 0.0000e+00 -2.6271e-01 -1.0359e+00 
148.0 2.1510e+00 -1.3511e-01 0.0000e+00 0.0000e+00 -1.3511e-01 1.7443e+00 0.0000e+00 0.0000e+00 0.0000e+00 0.0000e+00 -1.3646e+00 2.5543e-01 0.0000e+00 0.0000e+00 -2.5543e-01 -1.0565e+00 
149.0 2.1537e+00 -1.1488e-01 0.0000e+00 0.0000e+00 -1.1488e-01 1.7517e+00 0.0000e+00 0.0000e+00 0.0000e+00 0.0000e+00 -1.3812e+00 2.4792e-01 0.0000e+00 0.0000e+00 -2.4792e-01 -1.0767e+00 
150.0 2.1569e+00 -9.4839e-02 0.0000e+00 0.0000e+00 -9.4839e-02 1.7599e+00 0.0000e+00 0.0000e+00 0.0000e+00 0.0000e+00 -1.3973e+00 2.4015e-01 0.0000e+00 0.0000e+00 -2.4015e-01 -1.0965e+00 
151.0 2.1607e+00 -7.5027e-02 0.0000e+00 0.0000e+00 -7.5027e-02 1.7688e+00 0.0000e+00 0.0000e+00 0.0000e+00 0.0000e+00 -1.4128e+00 2.3207e-01 0.0000e+00 0.0000e+00 -2.3207e-01 -1.1161e+00 
152.0 2.1650e+00 -5.5487e-02 0.0000e+00 0.0000e+00 -5.5487e-02 1.7784e+00 0.0000e+00 0.0000e+00 0.0000e+00 0.0000e+00 -1.4279e+00 2.2357e-01 0.0000e+00 0.0000e+00 -2.2357e-01 -1.1353e+00 
153.0 2.1697e+00 -3.6296e-02 0.0000e+00 0.0000e+00 -3.6296e-02 1.7885e+00 0.0000e+00 0.0000e+00 0.0000e+00 0.0000e+00 -1.4426e+00 2.1452e-01 0.0000e+00 0.0000e+00 -2.1452e-01 -1.1543e+00 
154.0 2.1749e+00 -1.7571e-02 0.0000e+00 0.0000e+00 -1.7571e-02 1.7991e+00 0.0000e+00 0.0000e+00 0.0000e+00 0.0000e+00 -1.4569e+00 2.0475e-01 0.0000e+00 0.0000e+00 -2.0475e-01 -1.1732e+00 
155.0 2.1802e+00 5.3394e-04 0.0000e+00 0.0000e+00 5.3394e-04 1.8099e+00 0.0000e+00 0.0000e+00 0.0000e+00 0.0000e+00 -1.4711e+00 1.9403e-01 0.0000e+00 0.0000e+00 -1.9403e-01 -1.1919e+00 
156.0 2.1857e+00 1.7814e-02 0.0000e+00 0.0000e+00 1.7814e-02 1.8208e+00 0.0000e+00 0.0000e+00 0.0000e+00 0.0000e+00 -1.4852e+00 1.8212e-01 0.0000e+00 0.0000e+00 -1.8212e-01 -1.2106e+00 
157.0 2.1910e+00 3.4023e-02 0.0000e+00 0.0000e+00 3.4023e-02 1.8315e+00 0.0000e+00 0.0000e+00 0.0000e+00 0.0000e+00 -1.4993e+00 1.6874e-01 0.0000e+00 0.0000e+00 -1.6874e-01 -1.2292e+00 
158.0 2.1961e+00 4.8879e-02 0.0000e+00 0.0000e+00 4.8879e-02 1.8416e+00 0.0000e+00 0.0000e+00 0.0000e+00 0.0000e+00 -1.5137e+00 1.5361e-01 0.0000e+00 0.0000e+00 -1.5361e-01 -1.2476e+00 
159.0 2.2007e+00 6.2083e-02 0.0000e+00 0.0000e+00 6.2083e-02 1.8508e+00 0.0000e+00 0.0000e+00 0.0000e+00 0.0000e+00 -1.5287e+00 1.3648e-01 0.0000e+00 0.0000e+00 -1.3648e-01 -1.2659e+00 
160.0 2.2048e+00 7.3339e-02 0.0000e+00 0.0000e+00 7.3339e-02 1.8586e+00 0.0000e+00 0.0000e+00 0.0000e+00 0.0000e+00 -1.5443e+00 1.1719e-01 0.0000e+00 0.0000e+00 -1.1719e-01 -1.2840e+00 
161.0 2.2087e+00 8.2375e-02 0.0000e+00 0.0000e+00 8.2375e-02 1.8649e+00 0.0000e+00 0.0000e+00 0.0000e+00 0.0000e+00 -1.5610e+00 9.5693e-02 0.0000e+00 0.0000e+00 -9.5693e-02 -1.3015e+00 
162.0 2.2127e+00 8.8971e-02 0.0000e+00 0.0000e+00 8.8971e-02 1.8696e+00 0.0000e+00 0.0000e+00 0.0000e+00 0.0000e+00 -1.5791e+00 7.2094e-02 0.0000e+00 0.0000e+00 -7.2094e-02 -1.3182e+00 
163.0 2.2174e+00 9.2968e-02 0.0000e+00 0.0000e+00 9.2968e-02 1.8726e+00 0.0000e+00 0.0000e+00 0.0000e+00 0.0000e+00 -1.5989e+00 4.6703e-02 0.0000e+00 0.0000e+00 -4.6703e-02 -1.3339e+00 
164.0 2.2237e+00 9.4288e-02 0.0000e+00 0.0000e+00 9.4288e-02 1.8744e+00 0.0000e+00 0.0000e+00 0.0000e+00 0.0000e+00 -1.6208e+00 2.0044e-02 0.0000e+00 0.0000e+00 -2.0044e-02 -1.3481e+00 
165.0 2.2326e+00 9.2945e-02 0.0000e+00 0.0000e+00 9.2945e-02 1.8752e+00 0.0000e+00 0.0000e+00 0.0000e+00 0.0000e+00 -1.6452e+00 -7.1412e-03 0.0000e+00 0.0000e+00 7.1412e-03 -1.3604e+00 
166.0 2.2455e+00 8.9053e-02 0.0000e+00 0.0000e+00 8.9053e-02 1.8756e+00 0.0000e+00 0.0000e+00 0.0000e+00 0.0000e+00 -1.6725e+00 -3.3888e-02 0.0000e+00 0.0000e+00 3.3888e-02 -1.3704e+00 
167.0 2.2638e+00 8.2836e-02 0.0000e+00 0.0000e+00 8.2836e-02 1.8765e+00 0.0000e+00 0.0000e+00 0.0000e+00 0.0000e+00 -1.7030e+00 -5.9034e-02 0.0000e+00 0.0000e+00 5.9034e-02 -1.3776e+00 
168.0 2.2892e+00 7.4633e-02 0.0000e+00 0.0000e+00 7.4633e-02 1.8788e+00 0.0000e+00 0.0000e+00 0.0000e+00 0.0000e+00 -1.7370e+00 -8.1246e-02 0.0000e+00 0.0000e+00 8.1246e-02 -1.3816e+00 
169.0 2.3231e+00 6.4901e-02 0.0000e+00 0.0000e+00 6.4901e-02 1.8836e+00 0.0000e+00 0.0000e+00 0.0000e+00 0.0000e+00 -1.7744e+00 -9.9085e-02 0.0000e+00 0.0000e+00 9.9085e-02 -1.3820e+00 
170.0 2.3669e+00 5.4206e-02 0.0000e+00 0.0000e+00 5.4206e-02 1.8920e+00 0.0000e+00 0.0000e+00 0.0000e+00 0.0000e+00 -1.8152e+00 -1.1113e-01 0.0000e+00 0.0000e+00 1.1113e-01 -1.3787e+00 
171.0 2.4213e+00 4.3200e-02 0.0000e+00 0.0000e+00 4.3200e-02 1.9052e+00 0.0000e+00 0.0000e+00 0.0000e+00 0.0000e+00 -1.8588e+00 -1.1614e-01 0.0000e+00 0.0000e+00 1.1614e-01 -1.3717e+00 
172.0 2.4861e+00 3.2574e-02 0.0000e+00 0.0000e+00 3.2574e-02 1.9238e+00 0.0000e+00 0.0000e+00 0.0000e+00 0.0000e+00 -1.9043e+00 -1.1336e-01 0.0000e+00 0.0000e+00 1.1336e-01 -1.3613e+00 
173.0 2.5600e+00 2.2982e-02 0.0000e+00 0.0000e+00 2.2982e-02 1.9478e+00 0.0000e+00 0.0000e+00 0.0000e+00 0.0000e+00 -1.9506e+00 -1.0275e-01 0.0000e+00 0.0000e+00 1.0275e-01 -1.3481e+00 
174.0 2.6395e+00 1.4946e-02 0.0000e+00 0.0000e+00 1.4946e-02 1.9763e+00 0.0000e+00 0.0000e+00 0.0000e+00 0.0000e+00 -1.9957e+00 -8.5341e-02 0.0000e+00 0.0000e+00 8.5341e-02 -1.3332e+00 
175.0 2.7196e+00 8.7647e-03 0.0000e+00 0.0000e+00 8.7647e-03 2.0073e+00 0.0000e+00 0.0000e+00 0.0000e+00 0.0000e+00 -2.0374e+00 -6.3347e-02 0.0000e+00 0.0000e+00 6.3347e-02 -1.3179e+00 
176.0 2.7935e+00 4.4620e-03 0.0000e+00 0.0000e+00 4.4620e-03 2.0375e+00 0.0000e+00 0.0000e+00 0.0000e+00 0.0000e+00 -2.0735e+00 -4.0061e-02 0.0000e+00 0.0000e+00 4.0061e-02 -1.3037e+00 
177.0 2.8537e+00 1.8080e-03 0.0000e+00 0.0000e+00 1.8080e-03 2.0632e+00 0.0000e+00 0.0000e+00 0.0000e+00 0.0000e+00 -2.1014e+00 -1.9397e-02 0.0000e+00 0.0000e+00 1.9397e-02 -1.2922e+00 
178.0 2.8932e+00 4.3437e-04 0.0000e+00 0.0000e+00 4.3437e-04 2.0805e+00 0.0000e+00 0.0000e+00 0.0000e+00 0.0000e+00 -2.1191e+00 -5.1314e-03 0.0000e+00 0.0000e+00 5.1314e-03 -1.2846e+00 
179.0 2.9070e+00 9.2536e-21 0.0000e+00 0.0000e+00 9.2536e-21 2.0866e+00 0.0000e+00 0.0000e+00 0.0000e+00 0.0000e+00 -2.1252e+00 -4.3643e-20 0.0000e+00 0.0000e+00 4.3643e-20 -1.2820e+00 
180.0 2.9210e+00 0.0000e+00 0.0000e+00 0.0000e+00 0.0000e+00 2.0927e+00 0.0000e+00 0.0000e+00 0.0000e+00 0.0000e+00 -2.1313e+00 0.0000e+00 0.0000e+00 0.0000e+00 -0.0000e+00 -1.2794e+00 
