1.3828 1.4288 0.0460 0.058287
theta s11 s12 s13 s14 s21 s22 s23 s24 s31 s32 s33 s34 s41 s42 s43 s44
0.0 1.8404e+03 0.0000e+00 0.0000e+00 0.0000e+00 0.0000e+00 1.8393e+03 0.0000e+00 0.0000e+00 0.0000e+00 0.0000e+00 1.8393e+03 0.0000e+00 0.0000e+00 0.0000e+00 -0.0000e+00 1.8381e+03 
1.0 1.5773e+03 -9.2758e-02 0.0000e+00 0.0000e+00 -9.2758e-02 1.5762e+03 0.0000e+00 0.0000e+00 0.0000e+00 0.0000e+00 1.5762e+03 -6.9989e-01 0.0000e+00 0.0000e+00 6.9989e-01 1.5751e+03 
2.0 1.1239e+03 -1.9410e-01 0.0000e+00 0.0000e+00 -1.9410e-01 1.1227e+03 0.0000e+00 0.0000e+00 0.0000e+00 0.0000e+00 1.1227e+03 -2.2634e+00 0.0000e+00 0.0000e+00 2.2634e+00 1.1216e+03 
3.0 7.6996e+02 -2.1551e-01 0.0000e+00 0.0000e+00 -2.1551e-01 7.6887e+02 0.0000e+00 0.0000e+00 0.0000e+00 0.0000e+00 7.6883e+02 -3.7022e+00 0.0000e+00 0.0000e+00 3.7022e+00 7.6776e+02 
4.0 5.3989e+02 -2.1765e-01 0.0000e+00 0.0000e+00 -2.1765e-01 5.3882e+02 0.0000e+00 0.0000e+00 0.0000e+00 0.0000e+00 5.3874e+02 -4.5105e+00 0.0000e+00 0.0000e+00 4.5105e+00 5.3771e+02 
5.0 3.9595e+02 -2.3489e-01 0.0000e+00 0.0000e+00 -2.3489e-01 3.9490e+02 0.0000e+00 0.0000e+00 0.0000e+00 0.0000e+00 3.9478e+02 -4.7645e+00 0.0000e+00 0.0000e+00 4.7645e+00 3.9379e+02 
6.0 3.0463e+02 -2.7279e-01 0.0000e+00 0.0000e+00 -2.7279e-01 3.0360e+02 0.0000e+00 0.0000e+00 0.0000e+00 0.0000e+00 3.0344e+02 -4.6927e+00 0.0000e+00 0.0000e+00 4.6927e+00 3.0248e+02 
7.0 2.4475e+02 -3.3108e-01 0.0000e+00 0.0000e+00 -3.3108e-01 2.4374e+02 0.0000e+00 0.0000e+00 0.0000e+00 0.0000e+00 2.4354e+02 -4.4516e+00 0.0000e+00 0.0000e+00 4.4516e+00 2.4262e+02 
8.0 2.0402e+02 -4.0523e-01 0.0000e+00 0.0000e+00 -4.0523e-01 2.0301e+02 0.0000e+00 0.0000e+00 0.0000e+00 0.0000e+00 2.0279e+02 -4.1368e+00 0.0000e+00 0.0000e+00 4.1368e+00 2.0190e+02 
9.0 1.7528e+02 -4.8887e-01 0.0000e+00 0.0000e+00 -4.8887e-01 1.7427e+02 0.0000e+00 0.0000e+00 0.0000e+00 0.0000e+00 1.7403e+02 -3.8084e+00 0.0000e+00 0.0000e+00 3.8084e+00 1.7317e+02 
10.0 1.5424e+02 -5.7738e-01 0.0000e+00 0.0000e+00 -5.7738e-01 1.5323e+02 0.0000e+00 0.0000e+00 0.0000e+00 0.0000e+00 1.5298e+02 -3.4991e+00 0.0000e+00 0.0000e+00 3.4991e+00 1.5214e+02 
11.0 1.3827e+02 -6.6912e-01 0.0000e+00 0.0000e+00 -6.6912e-01 1.3727e+02 0.0000e+00 0.0000e+00 0.0000e+00 0.0000e+00 1.3700e+02 -3.2234e+00 0.0000e+00 0.0000e+00 3.2234e+00 1.3619e+02 
12.0 1.2574e+02 -7.6403e-01 0.0000e+00 0.0000e+00 -7.6403e-01 1.2473e+02 0.0000e+00 0.0000e+00 0.0000e+00 0.0000e+00 1.2446e+02 -2.9829e+00 0.0000e+00 0.0000e+00 2.9829e+00 1.2367e+02 
13.0 1.1561e+02 -8.6296e-01 0.0000e+00 0.0000e+00 -8.6296e-01 1.1460e+02 0.0000e+00 0.0000e+00 0.0000e+00 0.0000e+00 1.1432e+02 -2.7724e+00 0.0000e+00 0.0000e+00 2.7724e+00 1.1355e+02 
14.0 1.0721e+02 -9.6395e-01 0.0000e+00 0.0000e+00 -9.6395e-01 1.0621e+02 0.0000e+00 0.0000e+00 0.0000e+00 0.0000e+00 1.0591e+02 -2.5922e+00 0.0000e+00 0.0000e+00 2.5922e+00 1.0517e+02 
15.0 1.0011e+02 -1.0676e+00 0.0000e+00 0.0000e+00 -1.0676e+00 9.9098e+01 0.0000e+00 0.0000e+00 0.0000e+00 0.0000e+00 9.8794e+01 -2.4336e+00 0.0000e+00 0.0000e+00 2.4336e+00 9.8080e+01 
16.0 9.3975e+01 -1.1723e+00 0.0000e+00 0.0000e+00 -1.1723e+00 9.2961e+01 0.0000e+00 0.0000e+00 0.0000e+00 0.0000e+00 9.2646e+01 -2.2946e+00 0.0000e+00 0.0000e+00 2.2946e+00 9.1957e+01 
17.0 8.8585e+01 -1.2772e+00 0.0000e+00 0.0000e+00 -1.2772e+00 8.7569e+01 0.0000e+00 0.0000e+00 0.0000e+00 0.0000e+00 8.7244e+01 -2.1727e+00 0.0000e+00 0.0000e+00 2.1727e+00 8.6578e+01 
18.0 8.3776e+01 -1.3819e+00 0.0000e+00 0.0000e+00 -1.3819e+00 8.2756e+01 0.0000e+00 0.0000e+00 0.0000e+00 0.0000e+00 8.2422e+01 -2.0653e+00 0.0000e+00 0.0000e+00 2.0653e+00 8.1780e+01 
19.0 7.9432e+01 -1.4866e+00 0.0000e+00 0.0000e+00 -1.4866e+00 7.8410e+01 0.0000e+00 0.0000e+00 0.0000e+00 0.0000e+00 7.8325e+01 -1.9692e+00 0.0000e+00 0.0000e+00 1.9692e+00 7.7710e+01 
20.0 7.5473e+01 -1.5917e+00 0.0000e+00 0.0000e+00 -1.5917e+00 7.4448e+01 0.0000e+00 0.0000e+00 0.0000e+00 0.0000e+00 7.4589e+01 -1.8826e+00 0.0000e+00 0.0000e+00 1.8826e+00 7.4000e+01 
21.0 7.1837e+01 -1.6977e+00 0.0000e+00 0.0000e+00 -1.6977e+00 7.0810e+01 0.0000e+00 0.0000e+00 0.0000e+00 0.0000e+00 7.1157e+01 -1.8049e+00 0.0000e+00 0.0000e+00 1.8049e+00 7.0591e+01 
22.0 6.8477e+01 -1.8045e+00 0.0000e+00 0.0000e+00 -1.8045e+00 6.7447e+01 0.0000e+00 0.0000e+00 0.0000e+00 0.0000e+00 6.7981e+01 -1.7353e+00 0.0000e+00 0.0000e+00 1.7353e+00 6.7438e+01 
23.0 6.5351e+01 -1.9119e+00 0.0000e+00 0.0000e+00 -1.9119e+00 6.4320e+01 0.0000e+00 0.0000e+00 0.0000e+00 0.0000e+00 6.5025e+01 -1.6718e+00 0.0000e+00 0.0000e+00 1.6718e+00 6.4502e+01 
24.0 6.2431e+01 -2.0197e+00 0.0000e+00 0.0000e+00 -2.0197e+00 6.1398e+01 0.0000e+00 0.0000e+00 0.0000e+00 0.0000e+00 6.2260e+01 -1.6124e+00 0.0000e+00 0.0000e+00 1.6124e+00 6.1755e+01 
25.0 5.9693e+01 -2.1279e+00 0.0000e+00 0.0000e+00 -2.1279e+00 5.8659e+01 0.0000e+00 0.0000e+00 0.0000e+00 0.0000e+00 5.9664e+01 -1.5553e+00 0.0000e+00 0.0000e+00 1.5553e+00 5.9178e+01 
26.0 5.7121e+01 -2.2365e+00 0.0000e+00 0.0000e+00 -2.2365e+00 5.6085e+01 0.0000e+00 0.0000e+00 0.0000e+00 0.0000e+00 5.7222e+01 -1.4995e+00 0.0000e+00 0.0000e+00 1.4995e+00 5.6752e+01 
27.0 5.4698e+01 -2.3452e+00 0.0000e+00 0.0000e+00 -2.3452e+00 5.3661e+01 0.0000e+00 0.0000e+00 0.0000e+00 0.0000e+00 5.4919e+01 -1.4449e+00 0.0000e+00 0.0000e+00 1.4449e+00 5.4465e+01 
28.0 5.2410e+01 -2.4538e+00 0.0000e+00 0.0000e+00 -2.4538e+00 5.1371e+01 0.0000e+00 0.0000e+00 0.0000e+00 0.0000e+00 5.2740e+01 -1.3920e+00 0.0000e+00 0.0000e+00 1.3920e+00 5.2301e+01 
29.0 5.0242e+01 -2.5618e+00 0.0000e+00 0.0000e+00 -2.5618e+00 4.9203e+01 0.0000e+00 0.0000e+00 0.0000e+00 0.0000e+00 5.0673e+01 -1.3409e+00 0.0000e+00 0.0000e+00 1.3409e+00 5.0249e+01 
30.0 4.8183e+01 -2.6687e+00 0.0000e+00 0.0000e+00 -2.6687e+00 4.7144e+01 0.0000e+00 0.0000e+00 0.0000e+00 0.0000e+00 4.8707e+01 -1.2914e+00 0.0000e+00 0.0000e+00 1.2914e+00 4.8297e+01 
31.0 4.6226e+01 -2.7742e+00 0.0000e+00 0.0000e+00 -2.7742e+00 4.5186e+01 0.0000e+00 0.0000e+00 0.0000e+00 0.0000e+00 4.6626e+01 -1.2432e+00 0.0000e+00 0.0000e+00 1.2432e+00 4.6235e+01 
32.0 4.4361e+01 -2.8779e+00 0.0000e+00 0.0000e+00 -2.8779e+00 4.3322e+01 0.0000e+00 0.0000e+00 0.0000e+00 0.0000e+00 4.4644e+01 -1.1961e+00 0.0000e+00 0.0000e+00 1.1961e+00 4.4272e+01 
33.0 4.2583e+01 -2.9796e+00 0.0000e+00 0.0000e+00 -2.9796e+00 4.1545e+01 0.0000e+00 0.0000e+00 0.0000e+00 0.0000e+00 4.2753e+01 -1.1503e+00 0.0000e+00 0.0000e+00 1.1503e+00 4.2399e+01 
34.0 4.0886e+01 -3.0791e+00 0.0000e+00 0.0000e+00 -3.0791e+00 3.9849e+01 0.0000e+00 0.0000e+00 0.0000e+00 0.0000e+00 4.0948e+01 -1.1055e+00 0.0000e+00 0.0000e+00 1.1055e+00 4.0612e+01 
35.0 3.9266e+01 -3.1761e+00 0.0000e+00 0.0000e+00 -3.1761e+00 3.8230e+01 0.0000e+00 0.0000e+00 0.0000e+00 0.0000e+00 3.9222e+01 -1.0616e+00 0.0000e+00 0.0000e+00 1.0616e+00 3.8904e+01 
36.0 3.7718e+01 -3.2704e+00 0.0000e+00 0.0000e+00 -3.2704e+00 3.6683e+01 0.0000e+00 0.0000e+00 0.0000e+00 0.0000e+00 3.7571e+01 -1.0184e+00 0.0000e+00 0.0000e+00 1.0184e+00 3.7270e+01 
37.0 3.6238e+01 -3.3621e+00 0.0000e+00 0.0000e+00 -3.3621e+00 3.5206e+01 0.0000e+00 0.0000e+00 0.0000e+00 0.0000e+00 3.5992e+01 -9.7555e-01 0.0000e+00 0.0000e+00 9.7555e-01 3.5706e+01 
38.0 3.4825e+01 -3.4514e+00 0.0000e+00 0.0000e+00 -3.4514e+00 3.3795e+01 0.0000e+00 0.0000e+00 0.0000e+00 0.0000e+00 3.4480e+01 -9.3282e-01 0.0000e+00 0.0000e+00 9.3282e-01 3.4210e+01 
39.0 3.3475e+01 -3.5383e+00 0.0000e+00 0.0000e+00 -3.5383e+00 3.2448e+01 0.0000e+00 0.0000e+00 0.0000e+00 0.0000e+00 3.3032e+01 -8.9037e-01 0.0000e+00 0.0000e+00 8.9037e-01 3.2778e+01 
40.0 3.2186e+01 -3.6227e+00 0.0000e+00 0.0000e+00 -3.6227e+00 3.1162e+01 0.0000e+00 0.0000e+00 0.0000e+00 0.0000e+00 3.1647e+01 -8.4850e-01 0.0000e+00 0.0000e+00 8.4850e-01 3.1408e+01 
41.0 3.0954e+01 -3.7044e+00 0.0000e+00 0.0000e+00 -3.7044e+00 2.9933e+01 0.0000e+00 0.0000e+00 0.0000e+00 0.0000e+00 3.0321e+01 -8.0735e-01 0.0000e+00 0.0000e+00 8.0735e-01 3.0096e+01 
42.0 2.9776e+01 -3.7830e+00 0.0000e+00 0.0000e+00 -3.7830e+00 2.8759e+01 0.0000e+00 0.0000e+00 0.0000e+00 0.0000e+00 2.9050e+01 -7.6691e-01 0.0000e+00 0.0000e+00 7.6691e-01 2.8839e+01 
43.0 2.8649e+01 -3.8586e+00 0.0000e+00 0.0000e+00 -3.8586e+00 2.7636e+01 0.0000e+00 0.0000e+00 0.0000e+00 0.0000e+00 2.7832e+01 -7.2713e-01 0.0000e+00 0.0000e+00 7.2713e-01 2.7634e+01 
44.0 2.7571e+01 -3.9309e+00 0.0000e+00 0.0000e+00 -3.9309e+00 2.6562e+01 0.0000e+00 0.0000e+00 0.0000e+00 0.0000e+00 2.6663e+01 -6.8791e-01 0.0000e+00 0.0000e+00 6.8791e-01 2.6479e+01 
45.0 2.6539e+01 -3.9999e+00 0.0000e+00 0.0000e+00 -3.9999e+00 2.5534e+01 0.0000e+00 0.0000e+00 0.0000e+00 0.0000e+00 2.5542e+01 -6.4912e-01 0.0000e+00 0.0000e+00 6.4912e-01 2.5371e+01 
46.0 2.5551e+01 -4.0656e+00 0.0000e+00 0.0000e+00 -4.0656e+00 2.4551e+01 0.0000e+00 0.0000e+00 0.0000e+00 0.0000e+00 2.4466e+01 -6.1070e-01 0.0000e+00 0.0000e+00 6.1070e-01 2.4307e+01 
47.0 2.4604e+01 -4.1279e+00 0.0000e+00 0.0000e+00 -4.1279e+00 2.3609e+01 0.0000e+00 0.0000e+00 0.0000e+00 0.0000e+00 2.3434e+01 -5.7268e-01 0.0000e+00 0.0000e+00 5.7268e-01 2.3287e+01 
48.0 2.3699e+01 -4.1869e+00 0.0000e+00 0.0000e+00 -4.1869e+00 2.2708e+01 0.0000e+00 0.0000e+00 0.0000e+00 0.0000e+00 2.2442e+01 -5.3512e-01 0.0000e+00 0.0000e+00 5.3512e-01 2.2307e+01 
49.0 2.2831e+01 -4.2423e+00 0.0000e+00 0.0000e+00 -4.2423e+00 2.1846e+01 0.0000e+00 0.0000e+00 0.0000e+00 0.0000e+00 2.1491e+01 -4.9805e-01 0.0000e+00 0.0000e+00 4.9805e-01 2.1367e+01 
50.0 2.2000e+01 -4.2942e+00 0.0000e+00 0.0000e+00 -4.2942e+00 2.1021e+01 0.0000e+00 0.0000e+00 0.0000e+00 0.0000e+00 2.0576e+01 -4.6144e-01 0.0000e+00 0.0000e+00 4.6144e-01 2.0463e+01 
51.0 2.1205e+01 -4.3425e+00 0.0000e+00 0.0000e+00 -4.3425e+00 2.0230e+01 0.0000e+00 0.0000e+00 0.0000e+00 0.0000e+00 1.9698e+01 -4.2520e-01 0.0000e+00 0.0000e+00 4.2520e-01 1.9596e+01 
52.0 2.0443e+01 -4.3873e+00 0.0000e+00 0.0000e+00 -4.3873e+00 1.9474e+01 0.0000e+00 0.0000e+00 0.0000e+00 0.0000e+00 1.8854e+01 -3.8925e-01 0.0000e+00 0.0000e+00 3.8925e-01 1.8762e+01 
53.0 1.9714e+01 -4.4287e+00 0.0000e+00 0.0000e+00 -4.4287e+00 1.8750e+01 0.0000e+00 0.0000e+00 0.0000e+00 0.0000e+00 1.8042e+01 -3.5352e-01 0.0000e+00 0.0000e+00 3.5352e-01 1.7961e+01 
54.0 1.9016e+01 -4.4668e+00 0.0000e+00 0.0000e+00 -4.4668e+00 1.8057e+01 0.0000e+00 0.0000e+00 0.0000e+00 0.0000e+00 1.7262e+01 -3.1801e-01 0.0000e+00 0.0000e+00 3.1801e-01 1.7191e+01 
55.0 1.8348e+01 -4.5015e+00 0.0000e+00 0.0000e+00 -4.5015e+00 1.7395e+01 0.0000e+00 0.0000e+00 0.0000e+00 0.0000e+00 1.6512e+01 -2.8280e-01 0.0000e+00 0.0000e+00 2.8280e-01 1.6452e+01 
56.0 1.7709e+01 -4.5330e+00 0.0000e+00 0.0000e+00 -4.5330e+00 1.6761e+01 0.0000e+00 0.0000e+00 0.0000e+00 0.0000e+00 1.5792e+01 -2.4798e-01 0.0000e+00 0.0000e+00 2.4798e-01 1.5741e+01 
57.0 1.7097e+01 -4.5613e+00 0.0000e+00 0.0000e+00 -4.5613e+00 1.6155e+01 0.0000e+00 0.0000e+00 0.0000e+00 0.0000e+00 1.5099e+01 -2.1362e-01 0.0000e+00 0.0000e+00 2.1362e-01 1.5058e+01 
58.0 1.6512e+01 -4.5862e+00 0.0000e+00 0.0000e+00 -4.5862e+00 1.5575e+01 0.0000e+00 0.0000e+00 0.0000e+00 0.0000e+00 1.4432e+01 -1.7973e-01 0.0000e+00 0.0000e+00 1.7973e-01 1.4401e+01 
59.0 1.5952e+01 -4.6078e+00 0.0000e+00 0.0000e+00 -4.6078e+00 1.5020e+01 0.0000e+00 0.0000e+00 0.0000e+00 0.0000e+00 1.3791e+01 -1.4630e-01 0.0000e+00 0.0000e+00 1.4630e-01 1.3769e+01 
60.0 1.5416e+01 -4.6263e+00 0.0000e+00 0.0000e+00 -4.6263e+00 1.4489e+01 0.0000e+00 0.0000e+00 0.0000e+00 0.0000e+00 1.3174e+01 -1.1329e-01 0.0000e+00 0.0000e+00 1.1329e-01 1.3162e+01 
61.0 1.4903e+01 -4.6416e+00 0.0000e+00 0.0000e+00 -4.6416e+00 1.3981e+01 0.0000e+00 0.0000e+00 0.0000e+00 0.0000e+00 1.2580e+01 -8.0735e-02 0.0000e+00 0.0000e+00 8.0735e-02 1.2577e+01 
62.0 1.4412e+01 -4.6539e+00 0.0000e+00 0.0000e+00 -4.6539e+00 1.3495e+01 0.0000e+00 0.0000e+00 0.0000e+00 0.0000e+00 1.2008e+01 -4.8668e-02 0.0000e+00 0.0000e+00 4.8668e-02 1.2014e+01 
63.0 1.3942e+01 -4.6632e+00 0.0000e+00 0.0000e+00 -4.6632e+00 1.3030e+01 0.0000e+00 0.0000e+00 0.0000e+00 0.0000e+00 1.1458e+01 -1.7140e-02 0.0000e+00 0.0000e+00 1.7140e-02 1.1473e+01 
64.0 1.3492e+01 -4.6696e+00 0.0000e+00 0.0000e+00 -4.6696e+00 1.2585e+01 0.0000e+00 0.0000e+00 0.0000e+00 0.0000e+00 1.0928e+01 1.3794e-02 0.0000e+00 0.0000e+00 -1.3794e-02 1.0952e+01 
65.0 1.3062e+01 -4.6732e+00 0.0000e+00 0.0000e+00 -4.6732e+00 1.2159e+01 0.0000e+00 0.0000e+00 0.0000e+00 0.0000e+00 1.0417e+01 4.4072e-02 0.0000e+00 0.0000e+00 -4.4072e-02 1.0450e+01 
66.0 1.2650e+01 -4.6739e+00 0.0000e+00 0.0000e+00 -4.6739e+00 1.1752e+01 0.0000e+00 0.0000e+00 0.0000e+00 0.0000e+00 9.9250e+00 7.3640e-02 0.0000e+00 0.0000e+00 -7.3640e-02 9.9671e+00 
67.0 1.2256e+01 -4.6719e+00 0.0000e+00 0.0000e+00 -4.6719e+00 1.1362e+01 0.0000e+00 0.0000e+00 0.0000e+00 0.0000e+00 9.4508e+00 1.0247e-01 0.0000e+00 0.0000e+00 -1.0247e-01 9.5017e+00 
68.0 1.1878e+01 -4.6670e+00 0.0000e+00 0.0000e+00 -4.6670e+00 1.0990e+01 0.0000e+00 0.0000e+00 0.0000e+00 0.0000e+00 8.9937e+00 1.3055e-01 0.0000e+00 0.0000e+00 -1.3055e-01 9.0533e+00 
69.0 1.1517e+01 -4.6595e+00 0.0000e+00 0.0000e+00 -4.6595e+00 1.0633e+01 0.0000e+00 0.0000e+00 0.0000e+00 0.0000e+00 8.5530e+00 1.5784e-01 0.0000e+00 0.0000e+00 -1.5784e-01 8.6211e+00 
70.0 1.1172e+01 -4.6494e+00 0.0000e+00 0.0000e+00 -4.6494e+00 1.0292e+01 0.0000e+00 0.0000e+00 0.0000e+00 0.0000e+00 8.1279e+00 1.8436e-01 0.0000e+00 0.0000e+00 -1.8436e-01 8.2046e+00 
71.0 1.0841e+01 -4.6366e+00 0.0000e+00 0.0000e+00 -4.6366e+00 9.9654e+00 0.0000e+00 0.0000e+00 0.0000e+00 0.0000e+00 7.7179e+00 2.1007e-01 0.0000e+00 0.0000e+00 -2.1007e-01 7.8029e+00 
72.0 1.0525e+01 -4.6214e+00 0.0000e+00 0.0000e+00 -4.6214e+00 9.6533e+00 0.0000e+00 0.0000e+00 0.0000e+00 0.0000e+00 7.3222e+00 2.3496e-01 0.0000e+00 0.0000e+00 -2.3496e-01 7.4155e+00 
73.0 1.0222e+01 -4.6037e+00 0.0000e+00 0.0000e+00 -4.6037e+00 9.3546e+00 0.0000e+00 0.0000e+00 0.0000e+00 0.0000e+00 6.9404e+00 2.5899e-01 0.0000e+00 0.0000e+00 -2.5899e-01 7.0419e+00 
74.0 9.9318e+00 -4.5836e+00 0.0000e+00 0.0000e+00 -4.5836e+00 9.0691e+00 0.0000e+00 0.0000e+00 0.0000e+00 0.0000e+00 6.5718e+00 2.8215e-01 0.0000e+00 0.0000e+00 -2.8215e-01 6.6813e+00 
75.0 9.6544e+00 -4.5612e+00 0.0000e+00 0.0000e+00 -4.5612e+00 8.7960e+00 0.0000e+00 0.0000e+00 0.0000e+00 0.0000e+00 6.2159e+00 3.0444e-01 0.0000e+00 0.0000e+00 -3.0444e-01 6.3334e+00 
76.0 9.3890e+00 -4.5365e+00 0.0000e+00 0.0000e+00 -4.5365e+00 8.5349e+00 0.0000e+00 0.0000e+00 0.0000e+00 0.0000e+00 5.8722e+00 3.2585e-01 0.0000e+00 0.0000e+00 -3.2585e-01 5.9975e+00 
77.0 9.1351e+00 -4.5095e+00 0.0000e+00 0.0000e+00 -4.5095e+00 8.2852e+00 0.0000e+00 0.0000e+00 0.0000e+00 0.0000e+00 5.5401e+00 3.4638e-01 0.0000e+00 0.0000e+00 -3.4638e-01 5.6732e+00 
78.0 8.8922e+00 -4.4804e+00 0.0000e+00 0.0000e+00 -4.4804e+00 8.0466e+00 0.0000e+00 0.0000e+00 0.0000e+00 0.0000e+00 5.2193e+00 3.6607e-01 0.0000e+00 0.0000e+00 -3.6607e-01 5.3600e+00 
79.0 8.6599e+00 -4.4492e+00 0.0000e+00 0.0000e+00 -4.4492e+00 7.8186e+00 0.0000e+00 0.0000e+00 0.0000e+00 0.0000e+00 4.9093e+00 3.8495e-01 0.0000e+00 0.0000e+00 -3.8495e-01 5.0575e+00 
80.0 8.4378e+00 -4.4159e+00 0.0000e+00 0.0000e+00 -4.4159e+00 7.6007e+00 0.0000e+00 0.0000e+00 0.0000e+00 0.0000e+00 4.6097e+00 4.0305e-01 0.0000e+00 0.0000e+00 -4.0305e-01 4.7653e+00 
81.0 8.2254e+00 -4.3806e+00 0.0000e+00 0.0000e+00 -4.3806e+00 7.3926e+00 0.0000e+00 0.0000e+00 0.0000e+00 0.0000e+00 4.3200e+00 4.2041e-01 0.0000e+00 0.0000e+00 -4.2041e-01 4.4829e+00 
82.0 8.0225e+00 -4.3434e+00 0.0000e+00 0.0000e+00 -4.3434e+00 7.1939e+00 0.0000e+00 0.0000e+00 0.0000e+00 0.0000e+00 4.0399e+00 4.3705e-01 0.0000e+00 0.0000e+00 -4.3705e-01 4.2100e+00 
83.0 7.8286e+00 -4.3044e+00 0.0000e+00 0.0000e+00 -4.3044e+00 7.0041e+00 0.0000e+00 0.0000e+00 0.0000e+00 0.0000e+00 3.7690e+00 4.5298e-01 0.0000e+00 0.0000e+00 -4.5298e-01 3.9463e+00 
84.0 7.6434e+00 -4.2637e+00 0.0000e+00 0.0000e+00 -4.2637e+00 6.8231e+00 0.0000e+00 0.0000e+00 0.0000e+00 0.0000e+00 3.5070e+00 4.6820e-01 0.0000e+00 0.0000e+00 -4.6820e-01 3.6915e+00 
85.0 7.4666e+00 -4.2214e+00 0.0000e+00 0.0000e+00 -4.2214e+00 6.6503e+00 0.0000e+00 0.0000e+00 0.0000e+00 0.0000e+00 3.2536e+00 4.8270e-01 0.0000e+00 0.0000e+00 -4.8270e-01 3.4451e+00 
86.0 7.2978e+00 -4.1774e+00 0.0000e+00 0.0000e+00 -4.1774e+00 6.4854e+00 0.0000e+00 0.0000e+00 0.0000e+00 0.0000e+00 3.0084e+00 4.9647e-01 0.0000e+00 0.0000e+00 -4.9647e-01 3.2069e+00 
87.0 7.1367e+00 -4.1319e+00 0.0000e+00 0.0000e+00 -4.1319e+00 6.3281e+00 0.0000e+00 0.0000e+00 0.0000e+00 0.0000e+00 2.7711e+00 5.0950e-01 0.0000e+00 0.0000e+00 -5.0950e-01 2.9766e+00 
88.0 6.9830e+00 -4.0850e+00 0.0000e+00 0.0000e+00 -4.0850e+00 6.1782e+00 0.0000e+00 0.0000e+00 0.0000e+00 0.0000e+00 2.5414e+00 5.2180e-01 0.0000e+00 0.0000e+00 -5.2180e-01 2.7539e+00 
89.0 6.8364e+00 -4.0366e+00 0.0000e+00 0.0000e+00 -4.0366e+00 6.0352e+00 0.0000e+00 0.0000e+00 0.0000e+00 0.0000e+00 2.3190e+00 5.3335e-01 0.0000e+00 0.0000e+00 -5.3335e-01 2.5384e+00 
90.0 6.6966e+00 -3.9870e+00 0.0000e+00 0.0000e+00 -3.9870e+00 5.8990e+00 0.0000e+00 0.0000e+00 0.0000e+00 0.0000e+00 2.1036e+00 5.4416e-01 0.0000e+00 0.0000e+00 -5.4416e-01 2.3299e+00 
91.0 6.5633e+00 -3.9361e+00 0.0000e+00 0.0000e+00 -3.9361e+00 5.7692e+00 0.0000e+00 0.0000e+00 0.0000e+00 0.0000e+00 1.8951e+00 5.5422e-01 0.0000e+00 0.0000e+00 -5.5422e-01 2.1282e+00 
92.0 6.4364e+00 -3.8840e+00 0.0000e+00 0.0000e+00 -3.8840e+00 5.6457e+00 0.0000e+00 0.0000e+00 0.0000e+00 0.0000e+00 1.6931e+00 5.6354e-01 0.0000e+00 0.0000e+00 -5.6354e-01 1.9329e+00 
93.0 6.3154e+00 -3.8307e+00 0.0000e+00 0.0000e+00 -3.8307e+00 5.5281e+00 0.0000e+00 0.0000e+00 0.0000e+00 0.0000e+00 1.4974e+00 5.7213e-01 0.0000e+00 0.0000e+00 -5.7213e-01 1.7438e+00 
94.0 6.2003e+00 -3.7764e+00 0.0000e+00 0.0000e+00 -3.7764e+00 5.4163e+00 0.0000e+00 0.0000e+00 0.0000e+00 0.0000e+00 1.3079e+00 5.8000e-01 0.0000e+00 0.0000e+00 -5.8000e-01 1.5607e+00 
95.0 6.0908e+00 -3.7210e+00 0.0000e+00 0.0000e+00 -3.7210e+00 5.3100e+00 0.0000e+00 0.0000e+00 0.0000e+00 0.0000e+00 1.1242e+00 5.8715e-01 0.0000e+00 0.0000e+00 -5.8715e-01 1.3833e+00 
96.0 5.9867e+00 -3.6647e+00 0.0000e+00 0.0000e+00 -3.6647e+00 5.2091e+00 0.0000e+00 0.0000e+00 0.0000e+00 0.0000e+00 9.4612e-01 5.9363e-01 0.0000e+00 0.0000e+00 -5.9363e-01 1.2114e+00 
97.0 5.8877e+00 -3.6074e+00 0.0000e+00 0.0000e+00 -3.6074e+00 5.1135e+00 0.0000e+00 0.0000e+00 0.0000e+00 0.0000e+00 7.7357e-01 5.9944e-01 0.0000e+00 0.0000e+00 -5.9944e-01 1.0448e+00 
98.0 5.7938e+00 -3.5493e+00 0.0000e+00 0.0000e+00 -3.5493e+00 5.0228e+00 0.0000e+00 0.0000e+00 0.0000e+00 0.0000e+00 6.0633e-01 6.0461e-01 0.0000e+00 0.0000e+00 -6.0461e-01 8.8342e-01 
99.0 5.7047e+00 -3.4904e+00 0.0000e+00 0.0000e+00 -3.4904e+00 4.9370e+00 0.0000e+00 0.0000e+00 0.0000e+00 0.0000e+00 4.4423e-01 6.0917e-01 0.0000e+00 0.0000e+00 -6.0917e-01 7.2695e-01 
100.0 5.6203e+00 -3.4306e+00 0.0000e+00 0.0000e+00 -3.4306e+00 4.8559e+00 0.0000e+00 0.0000e+00 0.0000e+00 0.0000e+00 2.8709e-01 6.1314e-01 0.0000e+00 0.0000e+00 -6.1314e-01 5.7526e-01 
101.0 5.5403e+00 -3.3702e+00 0.0000e+00 0.0000e+00 -3.3702e+00 4.7794e+00 0.0000e+00 0.0000e+00 0.0000e+00 0.0000e+00 1.3476e-01 6.1653e-01 0.0000e+00 0.0000e+00 -6.1653e-01 4.2818e-01 
102.0 5.4647e+00 -3.3091e+00 0.0000e+00 0.0000e+00 -3.3091e+00 4.7072e+00 0.0000e+00 0.0000e+00 0.0000e+00 0.0000e+00 -1.2944e-02 6.1935e-01 0.0000e+00 0.0000e+00 -6.1935e-01 2.8554e-01 
103.0 5.3933e+00 -3.2474e+00 0.0000e+00 0.0000e+00 -3.2474e+00 4.6393e+00 0.0000e+00 0.0000e+00 0.0000e+00 0.0000e+00 -1.5618e-01 6.2162e-01 0.0000e+00 0.0000e+00 -6.2162e-01 1.4719e-01 
104.0 5.3259e+00 -3.1851e+00 0.0000e+00 0.0000e+00 -3.1851e+00 4.5753e+00 0.0000e+00 0.0000e+00 0.0000e+00 0.0000e+00 -2.9510e-01 6.2333e-01 0.0000e+00 0.0000e+00 -6.2333e-01 1.2972e-02 
105.0 5.2623e+00 -3.1223e+00 0.0000e+00 0.0000e+00 -3.1223e+00 4.5153e+00 0.0000e+00 0.0000e+00 0.0000e+00 0.0000e+00 -4.2987e-01 6.2450e-01 0.0000e+00 0.0000e+00 -6.2450e-01 -1.1725e-01 
106.0 5.2025e+00 -3.0591e+00 0.0000e+00 0.0000e+00 -3.0591e+00 4.4589e+00 0.0000e+00 0.0000e+00 0.0000e+00 0.0000e+00 -5.6063e-01 6.2512e-01 0.0000e+00 0.0000e+00 -6.2512e-01 -2.4362e-01 
107.0 5.1462e+00 -2.9954e+00 0.0000e+00 0.0000e+00 -2.9954e+00 4.4062e+00 0.0000e+00 0.0000e+00 0.0000e+00 0.0000e+00 -6.8752e-01 6.2523e-01 0.0000e+00 0.0000e+00 -6.2523e-01 -3.6628e-01 
108.0 5.0934e+00 -2.9313e+00 0.0000e+00 0.0000e+00 -2.9313e+00 4.3569e+00 0.0000e+00 0.0000e+00 0.0000e+00 0.0000e+00 -8.1068e-01 6.2484e-01 0.0000e+00 0.0000e+00 -6.2484e-01 -4.8535e-01 
109.0 5.0440e+00 -2.8669e+00 0.0000e+00 0.0000e+00 -2.8669e+00 4.3109e+00 0.0000e+00 0.0000e+00 0.0000e+00 0.0000e+00 -9.3025e-01 6.2396e-01 0.0000e+00 0.0000e+00 -6.2396e-01 -6.0099e-01 
110.0 4.9977e+00 -2.8021e+00 0.0000e+00 0.0000e+00 -2.8021e+00 4.2681e+00 0.0000e+00 0.0000e+00 0.0000e+00 0.0000e+00 -1.0463e+00 6.2261e-01 0.0000e+00 0.0000e+00 -6.2261e-01 -7.1329e-01 
111.0 4.9546e+00 -2.7371e+00 0.0000e+00 0.0000e+00 -2.7371e+00 4.2284e+00 0.0000e+00 0.0000e+00 0.0000e+00 0.0000e+00 -1.1591e+00 6.2084e-01 0.0000e+00 0.0000e+00 -6.2084e-01 -8.2238e-01 
112.0 4.9145e+00 -2.6719e+00 0.0000e+00 0.0000e+00 -2.6719e+00 4.1917e+00 0.0000e+00 0.0000e+00 0.0000e+00 0.0000e+00 -1.2686e+00 6.1865e-01 0.0000e+00 0.0000e+00 -6.1865e-01 -9.2836e-01 
113.0 4.8772e+00 -2.6064e+00 0.0000e+00 0.0000e+00 -2.6064e+00 4.1579e+00 0.0000e+00 0.0000e+00 0.0000e+00 0.0000e+00 -1.3749e+00 6.1608e-01 0.0000e+00 0.0000e+00 -6.1608e-01 -1.0313e+00 
114.0 4.8427e+00 -2.5408e+00 0.0000e+00 0.0000e+00 -2.5408e+00 4.1269e+00 0.0000e+00 0.0000e+00 0.0000e+00 0.0000e+00 -1.4782e+00 6.1314e-01 0.0000e+00 0.0000e+00 -6.1314e-01 -1.1314e+00 
115.0 4.8109e+00 -2.4752e+00 0.0000e+00 0.0000e+00 -2.4752e+00 4.0985e+00 0.0000e+00 0.0000e+00 0.0000e+00 0.0000e+00 -1.5785e+00 6.0985e-01 0.0000e+00 0.0000e+00 -6.0985e-01 -1.2287e+00 
116.0 4.7817e+00 -2.4095e+00 0.0000e+00 0.0000e+00 -2.4095e+00 4.0728e+00 0.0000e+00 0.0000e+00 0.0000e+00 0.0000e+00 -1.6760e+00 6.0623e-01 0.0000e+00 0.0000e+00 -6.0623e-01 -1.3234e+00 
117.0 4.7550e+00 -2.3438e+00 0.0000e+00 0.0000e+00 -2.3438e+00 4.0496e+00 0.0000e+00 0.0000e+00 0.0000e+00 0.0000e+00 -1.7707e+00 6.0231e-01 0.0000e+00 0.0000e+00 -6.0231e-01 -1.4154e+00 
118.0 4.7307e+00 -2.2781e+00 0.0000e+00 0.0000e+00 -2.2781e+00 4.0288e+00 0.0000e+00 0.0000e+00 0.0000e+00 0.0000e+00 -1.8627e+00 5.9809e-01 0.0000e+00 0.0000e+00 -5.9809e-01 -1.5048e+00 
119.0 4.7087e+00 -2.2126e+00 0.0000e+00 0.0000e+00 -2.2126e+00 4.0103e+00 0.0000e+00 0.0000e+00 0.0000e+00 0.0000e+00 -1.9521e+00 5.9354e-01 0.0000e+00 0.0000e+00 -5.9354e-01 -1.5918e+00 
120.0 4.6888e+00 -2.1472e+00 0.0000e+00 0.0000e+00 -2.1472e+00 3.9940e+00 0.0000e+00 0.0000e+00 0.0000e+00 0.0000e+00 -2.0390e+00 5.8868e-01 0.0000e+00 0.0000e+00 -5.8868e-01 -1.6764e+00 
121.0 4.6711e+00 -2.0820e+00 0.0000e+00 0.0000e+00 -2.0820e+00 3.9798e+00 0.0000e+00 0.0000e+00 0.0000e+00 0.0000e+00 -2.1234e+00 5.8348e-01 0.0000e+00 0.0000e+00 -5.8348e-01 -1.7587e+00 
122.0 4.6552e+00 -2.0171e+00 0.0000e+00 0.0000e+00 -2.0171e+00 3.9676e+00 0.0000e+00 0.0000e+00 0.0000e+00 0.0000e+00 -2.2055e+00 5.7790e-01 0.0000e+00 0.0000e+00 -5.7790e-01 -1.8387e+00 
123.0 4.6412e+00 -1.9524e+00 0.0000e+00 0.0000e+00 -1.9524e+00 3.9571e+00 0.0000e+00 0.0000e+00 0.0000e+00 0.0000e+00 -2.2854e+00 5.7187e-01 0.0000e+00 0.0000e+00 -5.7187e-01 -1.9166e+00 
124.0 4.6289e+00 -1.8881e+00 0.0000e+00 0.0000e+00 -1.8881e+00 3.9483e+00 0.0000e+00 0.0000e+00 0.0000e+00 0.0000e+00 -2.3632e+00 5.6538e-01 0.0000e+00 0.0000e+00 -5.6538e-01 -1.9924e+00 
125.0 4.6182e+00 -1.8241e+00 0.0000e+00 0.0000e+00 -1.8241e+00 3.9410e+00 0.0000e+00 0.0000e+00 0.0000e+00 0.0000e+00 -2.4388e+00 5.5843e-01 0.0000e+00 0.0000e+00 -5.5843e-01 -2.0663e+00 
126.0 4.6090e+00 -1.7604e+00 0.0000e+00 0.0000e+00 -1.7604e+00 3.9353e+00 0.0000e+00 0.0000e+00 0.0000e+00 0.0000e+00 -2.5125e+00 5.5107e-01 0.0000e+00 0.0000e+00 -5.5107e-01 -2.1381e+00 
127.0 4.6014e+00 -1.6972e+00 0.0000e+00 0.0000e+00 -1.6972e+00 3.9311e+00 0.0000e+00 0.0000e+00 0.0000e+00 0.0000e+00 -2.5842e+00 5.4331e-01 0.0000e+00 0.0000e+00 -5.4331e-01 -2.2082e+00 
128.0 4.5953e+00 -1.6345e+00 0.0000e+00 0.0000e+00 -1.6345e+00 3.9283e+00 0.0000e+00 0.0000e+00 0.0000e+00 0.0000e+00 -2.6540e+00 5.3517e-01 0.0000e+00 0.0000e+00 -5.3517e-01 -2.2764e+00 
129.0 4.5905e+00 -1.5723e+00 0.0000e+00 0.0000e+00 -1.5723e+00 3.9269e+00 0.0000e+00 0.0000e+00 0.0000e+00 0.0000e+00 -2.7220e+00 5.2663e-01 0.0000e+00 0.0000e+00 -5.2663e-01 -2.3428e+00 
130.0 4.5872e+00 -1.5107e+00 0.0000e+00 0.0000e+00 -1.5107e+00 3.9269e+00 0.0000e+00 0.0000e+00 0.0000e+00 0.0000e+00 -2.7881e+00 5.1768e-01 0.0000e+00 0.0000e+00 -5.1768e-01 -2.4076e+00 
131.0 4.5851e+00 -1.4498e+00 0.0000e+00 0.0000e+00 -1.4498e+00 3.9281e+00 0.0000e+00 0.0000e+00 0.0000e+00 0.0000e+00 -2.8526e+00 5.0832e-01 0.0000e+00 0.0000e+00 -5.0832e-01 -2.4707e+00 
132.0 4.5844e+00 -1.3894e+00 0.0000e+00 0.0000e+00 -1.3894e+00 3.9306e+00 0.0000e+00 0.0000e+00 0.0000e+00 0.0000e+00 -2.9154e+00 4.9861e-01 0.0000e+00 0.0000e+00 -4.9861e-01 -2.5321e+00 
133.0 4.5850e+00 -1.3297e+00 0.0000e+00 0.0000e+00 -1.3297e+00 3.9345e+00 0.0000e+00 0.0000e+00 0.0000e+00 0.0000e+00 -2.9765e+00 4.8861e-01 0.0000e+00 0.0000e+00 -4.8861e-01 -2.5921e+00 
134.0 4.5869e+00 -1.2707e+00 0.0000e+00 0.0000e+00 -1.2707e+00 3.9397e+00 0.0000e+00 0.0000e+00 0.0000e+00 0.0000e+00 -3.0361e+00 4.7836e-01 0.0000e+00 0.0000e+00 -4.7836e-01 -2.6506e+00 
135.0 4.5901e+00 -1.2124e+00 0.0000e+00 0.0000e+00 -1.2124e+00 3.9460e+00 0.0000e+00 0.0000e+00 0.0000e+00 0.0000e+00 -3.0941e+00 4.6786e-01 0.0000e+00 0.0000e+00 -4.6786e-01 -2.7076e+00 
136.0 4.5944e+00 -1.1549e+00 0.0000e+00 0.0000e+00 -1.1549e+00 3.9536e+00 0.0000e+00 0.0000e+00 0.0000e+00 0.0000e+00 -3.1506e+00 4.5711e-01 0.0000e+00 0.0000e+00 -4.5711e-01 -2.7633e+00 
137.0 4.5999e+00 -1.0982e+00 0.0000e+00 0.0000e+00 -1.0982e+00 3.9624e+00 0.0000e+00 0.0000e+00 0.0000e+00 0.0000e+00 -3.2056e+00 4.4615e-01 0.0000e+00 0.0000e+00 -4.4615e-01 -2.8177e+00 
138.0 4.6064e+00 -1.0423e+00 0.0000e+00 0.0000e+00 -1.0423e+00 3.9723e+00 0.0000e+00 0.0000e+00 0.0000e+00 0.0000e+00 -3.2591e+00 4.3499e-01 0.0000e+00 0.0000e+00 -4.3499e-01 -2.8707e+00 
139.0 4.6140e+00 -9.8733e-01 0.0000e+00 0.0000e+00 -9.8733e-01 3.9834e+00 0.0000e+00 0.0000e+00 0.0000e+00 0.0000e+00 -3.3111e+00 4.2368e-01 0.0000e+00 0.0000e+00 -4.2368e-01 -2.9224e+00 
140.0 4.6227e+00 -9.3321e-01 0.0000e+00 0.0000e+00 -9.3321e-01 3.9955e+00 0.0000e+00 0.0000e+00 0.0000e+00 0.0000e+00 -3.3618e+00 4.1224e-01 0.0000e+00 0.0000e+00 -4.1224e-01 -2.9729e+00 
141.0 4.6324e+00 -8.8002e-01 0.0000e+00 0.0000e+00 -8.8002e-01 4.0087e+00 0.0000e+00 0.0000e+00 0.0000e+00 0.0000e+00 -3.4111e+00 4.0067e-01 0.0000e+00 0.0000e+00 -4.0067e-01 -3.0221e+00 
142.0 4.6432e+00 -8.2777e-01 0.0000e+00 0.0000e+00 -8.2777e-01 4.0229e+00 0.0000e+00 0.0000e+00 0.0000e+00 0.0000e+00 -3.4592e+00 3.8899e-01 0.0000e+00 0.0000e+00 -3.8899e-01 -3.0701e+00 
143.0 4.6551e+00 -7.7644e-01 0.0000e+00 0.0000e+00 -7.7644e-01 4.0381e+00 0.0000e+00 0.0000e+00 0.0000e+00 0.0000e+00 -3.5060e+00 3.7724e-01 0.0000e+00 0.0000e+00 -3.7724e-01 -3.1169e+00 
144.0 4.6682e+00 -7.2609e-01 0.0000e+00 0.0000e+00 -7.2609e-01 4.0543e+00 0.0000e+00 0.0000e+00 0.0000e+00 0.0000e+00 -3.5517e+00 3.6544e-01 0.0000e+00 0.0000e+00 -3.6544e-01 -3.1625e+00 
145.0 4.6825e+00 -6.7676e-01 0.0000e+00 0.0000e+00 -6.7676e-01 4.0714e+00 0.0000e+00 0.0000e+00 0.0000e+00 0.0000e+00 -3.5965e+00 3.5354e-01 0.0000e+00 0.0000e+00 -3.5354e-01 -3.2069e+00 
146.0 4.6978e+00 -6.2854e-01 0.0000e+00 0.0000e+00 -6.2854e-01 4.0893e+00 0.0000e+00 0.0000e+00 0.0000e+00 0.0000e+00 -3.6403e+00 3.4149e-01 0.0000e+00 0.0000e+00 -3.4149e-01 -3.2502e+00 
147.0 4.7142e+00 -5.8147e-01 0.0000e+00 0.0000e+00 -5.8147e-01 4.1077e+00 0.0000e+00 0.0000e+00 0.0000e+00 0.0000e+00 -3.6833e+00 3.2919e-01 0.0000e+00 0.0000e+00 -3.2919e-01 -3.2924e+00 
148.0 4.7315e+00 -5.3561e-01 0.0000e+00 0.0000e+00 -5.3561e-01 4.1268e+00 0.0000e+00 0.0000e+00 0.0000e+00 0.0000e+00 -3.7254e+00 3.1662e-01 0.0000e+00 0.0000e+00 -3.1662e-01 -3.3334e+00 
149.0 4.7500e+00 -4.9096e-01 0.0000e+00 0.0000e+00 -4.9096e-01 4.1466e+00 0.0000e+00 0.0000e+00 0.0000e+00 0.0000e+00 -3.7669e+00 3.0379e-01 0.0000e+00 0.0000e+00 -3.0379e-01 -3.3734e+00 
150.0 4.7697e+00 -4.4750e-01 0.0000e+00 0.0000e+00 -4.4750e-01 4.1671e+00 0.0000e+00 0.0000e+00 0.0000e+00 0.0000e+00 -3.8077e+00 2.9084e-01 0.0000e+00 0.0000e+00 -2.9084e-01 -3.4122e+00 
151.0 4.7908e+00 -4.0528e-01 0.0000e+00 0.0000e+00 -4.0528e-01 4.1885e+00 0.0000e+00 0.0000e+00 0.0000e+00 0.0000e+00 -3.8479e+00 2.7788e-01 0.0000e+00 0.0000e+00 -2.7788e-01 -3.4499e+00 
152.0 4.8132e+00 -3.6443e-01 0.0000e+00 0.0000e+00 -3.6443e-01 4.2107e+00 0.0000e+00 0.0000e+00 0.0000e+00 0.0000e+00 -3.8875e+00 2.6483e-01 0.0000e+00 0.0000e+00 -2.6483e-01 -3.4866e+00 
153.0 4.8368e+00 -3.2513e-01 0.0000e+00 0.0000e+00 -3.2513e-01 4.2334e+00 0.0000e+00 0.0000e+00 0.0000e+00 0.0000e+00 -3.9265e+00 2.5148e-01 0.0000e+00 0.0000e+00 -2.5148e-01 -3.5222e+00 
154.0 4.8613e+00 -2.8748e-01 0.0000e+00 0.0000e+00 -2.8748e-01 4.2565e+00 0.0000e+00 0.0000e+00 0.0000e+00 0.0000e+00 -3.9651e+00 2.3764e-01 0.0000e+00 0.0000e+00 -2.3764e-01 -3.5568e+00 
155.0 4.8866e+00 -2.5155e-01 0.0000e+00 0.0000e+00 -2.5155e-01 4.2799e+00 0.0000e+00 0.0000e+00 0.0000e+00 0.0000e+00 -4.0033e+00 2.2323e-01 0.0000e+00 0.0000e+00 -2.2323e-01 -3.5905e+00 
156.0 4.9130e+00 -2.1742e-01 0.0000e+00 0.0000e+00 -2.1742e-01 4.3037e+00 0.0000e+00 0.0000e+00 0.0000e+00 0.0000e+00 -4.0413e+00 2.0827e-01 0.0000e+00 0.0000e+00 -2.0827e-01 -3.6232e+00 
157.0 4.9404e+00 -1.8518e-01 0.0000e+00 0.0000e+00 -1.8518e-01 4.3280e+00 0.0000e+00 0.0000e+00 0.0000e+00 0.0000e+00 -4.0789e+00 1.9283e-01 0.0000e+00 0.0000e+00 -1.9283e-01 -3.6549e+00 
158.0 4.9688e+00 -1.5507e-01 0.0000e+00 0.0000e+00 -1.5507e-01 4.3527e+00 0.0000e+00 0.0000e+00 0.0000e+00 0.0000e+00 -4.1162e+00 1.7691e-01 0.0000e+00 0.0000e+00 -1.7691e-01 -3.6856e+00 
159.0 4.9979e+00 -1.2744e-01 0.0000e+00 0.0000e+00 -1.2744e-01 4.3776e+00 0.0000e+00 0.0000e+00 0.0000e+00 0.0000e+00 -4.1531e+00 1.6031e-01 0.0000e+00 0.0000e+00 -1.6031e-01 -3.7152e+00 
160.0 5.0274e+00 -1.0251e-01 0.0000e+00 0.0000e+00 -1.0251e-01 4.4019e+00 0.0000e+00 0.0000e+00 0.0000e+00 0.0000e+00 -4.1896e+00 1.4273e-01 0.0000e+00 0.0000e+00 -1.4273e-01 -3.7435e+00 
161.0 5.0573e+00 -8.0273e-02 0.0000e+00 0.0000e+00 -8.0273e-02 4.4257e+00 0.0000e+00 0.0000e+00 0.0000e+00 0.0000e+00 -4.2257e+00 1.2401e-01 0.0000e+00 0.0000e+00 -1.2401e-01 -3.7705e+00 
162.0 5.0881e+00 -6.0549e-02 0.0000e+00 0.0000e+00 -6.0549e-02 4.4491e+00 0.0000e+00 0.0000e+00 0.0000e+00 0.0000e+00 -4.2617e+00 1.0425e-01 0.0000e+00 0.0000e+00 -1.0425e-01 -3.7960e+00 
163.0 5.1200e+00 -4.3238e-02 0.0000e+00 0.0000e+00 -4.3238e-02 4.4725e+00 0.0000e+00 0.0000e+00 0.0000e+00 0.0000e+00 -4.2975e+00 8.3669e-02 0.0000e+00 0.0000e+00 -8.3669e-02 -3.8200e+00 
164.0 5.1533e+00 -2.8360e-02 0.0000e+00 0.0000e+00 -2.8360e-02 4.4958e+00 0.0000e+00 0.0000e+00 0.0000e+00 0.0000e+00 -4.3337e+00 6.2445e-02 0.0000e+00 0.0000e+00 -6.2445e-02 -3.8425e+00 
165.0 5.1886e+00 -1.5894e-02 0.0000e+00 0.0000e+00 -1.5894e-02 4.5192e+00 0.0000e+00 0.0000e+00 0.0000e+00 0.0000e+00 -4.3703e+00 4.0869e-02 0.0000e+00 0.0000e+00 -4.0869e-02 -3.8637e+00 
166.0 5.2266e+00 -5.7642e-03 0.0000e+00 0.0000e+00 -5.7642e-03 4.5434e+00 0.0000e+00 0.0000e+00 0.0000e+00 0.0000e+00 -4.4078e+00 1.9276e-02 0.0000e+00 0.0000e+00 -1.9276e-02 -3.8834e+00 
167.0 5.2676e+00 2.0876e-03 0.0000e+00 0.0000e+00 2.0876e-03 4.5690e+00 0.0000e+00 0.0000e+00 0.0000e+00 0.0000e+00 -4.4463e+00 -2.1080e-03 0.0000e+00 0.0000e+00 2.1080e-03 -3.9019e+00 
168.0 5.3121e+00 7.7108e-03 0.0000e+00 0.0000e+00 7.7108e-03 4.5964e+00 0.0000e+00 0.0000e+00 0.0000e+00 0.0000e+00 -4.4862e+00 -2.3223e-02 0.0000e+00 0.0000e+00 2.3223e-02 -3.9195e+00 
169.0 5.3601e+00 1.0950e-02 0.0000e+00 0.0000e+00 1.0950e-02 4.6257e+00 0.0000e+00 0.0000e+00 0.0000e+00 0.0000e+00 -4.5279e+00 -4.4375e-02 0.0000e+00 0.0000e+00 4.4375e-02 -3.9367e+00 
170.0 5.4112e+00 1.1355e-02 0.0000e+00 0.0000e+00 1.1355e-02 4.6563e+00 0.0000e+00 0.0000e+00 0.0000e+00 0.0000e+00 -4.5725e+00 -6.6110e-02 0.0000e+00 0.0000e+00 6.6110e-02 -3.9540e+00 
171.0 5.4660e+00 8.6971e-03 0.0000e+00 0.0000e+00 8.6971e-03 4.6878e+00 0.0000e+00 0.0000e+00 0.0000e+00 0.0000e+00 -4.6216e+00 -8.8197e-02 0.0000e+00 0.0000e+00 8.8197e-02 -3.9717e+00 
172.0 5.5274e+00 3.2885e-03 0.0000e+00 0.0000e+00 3.2885e-03 4.7212e+00 0.0000e+00 0.0000e+00 0.0000e+00 0.0000e+00 -4.6776e+00 -1.0872e-01 0.0000e+00 0.0000e+00 1.0872e-01 -3.9899e+00 
173.0 5.6003e+00 -3.9353e-03 0.0000e+00 0.0000e+00 -3.9353e-03 4.7588e+00 0.0000e+00 0.0000e+00 0.0000e+00 0.0000e+00 -4.7434e+00 -1.2382e-01 0.0000e+00 0.0000e+00 1.2382e-01 -4.0081e+00 
174.0 5.6909e+00 -1.1246e-02 0.0000e+00 0.0000e+00 -1.1246e-02 4.8043e+00 0.0000e+00 0.0000e+00 0.0000e+00 0.0000e+00 -4.8205e+00 -1.2822e-01 0.0000e+00 0.0000e+00 1.2822e-01 -4.0253e+00 
175.0 5.8026e+00 -1.6431e-02 0.0000e+00 0.0000e+00 -1.6431e-02 4.8601e+00 0.0000e+00 0.0000e+00 0.0000e+00 0.0000e+00 -4.9079e+00 -1.1769e-01 0.0000e+00 0.0000e+00 1.1769e-01 -4.0400e+00 
176.0 5.9325e+00 -1.7230e-02 0.0000e+00 0.0000e+00 -1.7230e-02 4.9256e+00 0.0000e+00 0.0000e+00 0.0000e+00 0.0000e+00 -5.0006e+00 -9.1262e-02 0.0000e+00 0.0000e+00 9.1262e-02 -4.0503e+00 
177.0 6.0672e+00 -1.2275e-02 0.0000e+00 0.0000e+00 -1.2275e-02 4.9948e+00 0.0000e+00 0.0000e+00 0.0000e+00 0.0000e+00 -5.0874e+00 -5.3363e-02 0.0000e+00 0.0000e+00 5.3363e-02 -4.0548e+00 
178.0 6.1770e+00 -4.1776e-03 0.0000e+00 0.0000e+00 -4.1776e-03 5.0527e+00 0.0000e+00 0.0000e+00 0.0000e+00 0.0000e+00 -5.1517e+00 -1.6977e-02 0.0000e+00 0.0000e+00 1.6977e-02 -4.0547e+00 
179.0 6.2229e+00 -7.2724e-20 0.0000e+00 0.0000e+00 -7.2724e-20 5.0774e+00 0.0000e+00 0.0000e+00 0.0000e+00 0.0000e+00 -5.1772e+00 -3.3334e-19 0.0000e+00 0.0000e+00 3.3334e-19 -4.0541e+00 
180.0 6.2679e+00 0.0000e+00 0.0000e+00 0.0000e+00 0.0000e+00 5.1001e+00 0.0000e+00 0.0000e+00 0.0000e+00 0.0000e+00 -5.2004e+00 0.0000e+00 0.0000e+00 0.0000e+00 -0.0000e+00 -4.0531e+00 
