1.5416 2.0727 0.5311 0.031098
theta s11 s12 s13 s14 s21 s22 s23 s24 s31 s32 s33 s34 s41 s42 s43 s44
0.0 2.2967e+03 0.0000e+00 0.0000e+00 0.0000e+00 0.0000e+00 2.2946e+03 0.0000e+00 0.0000e+00 0.0000e+00 0.0000e+00 2.2946e+03 0.0000e+00 0.0000e+00 0.0000e+00 -0.0000e+00 2.2924e+03 
1.0 2.0443e+03 -1.3157e-01 0.0000e+00 0.0000e+00 -1.3157e-01 2.0422e+03 0.0000e+00 0.0000e+00 0.0000e+00 0.0000e+00 2.0422e+03 -1.0167e+00 0.0000e+00 0.0000e+00 1.0167e+00 2.0400e+03 
2.0 1.6049e+03 -3.4827e-01 0.0000e+00 0.0000e+00 -3.4827e-01 1.6027e+03 0.0000e+00 0.0000e+00 0.0000e+00 0.0000e+00 1.6027e+03 -3.4208e+00 0.0000e+00 0.0000e+00 3.4208e+00 1.6006e+03 
3.0 1.2223e+03 -5.1495e-01 0.0000e+00 0.0000e+00 -5.1495e-01 1.2202e+03 0.0000e+00 0.0000e+00 0.0000e+00 0.0000e+00 1.2201e+03 -5.9571e+00 0.0000e+00 0.0000e+00 5.9571e+00 1.2181e+03 
4.0 9.3302e+02 -6.4050e-01 0.0000e+00 0.0000e+00 -6.4050e-01 9.3097e+02 0.0000e+00 0.0000e+00 0.0000e+00 0.0000e+00 9.3087e+02 -7.8252e+00 0.0000e+00 0.0000e+00 7.8252e+00 9.2884e+02 
5.0 7.2425e+02 -7.6003e-01 0.0000e+00 0.0000e+00 -7.6003e-01 7.2224e+02 0.0000e+00 0.0000e+00 0.0000e+00 0.0000e+00 7.2207e+02 -8.8822e+00 0.0000e+00 0.0000e+00 8.8822e+00 7.2009e+02 
6.0 5.7537e+02 -8.9966e-01 0.0000e+00 0.0000e+00 -8.9966e-01 5.7341e+02 0.0000e+00 0.0000e+00 0.0000e+00 0.0000e+00 5.7316e+02 -9.2678e+00 0.0000e+00 0.0000e+00 9.2678e+00 5.7124e+02 
7.0 4.6903e+02 -1.0724e+00 0.0000e+00 0.0000e+00 -1.0724e+00 4.6710e+02 0.0000e+00 0.0000e+00 0.0000e+00 0.0000e+00 4.6679e+02 -9.1710e+00 0.0000e+00 0.0000e+00 9.1710e+00 4.6491e+02 
8.0 3.9237e+02 -1.2790e+00 0.0000e+00 0.0000e+00 -1.2790e+00 3.9047e+02 0.0000e+00 0.0000e+00 0.0000e+00 0.0000e+00 3.9010e+02 -8.7767e+00 0.0000e+00 0.0000e+00 8.7767e+00 3.8827e+02 
9.0 3.3628e+02 -1.5138e+00 0.0000e+00 0.0000e+00 -1.5138e+00 3.3441e+02 0.0000e+00 0.0000e+00 0.0000e+00 0.0000e+00 3.3399e+02 -8.2296e+00 0.0000e+00 0.0000e+00 8.2296e+00 3.3220e+02 
10.0 2.9447e+02 -1.7697e+00 0.0000e+00 0.0000e+00 -1.7697e+00 2.9262e+02 0.0000e+00 0.0000e+00 0.0000e+00 0.0000e+00 2.9216e+02 -7.6259e+00 0.0000e+00 0.0000e+00 7.6259e+00 2.9041e+02 
11.0 2.6265e+02 -2.0402e+00 0.0000e+00 0.0000e+00 -2.0402e+00 2.6083e+02 0.0000e+00 0.0000e+00 0.0000e+00 0.0000e+00 2.6033e+02 -7.0292e+00 0.0000e+00 0.0000e+00 7.0292e+00 2.5862e+02 
12.0 2.3787e+02 -2.3200e+00 0.0000e+00 0.0000e+00 -2.3200e+00 2.3608e+02 0.0000e+00 0.0000e+00 0.0000e+00 0.0000e+00 2.3555e+02 -6.4770e+00 0.0000e+00 0.0000e+00 6.4770e+00 2.3388e+02 
13.0 2.1812e+02 -2.6080e+00 0.0000e+00 0.0000e+00 -2.6080e+00 2.1635e+02 0.0000e+00 0.0000e+00 0.0000e+00 0.0000e+00 2.1580e+02 -5.9819e+00 0.0000e+00 0.0000e+00 5.9819e+00 2.1417e+02 
14.0 2.0203e+02 -2.8955e+00 0.0000e+00 0.0000e+00 -2.8955e+00 2.0028e+02 0.0000e+00 0.0000e+00 0.0000e+00 0.0000e+00 1.9971e+02 -5.5646e+00 0.0000e+00 0.0000e+00 5.5646e+00 1.9812e+02 
15.0 1.8864e+02 -3.1883e+00 0.0000e+00 0.0000e+00 -3.1883e+00 1.8691e+02 0.0000e+00 0.0000e+00 0.0000e+00 0.0000e+00 1.8632e+02 -5.2047e+00 0.0000e+00 0.0000e+00 5.2047e+00 1.8476e+02 
16.0 1.7727e+02 -3.4835e+00 0.0000e+00 0.0000e+00 -3.4835e+00 1.7556e+02 0.0000e+00 0.0000e+00 0.0000e+00 0.0000e+00 1.7496e+02 -4.9012e+00 0.0000e+00 0.0000e+00 4.9012e+00 1.7343e+02 
17.0 1.6743e+02 -3.7802e+00 0.0000e+00 0.0000e+00 -3.7802e+00 1.6574e+02 0.0000e+00 0.0000e+00 0.0000e+00 0.0000e+00 1.6512e+02 -4.6470e+00 0.0000e+00 0.0000e+00 4.6470e+00 1.6362e+02 
18.0 1.5877e+02 -4.0780e+00 0.0000e+00 0.0000e+00 -4.0780e+00 1.5709e+02 0.0000e+00 0.0000e+00 0.0000e+00 0.0000e+00 1.5645e+02 -4.4351e+00 0.0000e+00 0.0000e+00 4.4351e+00 1.5499e+02 
19.0 1.5102e+02 -4.3763e+00 0.0000e+00 0.0000e+00 -4.3763e+00 1.4936e+02 0.0000e+00 0.0000e+00 0.0000e+00 0.0000e+00 1.4924e+02 -4.2580e+00 0.0000e+00 0.0000e+00 4.2580e+00 1.4781e+02 
20.0 1.4400e+02 -4.6750e+00 0.0000e+00 0.0000e+00 -4.6750e+00 1.4236e+02 0.0000e+00 0.0000e+00 0.0000e+00 0.0000e+00 1.4271e+02 -4.1093e+00 0.0000e+00 0.0000e+00 4.1093e+00 1.4132e+02 
21.0 1.3759e+02 -4.9741e+00 0.0000e+00 0.0000e+00 -4.9741e+00 1.3596e+02 0.0000e+00 0.0000e+00 0.0000e+00 0.0000e+00 1.3674e+02 -3.9841e+00 0.0000e+00 0.0000e+00 3.9841e+00 1.3538e+02 
22.0 1.3167e+02 -5.2732e+00 0.0000e+00 0.0000e+00 -5.2732e+00 1.3006e+02 0.0000e+00 0.0000e+00 0.0000e+00 0.0000e+00 1.3123e+02 -3.8783e+00 0.0000e+00 0.0000e+00 3.8783e+00 1.2990e+02 
23.0 1.2616e+02 -5.5719e+00 0.0000e+00 0.0000e+00 -5.5719e+00 1.2457e+02 0.0000e+00 0.0000e+00 0.0000e+00 0.0000e+00 1.2610e+02 -3.7878e+00 0.0000e+00 0.0000e+00 3.7878e+00 1.2480e+02 
24.0 1.2101e+02 -5.8693e+00 0.0000e+00 0.0000e+00 -5.8693e+00 1.1944e+02 0.0000e+00 0.0000e+00 0.0000e+00 0.0000e+00 1.2130e+02 -3.7086e+00 0.0000e+00 0.0000e+00 3.7086e+00 1.2002e+02 
25.0 1.1617e+02 -6.1647e+00 0.0000e+00 0.0000e+00 -6.1647e+00 1.1461e+02 0.0000e+00 0.0000e+00 0.0000e+00 0.0000e+00 1.1677e+02 -3.6378e+00 0.0000e+00 0.0000e+00 3.6378e+00 1.1552e+02 
26.0 1.1159e+02 -6.4569e+00 0.0000e+00 0.0000e+00 -6.4569e+00 1.1005e+02 0.0000e+00 0.0000e+00 0.0000e+00 0.0000e+00 1.1249e+02 -3.5734e+00 0.0000e+00 0.0000e+00 3.5734e+00 1.1126e+02 
27.0 1.0725e+02 -6.7451e+00 0.0000e+00 0.0000e+00 -6.7451e+00 1.0573e+02 0.0000e+00 0.0000e+00 0.0000e+00 0.0000e+00 1.0843e+02 -3.5142e+00 0.0000e+00 0.0000e+00 3.5142e+00 1.0722e+02 
28.0 1.0313e+02 -7.0284e+00 0.0000e+00 0.0000e+00 -7.0284e+00 1.0162e+02 0.0000e+00 0.0000e+00 0.0000e+00 0.0000e+00 1.0455e+02 -3.4591e+00 0.0000e+00 0.0000e+00 3.4591e+00 1.0337e+02 
29.0 9.9201e+01 -7.3062e+00 0.0000e+00 0.0000e+00 -7.3062e+00 9.7705e+01 0.0000e+00 0.0000e+00 0.0000e+00 0.0000e+00 1.0086e+02 -3.4071e+00 0.0000e+00 0.0000e+00 3.4071e+00 9.9691e+01 
30.0 9.5448e+01 -7.5779e+00 0.0000e+00 0.0000e+00 -7.5779e+00 9.3968e+01 0.0000e+00 0.0000e+00 0.0000e+00 0.0000e+00 9.7316e+01 -3.3574e+00 0.0000e+00 0.0000e+00 3.3574e+00 9.6174e+01 
31.0 9.1858e+01 -7.8427e+00 0.0000e+00 0.0000e+00 -7.8427e+00 9.0393e+01 0.0000e+00 0.0000e+00 0.0000e+00 0.0000e+00 9.3480e+01 -3.3097e+00 0.0000e+00 0.0000e+00 3.3097e+00 9.2367e+01 
32.0 8.8417e+01 -8.0999e+00 0.0000e+00 0.0000e+00 -8.0999e+00 8.6967e+01 0.0000e+00 0.0000e+00 0.0000e+00 0.0000e+00 8.9801e+01 -3.2636e+00 0.0000e+00 0.0000e+00 3.2636e+00 8.8717e+01 
33.0 8.5114e+01 -8.3487e+00 0.0000e+00 0.0000e+00 -8.3487e+00 8.3680e+01 0.0000e+00 0.0000e+00 0.0000e+00 0.0000e+00 8.6268e+01 -3.2189e+00 0.0000e+00 0.0000e+00 3.2189e+00 8.5212e+01 
34.0 8.1939e+01 -8.5883e+00 0.0000e+00 0.0000e+00 -8.5883e+00 8.0520e+01 0.0000e+00 0.0000e+00 0.0000e+00 0.0000e+00 8.2871e+01 -3.1753e+00 0.0000e+00 0.0000e+00 3.1753e+00 8.1843e+01 
35.0 7.8885e+01 -8.8181e+00 0.0000e+00 0.0000e+00 -8.8181e+00 7.7481e+01 0.0000e+00 0.0000e+00 0.0000e+00 0.0000e+00 7.9601e+01 -3.1322e+00 0.0000e+00 0.0000e+00 3.1322e+00 7.8600e+01 
36.0 7.5946e+01 -9.0380e+00 0.0000e+00 0.0000e+00 -9.0380e+00 7.4556e+01 0.0000e+00 0.0000e+00 0.0000e+00 0.0000e+00 7.6450e+01 -3.0888e+00 0.0000e+00 0.0000e+00 3.0888e+00 7.5476e+01 
37.0 7.3116e+01 -9.2477e+00 0.0000e+00 0.0000e+00 -9.2477e+00 7.1741e+01 0.0000e+00 0.0000e+00 0.0000e+00 0.0000e+00 7.3413e+01 -3.0444e+00 0.0000e+00 0.0000e+00 3.0444e+00 7.2467e+01 
38.0 7.0393e+01 -9.4476e+00 0.0000e+00 0.0000e+00 -9.4476e+00 6.9033e+01 0.0000e+00 0.0000e+00 0.0000e+00 0.0000e+00 7.0487e+01 -2.9987e+00 0.0000e+00 0.0000e+00 2.9987e+00 6.9567e+01 
39.0 6.7775e+01 -9.6375e+00 0.0000e+00 0.0000e+00 -9.6375e+00 6.6428e+01 0.0000e+00 0.0000e+00 0.0000e+00 0.0000e+00 6.7667e+01 -2.9515e+00 0.0000e+00 0.0000e+00 2.9515e+00 6.6774e+01 
40.0 6.5256e+01 -9.8177e+00 0.0000e+00 0.0000e+00 -9.8177e+00 6.3924e+01 0.0000e+00 0.0000e+00 0.0000e+00 0.0000e+00 6.4951e+01 -2.9029e+00 0.0000e+00 0.0000e+00 2.9029e+00 6.4083e+01 
41.0 6.2835e+01 -9.9879e+00 0.0000e+00 0.0000e+00 -9.9879e+00 6.1516e+01 0.0000e+00 0.0000e+00 0.0000e+00 0.0000e+00 6.2333e+01 -2.8533e+00 0.0000e+00 0.0000e+00 2.8533e+00 6.1491e+01 
42.0 6.0506e+01 -1.0148e+01 0.0000e+00 0.0000e+00 -1.0148e+01 5.9201e+01 0.0000e+00 0.0000e+00 0.0000e+00 0.0000e+00 5.9811e+01 -2.8028e+00 0.0000e+00 0.0000e+00 2.8028e+00 5.8993e+01 
43.0 5.8266e+01 -1.0298e+01 0.0000e+00 0.0000e+00 -1.0298e+01 5.6974e+01 0.0000e+00 0.0000e+00 0.0000e+00 0.0000e+00 5.7379e+01 -2.7515e+00 0.0000e+00 0.0000e+00 2.7515e+00 5.6586e+01 
44.0 5.6110e+01 -1.0437e+01 0.0000e+00 0.0000e+00 -1.0437e+01 5.4832e+01 0.0000e+00 0.0000e+00 0.0000e+00 0.0000e+00 5.5034e+01 -2.6995e+00 0.0000e+00 0.0000e+00 2.6995e+00 5.4266e+01 
45.0 5.4035e+01 -1.0566e+01 0.0000e+00 0.0000e+00 -1.0566e+01 5.2770e+01 0.0000e+00 0.0000e+00 0.0000e+00 0.0000e+00 5.2772e+01 -2.6466e+00 0.0000e+00 0.0000e+00 2.6466e+00 5.2028e+01 
46.0 5.2038e+01 -1.0685e+01 0.0000e+00 0.0000e+00 -1.0685e+01 5.0786e+01 0.0000e+00 0.0000e+00 0.0000e+00 0.0000e+00 5.0591e+01 -2.5928e+00 0.0000e+00 0.0000e+00 2.5928e+00 4.9871e+01 
47.0 5.0116e+01 -1.0793e+01 0.0000e+00 0.0000e+00 -1.0793e+01 4.8877e+01 0.0000e+00 0.0000e+00 0.0000e+00 0.0000e+00 4.8487e+01 -2.5380e+00 0.0000e+00 0.0000e+00 2.5380e+00 4.7790e+01 
48.0 4.8266e+01 -1.0891e+01 0.0000e+00 0.0000e+00 -1.0891e+01 4.7040e+01 0.0000e+00 0.0000e+00 0.0000e+00 0.0000e+00 4.6458e+01 -2.4823e+00 0.0000e+00 0.0000e+00 2.4823e+00 4.5783e+01 
49.0 4.6487e+01 -1.0978e+01 0.0000e+00 0.0000e+00 -1.0978e+01 4.5273e+01 0.0000e+00 0.0000e+00 0.0000e+00 0.0000e+00 4.4500e+01 -2.4258e+00 0.0000e+00 0.0000e+00 2.4258e+00 4.3848e+01 
50.0 4.4775e+01 -1.1056e+01 0.0000e+00 0.0000e+00 -1.1056e+01 4.3573e+01 0.0000e+00 0.0000e+00 0.0000e+00 0.0000e+00 4.2612e+01 -2.3684e+00 0.0000e+00 0.0000e+00 2.3684e+00 4.1983e+01 
51.0 4.3128e+01 -1.1124e+01 0.0000e+00 0.0000e+00 -1.1124e+01 4.1938e+01 0.0000e+00 0.0000e+00 0.0000e+00 0.0000e+00 4.0791e+01 -2.3102e+00 0.0000e+00 0.0000e+00 2.3102e+00 4.0183e+01 
52.0 4.1545e+01 -1.1183e+01 0.0000e+00 0.0000e+00 -1.1183e+01 4.0367e+01 0.0000e+00 0.0000e+00 0.0000e+00 0.0000e+00 3.9035e+01 -2.2513e+00 0.0000e+00 0.0000e+00 2.2513e+00 3.8449e+01 
53.0 4.0023e+01 -1.1232e+01 0.0000e+00 0.0000e+00 -1.1232e+01 3.8856e+01 0.0000e+00 0.0000e+00 0.0000e+00 0.0000e+00 3.7342e+01 -2.1918e+00 0.0000e+00 0.0000e+00 2.1918e+00 3.6776e+01 
54.0 3.8560e+01 -1.1272e+01 0.0000e+00 0.0000e+00 -1.1272e+01 3.7405e+01 0.0000e+00 0.0000e+00 0.0000e+00 0.0000e+00 3.5709e+01 -2.1315e+00 0.0000e+00 0.0000e+00 2.1315e+00 3.5164e+01 
55.0 3.7155e+01 -1.1303e+01 0.0000e+00 0.0000e+00 -1.1303e+01 3.6011e+01 0.0000e+00 0.0000e+00 0.0000e+00 0.0000e+00 3.4134e+01 -2.0709e+00 0.0000e+00 0.0000e+00 2.0709e+00 3.3610e+01 
56.0 3.5805e+01 -1.1325e+01 0.0000e+00 0.0000e+00 -1.1325e+01 3.4672e+01 0.0000e+00 0.0000e+00 0.0000e+00 0.0000e+00 3.2616e+01 -2.0098e+00 0.0000e+00 0.0000e+00 2.0098e+00 3.2112e+01 
57.0 3.4508e+01 -1.1339e+01 0.0000e+00 0.0000e+00 -1.1339e+01 3.3386e+01 0.0000e+00 0.0000e+00 0.0000e+00 0.0000e+00 3.1153e+01 -1.9486e+00 0.0000e+00 0.0000e+00 1.9486e+00 3.0669e+01 
58.0 3.3263e+01 -1.1344e+01 0.0000e+00 0.0000e+00 -1.1344e+01 3.2152e+01 0.0000e+00 0.0000e+00 0.0000e+00 0.0000e+00 2.9742e+01 -1.8872e+00 0.0000e+00 0.0000e+00 1.8872e+00 2.9277e+01 
59.0 3.2067e+01 -1.1341e+01 0.0000e+00 0.0000e+00 -1.1341e+01 3.0966e+01 0.0000e+00 0.0000e+00 0.0000e+00 0.0000e+00 2.8382e+01 -1.8257e+00 0.0000e+00 0.0000e+00 1.8257e+00 2.7936e+01 
60.0 3.0919e+01 -1.1331e+01 0.0000e+00 0.0000e+00 -1.1331e+01 2.9829e+01 0.0000e+00 0.0000e+00 0.0000e+00 0.0000e+00 2.7070e+01 -1.7641e+00 0.0000e+00 0.0000e+00 1.7641e+00 2.6643e+01 
61.0 2.9817e+01 -1.1312e+01 0.0000e+00 0.0000e+00 -1.1312e+01 2.8737e+01 0.0000e+00 0.0000e+00 0.0000e+00 0.0000e+00 2.5806e+01 -1.7024e+00 0.0000e+00 0.0000e+00 1.7024e+00 2.5397e+01 
62.0 2.8760e+01 -1.1287e+01 0.0000e+00 0.0000e+00 -1.1287e+01 2.7690e+01 0.0000e+00 0.0000e+00 0.0000e+00 0.0000e+00 2.4587e+01 -1.6409e+00 0.0000e+00 0.0000e+00 1.6409e+00 2.4197e+01 
63.0 2.7745e+01 -1.1254e+01 0.0000e+00 0.0000e+00 -1.1254e+01 2.6685e+01 0.0000e+00 0.0000e+00 0.0000e+00 0.0000e+00 2.3413e+01 -1.5795e+00 0.0000e+00 0.0000e+00 1.5795e+00 2.3040e+01 
64.0 2.6772e+01 -1.1215e+01 0.0000e+00 0.0000e+00 -1.1215e+01 2.5722e+01 0.0000e+00 0.0000e+00 0.0000e+00 0.0000e+00 2.2281e+01 -1.5183e+00 0.0000e+00 0.0000e+00 1.5183e+00 2.1926e+01 
65.0 2.5839e+01 -1.1169e+01 0.0000e+00 0.0000e+00 -1.1169e+01 2.4799e+01 0.0000e+00 0.0000e+00 0.0000e+00 0.0000e+00 2.1190e+01 -1.4575e+00 0.0000e+00 0.0000e+00 1.4575e+00 2.0852e+01 
66.0 2.4945e+01 -1.1117e+01 0.0000e+00 0.0000e+00 -1.1117e+01 2.3913e+01 0.0000e+00 0.0000e+00 0.0000e+00 0.0000e+00 2.0138e+01 -1.3972e+00 0.0000e+00 0.0000e+00 1.3972e+00 1.9817e+01 
67.0 2.4087e+01 -1.1059e+01 0.0000e+00 0.0000e+00 -1.1059e+01 2.3065e+01 0.0000e+00 0.0000e+00 0.0000e+00 0.0000e+00 1.9125e+01 -1.3374e+00 0.0000e+00 0.0000e+00 1.3374e+00 1.8820e+01 
68.0 2.3265e+01 -1.0994e+01 0.0000e+00 0.0000e+00 -1.0994e+01 2.2252e+01 0.0000e+00 0.0000e+00 0.0000e+00 0.0000e+00 1.8148e+01 -1.2782e+00 0.0000e+00 0.0000e+00 1.2782e+00 1.7860e+01 
69.0 2.2478e+01 -1.0925e+01 0.0000e+00 0.0000e+00 -1.0925e+01 2.1473e+01 0.0000e+00 0.0000e+00 0.0000e+00 0.0000e+00 1.7207e+01 -1.2197e+00 0.0000e+00 0.0000e+00 1.2197e+00 1.6935e+01 
70.0 2.1723e+01 -1.0850e+01 0.0000e+00 0.0000e+00 -1.0850e+01 2.0728e+01 0.0000e+00 0.0000e+00 0.0000e+00 0.0000e+00 1.6300e+01 -1.1619e+00 0.0000e+00 0.0000e+00 1.1619e+00 1.6044e+01 
71.0 2.1000e+01 -1.0769e+01 0.0000e+00 0.0000e+00 -1.0769e+01 2.0014e+01 0.0000e+00 0.0000e+00 0.0000e+00 0.0000e+00 1.5426e+01 -1.1048e+00 0.0000e+00 0.0000e+00 1.1048e+00 1.5185e+01 
72.0 2.0308e+01 -1.0684e+01 0.0000e+00 0.0000e+00 -1.0684e+01 1.9330e+01 0.0000e+00 0.0000e+00 0.0000e+00 0.0000e+00 1.4583e+01 -1.0486e+00 0.0000e+00 0.0000e+00 1.0486e+00 1.4358e+01 
73.0 1.9646e+01 -1.0594e+01 0.0000e+00 0.0000e+00 -1.0594e+01 1.8676e+01 0.0000e+00 0.0000e+00 0.0000e+00 0.0000e+00 1.3772e+01 -9.9331e-01 0.0000e+00 0.0000e+00 9.9331e-01 1.3561e+01 
74.0 1.9012e+01 -1.0500e+01 0.0000e+00 0.0000e+00 -1.0500e+01 1.8051e+01 0.0000e+00 0.0000e+00 0.0000e+00 0.0000e+00 1.2989e+01 -9.3893e-01 0.0000e+00 0.0000e+00 9.3893e-01 1.2793e+01 
75.0 1.8405e+01 -1.0401e+01 0.0000e+00 0.0000e+00 -1.0401e+01 1.7452e+01 0.0000e+00 0.0000e+00 0.0000e+00 0.0000e+00 1.2235e+01 -8.8551e-01 0.0000e+00 0.0000e+00 8.8551e-01 1.2054e+01 
76.0 1.7825e+01 -1.0298e+01 0.0000e+00 0.0000e+00 -1.0298e+01 1.6880e+01 0.0000e+00 0.0000e+00 0.0000e+00 0.0000e+00 1.1509e+01 -8.3308e-01 0.0000e+00 0.0000e+00 8.3308e-01 1.1341e+01 
77.0 1.7269e+01 -1.0192e+01 0.0000e+00 0.0000e+00 -1.0192e+01 1.6333e+01 0.0000e+00 0.0000e+00 0.0000e+00 0.0000e+00 1.0808e+01 -7.8166e-01 0.0000e+00 0.0000e+00 7.8166e-01 1.0654e+01 
78.0 1.6738e+01 -1.0082e+01 0.0000e+00 0.0000e+00 -1.0082e+01 1.5811e+01 0.0000e+00 0.0000e+00 0.0000e+00 0.0000e+00 1.0133e+01 -7.3123e-01 0.0000e+00 0.0000e+00 7.3123e-01 9.9928e+00 
79.0 1.6231e+01 -9.9681e+00 0.0000e+00 0.0000e+00 -9.9681e+00 1.5311e+01 0.0000e+00 0.0000e+00 0.0000e+00 0.0000e+00 9.4828e+00 -6.8180e-01 0.0000e+00 0.0000e+00 6.8180e-01 9.3554e+00 
80.0 1.5746e+01 -9.8514e+00 0.0000e+00 0.0000e+00 -9.8514e+00 1.4834e+01 0.0000e+00 0.0000e+00 0.0000e+00 0.0000e+00 8.8558e+00 -6.3337e-01 0.0000e+00 0.0000e+00 6.3337e-01 8.7413e+00 
81.0 1.5283e+01 -9.7316e+00 0.0000e+00 0.0000e+00 -9.7316e+00 1.4379e+01 0.0000e+00 0.0000e+00 0.0000e+00 0.0000e+00 8.2514e+00 -5.8596e-01 0.0000e+00 0.0000e+00 5.8596e-01 8.1495e+00 
82.0 1.4840e+01 -9.6090e+00 0.0000e+00 0.0000e+00 -9.6090e+00 1.3944e+01 0.0000e+00 0.0000e+00 0.0000e+00 0.0000e+00 7.6689e+00 -5.3959e-01 0.0000e+00 0.0000e+00 5.3959e-01 7.5794e+00 
83.0 1.4417e+01 -9.4838e+00 0.0000e+00 0.0000e+00 -9.4838e+00 1.3530e+01 0.0000e+00 0.0000e+00 0.0000e+00 0.0000e+00 7.1075e+00 -4.9428e-01 0.0000e+00 0.0000e+00 4.9428e-01 7.0301e+00 
84.0 1.4014e+01 -9.3562e+00 0.0000e+00 0.0000e+00 -9.3562e+00 1.3134e+01 0.0000e+00 0.0000e+00 0.0000e+00 0.0000e+00 6.5664e+00 -4.5004e-01 0.0000e+00 0.0000e+00 4.5004e-01 6.5008e+00 
85.0 1.3629e+01 -9.2264e+00 0.0000e+00 0.0000e+00 -9.2264e+00 1.2757e+01 0.0000e+00 0.0000e+00 0.0000e+00 0.0000e+00 6.0448e+00 -4.0688e-01 0.0000e+00 0.0000e+00 4.0688e-01 5.9907e+00 
86.0 1.3261e+01 -9.0944e+00 0.0000e+00 0.0000e+00 -9.0944e+00 1.2398e+01 0.0000e+00 0.0000e+00 0.0000e+00 0.0000e+00 5.5421e+00 -3.6481e-01 0.0000e+00 0.0000e+00 3.6481e-01 5.4992e+00 
87.0 1.2911e+01 -8.9606e+00 0.0000e+00 0.0000e+00 -8.9606e+00 1.2055e+01 0.0000e+00 0.0000e+00 0.0000e+00 0.0000e+00 5.0575e+00 -3.2382e-01 0.0000e+00 0.0000e+00 3.2382e-01 5.0256e+00 
88.0 1.2577e+01 -8.8249e+00 0.0000e+00 0.0000e+00 -8.8249e+00 1.1729e+01 0.0000e+00 0.0000e+00 0.0000e+00 0.0000e+00 4.5903e+00 -2.8394e-01 0.0000e+00 0.0000e+00 2.8394e-01 4.5691e+00 
89.0 1.2259e+01 -8.6877e+00 0.0000e+00 0.0000e+00 -8.6877e+00 1.1418e+01 0.0000e+00 0.0000e+00 0.0000e+00 0.0000e+00 4.1400e+00 -2.4516e-01 0.0000e+00 0.0000e+00 2.4516e-01 4.1292e+00 
90.0 1.1955e+01 -8.5491e+00 0.0000e+00 0.0000e+00 -8.5491e+00 1.1123e+01 0.0000e+00 0.0000e+00 0.0000e+00 0.0000e+00 3.7058e+00 -2.0749e-01 0.0000e+00 0.0000e+00 2.0749e-01 3.7053e+00 
91.0 1.1666e+01 -8.4091e+00 0.0000e+00 0.0000e+00 -8.4091e+00 1.0841e+01 0.0000e+00 0.0000e+00 0.0000e+00 0.0000e+00 3.2873e+00 -1.7093e-01 0.0000e+00 0.0000e+00 1.7093e-01 3.2967e+00 
92.0 1.1391e+01 -8.2680e+00 0.0000e+00 0.0000e+00 -8.2680e+00 1.0574e+01 0.0000e+00 0.0000e+00 0.0000e+00 0.0000e+00 2.8838e+00 -1.3548e-01 0.0000e+00 0.0000e+00 1.3548e-01 2.9028e+00 
93.0 1.1130e+01 -8.1258e+00 0.0000e+00 0.0000e+00 -8.1258e+00 1.0320e+01 0.0000e+00 0.0000e+00 0.0000e+00 0.0000e+00 2.4948e+00 -1.0114e-01 0.0000e+00 0.0000e+00 1.0114e-01 2.5231e+00 
94.0 1.0881e+01 -7.9827e+00 0.0000e+00 0.0000e+00 -7.9827e+00 1.0079e+01 0.0000e+00 0.0000e+00 0.0000e+00 0.0000e+00 2.1198e+00 -6.7911e-02 0.0000e+00 0.0000e+00 6.7911e-02 2.1572e+00 
95.0 1.0644e+01 -7.8389e+00 0.0000e+00 0.0000e+00 -7.8389e+00 9.8498e+00 0.0000e+00 0.0000e+00 0.0000e+00 0.0000e+00 1.7581e+00 -3.5794e-02 0.0000e+00 0.0000e+00 3.5794e-02 1.8043e+00 
96.0 1.0420e+01 -7.6943e+00 0.0000e+00 0.0000e+00 -7.6943e+00 9.6326e+00 0.0000e+00 0.0000e+00 0.0000e+00 0.0000e+00 1.4094e+00 -4.7838e-03 0.0000e+00 0.0000e+00 4.7838e-03 1.4642e+00 
97.0 1.0206e+01 -7.5492e+00 0.0000e+00 0.0000e+00 -7.5492e+00 9.4267e+00 0.0000e+00 0.0000e+00 0.0000e+00 0.0000e+00 1.0731e+00 2.5121e-02 0.0000e+00 0.0000e+00 -2.5121e-02 1.1362e+00 
98.0 1.0004e+01 -7.4037e+00 0.0000e+00 0.0000e+00 -7.4037e+00 9.2317e+00 0.0000e+00 0.0000e+00 0.0000e+00 0.0000e+00 7.4887e-01 5.3924e-02 0.0000e+00 0.0000e+00 -5.3924e-02 8.1994e-01 
99.0 9.8115e+00 -7.2577e+00 0.0000e+00 0.0000e+00 -7.2577e+00 9.0472e+00 0.0000e+00 0.0000e+00 0.0000e+00 0.0000e+00 4.3614e-01 8.1629e-02 0.0000e+00 0.0000e+00 -8.1629e-02 5.1497e-01 
100.0 9.6295e+00 -7.1116e+00 0.0000e+00 0.0000e+00 -7.1116e+00 8.8727e+00 0.0000e+00 0.0000e+00 0.0000e+00 0.0000e+00 1.3453e-01 1.0824e-01 0.0000e+00 0.0000e+00 -1.0824e-01 2.2084e-01 
101.0 9.4571e+00 -6.9652e+00 0.0000e+00 0.0000e+00 -6.9652e+00 8.7078e+00 0.0000e+00 0.0000e+00 0.0000e+00 0.0000e+00 -1.5638e-01 1.3377e-01 0.0000e+00 0.0000e+00 -1.3377e-01 -6.2858e-02 
102.0 9.2940e+00 -6.8188e+00 0.0000e+00 0.0000e+00 -6.8188e+00 8.5522e+00 0.0000e+00 0.0000e+00 0.0000e+00 0.0000e+00 -4.3699e-01 1.5822e-01 0.0000e+00 0.0000e+00 -1.5822e-01 -3.3652e-01 
103.0 9.1398e+00 -6.6724e+00 0.0000e+00 0.0000e+00 -6.6724e+00 8.4055e+00 0.0000e+00 0.0000e+00 0.0000e+00 0.0000e+00 -7.0769e-01 1.8161e-01 0.0000e+00 0.0000e+00 -1.8161e-01 -6.0053e-01 
104.0 8.9942e+00 -6.5261e+00 0.0000e+00 0.0000e+00 -6.5261e+00 8.2673e+00 0.0000e+00 0.0000e+00 0.0000e+00 0.0000e+00 -9.6885e-01 2.0394e-01 0.0000e+00 0.0000e+00 -2.0394e-01 -8.5526e-01 
105.0 8.8567e+00 -6.3799e+00 0.0000e+00 0.0000e+00 -6.3799e+00 8.1374e+00 0.0000e+00 0.0000e+00 0.0000e+00 0.0000e+00 -1.2208e+00 2.2523e-01 0.0000e+00 0.0000e+00 -2.2523e-01 -1.1011e+00 
106.0 8.7271e+00 -6.2340e+00 0.0000e+00 0.0000e+00 -6.2340e+00 8.0153e+00 0.0000e+00 0.0000e+00 0.0000e+00 0.0000e+00 -1.4639e+00 2.4550e-01 0.0000e+00 0.0000e+00 -2.4550e-01 -1.3383e+00 
107.0 8.6051e+00 -6.0885e+00 0.0000e+00 0.0000e+00 -6.0885e+00 7.9008e+00 0.0000e+00 0.0000e+00 0.0000e+00 0.0000e+00 -1.6986e+00 2.6475e-01 0.0000e+00 0.0000e+00 -2.6475e-01 -1.5672e+00 
108.0 8.4903e+00 -5.9433e+00 0.0000e+00 0.0000e+00 -5.9433e+00 7.7936e+00 0.0000e+00 0.0000e+00 0.0000e+00 0.0000e+00 -1.9250e+00 2.8300e-01 0.0000e+00 0.0000e+00 -2.8300e-01 -1.7882e+00 
109.0 8.3826e+00 -5.7986e+00 0.0000e+00 0.0000e+00 -5.7986e+00 7.6934e+00 0.0000e+00 0.0000e+00 0.0000e+00 0.0000e+00 -2.1435e+00 3.0027e-01 0.0000e+00 0.0000e+00 -3.0027e-01 -2.0015e+00 
110.0 8.2815e+00 -5.6545e+00 0.0000e+00 0.0000e+00 -5.6545e+00 7.5999e+00 0.0000e+00 0.0000e+00 0.0000e+00 0.0000e+00 -2.3545e+00 3.1657e-01 0.0000e+00 0.0000e+00 -3.1657e-01 -2.2075e+00 
111.0 8.1870e+00 -5.5109e+00 0.0000e+00 0.0000e+00 -5.5109e+00 7.5129e+00 0.0000e+00 0.0000e+00 0.0000e+00 0.0000e+00 -2.5581e+00 3.3191e-01 0.0000e+00 0.0000e+00 -3.3191e-01 -2.4064e+00 
112.0 8.0986e+00 -5.3681e+00 0.0000e+00 0.0000e+00 -5.3681e+00 7.4321e+00 0.0000e+00 0.0000e+00 0.0000e+00 0.0000e+00 -2.7547e+00 3.4632e-01 0.0000e+00 0.0000e+00 -3.4632e-01 -2.5984e+00 
113.0 8.0161e+00 -5.2260e+00 0.0000e+00 0.0000e+00 -5.2260e+00 7.3572e+00 0.0000e+00 0.0000e+00 0.0000e+00 0.0000e+00 -2.9445e+00 3.5980e-01 0.0000e+00 0.0000e+00 -3.5980e-01 -2.7839e+00 
114.0 7.9394e+00 -5.0847e+00 0.0000e+00 0.0000e+00 -5.0847e+00 7.2881e+00 0.0000e+00 0.0000e+00 0.0000e+00 0.0000e+00 -3.1278e+00 3.7238e-01 0.0000e+00 0.0000e+00 -3.7238e-01 -2.9630e+00 
115.0 7.8682e+00 -4.9443e+00 0.0000e+00 0.0000e+00 -4.9443e+00 7.2244e+00 0.0000e+00 0.0000e+00 0.0000e+00 0.0000e+00 -3.3049e+00 3.8406e-01 0.0000e+00 0.0000e+00 -3.8406e-01 -3.1361e+00 
116.0 7.8023e+00 -4.8048e+00 0.0000e+00 0.0000e+00 -4.8048e+00 7.1660e+00 0.0000e+00 0.0000e+00 0.0000e+00 0.0000e+00 -3.4759e+00 3.9487e-01 0.0000e+00 0.0000e+00 -3.9487e-01 -3.3032e+00 
117.0 7.7414e+00 -4.6664e+00 0.0000e+00 0.0000e+00 -4.6664e+00 7.1127e+00 0.0000e+00 0.0000e+00 0.0000e+00 0.0000e+00 -3.6410e+00 4.0481e-01 0.0000e+00 0.0000e+00 -4.0481e-01 -3.4648e+00 
118.0 7.6854e+00 -4.5290e+00 0.0000e+00 0.0000e+00 -4.5290e+00 7.0642e+00 0.0000e+00 0.0000e+00 0.0000e+00 0.0000e+00 -3.8006e+00 4.1391e-01 0.0000e+00 0.0000e+00 -4.1391e-01 -3.6208e+00 
119.0 7.6342e+00 -4.3928e+00 0.0000e+00 0.0000e+00 -4.3928e+00 7.0204e+00 0.0000e+00 0.0000e+00 0.0000e+00 0.0000e+00 -3.9548e+00 4.2216e-01 0.0000e+00 0.0000e+00 -4.2216e-01 -3.7716e+00 
120.0 7.5874e+00 -4.2578e+00 0.0000e+00 0.0000e+00 -4.2578e+00 6.9811e+00 0.0000e+00 0.0000e+00 0.0000e+00 0.0000e+00 -4.1038e+00 4.2958e-01 0.0000e+00 0.0000e+00 -4.2958e-01 -3.9173e+00 
121.0 7.5449e+00 -4.1240e+00 0.0000e+00 0.0000e+00 -4.1240e+00 6.9460e+00 0.0000e+00 0.0000e+00 0.0000e+00 0.0000e+00 -4.2477e+00 4.3618e-01 0.0000e+00 0.0000e+00 -4.3618e-01 -4.0581e+00 
122.0 7.5065e+00 -3.9915e+00 0.0000e+00 0.0000e+00 -3.9915e+00 6.9150e+00 0.0000e+00 0.0000e+00 0.0000e+00 0.0000e+00 -4.3869e+00 4.4196e-01 0.0000e+00 0.0000e+00 -4.4196e-01 -4.1942e+00 
123.0 7.4722e+00 -3.8605e+00 0.0000e+00 0.0000e+00 -3.8605e+00 6.8879e+00 0.0000e+00 0.0000e+00 0.0000e+00 0.0000e+00 -4.5214e+00 4.4692e-01 0.0000e+00 0.0000e+00 -4.4692e-01 -4.3258e+00 
124.0 7.4416e+00 -3.7308e+00 0.0000e+00 0.0000e+00 -3.7308e+00 6.8646e+00 0.0000e+00 0.0000e+00 0.0000e+00 0.0000e+00 -4.6514e+00 4.5107e-01 0.0000e+00 0.0000e+00 -4.5107e-01 -4.4529e+00 
125.0 7.4146e+00 -3.6027e+00 0.0000e+00 0.0000e+00 -3.6027e+00 6.8448e+00 0.0000e+00 0.0000e+00 0.0000e+00 0.0000e+00 -4.7771e+00 4.5441e-01 0.0000e+00 0.0000e+00 -4.5441e-01 -4.5758e+00 
126.0 7.3911e+00 -3.4760e+00 0.0000e+00 0.0000e+00 -3.4760e+00 6.8284e+00 0.0000e+00 0.0000e+00 0.0000e+00 0.0000e+00 -4.8987e+00 4.5695e-01 0.0000e+00 0.0000e+00 -4.5695e-01 -4.6946e+00 
127.0 7.3709e+00 -3.3510e+00 0.0000e+00 0.0000e+00 -3.3510e+00 6.8153e+00 0.0000e+00 0.0000e+00 0.0000e+00 0.0000e+00 -5.0163e+00 4.5869e-01 0.0000e+00 0.0000e+00 -4.5869e-01 -4.8095e+00 
128.0 7.3539e+00 -3.2275e+00 0.0000e+00 0.0000e+00 -3.2275e+00 6.8052e+00 0.0000e+00 0.0000e+00 0.0000e+00 0.0000e+00 -5.1300e+00 4.5964e-01 0.0000e+00 0.0000e+00 -4.5964e-01 -4.9206e+00 
129.0 7.3399e+00 -3.1058e+00 0.0000e+00 0.0000e+00 -3.1058e+00 6.7981e+00 0.0000e+00 0.0000e+00 0.0000e+00 0.0000e+00 -5.2400e+00 4.5980e-01 0.0000e+00 0.0000e+00 -4.5980e-01 -5.0280e+00 
130.0 7.3288e+00 -2.9857e+00 0.0000e+00 0.0000e+00 -2.9857e+00 6.7937e+00 0.0000e+00 0.0000e+00 0.0000e+00 0.0000e+00 -5.3464e+00 4.5918e-01 0.0000e+00 0.0000e+00 -4.5918e-01 -5.1318e+00 
131.0 7.3204e+00 -2.8674e+00 0.0000e+00 0.0000e+00 -2.8674e+00 6.7920e+00 0.0000e+00 0.0000e+00 0.0000e+00 0.0000e+00 -5.4493e+00 4.5778e-01 0.0000e+00 0.0000e+00 -4.5778e-01 -5.2322e+00 
132.0 7.3146e+00 -2.7509e+00 0.0000e+00 0.0000e+00 -2.7509e+00 6.7929e+00 0.0000e+00 0.0000e+00 0.0000e+00 0.0000e+00 -5.5489e+00 4.5561e-01 0.0000e+00 0.0000e+00 -4.5561e-01 -5.3293e+00 
133.0 7.3113e+00 -2.6362e+00 0.0000e+00 0.0000e+00 -2.6362e+00 6.7960e+00 0.0000e+00 0.0000e+00 0.0000e+00 0.0000e+00 -5.6453e+00 4.5269e-01 0.0000e+00 0.0000e+00 -4.5269e-01 -5.4231e+00 
134.0 7.3104e+00 -2.5234e+00 0.0000e+00 0.0000e+00 -2.5234e+00 6.8015e+00 0.0000e+00 0.0000e+00 0.0000e+00 0.0000e+00 -5.7386e+00 4.4903e-01 0.0000e+00 0.0000e+00 -4.4903e-01 -5.5139e+00 
135.0 7.3117e+00 -2.4125e+00 0.0000e+00 0.0000e+00 -2.4125e+00 6.8090e+00 0.0000e+00 0.0000e+00 0.0000e+00 0.0000e+00 -5.8289e+00 4.4463e-01 0.0000e+00 0.0000e+00 -4.4463e-01 -5.6016e+00 
136.0 7.3151e+00 -2.3035e+00 0.0000e+00 0.0000e+00 -2.3035e+00 6.8185e+00 0.0000e+00 0.0000e+00 0.0000e+00 0.0000e+00 -5.9163e+00 4.3952e-01 0.0000e+00 0.0000e+00 -4.3952e-01 -5.6865e+00 
137.0 7.3206e+00 -2.1966e+00 0.0000e+00 0.0000e+00 -2.1966e+00 6.8300e+00 0.0000e+00 0.0000e+00 0.0000e+00 0.0000e+00 -6.0008e+00 4.3370e-01 0.0000e+00 0.0000e+00 -4.3370e-01 -5.7685e+00 
138.0 7.3279e+00 -2.0916e+00 0.0000e+00 0.0000e+00 -2.0916e+00 6.8431e+00 0.0000e+00 0.0000e+00 0.0000e+00 0.0000e+00 -6.0827e+00 4.2720e-01 0.0000e+00 0.0000e+00 -4.2720e-01 -5.8478e+00 
139.0 7.3370e+00 -1.9887e+00 0.0000e+00 0.0000e+00 -1.9887e+00 6.8579e+00 0.0000e+00 0.0000e+00 0.0000e+00 0.0000e+00 -6.1619e+00 4.2003e-01 0.0000e+00 0.0000e+00 -4.2003e-01 -5.9244e+00 
140.0 7.3479e+00 -1.8879e+00 0.0000e+00 0.0000e+00 -1.8879e+00 6.8743e+00 0.0000e+00 0.0000e+00 0.0000e+00 0.0000e+00 -6.2387e+00 4.1221e-01 0.0000e+00 0.0000e+00 -4.1221e-01 -5.9984e+00 
141.0 7.3603e+00 -1.7892e+00 0.0000e+00 0.0000e+00 -1.7892e+00 6.8921e+00 0.0000e+00 0.0000e+00 0.0000e+00 0.0000e+00 -6.3129e+00 4.0377e-01 0.0000e+00 0.0000e+00 -4.0377e-01 -6.0699e+00 
142.0 7.3742e+00 -1.6927e+00 0.0000e+00 0.0000e+00 -1.6927e+00 6.9112e+00 0.0000e+00 0.0000e+00 0.0000e+00 0.0000e+00 -6.3847e+00 3.9472e-01 0.0000e+00 0.0000e+00 -3.9472e-01 -6.1390e+00 
143.0 7.3895e+00 -1.5984e+00 0.0000e+00 0.0000e+00 -1.5984e+00 6.9315e+00 0.0000e+00 0.0000e+00 0.0000e+00 0.0000e+00 -6.4543e+00 3.8510e-01 0.0000e+00 0.0000e+00 -3.8510e-01 -6.2056e+00 
144.0 7.4061e+00 -1.5063e+00 0.0000e+00 0.0000e+00 -1.5063e+00 6.9529e+00 0.0000e+00 0.0000e+00 0.0000e+00 0.0000e+00 -6.5215e+00 3.7491e-01 0.0000e+00 0.0000e+00 -3.7491e-01 -6.2699e+00 
145.0 7.4239e+00 -1.4166e+00 0.0000e+00 0.0000e+00 -1.4166e+00 6.9753e+00 0.0000e+00 0.0000e+00 0.0000e+00 0.0000e+00 -6.5865e+00 3.6418e-01 0.0000e+00 0.0000e+00 -3.6418e-01 -6.3319e+00 
146.0 7.4429e+00 -1.3291e+00 0.0000e+00 0.0000e+00 -1.3291e+00 6.9985e+00 0.0000e+00 0.0000e+00 0.0000e+00 0.0000e+00 -6.6494e+00 3.5292e-01 0.0000e+00 0.0000e+00 -3.5292e-01 -6.3916e+00 
147.0 7.4628e+00 -1.2440e+00 0.0000e+00 0.0000e+00 -1.2440e+00 7.0226e+00 0.0000e+00 0.0000e+00 0.0000e+00 0.0000e+00 -6.7102e+00 3.4116e-01 0.0000e+00 0.0000e+00 -3.4116e-01 -6.4490e+00 
148.0 7.4838e+00 -1.1613e+00 0.0000e+00 0.0000e+00 -1.1613e+00 7.0474e+00 0.0000e+00 0.0000e+00 0.0000e+00 0.0000e+00 -6.7690e+00 3.2891e-01 0.0000e+00 0.0000e+00 -3.2891e-01 -6.5043e+00 
149.0 7.5056e+00 -1.0811e+00 0.0000e+00 0.0000e+00 -1.0811e+00 7.0728e+00 0.0000e+00 0.0000e+00 0.0000e+00 0.0000e+00 -6.8258e+00 3.1620e-01 0.0000e+00 0.0000e+00 -3.1620e-01 -6.5574e+00 
150.0 7.5283e+00 -1.0034e+00 0.0000e+00 0.0000e+00 -1.0034e+00 7.0987e+00 0.0000e+00 0.0000e+00 0.0000e+00 0.0000e+00 -6.8806e+00 3.0306e-01 0.0000e+00 0.0000e+00 -3.0306e-01 -6.6084e+00 
151.0 7.5517e+00 -9.2813e-01 0.0000e+00 0.0000e+00 -9.2813e-01 7.1251e+00 0.0000e+00 0.0000e+00 0.0000e+00 0.0000e+00 -6.9336e+00 2.8951e-01 0.0000e+00 0.0000e+00 -2.8951e-01 -6.6573e+00 
152.0 7.5758e+00 -8.5549e-01 0.0000e+00 0.0000e+00 -8.5549e-01 7.1518e+00 0.0000e+00 0.0000e+00 0.0000e+00 0.0000e+00 -6.9847e+00 2.7554e-01 0.0000e+00 0.0000e+00 -2.7554e-01 -6.7042e+00 
153.0 7.6005e+00 -7.8551e-01 0.0000e+00 0.0000e+00 -7.8551e-01 7.1787e+00 0.0000e+00 0.0000e+00 0.0000e+00 0.0000e+00 -7.0340e+00 2.6114e-01 0.0000e+00 0.0000e+00 -2.6114e-01 -6.7490e+00 
154.0 7.6257e+00 -7.1827e-01 0.0000e+00 0.0000e+00 -7.1827e-01 7.2057e+00 0.0000e+00 0.0000e+00 0.0000e+00 0.0000e+00 -7.0817e+00 2.4628e-01 0.0000e+00 0.0000e+00 -2.4628e-01 -6.7918e+00 
155.0 7.6512e+00 -6.5386e-01 0.0000e+00 0.0000e+00 -6.5386e-01 7.2326e+00 0.0000e+00 0.0000e+00 0.0000e+00 0.0000e+00 -7.1277e+00 2.3093e-01 0.0000e+00 0.0000e+00 -2.3093e-01 -6.8327e+00 
156.0 7.6770e+00 -5.9238e-01 0.0000e+00 0.0000e+00 -5.9238e-01 7.2593e+00 0.0000e+00 0.0000e+00 0.0000e+00 0.0000e+00 -7.1721e+00 2.1506e-01 0.0000e+00 0.0000e+00 -2.1506e-01 -6.8716e+00 
157.0 7.7030e+00 -5.3394e-01 0.0000e+00 0.0000e+00 -5.3394e-01 7.2855e+00 0.0000e+00 0.0000e+00 0.0000e+00 0.0000e+00 -7.2150e+00 1.9865e-01 0.0000e+00 0.0000e+00 -1.9865e-01 -6.9085e+00 
158.0 7.7290e+00 -4.7866e-01 0.0000e+00 0.0000e+00 -4.7866e-01 7.3113e+00 0.0000e+00 0.0000e+00 0.0000e+00 0.0000e+00 -7.2565e+00 1.8166e-01 0.0000e+00 0.0000e+00 -1.8166e-01 -6.9435e+00 
159.0 7.7550e+00 -4.2664e-01 0.0000e+00 0.0000e+00 -4.2664e-01 7.3362e+00 0.0000e+00 0.0000e+00 0.0000e+00 0.0000e+00 -7.2965e+00 1.6412e-01 0.0000e+00 0.0000e+00 -1.6412e-01 -6.9764e+00 
160.0 7.7810e+00 -3.7797e-01 0.0000e+00 0.0000e+00 -3.7797e-01 7.3604e+00 0.0000e+00 0.0000e+00 0.0000e+00 0.0000e+00 -7.3353e+00 1.4607e-01 0.0000e+00 0.0000e+00 -1.4607e-01 -7.0072e+00 
161.0 7.8069e+00 -3.3270e-01 0.0000e+00 0.0000e+00 -3.3270e-01 7.3835e+00 0.0000e+00 0.0000e+00 0.0000e+00 0.0000e+00 -7.3727e+00 1.2759e-01 0.0000e+00 0.0000e+00 -1.2759e-01 -7.0359e+00 
162.0 7.8329e+00 -2.9086e-01 0.0000e+00 0.0000e+00 -2.9086e-01 7.4057e+00 0.0000e+00 0.0000e+00 0.0000e+00 0.0000e+00 -7.4090e+00 1.0882e-01 0.0000e+00 0.0000e+00 -1.0882e-01 -7.0624e+00 
163.0 7.8591e+00 -2.5246e-01 0.0000e+00 0.0000e+00 -2.5246e-01 7.4269e+00 0.0000e+00 0.0000e+00 0.0000e+00 0.0000e+00 -7.4442e+00 8.9983e-02 0.0000e+00 0.0000e+00 -8.9983e-02 -7.0866e+00 
164.0 7.8857e+00 -2.1745e-01 0.0000e+00 0.0000e+00 -2.1745e-01 7.4473e+00 0.0000e+00 0.0000e+00 0.0000e+00 0.0000e+00 -7.4785e+00 7.1316e-02 0.0000e+00 0.0000e+00 -7.1316e-02 -7.1084e+00 
165.0 7.9130e+00 -1.8579e-01 0.0000e+00 0.0000e+00 -1.8579e-01 7.4668e+00 0.0000e+00 0.0000e+00 0.0000e+00 0.0000e+00 -7.5119e+00 5.3121e-02 0.0000e+00 0.0000e+00 -5.3121e-02 -7.1280e+00 
166.0 7.9412e+00 -1.5736e-01 0.0000e+00 0.0000e+00 -1.5736e-01 7.4857e+00 0.0000e+00 0.0000e+00 0.0000e+00 0.0000e+00 -7.5446e+00 3.5735e-02 0.0000e+00 0.0000e+00 -3.5735e-02 -7.1452e+00 
167.0 7.9706e+00 -1.3207e-01 0.0000e+00 0.0000e+00 -1.3207e-01 7.5041e+00 0.0000e+00 0.0000e+00 0.0000e+00 0.0000e+00 -7.5768e+00 1.9526e-02 0.0000e+00 0.0000e+00 -1.9526e-02 -7.1601e+00 
168.0 8.0015e+00 -1.0975e-01 0.0000e+00 0.0000e+00 -1.0975e-01 7.5223e+00 0.0000e+00 0.0000e+00 0.0000e+00 0.0000e+00 -7.6086e+00 4.8899e-03 0.0000e+00 0.0000e+00 -4.8899e-03 -7.1727e+00 
169.0 8.0341e+00 -9.0220e-02 0.0000e+00 0.0000e+00 -9.0220e-02 7.5403e+00 0.0000e+00 0.0000e+00 0.0000e+00 0.0000e+00 -7.6400e+00 -7.7457e-03 0.0000e+00 0.0000e+00 7.7457e-03 -7.1830e+00 
170.0 8.0685e+00 -7.3248e-02 0.0000e+00 0.0000e+00 -7.3248e-02 7.5584e+00 0.0000e+00 0.0000e+00 0.0000e+00 0.0000e+00 -7.6710e+00 -1.7927e-02 0.0000e+00 0.0000e+00 1.7927e-02 -7.1911e+00 
171.0 8.1051e+00 -5.8561e-02 0.0000e+00 0.0000e+00 -5.8561e-02 7.5770e+00 0.0000e+00 0.0000e+00 0.0000e+00 0.0000e+00 -7.7016e+00 -2.5197e-02 0.0000e+00 0.0000e+00 2.5197e-02 -7.1972e+00 
172.0 8.1436e+00 -4.5855e-02 0.0000e+00 0.0000e+00 -4.5855e-02 7.5961e+00 0.0000e+00 0.0000e+00 0.0000e+00 0.0000e+00 -7.7317e+00 -2.9163e-02 0.0000e+00 0.0000e+00 2.9163e-02 -7.2015e+00 
173.0 8.1836e+00 -3.4826e-02 0.0000e+00 0.0000e+00 -3.4826e-02 7.6158e+00 0.0000e+00 0.0000e+00 0.0000e+00 0.0000e+00 -7.7607e+00 -2.9625e-02 0.0000e+00 0.0000e+00 2.9625e-02 -7.2041e+00 
174.0 8.2241e+00 -2.5225e-02 0.0000e+00 0.0000e+00 -2.5225e-02 7.6359e+00 0.0000e+00 0.0000e+00 0.0000e+00 0.0000e+00 -7.7881e+00 -2.6728e-02 0.0000e+00 0.0000e+00 2.6728e-02 -7.2053e+00 
175.0 8.2634e+00 -1.6926e-02 0.0000e+00 0.0000e+00 -1.6926e-02 7.6556e+00 0.0000e+00 0.0000e+00 0.0000e+00 0.0000e+00 -7.8129e+00 -2.1123e-02 0.0000e+00 0.0000e+00 2.1123e-02 -7.2054e+00 
176.0 8.2988e+00 -9.9790e-03 0.0000e+00 0.0000e+00 -9.9790e-03 7.6737e+00 0.0000e+00 0.0000e+00 0.0000e+00 0.0000e+00 -7.8340e+00 -1.4015e-02 0.0000e+00 0.0000e+00 1.4015e-02 -7.2049e+00 
177.0 8.3274e+00 -4.6187e-03 0.0000e+00 0.0000e+00 -4.6187e-03 7.6885e+00 0.0000e+00 0.0000e+00 0.0000e+00 0.0000e+00 -7.8502e+00 -7.0420e-03 0.0000e+00 0.0000e+00 7.0420e-03 -7.2042e+00 
178.0 8.3462e+00 -1.1897e-03 0.0000e+00 0.0000e+00 -1.1897e-03 7.6983e+00 0.0000e+00 0.0000e+00 0.0000e+00 0.0000e+00 -7.8605e+00 -1.9319e-03 0.0000e+00 0.0000e+00 1.9319e-03 -7.2036e+00 
179.0 8.3529e+00 -1.1413e-20 0.0000e+00 0.0000e+00 -1.1413e-20 7.7019e+00 0.0000e+00 0.0000e+00 0.0000e+00 0.0000e+00 -7.8641e+00 -3.5262e-20 0.0000e+00 0.0000e+00 3.5262e-20 -7.2034e+00 
180.0 8.3594e+00 0.0000e+00 0.0000e+00 0.0000e+00 0.0000e+00 7.7053e+00 0.0000e+00 0.0000e+00 0.0000e+00 0.0000e+00 -7.8676e+00 0.0000e+00 0.0000e+00 0.0000e+00 -0.0000e+00 -7.2032e+00 
