1.1661 1.3315 0.1654 0.093636
theta s11 s12 s13 s14 s21 s22 s23 s24 s31 s32 s33 s34 s41 s42 s43 s44
0.0 6.7608e+02 0.0000e+00 0.0000e+00 0.0000e+00 0.0000e+00 6.7559e+02 0.0000e+00 0.0000e+00 0.0000e+00 0.0000e+00 6.7559e+02 0.0000e+00 0.0000e+00 0.0000e+00 -0.0000e+00 6.7511e+02 
1.0 6.3333e+02 -2.8168e-03 0.0000e+00 0.0000e+00 -2.8168e-03 6.3284e+02 0.0000e+00 0.0000e+00 0.0000e+00 0.0000e+00 6.3284e+02 -2.3059e-01 0.0000e+00 0.0000e+00 2.3059e-01 6.3236e+02 
2.0 5.5771e+02 9.0217e-03 0.0000e+00 0.0000e+00 9.0217e-03 5.5723e+02 0.0000e+00 0.0000e+00 0.0000e+00 0.0000e+00 5.5723e+02 -8.2571e-01 0.0000e+00 0.0000e+00 8.2571e-01 5.5675e+02 
3.0 4.8046e+02 4.5483e-02 0.0000e+00 0.0000e+00 4.5483e-02 4.7999e+02 0.0000e+00 0.0000e+00 0.0000e+00 0.0000e+00 4.7998e+02 -1.5752e+00 0.0000e+00 0.0000e+00 1.5752e+00 4.7952e+02 
4.0 4.0914e+02 9.7744e-02 0.0000e+00 0.0000e+00 9.7744e-02 4.0868e+02 0.0000e+00 0.0000e+00 0.0000e+00 0.0000e+00 4.0866e+02 -2.2930e+00 0.0000e+00 0.0000e+00 2.2930e+00 4.0822e+02 
5.0 3.4696e+02 1.5133e-01 0.0000e+00 0.0000e+00 1.5133e-01 3.4651e+02 0.0000e+00 0.0000e+00 0.0000e+00 0.0000e+00 3.4648e+02 -2.8745e+00 0.0000e+00 0.0000e+00 2.8745e+00 3.4606e+02 
6.0 2.9449e+02 1.9319e-01 0.0000e+00 0.0000e+00 1.9319e-01 2.9406e+02 0.0000e+00 0.0000e+00 0.0000e+00 0.0000e+00 2.9401e+02 -3.2805e+00 0.0000e+00 0.0000e+00 3.2805e+00 2.9361e+02 
7.0 2.5103e+02 2.1517e-01 0.0000e+00 0.0000e+00 2.1517e-01 2.5061e+02 0.0000e+00 0.0000e+00 0.0000e+00 0.0000e+00 2.5053e+02 -3.5124e+00 0.0000e+00 0.0000e+00 3.5124e+00 2.5016e+02 
8.0 2.1534e+02 2.1493e-01 0.0000e+00 0.0000e+00 2.1493e-01 2.1494e+02 0.0000e+00 0.0000e+00 0.0000e+00 0.0000e+00 2.1483e+02 -3.5957e+00 0.0000e+00 0.0000e+00 3.5957e+00 2.1448e+02 
9.0 1.8610e+02 1.9468e-01 0.0000e+00 0.0000e+00 1.9468e-01 1.8571e+02 0.0000e+00 0.0000e+00 0.0000e+00 0.0000e+00 1.8558e+02 -3.5659e+00 0.0000e+00 0.0000e+00 3.5659e+00 1.8525e+02 
10.0 1.6208e+02 1.5912e-01 0.0000e+00 0.0000e+00 1.5912e-01 1.6170e+02 0.0000e+00 0.0000e+00 0.0000e+00 0.0000e+00 1.6156e+02 -3.4581e+00 0.0000e+00 0.0000e+00 3.4581e+00 1.6124e+02 
11.0 1.4226e+02 1.1357e-01 0.0000e+00 0.0000e+00 1.1357e-01 1.4190e+02 0.0000e+00 0.0000e+00 0.0000e+00 0.0000e+00 1.4173e+02 -3.3024e+00 0.0000e+00 0.0000e+00 3.3024e+00 1.4143e+02 
12.0 1.2580e+02 6.2642e-02 0.0000e+00 0.0000e+00 6.2642e-02 1.2544e+02 0.0000e+00 0.0000e+00 0.0000e+00 0.0000e+00 1.2526e+02 -3.1215e+00 0.0000e+00 0.0000e+00 3.1215e+00 1.2498e+02 
13.0 1.1202e+02 9.5280e-03 0.0000e+00 0.0000e+00 9.5280e-03 1.1167e+02 0.0000e+00 0.0000e+00 0.0000e+00 0.0000e+00 1.1147e+02 -2.9303e+00 0.0000e+00 0.0000e+00 2.9303e+00 1.1121e+02 
14.0 1.0039e+02 -4.3320e-02 0.0000e+00 0.0000e+00 -4.3320e-02 1.0005e+02 0.0000e+00 0.0000e+00 0.0000e+00 0.0000e+00 9.9841e+01 -2.7412e+00 0.0000e+00 0.0000e+00 2.7412e+00 9.9594e+01 
15.0 9.0501e+01 -9.5709e-02 0.0000e+00 0.0000e+00 -9.5709e-02 9.0169e+01 0.0000e+00 0.0000e+00 0.0000e+00 0.0000e+00 8.9944e+01 -2.5572e+00 0.0000e+00 0.0000e+00 2.5572e+00 8.9711e+01 
16.0 8.2002e+01 -1.4754e-01 0.0000e+00 0.0000e+00 -1.4754e-01 8.1677e+01 0.0000e+00 0.0000e+00 0.0000e+00 0.0000e+00 8.1443e+01 -2.3820e+00 0.0000e+00 0.0000e+00 2.3820e+00 8.1223e+01 
17.0 7.4627e+01 -1.9919e-01 0.0000e+00 0.0000e+00 -1.9919e-01 7.4309e+01 0.0000e+00 0.0000e+00 0.0000e+00 0.0000e+00 7.4066e+01 -2.2165e+00 0.0000e+00 0.0000e+00 2.2165e+00 7.3859e+01 
18.0 6.8168e+01 -2.5108e-01 0.0000e+00 0.0000e+00 -2.5108e-01 6.7856e+01 0.0000e+00 0.0000e+00 0.0000e+00 0.0000e+00 6.7605e+01 -2.0608e+00 0.0000e+00 0.0000e+00 2.0608e+00 6.7410e+01 
19.0 6.2472e+01 -3.0362e-01 0.0000e+00 0.0000e+00 -3.0362e-01 6.2165e+01 0.0000e+00 0.0000e+00 0.0000e+00 0.0000e+00 6.2117e+01 -1.9141e+00 0.0000e+00 0.0000e+00 1.9141e+00 6.1934e+01 
20.0 5.7425e+01 -3.5724e-01 0.0000e+00 0.0000e+00 -3.5724e-01 5.7123e+01 0.0000e+00 0.0000e+00 0.0000e+00 0.0000e+00 5.7247e+01 -1.7755e+00 0.0000e+00 0.0000e+00 1.7755e+00 5.7075e+01 
21.0 5.2941e+01 -4.1234e-01 0.0000e+00 0.0000e+00 -4.1234e-01 5.2644e+01 0.0000e+00 0.0000e+00 0.0000e+00 0.0000e+00 5.2914e+01 -1.6443e+00 0.0000e+00 0.0000e+00 1.6443e+00 5.2752e+01 
22.0 4.8945e+01 -4.6926e-01 0.0000e+00 0.0000e+00 -4.6926e-01 4.8652e+01 0.0000e+00 0.0000e+00 0.0000e+00 0.0000e+00 4.9048e+01 -1.5201e+00 0.0000e+00 0.0000e+00 1.5201e+00 4.8894e+01 
23.0 4.5371e+01 -5.2813e-01 0.0000e+00 0.0000e+00 -5.2813e-01 4.5083e+01 0.0000e+00 0.0000e+00 0.0000e+00 0.0000e+00 4.5585e+01 -1.4025e+00 0.0000e+00 0.0000e+00 1.4025e+00 4.5439e+01 
24.0 4.2161e+01 -5.8883e-01 0.0000e+00 0.0000e+00 -5.8883e-01 4.1876e+01 0.0000e+00 0.0000e+00 0.0000e+00 0.0000e+00 4.2470e+01 -1.2916e+00 0.0000e+00 0.0000e+00 1.2916e+00 4.2332e+01 
25.0 3.9264e+01 -6.5100e-01 0.0000e+00 0.0000e+00 -6.5100e-01 3.8983e+01 0.0000e+00 0.0000e+00 0.0000e+00 0.0000e+00 3.9655e+01 -1.1872e+00 0.0000e+00 0.0000e+00 1.1872e+00 3.9523e+01 
26.0 3.6639e+01 -7.1411e-01 0.0000e+00 0.0000e+00 -7.1411e-01 3.6361e+01 0.0000e+00 0.0000e+00 0.0000e+00 0.0000e+00 3.7099e+01 -1.0894e+00 0.0000e+00 0.0000e+00 1.0894e+00 3.6974e+01 
27.0 3.4251e+01 -7.7770e-01 0.0000e+00 0.0000e+00 -7.7770e-01 3.3976e+01 0.0000e+00 0.0000e+00 0.0000e+00 0.0000e+00 3.4772e+01 -9.9787e-01 0.0000e+00 0.0000e+00 9.9787e-01 3.4653e+01 
28.0 3.2075e+01 -8.4146e-01 0.0000e+00 0.0000e+00 -8.4146e-01 3.1803e+01 0.0000e+00 0.0000e+00 0.0000e+00 0.0000e+00 3.2648e+01 -9.1225e-01 0.0000e+00 0.0000e+00 9.1225e-01 3.2533e+01 
29.0 3.0088e+01 -9.0531e-01 0.0000e+00 0.0000e+00 -9.0531e-01 2.9818e+01 0.0000e+00 0.0000e+00 0.0000e+00 0.0000e+00 3.0705e+01 -8.3199e-01 0.0000e+00 0.0000e+00 8.3199e-01 3.0596e+01 
30.0 2.8273e+01 -9.6928e-01 0.0000e+00 0.0000e+00 -9.6928e-01 2.8005e+01 0.0000e+00 0.0000e+00 0.0000e+00 0.0000e+00 2.8928e+01 -7.5668e-01 0.0000e+00 0.0000e+00 7.5668e-01 2.8823e+01 
31.0 2.6612e+01 -1.0334e+00 0.0000e+00 0.0000e+00 -1.0334e+00 2.6347e+01 0.0000e+00 0.0000e+00 0.0000e+00 0.0000e+00 2.7179e+01 -6.8609e-01 0.0000e+00 0.0000e+00 6.8609e-01 2.7080e+01 
32.0 2.5091e+01 -1.0975e+00 0.0000e+00 0.0000e+00 -1.0975e+00 2.4827e+01 0.0000e+00 0.0000e+00 0.0000e+00 0.0000e+00 2.5574e+01 -6.2018e-01 0.0000e+00 0.0000e+00 6.2018e-01 2.5481e+01 
33.0 2.3694e+01 -1.1615e+00 0.0000e+00 0.0000e+00 -1.1615e+00 2.3432e+01 0.0000e+00 0.0000e+00 0.0000e+00 0.0000e+00 2.4096e+01 -5.5893e-01 0.0000e+00 0.0000e+00 5.5893e-01 2.4009e+01 
34.0 2.2407e+01 -1.2250e+00 0.0000e+00 0.0000e+00 -1.2250e+00 2.2146e+01 0.0000e+00 0.0000e+00 0.0000e+00 0.0000e+00 2.2733e+01 -5.0221e-01 0.0000e+00 0.0000e+00 5.0221e-01 2.2651e+01 
35.0 2.1218e+01 -1.2876e+00 0.0000e+00 0.0000e+00 -1.2876e+00 2.0958e+01 0.0000e+00 0.0000e+00 0.0000e+00 0.0000e+00 2.1472e+01 -4.4979e-01 0.0000e+00 0.0000e+00 4.4979e-01 2.1395e+01 
36.0 2.0115e+01 -1.3491e+00 0.0000e+00 0.0000e+00 -1.3491e+00 1.9857e+01 0.0000e+00 0.0000e+00 0.0000e+00 0.0000e+00 2.0302e+01 -4.0126e-01 0.0000e+00 0.0000e+00 4.0126e-01 2.0231e+01 
37.0 1.9089e+01 -1.4094e+00 0.0000e+00 0.0000e+00 -1.4094e+00 1.8833e+01 0.0000e+00 0.0000e+00 0.0000e+00 0.0000e+00 1.9214e+01 -3.5620e-01 0.0000e+00 0.0000e+00 3.5620e-01 1.9148e+01 
38.0 1.8134e+01 -1.4683e+00 0.0000e+00 0.0000e+00 -1.4683e+00 1.7879e+01 0.0000e+00 0.0000e+00 0.0000e+00 0.0000e+00 1.8201e+01 -3.1418e-01 0.0000e+00 0.0000e+00 3.1418e-01 1.8140e+01 
39.0 1.7244e+01 -1.5260e+00 0.0000e+00 0.0000e+00 -1.5260e+00 1.6989e+01 0.0000e+00 0.0000e+00 0.0000e+00 0.0000e+00 1.7256e+01 -2.7488e-01 0.0000e+00 0.0000e+00 2.7488e-01 1.7199e+01 
40.0 1.6413e+01 -1.5823e+00 0.0000e+00 0.0000e+00 -1.5823e+00 1.6159e+01 0.0000e+00 0.0000e+00 0.0000e+00 0.0000e+00 1.6372e+01 -2.3805e-01 0.0000e+00 0.0000e+00 2.3805e-01 1.6320e+01 
41.0 1.5636e+01 -1.6372e+00 0.0000e+00 0.0000e+00 -1.6372e+00 1.5384e+01 0.0000e+00 0.0000e+00 0.0000e+00 0.0000e+00 1.5546e+01 -2.0354e-01 0.0000e+00 0.0000e+00 2.0354e-01 1.5499e+01 
42.0 1.4911e+01 -1.6907e+00 0.0000e+00 0.0000e+00 -1.6907e+00 1.4659e+01 0.0000e+00 0.0000e+00 0.0000e+00 0.0000e+00 1.4771e+01 -1.7123e-01 0.0000e+00 0.0000e+00 1.7123e-01 1.4728e+01 
43.0 1.4232e+01 -1.7427e+00 0.0000e+00 0.0000e+00 -1.7427e+00 1.3980e+01 0.0000e+00 0.0000e+00 0.0000e+00 0.0000e+00 1.4044e+01 -1.4103e-01 0.0000e+00 0.0000e+00 1.4103e-01 1.4006e+01 
44.0 1.3595e+01 -1.7930e+00 0.0000e+00 0.0000e+00 -1.7930e+00 1.3345e+01 0.0000e+00 0.0000e+00 0.0000e+00 0.0000e+00 1.3361e+01 -1.1279e-01 0.0000e+00 0.0000e+00 1.1279e-01 1.3327e+01 
45.0 1.2998e+01 -1.8415e+00 0.0000e+00 0.0000e+00 -1.8415e+00 1.2748e+01 0.0000e+00 0.0000e+00 0.0000e+00 0.0000e+00 1.2717e+01 -8.6338e-02 0.0000e+00 0.0000e+00 8.6338e-02 1.2687e+01 
46.0 1.2437e+01 -1.8882e+00 0.0000e+00 0.0000e+00 -1.8882e+00 1.2187e+01 0.0000e+00 0.0000e+00 0.0000e+00 0.0000e+00 1.2110e+01 -6.1481e-02 0.0000e+00 0.0000e+00 6.1481e-02 1.2084e+01 
47.0 1.1909e+01 -1.9330e+00 0.0000e+00 0.0000e+00 -1.9330e+00 1.1660e+01 0.0000e+00 0.0000e+00 0.0000e+00 0.0000e+00 1.1536e+01 -3.8038e-02 0.0000e+00 0.0000e+00 3.8038e-02 1.1515e+01 
48.0 1.1412e+01 -1.9760e+00 0.0000e+00 0.0000e+00 -1.9760e+00 1.1163e+01 0.0000e+00 0.0000e+00 0.0000e+00 0.0000e+00 1.0993e+01 -1.5864e-02 0.0000e+00 0.0000e+00 1.5864e-02 1.0976e+01 
49.0 1.0944e+01 -2.0172e+00 0.0000e+00 0.0000e+00 -2.0172e+00 1.0695e+01 0.0000e+00 0.0000e+00 0.0000e+00 0.0000e+00 1.0479e+01 5.1480e-03 0.0000e+00 0.0000e+00 -5.1480e-03 1.0466e+01 
50.0 1.0502e+01 -2.0565e+00 0.0000e+00 0.0000e+00 -2.0565e+00 1.0253e+01 0.0000e+00 0.0000e+00 0.0000e+00 0.0000e+00 9.9922e+00 2.5076e-02 0.0000e+00 0.0000e+00 -2.5076e-02 9.9832e+00 
51.0 1.0085e+01 -2.0939e+00 0.0000e+00 0.0000e+00 -2.0939e+00 9.8362e+00 0.0000e+00 0.0000e+00 0.0000e+00 0.0000e+00 9.5299e+00 4.3989e-02 0.0000e+00 0.0000e+00 -4.3989e-02 9.5249e+00 
52.0 9.6900e+00 -2.1294e+00 0.0000e+00 0.0000e+00 -2.1294e+00 9.4417e+00 0.0000e+00 0.0000e+00 0.0000e+00 0.0000e+00 9.0906e+00 6.1961e-02 0.0000e+00 0.0000e+00 -6.1961e-02 9.0897e+00 
53.0 9.3168e+00 -2.1630e+00 0.0000e+00 0.0000e+00 -2.1630e+00 9.0685e+00 0.0000e+00 0.0000e+00 0.0000e+00 0.0000e+00 8.6728e+00 7.9070e-02 0.0000e+00 0.0000e+00 -7.9070e-02 8.6759e+00 
54.0 8.9635e+00 -2.1947e+00 0.0000e+00 0.0000e+00 -2.1947e+00 8.7150e+00 0.0000e+00 0.0000e+00 0.0000e+00 0.0000e+00 8.2750e+00 9.5391e-02 0.0000e+00 0.0000e+00 -9.5391e-02 8.2820e+00 
55.0 8.6288e+00 -2.2245e+00 0.0000e+00 0.0000e+00 -2.2245e+00 8.3802e+00 0.0000e+00 0.0000e+00 0.0000e+00 0.0000e+00 7.8958e+00 1.1099e-01 0.0000e+00 0.0000e+00 -1.1099e-01 7.9068e+00 
56.0 8.3116e+00 -2.2525e+00 0.0000e+00 0.0000e+00 -2.2525e+00 8.0627e+00 0.0000e+00 0.0000e+00 0.0000e+00 0.0000e+00 7.5340e+00 1.2592e-01 0.0000e+00 0.0000e+00 -1.2592e-01 7.5491e+00 
57.0 8.0109e+00 -2.2785e+00 0.0000e+00 0.0000e+00 -2.2785e+00 7.7616e+00 0.0000e+00 0.0000e+00 0.0000e+00 0.0000e+00 7.1885e+00 1.4024e-01 0.0000e+00 0.0000e+00 -1.4024e-01 7.2076e+00 
58.0 7.7256e+00 -2.3027e+00 0.0000e+00 0.0000e+00 -2.3027e+00 7.4759e+00 0.0000e+00 0.0000e+00 0.0000e+00 0.0000e+00 6.8583e+00 1.5397e-01 0.0000e+00 0.0000e+00 -1.5397e-01 6.8814e+00 
59.0 7.4550e+00 -2.3250e+00 0.0000e+00 0.0000e+00 -2.3250e+00 7.2048e+00 0.0000e+00 0.0000e+00 0.0000e+00 0.0000e+00 6.5424e+00 1.6715e-01 0.0000e+00 0.0000e+00 -1.6715e-01 6.5696e+00 
60.0 7.1981e+00 -2.3455e+00 0.0000e+00 0.0000e+00 -2.3455e+00 6.9472e+00 0.0000e+00 0.0000e+00 0.0000e+00 0.0000e+00 6.2400e+00 1.7981e-01 0.0000e+00 0.0000e+00 -1.7981e-01 6.2712e+00 
61.0 6.9541e+00 -2.3642e+00 0.0000e+00 0.0000e+00 -2.3642e+00 6.7026e+00 0.0000e+00 0.0000e+00 0.0000e+00 0.0000e+00 5.9503e+00 1.9198e-01 0.0000e+00 0.0000e+00 -1.9198e-01 5.9856e+00 
62.0 6.7224e+00 -2.3811e+00 0.0000e+00 0.0000e+00 -2.3811e+00 6.4702e+00 0.0000e+00 0.0000e+00 0.0000e+00 0.0000e+00 5.6725e+00 2.0367e-01 0.0000e+00 0.0000e+00 -2.0367e-01 5.7119e+00 
63.0 6.5024e+00 -2.3962e+00 0.0000e+00 0.0000e+00 -2.3962e+00 6.2494e+00 0.0000e+00 0.0000e+00 0.0000e+00 0.0000e+00 5.4060e+00 2.1488e-01 0.0000e+00 0.0000e+00 -2.1488e-01 5.4496e+00 
64.0 6.2932e+00 -2.4097e+00 0.0000e+00 0.0000e+00 -2.4097e+00 6.0393e+00 0.0000e+00 0.0000e+00 0.0000e+00 0.0000e+00 5.1502e+00 2.2559e-01 0.0000e+00 0.0000e+00 -2.2559e-01 5.1979e+00 
65.0 6.0944e+00 -2.4214e+00 0.0000e+00 0.0000e+00 -2.4214e+00 5.8396e+00 0.0000e+00 0.0000e+00 0.0000e+00 0.0000e+00 4.9043e+00 2.3581e-01 0.0000e+00 0.0000e+00 -2.3581e-01 4.9562e+00 
66.0 5.9053e+00 -2.4314e+00 0.0000e+00 0.0000e+00 -2.4314e+00 5.6495e+00 0.0000e+00 0.0000e+00 0.0000e+00 0.0000e+00 4.6680e+00 2.4552e-01 0.0000e+00 0.0000e+00 -2.4552e-01 4.7241e+00 
67.0 5.7254e+00 -2.4397e+00 0.0000e+00 0.0000e+00 -2.4397e+00 5.4685e+00 0.0000e+00 0.0000e+00 0.0000e+00 0.0000e+00 4.4405e+00 2.5471e-01 0.0000e+00 0.0000e+00 -2.5471e-01 4.5009e+00 
68.0 5.5541e+00 -2.4464e+00 0.0000e+00 0.0000e+00 -2.4464e+00 5.2961e+00 0.0000e+00 0.0000e+00 0.0000e+00 0.0000e+00 4.2214e+00 2.6338e-01 0.0000e+00 0.0000e+00 -2.6338e-01 4.2862e+00 
69.0 5.3911e+00 -2.4514e+00 0.0000e+00 0.0000e+00 -2.4514e+00 5.1319e+00 0.0000e+00 0.0000e+00 0.0000e+00 0.0000e+00 4.0104e+00 2.7153e-01 0.0000e+00 0.0000e+00 -2.7153e-01 4.0794e+00 
70.0 5.2358e+00 -2.4548e+00 0.0000e+00 0.0000e+00 -2.4548e+00 4.9754e+00 0.0000e+00 0.0000e+00 0.0000e+00 0.0000e+00 3.8069e+00 2.7915e-01 0.0000e+00 0.0000e+00 -2.7915e-01 3.8803e+00 
71.0 5.0878e+00 -2.4567e+00 0.0000e+00 0.0000e+00 -2.4567e+00 4.8261e+00 0.0000e+00 0.0000e+00 0.0000e+00 0.0000e+00 3.6105e+00 2.8622e-01 0.0000e+00 0.0000e+00 -2.8622e-01 3.6883e+00 
72.0 4.9467e+00 -2.4569e+00 0.0000e+00 0.0000e+00 -2.4569e+00 4.6837e+00 0.0000e+00 0.0000e+00 0.0000e+00 0.0000e+00 3.4209e+00 2.9273e-01 0.0000e+00 0.0000e+00 -2.9273e-01 3.5032e+00 
73.0 4.8123e+00 -2.4557e+00 0.0000e+00 0.0000e+00 -2.4557e+00 4.5479e+00 0.0000e+00 0.0000e+00 0.0000e+00 0.0000e+00 3.2378e+00 2.9868e-01 0.0000e+00 0.0000e+00 -2.9868e-01 3.3245e+00 
74.0 4.6840e+00 -2.4529e+00 0.0000e+00 0.0000e+00 -2.4529e+00 4.4182e+00 0.0000e+00 0.0000e+00 0.0000e+00 0.0000e+00 3.0608e+00 3.0405e-01 0.0000e+00 0.0000e+00 -3.0405e-01 3.1519e+00 
75.0 4.5616e+00 -2.4486e+00 0.0000e+00 0.0000e+00 -2.4486e+00 4.2944e+00 0.0000e+00 0.0000e+00 0.0000e+00 0.0000e+00 2.8896e+00 3.0884e-01 0.0000e+00 0.0000e+00 -3.0884e-01 2.9852e+00 
76.0 4.4448e+00 -2.4428e+00 0.0000e+00 0.0000e+00 -2.4428e+00 4.1762e+00 0.0000e+00 0.0000e+00 0.0000e+00 0.0000e+00 2.7239e+00 3.1304e-01 0.0000e+00 0.0000e+00 -3.1304e-01 2.8239e+00 
77.0 4.3333e+00 -2.4356e+00 0.0000e+00 0.0000e+00 -2.4356e+00 4.0632e+00 0.0000e+00 0.0000e+00 0.0000e+00 0.0000e+00 2.5635e+00 3.1667e-01 0.0000e+00 0.0000e+00 -3.1667e-01 2.6679e+00 
78.0 4.2268e+00 -2.4270e+00 0.0000e+00 0.0000e+00 -2.4270e+00 3.9553e+00 0.0000e+00 0.0000e+00 0.0000e+00 0.0000e+00 2.4081e+00 3.1972e-01 0.0000e+00 0.0000e+00 -3.1972e-01 2.5169e+00 
79.0 4.1251e+00 -2.4169e+00 0.0000e+00 0.0000e+00 -2.4169e+00 3.8522e+00 0.0000e+00 0.0000e+00 0.0000e+00 0.0000e+00 2.2574e+00 3.2223e-01 0.0000e+00 0.0000e+00 -3.2223e-01 2.3707e+00 
80.0 4.0280e+00 -2.4055e+00 0.0000e+00 0.0000e+00 -2.4055e+00 3.7537e+00 0.0000e+00 0.0000e+00 0.0000e+00 0.0000e+00 2.1114e+00 3.2419e-01 0.0000e+00 0.0000e+00 -3.2419e-01 2.2289e+00 
81.0 3.9352e+00 -2.3927e+00 0.0000e+00 0.0000e+00 -2.3927e+00 3.6596e+00 0.0000e+00 0.0000e+00 0.0000e+00 0.0000e+00 1.9697e+00 3.2565e-01 0.0000e+00 0.0000e+00 -3.2565e-01 2.0915e+00 
82.0 3.8466e+00 -2.3786e+00 0.0000e+00 0.0000e+00 -2.3786e+00 3.5696e+00 0.0000e+00 0.0000e+00 0.0000e+00 0.0000e+00 1.8322e+00 3.2661e-01 0.0000e+00 0.0000e+00 -3.2661e-01 1.9582e+00 
83.0 3.7619e+00 -2.3633e+00 0.0000e+00 0.0000e+00 -2.3633e+00 3.4837e+00 0.0000e+00 0.0000e+00 0.0000e+00 0.0000e+00 1.6987e+00 3.2710e-01 0.0000e+00 0.0000e+00 -3.2710e-01 1.8289e+00 
84.0 3.6811e+00 -2.3467e+00 0.0000e+00 0.0000e+00 -2.3467e+00 3.4017e+00 0.0000e+00 0.0000e+00 0.0000e+00 0.0000e+00 1.5691e+00 3.2714e-01 0.0000e+00 0.0000e+00 -3.2714e-01 1.7033e+00 
85.0 3.6039e+00 -2.3289e+00 0.0000e+00 0.0000e+00 -2.3289e+00 3.3233e+00 0.0000e+00 0.0000e+00 0.0000e+00 0.0000e+00 1.4433e+00 3.2676e-01 0.0000e+00 0.0000e+00 -3.2676e-01 1.5814e+00 
86.0 3.5302e+00 -2.3099e+00 0.0000e+00 0.0000e+00 -2.3099e+00 3.2486e+00 0.0000e+00 0.0000e+00 0.0000e+00 0.0000e+00 1.3210e+00 3.2599e-01 0.0000e+00 0.0000e+00 -3.2599e-01 1.4630e+00 
87.0 3.4599e+00 -2.2898e+00 0.0000e+00 0.0000e+00 -2.2898e+00 3.1772e+00 0.0000e+00 0.0000e+00 0.0000e+00 0.0000e+00 1.2023e+00 3.2485e-01 0.0000e+00 0.0000e+00 -3.2485e-01 1.3479e+00 
88.0 3.3928e+00 -2.2686e+00 0.0000e+00 0.0000e+00 -2.2686e+00 3.1093e+00 0.0000e+00 0.0000e+00 0.0000e+00 0.0000e+00 1.0868e+00 3.2337e-01 0.0000e+00 0.0000e+00 -3.2337e-01 1.2361e+00 
89.0 3.3289e+00 -2.2464e+00 0.0000e+00 0.0000e+00 -2.2464e+00 3.0445e+00 0.0000e+00 0.0000e+00 0.0000e+00 0.0000e+00 9.7466e-01 3.2160e-01 0.0000e+00 0.0000e+00 -3.2160e-01 1.1274e+00 
90.0 3.2680e+00 -2.2231e+00 0.0000e+00 0.0000e+00 -2.2231e+00 2.9828e+00 0.0000e+00 0.0000e+00 0.0000e+00 0.0000e+00 8.6564e-01 3.1956e-01 0.0000e+00 0.0000e+00 -3.1956e-01 1.0218e+00 
91.0 3.2099e+00 -2.1988e+00 0.0000e+00 0.0000e+00 -2.1988e+00 2.9242e+00 0.0000e+00 0.0000e+00 0.0000e+00 0.0000e+00 7.5967e-01 3.1728e-01 0.0000e+00 0.0000e+00 -3.1728e-01 9.1903e-01 
92.0 3.1547e+00 -2.1736e+00 0.0000e+00 0.0000e+00 -2.1736e+00 2.8684e+00 0.0000e+00 0.0000e+00 0.0000e+00 0.0000e+00 6.5668e-01 3.1478e-01 0.0000e+00 0.0000e+00 -3.1478e-01 8.1912e-01 
93.0 3.1023e+00 -2.1475e+00 0.0000e+00 0.0000e+00 -2.1475e+00 2.8155e+00 0.0000e+00 0.0000e+00 0.0000e+00 0.0000e+00 5.5656e-01 3.1209e-01 0.0000e+00 0.0000e+00 -3.1209e-01 7.2197e-01 
94.0 3.0524e+00 -2.1206e+00 0.0000e+00 0.0000e+00 -2.1206e+00 2.7653e+00 0.0000e+00 0.0000e+00 0.0000e+00 0.0000e+00 4.5924e-01 3.0924e-01 0.0000e+00 0.0000e+00 -3.0924e-01 6.2748e-01 
95.0 3.0051e+00 -2.0929e+00 0.0000e+00 0.0000e+00 -2.0929e+00 2.7177e+00 0.0000e+00 0.0000e+00 0.0000e+00 0.0000e+00 3.6463e-01 3.0624e-01 0.0000e+00 0.0000e+00 -3.0624e-01 5.3558e-01 
96.0 2.9603e+00 -2.0644e+00 0.0000e+00 0.0000e+00 -2.0644e+00 2.6727e+00 0.0000e+00 0.0000e+00 0.0000e+00 0.0000e+00 2.7266e-01 3.0312e-01 0.0000e+00 0.0000e+00 -3.0312e-01 4.4620e-01 
97.0 2.9178e+00 -2.0352e+00 0.0000e+00 0.0000e+00 -2.0352e+00 2.6301e+00 0.0000e+00 0.0000e+00 0.0000e+00 0.0000e+00 1.8326e-01 2.9989e-01 0.0000e+00 0.0000e+00 -2.9989e-01 3.5925e-01 
98.0 2.8777e+00 -2.0052e+00 0.0000e+00 0.0000e+00 -2.0052e+00 2.5899e+00 0.0000e+00 0.0000e+00 0.0000e+00 0.0000e+00 9.6359e-02 2.9658e-01 0.0000e+00 0.0000e+00 -2.9658e-01 2.7469e-01 
99.0 2.8398e+00 -1.9747e+00 0.0000e+00 0.0000e+00 -1.9747e+00 2.5520e+00 0.0000e+00 0.0000e+00 0.0000e+00 0.0000e+00 1.1879e-02 2.9321e-01 0.0000e+00 0.0000e+00 -2.9321e-01 1.9243e-01 
100.0 2.8040e+00 -1.9435e+00 0.0000e+00 0.0000e+00 -1.9435e+00 2.5164e+00 0.0000e+00 0.0000e+00 0.0000e+00 0.0000e+00 -7.0238e-02 2.8978e-01 0.0000e+00 0.0000e+00 -2.8978e-01 1.1243e-01 
101.0 2.7703e+00 -1.9118e+00 0.0000e+00 0.0000e+00 -1.9118e+00 2.4828e+00 0.0000e+00 0.0000e+00 0.0000e+00 0.0000e+00 -1.5006e-01 2.8632e-01 0.0000e+00 0.0000e+00 -2.8632e-01 3.4619e-02 
102.0 2.7387e+00 -1.8795e+00 0.0000e+00 0.0000e+00 -1.8795e+00 2.4514e+00 0.0000e+00 0.0000e+00 0.0000e+00 0.0000e+00 -2.2763e-01 2.8283e-01 0.0000e+00 0.0000e+00 -2.8283e-01 -4.1051e-02 
103.0 2.7090e+00 -1.8468e+00 0.0000e+00 0.0000e+00 -1.8468e+00 2.4220e+00 0.0000e+00 0.0000e+00 0.0000e+00 0.0000e+00 -3.0303e-01 2.7933e-01 0.0000e+00 0.0000e+00 -2.7933e-01 -1.1464e-01 
104.0 2.6812e+00 -1.8136e+00 0.0000e+00 0.0000e+00 -1.8136e+00 2.3945e+00 0.0000e+00 0.0000e+00 0.0000e+00 0.0000e+00 -3.7630e-01 2.7583e-01 0.0000e+00 0.0000e+00 -2.7583e-01 -1.8619e-01 
105.0 2.6552e+00 -1.7800e+00 0.0000e+00 0.0000e+00 -1.7800e+00 2.3688e+00 0.0000e+00 0.0000e+00 0.0000e+00 0.0000e+00 -4.4749e-01 2.7233e-01 0.0000e+00 0.0000e+00 -2.7233e-01 -2.5576e-01 
106.0 2.6309e+00 -1.7460e+00 0.0000e+00 0.0000e+00 -1.7460e+00 2.3450e+00 0.0000e+00 0.0000e+00 0.0000e+00 0.0000e+00 -5.1666e-01 2.6884e-01 0.0000e+00 0.0000e+00 -2.6884e-01 -3.2339e-01 
107.0 2.6083e+00 -1.7116e+00 0.0000e+00 0.0000e+00 -1.7116e+00 2.3228e+00 0.0000e+00 0.0000e+00 0.0000e+00 0.0000e+00 -5.8386e-01 2.6538e-01 0.0000e+00 0.0000e+00 -2.6538e-01 -3.8913e-01 
108.0 2.5874e+00 -1.6770e+00 0.0000e+00 0.0000e+00 -1.6770e+00 2.3024e+00 0.0000e+00 0.0000e+00 0.0000e+00 0.0000e+00 -6.4914e-01 2.6194e-01 0.0000e+00 0.0000e+00 -2.6194e-01 -4.5302e-01 
109.0 2.5680e+00 -1.6421e+00 0.0000e+00 0.0000e+00 -1.6421e+00 2.2835e+00 0.0000e+00 0.0000e+00 0.0000e+00 0.0000e+00 -7.1253e-01 2.5853e-01 0.0000e+00 0.0000e+00 -2.5853e-01 -5.1511e-01 
110.0 2.5502e+00 -1.6070e+00 0.0000e+00 0.0000e+00 -1.6070e+00 2.2662e+00 0.0000e+00 0.0000e+00 0.0000e+00 0.0000e+00 -7.7409e-01 2.5515e-01 0.0000e+00 0.0000e+00 -2.5515e-01 -5.7543e-01 
111.0 2.5337e+00 -1.5717e+00 0.0000e+00 0.0000e+00 -1.5717e+00 2.2504e+00 0.0000e+00 0.0000e+00 0.0000e+00 0.0000e+00 -8.3386e-01 2.5179e-01 0.0000e+00 0.0000e+00 -2.5179e-01 -6.3403e-01 
112.0 2.5187e+00 -1.5363e+00 0.0000e+00 0.0000e+00 -1.5363e+00 2.2359e+00 0.0000e+00 0.0000e+00 0.0000e+00 0.0000e+00 -8.9189e-01 2.4845e-01 0.0000e+00 0.0000e+00 -2.4845e-01 -6.9095e-01 
113.0 2.5050e+00 -1.5007e+00 0.0000e+00 0.0000e+00 -1.5007e+00 2.2228e+00 0.0000e+00 0.0000e+00 0.0000e+00 0.0000e+00 -9.4822e-01 2.4513e-01 0.0000e+00 0.0000e+00 -2.4513e-01 -7.4622e-01 
114.0 2.4926e+00 -1.4650e+00 0.0000e+00 0.0000e+00 -1.4650e+00 2.2111e+00 0.0000e+00 0.0000e+00 0.0000e+00 0.0000e+00 -1.0029e+00 2.4181e-01 0.0000e+00 0.0000e+00 -2.4181e-01 -7.9991e-01 
115.0 2.4815e+00 -1.4293e+00 0.0000e+00 0.0000e+00 -1.4293e+00 2.2005e+00 0.0000e+00 0.0000e+00 0.0000e+00 0.0000e+00 -1.0560e+00 2.3851e-01 0.0000e+00 0.0000e+00 -2.3851e-01 -8.5203e-01 
116.0 2.4715e+00 -1.3936e+00 0.0000e+00 0.0000e+00 -1.3936e+00 2.1912e+00 0.0000e+00 0.0000e+00 0.0000e+00 0.0000e+00 -1.1075e+00 2.3522e-01 0.0000e+00 0.0000e+00 -2.3522e-01 -9.0263e-01 
117.0 2.4626e+00 -1.3579e+00 0.0000e+00 0.0000e+00 -1.3579e+00 2.1829e+00 0.0000e+00 0.0000e+00 0.0000e+00 0.0000e+00 -1.1574e+00 2.3193e-01 0.0000e+00 0.0000e+00 -2.3193e-01 -9.5176e-01 
118.0 2.4548e+00 -1.3222e+00 0.0000e+00 0.0000e+00 -1.3222e+00 2.1758e+00 0.0000e+00 0.0000e+00 0.0000e+00 0.0000e+00 -1.2059e+00 2.2865e-01 0.0000e+00 0.0000e+00 -2.2865e-01 -9.9945e-01 
119.0 2.4480e+00 -1.2865e+00 0.0000e+00 0.0000e+00 -1.2865e+00 2.1697e+00 0.0000e+00 0.0000e+00 0.0000e+00 0.0000e+00 -1.2530e+00 2.2536e-01 0.0000e+00 0.0000e+00 -2.2536e-01 -1.0457e+00 
120.0 2.4422e+00 -1.2510e+00 0.0000e+00 0.0000e+00 -1.2510e+00 2.1645e+00 0.0000e+00 0.0000e+00 0.0000e+00 0.0000e+00 -1.2987e+00 2.2207e-01 0.0000e+00 0.0000e+00 -2.2207e-01 -1.0907e+00 
121.0 2.4373e+00 -1.2155e+00 0.0000e+00 0.0000e+00 -1.2155e+00 2.1603e+00 0.0000e+00 0.0000e+00 0.0000e+00 0.0000e+00 -1.3430e+00 2.1877e-01 0.0000e+00 0.0000e+00 -2.1877e-01 -1.1343e+00 
122.0 2.4334e+00 -1.1802e+00 0.0000e+00 0.0000e+00 -1.1802e+00 2.1570e+00 0.0000e+00 0.0000e+00 0.0000e+00 0.0000e+00 -1.3859e+00 2.1546e-01 0.0000e+00 0.0000e+00 -2.1546e-01 -1.1766e+00 
123.0 2.4302e+00 -1.1450e+00 0.0000e+00 0.0000e+00 -1.1450e+00 2.1545e+00 0.0000e+00 0.0000e+00 0.0000e+00 0.0000e+00 -1.4276e+00 2.1213e-01 0.0000e+00 0.0000e+00 -2.1213e-01 -1.2177e+00 
124.0 2.4279e+00 -1.1100e+00 0.0000e+00 0.0000e+00 -1.1100e+00 2.1528e+00 0.0000e+00 0.0000e+00 0.0000e+00 0.0000e+00 -1.4681e+00 2.0879e-01 0.0000e+00 0.0000e+00 -2.0879e-01 -1.2576e+00 
125.0 2.4263e+00 -1.0752e+00 0.0000e+00 0.0000e+00 -1.0752e+00 2.1519e+00 0.0000e+00 0.0000e+00 0.0000e+00 0.0000e+00 -1.5074e+00 2.0544e-01 0.0000e+00 0.0000e+00 -2.0544e-01 -1.2963e+00 
126.0 2.4254e+00 -1.0406e+00 0.0000e+00 0.0000e+00 -1.0406e+00 2.1517e+00 0.0000e+00 0.0000e+00 0.0000e+00 0.0000e+00 -1.5455e+00 2.0209e-01 0.0000e+00 0.0000e+00 -2.0209e-01 -1.3339e+00 
127.0 2.4253e+00 -1.0062e+00 0.0000e+00 0.0000e+00 -1.0062e+00 2.1522e+00 0.0000e+00 0.0000e+00 0.0000e+00 0.0000e+00 -1.5825e+00 1.9874e-01 0.0000e+00 0.0000e+00 -1.9874e-01 -1.3704e+00 
128.0 2.4257e+00 -9.7199e-01 0.0000e+00 0.0000e+00 -9.7199e-01 2.1534e+00 0.0000e+00 0.0000e+00 0.0000e+00 0.0000e+00 -1.6183e+00 1.9539e-01 0.0000e+00 0.0000e+00 -1.9539e-01 -1.4059e+00 
129.0 2.4268e+00 -9.3809e-01 0.0000e+00 0.0000e+00 -9.3809e-01 2.1552e+00 0.0000e+00 0.0000e+00 0.0000e+00 0.0000e+00 -1.6531e+00 1.9205e-01 0.0000e+00 0.0000e+00 -1.9205e-01 -1.4403e+00 
130.0 2.4285e+00 -9.0446e-01 0.0000e+00 0.0000e+00 -9.0446e-01 2.1576e+00 0.0000e+00 0.0000e+00 0.0000e+00 0.0000e+00 -1.6869e+00 1.8871e-01 0.0000e+00 0.0000e+00 -1.8871e-01 -1.4738e+00 
131.0 2.4307e+00 -8.7112e-01 0.0000e+00 0.0000e+00 -8.7112e-01 2.1605e+00 0.0000e+00 0.0000e+00 0.0000e+00 0.0000e+00 -1.7197e+00 1.8540e-01 0.0000e+00 0.0000e+00 -1.8540e-01 -1.5062e+00 
132.0 2.4334e+00 -8.3809e-01 0.0000e+00 0.0000e+00 -8.3809e-01 2.1640e+00 0.0000e+00 0.0000e+00 0.0000e+00 0.0000e+00 -1.7515e+00 1.8212e-01 0.0000e+00 0.0000e+00 -1.8212e-01 -1.5378e+00 
133.0 2.4367e+00 -8.0540e-01 0.0000e+00 0.0000e+00 -8.0540e-01 2.1680e+00 0.0000e+00 0.0000e+00 0.0000e+00 0.0000e+00 -1.7824e+00 1.7887e-01 0.0000e+00 0.0000e+00 -1.7887e-01 -1.5685e+00 
134.0 2.4404e+00 -7.7306e-01 0.0000e+00 0.0000e+00 -7.7306e-01 2.1725e+00 0.0000e+00 0.0000e+00 0.0000e+00 0.0000e+00 -1.8123e+00 1.7567e-01 0.0000e+00 0.0000e+00 -1.7567e-01 -1.5983e+00 
135.0 2.4445e+00 -7.4110e-01 0.0000e+00 0.0000e+00 -7.4110e-01 2.1775e+00 0.0000e+00 0.0000e+00 0.0000e+00 0.0000e+00 -1.8413e+00 1.7252e-01 0.0000e+00 0.0000e+00 -1.7252e-01 -1.6272e+00 
136.0 2.4491e+00 -7.0954e-01 0.0000e+00 0.0000e+00 -7.0954e-01 2.1829e+00 0.0000e+00 0.0000e+00 0.0000e+00 0.0000e+00 -1.8694e+00 1.6941e-01 0.0000e+00 0.0000e+00 -1.6941e-01 -1.6553e+00 
137.0 2.4540e+00 -6.7839e-01 0.0000e+00 0.0000e+00 -6.7839e-01 2.1888e+00 0.0000e+00 0.0000e+00 0.0000e+00 0.0000e+00 -1.8966e+00 1.6633e-01 0.0000e+00 0.0000e+00 -1.6633e-01 -1.6826e+00 
138.0 2.4593e+00 -6.4768e-01 0.0000e+00 0.0000e+00 -6.4768e-01 2.1951e+00 0.0000e+00 0.0000e+00 0.0000e+00 0.0000e+00 -1.9230e+00 1.6330e-01 0.0000e+00 0.0000e+00 -1.6330e-01 -1.7092e+00 
139.0 2.4649e+00 -6.1741e-01 0.0000e+00 0.0000e+00 -6.1741e-01 2.2018e+00 0.0000e+00 0.0000e+00 0.0000e+00 0.0000e+00 -1.9485e+00 1.6031e-01 0.0000e+00 0.0000e+00 -1.6031e-01 -1.7350e+00 
140.0 2.4708e+00 -5.8763e-01 0.0000e+00 0.0000e+00 -5.8763e-01 2.2088e+00 0.0000e+00 0.0000e+00 0.0000e+00 0.0000e+00 -1.9732e+00 1.5737e-01 0.0000e+00 0.0000e+00 -1.5737e-01 -1.7601e+00 
141.0 2.4769e+00 -5.5834e-01 0.0000e+00 0.0000e+00 -5.5834e-01 2.2162e+00 0.0000e+00 0.0000e+00 0.0000e+00 0.0000e+00 -1.9971e+00 1.5449e-01 0.0000e+00 0.0000e+00 -1.5449e-01 -1.7845e+00 
142.0 2.4833e+00 -5.2957e-01 0.0000e+00 0.0000e+00 -5.2957e-01 2.2240e+00 0.0000e+00 0.0000e+00 0.0000e+00 0.0000e+00 -2.0202e+00 1.5166e-01 0.0000e+00 0.0000e+00 -1.5166e-01 -1.8082e+00 
143.0 2.4899e+00 -5.0135e-01 0.0000e+00 0.0000e+00 -5.0135e-01 2.2320e+00 0.0000e+00 0.0000e+00 0.0000e+00 0.0000e+00 -2.0426e+00 1.4887e-01 0.0000e+00 0.0000e+00 -1.4887e-01 -1.8312e+00 
144.0 2.4966e+00 -4.7368e-01 0.0000e+00 0.0000e+00 -4.7368e-01 2.2404e+00 0.0000e+00 0.0000e+00 0.0000e+00 0.0000e+00 -2.0641e+00 1.4612e-01 0.0000e+00 0.0000e+00 -1.4612e-01 -1.8536e+00 
145.0 2.5035e+00 -4.4657e-01 0.0000e+00 0.0000e+00 -4.4657e-01 2.2489e+00 0.0000e+00 0.0000e+00 0.0000e+00 0.0000e+00 -2.0849e+00 1.4339e-01 0.0000e+00 0.0000e+00 -1.4339e-01 -1.8754e+00 
146.0 2.5105e+00 -4.2004e-01 0.0000e+00 0.0000e+00 -4.2004e-01 2.2577e+00 0.0000e+00 0.0000e+00 0.0000e+00 0.0000e+00 -2.1049e+00 1.4064e-01 0.0000e+00 0.0000e+00 -1.4064e-01 -1.8965e+00 
147.0 2.5175e+00 -3.9407e-01 0.0000e+00 0.0000e+00 -3.9407e-01 2.2667e+00 0.0000e+00 0.0000e+00 0.0000e+00 0.0000e+00 -2.1243e+00 1.3786e-01 0.0000e+00 0.0000e+00 -1.3786e-01 -1.9171e+00 
148.0 2.5245e+00 -3.6868e-01 0.0000e+00 0.0000e+00 -3.6868e-01 2.2758e+00 0.0000e+00 0.0000e+00 0.0000e+00 0.0000e+00 -2.1429e+00 1.3503e-01 0.0000e+00 0.0000e+00 -1.3503e-01 -1.9370e+00 
149.0 2.5316e+00 -3.4388e-01 0.0000e+00 0.0000e+00 -3.4388e-01 2.2850e+00 0.0000e+00 0.0000e+00 0.0000e+00 0.0000e+00 -2.1608e+00 1.3216e-01 0.0000e+00 0.0000e+00 -1.3216e-01 -1.9564e+00 
150.0 2.5387e+00 -3.1966e-01 0.0000e+00 0.0000e+00 -3.1966e-01 2.2944e+00 0.0000e+00 0.0000e+00 0.0000e+00 0.0000e+00 -2.1781e+00 1.2924e-01 0.0000e+00 0.0000e+00 -1.2924e-01 -1.9753e+00 
151.0 2.5458e+00 -2.9606e-01 0.0000e+00 0.0000e+00 -2.9606e-01 2.3038e+00 0.0000e+00 0.0000e+00 0.0000e+00 0.0000e+00 -2.1946e+00 1.2624e-01 0.0000e+00 0.0000e+00 -1.2624e-01 -1.9935e+00 
152.0 2.5530e+00 -2.7307e-01 0.0000e+00 0.0000e+00 -2.7307e-01 2.3134e+00 0.0000e+00 0.0000e+00 0.0000e+00 0.0000e+00 -2.2105e+00 1.2314e-01 0.0000e+00 0.0000e+00 -1.2314e-01 -2.0112e+00 
153.0 2.5600e+00 -2.5071e-01 0.0000e+00 0.0000e+00 -2.5071e-01 2.3230e+00 0.0000e+00 0.0000e+00 0.0000e+00 0.0000e+00 -2.2258e+00 1.1989e-01 0.0000e+00 0.0000e+00 -1.1989e-01 -2.0283e+00 
154.0 2.5671e+00 -2.2897e-01 0.0000e+00 0.0000e+00 -2.2897e-01 2.3326e+00 0.0000e+00 0.0000e+00 0.0000e+00 0.0000e+00 -2.2404e+00 1.1646e-01 0.0000e+00 0.0000e+00 -1.1646e-01 -2.0449e+00 
155.0 2.5741e+00 -2.0785e-01 0.0000e+00 0.0000e+00 -2.0785e-01 2.3423e+00 0.0000e+00 0.0000e+00 0.0000e+00 0.0000e+00 -2.2543e+00 1.1284e-01 0.0000e+00 0.0000e+00 -1.1284e-01 -2.0609e+00 
156.0 2.5811e+00 -1.8733e-01 0.0000e+00 0.0000e+00 -1.8733e-01 2.3520e+00 0.0000e+00 0.0000e+00 0.0000e+00 0.0000e+00 -2.2677e+00 1.0903e-01 0.0000e+00 0.0000e+00 -1.0903e-01 -2.0764e+00 
157.0 2.5882e+00 -1.6742e-01 0.0000e+00 0.0000e+00 -1.6742e-01 2.3619e+00 0.0000e+00 0.0000e+00 0.0000e+00 0.0000e+00 -2.2804e+00 1.0504e-01 0.0000e+00 0.0000e+00 -1.0504e-01 -2.0913e+00 
158.0 2.5954e+00 -1.4812e-01 0.0000e+00 0.0000e+00 -1.4812e-01 2.3720e+00 0.0000e+00 0.0000e+00 0.0000e+00 0.0000e+00 -2.2924e+00 1.0082e-01 0.0000e+00 0.0000e+00 -1.0082e-01 -2.1057e+00 
159.0 2.6026e+00 -1.2947e-01 0.0000e+00 0.0000e+00 -1.2947e-01 2.3822e+00 0.0000e+00 0.0000e+00 0.0000e+00 0.0000e+00 -2.3039e+00 9.6313e-02 0.0000e+00 0.0000e+00 -9.6313e-02 -2.1197e+00 
160.0 2.6097e+00 -1.1149e-01 0.0000e+00 0.0000e+00 -1.1149e-01 2.3925e+00 0.0000e+00 0.0000e+00 0.0000e+00 0.0000e+00 -2.3149e+00 9.1394e-02 0.0000e+00 0.0000e+00 -9.1394e-02 -2.1333e+00 
161.0 2.6167e+00 -9.4264e-02 0.0000e+00 0.0000e+00 -9.4264e-02 2.4026e+00 0.0000e+00 0.0000e+00 0.0000e+00 0.0000e+00 -2.3254e+00 8.5942e-02 0.0000e+00 0.0000e+00 -8.5942e-02 -2.1465e+00 
162.0 2.6235e+00 -7.7872e-02 0.0000e+00 0.0000e+00 -7.7872e-02 2.4126e+00 0.0000e+00 0.0000e+00 0.0000e+00 0.0000e+00 -2.3356e+00 7.9817e-02 0.0000e+00 0.0000e+00 -7.9817e-02 -2.1593e+00 
163.0 2.6302e+00 -6.2449e-02 0.0000e+00 0.0000e+00 -6.2449e-02 2.4223e+00 0.0000e+00 0.0000e+00 0.0000e+00 0.0000e+00 -2.3456e+00 7.2852e-02 0.0000e+00 0.0000e+00 -7.2852e-02 -2.1719e+00 
164.0 2.6367e+00 -4.8162e-02 0.0000e+00 0.0000e+00 -4.8162e-02 2.4314e+00 0.0000e+00 0.0000e+00 0.0000e+00 0.0000e+00 -2.3555e+00 6.4868e-02 0.0000e+00 0.0000e+00 -6.4868e-02 -2.1840e+00 
165.0 2.6430e+00 -3.5195e-02 0.0000e+00 0.0000e+00 -3.5195e-02 2.4397e+00 0.0000e+00 0.0000e+00 0.0000e+00 0.0000e+00 -2.3655e+00 5.5697e-02 0.0000e+00 0.0000e+00 -5.5697e-02 -2.1956e+00 
166.0 2.6492e+00 -2.3733e-02 0.0000e+00 0.0000e+00 -2.3733e-02 2.4471e+00 0.0000e+00 0.0000e+00 0.0000e+00 0.0000e+00 -2.3760e+00 4.5235e-02 0.0000e+00 0.0000e+00 -4.5235e-02 -2.2066e+00 
167.0 2.6559e+00 -1.3942e-02 0.0000e+00 0.0000e+00 -1.3942e-02 2.4533e+00 0.0000e+00 0.0000e+00 0.0000e+00 0.0000e+00 -2.3871e+00 3.3482e-02 0.0000e+00 0.0000e+00 -3.3482e-02 -2.2166e+00 
168.0 2.6635e+00 -5.9604e-03 0.0000e+00 0.0000e+00 -5.9604e-03 2.4583e+00 0.0000e+00 0.0000e+00 0.0000e+00 0.0000e+00 -2.3992e+00 2.0590e-02 0.0000e+00 0.0000e+00 -2.0590e-02 -2.2252e+00 
169.0 2.6730e+00 1.1309e-04 0.0000e+00 0.0000e+00 1.1309e-04 2.4622e+00 0.0000e+00 0.0000e+00 0.0000e+00 0.0000e+00 -2.4129e+00 6.9197e-03 0.0000e+00 0.0000e+00 -6.9197e-03 -2.2319e+00 
170.0 2.6855e+00 4.2366e-03 0.0000e+00 0.0000e+00 4.2366e-03 2.4652e+00 0.0000e+00 0.0000e+00 0.0000e+00 0.0000e+00 -2.4284e+00 -6.8772e-03 0.0000e+00 0.0000e+00 6.8772e-03 -2.2359e+00 
171.0 2.7028e+00 6.4447e-03 0.0000e+00 0.0000e+00 6.4447e-03 2.4681e+00 0.0000e+00 0.0000e+00 0.0000e+00 0.0000e+00 -2.4462e+00 -1.9795e-02 0.0000e+00 0.0000e+00 1.9795e-02 -2.2365e+00 
172.0 2.7264e+00 6.8940e-03 0.0000e+00 0.0000e+00 6.8940e-03 2.4718e+00 0.0000e+00 0.0000e+00 0.0000e+00 0.0000e+00 -2.4663e+00 -3.0462e-02 0.0000e+00 0.0000e+00 3.0462e-02 -2.2330e+00 
173.0 2.7579e+00 5.9302e-03 0.0000e+00 0.0000e+00 5.9302e-03 2.4775e+00 0.0000e+00 0.0000e+00 0.0000e+00 0.0000e+00 -2.4888e+00 -3.7271e-02 0.0000e+00 0.0000e+00 3.7271e-02 -2.2253e+00 
174.0 2.7977e+00 4.1257e-03 0.0000e+00 0.0000e+00 4.1257e-03 2.4864e+00 0.0000e+00 0.0000e+00 0.0000e+00 0.0000e+00 -2.5129e+00 -3.8762e-02 0.0000e+00 0.0000e+00 3.8762e-02 -2.2136e+00 
175.0 2.8446e+00 2.1942e-03 0.0000e+00 0.0000e+00 2.1942e-03 2.4992e+00 0.0000e+00 0.0000e+00 0.0000e+00 0.0000e+00 -2.5375e+00 -3.4298e-02 0.0000e+00 0.0000e+00 3.4298e-02 -2.1991e+00 
176.0 2.8944e+00 7.5640e-04 0.0000e+00 0.0000e+00 7.5640e-04 2.5150e+00 0.0000e+00 0.0000e+00 0.0000e+00 0.0000e+00 -2.5607e+00 -2.4841e-02 0.0000e+00 0.0000e+00 2.4841e-02 -2.1838e+00 
177.0 2.9398e+00 7.3389e-05 0.0000e+00 0.0000e+00 7.3389e-05 2.5311e+00 0.0000e+00 0.0000e+00 0.0000e+00 0.0000e+00 -2.5802e+00 -1.3270e-02 0.0000e+00 0.0000e+00 1.3270e-02 -2.1702e+00 
178.0 2.9721e+00 -4.3498e-05 0.0000e+00 0.0000e+00 -4.3498e-05 2.5433e+00 0.0000e+00 0.0000e+00 0.0000e+00 0.0000e+00 -2.5932e+00 -3.7334e-03 0.0000e+00 0.0000e+00 3.7334e-03 -2.1607e+00 
179.0 2.9840e+00 -2.5942e-21 0.0000e+00 0.0000e+00 -2.5942e-21 2.5479e+00 0.0000e+00 0.0000e+00 0.0000e+00 0.0000e+00 -2.5978e+00 -6.0290e-20 0.0000e+00 0.0000e+00 6.0290e-20 -2.1572e+00 
180.0 2.9961e+00 0.0000e+00 0.0000e+00 0.0000e+00 0.0000e+00 2.5525e+00 0.0000e+00 0.0000e+00 0.0000e+00 0.0000e+00 -2.6024e+00 0.0000e+00 0.0000e+00 0.0000e+00 -0.0000e+00 -2.1539e+00 
