0.7552 1.0928 0.3376 0.054994
theta s11 s12 s13 s14 s21 s22 s23 s24 s31 s32 s33 s34 s41 s42 s43 s44
0.0 5.5737e+03 0.0000e+00 0.0000e+00 0.0000e+00 0.0000e+00 5.5726e+03 0.0000e+00 0.0000e+00 0.0000e+00 0.0000e+00 5.5726e+03 0.0000e+00 0.0000e+00 0.0000e+00 -0.0000e+00 5.5715e+03 
1.0 4.6654e+03 -4.1384e-01 0.0000e+00 0.0000e+00 -4.1384e-01 4.6644e+03 0.0000e+00 0.0000e+00 0.0000e+00 0.0000e+00 4.6644e+03 -2.3925e+00 0.0000e+00 0.0000e+00 2.3925e+00 4.6633e+03 
2.0 3.0763e+03 -9.4317e-01 0.0000e+00 0.0000e+00 -9.4317e-01 3.0752e+03 0.0000e+00 0.0000e+00 0.0000e+00 0.0000e+00 3.0752e+03 -7.3534e+00 0.0000e+00 0.0000e+00 7.3534e+00 3.0741e+03 
3.0 1.8887e+03 -1.1408e+00 0.0000e+00 0.0000e+00 -1.1408e+00 1.8876e+03 0.0000e+00 0.0000e+00 0.0000e+00 0.0000e+00 1.8875e+03 -1.1113e+01 0.0000e+00 0.0000e+00 1.1113e+01 1.8865e+03 
4.0 1.1834e+03 -1.1866e+00 0.0000e+00 0.0000e+00 -1.1866e+00 1.1824e+03 0.0000e+00 0.0000e+00 0.0000e+00 0.0000e+00 1.1822e+03 -1.2346e+01 0.0000e+00 0.0000e+00 1.2346e+01 1.1812e+03 
5.0 7.8474e+02 -1.2109e+00 0.0000e+00 0.0000e+00 -1.2109e+00 7.8380e+02 0.0000e+00 0.0000e+00 0.0000e+00 0.0000e+00 7.8348e+02 -1.1974e+01 0.0000e+00 0.0000e+00 1.1974e+01 7.8256e+02 
6.0 5.5279e+02 -1.2472e+00 0.0000e+00 0.0000e+00 -1.2472e+00 5.5188e+02 0.0000e+00 0.0000e+00 0.0000e+00 0.0000e+00 5.5150e+02 -1.1003e+01 0.0000e+00 0.0000e+00 1.1003e+01 5.5062e+02 
7.0 4.1062e+02 -1.3031e+00 0.0000e+00 0.0000e+00 -1.3031e+00 4.0975e+02 0.0000e+00 0.0000e+00 0.0000e+00 0.0000e+00 4.0932e+02 -9.8831e+00 0.0000e+00 0.0000e+00 9.8831e+00 4.0848e+02 
8.0 3.1888e+02 -1.3738e+00 0.0000e+00 0.0000e+00 -1.3738e+00 3.1804e+02 0.0000e+00 0.0000e+00 0.0000e+00 0.0000e+00 3.1757e+02 -8.8160e+00 0.0000e+00 0.0000e+00 8.8160e+00 3.1677e+02 
9.0 2.5658e+02 -1.4525e+00 0.0000e+00 0.0000e+00 -1.4525e+00 2.5576e+02 0.0000e+00 0.0000e+00 0.0000e+00 0.0000e+00 2.5526e+02 -7.8698e+00 0.0000e+00 0.0000e+00 7.8698e+00 2.5449e+02 
10.0 2.1239e+02 -1.5368e+00 0.0000e+00 0.0000e+00 -1.5368e+00 2.1159e+02 0.0000e+00 0.0000e+00 0.0000e+00 0.0000e+00 2.1107e+02 -7.0327e+00 0.0000e+00 0.0000e+00 7.0327e+00 2.1033e+02 
11.0 1.8000e+02 -1.6247e+00 0.0000e+00 0.0000e+00 -1.6247e+00 1.7922e+02 0.0000e+00 0.0000e+00 0.0000e+00 0.0000e+00 1.7867e+02 -6.2956e+00 0.0000e+00 0.0000e+00 6.2956e+00 1.7797e+02 
12.0 1.5553e+02 -1.7137e+00 0.0000e+00 0.0000e+00 -1.7137e+00 1.5476e+02 0.0000e+00 0.0000e+00 0.0000e+00 0.0000e+00 1.5421e+02 -5.6554e+00 0.0000e+00 0.0000e+00 5.6554e+00 1.5352e+02 
13.0 1.3655e+02 -1.8045e+00 0.0000e+00 0.0000e+00 -1.8045e+00 1.3580e+02 0.0000e+00 0.0000e+00 0.0000e+00 0.0000e+00 1.3523e+02 -5.0995e+00 0.0000e+00 0.0000e+00 5.0995e+00 1.3457e+02 
14.0 1.2153e+02 -1.8898e+00 0.0000e+00 0.0000e+00 -1.8898e+00 1.2079e+02 0.0000e+00 0.0000e+00 0.0000e+00 0.0000e+00 1.2021e+02 -4.6319e+00 0.0000e+00 0.0000e+00 4.6319e+00 1.1957e+02 
15.0 1.0939e+02 -1.9772e+00 0.0000e+00 0.0000e+00 -1.9772e+00 1.0866e+02 0.0000e+00 0.0000e+00 0.0000e+00 0.0000e+00 1.0807e+02 -4.2207e+00 0.0000e+00 0.0000e+00 4.2207e+00 1.0745e+02 
16.0 9.9431e+01 -2.0648e+00 0.0000e+00 0.0000e+00 -2.0648e+00 9.8716e+01 0.0000e+00 0.0000e+00 0.0000e+00 0.0000e+00 9.8120e+01 -3.8611e+00 0.0000e+00 0.0000e+00 3.8611e+00 9.7518e+01 
17.0 9.1143e+01 -2.1520e+00 0.0000e+00 0.0000e+00 -2.1520e+00 9.0437e+01 0.0000e+00 0.0000e+00 0.0000e+00 0.0000e+00 8.9834e+01 -3.5495e+00 0.0000e+00 0.0000e+00 3.5495e+00 8.9249e+01 
18.0 8.4126e+01 -2.2387e+00 0.0000e+00 0.0000e+00 -2.2387e+00 8.3431e+01 0.0000e+00 0.0000e+00 0.0000e+00 0.0000e+00 8.2819e+01 -3.2797e+00 0.0000e+00 0.0000e+00 3.2797e+00 8.2251e+01 
19.0 7.8097e+01 -2.3250e+00 0.0000e+00 0.0000e+00 -2.3250e+00 7.7410e+01 0.0000e+00 0.0000e+00 0.0000e+00 0.0000e+00 7.7080e+01 -3.0436e+00 0.0000e+00 0.0000e+00 3.0436e+00 7.6533e+01 
20.0 7.2854e+01 -2.4117e+00 0.0000e+00 0.0000e+00 -2.4117e+00 7.2175e+01 0.0000e+00 0.0000e+00 0.0000e+00 0.0000e+00 7.2090e+01 -2.8342e+00 0.0000e+00 0.0000e+00 2.8342e+00 7.1562e+01 
21.0 6.8255e+01 -2.4995e+00 0.0000e+00 0.0000e+00 -2.4995e+00 6.7584e+01 0.0000e+00 0.0000e+00 0.0000e+00 0.0000e+00 6.7713e+01 -2.6483e+00 0.0000e+00 0.0000e+00 2.6483e+00 6.7200e+01 
22.0 6.4185e+01 -2.5885e+00 0.0000e+00 0.0000e+00 -2.5885e+00 6.3522e+01 0.0000e+00 0.0000e+00 0.0000e+00 0.0000e+00 6.3839e+01 -2.4842e+00 0.0000e+00 0.0000e+00 2.4842e+00 6.3340e+01 
23.0 6.0546e+01 -2.6787e+00 0.0000e+00 0.0000e+00 -2.6787e+00 5.9890e+01 0.0000e+00 0.0000e+00 0.0000e+00 0.0000e+00 6.0375e+01 -2.3391e+00 0.0000e+00 0.0000e+00 2.3391e+00 5.9888e+01 
24.0 5.7263e+01 -2.7697e+00 0.0000e+00 0.0000e+00 -2.7697e+00 5.6613e+01 0.0000e+00 0.0000e+00 0.0000e+00 0.0000e+00 5.7247e+01 -2.2092e+00 0.0000e+00 0.0000e+00 2.2092e+00 5.6772e+01 
25.0 5.4278e+01 -2.8612e+00 0.0000e+00 0.0000e+00 -2.8612e+00 5.3635e+01 0.0000e+00 0.0000e+00 0.0000e+00 0.0000e+00 5.4403e+01 -2.0912e+00 0.0000e+00 0.0000e+00 2.0912e+00 5.3938e+01 
26.0 5.1548e+01 -2.9524e+00 0.0000e+00 0.0000e+00 -2.9524e+00 5.0912e+01 0.0000e+00 0.0000e+00 0.0000e+00 0.0000e+00 5.1799e+01 -1.9835e+00 0.0000e+00 0.0000e+00 1.9835e+00 5.1344e+01 
27.0 4.9037e+01 -3.0430e+00 0.0000e+00 0.0000e+00 -3.0430e+00 4.8408e+01 0.0000e+00 0.0000e+00 0.0000e+00 0.0000e+00 4.9403e+01 -1.8853e+00 0.0000e+00 0.0000e+00 1.8853e+00 4.8958e+01 
28.0 4.6718e+01 -3.1326e+00 0.0000e+00 0.0000e+00 -3.1326e+00 4.6094e+01 0.0000e+00 0.0000e+00 0.0000e+00 0.0000e+00 4.7187e+01 -1.7958e+00 0.0000e+00 0.0000e+00 1.7958e+00 4.6750e+01 
29.0 4.4564e+01 -3.2210e+00 0.0000e+00 0.0000e+00 -3.2210e+00 4.3946e+01 0.0000e+00 0.0000e+00 0.0000e+00 0.0000e+00 4.5127e+01 -1.7140e+00 0.0000e+00 0.0000e+00 1.7140e+00 4.4699e+01 
30.0 4.2555e+01 -3.3080e+00 0.0000e+00 0.0000e+00 -3.3080e+00 4.1944e+01 0.0000e+00 0.0000e+00 0.0000e+00 0.0000e+00 4.3204e+01 -1.6389e+00 0.0000e+00 0.0000e+00 1.6389e+00 4.2784e+01 
31.0 4.0675e+01 -3.3931e+00 0.0000e+00 0.0000e+00 -3.3931e+00 4.0069e+01 0.0000e+00 0.0000e+00 0.0000e+00 0.0000e+00 4.1192e+01 -1.5702e+00 0.0000e+00 0.0000e+00 1.5702e+00 4.0784e+01 
32.0 3.8908e+01 -3.4760e+00 0.0000e+00 0.0000e+00 -3.4760e+00 3.8308e+01 0.0000e+00 0.0000e+00 0.0000e+00 0.0000e+00 3.9301e+01 -1.5076e+00 0.0000e+00 0.0000e+00 1.5076e+00 3.8904e+01 
33.0 3.7240e+01 -3.5561e+00 0.0000e+00 0.0000e+00 -3.5561e+00 3.6646e+01 0.0000e+00 0.0000e+00 0.0000e+00 0.0000e+00 3.7517e+01 -1.4504e+00 0.0000e+00 0.0000e+00 1.4504e+00 3.7132e+01 
34.0 3.5662e+01 -3.6330e+00 0.0000e+00 0.0000e+00 -3.6330e+00 3.5073e+01 0.0000e+00 0.0000e+00 0.0000e+00 0.0000e+00 3.5829e+01 -1.3982e+00 0.0000e+00 0.0000e+00 1.3982e+00 3.5456e+01 
35.0 3.4164e+01 -3.7064e+00 0.0000e+00 0.0000e+00 -3.7064e+00 3.3581e+01 0.0000e+00 0.0000e+00 0.0000e+00 0.0000e+00 3.4227e+01 -1.3500e+00 0.0000e+00 0.0000e+00 1.3500e+00 3.3865e+01 
36.0 3.2739e+01 -3.7761e+00 0.0000e+00 0.0000e+00 -3.7761e+00 3.2161e+01 0.0000e+00 0.0000e+00 0.0000e+00 0.0000e+00 3.2704e+01 -1.3050e+00 0.0000e+00 0.0000e+00 1.3050e+00 3.2353e+01 
37.0 3.1384e+01 -3.8423e+00 0.0000e+00 0.0000e+00 -3.8423e+00 3.0811e+01 0.0000e+00 0.0000e+00 0.0000e+00 0.0000e+00 3.1254e+01 -1.2624e+00 0.0000e+00 0.0000e+00 1.2624e+00 3.0914e+01 
38.0 3.0094e+01 -3.9052e+00 0.0000e+00 0.0000e+00 -3.9052e+00 2.9526e+01 0.0000e+00 0.0000e+00 0.0000e+00 0.0000e+00 2.9872e+01 -1.2214e+00 0.0000e+00 0.0000e+00 1.2214e+00 2.9543e+01 
39.0 2.8866e+01 -3.9650e+00 0.0000e+00 0.0000e+00 -3.9650e+00 2.8304e+01 0.0000e+00 0.0000e+00 0.0000e+00 0.0000e+00 2.8555e+01 -1.1819e+00 0.0000e+00 0.0000e+00 1.1819e+00 2.8236e+01 
40.0 2.7698e+01 -4.0218e+00 0.0000e+00 0.0000e+00 -4.0218e+00 2.7141e+01 0.0000e+00 0.0000e+00 0.0000e+00 0.0000e+00 2.7300e+01 -1.1438e+00 0.0000e+00 0.0000e+00 1.1438e+00 2.6991e+01 
41.0 2.6586e+01 -4.0755e+00 0.0000e+00 0.0000e+00 -4.0755e+00 2.6034e+01 0.0000e+00 0.0000e+00 0.0000e+00 0.0000e+00 2.6102e+01 -1.1072e+00 0.0000e+00 0.0000e+00 1.1072e+00 2.5804e+01 
42.0 2.5526e+01 -4.1259e+00 0.0000e+00 0.0000e+00 -4.1259e+00 2.4979e+01 0.0000e+00 0.0000e+00 0.0000e+00 0.0000e+00 2.4958e+01 -1.0723e+00 0.0000e+00 0.0000e+00 1.0723e+00 2.4670e+01 
43.0 2.4515e+01 -4.1729e+00 0.0000e+00 0.0000e+00 -4.1729e+00 2.3973e+01 0.0000e+00 0.0000e+00 0.0000e+00 0.0000e+00 2.3865e+01 -1.0389e+00 0.0000e+00 0.0000e+00 1.0389e+00 2.3586e+01 
44.0 2.3550e+01 -4.2164e+00 0.0000e+00 0.0000e+00 -4.2164e+00 2.3013e+01 0.0000e+00 0.0000e+00 0.0000e+00 0.0000e+00 2.2818e+01 -1.0067e+00 0.0000e+00 0.0000e+00 1.0067e+00 2.2549e+01 
45.0 2.2627e+01 -4.2563e+00 0.0000e+00 0.0000e+00 -4.2563e+00 2.2094e+01 0.0000e+00 0.0000e+00 0.0000e+00 0.0000e+00 2.1816e+01 -9.7562e-01 0.0000e+00 0.0000e+00 9.7562e-01 2.1556e+01 
46.0 2.1744e+01 -4.2925e+00 0.0000e+00 0.0000e+00 -4.2925e+00 2.1216e+01 0.0000e+00 0.0000e+00 0.0000e+00 0.0000e+00 2.0855e+01 -9.4535e-01 0.0000e+00 0.0000e+00 9.4535e-01 2.0605e+01 
47.0 2.0899e+01 -4.3253e+00 0.0000e+00 0.0000e+00 -4.3253e+00 2.0376e+01 0.0000e+00 0.0000e+00 0.0000e+00 0.0000e+00 1.9933e+01 -9.1572e-01 0.0000e+00 0.0000e+00 9.1572e-01 1.9692e+01 
48.0 2.0090e+01 -4.3545e+00 0.0000e+00 0.0000e+00 -4.3545e+00 1.9571e+01 0.0000e+00 0.0000e+00 0.0000e+00 0.0000e+00 1.9049e+01 -8.8661e-01 0.0000e+00 0.0000e+00 8.8661e-01 1.8817e+01 
49.0 1.9315e+01 -4.3802e+00 0.0000e+00 0.0000e+00 -4.3802e+00 1.8801e+01 0.0000e+00 0.0000e+00 0.0000e+00 0.0000e+00 1.8201e+01 -8.5799e-01 0.0000e+00 0.0000e+00 8.5799e-01 1.7978e+01 
50.0 1.8574e+01 -4.4024e+00 0.0000e+00 0.0000e+00 -4.4024e+00 1.8064e+01 0.0000e+00 0.0000e+00 0.0000e+00 0.0000e+00 1.7387e+01 -8.2985e-01 0.0000e+00 0.0000e+00 8.2985e-01 1.7173e+01 
51.0 1.7863e+01 -4.4212e+00 0.0000e+00 0.0000e+00 -4.4212e+00 1.7358e+01 0.0000e+00 0.0000e+00 0.0000e+00 0.0000e+00 1.6606e+01 -8.0209e-01 0.0000e+00 0.0000e+00 8.0209e-01 1.6401e+01 
52.0 1.7183e+01 -4.4367e+00 0.0000e+00 0.0000e+00 -4.4367e+00 1.6683e+01 0.0000e+00 0.0000e+00 0.0000e+00 0.0000e+00 1.5856e+01 -7.7460e-01 0.0000e+00 0.0000e+00 7.7460e-01 1.5659e+01 
53.0 1.6532e+01 -4.4489e+00 0.0000e+00 0.0000e+00 -4.4489e+00 1.6036e+01 0.0000e+00 0.0000e+00 0.0000e+00 0.0000e+00 1.5135e+01 -7.4730e-01 0.0000e+00 0.0000e+00 7.4730e-01 1.4947e+01 
54.0 1.5909e+01 -4.4581e+00 0.0000e+00 0.0000e+00 -4.4581e+00 1.5417e+01 0.0000e+00 0.0000e+00 0.0000e+00 0.0000e+00 1.4444e+01 -7.2016e-01 0.0000e+00 0.0000e+00 7.2016e-01 1.4263e+01 
55.0 1.5312e+01 -4.4641e+00 0.0000e+00 0.0000e+00 -4.4641e+00 1.4824e+01 0.0000e+00 0.0000e+00 0.0000e+00 0.0000e+00 1.3779e+01 -6.9324e-01 0.0000e+00 0.0000e+00 6.9324e-01 1.3607e+01 
56.0 1.4741e+01 -4.4672e+00 0.0000e+00 0.0000e+00 -4.4672e+00 1.4257e+01 0.0000e+00 0.0000e+00 0.0000e+00 0.0000e+00 1.3141e+01 -6.6662e-01 0.0000e+00 0.0000e+00 6.6662e-01 1.2977e+01 
57.0 1.4195e+01 -4.4672e+00 0.0000e+00 0.0000e+00 -4.4672e+00 1.3714e+01 0.0000e+00 0.0000e+00 0.0000e+00 0.0000e+00 1.2528e+01 -6.4034e-01 0.0000e+00 0.0000e+00 6.4034e-01 1.2372e+01 
58.0 1.3672e+01 -4.4644e+00 0.0000e+00 0.0000e+00 -4.4644e+00 1.3195e+01 0.0000e+00 0.0000e+00 0.0000e+00 0.0000e+00 1.1939e+01 -6.1438e-01 0.0000e+00 0.0000e+00 6.1438e-01 1.1791e+01 
59.0 1.3171e+01 -4.4586e+00 0.0000e+00 0.0000e+00 -4.4586e+00 1.2698e+01 0.0000e+00 0.0000e+00 0.0000e+00 0.0000e+00 1.1373e+01 -5.8870e-01 0.0000e+00 0.0000e+00 5.8870e-01 1.1232e+01 
60.0 1.2691e+01 -4.4500e+00 0.0000e+00 0.0000e+00 -4.4500e+00 1.2222e+01 0.0000e+00 0.0000e+00 0.0000e+00 0.0000e+00 1.0828e+01 -5.6325e-01 0.0000e+00 0.0000e+00 5.6325e-01 1.0695e+01 
61.0 1.2232e+01 -4.4387e+00 0.0000e+00 0.0000e+00 -4.4387e+00 1.1767e+01 0.0000e+00 0.0000e+00 0.0000e+00 0.0000e+00 1.0305e+01 -5.3803e-01 0.0000e+00 0.0000e+00 5.3803e-01 1.0180e+01 
62.0 1.1793e+01 -4.4249e+00 0.0000e+00 0.0000e+00 -4.4249e+00 1.1331e+01 0.0000e+00 0.0000e+00 0.0000e+00 0.0000e+00 9.8023e+00 -5.1303e-01 0.0000e+00 0.0000e+00 5.1303e-01 9.6842e+00 
63.0 1.1372e+01 -4.4085e+00 0.0000e+00 0.0000e+00 -4.4085e+00 1.0914e+01 0.0000e+00 0.0000e+00 0.0000e+00 0.0000e+00 9.3188e+00 -4.8827e-01 0.0000e+00 0.0000e+00 4.8827e-01 9.2080e+00 
64.0 1.0970e+01 -4.3898e+00 0.0000e+00 0.0000e+00 -4.3898e+00 1.0515e+01 0.0000e+00 0.0000e+00 0.0000e+00 0.0000e+00 8.8541e+00 -4.6379e-01 0.0000e+00 0.0000e+00 4.6379e-01 8.7504e+00 
65.0 1.0585e+01 -4.3688e+00 0.0000e+00 0.0000e+00 -4.3688e+00 1.0133e+01 0.0000e+00 0.0000e+00 0.0000e+00 0.0000e+00 8.4073e+00 -4.3963e-01 0.0000e+00 0.0000e+00 4.3963e-01 8.3107e+00 
66.0 1.0217e+01 -4.3455e+00 0.0000e+00 0.0000e+00 -4.3455e+00 9.7684e+00 0.0000e+00 0.0000e+00 0.0000e+00 0.0000e+00 7.9778e+00 -4.1585e-01 0.0000e+00 0.0000e+00 4.1585e-01 7.8881e+00 
67.0 9.8642e+00 -4.3200e+00 0.0000e+00 0.0000e+00 -4.3200e+00 9.4193e+00 0.0000e+00 0.0000e+00 0.0000e+00 0.0000e+00 7.5647e+00 -3.9248e-01 0.0000e+00 0.0000e+00 3.9248e-01 7.4820e+00 
68.0 9.5271e+00 -4.2925e+00 0.0000e+00 0.0000e+00 -4.2925e+00 9.0855e+00 0.0000e+00 0.0000e+00 0.0000e+00 0.0000e+00 7.1676e+00 -3.6953e-01 0.0000e+00 0.0000e+00 3.6953e-01 7.0916e+00 
69.0 9.2048e+00 -4.2630e+00 0.0000e+00 0.0000e+00 -4.2630e+00 8.7662e+00 0.0000e+00 0.0000e+00 0.0000e+00 0.0000e+00 6.7856e+00 -3.4702e-01 0.0000e+00 0.0000e+00 3.4702e-01 6.7163e+00 
70.0 8.8965e+00 -4.2315e+00 0.0000e+00 0.0000e+00 -4.2315e+00 8.4610e+00 0.0000e+00 0.0000e+00 0.0000e+00 0.0000e+00 6.4183e+00 -3.2496e-01 0.0000e+00 0.0000e+00 3.2496e-01 6.3556e+00 
71.0 8.6016e+00 -4.1982e+00 0.0000e+00 0.0000e+00 -4.1982e+00 8.1692e+00 0.0000e+00 0.0000e+00 0.0000e+00 0.0000e+00 6.0649e+00 -3.0335e-01 0.0000e+00 0.0000e+00 3.0335e-01 6.0087e+00 
72.0 8.3197e+00 -4.1631e+00 0.0000e+00 0.0000e+00 -4.1631e+00 7.8902e+00 0.0000e+00 0.0000e+00 0.0000e+00 0.0000e+00 5.7250e+00 -2.8223e-01 0.0000e+00 0.0000e+00 2.8223e-01 5.6752e+00 
73.0 8.0502e+00 -4.1263e+00 0.0000e+00 0.0000e+00 -4.1263e+00 7.6237e+00 0.0000e+00 0.0000e+00 0.0000e+00 0.0000e+00 5.3980e+00 -2.6161e-01 0.0000e+00 0.0000e+00 2.6161e-01 5.3545e+00 
74.0 7.7925e+00 -4.0879e+00 0.0000e+00 0.0000e+00 -4.0879e+00 7.3689e+00 0.0000e+00 0.0000e+00 0.0000e+00 0.0000e+00 5.0834e+00 -2.4151e-01 0.0000e+00 0.0000e+00 2.4151e-01 5.0461e+00 
75.0 7.5463e+00 -4.0479e+00 0.0000e+00 0.0000e+00 -4.0479e+00 7.1255e+00 0.0000e+00 0.0000e+00 0.0000e+00 0.0000e+00 4.7806e+00 -2.2194e-01 0.0000e+00 0.0000e+00 2.2194e-01 4.7495e+00 
76.0 7.3109e+00 -4.0065e+00 0.0000e+00 0.0000e+00 -4.0065e+00 6.8929e+00 0.0000e+00 0.0000e+00 0.0000e+00 0.0000e+00 4.4893e+00 -2.0290e-01 0.0000e+00 0.0000e+00 2.0290e-01 4.4642e+00 
77.0 7.0860e+00 -3.9635e+00 0.0000e+00 0.0000e+00 -3.9635e+00 6.6708e+00 0.0000e+00 0.0000e+00 0.0000e+00 0.0000e+00 4.2088e+00 -1.8438e-01 0.0000e+00 0.0000e+00 1.8438e-01 4.1897e+00 
78.0 6.8711e+00 -3.9193e+00 0.0000e+00 0.0000e+00 -3.9193e+00 6.4587e+00 0.0000e+00 0.0000e+00 0.0000e+00 0.0000e+00 3.9389e+00 -1.6634e-01 0.0000e+00 0.0000e+00 1.6634e-01 3.9256e+00 
79.0 6.6658e+00 -3.8738e+00 0.0000e+00 0.0000e+00 -3.8738e+00 6.2561e+00 0.0000e+00 0.0000e+00 0.0000e+00 0.0000e+00 3.6791e+00 -1.4878e-01 0.0000e+00 0.0000e+00 1.4878e-01 3.6714e+00 
80.0 6.4697e+00 -3.8270e+00 0.0000e+00 0.0000e+00 -3.8270e+00 6.0628e+00 0.0000e+00 0.0000e+00 0.0000e+00 0.0000e+00 3.4289e+00 -1.3166e-01 0.0000e+00 0.0000e+00 1.3166e-01 3.4269e+00 
81.0 6.2825e+00 -3.7792e+00 0.0000e+00 0.0000e+00 -3.7792e+00 5.8783e+00 0.0000e+00 0.0000e+00 0.0000e+00 0.0000e+00 3.1881e+00 -1.1500e-01 0.0000e+00 0.0000e+00 1.1500e-01 3.1916e+00 
82.0 6.1038e+00 -3.7304e+00 0.0000e+00 0.0000e+00 -3.7304e+00 5.7023e+00 0.0000e+00 0.0000e+00 0.0000e+00 0.0000e+00 2.9562e+00 -9.8795e-02 0.0000e+00 0.0000e+00 9.8795e-02 2.9652e+00 
83.0 5.9332e+00 -3.6807e+00 0.0000e+00 0.0000e+00 -3.6807e+00 5.5344e+00 0.0000e+00 0.0000e+00 0.0000e+00 0.0000e+00 2.7330e+00 -8.3056e-02 0.0000e+00 0.0000e+00 8.3056e-02 2.7473e+00 
84.0 5.7705e+00 -3.6300e+00 0.0000e+00 0.0000e+00 -3.6300e+00 5.3744e+00 0.0000e+00 0.0000e+00 0.0000e+00 0.0000e+00 2.5181e+00 -6.7785e-02 0.0000e+00 0.0000e+00 6.7785e-02 2.5376e+00 
85.0 5.6152e+00 -3.5785e+00 0.0000e+00 0.0000e+00 -3.5785e+00 5.2218e+00 0.0000e+00 0.0000e+00 0.0000e+00 0.0000e+00 2.3111e+00 -5.2977e-02 0.0000e+00 0.0000e+00 5.2977e-02 2.3357e+00 
86.0 5.4671e+00 -3.5263e+00 0.0000e+00 0.0000e+00 -3.5263e+00 5.0763e+00 0.0000e+00 0.0000e+00 0.0000e+00 0.0000e+00 2.1118e+00 -3.8626e-02 0.0000e+00 0.0000e+00 3.8626e-02 2.1414e+00 
87.0 5.3258e+00 -3.4734e+00 0.0000e+00 0.0000e+00 -3.4734e+00 4.9377e+00 0.0000e+00 0.0000e+00 0.0000e+00 0.0000e+00 1.9199e+00 -2.4725e-02 0.0000e+00 0.0000e+00 2.4725e-02 1.9544e+00 
88.0 5.1912e+00 -3.4199e+00 0.0000e+00 0.0000e+00 -3.4199e+00 4.8058e+00 0.0000e+00 0.0000e+00 0.0000e+00 0.0000e+00 1.7350e+00 -1.1275e-02 0.0000e+00 0.0000e+00 1.1275e-02 1.7743e+00 
89.0 5.0629e+00 -3.3658e+00 0.0000e+00 0.0000e+00 -3.3658e+00 4.6801e+00 0.0000e+00 0.0000e+00 0.0000e+00 0.0000e+00 1.5570e+00 1.7228e-03 0.0000e+00 0.0000e+00 -1.7228e-03 1.6010e+00 
90.0 4.9407e+00 -3.3112e+00 0.0000e+00 0.0000e+00 -3.3112e+00 4.5605e+00 0.0000e+00 0.0000e+00 0.0000e+00 0.0000e+00 1.3855e+00 1.4267e-02 0.0000e+00 0.0000e+00 -1.4267e-02 1.4341e+00 
91.0 4.8242e+00 -3.2562e+00 0.0000e+00 0.0000e+00 -3.2562e+00 4.4467e+00 0.0000e+00 0.0000e+00 0.0000e+00 0.0000e+00 1.2203e+00 2.6359e-02 0.0000e+00 0.0000e+00 -2.6359e-02 1.2733e+00 
92.0 4.7134e+00 -3.2007e+00 0.0000e+00 0.0000e+00 -3.2007e+00 4.3385e+00 0.0000e+00 0.0000e+00 0.0000e+00 0.0000e+00 1.0612e+00 3.8003e-02 0.0000e+00 0.0000e+00 -3.8003e-02 1.1185e+00 
93.0 4.6079e+00 -3.1449e+00 0.0000e+00 0.0000e+00 -3.1449e+00 4.2356e+00 0.0000e+00 0.0000e+00 0.0000e+00 0.0000e+00 9.0788e-01 4.9204e-02 0.0000e+00 0.0000e+00 -4.9204e-02 9.6946e-01 
94.0 4.5075e+00 -3.0888e+00 0.0000e+00 0.0000e+00 -3.0888e+00 4.1379e+00 0.0000e+00 0.0000e+00 0.0000e+00 0.0000e+00 7.6017e-01 5.9971e-02 0.0000e+00 0.0000e+00 -5.9971e-02 8.2586e-01 
95.0 4.4121e+00 -3.0324e+00 0.0000e+00 0.0000e+00 -3.0324e+00 4.0451e+00 0.0000e+00 0.0000e+00 0.0000e+00 0.0000e+00 6.1786e-01 7.0307e-02 0.0000e+00 0.0000e+00 -7.0307e-02 6.8753e-01 
96.0 4.3213e+00 -2.9758e+00 0.0000e+00 0.0000e+00 -2.9758e+00 3.9570e+00 0.0000e+00 0.0000e+00 0.0000e+00 0.0000e+00 4.8073e-01 8.0215e-02 0.0000e+00 0.0000e+00 -8.0215e-02 5.5428e-01 
97.0 4.2351e+00 -2.9190e+00 0.0000e+00 0.0000e+00 -2.9190e+00 3.8734e+00 0.0000e+00 0.0000e+00 0.0000e+00 0.0000e+00 3.4859e-01 8.9697e-02 0.0000e+00 0.0000e+00 -8.9697e-02 4.2589e-01 
98.0 4.1532e+00 -2.8621e+00 0.0000e+00 0.0000e+00 -2.8621e+00 3.7942e+00 0.0000e+00 0.0000e+00 0.0000e+00 0.0000e+00 2.2126e-01 9.8754e-02 0.0000e+00 0.0000e+00 -9.8754e-02 3.0218e-01 
99.0 4.0755e+00 -2.8051e+00 0.0000e+00 0.0000e+00 -2.8051e+00 3.7192e+00 0.0000e+00 0.0000e+00 0.0000e+00 0.0000e+00 9.8540e-02 1.0739e-01 0.0000e+00 0.0000e+00 -1.0739e-01 1.8296e-01 
100.0 4.0018e+00 -2.7480e+00 0.0000e+00 0.0000e+00 -2.7480e+00 3.6482e+00 0.0000e+00 0.0000e+00 0.0000e+00 0.0000e+00 -1.9734e-02 1.1560e-01 0.0000e+00 0.0000e+00 -1.1560e-01 6.8050e-02 
101.0 3.9319e+00 -2.6909e+00 0.0000e+00 0.0000e+00 -2.6909e+00 3.5810e+00 0.0000e+00 0.0000e+00 0.0000e+00 0.0000e+00 -1.3373e-01 1.2340e-01 0.0000e+00 0.0000e+00 -1.2340e-01 -4.2712e-02 
102.0 3.8657e+00 -2.6338e+00 0.0000e+00 0.0000e+00 -2.6338e+00 3.5175e+00 0.0000e+00 0.0000e+00 0.0000e+00 0.0000e+00 -2.4363e-01 1.3080e-01 0.0000e+00 0.0000e+00 -1.3080e-01 -1.4950e-01 
103.0 3.8031e+00 -2.5766e+00 0.0000e+00 0.0000e+00 -2.5766e+00 3.4576e+00 0.0000e+00 0.0000e+00 0.0000e+00 0.0000e+00 -3.4959e-01 1.3780e-01 0.0000e+00 0.0000e+00 -1.3780e-01 -2.5249e-01 
104.0 3.7438e+00 -2.5196e+00 0.0000e+00 0.0000e+00 -2.5196e+00 3.4011e+00 0.0000e+00 0.0000e+00 0.0000e+00 0.0000e+00 -4.5176e-01 1.4441e-01 0.0000e+00 0.0000e+00 -1.4441e-01 -3.5181e-01 
105.0 3.6878e+00 -2.4626e+00 0.0000e+00 0.0000e+00 -2.4626e+00 3.3479e+00 0.0000e+00 0.0000e+00 0.0000e+00 0.0000e+00 -5.5027e-01 1.5064e-01 0.0000e+00 0.0000e+00 -1.5064e-01 -4.4761e-01 
106.0 3.6349e+00 -2.4057e+00 0.0000e+00 0.0000e+00 -2.4057e+00 3.2979e+00 0.0000e+00 0.0000e+00 0.0000e+00 0.0000e+00 -6.4527e-01 1.5651e-01 0.0000e+00 0.0000e+00 -1.5651e-01 -5.4003e-01 
107.0 3.5850e+00 -2.3490e+00 0.0000e+00 0.0000e+00 -2.3490e+00 3.2508e+00 0.0000e+00 0.0000e+00 0.0000e+00 0.0000e+00 -7.3690e-01 1.6202e-01 0.0000e+00 0.0000e+00 -1.6202e-01 -6.2920e-01 
108.0 3.5380e+00 -2.2924e+00 0.0000e+00 0.0000e+00 -2.2924e+00 3.2067e+00 0.0000e+00 0.0000e+00 0.0000e+00 0.0000e+00 -8.2526e-01 1.6717e-01 0.0000e+00 0.0000e+00 -1.6717e-01 -7.1524e-01 
109.0 3.4937e+00 -2.2360e+00 0.0000e+00 0.0000e+00 -2.2360e+00 3.1653e+00 0.0000e+00 0.0000e+00 0.0000e+00 0.0000e+00 -9.1050e-01 1.7199e-01 0.0000e+00 0.0000e+00 -1.7199e-01 -7.9827e-01 
110.0 3.4521e+00 -2.1798e+00 0.0000e+00 0.0000e+00 -2.1798e+00 3.1266e+00 0.0000e+00 0.0000e+00 0.0000e+00 0.0000e+00 -9.9273e-01 1.7647e-01 0.0000e+00 0.0000e+00 -1.7647e-01 -8.7841e-01 
111.0 3.4131e+00 -2.1238e+00 0.0000e+00 0.0000e+00 -2.1238e+00 3.0905e+00 0.0000e+00 0.0000e+00 0.0000e+00 0.0000e+00 -1.0721e+00 1.8063e-01 0.0000e+00 0.0000e+00 -1.8063e-01 -9.5578e-01 
112.0 3.3765e+00 -2.0682e+00 0.0000e+00 0.0000e+00 -2.0682e+00 3.0569e+00 0.0000e+00 0.0000e+00 0.0000e+00 0.0000e+00 -1.1486e+00 1.8448e-01 0.0000e+00 0.0000e+00 -1.8448e-01 -1.0305e+00 
113.0 3.3422e+00 -2.0128e+00 0.0000e+00 0.0000e+00 -2.0128e+00 3.0256e+00 0.0000e+00 0.0000e+00 0.0000e+00 0.0000e+00 -1.2225e+00 1.8803e-01 0.0000e+00 0.0000e+00 -1.8803e-01 -1.1026e+00 
114.0 3.3102e+00 -1.9577e+00 0.0000e+00 0.0000e+00 -1.9577e+00 2.9967e+00 0.0000e+00 0.0000e+00 0.0000e+00 0.0000e+00 -1.2937e+00 1.9129e-01 0.0000e+00 0.0000e+00 -1.9129e-01 -1.1722e+00 
115.0 3.2804e+00 -1.9030e+00 0.0000e+00 0.0000e+00 -1.9030e+00 2.9699e+00 0.0000e+00 0.0000e+00 0.0000e+00 0.0000e+00 -1.3625e+00 1.9426e-01 0.0000e+00 0.0000e+00 -1.9426e-01 -1.2394e+00 
116.0 3.2526e+00 -1.8487e+00 0.0000e+00 0.0000e+00 -1.8487e+00 2.9452e+00 0.0000e+00 0.0000e+00 0.0000e+00 0.0000e+00 -1.4289e+00 1.9695e-01 0.0000e+00 0.0000e+00 -1.9695e-01 -1.3044e+00 
117.0 3.2269e+00 -1.7947e+00 0.0000e+00 0.0000e+00 -1.7947e+00 2.9225e+00 0.0000e+00 0.0000e+00 0.0000e+00 0.0000e+00 -1.4930e+00 1.9938e-01 0.0000e+00 0.0000e+00 -1.9938e-01 -1.3671e+00 
118.0 3.2031e+00 -1.7412e+00 0.0000e+00 0.0000e+00 -1.7412e+00 2.9017e+00 0.0000e+00 0.0000e+00 0.0000e+00 0.0000e+00 -1.5549e+00 2.0155e-01 0.0000e+00 0.0000e+00 -2.0155e-01 -1.4276e+00 
119.0 3.1812e+00 -1.6881e+00 0.0000e+00 0.0000e+00 -1.6881e+00 2.8828e+00 0.0000e+00 0.0000e+00 0.0000e+00 0.0000e+00 -1.6146e+00 2.0346e-01 0.0000e+00 0.0000e+00 -2.0346e-01 -1.4861e+00 
120.0 3.1610e+00 -1.6355e+00 0.0000e+00 0.0000e+00 -1.6355e+00 2.8657e+00 0.0000e+00 0.0000e+00 0.0000e+00 0.0000e+00 -1.6723e+00 2.0512e-01 0.0000e+00 0.0000e+00 -2.0512e-01 -1.5426e+00 
121.0 3.1426e+00 -1.5834e+00 0.0000e+00 0.0000e+00 -1.5834e+00 2.8503e+00 0.0000e+00 0.0000e+00 0.0000e+00 0.0000e+00 -1.7280e+00 2.0653e-01 0.0000e+00 0.0000e+00 -2.0653e-01 -1.5972e+00 
122.0 3.1258e+00 -1.5319e+00 0.0000e+00 0.0000e+00 -1.5319e+00 2.8364e+00 0.0000e+00 0.0000e+00 0.0000e+00 0.0000e+00 -1.7818e+00 2.0769e-01 0.0000e+00 0.0000e+00 -2.0769e-01 -1.6499e+00 
123.0 3.1105e+00 -1.4809e+00 0.0000e+00 0.0000e+00 -1.4809e+00 2.8242e+00 0.0000e+00 0.0000e+00 0.0000e+00 0.0000e+00 -1.8337e+00 2.0859e-01 0.0000e+00 0.0000e+00 -2.0859e-01 -1.7009e+00 
124.0 3.0968e+00 -1.4304e+00 0.0000e+00 0.0000e+00 -1.4304e+00 2.8134e+00 0.0000e+00 0.0000e+00 0.0000e+00 0.0000e+00 -1.8839e+00 2.0924e-01 0.0000e+00 0.0000e+00 -2.0924e-01 -1.7501e+00 
125.0 3.0845e+00 -1.3806e+00 0.0000e+00 0.0000e+00 -1.3806e+00 2.8041e+00 0.0000e+00 0.0000e+00 0.0000e+00 0.0000e+00 -1.9324e+00 2.0963e-01 0.0000e+00 0.0000e+00 -2.0963e-01 -1.7976e+00 
126.0 3.0735e+00 -1.3314e+00 0.0000e+00 0.0000e+00 -1.3314e+00 2.7961e+00 0.0000e+00 0.0000e+00 0.0000e+00 0.0000e+00 -1.9792e+00 2.0976e-01 0.0000e+00 0.0000e+00 -2.0976e-01 -1.8436e+00 
127.0 3.0639e+00 -1.2828e+00 0.0000e+00 0.0000e+00 -1.2828e+00 2.7893e+00 0.0000e+00 0.0000e+00 0.0000e+00 0.0000e+00 -2.0244e+00 2.0964e-01 0.0000e+00 0.0000e+00 -2.0964e-01 -1.8879e+00 
128.0 3.0555e+00 -1.2349e+00 0.0000e+00 0.0000e+00 -1.2349e+00 2.7838e+00 0.0000e+00 0.0000e+00 0.0000e+00 0.0000e+00 -2.0681e+00 2.0925e-01 0.0000e+00 0.0000e+00 -2.0925e-01 -1.9308e+00 
129.0 3.0483e+00 -1.1876e+00 0.0000e+00 0.0000e+00 -1.1876e+00 2.7795e+00 0.0000e+00 0.0000e+00 0.0000e+00 0.0000e+00 -2.1103e+00 2.0861e-01 0.0000e+00 0.0000e+00 -2.0861e-01 -1.9723e+00 
130.0 3.0423e+00 -1.1410e+00 0.0000e+00 0.0000e+00 -1.1410e+00 2.7763e+00 0.0000e+00 0.0000e+00 0.0000e+00 0.0000e+00 -2.1511e+00 2.0770e-01 0.0000e+00 0.0000e+00 -2.0770e-01 -2.0124e+00 
131.0 3.0373e+00 -1.0951e+00 0.0000e+00 0.0000e+00 -1.0951e+00 2.7742e+00 0.0000e+00 0.0000e+00 0.0000e+00 0.0000e+00 -2.1906e+00 2.0653e-01 0.0000e+00 0.0000e+00 -2.0653e-01 -2.0511e+00 
132.0 3.0334e+00 -1.0499e+00 0.0000e+00 0.0000e+00 -1.0499e+00 2.7731e+00 0.0000e+00 0.0000e+00 0.0000e+00 0.0000e+00 -2.2287e+00 2.0510e-01 0.0000e+00 0.0000e+00 -2.0510e-01 -2.0886e+00 
133.0 3.0305e+00 -1.0054e+00 0.0000e+00 0.0000e+00 -1.0054e+00 2.7729e+00 0.0000e+00 0.0000e+00 0.0000e+00 0.0000e+00 -2.2655e+00 2.0340e-01 0.0000e+00 0.0000e+00 -2.0340e-01 -2.1248e+00 
134.0 3.0284e+00 -9.6161e-01 0.0000e+00 0.0000e+00 -9.6161e-01 2.7736e+00 0.0000e+00 0.0000e+00 0.0000e+00 0.0000e+00 -2.3011e+00 2.0146e-01 0.0000e+00 0.0000e+00 -2.0146e-01 -2.1598e+00 
135.0 3.0273e+00 -9.1855e-01 0.0000e+00 0.0000e+00 -9.1855e-01 2.7752e+00 0.0000e+00 0.0000e+00 0.0000e+00 0.0000e+00 -2.3355e+00 1.9926e-01 0.0000e+00 0.0000e+00 -1.9926e-01 -2.1936e+00 
136.0 3.0270e+00 -8.7623e-01 0.0000e+00 0.0000e+00 -8.7623e-01 2.7776e+00 0.0000e+00 0.0000e+00 0.0000e+00 0.0000e+00 -2.3688e+00 1.9681e-01 0.0000e+00 0.0000e+00 -1.9681e-01 -2.2263e+00 
137.0 3.0274e+00 -8.3465e-01 0.0000e+00 0.0000e+00 -8.3465e-01 2.7808e+00 0.0000e+00 0.0000e+00 0.0000e+00 0.0000e+00 -2.4009e+00 1.9411e-01 0.0000e+00 0.0000e+00 -1.9411e-01 -2.2580e+00 
138.0 3.0287e+00 -7.9383e-01 0.0000e+00 0.0000e+00 -7.9383e-01 2.7847e+00 0.0000e+00 0.0000e+00 0.0000e+00 0.0000e+00 -2.4319e+00 1.9117e-01 0.0000e+00 0.0000e+00 -1.9117e-01 -2.2886e+00 
139.0 3.0306e+00 -7.5378e-01 0.0000e+00 0.0000e+00 -7.5378e-01 2.7893e+00 0.0000e+00 0.0000e+00 0.0000e+00 0.0000e+00 -2.4619e+00 1.8799e-01 0.0000e+00 0.0000e+00 -1.8799e-01 -2.3181e+00 
140.0 3.0332e+00 -7.1450e-01 0.0000e+00 0.0000e+00 -7.1450e-01 2.7946e+00 0.0000e+00 0.0000e+00 0.0000e+00 0.0000e+00 -2.4909e+00 1.8458e-01 0.0000e+00 0.0000e+00 -1.8458e-01 -2.3468e+00 
141.0 3.0365e+00 -6.7600e-01 0.0000e+00 0.0000e+00 -6.7600e-01 2.8005e+00 0.0000e+00 0.0000e+00 0.0000e+00 0.0000e+00 -2.5190e+00 1.8094e-01 0.0000e+00 0.0000e+00 -1.8094e-01 -2.3744e+00 
142.0 3.0403e+00 -6.3830e-01 0.0000e+00 0.0000e+00 -6.3830e-01 2.8070e+00 0.0000e+00 0.0000e+00 0.0000e+00 0.0000e+00 -2.5460e+00 1.7709e-01 0.0000e+00 0.0000e+00 -1.7709e-01 -2.4012e+00 
143.0 3.0448e+00 -6.0140e-01 0.0000e+00 0.0000e+00 -6.0140e-01 2.8140e+00 0.0000e+00 0.0000e+00 0.0000e+00 0.0000e+00 -2.5721e+00 1.7301e-01 0.0000e+00 0.0000e+00 -1.7301e-01 -2.4270e+00 
144.0 3.0497e+00 -5.6531e-01 0.0000e+00 0.0000e+00 -5.6531e-01 2.8215e+00 0.0000e+00 0.0000e+00 0.0000e+00 0.0000e+00 -2.5974e+00 1.6873e-01 0.0000e+00 0.0000e+00 -1.6873e-01 -2.4520e+00 
145.0 3.0551e+00 -5.3005e-01 0.0000e+00 0.0000e+00 -5.3005e-01 2.8294e+00 0.0000e+00 0.0000e+00 0.0000e+00 0.0000e+00 -2.6217e+00 1.6425e-01 0.0000e+00 0.0000e+00 -1.6425e-01 -2.4761e+00 
146.0 3.0609e+00 -4.9562e-01 0.0000e+00 0.0000e+00 -4.9562e-01 2.8378e+00 0.0000e+00 0.0000e+00 0.0000e+00 0.0000e+00 -2.6452e+00 1.5954e-01 0.0000e+00 0.0000e+00 -1.5954e-01 -2.4994e+00 
147.0 3.0672e+00 -4.6206e-01 0.0000e+00 0.0000e+00 -4.6206e-01 2.8466e+00 0.0000e+00 0.0000e+00 0.0000e+00 0.0000e+00 -2.6678e+00 1.5463e-01 0.0000e+00 0.0000e+00 -1.5463e-01 -2.5219e+00 
148.0 3.0738e+00 -4.2936e-01 0.0000e+00 0.0000e+00 -4.2936e-01 2.8557e+00 0.0000e+00 0.0000e+00 0.0000e+00 0.0000e+00 -2.6897e+00 1.4949e-01 0.0000e+00 0.0000e+00 -1.4949e-01 -2.5436e+00 
149.0 3.0808e+00 -3.9755e-01 0.0000e+00 0.0000e+00 -3.9755e-01 2.8651e+00 0.0000e+00 0.0000e+00 0.0000e+00 0.0000e+00 -2.7108e+00 1.4414e-01 0.0000e+00 0.0000e+00 -1.4414e-01 -2.5645e+00 
150.0 3.0881e+00 -3.6665e-01 0.0000e+00 0.0000e+00 -3.6665e-01 2.8748e+00 0.0000e+00 0.0000e+00 0.0000e+00 0.0000e+00 -2.7311e+00 1.3855e-01 0.0000e+00 0.0000e+00 -1.3855e-01 -2.5847e+00 
151.0 3.0958e+00 -3.3669e-01 0.0000e+00 0.0000e+00 -3.3669e-01 2.8848e+00 0.0000e+00 0.0000e+00 0.0000e+00 0.0000e+00 -2.7507e+00 1.3273e-01 0.0000e+00 0.0000e+00 -1.3273e-01 -2.6042e+00 
152.0 3.1037e+00 -3.0771e-01 0.0000e+00 0.0000e+00 -3.0771e-01 2.8949e+00 0.0000e+00 0.0000e+00 0.0000e+00 0.0000e+00 -2.7697e+00 1.2663e-01 0.0000e+00 0.0000e+00 -1.2663e-01 -2.6229e+00 
153.0 3.1118e+00 -2.7976e-01 0.0000e+00 0.0000e+00 -2.7976e-01 2.9051e+00 0.0000e+00 0.0000e+00 0.0000e+00 0.0000e+00 -2.7880e+00 1.2022e-01 0.0000e+00 0.0000e+00 -1.2022e-01 -2.6410e+00 
154.0 3.1200e+00 -2.5288e-01 0.0000e+00 0.0000e+00 -2.5288e-01 2.9154e+00 0.0000e+00 0.0000e+00 0.0000e+00 0.0000e+00 -2.8058e+00 1.1346e-01 0.0000e+00 0.0000e+00 -1.1346e-01 -2.6584e+00 
155.0 3.1284e+00 -2.2716e-01 0.0000e+00 0.0000e+00 -2.2716e-01 2.9255e+00 0.0000e+00 0.0000e+00 0.0000e+00 0.0000e+00 -2.8230e+00 1.0629e-01 0.0000e+00 0.0000e+00 -1.0629e-01 -2.6752e+00 
156.0 3.1368e+00 -2.0268e-01 0.0000e+00 0.0000e+00 -2.0268e-01 2.9355e+00 0.0000e+00 0.0000e+00 0.0000e+00 0.0000e+00 -2.8398e+00 9.8658e-02 0.0000e+00 0.0000e+00 -9.8658e-02 -2.6914e+00 
157.0 3.1452e+00 -1.7952e-01 0.0000e+00 0.0000e+00 -1.7952e-01 2.9453e+00 0.0000e+00 0.0000e+00 0.0000e+00 0.0000e+00 -2.8562e+00 9.0518e-02 0.0000e+00 0.0000e+00 -9.0518e-02 -2.7069e+00 
158.0 3.1535e+00 -1.5779e-01 0.0000e+00 0.0000e+00 -1.5779e-01 2.9546e+00 0.0000e+00 0.0000e+00 0.0000e+00 0.0000e+00 -2.8723e+00 8.1832e-02 0.0000e+00 0.0000e+00 -8.1832e-02 -2.7218e+00 
159.0 3.1618e+00 -1.3757e-01 0.0000e+00 0.0000e+00 -1.3757e-01 2.9634e+00 0.0000e+00 0.0000e+00 0.0000e+00 0.0000e+00 -2.8881e+00 7.2586e-02 0.0000e+00 0.0000e+00 -7.2586e-02 -2.7359e+00 
160.0 3.1701e+00 -1.1894e-01 0.0000e+00 0.0000e+00 -1.1894e-01 2.9717e+00 0.0000e+00 0.0000e+00 0.0000e+00 0.0000e+00 -2.9037e+00 6.2795e-02 0.0000e+00 0.0000e+00 -6.2795e-02 -2.7492e+00 
161.0 3.1784e+00 -1.0194e-01 0.0000e+00 0.0000e+00 -1.0194e-01 2.9793e+00 0.0000e+00 0.0000e+00 0.0000e+00 0.0000e+00 -2.9191e+00 5.2523e-02 0.0000e+00 0.0000e+00 -5.2523e-02 -2.7616e+00 
162.0 3.1869e+00 -8.6617e-02 0.0000e+00 0.0000e+00 -8.6617e-02 2.9863e+00 0.0000e+00 0.0000e+00 0.0000e+00 0.0000e+00 -2.9344e+00 4.1884e-02 0.0000e+00 0.0000e+00 -4.1884e-02 -2.7730e+00 
163.0 3.1958e+00 -7.2954e-02 0.0000e+00 0.0000e+00 -7.2954e-02 2.9928e+00 0.0000e+00 0.0000e+00 0.0000e+00 0.0000e+00 -2.9497e+00 3.1049e-02 0.0000e+00 0.0000e+00 -3.1049e-02 -2.7833e+00 
164.0 3.2053e+00 -6.0927e-02 0.0000e+00 0.0000e+00 -6.0927e-02 2.9989e+00 0.0000e+00 0.0000e+00 0.0000e+00 0.0000e+00 -2.9651e+00 2.0235e-02 0.0000e+00 0.0000e+00 -2.0235e-02 -2.7925e+00 
165.0 3.2159e+00 -5.0485e-02 0.0000e+00 0.0000e+00 -5.0485e-02 3.0047e+00 0.0000e+00 0.0000e+00 0.0000e+00 0.0000e+00 -2.9806e+00 9.6990e-03 0.0000e+00 0.0000e+00 -9.6990e-03 -2.8005e+00 
166.0 3.2277e+00 -4.1551e-02 0.0000e+00 0.0000e+00 -4.1551e-02 3.0104e+00 0.0000e+00 0.0000e+00 0.0000e+00 0.0000e+00 -2.9964e+00 -2.7829e-04 0.0000e+00 0.0000e+00 2.7829e-04 -2.8072e+00 
167.0 3.2412e+00 -3.4028e-02 0.0000e+00 0.0000e+00 -3.4028e-02 3.0163e+00 0.0000e+00 0.0000e+00 0.0000e+00 0.0000e+00 -3.0126e+00 -9.3968e-03 0.0000e+00 0.0000e+00 9.3968e-03 -2.8126e+00 
168.0 3.2565e+00 -2.7796e-02 0.0000e+00 0.0000e+00 -2.7796e-02 3.0225e+00 0.0000e+00 0.0000e+00 0.0000e+00 0.0000e+00 -3.0292e+00 -1.7353e-02 0.0000e+00 0.0000e+00 1.7353e-02 -2.8166e+00 
169.0 3.2739e+00 -2.2713e-02 0.0000e+00 0.0000e+00 -2.2713e-02 3.0293e+00 0.0000e+00 0.0000e+00 0.0000e+00 0.0000e+00 -3.0462e+00 -2.3843e-02 0.0000e+00 0.0000e+00 2.3843e-02 -2.8194e+00 
170.0 3.2936e+00 -1.8610e-02 0.0000e+00 0.0000e+00 -1.8610e-02 3.0368e+00 0.0000e+00 0.0000e+00 0.0000e+00 0.0000e+00 -3.0636e+00 -2.8566e-02 0.0000e+00 0.0000e+00 2.8566e-02 -2.8209e+00 
171.0 3.3156e+00 -1.5295e-02 0.0000e+00 0.0000e+00 -1.5295e-02 3.0452e+00 0.0000e+00 0.0000e+00 0.0000e+00 0.0000e+00 -3.0814e+00 -3.1237e-02 0.0000e+00 0.0000e+00 3.1237e-02 -2.8213e+00 
172.0 3.3399e+00 -1.2551e-02 0.0000e+00 0.0000e+00 -1.2551e-02 3.0548e+00 0.0000e+00 0.0000e+00 0.0000e+00 0.0000e+00 -3.0994e+00 -3.1625e-02 0.0000e+00 0.0000e+00 3.1625e-02 -2.8206e+00 
173.0 3.3661e+00 -1.0158e-02 0.0000e+00 0.0000e+00 -1.0158e-02 3.0654e+00 0.0000e+00 0.0000e+00 0.0000e+00 0.0000e+00 -3.1172e+00 -2.9629e-02 0.0000e+00 0.0000e+00 2.9629e-02 -2.8191e+00 
174.0 3.3934e+00 -7.9232e-03 0.0000e+00 0.0000e+00 -7.9232e-03 3.0769e+00 0.0000e+00 0.0000e+00 0.0000e+00 0.0000e+00 -3.1344e+00 -2.5390e-02 0.0000e+00 0.0000e+00 2.5390e-02 -2.8170e+00 
175.0 3.4203e+00 -5.7396e-03 0.0000e+00 0.0000e+00 -5.7396e-03 3.0888e+00 0.0000e+00 0.0000e+00 0.0000e+00 0.0000e+00 -3.1503e+00 -1.9405e-02 0.0000e+00 0.0000e+00 1.9405e-02 -2.8145e+00 
176.0 3.4450e+00 -3.6340e-03 0.0000e+00 0.0000e+00 -3.6340e-03 3.1001e+00 0.0000e+00 0.0000e+00 0.0000e+00 0.0000e+00 -3.1640e+00 -1.2597e-02 0.0000e+00 0.0000e+00 1.2597e-02 -2.8120e+00 
177.0 3.4651e+00 -1.7881e-03 0.0000e+00 0.0000e+00 -1.7881e-03 3.1095e+00 0.0000e+00 0.0000e+00 0.0000e+00 0.0000e+00 -3.1746e+00 -6.2339e-03 0.0000e+00 0.0000e+00 6.2339e-03 -2.8099e+00 
178.0 3.4783e+00 -4.8971e-04 0.0000e+00 0.0000e+00 -4.8971e-04 3.1158e+00 0.0000e+00 0.0000e+00 0.0000e+00 0.0000e+00 -3.1813e+00 -1.6799e-03 0.0000e+00 0.0000e+00 1.6799e-03 -2.8083e+00 
179.0 3.4831e+00 -5.1061e-21 0.0000e+00 0.0000e+00 -5.1061e-21 3.1181e+00 0.0000e+00 0.0000e+00 0.0000e+00 0.0000e+00 -3.1837e+00 -3.1805e-20 0.0000e+00 0.0000e+00 3.1805e-20 -2.8077e+00 
180.0 3.4877e+00 0.0000e+00 0.0000e+00 0.0000e+00 0.0000e+00 3.1204e+00 0.0000e+00 0.0000e+00 0.0000e+00 0.0000e+00 -3.1860e+00 0.0000e+00 0.0000e+00 0.0000e+00 -0.0000e+00 -2.8072e+00 
