0.9918 1.0384 0.0467 0.232393
theta s11 s12 s13 s14 s21 s22 s23 s24 s31 s32 s33 s34 s41 s42 s43 s44
0.0 9.0224e+02 0.0000e+00 0.0000e+00 0.0000e+00 0.0000e+00 9.0191e+02 0.0000e+00 0.0000e+00 0.0000e+00 0.0000e+00 9.0191e+02 0.0000e+00 0.0000e+00 0.0000e+00 -0.0000e+00 9.0158e+02 
1.0 7.8995e+02 -4.2901e-02 0.0000e+00 0.0000e+00 -4.2901e-02 7.8962e+02 0.0000e+00 0.0000e+00 0.0000e+00 0.0000e+00 7.8962e+02 -3.6868e-01 0.0000e+00 0.0000e+00 3.6868e-01 7.8930e+02 
2.0 5.7769e+02 -9.1017e-02 0.0000e+00 0.0000e+00 -9.1017e-02 5.7737e+02 0.0000e+00 0.0000e+00 0.0000e+00 0.0000e+00 5.7736e+02 -1.2132e+00 0.0000e+00 0.0000e+00 1.2132e+00 5.7706e+02 
3.0 3.9717e+02 -9.0800e-02 0.0000e+00 0.0000e+00 -9.0800e-02 3.9687e+02 0.0000e+00 0.0000e+00 0.0000e+00 0.0000e+00 3.9684e+02 -2.0392e+00 0.0000e+00 0.0000e+00 2.0392e+00 3.9656e+02 
4.0 2.7402e+02 -6.8797e-02 0.0000e+00 0.0000e+00 -6.8797e-02 2.7373e+02 0.0000e+00 0.0000e+00 0.0000e+00 0.0000e+00 2.7369e+02 -2.5656e+00 0.0000e+00 0.0000e+00 2.5656e+00 2.7343e+02 
5.0 1.9507e+02 -4.9367e-02 0.0000e+00 0.0000e+00 -4.9367e-02 1.9479e+02 0.0000e+00 0.0000e+00 0.0000e+00 0.0000e+00 1.9472e+02 -2.7905e+00 0.0000e+00 0.0000e+00 2.7905e+00 1.9449e+02 
6.0 1.4420e+02 -4.0308e-02 0.0000e+00 0.0000e+00 -4.0308e-02 1.4394e+02 0.0000e+00 0.0000e+00 0.0000e+00 0.0000e+00 1.4384e+02 -2.8082e+00 0.0000e+00 0.0000e+00 2.8082e+00 1.4363e+02 
7.0 1.1047e+02 -4.2235e-02 0.0000e+00 0.0000e+00 -4.2235e-02 1.1022e+02 0.0000e+00 0.0000e+00 0.0000e+00 0.0000e+00 1.1010e+02 -2.7024e+00 0.0000e+00 0.0000e+00 2.7024e+00 1.0990e+02 
8.0 8.7314e+01 -5.2333e-02 0.0000e+00 0.0000e+00 -5.2333e-02 8.7063e+01 0.0000e+00 0.0000e+00 0.0000e+00 0.0000e+00 8.6927e+01 -2.5344e+00 0.0000e+00 0.0000e+00 2.5344e+00 8.6750e+01 
9.0 7.0852e+01 -6.6790e-02 0.0000e+00 0.0000e+00 -6.6790e-02 7.0602e+01 0.0000e+00 0.0000e+00 0.0000e+00 0.0000e+00 7.0452e+01 -2.3414e+00 0.0000e+00 0.0000e+00 2.3414e+00 7.0290e+01 
10.0 5.8780e+01 -8.2447e-02 0.0000e+00 0.0000e+00 -8.2447e-02 5.8530e+01 0.0000e+00 0.0000e+00 0.0000e+00 0.0000e+00 5.8368e+01 -2.1416e+00 0.0000e+00 0.0000e+00 2.1416e+00 5.8220e+01 
11.0 4.9703e+01 -9.6994e-02 0.0000e+00 0.0000e+00 -9.6994e-02 4.9452e+01 0.0000e+00 0.0000e+00 0.0000e+00 0.0000e+00 4.9279e+01 -1.9456e+00 0.0000e+00 0.0000e+00 1.9456e+00 4.9144e+01 
12.0 4.2723e+01 -1.0937e-01 0.0000e+00 0.0000e+00 -1.0937e-01 4.2469e+01 0.0000e+00 0.0000e+00 0.0000e+00 0.0000e+00 4.2289e+01 -1.7603e+00 0.0000e+00 0.0000e+00 1.7603e+00 4.2166e+01 
13.0 3.7252e+01 -1.1971e-01 0.0000e+00 0.0000e+00 -1.1971e-01 3.6995e+01 0.0000e+00 0.0000e+00 0.0000e+00 0.0000e+00 3.6809e+01 -1.5880e+00 0.0000e+00 0.0000e+00 1.5880e+00 3.6698e+01 
14.0 3.2885e+01 -1.2739e-01 0.0000e+00 0.0000e+00 -1.2739e-01 3.2626e+01 0.0000e+00 0.0000e+00 0.0000e+00 0.0000e+00 3.2434e+01 -1.4318e+00 0.0000e+00 0.0000e+00 1.4318e+00 3.2333e+01 
15.0 2.9346e+01 -1.3329e-01 0.0000e+00 0.0000e+00 -1.3329e-01 2.9082e+01 0.0000e+00 0.0000e+00 0.0000e+00 0.0000e+00 2.8887e+01 -1.2883e+00 0.0000e+00 0.0000e+00 1.2883e+00 2.8796e+01 
16.0 2.6431e+01 -1.3728e-01 0.0000e+00 0.0000e+00 -1.3728e-01 2.6163e+01 0.0000e+00 0.0000e+00 0.0000e+00 0.0000e+00 2.5964e+01 -1.1573e+00 0.0000e+00 0.0000e+00 1.1573e+00 2.5883e+01 
17.0 2.3997e+01 -1.3974e-01 0.0000e+00 0.0000e+00 -1.3974e-01 2.3725e+01 0.0000e+00 0.0000e+00 0.0000e+00 0.0000e+00 2.3523e+01 -1.0384e+00 0.0000e+00 0.0000e+00 1.0384e+00 2.3452e+01 
18.0 2.1941e+01 -1.4125e-01 0.0000e+00 0.0000e+00 -1.4125e-01 2.1664e+01 0.0000e+00 0.0000e+00 0.0000e+00 0.0000e+00 2.1460e+01 -9.3101e-01 0.0000e+00 0.0000e+00 9.3101e-01 2.1398e+01 
19.0 2.0182e+01 -1.4221e-01 0.0000e+00 0.0000e+00 -1.4221e-01 1.9900e+01 0.0000e+00 0.0000e+00 0.0000e+00 0.0000e+00 1.9737e+01 -8.3437e-01 0.0000e+00 0.0000e+00 8.3437e-01 1.9688e+01 
20.0 1.8661e+01 -1.4272e-01 0.0000e+00 0.0000e+00 -1.4272e-01 1.8375e+01 0.0000e+00 0.0000e+00 0.0000e+00 0.0000e+00 1.8246e+01 -7.4793e-01 0.0000e+00 0.0000e+00 7.4793e-01 1.8210e+01 
21.0 1.7332e+01 -1.4276e-01 0.0000e+00 0.0000e+00 -1.4276e-01 1.7041e+01 0.0000e+00 0.0000e+00 0.0000e+00 0.0000e+00 1.6944e+01 -6.7113e-01 0.0000e+00 0.0000e+00 6.7113e-01 1.6917e+01 
22.0 1.6158e+01 -1.4234e-01 0.0000e+00 0.0000e+00 -1.4234e-01 1.5863e+01 0.0000e+00 0.0000e+00 0.0000e+00 0.0000e+00 1.5793e+01 -6.0318e-01 0.0000e+00 0.0000e+00 6.0318e-01 1.5775e+01 
23.0 1.5111e+01 -1.4156e-01 0.0000e+00 0.0000e+00 -1.4156e-01 1.4811e+01 0.0000e+00 0.0000e+00 0.0000e+00 0.0000e+00 1.4768e+01 -5.4288e-01 0.0000e+00 0.0000e+00 5.4288e-01 1.4757e+01 
24.0 1.4170e+01 -1.4061e-01 0.0000e+00 0.0000e+00 -1.4061e-01 1.3866e+01 0.0000e+00 0.0000e+00 0.0000e+00 0.0000e+00 1.3845e+01 -4.8868e-01 0.0000e+00 0.0000e+00 4.8868e-01 1.3842e+01 
25.0 1.3319e+01 -1.3970e-01 0.0000e+00 0.0000e+00 -1.3970e-01 1.3011e+01 0.0000e+00 0.0000e+00 0.0000e+00 0.0000e+00 1.3011e+01 -4.3933e-01 0.0000e+00 0.0000e+00 4.3933e-01 1.3014e+01 
26.0 1.2545e+01 -1.3894e-01 0.0000e+00 0.0000e+00 -1.3894e-01 1.2233e+01 0.0000e+00 0.0000e+00 0.0000e+00 0.0000e+00 1.2253e+01 -3.9411e-01 0.0000e+00 0.0000e+00 3.9411e-01 1.2261e+01 
27.0 1.1838e+01 -1.3837e-01 0.0000e+00 0.0000e+00 -1.3837e-01 1.1523e+01 0.0000e+00 0.0000e+00 0.0000e+00 0.0000e+00 1.1561e+01 -3.5272e-01 0.0000e+00 0.0000e+00 3.5272e-01 1.1573e+01 
28.0 1.1189e+01 -1.3792e-01 0.0000e+00 0.0000e+00 -1.3792e-01 1.0870e+01 0.0000e+00 0.0000e+00 0.0000e+00 0.0000e+00 1.0925e+01 -3.1488e-01 0.0000e+00 0.0000e+00 3.1488e-01 1.0941e+01 
29.0 1.0588e+01 -1.3757e-01 0.0000e+00 0.0000e+00 -1.3757e-01 1.0266e+01 0.0000e+00 0.0000e+00 0.0000e+00 0.0000e+00 1.0336e+01 -2.8018e-01 0.0000e+00 0.0000e+00 2.8018e-01 1.0356e+01 
30.0 1.0030e+01 -1.3739e-01 0.0000e+00 0.0000e+00 -1.3739e-01 9.7045e+00 0.0000e+00 0.0000e+00 0.0000e+00 0.0000e+00 9.7899e+00 -2.4815e-01 0.0000e+00 0.0000e+00 2.4815e-01 9.8133e+00 
31.0 9.5103e+00 -1.3746e-01 0.0000e+00 0.0000e+00 -1.3746e-01 9.1817e+00 0.0000e+00 0.0000e+00 0.0000e+00 0.0000e+00 9.2420e+00 -2.1849e-01 0.0000e+00 0.0000e+00 2.1849e-01 9.2711e+00 
32.0 9.0247e+00 -1.3777e-01 0.0000e+00 0.0000e+00 -1.3777e-01 8.6933e+00 0.0000e+00 0.0000e+00 0.0000e+00 0.0000e+00 8.7312e+00 -1.9107e-01 0.0000e+00 0.0000e+00 1.9107e-01 8.7657e+00 
33.0 8.5699e+00 -1.3820e-01 0.0000e+00 0.0000e+00 -1.3820e-01 8.2359e+00 0.0000e+00 0.0000e+00 0.0000e+00 0.0000e+00 8.2537e+00 -1.6575e-01 0.0000e+00 0.0000e+00 1.6575e-01 8.2933e+00 
34.0 8.1430e+00 -1.3865e-01 0.0000e+00 0.0000e+00 -1.3865e-01 7.8066e+00 0.0000e+00 0.0000e+00 0.0000e+00 0.0000e+00 7.8063e+00 -1.4236e-01 0.0000e+00 0.0000e+00 1.4236e-01 7.8507e+00 
35.0 7.7416e+00 -1.3907e-01 0.0000e+00 0.0000e+00 -1.3907e-01 7.4031e+00 0.0000e+00 0.0000e+00 0.0000e+00 0.0000e+00 7.3861e+00 -1.2066e-01 0.0000e+00 0.0000e+00 1.2066e-01 7.4351e+00 
36.0 7.3638e+00 -1.3948e-01 0.0000e+00 0.0000e+00 -1.3948e-01 7.0234e+00 0.0000e+00 0.0000e+00 0.0000e+00 0.0000e+00 6.9909e+00 -1.0039e-01 0.0000e+00 0.0000e+00 1.0039e-01 7.0442e+00 
37.0 7.0083e+00 -1.4001e-01 0.0000e+00 0.0000e+00 -1.4001e-01 6.6662e+00 0.0000e+00 0.0000e+00 0.0000e+00 0.0000e+00 6.6188e+00 -8.1242e-02 0.0000e+00 0.0000e+00 8.1242e-02 6.6762e+00 
38.0 6.6738e+00 -1.4082e-01 0.0000e+00 0.0000e+00 -1.4082e-01 6.3303e+00 0.0000e+00 0.0000e+00 0.0000e+00 0.0000e+00 6.2686e+00 -6.3030e-02 0.0000e+00 0.0000e+00 6.3030e-02 6.3297e+00 
39.0 6.3592e+00 -1.4202e-01 0.0000e+00 0.0000e+00 -1.4202e-01 6.0147e+00 0.0000e+00 0.0000e+00 0.0000e+00 0.0000e+00 5.9391e+00 -4.5733e-02 0.0000e+00 0.0000e+00 4.5733e-02 6.0037e+00 
40.0 6.0634e+00 -1.4359e-01 0.0000e+00 0.0000e+00 -1.4359e-01 5.7180e+00 0.0000e+00 0.0000e+00 0.0000e+00 0.0000e+00 5.6289e+00 -2.9398e-02 0.0000e+00 0.0000e+00 2.9398e-02 5.6968e+00 
41.0 5.7850e+00 -1.4545e-01 0.0000e+00 0.0000e+00 -1.4545e-01 5.4390e+00 0.0000e+00 0.0000e+00 0.0000e+00 0.0000e+00 5.3367e+00 -1.4057e-02 0.0000e+00 0.0000e+00 1.4057e-02 5.4076e+00 
42.0 5.5227e+00 -1.4747e-01 0.0000e+00 0.0000e+00 -1.4747e-01 5.1763e+00 0.0000e+00 0.0000e+00 0.0000e+00 0.0000e+00 5.0612e+00 3.2101e-04 0.0000e+00 0.0000e+00 -3.2101e-04 5.1349e+00 
43.0 5.2751e+00 -1.4959e-01 0.0000e+00 0.0000e+00 -1.4959e-01 4.9285e+00 0.0000e+00 0.0000e+00 0.0000e+00 0.0000e+00 4.8010e+00 1.3842e-02 0.0000e+00 0.0000e+00 -1.3842e-02 4.8773e+00 
44.0 5.0412e+00 -1.5174e-01 0.0000e+00 0.0000e+00 -1.5174e-01 4.6946e+00 0.0000e+00 0.0000e+00 0.0000e+00 0.0000e+00 4.5551e+00 2.6651e-02 0.0000e+00 0.0000e+00 -2.6651e-02 4.6337e+00 
45.0 4.8200e+00 -1.5394e-01 0.0000e+00 0.0000e+00 -1.5394e-01 4.4735e+00 0.0000e+00 0.0000e+00 0.0000e+00 0.0000e+00 4.3224e+00 3.8890e-02 0.0000e+00 0.0000e+00 -3.8890e-02 4.4032e+00 
46.0 4.6108e+00 -1.5618e-01 0.0000e+00 0.0000e+00 -1.5618e-01 4.2646e+00 0.0000e+00 0.0000e+00 0.0000e+00 0.0000e+00 4.1023e+00 5.0674e-02 0.0000e+00 0.0000e+00 -5.0674e-02 4.1851e+00 
47.0 4.4128e+00 -1.5849e-01 0.0000e+00 0.0000e+00 -1.5849e-01 4.0672e+00 0.0000e+00 0.0000e+00 0.0000e+00 0.0000e+00 3.8940e+00 6.2081e-02 0.0000e+00 0.0000e+00 -6.2081e-02 3.9787e+00 
48.0 4.2256e+00 -1.6089e-01 0.0000e+00 0.0000e+00 -1.6089e-01 3.8806e+00 0.0000e+00 0.0000e+00 0.0000e+00 0.0000e+00 3.6969e+00 7.3150e-02 0.0000e+00 0.0000e+00 -7.3150e-02 3.7833e+00 
49.0 4.0486e+00 -1.6337e-01 0.0000e+00 0.0000e+00 -1.6337e-01 3.7043e+00 0.0000e+00 0.0000e+00 0.0000e+00 0.0000e+00 3.5105e+00 8.3897e-02 0.0000e+00 0.0000e+00 -8.3897e-02 3.5984e+00 
50.0 3.8812e+00 -1.6591e-01 0.0000e+00 0.0000e+00 -1.6591e-01 3.5378e+00 0.0000e+00 0.0000e+00 0.0000e+00 0.0000e+00 3.3340e+00 9.4351e-02 0.0000e+00 0.0000e+00 -9.4351e-02 3.4235e+00 
51.0 3.7231e+00 -1.6849e-01 0.0000e+00 0.0000e+00 -1.6849e-01 3.3806e+00 0.0000e+00 0.0000e+00 0.0000e+00 0.0000e+00 3.1671e+00 1.0455e-01 0.0000e+00 0.0000e+00 -1.0455e-01 3.2579e+00 
52.0 3.5737e+00 -1.7113e-01 0.0000e+00 0.0000e+00 -1.7113e-01 3.2322e+00 0.0000e+00 0.0000e+00 0.0000e+00 0.0000e+00 3.0092e+00 1.1455e-01 0.0000e+00 0.0000e+00 -1.1455e-01 3.1013e+00 
53.0 3.4326e+00 -1.7383e-01 0.0000e+00 0.0000e+00 -1.7383e-01 3.0922e+00 0.0000e+00 0.0000e+00 0.0000e+00 0.0000e+00 2.8599e+00 1.2435e-01 0.0000e+00 0.0000e+00 -1.2435e-01 2.9532e+00 
54.0 3.2995e+00 -1.7662e-01 0.0000e+00 0.0000e+00 -1.7662e-01 2.9601e+00 0.0000e+00 0.0000e+00 0.0000e+00 0.0000e+00 2.7186e+00 1.3395e-01 0.0000e+00 0.0000e+00 -1.3395e-01 2.8131e+00 
55.0 3.1737e+00 -1.7948e-01 0.0000e+00 0.0000e+00 -1.7948e-01 2.8355e+00 0.0000e+00 0.0000e+00 0.0000e+00 0.0000e+00 2.5849e+00 1.4333e-01 0.0000e+00 0.0000e+00 -1.4333e-01 2.6806e+00 
56.0 3.0550e+00 -1.8237e-01 0.0000e+00 0.0000e+00 -1.8237e-01 2.7180e+00 0.0000e+00 0.0000e+00 0.0000e+00 0.0000e+00 2.4584e+00 1.5247e-01 0.0000e+00 0.0000e+00 -1.5247e-01 2.5552e+00 
57.0 2.9429e+00 -1.8531e-01 0.0000e+00 0.0000e+00 -1.8531e-01 2.6070e+00 0.0000e+00 0.0000e+00 0.0000e+00 0.0000e+00 2.3386e+00 1.6140e-01 0.0000e+00 0.0000e+00 -1.6140e-01 2.4365e+00 
58.0 2.8370e+00 -1.8827e-01 0.0000e+00 0.0000e+00 -1.8827e-01 2.5023e+00 0.0000e+00 0.0000e+00 0.0000e+00 0.0000e+00 2.2250e+00 1.7010e-01 0.0000e+00 0.0000e+00 -1.7010e-01 2.3240e+00 
59.0 2.7368e+00 -1.9127e-01 0.0000e+00 0.0000e+00 -1.9127e-01 2.4033e+00 0.0000e+00 0.0000e+00 0.0000e+00 0.0000e+00 2.1174e+00 1.7858e-01 0.0000e+00 0.0000e+00 -1.7858e-01 2.2175e+00 
60.0 2.6422e+00 -1.9428e-01 0.0000e+00 0.0000e+00 -1.9428e-01 2.3099e+00 0.0000e+00 0.0000e+00 0.0000e+00 0.0000e+00 2.0154e+00 1.8681e-01 0.0000e+00 0.0000e+00 -1.8681e-01 2.1166e+00 
61.0 2.5527e+00 -1.9730e-01 0.0000e+00 0.0000e+00 -1.9730e-01 2.2216e+00 0.0000e+00 0.0000e+00 0.0000e+00 0.0000e+00 1.9187e+00 1.9478e-01 0.0000e+00 0.0000e+00 -1.9478e-01 2.0209e+00 
62.0 2.4681e+00 -2.0032e-01 0.0000e+00 0.0000e+00 -2.0032e-01 2.1382e+00 0.0000e+00 0.0000e+00 0.0000e+00 0.0000e+00 1.8270e+00 2.0248e-01 0.0000e+00 0.0000e+00 -2.0248e-01 1.9303e+00 
63.0 2.3881e+00 -2.0331e-01 0.0000e+00 0.0000e+00 -2.0331e-01 2.0593e+00 0.0000e+00 0.0000e+00 0.0000e+00 0.0000e+00 1.7400e+00 2.0988e-01 0.0000e+00 0.0000e+00 -2.0988e-01 1.8445e+00 
64.0 2.3124e+00 -2.0625e-01 0.0000e+00 0.0000e+00 -2.0625e-01 1.9847e+00 0.0000e+00 0.0000e+00 0.0000e+00 0.0000e+00 1.6574e+00 2.1697e-01 0.0000e+00 0.0000e+00 -2.1697e-01 1.7631e+00 
65.0 2.2407e+00 -2.0913e-01 0.0000e+00 0.0000e+00 -2.0913e-01 1.9142e+00 0.0000e+00 0.0000e+00 0.0000e+00 0.0000e+00 1.5791e+00 2.2374e-01 0.0000e+00 0.0000e+00 -2.2374e-01 1.6858e+00 
66.0 2.1727e+00 -2.1192e-01 0.0000e+00 0.0000e+00 -2.1192e-01 1.8473e+00 0.0000e+00 0.0000e+00 0.0000e+00 0.0000e+00 1.5045e+00 2.3019e-01 0.0000e+00 0.0000e+00 -2.3019e-01 1.6125e+00 
67.0 2.1082e+00 -2.1461e-01 0.0000e+00 0.0000e+00 -2.1461e-01 1.7839e+00 0.0000e+00 0.0000e+00 0.0000e+00 0.0000e+00 1.4337e+00 2.3629e-01 0.0000e+00 0.0000e+00 -2.3629e-01 1.5429e+00 
68.0 2.0470e+00 -2.1717e-01 0.0000e+00 0.0000e+00 -2.1717e-01 1.7237e+00 0.0000e+00 0.0000e+00 0.0000e+00 0.0000e+00 1.3662e+00 2.4203e-01 0.0000e+00 0.0000e+00 -2.4203e-01 1.4767e+00 
69.0 1.9888e+00 -2.1961e-01 0.0000e+00 0.0000e+00 -2.1961e-01 1.6666e+00 0.0000e+00 0.0000e+00 0.0000e+00 0.0000e+00 1.3020e+00 2.4741e-01 0.0000e+00 0.0000e+00 -2.4741e-01 1.4137e+00 
70.0 1.9335e+00 -2.2191e-01 0.0000e+00 0.0000e+00 -2.2191e-01 1.6123e+00 0.0000e+00 0.0000e+00 0.0000e+00 0.0000e+00 1.2407e+00 2.5244e-01 0.0000e+00 0.0000e+00 -2.5244e-01 1.3536e+00 
71.0 1.8809e+00 -2.2407e-01 0.0000e+00 0.0000e+00 -2.2407e-01 1.5607e+00 0.0000e+00 0.0000e+00 0.0000e+00 0.0000e+00 1.1823e+00 2.5711e-01 0.0000e+00 0.0000e+00 -2.5711e-01 1.2965e+00 
72.0 1.8307e+00 -2.2610e-01 0.0000e+00 0.0000e+00 -2.2610e-01 1.5116e+00 0.0000e+00 0.0000e+00 0.0000e+00 0.0000e+00 1.1265e+00 2.6142e-01 0.0000e+00 0.0000e+00 -2.6142e-01 1.2420e+00 
73.0 1.7830e+00 -2.2797e-01 0.0000e+00 0.0000e+00 -2.2797e-01 1.4649e+00 0.0000e+00 0.0000e+00 0.0000e+00 0.0000e+00 1.0732e+00 2.6536e-01 0.0000e+00 0.0000e+00 -2.6536e-01 1.1901e+00 
74.0 1.7375e+00 -2.2968e-01 0.0000e+00 0.0000e+00 -2.2968e-01 1.4204e+00 0.0000e+00 0.0000e+00 0.0000e+00 0.0000e+00 1.0222e+00 2.6895e-01 0.0000e+00 0.0000e+00 -2.6895e-01 1.1405e+00 
75.0 1.6941e+00 -2.3121e-01 0.0000e+00 0.0000e+00 -2.3121e-01 1.3781e+00 0.0000e+00 0.0000e+00 0.0000e+00 0.0000e+00 9.7350e-01 2.7219e-01 0.0000e+00 0.0000e+00 -2.7219e-01 1.0931e+00 
76.0 1.6527e+00 -2.3255e-01 0.0000e+00 0.0000e+00 -2.3255e-01 1.3376e+00 0.0000e+00 0.0000e+00 0.0000e+00 0.0000e+00 9.2683e-01 2.7510e-01 0.0000e+00 0.0000e+00 -2.7510e-01 1.0479e+00 
77.0 1.6131e+00 -2.3371e-01 0.0000e+00 0.0000e+00 -2.3371e-01 1.2991e+00 0.0000e+00 0.0000e+00 0.0000e+00 0.0000e+00 8.8211e-01 2.7770e-01 0.0000e+00 0.0000e+00 -2.7770e-01 1.0046e+00 
78.0 1.5754e+00 -2.3466e-01 0.0000e+00 0.0000e+00 -2.3466e-01 1.2622e+00 0.0000e+00 0.0000e+00 0.0000e+00 0.0000e+00 8.3922e-01 2.8000e-01 0.0000e+00 0.0000e+00 -2.8000e-01 9.6315e-01 
79.0 1.5393e+00 -2.3540e-01 0.0000e+00 0.0000e+00 -2.3540e-01 1.2271e+00 0.0000e+00 0.0000e+00 0.0000e+00 0.0000e+00 7.9806e-01 2.8205e-01 0.0000e+00 0.0000e+00 -2.8205e-01 9.2348e-01 
80.0 1.5048e+00 -2.3593e-01 0.0000e+00 0.0000e+00 -2.3593e-01 1.1936e+00 0.0000e+00 0.0000e+00 0.0000e+00 0.0000e+00 7.5856e-01 2.8386e-01 0.0000e+00 0.0000e+00 -2.8386e-01 8.8550e-01 
81.0 1.4720e+00 -2.3628e-01 0.0000e+00 0.0000e+00 -2.3628e-01 1.1616e+00 0.0000e+00 0.0000e+00 0.0000e+00 0.0000e+00 7.2064e-01 2.8548e-01 0.0000e+00 0.0000e+00 -2.8548e-01 8.4914e-01 
82.0 1.4406e+00 -2.3644e-01 0.0000e+00 0.0000e+00 -2.3644e-01 1.1311e+00 0.0000e+00 0.0000e+00 0.0000e+00 0.0000e+00 6.8421e-01 2.8690e-01 0.0000e+00 0.0000e+00 -2.8690e-01 8.1432e-01 
83.0 1.4106e+00 -2.3644e-01 0.0000e+00 0.0000e+00 -2.3644e-01 1.1019e+00 0.0000e+00 0.0000e+00 0.0000e+00 0.0000e+00 6.4920e-01 2.8815e-01 0.0000e+00 0.0000e+00 -2.8815e-01 7.8096e-01 
84.0 1.3819e+00 -2.3627e-01 0.0000e+00 0.0000e+00 -2.3627e-01 1.0741e+00 0.0000e+00 0.0000e+00 0.0000e+00 0.0000e+00 6.1552e-01 2.8922e-01 0.0000e+00 0.0000e+00 -2.8922e-01 7.4900e-01 
85.0 1.3546e+00 -2.3595e-01 0.0000e+00 0.0000e+00 -2.3595e-01 1.0474e+00 0.0000e+00 0.0000e+00 0.0000e+00 0.0000e+00 5.8310e-01 2.9012e-01 0.0000e+00 0.0000e+00 -2.9012e-01 7.1835e-01 
86.0 1.3284e+00 -2.3547e-01 0.0000e+00 0.0000e+00 -2.3547e-01 1.0219e+00 0.0000e+00 0.0000e+00 0.0000e+00 0.0000e+00 5.5188e-01 2.9084e-01 0.0000e+00 0.0000e+00 -2.9084e-01 6.8896e-01 
87.0 1.3035e+00 -2.3484e-01 0.0000e+00 0.0000e+00 -2.3484e-01 9.9756e-01 0.0000e+00 0.0000e+00 0.0000e+00 0.0000e+00 5.2180e-01 2.9138e-01 0.0000e+00 0.0000e+00 -2.9138e-01 6.6077e-01 
88.0 1.2796e+00 -2.3409e-01 0.0000e+00 0.0000e+00 -2.3409e-01 9.7424e-01 0.0000e+00 0.0000e+00 0.0000e+00 0.0000e+00 4.9281e-01 2.9173e-01 0.0000e+00 0.0000e+00 -2.9173e-01 6.3371e-01 
89.0 1.2568e+00 -2.3321e-01 0.0000e+00 0.0000e+00 -2.3321e-01 9.5193e-01 0.0000e+00 0.0000e+00 0.0000e+00 0.0000e+00 4.6486e-01 2.9191e-01 0.0000e+00 0.0000e+00 -2.9191e-01 6.0773e-01 
90.0 1.2350e+00 -2.3222e-01 0.0000e+00 0.0000e+00 -2.3222e-01 9.3056e-01 0.0000e+00 0.0000e+00 0.0000e+00 0.0000e+00 4.3788e-01 2.9189e-01 0.0000e+00 0.0000e+00 -2.9189e-01 5.8275e-01 
91.0 1.2142e+00 -2.3112e-01 0.0000e+00 0.0000e+00 -2.3112e-01 9.1009e-01 0.0000e+00 0.0000e+00 0.0000e+00 0.0000e+00 4.1183e-01 2.9167e-01 0.0000e+00 0.0000e+00 -2.9167e-01 5.5872e-01 
92.0 1.1942e+00 -2.2991e-01 0.0000e+00 0.0000e+00 -2.2991e-01 8.9048e-01 0.0000e+00 0.0000e+00 0.0000e+00 0.0000e+00 3.8666e-01 2.9126e-01 0.0000e+00 0.0000e+00 -2.9126e-01 5.3558e-01 
93.0 1.1751e+00 -2.2859e-01 0.0000e+00 0.0000e+00 -2.2859e-01 8.7168e-01 0.0000e+00 0.0000e+00 0.0000e+00 0.0000e+00 3.6233e-01 2.9066e-01 0.0000e+00 0.0000e+00 -2.9066e-01 5.1326e-01 
94.0 1.1568e+00 -2.2714e-01 0.0000e+00 0.0000e+00 -2.2714e-01 8.5366e-01 0.0000e+00 0.0000e+00 0.0000e+00 0.0000e+00 3.3880e-01 2.8985e-01 0.0000e+00 0.0000e+00 -2.8985e-01 4.9172e-01 
95.0 1.1392e+00 -2.2557e-01 0.0000e+00 0.0000e+00 -2.2557e-01 8.3638e-01 0.0000e+00 0.0000e+00 0.0000e+00 0.0000e+00 3.1604e-01 2.8886e-01 0.0000e+00 0.0000e+00 -2.8886e-01 4.7089e-01 
96.0 1.1223e+00 -2.2386e-01 0.0000e+00 0.0000e+00 -2.2386e-01 8.1983e-01 0.0000e+00 0.0000e+00 0.0000e+00 0.0000e+00 2.9400e-01 2.8767e-01 0.0000e+00 0.0000e+00 -2.8767e-01 4.5074e-01 
97.0 1.1062e+00 -2.2201e-01 0.0000e+00 0.0000e+00 -2.2201e-01 8.0398e-01 0.0000e+00 0.0000e+00 0.0000e+00 0.0000e+00 2.7265e-01 2.8631e-01 0.0000e+00 0.0000e+00 -2.8631e-01 4.3124e-01 
98.0 1.0906e+00 -2.2001e-01 0.0000e+00 0.0000e+00 -2.2001e-01 7.8881e-01 0.0000e+00 0.0000e+00 0.0000e+00 0.0000e+00 2.5198e-01 2.8478e-01 0.0000e+00 0.0000e+00 -2.8478e-01 4.1234e-01 
99.0 1.0758e+00 -2.1785e-01 0.0000e+00 0.0000e+00 -2.1785e-01 7.7432e-01 0.0000e+00 0.0000e+00 0.0000e+00 0.0000e+00 2.3195e-01 2.8312e-01 0.0000e+00 0.0000e+00 -2.8312e-01 3.9402e-01 
100.0 1.0616e+00 -2.1555e-01 0.0000e+00 0.0000e+00 -2.1555e-01 7.6049e-01 0.0000e+00 0.0000e+00 0.0000e+00 0.0000e+00 2.1253e-01 2.8134e-01 0.0000e+00 0.0000e+00 -2.8134e-01 3.7626e-01 
101.0 1.0480e+00 -2.1310e-01 0.0000e+00 0.0000e+00 -2.1310e-01 7.4729e-01 0.0000e+00 0.0000e+00 0.0000e+00 0.0000e+00 1.9370e-01 2.7945e-01 0.0000e+00 0.0000e+00 -2.7945e-01 3.5902e-01 
102.0 1.0350e+00 -2.1051e-01 0.0000e+00 0.0000e+00 -2.1051e-01 7.3471e-01 0.0000e+00 0.0000e+00 0.0000e+00 0.0000e+00 1.7543e-01 2.7745e-01 0.0000e+00 0.0000e+00 -2.7745e-01 3.4228e-01 
103.0 1.0226e+00 -2.0779e-01 0.0000e+00 0.0000e+00 -2.0779e-01 7.2271e-01 0.0000e+00 0.0000e+00 0.0000e+00 0.0000e+00 1.5770e-01 2.7535e-01 0.0000e+00 0.0000e+00 -2.7535e-01 3.2602e-01 
104.0 1.0107e+00 -2.0494e-01 0.0000e+00 0.0000e+00 -2.0494e-01 7.1127e-01 0.0000e+00 0.0000e+00 0.0000e+00 0.0000e+00 1.4049e-01 2.7315e-01 0.0000e+00 0.0000e+00 -2.7315e-01 3.1024e-01 
105.0 9.9932e-01 -2.0195e-01 0.0000e+00 0.0000e+00 -2.0195e-01 7.0037e-01 0.0000e+00 0.0000e+00 0.0000e+00 0.0000e+00 1.2377e-01 2.7085e-01 0.0000e+00 0.0000e+00 -2.7085e-01 2.9491e-01 
106.0 9.8849e-01 -1.9883e-01 0.0000e+00 0.0000e+00 -1.9883e-01 6.8998e-01 0.0000e+00 0.0000e+00 0.0000e+00 0.0000e+00 1.0753e-01 2.6845e-01 0.0000e+00 0.0000e+00 -2.6845e-01 2.8001e-01 
107.0 9.7814e-01 -1.9559e-01 0.0000e+00 0.0000e+00 -1.9559e-01 6.8007e-01 0.0000e+00 0.0000e+00 0.0000e+00 0.0000e+00 9.1724e-02 2.6596e-01 0.0000e+00 0.0000e+00 -2.6596e-01 2.6552e-01 
108.0 9.6827e-01 -1.9220e-01 0.0000e+00 0.0000e+00 -1.9220e-01 6.7062e-01 0.0000e+00 0.0000e+00 0.0000e+00 0.0000e+00 7.6326e-02 2.6336e-01 0.0000e+00 0.0000e+00 -2.6336e-01 2.5139e-01 
109.0 9.5884e-01 -1.8867e-01 0.0000e+00 0.0000e+00 -1.8867e-01 6.6159e-01 0.0000e+00 0.0000e+00 0.0000e+00 0.0000e+00 6.1301e-02 2.6066e-01 0.0000e+00 0.0000e+00 -2.6066e-01 2.3761e-01 
110.0 9.4983e-01 -1.8500e-01 0.0000e+00 0.0000e+00 -1.8500e-01 6.5297e-01 0.0000e+00 0.0000e+00 0.0000e+00 0.0000e+00 4.6631e-02 2.5786e-01 0.0000e+00 0.0000e+00 -2.5786e-01 2.2413e-01 
111.0 9.4123e-01 -1.8117e-01 0.0000e+00 0.0000e+00 -1.8117e-01 6.4477e-01 0.0000e+00 0.0000e+00 0.0000e+00 0.0000e+00 3.2305e-02 2.5499e-01 0.0000e+00 0.0000e+00 -2.5499e-01 2.1095e-01 
112.0 9.3304e-01 -1.7719e-01 0.0000e+00 0.0000e+00 -1.7719e-01 6.3697e-01 0.0000e+00 0.0000e+00 0.0000e+00 0.0000e+00 1.8315e-02 2.5205e-01 0.0000e+00 0.0000e+00 -2.5205e-01 1.9805e-01 
113.0 9.2523e-01 -1.7306e-01 0.0000e+00 0.0000e+00 -1.7306e-01 6.2958e-01 0.0000e+00 0.0000e+00 0.0000e+00 0.0000e+00 4.6513e-03 2.4907e-01 0.0000e+00 0.0000e+00 -2.4907e-01 1.8540e-01 
114.0 9.1779e-01 -1.6879e-01 0.0000e+00 0.0000e+00 -1.6879e-01 6.2260e-01 0.0000e+00 0.0000e+00 0.0000e+00 0.0000e+00 -8.7022e-03 2.4608e-01 0.0000e+00 0.0000e+00 -2.4608e-01 1.7297e-01 
115.0 9.1072e-01 -1.6441e-01 0.0000e+00 0.0000e+00 -1.6441e-01 6.1600e-01 0.0000e+00 0.0000e+00 0.0000e+00 0.0000e+00 -2.1764e-02 2.4307e-01 0.0000e+00 0.0000e+00 -2.4307e-01 1.6076e-01 
116.0 9.0400e-01 -1.5992e-01 0.0000e+00 0.0000e+00 -1.5992e-01 6.0979e-01 0.0000e+00 0.0000e+00 0.0000e+00 0.0000e+00 -3.4547e-02 2.4008e-01 0.0000e+00 0.0000e+00 -2.4008e-01 1.4875e-01 
117.0 8.9762e-01 -1.5536e-01 0.0000e+00 0.0000e+00 -1.5536e-01 6.0394e-01 0.0000e+00 0.0000e+00 0.0000e+00 0.0000e+00 -4.7054e-02 2.3708e-01 0.0000e+00 0.0000e+00 -2.3708e-01 1.3695e-01 
118.0 8.9158e-01 -1.5071e-01 0.0000e+00 0.0000e+00 -1.5071e-01 5.9844e-01 0.0000e+00 0.0000e+00 0.0000e+00 0.0000e+00 -5.9283e-02 2.3408e-01 0.0000e+00 0.0000e+00 -2.3408e-01 1.2536e-01 
119.0 8.8588e-01 -1.4600e-01 0.0000e+00 0.0000e+00 -1.4600e-01 5.9329e-01 0.0000e+00 0.0000e+00 0.0000e+00 0.0000e+00 -7.1238e-02 2.3108e-01 0.0000e+00 0.0000e+00 -2.3108e-01 1.1400e-01 
120.0 8.8052e-01 -1.4122e-01 0.0000e+00 0.0000e+00 -1.4122e-01 5.8847e-01 0.0000e+00 0.0000e+00 0.0000e+00 0.0000e+00 -8.2931e-02 2.2805e-01 0.0000e+00 0.0000e+00 -2.2805e-01 1.0287e-01 
121.0 8.7546e-01 -1.3638e-01 0.0000e+00 0.0000e+00 -1.3638e-01 5.8394e-01 0.0000e+00 0.0000e+00 0.0000e+00 0.0000e+00 -9.4371e-02 2.2499e-01 0.0000e+00 0.0000e+00 -2.2499e-01 9.1978e-02 
122.0 8.7068e-01 -1.3150e-01 0.0000e+00 0.0000e+00 -1.3150e-01 5.7964e-01 0.0000e+00 0.0000e+00 0.0000e+00 0.0000e+00 -1.0557e-01 2.2185e-01 0.0000e+00 0.0000e+00 -2.2185e-01 8.1309e-02 
123.0 8.6613e-01 -1.2656e-01 0.0000e+00 0.0000e+00 -1.2656e-01 5.7554e-01 0.0000e+00 0.0000e+00 0.0000e+00 0.0000e+00 -1.1654e-01 2.1860e-01 0.0000e+00 0.0000e+00 -2.1860e-01 7.0857e-02 
124.0 8.6179e-01 -1.2156e-01 0.0000e+00 0.0000e+00 -1.2156e-01 5.7159e-01 0.0000e+00 0.0000e+00 0.0000e+00 0.0000e+00 -1.2731e-01 2.1521e-01 0.0000e+00 0.0000e+00 -2.1521e-01 6.0604e-02 
125.0 8.5764e-01 -1.1647e-01 0.0000e+00 0.0000e+00 -1.1647e-01 5.6778e-01 0.0000e+00 0.0000e+00 0.0000e+00 0.0000e+00 -1.3790e-01 2.1169e-01 0.0000e+00 0.0000e+00 -2.1169e-01 5.0528e-02 
126.0 8.5369e-01 -1.1131e-01 0.0000e+00 0.0000e+00 -1.1131e-01 5.6412e-01 0.0000e+00 0.0000e+00 0.0000e+00 0.0000e+00 -1.4833e-01 2.0807e-01 0.0000e+00 0.0000e+00 -2.0807e-01 4.0614e-02 
127.0 8.4994e-01 -1.0609e-01 0.0000e+00 0.0000e+00 -1.0609e-01 5.6062e-01 0.0000e+00 0.0000e+00 0.0000e+00 0.0000e+00 -1.5860e-01 2.0436e-01 0.0000e+00 0.0000e+00 -2.0436e-01 3.0852e-02 
128.0 8.4640e-01 -1.0084e-01 0.0000e+00 0.0000e+00 -1.0084e-01 5.5729e-01 0.0000e+00 0.0000e+00 0.0000e+00 0.0000e+00 -1.6872e-01 2.0059e-01 0.0000e+00 0.0000e+00 -2.0059e-01 2.1232e-02 
129.0 8.4305e-01 -9.5591e-02 0.0000e+00 0.0000e+00 -9.5591e-02 5.5412e-01 0.0000e+00 0.0000e+00 0.0000e+00 0.0000e+00 -1.7870e-01 1.9675e-01 0.0000e+00 0.0000e+00 -1.9675e-01 1.1747e-02 
130.0 8.3989e-01 -9.0372e-02 0.0000e+00 0.0000e+00 -9.0372e-02 5.5112e-01 0.0000e+00 0.0000e+00 0.0000e+00 0.0000e+00 -1.8852e-01 1.9282e-01 0.0000e+00 0.0000e+00 -1.9282e-01 2.3873e-03 
131.0 8.3693e-01 -8.5170e-02 0.0000e+00 0.0000e+00 -8.5170e-02 5.4832e-01 0.0000e+00 0.0000e+00 0.0000e+00 0.0000e+00 -1.9820e-01 1.8881e-01 0.0000e+00 0.0000e+00 -1.8881e-01 -6.8485e-03 
132.0 8.3422e-01 -7.9973e-02 0.0000e+00 0.0000e+00 -7.9973e-02 5.4574e-01 0.0000e+00 0.0000e+00 0.0000e+00 0.0000e+00 -2.0771e-01 1.8474e-01 0.0000e+00 0.0000e+00 -1.8474e-01 -1.5960e-02 
133.0 8.3176e-01 -7.4777e-02 0.0000e+00 0.0000e+00 -7.4777e-02 5.4343e-01 0.0000e+00 0.0000e+00 0.0000e+00 0.0000e+00 -2.1705e-01 1.8062e-01 0.0000e+00 0.0000e+00 -1.8062e-01 -2.4958e-02 
134.0 8.2957e-01 -6.9581e-02 0.0000e+00 0.0000e+00 -6.9581e-02 5.4138e-01 0.0000e+00 0.0000e+00 0.0000e+00 0.0000e+00 -2.2624e-01 1.7645e-01 0.0000e+00 0.0000e+00 -1.7645e-01 -3.3860e-02 
135.0 8.2763e-01 -6.4381e-02 0.0000e+00 0.0000e+00 -6.4381e-02 5.3961e-01 0.0000e+00 0.0000e+00 0.0000e+00 0.0000e+00 -2.3527e-01 1.7223e-01 0.0000e+00 0.0000e+00 -1.7223e-01 -4.2681e-02 
136.0 8.2595e-01 -5.9174e-02 0.0000e+00 0.0000e+00 -5.9174e-02 5.3814e-01 0.0000e+00 0.0000e+00 0.0000e+00 0.0000e+00 -2.4413e-01 1.6798e-01 0.0000e+00 0.0000e+00 -1.6798e-01 -5.1432e-02 
137.0 8.2452e-01 -5.3962e-02 0.0000e+00 0.0000e+00 -5.3962e-02 5.3699e-01 0.0000e+00 0.0000e+00 0.0000e+00 0.0000e+00 -2.5282e-01 1.6371e-01 0.0000e+00 0.0000e+00 -1.6371e-01 -6.0121e-02 
138.0 8.2333e-01 -4.8750e-02 0.0000e+00 0.0000e+00 -4.8750e-02 5.3616e-01 0.0000e+00 0.0000e+00 0.0000e+00 0.0000e+00 -2.6133e-01 1.5943e-01 0.0000e+00 0.0000e+00 -1.5943e-01 -6.8758e-02 
139.0 8.2240e-01 -4.3530e-02 0.0000e+00 0.0000e+00 -4.3530e-02 5.3566e-01 0.0000e+00 0.0000e+00 0.0000e+00 0.0000e+00 -2.6967e-01 1.5514e-01 0.0000e+00 0.0000e+00 -1.5514e-01 -7.7351e-02 
140.0 8.2177e-01 -3.8288e-02 0.0000e+00 0.0000e+00 -3.8288e-02 5.3554e-01 0.0000e+00 0.0000e+00 0.0000e+00 0.0000e+00 -2.7783e-01 1.5089e-01 0.0000e+00 0.0000e+00 -1.5089e-01 -8.5897e-02 
141.0 8.2149e-01 -3.3018e-02 0.0000e+00 0.0000e+00 -3.3018e-02 5.3582e-01 0.0000e+00 0.0000e+00 0.0000e+00 0.0000e+00 -2.8582e-01 1.4670e-01 0.0000e+00 0.0000e+00 -1.4670e-01 -9.4385e-02 
142.0 8.2161e-01 -2.7723e-02 0.0000e+00 0.0000e+00 -2.7723e-02 5.3653e-01 0.0000e+00 0.0000e+00 0.0000e+00 0.0000e+00 -2.9366e-01 1.4260e-01 0.0000e+00 0.0000e+00 -1.4260e-01 -1.0280e-01 
143.0 8.2217e-01 -2.2405e-02 0.0000e+00 0.0000e+00 -2.2405e-02 5.3767e-01 0.0000e+00 0.0000e+00 0.0000e+00 0.0000e+00 -3.0136e-01 1.3858e-01 0.0000e+00 0.0000e+00 -1.3858e-01 -1.1115e-01 
144.0 8.2319e-01 -1.7067e-02 0.0000e+00 0.0000e+00 -1.7067e-02 5.3925e-01 0.0000e+00 0.0000e+00 0.0000e+00 0.0000e+00 -3.0896e-01 1.3462e-01 0.0000e+00 0.0000e+00 -1.3462e-01 -1.1943e-01 
145.0 8.2470e-01 -1.1722e-02 0.0000e+00 0.0000e+00 -1.1722e-02 5.4125e-01 0.0000e+00 0.0000e+00 0.0000e+00 0.0000e+00 -3.1651e-01 1.3071e-01 0.0000e+00 0.0000e+00 -1.3071e-01 -1.2765e-01 
146.0 8.2668e-01 -6.3832e-03 0.0000e+00 0.0000e+00 -6.3832e-03 5.4362e-01 0.0000e+00 0.0000e+00 0.0000e+00 0.0000e+00 -3.2405e-01 1.2678e-01 0.0000e+00 0.0000e+00 -1.2678e-01 -1.3582e-01 
147.0 8.2915e-01 -1.0465e-03 0.0000e+00 0.0000e+00 -1.0465e-03 5.4636e-01 0.0000e+00 0.0000e+00 0.0000e+00 0.0000e+00 -3.3161e-01 1.2280e-01 0.0000e+00 0.0000e+00 -1.2280e-01 -1.4394e-01 
148.0 8.3216e-01 4.3047e-03 0.0000e+00 0.0000e+00 4.3047e-03 5.4950e-01 0.0000e+00 0.0000e+00 0.0000e+00 0.0000e+00 -3.3922e-01 1.1875e-01 0.0000e+00 0.0000e+00 -1.1875e-01 -1.5201e-01 
149.0 8.3580e-01 9.6867e-03 0.0000e+00 0.0000e+00 9.6867e-03 5.5311e-01 0.0000e+00 0.0000e+00 0.0000e+00 0.0000e+00 -3.4695e-01 1.1465e-01 0.0000e+00 0.0000e+00 -1.1465e-01 -1.6007e-01 
150.0 8.4018e-01 1.5108e-02 0.0000e+00 0.0000e+00 1.5108e-02 5.5728e-01 0.0000e+00 0.0000e+00 0.0000e+00 0.0000e+00 -3.5482e-01 1.1055e-01 0.0000e+00 0.0000e+00 -1.1055e-01 -1.6812e-01 
151.0 8.4538e-01 2.0543e-02 0.0000e+00 0.0000e+00 2.0543e-02 5.6210e-01 0.0000e+00 0.0000e+00 0.0000e+00 0.0000e+00 -3.6284e-01 1.0646e-01 0.0000e+00 0.0000e+00 -1.0646e-01 -1.7619e-01 
152.0 8.5136e-01 2.5901e-02 0.0000e+00 0.0000e+00 2.5901e-02 5.6750e-01 0.0000e+00 0.0000e+00 0.0000e+00 0.0000e+00 -3.7105e-01 1.0234e-01 0.0000e+00 0.0000e+00 -1.0234e-01 -1.8430e-01 
153.0 8.5795e-01 3.1058e-02 0.0000e+00 0.0000e+00 3.1058e-02 5.7332e-01 0.0000e+00 0.0000e+00 0.0000e+00 0.0000e+00 -3.7948e-01 9.7992e-02 0.0000e+00 0.0000e+00 -9.7992e-02 -1.9248e-01 
154.0 8.6502e-01 3.5921e-02 0.0000e+00 0.0000e+00 3.5921e-02 5.7942e-01 0.0000e+00 0.0000e+00 0.0000e+00 0.0000e+00 -3.8819e-01 9.3228e-02 0.0000e+00 0.0000e+00 -9.3228e-02 -2.0078e-01 
155.0 8.7252e-01 4.0432e-02 0.0000e+00 0.0000e+00 4.0432e-02 5.8575e-01 0.0000e+00 0.0000e+00 0.0000e+00 0.0000e+00 -3.9724e-01 8.7927e-02 0.0000e+00 0.0000e+00 -8.7927e-02 -2.0924e-01 
156.0 8.8052e-01 4.4555e-02 0.0000e+00 0.0000e+00 4.4555e-02 5.9244e-01 0.0000e+00 0.0000e+00 0.0000e+00 0.0000e+00 -4.0667e-01 8.2075e-02 0.0000e+00 0.0000e+00 -8.2075e-02 -2.1790e-01 
157.0 8.8910e-01 4.8220e-02 0.0000e+00 0.0000e+00 4.8220e-02 5.9960e-01 0.0000e+00 0.0000e+00 0.0000e+00 0.0000e+00 -4.1651e-01 7.5706e-02 0.0000e+00 0.0000e+00 -7.5706e-02 -2.2677e-01 
158.0 8.9825e-01 5.1287e-02 0.0000e+00 0.0000e+00 5.1287e-02 6.0721e-01 0.0000e+00 0.0000e+00 0.0000e+00 0.0000e+00 -4.2677e-01 6.8786e-02 0.0000e+00 0.0000e+00 -6.8786e-02 -2.3586e-01 
159.0 9.0786e-01 5.3603e-02 0.0000e+00 0.0000e+00 5.3603e-02 6.1512e-01 0.0000e+00 0.0000e+00 0.0000e+00 0.0000e+00 -4.3750e-01 6.1193e-02 0.0000e+00 0.0000e+00 -6.1193e-02 -2.4514e-01 
160.0 9.1791e-01 5.5090e-02 0.0000e+00 0.0000e+00 5.5090e-02 6.2314e-01 0.0000e+00 0.0000e+00 0.0000e+00 0.0000e+00 -4.4872e-01 5.2806e-02 0.0000e+00 0.0000e+00 -5.2806e-02 -2.5457e-01 
161.0 9.2844e-01 5.5729e-02 0.0000e+00 0.0000e+00 5.5729e-02 6.3126e-01 0.0000e+00 0.0000e+00 0.0000e+00 0.0000e+00 -4.6051e-01 4.3546e-02 0.0000e+00 0.0000e+00 -4.3546e-02 -2.6413e-01 
162.0 9.3962e-01 5.5537e-02 0.0000e+00 0.0000e+00 5.5537e-02 6.3956e-01 0.0000e+00 0.0000e+00 0.0000e+00 0.0000e+00 -4.7303e-01 3.3402e-02 0.0000e+00 0.0000e+00 -3.3402e-02 -2.7384e-01 
163.0 9.5168e-01 5.4520e-02 0.0000e+00 0.0000e+00 5.4520e-02 6.4820e-01 0.0000e+00 0.0000e+00 0.0000e+00 0.0000e+00 -4.8655e-01 2.2413e-02 0.0000e+00 0.0000e+00 -2.2413e-02 -2.8382e-01 
164.0 9.6488e-01 5.2666e-02 0.0000e+00 0.0000e+00 5.2666e-02 6.5725e-01 0.0000e+00 0.0000e+00 0.0000e+00 0.0000e+00 -5.0136e-01 1.0665e-02 0.0000e+00 0.0000e+00 -1.0665e-02 -2.9414e-01 
165.0 9.7962e-01 4.9987e-02 0.0000e+00 0.0000e+00 4.9987e-02 6.6691e-01 0.0000e+00 0.0000e+00 0.0000e+00 0.0000e+00 -5.1772e-01 -1.6555e-03 0.0000e+00 0.0000e+00 1.6555e-03 -3.0485e-01 
166.0 9.9644e-01 4.6498e-02 0.0000e+00 0.0000e+00 4.6498e-02 6.7762e-01 0.0000e+00 0.0000e+00 0.0000e+00 0.0000e+00 -5.3588e-01 -1.4329e-02 0.0000e+00 0.0000e+00 1.4329e-02 -3.1596e-01 
167.0 1.0158e+00 4.2163e-02 0.0000e+00 0.0000e+00 4.2163e-02 6.8979e-01 0.0000e+00 0.0000e+00 0.0000e+00 0.0000e+00 -5.5616e-01 -2.7228e-02 0.0000e+00 0.0000e+00 2.7228e-02 -3.2757e-01 
168.0 1.0380e+00 3.6941e-02 0.0000e+00 0.0000e+00 3.6941e-02 7.0358e-01 0.0000e+00 0.0000e+00 0.0000e+00 0.0000e+00 -5.7903e-01 -4.0309e-02 0.0000e+00 0.0000e+00 4.0309e-02 -3.3983e-01 
169.0 1.0635e+00 3.0781e-02 0.0000e+00 0.0000e+00 3.0781e-02 7.1904e-01 0.0000e+00 0.0000e+00 0.0000e+00 0.0000e+00 -6.0511e-01 -5.3523e-02 0.0000e+00 0.0000e+00 5.3523e-02 -3.5288e-01 
170.0 1.0932e+00 2.3731e-02 0.0000e+00 0.0000e+00 2.3731e-02 7.3639e-01 0.0000e+00 0.0000e+00 0.0000e+00 0.0000e+00 -6.3515e-01 -6.6555e-02 0.0000e+00 0.0000e+00 6.6555e-02 -3.6674e-01 
171.0 1.1284e+00 1.6061e-02 0.0000e+00 0.0000e+00 1.6061e-02 7.5634e-01 0.0000e+00 0.0000e+00 0.0000e+00 0.0000e+00 -6.7006e-01 -7.8479e-02 0.0000e+00 0.0000e+00 7.8479e-02 -3.8131e-01 
172.0 1.1712e+00 8.1472e-03 0.0000e+00 0.0000e+00 8.1472e-03 7.7988e-01 0.0000e+00 0.0000e+00 0.0000e+00 0.0000e+00 -7.1093e-01 -8.7794e-02 0.0000e+00 0.0000e+00 8.7794e-02 -3.9642e-01 
173.0 1.2240e+00 5.0701e-04 0.0000e+00 0.0000e+00 5.0701e-04 8.0813e-01 0.0000e+00 0.0000e+00 0.0000e+00 0.0000e+00 -7.5878e-01 -9.2504e-02 0.0000e+00 0.0000e+00 9.2504e-02 -4.1180e-01 
174.0 1.2889e+00 -5.8840e-03 0.0000e+00 0.0000e+00 -5.8840e-03 8.4246e-01 0.0000e+00 0.0000e+00 0.0000e+00 0.0000e+00 -8.1383e-01 -9.0117e-02 0.0000e+00 0.0000e+00 9.0117e-02 -4.2673e-01 
175.0 1.3666e+00 -9.8076e-03 0.0000e+00 0.0000e+00 -9.8076e-03 8.8357e-01 0.0000e+00 0.0000e+00 0.0000e+00 0.0000e+00 -8.7453e-01 -7.8802e-02 0.0000e+00 0.0000e+00 7.8802e-02 -4.4005e-01 
176.0 1.4537e+00 -1.0317e-02 0.0000e+00 0.0000e+00 -1.0317e-02 9.2992e-01 0.0000e+00 0.0000e+00 0.0000e+00 0.0000e+00 -9.3685e-01 -5.8743e-02 0.0000e+00 0.0000e+00 5.8743e-02 -4.5037e-01 
177.0 1.5405e+00 -7.2350e-03 0.0000e+00 0.0000e+00 -7.2350e-03 9.7673e-01 0.0000e+00 0.0000e+00 0.0000e+00 0.0000e+00 -9.9357e-01 -3.3310e-02 0.0000e+00 0.0000e+00 3.3310e-02 -4.5664e-01 
178.0 1.6091e+00 -2.4695e-03 0.0000e+00 0.0000e+00 -2.4695e-03 1.0144e+00 0.0000e+00 0.0000e+00 0.0000e+00 0.0000e+00 -1.0348e+00 -1.0374e-02 0.0000e+00 0.0000e+00 1.0374e-02 -4.5924e-01 
179.0 1.6373e+00 -2.3539e-20 0.0000e+00 0.0000e+00 -2.3539e-20 1.0303e+00 0.0000e+00 0.0000e+00 0.0000e+00 0.0000e+00 -1.0510e+00 -1.4642e-19 0.0000e+00 0.0000e+00 1.4642e-19 -4.6006e-01 
180.0 1.6646e+00 0.0000e+00 0.0000e+00 0.0000e+00 0.0000e+00 1.0446e+00 0.0000e+00 0.0000e+00 0.0000e+00 0.0000e+00 -1.0657e+00 0.0000e+00 0.0000e+00 0.0000e+00 -0.0000e+00 -4.6040e-01 
