2.6721 2.6849 0.0128 0.018581
theta s11 s12 s13 s14 s21 s22 s23 s24 s31 s32 s33 s34 s41 s42 s43 s44
0.0 2.0525e+03 0.0000e+00 0.0000e+00 0.0000e+00 0.0000e+00 2.0478e+03 0.0000e+00 0.0000e+00 0.0000e+00 0.0000e+00 2.0478e+03 0.0000e+00 0.0000e+00 0.0000e+00 -0.0000e+00 2.0431e+03 
1.0 1.8261e+03 -7.7448e-02 0.0000e+00 0.0000e+00 -7.7448e-02 1.8214e+03 0.0000e+00 0.0000e+00 0.0000e+00 0.0000e+00 1.8214e+03 -6.4587e-01 0.0000e+00 0.0000e+00 6.4587e-01 1.8167e+03 
2.0 1.4827e+03 -1.6530e-01 0.0000e+00 0.0000e+00 -1.6530e-01 1.4780e+03 0.0000e+00 0.0000e+00 0.0000e+00 0.0000e+00 1.4780e+03 -2.2870e+00 0.0000e+00 0.0000e+00 2.2870e+00 1.4734e+03 
3.0 1.2161e+03 -1.9774e-01 0.0000e+00 0.0000e+00 -1.9774e-01 1.2114e+03 0.0000e+00 0.0000e+00 0.0000e+00 0.0000e+00 1.2114e+03 -4.2972e+00 0.0000e+00 0.0000e+00 4.2972e+00 1.2069e+03 
4.0 1.0201e+03 -2.1516e-01 0.0000e+00 0.0000e+00 -2.1516e-01 1.0155e+03 0.0000e+00 0.0000e+00 0.0000e+00 0.0000e+00 1.0155e+03 -6.1712e+00 0.0000e+00 0.0000e+00 6.1712e+00 1.0111e+03 
5.0 8.7339e+02 -2.5210e-01 0.0000e+00 0.0000e+00 -2.5210e-01 8.6888e+02 0.0000e+00 0.0000e+00 0.0000e+00 0.0000e+00 8.6874e+02 -7.6900e+00 0.0000e+00 0.0000e+00 7.6900e+00 8.6446e+02 
6.0 7.6067e+02 -3.2599e-01 0.0000e+00 0.0000e+00 -3.2599e-01 7.5621e+02 0.0000e+00 0.0000e+00 0.0000e+00 0.0000e+00 7.5599e+02 -8.8162e+00 0.0000e+00 0.0000e+00 8.8162e+00 7.5185e+02 
7.0 6.7209e+02 -4.4581e-01 0.0000e+00 0.0000e+00 -4.4581e-01 6.6768e+02 0.0000e+00 0.0000e+00 0.0000e+00 0.0000e+00 6.6737e+02 -9.5817e+00 0.0000e+00 0.0000e+00 9.5817e+00 6.6336e+02 
8.0 6.0118e+02 -6.1353e-01 0.0000e+00 0.0000e+00 -6.1353e-01 5.9681e+02 0.0000e+00 0.0000e+00 0.0000e+00 0.0000e+00 5.9641e+02 -1.0045e+01 0.0000e+00 0.0000e+00 1.0045e+01 5.9251e+02 
9.0 5.4349e+02 -8.2555e-01 0.0000e+00 0.0000e+00 -8.2555e-01 5.3915e+02 0.0000e+00 0.0000e+00 0.0000e+00 0.0000e+00 5.3867e+02 -1.0269e+01 0.0000e+00 0.0000e+00 1.0269e+01 5.3489e+02 
10.0 4.9589e+02 -1.0749e+00 0.0000e+00 0.0000e+00 -1.0749e+00 4.9157e+02 0.0000e+00 0.0000e+00 0.0000e+00 0.0000e+00 4.9101e+02 -1.0315e+01 0.0000e+00 0.0000e+00 1.0315e+01 4.8734e+02 
11.0 4.5609e+02 -1.3529e+00 0.0000e+00 0.0000e+00 -1.3529e+00 4.5179e+02 0.0000e+00 0.0000e+00 0.0000e+00 0.0000e+00 4.5114e+02 -1.0236e+01 0.0000e+00 0.0000e+00 1.0236e+01 4.4759e+02 
12.0 4.2235e+02 -1.6541e+00 0.0000e+00 0.0000e+00 -1.6541e+00 4.1807e+02 0.0000e+00 0.0000e+00 0.0000e+00 0.0000e+00 4.1735e+02 -1.0078e+01 0.0000e+00 0.0000e+00 1.0078e+01 4.1391e+02 
13.0 3.9339e+02 -1.9747e+00 0.0000e+00 0.0000e+00 -1.9747e+00 3.8912e+02 0.0000e+00 0.0000e+00 0.0000e+00 0.0000e+00 3.8833e+02 -9.8677e+00 0.0000e+00 0.0000e+00 9.8677e+00 3.8500e+02 
14.0 3.6820e+02 -2.3088e+00 0.0000e+00 0.0000e+00 -2.3088e+00 3.6394e+02 0.0000e+00 0.0000e+00 0.0000e+00 0.0000e+00 3.6309e+02 -9.6309e+00 0.0000e+00 0.0000e+00 9.6309e+00 3.5986e+02 
15.0 3.4605e+02 -2.6552e+00 0.0000e+00 0.0000e+00 -2.6552e+00 3.4179e+02 0.0000e+00 0.0000e+00 0.0000e+00 0.0000e+00 3.4088e+02 -9.3744e+00 0.0000e+00 0.0000e+00 9.3744e+00 3.3775e+02 
16.0 3.2635e+02 -3.0094e+00 0.0000e+00 0.0000e+00 -3.0094e+00 3.2210e+02 0.0000e+00 0.0000e+00 0.0000e+00 0.0000e+00 3.2113e+02 -9.1102e+00 0.0000e+00 0.0000e+00 9.1102e+00 3.1811e+02 
17.0 3.0867e+02 -3.3686e+00 0.0000e+00 0.0000e+00 -3.3686e+00 3.0444e+02 0.0000e+00 0.0000e+00 0.0000e+00 0.0000e+00 3.0340e+02 -8.8467e+00 0.0000e+00 0.0000e+00 8.8467e+00 3.0048e+02 
18.0 2.9268e+02 -3.7304e+00 0.0000e+00 0.0000e+00 -3.7304e+00 2.8845e+02 0.0000e+00 0.0000e+00 0.0000e+00 0.0000e+00 2.8736e+02 -8.5903e+00 0.0000e+00 0.0000e+00 8.5903e+00 2.8453e+02 
19.0 2.7808e+02 -4.0929e+00 0.0000e+00 0.0000e+00 -4.0929e+00 2.7385e+02 0.0000e+00 0.0000e+00 0.0000e+00 0.0000e+00 2.7356e+02 -8.3454e+00 0.0000e+00 0.0000e+00 8.3454e+00 2.7086e+02 
20.0 2.6466e+02 -4.4542e+00 0.0000e+00 0.0000e+00 -4.4542e+00 2.6044e+02 0.0000e+00 0.0000e+00 0.0000e+00 0.0000e+00 2.6087e+02 -8.1136e+00 0.0000e+00 0.0000e+00 8.1136e+00 2.5827e+02 
21.0 2.5223e+02 -4.8128e+00 0.0000e+00 0.0000e+00 -4.8128e+00 2.4802e+02 0.0000e+00 0.0000e+00 0.0000e+00 0.0000e+00 2.4911e+02 -7.8952e+00 0.0000e+00 0.0000e+00 7.8952e+00 2.4661e+02 
22.0 2.4066e+02 -5.1678e+00 0.0000e+00 0.0000e+00 -5.1678e+00 2.3647e+02 0.0000e+00 0.0000e+00 0.0000e+00 0.0000e+00 2.3816e+02 -7.6888e+00 0.0000e+00 0.0000e+00 7.6888e+00 2.3575e+02 
23.0 2.2985e+02 -5.5192e+00 0.0000e+00 0.0000e+00 -5.5192e+00 2.2566e+02 0.0000e+00 0.0000e+00 0.0000e+00 0.0000e+00 2.2790e+02 -7.4915e+00 0.0000e+00 0.0000e+00 7.4915e+00 2.2558e+02 
24.0 2.1970e+02 -5.8672e+00 0.0000e+00 0.0000e+00 -5.8672e+00 2.1553e+02 0.0000e+00 0.0000e+00 0.0000e+00 0.0000e+00 2.1827e+02 -7.3005e+00 0.0000e+00 0.0000e+00 7.3005e+00 2.1603e+02 
25.0 2.1015e+02 -6.2118e+00 0.0000e+00 0.0000e+00 -6.2118e+00 2.0599e+02 0.0000e+00 0.0000e+00 0.0000e+00 0.0000e+00 2.0919e+02 -7.1132e+00 0.0000e+00 0.0000e+00 7.1132e+00 2.0703e+02 
26.0 2.0114e+02 -6.5529e+00 0.0000e+00 0.0000e+00 -6.5529e+00 1.9700e+02 0.0000e+00 0.0000e+00 0.0000e+00 0.0000e+00 2.0062e+02 -6.9286e+00 0.0000e+00 0.0000e+00 6.9286e+00 1.9853e+02 
27.0 1.9263e+02 -6.8895e+00 0.0000e+00 0.0000e+00 -6.8895e+00 1.8850e+02 0.0000e+00 0.0000e+00 0.0000e+00 0.0000e+00 1.9251e+02 -6.7464e+00 0.0000e+00 0.0000e+00 6.7464e+00 1.9048e+02 
28.0 1.8456e+02 -7.2206e+00 0.0000e+00 0.0000e+00 -7.2206e+00 1.8045e+02 0.0000e+00 0.0000e+00 0.0000e+00 0.0000e+00 1.8481e+02 -6.5669e+00 0.0000e+00 0.0000e+00 6.5669e+00 1.8285e+02 
29.0 1.7690e+02 -7.5449e+00 0.0000e+00 0.0000e+00 -7.5449e+00 1.7280e+02 0.0000e+00 0.0000e+00 0.0000e+00 0.0000e+00 1.7748e+02 -6.3903e+00 0.0000e+00 0.0000e+00 6.3903e+00 1.7559e+02 
30.0 1.6961e+02 -7.8613e+00 0.0000e+00 0.0000e+00 -7.8613e+00 1.6553e+02 0.0000e+00 0.0000e+00 0.0000e+00 0.0000e+00 1.7051e+02 -6.2168e+00 0.0000e+00 0.0000e+00 6.2168e+00 1.6868e+02 
31.0 1.6266e+02 -8.1687e+00 0.0000e+00 0.0000e+00 -8.1687e+00 1.5860e+02 0.0000e+00 0.0000e+00 0.0000e+00 0.0000e+00 1.6315e+02 -6.0464e+00 0.0000e+00 0.0000e+00 6.0464e+00 1.6140e+02 
32.0 1.5603e+02 -8.4660e+00 0.0000e+00 0.0000e+00 -8.4660e+00 1.5199e+02 0.0000e+00 0.0000e+00 0.0000e+00 0.0000e+00 1.5614e+02 -5.8788e+00 0.0000e+00 0.0000e+00 5.8788e+00 1.5447e+02 
33.0 1.4970e+02 -8.7525e+00 0.0000e+00 0.0000e+00 -8.7525e+00 1.4567e+02 0.0000e+00 0.0000e+00 0.0000e+00 0.0000e+00 1.4944e+02 -5.7134e+00 0.0000e+00 0.0000e+00 5.7134e+00 1.4785e+02 
34.0 1.4365e+02 -9.0278e+00 0.0000e+00 0.0000e+00 -9.0278e+00 1.3964e+02 0.0000e+00 0.0000e+00 0.0000e+00 0.0000e+00 1.4304e+02 -5.5500e+00 0.0000e+00 0.0000e+00 5.5500e+00 1.4152e+02 
35.0 1.3786e+02 -9.2914e+00 0.0000e+00 0.0000e+00 -9.2914e+00 1.3387e+02 0.0000e+00 0.0000e+00 0.0000e+00 0.0000e+00 1.3692e+02 -5.3882e+00 0.0000e+00 0.0000e+00 5.3882e+00 1.3546e+02 
36.0 1.3233e+02 -9.5433e+00 0.0000e+00 0.0000e+00 -9.5433e+00 1.2836e+02 0.0000e+00 0.0000e+00 0.0000e+00 0.0000e+00 1.3105e+02 -5.2274e+00 0.0000e+00 0.0000e+00 5.2274e+00 1.2967e+02 
37.0 1.2704e+02 -9.7836e+00 0.0000e+00 0.0000e+00 -9.7836e+00 1.2309e+02 0.0000e+00 0.0000e+00 0.0000e+00 0.0000e+00 1.2544e+02 -5.0673e+00 0.0000e+00 0.0000e+00 5.0673e+00 1.2412e+02 
38.0 1.2198e+02 -1.0012e+01 0.0000e+00 0.0000e+00 -1.0012e+01 1.1805e+02 0.0000e+00 0.0000e+00 0.0000e+00 0.0000e+00 1.2007e+02 -4.9075e+00 0.0000e+00 0.0000e+00 4.9075e+00 1.1881e+02 
39.0 1.1714e+02 -1.0230e+01 0.0000e+00 0.0000e+00 -1.0230e+01 1.1323e+02 0.0000e+00 0.0000e+00 0.0000e+00 0.0000e+00 1.1492e+02 -4.7477e+00 0.0000e+00 0.0000e+00 4.7477e+00 1.1373e+02 
40.0 1.1252e+02 -1.0436e+01 0.0000e+00 0.0000e+00 -1.0436e+01 1.0862e+02 0.0000e+00 0.0000e+00 0.0000e+00 0.0000e+00 1.0999e+02 -4.5881e+00 0.0000e+00 0.0000e+00 4.5881e+00 1.0886e+02 
41.0 1.0809e+02 -1.0630e+01 0.0000e+00 0.0000e+00 -1.0630e+01 1.0421e+02 0.0000e+00 0.0000e+00 0.0000e+00 0.0000e+00 1.0527e+02 -4.4288e+00 0.0000e+00 0.0000e+00 4.4288e+00 1.0420e+02 
42.0 1.0385e+02 -1.0812e+01 0.0000e+00 0.0000e+00 -1.0812e+01 9.9992e+01 0.0000e+00 0.0000e+00 0.0000e+00 0.0000e+00 1.0074e+02 -4.2699e+00 0.0000e+00 0.0000e+00 4.2699e+00 9.9738e+01 
43.0 9.9790e+01 -1.0982e+01 0.0000e+00 0.0000e+00 -1.0982e+01 9.5954e+01 0.0000e+00 0.0000e+00 0.0000e+00 0.0000e+00 9.6405e+01 -4.1114e+00 0.0000e+00 0.0000e+00 4.1114e+00 9.5459e+01 
44.0 9.5904e+01 -1.1141e+01 0.0000e+00 0.0000e+00 -1.1141e+01 9.2088e+01 0.0000e+00 0.0000e+00 0.0000e+00 0.0000e+00 9.2249e+01 -3.9535e+00 0.0000e+00 0.0000e+00 3.9535e+00 9.1359e+01 
45.0 9.2183e+01 -1.1287e+01 0.0000e+00 0.0000e+00 -1.1287e+01 8.8387e+01 0.0000e+00 0.0000e+00 0.0000e+00 0.0000e+00 8.8263e+01 -3.7959e+00 0.0000e+00 0.0000e+00 3.7959e+00 8.7429e+01 
46.0 8.8618e+01 -1.1421e+01 0.0000e+00 0.0000e+00 -1.1421e+01 8.4842e+01 0.0000e+00 0.0000e+00 0.0000e+00 0.0000e+00 8.4442e+01 -3.6386e+00 0.0000e+00 0.0000e+00 3.6386e+00 8.3661e+01 
47.0 8.5204e+01 -1.1544e+01 0.0000e+00 0.0000e+00 -1.1544e+01 8.1448e+01 0.0000e+00 0.0000e+00 0.0000e+00 0.0000e+00 8.0777e+01 -3.4816e+00 0.0000e+00 0.0000e+00 3.4816e+00 8.0049e+01 
48.0 8.1935e+01 -1.1655e+01 0.0000e+00 0.0000e+00 -1.1655e+01 7.8198e+01 0.0000e+00 0.0000e+00 0.0000e+00 0.0000e+00 7.7263e+01 -3.3247e+00 0.0000e+00 0.0000e+00 3.3247e+00 7.6586e+01 
49.0 7.8805e+01 -1.1754e+01 0.0000e+00 0.0000e+00 -1.1754e+01 7.5087e+01 0.0000e+00 0.0000e+00 0.0000e+00 0.0000e+00 7.3892e+01 -3.1682e+00 0.0000e+00 0.0000e+00 3.1682e+00 7.3266e+01 
50.0 7.5808e+01 -1.1843e+01 0.0000e+00 0.0000e+00 -1.1843e+01 7.2109e+01 0.0000e+00 0.0000e+00 0.0000e+00 0.0000e+00 7.0659e+01 -3.0119e+00 0.0000e+00 0.0000e+00 3.0119e+00 7.0082e+01 
51.0 7.2939e+01 -1.1920e+01 0.0000e+00 0.0000e+00 -1.1920e+01 6.9259e+01 0.0000e+00 0.0000e+00 0.0000e+00 0.0000e+00 6.7557e+01 -2.8558e+00 0.0000e+00 0.0000e+00 2.8558e+00 6.7029e+01 
52.0 7.0194e+01 -1.1988e+01 0.0000e+00 0.0000e+00 -1.1988e+01 6.6532e+01 0.0000e+00 0.0000e+00 0.0000e+00 0.0000e+00 6.4583e+01 -2.7000e+00 0.0000e+00 0.0000e+00 2.7000e+00 6.4102e+01 
53.0 6.7567e+01 -1.2044e+01 0.0000e+00 0.0000e+00 -1.2044e+01 6.3923e+01 0.0000e+00 0.0000e+00 0.0000e+00 0.0000e+00 6.1730e+01 -2.5446e+00 0.0000e+00 0.0000e+00 2.5446e+00 6.1296e+01 
54.0 6.5055e+01 -1.2091e+01 0.0000e+00 0.0000e+00 -1.2091e+01 6.1428e+01 0.0000e+00 0.0000e+00 0.0000e+00 0.0000e+00 5.8994e+01 -2.3896e+00 0.0000e+00 0.0000e+00 2.3896e+00 5.8606e+01 
55.0 6.2652e+01 -1.2129e+01 0.0000e+00 0.0000e+00 -1.2129e+01 5.9043e+01 0.0000e+00 0.0000e+00 0.0000e+00 0.0000e+00 5.6371e+01 -2.2354e+00 0.0000e+00 0.0000e+00 2.2354e+00 5.6027e+01 
56.0 6.0354e+01 -1.2157e+01 0.0000e+00 0.0000e+00 -1.2157e+01 5.6762e+01 0.0000e+00 0.0000e+00 0.0000e+00 0.0000e+00 5.3855e+01 -2.0822e+00 0.0000e+00 0.0000e+00 2.0822e+00 5.3555e+01 
57.0 5.8156e+01 -1.2176e+01 0.0000e+00 0.0000e+00 -1.2176e+01 5.4581e+01 0.0000e+00 0.0000e+00 0.0000e+00 0.0000e+00 5.1442e+01 -1.9301e+00 0.0000e+00 0.0000e+00 1.9301e+00 5.1185e+01 
58.0 5.6054e+01 -1.2186e+01 0.0000e+00 0.0000e+00 -1.2186e+01 5.2495e+01 0.0000e+00 0.0000e+00 0.0000e+00 0.0000e+00 4.9127e+01 -1.7795e+00 0.0000e+00 0.0000e+00 1.7795e+00 4.8914e+01 
59.0 5.4043e+01 -1.2188e+01 0.0000e+00 0.0000e+00 -1.2188e+01 5.0501e+01 0.0000e+00 0.0000e+00 0.0000e+00 0.0000e+00 4.6907e+01 -1.6306e+00 0.0000e+00 0.0000e+00 1.6306e+00 4.6735e+01 
60.0 5.2120e+01 -1.2182e+01 0.0000e+00 0.0000e+00 -1.2182e+01 4.8593e+01 0.0000e+00 0.0000e+00 0.0000e+00 0.0000e+00 4.4777e+01 -1.4833e+00 0.0000e+00 0.0000e+00 1.4833e+00 4.4646e+01 
61.0 5.0280e+01 -1.2168e+01 0.0000e+00 0.0000e+00 -1.2168e+01 4.6768e+01 0.0000e+00 0.0000e+00 0.0000e+00 0.0000e+00 4.2732e+01 -1.3378e+00 0.0000e+00 0.0000e+00 1.3378e+00 4.2642e+01 
62.0 4.8520e+01 -1.2146e+01 0.0000e+00 0.0000e+00 -1.2146e+01 4.5023e+01 0.0000e+00 0.0000e+00 0.0000e+00 0.0000e+00 4.0770e+01 -1.1943e+00 0.0000e+00 0.0000e+00 1.1943e+00 4.0721e+01 
63.0 4.6836e+01 -1.2116e+01 0.0000e+00 0.0000e+00 -1.2116e+01 4.3354e+01 0.0000e+00 0.0000e+00 0.0000e+00 0.0000e+00 3.8888e+01 -1.0529e+00 0.0000e+00 0.0000e+00 1.0529e+00 3.8878e+01 
64.0 4.5225e+01 -1.2080e+01 0.0000e+00 0.0000e+00 -1.2080e+01 4.1758e+01 0.0000e+00 0.0000e+00 0.0000e+00 0.0000e+00 3.7081e+01 -9.1378e-01 0.0000e+00 0.0000e+00 9.1378e-01 3.7109e+01 
65.0 4.3685e+01 -1.2037e+01 0.0000e+00 0.0000e+00 -1.2037e+01 4.0231e+01 0.0000e+00 0.0000e+00 0.0000e+00 0.0000e+00 3.5346e+01 -7.7712e-01 0.0000e+00 0.0000e+00 7.7712e-01 3.5413e+01 
66.0 4.2212e+01 -1.1987e+01 0.0000e+00 0.0000e+00 -1.1987e+01 3.8772e+01 0.0000e+00 0.0000e+00 0.0000e+00 0.0000e+00 3.3681e+01 -6.4303e-01 0.0000e+00 0.0000e+00 6.4303e-01 3.3786e+01 
67.0 4.0804e+01 -1.1931e+01 0.0000e+00 0.0000e+00 -1.1931e+01 3.7377e+01 0.0000e+00 0.0000e+00 0.0000e+00 0.0000e+00 3.2083e+01 -5.1163e-01 0.0000e+00 0.0000e+00 5.1163e-01 3.2225e+01 
68.0 3.9456e+01 -1.1868e+01 0.0000e+00 0.0000e+00 -1.1868e+01 3.6042e+01 0.0000e+00 0.0000e+00 0.0000e+00 0.0000e+00 3.0548e+01 -3.8308e-01 0.0000e+00 0.0000e+00 3.8308e-01 3.0728e+01 
69.0 3.8168e+01 -1.1800e+01 0.0000e+00 0.0000e+00 -1.1800e+01 3.4767e+01 0.0000e+00 0.0000e+00 0.0000e+00 0.0000e+00 2.9075e+01 -2.5752e-01 0.0000e+00 0.0000e+00 2.5752e-01 2.9290e+01 
70.0 3.6935e+01 -1.1726e+01 0.0000e+00 0.0000e+00 -1.1726e+01 3.3547e+01 0.0000e+00 0.0000e+00 0.0000e+00 0.0000e+00 2.7659e+01 -1.3501e-01 0.0000e+00 0.0000e+00 1.3501e-01 2.7910e+01 
71.0 3.5756e+01 -1.1646e+01 0.0000e+00 0.0000e+00 -1.1646e+01 3.2381e+01 0.0000e+00 0.0000e+00 0.0000e+00 0.0000e+00 2.6299e+01 -1.5654e-02 0.0000e+00 0.0000e+00 1.5654e-02 2.6585e+01 
72.0 3.4628e+01 -1.1562e+01 0.0000e+00 0.0000e+00 -1.1562e+01 3.1265e+01 0.0000e+00 0.0000e+00 0.0000e+00 0.0000e+00 2.4992e+01 1.0048e-01 0.0000e+00 0.0000e+00 -1.0048e-01 2.5313e+01 
73.0 3.3550e+01 -1.1472e+01 0.0000e+00 0.0000e+00 -1.1472e+01 3.0199e+01 0.0000e+00 0.0000e+00 0.0000e+00 0.0000e+00 2.3736e+01 2.1335e-01 0.0000e+00 0.0000e+00 -2.1335e-01 2.4091e+01 
74.0 3.2518e+01 -1.1378e+01 0.0000e+00 0.0000e+00 -1.1378e+01 2.9179e+01 0.0000e+00 0.0000e+00 0.0000e+00 0.0000e+00 2.2529e+01 3.2292e-01 0.0000e+00 0.0000e+00 -3.2292e-01 2.2918e+01 
75.0 3.1531e+01 -1.1279e+01 0.0000e+00 0.0000e+00 -1.1279e+01 2.8204e+01 0.0000e+00 0.0000e+00 0.0000e+00 0.0000e+00 2.1369e+01 4.2919e-01 0.0000e+00 0.0000e+00 -4.2919e-01 2.1790e+01 
76.0 3.0586e+01 -1.1175e+01 0.0000e+00 0.0000e+00 -1.1175e+01 2.7272e+01 0.0000e+00 0.0000e+00 0.0000e+00 0.0000e+00 2.0253e+01 5.3215e-01 0.0000e+00 0.0000e+00 -5.3215e-01 2.0707e+01 
77.0 2.9683e+01 -1.1068e+01 0.0000e+00 0.0000e+00 -1.1068e+01 2.6381e+01 0.0000e+00 0.0000e+00 0.0000e+00 0.0000e+00 1.9180e+01 6.3178e-01 0.0000e+00 0.0000e+00 -6.3178e-01 1.9666e+01 
78.0 2.8819e+01 -1.0957e+01 0.0000e+00 0.0000e+00 -1.0957e+01 2.5529e+01 0.0000e+00 0.0000e+00 0.0000e+00 0.0000e+00 1.8148e+01 7.2810e-01 0.0000e+00 0.0000e+00 -7.2810e-01 1.8666e+01 
79.0 2.7992e+01 -1.0843e+01 0.0000e+00 0.0000e+00 -1.0843e+01 2.4715e+01 0.0000e+00 0.0000e+00 0.0000e+00 0.0000e+00 1.7156e+01 8.2111e-01 0.0000e+00 0.0000e+00 -8.2111e-01 1.7704e+01 
80.0 2.7201e+01 -1.0725e+01 0.0000e+00 0.0000e+00 -1.0725e+01 2.3937e+01 0.0000e+00 0.0000e+00 0.0000e+00 0.0000e+00 1.6200e+01 9.1082e-01 0.0000e+00 0.0000e+00 -9.1082e-01 1.6779e+01 
81.0 2.6445e+01 -1.0604e+01 0.0000e+00 0.0000e+00 -1.0604e+01 2.3193e+01 0.0000e+00 0.0000e+00 0.0000e+00 0.0000e+00 1.5281e+01 9.9725e-01 0.0000e+00 0.0000e+00 -9.9725e-01 1.5890e+01 
82.0 2.5721e+01 -1.0479e+01 0.0000e+00 0.0000e+00 -1.0479e+01 2.2481e+01 0.0000e+00 0.0000e+00 0.0000e+00 0.0000e+00 1.4396e+01 1.0804e+00 0.0000e+00 0.0000e+00 -1.0804e+00 1.5035e+01 
83.0 2.5029e+01 -1.0352e+01 0.0000e+00 0.0000e+00 -1.0352e+01 2.1801e+01 0.0000e+00 0.0000e+00 0.0000e+00 0.0000e+00 1.3545e+01 1.1604e+00 0.0000e+00 0.0000e+00 -1.1604e+00 1.4212e+01 
84.0 2.4367e+01 -1.0222e+01 0.0000e+00 0.0000e+00 -1.0222e+01 2.1152e+01 0.0000e+00 0.0000e+00 0.0000e+00 0.0000e+00 1.2725e+01 1.2372e+00 0.0000e+00 0.0000e+00 -1.2372e+00 1.3421e+01 
85.0 2.3734e+01 -1.0090e+01 0.0000e+00 0.0000e+00 -1.0090e+01 2.0531e+01 0.0000e+00 0.0000e+00 0.0000e+00 0.0000e+00 1.1935e+01 1.3108e+00 0.0000e+00 0.0000e+00 -1.3108e+00 1.2659e+01 
86.0 2.3129e+01 -9.9553e+00 0.0000e+00 0.0000e+00 -9.9553e+00 1.9937e+01 0.0000e+00 0.0000e+00 0.0000e+00 0.0000e+00 1.1174e+01 1.3815e+00 0.0000e+00 0.0000e+00 -1.3815e+00 1.1926e+01 
87.0 2.2550e+01 -9.8185e+00 0.0000e+00 0.0000e+00 -9.8185e+00 1.9371e+01 0.0000e+00 0.0000e+00 0.0000e+00 0.0000e+00 1.0441e+01 1.4491e+00 0.0000e+00 0.0000e+00 -1.4491e+00 1.1220e+01 
88.0 2.1996e+01 -9.6798e+00 0.0000e+00 0.0000e+00 -9.6798e+00 1.8829e+01 0.0000e+00 0.0000e+00 0.0000e+00 0.0000e+00 9.7351e+00 1.5137e+00 0.0000e+00 0.0000e+00 -1.5137e+00 1.0540e+01 
89.0 2.1467e+01 -9.5393e+00 0.0000e+00 0.0000e+00 -9.5393e+00 1.8312e+01 0.0000e+00 0.0000e+00 0.0000e+00 0.0000e+00 9.0547e+00 1.5754e+00 0.0000e+00 0.0000e+00 -1.5754e+00 9.8859e+00 
90.0 2.0960e+01 -9.3971e+00 0.0000e+00 0.0000e+00 -9.3971e+00 1.7818e+01 0.0000e+00 0.0000e+00 0.0000e+00 0.0000e+00 8.3990e+00 1.6340e+00 0.0000e+00 0.0000e+00 -1.6340e+00 9.2554e+00 
91.0 2.0476e+01 -9.2534e+00 0.0000e+00 0.0000e+00 -9.2534e+00 1.7347e+01 0.0000e+00 0.0000e+00 0.0000e+00 0.0000e+00 7.7668e+00 1.6897e+00 0.0000e+00 0.0000e+00 -1.6897e+00 8.6479e+00 
92.0 2.0014e+01 -9.1082e+00 0.0000e+00 0.0000e+00 -9.1082e+00 1.6896e+01 0.0000e+00 0.0000e+00 0.0000e+00 0.0000e+00 7.1573e+00 1.7424e+00 0.0000e+00 0.0000e+00 -1.7424e+00 8.0623e+00 
93.0 1.9571e+01 -8.9616e+00 0.0000e+00 0.0000e+00 -8.9616e+00 1.6466e+01 0.0000e+00 0.0000e+00 0.0000e+00 0.0000e+00 6.5695e+00 1.7922e+00 0.0000e+00 0.0000e+00 -1.7922e+00 7.4977e+00 
94.0 1.9149e+01 -8.8138e+00 0.0000e+00 0.0000e+00 -8.8138e+00 1.6056e+01 0.0000e+00 0.0000e+00 0.0000e+00 0.0000e+00 6.0025e+00 1.8390e+00 0.0000e+00 0.0000e+00 -1.8390e+00 6.9532e+00 
95.0 1.8745e+01 -8.6647e+00 0.0000e+00 0.0000e+00 -8.6647e+00 1.5665e+01 0.0000e+00 0.0000e+00 0.0000e+00 0.0000e+00 5.4556e+00 1.8830e+00 0.0000e+00 0.0000e+00 -1.8830e+00 6.4278e+00 
96.0 1.8359e+01 -8.5146e+00 0.0000e+00 0.0000e+00 -8.5146e+00 1.5292e+01 0.0000e+00 0.0000e+00 0.0000e+00 0.0000e+00 4.9279e+00 1.9241e+00 0.0000e+00 0.0000e+00 -1.9241e+00 5.9208e+00 
97.0 1.7990e+01 -8.3634e+00 0.0000e+00 0.0000e+00 -8.3634e+00 1.4937e+01 0.0000e+00 0.0000e+00 0.0000e+00 0.0000e+00 4.4186e+00 1.9624e+00 0.0000e+00 0.0000e+00 -1.9624e+00 5.4315e+00 
98.0 1.7638e+01 -8.2112e+00 0.0000e+00 0.0000e+00 -8.2112e+00 1.4599e+01 0.0000e+00 0.0000e+00 0.0000e+00 0.0000e+00 3.9271e+00 1.9981e+00 0.0000e+00 0.0000e+00 -1.9981e+00 4.9589e+00 
99.0 1.7302e+01 -8.0580e+00 0.0000e+00 0.0000e+00 -8.0580e+00 1.4277e+01 0.0000e+00 0.0000e+00 0.0000e+00 0.0000e+00 3.4526e+00 2.0312e+00 0.0000e+00 0.0000e+00 -2.0312e+00 4.5025e+00 
100.0 1.6981e+01 -7.9039e+00 0.0000e+00 0.0000e+00 -7.9039e+00 1.3970e+01 0.0000e+00 0.0000e+00 0.0000e+00 0.0000e+00 2.9946e+00 2.0617e+00 0.0000e+00 0.0000e+00 -2.0617e+00 4.0615e+00 
101.0 1.6675e+01 -7.7490e+00 0.0000e+00 0.0000e+00 -7.7490e+00 1.3679e+01 0.0000e+00 0.0000e+00 0.0000e+00 0.0000e+00 2.5523e+00 2.0896e+00 0.0000e+00 0.0000e+00 -2.0896e+00 3.6352e+00 
102.0 1.6383e+01 -7.5934e+00 0.0000e+00 0.0000e+00 -7.5934e+00 1.3403e+01 0.0000e+00 0.0000e+00 0.0000e+00 0.0000e+00 2.1250e+00 2.1151e+00 0.0000e+00 0.0000e+00 -2.1151e+00 3.2231e+00 
103.0 1.6105e+01 -7.4371e+00 0.0000e+00 0.0000e+00 -7.4371e+00 1.3140e+01 0.0000e+00 0.0000e+00 0.0000e+00 0.0000e+00 1.7122e+00 2.1381e+00 0.0000e+00 0.0000e+00 -2.1381e+00 2.8245e+00 
104.0 1.5840e+01 -7.2803e+00 0.0000e+00 0.0000e+00 -7.2803e+00 1.2891e+01 0.0000e+00 0.0000e+00 0.0000e+00 0.0000e+00 1.3133e+00 2.1587e+00 0.0000e+00 0.0000e+00 -2.1587e+00 2.4387e+00 
105.0 1.5588e+01 -7.1229e+00 0.0000e+00 0.0000e+00 -7.1229e+00 1.2655e+01 0.0000e+00 0.0000e+00 0.0000e+00 0.0000e+00 9.2758e-01 2.1769e+00 0.0000e+00 0.0000e+00 -2.1769e+00 2.0653e+00 
106.0 1.5348e+01 -6.9651e+00 0.0000e+00 0.0000e+00 -6.9651e+00 1.2432e+01 0.0000e+00 0.0000e+00 0.0000e+00 0.0000e+00 5.5461e-01 2.1927e+00 0.0000e+00 0.0000e+00 -2.1927e+00 1.7037e+00 
107.0 1.5119e+01 -6.8068e+00 0.0000e+00 0.0000e+00 -6.8068e+00 1.2220e+01 0.0000e+00 0.0000e+00 0.0000e+00 0.0000e+00 1.9383e-01 2.2062e+00 0.0000e+00 0.0000e+00 -2.2062e+00 1.3534e+00 
108.0 1.4902e+01 -6.6481e+00 0.0000e+00 0.0000e+00 -6.6481e+00 1.2021e+01 0.0000e+00 0.0000e+00 0.0000e+00 0.0000e+00 -1.5526e-01 2.2175e+00 0.0000e+00 0.0000e+00 -2.2175e+00 1.0138e+00 
109.0 1.4696e+01 -6.4891e+00 0.0000e+00 0.0000e+00 -6.4891e+00 1.1832e+01 0.0000e+00 0.0000e+00 0.0000e+00 0.0000e+00 -4.9314e-01 2.2265e+00 0.0000e+00 0.0000e+00 -2.2265e+00 6.8463e-01 
110.0 1.4500e+01 -6.3297e+00 0.0000e+00 0.0000e+00 -6.3297e+00 1.1654e+01 0.0000e+00 0.0000e+00 0.0000e+00 0.0000e+00 -8.2025e-01 2.2335e+00 0.0000e+00 0.0000e+00 -2.2335e+00 3.6530e-01 
111.0 1.4315e+01 -6.1701e+00 0.0000e+00 0.0000e+00 -6.1701e+00 1.1487e+01 0.0000e+00 0.0000e+00 0.0000e+00 0.0000e+00 -1.1370e+00 2.2384e+00 0.0000e+00 0.0000e+00 -2.2384e+00 5.5460e-02 
112.0 1.4139e+01 -6.0102e+00 0.0000e+00 0.0000e+00 -6.0102e+00 1.1330e+01 0.0000e+00 0.0000e+00 0.0000e+00 0.0000e+00 -1.4438e+00 2.2415e+00 0.0000e+00 0.0000e+00 -2.2415e+00 -2.4526e-01 
113.0 1.3972e+01 -5.8502e+00 0.0000e+00 0.0000e+00 -5.8502e+00 1.1183e+01 0.0000e+00 0.0000e+00 0.0000e+00 0.0000e+00 -1.7411e+00 2.2426e+00 0.0000e+00 0.0000e+00 -2.2426e+00 -5.3723e-01 
114.0 1.3815e+01 -5.6902e+00 0.0000e+00 0.0000e+00 -5.6902e+00 1.1045e+01 0.0000e+00 0.0000e+00 0.0000e+00 0.0000e+00 -2.0292e+00 2.2420e+00 0.0000e+00 0.0000e+00 -2.2420e+00 -8.2082e-01 
115.0 1.3667e+01 -5.5303e+00 0.0000e+00 0.0000e+00 -5.5303e+00 1.0917e+01 0.0000e+00 0.0000e+00 0.0000e+00 0.0000e+00 -2.3085e+00 2.2396e+00 0.0000e+00 0.0000e+00 -2.2396e+00 -1.0964e+00 
116.0 1.3527e+01 -5.3706e+00 0.0000e+00 0.0000e+00 -5.3706e+00 1.0797e+01 0.0000e+00 0.0000e+00 0.0000e+00 0.0000e+00 -2.5793e+00 2.2355e+00 0.0000e+00 0.0000e+00 -2.2355e+00 -1.3642e+00 
117.0 1.3395e+01 -5.2110e+00 0.0000e+00 0.0000e+00 -5.2110e+00 1.0686e+01 0.0000e+00 0.0000e+00 0.0000e+00 0.0000e+00 -2.8420e+00 2.2298e+00 0.0000e+00 0.0000e+00 -2.2298e+00 -1.6245e+00 
118.0 1.3272e+01 -5.0518e+00 0.0000e+00 0.0000e+00 -5.0518e+00 1.0584e+01 0.0000e+00 0.0000e+00 0.0000e+00 0.0000e+00 -3.0969e+00 2.2225e+00 0.0000e+00 0.0000e+00 -2.2225e+00 -1.8777e+00 
119.0 1.3156e+01 -4.8930e+00 0.0000e+00 0.0000e+00 -4.8930e+00 1.0489e+01 0.0000e+00 0.0000e+00 0.0000e+00 0.0000e+00 -3.3443e+00 2.2135e+00 0.0000e+00 0.0000e+00 -2.2135e+00 -2.1239e+00 
120.0 1.3048e+01 -4.7348e+00 0.0000e+00 0.0000e+00 -4.7348e+00 1.0402e+01 0.0000e+00 0.0000e+00 0.0000e+00 0.0000e+00 -3.5845e+00 2.2029e+00 0.0000e+00 0.0000e+00 -2.2029e+00 -2.3635e+00 
121.0 1.2948e+01 -4.5771e+00 0.0000e+00 0.0000e+00 -4.5771e+00 1.0322e+01 0.0000e+00 0.0000e+00 0.0000e+00 0.0000e+00 -3.8177e+00 2.1907e+00 0.0000e+00 0.0000e+00 -2.1907e+00 -2.5967e+00 
122.0 1.2854e+01 -4.4202e+00 0.0000e+00 0.0000e+00 -4.4202e+00 1.0250e+01 0.0000e+00 0.0000e+00 0.0000e+00 0.0000e+00 -4.0443e+00 2.1767e+00 0.0000e+00 0.0000e+00 -2.1767e+00 -2.8236e+00 
123.0 1.2767e+01 -4.2640e+00 0.0000e+00 0.0000e+00 -4.2640e+00 1.0184e+01 0.0000e+00 0.0000e+00 0.0000e+00 0.0000e+00 -4.2646e+00 2.1609e+00 0.0000e+00 0.0000e+00 -2.1609e+00 -3.0445e+00 
124.0 1.2686e+01 -4.1085e+00 0.0000e+00 0.0000e+00 -4.1085e+00 1.0125e+01 0.0000e+00 0.0000e+00 0.0000e+00 0.0000e+00 -4.4787e+00 2.1435e+00 0.0000e+00 0.0000e+00 -2.1435e+00 -3.2597e+00 
125.0 1.2612e+01 -3.9538e+00 0.0000e+00 0.0000e+00 -3.9538e+00 1.0072e+01 0.0000e+00 0.0000e+00 0.0000e+00 0.0000e+00 -4.6871e+00 2.1244e+00 0.0000e+00 0.0000e+00 -2.1244e+00 -3.4694e+00 
126.0 1.2544e+01 -3.8001e+00 0.0000e+00 0.0000e+00 -3.8001e+00 1.0025e+01 0.0000e+00 0.0000e+00 0.0000e+00 0.0000e+00 -4.8900e+00 2.1036e+00 0.0000e+00 0.0000e+00 -2.1036e+00 -3.6739e+00 
127.0 1.2482e+01 -3.6474e+00 0.0000e+00 0.0000e+00 -3.6474e+00 9.9844e+00 0.0000e+00 0.0000e+00 0.0000e+00 0.0000e+00 -5.0876e+00 2.0812e+00 0.0000e+00 0.0000e+00 -2.0812e+00 -3.8732e+00 
128.0 1.2426e+01 -3.4960e+00 0.0000e+00 0.0000e+00 -3.4960e+00 9.9490e+00 0.0000e+00 0.0000e+00 0.0000e+00 0.0000e+00 -5.2801e+00 2.0571e+00 0.0000e+00 0.0000e+00 -2.0571e+00 -4.0677e+00 
129.0 1.2375e+01 -3.3459e+00 0.0000e+00 0.0000e+00 -3.3459e+00 9.9189e+00 0.0000e+00 0.0000e+00 0.0000e+00 0.0000e+00 -5.4678e+00 2.0314e+00 0.0000e+00 0.0000e+00 -2.0314e+00 -4.2575e+00 
130.0 1.2330e+01 -3.1973e+00 0.0000e+00 0.0000e+00 -3.1973e+00 9.8940e+00 0.0000e+00 0.0000e+00 0.0000e+00 0.0000e+00 -5.6508e+00 2.0040e+00 0.0000e+00 0.0000e+00 -2.0040e+00 -4.4426e+00 
131.0 1.2289e+01 -3.0503e+00 0.0000e+00 0.0000e+00 -3.0503e+00 9.8742e+00 0.0000e+00 0.0000e+00 0.0000e+00 0.0000e+00 -5.8292e+00 1.9750e+00 0.0000e+00 0.0000e+00 -1.9750e+00 -4.6232e+00 
132.0 1.2254e+01 -2.9049e+00 0.0000e+00 0.0000e+00 -2.9049e+00 9.8593e+00 0.0000e+00 0.0000e+00 0.0000e+00 0.0000e+00 -6.0033e+00 1.9442e+00 0.0000e+00 0.0000e+00 -1.9442e+00 -4.7995e+00 
133.0 1.2224e+01 -2.7611e+00 0.0000e+00 0.0000e+00 -2.7611e+00 9.8492e+00 0.0000e+00 0.0000e+00 0.0000e+00 0.0000e+00 -6.1731e+00 1.9118e+00 0.0000e+00 0.0000e+00 -1.9118e+00 -4.9717e+00 
134.0 1.2199e+01 -2.6191e+00 0.0000e+00 0.0000e+00 -2.6191e+00 9.8439e+00 0.0000e+00 0.0000e+00 0.0000e+00 0.0000e+00 -6.3388e+00 1.8777e+00 0.0000e+00 0.0000e+00 -1.8777e+00 -5.1397e+00 
135.0 1.2179e+01 -2.4789e+00 0.0000e+00 0.0000e+00 -2.4789e+00 9.8431e+00 0.0000e+00 0.0000e+00 0.0000e+00 0.0000e+00 -6.5006e+00 1.8419e+00 0.0000e+00 0.0000e+00 -1.8419e+00 -5.3039e+00 
136.0 1.2164e+01 -2.3406e+00 0.0000e+00 0.0000e+00 -2.3406e+00 9.8468e+00 0.0000e+00 0.0000e+00 0.0000e+00 0.0000e+00 -6.6585e+00 1.8045e+00 0.0000e+00 0.0000e+00 -1.8045e+00 -5.4644e+00 
137.0 1.2152e+01 -2.2042e+00 0.0000e+00 0.0000e+00 -2.2042e+00 9.8546e+00 0.0000e+00 0.0000e+00 0.0000e+00 0.0000e+00 -6.8129e+00 1.7654e+00 0.0000e+00 0.0000e+00 -1.7654e+00 -5.6213e+00 
138.0 1.2146e+01 -2.0698e+00 0.0000e+00 0.0000e+00 -2.0698e+00 9.8665e+00 0.0000e+00 0.0000e+00 0.0000e+00 0.0000e+00 -6.9637e+00 1.7246e+00 0.0000e+00 0.0000e+00 -1.7246e+00 -5.7747e+00 
139.0 1.2143e+01 -1.9375e+00 0.0000e+00 0.0000e+00 -1.9375e+00 9.8825e+00 0.0000e+00 0.0000e+00 0.0000e+00 0.0000e+00 -7.1111e+00 1.6821e+00 0.0000e+00 0.0000e+00 -1.6821e+00 -5.9247e+00 
140.0 1.2145e+01 -1.8073e+00 0.0000e+00 0.0000e+00 -1.8073e+00 9.9025e+00 0.0000e+00 0.0000e+00 0.0000e+00 0.0000e+00 -7.2553e+00 1.6380e+00 0.0000e+00 0.0000e+00 -1.6380e+00 -6.0715e+00 
141.0 1.2151e+01 -1.6791e+00 0.0000e+00 0.0000e+00 -1.6791e+00 9.9265e+00 0.0000e+00 0.0000e+00 0.0000e+00 0.0000e+00 -7.3964e+00 1.5924e+00 0.0000e+00 0.0000e+00 -1.5924e+00 -6.2150e+00 
142.0 1.2162e+01 -1.5531e+00 0.0000e+00 0.0000e+00 -1.5531e+00 9.9545e+00 0.0000e+00 0.0000e+00 0.0000e+00 0.0000e+00 -7.5344e+00 1.5455e+00 0.0000e+00 0.0000e+00 -1.5455e+00 -6.3553e+00 
143.0 1.2176e+01 -1.4295e+00 0.0000e+00 0.0000e+00 -1.4295e+00 9.9865e+00 0.0000e+00 0.0000e+00 0.0000e+00 0.0000e+00 -7.6698e+00 1.4974e+00 0.0000e+00 0.0000e+00 -1.4974e+00 -6.4925e+00 
144.0 1.2196e+01 -1.3084e+00 0.0000e+00 0.0000e+00 -1.3084e+00 1.0022e+01 0.0000e+00 0.0000e+00 0.0000e+00 0.0000e+00 -7.8025e+00 1.4479e+00 0.0000e+00 0.0000e+00 -1.4479e+00 -6.6266e+00 
145.0 1.2220e+01 -1.1900e+00 0.0000e+00 0.0000e+00 -1.1900e+00 1.0061e+01 0.0000e+00 0.0000e+00 0.0000e+00 0.0000e+00 -7.9328e+00 1.3970e+00 0.0000e+00 0.0000e+00 -1.3970e+00 -6.7578e+00 
146.0 1.2248e+01 -1.0746e+00 0.0000e+00 0.0000e+00 -1.0746e+00 1.0104e+01 0.0000e+00 0.0000e+00 0.0000e+00 0.0000e+00 -8.0609e+00 1.3445e+00 0.0000e+00 0.0000e+00 -1.3445e+00 -6.8859e+00 
147.0 1.2280e+01 -9.6211e-01 0.0000e+00 0.0000e+00 -9.6211e-01 1.0149e+01 0.0000e+00 0.0000e+00 0.0000e+00 0.0000e+00 -8.1871e+00 1.2903e+00 0.0000e+00 0.0000e+00 -1.2903e+00 -7.0112e+00 
148.0 1.2317e+01 -8.5274e-01 0.0000e+00 0.0000e+00 -8.5274e-01 1.0198e+01 0.0000e+00 0.0000e+00 0.0000e+00 0.0000e+00 -8.3117e+00 1.2344e+00 0.0000e+00 0.0000e+00 -1.2344e+00 -7.1335e+00 
149.0 1.2358e+01 -7.4662e-01 0.0000e+00 0.0000e+00 -7.4662e-01 1.0250e+01 0.0000e+00 0.0000e+00 0.0000e+00 0.0000e+00 -8.4348e+00 1.1769e+00 0.0000e+00 0.0000e+00 -1.1769e+00 -7.2531e+00 
150.0 1.2404e+01 -6.4403e-01 0.0000e+00 0.0000e+00 -6.4403e-01 1.0305e+01 0.0000e+00 0.0000e+00 0.0000e+00 0.0000e+00 -8.5568e+00 1.1178e+00 0.0000e+00 0.0000e+00 -1.1178e+00 -7.3699e+00 
151.0 1.2455e+01 -5.4538e-01 0.0000e+00 0.0000e+00 -5.4538e-01 1.0363e+01 0.0000e+00 0.0000e+00 0.0000e+00 0.0000e+00 -8.6782e+00 1.0569e+00 0.0000e+00 0.0000e+00 -1.0569e+00 -7.4840e+00 
152.0 1.2510e+01 -4.5124e-01 0.0000e+00 0.0000e+00 -4.5124e-01 1.0423e+01 0.0000e+00 0.0000e+00 0.0000e+00 0.0000e+00 -8.7992e+00 9.9378e-01 0.0000e+00 0.0000e+00 -9.9378e-01 -7.5957e+00 
153.0 1.2569e+01 -3.6218e-01 0.0000e+00 0.0000e+00 -3.6218e-01 1.0485e+01 0.0000e+00 0.0000e+00 0.0000e+00 0.0000e+00 -8.9203e+00 9.2794e-01 0.0000e+00 0.0000e+00 -9.2794e-01 -7.7048e+00 
154.0 1.2631e+01 -2.7872e-01 0.0000e+00 0.0000e+00 -2.7872e-01 1.0547e+01 0.0000e+00 0.0000e+00 0.0000e+00 0.0000e+00 -9.0419e+00 8.5883e-01 0.0000e+00 0.0000e+00 -8.5883e-01 -7.8114e+00 
155.0 1.2697e+01 -2.0131e-01 0.0000e+00 0.0000e+00 -2.0131e-01 1.0610e+01 0.0000e+00 0.0000e+00 0.0000e+00 0.0000e+00 -9.1644e+00 7.8625e-01 0.0000e+00 0.0000e+00 -7.8625e-01 -7.9154e+00 
156.0 1.2767e+01 -1.3038e-01 0.0000e+00 0.0000e+00 -1.3038e-01 1.0673e+01 0.0000e+00 0.0000e+00 0.0000e+00 0.0000e+00 -9.2881e+00 7.1033e-01 0.0000e+00 0.0000e+00 -7.1033e-01 -8.0165e+00 
157.0 1.2842e+01 -6.6402e-02 0.0000e+00 0.0000e+00 -6.6402e-02 1.0738e+01 0.0000e+00 0.0000e+00 0.0000e+00 0.0000e+00 -9.4133e+00 6.3139e-01 0.0000e+00 0.0000e+00 -6.3139e-01 -8.1146e+00 
158.0 1.2923e+01 -9.8872e-03 0.0000e+00 0.0000e+00 -9.8872e-03 1.0803e+01 0.0000e+00 0.0000e+00 0.0000e+00 0.0000e+00 -9.5404e+00 5.4968e-01 0.0000e+00 0.0000e+00 -5.4968e-01 -8.2094e+00 
159.0 1.3008e+01 3.8717e-02 0.0000e+00 0.0000e+00 3.8717e-02 1.0870e+01 0.0000e+00 0.0000e+00 0.0000e+00 0.0000e+00 -9.6698e+00 4.6535e-01 0.0000e+00 0.0000e+00 -4.6535e-01 -8.3009e+00 
160.0 1.3100e+01 7.9145e-02 0.0000e+00 0.0000e+00 7.9145e-02 1.0936e+01 0.0000e+00 0.0000e+00 0.0000e+00 0.0000e+00 -9.8021e+00 3.7857e-01 0.0000e+00 0.0000e+00 -3.7857e-01 -8.3887e+00 
161.0 1.3198e+01 1.1129e-01 0.0000e+00 0.0000e+00 1.1129e-01 1.1004e+01 0.0000e+00 0.0000e+00 0.0000e+00 0.0000e+00 -9.9380e+00 2.8958e-01 0.0000e+00 0.0000e+00 -2.8958e-01 -8.4728e+00 
162.0 1.3305e+01 1.3516e-01 0.0000e+00 0.0000e+00 1.3516e-01 1.1072e+01 0.0000e+00 0.0000e+00 0.0000e+00 0.0000e+00 -1.0078e+01 1.9886e-01 0.0000e+00 0.0000e+00 -1.9886e-01 -8.5532e+00 
163.0 1.3421e+01 1.5091e-01 0.0000e+00 0.0000e+00 1.5091e-01 1.1143e+01 0.0000e+00 0.0000e+00 0.0000e+00 0.0000e+00 -1.0224e+01 1.0729e-01 0.0000e+00 0.0000e+00 -1.0729e-01 -8.6300e+00 
164.0 1.3549e+01 1.5883e-01 0.0000e+00 0.0000e+00 1.5883e-01 1.1217e+01 0.0000e+00 0.0000e+00 0.0000e+00 0.0000e+00 -1.0377e+01 1.6251e-02 0.0000e+00 0.0000e+00 -1.6251e-02 -8.7034e+00 
165.0 1.3692e+01 1.5936e-01 0.0000e+00 0.0000e+00 1.5936e-01 1.1296e+01 0.0000e+00 0.0000e+00 0.0000e+00 0.0000e+00 -1.0538e+01 -7.2475e-02 0.0000e+00 0.0000e+00 7.2475e-02 -8.7736e+00 
166.0 1.3852e+01 1.5289e-01 0.0000e+00 0.0000e+00 1.5289e-01 1.1383e+01 0.0000e+00 0.0000e+00 0.0000e+00 0.0000e+00 -1.0709e+01 -1.5702e-01 0.0000e+00 0.0000e+00 1.5702e-01 -8.8410e+00 
167.0 1.4031e+01 1.3977e-01 0.0000e+00 0.0000e+00 1.3977e-01 1.1478e+01 0.0000e+00 0.0000e+00 0.0000e+00 0.0000e+00 -1.0890e+01 -2.3580e-01 0.0000e+00 0.0000e+00 2.3580e-01 -8.9058e+00 
168.0 1.4231e+01 1.2044e-01 0.0000e+00 0.0000e+00 1.2044e-01 1.1584e+01 0.0000e+00 0.0000e+00 0.0000e+00 0.0000e+00 -1.1084e+01 -3.0727e-01 0.0000e+00 0.0000e+00 3.0727e-01 -8.9685e+00 
169.0 1.4455e+01 9.5848e-02 0.0000e+00 0.0000e+00 9.5848e-02 1.1699e+01 0.0000e+00 0.0000e+00 0.0000e+00 0.0000e+00 -1.1293e+01 -3.6933e-01 0.0000e+00 0.0000e+00 3.6933e-01 -9.0290e+00 
170.0 1.4706e+01 6.7643e-02 0.0000e+00 0.0000e+00 6.7643e-02 1.1828e+01 0.0000e+00 0.0000e+00 0.0000e+00 0.0000e+00 -1.1518e+01 -4.1854e-01 0.0000e+00 0.0000e+00 4.1854e-01 -9.0869e+00 
171.0 1.4989e+01 3.8286e-02 0.0000e+00 0.0000e+00 3.8286e-02 1.1971e+01 0.0000e+00 0.0000e+00 0.0000e+00 0.0000e+00 -1.1760e+01 -4.4987e-01 0.0000e+00 0.0000e+00 4.4987e-01 -9.1414e+00 
172.0 1.5308e+01 1.0671e-02 0.0000e+00 0.0000e+00 1.0671e-02 1.2134e+01 0.0000e+00 0.0000e+00 0.0000e+00 0.0000e+00 -1.2020e+01 -4.5759e-01 0.0000e+00 0.0000e+00 4.5759e-01 -9.1920e+00 
173.0 1.5666e+01 -1.2166e-02 0.0000e+00 0.0000e+00 -1.2166e-02 1.2318e+01 0.0000e+00 0.0000e+00 0.0000e+00 0.0000e+00 -1.2295e+01 -4.3696e-01 0.0000e+00 0.0000e+00 4.3696e-01 -9.2379e+00 
174.0 1.6057e+01 -2.7280e-02 0.0000e+00 0.0000e+00 -2.7280e-02 1.2523e+01 0.0000e+00 0.0000e+00 0.0000e+00 0.0000e+00 -1.2579e+01 -3.8554e-01 0.0000e+00 0.0000e+00 3.8554e-01 -9.2779e+00 
175.0 1.6468e+01 -3.2846e-02 0.0000e+00 0.0000e+00 -3.2846e-02 1.2742e+01 0.0000e+00 0.0000e+00 0.0000e+00 0.0000e+00 -1.2860e+01 -3.0610e-01 0.0000e+00 0.0000e+00 3.0610e-01 -9.3108e+00 
176.0 1.6870e+01 -2.8985e-02 0.0000e+00 0.0000e+00 -2.8985e-02 1.2961e+01 0.0000e+00 0.0000e+00 0.0000e+00 0.0000e+00 -1.3120e+01 -2.0834e-01 0.0000e+00 0.0000e+00 2.0834e-01 -9.3356e+00 
177.0 1.7223e+01 -1.8088e-02 0.0000e+00 0.0000e+00 -1.8088e-02 1.3157e+01 0.0000e+00 0.0000e+00 0.0000e+00 0.0000e+00 -1.3338e+01 -1.0923e-01 0.0000e+00 0.0000e+00 1.0923e-01 -9.3516e+00 
178.0 1.7474e+01 -5.8708e-03 0.0000e+00 0.0000e+00 -5.8708e-03 1.3299e+01 0.0000e+00 0.0000e+00 0.0000e+00 0.0000e+00 -1.3486e+01 -3.2196e-02 0.0000e+00 0.0000e+00 3.2196e-02 -9.3601e+00 
179.0 1.7572e+01 -6.8136e-20 0.0000e+00 0.0000e+00 -6.8136e-20 1.3356e+01 0.0000e+00 0.0000e+00 0.0000e+00 0.0000e+00 -1.3543e+01 -4.5355e-19 0.0000e+00 0.0000e+00 4.5355e-19 -9.3641e+00 
180.0 1.7665e+01 0.0000e+00 0.0000e+00 0.0000e+00 0.0000e+00 1.3407e+01 0.0000e+00 0.0000e+00 0.0000e+00 0.0000e+00 -1.3594e+01 0.0000e+00 0.0000e+00 0.0000e+00 -0.0000e+00 -9.3662e+00 
