2.1460 2.1584 0.0124 0.056591
theta s11 s12 s13 s14 s21 s22 s23 s24 s31 s32 s33 s34 s41 s42 s43 s44
0.0 6.3488e+02 0.0000e+00 0.0000e+00 0.0000e+00 0.0000e+00 6.3356e+02 0.0000e+00 0.0000e+00 0.0000e+00 0.0000e+00 6.3356e+02 0.0000e+00 0.0000e+00 0.0000e+00 -0.0000e+00 6.3224e+02 
1.0 6.1612e+02 6.7015e-03 0.0000e+00 0.0000e+00 6.7015e-03 6.1480e+02 0.0000e+00 0.0000e+00 0.0000e+00 0.0000e+00 6.1480e+02 -2.1987e-01 0.0000e+00 0.0000e+00 2.1987e-01 6.1350e+02 
2.0 5.8402e+02 3.1113e-02 0.0000e+00 0.0000e+00 3.1113e-02 5.8272e+02 0.0000e+00 0.0000e+00 0.0000e+00 0.0000e+00 5.8272e+02 -8.3460e-01 0.0000e+00 0.0000e+00 8.3460e-01 5.8144e+02 
3.0 5.4295e+02 7.3722e-02 0.0000e+00 0.0000e+00 7.3722e-02 5.4167e+02 0.0000e+00 0.0000e+00 0.0000e+00 0.0000e+00 5.4167e+02 -1.7277e+00 0.0000e+00 0.0000e+00 1.7277e+00 5.4043e+02 
4.0 4.9520e+02 1.3154e-01 0.0000e+00 0.0000e+00 1.3154e-01 4.9395e+02 0.0000e+00 0.0000e+00 0.0000e+00 0.0000e+00 4.9393e+02 -2.7507e+00 0.0000e+00 0.0000e+00 2.7507e+00 4.9275e+02 
5.0 4.4488e+02 1.9710e-01 0.0000e+00 0.0000e+00 1.9710e-01 4.4366e+02 0.0000e+00 0.0000e+00 0.0000e+00 0.0000e+00 4.4361e+02 -3.7620e+00 0.0000e+00 0.0000e+00 3.7620e+00 4.4249e+02 
6.0 3.9532e+02 2.6045e-01 0.0000e+00 0.0000e+00 2.6045e-01 3.9413e+02 0.0000e+00 0.0000e+00 0.0000e+00 0.0000e+00 3.9404e+02 -4.6507e+00 0.0000e+00 0.0000e+00 4.6507e+00 3.9298e+02 
7.0 3.4882e+02 3.1198e-01 0.0000e+00 0.0000e+00 3.1198e-01 3.4765e+02 0.0000e+00 0.0000e+00 0.0000e+00 0.0000e+00 3.4752e+02 -5.3483e+00 0.0000e+00 0.0000e+00 5.3483e+00 3.4652e+02 
8.0 3.0671e+02 3.4458e-01 0.0000e+00 0.0000e+00 3.4458e-01 3.0556e+02 0.0000e+00 0.0000e+00 0.0000e+00 0.0000e+00 3.0537e+02 -5.8272e+00 0.0000e+00 0.0000e+00 5.8272e+00 3.0444e+02 
9.0 2.6954e+02 3.5453e-01 0.0000e+00 0.0000e+00 3.5453e-01 2.6841e+02 0.0000e+00 0.0000e+00 0.0000e+00 0.0000e+00 2.6817e+02 -6.0920e+00 0.0000e+00 0.0000e+00 6.0920e+00 2.6729e+02 
10.0 2.3736e+02 3.4043e-01 0.0000e+00 0.0000e+00 3.4043e-01 2.3624e+02 0.0000e+00 0.0000e+00 0.0000e+00 0.0000e+00 2.3594e+02 -6.1678e+00 0.0000e+00 0.0000e+00 6.1678e+00 2.3511e+02 
11.0 2.0983e+02 3.0339e-01 0.0000e+00 0.0000e+00 3.0339e-01 2.0873e+02 0.0000e+00 0.0000e+00 0.0000e+00 0.0000e+00 2.0838e+02 -6.0899e+00 0.0000e+00 0.0000e+00 6.0899e+00 2.0759e+02 
12.0 1.8647e+02 2.4600e-01 0.0000e+00 0.0000e+00 2.4600e-01 1.8538e+02 0.0000e+00 0.0000e+00 0.0000e+00 0.0000e+00 1.8498e+02 -5.8960e+00 0.0000e+00 0.0000e+00 5.8960e+00 1.8424e+02 
13.0 1.6675e+02 1.7116e-01 0.0000e+00 0.0000e+00 1.7116e-01 1.6566e+02 0.0000e+00 0.0000e+00 0.0000e+00 0.0000e+00 1.6522e+02 -5.6205e+00 0.0000e+00 0.0000e+00 5.6205e+00 1.6451e+02 
14.0 1.5010e+02 8.4324e-02 0.0000e+00 0.0000e+00 8.4324e-02 1.4901e+02 0.0000e+00 0.0000e+00 0.0000e+00 0.0000e+00 1.4853e+02 -5.2970e+00 0.0000e+00 0.0000e+00 5.2970e+00 1.4787e+02 
15.0 1.3603e+02 -1.2118e-02 0.0000e+00 0.0000e+00 -1.2118e-02 1.3495e+02 0.0000e+00 0.0000e+00 0.0000e+00 0.0000e+00 1.3443e+02 -4.9472e+00 0.0000e+00 0.0000e+00 4.9472e+00 1.3380e+02 
16.0 1.2408e+02 -1.1386e-01 0.0000e+00 0.0000e+00 -1.1386e-01 1.2301e+02 0.0000e+00 0.0000e+00 0.0000e+00 0.0000e+00 1.2246e+02 -4.5910e+00 0.0000e+00 0.0000e+00 4.5910e+00 1.2187e+02 
17.0 1.1388e+02 -2.1764e-01 0.0000e+00 0.0000e+00 -2.1764e-01 1.1280e+02 0.0000e+00 0.0000e+00 0.0000e+00 0.0000e+00 1.1224e+02 -4.2420e+00 0.0000e+00 0.0000e+00 4.2420e+00 1.1168e+02 
18.0 1.0509e+02 -3.2087e-01 0.0000e+00 0.0000e+00 -3.2087e-01 1.0402e+02 0.0000e+00 0.0000e+00 0.0000e+00 0.0000e+00 1.0343e+02 -3.9090e+00 0.0000e+00 0.0000e+00 3.9090e+00 1.0291e+02 
19.0 9.7455e+01 -4.2199e-01 0.0000e+00 0.0000e+00 -4.2199e-01 9.6383e+01 0.0000e+00 0.0000e+00 0.0000e+00 0.0000e+00 9.6084e+01 -3.5970e+00 0.0000e+00 0.0000e+00 3.5970e+00 9.5603e+01 
20.0 9.0747e+01 -5.2030e-01 0.0000e+00 0.0000e+00 -5.2030e-01 8.9677e+01 0.0000e+00 0.0000e+00 0.0000e+00 0.0000e+00 8.9629e+01 -3.3081e+00 0.0000e+00 0.0000e+00 3.3081e+00 8.9184e+01 
21.0 8.4794e+01 -6.1585e-01 0.0000e+00 0.0000e+00 -6.1585e-01 8.3727e+01 0.0000e+00 0.0000e+00 0.0000e+00 0.0000e+00 8.3898e+01 -3.0426e+00 0.0000e+00 0.0000e+00 3.0426e+00 8.3486e+01 
22.0 7.9460e+01 -7.0914e-01 0.0000e+00 0.0000e+00 -7.0914e-01 7.8396e+01 0.0000e+00 0.0000e+00 0.0000e+00 0.0000e+00 7.8760e+01 -2.7994e+00 0.0000e+00 0.0000e+00 2.7994e+00 7.8377e+01 
23.0 7.4642e+01 -8.0081e-01 0.0000e+00 0.0000e+00 -8.0081e-01 7.3582e+01 0.0000e+00 0.0000e+00 0.0000e+00 0.0000e+00 7.4116e+01 -2.5768e+00 0.0000e+00 0.0000e+00 2.5768e+00 7.3759e+01 
24.0 7.0263e+01 -8.9142e-01 0.0000e+00 0.0000e+00 -8.9142e-01 6.9205e+01 0.0000e+00 0.0000e+00 0.0000e+00 0.0000e+00 6.9892e+01 -2.3728e+00 0.0000e+00 0.0000e+00 2.3728e+00 6.9558e+01 
25.0 6.6264e+01 -9.8133e-01 0.0000e+00 0.0000e+00 -9.8133e-01 6.5209e+01 0.0000e+00 0.0000e+00 0.0000e+00 0.0000e+00 6.6031e+01 -2.1856e+00 0.0000e+00 0.0000e+00 2.1856e+00 6.5718e+01 
26.0 6.2599e+01 -1.0707e+00 0.0000e+00 0.0000e+00 -1.0707e+00 6.1548e+01 0.0000e+00 0.0000e+00 0.0000e+00 0.0000e+00 6.2491e+01 -2.0135e+00 0.0000e+00 0.0000e+00 2.0135e+00 6.2197e+01 
27.0 5.9231e+01 -1.1594e+00 0.0000e+00 0.0000e+00 -1.1594e+00 5.8182e+01 0.0000e+00 0.0000e+00 0.0000e+00 0.0000e+00 5.9234e+01 -1.8551e+00 0.0000e+00 0.0000e+00 1.8551e+00 5.8958e+01 
28.0 5.6126e+01 -1.2474e+00 0.0000e+00 0.0000e+00 -1.2474e+00 5.5079e+01 0.0000e+00 0.0000e+00 0.0000e+00 0.0000e+00 5.6228e+01 -1.7093e+00 0.0000e+00 0.0000e+00 1.7093e+00 5.5969e+01 
29.0 5.3253e+01 -1.3343e+00 0.0000e+00 0.0000e+00 -1.3343e+00 5.2208e+01 0.0000e+00 0.0000e+00 0.0000e+00 0.0000e+00 5.3444e+01 -1.5750e+00 0.0000e+00 0.0000e+00 1.5750e+00 5.3201e+01 
30.0 5.0584e+01 -1.4198e+00 0.0000e+00 0.0000e+00 -1.4198e+00 4.9541e+01 0.0000e+00 0.0000e+00 0.0000e+00 0.0000e+00 5.0856e+01 -1.4512e+00 0.0000e+00 0.0000e+00 1.4512e+00 5.0626e+01 
31.0 4.8094e+01 -1.5037e+00 0.0000e+00 0.0000e+00 -1.5037e+00 4.7054e+01 0.0000e+00 0.0000e+00 0.0000e+00 0.0000e+00 4.8213e+01 -1.3372e+00 0.0000e+00 0.0000e+00 1.3372e+00 4.8004e+01 
32.0 4.5764e+01 -1.5854e+00 0.0000e+00 0.0000e+00 -1.5854e+00 4.4725e+01 0.0000e+00 0.0000e+00 0.0000e+00 0.0000e+00 4.5741e+01 -1.2320e+00 0.0000e+00 0.0000e+00 1.2320e+00 4.5553e+01 
33.0 4.3576e+01 -1.6648e+00 0.0000e+00 0.0000e+00 -1.6648e+00 4.2539e+01 0.0000e+00 0.0000e+00 0.0000e+00 0.0000e+00 4.3424e+01 -1.1348e+00 0.0000e+00 0.0000e+00 1.1348e+00 4.3255e+01 
34.0 4.1516e+01 -1.7415e+00 0.0000e+00 0.0000e+00 -1.7415e+00 4.0481e+01 0.0000e+00 0.0000e+00 0.0000e+00 0.0000e+00 4.1247e+01 -1.0447e+00 0.0000e+00 0.0000e+00 1.0447e+00 4.1096e+01 
35.0 3.9574e+01 -1.8156e+00 0.0000e+00 0.0000e+00 -1.8156e+00 3.8540e+01 0.0000e+00 0.0000e+00 0.0000e+00 0.0000e+00 3.9197e+01 -9.6084e-01 0.0000e+00 0.0000e+00 9.6084e-01 3.9064e+01 
36.0 3.7740e+01 -1.8871e+00 0.0000e+00 0.0000e+00 -1.8871e+00 3.6709e+01 0.0000e+00 0.0000e+00 0.0000e+00 0.0000e+00 3.7263e+01 -8.8219e-01 0.0000e+00 0.0000e+00 8.8219e-01 3.7148e+01 
37.0 3.6009e+01 -1.9561e+00 0.0000e+00 0.0000e+00 -1.9561e+00 3.4979e+01 0.0000e+00 0.0000e+00 0.0000e+00 0.0000e+00 3.5438e+01 -8.0794e-01 0.0000e+00 0.0000e+00 8.0794e-01 3.5339e+01 
38.0 3.4374e+01 -2.0227e+00 0.0000e+00 0.0000e+00 -2.0227e+00 3.3346e+01 0.0000e+00 0.0000e+00 0.0000e+00 0.0000e+00 3.3714e+01 -7.3739e-01 0.0000e+00 0.0000e+00 7.3739e-01 3.3631e+01 
39.0 3.2830e+01 -2.0871e+00 0.0000e+00 0.0000e+00 -2.0871e+00 3.1804e+01 0.0000e+00 0.0000e+00 0.0000e+00 0.0000e+00 3.2084e+01 -6.7003e-01 0.0000e+00 0.0000e+00 6.7003e-01 3.2016e+01 
40.0 3.1373e+01 -2.1495e+00 0.0000e+00 0.0000e+00 -2.1495e+00 3.0348e+01 0.0000e+00 0.0000e+00 0.0000e+00 0.0000e+00 3.0542e+01 -6.0556e-01 0.0000e+00 0.0000e+00 6.0556e-01 3.0490e+01 
41.0 2.9996e+01 -2.2099e+00 0.0000e+00 0.0000e+00 -2.2099e+00 2.8973e+01 0.0000e+00 0.0000e+00 0.0000e+00 0.0000e+00 2.9083e+01 -5.4382e-01 0.0000e+00 0.0000e+00 5.4382e-01 2.9045e+01 
42.0 2.8696e+01 -2.2683e+00 0.0000e+00 0.0000e+00 -2.2683e+00 2.7675e+01 0.0000e+00 0.0000e+00 0.0000e+00 0.0000e+00 2.7702e+01 -4.8474e-01 0.0000e+00 0.0000e+00 4.8474e-01 2.7678e+01 
43.0 2.7466e+01 -2.3245e+00 0.0000e+00 0.0000e+00 -2.3245e+00 2.6447e+01 0.0000e+00 0.0000e+00 0.0000e+00 0.0000e+00 2.6393e+01 -4.2822e-01 0.0000e+00 0.0000e+00 4.2822e-01 2.6383e+01 
44.0 2.6302e+01 -2.3785e+00 0.0000e+00 0.0000e+00 -2.3785e+00 2.5285e+01 0.0000e+00 0.0000e+00 0.0000e+00 0.0000e+00 2.5152e+01 -3.7414e-01 0.0000e+00 0.0000e+00 3.7414e-01 2.5156e+01 
45.0 2.5200e+01 -2.4300e+00 0.0000e+00 0.0000e+00 -2.4300e+00 2.4185e+01 0.0000e+00 0.0000e+00 0.0000e+00 0.0000e+00 2.3974e+01 -3.2230e-01 0.0000e+00 0.0000e+00 3.2230e-01 2.3991e+01 
46.0 2.4155e+01 -2.4789e+00 0.0000e+00 0.0000e+00 -2.4789e+00 2.3141e+01 0.0000e+00 0.0000e+00 0.0000e+00 0.0000e+00 2.2855e+01 -2.7246e-01 0.0000e+00 0.0000e+00 2.7246e-01 2.2885e+01 
47.0 2.3163e+01 -2.5253e+00 0.0000e+00 0.0000e+00 -2.5253e+00 2.2151e+01 0.0000e+00 0.0000e+00 0.0000e+00 0.0000e+00 2.1791e+01 -2.2435e-01 0.0000e+00 0.0000e+00 2.2435e-01 2.1833e+01 
48.0 2.2221e+01 -2.5690e+00 0.0000e+00 0.0000e+00 -2.5690e+00 2.1211e+01 0.0000e+00 0.0000e+00 0.0000e+00 0.0000e+00 2.0779e+01 -1.7774e-01 0.0000e+00 0.0000e+00 1.7774e-01 2.0833e+01 
49.0 2.1327e+01 -2.6101e+00 0.0000e+00 0.0000e+00 -2.6101e+00 2.0318e+01 0.0000e+00 0.0000e+00 0.0000e+00 0.0000e+00 1.9816e+01 -1.3239e-01 0.0000e+00 0.0000e+00 1.3239e-01 1.9882e+01 
50.0 2.0477e+01 -2.6486e+00 0.0000e+00 0.0000e+00 -2.6486e+00 1.9470e+01 0.0000e+00 0.0000e+00 0.0000e+00 0.0000e+00 1.8899e+01 -8.8120e-02 0.0000e+00 0.0000e+00 8.8120e-02 1.8976e+01 
51.0 1.9669e+01 -2.6846e+00 0.0000e+00 0.0000e+00 -2.6846e+00 1.8664e+01 0.0000e+00 0.0000e+00 0.0000e+00 0.0000e+00 1.8025e+01 -4.4757e-02 0.0000e+00 0.0000e+00 4.4757e-02 1.8113e+01 
52.0 1.8902e+01 -2.7181e+00 0.0000e+00 0.0000e+00 -2.7181e+00 1.7897e+01 0.0000e+00 0.0000e+00 0.0000e+00 0.0000e+00 1.7192e+01 -2.1820e-03 0.0000e+00 0.0000e+00 2.1820e-03 1.7292e+01 
53.0 1.8173e+01 -2.7493e+00 0.0000e+00 0.0000e+00 -2.7493e+00 1.7170e+01 0.0000e+00 0.0000e+00 0.0000e+00 0.0000e+00 1.6398e+01 3.9696e-02 0.0000e+00 0.0000e+00 -3.9696e-02 1.6509e+01 
54.0 1.7481e+01 -2.7782e+00 0.0000e+00 0.0000e+00 -2.7782e+00 1.6478e+01 0.0000e+00 0.0000e+00 0.0000e+00 0.0000e+00 1.5641e+01 8.0930e-02 0.0000e+00 0.0000e+00 -8.0930e-02 1.5763e+01 
55.0 1.6823e+01 -2.8050e+00 0.0000e+00 0.0000e+00 -2.8050e+00 1.5821e+01 0.0000e+00 0.0000e+00 0.0000e+00 0.0000e+00 1.4920e+01 1.2153e-01 0.0000e+00 0.0000e+00 -1.2153e-01 1.5053e+01 
56.0 1.6198e+01 -2.8296e+00 0.0000e+00 0.0000e+00 -2.8296e+00 1.5197e+01 0.0000e+00 0.0000e+00 0.0000e+00 0.0000e+00 1.4232e+01 1.6150e-01 0.0000e+00 0.0000e+00 -1.6150e-01 1.4375e+01 
57.0 1.5605e+01 -2.8521e+00 0.0000e+00 0.0000e+00 -2.8521e+00 1.4605e+01 0.0000e+00 0.0000e+00 0.0000e+00 0.0000e+00 1.3575e+01 2.0081e-01 0.0000e+00 0.0000e+00 -2.0081e-01 1.3729e+01 
58.0 1.5042e+01 -2.8726e+00 0.0000e+00 0.0000e+00 -2.8726e+00 1.4042e+01 0.0000e+00 0.0000e+00 0.0000e+00 0.0000e+00 1.2949e+01 2.3942e-01 0.0000e+00 0.0000e+00 -2.3942e-01 1.3114e+01 
59.0 1.4506e+01 -2.8909e+00 0.0000e+00 0.0000e+00 -2.8909e+00 1.3507e+01 0.0000e+00 0.0000e+00 0.0000e+00 0.0000e+00 1.2350e+01 2.7731e-01 0.0000e+00 0.0000e+00 -2.7731e-01 1.2526e+01 
60.0 1.3998e+01 -2.9073e+00 0.0000e+00 0.0000e+00 -2.9073e+00 1.2998e+01 0.0000e+00 0.0000e+00 0.0000e+00 0.0000e+00 1.1779e+01 3.1446e-01 0.0000e+00 0.0000e+00 -3.1446e-01 1.1965e+01 
61.0 1.3515e+01 -2.9216e+00 0.0000e+00 0.0000e+00 -2.9216e+00 1.2515e+01 0.0000e+00 0.0000e+00 0.0000e+00 0.0000e+00 1.1233e+01 3.5084e-01 0.0000e+00 0.0000e+00 -3.5084e-01 1.1430e+01 
62.0 1.3055e+01 -2.9339e+00 0.0000e+00 0.0000e+00 -2.9339e+00 1.2055e+01 0.0000e+00 0.0000e+00 0.0000e+00 0.0000e+00 1.0711e+01 3.8642e-01 0.0000e+00 0.0000e+00 -3.8642e-01 1.0918e+01 
63.0 1.2618e+01 -2.9443e+00 0.0000e+00 0.0000e+00 -2.9443e+00 1.1618e+01 0.0000e+00 0.0000e+00 0.0000e+00 0.0000e+00 1.0212e+01 4.2117e-01 0.0000e+00 0.0000e+00 -4.2117e-01 1.0429e+01 
64.0 1.2203e+01 -2.9529e+00 0.0000e+00 0.0000e+00 -2.9529e+00 1.1202e+01 0.0000e+00 0.0000e+00 0.0000e+00 0.0000e+00 9.7340e+00 4.5505e-01 0.0000e+00 0.0000e+00 -4.5505e-01 9.9624e+00 
65.0 1.1808e+01 -2.9596e+00 0.0000e+00 0.0000e+00 -2.9596e+00 1.0806e+01 0.0000e+00 0.0000e+00 0.0000e+00 0.0000e+00 9.2768e+00 4.8801e-01 0.0000e+00 0.0000e+00 -4.8801e-01 9.5158e+00 
66.0 1.1432e+01 -2.9645e+00 0.0000e+00 0.0000e+00 -2.9645e+00 1.0430e+01 0.0000e+00 0.0000e+00 0.0000e+00 0.0000e+00 8.8392e+00 5.2000e-01 0.0000e+00 0.0000e+00 -5.2000e-01 9.0887e+00 
67.0 1.1074e+01 -2.9677e+00 0.0000e+00 0.0000e+00 -2.9677e+00 1.0071e+01 0.0000e+00 0.0000e+00 0.0000e+00 0.0000e+00 8.4199e+00 5.5096e-01 0.0000e+00 0.0000e+00 -5.5096e-01 8.6801e+00 
68.0 1.0733e+01 -2.9692e+00 0.0000e+00 0.0000e+00 -2.9692e+00 9.7292e+00 0.0000e+00 0.0000e+00 0.0000e+00 0.0000e+00 8.0181e+00 5.8084e-01 0.0000e+00 0.0000e+00 -5.8084e-01 8.2890e+00 
69.0 1.0408e+01 -2.9689e+00 0.0000e+00 0.0000e+00 -2.9689e+00 9.4036e+00 0.0000e+00 0.0000e+00 0.0000e+00 0.0000e+00 7.6329e+00 6.0955e-01 0.0000e+00 0.0000e+00 -6.0955e-01 7.9144e+00 
70.0 1.0099e+01 -2.9670e+00 0.0000e+00 0.0000e+00 -2.9670e+00 9.0932e+00 0.0000e+00 0.0000e+00 0.0000e+00 0.0000e+00 7.2634e+00 6.3705e-01 0.0000e+00 0.0000e+00 -6.3705e-01 7.5556e+00 
71.0 9.8043e+00 -2.9634e+00 0.0000e+00 0.0000e+00 -2.9634e+00 8.7973e+00 0.0000e+00 0.0000e+00 0.0000e+00 0.0000e+00 6.9087e+00 6.6328e-01 0.0000e+00 0.0000e+00 -6.6328e-01 7.2115e+00 
72.0 9.5232e+00 -2.9582e+00 0.0000e+00 0.0000e+00 -2.9582e+00 8.5150e+00 0.0000e+00 0.0000e+00 0.0000e+00 0.0000e+00 6.5681e+00 6.8818e-01 0.0000e+00 0.0000e+00 -6.8818e-01 6.8815e+00 
73.0 9.2549e+00 -2.9514e+00 0.0000e+00 0.0000e+00 -2.9514e+00 8.2455e+00 0.0000e+00 0.0000e+00 0.0000e+00 0.0000e+00 6.2409e+00 7.1172e-01 0.0000e+00 0.0000e+00 -7.1172e-01 6.5648e+00 
74.0 8.9989e+00 -2.9431e+00 0.0000e+00 0.0000e+00 -2.9431e+00 7.9884e+00 0.0000e+00 0.0000e+00 0.0000e+00 0.0000e+00 5.9263e+00 7.3388e-01 0.0000e+00 0.0000e+00 -7.3388e-01 6.2608e+00 
75.0 8.7544e+00 -2.9331e+00 0.0000e+00 0.0000e+00 -2.9331e+00 7.7427e+00 0.0000e+00 0.0000e+00 0.0000e+00 0.0000e+00 5.6239e+00 7.5464e-01 0.0000e+00 0.0000e+00 -7.5464e-01 5.9687e+00 
76.0 8.5209e+00 -2.9217e+00 0.0000e+00 0.0000e+00 -2.9217e+00 7.5082e+00 0.0000e+00 0.0000e+00 0.0000e+00 0.0000e+00 5.3328e+00 7.7400e-01 0.0000e+00 0.0000e+00 -7.7400e-01 5.6880e+00 
77.0 8.2978e+00 -2.9087e+00 0.0000e+00 0.0000e+00 -2.9087e+00 7.2840e+00 0.0000e+00 0.0000e+00 0.0000e+00 0.0000e+00 5.0527e+00 7.9199e-01 0.0000e+00 0.0000e+00 -7.9199e-01 5.4181e+00 
78.0 8.0846e+00 -2.8942e+00 0.0000e+00 0.0000e+00 -2.8942e+00 7.0698e+00 0.0000e+00 0.0000e+00 0.0000e+00 0.0000e+00 4.7829e+00 8.0863e-01 0.0000e+00 0.0000e+00 -8.0863e-01 5.1585e+00 
79.0 7.8807e+00 -2.8783e+00 0.0000e+00 0.0000e+00 -2.8783e+00 6.8650e+00 0.0000e+00 0.0000e+00 0.0000e+00 0.0000e+00 4.5229e+00 8.2398e-01 0.0000e+00 0.0000e+00 -8.2398e-01 4.9085e+00 
80.0 7.6857e+00 -2.8609e+00 0.0000e+00 0.0000e+00 -2.8609e+00 6.6692e+00 0.0000e+00 0.0000e+00 0.0000e+00 0.0000e+00 4.2724e+00 8.3806e-01 0.0000e+00 0.0000e+00 -8.3806e-01 4.6678e+00 
81.0 7.4992e+00 -2.8422e+00 0.0000e+00 0.0000e+00 -2.8422e+00 6.4820e+00 0.0000e+00 0.0000e+00 0.0000e+00 0.0000e+00 4.0308e+00 8.5092e-01 0.0000e+00 0.0000e+00 -8.5092e-01 4.4360e+00 
82.0 7.3208e+00 -2.8221e+00 0.0000e+00 0.0000e+00 -2.8221e+00 6.3029e+00 0.0000e+00 0.0000e+00 0.0000e+00 0.0000e+00 3.7978e+00 8.6259e-01 0.0000e+00 0.0000e+00 -8.6259e-01 4.2125e+00 
83.0 7.1500e+00 -2.8008e+00 0.0000e+00 0.0000e+00 -2.8008e+00 6.1317e+00 0.0000e+00 0.0000e+00 0.0000e+00 0.0000e+00 3.5729e+00 8.7309e-01 0.0000e+00 0.0000e+00 -8.7309e-01 3.9971e+00 
84.0 6.9867e+00 -2.7782e+00 0.0000e+00 0.0000e+00 -2.7782e+00 5.9679e+00 0.0000e+00 0.0000e+00 0.0000e+00 0.0000e+00 3.3559e+00 8.8244e-01 0.0000e+00 0.0000e+00 -8.8244e-01 3.7894e+00 
85.0 6.8303e+00 -2.7545e+00 0.0000e+00 0.0000e+00 -2.7545e+00 5.8112e+00 0.0000e+00 0.0000e+00 0.0000e+00 0.0000e+00 3.1463e+00 8.9067e-01 0.0000e+00 0.0000e+00 -8.9067e-01 3.5889e+00 
86.0 6.6806e+00 -2.7296e+00 0.0000e+00 0.0000e+00 -2.7296e+00 5.6613e+00 0.0000e+00 0.0000e+00 0.0000e+00 0.0000e+00 2.9438e+00 8.9780e-01 0.0000e+00 0.0000e+00 -8.9780e-01 3.3954e+00 
87.0 6.5374e+00 -2.7036e+00 0.0000e+00 0.0000e+00 -2.7036e+00 5.5178e+00 0.0000e+00 0.0000e+00 0.0000e+00 0.0000e+00 2.7481e+00 9.0386e-01 0.0000e+00 0.0000e+00 -9.0386e-01 3.2086e+00 
88.0 6.4002e+00 -2.6766e+00 0.0000e+00 0.0000e+00 -2.6766e+00 5.3805e+00 0.0000e+00 0.0000e+00 0.0000e+00 0.0000e+00 2.5589e+00 9.0891e-01 0.0000e+00 0.0000e+00 -9.0891e-01 3.0281e+00 
89.0 6.2689e+00 -2.6485e+00 0.0000e+00 0.0000e+00 -2.6485e+00 5.2492e+00 0.0000e+00 0.0000e+00 0.0000e+00 0.0000e+00 2.3759e+00 9.1299e-01 0.0000e+00 0.0000e+00 -9.1299e-01 2.8536e+00 
90.0 6.1432e+00 -2.6194e+00 0.0000e+00 0.0000e+00 -2.6194e+00 5.1235e+00 0.0000e+00 0.0000e+00 0.0000e+00 0.0000e+00 2.1988e+00 9.1614e-01 0.0000e+00 0.0000e+00 -9.1614e-01 2.6850e+00 
91.0 6.0230e+00 -2.5894e+00 0.0000e+00 0.0000e+00 -2.5894e+00 5.0033e+00 0.0000e+00 0.0000e+00 0.0000e+00 0.0000e+00 2.0275e+00 9.1842e-01 0.0000e+00 0.0000e+00 -9.1842e-01 2.5220e+00 
92.0 5.9079e+00 -2.5584e+00 0.0000e+00 0.0000e+00 -2.5584e+00 4.8884e+00 0.0000e+00 0.0000e+00 0.0000e+00 0.0000e+00 1.8618e+00 9.1986e-01 0.0000e+00 0.0000e+00 -9.1986e-01 2.3643e+00 
93.0 5.7979e+00 -2.5266e+00 0.0000e+00 0.0000e+00 -2.5266e+00 4.7786e+00 0.0000e+00 0.0000e+00 0.0000e+00 0.0000e+00 1.7013e+00 9.2050e-01 0.0000e+00 0.0000e+00 -9.2050e-01 2.2118e+00 
94.0 5.6928e+00 -2.4940e+00 0.0000e+00 0.0000e+00 -2.4940e+00 4.6737e+00 0.0000e+00 0.0000e+00 0.0000e+00 0.0000e+00 1.5460e+00 9.2039e-01 0.0000e+00 0.0000e+00 -9.2039e-01 2.0642e+00 
95.0 5.5923e+00 -2.4605e+00 0.0000e+00 0.0000e+00 -2.4605e+00 4.5735e+00 0.0000e+00 0.0000e+00 0.0000e+00 0.0000e+00 1.3956e+00 9.1956e-01 0.0000e+00 0.0000e+00 -9.1956e-01 1.9212e+00 
96.0 5.4962e+00 -2.4263e+00 0.0000e+00 0.0000e+00 -2.4263e+00 4.4780e+00 0.0000e+00 0.0000e+00 0.0000e+00 0.0000e+00 1.2498e+00 9.1806e-01 0.0000e+00 0.0000e+00 -9.1806e-01 1.7827e+00 
97.0 5.4046e+00 -2.3914e+00 0.0000e+00 0.0000e+00 -2.3914e+00 4.3869e+00 0.0000e+00 0.0000e+00 0.0000e+00 0.0000e+00 1.1086e+00 9.1593e-01 0.0000e+00 0.0000e+00 -9.1593e-01 1.6486e+00 
98.0 5.3170e+00 -2.3557e+00 0.0000e+00 0.0000e+00 -2.3557e+00 4.3000e+00 0.0000e+00 0.0000e+00 0.0000e+00 0.0000e+00 9.7182e-01 9.1321e-01 0.0000e+00 0.0000e+00 -9.1321e-01 1.5185e+00 
99.0 5.2336e+00 -2.3194e+00 0.0000e+00 0.0000e+00 -2.3194e+00 4.2174e+00 0.0000e+00 0.0000e+00 0.0000e+00 0.0000e+00 8.3923e-01 9.0994e-01 0.0000e+00 0.0000e+00 -9.0994e-01 1.3925e+00 
100.0 5.1539e+00 -2.2825e+00 0.0000e+00 0.0000e+00 -2.2825e+00 4.1388e+00 0.0000e+00 0.0000e+00 0.0000e+00 0.0000e+00 7.1074e-01 9.0614e-01 0.0000e+00 0.0000e+00 -9.0614e-01 1.2702e+00 
101.0 5.0781e+00 -2.2449e+00 0.0000e+00 0.0000e+00 -2.2449e+00 4.0641e+00 0.0000e+00 0.0000e+00 0.0000e+00 0.0000e+00 5.8620e-01 9.0184e-01 0.0000e+00 0.0000e+00 -9.0184e-01 1.1517e+00 
102.0 5.0058e+00 -2.2068e+00 0.0000e+00 0.0000e+00 -2.2068e+00 3.9932e+00 0.0000e+00 0.0000e+00 0.0000e+00 0.0000e+00 4.6549e-01 8.9706e-01 0.0000e+00 0.0000e+00 -8.9706e-01 1.0366e+00 
103.0 4.9371e+00 -2.1680e+00 0.0000e+00 0.0000e+00 -2.1680e+00 3.9259e+00 0.0000e+00 0.0000e+00 0.0000e+00 0.0000e+00 3.4848e-01 8.9185e-01 0.0000e+00 0.0000e+00 -8.9185e-01 9.2494e-01 
104.0 4.8716e+00 -2.1287e+00 0.0000e+00 0.0000e+00 -2.1287e+00 3.8622e+00 0.0000e+00 0.0000e+00 0.0000e+00 0.0000e+00 2.3505e-01 8.8621e-01 0.0000e+00 0.0000e+00 -8.8621e-01 8.1651e-01 
105.0 4.8095e+00 -2.0889e+00 0.0000e+00 0.0000e+00 -2.0889e+00 3.8019e+00 0.0000e+00 0.0000e+00 0.0000e+00 0.0000e+00 1.2507e-01 8.8018e-01 0.0000e+00 0.0000e+00 -8.8018e-01 7.1118e-01 
106.0 4.7504e+00 -2.0485e+00 0.0000e+00 0.0000e+00 -2.0485e+00 3.7450e+00 0.0000e+00 0.0000e+00 0.0000e+00 0.0000e+00 1.8410e-02 8.7380e-01 0.0000e+00 0.0000e+00 -8.7380e-01 6.0884e-01 
107.0 4.6944e+00 -2.0076e+00 0.0000e+00 0.0000e+00 -2.0076e+00 3.6912e+00 0.0000e+00 0.0000e+00 0.0000e+00 0.0000e+00 -8.5040e-02 8.6708e-01 0.0000e+00 0.0000e+00 -8.6708e-01 5.0938e-01 
108.0 4.6414e+00 -1.9662e+00 0.0000e+00 0.0000e+00 -1.9662e+00 3.6405e+00 0.0000e+00 0.0000e+00 0.0000e+00 0.0000e+00 -1.8539e-01 8.6007e-01 0.0000e+00 0.0000e+00 -8.6007e-01 4.1271e-01 
109.0 4.5912e+00 -1.9243e+00 0.0000e+00 0.0000e+00 -1.9243e+00 3.5929e+00 0.0000e+00 0.0000e+00 0.0000e+00 0.0000e+00 -2.8275e-01 8.5280e-01 0.0000e+00 0.0000e+00 -8.5280e-01 3.1873e-01 
110.0 4.5437e+00 -1.8820e+00 0.0000e+00 0.0000e+00 -1.8820e+00 3.5481e+00 0.0000e+00 0.0000e+00 0.0000e+00 0.0000e+00 -3.7721e-01 8.4529e-01 0.0000e+00 0.0000e+00 -8.4529e-01 2.2736e-01 
111.0 4.4989e+00 -1.8392e+00 0.0000e+00 0.0000e+00 -1.8392e+00 3.5061e+00 0.0000e+00 0.0000e+00 0.0000e+00 0.0000e+00 -4.6888e-01 8.3758e-01 0.0000e+00 0.0000e+00 -8.3758e-01 1.3851e-01 
112.0 4.4566e+00 -1.7960e+00 0.0000e+00 0.0000e+00 -1.7960e+00 3.4668e+00 0.0000e+00 0.0000e+00 0.0000e+00 0.0000e+00 -5.5786e-01 8.2969e-01 0.0000e+00 0.0000e+00 -8.2969e-01 5.2100e-02 
113.0 4.4169e+00 -1.7525e+00 0.0000e+00 0.0000e+00 -1.7525e+00 3.4301e+00 0.0000e+00 0.0000e+00 0.0000e+00 0.0000e+00 -6.4424e-01 8.2165e-01 0.0000e+00 0.0000e+00 -8.2165e-01 -3.1949e-02 
114.0 4.3795e+00 -1.7087e+00 0.0000e+00 0.0000e+00 -1.7087e+00 3.3958e+00 0.0000e+00 0.0000e+00 0.0000e+00 0.0000e+00 -7.2812e-01 8.1349e-01 0.0000e+00 0.0000e+00 -8.1349e-01 -1.1372e-01 
115.0 4.3445e+00 -1.6647e+00 0.0000e+00 0.0000e+00 -1.6647e+00 3.3639e+00 0.0000e+00 0.0000e+00 0.0000e+00 0.0000e+00 -8.0958e-01 8.0523e-01 0.0000e+00 0.0000e+00 -8.0523e-01 -1.9328e-01 
116.0 4.3116e+00 -1.6205e+00 0.0000e+00 0.0000e+00 -1.6205e+00 3.3343e+00 0.0000e+00 0.0000e+00 0.0000e+00 0.0000e+00 -8.8869e-01 7.9686e-01 0.0000e+00 0.0000e+00 -7.9686e-01 -2.7069e-01 
117.0 4.2810e+00 -1.5761e+00 0.0000e+00 0.0000e+00 -1.5761e+00 3.3069e+00 0.0000e+00 0.0000e+00 0.0000e+00 0.0000e+00 -9.6554e-01 7.8841e-01 0.0000e+00 0.0000e+00 -7.8841e-01 -3.4602e-01 
118.0 4.2525e+00 -1.5316e+00 0.0000e+00 0.0000e+00 -1.5316e+00 3.2816e+00 0.0000e+00 0.0000e+00 0.0000e+00 0.0000e+00 -1.0402e+00 7.7988e-01 0.0000e+00 0.0000e+00 -7.7988e-01 -4.1931e-01 
119.0 4.2260e+00 -1.4870e+00 0.0000e+00 0.0000e+00 -1.4870e+00 3.2583e+00 0.0000e+00 0.0000e+00 0.0000e+00 0.0000e+00 -1.1126e+00 7.7127e-01 0.0000e+00 0.0000e+00 -7.7127e-01 -4.9062e-01 
120.0 4.2014e+00 -1.4424e+00 0.0000e+00 0.0000e+00 -1.4424e+00 3.2370e+00 0.0000e+00 0.0000e+00 0.0000e+00 0.0000e+00 -1.1830e+00 7.6259e-01 0.0000e+00 0.0000e+00 -7.6259e-01 -5.5999e-01 
121.0 4.1788e+00 -1.3978e+00 0.0000e+00 0.0000e+00 -1.3978e+00 3.2177e+00 0.0000e+00 0.0000e+00 0.0000e+00 0.0000e+00 -1.2515e+00 7.5383e-01 0.0000e+00 0.0000e+00 -7.5383e-01 -6.2748e-01 
122.0 4.1580e+00 -1.3532e+00 0.0000e+00 0.0000e+00 -1.3532e+00 3.2001e+00 0.0000e+00 0.0000e+00 0.0000e+00 0.0000e+00 -1.3180e+00 7.4497e-01 0.0000e+00 0.0000e+00 -7.4497e-01 -6.9317e-01 
123.0 4.1390e+00 -1.3087e+00 0.0000e+00 0.0000e+00 -1.3087e+00 3.1842e+00 0.0000e+00 0.0000e+00 0.0000e+00 0.0000e+00 -1.3826e+00 7.3599e-01 0.0000e+00 0.0000e+00 -7.3599e-01 -7.5710e-01 
124.0 4.1217e+00 -1.2643e+00 0.0000e+00 0.0000e+00 -1.2643e+00 3.1700e+00 0.0000e+00 0.0000e+00 0.0000e+00 0.0000e+00 -1.4456e+00 7.2689e-01 0.0000e+00 0.0000e+00 -7.2689e-01 -8.1934e-01 
125.0 4.1060e+00 -1.2201e+00 0.0000e+00 0.0000e+00 -1.2201e+00 3.1573e+00 0.0000e+00 0.0000e+00 0.0000e+00 0.0000e+00 -1.5068e+00 7.1765e-01 0.0000e+00 0.0000e+00 -7.1765e-01 -8.7994e-01 
126.0 4.0918e+00 -1.1761e+00 0.0000e+00 0.0000e+00 -1.1761e+00 3.1461e+00 0.0000e+00 0.0000e+00 0.0000e+00 0.0000e+00 -1.5665e+00 7.0824e-01 0.0000e+00 0.0000e+00 -7.0824e-01 -9.3895e-01 
127.0 4.0793e+00 -1.1323e+00 0.0000e+00 0.0000e+00 -1.1323e+00 3.1363e+00 0.0000e+00 0.0000e+00 0.0000e+00 0.0000e+00 -1.6246e+00 6.9864e-01 0.0000e+00 0.0000e+00 -6.9864e-01 -9.9643e-01 
128.0 4.0682e+00 -1.0888e+00 0.0000e+00 0.0000e+00 -1.0888e+00 3.1280e+00 0.0000e+00 0.0000e+00 0.0000e+00 0.0000e+00 -1.6812e+00 6.8883e-01 0.0000e+00 0.0000e+00 -6.8883e-01 -1.0524e+00 
129.0 4.0585e+00 -1.0456e+00 0.0000e+00 0.0000e+00 -1.0456e+00 3.1209e+00 0.0000e+00 0.0000e+00 0.0000e+00 0.0000e+00 -1.7364e+00 6.7879e-01 0.0000e+00 0.0000e+00 -6.7879e-01 -1.1070e+00 
130.0 4.0503e+00 -1.0027e+00 0.0000e+00 0.0000e+00 -1.0027e+00 3.1151e+00 0.0000e+00 0.0000e+00 0.0000e+00 0.0000e+00 -1.7901e+00 6.6847e-01 0.0000e+00 0.0000e+00 -6.6847e-01 -1.1601e+00 
131.0 4.0434e+00 -9.6011e-01 0.0000e+00 0.0000e+00 -9.6011e-01 3.1106e+00 0.0000e+00 0.0000e+00 0.0000e+00 0.0000e+00 -1.8426e+00 6.5786e-01 0.0000e+00 0.0000e+00 -6.5786e-01 -1.2120e+00 
132.0 4.0377e+00 -9.1781e-01 0.0000e+00 0.0000e+00 -9.1781e-01 3.1072e+00 0.0000e+00 0.0000e+00 0.0000e+00 0.0000e+00 -1.8937e+00 6.4692e-01 0.0000e+00 0.0000e+00 -6.4692e-01 -1.2626e+00 
133.0 4.0333e+00 -8.7582e-01 0.0000e+00 0.0000e+00 -8.7582e-01 3.1050e+00 0.0000e+00 0.0000e+00 0.0000e+00 0.0000e+00 -1.9436e+00 6.3566e-01 0.0000e+00 0.0000e+00 -6.3566e-01 -1.3121e+00 
134.0 4.0301e+00 -8.3412e-01 0.0000e+00 0.0000e+00 -8.3412e-01 3.1040e+00 0.0000e+00 0.0000e+00 0.0000e+00 0.0000e+00 -1.9922e+00 6.2407e-01 0.0000e+00 0.0000e+00 -6.2407e-01 -1.3604e+00 
135.0 4.0280e+00 -7.9271e-01 0.0000e+00 0.0000e+00 -7.9271e-01 3.1041e+00 0.0000e+00 0.0000e+00 0.0000e+00 0.0000e+00 -2.0397e+00 6.1216e-01 0.0000e+00 0.0000e+00 -6.1216e-01 -1.4077e+00 
136.0 4.0271e+00 -7.5159e-01 0.0000e+00 0.0000e+00 -7.5159e-01 3.1054e+00 0.0000e+00 0.0000e+00 0.0000e+00 0.0000e+00 -2.0861e+00 5.9994e-01 0.0000e+00 0.0000e+00 -5.9994e-01 -1.4539e+00 
137.0 4.0273e+00 -7.1074e-01 0.0000e+00 0.0000e+00 -7.1074e-01 3.1078e+00 0.0000e+00 0.0000e+00 0.0000e+00 0.0000e+00 -2.1314e+00 5.8744e-01 0.0000e+00 0.0000e+00 -5.8744e-01 -1.4992e+00 
138.0 4.0287e+00 -6.7016e-01 0.0000e+00 0.0000e+00 -6.7016e-01 3.1115e+00 0.0000e+00 0.0000e+00 0.0000e+00 0.0000e+00 -2.1755e+00 5.7468e-01 0.0000e+00 0.0000e+00 -5.7468e-01 -1.5436e+00 
139.0 4.0313e+00 -6.2987e-01 0.0000e+00 0.0000e+00 -6.2987e-01 3.1164e+00 0.0000e+00 0.0000e+00 0.0000e+00 0.0000e+00 -2.2187e+00 5.6169e-01 0.0000e+00 0.0000e+00 -5.6169e-01 -1.5871e+00 
140.0 4.0350e+00 -5.8986e-01 0.0000e+00 0.0000e+00 -5.8986e-01 3.1227e+00 0.0000e+00 0.0000e+00 0.0000e+00 0.0000e+00 -2.2609e+00 5.4852e-01 0.0000e+00 0.0000e+00 -5.4852e-01 -1.6299e+00 
141.0 4.0400e+00 -5.5015e-01 0.0000e+00 0.0000e+00 -5.5015e-01 3.1302e+00 0.0000e+00 0.0000e+00 0.0000e+00 0.0000e+00 -2.3021e+00 5.3520e-01 0.0000e+00 0.0000e+00 -5.3520e-01 -1.6718e+00 
142.0 4.0462e+00 -5.1075e-01 0.0000e+00 0.0000e+00 -5.1075e-01 3.1392e+00 0.0000e+00 0.0000e+00 0.0000e+00 0.0000e+00 -2.3423e+00 5.2178e-01 0.0000e+00 0.0000e+00 -5.2178e-01 -1.7131e+00 
143.0 4.0537e+00 -4.7167e-01 0.0000e+00 0.0000e+00 -4.7167e-01 3.1495e+00 0.0000e+00 0.0000e+00 0.0000e+00 0.0000e+00 -2.3816e+00 5.0829e-01 0.0000e+00 0.0000e+00 -5.0829e-01 -1.7536e+00 
144.0 4.0623e+00 -4.3291e-01 0.0000e+00 0.0000e+00 -4.3291e-01 3.1612e+00 0.0000e+00 0.0000e+00 0.0000e+00 0.0000e+00 -2.4200e+00 4.9476e-01 0.0000e+00 0.0000e+00 -4.9476e-01 -1.7934e+00 
145.0 4.0723e+00 -3.9450e-01 0.0000e+00 0.0000e+00 -3.9450e-01 3.1742e+00 0.0000e+00 0.0000e+00 0.0000e+00 0.0000e+00 -2.4575e+00 4.8119e-01 0.0000e+00 0.0000e+00 -4.8119e-01 -1.8325e+00 
146.0 4.0834e+00 -3.5644e-01 0.0000e+00 0.0000e+00 -3.5644e-01 3.1886e+00 0.0000e+00 0.0000e+00 0.0000e+00 0.0000e+00 -2.4941e+00 4.6756e-01 0.0000e+00 0.0000e+00 -4.6756e-01 -1.8709e+00 
147.0 4.0958e+00 -3.1873e-01 0.0000e+00 0.0000e+00 -3.1873e-01 3.2044e+00 0.0000e+00 0.0000e+00 0.0000e+00 0.0000e+00 -2.5298e+00 4.5383e-01 0.0000e+00 0.0000e+00 -4.5383e-01 -1.9087e+00 
148.0 4.1095e+00 -2.8136e-01 0.0000e+00 0.0000e+00 -2.8136e-01 3.2216e+00 0.0000e+00 0.0000e+00 0.0000e+00 0.0000e+00 -2.5646e+00 4.4000e-01 0.0000e+00 0.0000e+00 -4.4000e-01 -1.9457e+00 
149.0 4.1245e+00 -2.4433e-01 0.0000e+00 0.0000e+00 -2.4433e-01 3.2403e+00 0.0000e+00 0.0000e+00 0.0000e+00 0.0000e+00 -2.5985e+00 4.2605e-01 0.0000e+00 0.0000e+00 -4.2605e-01 -1.9821e+00 
150.0 4.1410e+00 -2.0762e-01 0.0000e+00 0.0000e+00 -2.0762e-01 3.2607e+00 0.0000e+00 0.0000e+00 0.0000e+00 0.0000e+00 -2.6316e+00 4.1195e-01 0.0000e+00 0.0000e+00 -4.1195e-01 -2.0178e+00 
151.0 4.1589e+00 -1.7124e-01 0.0000e+00 0.0000e+00 -1.7124e-01 3.2827e+00 0.0000e+00 0.0000e+00 0.0000e+00 0.0000e+00 -2.6639e+00 3.9765e-01 0.0000e+00 0.0000e+00 -3.9765e-01 -2.0530e+00 
152.0 4.1782e+00 -1.3521e-01 0.0000e+00 0.0000e+00 -1.3521e-01 3.3062e+00 0.0000e+00 0.0000e+00 0.0000e+00 0.0000e+00 -2.6954e+00 3.8303e-01 0.0000e+00 0.0000e+00 -3.8303e-01 -2.0877e+00 
153.0 4.1987e+00 -9.9601e-02 0.0000e+00 0.0000e+00 -9.9601e-02 3.3312e+00 0.0000e+00 0.0000e+00 0.0000e+00 0.0000e+00 -2.7263e+00 3.6792e-01 0.0000e+00 0.0000e+00 -3.6792e-01 -2.1219e+00 
154.0 4.2204e+00 -6.4542e-02 0.0000e+00 0.0000e+00 -6.4542e-02 3.3575e+00 0.0000e+00 0.0000e+00 0.0000e+00 0.0000e+00 -2.7566e+00 3.5206e-01 0.0000e+00 0.0000e+00 -3.5206e-01 -2.1559e+00 
155.0 4.2430e+00 -3.0225e-02 0.0000e+00 0.0000e+00 -3.0225e-02 3.3850e+00 0.0000e+00 0.0000e+00 0.0000e+00 0.0000e+00 -2.7864e+00 3.3510e-01 0.0000e+00 0.0000e+00 -3.3510e-01 -2.1897e+00 
156.0 4.2664e+00 3.0616e-03 0.0000e+00 0.0000e+00 3.0616e-03 3.4133e+00 0.0000e+00 0.0000e+00 0.0000e+00 0.0000e+00 -2.8159e+00 3.1664e-01 0.0000e+00 0.0000e+00 -3.1664e-01 -2.2235e+00 
157.0 4.2901e+00 3.4928e-02 0.0000e+00 0.0000e+00 3.4928e-02 3.4424e+00 0.0000e+00 0.0000e+00 0.0000e+00 0.0000e+00 -2.8452e+00 2.9611e-01 0.0000e+00 0.0000e+00 -2.9611e-01 -2.2573e+00 
158.0 4.3137e+00 6.4894e-02 0.0000e+00 0.0000e+00 6.4894e-02 3.4716e+00 0.0000e+00 0.0000e+00 0.0000e+00 0.0000e+00 -2.8746e+00 2.7285e-01 0.0000e+00 0.0000e+00 -2.7285e-01 -2.2913e+00 
159.0 4.3365e+00 9.2426e-02 0.0000e+00 0.0000e+00 9.2426e-02 3.5001e+00 0.0000e+00 0.0000e+00 0.0000e+00 0.0000e+00 -2.9043e+00 2.4613e-01 0.0000e+00 0.0000e+00 -2.4613e-01 -2.3256e+00 
160.0 4.3580e+00 1.1699e-01 0.0000e+00 0.0000e+00 1.1699e-01 3.5271e+00 0.0000e+00 0.0000e+00 0.0000e+00 0.0000e+00 -2.9348e+00 2.1520e-01 0.0000e+00 0.0000e+00 -2.1520e-01 -2.3601e+00 
161.0 4.3781e+00 1.3810e-01 0.0000e+00 0.0000e+00 1.3810e-01 3.5517e+00 0.0000e+00 0.0000e+00 0.0000e+00 0.0000e+00 -2.9665e+00 1.7949e-01 0.0000e+00 0.0000e+00 -1.7949e-01 -2.3950e+00 
162.0 4.3970e+00 1.5530e-01 0.0000e+00 0.0000e+00 1.5530e-01 3.5737e+00 0.0000e+00 0.0000e+00 0.0000e+00 0.0000e+00 -3.0002e+00 1.3868e-01 0.0000e+00 0.0000e+00 -1.3868e-01 -2.4300e+00 
163.0 4.4155e+00 1.6823e-01 0.0000e+00 0.0000e+00 1.6823e-01 3.5930e+00 0.0000e+00 0.0000e+00 0.0000e+00 0.0000e+00 -3.0368e+00 9.2832e-02 0.0000e+00 0.0000e+00 -9.2832e-02 -2.4649e+00 
164.0 4.4350e+00 1.7656e-01 0.0000e+00 0.0000e+00 1.7656e-01 3.6098e+00 0.0000e+00 0.0000e+00 0.0000e+00 0.0000e+00 -3.0772e+00 4.2439e-02 0.0000e+00 0.0000e+00 -4.2439e-02 -2.4993e+00 
165.0 4.4571e+00 1.8004e-01 0.0000e+00 0.0000e+00 1.8004e-01 3.6245e+00 0.0000e+00 0.0000e+00 0.0000e+00 0.0000e+00 -3.1228e+00 -1.1511e-02 0.0000e+00 0.0000e+00 1.1511e-02 -2.5326e+00 
166.0 4.4845e+00 1.7850e-01 0.0000e+00 0.0000e+00 1.7850e-01 3.6380e+00 0.0000e+00 0.0000e+00 0.0000e+00 0.0000e+00 -3.1747e+00 -6.7495e-02 0.0000e+00 0.0000e+00 6.7495e-02 -2.5640e+00 
167.0 4.5202e+00 1.7193e-01 0.0000e+00 0.0000e+00 1.7193e-01 3.6514e+00 0.0000e+00 0.0000e+00 0.0000e+00 0.0000e+00 -3.2346e+00 -1.2343e-01 0.0000e+00 0.0000e+00 1.2343e-01 -2.5927e+00 
168.0 4.5680e+00 1.6043e-01 0.0000e+00 0.0000e+00 1.6043e-01 3.6667e+00 0.0000e+00 0.0000e+00 0.0000e+00 0.0000e+00 -3.3038e+00 -1.7666e-01 0.0000e+00 0.0000e+00 1.7666e-01 -2.6177e+00 
169.0 4.6323e+00 1.4440e-01 0.0000e+00 0.0000e+00 1.4440e-01 3.6861e+00 0.0000e+00 0.0000e+00 0.0000e+00 0.0000e+00 -3.3838e+00 -2.2385e-01 0.0000e+00 0.0000e+00 2.2385e-01 -2.6380e+00 
170.0 4.7179e+00 1.2459e-01 0.0000e+00 0.0000e+00 1.2459e-01 3.7126e+00 0.0000e+00 0.0000e+00 0.0000e+00 0.0000e+00 -3.4755e+00 -2.6103e-01 0.0000e+00 0.0000e+00 2.6103e-01 -2.6526e+00 
171.0 4.8293e+00 1.0219e-01 0.0000e+00 0.0000e+00 1.0219e-01 3.7494e+00 0.0000e+00 0.0000e+00 0.0000e+00 0.0000e+00 -3.5793e+00 -2.8387e-01 0.0000e+00 0.0000e+00 2.8387e-01 -2.6603e+00 
172.0 4.9701e+00 7.8816e-02 0.0000e+00 0.0000e+00 7.8816e-02 3.7999e+00 0.0000e+00 0.0000e+00 0.0000e+00 0.0000e+00 -3.6945e+00 -2.8825e-01 0.0000e+00 0.0000e+00 2.8825e-01 -2.6606e+00 
173.0 5.1408e+00 5.6382e-02 0.0000e+00 0.0000e+00 5.6382e-02 3.8663e+00 0.0000e+00 0.0000e+00 0.0000e+00 0.0000e+00 -3.8183e+00 -2.7159e-01 0.0000e+00 0.0000e+00 2.7159e-01 -2.6535e+00 
174.0 5.3371e+00 3.6744e-02 0.0000e+00 0.0000e+00 3.6744e-02 3.9481e+00 0.0000e+00 0.0000e+00 0.0000e+00 0.0000e+00 -3.9461e+00 -2.3404e-01 0.0000e+00 0.0000e+00 2.3404e-01 -2.6397e+00 
175.0 5.5472e+00 2.1289e-02 0.0000e+00 0.0000e+00 2.1289e-02 4.0412e+00 0.0000e+00 0.0000e+00 0.0000e+00 0.0000e+00 -4.0709e+00 -1.7977e-01 0.0000e+00 0.0000e+00 1.7977e-01 -2.6213e+00 
176.0 5.7517e+00 1.0566e-02 0.0000e+00 0.0000e+00 1.0566e-02 4.1362e+00 0.0000e+00 0.0000e+00 0.0000e+00 0.0000e+00 -4.1837e+00 -1.1736e-01 0.0000e+00 0.0000e+00 1.1736e-01 -2.6012e+00 
177.0 5.9258e+00 4.1819e-03 0.0000e+00 0.0000e+00 4.1819e-03 4.2200e+00 0.0000e+00 0.0000e+00 0.0000e+00 0.0000e+00 -4.2744e+00 -5.8706e-02 0.0000e+00 0.0000e+00 5.8706e-02 -2.5829e+00 
178.0 6.0443e+00 1.0651e-03 0.0000e+00 0.0000e+00 1.0651e-03 4.2784e+00 0.0000e+00 0.0000e+00 0.0000e+00 0.0000e+00 -4.3339e+00 -1.6440e-02 0.0000e+00 0.0000e+00 1.6440e-02 -2.5701e+00 
179.0 6.0882e+00 3.6091e-20 0.0000e+00 0.0000e+00 3.6091e-20 4.3004e+00 0.0000e+00 0.0000e+00 0.0000e+00 0.0000e+00 -4.3555e+00 -2.3279e-19 0.0000e+00 0.0000e+00 2.3279e-19 -2.5654e+00 
180.0 6.1305e+00 0.0000e+00 0.0000e+00 0.0000e+00 0.0000e+00 4.3210e+00 0.0000e+00 0.0000e+00 0.0000e+00 0.0000e+00 -4.3759e+00 0.0000e+00 0.0000e+00 0.0000e+00 -0.0000e+00 -2.5607e+00 
