1.8567 1.8682 0.0115 0.040457
theta s11 s12 s13 s14 s21 s22 s23 s24 s31 s32 s33 s34 s41 s42 s43 s44
0.0 2.2607e+03 0.0000e+00 0.0000e+00 0.0000e+00 0.0000e+00 2.2588e+03 0.0000e+00 0.0000e+00 0.0000e+00 0.0000e+00 2.2588e+03 0.0000e+00 0.0000e+00 0.0000e+00 -0.0000e+00 2.2570e+03 
1.0 1.7493e+03 -1.6941e-01 0.0000e+00 0.0000e+00 -1.6941e-01 1.7475e+03 0.0000e+00 0.0000e+00 0.0000e+00 0.0000e+00 1.7475e+03 -4.6103e-01 0.0000e+00 0.0000e+00 4.6103e-01 1.7456e+03 
2.0 1.0160e+03 -3.0592e-01 0.0000e+00 0.0000e+00 -3.0592e-01 1.0141e+03 0.0000e+00 0.0000e+00 0.0000e+00 0.0000e+00 1.0141e+03 -1.4572e+00 0.0000e+00 0.0000e+00 1.4572e+00 1.0123e+03 
3.0 6.0090e+02 -3.0422e-01 0.0000e+00 0.0000e+00 -3.0422e-01 5.9905e+02 0.0000e+00 0.0000e+00 0.0000e+00 0.0000e+00 5.9902e+02 -2.3034e+00 0.0000e+00 0.0000e+00 2.3034e+00 5.9720e+02 
4.0 4.0403e+02 -3.0891e-01 0.0000e+00 0.0000e+00 -3.0891e-01 4.0220e+02 0.0000e+00 0.0000e+00 0.0000e+00 0.0000e+00 4.0215e+02 -2.7153e+00 0.0000e+00 0.0000e+00 2.7153e+00 4.0036e+02 
5.0 3.0473e+02 -3.5562e-01 0.0000e+00 0.0000e+00 -3.5562e-01 3.0291e+02 0.0000e+00 0.0000e+00 0.0000e+00 0.0000e+00 3.0283e+02 -2.8299e+00 0.0000e+00 0.0000e+00 2.8299e+00 3.0107e+02 
6.0 2.4804e+02 -4.3074e-01 0.0000e+00 0.0000e+00 -4.3074e-01 2.4623e+02 0.0000e+00 0.0000e+00 0.0000e+00 0.0000e+00 2.4613e+02 -2.8281e+00 0.0000e+00 0.0000e+00 2.8281e+00 2.4441e+02 
7.0 2.1183e+02 -5.2782e-01 0.0000e+00 0.0000e+00 -5.2782e-01 2.1003e+02 0.0000e+00 0.0000e+00 0.0000e+00 0.0000e+00 2.0991e+02 -2.7819e+00 0.0000e+00 0.0000e+00 2.7819e+00 2.0822e+02 
8.0 1.8675e+02 -6.4565e-01 0.0000e+00 0.0000e+00 -6.4565e-01 1.8496e+02 0.0000e+00 0.0000e+00 0.0000e+00 0.0000e+00 1.8482e+02 -2.7111e+00 0.0000e+00 0.0000e+00 2.7111e+00 1.8315e+02 
9.0 1.6837e+02 -7.8346e-01 0.0000e+00 0.0000e+00 -7.8346e-01 1.6658e+02 0.0000e+00 0.0000e+00 0.0000e+00 0.0000e+00 1.6642e+02 -2.6200e+00 0.0000e+00 0.0000e+00 2.6200e+00 1.6479e+02 
10.0 1.5436e+02 -9.3944e-01 0.0000e+00 0.0000e+00 -9.3944e-01 1.5258e+02 0.0000e+00 0.0000e+00 0.0000e+00 0.0000e+00 1.5240e+02 -2.5089e+00 0.0000e+00 0.0000e+00 2.5089e+00 1.5079e+02 
11.0 1.4339e+02 -1.1101e+00 0.0000e+00 0.0000e+00 -1.1101e+00 1.4160e+02 0.0000e+00 0.0000e+00 0.0000e+00 0.0000e+00 1.4141e+02 -2.3865e+00 0.0000e+00 0.0000e+00 2.3865e+00 1.3983e+02 
12.0 1.3457e+02 -1.2927e+00 0.0000e+00 0.0000e+00 -1.2927e+00 1.3278e+02 0.0000e+00 0.0000e+00 0.0000e+00 0.0000e+00 1.3257e+02 -2.2648e+00 0.0000e+00 0.0000e+00 2.2648e+00 1.3102e+02 
13.0 1.2731e+02 -1.4866e+00 0.0000e+00 0.0000e+00 -1.4866e+00 1.2552e+02 0.0000e+00 0.0000e+00 0.0000e+00 0.0000e+00 1.2530e+02 -2.1491e+00 0.0000e+00 0.0000e+00 2.1491e+00 1.2377e+02 
14.0 1.2120e+02 -1.6901e+00 0.0000e+00 0.0000e+00 -1.6901e+00 1.1941e+02 0.0000e+00 0.0000e+00 0.0000e+00 0.0000e+00 1.1917e+02 -2.0430e+00 0.0000e+00 0.0000e+00 2.0430e+00 1.1767e+02 
15.0 1.1594e+02 -1.9029e+00 0.0000e+00 0.0000e+00 -1.9029e+00 1.1415e+02 0.0000e+00 0.0000e+00 0.0000e+00 0.0000e+00 1.1390e+02 -1.9441e+00 0.0000e+00 0.0000e+00 1.9441e+00 1.1242e+02 
16.0 1.1133e+02 -2.1232e+00 0.0000e+00 0.0000e+00 -2.1232e+00 1.0954e+02 0.0000e+00 0.0000e+00 0.0000e+00 0.0000e+00 1.0927e+02 -1.8537e+00 0.0000e+00 0.0000e+00 1.8537e+00 1.0783e+02 
17.0 1.0723e+02 -2.3499e+00 0.0000e+00 0.0000e+00 -2.3499e+00 1.0543e+02 0.0000e+00 0.0000e+00 0.0000e+00 0.0000e+00 1.0516e+02 -1.7738e+00 0.0000e+00 0.0000e+00 1.7738e+00 1.0374e+02 
18.0 1.0352e+02 -2.5819e+00 0.0000e+00 0.0000e+00 -2.5819e+00 1.0172e+02 0.0000e+00 0.0000e+00 0.0000e+00 0.0000e+00 1.0143e+02 -1.7054e+00 0.0000e+00 0.0000e+00 1.7054e+00 1.0004e+02 
19.0 1.0011e+02 -2.8184e+00 0.0000e+00 0.0000e+00 -2.8184e+00 9.8311e+01 0.0000e+00 0.0000e+00 0.0000e+00 0.0000e+00 9.8408e+01 -1.6479e+00 0.0000e+00 0.0000e+00 1.6479e+00 9.7048e+01 
20.0 9.6941e+01 -3.0585e+00 0.0000e+00 0.0000e+00 -3.0585e+00 9.5141e+01 0.0000e+00 0.0000e+00 0.0000e+00 0.0000e+00 9.5604e+01 -1.6005e+00 0.0000e+00 0.0000e+00 1.6005e+00 9.4271e+01 
21.0 9.3963e+01 -3.3012e+00 0.0000e+00 0.0000e+00 -3.3012e+00 9.2162e+01 0.0000e+00 0.0000e+00 0.0000e+00 0.0000e+00 9.2968e+01 -1.5621e+00 0.0000e+00 0.0000e+00 1.5621e+00 9.1661e+01 
22.0 9.1140e+01 -3.5456e+00 0.0000e+00 0.0000e+00 -3.5456e+00 8.9338e+01 0.0000e+00 0.0000e+00 0.0000e+00 0.0000e+00 9.0468e+01 -1.5319e+00 0.0000e+00 0.0000e+00 1.5319e+00 8.9185e+01 
23.0 8.8443e+01 -3.7914e+00 0.0000e+00 0.0000e+00 -3.7914e+00 8.6642e+01 0.0000e+00 0.0000e+00 0.0000e+00 0.0000e+00 8.8076e+01 -1.5081e+00 0.0000e+00 0.0000e+00 1.5081e+00 8.6817e+01 
24.0 8.5854e+01 -4.0381e+00 0.0000e+00 0.0000e+00 -4.0381e+00 8.4053e+01 0.0000e+00 0.0000e+00 0.0000e+00 0.0000e+00 8.5776e+01 -1.4890e+00 0.0000e+00 0.0000e+00 1.4890e+00 8.4539e+01 
25.0 8.3359e+01 -4.2856e+00 0.0000e+00 0.0000e+00 -4.2856e+00 8.1560e+01 0.0000e+00 0.0000e+00 0.0000e+00 0.0000e+00 8.3554e+01 -1.4727e+00 0.0000e+00 0.0000e+00 1.4727e+00 8.2339e+01 
26.0 8.0949e+01 -4.5333e+00 0.0000e+00 0.0000e+00 -4.5333e+00 7.9152e+01 0.0000e+00 0.0000e+00 0.0000e+00 0.0000e+00 8.1402e+01 -1.4588e+00 0.0000e+00 0.0000e+00 1.4588e+00 8.0209e+01 
27.0 7.8614e+01 -4.7804e+00 0.0000e+00 0.0000e+00 -4.7804e+00 7.6819e+01 0.0000e+00 0.0000e+00 0.0000e+00 0.0000e+00 7.9311e+01 -1.4467e+00 0.0000e+00 0.0000e+00 1.4467e+00 7.8139e+01 
28.0 7.6346e+01 -5.0260e+00 0.0000e+00 0.0000e+00 -5.0260e+00 7.4554e+01 0.0000e+00 0.0000e+00 0.0000e+00 0.0000e+00 7.7274e+01 -1.4361e+00 0.0000e+00 0.0000e+00 1.4361e+00 7.6123e+01 
29.0 7.4140e+01 -5.2694e+00 0.0000e+00 0.0000e+00 -5.2694e+00 7.2352e+01 0.0000e+00 0.0000e+00 0.0000e+00 0.0000e+00 7.5285e+01 -1.4267e+00 0.0000e+00 0.0000e+00 1.4267e+00 7.4154e+01 
30.0 7.1991e+01 -5.5099e+00 0.0000e+00 0.0000e+00 -5.5099e+00 7.0206e+01 0.0000e+00 0.0000e+00 0.0000e+00 0.0000e+00 7.3340e+01 -1.4183e+00 0.0000e+00 0.0000e+00 1.4183e+00 7.2230e+01 
31.0 6.9894e+01 -5.7467e+00 0.0000e+00 0.0000e+00 -5.7467e+00 6.8113e+01 0.0000e+00 0.0000e+00 0.0000e+00 0.0000e+00 7.1059e+01 -1.4109e+00 0.0000e+00 0.0000e+00 1.4109e+00 6.9978e+01 
32.0 6.7847e+01 -5.9791e+00 0.0000e+00 0.0000e+00 -5.9791e+00 6.6071e+01 0.0000e+00 0.0000e+00 0.0000e+00 0.0000e+00 6.8830e+01 -1.4039e+00 0.0000e+00 0.0000e+00 1.4039e+00 6.7778e+01 
33.0 6.5846e+01 -6.2064e+00 0.0000e+00 0.0000e+00 -6.2064e+00 6.4076e+01 0.0000e+00 0.0000e+00 0.0000e+00 0.0000e+00 6.6652e+01 -1.3969e+00 0.0000e+00 0.0000e+00 1.3969e+00 6.5628e+01 
34.0 6.3892e+01 -6.4283e+00 0.0000e+00 0.0000e+00 -6.4283e+00 6.2128e+01 0.0000e+00 0.0000e+00 0.0000e+00 0.0000e+00 6.4522e+01 -1.3895e+00 0.0000e+00 0.0000e+00 1.3895e+00 6.3526e+01 
35.0 6.1984e+01 -6.6442e+00 0.0000e+00 0.0000e+00 -6.6442e+00 6.0226e+01 0.0000e+00 0.0000e+00 0.0000e+00 0.0000e+00 6.2440e+01 -1.3817e+00 0.0000e+00 0.0000e+00 1.3817e+00 6.1470e+01 
36.0 6.0119e+01 -6.8539e+00 0.0000e+00 0.0000e+00 -6.8539e+00 5.8369e+01 0.0000e+00 0.0000e+00 0.0000e+00 0.0000e+00 6.0403e+01 -1.3730e+00 0.0000e+00 0.0000e+00 1.3730e+00 5.9461e+01 
37.0 5.8300e+01 -7.0569e+00 0.0000e+00 0.0000e+00 -7.0569e+00 5.6558e+01 0.0000e+00 0.0000e+00 0.0000e+00 0.0000e+00 5.8413e+01 -1.3634e+00 0.0000e+00 0.0000e+00 1.3634e+00 5.7497e+01 
38.0 5.6525e+01 -7.2531e+00 0.0000e+00 0.0000e+00 -7.2531e+00 5.4791e+01 0.0000e+00 0.0000e+00 0.0000e+00 0.0000e+00 5.6468e+01 -1.3526e+00 0.0000e+00 0.0000e+00 1.3526e+00 5.5578e+01 
39.0 5.4795e+01 -7.4421e+00 0.0000e+00 0.0000e+00 -7.4421e+00 5.3070e+01 0.0000e+00 0.0000e+00 0.0000e+00 0.0000e+00 5.4569e+01 -1.3403e+00 0.0000e+00 0.0000e+00 1.3403e+00 5.3704e+01 
40.0 5.3108e+01 -7.6238e+00 0.0000e+00 0.0000e+00 -7.6238e+00 5.1392e+01 0.0000e+00 0.0000e+00 0.0000e+00 0.0000e+00 5.2715e+01 -1.3265e+00 0.0000e+00 0.0000e+00 1.3265e+00 5.1874e+01 
41.0 5.1464e+01 -7.7977e+00 0.0000e+00 0.0000e+00 -7.7977e+00 4.9759e+01 0.0000e+00 0.0000e+00 0.0000e+00 0.0000e+00 5.0905e+01 -1.3114e+00 0.0000e+00 0.0000e+00 1.3114e+00 5.0089e+01 
42.0 4.9863e+01 -7.9637e+00 0.0000e+00 0.0000e+00 -7.9637e+00 4.8168e+01 0.0000e+00 0.0000e+00 0.0000e+00 0.0000e+00 4.9139e+01 -1.2949e+00 0.0000e+00 0.0000e+00 1.2949e+00 4.8348e+01 
43.0 4.8305e+01 -8.1214e+00 0.0000e+00 0.0000e+00 -8.1214e+00 4.6620e+01 0.0000e+00 0.0000e+00 0.0000e+00 0.0000e+00 4.7417e+01 -1.2769e+00 0.0000e+00 0.0000e+00 1.2769e+00 4.6649e+01 
44.0 4.6787e+01 -8.2707e+00 0.0000e+00 0.0000e+00 -8.2707e+00 4.5113e+01 0.0000e+00 0.0000e+00 0.0000e+00 0.0000e+00 4.5737e+01 -1.2578e+00 0.0000e+00 0.0000e+00 1.2578e+00 4.4992e+01 
45.0 4.5309e+01 -8.4114e+00 0.0000e+00 0.0000e+00 -8.4114e+00 4.3647e+01 0.0000e+00 0.0000e+00 0.0000e+00 0.0000e+00 4.4100e+01 -1.2373e+00 0.0000e+00 0.0000e+00 1.2373e+00 4.3377e+01 
46.0 4.3872e+01 -8.5435e+00 0.0000e+00 0.0000e+00 -8.5435e+00 4.2222e+01 0.0000e+00 0.0000e+00 0.0000e+00 0.0000e+00 4.2504e+01 -1.2155e+00 0.0000e+00 0.0000e+00 1.2155e+00 4.1803e+01 
47.0 4.2475e+01 -8.6668e+00 0.0000e+00 0.0000e+00 -8.6668e+00 4.0837e+01 0.0000e+00 0.0000e+00 0.0000e+00 0.0000e+00 4.0949e+01 -1.1923e+00 0.0000e+00 0.0000e+00 1.1923e+00 4.0270e+01 
48.0 4.1117e+01 -8.7814e+00 0.0000e+00 0.0000e+00 -8.7814e+00 3.9492e+01 0.0000e+00 0.0000e+00 0.0000e+00 0.0000e+00 3.9435e+01 -1.1676e+00 0.0000e+00 0.0000e+00 1.1676e+00 3.8777e+01 
49.0 3.9798e+01 -8.8872e+00 0.0000e+00 0.0000e+00 -8.8872e+00 3.8186e+01 0.0000e+00 0.0000e+00 0.0000e+00 0.0000e+00 3.7961e+01 -1.1415e+00 0.0000e+00 0.0000e+00 1.1415e+00 3.7325e+01 
50.0 3.8518e+01 -8.9843e+00 0.0000e+00 0.0000e+00 -8.9843e+00 3.6918e+01 0.0000e+00 0.0000e+00 0.0000e+00 0.0000e+00 3.6527e+01 -1.1140e+00 0.0000e+00 0.0000e+00 1.1140e+00 3.5911e+01 
51.0 3.7277e+01 -9.0727e+00 0.0000e+00 0.0000e+00 -9.0727e+00 3.5690e+01 0.0000e+00 0.0000e+00 0.0000e+00 0.0000e+00 3.5132e+01 -1.0850e+00 0.0000e+00 0.0000e+00 1.0850e+00 3.4536e+01 
52.0 3.6073e+01 -9.1524e+00 0.0000e+00 0.0000e+00 -9.1524e+00 3.4499e+01 0.0000e+00 0.0000e+00 0.0000e+00 0.0000e+00 3.3776e+01 -1.0545e+00 0.0000e+00 0.0000e+00 1.0545e+00 3.3200e+01 
53.0 3.4906e+01 -9.2236e+00 0.0000e+00 0.0000e+00 -9.2236e+00 3.3345e+01 0.0000e+00 0.0000e+00 0.0000e+00 0.0000e+00 3.2458e+01 -1.0227e+00 0.0000e+00 0.0000e+00 1.0227e+00 3.1902e+01 
54.0 3.3777e+01 -9.2865e+00 0.0000e+00 0.0000e+00 -9.2865e+00 3.2228e+01 0.0000e+00 0.0000e+00 0.0000e+00 0.0000e+00 3.1178e+01 -9.8952e-01 0.0000e+00 0.0000e+00 9.8952e-01 3.0640e+01 
55.0 3.2683e+01 -9.3410e+00 0.0000e+00 0.0000e+00 -9.3410e+00 3.1148e+01 0.0000e+00 0.0000e+00 0.0000e+00 0.0000e+00 2.9935e+01 -9.5512e-01 0.0000e+00 0.0000e+00 9.5512e-01 2.9416e+01 
56.0 3.1625e+01 -9.3873e+00 0.0000e+00 0.0000e+00 -9.3873e+00 3.0103e+01 0.0000e+00 0.0000e+00 0.0000e+00 0.0000e+00 2.8728e+01 -9.1962e-01 0.0000e+00 0.0000e+00 9.1962e-01 2.8227e+01 
57.0 3.0601e+01 -9.4257e+00 0.0000e+00 0.0000e+00 -9.4257e+00 2.9092e+01 0.0000e+00 0.0000e+00 0.0000e+00 0.0000e+00 2.7556e+01 -8.8320e-01 0.0000e+00 0.0000e+00 8.8320e-01 2.7074e+01 
58.0 2.9611e+01 -9.4562e+00 0.0000e+00 0.0000e+00 -9.4562e+00 2.8115e+01 0.0000e+00 0.0000e+00 0.0000e+00 0.0000e+00 2.6419e+01 -8.4609e-01 0.0000e+00 0.0000e+00 8.4609e-01 2.5955e+01 
59.0 2.8654e+01 -9.4790e+00 0.0000e+00 0.0000e+00 -9.4790e+00 2.7171e+01 0.0000e+00 0.0000e+00 0.0000e+00 0.0000e+00 2.5316e+01 -8.0842e-01 0.0000e+00 0.0000e+00 8.0842e-01 2.4869e+01 
60.0 2.7729e+01 -9.4943e+00 0.0000e+00 0.0000e+00 -9.4943e+00 2.6258e+01 0.0000e+00 0.0000e+00 0.0000e+00 0.0000e+00 2.4246e+01 -7.7016e-01 0.0000e+00 0.0000e+00 7.7016e-01 2.3816e+01 
61.0 2.6835e+01 -9.5023e+00 0.0000e+00 0.0000e+00 -9.5023e+00 2.5377e+01 0.0000e+00 0.0000e+00 0.0000e+00 0.0000e+00 2.3208e+01 -7.3141e-01 0.0000e+00 0.0000e+00 7.3141e-01 2.2796e+01 
62.0 2.5972e+01 -9.5031e+00 0.0000e+00 0.0000e+00 -9.5031e+00 2.4527e+01 0.0000e+00 0.0000e+00 0.0000e+00 0.0000e+00 2.2201e+01 -6.9220e-01 0.0000e+00 0.0000e+00 6.9220e-01 2.1807e+01 
63.0 2.5139e+01 -9.4970e+00 0.0000e+00 0.0000e+00 -9.4970e+00 2.3706e+01 0.0000e+00 0.0000e+00 0.0000e+00 0.0000e+00 2.1226e+01 -6.5257e-01 0.0000e+00 0.0000e+00 6.5257e-01 2.0848e+01 
64.0 2.4335e+01 -9.4841e+00 0.0000e+00 0.0000e+00 -9.4841e+00 2.2915e+01 0.0000e+00 0.0000e+00 0.0000e+00 0.0000e+00 2.0281e+01 -6.1258e-01 0.0000e+00 0.0000e+00 6.1258e-01 1.9919e+01 
65.0 2.3559e+01 -9.4646e+00 0.0000e+00 0.0000e+00 -9.4646e+00 2.2152e+01 0.0000e+00 0.0000e+00 0.0000e+00 0.0000e+00 1.9365e+01 -5.7230e-01 0.0000e+00 0.0000e+00 5.7230e-01 1.9020e+01 
66.0 2.2812e+01 -9.4388e+00 0.0000e+00 0.0000e+00 -9.4388e+00 2.1417e+01 0.0000e+00 0.0000e+00 0.0000e+00 0.0000e+00 1.8478e+01 -5.3174e-01 0.0000e+00 0.0000e+00 5.3174e-01 1.8149e+01 
67.0 2.2092e+01 -9.4067e+00 0.0000e+00 0.0000e+00 -9.4067e+00 2.0709e+01 0.0000e+00 0.0000e+00 0.0000e+00 0.0000e+00 1.7619e+01 -4.9094e-01 0.0000e+00 0.0000e+00 4.9094e-01 1.7306e+01 
68.0 2.1398e+01 -9.3686e+00 0.0000e+00 0.0000e+00 -9.3686e+00 2.0027e+01 0.0000e+00 0.0000e+00 0.0000e+00 0.0000e+00 1.6788e+01 -4.5008e-01 0.0000e+00 0.0000e+00 4.5008e-01 1.6490e+01 
69.0 2.0730e+01 -9.3248e+00 0.0000e+00 0.0000e+00 -9.3248e+00 1.9371e+01 0.0000e+00 0.0000e+00 0.0000e+00 0.0000e+00 1.5983e+01 -4.0927e-01 0.0000e+00 0.0000e+00 4.0927e-01 1.5701e+01 
70.0 2.0087e+01 -9.2754e+00 0.0000e+00 0.0000e+00 -9.2754e+00 1.8740e+01 0.0000e+00 0.0000e+00 0.0000e+00 0.0000e+00 1.5204e+01 -3.6855e-01 0.0000e+00 0.0000e+00 3.6855e-01 1.4937e+01 
71.0 1.9468e+01 -9.2207e+00 0.0000e+00 0.0000e+00 -9.2207e+00 1.8133e+01 0.0000e+00 0.0000e+00 0.0000e+00 0.0000e+00 1.4450e+01 -3.2796e-01 0.0000e+00 0.0000e+00 3.2796e-01 1.4198e+01 
72.0 1.8872e+01 -9.1608e+00 0.0000e+00 0.0000e+00 -9.1608e+00 1.7549e+01 0.0000e+00 0.0000e+00 0.0000e+00 0.0000e+00 1.3721e+01 -2.8762e-01 0.0000e+00 0.0000e+00 2.8762e-01 1.3483e+01 
73.0 1.8299e+01 -9.0959e+00 0.0000e+00 0.0000e+00 -9.0959e+00 1.6987e+01 0.0000e+00 0.0000e+00 0.0000e+00 0.0000e+00 1.3015e+01 -2.4760e-01 0.0000e+00 0.0000e+00 2.4760e-01 1.2792e+01 
74.0 1.7748e+01 -9.0262e+00 0.0000e+00 0.0000e+00 -9.0262e+00 1.6448e+01 0.0000e+00 0.0000e+00 0.0000e+00 0.0000e+00 1.2332e+01 -2.0793e-01 0.0000e+00 0.0000e+00 2.0793e-01 1.2123e+01 
75.0 1.7219e+01 -8.9521e+00 0.0000e+00 0.0000e+00 -8.9521e+00 1.5930e+01 0.0000e+00 0.0000e+00 0.0000e+00 0.0000e+00 1.1672e+01 -1.6866e-01 0.0000e+00 0.0000e+00 1.6866e-01 1.1477e+01 
76.0 1.6709e+01 -8.8737e+00 0.0000e+00 0.0000e+00 -8.8737e+00 1.5432e+01 0.0000e+00 0.0000e+00 0.0000e+00 0.0000e+00 1.1033e+01 -1.2986e-01 0.0000e+00 0.0000e+00 1.2986e-01 1.0852e+01 
77.0 1.6220e+01 -8.7912e+00 0.0000e+00 0.0000e+00 -8.7912e+00 1.4954e+01 0.0000e+00 0.0000e+00 0.0000e+00 0.0000e+00 1.0415e+01 -9.1562e-02 0.0000e+00 0.0000e+00 9.1562e-02 1.0247e+01 
78.0 1.5750e+01 -8.7048e+00 0.0000e+00 0.0000e+00 -8.7048e+00 1.4495e+01 0.0000e+00 0.0000e+00 0.0000e+00 0.0000e+00 9.8175e+00 -5.3789e-02 0.0000e+00 0.0000e+00 5.3789e-02 9.6631e+00 
79.0 1.5299e+01 -8.6148e+00 0.0000e+00 0.0000e+00 -8.6148e+00 1.4055e+01 0.0000e+00 0.0000e+00 0.0000e+00 0.0000e+00 9.2398e+00 -1.6588e-02 0.0000e+00 0.0000e+00 1.6588e-02 9.0986e+00 
80.0 1.4866e+01 -8.5213e+00 0.0000e+00 0.0000e+00 -8.5213e+00 1.3633e+01 0.0000e+00 0.0000e+00 0.0000e+00 0.0000e+00 8.6812e+00 1.9997e-02 0.0000e+00 0.0000e+00 -1.9997e-02 8.5530e+00 
81.0 1.4451e+01 -8.4246e+00 0.0000e+00 0.0000e+00 -8.4246e+00 1.3229e+01 0.0000e+00 0.0000e+00 0.0000e+00 0.0000e+00 8.1412e+00 5.5949e-02 0.0000e+00 0.0000e+00 -5.5949e-02 8.0258e+00 
82.0 1.4052e+01 -8.3247e+00 0.0000e+00 0.0000e+00 -8.3247e+00 1.2841e+01 0.0000e+00 0.0000e+00 0.0000e+00 0.0000e+00 7.6192e+00 9.1229e-02 0.0000e+00 0.0000e+00 -9.1229e-02 7.5165e+00 
83.0 1.3671e+01 -8.2220e+00 0.0000e+00 0.0000e+00 -8.2220e+00 1.2470e+01 0.0000e+00 0.0000e+00 0.0000e+00 0.0000e+00 7.1146e+00 1.2582e-01 0.0000e+00 0.0000e+00 -1.2582e-01 7.0246e+00 
84.0 1.3305e+01 -8.1165e+00 0.0000e+00 0.0000e+00 -8.1165e+00 1.2115e+01 0.0000e+00 0.0000e+00 0.0000e+00 0.0000e+00 6.6269e+00 1.5971e-01 0.0000e+00 0.0000e+00 -1.5971e-01 6.5494e+00 
85.0 1.2954e+01 -8.0086e+00 0.0000e+00 0.0000e+00 -8.0086e+00 1.1774e+01 0.0000e+00 0.0000e+00 0.0000e+00 0.0000e+00 6.1556e+00 1.9290e-01 0.0000e+00 0.0000e+00 -1.9290e-01 6.0905e+00 
86.0 1.2619e+01 -7.8982e+00 0.0000e+00 0.0000e+00 -7.8982e+00 1.1449e+01 0.0000e+00 0.0000e+00 0.0000e+00 0.0000e+00 5.7002e+00 2.2537e-01 0.0000e+00 0.0000e+00 -2.2537e-01 5.6473e+00 
87.0 1.2298e+01 -7.7858e+00 0.0000e+00 0.0000e+00 -7.7858e+00 1.1138e+01 0.0000e+00 0.0000e+00 0.0000e+00 0.0000e+00 5.2601e+00 2.5713e-01 0.0000e+00 0.0000e+00 -2.5713e-01 5.2194e+00 
88.0 1.1991e+01 -7.6713e+00 0.0000e+00 0.0000e+00 -7.6713e+00 1.0841e+01 0.0000e+00 0.0000e+00 0.0000e+00 0.0000e+00 4.8349e+00 2.8815e-01 0.0000e+00 0.0000e+00 -2.8815e-01 4.8062e+00 
89.0 1.1698e+01 -7.5551e+00 0.0000e+00 0.0000e+00 -7.5551e+00 1.0557e+01 0.0000e+00 0.0000e+00 0.0000e+00 0.0000e+00 4.4241e+00 3.1840e-01 0.0000e+00 0.0000e+00 -3.1840e-01 4.4074e+00 
90.0 1.1418e+01 -7.4371e+00 0.0000e+00 0.0000e+00 -7.4371e+00 1.0286e+01 0.0000e+00 0.0000e+00 0.0000e+00 0.0000e+00 4.0273e+00 3.4781e-01 0.0000e+00 0.0000e+00 -3.4781e-01 4.0223e+00 
91.0 1.1150e+01 -7.3177e+00 0.0000e+00 0.0000e+00 -7.3177e+00 1.0028e+01 0.0000e+00 0.0000e+00 0.0000e+00 0.0000e+00 3.6440e+00 3.7633e-01 0.0000e+00 0.0000e+00 -3.7633e-01 3.6505e+00 
92.0 1.0894e+01 -7.1968e+00 0.0000e+00 0.0000e+00 -7.1968e+00 9.7810e+00 0.0000e+00 0.0000e+00 0.0000e+00 0.0000e+00 3.2736e+00 4.0397e-01 0.0000e+00 0.0000e+00 -4.0397e-01 3.2915e+00 
93.0 1.0650e+01 -7.0748e+00 0.0000e+00 0.0000e+00 -7.0748e+00 9.5458e+00 0.0000e+00 0.0000e+00 0.0000e+00 0.0000e+00 2.9157e+00 4.3070e-01 0.0000e+00 0.0000e+00 -4.3070e-01 2.9448e+00 
94.0 1.0417e+01 -6.9517e+00 0.0000e+00 0.0000e+00 -6.9517e+00 9.3218e+00 0.0000e+00 0.0000e+00 0.0000e+00 0.0000e+00 2.5700e+00 4.5650e-01 0.0000e+00 0.0000e+00 -4.5650e-01 2.6101e+00 
95.0 1.0195e+01 -6.8275e+00 0.0000e+00 0.0000e+00 -6.8275e+00 9.1084e+00 0.0000e+00 0.0000e+00 0.0000e+00 0.0000e+00 2.2361e+00 4.8136e-01 0.0000e+00 0.0000e+00 -4.8136e-01 2.2870e+00 
96.0 9.9837e+00 -6.7025e+00 0.0000e+00 0.0000e+00 -6.7025e+00 8.9054e+00 0.0000e+00 0.0000e+00 0.0000e+00 0.0000e+00 1.9135e+00 5.0527e-01 0.0000e+00 0.0000e+00 -5.0527e-01 1.9749e+00 
97.0 9.7822e+00 -6.5768e+00 0.0000e+00 0.0000e+00 -6.5768e+00 8.7124e+00 0.0000e+00 0.0000e+00 0.0000e+00 0.0000e+00 1.6018e+00 5.2825e-01 0.0000e+00 0.0000e+00 -5.2825e-01 1.6735e+00 
98.0 9.5904e+00 -6.4504e+00 0.0000e+00 0.0000e+00 -6.4504e+00 8.5292e+00 0.0000e+00 0.0000e+00 0.0000e+00 0.0000e+00 1.3007e+00 5.5028e-01 0.0000e+00 0.0000e+00 -5.5028e-01 1.3826e+00 
99.0 9.4080e+00 -6.3235e+00 0.0000e+00 0.0000e+00 -6.3235e+00 8.3552e+00 0.0000e+00 0.0000e+00 0.0000e+00 0.0000e+00 1.0098e+00 5.7140e-01 0.0000e+00 0.0000e+00 -5.7140e-01 1.1016e+00 
100.0 9.2347e+00 -6.1962e+00 0.0000e+00 0.0000e+00 -6.1962e+00 8.1902e+00 0.0000e+00 0.0000e+00 0.0000e+00 0.0000e+00 7.2888e-01 5.9158e-01 0.0000e+00 0.0000e+00 -5.9158e-01 8.3031e-01 
101.0 9.0701e+00 -6.0685e+00 0.0000e+00 0.0000e+00 -6.0685e+00 8.0339e+00 0.0000e+00 0.0000e+00 0.0000e+00 0.0000e+00 4.5751e-01 6.1082e-01 0.0000e+00 0.0000e+00 -6.1082e-01 5.6833e-01 
102.0 8.9140e+00 -5.9406e+00 0.0000e+00 0.0000e+00 -5.9406e+00 7.8860e+00 0.0000e+00 0.0000e+00 0.0000e+00 0.0000e+00 1.9532e-01 6.2908e-01 0.0000e+00 0.0000e+00 -6.2908e-01 3.1532e-01 
103.0 8.7659e+00 -5.8126e+00 0.0000e+00 0.0000e+00 -5.8126e+00 7.7461e+00 0.0000e+00 0.0000e+00 0.0000e+00 0.0000e+00 -5.8030e-02 6.4631e-01 0.0000e+00 0.0000e+00 -6.4631e-01 7.0932e-02 
104.0 8.6256e+00 -5.6846e+00 0.0000e+00 0.0000e+00 -5.6846e+00 7.6139e+00 0.0000e+00 0.0000e+00 0.0000e+00 0.0000e+00 -3.0285e-01 6.6251e-01 0.0000e+00 0.0000e+00 -6.6251e-01 -1.6516e-01 
105.0 8.4928e+00 -5.5567e+00 0.0000e+00 0.0000e+00 -5.5567e+00 7.4892e+00 0.0000e+00 0.0000e+00 0.0000e+00 0.0000e+00 -5.3944e-01 6.7767e-01 0.0000e+00 0.0000e+00 -6.7767e-01 -3.9324e-01 
106.0 8.3673e+00 -5.4289e+00 0.0000e+00 0.0000e+00 -5.4289e+00 7.3717e+00 0.0000e+00 0.0000e+00 0.0000e+00 0.0000e+00 -7.6813e-01 6.9179e-01 0.0000e+00 0.0000e+00 -6.9179e-01 -6.1360e-01 
107.0 8.2486e+00 -5.3013e+00 0.0000e+00 0.0000e+00 -5.3013e+00 7.2610e+00 0.0000e+00 0.0000e+00 0.0000e+00 0.0000e+00 -9.8922e-01 7.0485e-01 0.0000e+00 0.0000e+00 -7.0485e-01 -8.2654e-01 
108.0 8.1367e+00 -5.1740e+00 0.0000e+00 0.0000e+00 -5.1740e+00 7.1569e+00 0.0000e+00 0.0000e+00 0.0000e+00 0.0000e+00 -1.2030e+00 7.1685e-01 0.0000e+00 0.0000e+00 -7.1685e-01 -1.0323e+00 
109.0 8.0312e+00 -5.0471e+00 0.0000e+00 0.0000e+00 -5.0471e+00 7.0592e+00 0.0000e+00 0.0000e+00 0.0000e+00 0.0000e+00 -1.4097e+00 7.2778e-01 0.0000e+00 0.0000e+00 -7.2778e-01 -1.2312e+00 
110.0 7.9319e+00 -4.9206e+00 0.0000e+00 0.0000e+00 -4.9206e+00 6.9677e+00 0.0000e+00 0.0000e+00 0.0000e+00 0.0000e+00 -1.6096e+00 7.3769e-01 0.0000e+00 0.0000e+00 -7.3769e-01 -1.4235e+00 
111.0 7.8386e+00 -4.7945e+00 0.0000e+00 0.0000e+00 -4.7945e+00 6.8820e+00 0.0000e+00 0.0000e+00 0.0000e+00 0.0000e+00 -1.8030e+00 7.4660e-01 0.0000e+00 0.0000e+00 -7.4660e-01 -1.6094e+00 
112.0 7.7511e+00 -4.6691e+00 0.0000e+00 0.0000e+00 -4.6691e+00 6.8021e+00 0.0000e+00 0.0000e+00 0.0000e+00 0.0000e+00 -1.9901e+00 7.5451e-01 0.0000e+00 0.0000e+00 -7.5451e-01 -1.7891e+00 
113.0 7.6692e+00 -4.5442e+00 0.0000e+00 0.0000e+00 -4.5442e+00 6.7278e+00 0.0000e+00 0.0000e+00 0.0000e+00 0.0000e+00 -2.1711e+00 7.6140e-01 0.0000e+00 0.0000e+00 -7.6140e-01 -1.9629e+00 
114.0 7.5926e+00 -4.4201e+00 0.0000e+00 0.0000e+00 -4.4201e+00 6.6586e+00 0.0000e+00 0.0000e+00 0.0000e+00 0.0000e+00 -2.3463e+00 7.6725e-01 0.0000e+00 0.0000e+00 -7.6725e-01 -2.1310e+00 
115.0 7.5212e+00 -4.2967e+00 0.0000e+00 0.0000e+00 -4.2967e+00 6.5946e+00 0.0000e+00 0.0000e+00 0.0000e+00 0.0000e+00 -2.5160e+00 7.7211e-01 0.0000e+00 0.0000e+00 -7.7211e-01 -2.2937e+00 
116.0 7.4547e+00 -4.1741e+00 0.0000e+00 0.0000e+00 -4.1741e+00 6.5355e+00 0.0000e+00 0.0000e+00 0.0000e+00 0.0000e+00 -2.6802e+00 7.7599e-01 0.0000e+00 0.0000e+00 -7.7599e-01 -2.4510e+00 
117.0 7.3931e+00 -4.0524e+00 0.0000e+00 0.0000e+00 -4.0524e+00 6.4812e+00 0.0000e+00 0.0000e+00 0.0000e+00 0.0000e+00 -2.8391e+00 7.7890e-01 0.0000e+00 0.0000e+00 -7.7890e-01 -2.6033e+00 
118.0 7.3362e+00 -3.9317e+00 0.0000e+00 0.0000e+00 -3.9317e+00 6.4314e+00 0.0000e+00 0.0000e+00 0.0000e+00 0.0000e+00 -2.9931e+00 7.8085e-01 0.0000e+00 0.0000e+00 -7.8085e-01 -2.7506e+00 
119.0 7.2837e+00 -3.8120e+00 0.0000e+00 0.0000e+00 -3.8120e+00 6.3861e+00 0.0000e+00 0.0000e+00 0.0000e+00 0.0000e+00 -3.1421e+00 7.8184e-01 0.0000e+00 0.0000e+00 -7.8184e-01 -2.8931e+00 
120.0 7.2356e+00 -3.6934e+00 0.0000e+00 0.0000e+00 -3.6934e+00 6.3450e+00 0.0000e+00 0.0000e+00 0.0000e+00 0.0000e+00 -3.2864e+00 7.8183e-01 0.0000e+00 0.0000e+00 -7.8183e-01 -3.0310e+00 
121.0 7.1916e+00 -3.5760e+00 0.0000e+00 0.0000e+00 -3.5760e+00 6.3079e+00 0.0000e+00 0.0000e+00 0.0000e+00 0.0000e+00 -3.4262e+00 7.8072e-01 0.0000e+00 0.0000e+00 -7.8072e-01 -3.1645e+00 
122.0 7.1514e+00 -3.4596e+00 0.0000e+00 0.0000e+00 -3.4596e+00 6.2746e+00 0.0000e+00 0.0000e+00 0.0000e+00 0.0000e+00 -3.5616e+00 7.7849e-01 0.0000e+00 0.0000e+00 -7.7849e-01 -3.2937e+00 
123.0 7.1150e+00 -3.3444e+00 0.0000e+00 0.0000e+00 -3.3444e+00 6.2449e+00 0.0000e+00 0.0000e+00 0.0000e+00 0.0000e+00 -3.6928e+00 7.7513e-01 0.0000e+00 0.0000e+00 -7.7513e-01 -3.4187e+00 
124.0 7.0822e+00 -3.2304e+00 0.0000e+00 0.0000e+00 -3.2304e+00 6.2187e+00 0.0000e+00 0.0000e+00 0.0000e+00 0.0000e+00 -3.8200e+00 7.7065e-01 0.0000e+00 0.0000e+00 -7.7065e-01 -3.5398e+00 
125.0 7.0527e+00 -3.1175e+00 0.0000e+00 0.0000e+00 -3.1175e+00 6.1957e+00 0.0000e+00 0.0000e+00 0.0000e+00 0.0000e+00 -3.9433e+00 7.6505e-01 0.0000e+00 0.0000e+00 -7.6505e-01 -3.6570e+00 
126.0 7.0265e+00 -3.0058e+00 0.0000e+00 0.0000e+00 -3.0058e+00 6.1759e+00 0.0000e+00 0.0000e+00 0.0000e+00 0.0000e+00 -4.0628e+00 7.5837e-01 0.0000e+00 0.0000e+00 -7.5837e-01 -3.7707e+00 
127.0 7.0033e+00 -2.8953e+00 0.0000e+00 0.0000e+00 -2.8953e+00 6.1591e+00 0.0000e+00 0.0000e+00 0.0000e+00 0.0000e+00 -4.1789e+00 7.5069e-01 0.0000e+00 0.0000e+00 -7.5069e-01 -3.8808e+00 
128.0 6.9834e+00 -2.7861e+00 0.0000e+00 0.0000e+00 -2.7861e+00 6.1452e+00 0.0000e+00 0.0000e+00 0.0000e+00 0.0000e+00 -4.2915e+00 7.4208e-01 0.0000e+00 0.0000e+00 -7.4208e-01 -3.9875e+00 
129.0 6.9664e+00 -2.6784e+00 0.0000e+00 0.0000e+00 -2.6784e+00 6.1343e+00 0.0000e+00 0.0000e+00 0.0000e+00 0.0000e+00 -4.4008e+00 7.3262e-01 0.0000e+00 0.0000e+00 -7.3262e-01 -4.0910e+00 
130.0 6.9524e+00 -2.5721e+00 0.0000e+00 0.0000e+00 -2.5721e+00 6.1260e+00 0.0000e+00 0.0000e+00 0.0000e+00 0.0000e+00 -4.5069e+00 7.2238e-01 0.0000e+00 0.0000e+00 -7.2238e-01 -4.1912e+00 
131.0 6.9412e+00 -2.4675e+00 0.0000e+00 0.0000e+00 -2.4675e+00 6.1206e+00 0.0000e+00 0.0000e+00 0.0000e+00 0.0000e+00 -4.6098e+00 7.1138e-01 0.0000e+00 0.0000e+00 -7.1138e-01 -4.2882e+00 
132.0 6.9329e+00 -2.3646e+00 0.0000e+00 0.0000e+00 -2.3646e+00 6.1178e+00 0.0000e+00 0.0000e+00 0.0000e+00 0.0000e+00 -4.7097e+00 6.9965e-01 0.0000e+00 0.0000e+00 -6.9965e-01 -4.3821e+00 
133.0 6.9274e+00 -2.2634e+00 0.0000e+00 0.0000e+00 -2.2634e+00 6.1175e+00 0.0000e+00 0.0000e+00 0.0000e+00 0.0000e+00 -4.8066e+00 6.8724e-01 0.0000e+00 0.0000e+00 -6.8724e-01 -4.4730e+00 
134.0 6.9246e+00 -2.1639e+00 0.0000e+00 0.0000e+00 -2.1639e+00 6.1198e+00 0.0000e+00 0.0000e+00 0.0000e+00 0.0000e+00 -4.9007e+00 6.7416e-01 0.0000e+00 0.0000e+00 -6.7416e-01 -4.5610e+00 
135.0 6.9243e+00 -2.0664e+00 0.0000e+00 0.0000e+00 -2.0664e+00 6.1244e+00 0.0000e+00 0.0000e+00 0.0000e+00 0.0000e+00 -4.9918e+00 6.6039e-01 0.0000e+00 0.0000e+00 -6.6039e-01 -4.6462e+00 
136.0 6.9264e+00 -1.9707e+00 0.0000e+00 0.0000e+00 -1.9707e+00 6.1314e+00 0.0000e+00 0.0000e+00 0.0000e+00 0.0000e+00 -5.0802e+00 6.4595e-01 0.0000e+00 0.0000e+00 -6.4595e-01 -4.7286e+00 
137.0 6.9307e+00 -1.8768e+00 0.0000e+00 0.0000e+00 -1.8768e+00 6.1404e+00 0.0000e+00 0.0000e+00 0.0000e+00 0.0000e+00 -5.1658e+00 6.3090e-01 0.0000e+00 0.0000e+00 -6.3090e-01 -4.8083e+00 
138.0 6.9372e+00 -1.7847e+00 0.0000e+00 0.0000e+00 -1.7847e+00 6.1515e+00 0.0000e+00 0.0000e+00 0.0000e+00 0.0000e+00 -5.2488e+00 6.1526e-01 0.0000e+00 0.0000e+00 -6.1526e-01 -4.8855e+00 
139.0 6.9457e+00 -1.6946e+00 0.0000e+00 0.0000e+00 -1.6946e+00 6.1646e+00 0.0000e+00 0.0000e+00 0.0000e+00 0.0000e+00 -5.3291e+00 5.9909e-01 0.0000e+00 0.0000e+00 -5.9909e-01 -4.9602e+00 
140.0 6.9563e+00 -1.6063e+00 0.0000e+00 0.0000e+00 -1.6063e+00 6.1796e+00 0.0000e+00 0.0000e+00 0.0000e+00 0.0000e+00 -5.4069e+00 5.8246e-01 0.0000e+00 0.0000e+00 -5.8246e-01 -5.0325e+00 
141.0 6.9687e+00 -1.5198e+00 0.0000e+00 0.0000e+00 -1.5198e+00 6.1964e+00 0.0000e+00 0.0000e+00 0.0000e+00 0.0000e+00 -5.4823e+00 5.6545e-01 0.0000e+00 0.0000e+00 -5.6545e-01 -5.1024e+00 
142.0 6.9831e+00 -1.4352e+00 0.0000e+00 0.0000e+00 -1.4352e+00 6.2150e+00 0.0000e+00 0.0000e+00 0.0000e+00 0.0000e+00 -5.5553e+00 5.4812e-01 0.0000e+00 0.0000e+00 -5.4812e-01 -5.1700e+00 
143.0 6.9994e+00 -1.3526e+00 0.0000e+00 0.0000e+00 -1.3526e+00 6.2353e+00 0.0000e+00 0.0000e+00 0.0000e+00 0.0000e+00 -5.6261e+00 5.3049e-01 0.0000e+00 0.0000e+00 -5.3049e-01 -5.2353e+00 
144.0 7.0176e+00 -1.2719e+00 0.0000e+00 0.0000e+00 -1.2719e+00 6.2571e+00 0.0000e+00 0.0000e+00 0.0000e+00 0.0000e+00 -5.6948e+00 5.1256e-01 0.0000e+00 0.0000e+00 -5.1256e-01 -5.2984e+00 
145.0 7.0377e+00 -1.1933e+00 0.0000e+00 0.0000e+00 -1.1933e+00 6.2803e+00 0.0000e+00 0.0000e+00 0.0000e+00 0.0000e+00 -5.7615e+00 4.9429e-01 0.0000e+00 0.0000e+00 -4.9429e-01 -5.3593e+00 
146.0 7.0595e+00 -1.1168e+00 0.0000e+00 0.0000e+00 -1.1168e+00 6.3049e+00 0.0000e+00 0.0000e+00 0.0000e+00 0.0000e+00 -5.8264e+00 4.7565e-01 0.0000e+00 0.0000e+00 -4.7565e-01 -5.4182e+00 
147.0 7.0830e+00 -1.0423e+00 0.0000e+00 0.0000e+00 -1.0423e+00 6.3306e+00 0.0000e+00 0.0000e+00 0.0000e+00 0.0000e+00 -5.8894e+00 4.5668e-01 0.0000e+00 0.0000e+00 -4.5668e-01 -5.4749e+00 
148.0 7.1082e+00 -9.7000e-01 0.0000e+00 0.0000e+00 -9.7000e-01 6.3577e+00 0.0000e+00 0.0000e+00 0.0000e+00 0.0000e+00 -5.9508e+00 4.3740e-01 0.0000e+00 0.0000e+00 -4.3740e-01 -5.5296e+00 
149.0 7.1351e+00 -8.9980e-01 0.0000e+00 0.0000e+00 -8.9980e-01 6.3859e+00 0.0000e+00 0.0000e+00 0.0000e+00 0.0000e+00 -6.0105e+00 4.1783e-01 0.0000e+00 0.0000e+00 -4.1783e-01 -5.5824e+00 
150.0 7.1638e+00 -8.3173e-01 0.0000e+00 0.0000e+00 -8.3173e-01 6.4153e+00 0.0000e+00 0.0000e+00 0.0000e+00 0.0000e+00 -6.0687e+00 3.9808e-01 0.0000e+00 0.0000e+00 -3.9808e-01 -5.6333e+00 
151.0 7.1941e+00 -7.6586e-01 0.0000e+00 0.0000e+00 -7.6586e-01 6.4459e+00 0.0000e+00 0.0000e+00 0.0000e+00 0.0000e+00 -6.1255e+00 3.7822e-01 0.0000e+00 0.0000e+00 -3.7822e-01 -5.6824e+00 
152.0 7.2261e+00 -7.0237e-01 0.0000e+00 0.0000e+00 -7.0237e-01 6.4774e+00 0.0000e+00 0.0000e+00 0.0000e+00 0.0000e+00 -6.1810e+00 3.5813e-01 0.0000e+00 0.0000e+00 -3.5813e-01 -5.7297e+00 
153.0 7.2593e+00 -6.4141e-01 0.0000e+00 0.0000e+00 -6.4141e-01 6.5095e+00 0.0000e+00 0.0000e+00 0.0000e+00 0.0000e+00 -6.2353e+00 3.3761e-01 0.0000e+00 0.0000e+00 -3.3761e-01 -5.7754e+00 
154.0 7.2937e+00 -5.8305e-01 0.0000e+00 0.0000e+00 -5.8305e-01 6.5421e+00 0.0000e+00 0.0000e+00 0.0000e+00 0.0000e+00 -6.2886e+00 3.1651e-01 0.0000e+00 0.0000e+00 -3.1651e-01 -5.8195e+00 
155.0 7.3293e+00 -5.2741e-01 0.0000e+00 0.0000e+00 -5.2741e-01 6.5750e+00 0.0000e+00 0.0000e+00 0.0000e+00 0.0000e+00 -6.3409e+00 2.9474e-01 0.0000e+00 0.0000e+00 -2.9474e-01 -5.8621e+00 
156.0 7.3660e+00 -4.7456e-01 0.0000e+00 0.0000e+00 -4.7456e-01 6.6083e+00 0.0000e+00 0.0000e+00 0.0000e+00 0.0000e+00 -6.3922e+00 2.7244e-01 0.0000e+00 0.0000e+00 -2.7244e-01 -5.9032e+00 
157.0 7.4039e+00 -4.2458e-01 0.0000e+00 0.0000e+00 -4.2458e-01 6.6423e+00 0.0000e+00 0.0000e+00 0.0000e+00 0.0000e+00 -6.4426e+00 2.4979e-01 0.0000e+00 0.0000e+00 -2.4979e-01 -5.9427e+00 
158.0 7.4431e+00 -3.7766e-01 0.0000e+00 0.0000e+00 -3.7766e-01 6.6768e+00 0.0000e+00 0.0000e+00 0.0000e+00 0.0000e+00 -6.4922e+00 2.2678e-01 0.0000e+00 0.0000e+00 -2.2678e-01 -5.9808e+00 
159.0 7.4833e+00 -3.3394e-01 0.0000e+00 0.0000e+00 -3.3394e-01 6.7115e+00 0.0000e+00 0.0000e+00 0.0000e+00 0.0000e+00 -6.5410e+00 2.0334e-01 0.0000e+00 0.0000e+00 -2.0334e-01 -6.0175e+00 
160.0 7.5245e+00 -2.9341e-01 0.0000e+00 0.0000e+00 -2.9341e-01 6.7464e+00 0.0000e+00 0.0000e+00 0.0000e+00 0.0000e+00 -6.5892e+00 1.7951e-01 0.0000e+00 0.0000e+00 -1.7951e-01 -6.0529e+00 
161.0 7.5665e+00 -2.5606e-01 0.0000e+00 0.0000e+00 -2.5606e-01 6.7812e+00 0.0000e+00 0.0000e+00 0.0000e+00 0.0000e+00 -6.6369e+00 1.5523e-01 0.0000e+00 0.0000e+00 -1.5523e-01 -6.0870e+00 
162.0 7.6095e+00 -2.2195e-01 0.0000e+00 0.0000e+00 -2.2195e-01 6.8159e+00 0.0000e+00 0.0000e+00 0.0000e+00 0.0000e+00 -6.6843e+00 1.3045e-01 0.0000e+00 0.0000e+00 -1.3045e-01 -6.1198e+00 
163.0 7.6537e+00 -1.9113e-01 0.0000e+00 0.0000e+00 -1.9113e-01 6.8506e+00 0.0000e+00 0.0000e+00 0.0000e+00 0.0000e+00 -6.7318e+00 1.0523e-01 0.0000e+00 0.0000e+00 -1.0523e-01 -6.1517e+00 
164.0 7.6992e+00 -1.6360e-01 0.0000e+00 0.0000e+00 -1.6360e-01 6.8854e+00 0.0000e+00 0.0000e+00 0.0000e+00 0.0000e+00 -6.7798e+00 7.9712e-02 0.0000e+00 0.0000e+00 -7.9712e-02 -6.1827e+00 
165.0 7.7467e+00 -1.3919e-01 0.0000e+00 0.0000e+00 -1.3919e-01 6.9207e+00 0.0000e+00 0.0000e+00 0.0000e+00 0.0000e+00 -6.8286e+00 5.4321e-02 0.0000e+00 0.0000e+00 -5.4321e-02 -6.2129e+00 
166.0 7.7966e+00 -1.1772e-01 0.0000e+00 0.0000e+00 -1.1772e-01 6.9568e+00 0.0000e+00 0.0000e+00 0.0000e+00 0.0000e+00 -6.8784e+00 2.9547e-02 0.0000e+00 0.0000e+00 -2.9547e-02 -6.2423e+00 
167.0 7.8488e+00 -9.9232e-02 0.0000e+00 0.0000e+00 -9.9232e-02 6.9939e+00 0.0000e+00 0.0000e+00 0.0000e+00 0.0000e+00 -6.9296e+00 5.4460e-03 0.0000e+00 0.0000e+00 -5.4460e-03 -6.2712e+00 
168.0 7.9037e+00 -8.3894e-02 0.0000e+00 0.0000e+00 -8.3894e-02 7.0318e+00 0.0000e+00 0.0000e+00 0.0000e+00 0.0000e+00 -6.9830e+00 -1.8065e-02 0.0000e+00 0.0000e+00 1.8065e-02 -6.2998e+00 
169.0 7.9617e+00 -7.1675e-02 0.0000e+00 0.0000e+00 -7.1675e-02 7.0705e+00 0.0000e+00 0.0000e+00 0.0000e+00 0.0000e+00 -7.0394e+00 -4.0789e-02 0.0000e+00 0.0000e+00 4.0789e-02 -6.3283e+00 
170.0 8.0241e+00 -6.2173e-02 0.0000e+00 0.0000e+00 -6.2173e-02 7.1103e+00 0.0000e+00 0.0000e+00 0.0000e+00 0.0000e+00 -7.0994e+00 -6.1778e-02 0.0000e+00 0.0000e+00 6.1778e-02 -6.3563e+00 
171.0 8.0935e+00 -5.4473e-02 0.0000e+00 0.0000e+00 -5.4473e-02 7.1531e+00 0.0000e+00 0.0000e+00 0.0000e+00 0.0000e+00 -7.1635e+00 -7.9071e-02 0.0000e+00 0.0000e+00 7.9071e-02 -6.3833e+00 
172.0 8.1717e+00 -4.7805e-02 0.0000e+00 0.0000e+00 -4.7805e-02 7.2001e+00 0.0000e+00 0.0000e+00 0.0000e+00 0.0000e+00 -7.2324e+00 -9.0744e-02 0.0000e+00 0.0000e+00 9.0744e-02 -6.4092e+00 
173.0 8.2599e+00 -4.1635e-02 0.0000e+00 0.0000e+00 -4.1635e-02 7.2518e+00 0.0000e+00 0.0000e+00 0.0000e+00 0.0000e+00 -7.3065e+00 -9.5481e-02 0.0000e+00 0.0000e+00 9.5481e-02 -6.4340e+00 
174.0 8.3589e+00 -3.5125e-02 0.0000e+00 0.0000e+00 -3.5125e-02 7.3091e+00 0.0000e+00 0.0000e+00 0.0000e+00 0.0000e+00 -7.3851e+00 -9.1895e-02 0.0000e+00 0.0000e+00 9.1895e-02 -6.4569e+00 
175.0 8.4669e+00 -2.8243e-02 0.0000e+00 0.0000e+00 -2.8243e-02 7.3712e+00 0.0000e+00 0.0000e+00 0.0000e+00 0.0000e+00 -7.4660e+00 -8.0002e-02 0.0000e+00 0.0000e+00 8.0002e-02 -6.4770e+00 
176.0 8.5786e+00 -2.1431e-02 0.0000e+00 0.0000e+00 -2.1431e-02 7.4342e+00 0.0000e+00 0.0000e+00 0.0000e+00 0.0000e+00 -7.5462e+00 -6.1235e-02 0.0000e+00 0.0000e+00 6.1235e-02 -6.4933e+00 
177.0 8.6876e+00 -1.3463e-02 0.0000e+00 0.0000e+00 -1.3463e-02 7.4945e+00 0.0000e+00 0.0000e+00 0.0000e+00 0.0000e+00 -7.6197e+00 -3.6756e-02 0.0000e+00 0.0000e+00 3.6756e-02 -6.5038e+00 
178.0 8.7766e+00 -4.5602e-03 0.0000e+00 0.0000e+00 -4.5602e-03 7.5439e+00 0.0000e+00 0.0000e+00 0.0000e+00 0.0000e+00 -7.6747e+00 -1.2074e-02 0.0000e+00 0.0000e+00 1.2074e-02 -6.5078e+00 
179.0 8.8149e+00 -8.5518e-20 0.0000e+00 0.0000e+00 -8.5518e-20 7.5657e+00 0.0000e+00 0.0000e+00 0.0000e+00 0.0000e+00 -7.6970e+00 -1.5128e-19 0.0000e+00 0.0000e+00 1.5128e-19 -6.5090e+00 
180.0 8.8534e+00 0.0000e+00 0.0000e+00 0.0000e+00 0.0000e+00 7.5861e+00 0.0000e+00 0.0000e+00 0.0000e+00 0.0000e+00 -7.7181e+00 0.0000e+00 0.0000e+00 0.0000e+00 -0.0000e+00 -6.5103e+00 
