1.1954 1.4233 0.2279 0.084478
theta s11 s12 s13 s14 s21 s22 s23 s24 s31 s32 s33 s34 s41 s42 s43 s44
0.0 1.6816e+03 0.0000e+00 0.0000e+00 0.0000e+00 0.0000e+00 1.6807e+03 0.0000e+00 0.0000e+00 0.0000e+00 0.0000e+00 1.6807e+03 0.0000e+00 0.0000e+00 0.0000e+00 -0.0000e+00 1.6798e+03 
1.0 1.4821e+03 -7.1127e-02 0.0000e+00 0.0000e+00 -7.1127e-02 1.4812e+03 0.0000e+00 0.0000e+00 0.0000e+00 0.0000e+00 1.4812e+03 -7.1772e-01 0.0000e+00 0.0000e+00 7.1772e-01 1.4803e+03 
2.0 1.1305e+03 -1.4533e-01 0.0000e+00 0.0000e+00 -1.4533e-01 1.1296e+03 0.0000e+00 0.0000e+00 0.0000e+00 0.0000e+00 1.1296e+03 -2.4098e+00 0.0000e+00 0.0000e+00 2.4098e+00 1.1287e+03 
3.0 8.4138e+02 -1.4203e-01 0.0000e+00 0.0000e+00 -1.4203e-01 8.4052e+02 0.0000e+00 0.0000e+00 0.0000e+00 0.0000e+00 8.4048e+02 -4.1973e+00 0.0000e+00 0.0000e+00 4.1973e+00 8.3964e+02 
4.0 6.3751e+02 -1.0340e-01 0.0000e+00 0.0000e+00 -1.0340e-01 6.3668e+02 0.0000e+00 0.0000e+00 0.0000e+00 0.0000e+00 6.3660e+02 -5.5579e+00 0.0000e+00 0.0000e+00 5.5579e+00 6.3581e+02 
5.0 4.9586e+02 -6.3155e-02 0.0000e+00 0.0000e+00 -6.3155e-02 4.9506e+02 0.0000e+00 0.0000e+00 0.0000e+00 0.0000e+00 4.9494e+02 -6.4437e+00 0.0000e+00 0.0000e+00 6.4437e+00 4.9419e+02 
6.0 3.9471e+02 -3.2987e-02 0.0000e+00 0.0000e+00 -3.2987e-02 3.9395e+02 0.0000e+00 0.0000e+00 0.0000e+00 0.0000e+00 3.9378e+02 -6.9617e+00 0.0000e+00 0.0000e+00 6.9617e+00 3.9308e+02 
7.0 3.2003e+02 -1.8570e-02 0.0000e+00 0.0000e+00 -1.8570e-02 3.1929e+02 0.0000e+00 0.0000e+00 0.0000e+00 0.0000e+00 3.1906e+02 -7.1952e+00 0.0000e+00 0.0000e+00 7.1952e+00 3.1842e+02 
8.0 2.6334e+02 -2.1723e-02 0.0000e+00 0.0000e+00 -2.1723e-02 2.6264e+02 0.0000e+00 0.0000e+00 0.0000e+00 0.0000e+00 2.6235e+02 -7.2066e+00 0.0000e+00 0.0000e+00 7.2066e+00 2.6175e+02 
9.0 2.1946e+02 -3.9928e-02 0.0000e+00 0.0000e+00 -3.9928e-02 2.1877e+02 0.0000e+00 0.0000e+00 0.0000e+00 0.0000e+00 2.1844e+02 -7.0492e+00 0.0000e+00 0.0000e+00 7.0492e+00 2.1788e+02 
10.0 1.8499e+02 -6.9048e-02 0.0000e+00 0.0000e+00 -6.9048e-02 1.8432e+02 0.0000e+00 0.0000e+00 0.0000e+00 0.0000e+00 1.8393e+02 -6.7685e+00 0.0000e+00 0.0000e+00 6.7685e+00 1.8342e+02 
11.0 1.5762e+02 -1.0577e-01 0.0000e+00 0.0000e+00 -1.0577e-01 1.5697e+02 0.0000e+00 0.0000e+00 0.0000e+00 0.0000e+00 1.5653e+02 -6.4053e+00 0.0000e+00 0.0000e+00 6.4053e+00 1.5606e+02 
12.0 1.3570e+02 -1.4679e-01 0.0000e+00 0.0000e+00 -1.4679e-01 1.3505e+02 0.0000e+00 0.0000e+00 0.0000e+00 0.0000e+00 1.3458e+02 -5.9945e+00 0.0000e+00 0.0000e+00 5.9945e+00 1.3414e+02 
13.0 1.1799e+02 -1.8985e-01 0.0000e+00 0.0000e+00 -1.8985e-01 1.1736e+02 0.0000e+00 0.0000e+00 0.0000e+00 0.0000e+00 1.1685e+02 -5.5608e+00 0.0000e+00 0.0000e+00 5.5608e+00 1.1644e+02 
14.0 1.0356e+02 -2.2988e-01 0.0000e+00 0.0000e+00 -2.2988e-01 1.0294e+02 0.0000e+00 0.0000e+00 0.0000e+00 0.0000e+00 1.0240e+02 -5.1319e+00 0.0000e+00 0.0000e+00 5.1319e+00 1.0202e+02 
15.0 9.1713e+01 -2.6910e-01 0.0000e+00 0.0000e+00 -2.6910e-01 9.1091e+01 0.0000e+00 0.0000e+00 0.0000e+00 0.0000e+00 9.0525e+01 -4.7104e+00 0.0000e+00 0.0000e+00 4.7104e+00 9.0174e+01 
16.0 8.1889e+01 -3.0543e-01 0.0000e+00 0.0000e+00 -3.0543e-01 8.1271e+01 0.0000e+00 0.0000e+00 0.0000e+00 0.0000e+00 8.0683e+01 -4.3064e+00 0.0000e+00 0.0000e+00 4.3064e+00 8.0358e+01 
17.0 7.3676e+01 -3.3876e-01 0.0000e+00 0.0000e+00 -3.3876e-01 7.3063e+01 0.0000e+00 0.0000e+00 0.0000e+00 0.0000e+00 7.2457e+01 -3.9254e+00 0.0000e+00 0.0000e+00 3.9254e+00 7.2155e+01 
18.0 6.6752e+01 -3.6963e-01 0.0000e+00 0.0000e+00 -3.6963e-01 6.6141e+01 0.0000e+00 0.0000e+00 0.0000e+00 0.0000e+00 6.5521e+01 -3.5704e+00 0.0000e+00 0.0000e+00 3.5704e+00 6.5242e+01 
19.0 6.0863e+01 -3.9832e-01 0.0000e+00 0.0000e+00 -3.9832e-01 6.0254e+01 0.0000e+00 0.0000e+00 0.0000e+00 0.0000e+00 5.9832e+01 -3.2425e+00 0.0000e+00 0.0000e+00 3.2425e+00 5.9581e+01 
20.0 5.5808e+01 -4.2520e-01 0.0000e+00 0.0000e+00 -4.2520e-01 5.5202e+01 0.0000e+00 0.0000e+00 0.0000e+00 0.0000e+00 5.4947e+01 -2.9421e+00 0.0000e+00 0.0000e+00 2.9421e+00 5.4721e+01 
21.0 5.1432e+01 -4.5090e-01 0.0000e+00 0.0000e+00 -4.5090e-01 5.0828e+01 0.0000e+00 0.0000e+00 0.0000e+00 0.0000e+00 5.0716e+01 -2.6689e+00 0.0000e+00 0.0000e+00 2.6689e+00 5.0511e+01 
22.0 4.7609e+01 -4.7573e-01 0.0000e+00 0.0000e+00 -4.7573e-01 4.7006e+01 0.0000e+00 0.0000e+00 0.0000e+00 0.0000e+00 4.7018e+01 -2.4216e+00 0.0000e+00 0.0000e+00 2.4216e+00 4.6832e+01 
23.0 4.4240e+01 -4.9976e-01 0.0000e+00 0.0000e+00 -4.9976e-01 4.3639e+01 0.0000e+00 0.0000e+00 0.0000e+00 0.0000e+00 4.3758e+01 -2.1980e+00 0.0000e+00 0.0000e+00 2.1980e+00 4.3588e+01 
24.0 4.1249e+01 -5.2335e-01 0.0000e+00 0.0000e+00 -5.2335e-01 4.0650e+01 0.0000e+00 0.0000e+00 0.0000e+00 0.0000e+00 4.0863e+01 -1.9953e+00 0.0000e+00 0.0000e+00 1.9953e+00 4.0706e+01 
25.0 3.8578e+01 -5.4677e-01 0.0000e+00 0.0000e+00 -5.4677e-01 3.7980e+01 0.0000e+00 0.0000e+00 0.0000e+00 0.0000e+00 3.8275e+01 -1.8108e+00 0.0000e+00 0.0000e+00 1.8108e+00 3.8131e+01 
26.0 3.6178e+01 -5.7002e-01 0.0000e+00 0.0000e+00 -5.7002e-01 3.5582e+01 0.0000e+00 0.0000e+00 0.0000e+00 0.0000e+00 3.5949e+01 -1.6428e+00 0.0000e+00 0.0000e+00 1.6428e+00 3.5816e+01 
27.0 3.4011e+01 -5.9319e-01 0.0000e+00 0.0000e+00 -5.9319e-01 3.3416e+01 0.0000e+00 0.0000e+00 0.0000e+00 0.0000e+00 3.3848e+01 -1.4896e+00 0.0000e+00 0.0000e+00 1.4896e+00 3.3725e+01 
28.0 3.2043e+01 -6.1638e-01 0.0000e+00 0.0000e+00 -6.1638e-01 3.1450e+01 0.0000e+00 0.0000e+00 0.0000e+00 0.0000e+00 3.1938e+01 -1.3500e+00 0.0000e+00 0.0000e+00 1.3500e+00 3.1825e+01 
29.0 3.0245e+01 -6.3950e-01 0.0000e+00 0.0000e+00 -6.3950e-01 2.9653e+01 0.0000e+00 0.0000e+00 0.0000e+00 0.0000e+00 3.0192e+01 -1.2227e+00 0.0000e+00 0.0000e+00 1.2227e+00 3.0087e+01 
30.0 2.8593e+01 -6.6253e-01 0.0000e+00 0.0000e+00 -6.6253e-01 2.8002e+01 0.0000e+00 0.0000e+00 0.0000e+00 0.0000e+00 2.8587e+01 -1.1065e+00 0.0000e+00 0.0000e+00 1.1065e+00 2.8489e+01 
31.0 2.7067e+01 -6.8549e-01 0.0000e+00 0.0000e+00 -6.8549e-01 2.6477e+01 0.0000e+00 0.0000e+00 0.0000e+00 0.0000e+00 2.6964e+01 -1.0002e+00 0.0000e+00 0.0000e+00 1.0002e+00 2.6878e+01 
32.0 2.5653e+01 -7.0823e-01 0.0000e+00 0.0000e+00 -7.0823e-01 2.5064e+01 0.0000e+00 0.0000e+00 0.0000e+00 0.0000e+00 2.5463e+01 -9.0325e-01 0.0000e+00 0.0000e+00 9.0325e-01 2.5388e+01 
33.0 2.4336e+01 -7.3050e-01 0.0000e+00 0.0000e+00 -7.3050e-01 2.3748e+01 0.0000e+00 0.0000e+00 0.0000e+00 0.0000e+00 2.4069e+01 -8.1465e-01 0.0000e+00 0.0000e+00 8.1465e-01 2.4006e+01 
34.0 2.3107e+01 -7.5216e-01 0.0000e+00 0.0000e+00 -7.5216e-01 2.2519e+01 0.0000e+00 0.0000e+00 0.0000e+00 0.0000e+00 2.2772e+01 -7.3363e-01 0.0000e+00 0.0000e+00 7.3363e-01 2.2718e+01 
35.0 2.1956e+01 -7.7313e-01 0.0000e+00 0.0000e+00 -7.7313e-01 2.1370e+01 0.0000e+00 0.0000e+00 0.0000e+00 0.0000e+00 2.1560e+01 -6.5928e-01 0.0000e+00 0.0000e+00 6.5928e-01 2.1516e+01 
36.0 2.0879e+01 -7.9349e-01 0.0000e+00 0.0000e+00 -7.9349e-01 2.0293e+01 0.0000e+00 0.0000e+00 0.0000e+00 0.0000e+00 2.0426e+01 -5.9067e-01 0.0000e+00 0.0000e+00 5.9067e-01 2.0391e+01 
37.0 1.9869e+01 -8.1347e-01 0.0000e+00 0.0000e+00 -8.1347e-01 1.9284e+01 0.0000e+00 0.0000e+00 0.0000e+00 0.0000e+00 1.9363e+01 -5.2695e-01 0.0000e+00 0.0000e+00 5.2695e-01 1.9337e+01 
38.0 1.8922e+01 -8.3337e-01 0.0000e+00 0.0000e+00 -8.3337e-01 1.8338e+01 0.0000e+00 0.0000e+00 0.0000e+00 0.0000e+00 1.8365e+01 -4.6751e-01 0.0000e+00 0.0000e+00 4.6751e-01 1.8348e+01 
39.0 1.8034e+01 -8.5332e-01 0.0000e+00 0.0000e+00 -8.5332e-01 1.7451e+01 0.0000e+00 0.0000e+00 0.0000e+00 0.0000e+00 1.7428e+01 -4.1203e-01 0.0000e+00 0.0000e+00 4.1203e-01 1.7419e+01 
40.0 1.7201e+01 -8.7333e-01 0.0000e+00 0.0000e+00 -8.7333e-01 1.6619e+01 0.0000e+00 0.0000e+00 0.0000e+00 0.0000e+00 1.6548e+01 -3.6030e-01 0.0000e+00 0.0000e+00 3.6030e-01 1.6547e+01 
41.0 1.6419e+01 -8.9330e-01 0.0000e+00 0.0000e+00 -8.9330e-01 1.5838e+01 0.0000e+00 0.0000e+00 0.0000e+00 0.0000e+00 1.5720e+01 -3.1215e-01 0.0000e+00 0.0000e+00 3.1215e-01 1.5726e+01 
42.0 1.5684e+01 -9.1304e-01 0.0000e+00 0.0000e+00 -9.1304e-01 1.5104e+01 0.0000e+00 0.0000e+00 0.0000e+00 0.0000e+00 1.4939e+01 -2.6737e-01 0.0000e+00 0.0000e+00 2.6737e-01 1.4953e+01 
43.0 1.4991e+01 -9.3240e-01 0.0000e+00 0.0000e+00 -9.3240e-01 1.4412e+01 0.0000e+00 0.0000e+00 0.0000e+00 0.0000e+00 1.4203e+01 -2.2567e-01 0.0000e+00 0.0000e+00 2.2567e-01 1.4224e+01 
44.0 1.4337e+01 -9.5123e-01 0.0000e+00 0.0000e+00 -9.5123e-01 1.3759e+01 0.0000e+00 0.0000e+00 0.0000e+00 0.0000e+00 1.3507e+01 -1.8672e-01 0.0000e+00 0.0000e+00 1.8672e-01 1.3535e+01 
45.0 1.3718e+01 -9.6946e-01 0.0000e+00 0.0000e+00 -9.6946e-01 1.3141e+01 0.0000e+00 0.0000e+00 0.0000e+00 0.0000e+00 1.2848e+01 -1.5013e-01 0.0000e+00 0.0000e+00 1.5013e-01 1.2883e+01 
46.0 1.3133e+01 -9.8706e-01 0.0000e+00 0.0000e+00 -9.8706e-01 1.2557e+01 0.0000e+00 0.0000e+00 0.0000e+00 0.0000e+00 1.2224e+01 -1.1555e-01 0.0000e+00 0.0000e+00 1.1555e-01 1.2265e+01 
47.0 1.2579e+01 -1.0041e+00 0.0000e+00 0.0000e+00 -1.0041e+00 1.2004e+01 0.0000e+00 0.0000e+00 0.0000e+00 0.0000e+00 1.1632e+01 -8.2688e-02 0.0000e+00 0.0000e+00 8.2688e-02 1.1680e+01 
48.0 1.2054e+01 -1.0205e+00 0.0000e+00 0.0000e+00 -1.0205e+00 1.1480e+01 0.0000e+00 0.0000e+00 0.0000e+00 0.0000e+00 1.1071e+01 -5.1309e-02 0.0000e+00 0.0000e+00 5.1309e-02 1.1125e+01 
49.0 1.1557e+01 -1.0362e+00 0.0000e+00 0.0000e+00 -1.0362e+00 1.0983e+01 0.0000e+00 0.0000e+00 0.0000e+00 0.0000e+00 1.0539e+01 -2.1246e-02 0.0000e+00 0.0000e+00 2.1246e-02 1.0598e+01 
50.0 1.1086e+01 -1.0514e+00 0.0000e+00 0.0000e+00 -1.0514e+00 1.0513e+01 0.0000e+00 0.0000e+00 0.0000e+00 0.0000e+00 1.0033e+01 7.6521e-03 0.0000e+00 0.0000e+00 -7.6521e-03 1.0099e+01 
51.0 1.0639e+01 -1.0661e+00 0.0000e+00 0.0000e+00 -1.0661e+00 1.0067e+01 0.0000e+00 0.0000e+00 0.0000e+00 0.0000e+00 9.5532e+00 3.5527e-02 0.0000e+00 0.0000e+00 -3.5527e-02 9.6246e+00 
52.0 1.0216e+01 -1.0802e+00 0.0000e+00 0.0000e+00 -1.0802e+00 9.6441e+00 0.0000e+00 0.0000e+00 0.0000e+00 0.0000e+00 9.0971e+00 6.2505e-02 0.0000e+00 0.0000e+00 -6.2505e-02 9.1742e+00 
53.0 9.8148e+00 -1.0937e+00 0.0000e+00 0.0000e+00 -1.0937e+00 9.2436e+00 0.0000e+00 0.0000e+00 0.0000e+00 0.0000e+00 8.6636e+00 8.8682e-02 0.0000e+00 0.0000e+00 -8.8682e-02 8.7464e+00 
54.0 9.4348e+00 -1.1069e+00 0.0000e+00 0.0000e+00 -1.1069e+00 8.8640e+00 0.0000e+00 0.0000e+00 0.0000e+00 0.0000e+00 8.2515e+00 1.1410e-01 0.0000e+00 0.0000e+00 -1.1410e-01 8.3399e+00 
55.0 9.0749e+00 -1.1195e+00 0.0000e+00 0.0000e+00 -1.1195e+00 8.5044e+00 0.0000e+00 0.0000e+00 0.0000e+00 0.0000e+00 7.8597e+00 1.3877e-01 0.0000e+00 0.0000e+00 -1.3877e-01 7.9537e+00 
56.0 8.7337e+00 -1.1316e+00 0.0000e+00 0.0000e+00 -1.1316e+00 8.1635e+00 0.0000e+00 0.0000e+00 0.0000e+00 0.0000e+00 7.4869e+00 1.6268e-01 0.0000e+00 0.0000e+00 -1.6268e-01 7.5864e+00 
57.0 8.4104e+00 -1.1432e+00 0.0000e+00 0.0000e+00 -1.1432e+00 7.8404e+00 0.0000e+00 0.0000e+00 0.0000e+00 0.0000e+00 7.1321e+00 1.8585e-01 0.0000e+00 0.0000e+00 -1.8585e-01 7.2371e+00 
58.0 8.1038e+00 -1.1542e+00 0.0000e+00 0.0000e+00 -1.1542e+00 7.5340e+00 0.0000e+00 0.0000e+00 0.0000e+00 0.0000e+00 6.7942e+00 2.0832e-01 0.0000e+00 0.0000e+00 -2.0832e-01 6.9047e+00 
59.0 7.8131e+00 -1.1646e+00 0.0000e+00 0.0000e+00 -1.1646e+00 7.2433e+00 0.0000e+00 0.0000e+00 0.0000e+00 0.0000e+00 6.4722e+00 2.3010e-01 0.0000e+00 0.0000e+00 -2.3010e-01 6.5883e+00 
60.0 7.5372e+00 -1.1744e+00 0.0000e+00 0.0000e+00 -1.1744e+00 6.9674e+00 0.0000e+00 0.0000e+00 0.0000e+00 0.0000e+00 6.1653e+00 2.5122e-01 0.0000e+00 0.0000e+00 -2.5122e-01 6.2869e+00 
61.0 7.2755e+00 -1.1837e+00 0.0000e+00 0.0000e+00 -1.1837e+00 6.7055e+00 0.0000e+00 0.0000e+00 0.0000e+00 0.0000e+00 5.8727e+00 2.7168e-01 0.0000e+00 0.0000e+00 -2.7168e-01 5.9997e+00 
62.0 7.0270e+00 -1.1923e+00 0.0000e+00 0.0000e+00 -1.1923e+00 6.4570e+00 0.0000e+00 0.0000e+00 0.0000e+00 0.0000e+00 5.5935e+00 2.9150e-01 0.0000e+00 0.0000e+00 -2.9150e-01 5.7261e+00 
63.0 6.7912e+00 -1.2003e+00 0.0000e+00 0.0000e+00 -1.2003e+00 6.2209e+00 0.0000e+00 0.0000e+00 0.0000e+00 0.0000e+00 5.3271e+00 3.1066e-01 0.0000e+00 0.0000e+00 -3.1066e-01 5.4652e+00 
64.0 6.5672e+00 -1.2076e+00 0.0000e+00 0.0000e+00 -1.2076e+00 5.9966e+00 0.0000e+00 0.0000e+00 0.0000e+00 0.0000e+00 5.0728e+00 3.2912e-01 0.0000e+00 0.0000e+00 -3.2912e-01 5.2164e+00 
65.0 6.3543e+00 -1.2144e+00 0.0000e+00 0.0000e+00 -1.2144e+00 5.7834e+00 0.0000e+00 0.0000e+00 0.0000e+00 0.0000e+00 4.8300e+00 3.4684e-01 0.0000e+00 0.0000e+00 -3.4684e-01 4.9791e+00 
66.0 6.1520e+00 -1.2204e+00 0.0000e+00 0.0000e+00 -1.2204e+00 5.5807e+00 0.0000e+00 0.0000e+00 0.0000e+00 0.0000e+00 4.5979e+00 3.6376e-01 0.0000e+00 0.0000e+00 -3.6376e-01 4.7526e+00 
67.0 5.9596e+00 -1.2258e+00 0.0000e+00 0.0000e+00 -1.2258e+00 5.3878e+00 0.0000e+00 0.0000e+00 0.0000e+00 0.0000e+00 4.3759e+00 3.7987e-01 0.0000e+00 0.0000e+00 -3.7987e-01 4.5362e+00 
68.0 5.7765e+00 -1.2303e+00 0.0000e+00 0.0000e+00 -1.2303e+00 5.2042e+00 0.0000e+00 0.0000e+00 0.0000e+00 0.0000e+00 4.1635e+00 3.9515e-01 0.0000e+00 0.0000e+00 -3.9515e-01 4.3295e+00 
69.0 5.6021e+00 -1.2342e+00 0.0000e+00 0.0000e+00 -1.2342e+00 5.0293e+00 0.0000e+00 0.0000e+00 0.0000e+00 0.0000e+00 3.9602e+00 4.0961e-01 0.0000e+00 0.0000e+00 -4.0961e-01 4.1318e+00 
70.0 5.4361e+00 -1.2373e+00 0.0000e+00 0.0000e+00 -1.2373e+00 4.8626e+00 0.0000e+00 0.0000e+00 0.0000e+00 0.0000e+00 3.7653e+00 4.2325e-01 0.0000e+00 0.0000e+00 -4.2325e-01 3.9426e+00 
71.0 5.2778e+00 -1.2396e+00 0.0000e+00 0.0000e+00 -1.2396e+00 4.7038e+00 0.0000e+00 0.0000e+00 0.0000e+00 0.0000e+00 3.5786e+00 4.3608e-01 0.0000e+00 0.0000e+00 -4.3608e-01 3.7615e+00 
72.0 5.1270e+00 -1.2411e+00 0.0000e+00 0.0000e+00 -1.2411e+00 4.5524e+00 0.0000e+00 0.0000e+00 0.0000e+00 0.0000e+00 3.3995e+00 4.4809e-01 0.0000e+00 0.0000e+00 -4.4809e-01 3.5881e+00 
73.0 4.9832e+00 -1.2419e+00 0.0000e+00 0.0000e+00 -1.2419e+00 4.4080e+00 0.0000e+00 0.0000e+00 0.0000e+00 0.0000e+00 3.2277e+00 4.5927e-01 0.0000e+00 0.0000e+00 -4.5927e-01 3.4220e+00 
74.0 4.8460e+00 -1.2419e+00 0.0000e+00 0.0000e+00 -1.2419e+00 4.2702e+00 0.0000e+00 0.0000e+00 0.0000e+00 0.0000e+00 3.0628e+00 4.6963e-01 0.0000e+00 0.0000e+00 -4.6963e-01 3.2627e+00 
75.0 4.7151e+00 -1.2412e+00 0.0000e+00 0.0000e+00 -1.2412e+00 4.1388e+00 0.0000e+00 0.0000e+00 0.0000e+00 0.0000e+00 2.9044e+00 4.7919e-01 0.0000e+00 0.0000e+00 -4.7919e-01 3.1100e+00 
76.0 4.5902e+00 -1.2396e+00 0.0000e+00 0.0000e+00 -1.2396e+00 4.0133e+00 0.0000e+00 0.0000e+00 0.0000e+00 0.0000e+00 2.7521e+00 4.8797e-01 0.0000e+00 0.0000e+00 -4.8797e-01 2.9634e+00 
77.0 4.4710e+00 -1.2373e+00 0.0000e+00 0.0000e+00 -1.2373e+00 3.8935e+00 0.0000e+00 0.0000e+00 0.0000e+00 0.0000e+00 2.6057e+00 4.9599e-01 0.0000e+00 0.0000e+00 -4.9599e-01 2.8227e+00 
78.0 4.3571e+00 -1.2343e+00 0.0000e+00 0.0000e+00 -1.2343e+00 3.7791e+00 0.0000e+00 0.0000e+00 0.0000e+00 0.0000e+00 2.4649e+00 5.0330e-01 0.0000e+00 0.0000e+00 -5.0330e-01 2.6875e+00 
79.0 4.2483e+00 -1.2305e+00 0.0000e+00 0.0000e+00 -1.2305e+00 3.6698e+00 0.0000e+00 0.0000e+00 0.0000e+00 0.0000e+00 2.3293e+00 5.0995e-01 0.0000e+00 0.0000e+00 -5.0995e-01 2.5575e+00 
80.0 4.1445e+00 -1.2259e+00 0.0000e+00 0.0000e+00 -1.2259e+00 3.5655e+00 0.0000e+00 0.0000e+00 0.0000e+00 0.0000e+00 2.1988e+00 5.1598e-01 0.0000e+00 0.0000e+00 -5.1598e-01 2.4326e+00 
81.0 4.0453e+00 -1.2207e+00 0.0000e+00 0.0000e+00 -1.2207e+00 3.4659e+00 0.0000e+00 0.0000e+00 0.0000e+00 0.0000e+00 2.0731e+00 5.2141e-01 0.0000e+00 0.0000e+00 -5.2141e-01 2.3125e+00 
82.0 3.9505e+00 -1.2148e+00 0.0000e+00 0.0000e+00 -1.2148e+00 3.3707e+00 0.0000e+00 0.0000e+00 0.0000e+00 0.0000e+00 1.9519e+00 5.2627e-01 0.0000e+00 0.0000e+00 -5.2627e-01 2.1969e+00 
83.0 3.8600e+00 -1.2082e+00 0.0000e+00 0.0000e+00 -1.2082e+00 3.2798e+00 0.0000e+00 0.0000e+00 0.0000e+00 0.0000e+00 1.8352e+00 5.3059e-01 0.0000e+00 0.0000e+00 -5.3059e-01 2.0857e+00 
84.0 3.7736e+00 -1.2010e+00 0.0000e+00 0.0000e+00 -1.2010e+00 3.1930e+00 0.0000e+00 0.0000e+00 0.0000e+00 0.0000e+00 1.7226e+00 5.3438e-01 0.0000e+00 0.0000e+00 -5.3438e-01 1.9786e+00 
85.0 3.6910e+00 -1.1932e+00 0.0000e+00 0.0000e+00 -1.1932e+00 3.1101e+00 0.0000e+00 0.0000e+00 0.0000e+00 0.0000e+00 1.6139e+00 5.3766e-01 0.0000e+00 0.0000e+00 -5.3766e-01 1.8754e+00 
86.0 3.6121e+00 -1.1849e+00 0.0000e+00 0.0000e+00 -1.1849e+00 3.0308e+00 0.0000e+00 0.0000e+00 0.0000e+00 0.0000e+00 1.5091e+00 5.4045e-01 0.0000e+00 0.0000e+00 -5.4045e-01 1.7761e+00 
87.0 3.5367e+00 -1.1760e+00 0.0000e+00 0.0000e+00 -1.1760e+00 2.9551e+00 0.0000e+00 0.0000e+00 0.0000e+00 0.0000e+00 1.4079e+00 5.4277e-01 0.0000e+00 0.0000e+00 -5.4277e-01 1.6803e+00 
88.0 3.4647e+00 -1.1665e+00 0.0000e+00 0.0000e+00 -1.1665e+00 2.8828e+00 0.0000e+00 0.0000e+00 0.0000e+00 0.0000e+00 1.3102e+00 5.4462e-01 0.0000e+00 0.0000e+00 -5.4462e-01 1.5880e+00 
89.0 3.3958e+00 -1.1566e+00 0.0000e+00 0.0000e+00 -1.1566e+00 2.8137e+00 0.0000e+00 0.0000e+00 0.0000e+00 0.0000e+00 1.2159e+00 5.4601e-01 0.0000e+00 0.0000e+00 -5.4601e-01 1.4989e+00 
90.0 3.3301e+00 -1.1462e+00 0.0000e+00 0.0000e+00 -1.1462e+00 2.7477e+00 0.0000e+00 0.0000e+00 0.0000e+00 0.0000e+00 1.1247e+00 5.4695e-01 0.0000e+00 0.0000e+00 -5.4695e-01 1.4130e+00 
91.0 3.2673e+00 -1.1353e+00 0.0000e+00 0.0000e+00 -1.1353e+00 2.6847e+00 0.0000e+00 0.0000e+00 0.0000e+00 0.0000e+00 1.0366e+00 5.4743e-01 0.0000e+00 0.0000e+00 -5.4743e-01 1.3301e+00 
92.0 3.2073e+00 -1.1240e+00 0.0000e+00 0.0000e+00 -1.1240e+00 2.6245e+00 0.0000e+00 0.0000e+00 0.0000e+00 0.0000e+00 9.5144e-01 5.4746e-01 0.0000e+00 0.0000e+00 -5.4746e-01 1.2500e+00 
93.0 3.1500e+00 -1.1122e+00 0.0000e+00 0.0000e+00 -1.1122e+00 2.5670e+00 0.0000e+00 0.0000e+00 0.0000e+00 0.0000e+00 8.6909e-01 5.4704e-01 0.0000e+00 0.0000e+00 -5.4704e-01 1.1727e+00 
94.0 3.0952e+00 -1.1000e+00 0.0000e+00 0.0000e+00 -1.1000e+00 2.5122e+00 0.0000e+00 0.0000e+00 0.0000e+00 0.0000e+00 7.8944e-01 5.4619e-01 0.0000e+00 0.0000e+00 -5.4619e-01 1.0979e+00 
95.0 3.0428e+00 -1.0874e+00 0.0000e+00 0.0000e+00 -1.0874e+00 2.4598e+00 0.0000e+00 0.0000e+00 0.0000e+00 0.0000e+00 7.1239e-01 5.4490e-01 0.0000e+00 0.0000e+00 -5.4490e-01 1.0255e+00 
96.0 2.9928e+00 -1.0743e+00 0.0000e+00 0.0000e+00 -1.0743e+00 2.4099e+00 0.0000e+00 0.0000e+00 0.0000e+00 0.0000e+00 6.3782e-01 5.4320e-01 0.0000e+00 0.0000e+00 -5.4320e-01 9.5554e-01 
97.0 2.9451e+00 -1.0608e+00 0.0000e+00 0.0000e+00 -1.0608e+00 2.3623e+00 0.0000e+00 0.0000e+00 0.0000e+00 0.0000e+00 5.6564e-01 5.4112e-01 0.0000e+00 0.0000e+00 -5.4112e-01 8.8776e-01 
98.0 2.8995e+00 -1.0469e+00 0.0000e+00 0.0000e+00 -1.0469e+00 2.3170e+00 0.0000e+00 0.0000e+00 0.0000e+00 0.0000e+00 4.9575e-01 5.3867e-01 0.0000e+00 0.0000e+00 -5.3867e-01 8.2210e-01 
99.0 2.8560e+00 -1.0325e+00 0.0000e+00 0.0000e+00 -1.0325e+00 2.2739e+00 0.0000e+00 0.0000e+00 0.0000e+00 0.0000e+00 4.2807e-01 5.3588e-01 0.0000e+00 0.0000e+00 -5.3588e-01 7.5846e-01 
100.0 2.8144e+00 -1.0176e+00 0.0000e+00 0.0000e+00 -1.0176e+00 2.2329e+00 0.0000e+00 0.0000e+00 0.0000e+00 0.0000e+00 3.6252e-01 5.3277e-01 0.0000e+00 0.0000e+00 -5.3277e-01 6.9675e-01 
101.0 2.7748e+00 -1.0024e+00 0.0000e+00 0.0000e+00 -1.0024e+00 2.1939e+00 0.0000e+00 0.0000e+00 0.0000e+00 0.0000e+00 2.9903e-01 5.2936e-01 0.0000e+00 0.0000e+00 -5.2936e-01 6.3689e-01 
102.0 2.7371e+00 -9.8674e-01 0.0000e+00 0.0000e+00 -9.8674e-01 2.1569e+00 0.0000e+00 0.0000e+00 0.0000e+00 0.0000e+00 2.3751e-01 5.2568e-01 0.0000e+00 0.0000e+00 -5.2568e-01 5.7880e-01 
103.0 2.7011e+00 -9.7067e-01 0.0000e+00 0.0000e+00 -9.7067e-01 2.1218e+00 0.0000e+00 0.0000e+00 0.0000e+00 0.0000e+00 1.7790e-01 5.2174e-01 0.0000e+00 0.0000e+00 -5.2174e-01 5.2240e-01 
104.0 2.6669e+00 -9.5420e-01 0.0000e+00 0.0000e+00 -9.5420e-01 2.0885e+00 0.0000e+00 0.0000e+00 0.0000e+00 0.0000e+00 1.2011e-01 5.1755e-01 0.0000e+00 0.0000e+00 -5.1755e-01 4.6761e-01 
105.0 2.6343e+00 -9.3733e-01 0.0000e+00 0.0000e+00 -9.3733e-01 2.0570e+00 0.0000e+00 0.0000e+00 0.0000e+00 0.0000e+00 6.4089e-02 5.1313e-01 0.0000e+00 0.0000e+00 -5.1313e-01 4.1437e-01 
106.0 2.6033e+00 -9.2006e-01 0.0000e+00 0.0000e+00 -9.2006e-01 2.0273e+00 0.0000e+00 0.0000e+00 0.0000e+00 0.0000e+00 9.7546e-03 5.0850e-01 0.0000e+00 0.0000e+00 -5.0850e-01 3.6261e-01 
107.0 2.5739e+00 -9.0241e-01 0.0000e+00 0.0000e+00 -9.0241e-01 1.9992e+00 0.0000e+00 0.0000e+00 0.0000e+00 0.0000e+00 -4.2955e-02 5.0368e-01 0.0000e+00 0.0000e+00 -5.0368e-01 3.1226e-01 
108.0 2.5459e+00 -8.8438e-01 0.0000e+00 0.0000e+00 -8.8438e-01 1.9727e+00 0.0000e+00 0.0000e+00 0.0000e+00 0.0000e+00 -9.4103e-02 4.9869e-01 0.0000e+00 0.0000e+00 -4.9869e-01 2.6327e-01 
109.0 2.5193e+00 -8.6597e-01 0.0000e+00 0.0000e+00 -8.6597e-01 1.9477e+00 0.0000e+00 0.0000e+00 0.0000e+00 0.0000e+00 -1.4375e-01 4.9356e-01 0.0000e+00 0.0000e+00 -4.9356e-01 2.1556e-01 
110.0 2.4942e+00 -8.4720e-01 0.0000e+00 0.0000e+00 -8.4720e-01 1.9242e+00 0.0000e+00 0.0000e+00 0.0000e+00 0.0000e+00 -1.9196e-01 4.8831e-01 0.0000e+00 0.0000e+00 -4.8831e-01 1.6909e-01 
111.0 2.4703e+00 -8.2808e-01 0.0000e+00 0.0000e+00 -8.2808e-01 1.9022e+00 0.0000e+00 0.0000e+00 0.0000e+00 0.0000e+00 -2.3877e-01 4.8297e-01 0.0000e+00 0.0000e+00 -4.8297e-01 1.2382e-01 
112.0 2.4478e+00 -8.0864e-01 0.0000e+00 0.0000e+00 -8.0864e-01 1.8816e+00 0.0000e+00 0.0000e+00 0.0000e+00 0.0000e+00 -2.8424e-01 4.7757e-01 0.0000e+00 0.0000e+00 -4.7757e-01 7.9701e-02 
113.0 2.4266e+00 -7.8888e-01 0.0000e+00 0.0000e+00 -7.8888e-01 1.8624e+00 0.0000e+00 0.0000e+00 0.0000e+00 0.0000e+00 -3.2841e-01 4.7213e-01 0.0000e+00 0.0000e+00 -4.7213e-01 3.6683e-02 
114.0 2.4066e+00 -7.6885e-01 0.0000e+00 0.0000e+00 -7.6885e-01 1.8445e+00 0.0000e+00 0.0000e+00 0.0000e+00 0.0000e+00 -3.7133e-01 4.6667e-01 0.0000e+00 0.0000e+00 -4.6667e-01 -5.2664e-03 
115.0 2.3877e+00 -7.4857e-01 0.0000e+00 0.0000e+00 -7.4857e-01 1.8278e+00 0.0000e+00 0.0000e+00 0.0000e+00 0.0000e+00 -4.1305e-01 4.6121e-01 0.0000e+00 0.0000e+00 -4.6121e-01 -4.6180e-02 
116.0 2.3700e+00 -7.2806e-01 0.0000e+00 0.0000e+00 -7.2806e-01 1.8124e+00 0.0000e+00 0.0000e+00 0.0000e+00 0.0000e+00 -4.5360e-01 4.5577e-01 0.0000e+00 0.0000e+00 -4.5577e-01 -8.6088e-02 
117.0 2.3535e+00 -7.0736e-01 0.0000e+00 0.0000e+00 -7.0736e-01 1.7982e+00 0.0000e+00 0.0000e+00 0.0000e+00 0.0000e+00 -4.9303e-01 4.5036e-01 0.0000e+00 0.0000e+00 -4.5036e-01 -1.2502e-01 
118.0 2.3380e+00 -6.8652e-01 0.0000e+00 0.0000e+00 -6.8652e-01 1.7851e+00 0.0000e+00 0.0000e+00 0.0000e+00 0.0000e+00 -5.3136e-01 4.4499e-01 0.0000e+00 0.0000e+00 -4.4499e-01 -1.6299e-01 
119.0 2.3236e+00 -6.6555e-01 0.0000e+00 0.0000e+00 -6.6555e-01 1.7731e+00 0.0000e+00 0.0000e+00 0.0000e+00 0.0000e+00 -5.6862e-01 4.3967e-01 0.0000e+00 0.0000e+00 -4.3967e-01 -2.0001e-01 
120.0 2.3102e+00 -6.4449e-01 0.0000e+00 0.0000e+00 -6.4449e-01 1.7622e+00 0.0000e+00 0.0000e+00 0.0000e+00 0.0000e+00 -6.0485e-01 4.3438e-01 0.0000e+00 0.0000e+00 -4.3438e-01 -2.3610e-01 
121.0 2.2978e+00 -6.2337e-01 0.0000e+00 0.0000e+00 -6.2337e-01 1.7523e+00 0.0000e+00 0.0000e+00 0.0000e+00 0.0000e+00 -6.4007e-01 4.2912e-01 0.0000e+00 0.0000e+00 -4.2912e-01 -2.7128e-01 
122.0 2.2864e+00 -6.0223e-01 0.0000e+00 0.0000e+00 -6.0223e-01 1.7433e+00 0.0000e+00 0.0000e+00 0.0000e+00 0.0000e+00 -6.7433e-01 4.2387e-01 0.0000e+00 0.0000e+00 -4.2387e-01 -3.0557e-01 
123.0 2.2758e+00 -5.8108e-01 0.0000e+00 0.0000e+00 -5.8108e-01 1.7352e+00 0.0000e+00 0.0000e+00 0.0000e+00 0.0000e+00 -7.0765e-01 4.1861e-01 0.0000e+00 0.0000e+00 -4.1861e-01 -3.3901e-01 
124.0 2.2662e+00 -5.5994e-01 0.0000e+00 0.0000e+00 -5.5994e-01 1.7280e+00 0.0000e+00 0.0000e+00 0.0000e+00 0.0000e+00 -7.4007e-01 4.1332e-01 0.0000e+00 0.0000e+00 -4.1332e-01 -3.7159e-01 
125.0 2.2574e+00 -5.3884e-01 0.0000e+00 0.0000e+00 -5.3884e-01 1.7216e+00 0.0000e+00 0.0000e+00 0.0000e+00 0.0000e+00 -7.7162e-01 4.0800e-01 0.0000e+00 0.0000e+00 -4.0800e-01 -4.0335e-01 
126.0 2.2494e+00 -5.1777e-01 0.0000e+00 0.0000e+00 -5.1777e-01 1.7159e+00 0.0000e+00 0.0000e+00 0.0000e+00 0.0000e+00 -8.0233e-01 4.0262e-01 0.0000e+00 0.0000e+00 -4.0262e-01 -4.3431e-01 
127.0 2.2421e+00 -4.9678e-01 0.0000e+00 0.0000e+00 -4.9678e-01 1.7110e+00 0.0000e+00 0.0000e+00 0.0000e+00 0.0000e+00 -8.3223e-01 3.9719e-01 0.0000e+00 0.0000e+00 -3.9719e-01 -4.6450e-01 
128.0 2.2356e+00 -4.7589e-01 0.0000e+00 0.0000e+00 -4.7589e-01 1.7067e+00 0.0000e+00 0.0000e+00 0.0000e+00 0.0000e+00 -8.6135e-01 3.9170e-01 0.0000e+00 0.0000e+00 -3.9170e-01 -4.9396e-01 
129.0 2.2298e+00 -4.5510e-01 0.0000e+00 0.0000e+00 -4.5510e-01 1.7032e+00 0.0000e+00 0.0000e+00 0.0000e+00 0.0000e+00 -8.8972e-01 3.8612e-01 0.0000e+00 0.0000e+00 -3.8612e-01 -5.2271e-01 
130.0 2.2247e+00 -4.3444e-01 0.0000e+00 0.0000e+00 -4.3444e-01 1.7003e+00 0.0000e+00 0.0000e+00 0.0000e+00 0.0000e+00 -9.1734e-01 3.8043e-01 0.0000e+00 0.0000e+00 -3.8043e-01 -5.5075e-01 
131.0 2.2202e+00 -4.1393e-01 0.0000e+00 0.0000e+00 -4.1393e-01 1.6981e+00 0.0000e+00 0.0000e+00 0.0000e+00 0.0000e+00 -9.4425e-01 3.7461e-01 0.0000e+00 0.0000e+00 -3.7461e-01 -5.7813e-01 
132.0 2.2163e+00 -3.9353e-01 0.0000e+00 0.0000e+00 -3.9353e-01 1.6965e+00 0.0000e+00 0.0000e+00 0.0000e+00 0.0000e+00 -9.7045e-01 3.6865e-01 0.0000e+00 0.0000e+00 -3.6865e-01 -6.0488e-01 
133.0 2.2131e+00 -3.7325e-01 0.0000e+00 0.0000e+00 -3.7325e-01 1.6955e+00 0.0000e+00 0.0000e+00 0.0000e+00 0.0000e+00 -9.9597e-01 3.6255e-01 0.0000e+00 0.0000e+00 -3.6255e-01 -6.3103e-01 
134.0 2.2105e+00 -3.5309e-01 0.0000e+00 0.0000e+00 -3.5309e-01 1.6950e+00 0.0000e+00 0.0000e+00 0.0000e+00 0.0000e+00 -1.0208e+00 3.5630e-01 0.0000e+00 0.0000e+00 -3.5630e-01 -6.5660e-01 
135.0 2.2085e+00 -3.3304e-01 0.0000e+00 0.0000e+00 -3.3304e-01 1.6953e+00 0.0000e+00 0.0000e+00 0.0000e+00 0.0000e+00 -1.0450e+00 3.4989e-01 0.0000e+00 0.0000e+00 -3.4989e-01 -6.8162e-01 
136.0 2.2070e+00 -3.1309e-01 0.0000e+00 0.0000e+00 -3.1309e-01 1.6961e+00 0.0000e+00 0.0000e+00 0.0000e+00 0.0000e+00 -1.0686e+00 3.4332e-01 0.0000e+00 0.0000e+00 -3.4332e-01 -7.0612e-01 
137.0 2.2061e+00 -2.9324e-01 0.0000e+00 0.0000e+00 -2.9324e-01 1.6976e+00 0.0000e+00 0.0000e+00 0.0000e+00 0.0000e+00 -1.0916e+00 3.3658e-01 0.0000e+00 0.0000e+00 -3.3658e-01 -7.3013e-01 
138.0 2.2058e+00 -2.7347e-01 0.0000e+00 0.0000e+00 -2.7347e-01 1.6997e+00 0.0000e+00 0.0000e+00 0.0000e+00 0.0000e+00 -1.1140e+00 3.2966e-01 0.0000e+00 0.0000e+00 -3.2966e-01 -7.5368e-01 
139.0 2.2060e+00 -2.5374e-01 0.0000e+00 0.0000e+00 -2.5374e-01 1.7024e+00 0.0000e+00 0.0000e+00 0.0000e+00 0.0000e+00 -1.1357e+00 3.2260e-01 0.0000e+00 0.0000e+00 -3.2260e-01 -7.7682e-01 
140.0 2.2068e+00 -2.3408e-01 0.0000e+00 0.0000e+00 -2.3408e-01 1.7058e+00 0.0000e+00 0.0000e+00 0.0000e+00 0.0000e+00 -1.1569e+00 3.1539e-01 0.0000e+00 0.0000e+00 -3.1539e-01 -7.9956e-01 
141.0 2.2082e+00 -2.1447e-01 0.0000e+00 0.0000e+00 -2.1447e-01 1.7099e+00 0.0000e+00 0.0000e+00 0.0000e+00 0.0000e+00 -1.1776e+00 3.0806e-01 0.0000e+00 0.0000e+00 -3.0806e-01 -8.2191e-01 
142.0 2.2102e+00 -1.9489e-01 0.0000e+00 0.0000e+00 -1.9489e-01 1.7148e+00 0.0000e+00 0.0000e+00 0.0000e+00 0.0000e+00 -1.1976e+00 3.0063e-01 0.0000e+00 0.0000e+00 -3.0063e-01 -8.4389e-01 
143.0 2.2128e+00 -1.7536e-01 0.0000e+00 0.0000e+00 -1.7536e-01 1.7204e+00 0.0000e+00 0.0000e+00 0.0000e+00 0.0000e+00 -1.2171e+00 2.9310e-01 0.0000e+00 0.0000e+00 -2.9310e-01 -8.6551e-01 
144.0 2.2161e+00 -1.5587e-01 0.0000e+00 0.0000e+00 -1.5587e-01 1.7268e+00 0.0000e+00 0.0000e+00 0.0000e+00 0.0000e+00 -1.2360e+00 2.8548e-01 0.0000e+00 0.0000e+00 -2.8548e-01 -8.8678e-01 
145.0 2.2200e+00 -1.3641e-01 0.0000e+00 0.0000e+00 -1.3641e-01 1.7341e+00 0.0000e+00 0.0000e+00 0.0000e+00 0.0000e+00 -1.2544e+00 2.7773e-01 0.0000e+00 0.0000e+00 -2.7773e-01 -9.0774e-01 
146.0 2.2246e+00 -1.1701e-01 0.0000e+00 0.0000e+00 -1.1701e-01 1.7420e+00 0.0000e+00 0.0000e+00 0.0000e+00 0.0000e+00 -1.2724e+00 2.6980e-01 0.0000e+00 0.0000e+00 -2.6980e-01 -9.2841e-01 
147.0 2.2297e+00 -9.7673e-02 0.0000e+00 0.0000e+00 -9.7673e-02 1.7508e+00 0.0000e+00 0.0000e+00 0.0000e+00 0.0000e+00 -1.2898e+00 2.6163e-01 0.0000e+00 0.0000e+00 -2.6163e-01 -9.4882e-01 
148.0 2.2356e+00 -7.8366e-02 0.0000e+00 0.0000e+00 -7.8366e-02 1.7603e+00 0.0000e+00 0.0000e+00 0.0000e+00 0.0000e+00 -1.3069e+00 2.5320e-01 0.0000e+00 0.0000e+00 -2.5320e-01 -9.6901e-01 
149.0 2.2422e+00 -5.9151e-02 0.0000e+00 0.0000e+00 -5.9151e-02 1.7707e+00 0.0000e+00 0.0000e+00 0.0000e+00 0.0000e+00 -1.3236e+00 2.4446e-01 0.0000e+00 0.0000e+00 -2.4446e-01 -9.8904e-01 
150.0 2.2494e+00 -4.0099e-02 0.0000e+00 0.0000e+00 -4.0099e-02 1.7818e+00 0.0000e+00 0.0000e+00 0.0000e+00 0.0000e+00 -1.3400e+00 2.3536e-01 0.0000e+00 0.0000e+00 -2.3536e-01 -1.0090e+00 
151.0 2.2574e+00 -2.1221e-02 0.0000e+00 0.0000e+00 -2.1221e-02 1.7938e+00 0.0000e+00 0.0000e+00 0.0000e+00 0.0000e+00 -1.3563e+00 2.2580e-01 0.0000e+00 0.0000e+00 -2.2580e-01 -1.0288e+00 
152.0 2.2659e+00 -2.6771e-03 0.0000e+00 0.0000e+00 -2.6771e-03 1.8064e+00 0.0000e+00 0.0000e+00 0.0000e+00 0.0000e+00 -1.3724e+00 2.1559e-01 0.0000e+00 0.0000e+00 -2.1559e-01 -1.0487e+00 
153.0 2.2748e+00 1.5263e-02 0.0000e+00 0.0000e+00 1.5263e-02 1.8193e+00 0.0000e+00 0.0000e+00 0.0000e+00 0.0000e+00 -1.3886e+00 2.0450e-01 0.0000e+00 0.0000e+00 -2.0450e-01 -1.0687e+00 
154.0 2.2840e+00 3.2478e-02 0.0000e+00 0.0000e+00 3.2478e-02 1.8324e+00 0.0000e+00 0.0000e+00 0.0000e+00 0.0000e+00 -1.4049e+00 1.9221e-01 0.0000e+00 0.0000e+00 -1.9221e-01 -1.0889e+00 
155.0 2.2934e+00 4.8775e-02 0.0000e+00 0.0000e+00 4.8775e-02 1.8456e+00 0.0000e+00 0.0000e+00 0.0000e+00 0.0000e+00 -1.4216e+00 1.7846e-01 0.0000e+00 0.0000e+00 -1.7846e-01 -1.1093e+00 
156.0 2.3027e+00 6.3757e-02 0.0000e+00 0.0000e+00 6.3757e-02 1.8586e+00 0.0000e+00 0.0000e+00 0.0000e+00 0.0000e+00 -1.4389e+00 1.6302e-01 0.0000e+00 0.0000e+00 -1.6302e-01 -1.1299e+00 
157.0 2.3119e+00 7.7207e-02 0.0000e+00 0.0000e+00 7.7207e-02 1.8711e+00 0.0000e+00 0.0000e+00 0.0000e+00 0.0000e+00 -1.4568e+00 1.4568e-01 0.0000e+00 0.0000e+00 -1.4568e-01 -1.1508e+00 
158.0 2.3212e+00 8.8990e-02 0.0000e+00 0.0000e+00 8.8990e-02 1.8833e+00 0.0000e+00 0.0000e+00 0.0000e+00 0.0000e+00 -1.4756e+00 1.2632e-01 0.0000e+00 0.0000e+00 -1.2632e-01 -1.1719e+00 
159.0 2.3305e+00 9.8679e-02 0.0000e+00 0.0000e+00 9.8679e-02 1.8947e+00 0.0000e+00 0.0000e+00 0.0000e+00 0.0000e+00 -1.4955e+00 1.0483e-01 0.0000e+00 0.0000e+00 -1.0483e-01 -1.1930e+00 
160.0 2.3399e+00 1.0598e-01 0.0000e+00 0.0000e+00 1.0598e-01 1.9051e+00 0.0000e+00 0.0000e+00 0.0000e+00 0.0000e+00 -1.5168e+00 8.1169e-02 0.0000e+00 0.0000e+00 -8.1169e-02 -1.2141e+00 
161.0 2.3500e+00 1.1097e-01 0.0000e+00 0.0000e+00 1.1097e-01 1.9146e+00 0.0000e+00 0.0000e+00 0.0000e+00 0.0000e+00 -1.5399e+00 5.5393e-02 0.0000e+00 0.0000e+00 -5.5393e-02 -1.2351e+00 
162.0 2.3612e+00 1.1350e-01 0.0000e+00 0.0000e+00 1.1350e-01 1.9236e+00 0.0000e+00 0.0000e+00 0.0000e+00 0.0000e+00 -1.5652e+00 2.7741e-02 0.0000e+00 0.0000e+00 -2.7741e-02 -1.2558e+00 
163.0 2.3743e+00 1.1333e-01 0.0000e+00 0.0000e+00 1.1333e-01 1.9319e+00 0.0000e+00 0.0000e+00 0.0000e+00 0.0000e+00 -1.5932e+00 -1.3878e-03 0.0000e+00 0.0000e+00 1.3878e-03 -1.2763e+00 
164.0 2.3905e+00 1.1073e-01 0.0000e+00 0.0000e+00 1.1073e-01 1.9404e+00 0.0000e+00 0.0000e+00 0.0000e+00 0.0000e+00 -1.6245e+00 -3.1420e-02 0.0000e+00 0.0000e+00 3.1420e-02 -1.2962e+00 
165.0 2.4109e+00 1.0587e-01 0.0000e+00 0.0000e+00 1.0587e-01 1.9497e+00 0.0000e+00 0.0000e+00 0.0000e+00 0.0000e+00 -1.6596e+00 -6.1601e-02 0.0000e+00 0.0000e+00 6.1601e-02 -1.3156e+00 
166.0 2.4366e+00 9.8518e-02 0.0000e+00 0.0000e+00 9.8518e-02 1.9602e+00 0.0000e+00 0.0000e+00 0.0000e+00 0.0000e+00 -1.6993e+00 -9.0989e-02 0.0000e+00 0.0000e+00 9.0989e-02 -1.3342e+00 
167.0 2.4694e+00 8.9030e-02 0.0000e+00 0.0000e+00 8.9030e-02 1.9730e+00 0.0000e+00 0.0000e+00 0.0000e+00 0.0000e+00 -1.7441e+00 -1.1850e-01 0.0000e+00 0.0000e+00 1.1850e-01 -1.3518e+00 
168.0 2.5111e+00 7.7973e-02 0.0000e+00 0.0000e+00 7.7973e-02 1.9892e+00 0.0000e+00 0.0000e+00 0.0000e+00 0.0000e+00 -1.7946e+00 -1.4291e-01 0.0000e+00 0.0000e+00 1.4291e-01 -1.3683e+00 
169.0 2.5629e+00 6.5328e-02 0.0000e+00 0.0000e+00 6.5328e-02 2.0096e+00 0.0000e+00 0.0000e+00 0.0000e+00 0.0000e+00 -1.8510e+00 -1.6288e-01 0.0000e+00 0.0000e+00 1.6288e-01 -1.3833e+00 
170.0 2.6263e+00 5.1499e-02 0.0000e+00 0.0000e+00 5.1499e-02 2.0351e+00 0.0000e+00 0.0000e+00 0.0000e+00 0.0000e+00 -1.9138e+00 -1.7694e-01 0.0000e+00 0.0000e+00 1.7694e-01 -1.3966e+00 
171.0 2.7033e+00 3.7702e-02 0.0000e+00 0.0000e+00 3.7702e-02 2.0671e+00 0.0000e+00 0.0000e+00 0.0000e+00 0.0000e+00 -1.9829e+00 -1.8352e-01 0.0000e+00 0.0000e+00 1.8352e-01 -1.4082e+00 
172.0 2.7943e+00 2.4575e-02 0.0000e+00 0.0000e+00 2.4575e-02 2.1066e+00 0.0000e+00 0.0000e+00 0.0000e+00 0.0000e+00 -2.0577e+00 -1.8099e-01 0.0000e+00 0.0000e+00 1.8099e-01 -1.4178e+00 
173.0 2.8988e+00 1.2643e-02 0.0000e+00 0.0000e+00 1.2643e-02 2.1535e+00 0.0000e+00 0.0000e+00 0.0000e+00 0.0000e+00 -2.1371e+00 -1.6811e-01 0.0000e+00 0.0000e+00 1.6811e-01 -1.4254e+00 
174.0 3.0153e+00 3.5656e-03 0.0000e+00 0.0000e+00 3.5656e-03 2.2080e+00 0.0000e+00 0.0000e+00 0.0000e+00 0.0000e+00 -2.2190e+00 -1.4462e-01 0.0000e+00 0.0000e+00 1.4462e-01 -1.4311e+00 
175.0 3.1383e+00 -1.6301e-03 0.0000e+00 0.0000e+00 -1.6301e-03 2.2682e+00 0.0000e+00 0.0000e+00 0.0000e+00 0.0000e+00 -2.2991e+00 -1.1206e-01 0.0000e+00 0.0000e+00 1.1206e-01 -1.4350e+00 
176.0 3.2579e+00 -3.7375e-03 0.0000e+00 0.0000e+00 -3.7375e-03 2.3286e+00 0.0000e+00 0.0000e+00 0.0000e+00 0.0000e+00 -2.3721e+00 -7.4348e-02 0.0000e+00 0.0000e+00 7.4348e-02 -1.4372e+00 
177.0 3.3611e+00 -3.4086e-03 0.0000e+00 0.0000e+00 -3.4086e-03 2.3820e+00 0.0000e+00 0.0000e+00 0.0000e+00 0.0000e+00 -2.4320e+00 -3.7915e-02 0.0000e+00 0.0000e+00 3.7915e-02 -1.4380e+00 
178.0 3.4336e+00 -1.3191e-03 0.0000e+00 0.0000e+00 -1.3191e-03 2.4208e+00 0.0000e+00 0.0000e+00 0.0000e+00 0.0000e+00 -2.4727e+00 -1.0812e-02 0.0000e+00 0.0000e+00 1.0812e-02 -1.4381e+00 
179.0 3.4613e+00 -1.2246e-20 0.0000e+00 0.0000e+00 -1.2246e-20 2.4359e+00 0.0000e+00 0.0000e+00 0.0000e+00 0.0000e+00 -2.4880e+00 -1.6872e-19 0.0000e+00 0.0000e+00 1.6872e-19 -1.4382e+00 
180.0 3.4881e+00 0.0000e+00 0.0000e+00 0.0000e+00 0.0000e+00 2.4500e+00 0.0000e+00 0.0000e+00 0.0000e+00 0.0000e+00 -2.5022e+00 0.0000e+00 0.0000e+00 0.0000e+00 -0.0000e+00 -1.4380e+00 
