1.1143 1.2584 0.1440 0.025388
theta s11 s12 s13 s14 s21 s22 s23 s24 s31 s32 s33 s34 s41 s42 s43 s44
0.0 3.7964e+03 0.0000e+00 0.0000e+00 0.0000e+00 0.0000e+00 3.7949e+03 0.0000e+00 0.0000e+00 0.0000e+00 0.0000e+00 3.7949e+03 0.0000e+00 0.0000e+00 0.0000e+00 -0.0000e+00 3.7934e+03 
1.0 3.3197e+03 -1.3695e-01 0.0000e+00 0.0000e+00 -1.3695e-01 3.3182e+03 0.0000e+00 0.0000e+00 0.0000e+00 0.0000e+00 3.3182e+03 -1.2863e+00 0.0000e+00 0.0000e+00 1.2863e+00 3.3167e+03 
2.0 2.4898e+03 -2.4767e-01 0.0000e+00 0.0000e+00 -2.4767e-01 2.4883e+03 0.0000e+00 0.0000e+00 0.0000e+00 0.0000e+00 2.4883e+03 -4.1952e+00 0.0000e+00 0.0000e+00 4.1952e+00 2.4868e+03 
3.0 1.8161e+03 -1.9740e-01 0.0000e+00 0.0000e+00 -1.9740e-01 1.8146e+03 0.0000e+00 0.0000e+00 0.0000e+00 0.0000e+00 1.8146e+03 -6.9690e+00 0.0000e+00 0.0000e+00 6.9690e+00 1.8132e+03 
4.0 1.3528e+03 -1.1987e-01 0.0000e+00 0.0000e+00 -1.1987e-01 1.3513e+03 0.0000e+00 0.0000e+00 0.0000e+00 0.0000e+00 1.3512e+03 -8.6703e+00 0.0000e+00 0.0000e+00 8.6703e+00 1.3498e+03 
5.0 1.0444e+03 -1.0698e-01 0.0000e+00 0.0000e+00 -1.0698e-01 1.0430e+03 0.0000e+00 0.0000e+00 0.0000e+00 0.0000e+00 1.0428e+03 -9.3565e+00 0.0000e+00 0.0000e+00 9.3565e+00 1.0415e+03 
6.0 8.3585e+02 -1.8245e-01 0.0000e+00 0.0000e+00 -1.8245e-01 8.3448e+02 0.0000e+00 0.0000e+00 0.0000e+00 0.0000e+00 8.3427e+02 -9.3794e+00 0.0000e+00 0.0000e+00 9.3794e+00 8.3297e+02 
7.0 6.9041e+02 -3.4096e-01 0.0000e+00 0.0000e+00 -3.4096e-01 6.8907e+02 0.0000e+00 0.0000e+00 0.0000e+00 0.0000e+00 6.8881e+02 -9.0190e+00 0.0000e+00 0.0000e+00 9.0190e+00 6.8755e+02 
8.0 5.8551e+02 -5.6528e-01 0.0000e+00 0.0000e+00 -5.6528e-01 5.8421e+02 0.0000e+00 0.0000e+00 0.0000e+00 0.0000e+00 5.8390e+02 -8.4715e+00 0.0000e+00 0.0000e+00 8.4715e+00 5.8269e+02 
9.0 5.0728e+02 -8.3734e-01 0.0000e+00 0.0000e+00 -8.3734e-01 5.0600e+02 0.0000e+00 0.0000e+00 0.0000e+00 0.0000e+00 5.0566e+02 -7.8639e+00 0.0000e+00 0.0000e+00 7.8639e+00 5.0449e+02 
10.0 4.4702e+02 -1.1433e+00 0.0000e+00 0.0000e+00 -1.1433e+00 4.4576e+02 0.0000e+00 0.0000e+00 0.0000e+00 0.0000e+00 4.4539e+02 -7.2645e+00 0.0000e+00 0.0000e+00 7.2645e+00 4.4425e+02 
11.0 3.9930e+02 -1.4728e+00 0.0000e+00 0.0000e+00 -1.4728e+00 3.9806e+02 0.0000e+00 0.0000e+00 0.0000e+00 0.0000e+00 3.9767e+02 -6.7040e+00 0.0000e+00 0.0000e+00 6.7040e+00 3.9657e+02 
12.0 3.6066e+02 -1.8175e+00 0.0000e+00 0.0000e+00 -1.8175e+00 3.5944e+02 0.0000e+00 0.0000e+00 0.0000e+00 0.0000e+00 3.5902e+02 -6.1930e+00 0.0000e+00 0.0000e+00 6.1930e+00 3.5796e+02 
13.0 3.2874e+02 -2.1696e+00 0.0000e+00 0.0000e+00 -2.1696e+00 3.2753e+02 0.0000e+00 0.0000e+00 0.0000e+00 0.0000e+00 3.2709e+02 -5.7335e+00 0.0000e+00 0.0000e+00 5.7335e+00 3.2606e+02 
14.0 3.0193e+02 -2.5277e+00 0.0000e+00 0.0000e+00 -2.5277e+00 3.0074e+02 0.0000e+00 0.0000e+00 0.0000e+00 0.0000e+00 3.0028e+02 -5.3281e+00 0.0000e+00 0.0000e+00 5.3281e+00 2.9928e+02 
15.0 2.7903e+02 -2.8877e+00 0.0000e+00 0.0000e+00 -2.8877e+00 2.7786e+02 0.0000e+00 0.0000e+00 0.0000e+00 0.0000e+00 2.7738e+02 -4.9692e+00 0.0000e+00 0.0000e+00 4.9692e+00 2.7641e+02 
16.0 2.5920e+02 -3.2514e+00 0.0000e+00 0.0000e+00 -3.2514e+00 2.5804e+02 0.0000e+00 0.0000e+00 0.0000e+00 0.0000e+00 2.5754e+02 -4.6508e+00 0.0000e+00 0.0000e+00 4.6508e+00 2.5661e+02 
17.0 2.4177e+02 -3.6201e+00 0.0000e+00 0.0000e+00 -3.6201e+00 2.4063e+02 0.0000e+00 0.0000e+00 0.0000e+00 0.0000e+00 2.4011e+02 -4.3673e+00 0.0000e+00 0.0000e+00 4.3673e+00 2.3920e+02 
18.0 2.2625e+02 -3.9943e+00 0.0000e+00 0.0000e+00 -3.9943e+00 2.2513e+02 0.0000e+00 0.0000e+00 0.0000e+00 0.0000e+00 2.2458e+02 -4.1133e+00 0.0000e+00 0.0000e+00 4.1133e+00 2.2371e+02 
19.0 2.1229e+02 -4.3732e+00 0.0000e+00 0.0000e+00 -4.3732e+00 2.1118e+02 0.0000e+00 0.0000e+00 0.0000e+00 0.0000e+00 2.1132e+02 -3.8834e+00 0.0000e+00 0.0000e+00 3.8834e+00 2.1047e+02 
20.0 1.9963e+02 -4.7549e+00 0.0000e+00 0.0000e+00 -4.7549e+00 1.9853e+02 0.0000e+00 0.0000e+00 0.0000e+00 0.0000e+00 1.9927e+02 -3.6734e+00 0.0000e+00 0.0000e+00 3.6734e+00 1.9845e+02 
21.0 1.8810e+02 -5.1383e+00 0.0000e+00 0.0000e+00 -5.1383e+00 1.8702e+02 0.0000e+00 0.0000e+00 0.0000e+00 0.0000e+00 1.8830e+02 -3.4803e+00 0.0000e+00 0.0000e+00 3.4803e+00 1.8750e+02 
22.0 1.7757e+02 -5.5229e+00 0.0000e+00 0.0000e+00 -5.5229e+00 1.7650e+02 0.0000e+00 0.0000e+00 0.0000e+00 0.0000e+00 1.7826e+02 -3.3016e+00 0.0000e+00 0.0000e+00 3.3016e+00 1.7749e+02 
23.0 1.6792e+02 -5.9086e+00 0.0000e+00 0.0000e+00 -5.9086e+00 1.6687e+02 0.0000e+00 0.0000e+00 0.0000e+00 0.0000e+00 1.6905e+02 -3.1355e+00 0.0000e+00 0.0000e+00 3.1355e+00 1.6830e+02 
24.0 1.5905e+02 -6.2944e+00 0.0000e+00 0.0000e+00 -6.2944e+00 1.5800e+02 0.0000e+00 0.0000e+00 0.0000e+00 0.0000e+00 1.6057e+02 -2.9807e+00 0.0000e+00 0.0000e+00 2.9807e+00 1.5984e+02 
25.0 1.5085e+02 -6.6783e+00 0.0000e+00 0.0000e+00 -6.6783e+00 1.4981e+02 0.0000e+00 0.0000e+00 0.0000e+00 0.0000e+00 1.5272e+02 -2.8369e+00 0.0000e+00 0.0000e+00 2.8369e+00 1.5201e+02 
26.0 1.4323e+02 -7.0579e+00 0.0000e+00 0.0000e+00 -7.0579e+00 1.4221e+02 0.0000e+00 0.0000e+00 0.0000e+00 0.0000e+00 1.4542e+02 -2.7041e+00 0.0000e+00 0.0000e+00 2.7041e+00 1.4472e+02 
27.0 1.3613e+02 -7.4309e+00 0.0000e+00 0.0000e+00 -7.4309e+00 1.3511e+02 0.0000e+00 0.0000e+00 0.0000e+00 0.0000e+00 1.3860e+02 -2.5814e+00 0.0000e+00 0.0000e+00 2.5814e+00 1.3792e+02 
28.0 1.2948e+02 -7.7956e+00 0.0000e+00 0.0000e+00 -7.7956e+00 1.2848e+02 0.0000e+00 0.0000e+00 0.0000e+00 0.0000e+00 1.3220e+02 -2.4674e+00 0.0000e+00 0.0000e+00 2.4674e+00 1.3154e+02 
29.0 1.2324e+02 -8.1516e+00 0.0000e+00 0.0000e+00 -8.1516e+00 1.2225e+02 0.0000e+00 0.0000e+00 0.0000e+00 0.0000e+00 1.2619e+02 -2.3604e+00 0.0000e+00 0.0000e+00 2.3604e+00 1.2554e+02 
30.0 1.1739e+02 -8.4985e+00 0.0000e+00 0.0000e+00 -8.4985e+00 1.1640e+02 0.0000e+00 0.0000e+00 0.0000e+00 0.0000e+00 1.2053e+02 -2.2588e+00 0.0000e+00 0.0000e+00 2.2588e+00 1.1990e+02 
31.0 1.1188e+02 -8.8362e+00 0.0000e+00 0.0000e+00 -8.8362e+00 1.1091e+02 0.0000e+00 0.0000e+00 0.0000e+00 0.0000e+00 1.1469e+02 -2.1621e+00 0.0000e+00 0.0000e+00 2.1621e+00 1.1408e+02 
32.0 1.0671e+02 -9.1642e+00 0.0000e+00 0.0000e+00 -9.1642e+00 1.0575e+02 0.0000e+00 0.0000e+00 0.0000e+00 0.0000e+00 1.0919e+02 -2.0706e+00 0.0000e+00 0.0000e+00 2.0706e+00 1.0860e+02 
33.0 1.0183e+02 -9.4813e+00 0.0000e+00 0.0000e+00 -9.4813e+00 1.0088e+02 0.0000e+00 0.0000e+00 0.0000e+00 0.0000e+00 1.0400e+02 -1.9843e+00 0.0000e+00 0.0000e+00 1.9843e+00 1.0343e+02 
34.0 9.7235e+01 -9.7868e+00 0.0000e+00 0.0000e+00 -9.7868e+00 9.6291e+01 0.0000e+00 0.0000e+00 0.0000e+00 0.0000e+00 9.9093e+01 -1.9030e+00 0.0000e+00 0.0000e+00 1.9030e+00 9.8543e+01 
35.0 9.2886e+01 -1.0080e+01 0.0000e+00 0.0000e+00 -1.0080e+01 9.1951e+01 0.0000e+00 0.0000e+00 0.0000e+00 0.0000e+00 9.4446e+01 -1.8261e+00 0.0000e+00 0.0000e+00 1.8261e+00 9.3915e+01 
36.0 8.8767e+01 -1.0359e+01 0.0000e+00 0.0000e+00 -1.0359e+01 8.7841e+01 0.0000e+00 0.0000e+00 0.0000e+00 0.0000e+00 9.0039e+01 -1.7528e+00 0.0000e+00 0.0000e+00 1.7528e+00 8.9527e+01 
37.0 8.4862e+01 -1.0626e+01 0.0000e+00 0.0000e+00 -1.0626e+01 8.3945e+01 0.0000e+00 0.0000e+00 0.0000e+00 0.0000e+00 8.5855e+01 -1.6824e+00 0.0000e+00 0.0000e+00 1.6824e+00 8.5361e+01 
38.0 8.1157e+01 -1.0879e+01 0.0000e+00 0.0000e+00 -1.0879e+01 8.0248e+01 0.0000e+00 0.0000e+00 0.0000e+00 0.0000e+00 8.1879e+01 -1.6146e+00 0.0000e+00 0.0000e+00 1.6146e+00 8.1404e+01 
39.0 7.7637e+01 -1.1119e+01 0.0000e+00 0.0000e+00 -1.1119e+01 7.6736e+01 0.0000e+00 0.0000e+00 0.0000e+00 0.0000e+00 7.8097e+01 -1.5491e+00 0.0000e+00 0.0000e+00 1.5491e+00 7.7640e+01 
40.0 7.4291e+01 -1.1344e+01 0.0000e+00 0.0000e+00 -1.1344e+01 7.3399e+01 0.0000e+00 0.0000e+00 0.0000e+00 0.0000e+00 7.4498e+01 -1.4855e+00 0.0000e+00 0.0000e+00 1.4855e+00 7.4058e+01 
41.0 7.1110e+01 -1.1556e+01 0.0000e+00 0.0000e+00 -1.1556e+01 7.0226e+01 0.0000e+00 0.0000e+00 0.0000e+00 0.0000e+00 7.1069e+01 -1.4235e+00 0.0000e+00 0.0000e+00 1.4235e+00 7.0647e+01 
42.0 6.8084e+01 -1.1754e+01 0.0000e+00 0.0000e+00 -1.1754e+01 6.7208e+01 0.0000e+00 0.0000e+00 0.0000e+00 0.0000e+00 6.7802e+01 -1.3629e+00 0.0000e+00 0.0000e+00 1.3629e+00 6.7396e+01 
43.0 6.5205e+01 -1.1939e+01 0.0000e+00 0.0000e+00 -1.1939e+01 6.4336e+01 0.0000e+00 0.0000e+00 0.0000e+00 0.0000e+00 6.4686e+01 -1.3038e+00 0.0000e+00 0.0000e+00 1.3038e+00 6.4297e+01 
44.0 6.2464e+01 -1.2109e+01 0.0000e+00 0.0000e+00 -1.2109e+01 6.1603e+01 0.0000e+00 0.0000e+00 0.0000e+00 0.0000e+00 6.1713e+01 -1.2461e+00 0.0000e+00 0.0000e+00 1.2461e+00 6.1341e+01 
45.0 5.9854e+01 -1.2266e+01 0.0000e+00 0.0000e+00 -1.2266e+01 5.9000e+01 0.0000e+00 0.0000e+00 0.0000e+00 0.0000e+00 5.8874e+01 -1.1898e+00 0.0000e+00 0.0000e+00 1.1898e+00 5.8518e+01 
46.0 5.7367e+01 -1.2409e+01 0.0000e+00 0.0000e+00 -1.2409e+01 5.6520e+01 0.0000e+00 0.0000e+00 0.0000e+00 0.0000e+00 5.6161e+01 -1.1346e+00 0.0000e+00 0.0000e+00 1.1346e+00 5.5822e+01 
47.0 5.4996e+01 -1.2538e+01 0.0000e+00 0.0000e+00 -1.2538e+01 5.4156e+01 0.0000e+00 0.0000e+00 0.0000e+00 0.0000e+00 5.3568e+01 -1.0801e+00 0.0000e+00 0.0000e+00 1.0801e+00 5.3245e+01 
48.0 5.2735e+01 -1.2654e+01 0.0000e+00 0.0000e+00 -1.2654e+01 5.1902e+01 0.0000e+00 0.0000e+00 0.0000e+00 0.0000e+00 5.1089e+01 -1.0262e+00 0.0000e+00 0.0000e+00 1.0262e+00 5.0781e+01 
49.0 5.0580e+01 -1.2757e+01 0.0000e+00 0.0000e+00 -1.2757e+01 4.9753e+01 0.0000e+00 0.0000e+00 0.0000e+00 0.0000e+00 4.8718e+01 -9.7288e-01 0.0000e+00 0.0000e+00 9.7288e-01 4.8426e+01 
50.0 4.8525e+01 -1.2848e+01 0.0000e+00 0.0000e+00 -1.2848e+01 4.7704e+01 0.0000e+00 0.0000e+00 0.0000e+00 0.0000e+00 4.6450e+01 -9.2018e-01 0.0000e+00 0.0000e+00 9.2018e-01 4.6173e+01 
51.0 4.6564e+01 -1.2925e+01 0.0000e+00 0.0000e+00 -1.2925e+01 4.5750e+01 0.0000e+00 0.0000e+00 0.0000e+00 0.0000e+00 4.4279e+01 -8.6824e-01 0.0000e+00 0.0000e+00 8.6824e-01 4.4018e+01 
52.0 4.4694e+01 -1.2991e+01 0.0000e+00 0.0000e+00 -1.2991e+01 4.3886e+01 0.0000e+00 0.0000e+00 0.0000e+00 0.0000e+00 4.2201e+01 -8.1712e-01 0.0000e+00 0.0000e+00 8.1712e-01 4.1955e+01 
53.0 4.2909e+01 -1.3044e+01 0.0000e+00 0.0000e+00 -1.3044e+01 4.2107e+01 0.0000e+00 0.0000e+00 0.0000e+00 0.0000e+00 4.0212e+01 -7.6678e-01 0.0000e+00 0.0000e+00 7.6678e-01 3.9980e+01 
54.0 4.1206e+01 -1.3086e+01 0.0000e+00 0.0000e+00 -1.3086e+01 4.0409e+01 0.0000e+00 0.0000e+00 0.0000e+00 0.0000e+00 3.8306e+01 -7.1720e-01 0.0000e+00 0.0000e+00 7.1720e-01 3.8089e+01 
55.0 3.9580e+01 -1.3116e+01 0.0000e+00 0.0000e+00 -1.3116e+01 3.8789e+01 0.0000e+00 0.0000e+00 0.0000e+00 0.0000e+00 3.6480e+01 -6.6832e-01 0.0000e+00 0.0000e+00 6.6832e-01 3.6277e+01 
56.0 3.8028e+01 -1.3135e+01 0.0000e+00 0.0000e+00 -1.3135e+01 3.7242e+01 0.0000e+00 0.0000e+00 0.0000e+00 0.0000e+00 3.4731e+01 -6.2015e-01 0.0000e+00 0.0000e+00 6.2015e-01 3.4542e+01 
57.0 3.6547e+01 -1.3144e+01 0.0000e+00 0.0000e+00 -1.3144e+01 3.5766e+01 0.0000e+00 0.0000e+00 0.0000e+00 0.0000e+00 3.3054e+01 -5.7271e-01 0.0000e+00 0.0000e+00 5.7271e-01 3.2879e+01 
58.0 3.5133e+01 -1.3141e+01 0.0000e+00 0.0000e+00 -1.3141e+01 3.4357e+01 0.0000e+00 0.0000e+00 0.0000e+00 0.0000e+00 3.1446e+01 -5.2595e-01 0.0000e+00 0.0000e+00 5.2595e-01 3.1285e+01 
59.0 3.3783e+01 -1.3129e+01 0.0000e+00 0.0000e+00 -1.3129e+01 3.3012e+01 0.0000e+00 0.0000e+00 0.0000e+00 0.0000e+00 2.9904e+01 -4.7984e-01 0.0000e+00 0.0000e+00 4.7984e-01 2.9757e+01 
60.0 3.2494e+01 -1.3107e+01 0.0000e+00 0.0000e+00 -1.3107e+01 3.1728e+01 0.0000e+00 0.0000e+00 0.0000e+00 0.0000e+00 2.8425e+01 -4.3432e-01 0.0000e+00 0.0000e+00 4.3432e-01 2.8292e+01 
61.0 3.1265e+01 -1.3075e+01 0.0000e+00 0.0000e+00 -1.3075e+01 3.0502e+01 0.0000e+00 0.0000e+00 0.0000e+00 0.0000e+00 2.7006e+01 -3.8934e-01 0.0000e+00 0.0000e+00 3.8934e-01 2.6887e+01 
62.0 3.0091e+01 -1.3035e+01 0.0000e+00 0.0000e+00 -1.3035e+01 2.9332e+01 0.0000e+00 0.0000e+00 0.0000e+00 0.0000e+00 2.5646e+01 -3.4492e-01 0.0000e+00 0.0000e+00 3.4492e-01 2.5540e+01 
63.0 2.8971e+01 -1.2986e+01 0.0000e+00 0.0000e+00 -1.2986e+01 2.8217e+01 0.0000e+00 0.0000e+00 0.0000e+00 0.0000e+00 2.4340e+01 -3.0111e-01 0.0000e+00 0.0000e+00 3.0111e-01 2.4248e+01 
64.0 2.7903e+01 -1.2929e+01 0.0000e+00 0.0000e+00 -1.2929e+01 2.7152e+01 0.0000e+00 0.0000e+00 0.0000e+00 0.0000e+00 2.3088e+01 -2.5800e-01 0.0000e+00 0.0000e+00 2.5800e-01 2.3008e+01 
65.0 2.6883e+01 -1.2863e+01 0.0000e+00 0.0000e+00 -1.2863e+01 2.6136e+01 0.0000e+00 0.0000e+00 0.0000e+00 0.0000e+00 2.1886e+01 -2.1566e-01 0.0000e+00 0.0000e+00 2.1566e-01 2.1820e+01 
66.0 2.5911e+01 -1.2791e+01 0.0000e+00 0.0000e+00 -1.2791e+01 2.5167e+01 0.0000e+00 0.0000e+00 0.0000e+00 0.0000e+00 2.0733e+01 -1.7412e-01 0.0000e+00 0.0000e+00 1.7412e-01 2.0679e+01 
67.0 2.4983e+01 -1.2711e+01 0.0000e+00 0.0000e+00 -1.2711e+01 2.4242e+01 0.0000e+00 0.0000e+00 0.0000e+00 0.0000e+00 1.9626e+01 -1.3342e-01 0.0000e+00 0.0000e+00 1.3342e-01 1.9585e+01 
68.0 2.4098e+01 -1.2624e+01 0.0000e+00 0.0000e+00 -1.2624e+01 2.3360e+01 0.0000e+00 0.0000e+00 0.0000e+00 0.0000e+00 1.8563e+01 -9.3605e-02 0.0000e+00 0.0000e+00 9.3605e-02 1.8535e+01 
69.0 2.3254e+01 -1.2531e+01 0.0000e+00 0.0000e+00 -1.2531e+01 2.2519e+01 0.0000e+00 0.0000e+00 0.0000e+00 0.0000e+00 1.7543e+01 -5.4730e-02 0.0000e+00 0.0000e+00 5.4730e-02 1.7528e+01 
70.0 2.2449e+01 -1.2432e+01 0.0000e+00 0.0000e+00 -1.2432e+01 2.1717e+01 0.0000e+00 0.0000e+00 0.0000e+00 0.0000e+00 1.6563e+01 -1.6847e-02 0.0000e+00 0.0000e+00 1.6847e-02 1.6561e+01 
71.0 2.1681e+01 -1.2326e+01 0.0000e+00 0.0000e+00 -1.2326e+01 2.0951e+01 0.0000e+00 0.0000e+00 0.0000e+00 0.0000e+00 1.5622e+01 1.9988e-02 0.0000e+00 0.0000e+00 -1.9988e-02 1.5633e+01 
72.0 2.0949e+01 -1.2216e+01 0.0000e+00 0.0000e+00 -1.2216e+01 2.0221e+01 0.0000e+00 0.0000e+00 0.0000e+00 0.0000e+00 1.4718e+01 5.5709e-02 0.0000e+00 0.0000e+00 -5.5709e-02 1.4741e+01 
73.0 2.0251e+01 -1.2100e+01 0.0000e+00 0.0000e+00 -1.2100e+01 1.9525e+01 0.0000e+00 0.0000e+00 0.0000e+00 0.0000e+00 1.3850e+01 9.0241e-02 0.0000e+00 0.0000e+00 -9.0241e-02 1.3886e+01 
74.0 1.9585e+01 -1.1979e+01 0.0000e+00 0.0000e+00 -1.1979e+01 1.8862e+01 0.0000e+00 0.0000e+00 0.0000e+00 0.0000e+00 1.3016e+01 1.2350e-01 0.0000e+00 0.0000e+00 -1.2350e-01 1.3064e+01 
75.0 1.8950e+01 -1.1853e+01 0.0000e+00 0.0000e+00 -1.1853e+01 1.8229e+01 0.0000e+00 0.0000e+00 0.0000e+00 0.0000e+00 1.2215e+01 1.5542e-01 0.0000e+00 0.0000e+00 -1.5542e-01 1.2275e+01 
76.0 1.8345e+01 -1.1723e+01 0.0000e+00 0.0000e+00 -1.1723e+01 1.7625e+01 0.0000e+00 0.0000e+00 0.0000e+00 0.0000e+00 1.1445e+01 1.8594e-01 0.0000e+00 0.0000e+00 -1.8594e-01 1.1517e+01 
77.0 1.7768e+01 -1.1588e+01 0.0000e+00 0.0000e+00 -1.1588e+01 1.7049e+01 0.0000e+00 0.0000e+00 0.0000e+00 0.0000e+00 1.0705e+01 2.1502e-01 0.0000e+00 0.0000e+00 -2.1502e-01 1.0789e+01 
78.0 1.7217e+01 -1.1450e+01 0.0000e+00 0.0000e+00 -1.1450e+01 1.6501e+01 0.0000e+00 0.0000e+00 0.0000e+00 0.0000e+00 9.9934e+00 2.4265e-01 0.0000e+00 0.0000e+00 -2.4265e-01 1.0090e+01 
79.0 1.6693e+01 -1.1308e+01 0.0000e+00 0.0000e+00 -1.1308e+01 1.5978e+01 0.0000e+00 0.0000e+00 0.0000e+00 0.0000e+00 9.3092e+00 2.6881e-01 0.0000e+00 0.0000e+00 -2.6881e-01 9.4172e+00 
80.0 1.6192e+01 -1.1163e+01 0.0000e+00 0.0000e+00 -1.1163e+01 1.5479e+01 0.0000e+00 0.0000e+00 0.0000e+00 0.0000e+00 8.6512e+00 2.9351e-01 0.0000e+00 0.0000e+00 -2.9351e-01 8.7709e+00 
81.0 1.5716e+01 -1.1014e+01 0.0000e+00 0.0000e+00 -1.1014e+01 1.5003e+01 0.0000e+00 0.0000e+00 0.0000e+00 0.0000e+00 8.0183e+00 3.1676e-01 0.0000e+00 0.0000e+00 -3.1676e-01 8.1495e+00 
82.0 1.5261e+01 -1.0862e+01 0.0000e+00 0.0000e+00 -1.0862e+01 1.4550e+01 0.0000e+00 0.0000e+00 0.0000e+00 0.0000e+00 7.4094e+00 3.3857e-01 0.0000e+00 0.0000e+00 -3.3857e-01 7.5519e+00 
83.0 1.4828e+01 -1.0708e+01 0.0000e+00 0.0000e+00 -1.0708e+01 1.4118e+01 0.0000e+00 0.0000e+00 0.0000e+00 0.0000e+00 6.8237e+00 3.5896e-01 0.0000e+00 0.0000e+00 -3.5896e-01 6.9772e+00 
84.0 1.4415e+01 -1.0551e+01 0.0000e+00 0.0000e+00 -1.0551e+01 1.3707e+01 0.0000e+00 0.0000e+00 0.0000e+00 0.0000e+00 6.2600e+00 3.7797e-01 0.0000e+00 0.0000e+00 -3.7797e-01 6.4245e+00 
85.0 1.4022e+01 -1.0391e+01 0.0000e+00 0.0000e+00 -1.0391e+01 1.3315e+01 0.0000e+00 0.0000e+00 0.0000e+00 0.0000e+00 5.7176e+00 3.9564e-01 0.0000e+00 0.0000e+00 -3.9564e-01 5.8927e+00 
86.0 1.3647e+01 -1.0230e+01 0.0000e+00 0.0000e+00 -1.0230e+01 1.2942e+01 0.0000e+00 0.0000e+00 0.0000e+00 0.0000e+00 5.1955e+00 4.1204e-01 0.0000e+00 0.0000e+00 -4.1204e-01 5.3810e+00 
87.0 1.3290e+01 -1.0066e+01 0.0000e+00 0.0000e+00 -1.0066e+01 1.2586e+01 0.0000e+00 0.0000e+00 0.0000e+00 0.0000e+00 4.6930e+00 4.2725e-01 0.0000e+00 0.0000e+00 -4.2725e-01 4.8886e+00 
88.0 1.2950e+01 -9.9004e+00 0.0000e+00 0.0000e+00 -9.9004e+00 1.2248e+01 0.0000e+00 0.0000e+00 0.0000e+00 0.0000e+00 4.2092e+00 4.4134e-01 0.0000e+00 0.0000e+00 -4.4134e-01 4.4147e+00 
89.0 1.2627e+01 -9.7333e+00 0.0000e+00 0.0000e+00 -9.7333e+00 1.1927e+01 0.0000e+00 0.0000e+00 0.0000e+00 0.0000e+00 3.7436e+00 4.5437e-01 0.0000e+00 0.0000e+00 -4.5437e-01 3.9586e+00 
90.0 1.2319e+01 -9.5649e+00 0.0000e+00 0.0000e+00 -9.5649e+00 1.1621e+01 0.0000e+00 0.0000e+00 0.0000e+00 0.0000e+00 3.2953e+00 4.6642e-01 0.0000e+00 0.0000e+00 -4.6642e-01 3.5196e+00 
91.0 1.2027e+01 -9.3952e+00 0.0000e+00 0.0000e+00 -9.3952e+00 1.1330e+01 0.0000e+00 0.0000e+00 0.0000e+00 0.0000e+00 2.8638e+00 4.7754e-01 0.0000e+00 0.0000e+00 -4.7754e-01 3.0970e+00 
92.0 1.1749e+01 -9.2246e+00 0.0000e+00 0.0000e+00 -9.2246e+00 1.1054e+01 0.0000e+00 0.0000e+00 0.0000e+00 0.0000e+00 2.4483e+00 4.8778e-01 0.0000e+00 0.0000e+00 -4.8778e-01 2.6902e+00 
93.0 1.1484e+01 -9.0531e+00 0.0000e+00 0.0000e+00 -9.0531e+00 1.0792e+01 0.0000e+00 0.0000e+00 0.0000e+00 0.0000e+00 2.0484e+00 4.9721e-01 0.0000e+00 0.0000e+00 -4.9721e-01 2.2986e+00 
94.0 1.1233e+01 -8.8809e+00 0.0000e+00 0.0000e+00 -8.8809e+00 1.0543e+01 0.0000e+00 0.0000e+00 0.0000e+00 0.0000e+00 1.6633e+00 5.0588e-01 0.0000e+00 0.0000e+00 -5.0588e-01 1.9215e+00 
95.0 1.0995e+01 -8.7082e+00 0.0000e+00 0.0000e+00 -8.7082e+00 1.0307e+01 0.0000e+00 0.0000e+00 0.0000e+00 0.0000e+00 1.2926e+00 5.1385e-01 0.0000e+00 0.0000e+00 -5.1385e-01 1.5585e+00 
96.0 1.0769e+01 -8.5352e+00 0.0000e+00 0.0000e+00 -8.5352e+00 1.0084e+01 0.0000e+00 0.0000e+00 0.0000e+00 0.0000e+00 9.3575e-01 5.2119e-01 0.0000e+00 0.0000e+00 -5.2119e-01 1.2090e+00 
97.0 1.0555e+01 -8.3620e+00 0.0000e+00 0.0000e+00 -8.3620e+00 9.8723e+00 0.0000e+00 0.0000e+00 0.0000e+00 0.0000e+00 5.9217e-01 5.2793e-01 0.0000e+00 0.0000e+00 -5.2793e-01 8.7256e-01 
98.0 1.0352e+01 -8.1887e+00 0.0000e+00 0.0000e+00 -8.1887e+00 9.6722e+00 0.0000e+00 0.0000e+00 0.0000e+00 0.0000e+00 2.6139e-01 5.3414e-01 0.0000e+00 0.0000e+00 -5.3414e-01 5.4859e-01 
99.0 1.0160e+01 -8.0155e+00 0.0000e+00 0.0000e+00 -8.0155e+00 9.4830e+00 0.0000e+00 0.0000e+00 0.0000e+00 0.0000e+00 -5.7050e-02 5.3986e-01 0.0000e+00 0.0000e+00 -5.3986e-01 2.3669e-01 
100.0 9.9789e+00 -7.8426e+00 0.0000e+00 0.0000e+00 -7.8426e+00 9.3043e+00 0.0000e+00 0.0000e+00 0.0000e+00 0.0000e+00 -3.6360e-01 5.4512e-01 0.0000e+00 0.0000e+00 -5.4512e-01 -6.3599e-02 
101.0 9.8074e+00 -7.6700e+00 0.0000e+00 0.0000e+00 -7.6700e+00 9.1357e+00 0.0000e+00 0.0000e+00 0.0000e+00 0.0000e+00 -6.5871e-01 5.4993e-01 0.0000e+00 0.0000e+00 -5.4993e-01 -3.5269e-01 
102.0 9.6455e+00 -7.4980e+00 0.0000e+00 0.0000e+00 -7.4980e+00 8.9767e+00 0.0000e+00 0.0000e+00 0.0000e+00 0.0000e+00 -9.4278e-01 5.5432e-01 0.0000e+00 0.0000e+00 -5.5432e-01 -6.3100e-01 
103.0 9.4928e+00 -7.3265e+00 0.0000e+00 0.0000e+00 -7.3265e+00 8.8270e+00 0.0000e+00 0.0000e+00 0.0000e+00 0.0000e+00 -1.2162e+00 5.5829e-01 0.0000e+00 0.0000e+00 -5.5829e-01 -8.9891e-01 
104.0 9.3489e+00 -7.1558e+00 0.0000e+00 0.0000e+00 -7.1558e+00 8.6861e+00 0.0000e+00 0.0000e+00 0.0000e+00 0.0000e+00 -1.4794e+00 5.6186e-01 0.0000e+00 0.0000e+00 -5.6186e-01 -1.1568e+00 
105.0 9.2134e+00 -6.9859e+00 0.0000e+00 0.0000e+00 -6.9859e+00 8.5537e+00 0.0000e+00 0.0000e+00 0.0000e+00 0.0000e+00 -1.7328e+00 5.6504e-01 0.0000e+00 0.0000e+00 -5.6504e-01 -1.4051e+00 
106.0 9.0860e+00 -6.8169e+00 0.0000e+00 0.0000e+00 -6.8169e+00 8.4295e+00 0.0000e+00 0.0000e+00 0.0000e+00 0.0000e+00 -1.9766e+00 5.6783e-01 0.0000e+00 0.0000e+00 -5.6783e-01 -1.6440e+00 
107.0 8.9664e+00 -6.6490e+00 0.0000e+00 0.0000e+00 -6.6490e+00 8.3130e+00 0.0000e+00 0.0000e+00 0.0000e+00 0.0000e+00 -2.2113e+00 5.7024e-01 0.0000e+00 0.0000e+00 -5.7024e-01 -1.8740e+00 
108.0 8.8542e+00 -6.4821e+00 0.0000e+00 0.0000e+00 -6.4821e+00 8.2039e+00 0.0000e+00 0.0000e+00 0.0000e+00 0.0000e+00 -2.4372e+00 5.7227e-01 0.0000e+00 0.0000e+00 -5.7227e-01 -2.0954e+00 
109.0 8.7491e+00 -6.3164e+00 0.0000e+00 0.0000e+00 -6.3164e+00 8.1020e+00 0.0000e+00 0.0000e+00 0.0000e+00 0.0000e+00 -2.6546e+00 5.7391e-01 0.0000e+00 0.0000e+00 -5.7391e-01 -2.3084e+00 
110.0 8.6508e+00 -6.1520e+00 0.0000e+00 0.0000e+00 -6.1520e+00 8.0068e+00 0.0000e+00 0.0000e+00 0.0000e+00 0.0000e+00 -2.8638e+00 5.7515e-01 0.0000e+00 0.0000e+00 -5.7515e-01 -2.5135e+00 
111.0 8.5590e+00 -5.9890e+00 0.0000e+00 0.0000e+00 -5.9890e+00 7.9181e+00 0.0000e+00 0.0000e+00 0.0000e+00 0.0000e+00 -3.0652e+00 5.7598e-01 0.0000e+00 0.0000e+00 -5.7598e-01 -2.7108e+00 
112.0 8.4735e+00 -5.8273e+00 0.0000e+00 0.0000e+00 -5.8273e+00 7.8357e+00 0.0000e+00 0.0000e+00 0.0000e+00 0.0000e+00 -3.2591e+00 5.7640e-01 0.0000e+00 0.0000e+00 -5.7640e-01 -2.9007e+00 
113.0 8.3939e+00 -5.6671e+00 0.0000e+00 0.0000e+00 -5.6671e+00 7.7591e+00 0.0000e+00 0.0000e+00 0.0000e+00 0.0000e+00 -3.4457e+00 5.7640e-01 0.0000e+00 0.0000e+00 -5.7640e-01 -3.0834e+00 
114.0 8.3200e+00 -5.5085e+00 0.0000e+00 0.0000e+00 -5.5085e+00 7.6882e+00 0.0000e+00 0.0000e+00 0.0000e+00 0.0000e+00 -3.6253e+00 5.7595e-01 0.0000e+00 0.0000e+00 -5.7595e-01 -3.2593e+00 
115.0 8.2516e+00 -5.3515e+00 0.0000e+00 0.0000e+00 -5.3515e+00 7.6227e+00 0.0000e+00 0.0000e+00 0.0000e+00 0.0000e+00 -3.7983e+00 5.7505e-01 0.0000e+00 0.0000e+00 -5.7505e-01 -3.4286e+00 
116.0 8.1884e+00 -5.1961e+00 0.0000e+00 0.0000e+00 -5.1961e+00 7.5624e+00 0.0000e+00 0.0000e+00 0.0000e+00 0.0000e+00 -3.9649e+00 5.7368e-01 0.0000e+00 0.0000e+00 -5.7368e-01 -3.5915e+00 
117.0 8.1301e+00 -5.0424e+00 0.0000e+00 0.0000e+00 -5.0424e+00 7.5069e+00 0.0000e+00 0.0000e+00 0.0000e+00 0.0000e+00 -4.1253e+00 5.7183e-01 0.0000e+00 0.0000e+00 -5.7183e-01 -3.7483e+00 
118.0 8.0766e+00 -4.8904e+00 0.0000e+00 0.0000e+00 -4.8904e+00 7.4561e+00 0.0000e+00 0.0000e+00 0.0000e+00 0.0000e+00 -4.2798e+00 5.6953e-01 0.0000e+00 0.0000e+00 -5.6953e-01 -3.8993e+00 
119.0 8.0277e+00 -4.7402e+00 0.0000e+00 0.0000e+00 -4.7402e+00 7.4098e+00 0.0000e+00 0.0000e+00 0.0000e+00 0.0000e+00 -4.4286e+00 5.6680e-01 0.0000e+00 0.0000e+00 -5.6680e-01 -4.0448e+00 
120.0 7.9832e+00 -4.5918e+00 0.0000e+00 0.0000e+00 -4.5918e+00 7.3679e+00 0.0000e+00 0.0000e+00 0.0000e+00 0.0000e+00 -4.5720e+00 5.6365e-01 0.0000e+00 0.0000e+00 -5.6365e-01 -4.1848e+00 
121.0 7.9428e+00 -4.4452e+00 0.0000e+00 0.0000e+00 -4.4452e+00 7.3300e+00 0.0000e+00 0.0000e+00 0.0000e+00 0.0000e+00 -4.7102e+00 5.6008e-01 0.0000e+00 0.0000e+00 -5.6008e-01 -4.3197e+00 
122.0 7.9064e+00 -4.3005e+00 0.0000e+00 0.0000e+00 -4.3005e+00 7.2960e+00 0.0000e+00 0.0000e+00 0.0000e+00 0.0000e+00 -4.8434e+00 5.5611e-01 0.0000e+00 0.0000e+00 -5.5611e-01 -4.4497e+00 
123.0 7.8738e+00 -4.1578e+00 0.0000e+00 0.0000e+00 -4.1578e+00 7.2658e+00 0.0000e+00 0.0000e+00 0.0000e+00 0.0000e+00 -4.9718e+00 5.5175e-01 0.0000e+00 0.0000e+00 -5.5175e-01 -4.5749e+00 
124.0 7.8449e+00 -4.0169e+00 0.0000e+00 0.0000e+00 -4.0169e+00 7.2392e+00 0.0000e+00 0.0000e+00 0.0000e+00 0.0000e+00 -5.0956e+00 5.4703e-01 0.0000e+00 0.0000e+00 -5.4703e-01 -4.6955e+00 
125.0 7.8194e+00 -3.8780e+00 0.0000e+00 0.0000e+00 -3.8780e+00 7.2160e+00 0.0000e+00 0.0000e+00 0.0000e+00 0.0000e+00 -5.2149e+00 5.4199e-01 0.0000e+00 0.0000e+00 -5.4199e-01 -4.8118e+00 
126.0 7.7972e+00 -3.7411e+00 0.0000e+00 0.0000e+00 -3.7411e+00 7.1961e+00 0.0000e+00 0.0000e+00 0.0000e+00 0.0000e+00 -5.3299e+00 5.3664e-01 0.0000e+00 0.0000e+00 -5.3664e-01 -4.9239e+00 
127.0 7.7782e+00 -3.6062e+00 0.0000e+00 0.0000e+00 -3.6062e+00 7.1792e+00 0.0000e+00 0.0000e+00 0.0000e+00 0.0000e+00 -5.4408e+00 5.3101e-01 0.0000e+00 0.0000e+00 -5.3101e-01 -5.0319e+00 
128.0 7.7622e+00 -3.4734e+00 0.0000e+00 0.0000e+00 -3.4734e+00 7.1654e+00 0.0000e+00 0.0000e+00 0.0000e+00 0.0000e+00 -5.5478e+00 5.2510e-01 0.0000e+00 0.0000e+00 -5.2510e-01 -5.1360e+00 
129.0 7.7491e+00 -3.3427e+00 0.0000e+00 0.0000e+00 -3.3427e+00 7.1543e+00 0.0000e+00 0.0000e+00 0.0000e+00 0.0000e+00 -5.6510e+00 5.1892e-01 0.0000e+00 0.0000e+00 -5.1892e-01 -5.2364e+00 
130.0 7.7387e+00 -3.2140e+00 0.0000e+00 0.0000e+00 -3.2140e+00 7.1459e+00 0.0000e+00 0.0000e+00 0.0000e+00 0.0000e+00 -5.7505e+00 5.1250e-01 0.0000e+00 0.0000e+00 -5.1250e-01 -5.3333e+00 
131.0 7.7308e+00 -3.0876e+00 0.0000e+00 0.0000e+00 -3.0876e+00 7.1401e+00 0.0000e+00 0.0000e+00 0.0000e+00 0.0000e+00 -5.8466e+00 5.0588e-01 0.0000e+00 0.0000e+00 -5.0588e-01 -5.4267e+00 
132.0 7.7255e+00 -2.9634e+00 0.0000e+00 0.0000e+00 -2.9634e+00 7.1367e+00 0.0000e+00 0.0000e+00 0.0000e+00 0.0000e+00 -5.9393e+00 4.9909e-01 0.0000e+00 0.0000e+00 -4.9909e-01 -5.5169e+00 
133.0 7.7225e+00 -2.8414e+00 0.0000e+00 0.0000e+00 -2.8414e+00 7.1356e+00 0.0000e+00 0.0000e+00 0.0000e+00 0.0000e+00 -6.0288e+00 4.9216e-01 0.0000e+00 0.0000e+00 -4.9216e-01 -5.6038e+00 
134.0 7.7218e+00 -2.7217e+00 0.0000e+00 0.0000e+00 -2.7217e+00 7.1368e+00 0.0000e+00 0.0000e+00 0.0000e+00 0.0000e+00 -6.1150e+00 4.8508e-01 0.0000e+00 0.0000e+00 -4.8508e-01 -5.6877e+00 
135.0 7.7231e+00 -2.6044e+00 0.0000e+00 0.0000e+00 -2.6044e+00 7.1401e+00 0.0000e+00 0.0000e+00 0.0000e+00 0.0000e+00 -6.1981e+00 4.7782e-01 0.0000e+00 0.0000e+00 -4.7782e-01 -5.7686e+00 
136.0 7.7262e+00 -2.4895e+00 0.0000e+00 0.0000e+00 -2.4895e+00 7.1453e+00 0.0000e+00 0.0000e+00 0.0000e+00 0.0000e+00 -6.2783e+00 4.7033e-01 0.0000e+00 0.0000e+00 -4.7033e-01 -5.8466e+00 
137.0 7.7311e+00 -2.3769e+00 0.0000e+00 0.0000e+00 -2.3769e+00 7.1524e+00 0.0000e+00 0.0000e+00 0.0000e+00 0.0000e+00 -6.3556e+00 4.6263e-01 0.0000e+00 0.0000e+00 -4.6263e-01 -5.9220e+00 
138.0 7.7377e+00 -2.2667e+00 0.0000e+00 0.0000e+00 -2.2667e+00 7.1612e+00 0.0000e+00 0.0000e+00 0.0000e+00 0.0000e+00 -6.4301e+00 4.5477e-01 0.0000e+00 0.0000e+00 -4.5477e-01 -5.9948e+00 
139.0 7.7458e+00 -2.1590e+00 0.0000e+00 0.0000e+00 -2.1590e+00 7.1716e+00 0.0000e+00 0.0000e+00 0.0000e+00 0.0000e+00 -6.5019e+00 4.4673e-01 0.0000e+00 0.0000e+00 -4.4673e-01 -6.0650e+00 
140.0 7.7551e+00 -2.0537e+00 0.0000e+00 0.0000e+00 -2.0537e+00 7.1835e+00 0.0000e+00 0.0000e+00 0.0000e+00 0.0000e+00 -6.5710e+00 4.3846e-01 0.0000e+00 0.0000e+00 -4.3846e-01 -6.1329e+00 
141.0 7.7656e+00 -1.9510e+00 0.0000e+00 0.0000e+00 -1.9510e+00 7.1967e+00 0.0000e+00 0.0000e+00 0.0000e+00 0.0000e+00 -6.6377e+00 4.2988e-01 0.0000e+00 0.0000e+00 -4.2988e-01 -6.1985e+00 
142.0 7.7771e+00 -1.8508e+00 0.0000e+00 0.0000e+00 -1.8508e+00 7.2111e+00 0.0000e+00 0.0000e+00 0.0000e+00 0.0000e+00 -6.7019e+00 4.2100e-01 0.0000e+00 0.0000e+00 -4.2100e-01 -6.2619e+00 
143.0 7.7896e+00 -1.7531e+00 0.0000e+00 0.0000e+00 -1.7531e+00 7.2266e+00 0.0000e+00 0.0000e+00 0.0000e+00 0.0000e+00 -6.7638e+00 4.1188e-01 0.0000e+00 0.0000e+00 -4.1188e-01 -6.3232e+00 
144.0 7.8030e+00 -1.6579e+00 0.0000e+00 0.0000e+00 -1.6579e+00 7.2432e+00 0.0000e+00 0.0000e+00 0.0000e+00 0.0000e+00 -6.8233e+00 4.0258e-01 0.0000e+00 0.0000e+00 -4.0258e-01 -6.3823e+00 
145.0 7.8172e+00 -1.5652e+00 0.0000e+00 0.0000e+00 -1.5652e+00 7.2609e+00 0.0000e+00 0.0000e+00 0.0000e+00 0.0000e+00 -6.8804e+00 3.9309e-01 0.0000e+00 0.0000e+00 -3.9309e-01 -6.4394e+00 
146.0 7.8321e+00 -1.4751e+00 0.0000e+00 0.0000e+00 -1.4751e+00 7.2795e+00 0.0000e+00 0.0000e+00 0.0000e+00 0.0000e+00 -6.9352e+00 3.8333e-01 0.0000e+00 0.0000e+00 -3.8333e-01 -6.4944e+00 
147.0 7.8474e+00 -1.3875e+00 0.0000e+00 0.0000e+00 -1.3875e+00 7.2987e+00 0.0000e+00 0.0000e+00 0.0000e+00 0.0000e+00 -6.9880e+00 3.7321e-01 0.0000e+00 0.0000e+00 -3.7321e-01 -6.5476e+00 
148.0 7.8630e+00 -1.3023e+00 0.0000e+00 0.0000e+00 -1.3023e+00 7.3184e+00 0.0000e+00 0.0000e+00 0.0000e+00 0.0000e+00 -7.0386e+00 3.6271e-01 0.0000e+00 0.0000e+00 -3.6271e-01 -6.5991e+00 
149.0 7.8790e+00 -1.2195e+00 0.0000e+00 0.0000e+00 -1.2195e+00 7.3386e+00 0.0000e+00 0.0000e+00 0.0000e+00 0.0000e+00 -7.0873e+00 3.5184e-01 0.0000e+00 0.0000e+00 -3.5184e-01 -6.6488e+00 
150.0 7.8952e+00 -1.1392e+00 0.0000e+00 0.0000e+00 -1.1392e+00 7.3593e+00 0.0000e+00 0.0000e+00 0.0000e+00 0.0000e+00 -7.1341e+00 3.4064e-01 0.0000e+00 0.0000e+00 -3.4064e-01 -6.6968e+00 
151.0 7.9117e+00 -1.0613e+00 0.0000e+00 0.0000e+00 -1.0613e+00 7.3804e+00 0.0000e+00 0.0000e+00 0.0000e+00 0.0000e+00 -7.1790e+00 3.2915e-01 0.0000e+00 0.0000e+00 -3.2915e-01 -6.7430e+00 
152.0 7.9286e+00 -9.8587e-01 0.0000e+00 0.0000e+00 -9.8587e-01 7.4018e+00 0.0000e+00 0.0000e+00 0.0000e+00 0.0000e+00 -7.2221e+00 3.1736e-01 0.0000e+00 0.0000e+00 -3.1736e-01 -6.7875e+00 
153.0 7.9457e+00 -9.1287e-01 0.0000e+00 0.0000e+00 -9.1287e-01 7.4234e+00 0.0000e+00 0.0000e+00 0.0000e+00 0.0000e+00 -7.2633e+00 3.0515e-01 0.0000e+00 0.0000e+00 -3.0515e-01 -6.8303e+00 
154.0 7.9628e+00 -8.4228e-01 0.0000e+00 0.0000e+00 -8.4228e-01 7.4451e+00 0.0000e+00 0.0000e+00 0.0000e+00 0.0000e+00 -7.3027e+00 2.9245e-01 0.0000e+00 0.0000e+00 -2.9245e-01 -6.8714e+00 
155.0 7.9802e+00 -7.7405e-01 0.0000e+00 0.0000e+00 -7.7405e-01 7.4669e+00 0.0000e+00 0.0000e+00 0.0000e+00 0.0000e+00 -7.3405e+00 2.7935e-01 0.0000e+00 0.0000e+00 -2.7935e-01 -6.9108e+00 
156.0 7.9980e+00 -7.0811e-01 0.0000e+00 0.0000e+00 -7.0811e-01 7.4891e+00 0.0000e+00 0.0000e+00 0.0000e+00 0.0000e+00 -7.3767e+00 2.6611e-01 0.0000e+00 0.0000e+00 -2.6611e-01 -6.9485e+00 
157.0 8.0165e+00 -6.4449e-01 0.0000e+00 0.0000e+00 -6.4449e-01 7.5119e+00 0.0000e+00 0.0000e+00 0.0000e+00 0.0000e+00 -7.4111e+00 2.5295e-01 0.0000e+00 0.0000e+00 -2.5295e-01 -6.9847e+00 
158.0 8.0354e+00 -5.8325e-01 0.0000e+00 0.0000e+00 -5.8325e-01 7.5352e+00 0.0000e+00 0.0000e+00 0.0000e+00 0.0000e+00 -7.4438e+00 2.3983e-01 0.0000e+00 0.0000e+00 -2.3983e-01 -7.0193e+00 
159.0 8.0545e+00 -5.2447e-01 0.0000e+00 0.0000e+00 -5.2447e-01 7.5588e+00 0.0000e+00 0.0000e+00 0.0000e+00 0.0000e+00 -7.4749e+00 2.2647e-01 0.0000e+00 0.0000e+00 -2.2647e-01 -7.0524e+00 
160.0 8.0736e+00 -4.6815e-01 0.0000e+00 0.0000e+00 -4.6815e-01 7.5823e+00 0.0000e+00 0.0000e+00 0.0000e+00 0.0000e+00 -7.5045e+00 2.1268e-01 0.0000e+00 0.0000e+00 -2.1268e-01 -7.0842e+00 
161.0 8.0930e+00 -4.1425e-01 0.0000e+00 0.0000e+00 -4.1425e-01 7.6060e+00 0.0000e+00 0.0000e+00 0.0000e+00 0.0000e+00 -7.5328e+00 1.9861e-01 0.0000e+00 0.0000e+00 -1.9861e-01 -7.1146e+00 
162.0 8.1130e+00 -3.6275e-01 0.0000e+00 0.0000e+00 -3.6275e-01 7.6304e+00 0.0000e+00 0.0000e+00 0.0000e+00 0.0000e+00 -7.5596e+00 1.8455e-01 0.0000e+00 0.0000e+00 -1.8455e-01 -7.1435e+00 
163.0 8.1338e+00 -3.1372e-01 0.0000e+00 0.0000e+00 -3.1372e-01 7.6557e+00 0.0000e+00 0.0000e+00 0.0000e+00 0.0000e+00 -7.5847e+00 1.7049e-01 0.0000e+00 0.0000e+00 -1.7049e-01 -7.1710e+00 
164.0 8.1548e+00 -2.6736e-01 0.0000e+00 0.0000e+00 -2.6736e-01 7.6814e+00 0.0000e+00 0.0000e+00 0.0000e+00 0.0000e+00 -7.6082e+00 1.5595e-01 0.0000e+00 0.0000e+00 -1.5595e-01 -7.1973e+00 
165.0 8.1752e+00 -2.2387e-01 0.0000e+00 0.0000e+00 -2.2387e-01 7.7065e+00 0.0000e+00 0.0000e+00 0.0000e+00 0.0000e+00 -7.6305e+00 1.4018e-01 0.0000e+00 0.0000e+00 -1.4018e-01 -7.2225e+00 
166.0 8.1949e+00 -1.8349e-01 0.0000e+00 0.0000e+00 -1.8349e-01 7.7303e+00 0.0000e+00 0.0000e+00 0.0000e+00 0.0000e+00 -7.6522e+00 1.2261e-01 0.0000e+00 0.0000e+00 -1.2261e-01 -7.2470e+00 
167.0 8.2140e+00 -1.4662e-01 0.0000e+00 0.0000e+00 -1.4662e-01 7.7524e+00 0.0000e+00 0.0000e+00 0.0000e+00 0.0000e+00 -7.6739e+00 1.0294e-01 0.0000e+00 0.0000e+00 -1.0294e-01 -7.2705e+00 
168.0 8.2328e+00 -1.1375e-01 0.0000e+00 0.0000e+00 -1.1375e-01 7.7722e+00 0.0000e+00 0.0000e+00 0.0000e+00 0.0000e+00 -7.6961e+00 8.1087e-02 0.0000e+00 0.0000e+00 -8.1087e-02 -7.2926e+00 
169.0 8.2528e+00 -8.5271e-02 0.0000e+00 0.0000e+00 -8.5271e-02 7.7898e+00 0.0000e+00 0.0000e+00 0.0000e+00 0.0000e+00 -7.7194e+00 5.7225e-02 0.0000e+00 0.0000e+00 -5.7225e-02 -7.3123e+00 
170.0 8.2758e+00 -6.1382e-02 0.0000e+00 0.0000e+00 -6.1382e-02 7.8054e+00 0.0000e+00 0.0000e+00 0.0000e+00 0.0000e+00 -7.7445e+00 3.1572e-02 0.0000e+00 0.0000e+00 -3.1572e-02 -7.3281e+00 
171.0 8.3034e+00 -4.2189e-02 0.0000e+00 0.0000e+00 -4.2189e-02 7.8189e+00 0.0000e+00 0.0000e+00 0.0000e+00 0.0000e+00 -7.7724e+00 4.3328e-03 0.0000e+00 0.0000e+00 -4.3328e-03 -7.3388e+00 
172.0 8.3382e+00 -2.7934e-02 0.0000e+00 0.0000e+00 -2.7934e-02 7.8300e+00 0.0000e+00 0.0000e+00 0.0000e+00 0.0000e+00 -7.8045e+00 -2.4004e-02 0.0000e+00 0.0000e+00 2.4004e-02 -7.3427e+00 
173.0 8.3837e+00 -1.8846e-02 0.0000e+00 0.0000e+00 -1.8846e-02 7.8395e+00 0.0000e+00 0.0000e+00 0.0000e+00 0.0000e+00 -7.8427e+00 -5.1379e-02 0.0000e+00 0.0000e+00 5.1379e-02 -7.3384e+00 
174.0 8.4454e+00 -1.4386e-02 0.0000e+00 0.0000e+00 -1.4386e-02 7.8507e+00 0.0000e+00 0.0000e+00 0.0000e+00 0.0000e+00 -7.8889e+00 -7.2604e-02 0.0000e+00 0.0000e+00 7.2604e-02 -7.3253e+00 
175.0 8.5292e+00 -1.2584e-02 0.0000e+00 0.0000e+00 -1.2584e-02 7.8696e+00 0.0000e+00 0.0000e+00 0.0000e+00 0.0000e+00 -7.9434e+00 -8.0116e-02 0.0000e+00 0.0000e+00 8.0116e-02 -7.3042e+00 
176.0 8.6350e+00 -1.0616e-02 0.0000e+00 0.0000e+00 -1.0616e-02 7.9008e+00 0.0000e+00 0.0000e+00 0.0000e+00 0.0000e+00 -8.0030e+00 -6.8643e-02 0.0000e+00 0.0000e+00 6.8643e-02 -7.2785e+00 
177.0 8.7487e+00 -6.7629e-03 0.0000e+00 0.0000e+00 -6.7629e-03 7.9418e+00 0.0000e+00 0.0000e+00 0.0000e+00 0.0000e+00 -8.0599e+00 -4.1430e-02 0.0000e+00 0.0000e+00 4.1430e-02 -7.2533e+00 
178.0 8.8403e+00 -2.1754e-03 0.0000e+00 0.0000e+00 -2.1754e-03 7.9789e+00 0.0000e+00 0.0000e+00 0.0000e+00 0.0000e+00 -8.1020e+00 -1.2546e-02 0.0000e+00 0.0000e+00 1.2546e-02 -7.2347e+00 
179.0 8.8761e+00 -2.9422e-20 0.0000e+00 0.0000e+00 -2.9422e-20 7.9941e+00 0.0000e+00 0.0000e+00 0.0000e+00 0.0000e+00 -8.1178e+00 -1.5374e-19 0.0000e+00 0.0000e+00 1.5374e-19 -7.2276e+00 
180.0 8.9139e+00 0.0000e+00 0.0000e+00 0.0000e+00 0.0000e+00 8.0094e+00 0.0000e+00 0.0000e+00 0.0000e+00 0.0000e+00 -8.1336e+00 0.0000e+00 0.0000e+00 0.0000e+00 -0.0000e+00 -7.2210e+00 
