1.8042 2.0628 0.2585 0.032878
theta s11 s12 s13 s14 s21 s22 s23 s24 s31 s32 s33 s34 s41 s42 s43 s44
0.0 1.7249e+03 0.0000e+00 0.0000e+00 0.0000e+00 0.0000e+00 1.7229e+03 0.0000e+00 0.0000e+00 0.0000e+00 0.0000e+00 1.7229e+03 0.0000e+00 0.0000e+00 0.0000e+00 -0.0000e+00 1.7209e+03 
1.0 1.5189e+03 -8.4933e-02 0.0000e+00 0.0000e+00 -8.4933e-02 1.5168e+03 0.0000e+00 0.0000e+00 0.0000e+00 0.0000e+00 1.5168e+03 -6.7951e-01 0.0000e+00 0.0000e+00 6.7951e-01 1.5148e+03 
2.0 1.1787e+03 -2.0652e-01 0.0000e+00 0.0000e+00 -2.0652e-01 1.1767e+03 0.0000e+00 0.0000e+00 0.0000e+00 0.0000e+00 1.1767e+03 -2.2831e+00 0.0000e+00 0.0000e+00 2.2831e+00 1.1747e+03 
3.0 8.9702e+02 -2.8884e-01 0.0000e+00 0.0000e+00 -2.8884e-01 8.9504e+02 0.0000e+00 0.0000e+00 0.0000e+00 0.0000e+00 8.9500e+02 -3.9581e+00 0.0000e+00 0.0000e+00 3.9581e+00 8.9304e+02 
4.0 6.9041e+02 -3.6111e-01 0.0000e+00 0.0000e+00 -3.6111e-01 6.8845e+02 0.0000e+00 0.0000e+00 0.0000e+00 0.0000e+00 6.8838e+02 -5.1555e+00 0.0000e+00 0.0000e+00 5.1555e+00 6.8645e+02 
5.0 5.4416e+02 -4.5368e-01 0.0000e+00 0.0000e+00 -4.5368e-01 5.4224e+02 0.0000e+00 0.0000e+00 0.0000e+00 0.0000e+00 5.4212e+02 -5.7914e+00 0.0000e+00 0.0000e+00 5.7914e+00 5.4023e+02 
6.0 4.4147e+02 -5.8086e-01 0.0000e+00 0.0000e+00 -5.8086e-01 4.3957e+02 0.0000e+00 0.0000e+00 0.0000e+00 0.0000e+00 4.3941e+02 -5.9878e+00 0.0000e+00 0.0000e+00 5.9878e+00 4.3755e+02 
7.0 3.6901e+02 -7.4675e-01 0.0000e+00 0.0000e+00 -7.4675e-01 3.6713e+02 0.0000e+00 0.0000e+00 0.0000e+00 0.0000e+00 3.6693e+02 -5.8864e+00 0.0000e+00 0.0000e+00 5.8864e+00 3.6511e+02 
8.0 3.1725e+02 -9.4783e-01 0.0000e+00 0.0000e+00 -9.4783e-01 3.1539e+02 0.0000e+00 0.0000e+00 0.0000e+00 0.0000e+00 3.1515e+02 -5.6098e+00 0.0000e+00 0.0000e+00 5.6098e+00 3.1337e+02 
9.0 2.7961e+02 -1.1768e+00 0.0000e+00 0.0000e+00 -1.1768e+00 2.7777e+02 0.0000e+00 0.0000e+00 0.0000e+00 0.0000e+00 2.7750e+02 -5.2523e+00 0.0000e+00 0.0000e+00 5.2523e+00 2.7575e+02 
10.0 2.5160e+02 -1.4260e+00 0.0000e+00 0.0000e+00 -1.4260e+00 2.4978e+02 0.0000e+00 0.0000e+00 0.0000e+00 0.0000e+00 2.4948e+02 -4.8771e+00 0.0000e+00 0.0000e+00 4.8771e+00 2.4777e+02 
11.0 2.3020e+02 -1.6894e+00 0.0000e+00 0.0000e+00 -1.6894e+00 2.2839e+02 0.0000e+00 0.0000e+00 0.0000e+00 0.0000e+00 2.2807e+02 -4.5229e+00 0.0000e+00 0.0000e+00 4.5229e+00 2.2640e+02 
12.0 2.1334e+02 -1.9626e+00 0.0000e+00 0.0000e+00 -1.9626e+00 2.1155e+02 0.0000e+00 0.0000e+00 0.0000e+00 0.0000e+00 2.1122e+02 -4.2102e+00 0.0000e+00 0.0000e+00 4.2102e+00 2.0957e+02 
13.0 1.9967e+02 -2.2440e+00 0.0000e+00 0.0000e+00 -2.2440e+00 1.9789e+02 0.0000e+00 0.0000e+00 0.0000e+00 0.0000e+00 1.9754e+02 -3.9436e+00 0.0000e+00 0.0000e+00 3.9436e+00 1.9593e+02 
14.0 1.8825e+02 -2.5287e+00 0.0000e+00 0.0000e+00 -2.5287e+00 1.8649e+02 0.0000e+00 0.0000e+00 0.0000e+00 0.0000e+00 1.8613e+02 -3.7315e+00 0.0000e+00 0.0000e+00 3.7315e+00 1.8455e+02 
15.0 1.7848e+02 -2.8184e+00 0.0000e+00 0.0000e+00 -2.8184e+00 1.7673e+02 0.0000e+00 0.0000e+00 0.0000e+00 0.0000e+00 1.7636e+02 -3.5596e+00 0.0000e+00 0.0000e+00 3.5596e+00 1.7481e+02 
16.0 1.6991e+02 -3.1109e+00 0.0000e+00 0.0000e+00 -3.1109e+00 1.6818e+02 0.0000e+00 0.0000e+00 0.0000e+00 0.0000e+00 1.6779e+02 -3.4247e+00 0.0000e+00 0.0000e+00 3.4247e+00 1.6628e+02 
17.0 1.6225e+02 -3.4047e+00 0.0000e+00 0.0000e+00 -3.4047e+00 1.6053e+02 0.0000e+00 0.0000e+00 0.0000e+00 0.0000e+00 1.6013e+02 -3.3213e+00 0.0000e+00 0.0000e+00 3.3213e+00 1.5865e+02 
18.0 1.5527e+02 -3.6989e+00 0.0000e+00 0.0000e+00 -3.6989e+00 1.5356e+02 0.0000e+00 0.0000e+00 0.0000e+00 0.0000e+00 1.5314e+02 -3.2437e+00 0.0000e+00 0.0000e+00 3.2437e+00 1.5170e+02 
19.0 1.4883e+02 -3.9926e+00 0.0000e+00 0.0000e+00 -3.9926e+00 1.4713e+02 0.0000e+00 0.0000e+00 0.0000e+00 0.0000e+00 1.4717e+02 -3.1863e+00 0.0000e+00 0.0000e+00 3.1863e+00 1.4576e+02 
20.0 1.4281e+02 -4.2857e+00 0.0000e+00 0.0000e+00 -4.2857e+00 1.4113e+02 0.0000e+00 0.0000e+00 0.0000e+00 0.0000e+00 1.4160e+02 -3.1440e+00 0.0000e+00 0.0000e+00 3.1440e+00 1.4022e+02 
21.0 1.3716e+02 -4.5782e+00 0.0000e+00 0.0000e+00 -4.5782e+00 1.3549e+02 0.0000e+00 0.0000e+00 0.0000e+00 0.0000e+00 1.3635e+02 -3.1132e+00 0.0000e+00 0.0000e+00 3.1132e+00 1.3500e+02 
22.0 1.3182e+02 -4.8700e+00 0.0000e+00 0.0000e+00 -4.8700e+00 1.3016e+02 0.0000e+00 0.0000e+00 0.0000e+00 0.0000e+00 1.3139e+02 -3.0912e+00 0.0000e+00 0.0000e+00 3.0912e+00 1.3007e+02 
23.0 1.2675e+02 -5.1603e+00 0.0000e+00 0.0000e+00 -5.1603e+00 1.2511e+02 0.0000e+00 0.0000e+00 0.0000e+00 0.0000e+00 1.2666e+02 -3.0753e+00 0.0000e+00 0.0000e+00 3.0753e+00 1.2537e+02 
24.0 1.2191e+02 -5.4482e+00 0.0000e+00 0.0000e+00 -5.4482e+00 1.2028e+02 0.0000e+00 0.0000e+00 0.0000e+00 0.0000e+00 1.2215e+02 -3.0633e+00 0.0000e+00 0.0000e+00 3.0633e+00 1.2089e+02 
25.0 1.1729e+02 -5.7326e+00 0.0000e+00 0.0000e+00 -5.7326e+00 1.1567e+02 0.0000e+00 0.0000e+00 0.0000e+00 0.0000e+00 1.1782e+02 -3.0531e+00 0.0000e+00 0.0000e+00 3.0531e+00 1.1659e+02 
26.0 1.1285e+02 -6.0123e+00 0.0000e+00 0.0000e+00 -6.0123e+00 1.1125e+02 0.0000e+00 0.0000e+00 0.0000e+00 0.0000e+00 1.1367e+02 -3.0434e+00 0.0000e+00 0.0000e+00 3.0434e+00 1.1246e+02 
27.0 1.0860e+02 -6.2863e+00 0.0000e+00 0.0000e+00 -6.2863e+00 1.0701e+02 0.0000e+00 0.0000e+00 0.0000e+00 0.0000e+00 1.0967e+02 -3.0332e+00 0.0000e+00 0.0000e+00 3.0332e+00 1.0849e+02 
28.0 1.0450e+02 -6.5540e+00 0.0000e+00 0.0000e+00 -6.5540e+00 1.0293e+02 0.0000e+00 0.0000e+00 0.0000e+00 0.0000e+00 1.0581e+02 -3.0217e+00 0.0000e+00 0.0000e+00 3.0217e+00 1.0466e+02 
29.0 1.0056e+02 -6.8148e+00 0.0000e+00 0.0000e+00 -6.8148e+00 9.9004e+01 0.0000e+00 0.0000e+00 0.0000e+00 0.0000e+00 1.0209e+02 -3.0080e+00 0.0000e+00 0.0000e+00 3.0080e+00 1.0096e+02 
30.0 9.6767e+01 -7.0683e+00 0.0000e+00 0.0000e+00 -7.0683e+00 9.5223e+01 0.0000e+00 0.0000e+00 0.0000e+00 0.0000e+00 9.8496e+01 -2.9918e+00 0.0000e+00 0.0000e+00 2.9918e+00 9.7394e+01 
31.0 9.3111e+01 -7.3138e+00 0.0000e+00 0.0000e+00 -7.3138e+00 9.1581e+01 0.0000e+00 0.0000e+00 0.0000e+00 0.0000e+00 9.4608e+01 -2.9729e+00 0.0000e+00 0.0000e+00 2.9729e+00 9.3537e+01 
32.0 8.9587e+01 -7.5509e+00 0.0000e+00 0.0000e+00 -7.5509e+00 8.8071e+01 0.0000e+00 0.0000e+00 0.0000e+00 0.0000e+00 9.0858e+01 -2.9513e+00 0.0000e+00 0.0000e+00 2.9513e+00 8.9819e+01 
33.0 8.6189e+01 -7.7788e+00 0.0000e+00 0.0000e+00 -7.7788e+00 8.4687e+01 0.0000e+00 0.0000e+00 0.0000e+00 0.0000e+00 8.7242e+01 -2.9271e+00 0.0000e+00 0.0000e+00 2.9271e+00 8.6233e+01 
34.0 8.2912e+01 -7.9970e+00 0.0000e+00 0.0000e+00 -7.9970e+00 8.1425e+01 0.0000e+00 0.0000e+00 0.0000e+00 0.0000e+00 8.3753e+01 -2.9003e+00 0.0000e+00 0.0000e+00 2.9003e+00 8.2774e+01 
35.0 7.9752e+01 -8.2051e+00 0.0000e+00 0.0000e+00 -8.2051e+00 7.8278e+01 0.0000e+00 0.0000e+00 0.0000e+00 0.0000e+00 8.0386e+01 -2.8708e+00 0.0000e+00 0.0000e+00 2.8708e+00 7.9436e+01 
36.0 7.6705e+01 -8.4029e+00 0.0000e+00 0.0000e+00 -8.4029e+00 7.5245e+01 0.0000e+00 0.0000e+00 0.0000e+00 0.0000e+00 7.7137e+01 -2.8385e+00 0.0000e+00 0.0000e+00 2.8385e+00 7.6216e+01 
37.0 7.3767e+01 -8.5903e+00 0.0000e+00 0.0000e+00 -8.5903e+00 7.2321e+01 0.0000e+00 0.0000e+00 0.0000e+00 0.0000e+00 7.4001e+01 -2.8029e+00 0.0000e+00 0.0000e+00 2.8029e+00 7.3109e+01 
38.0 7.0937e+01 -8.7675e+00 0.0000e+00 0.0000e+00 -8.7675e+00 6.9504e+01 0.0000e+00 0.0000e+00 0.0000e+00 0.0000e+00 7.0977e+01 -2.7641e+00 0.0000e+00 0.0000e+00 2.7641e+00 7.0113e+01 
39.0 6.8213e+01 -8.9347e+00 0.0000e+00 0.0000e+00 -8.9347e+00 6.6793e+01 0.0000e+00 0.0000e+00 0.0000e+00 0.0000e+00 6.8061e+01 -2.7220e+00 0.0000e+00 0.0000e+00 2.7220e+00 6.7225e+01 
40.0 6.5591e+01 -9.0921e+00 0.0000e+00 0.0000e+00 -9.0921e+00 6.4185e+01 0.0000e+00 0.0000e+00 0.0000e+00 0.0000e+00 6.5252e+01 -2.6770e+00 0.0000e+00 0.0000e+00 2.6770e+00 6.4443e+01 
41.0 6.3070e+01 -9.2395e+00 0.0000e+00 0.0000e+00 -9.2395e+00 6.1677e+01 0.0000e+00 0.0000e+00 0.0000e+00 0.0000e+00 6.2545e+01 -2.6295e+00 0.0000e+00 0.0000e+00 2.6295e+00 6.1763e+01 
42.0 6.0645e+01 -9.3769e+00 0.0000e+00 0.0000e+00 -9.3769e+00 5.9265e+01 0.0000e+00 0.0000e+00 0.0000e+00 0.0000e+00 5.9938e+01 -2.5798e+00 0.0000e+00 0.0000e+00 2.5798e+00 5.9183e+01 
43.0 5.8313e+01 -9.5043e+00 0.0000e+00 0.0000e+00 -9.5043e+00 5.6946e+01 0.0000e+00 0.0000e+00 0.0000e+00 0.0000e+00 5.7426e+01 -2.5281e+00 0.0000e+00 0.0000e+00 2.5281e+00 5.6697e+01 
44.0 5.6071e+01 -9.6215e+00 0.0000e+00 0.0000e+00 -9.6215e+00 5.4717e+01 0.0000e+00 0.0000e+00 0.0000e+00 0.0000e+00 5.5007e+01 -2.4746e+00 0.0000e+00 0.0000e+00 2.4746e+00 5.4304e+01 
45.0 5.3915e+01 -9.7286e+00 0.0000e+00 0.0000e+00 -9.7286e+00 5.2573e+01 0.0000e+00 0.0000e+00 0.0000e+00 0.0000e+00 5.2677e+01 -2.4193e+00 0.0000e+00 0.0000e+00 2.4193e+00 5.1999e+01 
46.0 5.1842e+01 -9.8258e+00 0.0000e+00 0.0000e+00 -9.8258e+00 5.0513e+01 0.0000e+00 0.0000e+00 0.0000e+00 0.0000e+00 5.0433e+01 -2.3623e+00 0.0000e+00 0.0000e+00 2.3623e+00 4.9780e+01 
47.0 4.9850e+01 -9.9132e+00 0.0000e+00 0.0000e+00 -9.9132e+00 4.8533e+01 0.0000e+00 0.0000e+00 0.0000e+00 0.0000e+00 4.8272e+01 -2.3037e+00 0.0000e+00 0.0000e+00 2.3037e+00 4.7643e+01 
48.0 4.7936e+01 -9.9909e+00 0.0000e+00 0.0000e+00 -9.9909e+00 4.6631e+01 0.0000e+00 0.0000e+00 0.0000e+00 0.0000e+00 4.6192e+01 -2.2435e+00 0.0000e+00 0.0000e+00 2.2435e+00 4.5587e+01 
49.0 4.6098e+01 -1.0059e+01 0.0000e+00 0.0000e+00 -1.0059e+01 4.4805e+01 0.0000e+00 0.0000e+00 0.0000e+00 0.0000e+00 4.4189e+01 -2.1821e+00 0.0000e+00 0.0000e+00 2.1821e+00 4.3608e+01 
50.0 4.4332e+01 -1.0118e+01 0.0000e+00 0.0000e+00 -1.0118e+01 4.3051e+01 0.0000e+00 0.0000e+00 0.0000e+00 0.0000e+00 4.2262e+01 -2.1195e+00 0.0000e+00 0.0000e+00 2.1195e+00 4.1703e+01 
51.0 4.2637e+01 -1.0168e+01 0.0000e+00 0.0000e+00 -1.0168e+01 4.1367e+01 0.0000e+00 0.0000e+00 0.0000e+00 0.0000e+00 4.0407e+01 -2.0559e+00 0.0000e+00 0.0000e+00 2.0559e+00 3.9871e+01 
52.0 4.1011e+01 -1.0209e+01 0.0000e+00 0.0000e+00 -1.0209e+01 3.9752e+01 0.0000e+00 0.0000e+00 0.0000e+00 0.0000e+00 3.8622e+01 -1.9914e+00 0.0000e+00 0.0000e+00 1.9914e+00 3.8108e+01 
53.0 3.9450e+01 -1.0241e+01 0.0000e+00 0.0000e+00 -1.0241e+01 3.8202e+01 0.0000e+00 0.0000e+00 0.0000e+00 0.0000e+00 3.6904e+01 -1.9260e+00 0.0000e+00 0.0000e+00 1.9260e+00 3.6412e+01 
54.0 3.7953e+01 -1.0265e+01 0.0000e+00 0.0000e+00 -1.0265e+01 3.6716e+01 0.0000e+00 0.0000e+00 0.0000e+00 0.0000e+00 3.5252e+01 -1.8599e+00 0.0000e+00 0.0000e+00 1.8599e+00 3.4781e+01 
55.0 3.6518e+01 -1.0281e+01 0.0000e+00 0.0000e+00 -1.0281e+01 3.5292e+01 0.0000e+00 0.0000e+00 0.0000e+00 0.0000e+00 3.3663e+01 -1.7932e+00 0.0000e+00 0.0000e+00 1.7932e+00 3.3213e+01 
56.0 3.5141e+01 -1.0290e+01 0.0000e+00 0.0000e+00 -1.0290e+01 3.3926e+01 0.0000e+00 0.0000e+00 0.0000e+00 0.0000e+00 3.2134e+01 -1.7261e+00 0.0000e+00 0.0000e+00 1.7261e+00 3.1705e+01 
57.0 3.3822e+01 -1.0290e+01 0.0000e+00 0.0000e+00 -1.0290e+01 3.2617e+01 0.0000e+00 0.0000e+00 0.0000e+00 0.0000e+00 3.0664e+01 -1.6587e+00 0.0000e+00 0.0000e+00 1.6587e+00 3.0255e+01 
58.0 3.2558e+01 -1.0284e+01 0.0000e+00 0.0000e+00 -1.0284e+01 3.1363e+01 0.0000e+00 0.0000e+00 0.0000e+00 0.0000e+00 2.9250e+01 -1.5912e+00 0.0000e+00 0.0000e+00 1.5912e+00 2.8861e+01 
59.0 3.1347e+01 -1.0270e+01 0.0000e+00 0.0000e+00 -1.0270e+01 3.0162e+01 0.0000e+00 0.0000e+00 0.0000e+00 0.0000e+00 2.7890e+01 -1.5236e+00 0.0000e+00 0.0000e+00 1.5236e+00 2.7521e+01 
60.0 3.0187e+01 -1.0250e+01 0.0000e+00 0.0000e+00 -1.0250e+01 2.9012e+01 0.0000e+00 0.0000e+00 0.0000e+00 0.0000e+00 2.6583e+01 -1.4561e+00 0.0000e+00 0.0000e+00 1.4561e+00 2.6233e+01 
61.0 2.9076e+01 -1.0222e+01 0.0000e+00 0.0000e+00 -1.0222e+01 2.7910e+01 0.0000e+00 0.0000e+00 0.0000e+00 0.0000e+00 2.5326e+01 -1.3887e+00 0.0000e+00 0.0000e+00 1.3887e+00 2.4994e+01 
62.0 2.8011e+01 -1.0189e+01 0.0000e+00 0.0000e+00 -1.0189e+01 2.6855e+01 0.0000e+00 0.0000e+00 0.0000e+00 0.0000e+00 2.4117e+01 -1.3215e+00 0.0000e+00 0.0000e+00 1.3215e+00 2.3804e+01 
63.0 2.6993e+01 -1.0150e+01 0.0000e+00 0.0000e+00 -1.0150e+01 2.5845e+01 0.0000e+00 0.0000e+00 0.0000e+00 0.0000e+00 2.2955e+01 -1.2547e+00 0.0000e+00 0.0000e+00 1.2547e+00 2.2660e+01 
64.0 2.6017e+01 -1.0105e+01 0.0000e+00 0.0000e+00 -1.0105e+01 2.4879e+01 0.0000e+00 0.0000e+00 0.0000e+00 0.0000e+00 2.1838e+01 -1.1883e+00 0.0000e+00 0.0000e+00 1.1883e+00 2.1561e+01 
65.0 2.5084e+01 -1.0055e+01 0.0000e+00 0.0000e+00 -1.0055e+01 2.3955e+01 0.0000e+00 0.0000e+00 0.0000e+00 0.0000e+00 2.0764e+01 -1.1226e+00 0.0000e+00 0.0000e+00 1.1226e+00 2.0504e+01 
66.0 2.4190e+01 -9.9988e+00 0.0000e+00 0.0000e+00 -9.9988e+00 2.3070e+01 0.0000e+00 0.0000e+00 0.0000e+00 0.0000e+00 1.9731e+01 -1.0575e+00 0.0000e+00 0.0000e+00 1.0575e+00 1.9488e+01 
67.0 2.3336e+01 -9.9380e+00 0.0000e+00 0.0000e+00 -9.9380e+00 2.2224e+01 0.0000e+00 0.0000e+00 0.0000e+00 0.0000e+00 1.8738e+01 -9.9332e-01 0.0000e+00 0.0000e+00 9.9332e-01 1.8512e+01 
68.0 2.2518e+01 -9.8723e+00 0.0000e+00 0.0000e+00 -9.8723e+00 2.1415e+01 0.0000e+00 0.0000e+00 0.0000e+00 0.0000e+00 1.7783e+01 -9.3000e-01 0.0000e+00 0.0000e+00 9.3000e-01 1.7574e+01 
69.0 2.1736e+01 -9.8021e+00 0.0000e+00 0.0000e+00 -9.8021e+00 2.0641e+01 0.0000e+00 0.0000e+00 0.0000e+00 0.0000e+00 1.6865e+01 -8.6765e-01 0.0000e+00 0.0000e+00 8.6765e-01 1.6672e+01 
70.0 2.0988e+01 -9.7274e+00 0.0000e+00 0.0000e+00 -9.7274e+00 1.9901e+01 0.0000e+00 0.0000e+00 0.0000e+00 0.0000e+00 1.5982e+01 -8.0632e-01 0.0000e+00 0.0000e+00 8.0632e-01 1.5806e+01 
71.0 2.0272e+01 -9.6485e+00 0.0000e+00 0.0000e+00 -9.6485e+00 1.9194e+01 0.0000e+00 0.0000e+00 0.0000e+00 0.0000e+00 1.5133e+01 -7.4609e-01 0.0000e+00 0.0000e+00 7.4609e-01 1.4972e+01 
72.0 1.9588e+01 -9.5657e+00 0.0000e+00 0.0000e+00 -9.5657e+00 1.8518e+01 0.0000e+00 0.0000e+00 0.0000e+00 0.0000e+00 1.4317e+01 -6.8700e-01 0.0000e+00 0.0000e+00 6.8700e-01 1.4171e+01 
73.0 1.8935e+01 -9.4791e+00 0.0000e+00 0.0000e+00 -9.4791e+00 1.7872e+01 0.0000e+00 0.0000e+00 0.0000e+00 0.0000e+00 1.3532e+01 -6.2913e-01 0.0000e+00 0.0000e+00 6.2913e-01 1.3401e+01 
74.0 1.8310e+01 -9.3889e+00 0.0000e+00 0.0000e+00 -9.3889e+00 1.7255e+01 0.0000e+00 0.0000e+00 0.0000e+00 0.0000e+00 1.2777e+01 -5.7252e-01 0.0000e+00 0.0000e+00 5.7252e-01 1.2661e+01 
75.0 1.7713e+01 -9.2953e+00 0.0000e+00 0.0000e+00 -9.2953e+00 1.6666e+01 0.0000e+00 0.0000e+00 0.0000e+00 0.0000e+00 1.2050e+01 -5.1722e-01 0.0000e+00 0.0000e+00 5.1722e-01 1.1949e+01 
76.0 1.7142e+01 -9.1984e+00 0.0000e+00 0.0000e+00 -9.1984e+00 1.6103e+01 0.0000e+00 0.0000e+00 0.0000e+00 0.0000e+00 1.1352e+01 -4.6324e-01 0.0000e+00 0.0000e+00 4.6324e-01 1.1264e+01 
77.0 1.6597e+01 -9.0985e+00 0.0000e+00 0.0000e+00 -9.0985e+00 1.5566e+01 0.0000e+00 0.0000e+00 0.0000e+00 0.0000e+00 1.0679e+01 -4.1059e-01 0.0000e+00 0.0000e+00 4.1059e-01 1.0605e+01 
78.0 1.6076e+01 -8.9958e+00 0.0000e+00 0.0000e+00 -8.9958e+00 1.5053e+01 0.0000e+00 0.0000e+00 0.0000e+00 0.0000e+00 1.0033e+01 -3.5927e-01 0.0000e+00 0.0000e+00 3.5927e-01 9.9722e+00 
79.0 1.5579e+01 -8.8903e+00 0.0000e+00 0.0000e+00 -8.8903e+00 1.4564e+01 0.0000e+00 0.0000e+00 0.0000e+00 0.0000e+00 9.4104e+00 -3.0927e-01 0.0000e+00 0.0000e+00 3.0927e-01 9.3630e+00 
80.0 1.5104e+01 -8.7823e+00 0.0000e+00 0.0000e+00 -8.7823e+00 1.4097e+01 0.0000e+00 0.0000e+00 0.0000e+00 0.0000e+00 8.8116e+00 -2.6060e-01 0.0000e+00 0.0000e+00 2.6060e-01 8.7771e+00 
81.0 1.4651e+01 -8.6720e+00 0.0000e+00 0.0000e+00 -8.6720e+00 1.3651e+01 0.0000e+00 0.0000e+00 0.0000e+00 0.0000e+00 8.2353e+00 -2.1324e-01 0.0000e+00 0.0000e+00 2.1324e-01 8.2133e+00 
82.0 1.4218e+01 -8.5595e+00 0.0000e+00 0.0000e+00 -8.5595e+00 1.3227e+01 0.0000e+00 0.0000e+00 0.0000e+00 0.0000e+00 7.6808e+00 -1.6721e-01 0.0000e+00 0.0000e+00 1.6721e-01 7.6710e+00 
83.0 1.3806e+01 -8.4450e+00 0.0000e+00 0.0000e+00 -8.4450e+00 1.2821e+01 0.0000e+00 0.0000e+00 0.0000e+00 0.0000e+00 7.1470e+00 -1.2252e-01 0.0000e+00 0.0000e+00 1.2252e-01 7.1492e+00 
84.0 1.3412e+01 -8.3286e+00 0.0000e+00 0.0000e+00 -8.3286e+00 1.2435e+01 0.0000e+00 0.0000e+00 0.0000e+00 0.0000e+00 6.6332e+00 -7.9165e-02 0.0000e+00 0.0000e+00 7.9165e-02 6.6471e+00 
85.0 1.3036e+01 -8.2105e+00 0.0000e+00 0.0000e+00 -8.2105e+00 1.2067e+01 0.0000e+00 0.0000e+00 0.0000e+00 0.0000e+00 6.1387e+00 -3.7155e-02 0.0000e+00 0.0000e+00 3.7155e-02 6.1638e+00 
86.0 1.2678e+01 -8.0907e+00 0.0000e+00 0.0000e+00 -8.0907e+00 1.1717e+01 0.0000e+00 0.0000e+00 0.0000e+00 0.0000e+00 5.6625e+00 3.5123e-03 0.0000e+00 0.0000e+00 -3.5123e-03 5.6987e+00 
87.0 1.2336e+01 -7.9696e+00 0.0000e+00 0.0000e+00 -7.9696e+00 1.1383e+01 0.0000e+00 0.0000e+00 0.0000e+00 0.0000e+00 5.2040e+00 4.2840e-02 0.0000e+00 0.0000e+00 -4.2840e-02 5.2510e+00 
88.0 1.2011e+01 -7.8471e+00 0.0000e+00 0.0000e+00 -7.8471e+00 1.1065e+01 0.0000e+00 0.0000e+00 0.0000e+00 0.0000e+00 4.7624e+00 8.0831e-02 0.0000e+00 0.0000e+00 -8.0831e-02 4.8200e+00 
89.0 1.1701e+01 -7.7234e+00 0.0000e+00 0.0000e+00 -7.7234e+00 1.0762e+01 0.0000e+00 0.0000e+00 0.0000e+00 0.0000e+00 4.3372e+00 1.1749e-01 0.0000e+00 0.0000e+00 -1.1749e-01 4.4050e+00 
90.0 1.1405e+01 -7.5986e+00 0.0000e+00 0.0000e+00 -7.5986e+00 1.0474e+01 0.0000e+00 0.0000e+00 0.0000e+00 0.0000e+00 3.9276e+00 1.5282e-01 0.0000e+00 0.0000e+00 -1.5282e-01 4.0053e+00 
91.0 1.1123e+01 -7.4728e+00 0.0000e+00 0.0000e+00 -7.4728e+00 1.0201e+01 0.0000e+00 0.0000e+00 0.0000e+00 0.0000e+00 3.5330e+00 1.8683e-01 0.0000e+00 0.0000e+00 -1.8683e-01 3.6205e+00 
92.0 1.0855e+01 -7.3461e+00 0.0000e+00 0.0000e+00 -7.3461e+00 9.9400e+00 0.0000e+00 0.0000e+00 0.0000e+00 0.0000e+00 3.1529e+00 2.1953e-01 0.0000e+00 0.0000e+00 -2.1953e-01 3.2497e+00 
93.0 1.0600e+01 -7.2187e+00 0.0000e+00 0.0000e+00 -7.2187e+00 9.6924e+00 0.0000e+00 0.0000e+00 0.0000e+00 0.0000e+00 2.7866e+00 2.5093e-01 0.0000e+00 0.0000e+00 -2.5093e-01 2.8926e+00 
94.0 1.0357e+01 -7.0906e+00 0.0000e+00 0.0000e+00 -7.0906e+00 9.4572e+00 0.0000e+00 0.0000e+00 0.0000e+00 0.0000e+00 2.4337e+00 2.8104e-01 0.0000e+00 0.0000e+00 -2.8104e-01 2.5484e+00 
95.0 1.0127e+01 -6.9620e+00 0.0000e+00 0.0000e+00 -6.9620e+00 9.2338e+00 0.0000e+00 0.0000e+00 0.0000e+00 0.0000e+00 2.0935e+00 3.0988e-01 0.0000e+00 0.0000e+00 -3.0988e-01 2.2168e+00 
96.0 9.9071e+00 -6.8329e+00 0.0000e+00 0.0000e+00 -6.8329e+00 9.0218e+00 0.0000e+00 0.0000e+00 0.0000e+00 0.0000e+00 1.7656e+00 3.3746e-01 0.0000e+00 0.0000e+00 -3.3746e-01 1.8971e+00 
97.0 9.6985e+00 -6.7033e+00 0.0000e+00 0.0000e+00 -6.7033e+00 8.8208e+00 0.0000e+00 0.0000e+00 0.0000e+00 0.0000e+00 1.4494e+00 3.6381e-01 0.0000e+00 0.0000e+00 -3.6381e-01 1.5889e+00 
98.0 9.5005e+00 -6.5735e+00 0.0000e+00 0.0000e+00 -6.5735e+00 8.6302e+00 0.0000e+00 0.0000e+00 0.0000e+00 0.0000e+00 1.1447e+00 3.8892e-01 0.0000e+00 0.0000e+00 -3.8892e-01 1.2918e+00 
99.0 9.3124e+00 -6.4434e+00 0.0000e+00 0.0000e+00 -6.4434e+00 8.4497e+00 0.0000e+00 0.0000e+00 0.0000e+00 0.0000e+00 8.5080e-01 4.1282e-01 0.0000e+00 0.0000e+00 -4.1282e-01 1.0052e+00 
100.0 9.1340e+00 -6.3132e+00 0.0000e+00 0.0000e+00 -6.3132e+00 8.2789e+00 0.0000e+00 0.0000e+00 0.0000e+00 0.0000e+00 5.6740e-01 4.3553e-01 0.0000e+00 0.0000e+00 -4.3553e-01 7.2880e-01 
101.0 8.9649e+00 -6.1829e+00 0.0000e+00 0.0000e+00 -6.1829e+00 8.1174e+00 0.0000e+00 0.0000e+00 0.0000e+00 0.0000e+00 2.9405e-01 4.5707e-01 0.0000e+00 0.0000e+00 -4.5707e-01 4.6214e-01 
102.0 8.8046e+00 -6.0525e+00 0.0000e+00 0.0000e+00 -6.0525e+00 7.9648e+00 0.0000e+00 0.0000e+00 0.0000e+00 0.0000e+00 3.0367e-02 4.7746e-01 0.0000e+00 0.0000e+00 -4.7746e-01 2.0485e-01 
103.0 8.6529e+00 -5.9222e+00 0.0000e+00 0.0000e+00 -5.9222e+00 7.8208e+00 0.0000e+00 0.0000e+00 0.0000e+00 0.0000e+00 -2.2403e-01 4.9671e-01 0.0000e+00 0.0000e+00 -4.9671e-01 -4.3470e-02 
104.0 8.5095e+00 -5.7920e+00 0.0000e+00 0.0000e+00 -5.7920e+00 7.6851e+00 0.0000e+00 0.0000e+00 0.0000e+00 0.0000e+00 -4.6949e-01 5.1485e-01 0.0000e+00 0.0000e+00 -5.1485e-01 -2.8316e-01 
105.0 8.3739e+00 -5.6619e+00 0.0000e+00 0.0000e+00 -5.6619e+00 7.5573e+00 0.0000e+00 0.0000e+00 0.0000e+00 0.0000e+00 -7.0639e-01 5.3190e-01 0.0000e+00 0.0000e+00 -5.3190e-01 -5.1458e-01 
106.0 8.2458e+00 -5.5321e+00 0.0000e+00 0.0000e+00 -5.5321e+00 7.4371e+00 0.0000e+00 0.0000e+00 0.0000e+00 0.0000e+00 -9.3506e-01 5.4788e-01 0.0000e+00 0.0000e+00 -5.4788e-01 -7.3805e-01 
107.0 8.1251e+00 -5.4026e+00 0.0000e+00 0.0000e+00 -5.4026e+00 7.3242e+00 0.0000e+00 0.0000e+00 0.0000e+00 0.0000e+00 -1.1558e+00 5.6281e-01 0.0000e+00 0.0000e+00 -5.6281e-01 -9.5389e-01 
108.0 8.0114e+00 -5.2733e+00 0.0000e+00 0.0000e+00 -5.2733e+00 7.2184e+00 0.0000e+00 0.0000e+00 0.0000e+00 0.0000e+00 -1.3690e+00 5.7671e-01 0.0000e+00 0.0000e+00 -5.7671e-01 -1.1624e+00 
109.0 7.9044e+00 -5.1445e+00 0.0000e+00 0.0000e+00 -5.1445e+00 7.1193e+00 0.0000e+00 0.0000e+00 0.0000e+00 0.0000e+00 -1.5748e+00 5.8961e-01 0.0000e+00 0.0000e+00 -5.8961e-01 -1.3638e+00 
110.0 7.8039e+00 -5.0161e+00 0.0000e+00 0.0000e+00 -5.0161e+00 7.0267e+00 0.0000e+00 0.0000e+00 0.0000e+00 0.0000e+00 -1.7737e+00 6.0153e-01 0.0000e+00 0.0000e+00 -6.0153e-01 -1.5585e+00 
111.0 7.7096e+00 -4.8882e+00 0.0000e+00 0.0000e+00 -4.8882e+00 6.9404e+00 0.0000e+00 0.0000e+00 0.0000e+00 0.0000e+00 -1.9658e+00 6.1249e-01 0.0000e+00 0.0000e+00 -6.1249e-01 -1.7467e+00 
112.0 7.6213e+00 -4.7609e+00 0.0000e+00 0.0000e+00 -4.7609e+00 6.8601e+00 0.0000e+00 0.0000e+00 0.0000e+00 0.0000e+00 -2.1514e+00 6.2251e-01 0.0000e+00 0.0000e+00 -6.2251e-01 -1.9286e+00 
113.0 7.5388e+00 -4.6342e+00 0.0000e+00 0.0000e+00 -4.6342e+00 6.7856e+00 0.0000e+00 0.0000e+00 0.0000e+00 0.0000e+00 -2.3308e+00 6.3161e-01 0.0000e+00 0.0000e+00 -6.3161e-01 -2.1045e+00 
114.0 7.4619e+00 -4.5082e+00 0.0000e+00 0.0000e+00 -4.5082e+00 6.7166e+00 0.0000e+00 0.0000e+00 0.0000e+00 0.0000e+00 -2.5043e+00 6.3980e-01 0.0000e+00 0.0000e+00 -6.3980e-01 -2.2747e+00 
115.0 7.3902e+00 -4.3829e+00 0.0000e+00 0.0000e+00 -4.3829e+00 6.6530e+00 0.0000e+00 0.0000e+00 0.0000e+00 0.0000e+00 -2.6720e+00 6.4710e-01 0.0000e+00 0.0000e+00 -6.4710e-01 -2.4393e+00 
116.0 7.3237e+00 -4.2583e+00 0.0000e+00 0.0000e+00 -4.2583e+00 6.5944e+00 0.0000e+00 0.0000e+00 0.0000e+00 0.0000e+00 -2.8342e+00 6.5353e-01 0.0000e+00 0.0000e+00 -6.5353e-01 -2.5985e+00 
117.0 7.2621e+00 -4.1347e+00 0.0000e+00 0.0000e+00 -4.1347e+00 6.5408e+00 0.0000e+00 0.0000e+00 0.0000e+00 0.0000e+00 -2.9911e+00 6.5910e-01 0.0000e+00 0.0000e+00 -6.5910e-01 -2.7526e+00 
118.0 7.2052e+00 -4.0119e+00 0.0000e+00 0.0000e+00 -4.0119e+00 6.4920e+00 0.0000e+00 0.0000e+00 0.0000e+00 0.0000e+00 -3.1428e+00 6.6383e-01 0.0000e+00 0.0000e+00 -6.6383e-01 -2.9018e+00 
119.0 7.1529e+00 -3.8901e+00 0.0000e+00 0.0000e+00 -3.8901e+00 6.4477e+00 0.0000e+00 0.0000e+00 0.0000e+00 0.0000e+00 -3.2897e+00 6.6774e-01 0.0000e+00 0.0000e+00 -6.6774e-01 -3.0462e+00 
120.0 7.1050e+00 -3.7693e+00 0.0000e+00 0.0000e+00 -3.7693e+00 6.4078e+00 0.0000e+00 0.0000e+00 0.0000e+00 0.0000e+00 -3.4318e+00 6.7082e-01 0.0000e+00 0.0000e+00 -6.7082e-01 -3.1860e+00 
121.0 7.0613e+00 -3.6496e+00 0.0000e+00 0.0000e+00 -3.6496e+00 6.3721e+00 0.0000e+00 0.0000e+00 0.0000e+00 0.0000e+00 -3.5693e+00 6.7309e-01 0.0000e+00 0.0000e+00 -6.7309e-01 -3.3213e+00 
122.0 7.0217e+00 -3.5310e+00 0.0000e+00 0.0000e+00 -3.5310e+00 6.3404e+00 0.0000e+00 0.0000e+00 0.0000e+00 0.0000e+00 -3.7025e+00 6.7452e-01 0.0000e+00 0.0000e+00 -6.7452e-01 -3.4525e+00 
123.0 6.9858e+00 -3.4135e+00 0.0000e+00 0.0000e+00 -3.4135e+00 6.3125e+00 0.0000e+00 0.0000e+00 0.0000e+00 0.0000e+00 -3.8315e+00 6.7511e-01 0.0000e+00 0.0000e+00 -6.7511e-01 -3.5795e+00 
124.0 6.9537e+00 -3.2973e+00 0.0000e+00 0.0000e+00 -3.2973e+00 6.2882e+00 0.0000e+00 0.0000e+00 0.0000e+00 0.0000e+00 -3.9565e+00 6.7484e-01 0.0000e+00 0.0000e+00 -6.7484e-01 -3.7025e+00 
125.0 6.9251e+00 -3.1824e+00 0.0000e+00 0.0000e+00 -3.1824e+00 6.2674e+00 0.0000e+00 0.0000e+00 0.0000e+00 0.0000e+00 -4.0776e+00 6.7373e-01 0.0000e+00 0.0000e+00 -6.7373e-01 -3.8217e+00 
126.0 6.8999e+00 -3.0687e+00 0.0000e+00 0.0000e+00 -3.0687e+00 6.2500e+00 0.0000e+00 0.0000e+00 0.0000e+00 0.0000e+00 -4.1950e+00 6.7177e-01 0.0000e+00 0.0000e+00 -6.7177e-01 -3.9373e+00 
127.0 6.8780e+00 -2.9565e+00 0.0000e+00 0.0000e+00 -2.9565e+00 6.2357e+00 0.0000e+00 0.0000e+00 0.0000e+00 0.0000e+00 -4.3088e+00 6.6896e-01 0.0000e+00 0.0000e+00 -6.6896e-01 -4.0493e+00 
128.0 6.8592e+00 -2.8456e+00 0.0000e+00 0.0000e+00 -2.8456e+00 6.2245e+00 0.0000e+00 0.0000e+00 0.0000e+00 0.0000e+00 -4.4192e+00 6.6530e-01 0.0000e+00 0.0000e+00 -6.6530e-01 -4.1579e+00 
129.0 6.8434e+00 -2.7361e+00 0.0000e+00 0.0000e+00 -2.7361e+00 6.2161e+00 0.0000e+00 0.0000e+00 0.0000e+00 0.0000e+00 -4.5262e+00 6.6078e-01 0.0000e+00 0.0000e+00 -6.6078e-01 -4.2632e+00 
130.0 6.8304e+00 -2.6281e+00 0.0000e+00 0.0000e+00 -2.6281e+00 6.2105e+00 0.0000e+00 0.0000e+00 0.0000e+00 0.0000e+00 -4.6301e+00 6.5541e-01 0.0000e+00 0.0000e+00 -6.5541e-01 -4.3654e+00 
131.0 6.8201e+00 -2.5216e+00 0.0000e+00 0.0000e+00 -2.5216e+00 6.2074e+00 0.0000e+00 0.0000e+00 0.0000e+00 0.0000e+00 -4.7310e+00 6.4919e-01 0.0000e+00 0.0000e+00 -6.4919e-01 -4.4645e+00 
132.0 6.8125e+00 -2.4167e+00 0.0000e+00 0.0000e+00 -2.4167e+00 6.2069e+00 0.0000e+00 0.0000e+00 0.0000e+00 0.0000e+00 -4.8290e+00 6.4214e-01 0.0000e+00 0.0000e+00 -6.4214e-01 -4.5606e+00 
133.0 6.8074e+00 -2.3133e+00 0.0000e+00 0.0000e+00 -2.3133e+00 6.2087e+00 0.0000e+00 0.0000e+00 0.0000e+00 0.0000e+00 -4.9242e+00 6.3430e-01 0.0000e+00 0.0000e+00 -6.3430e-01 -4.6540e+00 
134.0 6.8046e+00 -2.2116e+00 0.0000e+00 0.0000e+00 -2.2116e+00 6.2128e+00 0.0000e+00 0.0000e+00 0.0000e+00 0.0000e+00 -5.0166e+00 6.2569e-01 0.0000e+00 0.0000e+00 -6.2569e-01 -4.7445e+00 
135.0 6.8042e+00 -2.1115e+00 0.0000e+00 0.0000e+00 -2.1115e+00 6.2191e+00 0.0000e+00 0.0000e+00 0.0000e+00 0.0000e+00 -5.1064e+00 6.1634e-01 0.0000e+00 0.0000e+00 -6.1634e-01 -4.8324e+00 
136.0 6.8061e+00 -2.0131e+00 0.0000e+00 0.0000e+00 -2.0131e+00 6.2274e+00 0.0000e+00 0.0000e+00 0.0000e+00 0.0000e+00 -5.1938e+00 6.0626e-01 0.0000e+00 0.0000e+00 -6.0626e-01 -4.9177e+00 
137.0 6.8100e+00 -1.9164e+00 0.0000e+00 0.0000e+00 -1.9164e+00 6.2377e+00 0.0000e+00 0.0000e+00 0.0000e+00 0.0000e+00 -5.2787e+00 5.9548e-01 0.0000e+00 0.0000e+00 -5.9548e-01 -5.0005e+00 
138.0 6.8160e+00 -1.8216e+00 0.0000e+00 0.0000e+00 -1.8216e+00 6.2499e+00 0.0000e+00 0.0000e+00 0.0000e+00 0.0000e+00 -5.3612e+00 5.8401e-01 0.0000e+00 0.0000e+00 -5.8401e-01 -5.0809e+00 
139.0 6.8239e+00 -1.7285e+00 0.0000e+00 0.0000e+00 -1.7285e+00 6.2637e+00 0.0000e+00 0.0000e+00 0.0000e+00 0.0000e+00 -5.4415e+00 5.7187e-01 0.0000e+00 0.0000e+00 -5.7187e-01 -5.1588e+00 
140.0 6.8337e+00 -1.6374e+00 0.0000e+00 0.0000e+00 -1.6374e+00 6.2793e+00 0.0000e+00 0.0000e+00 0.0000e+00 0.0000e+00 -5.5196e+00 5.5911e-01 0.0000e+00 0.0000e+00 -5.5911e-01 -5.2345e+00 
141.0 6.8452e+00 -1.5481e+00 0.0000e+00 0.0000e+00 -1.5481e+00 6.2964e+00 0.0000e+00 0.0000e+00 0.0000e+00 0.0000e+00 -5.5955e+00 5.4576e-01 0.0000e+00 0.0000e+00 -5.4576e-01 -5.3079e+00 
142.0 6.8585e+00 -1.4609e+00 0.0000e+00 0.0000e+00 -1.4609e+00 6.3150e+00 0.0000e+00 0.0000e+00 0.0000e+00 0.0000e+00 -5.6694e+00 5.3185e-01 0.0000e+00 0.0000e+00 -5.3185e-01 -5.3791e+00 
143.0 6.8734e+00 -1.3756e+00 0.0000e+00 0.0000e+00 -1.3756e+00 6.3350e+00 0.0000e+00 0.0000e+00 0.0000e+00 0.0000e+00 -5.7412e+00 5.1741e-01 0.0000e+00 0.0000e+00 -5.1741e-01 -5.4480e+00 
144.0 6.8898e+00 -1.2924e+00 0.0000e+00 0.0000e+00 -1.2924e+00 6.3562e+00 0.0000e+00 0.0000e+00 0.0000e+00 0.0000e+00 -5.8110e+00 5.0247e-01 0.0000e+00 0.0000e+00 -5.0247e-01 -5.5149e+00 
145.0 6.9077e+00 -1.2113e+00 0.0000e+00 0.0000e+00 -1.2113e+00 6.3786e+00 0.0000e+00 0.0000e+00 0.0000e+00 0.0000e+00 -5.8790e+00 4.8702e-01 0.0000e+00 0.0000e+00 -4.8702e-01 -5.5795e+00 
146.0 6.9269e+00 -1.1324e+00 0.0000e+00 0.0000e+00 -1.1324e+00 6.4020e+00 0.0000e+00 0.0000e+00 0.0000e+00 0.0000e+00 -5.9451e+00 4.7107e-01 0.0000e+00 0.0000e+00 -4.7107e-01 -5.6421e+00 
147.0 6.9474e+00 -1.0557e+00 0.0000e+00 0.0000e+00 -1.0557e+00 6.4264e+00 0.0000e+00 0.0000e+00 0.0000e+00 0.0000e+00 -6.0094e+00 4.5463e-01 0.0000e+00 0.0000e+00 -4.5463e-01 -5.7026e+00 
148.0 6.9692e+00 -9.8131e-01 0.0000e+00 0.0000e+00 -9.8131e-01 6.4516e+00 0.0000e+00 0.0000e+00 0.0000e+00 0.0000e+00 -6.0720e+00 4.3773e-01 0.0000e+00 0.0000e+00 -4.3773e-01 -5.7610e+00 
149.0 6.9922e+00 -9.0917e-01 0.0000e+00 0.0000e+00 -9.0917e-01 6.4777e+00 0.0000e+00 0.0000e+00 0.0000e+00 0.0000e+00 -6.1328e+00 4.2045e-01 0.0000e+00 0.0000e+00 -4.2045e-01 -5.8174e+00 
150.0 7.0165e+00 -8.3935e-01 0.0000e+00 0.0000e+00 -8.3935e-01 6.5045e+00 0.0000e+00 0.0000e+00 0.0000e+00 0.0000e+00 -6.1920e+00 4.0286e-01 0.0000e+00 0.0000e+00 -4.0286e-01 -5.8717e+00 
151.0 7.0420e+00 -7.7190e-01 0.0000e+00 0.0000e+00 -7.7190e-01 6.5321e+00 0.0000e+00 0.0000e+00 0.0000e+00 0.0000e+00 -6.2495e+00 3.8504e-01 0.0000e+00 0.0000e+00 -3.8504e-01 -5.9239e+00 
152.0 7.0686e+00 -7.0686e-01 0.0000e+00 0.0000e+00 -7.0686e-01 6.5605e+00 0.0000e+00 0.0000e+00 0.0000e+00 0.0000e+00 -6.3053e+00 3.6699e-01 0.0000e+00 0.0000e+00 -3.6699e-01 -5.9740e+00 
153.0 7.0963e+00 -6.4430e-01 0.0000e+00 0.0000e+00 -6.4430e-01 6.5893e+00 0.0000e+00 0.0000e+00 0.0000e+00 0.0000e+00 -6.3595e+00 3.4868e-01 0.0000e+00 0.0000e+00 -3.4868e-01 -6.0221e+00 
154.0 7.1250e+00 -5.8427e-01 0.0000e+00 0.0000e+00 -5.8427e-01 6.6186e+00 0.0000e+00 0.0000e+00 0.0000e+00 0.0000e+00 -6.4121e+00 3.3007e-01 0.0000e+00 0.0000e+00 -3.3007e-01 -6.0682e+00 
155.0 7.1545e+00 -5.2681e-01 0.0000e+00 0.0000e+00 -5.2681e-01 6.6481e+00 0.0000e+00 0.0000e+00 0.0000e+00 0.0000e+00 -6.4631e+00 3.1114e-01 0.0000e+00 0.0000e+00 -3.1114e-01 -6.1122e+00 
156.0 7.1847e+00 -4.7202e-01 0.0000e+00 0.0000e+00 -4.7202e-01 6.6779e+00 0.0000e+00 0.0000e+00 0.0000e+00 0.0000e+00 -6.5126e+00 2.9185e-01 0.0000e+00 0.0000e+00 -2.9185e-01 -6.1542e+00 
157.0 7.2156e+00 -4.1996e-01 0.0000e+00 0.0000e+00 -4.1996e-01 6.7079e+00 0.0000e+00 0.0000e+00 0.0000e+00 0.0000e+00 -6.5606e+00 2.7219e-01 0.0000e+00 0.0000e+00 -2.7219e-01 -6.1943e+00 
158.0 7.2470e+00 -3.7077e-01 0.0000e+00 0.0000e+00 -3.7077e-01 6.7377e+00 0.0000e+00 0.0000e+00 0.0000e+00 0.0000e+00 -6.6070e+00 2.5210e-01 0.0000e+00 0.0000e+00 -2.5210e-01 -6.2323e+00 
159.0 7.2787e+00 -3.2461e-01 0.0000e+00 0.0000e+00 -3.2461e-01 6.7673e+00 0.0000e+00 0.0000e+00 0.0000e+00 0.0000e+00 -6.6518e+00 2.3147e-01 0.0000e+00 0.0000e+00 -2.3147e-01 -6.2682e+00 
160.0 7.3104e+00 -2.8160e-01 0.0000e+00 0.0000e+00 -2.8160e-01 6.7962e+00 0.0000e+00 0.0000e+00 0.0000e+00 0.0000e+00 -6.6951e+00 2.1020e-01 0.0000e+00 0.0000e+00 -2.1020e-01 -6.3020e+00 
161.0 7.3420e+00 -2.4184e-01 0.0000e+00 0.0000e+00 -2.4184e-01 6.8242e+00 0.0000e+00 0.0000e+00 0.0000e+00 0.0000e+00 -6.7370e+00 1.8820e-01 0.0000e+00 0.0000e+00 -1.8820e-01 -6.3337e+00 
162.0 7.3736e+00 -2.0538e-01 0.0000e+00 0.0000e+00 -2.0538e-01 6.8514e+00 0.0000e+00 0.0000e+00 0.0000e+00 0.0000e+00 -6.7773e+00 1.6549e-01 0.0000e+00 0.0000e+00 -1.6549e-01 -6.3631e+00 
163.0 7.4051e+00 -1.7224e-01 0.0000e+00 0.0000e+00 -1.7224e-01 6.8776e+00 0.0000e+00 0.0000e+00 0.0000e+00 0.0000e+00 -6.8163e+00 1.4217e-01 0.0000e+00 0.0000e+00 -1.4217e-01 -6.3902e+00 
164.0 7.4369e+00 -1.4241e-01 0.0000e+00 0.0000e+00 -1.4241e-01 6.9030e+00 0.0000e+00 0.0000e+00 0.0000e+00 0.0000e+00 -6.8540e+00 1.1844e-01 0.0000e+00 0.0000e+00 -1.1844e-01 -6.4150e+00 
165.0 7.4690e+00 -1.1590e-01 0.0000e+00 0.0000e+00 -1.1590e-01 6.9275e+00 0.0000e+00 0.0000e+00 0.0000e+00 0.0000e+00 -6.8907e+00 9.4503e-02 0.0000e+00 0.0000e+00 -9.4503e-02 -6.4375e+00 
166.0 7.5018e+00 -9.2724e-02 0.0000e+00 0.0000e+00 -9.2724e-02 6.9514e+00 0.0000e+00 0.0000e+00 0.0000e+00 0.0000e+00 -6.9265e+00 7.0587e-02 0.0000e+00 0.0000e+00 -7.0587e-02 -6.4577e+00 
167.0 7.5355e+00 -7.2878e-02 0.0000e+00 0.0000e+00 -7.2878e-02 6.9746e+00 0.0000e+00 0.0000e+00 0.0000e+00 0.0000e+00 -6.9617e+00 4.6893e-02 0.0000e+00 0.0000e+00 -4.6893e-02 -6.4757e+00 
168.0 7.5702e+00 -5.6383e-02 0.0000e+00 0.0000e+00 -5.6383e-02 6.9973e+00 0.0000e+00 0.0000e+00 0.0000e+00 0.0000e+00 -6.9968e+00 2.3630e-02 0.0000e+00 0.0000e+00 -2.3630e-02 -6.4917e+00 
169.0 7.6064e+00 -4.3226e-02 0.0000e+00 0.0000e+00 -4.3226e-02 7.0193e+00 0.0000e+00 0.0000e+00 0.0000e+00 0.0000e+00 -7.0324e+00 1.1213e-03 0.0000e+00 0.0000e+00 -1.1213e-03 -6.5056e+00 
170.0 7.6446e+00 -3.3308e-02 0.0000e+00 0.0000e+00 -3.3308e-02 7.0407e+00 0.0000e+00 0.0000e+00 0.0000e+00 0.0000e+00 -7.0691e+00 -2.0027e-02 0.0000e+00 0.0000e+00 2.0027e-02 -6.5176e+00 
171.0 7.6860e+00 -2.6360e-02 0.0000e+00 0.0000e+00 -2.6360e-02 7.0621e+00 0.0000e+00 0.0000e+00 0.0000e+00 0.0000e+00 -7.1077e+00 -3.8734e-02 0.0000e+00 0.0000e+00 3.8734e-02 -6.5276e+00 
172.0 7.7324e+00 -2.1833e-02 0.0000e+00 0.0000e+00 -2.1833e-02 7.0843e+00 0.0000e+00 0.0000e+00 0.0000e+00 0.0000e+00 -7.1488e+00 -5.3293e-02 0.0000e+00 0.0000e+00 5.3293e-02 -6.5355e+00 
173.0 7.7855e+00 -1.8862e-02 0.0000e+00 0.0000e+00 -1.8862e-02 7.1087e+00 0.0000e+00 0.0000e+00 0.0000e+00 0.0000e+00 -7.1928e+00 -6.1602e-02 0.0000e+00 0.0000e+00 6.1602e-02 -6.5414e+00 
174.0 7.8465e+00 -1.6388e-02 0.0000e+00 0.0000e+00 -1.6388e-02 7.1367e+00 0.0000e+00 0.0000e+00 0.0000e+00 0.0000e+00 -7.2390e+00 -6.1827e-02 0.0000e+00 0.0000e+00 6.1827e-02 -6.5450e+00 
175.0 7.9140e+00 -1.3449e-02 0.0000e+00 0.0000e+00 -1.3449e-02 7.1684e+00 0.0000e+00 0.0000e+00 0.0000e+00 0.0000e+00 -7.2855e+00 -5.3449e-02 0.0000e+00 0.0000e+00 5.3449e-02 -6.5467e+00 
176.0 7.9833e+00 -9.5669e-03 0.0000e+00 0.0000e+00 -9.5669e-03 7.2022e+00 0.0000e+00 0.0000e+00 0.0000e+00 0.0000e+00 -7.3291e+00 -3.8181e-02 0.0000e+00 0.0000e+00 3.8181e-02 -6.5467e+00 
177.0 8.0455e+00 -5.1292e-03 0.0000e+00 0.0000e+00 -5.1292e-03 7.2335e+00 0.0000e+00 0.0000e+00 0.0000e+00 0.0000e+00 -7.3653e+00 -2.0295e-02 0.0000e+00 0.0000e+00 2.0295e-02 -6.5457e+00 
178.0 8.0897e+00 -1.4236e-03 0.0000e+00 0.0000e+00 -1.4236e-03 7.2563e+00 0.0000e+00 0.0000e+00 0.0000e+00 0.0000e+00 -7.3896e+00 -5.7723e-03 0.0000e+00 0.0000e+00 5.7723e-03 -6.5444e+00 
179.0 8.1061e+00 -1.5206e-20 0.0000e+00 0.0000e+00 -1.5206e-20 7.2648e+00 0.0000e+00 0.0000e+00 0.0000e+00 0.0000e+00 -7.3984e+00 -6.8593e-20 0.0000e+00 0.0000e+00 6.8593e-20 -6.5439e+00 
180.0 8.1226e+00 0.0000e+00 0.0000e+00 0.0000e+00 0.0000e+00 7.2732e+00 0.0000e+00 0.0000e+00 0.0000e+00 0.0000e+00 -7.4070e+00 0.0000e+00 0.0000e+00 0.0000e+00 -0.0000e+00 -6.5435e+00 
