1.1820 1.3661 0.1841 0.164535
theta s11 s12 s13 s14 s21 s22 s23 s24 s31 s32 s33 s34 s41 s42 s43 s44
0.0 7.8490e+02 0.0000e+00 0.0000e+00 0.0000e+00 0.0000e+00 7.8455e+02 0.0000e+00 0.0000e+00 0.0000e+00 0.0000e+00 7.8455e+02 0.0000e+00 0.0000e+00 0.0000e+00 -0.0000e+00 7.8419e+02 
1.0 7.3065e+02 -1.2889e-02 0.0000e+00 0.0000e+00 -1.2889e-02 7.3030e+02 0.0000e+00 0.0000e+00 0.0000e+00 0.0000e+00 7.3030e+02 -3.4052e-01 0.0000e+00 0.0000e+00 3.4052e-01 7.2994e+02 
2.0 6.2051e+02 -2.0722e-02 0.0000e+00 0.0000e+00 -2.0722e-02 6.2016e+02 0.0000e+00 0.0000e+00 0.0000e+00 0.0000e+00 6.2016e+02 -1.2005e+00 0.0000e+00 0.0000e+00 1.2005e+00 6.1982e+02 
3.0 5.0415e+02 1.3980e-03 0.0000e+00 0.0000e+00 1.3980e-03 5.0382e+02 0.0000e+00 0.0000e+00 0.0000e+00 0.0000e+00 5.0381e+02 -2.2334e+00 0.0000e+00 0.0000e+00 2.2334e+00 5.0348e+02 
4.0 4.0034e+02 4.5977e-02 0.0000e+00 0.0000e+00 4.5977e-02 4.0002e+02 0.0000e+00 0.0000e+00 0.0000e+00 0.0000e+00 3.9998e+02 -3.1448e+00 0.0000e+00 0.0000e+00 3.1448e+00 3.9968e+02 
5.0 3.1484e+02 9.3590e-02 0.0000e+00 0.0000e+00 9.3590e-02 3.1453e+02 0.0000e+00 0.0000e+00 0.0000e+00 0.0000e+00 3.1447e+02 -3.7892e+00 0.0000e+00 0.0000e+00 3.7892e+00 3.1420e+02 
6.0 2.4745e+02 1.2689e-01 0.0000e+00 0.0000e+00 1.2689e-01 2.4716e+02 0.0000e+00 0.0000e+00 0.0000e+00 0.0000e+00 2.4707e+02 -4.1348e+00 0.0000e+00 0.0000e+00 4.1348e+00 2.4681e+02 
7.0 1.9567e+02 1.3648e-01 0.0000e+00 0.0000e+00 1.3648e-01 1.9540e+02 0.0000e+00 0.0000e+00 0.0000e+00 0.0000e+00 1.9528e+02 -4.2133e+00 0.0000e+00 0.0000e+00 4.2133e+00 1.9504e+02 
8.0 1.5647e+02 1.2186e-01 0.0000e+00 0.0000e+00 1.2186e-01 1.5621e+02 0.0000e+00 0.0000e+00 0.0000e+00 0.0000e+00 1.5605e+02 -4.0879e+00 0.0000e+00 0.0000e+00 4.0879e+00 1.5584e+02 
9.0 1.2696e+02 8.8652e-02 0.0000e+00 0.0000e+00 8.8652e-02 1.2671e+02 0.0000e+00 0.0000e+00 0.0000e+00 0.0000e+00 1.2653e+02 -3.8286e+00 0.0000e+00 0.0000e+00 3.8286e+00 1.2634e+02 
10.0 1.0474e+02 4.4949e-02 0.0000e+00 0.0000e+00 4.4949e-02 1.0450e+02 0.0000e+00 0.0000e+00 0.0000e+00 0.0000e+00 1.0430e+02 -3.4973e+00 0.0000e+00 0.0000e+00 3.4973e+00 1.0412e+02 
11.0 8.7895e+01 -1.5724e-03 0.0000e+00 0.0000e+00 -1.5724e-03 8.7661e+01 0.0000e+00 0.0000e+00 0.0000e+00 0.0000e+00 8.7441e+01 -3.1412e+00 0.0000e+00 0.0000e+00 3.1412e+00 8.7277e+01 
12.0 7.4970e+01 -4.5280e-02 0.0000e+00 0.0000e+00 -4.5280e-02 7.4742e+01 0.0000e+00 0.0000e+00 0.0000e+00 0.0000e+00 7.4509e+01 -2.7926e+00 0.0000e+00 0.0000e+00 2.7926e+00 7.4358e+01 
13.0 6.4905e+01 -8.3533e-02 0.0000e+00 0.0000e+00 -8.3533e-02 6.4681e+01 0.0000e+00 0.0000e+00 0.0000e+00 0.0000e+00 6.4440e+01 -2.4683e+00 0.0000e+00 0.0000e+00 2.4683e+00 6.4301e+01 
14.0 5.6945e+01 -1.1325e-01 0.0000e+00 0.0000e+00 -1.1325e-01 5.6724e+01 0.0000e+00 0.0000e+00 0.0000e+00 0.0000e+00 5.6477e+01 -2.1827e+00 0.0000e+00 0.0000e+00 2.1827e+00 5.6349e+01 
15.0 5.0536e+01 -1.3621e-01 0.0000e+00 0.0000e+00 -1.3621e-01 5.0318e+01 0.0000e+00 0.0000e+00 0.0000e+00 0.0000e+00 5.0068e+01 -1.9318e+00 0.0000e+00 0.0000e+00 1.9318e+00 4.9951e+01 
16.0 4.5278e+01 -1.5246e-01 0.0000e+00 0.0000e+00 -1.5246e-01 4.5062e+01 0.0000e+00 0.0000e+00 0.0000e+00 0.0000e+00 4.4811e+01 -1.7153e+00 0.0000e+00 0.0000e+00 1.7153e+00 4.4703e+01 
17.0 4.0880e+01 -1.6308e-01 0.0000e+00 0.0000e+00 -1.6308e-01 4.0666e+01 0.0000e+00 0.0000e+00 0.0000e+00 0.0000e+00 4.0414e+01 -1.5290e+00 0.0000e+00 0.0000e+00 1.5290e+00 4.0315e+01 
18.0 3.7136e+01 -1.6930e-01 0.0000e+00 0.0000e+00 -1.6930e-01 3.6924e+01 0.0000e+00 0.0000e+00 0.0000e+00 0.0000e+00 3.6672e+01 -1.3683e+00 0.0000e+00 0.0000e+00 1.3683e+00 3.6582e+01 
19.0 3.3905e+01 -1.7250e-01 0.0000e+00 0.0000e+00 -1.7250e-01 3.3694e+01 0.0000e+00 0.0000e+00 0.0000e+00 0.0000e+00 3.3529e+01 -1.2285e+00 0.0000e+00 0.0000e+00 1.2285e+00 3.3450e+01 
20.0 3.1089e+01 -1.7409e-01 0.0000e+00 0.0000e+00 -1.7409e-01 3.0879e+01 0.0000e+00 0.0000e+00 0.0000e+00 0.0000e+00 3.0788e+01 -1.1056e+00 0.0000e+00 0.0000e+00 1.1056e+00 3.0718e+01 
21.0 2.8615e+01 -1.7534e-01 0.0000e+00 0.0000e+00 -1.7534e-01 2.8406e+01 0.0000e+00 0.0000e+00 0.0000e+00 0.0000e+00 2.8379e+01 -9.9658e-01 0.0000e+00 0.0000e+00 9.9658e-01 2.8317e+01 
22.0 2.6428e+01 -1.7716e-01 0.0000e+00 0.0000e+00 -1.7716e-01 2.6220e+01 0.0000e+00 0.0000e+00 0.0000e+00 0.0000e+00 2.6247e+01 -8.9923e-01 0.0000e+00 0.0000e+00 8.9923e-01 2.6193e+01 
23.0 2.4481e+01 -1.8004e-01 0.0000e+00 0.0000e+00 -1.8004e-01 2.4274e+01 0.0000e+00 0.0000e+00 0.0000e+00 0.0000e+00 2.4348e+01 -8.1199e-01 0.0000e+00 0.0000e+00 8.1199e-01 2.4300e+01 
24.0 2.2736e+01 -1.8397e-01 0.0000e+00 0.0000e+00 -1.8397e-01 2.2529e+01 0.0000e+00 0.0000e+00 0.0000e+00 0.0000e+00 2.2645e+01 -7.3367e-01 0.0000e+00 0.0000e+00 7.3367e-01 2.2602e+01 
25.0 2.1160e+01 -1.8860e-01 0.0000e+00 0.0000e+00 -1.8860e-01 2.0954e+01 0.0000e+00 0.0000e+00 0.0000e+00 0.0000e+00 2.1105e+01 -6.6331e-01 0.0000e+00 0.0000e+00 6.6331e-01 2.1068e+01 
26.0 1.9729e+01 -1.9350e-01 0.0000e+00 0.0000e+00 -1.9350e-01 1.9523e+01 0.0000e+00 0.0000e+00 0.0000e+00 0.0000e+00 1.9706e+01 -5.9994e-01 0.0000e+00 0.0000e+00 5.9994e-01 1.9673e+01 
27.0 1.8422e+01 -1.9840e-01 0.0000e+00 0.0000e+00 -1.9840e-01 1.8216e+01 0.0000e+00 0.0000e+00 0.0000e+00 0.0000e+00 1.8427e+01 -5.4253e-01 0.0000e+00 0.0000e+00 5.4253e-01 1.8398e+01 
28.0 1.7226e+01 -2.0330e-01 0.0000e+00 0.0000e+00 -2.0330e-01 1.7020e+01 0.0000e+00 0.0000e+00 0.0000e+00 0.0000e+00 1.7255e+01 -4.9001e-01 0.0000e+00 0.0000e+00 4.9001e-01 1.7229e+01 
29.0 1.6127e+01 -2.0843e-01 0.0000e+00 0.0000e+00 -2.0843e-01 1.5921e+01 0.0000e+00 0.0000e+00 0.0000e+00 0.0000e+00 1.6177e+01 -4.4149e-01 0.0000e+00 0.0000e+00 4.4149e-01 1.6155e+01 
30.0 1.5117e+01 -2.1403e-01 0.0000e+00 0.0000e+00 -2.1403e-01 1.4911e+01 0.0000e+00 0.0000e+00 0.0000e+00 0.0000e+00 1.5186e+01 -3.9637e-01 0.0000e+00 0.0000e+00 3.9637e-01 1.5167e+01 
31.0 1.4188e+01 -2.2021e-01 0.0000e+00 0.0000e+00 -2.2021e-01 1.3982e+01 0.0000e+00 0.0000e+00 0.0000e+00 0.0000e+00 1.4214e+01 -3.5439e-01 0.0000e+00 0.0000e+00 3.5439e-01 1.4199e+01 
32.0 1.3332e+01 -2.2686e-01 0.0000e+00 0.0000e+00 -2.2686e-01 1.3126e+01 0.0000e+00 0.0000e+00 0.0000e+00 0.0000e+00 1.3317e+01 -3.1556e-01 0.0000e+00 0.0000e+00 3.1556e-01 1.3307e+01 
33.0 1.2541e+01 -2.3371e-01 0.0000e+00 0.0000e+00 -2.3371e-01 1.2335e+01 0.0000e+00 0.0000e+00 0.0000e+00 0.0000e+00 1.2489e+01 -2.7993e-01 0.0000e+00 0.0000e+00 2.7993e-01 1.2483e+01 
34.0 1.1808e+01 -2.4047e-01 0.0000e+00 0.0000e+00 -2.4047e-01 1.1601e+01 0.0000e+00 0.0000e+00 0.0000e+00 0.0000e+00 1.1721e+01 -2.4742e-01 0.0000e+00 0.0000e+00 2.4742e-01 1.1719e+01 
35.0 1.1126e+01 -2.4690e-01 0.0000e+00 0.0000e+00 -2.4690e-01 1.0918e+01 0.0000e+00 0.0000e+00 0.0000e+00 0.0000e+00 1.1008e+01 -2.1772e-01 0.0000e+00 0.0000e+00 2.1772e-01 1.1010e+01 
36.0 1.0489e+01 -2.5291e-01 0.0000e+00 0.0000e+00 -2.5291e-01 1.0282e+01 0.0000e+00 0.0000e+00 0.0000e+00 0.0000e+00 1.0344e+01 -1.9039e-01 0.0000e+00 0.0000e+00 1.9039e-01 1.0349e+01 
37.0 9.8952e+00 -2.5859e-01 0.0000e+00 0.0000e+00 -2.5859e-01 9.6874e+00 0.0000e+00 0.0000e+00 0.0000e+00 0.0000e+00 9.7237e+00 -1.6488e-01 0.0000e+00 0.0000e+00 1.6488e-01 9.7327e+00 
38.0 9.3402e+00 -2.6410e-01 0.0000e+00 0.0000e+00 -2.6410e-01 9.1320e+00 0.0000e+00 0.0000e+00 0.0000e+00 0.0000e+00 9.1451e+00 -1.4077e-01 0.0000e+00 0.0000e+00 1.4077e-01 9.1576e+00 
39.0 8.8222e+00 -2.6965e-01 0.0000e+00 0.0000e+00 -2.6965e-01 8.6137e+00 0.0000e+00 0.0000e+00 0.0000e+00 0.0000e+00 8.6052e+00 -1.1776e-01 0.0000e+00 0.0000e+00 1.1776e-01 8.6209e+00 
40.0 8.3392e+00 -2.7541e-01 0.0000e+00 0.0000e+00 -2.7541e-01 8.1305e+00 0.0000e+00 0.0000e+00 0.0000e+00 0.0000e+00 8.1015e+00 -9.5759e-02 0.0000e+00 0.0000e+00 9.5759e-02 8.1205e+00 
41.0 7.8892e+00 -2.8144e-01 0.0000e+00 0.0000e+00 -2.8144e-01 7.6802e+00 0.0000e+00 0.0000e+00 0.0000e+00 0.0000e+00 7.6317e+00 -7.4800e-02 0.0000e+00 0.0000e+00 7.4800e-02 7.6539e+00 
42.0 7.4699e+00 -2.8768e-01 0.0000e+00 0.0000e+00 -2.8768e-01 7.2605e+00 0.0000e+00 0.0000e+00 0.0000e+00 0.0000e+00 7.1935e+00 -5.4940e-02 0.0000e+00 0.0000e+00 5.4940e-02 7.2186e+00 
43.0 7.0787e+00 -2.9405e-01 0.0000e+00 0.0000e+00 -2.9405e-01 6.8691e+00 0.0000e+00 0.0000e+00 0.0000e+00 0.0000e+00 6.7841e+00 -3.6190e-02 0.0000e+00 0.0000e+00 3.6190e-02 6.8123e+00 
44.0 6.7134e+00 -3.0045e-01 0.0000e+00 0.0000e+00 -3.0045e-01 6.5035e+00 0.0000e+00 0.0000e+00 0.0000e+00 0.0000e+00 6.4014e+00 -1.8487e-02 0.0000e+00 0.0000e+00 1.8487e-02 6.4323e+00 
45.0 6.3718e+00 -3.0680e-01 0.0000e+00 0.0000e+00 -3.0680e-01 6.1617e+00 0.0000e+00 0.0000e+00 0.0000e+00 0.0000e+00 6.0429e+00 -1.7148e-03 0.0000e+00 0.0000e+00 1.7148e-03 6.0766e+00 
46.0 6.0520e+00 -3.1307e-01 0.0000e+00 0.0000e+00 -3.1307e-01 5.8417e+00 0.0000e+00 0.0000e+00 0.0000e+00 0.0000e+00 5.7070e+00 1.4256e-02 0.0000e+00 0.0000e+00 -1.4256e-02 5.7434e+00 
47.0 5.7525e+00 -3.1925e-01 0.0000e+00 0.0000e+00 -3.1925e-01 5.5419e+00 0.0000e+00 0.0000e+00 0.0000e+00 0.0000e+00 5.3920e+00 2.9531e-02 0.0000e+00 0.0000e+00 -2.9531e-02 5.4310e+00 
48.0 5.4718e+00 -3.2534e-01 0.0000e+00 0.0000e+00 -3.2534e-01 5.2610e+00 0.0000e+00 0.0000e+00 0.0000e+00 0.0000e+00 5.0964e+00 4.4174e-02 0.0000e+00 0.0000e+00 -4.4174e-02 5.1380e+00 
49.0 5.2088e+00 -3.3135e-01 0.0000e+00 0.0000e+00 -3.3135e-01 4.9977e+00 0.0000e+00 0.0000e+00 0.0000e+00 0.0000e+00 4.8191e+00 5.8206e-02 0.0000e+00 0.0000e+00 -5.8206e-02 4.8631e+00 
50.0 4.9621e+00 -3.3724e-01 0.0000e+00 0.0000e+00 -3.3724e-01 4.7508e+00 0.0000e+00 0.0000e+00 0.0000e+00 0.0000e+00 4.5587e+00 7.1630e-02 0.0000e+00 0.0000e+00 -7.1630e-02 4.6052e+00 
51.0 4.7306e+00 -3.4298e-01 0.0000e+00 0.0000e+00 -3.4298e-01 4.5191e+00 0.0000e+00 0.0000e+00 0.0000e+00 0.0000e+00 4.3141e+00 8.4457e-02 0.0000e+00 0.0000e+00 -8.4457e-02 4.3631e+00 
52.0 4.5134e+00 -3.4854e-01 0.0000e+00 0.0000e+00 -3.4854e-01 4.3015e+00 0.0000e+00 0.0000e+00 0.0000e+00 0.0000e+00 4.0842e+00 9.6722e-02 0.0000e+00 0.0000e+00 -9.6722e-02 4.1355e+00 
53.0 4.3094e+00 -3.5390e-01 0.0000e+00 0.0000e+00 -3.5390e-01 4.0972e+00 0.0000e+00 0.0000e+00 0.0000e+00 0.0000e+00 3.8679e+00 1.0848e-01 0.0000e+00 0.0000e+00 -1.0848e-01 3.9216e+00 
54.0 4.1178e+00 -3.5906e-01 0.0000e+00 0.0000e+00 -3.5906e-01 3.9053e+00 0.0000e+00 0.0000e+00 0.0000e+00 0.0000e+00 3.6643e+00 1.1980e-01 0.0000e+00 0.0000e+00 -1.1980e-01 3.7203e+00 
55.0 3.9377e+00 -3.6402e-01 0.0000e+00 0.0000e+00 -3.6402e-01 3.7249e+00 0.0000e+00 0.0000e+00 0.0000e+00 0.0000e+00 3.4726e+00 1.3072e-01 0.0000e+00 0.0000e+00 -1.3072e-01 3.5308e+00 
56.0 3.7685e+00 -3.6878e-01 0.0000e+00 0.0000e+00 -3.6878e-01 3.5553e+00 0.0000e+00 0.0000e+00 0.0000e+00 0.0000e+00 3.2919e+00 1.4127e-01 0.0000e+00 0.0000e+00 -1.4127e-01 3.3524e+00 
57.0 3.6096e+00 -3.7334e-01 0.0000e+00 0.0000e+00 -3.7334e-01 3.3959e+00 0.0000e+00 0.0000e+00 0.0000e+00 0.0000e+00 3.1215e+00 1.5147e-01 0.0000e+00 0.0000e+00 -1.5147e-01 3.1844e+00 
58.0 3.4601e+00 -3.7768e-01 0.0000e+00 0.0000e+00 -3.7768e-01 3.2460e+00 0.0000e+00 0.0000e+00 0.0000e+00 0.0000e+00 2.9608e+00 1.6134e-01 0.0000e+00 0.0000e+00 -1.6134e-01 3.0260e+00 
59.0 3.3196e+00 -3.8182e-01 0.0000e+00 0.0000e+00 -3.8182e-01 3.1050e+00 0.0000e+00 0.0000e+00 0.0000e+00 0.0000e+00 2.8092e+00 1.7089e-01 0.0000e+00 0.0000e+00 -1.7089e-01 2.8766e+00 
60.0 3.1875e+00 -3.8574e-01 0.0000e+00 0.0000e+00 -3.8574e-01 2.9724e+00 0.0000e+00 0.0000e+00 0.0000e+00 0.0000e+00 2.6661e+00 1.8015e-01 0.0000e+00 0.0000e+00 -1.8015e-01 2.7358e+00 
61.0 3.0633e+00 -3.8948e-01 0.0000e+00 0.0000e+00 -3.8948e-01 2.8477e+00 0.0000e+00 0.0000e+00 0.0000e+00 0.0000e+00 2.5309e+00 1.8913e-01 0.0000e+00 0.0000e+00 -1.8913e-01 2.6029e+00 
62.0 2.9464e+00 -3.9303e-01 0.0000e+00 0.0000e+00 -3.9303e-01 2.7303e+00 0.0000e+00 0.0000e+00 0.0000e+00 0.0000e+00 2.4032e+00 1.9782e-01 0.0000e+00 0.0000e+00 -1.9782e-01 2.4775e+00 
63.0 2.8366e+00 -3.9641e-01 0.0000e+00 0.0000e+00 -3.9641e-01 2.6198e+00 0.0000e+00 0.0000e+00 0.0000e+00 0.0000e+00 2.2825e+00 2.0620e-01 0.0000e+00 0.0000e+00 -2.0620e-01 2.3592e+00 
64.0 2.7331e+00 -3.9961e-01 0.0000e+00 0.0000e+00 -3.9961e-01 2.5157e+00 0.0000e+00 0.0000e+00 0.0000e+00 0.0000e+00 2.1684e+00 2.1424e-01 0.0000e+00 0.0000e+00 -2.1424e-01 2.2475e+00 
65.0 2.6358e+00 -4.0263e-01 0.0000e+00 0.0000e+00 -4.0263e-01 2.4177e+00 0.0000e+00 0.0000e+00 0.0000e+00 0.0000e+00 2.0605e+00 2.2192e-01 0.0000e+00 0.0000e+00 -2.2192e-01 2.1419e+00 
66.0 2.5441e+00 -4.0544e-01 0.0000e+00 0.0000e+00 -4.0544e-01 2.3253e+00 0.0000e+00 0.0000e+00 0.0000e+00 0.0000e+00 1.9582e+00 2.2922e-01 0.0000e+00 0.0000e+00 -2.2922e-01 2.0422e+00 
67.0 2.4576e+00 -4.0804e-01 0.0000e+00 0.0000e+00 -4.0804e-01 2.2380e+00 0.0000e+00 0.0000e+00 0.0000e+00 0.0000e+00 1.8613e+00 2.3612e-01 0.0000e+00 0.0000e+00 -2.3612e-01 1.9477e+00 
68.0 2.3759e+00 -4.1041e-01 0.0000e+00 0.0000e+00 -4.1041e-01 2.1556e+00 0.0000e+00 0.0000e+00 0.0000e+00 0.0000e+00 1.7694e+00 2.4261e-01 0.0000e+00 0.0000e+00 -2.4261e-01 1.8583e+00 
69.0 2.2988e+00 -4.1256e-01 0.0000e+00 0.0000e+00 -4.1256e-01 2.0777e+00 0.0000e+00 0.0000e+00 0.0000e+00 0.0000e+00 1.6821e+00 2.4868e-01 0.0000e+00 0.0000e+00 -2.4868e-01 1.7736e+00 
70.0 2.2259e+00 -4.1446e-01 0.0000e+00 0.0000e+00 -4.1446e-01 2.0040e+00 0.0000e+00 0.0000e+00 0.0000e+00 0.0000e+00 1.5991e+00 2.5432e-01 0.0000e+00 0.0000e+00 -2.5432e-01 1.6932e+00 
71.0 2.1569e+00 -4.1614e-01 0.0000e+00 0.0000e+00 -4.1614e-01 1.9342e+00 0.0000e+00 0.0000e+00 0.0000e+00 0.0000e+00 1.5202e+00 2.5955e-01 0.0000e+00 0.0000e+00 -2.5955e-01 1.6169e+00 
72.0 2.0916e+00 -4.1757e-01 0.0000e+00 0.0000e+00 -4.1757e-01 1.8680e+00 0.0000e+00 0.0000e+00 0.0000e+00 0.0000e+00 1.4451e+00 2.6433e-01 0.0000e+00 0.0000e+00 -2.6433e-01 1.5444e+00 
73.0 2.0298e+00 -4.1877e-01 0.0000e+00 0.0000e+00 -4.1877e-01 1.8053e+00 0.0000e+00 0.0000e+00 0.0000e+00 0.0000e+00 1.3735e+00 2.6868e-01 0.0000e+00 0.0000e+00 -2.6868e-01 1.4755e+00 
74.0 1.9711e+00 -4.1972e-01 0.0000e+00 0.0000e+00 -4.1972e-01 1.7457e+00 0.0000e+00 0.0000e+00 0.0000e+00 0.0000e+00 1.3052e+00 2.7257e-01 0.0000e+00 0.0000e+00 -2.7257e-01 1.4099e+00 
75.0 1.9154e+00 -4.2041e-01 0.0000e+00 0.0000e+00 -4.2041e-01 1.6892e+00 0.0000e+00 0.0000e+00 0.0000e+00 0.0000e+00 1.2401e+00 2.7600e-01 0.0000e+00 0.0000e+00 -2.7600e-01 1.3474e+00 
76.0 1.8625e+00 -4.2085e-01 0.0000e+00 0.0000e+00 -4.2085e-01 1.6354e+00 0.0000e+00 0.0000e+00 0.0000e+00 0.0000e+00 1.1779e+00 2.7898e-01 0.0000e+00 0.0000e+00 -2.7898e-01 1.2879e+00 
77.0 1.8122e+00 -4.2101e-01 0.0000e+00 0.0000e+00 -4.2101e-01 1.5842e+00 0.0000e+00 0.0000e+00 0.0000e+00 0.0000e+00 1.1184e+00 2.8151e-01 0.0000e+00 0.0000e+00 -2.8151e-01 1.2310e+00 
78.0 1.7643e+00 -4.2090e-01 0.0000e+00 0.0000e+00 -4.2090e-01 1.5355e+00 0.0000e+00 0.0000e+00 0.0000e+00 0.0000e+00 1.0614e+00 2.8362e-01 0.0000e+00 0.0000e+00 -2.8362e-01 1.1767e+00 
79.0 1.7186e+00 -4.2051e-01 0.0000e+00 0.0000e+00 -4.2051e-01 1.4890e+00 0.0000e+00 0.0000e+00 0.0000e+00 0.0000e+00 1.0069e+00 2.8530e-01 0.0000e+00 0.0000e+00 -2.8530e-01 1.1248e+00 
80.0 1.6751e+00 -4.1985e-01 0.0000e+00 0.0000e+00 -4.1985e-01 1.4448e+00 0.0000e+00 0.0000e+00 0.0000e+00 0.0000e+00 9.5457e-01 2.8659e-01 0.0000e+00 0.0000e+00 -2.8659e-01 1.0751e+00 
81.0 1.6336e+00 -4.1891e-01 0.0000e+00 0.0000e+00 -4.1891e-01 1.4025e+00 0.0000e+00 0.0000e+00 0.0000e+00 0.0000e+00 9.0439e-01 2.8749e-01 0.0000e+00 0.0000e+00 -2.8749e-01 1.0275e+00 
82.0 1.5940e+00 -4.1771e-01 0.0000e+00 0.0000e+00 -4.1771e-01 1.3622e+00 0.0000e+00 0.0000e+00 0.0000e+00 0.0000e+00 8.5623e-01 2.8803e-01 0.0000e+00 0.0000e+00 -2.8803e-01 9.8182e-01 
83.0 1.5561e+00 -4.1623e-01 0.0000e+00 0.0000e+00 -4.1623e-01 1.3237e+00 0.0000e+00 0.0000e+00 0.0000e+00 0.0000e+00 8.0995e-01 2.8823e-01 0.0000e+00 0.0000e+00 -2.8823e-01 9.3801e-01 
84.0 1.5199e+00 -4.1449e-01 0.0000e+00 0.0000e+00 -4.1449e-01 1.2869e+00 0.0000e+00 0.0000e+00 0.0000e+00 0.0000e+00 7.6545e-01 2.8809e-01 0.0000e+00 0.0000e+00 -2.8809e-01 8.9594e-01 
85.0 1.4853e+00 -4.1250e-01 0.0000e+00 0.0000e+00 -4.1250e-01 1.2517e+00 0.0000e+00 0.0000e+00 0.0000e+00 0.0000e+00 7.2263e-01 2.8764e-01 0.0000e+00 0.0000e+00 -2.8764e-01 8.5550e-01 
86.0 1.4522e+00 -4.1025e-01 0.0000e+00 0.0000e+00 -4.1025e-01 1.2181e+00 0.0000e+00 0.0000e+00 0.0000e+00 0.0000e+00 6.8140e-01 2.8689e-01 0.0000e+00 0.0000e+00 -2.8689e-01 8.1660e-01 
87.0 1.4206e+00 -4.0775e-01 0.0000e+00 0.0000e+00 -4.0775e-01 1.1859e+00 0.0000e+00 0.0000e+00 0.0000e+00 0.0000e+00 6.4168e-01 2.8589e-01 0.0000e+00 0.0000e+00 -2.8589e-01 7.7914e-01 
88.0 1.3903e+00 -4.0500e-01 0.0000e+00 0.0000e+00 -4.0500e-01 1.1551e+00 0.0000e+00 0.0000e+00 0.0000e+00 0.0000e+00 6.0337e-01 2.8463e-01 0.0000e+00 0.0000e+00 -2.8463e-01 7.4306e-01 
89.0 1.3612e+00 -4.0203e-01 0.0000e+00 0.0000e+00 -4.0203e-01 1.1257e+00 0.0000e+00 0.0000e+00 0.0000e+00 0.0000e+00 5.6641e-01 2.8316e-01 0.0000e+00 0.0000e+00 -2.8316e-01 7.0827e-01 
90.0 1.3335e+00 -3.9883e-01 0.0000e+00 0.0000e+00 -3.9883e-01 1.0975e+00 0.0000e+00 0.0000e+00 0.0000e+00 0.0000e+00 5.3073e-01 2.8148e-01 0.0000e+00 0.0000e+00 -2.8148e-01 6.7472e-01 
91.0 1.3069e+00 -3.9542e-01 0.0000e+00 0.0000e+00 -3.9542e-01 1.0705e+00 0.0000e+00 0.0000e+00 0.0000e+00 0.0000e+00 4.9628e-01 2.7962e-01 0.0000e+00 0.0000e+00 -2.7962e-01 6.4234e-01 
92.0 1.2814e+00 -3.9180e-01 0.0000e+00 0.0000e+00 -3.9180e-01 1.0446e+00 0.0000e+00 0.0000e+00 0.0000e+00 0.0000e+00 4.6298e-01 2.7758e-01 0.0000e+00 0.0000e+00 -2.7758e-01 6.1108e-01 
93.0 1.2570e+00 -3.8798e-01 0.0000e+00 0.0000e+00 -3.8798e-01 1.0199e+00 0.0000e+00 0.0000e+00 0.0000e+00 0.0000e+00 4.3078e-01 2.7539e-01 0.0000e+00 0.0000e+00 -2.7539e-01 5.8087e-01 
94.0 1.2337e+00 -3.8397e-01 0.0000e+00 0.0000e+00 -3.8397e-01 9.9618e-01 0.0000e+00 0.0000e+00 0.0000e+00 0.0000e+00 3.9963e-01 2.7304e-01 0.0000e+00 0.0000e+00 -2.7304e-01 5.5166e-01 
95.0 1.2113e+00 -3.7977e-01 0.0000e+00 0.0000e+00 -3.7977e-01 9.7347e-01 0.0000e+00 0.0000e+00 0.0000e+00 0.0000e+00 3.6948e-01 2.7056e-01 0.0000e+00 0.0000e+00 -2.7056e-01 5.2339e-01 
96.0 1.1898e+00 -3.7539e-01 0.0000e+00 0.0000e+00 -3.7539e-01 9.5172e-01 0.0000e+00 0.0000e+00 0.0000e+00 0.0000e+00 3.4029e-01 2.6794e-01 0.0000e+00 0.0000e+00 -2.6794e-01 4.9603e-01 
97.0 1.1692e+00 -3.7082e-01 0.0000e+00 0.0000e+00 -3.7082e-01 9.3089e-01 0.0000e+00 0.0000e+00 0.0000e+00 0.0000e+00 3.1201e-01 2.6521e-01 0.0000e+00 0.0000e+00 -2.6521e-01 4.6951e-01 
98.0 1.1495e+00 -3.6608e-01 0.0000e+00 0.0000e+00 -3.6608e-01 9.1093e-01 0.0000e+00 0.0000e+00 0.0000e+00 0.0000e+00 2.8461e-01 2.6238e-01 0.0000e+00 0.0000e+00 -2.6238e-01 4.4380e-01 
99.0 1.1306e+00 -3.6117e-01 0.0000e+00 0.0000e+00 -3.6117e-01 8.9183e-01 0.0000e+00 0.0000e+00 0.0000e+00 0.0000e+00 2.5806e-01 2.5945e-01 0.0000e+00 0.0000e+00 -2.5945e-01 4.1886e-01 
100.0 1.1124e+00 -3.5608e-01 0.0000e+00 0.0000e+00 -3.5608e-01 8.7356e-01 0.0000e+00 0.0000e+00 0.0000e+00 0.0000e+00 2.3231e-01 2.5646e-01 0.0000e+00 0.0000e+00 -2.5646e-01 3.9465e-01 
101.0 1.0950e+00 -3.5084e-01 0.0000e+00 0.0000e+00 -3.5084e-01 8.5609e-01 0.0000e+00 0.0000e+00 0.0000e+00 0.0000e+00 2.0734e-01 2.5341e-01 0.0000e+00 0.0000e+00 -2.5341e-01 3.7113e-01 
102.0 1.0784e+00 -3.4543e-01 0.0000e+00 0.0000e+00 -3.4543e-01 8.3939e-01 0.0000e+00 0.0000e+00 0.0000e+00 0.0000e+00 1.8311e-01 2.5032e-01 0.0000e+00 0.0000e+00 -2.5032e-01 3.4827e-01 
103.0 1.0624e+00 -3.3987e-01 0.0000e+00 0.0000e+00 -3.3987e-01 8.2345e-01 0.0000e+00 0.0000e+00 0.0000e+00 0.0000e+00 1.5961e-01 2.4721e-01 0.0000e+00 0.0000e+00 -2.4721e-01 3.2605e-01 
104.0 1.0471e+00 -3.3416e-01 0.0000e+00 0.0000e+00 -3.3416e-01 8.0825e-01 0.0000e+00 0.0000e+00 0.0000e+00 0.0000e+00 1.3680e-01 2.4408e-01 0.0000e+00 0.0000e+00 -2.4408e-01 3.0444e-01 
105.0 1.0325e+00 -3.2831e-01 0.0000e+00 0.0000e+00 -3.2831e-01 7.9376e-01 0.0000e+00 0.0000e+00 0.0000e+00 0.0000e+00 1.1468e-01 2.4094e-01 0.0000e+00 0.0000e+00 -2.4094e-01 2.8344e-01 
106.0 1.0185e+00 -3.2231e-01 0.0000e+00 0.0000e+00 -3.2231e-01 7.7996e-01 0.0000e+00 0.0000e+00 0.0000e+00 0.0000e+00 9.3225e-02 2.3782e-01 0.0000e+00 0.0000e+00 -2.3782e-01 2.6301e-01 
107.0 1.0052e+00 -3.1618e-01 0.0000e+00 0.0000e+00 -3.1618e-01 7.6684e-01 0.0000e+00 0.0000e+00 0.0000e+00 0.0000e+00 7.2409e-02 2.3471e-01 0.0000e+00 0.0000e+00 -2.3471e-01 2.4314e-01 
108.0 9.9242e-01 -3.0992e-01 0.0000e+00 0.0000e+00 -3.0992e-01 7.5436e-01 0.0000e+00 0.0000e+00 0.0000e+00 0.0000e+00 5.2216e-02 2.3163e-01 0.0000e+00 0.0000e+00 -2.3163e-01 2.2382e-01 
109.0 9.8026e-01 -3.0354e-01 0.0000e+00 0.0000e+00 -3.0354e-01 7.4251e-01 0.0000e+00 0.0000e+00 0.0000e+00 0.0000e+00 3.2624e-02 2.2859e-01 0.0000e+00 0.0000e+00 -2.2859e-01 2.0503e-01 
110.0 9.6867e-01 -2.9706e-01 0.0000e+00 0.0000e+00 -2.9706e-01 7.3126e-01 0.0000e+00 0.0000e+00 0.0000e+00 0.0000e+00 1.3611e-02 2.2558e-01 0.0000e+00 0.0000e+00 -2.2558e-01 1.8677e-01 
111.0 9.5764e-01 -2.9049e-01 0.0000e+00 0.0000e+00 -2.9049e-01 7.2058e-01 0.0000e+00 0.0000e+00 0.0000e+00 0.0000e+00 -4.8427e-03 2.2262e-01 0.0000e+00 0.0000e+00 -2.2262e-01 1.6900e-01 
112.0 9.4713e-01 -2.8383e-01 0.0000e+00 0.0000e+00 -2.8383e-01 7.1044e-01 0.0000e+00 0.0000e+00 0.0000e+00 0.0000e+00 -2.2760e-02 2.1969e-01 0.0000e+00 0.0000e+00 -2.1969e-01 1.5173e-01 
113.0 9.3712e-01 -2.7710e-01 0.0000e+00 0.0000e+00 -2.7710e-01 7.0082e-01 0.0000e+00 0.0000e+00 0.0000e+00 0.0000e+00 -4.0161e-02 2.1680e-01 0.0000e+00 0.0000e+00 -2.1680e-01 1.3493e-01 
114.0 9.2762e-01 -2.7032e-01 0.0000e+00 0.0000e+00 -2.7032e-01 6.9170e-01 0.0000e+00 0.0000e+00 0.0000e+00 0.0000e+00 -5.7063e-02 2.1395e-01 0.0000e+00 0.0000e+00 -2.1395e-01 1.1859e-01 
115.0 9.1859e-01 -2.6348e-01 0.0000e+00 0.0000e+00 -2.6348e-01 6.8305e-01 0.0000e+00 0.0000e+00 0.0000e+00 0.0000e+00 -7.3482e-02 2.1112e-01 0.0000e+00 0.0000e+00 -2.1112e-01 1.0271e-01 
116.0 9.1002e-01 -2.5661e-01 0.0000e+00 0.0000e+00 -2.5661e-01 6.7486e-01 0.0000e+00 0.0000e+00 0.0000e+00 0.0000e+00 -8.9431e-02 2.0833e-01 0.0000e+00 0.0000e+00 -2.0833e-01 8.7263e-02 
117.0 9.0190e-01 -2.4971e-01 0.0000e+00 0.0000e+00 -2.4971e-01 6.6712e-01 0.0000e+00 0.0000e+00 0.0000e+00 0.0000e+00 -1.0492e-01 2.0557e-01 0.0000e+00 0.0000e+00 -2.0557e-01 7.2256e-02 
118.0 8.9422e-01 -2.4278e-01 0.0000e+00 0.0000e+00 -2.4278e-01 6.5980e-01 0.0000e+00 0.0000e+00 0.0000e+00 0.0000e+00 -1.1996e-01 2.0284e-01 0.0000e+00 0.0000e+00 -2.0284e-01 5.7674e-02 
119.0 8.8697e-01 -2.3585e-01 0.0000e+00 0.0000e+00 -2.3585e-01 6.5290e-01 0.0000e+00 0.0000e+00 0.0000e+00 0.0000e+00 -1.3457e-01 2.0014e-01 0.0000e+00 0.0000e+00 -2.0014e-01 4.3507e-02 
120.0 8.8011e-01 -2.2891e-01 0.0000e+00 0.0000e+00 -2.2891e-01 6.4639e-01 0.0000e+00 0.0000e+00 0.0000e+00 0.0000e+00 -1.4875e-01 1.9746e-01 0.0000e+00 0.0000e+00 -1.9746e-01 2.9743e-02 
121.0 8.7364e-01 -2.2199e-01 0.0000e+00 0.0000e+00 -2.2199e-01 6.4026e-01 0.0000e+00 0.0000e+00 0.0000e+00 0.0000e+00 -1.6252e-01 1.9478e-01 0.0000e+00 0.0000e+00 -1.9478e-01 1.6369e-02 
122.0 8.6752e-01 -2.1508e-01 0.0000e+00 0.0000e+00 -2.1508e-01 6.3447e-01 0.0000e+00 0.0000e+00 0.0000e+00 0.0000e+00 -1.7589e-01 1.9211e-01 0.0000e+00 0.0000e+00 -1.9211e-01 3.3711e-03 
123.0 8.6173e-01 -2.0819e-01 0.0000e+00 0.0000e+00 -2.0819e-01 6.2902e-01 0.0000e+00 0.0000e+00 0.0000e+00 0.0000e+00 -1.8889e-01 1.8941e-01 0.0000e+00 0.0000e+00 -1.8941e-01 -9.2659e-03 
124.0 8.5627e-01 -2.0131e-01 0.0000e+00 0.0000e+00 -2.0131e-01 6.2388e-01 0.0000e+00 0.0000e+00 0.0000e+00 0.0000e+00 -2.0153e-01 1.8669e-01 0.0000e+00 0.0000e+00 -1.8669e-01 -2.1557e-02 
125.0 8.5112e-01 -1.9445e-01 0.0000e+00 0.0000e+00 -1.9445e-01 6.1905e-01 0.0000e+00 0.0000e+00 0.0000e+00 0.0000e+00 -2.1382e-01 1.8394e-01 0.0000e+00 0.0000e+00 -1.8394e-01 -3.3519e-02 
126.0 8.4628e-01 -1.8760e-01 0.0000e+00 0.0000e+00 -1.8760e-01 6.1451e-01 0.0000e+00 0.0000e+00 0.0000e+00 0.0000e+00 -2.2579e-01 1.8115e-01 0.0000e+00 0.0000e+00 -1.8115e-01 -4.5167e-02 
127.0 8.4173e-01 -1.8076e-01 0.0000e+00 0.0000e+00 -1.8076e-01 6.1024e-01 0.0000e+00 0.0000e+00 0.0000e+00 0.0000e+00 -2.3745e-01 1.7832e-01 0.0000e+00 0.0000e+00 -1.7832e-01 -5.6519e-02 
128.0 8.3745e-01 -1.7394e-01 0.0000e+00 0.0000e+00 -1.7394e-01 6.0624e-01 0.0000e+00 0.0000e+00 0.0000e+00 0.0000e+00 -2.4883e-01 1.7543e-01 0.0000e+00 0.0000e+00 -1.7543e-01 -6.7593e-02 
129.0 8.3344e-01 -1.6712e-01 0.0000e+00 0.0000e+00 -1.6712e-01 6.0249e-01 0.0000e+00 0.0000e+00 0.0000e+00 0.0000e+00 -2.5995e-01 1.7248e-01 0.0000e+00 0.0000e+00 -1.7248e-01 -7.8410e-02 
130.0 8.2969e-01 -1.6029e-01 0.0000e+00 0.0000e+00 -1.6029e-01 5.9898e-01 0.0000e+00 0.0000e+00 0.0000e+00 0.0000e+00 -2.7083e-01 1.6946e-01 0.0000e+00 0.0000e+00 -1.6946e-01 -8.8987e-02 
131.0 8.2620e-01 -1.5346e-01 0.0000e+00 0.0000e+00 -1.5346e-01 5.9570e-01 0.0000e+00 0.0000e+00 0.0000e+00 0.0000e+00 -2.8148e-01 1.6638e-01 0.0000e+00 0.0000e+00 -1.6638e-01 -9.9341e-02 
132.0 8.2298e-01 -1.4662e-01 0.0000e+00 0.0000e+00 -1.4662e-01 5.9268e-01 0.0000e+00 0.0000e+00 0.0000e+00 0.0000e+00 -2.9192e-01 1.6326e-01 0.0000e+00 0.0000e+00 -1.6326e-01 -1.0949e-01 
133.0 8.2006e-01 -1.3976e-01 0.0000e+00 0.0000e+00 -1.3976e-01 5.8993e-01 0.0000e+00 0.0000e+00 0.0000e+00 0.0000e+00 -3.0217e-01 1.6013e-01 0.0000e+00 0.0000e+00 -1.6013e-01 -1.1943e-01 
134.0 8.1743e-01 -1.3290e-01 0.0000e+00 0.0000e+00 -1.3290e-01 5.8745e-01 0.0000e+00 0.0000e+00 0.0000e+00 0.0000e+00 -3.1222e-01 1.5700e-01 0.0000e+00 0.0000e+00 -1.5700e-01 -1.2919e-01 
135.0 8.1512e-01 -1.2603e-01 0.0000e+00 0.0000e+00 -1.2603e-01 5.8525e-01 0.0000e+00 0.0000e+00 0.0000e+00 0.0000e+00 -3.2209e-01 1.5387e-01 0.0000e+00 0.0000e+00 -1.5387e-01 -1.3877e-01 
136.0 8.1312e-01 -1.1917e-01 0.0000e+00 0.0000e+00 -1.1917e-01 5.8335e-01 0.0000e+00 0.0000e+00 0.0000e+00 0.0000e+00 -3.3177e-01 1.5076e-01 0.0000e+00 0.0000e+00 -1.5076e-01 -1.4818e-01 
137.0 8.1142e-01 -1.1232e-01 0.0000e+00 0.0000e+00 -1.1232e-01 5.8174e-01 0.0000e+00 0.0000e+00 0.0000e+00 0.0000e+00 -3.4126e-01 1.4766e-01 0.0000e+00 0.0000e+00 -1.4766e-01 -1.5742e-01 
138.0 8.1003e-01 -1.0548e-01 0.0000e+00 0.0000e+00 -1.0548e-01 5.8046e-01 0.0000e+00 0.0000e+00 0.0000e+00 0.0000e+00 -3.5057e-01 1.4460e-01 0.0000e+00 0.0000e+00 -1.4460e-01 -1.6651e-01 
139.0 8.0894e-01 -9.8644e-02 0.0000e+00 0.0000e+00 -9.8644e-02 5.7950e-01 0.0000e+00 0.0000e+00 0.0000e+00 0.0000e+00 -3.5970e-01 1.4159e-01 0.0000e+00 0.0000e+00 -1.4159e-01 -1.7546e-01 
140.0 8.0816e-01 -9.1833e-02 0.0000e+00 0.0000e+00 -9.1833e-02 5.7890e-01 0.0000e+00 0.0000e+00 0.0000e+00 0.0000e+00 -3.6864e-01 1.3864e-01 0.0000e+00 0.0000e+00 -1.3864e-01 -1.8428e-01 
141.0 8.0768e-01 -8.5059e-02 0.0000e+00 0.0000e+00 -8.5059e-02 5.7865e-01 0.0000e+00 0.0000e+00 0.0000e+00 0.0000e+00 -3.7739e-01 1.3578e-01 0.0000e+00 0.0000e+00 -1.3578e-01 -1.9297e-01 
142.0 8.0749e-01 -7.8339e-02 0.0000e+00 0.0000e+00 -7.8339e-02 5.7876e-01 0.0000e+00 0.0000e+00 0.0000e+00 0.0000e+00 -3.8594e-01 1.3301e-01 0.0000e+00 0.0000e+00 -1.3301e-01 -2.0154e-01 
143.0 8.0757e-01 -7.1687e-02 0.0000e+00 0.0000e+00 -7.1687e-02 5.7920e-01 0.0000e+00 0.0000e+00 0.0000e+00 0.0000e+00 -3.9431e-01 1.3032e-01 0.0000e+00 0.0000e+00 -1.3032e-01 -2.1000e-01 
144.0 8.0790e-01 -6.5116e-02 0.0000e+00 0.0000e+00 -6.5116e-02 5.7996e-01 0.0000e+00 0.0000e+00 0.0000e+00 0.0000e+00 -4.0248e-01 1.2770e-01 0.0000e+00 0.0000e+00 -1.2770e-01 -2.1833e-01 
145.0 8.0846e-01 -5.8635e-02 0.0000e+00 0.0000e+00 -5.8635e-02 5.8098e-01 0.0000e+00 0.0000e+00 0.0000e+00 0.0000e+00 -4.1046e-01 1.2511e-01 0.0000e+00 0.0000e+00 -1.2511e-01 -2.2655e-01 
146.0 8.0920e-01 -5.2246e-02 0.0000e+00 0.0000e+00 -5.2246e-02 5.8223e-01 0.0000e+00 0.0000e+00 0.0000e+00 0.0000e+00 -4.1827e-01 1.2251e-01 0.0000e+00 0.0000e+00 -1.2251e-01 -2.3465e-01 
147.0 8.1011e-01 -4.5946e-02 0.0000e+00 0.0000e+00 -4.5946e-02 5.8368e-01 0.0000e+00 0.0000e+00 0.0000e+00 0.0000e+00 -4.2593e-01 1.1988e-01 0.0000e+00 0.0000e+00 -1.1988e-01 -2.4264e-01 
148.0 8.1120e-01 -3.9726e-02 0.0000e+00 0.0000e+00 -3.9726e-02 5.8535e-01 0.0000e+00 0.0000e+00 0.0000e+00 0.0000e+00 -4.3344e-01 1.1723e-01 0.0000e+00 0.0000e+00 -1.1723e-01 -2.5051e-01 
149.0 8.1255e-01 -3.3581e-02 0.0000e+00 0.0000e+00 -3.3581e-02 5.8729e-01 0.0000e+00 0.0000e+00 0.0000e+00 0.0000e+00 -4.4080e-01 1.1460e-01 0.0000e+00 0.0000e+00 -1.1460e-01 -2.5826e-01 
150.0 8.1420e-01 -2.7517e-02 0.0000e+00 0.0000e+00 -2.7517e-02 5.8956e-01 0.0000e+00 0.0000e+00 0.0000e+00 0.0000e+00 -4.4800e-01 1.1203e-01 0.0000e+00 0.0000e+00 -1.1203e-01 -2.6586e-01 
151.0 8.1617e-01 -2.1547e-02 0.0000e+00 0.0000e+00 -2.1547e-02 5.9219e-01 0.0000e+00 0.0000e+00 0.0000e+00 0.0000e+00 -4.5501e-01 1.0955e-01 0.0000e+00 0.0000e+00 -1.0955e-01 -2.7330e-01 
152.0 8.1846e-01 -1.5688e-02 0.0000e+00 0.0000e+00 -1.5688e-02 5.9516e-01 0.0000e+00 0.0000e+00 0.0000e+00 0.0000e+00 -4.6181e-01 1.0714e-01 0.0000e+00 0.0000e+00 -1.0714e-01 -2.8055e-01 
153.0 8.2103e-01 -9.9452e-03 0.0000e+00 0.0000e+00 -9.9452e-03 5.9841e-01 0.0000e+00 0.0000e+00 0.0000e+00 0.0000e+00 -4.6841e-01 1.0477e-01 0.0000e+00 0.0000e+00 -1.0477e-01 -2.8761e-01 
154.0 8.2388e-01 -4.3050e-03 0.0000e+00 0.0000e+00 -4.3050e-03 6.0195e-01 0.0000e+00 0.0000e+00 0.0000e+00 0.0000e+00 -4.7477e-01 1.0237e-01 0.0000e+00 0.0000e+00 -1.0237e-01 -2.9446e-01 
155.0 8.2702e-01 1.2695e-03 0.0000e+00 0.0000e+00 1.2695e-03 6.0581e-01 0.0000e+00 0.0000e+00 0.0000e+00 0.0000e+00 -4.8090e-01 9.9925e-02 0.0000e+00 0.0000e+00 -9.9925e-02 -3.0112e-01 
156.0 8.3051e-01 6.8170e-03 0.0000e+00 0.0000e+00 6.8170e-03 6.1012e-01 0.0000e+00 0.0000e+00 0.0000e+00 0.0000e+00 -4.8676e-01 9.7430e-02 0.0000e+00 0.0000e+00 -9.7430e-02 -3.0759e-01 
157.0 8.3438e-01 1.2358e-02 0.0000e+00 0.0000e+00 1.2358e-02 6.1496e-01 0.0000e+00 0.0000e+00 0.0000e+00 0.0000e+00 -4.9231e-01 9.4850e-02 0.0000e+00 0.0000e+00 -9.4850e-02 -3.1391e-01 
158.0 8.3855e-01 1.7872e-02 0.0000e+00 0.0000e+00 1.7872e-02 6.2031e-01 0.0000e+00 0.0000e+00 0.0000e+00 0.0000e+00 -4.9752e-01 9.2080e-02 0.0000e+00 0.0000e+00 -9.2080e-02 -3.2013e-01 
159.0 8.4281e-01 2.3293e-02 0.0000e+00 0.0000e+00 2.3293e-02 6.2601e-01 0.0000e+00 0.0000e+00 0.0000e+00 0.0000e+00 -5.0239e-01 8.8919e-02 0.0000e+00 0.0000e+00 -8.8919e-02 -3.2629e-01 
160.0 8.4690e-01 2.8521e-02 0.0000e+00 0.0000e+00 2.8521e-02 6.3178e-01 0.0000e+00 0.0000e+00 0.0000e+00 0.0000e+00 -5.0694e-01 8.5095e-02 0.0000e+00 0.0000e+00 -8.5095e-02 -3.3246e-01 
161.0 8.5063e-01 3.3438e-02 0.0000e+00 0.0000e+00 3.3438e-02 6.3737e-01 0.0000e+00 0.0000e+00 0.0000e+00 0.0000e+00 -5.1123e-01 8.0325e-02 0.0000e+00 0.0000e+00 -8.0325e-02 -3.3868e-01 
162.0 8.5387e-01 3.7912e-02 0.0000e+00 0.0000e+00 3.7912e-02 6.4266e-01 0.0000e+00 0.0000e+00 0.0000e+00 0.0000e+00 -5.1535e-01 7.4354e-02 0.0000e+00 0.0000e+00 -7.4354e-02 -3.4494e-01 
163.0 8.5657e-01 4.1795e-02 0.0000e+00 0.0000e+00 4.1795e-02 6.4752e-01 0.0000e+00 0.0000e+00 0.0000e+00 0.0000e+00 -5.1936e-01 6.6975e-02 0.0000e+00 0.0000e+00 -6.6975e-02 -3.5120e-01 
164.0 8.5874e-01 4.4941e-02 0.0000e+00 0.0000e+00 4.4941e-02 6.5177e-01 0.0000e+00 0.0000e+00 0.0000e+00 0.0000e+00 -5.2340e-01 5.8024e-02 0.0000e+00 0.0000e+00 -5.8024e-02 -3.5736e-01 
165.0 8.6055e-01 4.7195e-02 0.0000e+00 0.0000e+00 4.7195e-02 6.5527e-01 0.0000e+00 0.0000e+00 0.0000e+00 0.0000e+00 -5.2762e-01 4.7377e-02 0.0000e+00 0.0000e+00 -4.7377e-02 -3.6329e-01 
166.0 8.6229e-01 4.8420e-02 0.0000e+00 0.0000e+00 4.8420e-02 6.5804e-01 0.0000e+00 0.0000e+00 0.0000e+00 0.0000e+00 -5.3227e-01 3.4959e-02 0.0000e+00 0.0000e+00 -3.4959e-02 -3.6887e-01 
167.0 8.6436e-01 4.8474e-02 0.0000e+00 0.0000e+00 4.8474e-02 6.6014e-01 0.0000e+00 0.0000e+00 0.0000e+00 0.0000e+00 -5.3777e-01 2.0759e-02 0.0000e+00 0.0000e+00 -2.0759e-02 -3.7396e-01 
168.0 8.6727e-01 4.7198e-02 0.0000e+00 0.0000e+00 4.7198e-02 6.6152e-01 0.0000e+00 0.0000e+00 0.0000e+00 0.0000e+00 -5.4470e-01 4.8794e-03 0.0000e+00 0.0000e+00 -4.8794e-03 -3.7836e-01 
169.0 8.7185e-01 4.4423e-02 0.0000e+00 0.0000e+00 4.4423e-02 6.6211e-01 0.0000e+00 0.0000e+00 0.0000e+00 0.0000e+00 -5.5389e-01 -1.2342e-02 0.0000e+00 0.0000e+00 1.2342e-02 -3.8180e-01 
170.0 8.7951e-01 4.0022e-02 0.0000e+00 0.0000e+00 4.0022e-02 6.6214e-01 0.0000e+00 0.0000e+00 0.0000e+00 0.0000e+00 -5.6630e-01 -3.0137e-02 0.0000e+00 0.0000e+00 3.0137e-02 -3.8385e-01 
171.0 8.9241e-01 3.4014e-02 0.0000e+00 0.0000e+00 3.4014e-02 6.6241e-01 0.0000e+00 0.0000e+00 0.0000e+00 0.0000e+00 -5.8296e-01 -4.7070e-02 0.0000e+00 0.0000e+00 4.7070e-02 -3.8394e-01 
172.0 9.1336e-01 2.6697e-02 0.0000e+00 0.0000e+00 2.6697e-02 6.6439e-01 0.0000e+00 0.0000e+00 0.0000e+00 0.0000e+00 -6.0473e-01 -6.0924e-02 0.0000e+00 0.0000e+00 6.0924e-02 -3.8148e-01 
173.0 9.4540e-01 1.8756e-02 0.0000e+00 0.0000e+00 1.8756e-02 6.7019e-01 0.0000e+00 0.0000e+00 0.0000e+00 0.0000e+00 -6.3195e-01 -6.8960e-02 0.0000e+00 0.0000e+00 6.8960e-02 -3.7601e-01 
174.0 9.9050e-01 1.1229e-02 0.0000e+00 0.0000e+00 1.1229e-02 6.8193e-01 0.0000e+00 0.0000e+00 0.0000e+00 0.0000e+00 -6.6403e-01 -6.8700e-02 0.0000e+00 0.0000e+00 6.8700e-02 -3.6755e-01 
175.0 1.0478e+00 5.2341e-03 0.0000e+00 0.0000e+00 5.2341e-03 7.0059e-01 0.0000e+00 0.0000e+00 0.0000e+00 0.0000e+00 -6.9910e-01 -5.9167e-02 0.0000e+00 0.0000e+00 5.9167e-02 -3.5675e-01 
176.0 1.1118e+00 1.5116e-03 0.0000e+00 0.0000e+00 1.5116e-03 7.2469e-01 0.0000e+00 0.0000e+00 0.0000e+00 0.0000e+00 -7.3383e-01 -4.2085e-02 0.0000e+00 0.0000e+00 4.2085e-02 -3.4497e-01 
177.0 1.1722e+00 1.7546e-05 0.0000e+00 0.0000e+00 1.7546e-05 7.4963e-01 0.0000e+00 0.0000e+00 0.0000e+00 0.0000e+00 -7.6374e-01 -2.2214e-02 0.0000e+00 0.0000e+00 2.2214e-02 -3.3415e-01 
178.0 1.2160e+00 -1.0845e-04 0.0000e+00 0.0000e+00 -1.0845e-04 7.6876e-01 0.0000e+00 0.0000e+00 0.0000e+00 0.0000e+00 -7.8416e-01 -6.2071e-03 0.0000e+00 0.0000e+00 6.2071e-03 -3.2643e-01 
179.0 1.2322e+00 2.5306e-21 0.0000e+00 0.0000e+00 2.5306e-21 7.7601e-01 0.0000e+00 0.0000e+00 0.0000e+00 0.0000e+00 -7.9147e-01 -6.3044e-20 0.0000e+00 0.0000e+00 6.3044e-20 -3.2354e-01 
180.0 1.2489e+00 0.0000e+00 0.0000e+00 0.0000e+00 0.0000e+00 7.8321e-01 0.0000e+00 0.0000e+00 0.0000e+00 0.0000e+00 -7.9873e-01 0.0000e+00 0.0000e+00 0.0000e+00 -0.0000e+00 -3.2080e-01 
