1.5286 1.9392 0.4107 0.026721
theta s11 s12 s13 s14 s21 s22 s23 s24 s31 s32 s33 s34 s41 s42 s43 s44
0.0 1.5619e+03 0.0000e+00 0.0000e+00 0.0000e+00 0.0000e+00 1.5596e+03 0.0000e+00 0.0000e+00 0.0000e+00 0.0000e+00 1.5596e+03 0.0000e+00 0.0000e+00 0.0000e+00 -0.0000e+00 1.5574e+03 
1.0 1.4461e+03 -5.3291e-02 0.0000e+00 0.0000e+00 -5.3291e-02 1.4438e+03 0.0000e+00 0.0000e+00 0.0000e+00 0.0000e+00 1.4438e+03 -5.9994e-01 0.0000e+00 0.0000e+00 5.9994e-01 1.4416e+03 
2.0 1.2562e+03 -1.4910e-01 0.0000e+00 0.0000e+00 -1.4910e-01 1.2539e+03 0.0000e+00 0.0000e+00 0.0000e+00 0.0000e+00 1.2539e+03 -2.1355e+00 0.0000e+00 0.0000e+00 2.1355e+00 1.2517e+03 
3.0 1.0718e+03 -2.4248e-01 0.0000e+00 0.0000e+00 -2.4248e-01 1.0696e+03 0.0000e+00 0.0000e+00 0.0000e+00 0.0000e+00 1.0696e+03 -4.0380e+00 0.0000e+00 0.0000e+00 4.0380e+00 1.0674e+03 
4.0 9.0633e+02 -3.3250e-01 0.0000e+00 0.0000e+00 -3.3250e-01 9.0416e+02 0.0000e+00 0.0000e+00 0.0000e+00 0.0000e+00 9.0410e+02 -5.8163e+00 0.0000e+00 0.0000e+00 5.8163e+00 9.0196e+02 
5.0 7.6562e+02 -4.3485e-01 0.0000e+00 0.0000e+00 -4.3485e-01 7.6348e+02 0.0000e+00 0.0000e+00 0.0000e+00 0.0000e+00 7.6338e+02 -7.2092e+00 0.0000e+00 0.0000e+00 7.2092e+00 7.6129e+02 
6.0 6.5006e+02 -5.6738e-01 0.0000e+00 0.0000e+00 -5.6738e-01 6.4796e+02 0.0000e+00 0.0000e+00 0.0000e+00 0.0000e+00 6.4780e+02 -8.1330e+00 0.0000e+00 0.0000e+00 8.1330e+00 6.4576e+02 
7.0 5.5718e+02 -7.4216e-01 0.0000e+00 0.0000e+00 -7.4216e-01 5.5512e+02 0.0000e+00 0.0000e+00 0.0000e+00 0.0000e+00 5.5490e+02 -8.6103e+00 0.0000e+00 0.0000e+00 8.6103e+00 5.5291e+02 
8.0 4.8343e+02 -9.6218e-01 0.0000e+00 0.0000e+00 -9.6218e-01 4.8140e+02 0.0000e+00 0.0000e+00 0.0000e+00 0.0000e+00 4.8111e+02 -8.7233e+00 0.0000e+00 0.0000e+00 8.7233e+00 4.7918e+02 
9.0 4.2508e+02 -1.2232e+00 0.0000e+00 0.0000e+00 -1.2232e+00 4.2308e+02 0.0000e+00 0.0000e+00 0.0000e+00 0.0000e+00 4.2273e+02 -8.5747e+00 0.0000e+00 0.0000e+00 8.5747e+00 4.2085e+02 
10.0 3.7878e+02 -1.5171e+00 0.0000e+00 0.0000e+00 -1.5171e+00 3.7681e+02 0.0000e+00 0.0000e+00 0.0000e+00 0.0000e+00 3.7641e+02 -8.2621e+00 0.0000e+00 0.0000e+00 8.2621e+00 3.7458e+02 
11.0 3.4173e+02 -1.8347e+00 0.0000e+00 0.0000e+00 -1.8347e+00 3.3979e+02 0.0000e+00 0.0000e+00 0.0000e+00 0.0000e+00 3.3935e+02 -7.8651e+00 0.0000e+00 0.0000e+00 7.8651e+00 3.3757e+02 
12.0 3.1168e+02 -2.1685e+00 0.0000e+00 0.0000e+00 -2.1685e+00 3.0977e+02 0.0000e+00 0.0000e+00 0.0000e+00 0.0000e+00 3.0929e+02 -7.4416e+00 0.0000e+00 0.0000e+00 7.4416e+00 3.0756e+02 
13.0 2.8692e+02 -2.5141e+00 0.0000e+00 0.0000e+00 -2.5141e+00 2.8504e+02 0.0000e+00 0.0000e+00 0.0000e+00 0.0000e+00 2.8452e+02 -7.0253e+00 0.0000e+00 0.0000e+00 7.0253e+00 2.8283e+02 
14.0 2.6619e+02 -2.8630e+00 0.0000e+00 0.0000e+00 -2.8630e+00 2.6433e+02 0.0000e+00 0.0000e+00 0.0000e+00 0.0000e+00 2.6378e+02 -6.6482e+00 0.0000e+00 0.0000e+00 6.6482e+00 2.6214e+02 
15.0 2.4854e+02 -3.2167e+00 0.0000e+00 0.0000e+00 -3.2167e+00 2.4671e+02 0.0000e+00 0.0000e+00 0.0000e+00 0.0000e+00 2.4612e+02 -6.3084e+00 0.0000e+00 0.0000e+00 6.3084e+00 2.4453e+02 
16.0 2.3325e+02 -3.5712e+00 0.0000e+00 0.0000e+00 -3.5712e+00 2.3144e+02 0.0000e+00 0.0000e+00 0.0000e+00 0.0000e+00 2.3083e+02 -6.0112e+00 0.0000e+00 0.0000e+00 6.0112e+00 2.2928e+02 
17.0 2.1980e+02 -3.9244e+00 0.0000e+00 0.0000e+00 -3.9244e+00 2.1801e+02 0.0000e+00 0.0000e+00 0.0000e+00 0.0000e+00 2.1738e+02 -5.7549e+00 0.0000e+00 0.0000e+00 5.7549e+00 2.1587e+02 
18.0 2.0778e+02 -4.2748e+00 0.0000e+00 0.0000e+00 -4.2748e+00 2.0602e+02 0.0000e+00 0.0000e+00 0.0000e+00 0.0000e+00 2.0536e+02 -5.5355e+00 0.0000e+00 0.0000e+00 5.5355e+00 2.0389e+02 
19.0 1.9691e+02 -4.6213e+00 0.0000e+00 0.0000e+00 -4.6213e+00 1.9517e+02 0.0000e+00 0.0000e+00 0.0000e+00 0.0000e+00 1.9511e+02 -5.3481e+00 0.0000e+00 0.0000e+00 5.3481e+00 1.9369e+02 
20.0 1.8698e+02 -4.9637e+00 0.0000e+00 0.0000e+00 -4.9637e+00 1.8525e+02 0.0000e+00 0.0000e+00 0.0000e+00 0.0000e+00 1.8574e+02 -5.1871e+00 0.0000e+00 0.0000e+00 5.1871e+00 1.8436e+02 
21.0 1.7782e+02 -5.3020e+00 0.0000e+00 0.0000e+00 -5.3020e+00 1.7611e+02 0.0000e+00 0.0000e+00 0.0000e+00 0.0000e+00 1.7709e+02 -5.0477e+00 0.0000e+00 0.0000e+00 5.0477e+00 1.7575e+02 
22.0 1.6931e+02 -5.6364e+00 0.0000e+00 0.0000e+00 -5.6364e+00 1.6763e+02 0.0000e+00 0.0000e+00 0.0000e+00 0.0000e+00 1.6905e+02 -4.9254e+00 0.0000e+00 0.0000e+00 4.9254e+00 1.6775e+02 
23.0 1.6137e+02 -5.9667e+00 0.0000e+00 0.0000e+00 -5.9667e+00 1.5971e+02 0.0000e+00 0.0000e+00 0.0000e+00 0.0000e+00 1.6154e+02 -4.8162e+00 0.0000e+00 0.0000e+00 4.8162e+00 1.6027e+02 
24.0 1.5392e+02 -6.2923e+00 0.0000e+00 0.0000e+00 -6.2923e+00 1.5228e+02 0.0000e+00 0.0000e+00 0.0000e+00 0.0000e+00 1.5447e+02 -4.7166e+00 0.0000e+00 0.0000e+00 4.7166e+00 1.5324e+02 
25.0 1.4690e+02 -6.6125e+00 0.0000e+00 0.0000e+00 -6.6125e+00 1.4528e+02 0.0000e+00 0.0000e+00 0.0000e+00 0.0000e+00 1.4780e+02 -4.6240e+00 0.0000e+00 0.0000e+00 4.6240e+00 1.4660e+02 
26.0 1.4027e+02 -6.9262e+00 0.0000e+00 0.0000e+00 -6.9262e+00 1.3867e+02 0.0000e+00 0.0000e+00 0.0000e+00 0.0000e+00 1.4149e+02 -4.5362e+00 0.0000e+00 0.0000e+00 4.5362e+00 1.4033e+02 
27.0 1.3400e+02 -7.2326e+00 0.0000e+00 0.0000e+00 -7.2326e+00 1.3242e+02 0.0000e+00 0.0000e+00 0.0000e+00 0.0000e+00 1.3551e+02 -4.4514e+00 0.0000e+00 0.0000e+00 4.4514e+00 1.3438e+02 
28.0 1.2806e+02 -7.5311e+00 0.0000e+00 0.0000e+00 -7.5311e+00 1.2649e+02 0.0000e+00 0.0000e+00 0.0000e+00 0.0000e+00 1.2983e+02 -4.3681e+00 0.0000e+00 0.0000e+00 4.3681e+00 1.2873e+02 
29.0 1.2242e+02 -7.8213e+00 0.0000e+00 0.0000e+00 -7.8213e+00 1.2087e+02 0.0000e+00 0.0000e+00 0.0000e+00 0.0000e+00 1.2444e+02 -4.2853e+00 0.0000e+00 0.0000e+00 4.2853e+00 1.2336e+02 
30.0 1.1707e+02 -8.1029e+00 0.0000e+00 0.0000e+00 -8.1029e+00 1.1554e+02 0.0000e+00 0.0000e+00 0.0000e+00 0.0000e+00 1.1930e+02 -4.2022e+00 0.0000e+00 0.0000e+00 4.2022e+00 1.1825e+02 
31.0 1.1198e+02 -8.3755e+00 0.0000e+00 0.0000e+00 -8.3755e+00 1.1047e+02 0.0000e+00 0.0000e+00 0.0000e+00 0.0000e+00 1.1392e+02 -4.1187e+00 0.0000e+00 0.0000e+00 4.1187e+00 1.1291e+02 
32.0 1.0714e+02 -8.6384e+00 0.0000e+00 0.0000e+00 -8.6384e+00 1.0565e+02 0.0000e+00 0.0000e+00 0.0000e+00 0.0000e+00 1.0881e+02 -4.0348e+00 0.0000e+00 0.0000e+00 4.0348e+00 1.0782e+02 
33.0 1.0254e+02 -8.8911e+00 0.0000e+00 0.0000e+00 -8.8911e+00 1.0106e+02 0.0000e+00 0.0000e+00 0.0000e+00 0.0000e+00 1.0393e+02 -3.9509e+00 0.0000e+00 0.0000e+00 3.9509e+00 1.0297e+02 
34.0 9.8141e+01 -9.1330e+00 0.0000e+00 0.0000e+00 -9.1330e+00 9.6678e+01 0.0000e+00 0.0000e+00 0.0000e+00 0.0000e+00 9.9275e+01 -3.8668e+00 0.0000e+00 0.0000e+00 3.8668e+00 9.8353e+01 
35.0 9.3949e+01 -9.3636e+00 0.0000e+00 0.0000e+00 -9.3636e+00 9.2502e+01 0.0000e+00 0.0000e+00 0.0000e+00 0.0000e+00 9.4833e+01 -3.7823e+00 0.0000e+00 0.0000e+00 3.7823e+00 9.3943e+01 
36.0 8.9948e+01 -9.5827e+00 0.0000e+00 0.0000e+00 -9.5827e+00 8.8516e+01 0.0000e+00 0.0000e+00 0.0000e+00 0.0000e+00 9.0591e+01 -3.6972e+00 0.0000e+00 0.0000e+00 3.6972e+00 8.9732e+01 
37.0 8.6128e+01 -9.7906e+00 0.0000e+00 0.0000e+00 -9.7906e+00 8.4712e+01 0.0000e+00 0.0000e+00 0.0000e+00 0.0000e+00 8.6538e+01 -3.6108e+00 0.0000e+00 0.0000e+00 3.6108e+00 8.5709e+01 
38.0 8.2483e+01 -9.9876e+00 0.0000e+00 0.0000e+00 -9.9876e+00 8.1082e+01 0.0000e+00 0.0000e+00 0.0000e+00 0.0000e+00 8.2666e+01 -3.5228e+00 0.0000e+00 0.0000e+00 3.5228e+00 8.1866e+01 
39.0 7.9005e+01 -1.0174e+01 0.0000e+00 0.0000e+00 -1.0174e+01 7.7619e+01 0.0000e+00 0.0000e+00 0.0000e+00 0.0000e+00 7.8966e+01 -3.4332e+00 0.0000e+00 0.0000e+00 3.4332e+00 7.8195e+01 
40.0 7.5689e+01 -1.0350e+01 0.0000e+00 0.0000e+00 -1.0350e+01 7.4317e+01 0.0000e+00 0.0000e+00 0.0000e+00 0.0000e+00 7.5430e+01 -3.3421e+00 0.0000e+00 0.0000e+00 3.3421e+00 7.4688e+01 
41.0 7.2527e+01 -1.0516e+01 0.0000e+00 0.0000e+00 -1.0516e+01 7.1170e+01 0.0000e+00 0.0000e+00 0.0000e+00 0.0000e+00 7.2053e+01 -3.2499e+00 0.0000e+00 0.0000e+00 3.2499e+00 7.1338e+01 
42.0 6.9513e+01 -1.0672e+01 0.0000e+00 0.0000e+00 -1.0672e+01 6.8169e+01 0.0000e+00 0.0000e+00 0.0000e+00 0.0000e+00 6.8826e+01 -3.1570e+00 0.0000e+00 0.0000e+00 3.1570e+00 6.8138e+01 
43.0 6.6638e+01 -1.0818e+01 0.0000e+00 0.0000e+00 -1.0818e+01 6.5308e+01 0.0000e+00 0.0000e+00 0.0000e+00 0.0000e+00 6.5742e+01 -3.0637e+00 0.0000e+00 0.0000e+00 3.0637e+00 6.5081e+01 
44.0 6.3896e+01 -1.0954e+01 0.0000e+00 0.0000e+00 -1.0954e+01 6.2579e+01 0.0000e+00 0.0000e+00 0.0000e+00 0.0000e+00 6.2792e+01 -2.9702e+00 0.0000e+00 0.0000e+00 2.9702e+00 6.2158e+01 
45.0 6.1279e+01 -1.1079e+01 0.0000e+00 0.0000e+00 -1.1079e+01 5.9975e+01 0.0000e+00 0.0000e+00 0.0000e+00 0.0000e+00 5.9972e+01 -2.8766e+00 0.0000e+00 0.0000e+00 2.8766e+00 5.9363e+01 
46.0 5.8782e+01 -1.1195e+01 0.0000e+00 0.0000e+00 -1.1195e+01 5.7490e+01 0.0000e+00 0.0000e+00 0.0000e+00 0.0000e+00 5.7273e+01 -2.7829e+00 0.0000e+00 0.0000e+00 2.7829e+00 5.6689e+01 
47.0 5.6397e+01 -1.1301e+01 0.0000e+00 0.0000e+00 -1.1301e+01 5.5118e+01 0.0000e+00 0.0000e+00 0.0000e+00 0.0000e+00 5.4691e+01 -2.6893e+00 0.0000e+00 0.0000e+00 2.6893e+00 5.4132e+01 
48.0 5.4121e+01 -1.1398e+01 0.0000e+00 0.0000e+00 -1.1398e+01 5.2854e+01 0.0000e+00 0.0000e+00 0.0000e+00 0.0000e+00 5.2219e+01 -2.5958e+00 0.0000e+00 0.0000e+00 2.5958e+00 5.1684e+01 
49.0 5.1948e+01 -1.1485e+01 0.0000e+00 0.0000e+00 -1.1485e+01 5.0693e+01 0.0000e+00 0.0000e+00 0.0000e+00 0.0000e+00 4.9853e+01 -2.5026e+00 0.0000e+00 0.0000e+00 2.5026e+00 4.9342e+01 
50.0 4.9873e+01 -1.1562e+01 0.0000e+00 0.0000e+00 -1.1562e+01 4.8630e+01 0.0000e+00 0.0000e+00 0.0000e+00 0.0000e+00 4.7588e+01 -2.4099e+00 0.0000e+00 0.0000e+00 2.4099e+00 4.7100e+01 
51.0 4.7893e+01 -1.1631e+01 0.0000e+00 0.0000e+00 -1.1631e+01 4.6660e+01 0.0000e+00 0.0000e+00 0.0000e+00 0.0000e+00 4.5418e+01 -2.3176e+00 0.0000e+00 0.0000e+00 2.3176e+00 4.4953e+01 
52.0 4.6002e+01 -1.1690e+01 0.0000e+00 0.0000e+00 -1.1690e+01 4.4780e+01 0.0000e+00 0.0000e+00 0.0000e+00 0.0000e+00 4.3340e+01 -2.2259e+00 0.0000e+00 0.0000e+00 2.2259e+00 4.2897e+01 
53.0 4.4197e+01 -1.1741e+01 0.0000e+00 0.0000e+00 -1.1741e+01 4.2985e+01 0.0000e+00 0.0000e+00 0.0000e+00 0.0000e+00 4.1349e+01 -2.1349e+00 0.0000e+00 0.0000e+00 2.1349e+00 4.0928e+01 
54.0 4.2474e+01 -1.1783e+01 0.0000e+00 0.0000e+00 -1.1783e+01 4.1272e+01 0.0000e+00 0.0000e+00 0.0000e+00 0.0000e+00 3.9441e+01 -2.0446e+00 0.0000e+00 0.0000e+00 2.0446e+00 3.9041e+01 
55.0 4.0829e+01 -1.1817e+01 0.0000e+00 0.0000e+00 -1.1817e+01 3.9638e+01 0.0000e+00 0.0000e+00 0.0000e+00 0.0000e+00 3.7612e+01 -1.9551e+00 0.0000e+00 0.0000e+00 1.9551e+00 3.7234e+01 
56.0 3.9259e+01 -1.1844e+01 0.0000e+00 0.0000e+00 -1.1844e+01 3.8078e+01 0.0000e+00 0.0000e+00 0.0000e+00 0.0000e+00 3.5859e+01 -1.8665e+00 0.0000e+00 0.0000e+00 1.8665e+00 3.5502e+01 
57.0 3.7761e+01 -1.1862e+01 0.0000e+00 0.0000e+00 -1.1862e+01 3.6589e+01 0.0000e+00 0.0000e+00 0.0000e+00 0.0000e+00 3.4178e+01 -1.7789e+00 0.0000e+00 0.0000e+00 1.7789e+00 3.3842e+01 
58.0 3.6331e+01 -1.1873e+01 0.0000e+00 0.0000e+00 -1.1873e+01 3.5168e+01 0.0000e+00 0.0000e+00 0.0000e+00 0.0000e+00 3.2566e+01 -1.6924e+00 0.0000e+00 0.0000e+00 1.6924e+00 3.2250e+01 
59.0 3.4967e+01 -1.1876e+01 0.0000e+00 0.0000e+00 -1.1876e+01 3.3812e+01 0.0000e+00 0.0000e+00 0.0000e+00 0.0000e+00 3.1020e+01 -1.6070e+00 0.0000e+00 0.0000e+00 1.6070e+00 3.0724e+01 
60.0 3.3664e+01 -1.1873e+01 0.0000e+00 0.0000e+00 -1.1873e+01 3.2518e+01 0.0000e+00 0.0000e+00 0.0000e+00 0.0000e+00 2.9537e+01 -1.5228e+00 0.0000e+00 0.0000e+00 1.5228e+00 2.9260e+01 
61.0 3.2421e+01 -1.1862e+01 0.0000e+00 0.0000e+00 -1.1862e+01 3.1284e+01 0.0000e+00 0.0000e+00 0.0000e+00 0.0000e+00 2.8113e+01 -1.4399e+00 0.0000e+00 0.0000e+00 1.4399e+00 2.7855e+01 
62.0 3.1234e+01 -1.1845e+01 0.0000e+00 0.0000e+00 -1.1845e+01 3.0105e+01 0.0000e+00 0.0000e+00 0.0000e+00 0.0000e+00 2.6747e+01 -1.3583e+00 0.0000e+00 0.0000e+00 1.3583e+00 2.6508e+01 
63.0 3.0102e+01 -1.1821e+01 0.0000e+00 0.0000e+00 -1.1821e+01 2.8981e+01 0.0000e+00 0.0000e+00 0.0000e+00 0.0000e+00 2.5436e+01 -1.2781e+00 0.0000e+00 0.0000e+00 1.2781e+00 2.5215e+01 
64.0 2.9021e+01 -1.1791e+01 0.0000e+00 0.0000e+00 -1.1791e+01 2.7908e+01 0.0000e+00 0.0000e+00 0.0000e+00 0.0000e+00 2.4177e+01 -1.1994e+00 0.0000e+00 0.0000e+00 1.1994e+00 2.3974e+01 
65.0 2.7990e+01 -1.1755e+01 0.0000e+00 0.0000e+00 -1.1755e+01 2.6884e+01 0.0000e+00 0.0000e+00 0.0000e+00 0.0000e+00 2.2968e+01 -1.1223e+00 0.0000e+00 0.0000e+00 1.1223e+00 2.2783e+01 
66.0 2.7005e+01 -1.1713e+01 0.0000e+00 0.0000e+00 -1.1713e+01 2.5907e+01 0.0000e+00 0.0000e+00 0.0000e+00 0.0000e+00 2.1806e+01 -1.0468e+00 0.0000e+00 0.0000e+00 1.0468e+00 2.1639e+01 
67.0 2.6065e+01 -1.1666e+01 0.0000e+00 0.0000e+00 -1.1666e+01 2.4974e+01 0.0000e+00 0.0000e+00 0.0000e+00 0.0000e+00 2.0690e+01 -9.7307e-01 0.0000e+00 0.0000e+00 9.7307e-01 2.0540e+01 
68.0 2.5169e+01 -1.1613e+01 0.0000e+00 0.0000e+00 -1.1613e+01 2.4085e+01 0.0000e+00 0.0000e+00 0.0000e+00 0.0000e+00 1.9617e+01 -9.0111e-01 0.0000e+00 0.0000e+00 9.0111e-01 1.9485e+01 
69.0 2.4313e+01 -1.1554e+01 0.0000e+00 0.0000e+00 -1.1554e+01 2.3236e+01 0.0000e+00 0.0000e+00 0.0000e+00 0.0000e+00 1.8586e+01 -8.3097e-01 0.0000e+00 0.0000e+00 8.3097e-01 1.8471e+01 
70.0 2.3497e+01 -1.1491e+01 0.0000e+00 0.0000e+00 -1.1491e+01 2.2426e+01 0.0000e+00 0.0000e+00 0.0000e+00 0.0000e+00 1.7595e+01 -7.6269e-01 0.0000e+00 0.0000e+00 7.6269e-01 1.7496e+01 
71.0 2.2717e+01 -1.1422e+01 0.0000e+00 0.0000e+00 -1.1422e+01 2.1653e+01 0.0000e+00 0.0000e+00 0.0000e+00 0.0000e+00 1.6641e+01 -6.9628e-01 0.0000e+00 0.0000e+00 6.9628e-01 1.6558e+01 
72.0 2.1974e+01 -1.1349e+01 0.0000e+00 0.0000e+00 -1.1349e+01 2.0916e+01 0.0000e+00 0.0000e+00 0.0000e+00 0.0000e+00 1.5724e+01 -6.3178e-01 0.0000e+00 0.0000e+00 6.3178e-01 1.5657e+01 
73.0 2.1265e+01 -1.1271e+01 0.0000e+00 0.0000e+00 -1.1271e+01 2.0213e+01 0.0000e+00 0.0000e+00 0.0000e+00 0.0000e+00 1.4841e+01 -5.6920e-01 0.0000e+00 0.0000e+00 5.6920e-01 1.4790e+01 
74.0 2.0588e+01 -1.1189e+01 0.0000e+00 0.0000e+00 -1.1189e+01 1.9543e+01 0.0000e+00 0.0000e+00 0.0000e+00 0.0000e+00 1.3991e+01 -5.0857e-01 0.0000e+00 0.0000e+00 5.0857e-01 1.3956e+01 
75.0 1.9943e+01 -1.1102e+01 0.0000e+00 0.0000e+00 -1.1102e+01 1.8904e+01 0.0000e+00 0.0000e+00 0.0000e+00 0.0000e+00 1.3173e+01 -4.4989e-01 0.0000e+00 0.0000e+00 4.4989e-01 1.3153e+01 
76.0 1.9328e+01 -1.1011e+01 0.0000e+00 0.0000e+00 -1.1011e+01 1.8295e+01 0.0000e+00 0.0000e+00 0.0000e+00 0.0000e+00 1.2386e+01 -3.9316e-01 0.0000e+00 0.0000e+00 3.9316e-01 1.2380e+01 
77.0 1.8741e+01 -1.0916e+01 0.0000e+00 0.0000e+00 -1.0916e+01 1.7714e+01 0.0000e+00 0.0000e+00 0.0000e+00 0.0000e+00 1.1627e+01 -3.3837e-01 0.0000e+00 0.0000e+00 3.3837e-01 1.1636e+01 
78.0 1.8181e+01 -1.0817e+01 0.0000e+00 0.0000e+00 -1.0817e+01 1.7160e+01 0.0000e+00 0.0000e+00 0.0000e+00 0.0000e+00 1.0896e+01 -2.8549e-01 0.0000e+00 0.0000e+00 2.8549e-01 1.0919e+01 
79.0 1.7648e+01 -1.0715e+01 0.0000e+00 0.0000e+00 -1.0715e+01 1.6633e+01 0.0000e+00 0.0000e+00 0.0000e+00 0.0000e+00 1.0192e+01 -2.3449e-01 0.0000e+00 0.0000e+00 2.3449e-01 1.0229e+01 
80.0 1.7139e+01 -1.0609e+01 0.0000e+00 0.0000e+00 -1.0609e+01 1.6130e+01 0.0000e+00 0.0000e+00 0.0000e+00 0.0000e+00 9.5126e+00 -1.8534e-01 0.0000e+00 0.0000e+00 1.8534e-01 9.5636e+00 
81.0 1.6655e+01 -1.0500e+01 0.0000e+00 0.0000e+00 -1.0500e+01 1.5652e+01 0.0000e+00 0.0000e+00 0.0000e+00 0.0000e+00 8.8581e+00 -1.3802e-01 0.0000e+00 0.0000e+00 1.3802e-01 8.9225e+00 
82.0 1.6194e+01 -1.0387e+01 0.0000e+00 0.0000e+00 -1.0387e+01 1.5196e+01 0.0000e+00 0.0000e+00 0.0000e+00 0.0000e+00 8.2269e+00 -9.2497e-02 0.0000e+00 0.0000e+00 9.2497e-02 8.3044e+00 
83.0 1.5754e+01 -1.0271e+01 0.0000e+00 0.0000e+00 -1.0271e+01 1.4763e+01 0.0000e+00 0.0000e+00 0.0000e+00 0.0000e+00 7.6181e+00 -4.8741e-02 0.0000e+00 0.0000e+00 4.8741e-02 7.7085e+00 
84.0 1.5335e+01 -1.0152e+01 0.0000e+00 0.0000e+00 -1.0152e+01 1.4350e+01 0.0000e+00 0.0000e+00 0.0000e+00 0.0000e+00 7.0309e+00 -6.7248e-03 0.0000e+00 0.0000e+00 6.7248e-03 7.1337e+00 
85.0 1.4937e+01 -1.0031e+01 0.0000e+00 0.0000e+00 -1.0031e+01 1.3957e+01 0.0000e+00 0.0000e+00 0.0000e+00 0.0000e+00 6.4642e+00 3.3585e-02 0.0000e+00 0.0000e+00 -3.3585e-02 6.5793e+00 
86.0 1.4558e+01 -9.9069e+00 0.0000e+00 0.0000e+00 -9.9069e+00 1.3584e+01 0.0000e+00 0.0000e+00 0.0000e+00 0.0000e+00 5.9174e+00 7.2226e-02 0.0000e+00 0.0000e+00 -7.2226e-02 6.0443e+00 
87.0 1.4197e+01 -9.7802e+00 0.0000e+00 0.0000e+00 -9.7802e+00 1.3229e+01 0.0000e+00 0.0000e+00 0.0000e+00 0.0000e+00 5.3895e+00 1.0924e-01 0.0000e+00 0.0000e+00 -1.0924e-01 5.5281e+00 
88.0 1.3853e+01 -9.6512e+00 0.0000e+00 0.0000e+00 -9.6512e+00 1.2892e+01 0.0000e+00 0.0000e+00 0.0000e+00 0.0000e+00 4.8799e+00 1.4466e-01 0.0000e+00 0.0000e+00 -1.4466e-01 5.0297e+00 
89.0 1.3527e+01 -9.5199e+00 0.0000e+00 0.0000e+00 -9.5199e+00 1.2572e+01 0.0000e+00 0.0000e+00 0.0000e+00 0.0000e+00 4.3879e+00 1.7854e-01 0.0000e+00 0.0000e+00 -1.7854e-01 4.5486e+00 
90.0 1.3217e+01 -9.3865e+00 0.0000e+00 0.0000e+00 -9.3865e+00 1.2268e+01 0.0000e+00 0.0000e+00 0.0000e+00 0.0000e+00 3.9126e+00 2.1090e-01 0.0000e+00 0.0000e+00 -2.1090e-01 4.0840e+00 
91.0 1.2922e+01 -9.2510e+00 0.0000e+00 0.0000e+00 -9.2510e+00 1.1979e+01 0.0000e+00 0.0000e+00 0.0000e+00 0.0000e+00 3.4536e+00 2.4180e-01 0.0000e+00 0.0000e+00 -2.4180e-01 3.6353e+00 
92.0 1.2643e+01 -9.1137e+00 0.0000e+00 0.0000e+00 -9.1137e+00 1.1706e+01 0.0000e+00 0.0000e+00 0.0000e+00 0.0000e+00 3.0101e+00 2.7126e-01 0.0000e+00 0.0000e+00 -2.7126e-01 3.2018e+00 
93.0 1.2377e+01 -8.9746e+00 0.0000e+00 0.0000e+00 -8.9746e+00 1.1446e+01 0.0000e+00 0.0000e+00 0.0000e+00 0.0000e+00 2.5817e+00 2.9933e-01 0.0000e+00 0.0000e+00 -2.9933e-01 2.7830e+00 
94.0 1.2125e+01 -8.8339e+00 0.0000e+00 0.0000e+00 -8.8339e+00 1.1201e+01 0.0000e+00 0.0000e+00 0.0000e+00 0.0000e+00 2.1676e+00 3.2603e-01 0.0000e+00 0.0000e+00 -3.2603e-01 2.3782e+00 
95.0 1.1887e+01 -8.6917e+00 0.0000e+00 0.0000e+00 -8.6917e+00 1.0969e+01 0.0000e+00 0.0000e+00 0.0000e+00 0.0000e+00 1.7674e+00 3.5141e-01 0.0000e+00 0.0000e+00 -3.5141e-01 1.9871e+00 
96.0 1.1661e+01 -8.5480e+00 0.0000e+00 0.0000e+00 -8.5480e+00 1.0749e+01 0.0000e+00 0.0000e+00 0.0000e+00 0.0000e+00 1.3806e+00 3.7549e-01 0.0000e+00 0.0000e+00 -3.7549e-01 1.6089e+00 
97.0 1.1447e+01 -8.4031e+00 0.0000e+00 0.0000e+00 -8.4031e+00 1.0541e+01 0.0000e+00 0.0000e+00 0.0000e+00 0.0000e+00 1.0066e+00 3.9833e-01 0.0000e+00 0.0000e+00 -3.9833e-01 1.2433e+00 
98.0 1.1245e+01 -8.2569e+00 0.0000e+00 0.0000e+00 -8.2569e+00 1.0345e+01 0.0000e+00 0.0000e+00 0.0000e+00 0.0000e+00 6.4501e-01 4.1993e-01 0.0000e+00 0.0000e+00 -4.1993e-01 8.8970e-01 
99.0 1.1054e+01 -8.1097e+00 0.0000e+00 0.0000e+00 -8.1097e+00 1.0161e+01 0.0000e+00 0.0000e+00 0.0000e+00 0.0000e+00 2.9536e-01 4.4035e-01 0.0000e+00 0.0000e+00 -4.4035e-01 5.4771e-01 
100.0 1.0873e+01 -7.9614e+00 0.0000e+00 0.0000e+00 -7.9614e+00 9.9870e+00 0.0000e+00 0.0000e+00 0.0000e+00 0.0000e+00 -4.2802e-02 4.5961e-01 0.0000e+00 0.0000e+00 -4.5961e-01 2.1688e-01 
101.0 1.0703e+01 -7.8123e+00 0.0000e+00 0.0000e+00 -7.8123e+00 9.8234e+00 0.0000e+00 0.0000e+00 0.0000e+00 0.0000e+00 -3.6989e-01 4.7773e-01 0.0000e+00 0.0000e+00 -4.7773e-01 -1.0322e-01 
102.0 1.0543e+01 -7.6624e+00 0.0000e+00 0.0000e+00 -7.6624e+00 9.6698e+00 0.0000e+00 0.0000e+00 0.0000e+00 0.0000e+00 -6.8630e-01 4.9475e-01 0.0000e+00 0.0000e+00 -4.9475e-01 -4.1298e-01 
103.0 1.0392e+01 -7.5117e+00 0.0000e+00 0.0000e+00 -7.5117e+00 9.5257e+00 0.0000e+00 0.0000e+00 0.0000e+00 0.0000e+00 -9.9243e-01 5.1069e-01 0.0000e+00 0.0000e+00 -5.1069e-01 -7.1279e-01 
104.0 1.0250e+01 -7.3604e+00 0.0000e+00 0.0000e+00 -7.3604e+00 9.3908e+00 0.0000e+00 0.0000e+00 0.0000e+00 0.0000e+00 -1.2886e+00 5.2559e-01 0.0000e+00 0.0000e+00 -5.2559e-01 -1.0030e+00 
105.0 1.0117e+01 -7.2086e+00 0.0000e+00 0.0000e+00 -7.2086e+00 9.2647e+00 0.0000e+00 0.0000e+00 0.0000e+00 0.0000e+00 -1.5753e+00 5.3948e-01 0.0000e+00 0.0000e+00 -5.3948e-01 -1.2840e+00 
106.0 9.9923e+00 -7.0563e+00 0.0000e+00 0.0000e+00 -7.0563e+00 9.1471e+00 0.0000e+00 0.0000e+00 0.0000e+00 0.0000e+00 -1.8528e+00 5.5238e-01 0.0000e+00 0.0000e+00 -5.5238e-01 -1.5561e+00 
107.0 9.8758e+00 -6.9036e+00 0.0000e+00 0.0000e+00 -6.9036e+00 9.0376e+00 0.0000e+00 0.0000e+00 0.0000e+00 0.0000e+00 -2.1213e+00 5.6434e-01 0.0000e+00 0.0000e+00 -5.6434e-01 -1.8197e+00 
108.0 9.7670e+00 -6.7507e+00 0.0000e+00 0.0000e+00 -6.7507e+00 8.9359e+00 0.0000e+00 0.0000e+00 0.0000e+00 0.0000e+00 -2.3813e+00 5.7538e-01 0.0000e+00 0.0000e+00 -5.7538e-01 -2.0750e+00 
109.0 9.6656e+00 -6.5975e+00 0.0000e+00 0.0000e+00 -6.5975e+00 8.8417e+00 0.0000e+00 0.0000e+00 0.0000e+00 0.0000e+00 -2.6331e+00 5.8554e-01 0.0000e+00 0.0000e+00 -5.8554e-01 -2.3223e+00 
110.0 9.5713e+00 -6.4443e+00 0.0000e+00 0.0000e+00 -6.4443e+00 8.7548e+00 0.0000e+00 0.0000e+00 0.0000e+00 0.0000e+00 -2.8768e+00 5.9485e-01 0.0000e+00 0.0000e+00 -5.9485e-01 -2.5619e+00 
111.0 9.4840e+00 -6.2910e+00 0.0000e+00 0.0000e+00 -6.2910e+00 8.6747e+00 0.0000e+00 0.0000e+00 0.0000e+00 0.0000e+00 -3.1129e+00 6.0333e-01 0.0000e+00 0.0000e+00 -6.0333e-01 -2.7941e+00 
112.0 9.4032e+00 -6.1378e+00 0.0000e+00 0.0000e+00 -6.1378e+00 8.6013e+00 0.0000e+00 0.0000e+00 0.0000e+00 0.0000e+00 -3.3416e+00 6.1101e-01 0.0000e+00 0.0000e+00 -6.1101e-01 -3.0191e+00 
113.0 9.3287e+00 -5.9848e+00 0.0000e+00 0.0000e+00 -5.9848e+00 8.5343e+00 0.0000e+00 0.0000e+00 0.0000e+00 0.0000e+00 -3.5631e+00 6.1792e-01 0.0000e+00 0.0000e+00 -6.1792e-01 -3.2373e+00 
114.0 9.2603e+00 -5.8320e+00 0.0000e+00 0.0000e+00 -5.8320e+00 8.4734e+00 0.0000e+00 0.0000e+00 0.0000e+00 0.0000e+00 -3.7776e+00 6.2408e-01 0.0000e+00 0.0000e+00 -6.2408e-01 -3.4487e+00 
115.0 9.1978e+00 -5.6796e+00 0.0000e+00 0.0000e+00 -5.6796e+00 8.4184e+00 0.0000e+00 0.0000e+00 0.0000e+00 0.0000e+00 -3.9855e+00 6.2951e-01 0.0000e+00 0.0000e+00 -6.2951e-01 -3.6537e+00 
116.0 9.1408e+00 -5.5277e+00 0.0000e+00 0.0000e+00 -5.5277e+00 8.3690e+00 0.0000e+00 0.0000e+00 0.0000e+00 0.0000e+00 -4.1869e+00 6.3422e-01 0.0000e+00 0.0000e+00 -6.3422e-01 -3.8525e+00 
117.0 9.0893e+00 -5.3762e+00 0.0000e+00 0.0000e+00 -5.3762e+00 8.3250e+00 0.0000e+00 0.0000e+00 0.0000e+00 0.0000e+00 -4.3821e+00 6.3824e-01 0.0000e+00 0.0000e+00 -6.3824e-01 -4.0452e+00 
118.0 9.0428e+00 -5.2254e+00 0.0000e+00 0.0000e+00 -5.2254e+00 8.2862e+00 0.0000e+00 0.0000e+00 0.0000e+00 0.0000e+00 -4.5713e+00 6.4158e-01 0.0000e+00 0.0000e+00 -6.4158e-01 -4.2321e+00 
119.0 9.0013e+00 -5.0753e+00 0.0000e+00 0.0000e+00 -5.0753e+00 8.2523e+00 0.0000e+00 0.0000e+00 0.0000e+00 0.0000e+00 -4.7546e+00 6.4425e-01 0.0000e+00 0.0000e+00 -6.4425e-01 -4.4134e+00 
120.0 8.9646e+00 -4.9260e+00 0.0000e+00 0.0000e+00 -4.9260e+00 8.2232e+00 0.0000e+00 0.0000e+00 0.0000e+00 0.0000e+00 -4.9323e+00 6.4625e-01 0.0000e+00 0.0000e+00 -6.4625e-01 -4.5892e+00 
121.0 8.9323e+00 -4.7775e+00 0.0000e+00 0.0000e+00 -4.7775e+00 8.1986e+00 0.0000e+00 0.0000e+00 0.0000e+00 0.0000e+00 -5.1046e+00 6.4760e-01 0.0000e+00 0.0000e+00 -6.4760e-01 -4.7597e+00 
122.0 8.9044e+00 -4.6300e+00 0.0000e+00 0.0000e+00 -4.6300e+00 8.1783e+00 0.0000e+00 0.0000e+00 0.0000e+00 0.0000e+00 -5.2716e+00 6.4829e-01 0.0000e+00 0.0000e+00 -6.4829e-01 -4.9251e+00 
123.0 8.8806e+00 -4.4836e+00 0.0000e+00 0.0000e+00 -4.4836e+00 8.1622e+00 0.0000e+00 0.0000e+00 0.0000e+00 0.0000e+00 -5.4335e+00 6.4832e-01 0.0000e+00 0.0000e+00 -6.4832e-01 -5.0856e+00 
124.0 8.8608e+00 -4.3383e+00 0.0000e+00 0.0000e+00 -4.3383e+00 8.1499e+00 0.0000e+00 0.0000e+00 0.0000e+00 0.0000e+00 -5.5905e+00 6.4768e-01 0.0000e+00 0.0000e+00 -6.4768e-01 -5.2413e+00 
125.0 8.8446e+00 -4.1941e+00 0.0000e+00 0.0000e+00 -4.1941e+00 8.1414e+00 0.0000e+00 0.0000e+00 0.0000e+00 0.0000e+00 -5.7428e+00 6.4638e-01 0.0000e+00 0.0000e+00 -6.4638e-01 -5.3924e+00 
126.0 8.8321e+00 -4.0512e+00 0.0000e+00 0.0000e+00 -4.0512e+00 8.1365e+00 0.0000e+00 0.0000e+00 0.0000e+00 0.0000e+00 -5.8906e+00 6.4441e-01 0.0000e+00 0.0000e+00 -6.4441e-01 -5.5391e+00 
127.0 8.8229e+00 -3.9097e+00 0.0000e+00 0.0000e+00 -3.9097e+00 8.1349e+00 0.0000e+00 0.0000e+00 0.0000e+00 0.0000e+00 -6.0339e+00 6.4176e-01 0.0000e+00 0.0000e+00 -6.4176e-01 -5.6814e+00 
128.0 8.8170e+00 -3.7695e+00 0.0000e+00 0.0000e+00 -3.7695e+00 8.1365e+00 0.0000e+00 0.0000e+00 0.0000e+00 0.0000e+00 -6.1730e+00 6.3843e-01 0.0000e+00 0.0000e+00 -6.3843e-01 -5.8196e+00 
129.0 8.8141e+00 -3.6309e+00 0.0000e+00 0.0000e+00 -3.6309e+00 8.1410e+00 0.0000e+00 0.0000e+00 0.0000e+00 0.0000e+00 -6.3080e+00 6.3442e-01 0.0000e+00 0.0000e+00 -6.3442e-01 -5.9538e+00 
130.0 8.8142e+00 -3.4937e+00 0.0000e+00 0.0000e+00 -3.4937e+00 8.1485e+00 0.0000e+00 0.0000e+00 0.0000e+00 0.0000e+00 -6.4391e+00 6.2972e-01 0.0000e+00 0.0000e+00 -6.2972e-01 -6.0841e+00 
131.0 8.8169e+00 -3.3582e+00 0.0000e+00 0.0000e+00 -3.3582e+00 8.1586e+00 0.0000e+00 0.0000e+00 0.0000e+00 0.0000e+00 -6.5663e+00 6.2434e-01 0.0000e+00 0.0000e+00 -6.2434e-01 -6.2106e+00 
132.0 8.8223e+00 -3.2243e+00 0.0000e+00 0.0000e+00 -3.2243e+00 8.1713e+00 0.0000e+00 0.0000e+00 0.0000e+00 0.0000e+00 -6.6898e+00 6.1828e-01 0.0000e+00 0.0000e+00 -6.1828e-01 -6.3334e+00 
133.0 8.8301e+00 -3.0921e+00 0.0000e+00 0.0000e+00 -3.0921e+00 8.1864e+00 0.0000e+00 0.0000e+00 0.0000e+00 0.0000e+00 -6.8098e+00 6.1155e-01 0.0000e+00 0.0000e+00 -6.1155e-01 -6.4528e+00 
134.0 8.8403e+00 -2.9617e+00 0.0000e+00 0.0000e+00 -2.9617e+00 8.2037e+00 0.0000e+00 0.0000e+00 0.0000e+00 0.0000e+00 -6.9262e+00 6.0417e-01 0.0000e+00 0.0000e+00 -6.0417e-01 -6.5687e+00 
135.0 8.8527e+00 -2.8331e+00 0.0000e+00 0.0000e+00 -2.8331e+00 8.2232e+00 0.0000e+00 0.0000e+00 0.0000e+00 0.0000e+00 -7.0394e+00 5.9616e-01 0.0000e+00 0.0000e+00 -5.9616e-01 -6.6813e+00 
136.0 8.8672e+00 -2.7065e+00 0.0000e+00 0.0000e+00 -2.7065e+00 8.2447e+00 0.0000e+00 0.0000e+00 0.0000e+00 0.0000e+00 -7.1493e+00 5.8751e-01 0.0000e+00 0.0000e+00 -5.8751e-01 -6.7906e+00 
137.0 8.8837e+00 -2.5817e+00 0.0000e+00 0.0000e+00 -2.5817e+00 8.2681e+00 0.0000e+00 0.0000e+00 0.0000e+00 0.0000e+00 -7.2560e+00 5.7826e-01 0.0000e+00 0.0000e+00 -5.7826e-01 -6.8969e+00 
138.0 8.9021e+00 -2.4590e+00 0.0000e+00 0.0000e+00 -2.4590e+00 8.2933e+00 0.0000e+00 0.0000e+00 0.0000e+00 0.0000e+00 -7.3598e+00 5.6842e-01 0.0000e+00 0.0000e+00 -5.6842e-01 -7.0000e+00 
139.0 8.9223e+00 -2.3384e+00 0.0000e+00 0.0000e+00 -2.3384e+00 8.3201e+00 0.0000e+00 0.0000e+00 0.0000e+00 0.0000e+00 -7.4605e+00 5.5801e-01 0.0000e+00 0.0000e+00 -5.5801e-01 -7.1002e+00 
140.0 8.9441e+00 -2.2199e+00 0.0000e+00 0.0000e+00 -2.2199e+00 8.3485e+00 0.0000e+00 0.0000e+00 0.0000e+00 0.0000e+00 -7.5584e+00 5.4704e-01 0.0000e+00 0.0000e+00 -5.4704e-01 -7.1975e+00 
141.0 8.9675e+00 -2.1037e+00 0.0000e+00 0.0000e+00 -2.1037e+00 8.3784e+00 0.0000e+00 0.0000e+00 0.0000e+00 0.0000e+00 -7.6535e+00 5.3554e-01 0.0000e+00 0.0000e+00 -5.3554e-01 -7.2920e+00 
142.0 8.9924e+00 -1.9897e+00 0.0000e+00 0.0000e+00 -1.9897e+00 8.4095e+00 0.0000e+00 0.0000e+00 0.0000e+00 0.0000e+00 -7.7458e+00 5.2352e-01 0.0000e+00 0.0000e+00 -5.2352e-01 -7.3837e+00 
143.0 9.0186e+00 -1.8782e+00 0.0000e+00 0.0000e+00 -1.8782e+00 8.4419e+00 0.0000e+00 0.0000e+00 0.0000e+00 0.0000e+00 -7.8356e+00 5.1098e-01 0.0000e+00 0.0000e+00 -5.1098e-01 -7.4726e+00 
144.0 9.0460e+00 -1.7691e+00 0.0000e+00 0.0000e+00 -1.7691e+00 8.4752e+00 0.0000e+00 0.0000e+00 0.0000e+00 0.0000e+00 -7.9227e+00 4.9792e-01 0.0000e+00 0.0000e+00 -4.9792e-01 -7.5589e+00 
145.0 9.0745e+00 -1.6625e+00 0.0000e+00 0.0000e+00 -1.6625e+00 8.5095e+00 0.0000e+00 0.0000e+00 0.0000e+00 0.0000e+00 -8.0073e+00 4.8435e-01 0.0000e+00 0.0000e+00 -4.8435e-01 -7.6425e+00 
146.0 9.1041e+00 -1.5584e+00 0.0000e+00 0.0000e+00 -1.5584e+00 8.5447e+00 0.0000e+00 0.0000e+00 0.0000e+00 0.0000e+00 -8.0894e+00 4.7027e-01 0.0000e+00 0.0000e+00 -4.7027e-01 -7.7235e+00 
147.0 9.1347e+00 -1.4571e+00 0.0000e+00 0.0000e+00 -1.4571e+00 8.5805e+00 0.0000e+00 0.0000e+00 0.0000e+00 0.0000e+00 -8.1691e+00 4.5568e-01 0.0000e+00 0.0000e+00 -4.5568e-01 -7.8018e+00 
148.0 9.1662e+00 -1.3584e+00 0.0000e+00 0.0000e+00 -1.3584e+00 8.6170e+00 0.0000e+00 0.0000e+00 0.0000e+00 0.0000e+00 -8.2464e+00 4.4062e-01 0.0000e+00 0.0000e+00 -4.4062e-01 -7.8776e+00 
149.0 9.1986e+00 -1.2626e+00 0.0000e+00 0.0000e+00 -1.2626e+00 8.6540e+00 0.0000e+00 0.0000e+00 0.0000e+00 0.0000e+00 -8.3215e+00 4.2513e-01 0.0000e+00 0.0000e+00 -4.2513e-01 -7.9508e+00 
150.0 9.2318e+00 -1.1695e+00 0.0000e+00 0.0000e+00 -1.1695e+00 8.6915e+00 0.0000e+00 0.0000e+00 0.0000e+00 0.0000e+00 -8.3941e+00 4.0924e-01 0.0000e+00 0.0000e+00 -4.0924e-01 -8.0213e+00 
151.0 9.2658e+00 -1.0794e+00 0.0000e+00 0.0000e+00 -1.0794e+00 8.7296e+00 0.0000e+00 0.0000e+00 0.0000e+00 0.0000e+00 -8.4645e+00 3.9299e-01 0.0000e+00 0.0000e+00 -3.9299e-01 -8.0893e+00 
152.0 9.3006e+00 -9.9217e-01 0.0000e+00 0.0000e+00 -9.9217e-01 8.7679e+00 0.0000e+00 0.0000e+00 0.0000e+00 0.0000e+00 -8.5327e+00 3.7641e-01 0.0000e+00 0.0000e+00 -3.7641e-01 -8.1548e+00 
153.0 9.3362e+00 -9.0797e-01 0.0000e+00 0.0000e+00 -9.0797e-01 8.8066e+00 0.0000e+00 0.0000e+00 0.0000e+00 0.0000e+00 -8.5986e+00 3.5948e-01 0.0000e+00 0.0000e+00 -3.5948e-01 -8.2176e+00 
154.0 9.3723e+00 -8.2686e-01 0.0000e+00 0.0000e+00 -8.2686e-01 8.8455e+00 0.0000e+00 0.0000e+00 0.0000e+00 0.0000e+00 -8.6622e+00 3.4218e-01 0.0000e+00 0.0000e+00 -3.4218e-01 -8.2778e+00 
155.0 9.4091e+00 -7.4891e-01 0.0000e+00 0.0000e+00 -7.4891e-01 8.8844e+00 0.0000e+00 0.0000e+00 0.0000e+00 0.0000e+00 -8.7237e+00 3.2444e-01 0.0000e+00 0.0000e+00 -3.2444e-01 -8.3355e+00 
156.0 9.4463e+00 -6.7423e-01 0.0000e+00 0.0000e+00 -6.7423e-01 8.9233e+00 0.0000e+00 0.0000e+00 0.0000e+00 0.0000e+00 -8.7830e+00 3.0620e-01 0.0000e+00 0.0000e+00 -3.0620e-01 -8.3906e+00 
157.0 9.4837e+00 -6.0294e-01 0.0000e+00 0.0000e+00 -6.0294e-01 8.9620e+00 0.0000e+00 0.0000e+00 0.0000e+00 0.0000e+00 -8.8402e+00 2.8734e-01 0.0000e+00 0.0000e+00 -2.8734e-01 -8.4432e+00 
158.0 9.5212e+00 -5.3523e-01 0.0000e+00 0.0000e+00 -5.3523e-01 9.0002e+00 0.0000e+00 0.0000e+00 0.0000e+00 0.0000e+00 -8.8953e+00 2.6769e-01 0.0000e+00 0.0000e+00 -2.6769e-01 -8.4932e+00 
159.0 9.5585e+00 -4.7128e-01 0.0000e+00 0.0000e+00 -4.7128e-01 9.0376e+00 0.0000e+00 0.0000e+00 0.0000e+00 0.0000e+00 -8.9484e+00 2.4708e-01 0.0000e+00 0.0000e+00 -2.4708e-01 -8.5407e+00 
160.0 9.5953e+00 -4.1131e-01 0.0000e+00 0.0000e+00 -4.1131e-01 9.0738e+00 0.0000e+00 0.0000e+00 0.0000e+00 0.0000e+00 -8.9996e+00 2.2532e-01 0.0000e+00 0.0000e+00 -2.2532e-01 -8.5856e+00 
161.0 9.6315e+00 -3.5554e-01 0.0000e+00 0.0000e+00 -3.5554e-01 9.1084e+00 0.0000e+00 0.0000e+00 0.0000e+00 0.0000e+00 -9.0489e+00 2.0228e-01 0.0000e+00 0.0000e+00 -2.0228e-01 -8.6279e+00 
162.0 9.6671e+00 -3.0416e-01 0.0000e+00 0.0000e+00 -3.0416e-01 9.1413e+00 0.0000e+00 0.0000e+00 0.0000e+00 0.0000e+00 -9.0966e+00 1.7789e-01 0.0000e+00 0.0000e+00 -1.7789e-01 -8.6673e+00 
163.0 9.7021e+00 -2.5732e-01 0.0000e+00 0.0000e+00 -2.5732e-01 9.1722e+00 0.0000e+00 0.0000e+00 0.0000e+00 0.0000e+00 -9.1429e+00 1.5221e-01 0.0000e+00 0.0000e+00 -1.5221e-01 -8.7038e+00 
164.0 9.7367e+00 -2.1514e-01 0.0000e+00 0.0000e+00 -2.1514e-01 9.2011e+00 0.0000e+00 0.0000e+00 0.0000e+00 0.0000e+00 -9.1878e+00 1.2543e-01 0.0000e+00 0.0000e+00 -1.2543e-01 -8.7372e+00 
165.0 9.7715e+00 -1.7766e-01 0.0000e+00 0.0000e+00 -1.7766e-01 9.2279e+00 0.0000e+00 0.0000e+00 0.0000e+00 0.0000e+00 -9.2318e+00 9.7888e-02 0.0000e+00 0.0000e+00 -9.7888e-02 -8.7673e+00 
166.0 9.8068e+00 -1.4487e-01 0.0000e+00 0.0000e+00 -1.4487e-01 9.2528e+00 0.0000e+00 0.0000e+00 0.0000e+00 0.0000e+00 -9.2751e+00 7.0059e-02 0.0000e+00 0.0000e+00 -7.0059e-02 -8.7939e+00 
167.0 9.8434e+00 -1.1667e-01 0.0000e+00 0.0000e+00 -1.1667e-01 9.2760e+00 0.0000e+00 0.0000e+00 0.0000e+00 0.0000e+00 -9.3181e+00 4.2585e-02 0.0000e+00 0.0000e+00 -4.2585e-02 -8.8167e+00 
168.0 9.8823e+00 -9.2889e-02 0.0000e+00 0.0000e+00 -9.2889e-02 9.2979e+00 0.0000e+00 0.0000e+00 0.0000e+00 0.0000e+00 -9.3611e+00 1.6282e-02 0.0000e+00 0.0000e+00 -1.6282e-02 -8.8356e+00 
169.0 9.9242e+00 -7.3252e-02 0.0000e+00 0.0000e+00 -7.3252e-02 9.3190e+00 0.0000e+00 0.0000e+00 0.0000e+00 0.0000e+00 -9.4045e+00 -7.8373e-03 0.0000e+00 0.0000e+00 7.8373e-03 -8.8503e+00 
170.0 9.9704e+00 -5.7376e-02 0.0000e+00 0.0000e+00 -5.7376e-02 9.3400e+00 0.0000e+00 0.0000e+00 0.0000e+00 0.0000e+00 -9.4485e+00 -2.8554e-02 0.0000e+00 0.0000e+00 2.8554e-02 -8.8607e+00 
171.0 1.0022e+01 -4.4745e-02 0.0000e+00 0.0000e+00 -4.4745e-02 9.3617e+00 0.0000e+00 0.0000e+00 0.0000e+00 0.0000e+00 -9.4933e+00 -4.4522e-02 0.0000e+00 0.0000e+00 4.4522e-02 -8.8668e+00 
172.0 1.0079e+01 -3.4724e-02 0.0000e+00 0.0000e+00 -3.4724e-02 9.3851e+00 0.0000e+00 0.0000e+00 0.0000e+00 0.0000e+00 -9.5385e+00 -5.4436e-02 0.0000e+00 0.0000e+00 5.4436e-02 -8.8688e+00 
173.0 1.0143e+01 -2.6618e-02 0.0000e+00 0.0000e+00 -2.6618e-02 9.4109e+00 0.0000e+00 0.0000e+00 0.0000e+00 0.0000e+00 -9.5835e+00 -5.7346e-02 0.0000e+00 0.0000e+00 5.7346e-02 -8.8670e+00 
174.0 1.0211e+01 -1.9778e-02 0.0000e+00 0.0000e+00 -1.9778e-02 9.4391e+00 0.0000e+00 0.0000e+00 0.0000e+00 0.0000e+00 -9.6271e+00 -5.3099e-02 0.0000e+00 0.0000e+00 5.3099e-02 -8.8622e+00 
175.0 1.0280e+01 -1.3751e-02 0.0000e+00 0.0000e+00 -1.3751e-02 9.4688e+00 0.0000e+00 0.0000e+00 0.0000e+00 0.0000e+00 -9.6676e+00 -4.2744e-02 0.0000e+00 0.0000e+00 4.2744e-02 -8.8553e+00 
176.0 1.0345e+01 -8.4138e-03 0.0000e+00 0.0000e+00 -8.4138e-03 9.4978e+00 0.0000e+00 0.0000e+00 0.0000e+00 0.0000e+00 -9.7028e+00 -2.8707e-02 0.0000e+00 0.0000e+00 2.8707e-02 -8.8478e+00 
177.0 1.0399e+01 -4.0093e-03 0.0000e+00 0.0000e+00 -4.0093e-03 9.5226e+00 0.0000e+00 0.0000e+00 0.0000e+00 0.0000e+00 -9.7303e+00 -1.4506e-02 0.0000e+00 0.0000e+00 1.4506e-02 -8.8411e+00 
178.0 1.0436e+01 -1.0373e-03 0.0000e+00 0.0000e+00 -1.0373e-03 9.5395e+00 0.0000e+00 0.0000e+00 0.0000e+00 0.0000e+00 -9.7478e+00 -3.9524e-03 0.0000e+00 0.0000e+00 3.9524e-03 -8.8364e+00 
179.0 1.0448e+01 -2.0678e-20 0.0000e+00 0.0000e+00 -2.0678e-20 9.5455e+00 0.0000e+00 0.0000e+00 0.0000e+00 0.0000e+00 -9.7539e+00 -4.0598e-20 0.0000e+00 0.0000e+00 4.0598e-20 -8.8347e+00 
180.0 1.0461e+01 0.0000e+00 0.0000e+00 0.0000e+00 0.0000e+00 9.5515e+00 0.0000e+00 0.0000e+00 0.0000e+00 0.0000e+00 -9.7599e+00 0.0000e+00 0.0000e+00 0.0000e+00 -0.0000e+00 -8.8331e+00 
