1.7371 2.2181 0.4810 0.063795
theta s11 s12 s13 s14 s21 s22 s23 s24 s31 s32 s33 s34 s41 s42 s43 s44
0.0 8.2220e+02 0.0000e+00 0.0000e+00 0.0000e+00 0.0000e+00 8.2115e+02 0.0000e+00 0.0000e+00 0.0000e+00 0.0000e+00 8.2115e+02 0.0000e+00 0.0000e+00 0.0000e+00 -0.0000e+00 8.2011e+02 
1.0 7.6303e+02 -2.5843e-02 0.0000e+00 0.0000e+00 -2.5843e-02 7.6199e+02 0.0000e+00 0.0000e+00 0.0000e+00 0.0000e+00 7.6199e+02 -3.3366e-01 0.0000e+00 0.0000e+00 3.3366e-01 7.6095e+02 
2.0 6.6694e+02 -7.0945e-02 0.0000e+00 0.0000e+00 -7.0945e-02 6.6591e+02 0.0000e+00 0.0000e+00 0.0000e+00 0.0000e+00 6.6590e+02 -1.1996e+00 0.0000e+00 0.0000e+00 1.1996e+00 6.6488e+02 
3.0 5.7293e+02 -1.1263e-01 0.0000e+00 0.0000e+00 -1.1263e-01 5.7191e+02 0.0000e+00 0.0000e+00 0.0000e+00 0.0000e+00 5.7190e+02 -2.3027e+00 0.0000e+00 0.0000e+00 2.3027e+00 5.7089e+02 
4.0 4.8626e+02 -1.4880e-01 0.0000e+00 0.0000e+00 -1.4880e-01 4.8526e+02 0.0000e+00 0.0000e+00 0.0000e+00 0.0000e+00 4.8523e+02 -3.3762e+00 0.0000e+00 0.0000e+00 3.3762e+00 4.8425e+02 
5.0 4.1010e+02 -1.8586e-01 0.0000e+00 0.0000e+00 -1.8586e-01 4.0912e+02 0.0000e+00 0.0000e+00 0.0000e+00 0.0000e+00 4.0906e+02 -4.2592e+00 0.0000e+00 0.0000e+00 4.2592e+00 4.0811e+02 
6.0 3.4552e+02 -2.3294e-01 0.0000e+00 0.0000e+00 -2.3294e-01 3.4456e+02 0.0000e+00 0.0000e+00 0.0000e+00 0.0000e+00 3.4447e+02 -4.8796e+00 0.0000e+00 0.0000e+00 4.8796e+00 3.4355e+02 
7.0 2.9219e+02 -2.9747e-01 0.0000e+00 0.0000e+00 -2.9747e-01 2.9126e+02 0.0000e+00 0.0000e+00 0.0000e+00 0.0000e+00 2.9113e+02 -5.2275e+00 0.0000e+00 0.0000e+00 5.2275e+00 2.9024e+02 
8.0 2.4899e+02 -3.8261e-01 0.0000e+00 0.0000e+00 -3.8261e-01 2.4807e+02 0.0000e+00 0.0000e+00 0.0000e+00 0.0000e+00 2.4790e+02 -5.3359e+00 0.0000e+00 0.0000e+00 5.3359e+00 2.4704e+02 
9.0 2.1440e+02 -4.8756e-01 0.0000e+00 0.0000e+00 -4.8756e-01 2.1351e+02 0.0000e+00 0.0000e+00 0.0000e+00 0.0000e+00 2.1329e+02 -5.2588e+00 0.0000e+00 0.0000e+00 5.2588e+00 2.1246e+02 
10.0 1.8687e+02 -6.0889e-01 0.0000e+00 0.0000e+00 -6.0889e-01 1.8600e+02 0.0000e+00 0.0000e+00 0.0000e+00 0.0000e+00 1.8574e+02 -5.0543e+00 0.0000e+00 0.0000e+00 5.0543e+00 1.8494e+02 
11.0 1.6497e+02 -7.4210e-01 0.0000e+00 0.0000e+00 -7.4210e-01 1.6411e+02 0.0000e+00 0.0000e+00 0.0000e+00 0.0000e+00 1.6383e+02 -4.7749e+00 0.0000e+00 0.0000e+00 4.7749e+00 1.6305e+02 
12.0 1.4744e+02 -8.8285e-01 0.0000e+00 0.0000e+00 -8.8285e-01 1.4660e+02 0.0000e+00 0.0000e+00 0.0000e+00 0.0000e+00 1.4629e+02 -4.4623e+00 0.0000e+00 0.0000e+00 4.4623e+00 1.4554e+02 
13.0 1.3329e+02 -1.0286e+00 0.0000e+00 0.0000e+00 -1.0286e+00 1.3246e+02 0.0000e+00 0.0000e+00 0.0000e+00 0.0000e+00 1.3213e+02 -4.1438e+00 0.0000e+00 0.0000e+00 4.1438e+00 1.3140e+02 
14.0 1.2173e+02 -1.1735e+00 0.0000e+00 0.0000e+00 -1.1735e+00 1.2092e+02 0.0000e+00 0.0000e+00 0.0000e+00 0.0000e+00 1.2057e+02 -3.8459e+00 0.0000e+00 0.0000e+00 3.8459e+00 1.1986e+02 
15.0 1.1215e+02 -1.3187e+00 0.0000e+00 0.0000e+00 -1.3187e+00 1.1135e+02 0.0000e+00 0.0000e+00 0.0000e+00 0.0000e+00 1.1098e+02 -3.5714e+00 0.0000e+00 0.0000e+00 3.5714e+00 1.1030e+02 
16.0 1.0408e+02 -1.4619e+00 0.0000e+00 0.0000e+00 -1.4619e+00 1.0329e+02 0.0000e+00 0.0000e+00 0.0000e+00 0.0000e+00 1.0292e+02 -3.3273e+00 0.0000e+00 0.0000e+00 3.3273e+00 1.0225e+02 
17.0 9.7170e+01 -1.6022e+00 0.0000e+00 0.0000e+00 -1.6022e+00 9.6391e+01 0.0000e+00 0.0000e+00 0.0000e+00 0.0000e+00 9.6004e+01 -3.1142e+00 0.0000e+00 0.0000e+00 3.1142e+00 9.5362e+01 
18.0 9.1150e+01 -1.7389e+00 0.0000e+00 0.0000e+00 -1.7389e+00 9.0381e+01 0.0000e+00 0.0000e+00 0.0000e+00 0.0000e+00 8.9984e+01 -2.9305e+00 0.0000e+00 0.0000e+00 2.9305e+00 8.9362e+01 
19.0 8.5825e+01 -1.8718e+00 0.0000e+00 0.0000e+00 -1.8718e+00 8.5066e+01 0.0000e+00 0.0000e+00 0.0000e+00 0.0000e+00 8.4919e+01 -2.7733e+00 0.0000e+00 0.0000e+00 2.7733e+00 8.4321e+01 
20.0 8.1052e+01 -2.0011e+00 0.0000e+00 0.0000e+00 -2.0011e+00 8.0303e+01 0.0000e+00 0.0000e+00 0.0000e+00 0.0000e+00 8.0379e+01 -2.6392e+00 0.0000e+00 0.0000e+00 2.6392e+00 7.9801e+01 
21.0 7.6726e+01 -2.1271e+00 0.0000e+00 0.0000e+00 -2.1271e+00 7.5986e+01 0.0000e+00 0.0000e+00 0.0000e+00 0.0000e+00 7.6262e+01 -2.5247e+00 0.0000e+00 0.0000e+00 2.5247e+00 7.5703e+01 
22.0 7.2766e+01 -2.2502e+00 0.0000e+00 0.0000e+00 -2.2502e+00 7.2036e+01 0.0000e+00 0.0000e+00 0.0000e+00 0.0000e+00 7.2491e+01 -2.4264e+00 0.0000e+00 0.0000e+00 2.4264e+00 7.1949e+01 
23.0 6.9111e+01 -2.3704e+00 0.0000e+00 0.0000e+00 -2.3704e+00 6.8390e+01 0.0000e+00 0.0000e+00 0.0000e+00 0.0000e+00 6.9006e+01 -2.3413e+00 0.0000e+00 0.0000e+00 2.3413e+00 6.8481e+01 
24.0 6.5714e+01 -2.4879e+00 0.0000e+00 0.0000e+00 -2.4879e+00 6.5001e+01 0.0000e+00 0.0000e+00 0.0000e+00 0.0000e+00 6.5763e+01 -2.2668e+00 0.0000e+00 0.0000e+00 2.2668e+00 6.5254e+01 
25.0 6.2539e+01 -2.6023e+00 0.0000e+00 0.0000e+00 -2.6023e+00 6.1835e+01 0.0000e+00 0.0000e+00 0.0000e+00 0.0000e+00 6.2728e+01 -2.2006e+00 0.0000e+00 0.0000e+00 2.2006e+00 6.2233e+01 
26.0 5.9560e+01 -2.7134e+00 0.0000e+00 0.0000e+00 -2.7134e+00 5.8864e+01 0.0000e+00 0.0000e+00 0.0000e+00 0.0000e+00 5.9876e+01 -2.1407e+00 0.0000e+00 0.0000e+00 2.1407e+00 5.9395e+01 
27.0 5.6756e+01 -2.8208e+00 0.0000e+00 0.0000e+00 -2.8208e+00 5.6069e+01 0.0000e+00 0.0000e+00 0.0000e+00 0.0000e+00 5.7187e+01 -2.0857e+00 0.0000e+00 0.0000e+00 2.0857e+00 5.6720e+01 
28.0 5.4113e+01 -2.9246e+00 0.0000e+00 0.0000e+00 -2.9246e+00 5.3433e+01 0.0000e+00 0.0000e+00 0.0000e+00 0.0000e+00 5.4647e+01 -2.0344e+00 0.0000e+00 0.0000e+00 2.0344e+00 5.4194e+01 
29.0 5.1616e+01 -3.0244e+00 0.0000e+00 0.0000e+00 -3.0244e+00 5.0944e+01 0.0000e+00 0.0000e+00 0.0000e+00 0.0000e+00 5.2244e+01 -1.9858e+00 0.0000e+00 0.0000e+00 1.9858e+00 5.1803e+01 
30.0 4.9254e+01 -3.1203e+00 0.0000e+00 0.0000e+00 -3.1203e+00 4.8589e+01 0.0000e+00 0.0000e+00 0.0000e+00 0.0000e+00 4.9966e+01 -1.9394e+00 0.0000e+00 0.0000e+00 1.9394e+00 4.9538e+01 
31.0 4.7015e+01 -3.2120e+00 0.0000e+00 0.0000e+00 -3.2120e+00 4.6358e+01 0.0000e+00 0.0000e+00 0.0000e+00 0.0000e+00 4.7607e+01 -1.8946e+00 0.0000e+00 0.0000e+00 1.8946e+00 4.7193e+01 
32.0 4.4891e+01 -3.2994e+00 0.0000e+00 0.0000e+00 -3.2994e+00 4.4242e+01 0.0000e+00 0.0000e+00 0.0000e+00 0.0000e+00 4.5366e+01 -1.8513e+00 0.0000e+00 0.0000e+00 1.8513e+00 4.4967e+01 
33.0 4.2872e+01 -3.3821e+00 0.0000e+00 0.0000e+00 -3.3821e+00 4.2230e+01 0.0000e+00 0.0000e+00 0.0000e+00 0.0000e+00 4.3236e+01 -1.8093e+00 0.0000e+00 0.0000e+00 1.8093e+00 4.2851e+01 
34.0 4.0950e+01 -3.4598e+00 0.0000e+00 0.0000e+00 -3.4598e+00 4.0315e+01 0.0000e+00 0.0000e+00 0.0000e+00 0.0000e+00 4.1208e+01 -1.7684e+00 0.0000e+00 0.0000e+00 1.7684e+00 4.0838e+01 
35.0 3.9118e+01 -3.5326e+00 0.0000e+00 0.0000e+00 -3.5326e+00 3.8490e+01 0.0000e+00 0.0000e+00 0.0000e+00 0.0000e+00 3.9276e+01 -1.7282e+00 0.0000e+00 0.0000e+00 1.7282e+00 3.8920e+01 
36.0 3.7372e+01 -3.6003e+00 0.0000e+00 0.0000e+00 -3.6003e+00 3.6751e+01 0.0000e+00 0.0000e+00 0.0000e+00 0.0000e+00 3.7434e+01 -1.6883e+00 0.0000e+00 0.0000e+00 1.6883e+00 3.7091e+01 
37.0 3.5708e+01 -3.6631e+00 0.0000e+00 0.0000e+00 -3.6631e+00 3.5093e+01 0.0000e+00 0.0000e+00 0.0000e+00 0.0000e+00 3.5678e+01 -1.6483e+00 0.0000e+00 0.0000e+00 1.6483e+00 3.5348e+01 
38.0 3.4122e+01 -3.7214e+00 0.0000e+00 0.0000e+00 -3.7214e+00 3.3513e+01 0.0000e+00 0.0000e+00 0.0000e+00 0.0000e+00 3.4002e+01 -1.6078e+00 0.0000e+00 0.0000e+00 1.6078e+00 3.3685e+01 
39.0 3.2611e+01 -3.7753e+00 0.0000e+00 0.0000e+00 -3.7753e+00 3.2009e+01 0.0000e+00 0.0000e+00 0.0000e+00 0.0000e+00 3.2405e+01 -1.5668e+00 0.0000e+00 0.0000e+00 1.5668e+00 3.2100e+01 
40.0 3.1172e+01 -3.8251e+00 0.0000e+00 0.0000e+00 -3.8251e+00 3.0576e+01 0.0000e+00 0.0000e+00 0.0000e+00 0.0000e+00 3.0882e+01 -1.5253e+00 0.0000e+00 0.0000e+00 1.5253e+00 3.0590e+01 
41.0 2.9803e+01 -3.8710e+00 0.0000e+00 0.0000e+00 -3.8710e+00 2.9213e+01 0.0000e+00 0.0000e+00 0.0000e+00 0.0000e+00 2.9430e+01 -1.4835e+00 0.0000e+00 0.0000e+00 1.4835e+00 2.9151e+01 
42.0 2.8500e+01 -3.9129e+00 0.0000e+00 0.0000e+00 -3.9129e+00 2.7917e+01 0.0000e+00 0.0000e+00 0.0000e+00 0.0000e+00 2.8047e+01 -1.4415e+00 0.0000e+00 0.0000e+00 1.4415e+00 2.7779e+01 
43.0 2.7260e+01 -3.9509e+00 0.0000e+00 0.0000e+00 -3.9509e+00 2.6682e+01 0.0000e+00 0.0000e+00 0.0000e+00 0.0000e+00 2.6728e+01 -1.3995e+00 0.0000e+00 0.0000e+00 1.3995e+00 2.6472e+01 
44.0 2.6079e+01 -3.9849e+00 0.0000e+00 0.0000e+00 -3.9849e+00 2.5507e+01 0.0000e+00 0.0000e+00 0.0000e+00 0.0000e+00 2.5470e+01 -1.3577e+00 0.0000e+00 0.0000e+00 1.3577e+00 2.5225e+01 
45.0 2.4954e+01 -4.0151e+00 0.0000e+00 0.0000e+00 -4.0151e+00 2.4387e+01 0.0000e+00 0.0000e+00 0.0000e+00 0.0000e+00 2.4269e+01 -1.3159e+00 0.0000e+00 0.0000e+00 1.3159e+00 2.4036e+01 
46.0 2.3881e+01 -4.0414e+00 0.0000e+00 0.0000e+00 -4.0414e+00 2.3320e+01 0.0000e+00 0.0000e+00 0.0000e+00 0.0000e+00 2.3124e+01 -1.2743e+00 0.0000e+00 0.0000e+00 1.2743e+00 2.2901e+01 
47.0 2.2859e+01 -4.0639e+00 0.0000e+00 0.0000e+00 -4.0639e+00 2.2303e+01 0.0000e+00 0.0000e+00 0.0000e+00 0.0000e+00 2.2030e+01 -1.2328e+00 0.0000e+00 0.0000e+00 1.2328e+00 2.1818e+01 
48.0 2.1885e+01 -4.0827e+00 0.0000e+00 0.0000e+00 -4.0827e+00 2.1334e+01 0.0000e+00 0.0000e+00 0.0000e+00 0.0000e+00 2.0986e+01 -1.1913e+00 0.0000e+00 0.0000e+00 1.1913e+00 2.0784e+01 
49.0 2.0957e+01 -4.0980e+00 0.0000e+00 0.0000e+00 -4.0980e+00 2.0411e+01 0.0000e+00 0.0000e+00 0.0000e+00 0.0000e+00 1.9989e+01 -1.1500e+00 0.0000e+00 0.0000e+00 1.1500e+00 1.9797e+01 
50.0 2.0071e+01 -4.1097e+00 0.0000e+00 0.0000e+00 -4.1097e+00 1.9530e+01 0.0000e+00 0.0000e+00 0.0000e+00 0.0000e+00 1.9037e+01 -1.1088e+00 0.0000e+00 0.0000e+00 1.1088e+00 1.8855e+01 
51.0 1.9228e+01 -4.1182e+00 0.0000e+00 0.0000e+00 -4.1182e+00 1.8691e+01 0.0000e+00 0.0000e+00 0.0000e+00 0.0000e+00 1.8127e+01 -1.0678e+00 0.0000e+00 0.0000e+00 1.0678e+00 1.7956e+01 
52.0 1.8424e+01 -4.1234e+00 0.0000e+00 0.0000e+00 -4.1234e+00 1.7892e+01 0.0000e+00 0.0000e+00 0.0000e+00 0.0000e+00 1.7259e+01 -1.0270e+00 0.0000e+00 0.0000e+00 1.0270e+00 1.7097e+01 
53.0 1.7658e+01 -4.1256e+00 0.0000e+00 0.0000e+00 -4.1256e+00 1.7130e+01 0.0000e+00 0.0000e+00 0.0000e+00 0.0000e+00 1.6429e+01 -9.8638e-01 0.0000e+00 0.0000e+00 9.8638e-01 1.6276e+01 
54.0 1.6928e+01 -4.1248e+00 0.0000e+00 0.0000e+00 -4.1248e+00 1.6404e+01 0.0000e+00 0.0000e+00 0.0000e+00 0.0000e+00 1.5637e+01 -9.4602e-01 0.0000e+00 0.0000e+00 9.4602e-01 1.5493e+01 
55.0 1.6232e+01 -4.1211e+00 0.0000e+00 0.0000e+00 -4.1211e+00 1.5713e+01 0.0000e+00 0.0000e+00 0.0000e+00 0.0000e+00 1.4880e+01 -9.0596e-01 0.0000e+00 0.0000e+00 9.0596e-01 1.4745e+01 
56.0 1.5569e+01 -4.1148e+00 0.0000e+00 0.0000e+00 -4.1148e+00 1.5054e+01 0.0000e+00 0.0000e+00 0.0000e+00 0.0000e+00 1.4157e+01 -8.6624e-01 0.0000e+00 0.0000e+00 8.6624e-01 1.4031e+01 
57.0 1.4938e+01 -4.1058e+00 0.0000e+00 0.0000e+00 -4.1058e+00 1.4427e+01 0.0000e+00 0.0000e+00 0.0000e+00 0.0000e+00 1.3465e+01 -8.2691e-01 0.0000e+00 0.0000e+00 8.2691e-01 1.3348e+01 
58.0 1.4337e+01 -4.0943e+00 0.0000e+00 0.0000e+00 -4.0943e+00 1.3830e+01 0.0000e+00 0.0000e+00 0.0000e+00 0.0000e+00 1.2805e+01 -7.8801e-01 0.0000e+00 0.0000e+00 7.8801e-01 1.2696e+01 
59.0 1.3764e+01 -4.0804e+00 0.0000e+00 0.0000e+00 -4.0804e+00 1.3260e+01 0.0000e+00 0.0000e+00 0.0000e+00 0.0000e+00 1.2174e+01 -7.4956e-01 0.0000e+00 0.0000e+00 7.4956e-01 1.2074e+01 
60.0 1.3218e+01 -4.0642e+00 0.0000e+00 0.0000e+00 -4.0642e+00 1.2718e+01 0.0000e+00 0.0000e+00 0.0000e+00 0.0000e+00 1.1570e+01 -7.1161e-01 0.0000e+00 0.0000e+00 7.1161e-01 1.1478e+01 
61.0 1.2698e+01 -4.0459e+00 0.0000e+00 0.0000e+00 -4.0459e+00 1.2202e+01 0.0000e+00 0.0000e+00 0.0000e+00 0.0000e+00 1.0993e+01 -6.7416e-01 0.0000e+00 0.0000e+00 6.7416e-01 1.0909e+01 
62.0 1.2203e+01 -4.0255e+00 0.0000e+00 0.0000e+00 -4.0255e+00 1.1710e+01 0.0000e+00 0.0000e+00 0.0000e+00 0.0000e+00 1.0442e+01 -6.3726e-01 0.0000e+00 0.0000e+00 6.3726e-01 1.0366e+01 
63.0 1.1731e+01 -4.0031e+00 0.0000e+00 0.0000e+00 -4.0031e+00 1.1241e+01 0.0000e+00 0.0000e+00 0.0000e+00 0.0000e+00 9.9143e+00 -6.0095e-01 0.0000e+00 0.0000e+00 6.0095e-01 9.8462e+00 
64.0 1.1281e+01 -3.9788e+00 0.0000e+00 0.0000e+00 -3.9788e+00 1.0795e+01 0.0000e+00 0.0000e+00 0.0000e+00 0.0000e+00 9.4100e+00 -5.6527e-01 0.0000e+00 0.0000e+00 5.6527e-01 9.3495e+00 
65.0 1.0853e+01 -3.9527e+00 0.0000e+00 0.0000e+00 -3.9527e+00 1.0370e+01 0.0000e+00 0.0000e+00 0.0000e+00 0.0000e+00 8.9276e+00 -5.3027e-01 0.0000e+00 0.0000e+00 5.3027e-01 8.8747e+00 
66.0 1.0445e+01 -3.9250e+00 0.0000e+00 0.0000e+00 -3.9250e+00 9.9645e+00 0.0000e+00 0.0000e+00 0.0000e+00 0.0000e+00 8.4661e+00 -4.9598e-01 0.0000e+00 0.0000e+00 4.9598e-01 8.4206e+00 
67.0 1.0056e+01 -3.8957e+00 0.0000e+00 0.0000e+00 -3.8957e+00 9.5786e+00 0.0000e+00 0.0000e+00 0.0000e+00 0.0000e+00 8.0246e+00 -4.6245e-01 0.0000e+00 0.0000e+00 4.6245e-01 7.9864e+00 
68.0 9.6853e+00 -3.8648e+00 0.0000e+00 0.0000e+00 -3.8648e+00 9.2110e+00 0.0000e+00 0.0000e+00 0.0000e+00 0.0000e+00 7.6021e+00 -4.2970e-01 0.0000e+00 0.0000e+00 4.2970e-01 7.5710e+00 
69.0 9.3323e+00 -3.8324e+00 0.0000e+00 0.0000e+00 -3.8324e+00 8.8608e+00 0.0000e+00 0.0000e+00 0.0000e+00 0.0000e+00 7.1977e+00 -3.9775e-01 0.0000e+00 0.0000e+00 3.9775e-01 7.1737e+00 
70.0 8.9959e+00 -3.7987e+00 0.0000e+00 0.0000e+00 -3.7987e+00 8.5272e+00 0.0000e+00 0.0000e+00 0.0000e+00 0.0000e+00 6.8106e+00 -3.6663e-01 0.0000e+00 0.0000e+00 3.6663e-01 6.7934e+00 
71.0 8.6754e+00 -3.7637e+00 0.0000e+00 0.0000e+00 -3.7637e+00 8.2094e+00 0.0000e+00 0.0000e+00 0.0000e+00 0.0000e+00 6.4399e+00 -3.3636e-01 0.0000e+00 0.0000e+00 3.3636e-01 6.4295e+00 
72.0 8.3700e+00 -3.7274e+00 0.0000e+00 0.0000e+00 -3.7274e+00 7.9066e+00 0.0000e+00 0.0000e+00 0.0000e+00 0.0000e+00 6.0848e+00 -3.0694e-01 0.0000e+00 0.0000e+00 3.0694e-01 6.0811e+00 
73.0 8.0790e+00 -3.6899e+00 0.0000e+00 0.0000e+00 -3.6899e+00 7.6182e+00 0.0000e+00 0.0000e+00 0.0000e+00 0.0000e+00 5.7448e+00 -2.7839e-01 0.0000e+00 0.0000e+00 2.7839e-01 5.7476e+00 
74.0 7.8017e+00 -3.6513e+00 0.0000e+00 0.0000e+00 -3.6513e+00 7.3435e+00 0.0000e+00 0.0000e+00 0.0000e+00 0.0000e+00 5.4189e+00 -2.5073e-01 0.0000e+00 0.0000e+00 2.5073e-01 5.4282e+00 
75.0 7.5375e+00 -3.6117e+00 0.0000e+00 0.0000e+00 -3.6117e+00 7.0818e+00 0.0000e+00 0.0000e+00 0.0000e+00 0.0000e+00 5.1067e+00 -2.2396e-01 0.0000e+00 0.0000e+00 2.2396e-01 5.1222e+00 
76.0 7.2857e+00 -3.5710e+00 0.0000e+00 0.0000e+00 -3.5710e+00 6.8325e+00 0.0000e+00 0.0000e+00 0.0000e+00 0.0000e+00 4.8074e+00 -1.9808e-01 0.0000e+00 0.0000e+00 1.9808e-01 4.8291e+00 
77.0 7.0458e+00 -3.5294e+00 0.0000e+00 0.0000e+00 -3.5294e+00 6.5951e+00 0.0000e+00 0.0000e+00 0.0000e+00 0.0000e+00 4.5204e+00 -1.7308e-01 0.0000e+00 0.0000e+00 1.7308e-01 4.5482e+00 
78.0 6.8172e+00 -3.4869e+00 0.0000e+00 0.0000e+00 -3.4869e+00 6.3690e+00 0.0000e+00 0.0000e+00 0.0000e+00 0.0000e+00 4.2452e+00 -1.4895e-01 0.0000e+00 0.0000e+00 1.4895e-01 4.2789e+00 
79.0 6.5993e+00 -3.4436e+00 0.0000e+00 0.0000e+00 -3.4436e+00 6.1536e+00 0.0000e+00 0.0000e+00 0.0000e+00 0.0000e+00 3.9812e+00 -1.2565e-01 0.0000e+00 0.0000e+00 1.2565e-01 4.0207e+00 
80.0 6.3917e+00 -3.3995e+00 0.0000e+00 0.0000e+00 -3.3995e+00 5.9484e+00 0.0000e+00 0.0000e+00 0.0000e+00 0.0000e+00 3.7279e+00 -1.0319e-01 0.0000e+00 0.0000e+00 1.0319e-01 3.7731e+00 
81.0 6.1939e+00 -3.3547e+00 0.0000e+00 0.0000e+00 -3.3547e+00 5.7531e+00 0.0000e+00 0.0000e+00 0.0000e+00 0.0000e+00 3.4849e+00 -8.1541e-02 0.0000e+00 0.0000e+00 8.1541e-02 3.5355e+00 
82.0 6.0055e+00 -3.3092e+00 0.0000e+00 0.0000e+00 -3.3092e+00 5.5671e+00 0.0000e+00 0.0000e+00 0.0000e+00 0.0000e+00 3.2516e+00 -6.0691e-02 0.0000e+00 0.0000e+00 6.0691e-02 3.3077e+00 
83.0 5.8259e+00 -3.2631e+00 0.0000e+00 0.0000e+00 -3.2631e+00 5.3901e+00 0.0000e+00 0.0000e+00 0.0000e+00 0.0000e+00 3.0277e+00 -4.0628e-02 0.0000e+00 0.0000e+00 4.0628e-02 3.0890e+00 
84.0 5.6549e+00 -3.2165e+00 0.0000e+00 0.0000e+00 -3.2165e+00 5.2215e+00 0.0000e+00 0.0000e+00 0.0000e+00 0.0000e+00 2.8126e+00 -2.1339e-02 0.0000e+00 0.0000e+00 2.1339e-02 2.8791e+00 
85.0 5.4919e+00 -3.1694e+00 0.0000e+00 0.0000e+00 -3.1694e+00 5.0610e+00 0.0000e+00 0.0000e+00 0.0000e+00 0.0000e+00 2.6061e+00 -2.8109e-03 0.0000e+00 0.0000e+00 2.8109e-03 2.6776e+00 
86.0 5.3367e+00 -3.1218e+00 0.0000e+00 0.0000e+00 -3.1218e+00 4.9083e+00 0.0000e+00 0.0000e+00 0.0000e+00 0.0000e+00 2.4078e+00 1.4972e-02 0.0000e+00 0.0000e+00 -1.4972e-02 2.4841e+00 
87.0 5.1888e+00 -3.0738e+00 0.0000e+00 0.0000e+00 -3.0738e+00 4.7630e+00 0.0000e+00 0.0000e+00 0.0000e+00 0.0000e+00 2.2172e+00 3.2027e-02 0.0000e+00 0.0000e+00 -3.2027e-02 2.2983e+00 
88.0 5.0480e+00 -3.0254e+00 0.0000e+00 0.0000e+00 -3.0254e+00 4.6247e+00 0.0000e+00 0.0000e+00 0.0000e+00 0.0000e+00 2.0341e+00 4.8371e-02 0.0000e+00 0.0000e+00 -4.8371e-02 2.1197e+00 
89.0 4.9139e+00 -2.9767e+00 0.0000e+00 0.0000e+00 -2.9767e+00 4.4931e+00 0.0000e+00 0.0000e+00 0.0000e+00 0.0000e+00 1.8580e+00 6.4019e-02 0.0000e+00 0.0000e+00 -6.4019e-02 1.9482e+00 
90.0 4.7862e+00 -2.9277e+00 0.0000e+00 0.0000e+00 -2.9277e+00 4.3680e+00 0.0000e+00 0.0000e+00 0.0000e+00 0.0000e+00 1.6888e+00 7.8989e-02 0.0000e+00 0.0000e+00 -7.8989e-02 1.7833e+00 
91.0 4.6646e+00 -2.8784e+00 0.0000e+00 0.0000e+00 -2.8784e+00 4.2490e+00 0.0000e+00 0.0000e+00 0.0000e+00 0.0000e+00 1.5262e+00 9.3297e-02 0.0000e+00 0.0000e+00 -9.3297e-02 1.6247e+00 
92.0 4.5488e+00 -2.8289e+00 0.0000e+00 0.0000e+00 -2.8289e+00 4.1359e+00 0.0000e+00 0.0000e+00 0.0000e+00 0.0000e+00 1.3697e+00 1.0696e-01 0.0000e+00 0.0000e+00 -1.0696e-01 1.4723e+00 
93.0 4.4387e+00 -2.7793e+00 0.0000e+00 0.0000e+00 -2.7793e+00 4.0284e+00 0.0000e+00 0.0000e+00 0.0000e+00 0.0000e+00 1.2192e+00 1.1999e-01 0.0000e+00 0.0000e+00 -1.1999e-01 1.3257e+00 
94.0 4.3339e+00 -2.7294e+00 0.0000e+00 0.0000e+00 -2.7294e+00 3.9263e+00 0.0000e+00 0.0000e+00 0.0000e+00 0.0000e+00 1.0745e+00 1.3240e-01 0.0000e+00 0.0000e+00 -1.3240e-01 1.1847e+00 
95.0 4.2343e+00 -2.6795e+00 0.0000e+00 0.0000e+00 -2.6795e+00 3.8293e+00 0.0000e+00 0.0000e+00 0.0000e+00 0.0000e+00 9.3518e-01 1.4422e-01 0.0000e+00 0.0000e+00 -1.4422e-01 1.0490e+00 
96.0 4.1395e+00 -2.6294e+00 0.0000e+00 0.0000e+00 -2.6294e+00 3.7373e+00 0.0000e+00 0.0000e+00 0.0000e+00 0.0000e+00 8.0114e-01 1.5545e-01 0.0000e+00 0.0000e+00 -1.5545e-01 9.1846e-01 
97.0 4.0494e+00 -2.5792e+00 0.0000e+00 0.0000e+00 -2.5792e+00 3.6499e+00 0.0000e+00 0.0000e+00 0.0000e+00 0.0000e+00 6.7213e-01 1.6612e-01 0.0000e+00 0.0000e+00 -1.6612e-01 7.9276e-01 
98.0 3.9639e+00 -2.5291e+00 0.0000e+00 0.0000e+00 -2.5291e+00 3.5671e+00 0.0000e+00 0.0000e+00 0.0000e+00 0.0000e+00 5.4794e-01 1.7622e-01 0.0000e+00 0.0000e+00 -1.7622e-01 6.7172e-01 
99.0 3.8826e+00 -2.4788e+00 0.0000e+00 0.0000e+00 -2.4788e+00 3.4886e+00 0.0000e+00 0.0000e+00 0.0000e+00 0.0000e+00 4.2837e-01 1.8578e-01 0.0000e+00 0.0000e+00 -1.8578e-01 5.5515e-01 
100.0 3.8054e+00 -2.4286e+00 0.0000e+00 0.0000e+00 -2.4286e+00 3.4142e+00 0.0000e+00 0.0000e+00 0.0000e+00 0.0000e+00 3.1322e-01 1.9480e-01 0.0000e+00 0.0000e+00 -1.9480e-01 4.4285e-01 
101.0 3.7321e+00 -2.3784e+00 0.0000e+00 0.0000e+00 -2.3784e+00 3.3438e+00 0.0000e+00 0.0000e+00 0.0000e+00 0.0000e+00 2.0231e-01 2.0331e-01 0.0000e+00 0.0000e+00 -2.0331e-01 3.3464e-01 
102.0 3.6626e+00 -2.3282e+00 0.0000e+00 0.0000e+00 -2.3282e+00 3.2772e+00 0.0000e+00 0.0000e+00 0.0000e+00 0.0000e+00 9.5465e-02 2.1131e-01 0.0000e+00 0.0000e+00 -2.1131e-01 2.3034e-01 
103.0 3.5968e+00 -2.2781e+00 0.0000e+00 0.0000e+00 -2.2781e+00 3.2143e+00 0.0000e+00 0.0000e+00 0.0000e+00 0.0000e+00 -7.4905e-03 2.1881e-01 0.0000e+00 0.0000e+00 -2.1881e-01 1.2977e-01 
104.0 3.5344e+00 -2.2280e+00 0.0000e+00 0.0000e+00 -2.2280e+00 3.1549e+00 0.0000e+00 0.0000e+00 0.0000e+00 0.0000e+00 -1.0672e-01 2.2584e-01 0.0000e+00 0.0000e+00 -2.2584e-01 3.2786e-02 
105.0 3.4753e+00 -2.1781e+00 0.0000e+00 0.0000e+00 -2.1781e+00 3.0988e+00 0.0000e+00 0.0000e+00 0.0000e+00 0.0000e+00 -2.0236e-01 2.3240e-01 0.0000e+00 0.0000e+00 -2.3240e-01 -6.0776e-02 
106.0 3.4194e+00 -2.1282e+00 0.0000e+00 0.0000e+00 -2.1282e+00 3.0459e+00 0.0000e+00 0.0000e+00 0.0000e+00 0.0000e+00 -2.9459e-01 2.3851e-01 0.0000e+00 0.0000e+00 -2.3851e-01 -1.5106e-01 
107.0 3.3665e+00 -2.0784e+00 0.0000e+00 0.0000e+00 -2.0784e+00 2.9962e+00 0.0000e+00 0.0000e+00 0.0000e+00 0.0000e+00 -3.8352e-01 2.4418e-01 0.0000e+00 0.0000e+00 -2.4418e-01 -2.3820e-01 
108.0 3.3166e+00 -2.0287e+00 0.0000e+00 0.0000e+00 -2.0287e+00 2.9494e+00 0.0000e+00 0.0000e+00 0.0000e+00 0.0000e+00 -4.6931e-01 2.4944e-01 0.0000e+00 0.0000e+00 -2.4944e-01 -3.2233e-01 
109.0 3.2695e+00 -1.9792e+00 0.0000e+00 0.0000e+00 -1.9792e+00 2.9055e+00 0.0000e+00 0.0000e+00 0.0000e+00 0.0000e+00 -5.5207e-01 2.5429e-01 0.0000e+00 0.0000e+00 -2.5429e-01 -4.0357e-01 
110.0 3.2251e+00 -1.9299e+00 0.0000e+00 0.0000e+00 -1.9299e+00 2.8643e+00 0.0000e+00 0.0000e+00 0.0000e+00 0.0000e+00 -6.3193e-01 2.5876e-01 0.0000e+00 0.0000e+00 -2.5876e-01 -4.8205e-01 
111.0 3.1833e+00 -1.8807e+00 0.0000e+00 0.0000e+00 -1.8807e+00 2.8258e+00 0.0000e+00 0.0000e+00 0.0000e+00 0.0000e+00 -7.0902e-01 2.6285e-01 0.0000e+00 0.0000e+00 -2.6285e-01 -5.5788e-01 
112.0 3.1440e+00 -1.8317e+00 0.0000e+00 0.0000e+00 -1.8317e+00 2.7897e+00 0.0000e+00 0.0000e+00 0.0000e+00 0.0000e+00 -7.8343e-01 2.6658e-01 0.0000e+00 0.0000e+00 -2.6658e-01 -6.3116e-01 
113.0 3.1070e+00 -1.7830e+00 0.0000e+00 0.0000e+00 -1.7830e+00 2.7561e+00 0.0000e+00 0.0000e+00 0.0000e+00 0.0000e+00 -8.5529e-01 2.6997e-01 0.0000e+00 0.0000e+00 -2.6997e-01 -7.0199e-01 
114.0 3.0724e+00 -1.7345e+00 0.0000e+00 0.0000e+00 -1.7345e+00 2.7249e+00 0.0000e+00 0.0000e+00 0.0000e+00 0.0000e+00 -9.2468e-01 2.7301e-01 0.0000e+00 0.0000e+00 -2.7301e-01 -7.7048e-01 
115.0 3.0401e+00 -1.6863e+00 0.0000e+00 0.0000e+00 -1.6863e+00 2.6959e+00 0.0000e+00 0.0000e+00 0.0000e+00 0.0000e+00 -9.9172e-01 2.7574e-01 0.0000e+00 0.0000e+00 -2.7574e-01 -8.3671e-01 
116.0 3.0098e+00 -1.6383e+00 0.0000e+00 0.0000e+00 -1.6383e+00 2.6690e+00 0.0000e+00 0.0000e+00 0.0000e+00 0.0000e+00 -1.0565e+00 2.7814e-01 0.0000e+00 0.0000e+00 -2.7814e-01 -9.0077e-01 
117.0 2.9816e+00 -1.5907e+00 0.0000e+00 0.0000e+00 -1.5907e+00 2.6442e+00 0.0000e+00 0.0000e+00 0.0000e+00 0.0000e+00 -1.1191e+00 2.8024e-01 0.0000e+00 0.0000e+00 -2.8024e-01 -9.6274e-01 
118.0 2.9554e+00 -1.5434e+00 0.0000e+00 0.0000e+00 -1.5434e+00 2.6214e+00 0.0000e+00 0.0000e+00 0.0000e+00 0.0000e+00 -1.1796e+00 2.8203e-01 0.0000e+00 0.0000e+00 -2.8203e-01 -1.0227e+00 
119.0 2.9310e+00 -1.4965e+00 0.0000e+00 0.0000e+00 -1.4965e+00 2.6005e+00 0.0000e+00 0.0000e+00 0.0000e+00 0.0000e+00 -1.2381e+00 2.8353e-01 0.0000e+00 0.0000e+00 -2.8353e-01 -1.0807e+00 
120.0 2.9085e+00 -1.4499e+00 0.0000e+00 0.0000e+00 -1.4499e+00 2.5815e+00 0.0000e+00 0.0000e+00 0.0000e+00 0.0000e+00 -1.2946e+00 2.8474e-01 0.0000e+00 0.0000e+00 -2.8474e-01 -1.1369e+00 
121.0 2.8878e+00 -1.4038e+00 0.0000e+00 0.0000e+00 -1.4038e+00 2.5642e+00 0.0000e+00 0.0000e+00 0.0000e+00 0.0000e+00 -1.3493e+00 2.8566e-01 0.0000e+00 0.0000e+00 -2.8566e-01 -1.1913e+00 
122.0 2.8687e+00 -1.3580e+00 0.0000e+00 0.0000e+00 -1.3580e+00 2.5486e+00 0.0000e+00 0.0000e+00 0.0000e+00 0.0000e+00 -1.4022e+00 2.8628e-01 0.0000e+00 0.0000e+00 -2.8628e-01 -1.2439e+00 
123.0 2.8513e+00 -1.3127e+00 0.0000e+00 0.0000e+00 -1.3127e+00 2.5345e+00 0.0000e+00 0.0000e+00 0.0000e+00 0.0000e+00 -1.4534e+00 2.8661e-01 0.0000e+00 0.0000e+00 -2.8661e-01 -1.2949e+00 
124.0 2.8353e+00 -1.2679e+00 0.0000e+00 0.0000e+00 -1.2679e+00 2.5221e+00 0.0000e+00 0.0000e+00 0.0000e+00 0.0000e+00 -1.5030e+00 2.8665e-01 0.0000e+00 0.0000e+00 -2.8665e-01 -1.3444e+00 
125.0 2.8209e+00 -1.2235e+00 0.0000e+00 0.0000e+00 -1.2235e+00 2.5110e+00 0.0000e+00 0.0000e+00 0.0000e+00 0.0000e+00 -1.5510e+00 2.8639e-01 0.0000e+00 0.0000e+00 -2.8639e-01 -1.3922e+00 
126.0 2.8079e+00 -1.1796e+00 0.0000e+00 0.0000e+00 -1.1796e+00 2.5014e+00 0.0000e+00 0.0000e+00 0.0000e+00 0.0000e+00 -1.5975e+00 2.8583e-01 0.0000e+00 0.0000e+00 -2.8583e-01 -1.4386e+00 
127.0 2.7962e+00 -1.1362e+00 0.0000e+00 0.0000e+00 -1.1362e+00 2.4931e+00 0.0000e+00 0.0000e+00 0.0000e+00 0.0000e+00 -1.6425e+00 2.8497e-01 0.0000e+00 0.0000e+00 -2.8497e-01 -1.4836e+00 
128.0 2.7858e+00 -1.0934e+00 0.0000e+00 0.0000e+00 -1.0934e+00 2.4861e+00 0.0000e+00 0.0000e+00 0.0000e+00 0.0000e+00 -1.6862e+00 2.8379e-01 0.0000e+00 0.0000e+00 -2.8379e-01 -1.5273e+00 
129.0 2.7767e+00 -1.0511e+00 0.0000e+00 0.0000e+00 -1.0511e+00 2.4803e+00 0.0000e+00 0.0000e+00 0.0000e+00 0.0000e+00 -1.7285e+00 2.8230e-01 0.0000e+00 0.0000e+00 -2.8230e-01 -1.5696e+00 
130.0 2.7687e+00 -1.0093e+00 0.0000e+00 0.0000e+00 -1.0093e+00 2.4757e+00 0.0000e+00 0.0000e+00 0.0000e+00 0.0000e+00 -1.7696e+00 2.8050e-01 0.0000e+00 0.0000e+00 -2.8050e-01 -1.6106e+00 
131.0 2.7619e+00 -9.6812e-01 0.0000e+00 0.0000e+00 -9.6812e-01 2.4721e+00 0.0000e+00 0.0000e+00 0.0000e+00 0.0000e+00 -1.8094e+00 2.7838e-01 0.0000e+00 0.0000e+00 -2.7838e-01 -1.6505e+00 
132.0 2.7562e+00 -9.2749e-01 0.0000e+00 0.0000e+00 -9.2749e-01 2.4696e+00 0.0000e+00 0.0000e+00 0.0000e+00 0.0000e+00 -1.8480e+00 2.7594e-01 0.0000e+00 0.0000e+00 -2.7594e-01 -1.6892e+00 
133.0 2.7515e+00 -8.8745e-01 0.0000e+00 0.0000e+00 -8.8745e-01 2.4681e+00 0.0000e+00 0.0000e+00 0.0000e+00 0.0000e+00 -1.8856e+00 2.7319e-01 0.0000e+00 0.0000e+00 -2.7319e-01 -1.7267e+00 
134.0 2.7477e+00 -8.4800e-01 0.0000e+00 0.0000e+00 -8.4800e-01 2.4676e+00 0.0000e+00 0.0000e+00 0.0000e+00 0.0000e+00 -1.9220e+00 2.7012e-01 0.0000e+00 0.0000e+00 -2.7012e-01 -1.7632e+00 
135.0 2.7450e+00 -8.0916e-01 0.0000e+00 0.0000e+00 -8.0916e-01 2.4680e+00 0.0000e+00 0.0000e+00 0.0000e+00 0.0000e+00 -1.9574e+00 2.6675e-01 0.0000e+00 0.0000e+00 -2.6675e-01 -1.7987e+00 
136.0 2.7431e+00 -7.7094e-01 0.0000e+00 0.0000e+00 -7.7094e-01 2.4692e+00 0.0000e+00 0.0000e+00 0.0000e+00 0.0000e+00 -1.9918e+00 2.6308e-01 0.0000e+00 0.0000e+00 -2.6308e-01 -1.8331e+00 
137.0 2.7422e+00 -7.3334e-01 0.0000e+00 0.0000e+00 -7.3334e-01 2.4713e+00 0.0000e+00 0.0000e+00 0.0000e+00 0.0000e+00 -2.0252e+00 2.5912e-01 0.0000e+00 0.0000e+00 -2.5912e-01 -1.8666e+00 
138.0 2.7421e+00 -6.9639e-01 0.0000e+00 0.0000e+00 -6.9639e-01 2.4742e+00 0.0000e+00 0.0000e+00 0.0000e+00 0.0000e+00 -2.0577e+00 2.5488e-01 0.0000e+00 0.0000e+00 -2.5488e-01 -1.8991e+00 
139.0 2.7428e+00 -6.6009e-01 0.0000e+00 0.0000e+00 -6.6009e-01 2.4778e+00 0.0000e+00 0.0000e+00 0.0000e+00 0.0000e+00 -2.0893e+00 2.5037e-01 0.0000e+00 0.0000e+00 -2.5037e-01 -1.9307e+00 
140.0 2.7443e+00 -6.2447e-01 0.0000e+00 0.0000e+00 -6.2447e-01 2.4822e+00 0.0000e+00 0.0000e+00 0.0000e+00 0.0000e+00 -2.1200e+00 2.4559e-01 0.0000e+00 0.0000e+00 -2.4559e-01 -1.9614e+00 
141.0 2.7465e+00 -5.8954e-01 0.0000e+00 0.0000e+00 -5.8954e-01 2.4873e+00 0.0000e+00 0.0000e+00 0.0000e+00 0.0000e+00 -2.1499e+00 2.4056e-01 0.0000e+00 0.0000e+00 -2.4056e-01 -1.9912e+00 
142.0 2.7495e+00 -5.5533e-01 0.0000e+00 0.0000e+00 -5.5533e-01 2.4931e+00 0.0000e+00 0.0000e+00 0.0000e+00 0.0000e+00 -2.1790e+00 2.3529e-01 0.0000e+00 0.0000e+00 -2.3529e-01 -2.0202e+00 
143.0 2.7532e+00 -5.2185e-01 0.0000e+00 0.0000e+00 -5.2185e-01 2.4994e+00 0.0000e+00 0.0000e+00 0.0000e+00 0.0000e+00 -2.2073e+00 2.2978e-01 0.0000e+00 0.0000e+00 -2.2978e-01 -2.0484e+00 
144.0 2.7575e+00 -4.8912e-01 0.0000e+00 0.0000e+00 -4.8912e-01 2.5063e+00 0.0000e+00 0.0000e+00 0.0000e+00 0.0000e+00 -2.2348e+00 2.2404e-01 0.0000e+00 0.0000e+00 -2.2404e-01 -2.0757e+00 
145.0 2.7624e+00 -4.5717e-01 0.0000e+00 0.0000e+00 -4.5717e-01 2.5138e+00 0.0000e+00 0.0000e+00 0.0000e+00 0.0000e+00 -2.2615e+00 2.1806e-01 0.0000e+00 0.0000e+00 -2.1806e-01 -2.1022e+00 
146.0 2.7679e+00 -4.2601e-01 0.0000e+00 0.0000e+00 -4.2601e-01 2.5217e+00 0.0000e+00 0.0000e+00 0.0000e+00 0.0000e+00 -2.2875e+00 2.1185e-01 0.0000e+00 0.0000e+00 -2.1185e-01 -2.1279e+00 
147.0 2.7739e+00 -3.9566e-01 0.0000e+00 0.0000e+00 -3.9566e-01 2.5301e+00 0.0000e+00 0.0000e+00 0.0000e+00 0.0000e+00 -2.3128e+00 2.0542e-01 0.0000e+00 0.0000e+00 -2.0542e-01 -2.1528e+00 
148.0 2.7805e+00 -3.6613e-01 0.0000e+00 0.0000e+00 -3.6613e-01 2.5389e+00 0.0000e+00 0.0000e+00 0.0000e+00 0.0000e+00 -2.3373e+00 1.9878e-01 0.0000e+00 0.0000e+00 -1.9878e-01 -2.1768e+00 
149.0 2.7877e+00 -3.3742e-01 0.0000e+00 0.0000e+00 -3.3742e-01 2.5481e+00 0.0000e+00 0.0000e+00 0.0000e+00 0.0000e+00 -2.3612e+00 1.9196e-01 0.0000e+00 0.0000e+00 -1.9196e-01 -2.2001e+00 
150.0 2.7954e+00 -3.0956e-01 0.0000e+00 0.0000e+00 -3.0956e-01 2.5578e+00 0.0000e+00 0.0000e+00 0.0000e+00 0.0000e+00 -2.3843e+00 1.8496e-01 0.0000e+00 0.0000e+00 -1.8496e-01 -2.2225e+00 
151.0 2.8037e+00 -2.8255e-01 0.0000e+00 0.0000e+00 -2.8255e-01 2.5679e+00 0.0000e+00 0.0000e+00 0.0000e+00 0.0000e+00 -2.4067e+00 1.7781e-01 0.0000e+00 0.0000e+00 -1.7781e-01 -2.2441e+00 
152.0 2.8126e+00 -2.5640e-01 0.0000e+00 0.0000e+00 -2.5640e-01 2.5785e+00 0.0000e+00 0.0000e+00 0.0000e+00 0.0000e+00 -2.4285e+00 1.7051e-01 0.0000e+00 0.0000e+00 -1.7051e-01 -2.2649e+00 
153.0 2.8219e+00 -2.3115e-01 0.0000e+00 0.0000e+00 -2.3115e-01 2.5893e+00 0.0000e+00 0.0000e+00 0.0000e+00 0.0000e+00 -2.4495e+00 1.6305e-01 0.0000e+00 0.0000e+00 -1.6305e-01 -2.2849e+00 
154.0 2.8318e+00 -2.0682e-01 0.0000e+00 0.0000e+00 -2.0682e-01 2.6006e+00 0.0000e+00 0.0000e+00 0.0000e+00 0.0000e+00 -2.4698e+00 1.5539e-01 0.0000e+00 0.0000e+00 -1.5539e-01 -2.3040e+00 
155.0 2.8421e+00 -1.8345e-01 0.0000e+00 0.0000e+00 -1.8345e-01 2.6121e+00 0.0000e+00 0.0000e+00 0.0000e+00 0.0000e+00 -2.4894e+00 1.4748e-01 0.0000e+00 0.0000e+00 -1.4748e-01 -2.3224e+00 
156.0 2.8528e+00 -1.6112e-01 0.0000e+00 0.0000e+00 -1.6112e-01 2.6238e+00 0.0000e+00 0.0000e+00 0.0000e+00 0.0000e+00 -2.5084e+00 1.3923e-01 0.0000e+00 0.0000e+00 -1.3923e-01 -2.3400e+00 
157.0 2.8637e+00 -1.3991e-01 0.0000e+00 0.0000e+00 -1.3991e-01 2.6355e+00 0.0000e+00 0.0000e+00 0.0000e+00 0.0000e+00 -2.5268e+00 1.3056e-01 0.0000e+00 0.0000e+00 -1.3056e-01 -2.3569e+00 
158.0 2.8748e+00 -1.1991e-01 0.0000e+00 0.0000e+00 -1.1991e-01 2.6472e+00 0.0000e+00 0.0000e+00 0.0000e+00 0.0000e+00 -2.5446e+00 1.2135e-01 0.0000e+00 0.0000e+00 -1.2135e-01 -2.3729e+00 
159.0 2.8858e+00 -1.0125e-01 0.0000e+00 0.0000e+00 -1.0125e-01 2.6586e+00 0.0000e+00 0.0000e+00 0.0000e+00 0.0000e+00 -2.5619e+00 1.1148e-01 0.0000e+00 0.0000e+00 -1.1148e-01 -2.3883e+00 
160.0 2.8967e+00 -8.4045e-02 0.0000e+00 0.0000e+00 -8.4045e-02 2.6696e+00 0.0000e+00 0.0000e+00 0.0000e+00 0.0000e+00 -2.5786e+00 1.0085e-01 0.0000e+00 0.0000e+00 -1.0085e-01 -2.4028e+00 
161.0 2.9074e+00 -6.8404e-02 0.0000e+00 0.0000e+00 -6.8404e-02 2.6800e+00 0.0000e+00 0.0000e+00 0.0000e+00 0.0000e+00 -2.5950e+00 8.9385e-02 0.0000e+00 0.0000e+00 -8.9385e-02 -2.4165e+00 
162.0 2.9180e+00 -5.4422e-02 0.0000e+00 0.0000e+00 -5.4422e-02 2.6896e+00 0.0000e+00 0.0000e+00 0.0000e+00 0.0000e+00 -2.6111e+00 7.7073e-02 0.0000e+00 0.0000e+00 -7.7073e-02 -2.4293e+00 
163.0 2.9285e+00 -4.2170e-02 0.0000e+00 0.0000e+00 -4.2170e-02 2.6984e+00 0.0000e+00 0.0000e+00 0.0000e+00 0.0000e+00 -2.6270e+00 6.3968e-02 0.0000e+00 0.0000e+00 -6.3968e-02 -2.4411e+00 
164.0 2.9391e+00 -3.1686e-02 0.0000e+00 0.0000e+00 -3.1686e-02 2.7064e+00 0.0000e+00 0.0000e+00 0.0000e+00 0.0000e+00 -2.6429e+00 5.0208e-02 0.0000e+00 0.0000e+00 -5.0208e-02 -2.4518e+00 
165.0 2.9501e+00 -2.2976e-02 0.0000e+00 0.0000e+00 -2.2976e-02 2.7137e+00 0.0000e+00 0.0000e+00 0.0000e+00 0.0000e+00 -2.6590e+00 3.6016e-02 0.0000e+00 0.0000e+00 -3.6016e-02 -2.4614e+00 
166.0 2.9619e+00 -1.6004e-02 0.0000e+00 0.0000e+00 -1.6004e-02 2.7203e+00 0.0000e+00 0.0000e+00 0.0000e+00 0.0000e+00 -2.6755e+00 2.1710e-02 0.0000e+00 0.0000e+00 -2.1710e-02 -2.4697e+00 
167.0 2.9749e+00 -1.0691e-02 0.0000e+00 0.0000e+00 -1.0691e-02 2.7265e+00 0.0000e+00 0.0000e+00 0.0000e+00 0.0000e+00 -2.6925e+00 7.7081e-03 0.0000e+00 0.0000e+00 -7.7081e-03 -2.4766e+00 
168.0 2.9897e+00 -6.9074e-03 0.0000e+00 0.0000e+00 -6.9074e-03 2.7325e+00 0.0000e+00 0.0000e+00 0.0000e+00 0.0000e+00 -2.7104e+00 -5.4678e-03 0.0000e+00 0.0000e+00 5.4678e-03 -2.4820e+00 
169.0 3.0070e+00 -4.4687e-03 0.0000e+00 0.0000e+00 -4.4687e-03 2.7387e+00 0.0000e+00 0.0000e+00 0.0000e+00 0.0000e+00 -2.7292e+00 -1.7192e-02 0.0000e+00 0.0000e+00 1.7192e-02 -2.4858e+00 
170.0 3.0273e+00 -3.1319e-03 0.0000e+00 0.0000e+00 -3.1319e-03 2.7456e+00 0.0000e+00 0.0000e+00 0.0000e+00 0.0000e+00 -2.7490e+00 -2.6761e-02 0.0000e+00 0.0000e+00 2.6761e-02 -2.4879e+00 
171.0 3.0513e+00 -2.5996e-03 0.0000e+00 0.0000e+00 -2.5996e-03 2.7537e+00 0.0000e+00 0.0000e+00 0.0000e+00 0.0000e+00 -2.7698e+00 -3.3467e-02 0.0000e+00 0.0000e+00 3.3467e-02 -2.4882e+00 
172.0 3.0791e+00 -2.5386e-03 0.0000e+00 0.0000e+00 -2.5386e-03 2.7635e+00 0.0000e+00 0.0000e+00 0.0000e+00 0.0000e+00 -2.7914e+00 -3.6700e-02 0.0000e+00 0.0000e+00 3.6700e-02 -2.4869e+00 
173.0 3.1108e+00 -2.6169e-03 0.0000e+00 0.0000e+00 -2.6169e-03 2.7753e+00 0.0000e+00 0.0000e+00 0.0000e+00 0.0000e+00 -2.8133e+00 -3.6134e-02 0.0000e+00 0.0000e+00 3.6134e-02 -2.4842e+00 
174.0 3.1451e+00 -2.5595e-03 0.0000e+00 0.0000e+00 -2.5595e-03 2.7888e+00 0.0000e+00 0.0000e+00 0.0000e+00 0.0000e+00 -2.8348e+00 -3.1915e-02 0.0000e+00 0.0000e+00 3.1915e-02 -2.4803e+00 
175.0 3.1802e+00 -2.2103e-03 0.0000e+00 0.0000e+00 -2.2103e-03 2.8034e+00 0.0000e+00 0.0000e+00 0.0000e+00 0.0000e+00 -2.8548e+00 -2.4816e-02 0.0000e+00 0.0000e+00 2.4816e-02 -2.4759e+00 
176.0 3.2131e+00 -1.5771e-03 0.0000e+00 0.0000e+00 -1.5771e-03 2.8177e+00 0.0000e+00 0.0000e+00 0.0000e+00 0.0000e+00 -2.8722e+00 -1.6246e-02 0.0000e+00 0.0000e+00 1.6246e-02 -2.4714e+00 
177.0 3.2403e+00 -8.2746e-04 0.0000e+00 0.0000e+00 -8.2746e-04 2.8300e+00 0.0000e+00 0.0000e+00 0.0000e+00 0.0000e+00 -2.8858e+00 -8.0633e-03 0.0000e+00 0.0000e+00 8.0633e-03 -2.4676e+00 
178.0 3.2583e+00 -2.2171e-04 0.0000e+00 0.0000e+00 -2.2171e-04 2.8384e+00 0.0000e+00 0.0000e+00 0.0000e+00 0.0000e+00 -2.8945e+00 -2.1718e-03 0.0000e+00 0.0000e+00 2.1718e-03 -2.4651e+00 
179.0 3.2647e+00 -1.2626e-21 0.0000e+00 0.0000e+00 -1.2626e-21 2.8414e+00 0.0000e+00 0.0000e+00 0.0000e+00 0.0000e+00 -2.8975e+00 -1.5240e-20 0.0000e+00 0.0000e+00 1.5240e-20 -2.4642e+00 
180.0 3.2711e+00 0.0000e+00 0.0000e+00 0.0000e+00 0.0000e+00 2.8443e+00 0.0000e+00 0.0000e+00 0.0000e+00 0.0000e+00 -2.9005e+00 0.0000e+00 0.0000e+00 0.0000e+00 -0.0000e+00 -2.4633e+00 
