1.8674 1.8800 0.0126 0.041274
theta s11 s12 s13 s14 s21 s22 s23 s24 s31 s32 s33 s34 s41 s42 s43 s44
0.0 1.4578e+03 0.0000e+00 0.0000e+00 0.0000e+00 0.0000e+00 1.4558e+03 0.0000e+00 0.0000e+00 0.0000e+00 0.0000e+00 1.4558e+03 0.0000e+00 0.0000e+00 0.0000e+00 -0.0000e+00 1.4537e+03 
1.0 1.3140e+03 -5.1855e-02 0.0000e+00 0.0000e+00 -5.1855e-02 1.3120e+03 0.0000e+00 0.0000e+00 0.0000e+00 0.0000e+00 1.3120e+03 -5.4133e-01 0.0000e+00 0.0000e+00 5.4133e-01 1.3100e+03 
2.0 1.0647e+03 -1.1020e-01 0.0000e+00 0.0000e+00 -1.1020e-01 1.0627e+03 0.0000e+00 0.0000e+00 0.0000e+00 0.0000e+00 1.0627e+03 -1.9133e+00 0.0000e+00 0.0000e+00 1.9133e+00 1.0607e+03 
3.0 8.4690e+02 -1.1367e-01 0.0000e+00 0.0000e+00 -1.1367e-01 8.4492e+02 0.0000e+00 0.0000e+00 0.0000e+00 0.0000e+00 8.4489e+02 -3.5719e+00 0.0000e+00 0.0000e+00 3.5719e+00 8.4299e+02 
4.0 6.7810e+02 -8.6627e-02 0.0000e+00 0.0000e+00 -8.6627e-02 6.7616e+02 0.0000e+00 0.0000e+00 0.0000e+00 0.0000e+00 6.7609e+02 -5.0596e+00 0.0000e+00 0.0000e+00 5.0596e+00 6.7427e+02 
5.0 5.5073e+02 -6.0830e-02 0.0000e+00 0.0000e+00 -6.0830e-02 5.4883e+02 0.0000e+00 0.0000e+00 0.0000e+00 0.0000e+00 5.4870e+02 -6.1689e+00 0.0000e+00 0.0000e+00 6.1689e+00 5.4697e+02 
6.0 4.5474e+02 -5.4935e-02 0.0000e+00 0.0000e+00 -5.4935e-02 4.5288e+02 0.0000e+00 0.0000e+00 0.0000e+00 0.0000e+00 4.5269e+02 -6.8754e+00 0.0000e+00 0.0000e+00 6.8754e+00 4.5103e+02 
7.0 3.8184e+02 -7.7657e-02 0.0000e+00 0.0000e+00 -7.7657e-02 3.8001e+02 0.0000e+00 0.0000e+00 0.0000e+00 0.0000e+00 3.7975e+02 -7.2338e+00 0.0000e+00 0.0000e+00 7.2338e+00 3.7818e+02 
8.0 3.2585e+02 -1.3015e-01 0.0000e+00 0.0000e+00 -1.3015e-01 3.2404e+02 0.0000e+00 0.0000e+00 0.0000e+00 0.0000e+00 3.2371e+02 -7.3229e+00 0.0000e+00 0.0000e+00 7.3229e+00 3.2221e+02 
9.0 2.8228e+02 -2.0831e-01 0.0000e+00 0.0000e+00 -2.0831e-01 2.8049e+02 0.0000e+00 0.0000e+00 0.0000e+00 0.0000e+00 2.8010e+02 -7.2196e+00 0.0000e+00 0.0000e+00 7.2196e+00 2.7866e+02 
10.0 2.4793e+02 -3.0548e-01 0.0000e+00 0.0000e+00 -3.0548e-01 2.4615e+02 0.0000e+00 0.0000e+00 0.0000e+00 0.0000e+00 2.4570e+02 -6.9888e+00 0.0000e+00 0.0000e+00 6.9888e+00 2.4433e+02 
11.0 2.2047e+02 -4.1436e-01 0.0000e+00 0.0000e+00 -4.1436e-01 2.1869e+02 0.0000e+00 0.0000e+00 0.0000e+00 0.0000e+00 2.1820e+02 -6.6832e+00 0.0000e+00 0.0000e+00 6.6832e+00 2.1688e+02 
12.0 1.9820e+02 -5.3097e-01 0.0000e+00 0.0000e+00 -5.3097e-01 1.9642e+02 0.0000e+00 0.0000e+00 0.0000e+00 0.0000e+00 1.9588e+02 -6.3414e+00 0.0000e+00 0.0000e+00 6.3414e+00 1.9463e+02 
13.0 1.7988e+02 -6.5373e-01 0.0000e+00 0.0000e+00 -6.5373e-01 1.7810e+02 0.0000e+00 0.0000e+00 0.0000e+00 0.0000e+00 1.7752e+02 -5.9854e+00 0.0000e+00 0.0000e+00 5.9854e+00 1.7632e+02 
14.0 1.6458e+02 -7.7902e-01 0.0000e+00 0.0000e+00 -7.7902e-01 1.6280e+02 0.0000e+00 0.0000e+00 0.0000e+00 0.0000e+00 1.6219e+02 -5.6335e+00 0.0000e+00 0.0000e+00 5.6335e+00 1.6104e+02 
15.0 1.5165e+02 -9.0761e-01 0.0000e+00 0.0000e+00 -9.0761e-01 1.4986e+02 0.0000e+00 0.0000e+00 0.0000e+00 0.0000e+00 1.4922e+02 -5.2871e+00 0.0000e+00 0.0000e+00 5.2871e+00 1.4812e+02 
16.0 1.4057e+02 -1.0374e+00 0.0000e+00 0.0000e+00 -1.0374e+00 1.3878e+02 0.0000e+00 0.0000e+00 0.0000e+00 0.0000e+00 1.3811e+02 -4.9529e+00 0.0000e+00 0.0000e+00 4.9529e+00 1.3706e+02 
17.0 1.3098e+02 -1.1676e+00 0.0000e+00 0.0000e+00 -1.1676e+00 1.2918e+02 0.0000e+00 0.0000e+00 0.0000e+00 0.0000e+00 1.2849e+02 -4.6354e+00 0.0000e+00 0.0000e+00 4.6354e+00 1.2749e+02 
18.0 1.2260e+02 -1.2976e+00 0.0000e+00 0.0000e+00 -1.2976e+00 1.2079e+02 0.0000e+00 0.0000e+00 0.0000e+00 0.0000e+00 1.2008e+02 -4.3378e+00 0.0000e+00 0.0000e+00 4.3378e+00 1.1912e+02 
19.0 1.1519e+02 -1.4270e+00 0.0000e+00 0.0000e+00 -1.4270e+00 1.1338e+02 0.0000e+00 0.0000e+00 0.0000e+00 0.0000e+00 1.1304e+02 -4.0622e+00 0.0000e+00 0.0000e+00 4.0622e+00 1.1214e+02 
20.0 1.0859e+02 -1.5552e+00 0.0000e+00 0.0000e+00 -1.5552e+00 1.0677e+02 0.0000e+00 0.0000e+00 0.0000e+00 0.0000e+00 1.0676e+02 -3.8090e+00 0.0000e+00 0.0000e+00 3.8090e+00 1.0591e+02 
21.0 1.0264e+02 -1.6818e+00 0.0000e+00 0.0000e+00 -1.6818e+00 1.0081e+02 0.0000e+00 0.0000e+00 0.0000e+00 0.0000e+00 1.0110e+02 -3.5774e+00 0.0000e+00 0.0000e+00 3.5774e+00 1.0030e+02 
22.0 9.7240e+01 -1.8070e+00 0.0000e+00 0.0000e+00 -1.8070e+00 9.5411e+01 0.0000e+00 0.0000e+00 0.0000e+00 0.0000e+00 9.5969e+01 -3.3653e+00 0.0000e+00 0.0000e+00 3.3653e+00 9.5207e+01 
23.0 9.2307e+01 -1.9314e+00 0.0000e+00 0.0000e+00 -1.9314e+00 9.0474e+01 0.0000e+00 0.0000e+00 0.0000e+00 0.0000e+00 9.1274e+01 -3.1695e+00 0.0000e+00 0.0000e+00 3.1695e+00 9.0549e+01 
24.0 8.7775e+01 -2.0560e+00 0.0000e+00 0.0000e+00 -2.0560e+00 8.5940e+01 0.0000e+00 0.0000e+00 0.0000e+00 0.0000e+00 8.6959e+01 -2.9870e+00 0.0000e+00 0.0000e+00 2.9870e+00 8.6268e+01 
25.0 8.3595e+01 -2.1816e+00 0.0000e+00 0.0000e+00 -2.1816e+00 8.1757e+01 0.0000e+00 0.0000e+00 0.0000e+00 0.0000e+00 8.2976e+01 -2.8150e+00 0.0000e+00 0.0000e+00 2.8150e+00 8.2316e+01 
26.0 7.9725e+01 -2.3083e+00 0.0000e+00 0.0000e+00 -2.3083e+00 7.7886e+01 0.0000e+00 0.0000e+00 0.0000e+00 0.0000e+00 7.9285e+01 -2.6521e+00 0.0000e+00 0.0000e+00 2.6521e+00 7.8655e+01 
27.0 7.6128e+01 -2.4360e+00 0.0000e+00 0.0000e+00 -2.4360e+00 7.4288e+01 0.0000e+00 0.0000e+00 0.0000e+00 0.0000e+00 7.5853e+01 -2.4977e+00 0.0000e+00 0.0000e+00 2.4977e+00 7.5250e+01 
28.0 7.2772e+01 -2.5642e+00 0.0000e+00 0.0000e+00 -2.5642e+00 7.0932e+01 0.0000e+00 0.0000e+00 0.0000e+00 0.0000e+00 7.2648e+01 -2.3517e+00 0.0000e+00 0.0000e+00 2.3517e+00 7.2070e+01 
29.0 6.9629e+01 -2.6924e+00 0.0000e+00 0.0000e+00 -2.6924e+00 6.7789e+01 0.0000e+00 0.0000e+00 0.0000e+00 0.0000e+00 6.9643e+01 -2.2139e+00 0.0000e+00 0.0000e+00 2.2139e+00 6.9089e+01 
30.0 6.6675e+01 -2.8199e+00 0.0000e+00 0.0000e+00 -2.8199e+00 6.4835e+01 0.0000e+00 0.0000e+00 0.0000e+00 0.0000e+00 6.6816e+01 -2.0842e+00 0.0000e+00 0.0000e+00 2.0842e+00 6.6284e+01 
31.0 6.3889e+01 -2.9461e+00 0.0000e+00 0.0000e+00 -2.9461e+00 6.2049e+01 0.0000e+00 0.0000e+00 0.0000e+00 0.0000e+00 6.3851e+01 -1.9622e+00 0.0000e+00 0.0000e+00 1.9622e+00 6.3351e+01 
32.0 6.1255e+01 -3.0704e+00 0.0000e+00 0.0000e+00 -3.0704e+00 5.9416e+01 0.0000e+00 0.0000e+00 0.0000e+00 0.0000e+00 6.1048e+01 -1.8471e+00 0.0000e+00 0.0000e+00 1.8471e+00 6.0579e+01 
33.0 5.8757e+01 -3.1925e+00 0.0000e+00 0.0000e+00 -3.1925e+00 5.6919e+01 0.0000e+00 0.0000e+00 0.0000e+00 0.0000e+00 5.8393e+01 -1.7385e+00 0.0000e+00 0.0000e+00 1.7385e+00 5.7953e+01 
34.0 5.6386e+01 -3.3120e+00 0.0000e+00 0.0000e+00 -3.3120e+00 5.4550e+01 0.0000e+00 0.0000e+00 0.0000e+00 0.0000e+00 5.5872e+01 -1.6358e+00 0.0000e+00 0.0000e+00 1.6358e+00 5.5461e+01 
35.0 5.4133e+01 -3.4289e+00 0.0000e+00 0.0000e+00 -3.4289e+00 5.2298e+01 0.0000e+00 0.0000e+00 0.0000e+00 0.0000e+00 5.3474e+01 -1.5383e+00 0.0000e+00 0.0000e+00 1.5383e+00 5.3091e+01 
36.0 5.1989e+01 -3.5431e+00 0.0000e+00 0.0000e+00 -3.5431e+00 5.0158e+01 0.0000e+00 0.0000e+00 0.0000e+00 0.0000e+00 5.1191e+01 -1.4455e+00 0.0000e+00 0.0000e+00 1.4455e+00 5.0835e+01 
37.0 4.9950e+01 -3.6547e+00 0.0000e+00 0.0000e+00 -3.6547e+00 4.8121e+01 0.0000e+00 0.0000e+00 0.0000e+00 0.0000e+00 4.9015e+01 -1.3569e+00 0.0000e+00 0.0000e+00 1.3569e+00 4.8684e+01 
38.0 4.8008e+01 -3.7637e+00 0.0000e+00 0.0000e+00 -3.7637e+00 4.6183e+01 0.0000e+00 0.0000e+00 0.0000e+00 0.0000e+00 4.6939e+01 -1.2717e+00 0.0000e+00 0.0000e+00 1.2717e+00 4.6634e+01 
39.0 4.6159e+01 -3.8703e+00 0.0000e+00 0.0000e+00 -3.8703e+00 4.4339e+01 0.0000e+00 0.0000e+00 0.0000e+00 0.0000e+00 4.4959e+01 -1.1896e+00 0.0000e+00 0.0000e+00 1.1896e+00 4.4678e+01 
40.0 4.4398e+01 -3.9743e+00 0.0000e+00 0.0000e+00 -3.9743e+00 4.2582e+01 0.0000e+00 0.0000e+00 0.0000e+00 0.0000e+00 4.3068e+01 -1.1105e+00 0.0000e+00 0.0000e+00 1.1105e+00 4.2810e+01 
41.0 4.2718e+01 -4.0755e+00 0.0000e+00 0.0000e+00 -4.0755e+00 4.0907e+01 0.0000e+00 0.0000e+00 0.0000e+00 0.0000e+00 4.1262e+01 -1.0341e+00 0.0000e+00 0.0000e+00 1.0341e+00 4.1026e+01 
42.0 4.1115e+01 -4.1735e+00 0.0000e+00 0.0000e+00 -4.1735e+00 3.9310e+01 0.0000e+00 0.0000e+00 0.0000e+00 0.0000e+00 3.9535e+01 -9.6043e-01 0.0000e+00 0.0000e+00 9.6043e-01 3.9321e+01 
43.0 3.9584e+01 -4.2681e+00 0.0000e+00 0.0000e+00 -4.2681e+00 3.7784e+01 0.0000e+00 0.0000e+00 0.0000e+00 0.0000e+00 3.7882e+01 -8.8921e-01 0.0000e+00 0.0000e+00 8.8921e-01 3.7689e+01 
44.0 3.8120e+01 -4.3591e+00 0.0000e+00 0.0000e+00 -4.3591e+00 3.6327e+01 0.0000e+00 0.0000e+00 0.0000e+00 0.0000e+00 3.6299e+01 -8.2024e-01 0.0000e+00 0.0000e+00 8.2024e-01 3.6127e+01 
45.0 3.6720e+01 -4.4466e+00 0.0000e+00 0.0000e+00 -4.4466e+00 3.4933e+01 0.0000e+00 0.0000e+00 0.0000e+00 0.0000e+00 3.4783e+01 -7.5323e-01 0.0000e+00 0.0000e+00 7.5323e-01 3.4630e+01 
46.0 3.5380e+01 -4.5303e+00 0.0000e+00 0.0000e+00 -4.5303e+00 3.3600e+01 0.0000e+00 0.0000e+00 0.0000e+00 0.0000e+00 3.3330e+01 -6.8790e-01 0.0000e+00 0.0000e+00 6.8790e-01 3.3196e+01 
47.0 3.4098e+01 -4.6102e+00 0.0000e+00 0.0000e+00 -4.6102e+00 3.2324e+01 0.0000e+00 0.0000e+00 0.0000e+00 0.0000e+00 3.1936e+01 -6.2407e-01 0.0000e+00 0.0000e+00 6.2407e-01 3.1820e+01 
48.0 3.2871e+01 -4.6863e+00 0.0000e+00 0.0000e+00 -4.6863e+00 3.1104e+01 0.0000e+00 0.0000e+00 0.0000e+00 0.0000e+00 3.0598e+01 -5.6158e-01 0.0000e+00 0.0000e+00 5.6158e-01 3.0501e+01 
49.0 3.1697e+01 -4.7585e+00 0.0000e+00 0.0000e+00 -4.7585e+00 2.9936e+01 0.0000e+00 0.0000e+00 0.0000e+00 0.0000e+00 2.9314e+01 -5.0032e-01 0.0000e+00 0.0000e+00 5.0032e-01 2.9235e+01 
50.0 3.0572e+01 -4.8267e+00 0.0000e+00 0.0000e+00 -4.8267e+00 2.8818e+01 0.0000e+00 0.0000e+00 0.0000e+00 0.0000e+00 2.8082e+01 -4.4013e-01 0.0000e+00 0.0000e+00 4.4013e-01 2.8019e+01 
51.0 2.9496e+01 -4.8910e+00 0.0000e+00 0.0000e+00 -4.8910e+00 2.7749e+01 0.0000e+00 0.0000e+00 0.0000e+00 0.0000e+00 2.6898e+01 -3.8082e-01 0.0000e+00 0.0000e+00 3.8082e-01 2.6853e+01 
52.0 2.8466e+01 -4.9515e+00 0.0000e+00 0.0000e+00 -4.9515e+00 2.6725e+01 0.0000e+00 0.0000e+00 0.0000e+00 0.0000e+00 2.5761e+01 -3.2226e-01 0.0000e+00 0.0000e+00 3.2226e-01 2.5732e+01 
53.0 2.7480e+01 -5.0083e+00 0.0000e+00 0.0000e+00 -5.0083e+00 2.5747e+01 0.0000e+00 0.0000e+00 0.0000e+00 0.0000e+00 2.4669e+01 -2.6437e-01 0.0000e+00 0.0000e+00 2.6437e-01 2.4657e+01 
54.0 2.6537e+01 -5.0613e+00 0.0000e+00 0.0000e+00 -5.0613e+00 2.4811e+01 0.0000e+00 0.0000e+00 0.0000e+00 0.0000e+00 2.3621e+01 -2.0715e-01 0.0000e+00 0.0000e+00 2.0715e-01 2.3624e+01 
55.0 2.5635e+01 -5.1106e+00 0.0000e+00 0.0000e+00 -5.1106e+00 2.3916e+01 0.0000e+00 0.0000e+00 0.0000e+00 0.0000e+00 2.2613e+01 -1.5063e-01 0.0000e+00 0.0000e+00 1.5063e-01 2.2632e+01 
56.0 2.4773e+01 -5.1562e+00 0.0000e+00 0.0000e+00 -5.1562e+00 2.3061e+01 0.0000e+00 0.0000e+00 0.0000e+00 0.0000e+00 2.1645e+01 -9.4882e-02 0.0000e+00 0.0000e+00 9.4882e-02 2.1679e+01 
57.0 2.3948e+01 -5.1982e+00 0.0000e+00 0.0000e+00 -5.1982e+00 2.2243e+01 0.0000e+00 0.0000e+00 0.0000e+00 0.0000e+00 2.0715e+01 -3.9985e-02 0.0000e+00 0.0000e+00 3.9985e-02 2.0764e+01 
58.0 2.3159e+01 -5.2365e+00 0.0000e+00 0.0000e+00 -5.2365e+00 2.1460e+01 0.0000e+00 0.0000e+00 0.0000e+00 0.0000e+00 1.9820e+01 1.3994e-02 0.0000e+00 0.0000e+00 -1.3994e-02 1.9885e+01 
59.0 2.2404e+01 -5.2710e+00 0.0000e+00 0.0000e+00 -5.2710e+00 2.0712e+01 0.0000e+00 0.0000e+00 0.0000e+00 0.0000e+00 1.8960e+01 6.7032e-02 0.0000e+00 0.0000e+00 -6.7032e-02 1.9039e+01 
60.0 2.1681e+01 -5.3019e+00 0.0000e+00 0.0000e+00 -5.3019e+00 1.9995e+01 0.0000e+00 0.0000e+00 0.0000e+00 0.0000e+00 1.8132e+01 1.1916e-01 0.0000e+00 0.0000e+00 -1.1916e-01 1.8226e+01 
61.0 2.0989e+01 -5.3292e+00 0.0000e+00 0.0000e+00 -5.3292e+00 1.9309e+01 0.0000e+00 0.0000e+00 0.0000e+00 0.0000e+00 1.7335e+01 1.7035e-01 0.0000e+00 0.0000e+00 -1.7035e-01 1.7444e+01 
62.0 2.0326e+01 -5.3530e+00 0.0000e+00 0.0000e+00 -5.3530e+00 1.8653e+01 0.0000e+00 0.0000e+00 0.0000e+00 0.0000e+00 1.6568e+01 2.2058e-01 0.0000e+00 0.0000e+00 -2.2058e-01 1.6692e+01 
63.0 1.9692e+01 -5.3733e+00 0.0000e+00 0.0000e+00 -5.3733e+00 1.8024e+01 0.0000e+00 0.0000e+00 0.0000e+00 0.0000e+00 1.5830e+01 2.6976e-01 0.0000e+00 0.0000e+00 -2.6976e-01 1.5968e+01 
64.0 1.9084e+01 -5.3900e+00 0.0000e+00 0.0000e+00 -5.3900e+00 1.7423e+01 0.0000e+00 0.0000e+00 0.0000e+00 0.0000e+00 1.5119e+01 3.1784e-01 0.0000e+00 0.0000e+00 -3.1784e-01 1.5271e+01 
65.0 1.8503e+01 -5.4033e+00 0.0000e+00 0.0000e+00 -5.4033e+00 1.6847e+01 0.0000e+00 0.0000e+00 0.0000e+00 0.0000e+00 1.4433e+01 3.6473e-01 0.0000e+00 0.0000e+00 -3.6473e-01 1.4600e+01 
66.0 1.7946e+01 -5.4131e+00 0.0000e+00 0.0000e+00 -5.4131e+00 1.6296e+01 0.0000e+00 0.0000e+00 0.0000e+00 0.0000e+00 1.3774e+01 4.1039e-01 0.0000e+00 0.0000e+00 -4.1039e-01 1.3954e+01 
67.0 1.7413e+01 -5.4194e+00 0.0000e+00 0.0000e+00 -5.4194e+00 1.5768e+01 0.0000e+00 0.0000e+00 0.0000e+00 0.0000e+00 1.3138e+01 4.5478e-01 0.0000e+00 0.0000e+00 -4.5478e-01 1.3332e+01 
68.0 1.6903e+01 -5.4224e+00 0.0000e+00 0.0000e+00 -5.4224e+00 1.5263e+01 0.0000e+00 0.0000e+00 0.0000e+00 0.0000e+00 1.2525e+01 4.9784e-01 0.0000e+00 0.0000e+00 -4.9784e-01 1.2734e+01 
69.0 1.6414e+01 -5.4220e+00 0.0000e+00 0.0000e+00 -5.4220e+00 1.4780e+01 0.0000e+00 0.0000e+00 0.0000e+00 0.0000e+00 1.1933e+01 5.3949e-01 0.0000e+00 0.0000e+00 -5.3949e-01 1.2156e+01 
70.0 1.5946e+01 -5.4184e+00 0.0000e+00 0.0000e+00 -5.4184e+00 1.4316e+01 0.0000e+00 0.0000e+00 0.0000e+00 0.0000e+00 1.1363e+01 5.7973e-01 0.0000e+00 0.0000e+00 -5.7973e-01 1.1600e+01 
71.0 1.5497e+01 -5.4115e+00 0.0000e+00 0.0000e+00 -5.4115e+00 1.3873e+01 0.0000e+00 0.0000e+00 0.0000e+00 0.0000e+00 1.0813e+01 6.1852e-01 0.0000e+00 0.0000e+00 -6.1852e-01 1.1064e+01 
72.0 1.5067e+01 -5.4014e+00 0.0000e+00 0.0000e+00 -5.4014e+00 1.3448e+01 0.0000e+00 0.0000e+00 0.0000e+00 0.0000e+00 1.0282e+01 6.5582e-01 0.0000e+00 0.0000e+00 -6.5582e-01 1.0546e+01 
73.0 1.4655e+01 -5.3881e+00 0.0000e+00 0.0000e+00 -5.3881e+00 1.3041e+01 0.0000e+00 0.0000e+00 0.0000e+00 0.0000e+00 9.7691e+00 6.9164e-01 0.0000e+00 0.0000e+00 -6.9164e-01 1.0047e+01 
74.0 1.4261e+01 -5.3717e+00 0.0000e+00 0.0000e+00 -5.3717e+00 1.2651e+01 0.0000e+00 0.0000e+00 0.0000e+00 0.0000e+00 9.2739e+00 7.2599e-01 0.0000e+00 0.0000e+00 -7.2599e-01 9.5657e+00 
75.0 1.3883e+01 -5.3524e+00 0.0000e+00 0.0000e+00 -5.3524e+00 1.2278e+01 0.0000e+00 0.0000e+00 0.0000e+00 0.0000e+00 8.7956e+00 7.5889e-01 0.0000e+00 0.0000e+00 -7.5889e-01 9.1009e+00 
76.0 1.3520e+01 -5.3302e+00 0.0000e+00 0.0000e+00 -5.3302e+00 1.1921e+01 0.0000e+00 0.0000e+00 0.0000e+00 0.0000e+00 8.3334e+00 7.9035e-01 0.0000e+00 0.0000e+00 -7.9035e-01 8.6523e+00 
77.0 1.3173e+01 -5.3052e+00 0.0000e+00 0.0000e+00 -5.3052e+00 1.1579e+01 0.0000e+00 0.0000e+00 0.0000e+00 0.0000e+00 7.8868e+00 8.2036e-01 0.0000e+00 0.0000e+00 -8.2036e-01 8.2192e+00 
78.0 1.2841e+01 -5.2775e+00 0.0000e+00 0.0000e+00 -5.2775e+00 1.1251e+01 0.0000e+00 0.0000e+00 0.0000e+00 0.0000e+00 7.4551e+00 8.4897e-01 0.0000e+00 0.0000e+00 -8.4897e-01 7.8009e+00 
79.0 1.2523e+01 -5.2471e+00 0.0000e+00 0.0000e+00 -5.2471e+00 1.0937e+01 0.0000e+00 0.0000e+00 0.0000e+00 0.0000e+00 7.0377e+00 8.7617e-01 0.0000e+00 0.0000e+00 -8.7617e-01 7.3968e+00 
80.0 1.2218e+01 -5.2142e+00 0.0000e+00 0.0000e+00 -5.2142e+00 1.0637e+01 0.0000e+00 0.0000e+00 0.0000e+00 0.0000e+00 6.6340e+00 9.0199e-01 0.0000e+00 0.0000e+00 -9.0199e-01 7.0065e+00 
81.0 1.1926e+01 -5.1788e+00 0.0000e+00 0.0000e+00 -5.1788e+00 1.0350e+01 0.0000e+00 0.0000e+00 0.0000e+00 0.0000e+00 6.2435e+00 9.2645e-01 0.0000e+00 0.0000e+00 -9.2645e-01 6.6293e+00 
82.0 1.1647e+01 -5.1409e+00 0.0000e+00 0.0000e+00 -5.1409e+00 1.0075e+01 0.0000e+00 0.0000e+00 0.0000e+00 0.0000e+00 5.8657e+00 9.4958e-01 0.0000e+00 0.0000e+00 -9.4958e-01 6.2649e+00 
83.0 1.1380e+01 -5.1006e+00 0.0000e+00 0.0000e+00 -5.1006e+00 9.8115e+00 0.0000e+00 0.0000e+00 0.0000e+00 0.0000e+00 5.5001e+00 9.7141e-01 0.0000e+00 0.0000e+00 -9.7141e-01 5.9126e+00 
84.0 1.1124e+01 -5.0581e+00 0.0000e+00 0.0000e+00 -5.0581e+00 9.5598e+00 0.0000e+00 0.0000e+00 0.0000e+00 0.0000e+00 5.1463e+00 9.9199e-01 0.0000e+00 0.0000e+00 -9.9199e-01 5.5721e+00 
85.0 1.0879e+01 -5.0134e+00 0.0000e+00 0.0000e+00 -5.0134e+00 9.3192e+00 0.0000e+00 0.0000e+00 0.0000e+00 0.0000e+00 4.8037e+00 1.0114e+00 0.0000e+00 0.0000e+00 -1.0114e+00 5.2428e+00 
86.0 1.0645e+01 -4.9666e+00 0.0000e+00 0.0000e+00 -4.9666e+00 9.0891e+00 0.0000e+00 0.0000e+00 0.0000e+00 0.0000e+00 4.4720e+00 1.0296e+00 0.0000e+00 0.0000e+00 -1.0296e+00 4.9244e+00 
87.0 1.0422e+01 -4.9179e+00 0.0000e+00 0.0000e+00 -4.9179e+00 8.8692e+00 0.0000e+00 0.0000e+00 0.0000e+00 0.0000e+00 4.1509e+00 1.0467e+00 0.0000e+00 0.0000e+00 -1.0467e+00 4.6164e+00 
88.0 1.0208e+01 -4.8673e+00 0.0000e+00 0.0000e+00 -4.8673e+00 8.6592e+00 0.0000e+00 0.0000e+00 0.0000e+00 0.0000e+00 3.8398e+00 1.0626e+00 0.0000e+00 0.0000e+00 -1.0626e+00 4.3186e+00 
89.0 1.0004e+01 -4.8150e+00 0.0000e+00 0.0000e+00 -4.8150e+00 8.4586e+00 0.0000e+00 0.0000e+00 0.0000e+00 0.0000e+00 3.5386e+00 1.0775e+00 0.0000e+00 0.0000e+00 -1.0775e+00 4.0304e+00 
90.0 9.8088e+00 -4.7609e+00 0.0000e+00 0.0000e+00 -4.7609e+00 8.2671e+00 0.0000e+00 0.0000e+00 0.0000e+00 0.0000e+00 3.2468e+00 1.0913e+00 0.0000e+00 0.0000e+00 -1.0913e+00 3.7516e+00 
91.0 9.6225e+00 -4.7052e+00 0.0000e+00 0.0000e+00 -4.7052e+00 8.0843e+00 0.0000e+00 0.0000e+00 0.0000e+00 0.0000e+00 2.9642e+00 1.1039e+00 0.0000e+00 0.0000e+00 -1.1039e+00 3.4817e+00 
92.0 9.4446e+00 -4.6478e+00 0.0000e+00 0.0000e+00 -4.6478e+00 7.9099e+00 0.0000e+00 0.0000e+00 0.0000e+00 0.0000e+00 2.6903e+00 1.1154e+00 0.0000e+00 0.0000e+00 -1.1154e+00 3.2204e+00 
93.0 9.2748e+00 -4.5890e+00 0.0000e+00 0.0000e+00 -4.5890e+00 7.7436e+00 0.0000e+00 0.0000e+00 0.0000e+00 0.0000e+00 2.4249e+00 1.1257e+00 0.0000e+00 0.0000e+00 -1.1257e+00 2.9674e+00 
94.0 9.1128e+00 -4.5287e+00 0.0000e+00 0.0000e+00 -4.5287e+00 7.5851e+00 0.0000e+00 0.0000e+00 0.0000e+00 0.0000e+00 2.1677e+00 1.1350e+00 0.0000e+00 0.0000e+00 -1.1350e+00 2.7222e+00 
95.0 8.9583e+00 -4.4670e+00 0.0000e+00 0.0000e+00 -4.4670e+00 7.4341e+00 0.0000e+00 0.0000e+00 0.0000e+00 0.0000e+00 1.9184e+00 1.1431e+00 0.0000e+00 0.0000e+00 -1.1431e+00 2.4847e+00 
96.0 8.8111e+00 -4.4039e+00 0.0000e+00 0.0000e+00 -4.4039e+00 7.2905e+00 0.0000e+00 0.0000e+00 0.0000e+00 0.0000e+00 1.6768e+00 1.1502e+00 0.0000e+00 0.0000e+00 -1.1502e+00 2.2546e+00 
97.0 8.6708e+00 -4.3394e+00 0.0000e+00 0.0000e+00 -4.3394e+00 7.1540e+00 0.0000e+00 0.0000e+00 0.0000e+00 0.0000e+00 1.4426e+00 1.1563e+00 0.0000e+00 0.0000e+00 -1.1563e+00 2.0315e+00 
98.0 8.5373e+00 -4.2737e+00 0.0000e+00 0.0000e+00 -4.2737e+00 7.0244e+00 0.0000e+00 0.0000e+00 0.0000e+00 0.0000e+00 1.2156e+00 1.1614e+00 0.0000e+00 0.0000e+00 -1.1614e+00 1.8152e+00 
99.0 8.4104e+00 -4.2067e+00 0.0000e+00 0.0000e+00 -4.2067e+00 6.9015e+00 0.0000e+00 0.0000e+00 0.0000e+00 0.0000e+00 9.9548e-01 1.1655e+00 0.0000e+00 0.0000e+00 -1.1655e+00 1.6054e+00 
100.0 8.2897e+00 -4.1385e+00 0.0000e+00 0.0000e+00 -4.1385e+00 6.7851e+00 0.0000e+00 0.0000e+00 0.0000e+00 0.0000e+00 7.8214e-01 1.1687e+00 0.0000e+00 0.0000e+00 -1.1687e+00 1.4020e+00 
101.0 8.1751e+00 -4.0691e+00 0.0000e+00 0.0000e+00 -4.0691e+00 6.6749e+00 0.0000e+00 0.0000e+00 0.0000e+00 0.0000e+00 5.7530e-01 1.1711e+00 0.0000e+00 0.0000e+00 -1.1711e+00 1.2046e+00 
102.0 8.0663e+00 -3.9986e+00 0.0000e+00 0.0000e+00 -3.9986e+00 6.5708e+00 0.0000e+00 0.0000e+00 0.0000e+00 0.0000e+00 3.7472e-01 1.1725e+00 0.0000e+00 0.0000e+00 -1.1725e+00 1.0131e+00 
103.0 7.9632e+00 -3.9271e+00 0.0000e+00 0.0000e+00 -3.9271e+00 6.4724e+00 0.0000e+00 0.0000e+00 0.0000e+00 0.0000e+00 1.8015e-01 1.1730e+00 0.0000e+00 0.0000e+00 -1.1730e+00 8.2718e-01 
104.0 7.8655e+00 -3.8547e+00 0.0000e+00 0.0000e+00 -3.8547e+00 6.3796e+00 0.0000e+00 0.0000e+00 0.0000e+00 0.0000e+00 -8.6265e-03 1.1727e+00 0.0000e+00 0.0000e+00 -1.1727e+00 6.4662e-01 
105.0 7.7730e+00 -3.7814e+00 0.0000e+00 0.0000e+00 -3.7814e+00 6.2923e+00 0.0000e+00 0.0000e+00 0.0000e+00 0.0000e+00 -1.9182e-01 1.1715e+00 0.0000e+00 0.0000e+00 -1.1715e+00 4.7125e-01 
106.0 7.6856e+00 -3.7072e+00 0.0000e+00 0.0000e+00 -3.7072e+00 6.2101e+00 0.0000e+00 0.0000e+00 0.0000e+00 0.0000e+00 -3.6964e-01 1.1694e+00 0.0000e+00 0.0000e+00 -1.1694e+00 3.0085e-01 
107.0 7.6030e+00 -3.6323e+00 0.0000e+00 0.0000e+00 -3.6323e+00 6.1330e+00 0.0000e+00 0.0000e+00 0.0000e+00 0.0000e+00 -5.4229e-01 1.1666e+00 0.0000e+00 0.0000e+00 -1.1666e+00 1.3524e-01 
108.0 7.5251e+00 -3.5565e+00 0.0000e+00 0.0000e+00 -3.5565e+00 6.0606e+00 0.0000e+00 0.0000e+00 0.0000e+00 0.0000e+00 -7.0996e-01 1.1629e+00 0.0000e+00 0.0000e+00 -1.1629e+00 -2.5790e-02 
109.0 7.4516e+00 -3.4800e+00 0.0000e+00 0.0000e+00 -3.4800e+00 5.9929e+00 0.0000e+00 0.0000e+00 0.0000e+00 0.0000e+00 -8.7282e-01 1.1584e+00 0.0000e+00 0.0000e+00 -1.1584e+00 -1.8241e-01 
110.0 7.3825e+00 -3.4027e+00 0.0000e+00 0.0000e+00 -3.4027e+00 5.9297e+00 0.0000e+00 0.0000e+00 0.0000e+00 0.0000e+00 -1.0310e+00 1.1533e+00 0.0000e+00 0.0000e+00 -1.1533e+00 -3.3479e-01 
111.0 7.3177e+00 -3.3248e+00 0.0000e+00 0.0000e+00 -3.3248e+00 5.8708e+00 0.0000e+00 0.0000e+00 0.0000e+00 0.0000e+00 -1.1847e+00 1.1475e+00 0.0000e+00 0.0000e+00 -1.1475e+00 -4.8305e-01 
112.0 7.2569e+00 -3.2463e+00 0.0000e+00 0.0000e+00 -3.2463e+00 5.8161e+00 0.0000e+00 0.0000e+00 0.0000e+00 0.0000e+00 -1.3341e+00 1.1412e+00 0.0000e+00 0.0000e+00 -1.1412e+00 -6.2733e-01 
113.0 7.2000e+00 -3.1672e+00 0.0000e+00 0.0000e+00 -3.1672e+00 5.7655e+00 0.0000e+00 0.0000e+00 0.0000e+00 0.0000e+00 -1.4791e+00 1.1343e+00 0.0000e+00 0.0000e+00 -1.1343e+00 -7.6773e-01 
114.0 7.1470e+00 -3.0877e+00 0.0000e+00 0.0000e+00 -3.0877e+00 5.7189e+00 0.0000e+00 0.0000e+00 0.0000e+00 0.0000e+00 -1.6202e+00 1.1269e+00 0.0000e+00 0.0000e+00 -1.1269e+00 -9.0441e-01 
115.0 7.0977e+00 -3.0078e+00 0.0000e+00 0.0000e+00 -3.0078e+00 5.6761e+00 0.0000e+00 0.0000e+00 0.0000e+00 0.0000e+00 -1.7572e+00 1.1190e+00 0.0000e+00 0.0000e+00 -1.1190e+00 -1.0375e+00 
116.0 7.0520e+00 -2.9277e+00 0.0000e+00 0.0000e+00 -2.9277e+00 5.6371e+00 0.0000e+00 0.0000e+00 0.0000e+00 0.0000e+00 -1.8904e+00 1.1107e+00 0.0000e+00 0.0000e+00 -1.1107e+00 -1.1670e+00 
117.0 7.0098e+00 -2.8473e+00 0.0000e+00 0.0000e+00 -2.8473e+00 5.6016e+00 0.0000e+00 0.0000e+00 0.0000e+00 0.0000e+00 -2.0199e+00 1.1020e+00 0.0000e+00 0.0000e+00 -1.1020e+00 -1.2932e+00 
118.0 6.9709e+00 -2.7666e+00 0.0000e+00 0.0000e+00 -2.7666e+00 5.5696e+00 0.0000e+00 0.0000e+00 0.0000e+00 0.0000e+00 -2.1457e+00 1.0929e+00 0.0000e+00 0.0000e+00 -1.0929e+00 -1.4160e+00 
119.0 6.9354e+00 -2.6859e+00 0.0000e+00 0.0000e+00 -2.6859e+00 5.5409e+00 0.0000e+00 0.0000e+00 0.0000e+00 0.0000e+00 -2.2681e+00 1.0834e+00 0.0000e+00 0.0000e+00 -1.0834e+00 -1.5357e+00 
120.0 6.9029e+00 -2.6052e+00 0.0000e+00 0.0000e+00 -2.6052e+00 5.5155e+00 0.0000e+00 0.0000e+00 0.0000e+00 0.0000e+00 -2.3870e+00 1.0734e+00 0.0000e+00 0.0000e+00 -1.0734e+00 -1.6522e+00 
121.0 6.8735e+00 -2.5246e+00 0.0000e+00 0.0000e+00 -2.5246e+00 5.4930e+00 0.0000e+00 0.0000e+00 0.0000e+00 0.0000e+00 -2.5026e+00 1.0630e+00 0.0000e+00 0.0000e+00 -1.0630e+00 -1.7657e+00 
122.0 6.8469e+00 -2.4440e+00 0.0000e+00 0.0000e+00 -2.4440e+00 5.4733e+00 0.0000e+00 0.0000e+00 0.0000e+00 0.0000e+00 -2.6151e+00 1.0520e+00 0.0000e+00 0.0000e+00 -1.0520e+00 -1.8761e+00 
123.0 6.8230e+00 -2.3635e+00 0.0000e+00 0.0000e+00 -2.3635e+00 5.4564e+00 0.0000e+00 0.0000e+00 0.0000e+00 0.0000e+00 -2.7246e+00 1.0404e+00 0.0000e+00 0.0000e+00 -1.0404e+00 -1.9837e+00 
124.0 6.8018e+00 -2.2832e+00 0.0000e+00 0.0000e+00 -2.2832e+00 5.4420e+00 0.0000e+00 0.0000e+00 0.0000e+00 0.0000e+00 -2.8311e+00 1.0283e+00 0.0000e+00 0.0000e+00 -1.0283e+00 -2.0885e+00 
125.0 6.7832e+00 -2.2031e+00 0.0000e+00 0.0000e+00 -2.2031e+00 5.4301e+00 0.0000e+00 0.0000e+00 0.0000e+00 0.0000e+00 -2.9348e+00 1.0157e+00 0.0000e+00 0.0000e+00 -1.0157e+00 -2.1907e+00 
126.0 6.7671e+00 -2.1232e+00 0.0000e+00 0.0000e+00 -2.1232e+00 5.4206e+00 0.0000e+00 0.0000e+00 0.0000e+00 0.0000e+00 -3.0359e+00 1.0025e+00 0.0000e+00 0.0000e+00 -1.0025e+00 -2.2903e+00 
127.0 6.7534e+00 -2.0436e+00 0.0000e+00 0.0000e+00 -2.0436e+00 5.4133e+00 0.0000e+00 0.0000e+00 0.0000e+00 0.0000e+00 -3.1344e+00 9.8888e-01 0.0000e+00 0.0000e+00 -9.8888e-01 -2.3874e+00 
128.0 6.7419e+00 -1.9645e+00 0.0000e+00 0.0000e+00 -1.9645e+00 5.4081e+00 0.0000e+00 0.0000e+00 0.0000e+00 0.0000e+00 -3.2304e+00 9.7471e-01 0.0000e+00 0.0000e+00 -9.7471e-01 -2.4822e+00 
129.0 6.7326e+00 -1.8860e+00 0.0000e+00 0.0000e+00 -1.8860e+00 5.4049e+00 0.0000e+00 0.0000e+00 0.0000e+00 0.0000e+00 -3.3240e+00 9.6001e-01 0.0000e+00 0.0000e+00 -9.6001e-01 -2.5746e+00 
130.0 6.7253e+00 -1.8081e+00 0.0000e+00 0.0000e+00 -1.8081e+00 5.4037e+00 0.0000e+00 0.0000e+00 0.0000e+00 0.0000e+00 -3.4153e+00 9.4474e-01 0.0000e+00 0.0000e+00 -9.4474e-01 -2.6647e+00 
131.0 6.7201e+00 -1.7308e+00 0.0000e+00 0.0000e+00 -1.7308e+00 5.4044e+00 0.0000e+00 0.0000e+00 0.0000e+00 0.0000e+00 -3.5043e+00 9.2889e-01 0.0000e+00 0.0000e+00 -9.2889e-01 -2.7526e+00 
132.0 6.7170e+00 -1.6543e+00 0.0000e+00 0.0000e+00 -1.6543e+00 5.4070e+00 0.0000e+00 0.0000e+00 0.0000e+00 0.0000e+00 -3.5910e+00 9.1247e-01 0.0000e+00 0.0000e+00 -9.1247e-01 -2.8383e+00 
133.0 6.7158e+00 -1.5784e+00 0.0000e+00 0.0000e+00 -1.5784e+00 5.4116e+00 0.0000e+00 0.0000e+00 0.0000e+00 0.0000e+00 -3.6755e+00 8.9550e-01 0.0000e+00 0.0000e+00 -8.9550e-01 -2.9219e+00 
134.0 6.7166e+00 -1.5032e+00 0.0000e+00 0.0000e+00 -1.5032e+00 5.4180e+00 0.0000e+00 0.0000e+00 0.0000e+00 0.0000e+00 -3.7578e+00 8.7802e-01 0.0000e+00 0.0000e+00 -8.7802e-01 -3.0035e+00 
135.0 6.7193e+00 -1.4288e+00 0.0000e+00 0.0000e+00 -1.4288e+00 5.4263e+00 0.0000e+00 0.0000e+00 0.0000e+00 0.0000e+00 -3.8381e+00 8.6001e-01 0.0000e+00 0.0000e+00 -8.6001e-01 -3.0832e+00 
136.0 6.7238e+00 -1.3552e+00 0.0000e+00 0.0000e+00 -1.3552e+00 5.4364e+00 0.0000e+00 0.0000e+00 0.0000e+00 0.0000e+00 -3.9163e+00 8.4146e-01 0.0000e+00 0.0000e+00 -8.4146e-01 -3.1611e+00 
137.0 6.7301e+00 -1.2824e+00 0.0000e+00 0.0000e+00 -1.2824e+00 5.4482e+00 0.0000e+00 0.0000e+00 0.0000e+00 0.0000e+00 -3.9925e+00 8.2234e-01 0.0000e+00 0.0000e+00 -8.2234e-01 -3.2372e+00 
138.0 6.7380e+00 -1.2105e+00 0.0000e+00 0.0000e+00 -1.2105e+00 5.4617e+00 0.0000e+00 0.0000e+00 0.0000e+00 0.0000e+00 -4.0669e+00 8.0265e-01 0.0000e+00 0.0000e+00 -8.0265e-01 -3.3117e+00 
139.0 6.7476e+00 -1.1394e+00 0.0000e+00 0.0000e+00 -1.1394e+00 5.4768e+00 0.0000e+00 0.0000e+00 0.0000e+00 0.0000e+00 -4.1393e+00 7.8238e-01 0.0000e+00 0.0000e+00 -7.8238e-01 -3.3846e+00 
140.0 6.7589e+00 -1.0691e+00 0.0000e+00 0.0000e+00 -1.0691e+00 5.4937e+00 0.0000e+00 0.0000e+00 0.0000e+00 0.0000e+00 -4.2100e+00 7.6163e-01 0.0000e+00 0.0000e+00 -7.6163e-01 -3.4559e+00 
141.0 6.7719e+00 -9.9965e-01 0.0000e+00 0.0000e+00 -9.9965e-01 5.5124e+00 0.0000e+00 0.0000e+00 0.0000e+00 0.0000e+00 -4.2788e+00 7.4051e-01 0.0000e+00 0.0000e+00 -7.4051e-01 -3.5258e+00 
142.0 6.7869e+00 -9.3099e-01 0.0000e+00 0.0000e+00 -9.3099e-01 5.5331e+00 0.0000e+00 0.0000e+00 0.0000e+00 0.0000e+00 -4.3460e+00 7.1914e-01 0.0000e+00 0.0000e+00 -7.1914e-01 -3.5941e+00 
143.0 6.8038e+00 -8.6327e-01 0.0000e+00 0.0000e+00 -8.6327e-01 5.5557e+00 0.0000e+00 0.0000e+00 0.0000e+00 0.0000e+00 -4.4115e+00 6.9755e-01 0.0000e+00 0.0000e+00 -6.9755e-01 -3.6610e+00 
144.0 6.8226e+00 -7.9658e-01 0.0000e+00 0.0000e+00 -7.9658e-01 5.5801e+00 0.0000e+00 0.0000e+00 0.0000e+00 0.0000e+00 -4.4756e+00 6.7568e-01 0.0000e+00 0.0000e+00 -6.7568e-01 -3.7266e+00 
145.0 6.8433e+00 -7.3106e-01 0.0000e+00 0.0000e+00 -7.3106e-01 5.6061e+00 0.0000e+00 0.0000e+00 0.0000e+00 0.0000e+00 -4.5384e+00 6.5340e-01 0.0000e+00 0.0000e+00 -6.5340e-01 -3.7909e+00 
146.0 6.8658e+00 -6.6674e-01 0.0000e+00 0.0000e+00 -6.6674e-01 5.6337e+00 0.0000e+00 0.0000e+00 0.0000e+00 0.0000e+00 -4.5999e+00 6.3055e-01 0.0000e+00 0.0000e+00 -6.3055e-01 -3.8540e+00 
147.0 6.8901e+00 -6.0366e-01 0.0000e+00 0.0000e+00 -6.0366e-01 5.6627e+00 0.0000e+00 0.0000e+00 0.0000e+00 0.0000e+00 -4.6604e+00 6.0704e-01 0.0000e+00 0.0000e+00 -6.0704e-01 -3.9158e+00 
148.0 6.9164e+00 -5.4180e-01 0.0000e+00 0.0000e+00 -5.4180e-01 5.6934e+00 0.0000e+00 0.0000e+00 0.0000e+00 0.0000e+00 -4.7200e+00 5.8285e-01 0.0000e+00 0.0000e+00 -5.8285e-01 -3.9765e+00 
149.0 6.9449e+00 -4.8120e-01 0.0000e+00 0.0000e+00 -4.8120e-01 5.7258e+00 0.0000e+00 0.0000e+00 0.0000e+00 0.0000e+00 -4.7789e+00 5.5805e-01 0.0000e+00 0.0000e+00 -5.5805e-01 -4.0362e+00 
150.0 6.9757e+00 -4.2201e-01 0.0000e+00 0.0000e+00 -4.2201e-01 5.7600e+00 0.0000e+00 0.0000e+00 0.0000e+00 0.0000e+00 -4.8372e+00 5.3266e-01 0.0000e+00 0.0000e+00 -5.3266e-01 -4.0949e+00 
151.0 7.0088e+00 -3.6451e-01 0.0000e+00 0.0000e+00 -3.6451e-01 5.7960e+00 0.0000e+00 0.0000e+00 0.0000e+00 0.0000e+00 -4.8953e+00 5.0655e-01 0.0000e+00 0.0000e+00 -5.0655e-01 -4.1528e+00 
152.0 7.0438e+00 -3.0910e-01 0.0000e+00 0.0000e+00 -3.0910e-01 5.8332e+00 0.0000e+00 0.0000e+00 0.0000e+00 0.0000e+00 -4.9535e+00 4.7934e-01 0.0000e+00 0.0000e+00 -4.7934e-01 -4.2101e+00 
153.0 7.0804e+00 -2.5617e-01 0.0000e+00 0.0000e+00 -2.5617e-01 5.8709e+00 0.0000e+00 0.0000e+00 0.0000e+00 0.0000e+00 -5.0119e+00 4.5045e-01 0.0000e+00 0.0000e+00 -4.5045e-01 -4.2668e+00 
154.0 7.1183e+00 -2.0608e-01 0.0000e+00 0.0000e+00 -2.0608e-01 5.9088e+00 0.0000e+00 0.0000e+00 0.0000e+00 0.0000e+00 -5.0710e+00 4.1938e-01 0.0000e+00 0.0000e+00 -4.1938e-01 -4.3230e+00 
155.0 7.1574e+00 -1.5909e-01 0.0000e+00 0.0000e+00 -1.5909e-01 5.9467e+00 0.0000e+00 0.0000e+00 0.0000e+00 0.0000e+00 -5.1309e+00 3.8589e-01 0.0000e+00 0.0000e+00 -3.8589e-01 -4.3787e+00 
156.0 7.1983e+00 -1.1547e-01 0.0000e+00 0.0000e+00 -1.1547e-01 5.9849e+00 0.0000e+00 0.0000e+00 0.0000e+00 0.0000e+00 -5.1918e+00 3.5005e-01 0.0000e+00 0.0000e+00 -3.5005e-01 -4.4338e+00 
157.0 7.2412e+00 -7.5530e-02 0.0000e+00 0.0000e+00 -7.5530e-02 6.0237e+00 0.0000e+00 0.0000e+00 0.0000e+00 0.0000e+00 -5.2540e+00 3.1205e-01 0.0000e+00 0.0000e+00 -3.1205e-01 -4.4883e+00 
158.0 7.2864e+00 -3.9675e-02 0.0000e+00 0.0000e+00 -3.9675e-02 6.0633e+00 0.0000e+00 0.0000e+00 0.0000e+00 0.0000e+00 -5.3177e+00 2.7198e-01 0.0000e+00 0.0000e+00 -2.7198e-01 -4.5421e+00 
159.0 7.3341e+00 -8.2579e-03 0.0000e+00 0.0000e+00 -8.2579e-03 6.1033e+00 0.0000e+00 0.0000e+00 0.0000e+00 0.0000e+00 -5.3833e+00 2.2982e-01 0.0000e+00 0.0000e+00 -2.2982e-01 -4.5951e+00 
160.0 7.3846e+00 1.8483e-02 0.0000e+00 0.0000e+00 1.8483e-02 6.1435e+00 0.0000e+00 0.0000e+00 0.0000e+00 0.0000e+00 -5.4509e+00 1.8544e-01 0.0000e+00 0.0000e+00 -1.8544e-01 -4.6474e+00 
161.0 7.4381e+00 4.0415e-02 0.0000e+00 0.0000e+00 4.0415e-02 6.1838e+00 0.0000e+00 0.0000e+00 0.0000e+00 0.0000e+00 -5.5213e+00 1.3876e-01 0.0000e+00 0.0000e+00 -1.3876e-01 -4.6989e+00 
162.0 7.4956e+00 5.7469e-02 0.0000e+00 0.0000e+00 5.7469e-02 6.2246e+00 0.0000e+00 0.0000e+00 0.0000e+00 0.0000e+00 -5.5951e+00 8.9832e-02 0.0000e+00 0.0000e+00 -8.9832e-02 -4.7497e+00 
163.0 7.5582e+00 6.9682e-02 0.0000e+00 0.0000e+00 6.9682e-02 6.2666e+00 0.0000e+00 0.0000e+00 0.0000e+00 0.0000e+00 -5.6733e+00 3.9029e-02 0.0000e+00 0.0000e+00 -3.9029e-02 -4.8000e+00 
164.0 7.6276e+00 7.7180e-02 0.0000e+00 0.0000e+00 7.7180e-02 6.3110e+00 0.0000e+00 0.0000e+00 0.0000e+00 0.0000e+00 -5.7567e+00 -1.2889e-02 0.0000e+00 0.0000e+00 1.2889e-02 -4.8500e+00 
165.0 7.7054e+00 8.0109e-02 0.0000e+00 0.0000e+00 8.0109e-02 6.3591e+00 0.0000e+00 0.0000e+00 0.0000e+00 0.0000e+00 -5.8464e+00 -6.4872e-02 0.0000e+00 0.0000e+00 6.4872e-02 -4.9001e+00 
166.0 7.7936e+00 7.8531e-02 0.0000e+00 0.0000e+00 7.8531e-02 6.4122e+00 0.0000e+00 0.0000e+00 0.0000e+00 0.0000e+00 -5.9435e+00 -1.1592e-01 0.0000e+00 0.0000e+00 1.1592e-01 -4.9504e+00 
167.0 7.8936e+00 7.2386e-02 0.0000e+00 0.0000e+00 7.2386e-02 6.4715e+00 0.0000e+00 0.0000e+00 0.0000e+00 0.0000e+00 -6.0493e+00 -1.6536e-01 0.0000e+00 0.0000e+00 1.6536e-01 -5.0015e+00 
168.0 8.0066e+00 6.1664e-02 0.0000e+00 0.0000e+00 6.1664e-02 6.5372e+00 0.0000e+00 0.0000e+00 0.0000e+00 0.0000e+00 -6.1654e+00 -2.1267e-01 0.0000e+00 0.0000e+00 2.1267e-01 -5.0534e+00 
169.0 8.1348e+00 4.6741e-02 0.0000e+00 0.0000e+00 4.6741e-02 6.6096e+00 0.0000e+00 0.0000e+00 0.0000e+00 0.0000e+00 -6.2938e+00 -2.5675e-01 0.0000e+00 0.0000e+00 2.5675e-01 -5.1062e+00 
170.0 8.2817e+00 2.8640e-02 0.0000e+00 0.0000e+00 2.8640e-02 6.6901e+00 0.0000e+00 0.0000e+00 0.0000e+00 0.0000e+00 -6.4366e+00 -2.9515e-01 0.0000e+00 0.0000e+00 2.9515e-01 -5.1593e+00 
171.0 8.4526e+00 9.1082e-03 0.0000e+00 0.0000e+00 9.1082e-03 6.7815e+00 0.0000e+00 0.0000e+00 0.0000e+00 0.0000e+00 -6.5957e+00 -3.2361e-01 0.0000e+00 0.0000e+00 3.2361e-01 -5.2117e+00 
172.0 8.6531e+00 -9.6176e-03 0.0000e+00 0.0000e+00 -9.6176e-03 6.8874e+00 0.0000e+00 0.0000e+00 0.0000e+00 0.0000e+00 -6.7724e+00 -3.3667e-01 0.0000e+00 0.0000e+00 3.3667e-01 -5.2625e+00 
173.0 8.8874e+00 -2.5009e-02 0.0000e+00 0.0000e+00 -2.5009e-02 7.0108e+00 0.0000e+00 0.0000e+00 0.0000e+00 0.0000e+00 -6.9661e+00 -3.2907e-01 0.0000e+00 0.0000e+00 3.2907e-01 -5.3104e+00 
174.0 9.1556e+00 -3.4468e-02 0.0000e+00 0.0000e+00 -3.4468e-02 7.1535e+00 0.0000e+00 0.0000e+00 0.0000e+00 0.0000e+00 -7.1729e+00 -2.9697e-01 0.0000e+00 0.0000e+00 2.9697e-01 -5.3538e+00 
175.0 9.4491e+00 -3.6166e-02 0.0000e+00 0.0000e+00 -3.6166e-02 7.3123e+00 0.0000e+00 0.0000e+00 0.0000e+00 0.0000e+00 -7.3839e+00 -2.4067e-01 0.0000e+00 0.0000e+00 2.4067e-01 -5.3909e+00 
176.0 9.7476e+00 -2.9940e-02 0.0000e+00 0.0000e+00 -2.9940e-02 7.4771e+00 0.0000e+00 0.0000e+00 0.0000e+00 0.0000e+00 -7.5847e+00 -1.6664e-01 0.0000e+00 0.0000e+00 1.6664e-01 -5.4197e+00 
177.0 1.0017e+01 -1.7981e-02 0.0000e+00 0.0000e+00 -1.7981e-02 7.6289e+00 0.0000e+00 0.0000e+00 0.0000e+00 0.0000e+00 -7.7554e+00 -8.8517e-02 0.0000e+00 0.0000e+00 8.8517e-02 -5.4393e+00 
178.0 1.0213e+01 -5.6917e-03 0.0000e+00 0.0000e+00 -5.6917e-03 7.7413e+00 0.0000e+00 0.0000e+00 0.0000e+00 0.0000e+00 -7.8734e+00 -2.6423e-02 0.0000e+00 0.0000e+00 2.6423e-02 -5.4504e+00 
179.0 1.0291e+01 -6.3695e-20 0.0000e+00 0.0000e+00 -6.3695e-20 7.7870e+00 0.0000e+00 0.0000e+00 0.0000e+00 0.0000e+00 -7.9192e+00 -3.9864e-19 0.0000e+00 0.0000e+00 3.9864e-19 -5.4552e+00 
180.0 1.0364e+01 0.0000e+00 0.0000e+00 0.0000e+00 0.0000e+00 7.8275e+00 0.0000e+00 0.0000e+00 0.0000e+00 0.0000e+00 -7.9601e+00 0.0000e+00 0.0000e+00 0.0000e+00 -0.0000e+00 -5.4581e+00 
