1.9712 2.1802 0.2090 0.040586
theta s11 s12 s13 s14 s21 s22 s23 s24 s31 s32 s33 s34 s41 s42 s43 s44
0.0 1.5371e+03 0.0000e+00 0.0000e+00 0.0000e+00 0.0000e+00 1.5353e+03 0.0000e+00 0.0000e+00 0.0000e+00 0.0000e+00 1.5353e+03 0.0000e+00 0.0000e+00 0.0000e+00 -0.0000e+00 1.5335e+03 
1.0 1.2931e+03 -8.5344e-02 0.0000e+00 0.0000e+00 -8.5344e-02 1.2913e+03 0.0000e+00 0.0000e+00 0.0000e+00 0.0000e+00 1.2913e+03 -5.2421e-01 0.0000e+00 0.0000e+00 5.2421e-01 1.2895e+03 
2.0 9.2453e+02 -1.7631e-01 0.0000e+00 0.0000e+00 -1.7631e-01 9.2275e+02 0.0000e+00 0.0000e+00 0.0000e+00 0.0000e+00 9.2274e+02 -1.7111e+00 0.0000e+00 0.0000e+00 1.7111e+00 9.2097e+02 
3.0 6.7101e+02 -2.1033e-01 0.0000e+00 0.0000e+00 -2.1033e-01 6.6924e+02 0.0000e+00 0.0000e+00 0.0000e+00 0.0000e+00 6.6922e+02 -2.8639e+00 0.0000e+00 0.0000e+00 2.8639e+00 6.6747e+02 
4.0 5.1375e+02 -2.4268e-01 0.0000e+00 0.0000e+00 -2.4268e-01 5.1200e+02 0.0000e+00 0.0000e+00 0.0000e+00 0.0000e+00 5.1195e+02 -3.6443e+00 0.0000e+00 0.0000e+00 3.6443e+00 5.1023e+02 
5.0 4.1285e+02 -2.9716e-01 0.0000e+00 0.0000e+00 -2.9716e-01 4.1113e+02 0.0000e+00 0.0000e+00 0.0000e+00 0.0000e+00 4.1105e+02 -4.1006e+00 0.0000e+00 0.0000e+00 4.1006e+00 4.0936e+02 
6.0 3.4418e+02 -3.7475e-01 0.0000e+00 0.0000e+00 -3.7475e-01 3.4248e+02 0.0000e+00 0.0000e+00 0.0000e+00 0.0000e+00 3.4237e+02 -4.3477e+00 0.0000e+00 0.0000e+00 4.3477e+00 3.4072e+02 
7.0 2.9496e+02 -4.7723e-01 0.0000e+00 0.0000e+00 -4.7723e-01 2.9328e+02 0.0000e+00 0.0000e+00 0.0000e+00 0.0000e+00 2.9314e+02 -4.4444e+00 0.0000e+00 0.0000e+00 4.4444e+00 2.9152e+02 
8.0 2.5834e+02 -6.0590e-01 0.0000e+00 0.0000e+00 -6.0590e-01 2.5668e+02 0.0000e+00 0.0000e+00 0.0000e+00 0.0000e+00 2.5650e+02 -4.4298e+00 0.0000e+00 0.0000e+00 4.4298e+00 2.5492e+02 
9.0 2.3030e+02 -7.5699e-01 0.0000e+00 0.0000e+00 -7.5699e-01 2.2865e+02 0.0000e+00 0.0000e+00 0.0000e+00 0.0000e+00 2.2844e+02 -4.3372e+00 0.0000e+00 0.0000e+00 4.3372e+00 2.2690e+02 
10.0 2.0831e+02 -9.2585e-01 0.0000e+00 0.0000e+00 -9.2585e-01 2.0668e+02 0.0000e+00 0.0000e+00 0.0000e+00 0.0000e+00 2.0645e+02 -4.1940e+00 0.0000e+00 0.0000e+00 4.1940e+00 2.0494e+02 
11.0 1.9074e+02 -1.1102e+00 0.0000e+00 0.0000e+00 -1.1102e+00 1.8912e+02 0.0000e+00 0.0000e+00 0.0000e+00 0.0000e+00 1.8886e+02 -4.0237e+00 0.0000e+00 0.0000e+00 4.0237e+00 1.8738e+02 
12.0 1.7640e+02 -1.3068e+00 0.0000e+00 0.0000e+00 -1.3068e+00 1.7479e+02 0.0000e+00 0.0000e+00 0.0000e+00 0.0000e+00 1.7451e+02 -3.8445e+00 0.0000e+00 0.0000e+00 3.8445e+00 1.7307e+02 
13.0 1.6450e+02 -1.5125e+00 0.0000e+00 0.0000e+00 -1.5125e+00 1.6290e+02 0.0000e+00 0.0000e+00 0.0000e+00 0.0000e+00 1.6260e+02 -3.6673e+00 0.0000e+00 0.0000e+00 3.6673e+00 1.6119e+02 
14.0 1.5443e+02 -1.7237e+00 0.0000e+00 0.0000e+00 -1.7237e+00 1.5284e+02 0.0000e+00 0.0000e+00 0.0000e+00 0.0000e+00 1.5252e+02 -3.5051e+00 0.0000e+00 0.0000e+00 3.5051e+00 1.5114e+02 
15.0 1.4577e+02 -1.9412e+00 0.0000e+00 0.0000e+00 -1.9412e+00 1.4419e+02 0.0000e+00 0.0000e+00 0.0000e+00 0.0000e+00 1.4385e+02 -3.3555e+00 0.0000e+00 0.0000e+00 3.3555e+00 1.4250e+02 
16.0 1.3819e+02 -2.1620e+00 0.0000e+00 0.0000e+00 -2.1620e+00 1.3663e+02 0.0000e+00 0.0000e+00 0.0000e+00 0.0000e+00 1.3627e+02 -3.2207e+00 0.0000e+00 0.0000e+00 3.2207e+00 1.3495e+02 
17.0 1.3147e+02 -2.3852e+00 0.0000e+00 0.0000e+00 -2.3852e+00 1.2991e+02 0.0000e+00 0.0000e+00 0.0000e+00 0.0000e+00 1.2954e+02 -3.1014e+00 0.0000e+00 0.0000e+00 3.1014e+00 1.2825e+02 
18.0 1.2542e+02 -2.6105e+00 0.0000e+00 0.0000e+00 -2.6105e+00 1.2388e+02 0.0000e+00 0.0000e+00 0.0000e+00 0.0000e+00 1.2348e+02 -2.9972e+00 0.0000e+00 0.0000e+00 2.9972e+00 1.2222e+02 
19.0 1.1991e+02 -2.8370e+00 0.0000e+00 0.0000e+00 -2.8370e+00 1.1838e+02 0.0000e+00 0.0000e+00 0.0000e+00 0.0000e+00 1.1836e+02 -2.9063e+00 0.0000e+00 0.0000e+00 2.9063e+00 1.1714e+02 
20.0 1.1484e+02 -3.0639e+00 0.0000e+00 0.0000e+00 -3.0639e+00 1.1332e+02 0.0000e+00 0.0000e+00 0.0000e+00 0.0000e+00 1.1365e+02 -2.8275e+00 0.0000e+00 0.0000e+00 2.8275e+00 1.1246e+02 
21.0 1.1014e+02 -3.2912e+00 0.0000e+00 0.0000e+00 -3.2912e+00 1.0862e+02 0.0000e+00 0.0000e+00 0.0000e+00 0.0000e+00 1.0928e+02 -2.7599e+00 0.0000e+00 0.0000e+00 2.7599e+00 1.0812e+02 
22.0 1.0574e+02 -3.5183e+00 0.0000e+00 0.0000e+00 -3.5183e+00 1.0424e+02 0.0000e+00 0.0000e+00 0.0000e+00 0.0000e+00 1.0518e+02 -2.7021e+00 0.0000e+00 0.0000e+00 2.7021e+00 1.0405e+02 
23.0 1.0160e+02 -3.7441e+00 0.0000e+00 0.0000e+00 -3.7441e+00 1.0011e+02 0.0000e+00 0.0000e+00 0.0000e+00 0.0000e+00 1.0133e+02 -2.6526e+00 0.0000e+00 0.0000e+00 2.6526e+00 1.0022e+02 
24.0 9.7682e+01 -3.9680e+00 0.0000e+00 0.0000e+00 -3.9680e+00 9.6201e+01 0.0000e+00 0.0000e+00 0.0000e+00 0.0000e+00 9.7672e+01 -2.6095e+00 0.0000e+00 0.0000e+00 2.6095e+00 9.6590e+01 
25.0 9.3961e+01 -4.1895e+00 0.0000e+00 0.0000e+00 -4.1895e+00 9.2490e+01 0.0000e+00 0.0000e+00 0.0000e+00 0.0000e+00 9.4193e+01 -2.5710e+00 0.0000e+00 0.0000e+00 2.5710e+00 9.3136e+01 
26.0 9.0414e+01 -4.4076e+00 0.0000e+00 0.0000e+00 -4.4076e+00 8.8954e+01 0.0000e+00 0.0000e+00 0.0000e+00 0.0000e+00 9.0872e+01 -2.5359e+00 0.0000e+00 0.0000e+00 2.5359e+00 8.9838e+01 
27.0 8.7026e+01 -4.6218e+00 0.0000e+00 0.0000e+00 -4.6218e+00 8.5577e+01 0.0000e+00 0.0000e+00 0.0000e+00 0.0000e+00 8.7692e+01 -2.5035e+00 0.0000e+00 0.0000e+00 2.5035e+00 8.6682e+01 
28.0 8.3780e+01 -4.8316e+00 0.0000e+00 0.0000e+00 -4.8316e+00 8.2343e+01 0.0000e+00 0.0000e+00 0.0000e+00 0.0000e+00 8.4640e+01 -2.4729e+00 0.0000e+00 0.0000e+00 2.4729e+00 8.3652e+01 
29.0 8.0665e+01 -5.0363e+00 0.0000e+00 0.0000e+00 -5.0363e+00 7.9239e+01 0.0000e+00 0.0000e+00 0.0000e+00 0.0000e+00 8.1703e+01 -2.4436e+00 0.0000e+00 0.0000e+00 2.4436e+00 8.0738e+01 
30.0 7.7671e+01 -5.2355e+00 0.0000e+00 0.0000e+00 -5.2355e+00 7.6256e+01 0.0000e+00 0.0000e+00 0.0000e+00 0.0000e+00 7.8874e+01 -2.4150e+00 0.0000e+00 0.0000e+00 2.4150e+00 7.7930e+01 
31.0 7.4789e+01 -5.4286e+00 0.0000e+00 0.0000e+00 -5.4286e+00 7.3385e+01 0.0000e+00 0.0000e+00 0.0000e+00 0.0000e+00 7.5800e+01 -2.3867e+00 0.0000e+00 0.0000e+00 2.3867e+00 7.4884e+01 
32.0 7.2013e+01 -5.6154e+00 0.0000e+00 0.0000e+00 -5.6154e+00 7.0620e+01 0.0000e+00 0.0000e+00 0.0000e+00 0.0000e+00 7.2839e+01 -2.3584e+00 0.0000e+00 0.0000e+00 2.3584e+00 7.1950e+01 
33.0 6.9336e+01 -5.7952e+00 0.0000e+00 0.0000e+00 -5.7952e+00 6.7955e+01 0.0000e+00 0.0000e+00 0.0000e+00 0.0000e+00 6.9985e+01 -2.3298e+00 0.0000e+00 0.0000e+00 2.3298e+00 6.9123e+01 
34.0 6.6755e+01 -5.9677e+00 0.0000e+00 0.0000e+00 -5.9677e+00 6.5385e+01 0.0000e+00 0.0000e+00 0.0000e+00 0.0000e+00 6.7232e+01 -2.3007e+00 0.0000e+00 0.0000e+00 2.3007e+00 6.6396e+01 
35.0 6.4265e+01 -6.1326e+00 0.0000e+00 0.0000e+00 -6.1326e+00 6.2905e+01 0.0000e+00 0.0000e+00 0.0000e+00 0.0000e+00 6.4575e+01 -2.2708e+00 0.0000e+00 0.0000e+00 2.2708e+00 6.3766e+01 
36.0 6.1863e+01 -6.2897e+00 0.0000e+00 0.0000e+00 -6.2897e+00 6.0514e+01 0.0000e+00 0.0000e+00 0.0000e+00 0.0000e+00 6.2011e+01 -2.2397e+00 0.0000e+00 0.0000e+00 2.2397e+00 6.1228e+01 
37.0 5.9547e+01 -6.4389e+00 0.0000e+00 0.0000e+00 -6.4389e+00 5.8209e+01 0.0000e+00 0.0000e+00 0.0000e+00 0.0000e+00 5.9537e+01 -2.2072e+00 0.0000e+00 0.0000e+00 2.2072e+00 5.8779e+01 
38.0 5.7314e+01 -6.5804e+00 0.0000e+00 0.0000e+00 -6.5804e+00 5.5988e+01 0.0000e+00 0.0000e+00 0.0000e+00 0.0000e+00 5.7149e+01 -2.1730e+00 0.0000e+00 0.0000e+00 2.1730e+00 5.6416e+01 
39.0 5.5163e+01 -6.7142e+00 0.0000e+00 0.0000e+00 -6.7142e+00 5.3848e+01 0.0000e+00 0.0000e+00 0.0000e+00 0.0000e+00 5.4846e+01 -2.1372e+00 0.0000e+00 0.0000e+00 2.1372e+00 5.4137e+01 
40.0 5.3092e+01 -6.8401e+00 0.0000e+00 0.0000e+00 -6.8401e+00 5.1787e+01 0.0000e+00 0.0000e+00 0.0000e+00 0.0000e+00 5.2625e+01 -2.0999e+00 0.0000e+00 0.0000e+00 2.0999e+00 5.1940e+01 
41.0 5.1096e+01 -6.9582e+00 0.0000e+00 0.0000e+00 -6.9582e+00 4.9802e+01 0.0000e+00 0.0000e+00 0.0000e+00 0.0000e+00 5.0482e+01 -2.0613e+00 0.0000e+00 0.0000e+00 2.0613e+00 4.9822e+01 
42.0 4.9175e+01 -7.0683e+00 0.0000e+00 0.0000e+00 -7.0683e+00 4.7892e+01 0.0000e+00 0.0000e+00 0.0000e+00 0.0000e+00 4.8416e+01 -2.0214e+00 0.0000e+00 0.0000e+00 2.0214e+00 4.7779e+01 
43.0 4.7325e+01 -7.1704e+00 0.0000e+00 0.0000e+00 -7.1704e+00 4.6053e+01 0.0000e+00 0.0000e+00 0.0000e+00 0.0000e+00 4.6424e+01 -1.9803e+00 0.0000e+00 0.0000e+00 1.9803e+00 4.5810e+01 
44.0 4.5544e+01 -7.2645e+00 0.0000e+00 0.0000e+00 -7.2645e+00 4.4282e+01 0.0000e+00 0.0000e+00 0.0000e+00 0.0000e+00 4.4503e+01 -1.9380e+00 0.0000e+00 0.0000e+00 1.9380e+00 4.3911e+01 
45.0 4.3829e+01 -7.3506e+00 0.0000e+00 0.0000e+00 -7.3506e+00 4.2577e+01 0.0000e+00 0.0000e+00 0.0000e+00 0.0000e+00 4.2651e+01 -1.8944e+00 0.0000e+00 0.0000e+00 1.8944e+00 4.2081e+01 
46.0 4.2178e+01 -7.4288e+00 0.0000e+00 0.0000e+00 -7.4288e+00 4.0936e+01 0.0000e+00 0.0000e+00 0.0000e+00 0.0000e+00 4.0865e+01 -1.8496e+00 0.0000e+00 0.0000e+00 1.8496e+00 4.0317e+01 
47.0 4.0589e+01 -7.4992e+00 0.0000e+00 0.0000e+00 -7.4992e+00 3.9358e+01 0.0000e+00 0.0000e+00 0.0000e+00 0.0000e+00 3.9144e+01 -1.8035e+00 0.0000e+00 0.0000e+00 1.8035e+00 3.8617e+01 
48.0 3.9061e+01 -7.5619e+00 0.0000e+00 0.0000e+00 -7.5619e+00 3.7839e+01 0.0000e+00 0.0000e+00 0.0000e+00 0.0000e+00 3.7484e+01 -1.7563e+00 0.0000e+00 0.0000e+00 1.7563e+00 3.6979e+01 
49.0 3.7591e+01 -7.6171e+00 0.0000e+00 0.0000e+00 -7.6171e+00 3.6378e+01 0.0000e+00 0.0000e+00 0.0000e+00 0.0000e+00 3.5886e+01 -1.7080e+00 0.0000e+00 0.0000e+00 1.7080e+00 3.5401e+01 
50.0 3.6177e+01 -7.6649e+00 0.0000e+00 0.0000e+00 -7.6649e+00 3.4974e+01 0.0000e+00 0.0000e+00 0.0000e+00 0.0000e+00 3.4345e+01 -1.6586e+00 0.0000e+00 0.0000e+00 1.6586e+00 3.3881e+01 
51.0 3.4818e+01 -7.7055e+00 0.0000e+00 0.0000e+00 -7.7055e+00 3.3625e+01 0.0000e+00 0.0000e+00 0.0000e+00 0.0000e+00 3.2862e+01 -1.6083e+00 0.0000e+00 0.0000e+00 1.6083e+00 3.2417e+01 
52.0 3.3513e+01 -7.7390e+00 0.0000e+00 0.0000e+00 -7.7390e+00 3.2329e+01 0.0000e+00 0.0000e+00 0.0000e+00 0.0000e+00 3.1433e+01 -1.5570e+00 0.0000e+00 0.0000e+00 1.5570e+00 3.1008e+01 
53.0 3.2259e+01 -7.7658e+00 0.0000e+00 0.0000e+00 -7.7658e+00 3.1084e+01 0.0000e+00 0.0000e+00 0.0000e+00 0.0000e+00 3.0057e+01 -1.5049e+00 0.0000e+00 0.0000e+00 1.5049e+00 2.9651e+01 
54.0 3.1055e+01 -7.7860e+00 0.0000e+00 0.0000e+00 -7.7860e+00 2.9889e+01 0.0000e+00 0.0000e+00 0.0000e+00 0.0000e+00 2.8732e+01 -1.4521e+00 0.0000e+00 0.0000e+00 1.4521e+00 2.8345e+01 
55.0 2.9899e+01 -7.7999e+00 0.0000e+00 0.0000e+00 -7.7999e+00 2.8742e+01 0.0000e+00 0.0000e+00 0.0000e+00 0.0000e+00 2.7456e+01 -1.3986e+00 0.0000e+00 0.0000e+00 1.3986e+00 2.7089e+01 
56.0 2.8789e+01 -7.8075e+00 0.0000e+00 0.0000e+00 -7.8075e+00 2.7641e+01 0.0000e+00 0.0000e+00 0.0000e+00 0.0000e+00 2.6229e+01 -1.3446e+00 0.0000e+00 0.0000e+00 1.3446e+00 2.5879e+01 
57.0 2.7725e+01 -7.8092e+00 0.0000e+00 0.0000e+00 -7.8092e+00 2.6585e+01 0.0000e+00 0.0000e+00 0.0000e+00 0.0000e+00 2.5048e+01 -1.2903e+00 0.0000e+00 0.0000e+00 1.2903e+00 2.4716e+01 
58.0 2.6704e+01 -7.8051e+00 0.0000e+00 0.0000e+00 -7.8051e+00 2.5573e+01 0.0000e+00 0.0000e+00 0.0000e+00 0.0000e+00 2.3911e+01 -1.2356e+00 0.0000e+00 0.0000e+00 1.2356e+00 2.3597e+01 
59.0 2.5725e+01 -7.7954e+00 0.0000e+00 0.0000e+00 -7.7954e+00 2.4601e+01 0.0000e+00 0.0000e+00 0.0000e+00 0.0000e+00 2.2817e+01 -1.1808e+00 0.0000e+00 0.0000e+00 1.1808e+00 2.2521e+01 
60.0 2.4786e+01 -7.7804e+00 0.0000e+00 0.0000e+00 -7.7804e+00 2.3671e+01 0.0000e+00 0.0000e+00 0.0000e+00 0.0000e+00 2.1765e+01 -1.1258e+00 0.0000e+00 0.0000e+00 1.1258e+00 2.1486e+01 
61.0 2.3886e+01 -7.7602e+00 0.0000e+00 0.0000e+00 -7.7602e+00 2.2778e+01 0.0000e+00 0.0000e+00 0.0000e+00 0.0000e+00 2.0753e+01 -1.0708e+00 0.0000e+00 0.0000e+00 1.0708e+00 2.0490e+01 
62.0 2.3023e+01 -7.7350e+00 0.0000e+00 0.0000e+00 -7.7350e+00 2.1923e+01 0.0000e+00 0.0000e+00 0.0000e+00 0.0000e+00 1.9779e+01 -1.0159e+00 0.0000e+00 0.0000e+00 1.0159e+00 1.9533e+01 
63.0 2.2197e+01 -7.7051e+00 0.0000e+00 0.0000e+00 -7.7051e+00 2.1104e+01 0.0000e+00 0.0000e+00 0.0000e+00 0.0000e+00 1.8842e+01 -9.6107e-01 0.0000e+00 0.0000e+00 9.6107e-01 1.8613e+01 
64.0 2.1405e+01 -7.6707e+00 0.0000e+00 0.0000e+00 -7.6707e+00 2.0320e+01 0.0000e+00 0.0000e+00 0.0000e+00 0.0000e+00 1.7942e+01 -9.0655e-01 0.0000e+00 0.0000e+00 9.0655e-01 1.7728e+01 
65.0 2.0646e+01 -7.6319e+00 0.0000e+00 0.0000e+00 -7.6319e+00 1.9568e+01 0.0000e+00 0.0000e+00 0.0000e+00 0.0000e+00 1.7075e+01 -8.5241e-01 0.0000e+00 0.0000e+00 8.5241e-01 1.6877e+01 
66.0 1.9919e+01 -7.5890e+00 0.0000e+00 0.0000e+00 -7.5890e+00 1.8849e+01 0.0000e+00 0.0000e+00 0.0000e+00 0.0000e+00 1.6242e+01 -7.9875e-01 0.0000e+00 0.0000e+00 7.9875e-01 1.6059e+01 
67.0 1.9223e+01 -7.5421e+00 0.0000e+00 0.0000e+00 -7.5421e+00 1.8160e+01 0.0000e+00 0.0000e+00 0.0000e+00 0.0000e+00 1.5441e+01 -7.4567e-01 0.0000e+00 0.0000e+00 7.4567e-01 1.5273e+01 
68.0 1.8557e+01 -7.4914e+00 0.0000e+00 0.0000e+00 -7.4914e+00 1.7501e+01 0.0000e+00 0.0000e+00 0.0000e+00 0.0000e+00 1.4670e+01 -6.9324e-01 0.0000e+00 0.0000e+00 6.9324e-01 1.4517e+01 
69.0 1.7919e+01 -7.4370e+00 0.0000e+00 0.0000e+00 -7.4370e+00 1.6870e+01 0.0000e+00 0.0000e+00 0.0000e+00 0.0000e+00 1.3929e+01 -6.4151e-01 0.0000e+00 0.0000e+00 6.4151e-01 1.3791e+01 
70.0 1.7309e+01 -7.3792e+00 0.0000e+00 0.0000e+00 -7.3792e+00 1.6266e+01 0.0000e+00 0.0000e+00 0.0000e+00 0.0000e+00 1.3216e+01 -5.9054e-01 0.0000e+00 0.0000e+00 5.9054e-01 1.3093e+01 
71.0 1.6724e+01 -7.3182e+00 0.0000e+00 0.0000e+00 -7.3182e+00 1.5689e+01 0.0000e+00 0.0000e+00 0.0000e+00 0.0000e+00 1.2530e+01 -5.4039e-01 0.0000e+00 0.0000e+00 5.4039e-01 1.2421e+01 
72.0 1.6165e+01 -7.2540e+00 0.0000e+00 0.0000e+00 -7.2540e+00 1.5136e+01 0.0000e+00 0.0000e+00 0.0000e+00 0.0000e+00 1.1871e+01 -4.9111e-01 0.0000e+00 0.0000e+00 4.9111e-01 1.1775e+01 
73.0 1.5630e+01 -7.1868e+00 0.0000e+00 0.0000e+00 -7.1868e+00 1.4608e+01 0.0000e+00 0.0000e+00 0.0000e+00 0.0000e+00 1.1237e+01 -4.4275e-01 0.0000e+00 0.0000e+00 4.4275e-01 1.1155e+01 
74.0 1.5118e+01 -7.1169e+00 0.0000e+00 0.0000e+00 -7.1169e+00 1.4103e+01 0.0000e+00 0.0000e+00 0.0000e+00 0.0000e+00 1.0627e+01 -3.9536e-01 0.0000e+00 0.0000e+00 3.9536e-01 1.0558e+01 
75.0 1.4629e+01 -7.0444e+00 0.0000e+00 0.0000e+00 -7.0444e+00 1.3620e+01 0.0000e+00 0.0000e+00 0.0000e+00 0.0000e+00 1.0040e+01 -3.4897e-01 0.0000e+00 0.0000e+00 3.4897e-01 9.9845e+00 
76.0 1.4161e+01 -6.9693e+00 0.0000e+00 0.0000e+00 -6.9693e+00 1.3158e+01 0.0000e+00 0.0000e+00 0.0000e+00 0.0000e+00 9.4757e+00 -3.0361e-01 0.0000e+00 0.0000e+00 3.0361e-01 9.4328e+00 
77.0 1.3713e+01 -6.8920e+00 0.0000e+00 0.0000e+00 -6.8920e+00 1.2717e+01 0.0000e+00 0.0000e+00 0.0000e+00 0.0000e+00 8.9328e+00 -2.5930e-01 0.0000e+00 0.0000e+00 2.5930e-01 8.9024e+00 
78.0 1.3285e+01 -6.8124e+00 0.0000e+00 0.0000e+00 -6.8124e+00 1.2296e+01 0.0000e+00 0.0000e+00 0.0000e+00 0.0000e+00 8.4104e+00 -2.1605e-01 0.0000e+00 0.0000e+00 2.1605e-01 8.3922e+00 
79.0 1.2876e+01 -6.7309e+00 0.0000e+00 0.0000e+00 -6.7309e+00 1.1893e+01 0.0000e+00 0.0000e+00 0.0000e+00 0.0000e+00 7.9078e+00 -1.7385e-01 0.0000e+00 0.0000e+00 1.7385e-01 7.9016e+00 
80.0 1.2485e+01 -6.6473e+00 0.0000e+00 0.0000e+00 -6.6473e+00 1.1509e+01 0.0000e+00 0.0000e+00 0.0000e+00 0.0000e+00 7.4243e+00 -1.3270e-01 0.0000e+00 0.0000e+00 1.3270e-01 7.4298e+00 
81.0 1.2112e+01 -6.5621e+00 0.0000e+00 0.0000e+00 -6.5621e+00 1.1142e+01 0.0000e+00 0.0000e+00 0.0000e+00 0.0000e+00 6.9590e+00 -9.2614e-02 0.0000e+00 0.0000e+00 9.2614e-02 6.9759e+00 
82.0 1.1755e+01 -6.4752e+00 0.0000e+00 0.0000e+00 -6.4752e+00 1.0791e+01 0.0000e+00 0.0000e+00 0.0000e+00 0.0000e+00 6.5113e+00 -5.3594e-02 0.0000e+00 0.0000e+00 5.3594e-02 6.5394e+00 
83.0 1.1414e+01 -6.3867e+00 0.0000e+00 0.0000e+00 -6.3867e+00 1.0457e+01 0.0000e+00 0.0000e+00 0.0000e+00 0.0000e+00 6.0804e+00 -1.5648e-02 0.0000e+00 0.0000e+00 1.5648e-02 6.1195e+00 
84.0 1.1088e+01 -6.2969e+00 0.0000e+00 0.0000e+00 -6.2969e+00 1.0138e+01 0.0000e+00 0.0000e+00 0.0000e+00 0.0000e+00 5.6658e+00 2.1217e-02 0.0000e+00 0.0000e+00 -2.1217e-02 5.7155e+00 
85.0 1.0777e+01 -6.2059e+00 0.0000e+00 0.0000e+00 -6.2059e+00 9.8334e+00 0.0000e+00 0.0000e+00 0.0000e+00 0.0000e+00 5.2666e+00 5.6992e-02 0.0000e+00 0.0000e+00 -5.6992e-02 5.3268e+00 
86.0 1.0480e+01 -6.1137e+00 0.0000e+00 0.0000e+00 -6.1137e+00 9.5430e+00 0.0000e+00 0.0000e+00 0.0000e+00 0.0000e+00 4.8824e+00 9.1671e-02 0.0000e+00 0.0000e+00 -9.1671e-02 4.9528e+00 
87.0 1.0197e+01 -6.0204e+00 0.0000e+00 0.0000e+00 -6.0204e+00 9.2661e+00 0.0000e+00 0.0000e+00 0.0000e+00 0.0000e+00 4.5126e+00 1.2525e-01 0.0000e+00 0.0000e+00 -1.2525e-01 4.5928e+00 
88.0 9.9262e+00 -5.9262e+00 0.0000e+00 0.0000e+00 -5.9262e+00 9.0021e+00 0.0000e+00 0.0000e+00 0.0000e+00 0.0000e+00 4.1565e+00 1.5772e-01 0.0000e+00 0.0000e+00 -1.5772e-01 4.2464e+00 
89.0 9.6681e+00 -5.8311e+00 0.0000e+00 0.0000e+00 -5.8311e+00 8.7505e+00 0.0000e+00 0.0000e+00 0.0000e+00 0.0000e+00 3.8136e+00 1.8909e-01 0.0000e+00 0.0000e+00 -1.8909e-01 3.9130e+00 
90.0 9.4219e+00 -5.7353e+00 0.0000e+00 0.0000e+00 -5.7353e+00 8.5108e+00 0.0000e+00 0.0000e+00 0.0000e+00 0.0000e+00 3.4834e+00 2.1934e-01 0.0000e+00 0.0000e+00 -2.1934e-01 3.5920e+00 
91.0 9.1870e+00 -5.6389e+00 0.0000e+00 0.0000e+00 -5.6389e+00 8.2824e+00 0.0000e+00 0.0000e+00 0.0000e+00 0.0000e+00 3.1654e+00 2.4847e-01 0.0000e+00 0.0000e+00 -2.4847e-01 3.2829e+00 
92.0 8.9631e+00 -5.5418e+00 0.0000e+00 0.0000e+00 -5.5418e+00 8.0650e+00 0.0000e+00 0.0000e+00 0.0000e+00 0.0000e+00 2.8592e+00 2.7649e-01 0.0000e+00 0.0000e+00 -2.7649e-01 2.9853e+00 
93.0 8.7496e+00 -5.4443e+00 0.0000e+00 0.0000e+00 -5.4443e+00 7.8580e+00 0.0000e+00 0.0000e+00 0.0000e+00 0.0000e+00 2.5641e+00 3.0339e-01 0.0000e+00 0.0000e+00 -3.0339e-01 2.6987e+00 
94.0 8.5462e+00 -5.3463e+00 0.0000e+00 0.0000e+00 -5.3463e+00 7.6611e+00 0.0000e+00 0.0000e+00 0.0000e+00 0.0000e+00 2.2798e+00 3.2918e-01 0.0000e+00 0.0000e+00 -3.2918e-01 2.4225e+00 
95.0 8.3524e+00 -5.2480e+00 0.0000e+00 0.0000e+00 -5.2480e+00 7.4738e+00 0.0000e+00 0.0000e+00 0.0000e+00 0.0000e+00 2.0059e+00 3.5386e-01 0.0000e+00 0.0000e+00 -3.5386e-01 2.1565e+00 
96.0 8.1678e+00 -5.1494e+00 0.0000e+00 0.0000e+00 -5.1494e+00 7.2958e+00 0.0000e+00 0.0000e+00 0.0000e+00 0.0000e+00 1.7420e+00 3.7743e-01 0.0000e+00 0.0000e+00 -3.7743e-01 1.9000e+00 
97.0 7.9921e+00 -5.0505e+00 0.0000e+00 0.0000e+00 -5.0505e+00 7.1267e+00 0.0000e+00 0.0000e+00 0.0000e+00 0.0000e+00 1.4875e+00 3.9992e-01 0.0000e+00 0.0000e+00 -3.9992e-01 1.6529e+00 
98.0 7.8249e+00 -4.9514e+00 0.0000e+00 0.0000e+00 -4.9514e+00 6.9661e+00 0.0000e+00 0.0000e+00 0.0000e+00 0.0000e+00 1.2423e+00 4.2133e-01 0.0000e+00 0.0000e+00 -4.2133e-01 1.4147e+00 
99.0 7.6659e+00 -4.8522e+00 0.0000e+00 0.0000e+00 -4.8522e+00 6.8137e+00 0.0000e+00 0.0000e+00 0.0000e+00 0.0000e+00 1.0059e+00 4.4168e-01 0.0000e+00 0.0000e+00 -4.4168e-01 1.1849e+00 
100.0 7.5147e+00 -4.7529e+00 0.0000e+00 0.0000e+00 -4.7529e+00 6.6692e+00 0.0000e+00 0.0000e+00 0.0000e+00 0.0000e+00 7.7786e-01 4.6099e-01 0.0000e+00 0.0000e+00 -4.6099e-01 9.6333e-01 
101.0 7.3711e+00 -4.6536e+00 0.0000e+00 0.0000e+00 -4.6536e+00 6.5323e+00 0.0000e+00 0.0000e+00 0.0000e+00 0.0000e+00 5.5799e-01 4.7926e-01 0.0000e+00 0.0000e+00 -4.7926e-01 7.4958e-01 
102.0 7.2347e+00 -4.5543e+00 0.0000e+00 0.0000e+00 -4.5543e+00 6.4027e+00 0.0000e+00 0.0000e+00 0.0000e+00 0.0000e+00 3.4592e-01 4.9652e-01 0.0000e+00 0.0000e+00 -4.9652e-01 5.4334e-01 
103.0 7.1052e+00 -4.4551e+00 0.0000e+00 0.0000e+00 -4.4551e+00 6.2802e+00 0.0000e+00 0.0000e+00 0.0000e+00 0.0000e+00 1.4134e-01 5.1276e-01 0.0000e+00 0.0000e+00 -5.1276e-01 3.4430e-01 
104.0 6.9825e+00 -4.3559e+00 0.0000e+00 0.0000e+00 -4.3559e+00 6.1643e+00 0.0000e+00 0.0000e+00 0.0000e+00 0.0000e+00 -5.6063e-02 5.2802e-01 0.0000e+00 0.0000e+00 -5.2802e-01 1.5215e-01 
105.0 6.8662e+00 -4.2570e+00 0.0000e+00 0.0000e+00 -4.2570e+00 6.0549e+00 0.0000e+00 0.0000e+00 0.0000e+00 0.0000e+00 -2.4657e-01 5.4229e-01 0.0000e+00 0.0000e+00 -5.4229e-01 -3.3372e-02 
106.0 6.7561e+00 -4.1582e+00 0.0000e+00 0.0000e+00 -4.1582e+00 5.9518e+00 0.0000e+00 0.0000e+00 0.0000e+00 0.0000e+00 -4.3046e-01 5.5560e-01 0.0000e+00 0.0000e+00 -5.5560e-01 -2.1255e-01 
107.0 6.6519e+00 -4.0596e+00 0.0000e+00 0.0000e+00 -4.0596e+00 5.8547e+00 0.0000e+00 0.0000e+00 0.0000e+00 0.0000e+00 -6.0799e-01 5.6797e-01 0.0000e+00 0.0000e+00 -5.6797e-01 -3.8563e-01 
108.0 6.5534e+00 -3.9613e+00 0.0000e+00 0.0000e+00 -3.9613e+00 5.7632e+00 0.0000e+00 0.0000e+00 0.0000e+00 0.0000e+00 -7.7943e-01 5.7940e-01 0.0000e+00 0.0000e+00 -5.7940e-01 -5.5288e-01 
109.0 6.4604e+00 -3.8633e+00 0.0000e+00 0.0000e+00 -3.8633e+00 5.6774e+00 0.0000e+00 0.0000e+00 0.0000e+00 0.0000e+00 -9.4502e-01 5.8993e-01 0.0000e+00 0.0000e+00 -5.8993e-01 -7.1452e-01 
110.0 6.3727e+00 -3.7657e+00 0.0000e+00 0.0000e+00 -3.7657e+00 5.5969e+00 0.0000e+00 0.0000e+00 0.0000e+00 0.0000e+00 -1.1050e+00 5.9958e-01 0.0000e+00 0.0000e+00 -5.9958e-01 -8.7079e-01 
111.0 6.2901e+00 -3.6684e+00 0.0000e+00 0.0000e+00 -3.6684e+00 5.5215e+00 0.0000e+00 0.0000e+00 0.0000e+00 0.0000e+00 -1.2596e+00 6.0835e-01 0.0000e+00 0.0000e+00 -6.0835e-01 -1.0219e+00 
112.0 6.2124e+00 -3.5715e+00 0.0000e+00 0.0000e+00 -3.5715e+00 5.4511e+00 0.0000e+00 0.0000e+00 0.0000e+00 0.0000e+00 -1.4090e+00 6.1628e-01 0.0000e+00 0.0000e+00 -6.1628e-01 -1.1680e+00 
113.0 6.1395e+00 -3.4751e+00 0.0000e+00 0.0000e+00 -3.4751e+00 5.3854e+00 0.0000e+00 0.0000e+00 0.0000e+00 0.0000e+00 -1.5534e+00 6.2338e-01 0.0000e+00 0.0000e+00 -6.2338e-01 -1.3094e+00 
114.0 6.0711e+00 -3.3792e+00 0.0000e+00 0.0000e+00 -3.3792e+00 5.3243e+00 0.0000e+00 0.0000e+00 0.0000e+00 0.0000e+00 -1.6931e+00 6.2967e-01 0.0000e+00 0.0000e+00 -6.2967e-01 -1.4463e+00 
115.0 6.0070e+00 -3.2839e+00 0.0000e+00 0.0000e+00 -3.2839e+00 5.2677e+00 0.0000e+00 0.0000e+00 0.0000e+00 0.0000e+00 -1.8282e+00 6.3517e-01 0.0000e+00 0.0000e+00 -6.3517e-01 -1.5787e+00 
116.0 5.9473e+00 -3.1891e+00 0.0000e+00 0.0000e+00 -3.1891e+00 5.2153e+00 0.0000e+00 0.0000e+00 0.0000e+00 0.0000e+00 -1.9589e+00 6.3991e-01 0.0000e+00 0.0000e+00 -6.3991e-01 -1.7069e+00 
117.0 5.8916e+00 -3.0949e+00 0.0000e+00 0.0000e+00 -3.0949e+00 5.1670e+00 0.0000e+00 0.0000e+00 0.0000e+00 0.0000e+00 -2.0854e+00 6.4388e-01 0.0000e+00 0.0000e+00 -6.4388e-01 -1.8310e+00 
118.0 5.8398e+00 -3.0015e+00 0.0000e+00 0.0000e+00 -3.0015e+00 5.1226e+00 0.0000e+00 0.0000e+00 0.0000e+00 0.0000e+00 -2.2078e+00 6.4710e-01 0.0000e+00 0.0000e+00 -6.4710e-01 -1.9513e+00 
119.0 5.7918e+00 -2.9088e+00 0.0000e+00 0.0000e+00 -2.9088e+00 5.0821e+00 0.0000e+00 0.0000e+00 0.0000e+00 0.0000e+00 -2.3263e+00 6.4959e-01 0.0000e+00 0.0000e+00 -6.4959e-01 -2.0678e+00 
120.0 5.7475e+00 -2.8168e+00 0.0000e+00 0.0000e+00 -2.8168e+00 5.0452e+00 0.0000e+00 0.0000e+00 0.0000e+00 0.0000e+00 -2.4410e+00 6.5134e-01 0.0000e+00 0.0000e+00 -6.5134e-01 -2.1806e+00 
121.0 5.7067e+00 -2.7256e+00 0.0000e+00 0.0000e+00 -2.7256e+00 5.0118e+00 0.0000e+00 0.0000e+00 0.0000e+00 0.0000e+00 -2.5521e+00 6.5237e-01 0.0000e+00 0.0000e+00 -6.5237e-01 -2.2899e+00 
122.0 5.6693e+00 -2.6354e+00 0.0000e+00 0.0000e+00 -2.6354e+00 4.9817e+00 0.0000e+00 0.0000e+00 0.0000e+00 0.0000e+00 -2.6598e+00 6.5264e-01 0.0000e+00 0.0000e+00 -6.5264e-01 -2.3959e+00 
123.0 5.6352e+00 -2.5460e+00 0.0000e+00 0.0000e+00 -2.5460e+00 4.9548e+00 0.0000e+00 0.0000e+00 0.0000e+00 0.0000e+00 -2.7642e+00 6.5216e-01 0.0000e+00 0.0000e+00 -6.5216e-01 -2.4986e+00 
124.0 5.6041e+00 -2.4575e+00 0.0000e+00 0.0000e+00 -2.4575e+00 4.9310e+00 0.0000e+00 0.0000e+00 0.0000e+00 0.0000e+00 -2.8653e+00 6.5092e-01 0.0000e+00 0.0000e+00 -6.5092e-01 -2.5981e+00 
125.0 5.5760e+00 -2.3700e+00 0.0000e+00 0.0000e+00 -2.3700e+00 4.9102e+00 0.0000e+00 0.0000e+00 0.0000e+00 0.0000e+00 -2.9634e+00 6.4894e-01 0.0000e+00 0.0000e+00 -6.4894e-01 -2.6947e+00 
126.0 5.5509e+00 -2.2835e+00 0.0000e+00 0.0000e+00 -2.2835e+00 4.8921e+00 0.0000e+00 0.0000e+00 0.0000e+00 0.0000e+00 -3.0586e+00 6.4618e-01 0.0000e+00 0.0000e+00 -6.4618e-01 -2.7883e+00 
127.0 5.5284e+00 -2.1980e+00 0.0000e+00 0.0000e+00 -2.1980e+00 4.8767e+00 0.0000e+00 0.0000e+00 0.0000e+00 0.0000e+00 -3.1509e+00 6.4268e-01 0.0000e+00 0.0000e+00 -6.4268e-01 -2.8791e+00 
128.0 5.5087e+00 -2.1136e+00 0.0000e+00 0.0000e+00 -2.1136e+00 4.8639e+00 0.0000e+00 0.0000e+00 0.0000e+00 0.0000e+00 -3.2405e+00 6.3842e-01 0.0000e+00 0.0000e+00 -6.3842e-01 -2.9673e+00 
129.0 5.4915e+00 -2.0303e+00 0.0000e+00 0.0000e+00 -2.0303e+00 4.8535e+00 0.0000e+00 0.0000e+00 0.0000e+00 0.0000e+00 -3.3275e+00 6.3342e-01 0.0000e+00 0.0000e+00 -6.3342e-01 -3.0528e+00 
130.0 5.4768e+00 -1.9482e+00 0.0000e+00 0.0000e+00 -1.9482e+00 4.8456e+00 0.0000e+00 0.0000e+00 0.0000e+00 0.0000e+00 -3.4120e+00 6.2765e-01 0.0000e+00 0.0000e+00 -6.2765e-01 -3.1357e+00 
131.0 5.4644e+00 -1.8672e+00 0.0000e+00 0.0000e+00 -1.8672e+00 4.8398e+00 0.0000e+00 0.0000e+00 0.0000e+00 0.0000e+00 -3.4941e+00 6.2114e-01 0.0000e+00 0.0000e+00 -6.2114e-01 -3.2162e+00 
132.0 5.4543e+00 -1.7874e+00 0.0000e+00 0.0000e+00 -1.7874e+00 4.8362e+00 0.0000e+00 0.0000e+00 0.0000e+00 0.0000e+00 -3.5738e+00 6.1389e-01 0.0000e+00 0.0000e+00 -6.1389e-01 -3.2944e+00 
133.0 5.4464e+00 -1.7088e+00 0.0000e+00 0.0000e+00 -1.7088e+00 4.8347e+00 0.0000e+00 0.0000e+00 0.0000e+00 0.0000e+00 -3.6514e+00 6.0591e-01 0.0000e+00 0.0000e+00 -6.0591e-01 -3.3704e+00 
134.0 5.4406e+00 -1.6315e+00 0.0000e+00 0.0000e+00 -1.6315e+00 4.8352e+00 0.0000e+00 0.0000e+00 0.0000e+00 0.0000e+00 -3.7267e+00 5.9721e-01 0.0000e+00 0.0000e+00 -5.9721e-01 -3.4441e+00 
135.0 5.4368e+00 -1.5554e+00 0.0000e+00 0.0000e+00 -1.5554e+00 4.8375e+00 0.0000e+00 0.0000e+00 0.0000e+00 0.0000e+00 -3.8000e+00 5.8784e-01 0.0000e+00 0.0000e+00 -5.8784e-01 -3.5156e+00 
136.0 5.4350e+00 -1.4807e+00 0.0000e+00 0.0000e+00 -1.4807e+00 4.8418e+00 0.0000e+00 0.0000e+00 0.0000e+00 0.0000e+00 -3.8712e+00 5.7780e-01 0.0000e+00 0.0000e+00 -5.7780e-01 -3.5851e+00 
137.0 5.4351e+00 -1.4072e+00 0.0000e+00 0.0000e+00 -1.4072e+00 4.8478e+00 0.0000e+00 0.0000e+00 0.0000e+00 0.0000e+00 -3.9405e+00 5.6708e-01 0.0000e+00 0.0000e+00 -5.6708e-01 -3.6526e+00 
138.0 5.4369e+00 -1.3351e+00 0.0000e+00 0.0000e+00 -1.3351e+00 4.8553e+00 0.0000e+00 0.0000e+00 0.0000e+00 0.0000e+00 -4.0079e+00 5.5573e-01 0.0000e+00 0.0000e+00 -5.5573e-01 -3.7182e+00 
139.0 5.4405e+00 -1.2644e+00 0.0000e+00 0.0000e+00 -1.2644e+00 4.8645e+00 0.0000e+00 0.0000e+00 0.0000e+00 0.0000e+00 -4.0735e+00 5.4376e-01 0.0000e+00 0.0000e+00 -5.4376e-01 -3.7818e+00 
140.0 5.4458e+00 -1.1950e+00 0.0000e+00 0.0000e+00 -1.1950e+00 4.8752e+00 0.0000e+00 0.0000e+00 0.0000e+00 0.0000e+00 -4.1373e+00 5.3121e-01 0.0000e+00 0.0000e+00 -5.3121e-01 -3.8436e+00 
141.0 5.4526e+00 -1.1270e+00 0.0000e+00 0.0000e+00 -1.1270e+00 4.8874e+00 0.0000e+00 0.0000e+00 0.0000e+00 0.0000e+00 -4.1994e+00 5.1811e-01 0.0000e+00 0.0000e+00 -5.1811e-01 -3.9036e+00 
142.0 5.4611e+00 -1.0605e+00 0.0000e+00 0.0000e+00 -1.0605e+00 4.9009e+00 0.0000e+00 0.0000e+00 0.0000e+00 0.0000e+00 -4.2598e+00 5.0449e-01 0.0000e+00 0.0000e+00 -5.0449e-01 -3.9618e+00 
143.0 5.4711e+00 -9.9551e-01 0.0000e+00 0.0000e+00 -9.9551e-01 4.9158e+00 0.0000e+00 0.0000e+00 0.0000e+00 0.0000e+00 -4.3186e+00 4.9040e-01 0.0000e+00 0.0000e+00 -4.9040e-01 -4.0183e+00 
144.0 5.4825e+00 -9.3202e-01 0.0000e+00 0.0000e+00 -9.3202e-01 4.9320e+00 0.0000e+00 0.0000e+00 0.0000e+00 0.0000e+00 -4.3757e+00 4.7583e-01 0.0000e+00 0.0000e+00 -4.7583e-01 -4.0730e+00 
145.0 5.4954e+00 -8.7005e-01 0.0000e+00 0.0000e+00 -8.7005e-01 4.9493e+00 0.0000e+00 0.0000e+00 0.0000e+00 0.0000e+00 -4.4314e+00 4.6080e-01 0.0000e+00 0.0000e+00 -4.6080e-01 -4.1260e+00 
146.0 5.5097e+00 -8.0971e-01 0.0000e+00 0.0000e+00 -8.0971e-01 4.9678e+00 0.0000e+00 0.0000e+00 0.0000e+00 0.0000e+00 -4.4856e+00 4.4532e-01 0.0000e+00 0.0000e+00 -4.4532e-01 -4.1774e+00 
147.0 5.5252e+00 -7.5101e-01 0.0000e+00 0.0000e+00 -7.5101e-01 4.9872e+00 0.0000e+00 0.0000e+00 0.0000e+00 0.0000e+00 -4.5383e+00 4.2938e-01 0.0000e+00 0.0000e+00 -4.2938e-01 -4.2270e+00 
148.0 5.5421e+00 -6.9389e-01 0.0000e+00 0.0000e+00 -6.9389e-01 5.0077e+00 0.0000e+00 0.0000e+00 0.0000e+00 0.0000e+00 -4.5896e+00 4.1301e-01 0.0000e+00 0.0000e+00 -4.1301e-01 -4.2751e+00 
149.0 5.5602e+00 -6.3848e-01 0.0000e+00 0.0000e+00 -6.3848e-01 5.0291e+00 0.0000e+00 0.0000e+00 0.0000e+00 0.0000e+00 -4.6396e+00 3.9624e-01 0.0000e+00 0.0000e+00 -3.9624e-01 -4.3215e+00 
150.0 5.5795e+00 -5.8486e-01 0.0000e+00 0.0000e+00 -5.8486e-01 5.0514e+00 0.0000e+00 0.0000e+00 0.0000e+00 0.0000e+00 -4.6882e+00 3.7912e-01 0.0000e+00 0.0000e+00 -3.7912e-01 -4.3663e+00 
151.0 5.6001e+00 -5.3289e-01 0.0000e+00 0.0000e+00 -5.3289e-01 5.0746e+00 0.0000e+00 0.0000e+00 0.0000e+00 0.0000e+00 -4.7355e+00 3.6165e-01 0.0000e+00 0.0000e+00 -3.6165e-01 -4.4095e+00 
152.0 5.6219e+00 -4.8271e-01 0.0000e+00 0.0000e+00 -4.8271e-01 5.0986e+00 0.0000e+00 0.0000e+00 0.0000e+00 0.0000e+00 -4.7816e+00 3.4381e-01 0.0000e+00 0.0000e+00 -3.4381e-01 -4.4512e+00 
153.0 5.6446e+00 -4.3462e-01 0.0000e+00 0.0000e+00 -4.3462e-01 5.1230e+00 0.0000e+00 0.0000e+00 0.0000e+00 0.0000e+00 -4.8266e+00 3.2552e-01 0.0000e+00 0.0000e+00 -3.2552e-01 -4.4914e+00 
154.0 5.6682e+00 -3.8850e-01 0.0000e+00 0.0000e+00 -3.8850e-01 5.1478e+00 0.0000e+00 0.0000e+00 0.0000e+00 0.0000e+00 -4.8704e+00 3.0667e-01 0.0000e+00 0.0000e+00 -3.0667e-01 -4.5300e+00 
155.0 5.6926e+00 -3.4436e-01 0.0000e+00 0.0000e+00 -3.4436e-01 5.1732e+00 0.0000e+00 0.0000e+00 0.0000e+00 0.0000e+00 -4.9132e+00 2.8717e-01 0.0000e+00 0.0000e+00 -2.8717e-01 -4.5673e+00 
156.0 5.7175e+00 -3.0269e-01 0.0000e+00 0.0000e+00 -3.0269e-01 5.1984e+00 0.0000e+00 0.0000e+00 0.0000e+00 0.0000e+00 -4.9550e+00 2.6694e-01 0.0000e+00 0.0000e+00 -2.6694e-01 -4.6031e+00 
157.0 5.7429e+00 -2.6351e-01 0.0000e+00 0.0000e+00 -2.6351e-01 5.2235e+00 0.0000e+00 0.0000e+00 0.0000e+00 0.0000e+00 -4.9959e+00 2.4592e-01 0.0000e+00 0.0000e+00 -2.4592e-01 -4.6374e+00 
158.0 5.7689e+00 -2.2662e-01 0.0000e+00 0.0000e+00 -2.2662e-01 5.2487e+00 0.0000e+00 0.0000e+00 0.0000e+00 0.0000e+00 -5.0359e+00 2.2405e-01 0.0000e+00 0.0000e+00 -2.2405e-01 -4.6703e+00 
159.0 5.7951e+00 -1.9258e-01 0.0000e+00 0.0000e+00 -1.9258e-01 5.2734e+00 0.0000e+00 0.0000e+00 0.0000e+00 0.0000e+00 -5.0752e+00 2.0129e-01 0.0000e+00 0.0000e+00 -2.0129e-01 -4.7017e+00 
160.0 5.8213e+00 -1.6169e-01 0.0000e+00 0.0000e+00 -1.6169e-01 5.2972e+00 0.0000e+00 0.0000e+00 0.0000e+00 0.0000e+00 -5.1138e+00 1.7759e-01 0.0000e+00 0.0000e+00 -1.7759e-01 -4.7315e+00 
161.0 5.8481e+00 -1.3347e-01 0.0000e+00 0.0000e+00 -1.3347e-01 5.3205e+00 0.0000e+00 0.0000e+00 0.0000e+00 0.0000e+00 -5.1519e+00 1.5298e-01 0.0000e+00 0.0000e+00 -1.5298e-01 -4.7597e+00 
162.0 5.8755e+00 -1.0815e-01 0.0000e+00 0.0000e+00 -1.0815e-01 5.3432e+00 0.0000e+00 0.0000e+00 0.0000e+00 0.0000e+00 -5.1895e+00 1.2757e-01 0.0000e+00 0.0000e+00 -1.2757e-01 -4.7862e+00 
163.0 5.9032e+00 -8.6254e-02 0.0000e+00 0.0000e+00 -8.6254e-02 5.3648e+00 0.0000e+00 0.0000e+00 0.0000e+00 0.0000e+00 -5.2271e+00 1.0159e-01 0.0000e+00 0.0000e+00 -1.0159e-01 -4.8109e+00 
164.0 5.9323e+00 -6.7144e-02 0.0000e+00 0.0000e+00 -6.7144e-02 5.3860e+00 0.0000e+00 0.0000e+00 0.0000e+00 0.0000e+00 -5.2648e+00 7.5339e-02 0.0000e+00 0.0000e+00 -7.5339e-02 -4.8339e+00 
165.0 5.9633e+00 -5.0600e-02 0.0000e+00 0.0000e+00 -5.0600e-02 5.4074e+00 0.0000e+00 0.0000e+00 0.0000e+00 0.0000e+00 -5.3029e+00 4.9190e-02 0.0000e+00 0.0000e+00 -4.9190e-02 -4.8551e+00 
166.0 5.9960e+00 -3.7399e-02 0.0000e+00 0.0000e+00 -3.7399e-02 5.4281e+00 0.0000e+00 0.0000e+00 0.0000e+00 0.0000e+00 -5.3416e+00 2.3620e-02 0.0000e+00 0.0000e+00 -2.3620e-02 -4.8744e+00 
167.0 6.0313e+00 -2.7079e-02 0.0000e+00 0.0000e+00 -2.7079e-02 5.4494e+00 0.0000e+00 0.0000e+00 0.0000e+00 0.0000e+00 -5.3816e+00 -8.5149e-04 0.0000e+00 0.0000e+00 8.5149e-04 -4.8920e+00 
168.0 6.0707e+00 -1.8773e-02 0.0000e+00 0.0000e+00 -1.8773e-02 5.4714e+00 0.0000e+00 0.0000e+00 0.0000e+00 0.0000e+00 -5.4231e+00 -2.3638e-02 0.0000e+00 0.0000e+00 2.3638e-02 -4.9077e+00 
169.0 6.1140e+00 -1.3267e-02 0.0000e+00 0.0000e+00 -1.3267e-02 5.4945e+00 0.0000e+00 0.0000e+00 0.0000e+00 0.0000e+00 -5.4662e+00 -4.4052e-02 0.0000e+00 0.0000e+00 4.4052e-02 -4.9216e+00 
170.0 6.1617e+00 -1.0560e-02 0.0000e+00 0.0000e+00 -1.0560e-02 5.5186e+00 0.0000e+00 0.0000e+00 0.0000e+00 0.0000e+00 -5.5116e+00 -6.1282e-02 0.0000e+00 0.0000e+00 6.1282e-02 -4.9336e+00 
171.0 6.2160e+00 -8.9495e-03 0.0000e+00 0.0000e+00 -8.9495e-03 5.5450e+00 0.0000e+00 0.0000e+00 0.0000e+00 0.0000e+00 -5.5596e+00 -7.4301e-02 0.0000e+00 0.0000e+00 7.4301e-02 -4.9437e+00 
172.0 6.2771e+00 -8.4709e-03 0.0000e+00 0.0000e+00 -8.4709e-03 5.5747e+00 0.0000e+00 0.0000e+00 0.0000e+00 0.0000e+00 -5.6099e+00 -8.1851e-02 0.0000e+00 0.0000e+00 8.1851e-02 -4.9519e+00 
173.0 6.3445e+00 -9.6346e-03 0.0000e+00 0.0000e+00 -9.6346e-03 5.6067e+00 0.0000e+00 0.0000e+00 0.0000e+00 0.0000e+00 -5.6624e+00 -8.2671e-02 0.0000e+00 0.0000e+00 8.2671e-02 -4.9583e+00 
174.0 6.4192e+00 -1.0057e-02 0.0000e+00 0.0000e+00 -1.0057e-02 5.6427e+00 0.0000e+00 0.0000e+00 0.0000e+00 0.0000e+00 -5.7165e+00 -7.5940e-02 0.0000e+00 0.0000e+00 7.5940e-02 -4.9629e+00 
175.0 6.4991e+00 -8.3932e-03 0.0000e+00 0.0000e+00 -8.3932e-03 5.6829e+00 0.0000e+00 0.0000e+00 0.0000e+00 0.0000e+00 -5.7694e+00 -6.2026e-02 0.0000e+00 0.0000e+00 6.2026e-02 -4.9659e+00 
176.0 6.5767e+00 -6.7130e-03 0.0000e+00 0.0000e+00 -6.7130e-03 5.7224e+00 0.0000e+00 0.0000e+00 0.0000e+00 0.0000e+00 -5.8172e+00 -4.2975e-02 0.0000e+00 0.0000e+00 4.2975e-02 -4.9675e+00 
177.0 6.6446e+00 -5.0972e-03 0.0000e+00 0.0000e+00 -5.0972e-03 5.7573e+00 0.0000e+00 0.0000e+00 0.0000e+00 0.0000e+00 -5.8575e+00 -2.2705e-02 0.0000e+00 0.0000e+00 2.2705e-02 -4.9679e+00 
178.0 6.6945e+00 -1.9882e-03 0.0000e+00 0.0000e+00 -1.9882e-03 5.7842e+00 0.0000e+00 0.0000e+00 0.0000e+00 0.0000e+00 -5.8864e+00 -6.6691e-03 0.0000e+00 0.0000e+00 6.6691e-03 -4.9676e+00 
179.0 6.7143e+00 -4.5352e-20 0.0000e+00 0.0000e+00 -4.5352e-20 5.7954e+00 0.0000e+00 0.0000e+00 0.0000e+00 0.0000e+00 -5.8978e+00 -1.3285e-19 0.0000e+00 0.0000e+00 1.3285e-19 -4.9675e+00 
180.0 6.7340e+00 0.0000e+00 0.0000e+00 0.0000e+00 0.0000e+00 5.8059e+00 0.0000e+00 0.0000e+00 0.0000e+00 0.0000e+00 -5.9085e+00 0.0000e+00 0.0000e+00 0.0000e+00 -0.0000e+00 -4.9673e+00 
