1.8630 2.4273 0.5642 0.038061
theta s11 s12 s13 s14 s21 s22 s23 s24 s31 s32 s33 s34 s41 s42 s43 s44
0.0 1.3328e+03 0.0000e+00 0.0000e+00 0.0000e+00 0.0000e+00 1.3309e+03 0.0000e+00 0.0000e+00 0.0000e+00 0.0000e+00 1.3309e+03 0.0000e+00 0.0000e+00 0.0000e+00 -0.0000e+00 1.3289e+03 
1.0 1.2645e+03 -2.6411e-02 0.0000e+00 0.0000e+00 -2.6411e-02 1.2626e+03 0.0000e+00 0.0000e+00 0.0000e+00 0.0000e+00 1.2626e+03 -5.2275e-01 0.0000e+00 0.0000e+00 5.2275e-01 1.2606e+03 
2.0 1.1527e+03 -7.1211e-02 0.0000e+00 0.0000e+00 -7.1211e-02 1.1507e+03 0.0000e+00 0.0000e+00 0.0000e+00 0.0000e+00 1.1507e+03 -1.9311e+00 0.0000e+00 0.0000e+00 1.9311e+00 1.1488e+03 
3.0 1.0347e+03 -1.0864e-01 0.0000e+00 0.0000e+00 -1.0864e-01 1.0328e+03 0.0000e+00 0.0000e+00 0.0000e+00 0.0000e+00 1.0327e+03 -3.8566e+00 0.0000e+00 0.0000e+00 3.8566e+00 1.0309e+03 
4.0 9.1635e+02 -1.3226e-01 0.0000e+00 0.0000e+00 -1.3226e-01 9.1448e+02 0.0000e+00 0.0000e+00 0.0000e+00 0.0000e+00 9.1443e+02 -5.9222e+00 0.0000e+00 0.0000e+00 5.9222e+00 9.1261e+02 
5.0 8.0387e+02 -1.4736e-01 0.0000e+00 0.0000e+00 -1.4736e-01 8.0205e+02 0.0000e+00 0.0000e+00 0.0000e+00 0.0000e+00 8.0196e+02 -7.8457e+00 0.0000e+00 0.0000e+00 7.8457e+00 8.0020e+02 
6.0 7.0114e+02 -1.6526e-01 0.0000e+00 0.0000e+00 -1.6526e-01 6.9937e+02 0.0000e+00 0.0000e+00 0.0000e+00 0.0000e+00 6.9921e+02 -9.4487e+00 0.0000e+00 0.0000e+00 9.4487e+00 6.9753e+02 
7.0 6.0999e+02 -1.9729e-01 0.0000e+00 0.0000e+00 -1.9729e-01 6.0827e+02 0.0000e+00 0.0000e+00 0.0000e+00 0.0000e+00 6.0804e+02 -1.0645e+01 0.0000e+00 0.0000e+00 1.0645e+01 6.0643e+02 
8.0 5.3078e+02 -2.5075e-01 0.0000e+00 0.0000e+00 -2.5075e-01 5.2911e+02 0.0000e+00 0.0000e+00 0.0000e+00 0.0000e+00 5.2879e+02 -1.1423e+01 0.0000e+00 0.0000e+00 1.1423e+01 5.2726e+02 
9.0 4.6295e+02 -3.2807e-01 0.0000e+00 0.0000e+00 -3.2807e-01 4.6132e+02 0.0000e+00 0.0000e+00 0.0000e+00 0.0000e+00 4.6091e+02 -1.1823e+01 0.0000e+00 0.0000e+00 1.1823e+01 4.5946e+02 
10.0 4.0540e+02 -4.2790e-01 0.0000e+00 0.0000e+00 -4.2790e-01 4.0382e+02 0.0000e+00 0.0000e+00 0.0000e+00 0.0000e+00 4.0332e+02 -1.1907e+01 0.0000e+00 0.0000e+00 1.1907e+01 4.0193e+02 
11.0 3.5684e+02 -5.4639e-01 0.0000e+00 0.0000e+00 -5.4639e-01 3.5531e+02 0.0000e+00 0.0000e+00 0.0000e+00 0.0000e+00 3.5472e+02 -1.1748e+01 0.0000e+00 0.0000e+00 1.1748e+01 3.5340e+02 
12.0 3.1595e+02 -6.7880e-01 0.0000e+00 0.0000e+00 -6.7880e-01 3.1446e+02 0.0000e+00 0.0000e+00 0.0000e+00 0.0000e+00 3.1378e+02 -1.1415e+01 0.0000e+00 0.0000e+00 1.1415e+01 3.1253e+02 
13.0 2.8150e+02 -8.2229e-01 0.0000e+00 0.0000e+00 -8.2229e-01 2.8005e+02 0.0000e+00 0.0000e+00 0.0000e+00 0.0000e+00 2.7929e+02 -1.0963e+01 0.0000e+00 0.0000e+00 1.0963e+01 2.7810e+02 
14.0 2.5242e+02 -9.6703e-01 0.0000e+00 0.0000e+00 -9.6703e-01 2.5100e+02 0.0000e+00 0.0000e+00 0.0000e+00 0.0000e+00 2.5017e+02 -1.0452e+01 0.0000e+00 0.0000e+00 1.0452e+01 2.4903e+02 
15.0 2.2775e+02 -1.1156e+00 0.0000e+00 0.0000e+00 -1.1156e+00 2.2637e+02 0.0000e+00 0.0000e+00 0.0000e+00 0.0000e+00 2.2548e+02 -9.9054e+00 0.0000e+00 0.0000e+00 9.9054e+00 2.2440e+02 
16.0 2.0672e+02 -1.2637e+00 0.0000e+00 0.0000e+00 -1.2637e+00 2.0537e+02 0.0000e+00 0.0000e+00 0.0000e+00 0.0000e+00 2.0442e+02 -9.3513e+00 0.0000e+00 0.0000e+00 9.3513e+00 2.0339e+02 
17.0 1.8868e+02 -1.4096e+00 0.0000e+00 0.0000e+00 -1.4096e+00 1.8735e+02 0.0000e+00 0.0000e+00 0.0000e+00 0.0000e+00 1.8635e+02 -8.8073e+00 0.0000e+00 0.0000e+00 8.8073e+00 1.8537e+02 
18.0 1.7308e+02 -1.5525e+00 0.0000e+00 0.0000e+00 -1.5525e+00 1.7177e+02 0.0000e+00 0.0000e+00 0.0000e+00 0.0000e+00 1.7073e+02 -8.2842e+00 0.0000e+00 0.0000e+00 8.2842e+00 1.6980e+02 
19.0 1.5949e+02 -1.6918e+00 0.0000e+00 0.0000e+00 -1.6918e+00 1.5821e+02 0.0000e+00 0.0000e+00 0.0000e+00 0.0000e+00 1.5768e+02 -7.7882e+00 0.0000e+00 0.0000e+00 7.7882e+00 1.5680e+02 
20.0 1.4757e+02 -1.8277e+00 0.0000e+00 0.0000e+00 -1.8277e+00 1.4631e+02 0.0000e+00 0.0000e+00 0.0000e+00 0.0000e+00 1.4622e+02 -7.3221e+00 0.0000e+00 0.0000e+00 7.3221e+00 1.4538e+02 
21.0 1.3703e+02 -1.9603e+00 0.0000e+00 0.0000e+00 -1.9603e+00 1.3579e+02 0.0000e+00 0.0000e+00 0.0000e+00 0.0000e+00 1.3607e+02 -6.8869e+00 0.0000e+00 0.0000e+00 6.8869e+00 1.3528e+02 
22.0 1.2763e+02 -2.0901e+00 0.0000e+00 0.0000e+00 -2.0901e+00 1.2641e+02 0.0000e+00 0.0000e+00 0.0000e+00 0.0000e+00 1.2702e+02 -6.4819e+00 0.0000e+00 0.0000e+00 6.4819e+00 1.2626e+02 
23.0 1.1919e+02 -2.2174e+00 0.0000e+00 0.0000e+00 -2.2174e+00 1.1799e+02 0.0000e+00 0.0000e+00 0.0000e+00 0.0000e+00 1.1888e+02 -6.1055e+00 0.0000e+00 0.0000e+00 6.1055e+00 1.1816e+02 
24.0 1.1156e+02 -2.3422e+00 0.0000e+00 0.0000e+00 -2.3422e+00 1.1038e+02 0.0000e+00 0.0000e+00 0.0000e+00 0.0000e+00 1.1151e+02 -5.7557e+00 0.0000e+00 0.0000e+00 5.7557e+00 1.1083e+02 
25.0 1.0463e+02 -2.4644e+00 0.0000e+00 0.0000e+00 -2.4644e+00 1.0346e+02 0.0000e+00 0.0000e+00 0.0000e+00 0.0000e+00 1.0482e+02 -5.4304e+00 0.0000e+00 0.0000e+00 5.4304e+00 1.0416e+02 
26.0 9.8310e+01 -2.5839e+00 0.0000e+00 0.0000e+00 -2.5839e+00 9.7162e+01 0.0000e+00 0.0000e+00 0.0000e+00 0.0000e+00 9.8707e+01 -5.1276e+00 0.0000e+00 0.0000e+00 5.1276e+00 9.8075e+01 
27.0 9.2529e+01 -2.7004e+00 0.0000e+00 0.0000e+00 -2.7004e+00 9.1396e+01 0.0000e+00 0.0000e+00 0.0000e+00 0.0000e+00 9.3109e+01 -4.8457e+00 0.0000e+00 0.0000e+00 4.8457e+00 9.2502e+01 
28.0 8.7224e+01 -2.8137e+00 0.0000e+00 0.0000e+00 -2.8137e+00 8.6105e+01 0.0000e+00 0.0000e+00 0.0000e+00 0.0000e+00 8.7965e+01 -4.5829e+00 0.0000e+00 0.0000e+00 4.5829e+00 8.7381e+01 
29.0 8.2338e+01 -2.9236e+00 0.0000e+00 0.0000e+00 -2.9236e+00 8.1234e+01 0.0000e+00 0.0000e+00 0.0000e+00 0.0000e+00 8.3221e+01 -4.3378e+00 0.0000e+00 0.0000e+00 4.3378e+00 8.2660e+01 
30.0 7.7823e+01 -3.0299e+00 0.0000e+00 0.0000e+00 -3.0299e+00 7.6731e+01 0.0000e+00 0.0000e+00 0.0000e+00 0.0000e+00 7.8831e+01 -4.1092e+00 0.0000e+00 0.0000e+00 4.1092e+00 7.8290e+01 
31.0 7.3634e+01 -3.1321e+00 0.0000e+00 0.0000e+00 -3.1321e+00 7.2555e+01 0.0000e+00 0.0000e+00 0.0000e+00 0.0000e+00 7.4387e+01 -3.8958e+00 0.0000e+00 0.0000e+00 3.8958e+00 7.3873e+01 
32.0 6.9733e+01 -3.2299e+00 0.0000e+00 0.0000e+00 -3.2299e+00 6.8666e+01 0.0000e+00 0.0000e+00 0.0000e+00 0.0000e+00 7.0254e+01 -3.6965e+00 0.0000e+00 0.0000e+00 3.6965e+00 6.9766e+01 
33.0 6.6090e+01 -3.3230e+00 0.0000e+00 0.0000e+00 -3.3230e+00 6.5034e+01 0.0000e+00 0.0000e+00 0.0000e+00 0.0000e+00 6.6399e+01 -3.5103e+00 0.0000e+00 0.0000e+00 3.5103e+00 6.5936e+01 
34.0 6.2678e+01 -3.4109e+00 0.0000e+00 0.0000e+00 -3.4109e+00 6.1633e+01 0.0000e+00 0.0000e+00 0.0000e+00 0.0000e+00 6.2796e+01 -3.3359e+00 0.0000e+00 0.0000e+00 3.3359e+00 6.2357e+01 
35.0 5.9477e+01 -3.4937e+00 0.0000e+00 0.0000e+00 -3.4937e+00 5.8443e+01 0.0000e+00 0.0000e+00 0.0000e+00 0.0000e+00 5.9421e+01 -3.1719e+00 0.0000e+00 0.0000e+00 3.1719e+00 5.9006e+01 
36.0 5.6470e+01 -3.5715e+00 0.0000e+00 0.0000e+00 -3.5715e+00 5.5446e+01 0.0000e+00 0.0000e+00 0.0000e+00 0.0000e+00 5.6255e+01 -3.0171e+00 0.0000e+00 0.0000e+00 3.0171e+00 5.5863e+01 
37.0 5.3645e+01 -3.6444e+00 0.0000e+00 0.0000e+00 -3.6444e+00 5.2630e+01 0.0000e+00 0.0000e+00 0.0000e+00 0.0000e+00 5.3282e+01 -2.8702e+00 0.0000e+00 0.0000e+00 2.8702e+00 5.2912e+01 
38.0 5.0989e+01 -3.7128e+00 0.0000e+00 0.0000e+00 -3.7128e+00 4.9983e+01 0.0000e+00 0.0000e+00 0.0000e+00 0.0000e+00 5.0486e+01 -2.7303e+00 0.0000e+00 0.0000e+00 2.7303e+00 5.0137e+01 
39.0 4.8492e+01 -3.7770e+00 0.0000e+00 0.0000e+00 -3.7770e+00 4.7495e+01 0.0000e+00 0.0000e+00 0.0000e+00 0.0000e+00 4.7855e+01 -2.5966e+00 0.0000e+00 0.0000e+00 2.5966e+00 4.7528e+01 
40.0 4.6145e+01 -3.8373e+00 0.0000e+00 0.0000e+00 -3.8373e+00 4.5156e+01 0.0000e+00 0.0000e+00 0.0000e+00 0.0000e+00 4.5379e+01 -2.4688e+00 0.0000e+00 0.0000e+00 2.4688e+00 4.5071e+01 
41.0 4.3937e+01 -3.8938e+00 0.0000e+00 0.0000e+00 -3.8938e+00 4.2956e+01 0.0000e+00 0.0000e+00 0.0000e+00 0.0000e+00 4.3046e+01 -2.3467e+00 0.0000e+00 0.0000e+00 2.3467e+00 4.2758e+01 
42.0 4.1858e+01 -3.9464e+00 0.0000e+00 0.0000e+00 -3.9464e+00 4.0884e+01 0.0000e+00 0.0000e+00 0.0000e+00 0.0000e+00 4.0846e+01 -2.2300e+00 0.0000e+00 0.0000e+00 2.2300e+00 4.0577e+01 
43.0 3.9899e+01 -3.9951e+00 0.0000e+00 0.0000e+00 -3.9951e+00 3.8932e+01 0.0000e+00 0.0000e+00 0.0000e+00 0.0000e+00 3.8769e+01 -2.1184e+00 0.0000e+00 0.0000e+00 2.1184e+00 3.8519e+01 
44.0 3.8050e+01 -4.0398e+00 0.0000e+00 0.0000e+00 -4.0398e+00 3.7091e+01 0.0000e+00 0.0000e+00 0.0000e+00 0.0000e+00 3.6807e+01 -2.0117e+00 0.0000e+00 0.0000e+00 2.0117e+00 3.6576e+01 
45.0 3.6304e+01 -4.0805e+00 0.0000e+00 0.0000e+00 -4.0805e+00 3.5351e+01 0.0000e+00 0.0000e+00 0.0000e+00 0.0000e+00 3.4952e+01 -1.9094e+00 0.0000e+00 0.0000e+00 1.9094e+00 3.4738e+01 
46.0 3.4652e+01 -4.1172e+00 0.0000e+00 0.0000e+00 -4.1172e+00 3.3706e+01 0.0000e+00 0.0000e+00 0.0000e+00 0.0000e+00 3.3196e+01 -1.8110e+00 0.0000e+00 0.0000e+00 1.8110e+00 3.3000e+01 
47.0 3.3089e+01 -4.1499e+00 0.0000e+00 0.0000e+00 -4.1499e+00 3.2149e+01 0.0000e+00 0.0000e+00 0.0000e+00 0.0000e+00 3.1533e+01 -1.7162e+00 0.0000e+00 0.0000e+00 1.7162e+00 3.1353e+01 
48.0 3.1609e+01 -4.1789e+00 0.0000e+00 0.0000e+00 -4.1789e+00 3.0674e+01 0.0000e+00 0.0000e+00 0.0000e+00 0.0000e+00 2.9957e+01 -1.6246e+00 0.0000e+00 0.0000e+00 1.6246e+00 2.9794e+01 
49.0 3.0207e+01 -4.2042e+00 0.0000e+00 0.0000e+00 -4.2042e+00 2.9278e+01 0.0000e+00 0.0000e+00 0.0000e+00 0.0000e+00 2.8462e+01 -1.5359e+00 0.0000e+00 0.0000e+00 1.5359e+00 2.8316e+01 
50.0 2.8878e+01 -4.2259e+00 0.0000e+00 0.0000e+00 -4.2259e+00 2.7954e+01 0.0000e+00 0.0000e+00 0.0000e+00 0.0000e+00 2.7045e+01 -1.4499e+00 0.0000e+00 0.0000e+00 1.4499e+00 2.6914e+01 
51.0 2.7619e+01 -4.2443e+00 0.0000e+00 0.0000e+00 -4.2443e+00 2.6700e+01 0.0000e+00 0.0000e+00 0.0000e+00 0.0000e+00 2.5700e+01 -1.3663e+00 0.0000e+00 0.0000e+00 1.3663e+00 2.5585e+01 
52.0 2.6426e+01 -4.2595e+00 0.0000e+00 0.0000e+00 -4.2595e+00 2.5512e+01 0.0000e+00 0.0000e+00 0.0000e+00 0.0000e+00 2.4423e+01 -1.2851e+00 0.0000e+00 0.0000e+00 1.2851e+00 2.4323e+01 
53.0 2.5296e+01 -4.2717e+00 0.0000e+00 0.0000e+00 -4.2717e+00 2.4385e+01 0.0000e+00 0.0000e+00 0.0000e+00 0.0000e+00 2.3210e+01 -1.2060e+00 0.0000e+00 0.0000e+00 1.2060e+00 2.3125e+01 
54.0 2.4224e+01 -4.2810e+00 0.0000e+00 0.0000e+00 -4.2810e+00 2.3318e+01 0.0000e+00 0.0000e+00 0.0000e+00 0.0000e+00 2.2058e+01 -1.1291e+00 0.0000e+00 0.0000e+00 1.1291e+00 2.1988e+01 
55.0 2.3208e+01 -4.2875e+00 0.0000e+00 0.0000e+00 -4.2875e+00 2.2306e+01 0.0000e+00 0.0000e+00 0.0000e+00 0.0000e+00 2.0964e+01 -1.0542e+00 0.0000e+00 0.0000e+00 1.0542e+00 2.0908e+01 
56.0 2.2245e+01 -4.2912e+00 0.0000e+00 0.0000e+00 -4.2912e+00 2.1346e+01 0.0000e+00 0.0000e+00 0.0000e+00 0.0000e+00 1.9924e+01 -9.8138e-01 0.0000e+00 0.0000e+00 9.8138e-01 1.9882e+01 
57.0 2.1332e+01 -4.2924e+00 0.0000e+00 0.0000e+00 -4.2924e+00 2.0436e+01 0.0000e+00 0.0000e+00 0.0000e+00 0.0000e+00 1.8934e+01 -9.1055e-01 0.0000e+00 0.0000e+00 9.1055e-01 1.8907e+01 
58.0 2.0465e+01 -4.2910e+00 0.0000e+00 0.0000e+00 -4.2910e+00 1.9573e+01 0.0000e+00 0.0000e+00 0.0000e+00 0.0000e+00 1.7993e+01 -8.4168e-01 0.0000e+00 0.0000e+00 8.4168e-01 1.7980e+01 
59.0 1.9643e+01 -4.2871e+00 0.0000e+00 0.0000e+00 -4.2871e+00 1.8754e+01 0.0000e+00 0.0000e+00 0.0000e+00 0.0000e+00 1.7097e+01 -7.7473e-01 0.0000e+00 0.0000e+00 7.7473e-01 1.7098e+01 
60.0 1.8863e+01 -4.2808e+00 0.0000e+00 0.0000e+00 -4.2808e+00 1.7977e+01 0.0000e+00 0.0000e+00 0.0000e+00 0.0000e+00 1.6244e+01 -7.0964e-01 0.0000e+00 0.0000e+00 7.0964e-01 1.6258e+01 
61.0 1.8123e+01 -4.2722e+00 0.0000e+00 0.0000e+00 -4.2722e+00 1.7239e+01 0.0000e+00 0.0000e+00 0.0000e+00 0.0000e+00 1.5432e+01 -6.4639e-01 0.0000e+00 0.0000e+00 6.4639e-01 1.5459e+01 
62.0 1.7420e+01 -4.2615e+00 0.0000e+00 0.0000e+00 -4.2615e+00 1.6539e+01 0.0000e+00 0.0000e+00 0.0000e+00 0.0000e+00 1.4658e+01 -5.8496e-01 0.0000e+00 0.0000e+00 5.8496e-01 1.4699e+01 
63.0 1.6752e+01 -4.2486e+00 0.0000e+00 0.0000e+00 -4.2486e+00 1.5873e+01 0.0000e+00 0.0000e+00 0.0000e+00 0.0000e+00 1.3921e+01 -5.2535e-01 0.0000e+00 0.0000e+00 5.2535e-01 1.3974e+01 
64.0 1.6118e+01 -4.2337e+00 0.0000e+00 0.0000e+00 -4.2337e+00 1.5241e+01 0.0000e+00 0.0000e+00 0.0000e+00 0.0000e+00 1.3218e+01 -4.6756e-01 0.0000e+00 0.0000e+00 4.6756e-01 1.3284e+01 
65.0 1.5515e+01 -4.2168e+00 0.0000e+00 0.0000e+00 -4.2168e+00 1.4640e+01 0.0000e+00 0.0000e+00 0.0000e+00 0.0000e+00 1.2547e+01 -4.1161e-01 0.0000e+00 0.0000e+00 4.1161e-01 1.2626e+01 
66.0 1.4943e+01 -4.1980e+00 0.0000e+00 0.0000e+00 -4.1980e+00 1.4069e+01 0.0000e+00 0.0000e+00 0.0000e+00 0.0000e+00 1.1908e+01 -3.5752e-01 0.0000e+00 0.0000e+00 3.5752e-01 1.1999e+01 
67.0 1.4398e+01 -4.1773e+00 0.0000e+00 0.0000e+00 -4.1773e+00 1.3526e+01 0.0000e+00 0.0000e+00 0.0000e+00 0.0000e+00 1.1297e+01 -3.0529e-01 0.0000e+00 0.0000e+00 3.0529e-01 1.1401e+01 
68.0 1.3880e+01 -4.1549e+00 0.0000e+00 0.0000e+00 -4.1549e+00 1.3010e+01 0.0000e+00 0.0000e+00 0.0000e+00 0.0000e+00 1.0715e+01 -2.5493e-01 0.0000e+00 0.0000e+00 2.5493e-01 1.0831e+01 
69.0 1.3388e+01 -4.1307e+00 0.0000e+00 0.0000e+00 -4.1307e+00 1.2519e+01 0.0000e+00 0.0000e+00 0.0000e+00 0.0000e+00 1.0158e+01 -2.0643e-01 0.0000e+00 0.0000e+00 2.0643e-01 1.0286e+01 
70.0 1.2919e+01 -4.1049e+00 0.0000e+00 0.0000e+00 -4.1049e+00 1.2052e+01 0.0000e+00 0.0000e+00 0.0000e+00 0.0000e+00 9.6261e+00 -1.5978e-01 0.0000e+00 0.0000e+00 1.5978e-01 9.7664e+00 
71.0 1.2473e+01 -4.0774e+00 0.0000e+00 0.0000e+00 -4.0774e+00 1.1607e+01 0.0000e+00 0.0000e+00 0.0000e+00 0.0000e+00 9.1177e+00 -1.1496e-01 0.0000e+00 0.0000e+00 1.1496e-01 9.2699e+00 
72.0 1.2049e+01 -4.0483e+00 0.0000e+00 0.0000e+00 -4.0483e+00 1.1184e+01 0.0000e+00 0.0000e+00 0.0000e+00 0.0000e+00 8.6316e+00 -7.1977e-02 0.0000e+00 0.0000e+00 7.1977e-02 8.7955e+00 
73.0 1.1645e+01 -4.0177e+00 0.0000e+00 0.0000e+00 -4.0177e+00 1.0781e+01 0.0000e+00 0.0000e+00 0.0000e+00 0.0000e+00 8.1666e+00 -3.0799e-02 0.0000e+00 0.0000e+00 3.0799e-02 8.3421e+00 
74.0 1.1260e+01 -3.9856e+00 0.0000e+00 0.0000e+00 -3.9856e+00 1.0397e+01 0.0000e+00 0.0000e+00 0.0000e+00 0.0000e+00 7.7216e+00 8.5917e-03 0.0000e+00 0.0000e+00 -8.5917e-03 7.9085e+00 
75.0 1.0894e+01 -3.9521e+00 0.0000e+00 0.0000e+00 -3.9521e+00 1.0032e+01 0.0000e+00 0.0000e+00 0.0000e+00 0.0000e+00 7.2956e+00 4.6228e-02 0.0000e+00 0.0000e+00 -4.6228e-02 7.4937e+00 
76.0 1.0545e+01 -3.9172e+00 0.0000e+00 0.0000e+00 -3.9172e+00 9.6841e+00 0.0000e+00 0.0000e+00 0.0000e+00 0.0000e+00 6.8876e+00 8.2152e-02 0.0000e+00 0.0000e+00 -8.2152e-02 7.0968e+00 
77.0 1.0213e+01 -3.8810e+00 0.0000e+00 0.0000e+00 -3.8810e+00 9.3527e+00 0.0000e+00 0.0000e+00 0.0000e+00 0.0000e+00 6.4967e+00 1.1642e-01 0.0000e+00 0.0000e+00 -1.1642e-01 6.7169e+00 
78.0 9.8962e+00 -3.8435e+00 0.0000e+00 0.0000e+00 -3.8435e+00 9.0370e+00 0.0000e+00 0.0000e+00 0.0000e+00 0.0000e+00 6.1221e+00 1.4908e-01 0.0000e+00 0.0000e+00 -1.4908e-01 6.3530e+00 
79.0 9.5944e+00 -3.8048e+00 0.0000e+00 0.0000e+00 -3.8048e+00 8.7362e+00 0.0000e+00 0.0000e+00 0.0000e+00 0.0000e+00 5.7629e+00 1.8019e-01 0.0000e+00 0.0000e+00 -1.8019e-01 6.0043e+00 
80.0 9.3068e+00 -3.7649e+00 0.0000e+00 0.0000e+00 -3.7649e+00 8.4497e+00 0.0000e+00 0.0000e+00 0.0000e+00 0.0000e+00 5.4184e+00 2.0980e-01 0.0000e+00 0.0000e+00 -2.0980e-01 5.6702e+00 
81.0 9.0327e+00 -3.7240e+00 0.0000e+00 0.0000e+00 -3.7240e+00 8.1766e+00 0.0000e+00 0.0000e+00 0.0000e+00 0.0000e+00 5.0878e+00 2.3796e-01 0.0000e+00 0.0000e+00 -2.3796e-01 5.3499e+00 
82.0 8.7714e+00 -3.6821e+00 0.0000e+00 0.0000e+00 -3.6821e+00 7.9165e+00 0.0000e+00 0.0000e+00 0.0000e+00 0.0000e+00 4.7706e+00 2.6471e-01 0.0000e+00 0.0000e+00 -2.6471e-01 5.0428e+00 
83.0 8.5224e+00 -3.6392e+00 0.0000e+00 0.0000e+00 -3.6392e+00 7.6685e+00 0.0000e+00 0.0000e+00 0.0000e+00 0.0000e+00 4.4661e+00 2.9009e-01 0.0000e+00 0.0000e+00 -2.9009e-01 4.7481e+00 
84.0 8.2849e+00 -3.5954e+00 0.0000e+00 0.0000e+00 -3.5954e+00 7.4323e+00 0.0000e+00 0.0000e+00 0.0000e+00 0.0000e+00 4.1737e+00 3.1414e-01 0.0000e+00 0.0000e+00 -3.1414e-01 4.4653e+00 
85.0 8.0584e+00 -3.5507e+00 0.0000e+00 0.0000e+00 -3.5507e+00 7.2071e+00 0.0000e+00 0.0000e+00 0.0000e+00 0.0000e+00 3.8928e+00 3.3689e-01 0.0000e+00 0.0000e+00 -3.3689e-01 4.1938e+00 
86.0 7.8424e+00 -3.5053e+00 0.0000e+00 0.0000e+00 -3.5053e+00 6.9925e+00 0.0000e+00 0.0000e+00 0.0000e+00 0.0000e+00 3.6229e+00 3.5838e-01 0.0000e+00 0.0000e+00 -3.5838e-01 3.9330e+00 
87.0 7.6364e+00 -3.4591e+00 0.0000e+00 0.0000e+00 -3.4591e+00 6.7879e+00 0.0000e+00 0.0000e+00 0.0000e+00 0.0000e+00 3.3635e+00 3.7866e-01 0.0000e+00 0.0000e+00 -3.7866e-01 3.6826e+00 
88.0 7.4400e+00 -3.4122e+00 0.0000e+00 0.0000e+00 -3.4122e+00 6.5929e+00 0.0000e+00 0.0000e+00 0.0000e+00 0.0000e+00 3.1141e+00 3.9775e-01 0.0000e+00 0.0000e+00 -3.9775e-01 3.4419e+00 
89.0 7.2526e+00 -3.3647e+00 0.0000e+00 0.0000e+00 -3.3647e+00 6.4071e+00 0.0000e+00 0.0000e+00 0.0000e+00 0.0000e+00 2.8742e+00 4.1569e-01 0.0000e+00 0.0000e+00 -4.1569e-01 3.2105e+00 
90.0 7.0738e+00 -3.3165e+00 0.0000e+00 0.0000e+00 -3.3165e+00 6.2301e+00 0.0000e+00 0.0000e+00 0.0000e+00 0.0000e+00 2.6435e+00 4.3252e-01 0.0000e+00 0.0000e+00 -4.3252e-01 2.9880e+00 
91.0 6.9033e+00 -3.2678e+00 0.0000e+00 0.0000e+00 -3.2678e+00 6.0614e+00 0.0000e+00 0.0000e+00 0.0000e+00 0.0000e+00 2.4215e+00 4.4827e-01 0.0000e+00 0.0000e+00 -4.4827e-01 2.7740e+00 
92.0 6.7407e+00 -3.2186e+00 0.0000e+00 0.0000e+00 -3.2186e+00 5.9006e+00 0.0000e+00 0.0000e+00 0.0000e+00 0.0000e+00 2.2079e+00 4.6296e-01 0.0000e+00 0.0000e+00 -4.6296e-01 2.5681e+00 
93.0 6.5856e+00 -3.1689e+00 0.0000e+00 0.0000e+00 -3.1689e+00 5.7475e+00 0.0000e+00 0.0000e+00 0.0000e+00 0.0000e+00 2.0022e+00 4.7664e-01 0.0000e+00 0.0000e+00 -4.7664e-01 2.3699e+00 
94.0 6.4377e+00 -3.1187e+00 0.0000e+00 0.0000e+00 -3.1187e+00 5.6017e+00 0.0000e+00 0.0000e+00 0.0000e+00 0.0000e+00 1.8042e+00 4.8932e-01 0.0000e+00 0.0000e+00 -4.8932e-01 2.1791e+00 
95.0 6.2967e+00 -3.0680e+00 0.0000e+00 0.0000e+00 -3.0680e+00 5.4628e+00 0.0000e+00 0.0000e+00 0.0000e+00 0.0000e+00 1.6135e+00 5.0104e-01 0.0000e+00 0.0000e+00 -5.0104e-01 1.9953e+00 
96.0 6.1622e+00 -3.0170e+00 0.0000e+00 0.0000e+00 -3.0170e+00 5.3307e+00 0.0000e+00 0.0000e+00 0.0000e+00 0.0000e+00 1.4299e+00 5.1183e-01 0.0000e+00 0.0000e+00 -5.1183e-01 1.8182e+00 
97.0 6.0340e+00 -2.9656e+00 0.0000e+00 0.0000e+00 -2.9656e+00 5.2050e+00 0.0000e+00 0.0000e+00 0.0000e+00 0.0000e+00 1.2529e+00 5.2171e-01 0.0000e+00 0.0000e+00 -5.2171e-01 1.6476e+00 
98.0 5.9119e+00 -2.9138e+00 0.0000e+00 0.0000e+00 -2.9138e+00 5.0854e+00 0.0000e+00 0.0000e+00 0.0000e+00 0.0000e+00 1.0824e+00 5.3072e-01 0.0000e+00 0.0000e+00 -5.3072e-01 1.4830e+00 
99.0 5.7954e+00 -2.8616e+00 0.0000e+00 0.0000e+00 -2.8616e+00 4.9717e+00 0.0000e+00 0.0000e+00 0.0000e+00 0.0000e+00 9.1806e-01 5.3887e-01 0.0000e+00 0.0000e+00 -5.3887e-01 1.3243e+00 
100.0 5.6845e+00 -2.8092e+00 0.0000e+00 0.0000e+00 -2.8092e+00 4.8636e+00 0.0000e+00 0.0000e+00 0.0000e+00 0.0000e+00 7.5963e-01 5.4621e-01 0.0000e+00 0.0000e+00 -5.4621e-01 1.1712e+00 
101.0 5.5789e+00 -2.7564e+00 0.0000e+00 0.0000e+00 -2.7564e+00 4.7610e+00 0.0000e+00 0.0000e+00 0.0000e+00 0.0000e+00 6.0687e-01 5.5276e-01 0.0000e+00 0.0000e+00 -5.5276e-01 1.0234e+00 
102.0 5.4783e+00 -2.7033e+00 0.0000e+00 0.0000e+00 -2.7033e+00 4.6637e+00 0.0000e+00 0.0000e+00 0.0000e+00 0.0000e+00 4.5954e-01 5.5855e-01 0.0000e+00 0.0000e+00 -5.5855e-01 8.8075e-01 
103.0 5.3825e+00 -2.6499e+00 0.0000e+00 0.0000e+00 -2.6499e+00 4.5713e+00 0.0000e+00 0.0000e+00 0.0000e+00 0.0000e+00 3.1741e-01 5.6360e-01 0.0000e+00 0.0000e+00 -5.6360e-01 7.4293e-01 
104.0 5.2914e+00 -2.5962e+00 0.0000e+00 0.0000e+00 -2.5962e+00 4.4837e+00 0.0000e+00 0.0000e+00 0.0000e+00 0.0000e+00 1.8029e-01 5.6797e-01 0.0000e+00 0.0000e+00 -5.6797e-01 6.0975e-01 
105.0 5.2047e+00 -2.5423e+00 0.0000e+00 0.0000e+00 -2.5423e+00 4.4008e+00 0.0000e+00 0.0000e+00 0.0000e+00 0.0000e+00 4.7949e-02 5.7167e-01 0.0000e+00 0.0000e+00 -5.7167e-01 4.8102e-01 
106.0 5.1223e+00 -2.4881e+00 0.0000e+00 0.0000e+00 -2.4881e+00 4.3224e+00 0.0000e+00 0.0000e+00 0.0000e+00 0.0000e+00 -7.9791e-02 5.7474e-01 0.0000e+00 0.0000e+00 -5.7474e-01 3.5654e-01 
107.0 5.0440e+00 -2.4336e+00 0.0000e+00 0.0000e+00 -2.4336e+00 4.2482e+00 0.0000e+00 0.0000e+00 0.0000e+00 0.0000e+00 -2.0312e-01 5.7722e-01 0.0000e+00 0.0000e+00 -5.7722e-01 2.3613e-01 
108.0 4.9697e+00 -2.3790e+00 0.0000e+00 0.0000e+00 -2.3790e+00 4.1782e+00 0.0000e+00 0.0000e+00 0.0000e+00 0.0000e+00 -3.2221e-01 5.7914e-01 0.0000e+00 0.0000e+00 -5.7914e-01 1.1961e-01 
109.0 4.8992e+00 -2.3242e+00 0.0000e+00 0.0000e+00 -2.3242e+00 4.1121e+00 0.0000e+00 0.0000e+00 0.0000e+00 0.0000e+00 -4.3724e-01 5.8053e-01 0.0000e+00 0.0000e+00 -5.8053e-01 6.8206e-03 
110.0 4.8323e+00 -2.2692e+00 0.0000e+00 0.0000e+00 -2.2692e+00 4.0499e+00 0.0000e+00 0.0000e+00 0.0000e+00 0.0000e+00 -5.4836e-01 5.8144e-01 0.0000e+00 0.0000e+00 -5.8144e-01 -1.0239e-01 
111.0 4.7689e+00 -2.2140e+00 0.0000e+00 0.0000e+00 -2.2140e+00 3.9914e+00 0.0000e+00 0.0000e+00 0.0000e+00 0.0000e+00 -6.5573e-01 5.8188e-01 0.0000e+00 0.0000e+00 -5.8188e-01 -2.0816e-01 
112.0 4.7089e+00 -2.1587e+00 0.0000e+00 0.0000e+00 -2.1587e+00 3.9365e+00 0.0000e+00 0.0000e+00 0.0000e+00 0.0000e+00 -7.5949e-01 5.8190e-01 0.0000e+00 0.0000e+00 -5.8190e-01 -3.1064e-01 
113.0 4.6522e+00 -2.1034e+00 0.0000e+00 0.0000e+00 -2.1034e+00 3.8849e+00 0.0000e+00 0.0000e+00 0.0000e+00 0.0000e+00 -8.5979e-01 5.8152e-01 0.0000e+00 0.0000e+00 -5.8152e-01 -4.0995e-01 
114.0 4.5987e+00 -2.0480e+00 0.0000e+00 0.0000e+00 -2.0480e+00 3.8367e+00 0.0000e+00 0.0000e+00 0.0000e+00 0.0000e+00 -9.5675e-01 5.8077e-01 0.0000e+00 0.0000e+00 -5.8077e-01 -5.0621e-01 
115.0 4.5481e+00 -1.9925e+00 0.0000e+00 0.0000e+00 -1.9925e+00 3.7917e+00 0.0000e+00 0.0000e+00 0.0000e+00 0.0000e+00 -1.0505e+00 5.7968e-01 0.0000e+00 0.0000e+00 -5.7968e-01 -5.9954e-01 
116.0 4.5005e+00 -1.9371e+00 0.0000e+00 0.0000e+00 -1.9371e+00 3.7497e+00 0.0000e+00 0.0000e+00 0.0000e+00 0.0000e+00 -1.1412e+00 5.7826e-01 0.0000e+00 0.0000e+00 -5.7826e-01 -6.9005e-01 
117.0 4.4558e+00 -1.8818e+00 0.0000e+00 0.0000e+00 -1.8818e+00 3.7106e+00 0.0000e+00 0.0000e+00 0.0000e+00 0.0000e+00 -1.2289e+00 5.7654e-01 0.0000e+00 0.0000e+00 -5.7654e-01 -7.7784e-01 
118.0 4.4137e+00 -1.8265e+00 0.0000e+00 0.0000e+00 -1.8265e+00 3.6744e+00 0.0000e+00 0.0000e+00 0.0000e+00 0.0000e+00 -1.3138e+00 5.7454e-01 0.0000e+00 0.0000e+00 -5.7454e-01 -8.6300e-01 
119.0 4.3743e+00 -1.7714e+00 0.0000e+00 0.0000e+00 -1.7714e+00 3.6409e+00 0.0000e+00 0.0000e+00 0.0000e+00 0.0000e+00 -1.3959e+00 5.7226e-01 0.0000e+00 0.0000e+00 -5.7226e-01 -9.4564e-01 
120.0 4.3374e+00 -1.7164e+00 0.0000e+00 0.0000e+00 -1.7164e+00 3.6100e+00 0.0000e+00 0.0000e+00 0.0000e+00 0.0000e+00 -1.4754e+00 5.6971e-01 0.0000e+00 0.0000e+00 -5.6971e-01 -1.0258e+00 
121.0 4.3030e+00 -1.6617e+00 0.0000e+00 0.0000e+00 -1.6617e+00 3.5817e+00 0.0000e+00 0.0000e+00 0.0000e+00 0.0000e+00 -1.5524e+00 5.6691e-01 0.0000e+00 0.0000e+00 -5.6691e-01 -1.1037e+00 
122.0 4.2709e+00 -1.6072e+00 0.0000e+00 0.0000e+00 -1.6072e+00 3.5558e+00 0.0000e+00 0.0000e+00 0.0000e+00 0.0000e+00 -1.6269e+00 5.6385e-01 0.0000e+00 0.0000e+00 -5.6385e-01 -1.1792e+00 
123.0 4.2411e+00 -1.5530e+00 0.0000e+00 0.0000e+00 -1.5530e+00 3.5322e+00 0.0000e+00 0.0000e+00 0.0000e+00 0.0000e+00 -1.6990e+00 5.6054e-01 0.0000e+00 0.0000e+00 -5.6054e-01 -1.2526e+00 
124.0 4.2135e+00 -1.4991e+00 0.0000e+00 0.0000e+00 -1.4991e+00 3.5109e+00 0.0000e+00 0.0000e+00 0.0000e+00 0.0000e+00 -1.7689e+00 5.5697e-01 0.0000e+00 0.0000e+00 -5.5697e-01 -1.3239e+00 
125.0 4.1879e+00 -1.4455e+00 0.0000e+00 0.0000e+00 -1.4455e+00 3.4917e+00 0.0000e+00 0.0000e+00 0.0000e+00 0.0000e+00 -1.8366e+00 5.5313e-01 0.0000e+00 0.0000e+00 -5.5313e-01 -1.3931e+00 
126.0 4.1644e+00 -1.3924e+00 0.0000e+00 0.0000e+00 -1.3924e+00 3.4745e+00 0.0000e+00 0.0000e+00 0.0000e+00 0.0000e+00 -1.9021e+00 5.4904e-01 0.0000e+00 0.0000e+00 -5.4904e-01 -1.4604e+00 
127.0 4.1428e+00 -1.3396e+00 0.0000e+00 0.0000e+00 -1.3396e+00 3.4594e+00 0.0000e+00 0.0000e+00 0.0000e+00 0.0000e+00 -1.9657e+00 5.4467e-01 0.0000e+00 0.0000e+00 -5.4467e-01 -1.5257e+00 
128.0 4.1231e+00 -1.2873e+00 0.0000e+00 0.0000e+00 -1.2873e+00 3.4461e+00 0.0000e+00 0.0000e+00 0.0000e+00 0.0000e+00 -2.0273e+00 5.4002e-01 0.0000e+00 0.0000e+00 -5.4002e-01 -1.5893e+00 
129.0 4.1051e+00 -1.2354e+00 0.0000e+00 0.0000e+00 -1.2354e+00 3.4347e+00 0.0000e+00 0.0000e+00 0.0000e+00 0.0000e+00 -2.0870e+00 5.3507e-01 0.0000e+00 0.0000e+00 -5.3507e-01 -1.6511e+00 
130.0 4.0888e+00 -1.1840e+00 0.0000e+00 0.0000e+00 -1.1840e+00 3.4250e+00 0.0000e+00 0.0000e+00 0.0000e+00 0.0000e+00 -2.1449e+00 5.2982e-01 0.0000e+00 0.0000e+00 -5.2982e-01 -1.7112e+00 
131.0 4.0742e+00 -1.1332e+00 0.0000e+00 0.0000e+00 -1.1332e+00 3.4170e+00 0.0000e+00 0.0000e+00 0.0000e+00 0.0000e+00 -2.2010e+00 5.2424e-01 0.0000e+00 0.0000e+00 -5.2424e-01 -1.7697e+00 
132.0 4.0610e+00 -1.0828e+00 0.0000e+00 0.0000e+00 -1.0828e+00 3.4106e+00 0.0000e+00 0.0000e+00 0.0000e+00 0.0000e+00 -2.2554e+00 5.1833e-01 0.0000e+00 0.0000e+00 -5.1833e-01 -1.8266e+00 
133.0 4.0494e+00 -1.0330e+00 0.0000e+00 0.0000e+00 -1.0330e+00 3.4057e+00 0.0000e+00 0.0000e+00 0.0000e+00 0.0000e+00 -2.3082e+00 5.1207e-01 0.0000e+00 0.0000e+00 -5.1207e-01 -1.8820e+00 
134.0 4.0392e+00 -9.8372e-01 0.0000e+00 0.0000e+00 -9.8372e-01 3.4023e+00 0.0000e+00 0.0000e+00 0.0000e+00 0.0000e+00 -2.3594e+00 5.0545e-01 0.0000e+00 0.0000e+00 -5.0545e-01 -1.9360e+00 
135.0 4.0303e+00 -9.3500e-01 0.0000e+00 0.0000e+00 -9.3500e-01 3.4003e+00 0.0000e+00 0.0000e+00 0.0000e+00 0.0000e+00 -2.4091e+00 4.9845e-01 0.0000e+00 0.0000e+00 -4.9845e-01 -1.9886e+00 
136.0 4.0227e+00 -8.8684e-01 0.0000e+00 0.0000e+00 -8.8684e-01 3.3997e+00 0.0000e+00 0.0000e+00 0.0000e+00 0.0000e+00 -2.4574e+00 4.9107e-01 0.0000e+00 0.0000e+00 -4.9107e-01 -2.0399e+00 
137.0 4.0164e+00 -8.3926e-01 0.0000e+00 0.0000e+00 -8.3926e-01 3.4005e+00 0.0000e+00 0.0000e+00 0.0000e+00 0.0000e+00 -2.5042e+00 4.8329e-01 0.0000e+00 0.0000e+00 -4.8329e-01 -2.0899e+00 
138.0 4.0113e+00 -7.9226e-01 0.0000e+00 0.0000e+00 -7.9226e-01 3.4025e+00 0.0000e+00 0.0000e+00 0.0000e+00 0.0000e+00 -2.5496e+00 4.7512e-01 0.0000e+00 0.0000e+00 -4.7512e-01 -2.1386e+00 
139.0 4.0074e+00 -7.4585e-01 0.0000e+00 0.0000e+00 -7.4585e-01 3.4058e+00 0.0000e+00 0.0000e+00 0.0000e+00 0.0000e+00 -2.5938e+00 4.6654e-01 0.0000e+00 0.0000e+00 -4.6654e-01 -2.1862e+00 
140.0 4.0046e+00 -7.0004e-01 0.0000e+00 0.0000e+00 -7.0004e-01 3.4102e+00 0.0000e+00 0.0000e+00 0.0000e+00 0.0000e+00 -2.6366e+00 4.5756e-01 0.0000e+00 0.0000e+00 -4.5756e-01 -2.2327e+00 
141.0 4.0029e+00 -6.5485e-01 0.0000e+00 0.0000e+00 -6.5485e-01 3.4159e+00 0.0000e+00 0.0000e+00 0.0000e+00 0.0000e+00 -2.6782e+00 4.4818e-01 0.0000e+00 0.0000e+00 -4.4818e-01 -2.2780e+00 
142.0 4.0023e+00 -6.1029e-01 0.0000e+00 0.0000e+00 -6.1029e-01 3.4227e+00 0.0000e+00 0.0000e+00 0.0000e+00 0.0000e+00 -2.7186e+00 4.3838e-01 0.0000e+00 0.0000e+00 -4.3838e-01 -2.3223e+00 
143.0 4.0027e+00 -5.6639e-01 0.0000e+00 0.0000e+00 -5.6639e-01 3.4307e+00 0.0000e+00 0.0000e+00 0.0000e+00 0.0000e+00 -2.7579e+00 4.2817e-01 0.0000e+00 0.0000e+00 -4.2817e-01 -2.3655e+00 
144.0 4.0041e+00 -5.2316e-01 0.0000e+00 0.0000e+00 -5.2316e-01 3.4396e+00 0.0000e+00 0.0000e+00 0.0000e+00 0.0000e+00 -2.7960e+00 4.1753e-01 0.0000e+00 0.0000e+00 -4.1753e-01 -2.4077e+00 
145.0 4.0065e+00 -4.8062e-01 0.0000e+00 0.0000e+00 -4.8062e-01 3.4496e+00 0.0000e+00 0.0000e+00 0.0000e+00 0.0000e+00 -2.8329e+00 4.0644e-01 0.0000e+00 0.0000e+00 -4.0644e-01 -2.4490e+00 
146.0 4.0098e+00 -4.3882e-01 0.0000e+00 0.0000e+00 -4.3882e-01 3.4605e+00 0.0000e+00 0.0000e+00 0.0000e+00 0.0000e+00 -2.8689e+00 3.9488e-01 0.0000e+00 0.0000e+00 -3.9488e-01 -2.4892e+00 
147.0 4.0139e+00 -3.9778e-01 0.0000e+00 0.0000e+00 -3.9778e-01 3.4724e+00 0.0000e+00 0.0000e+00 0.0000e+00 0.0000e+00 -2.9038e+00 3.8281e-01 0.0000e+00 0.0000e+00 -3.8281e-01 -2.5285e+00 
148.0 4.0190e+00 -3.5754e-01 0.0000e+00 0.0000e+00 -3.5754e-01 3.4852e+00 0.0000e+00 0.0000e+00 0.0000e+00 0.0000e+00 -2.9378e+00 3.7019e-01 0.0000e+00 0.0000e+00 -3.7019e-01 -2.5668e+00 
149.0 4.0249e+00 -3.1818e-01 0.0000e+00 0.0000e+00 -3.1818e-01 3.4987e+00 0.0000e+00 0.0000e+00 0.0000e+00 0.0000e+00 -2.9708e+00 3.5697e-01 0.0000e+00 0.0000e+00 -3.5697e-01 -2.6043e+00 
150.0 4.0317e+00 -2.7975e-01 0.0000e+00 0.0000e+00 -2.7975e-01 3.5131e+00 0.0000e+00 0.0000e+00 0.0000e+00 0.0000e+00 -3.0031e+00 3.4308e-01 0.0000e+00 0.0000e+00 -3.4308e-01 -2.6409e+00 
151.0 4.0392e+00 -2.4236e-01 0.0000e+00 0.0000e+00 -2.4236e-01 3.5281e+00 0.0000e+00 0.0000e+00 0.0000e+00 0.0000e+00 -3.0345e+00 3.2842e-01 0.0000e+00 0.0000e+00 -3.2842e-01 -2.6766e+00 
152.0 4.0475e+00 -2.0615e-01 0.0000e+00 0.0000e+00 -2.0615e-01 3.5435e+00 0.0000e+00 0.0000e+00 0.0000e+00 0.0000e+00 -3.0654e+00 3.1286e-01 0.0000e+00 0.0000e+00 -3.1286e-01 -2.7116e+00 
153.0 4.0563e+00 -1.7127e-01 0.0000e+00 0.0000e+00 -1.7127e-01 3.5593e+00 0.0000e+00 0.0000e+00 0.0000e+00 0.0000e+00 -3.0958e+00 2.9626e-01 0.0000e+00 0.0000e+00 -2.9626e-01 -2.7458e+00 
154.0 4.0656e+00 -1.3795e-01 0.0000e+00 0.0000e+00 -1.3795e-01 3.5751e+00 0.0000e+00 0.0000e+00 0.0000e+00 0.0000e+00 -3.1258e+00 2.7842e-01 0.0000e+00 0.0000e+00 -2.7842e-01 -2.7792e+00 
155.0 4.0753e+00 -1.0641e-01 0.0000e+00 0.0000e+00 -1.0641e-01 3.5907e+00 0.0000e+00 0.0000e+00 0.0000e+00 0.0000e+00 -3.1556e+00 2.5915e-01 0.0000e+00 0.0000e+00 -2.5915e-01 -2.8119e+00 
156.0 4.0853e+00 -7.6931e-02 0.0000e+00 0.0000e+00 -7.6931e-02 3.6059e+00 0.0000e+00 0.0000e+00 0.0000e+00 0.0000e+00 -3.1855e+00 2.3826e-01 0.0000e+00 0.0000e+00 -2.3826e-01 -2.8437e+00 
157.0 4.0955e+00 -4.9798e-02 0.0000e+00 0.0000e+00 -4.9798e-02 3.6204e+00 0.0000e+00 0.0000e+00 0.0000e+00 0.0000e+00 -3.2155e+00 2.1559e-01 0.0000e+00 0.0000e+00 -2.1559e-01 -2.8747e+00 
158.0 4.1059e+00 -2.5298e-02 0.0000e+00 0.0000e+00 -2.5298e-02 3.6338e+00 0.0000e+00 0.0000e+00 0.0000e+00 0.0000e+00 -3.2459e+00 1.9104e-01 0.0000e+00 0.0000e+00 -1.9104e-01 -2.9046e+00 
159.0 4.1166e+00 -3.7015e-03 0.0000e+00 0.0000e+00 -3.7015e-03 3.6460e+00 0.0000e+00 0.0000e+00 0.0000e+00 0.0000e+00 -3.2770e+00 1.6458e-01 0.0000e+00 0.0000e+00 -1.6458e-01 -2.9332e+00 
160.0 4.1278e+00 1.4765e-02 0.0000e+00 0.0000e+00 1.4765e-02 3.6567e+00 0.0000e+00 0.0000e+00 0.0000e+00 0.0000e+00 -3.3088e+00 1.3630e-01 0.0000e+00 0.0000e+00 -1.3630e-01 -2.9604e+00 
161.0 4.1400e+00 2.9935e-02 0.0000e+00 0.0000e+00 2.9935e-02 3.6659e+00 0.0000e+00 0.0000e+00 0.0000e+00 0.0000e+00 -3.3418e+00 1.0645e-01 0.0000e+00 0.0000e+00 -1.0645e-01 -2.9857e+00 
162.0 4.1538e+00 4.1718e-02 0.0000e+00 0.0000e+00 4.1718e-02 3.6738e+00 0.0000e+00 0.0000e+00 0.0000e+00 0.0000e+00 -3.3762e+00 7.5423e-02 0.0000e+00 0.0000e+00 -7.5423e-02 -3.0090e+00 
163.0 4.1700e+00 5.0115e-02 0.0000e+00 0.0000e+00 5.0115e-02 3.6806e+00 0.0000e+00 0.0000e+00 0.0000e+00 0.0000e+00 -3.4121e+00 4.3805e-02 0.0000e+00 0.0000e+00 -4.3805e-02 -3.0297e+00 
164.0 4.1895e+00 5.5219e-02 0.0000e+00 0.0000e+00 5.5219e-02 3.6867e+00 0.0000e+00 0.0000e+00 0.0000e+00 0.0000e+00 -3.4501e+00 1.2353e-02 0.0000e+00 0.0000e+00 -1.2353e-02 -3.0477e+00 
165.0 4.2135e+00 5.7223e-02 0.0000e+00 0.0000e+00 5.7223e-02 3.6929e+00 0.0000e+00 0.0000e+00 0.0000e+00 0.0000e+00 -3.4901e+00 -1.8014e-02 0.0000e+00 0.0000e+00 1.8014e-02 -3.0625e+00 
166.0 4.2432e+00 5.6416e-02 0.0000e+00 0.0000e+00 5.6416e-02 3.6997e+00 0.0000e+00 0.0000e+00 0.0000e+00 0.0000e+00 -3.5325e+00 -4.6245e-02 0.0000e+00 0.0000e+00 4.6245e-02 -3.0738e+00 
167.0 4.2797e+00 5.3181e-02 0.0000e+00 0.0000e+00 5.3181e-02 3.7080e+00 0.0000e+00 0.0000e+00 0.0000e+00 0.0000e+00 -3.5774e+00 -7.1197e-02 0.0000e+00 0.0000e+00 7.1197e-02 -3.0813e+00 
168.0 4.3242e+00 4.7991e-02 0.0000e+00 0.0000e+00 4.7991e-02 3.7188e+00 0.0000e+00 0.0000e+00 0.0000e+00 0.0000e+00 -3.6247e+00 -9.1696e-02 0.0000e+00 0.0000e+00 9.1696e-02 -3.0850e+00 
169.0 4.3775e+00 4.1392e-02 0.0000e+00 0.0000e+00 4.1392e-02 3.7329e+00 0.0000e+00 0.0000e+00 0.0000e+00 0.0000e+00 -3.6742e+00 -1.0662e-01 0.0000e+00 0.0000e+00 1.0662e-01 -3.0846e+00 
170.0 4.4398e+00 3.3982e-02 0.0000e+00 0.0000e+00 3.3982e-02 3.7511e+00 0.0000e+00 0.0000e+00 0.0000e+00 0.0000e+00 -3.7254e+00 -1.1503e-01 0.0000e+00 0.0000e+00 1.1503e-01 -3.0804e+00 
171.0 4.5111e+00 2.6383e-02 0.0000e+00 0.0000e+00 2.6383e-02 3.7738e+00 0.0000e+00 0.0000e+00 0.0000e+00 0.0000e+00 -3.7778e+00 -1.1627e-01 0.0000e+00 0.0000e+00 1.1627e-01 -3.0727e+00 
172.0 4.5901e+00 1.9188e-02 0.0000e+00 0.0000e+00 1.9188e-02 3.8011e+00 0.0000e+00 0.0000e+00 0.0000e+00 0.0000e+00 -3.8303e+00 -1.1020e-01 0.0000e+00 0.0000e+00 1.1020e-01 -3.0621e+00 
173.0 4.6745e+00 1.2902e-02 0.0000e+00 0.0000e+00 1.2902e-02 3.8324e+00 0.0000e+00 0.0000e+00 0.0000e+00 0.0000e+00 -3.8815e+00 -9.7358e-02 0.0000e+00 0.0000e+00 9.7358e-02 -3.0493e+00 
174.0 4.7606e+00 7.8752e-03 0.0000e+00 0.0000e+00 7.8752e-03 3.8664e+00 0.0000e+00 0.0000e+00 0.0000e+00 0.0000e+00 -3.9299e+00 -7.9109e-02 0.0000e+00 0.0000e+00 7.9109e-02 -3.0353e+00 
175.0 4.8436e+00 4.2513e-03 0.0000e+00 0.0000e+00 4.2513e-03 3.9007e+00 0.0000e+00 0.0000e+00 0.0000e+00 0.0000e+00 -3.9735e+00 -5.7675e-02 0.0000e+00 0.0000e+00 5.7675e-02 -3.0215e+00 
176.0 4.9175e+00 1.9474e-03 0.0000e+00 0.0000e+00 1.9474e-03 3.9326e+00 0.0000e+00 0.0000e+00 0.0000e+00 0.0000e+00 -4.0103e+00 -3.5981e-02 0.0000e+00 0.0000e+00 3.5981e-02 -3.0089e+00 
177.0 4.9762e+00 6.9600e-04 0.0000e+00 0.0000e+00 6.9600e-04 3.9587e+00 0.0000e+00 0.0000e+00 0.0000e+00 0.0000e+00 -4.0383e+00 -1.7276e-02 0.0000e+00 0.0000e+00 1.7276e-02 -2.9990e+00 
178.0 5.0141e+00 1.4570e-04 0.0000e+00 0.0000e+00 1.4570e-04 3.9759e+00 0.0000e+00 0.0000e+00 0.0000e+00 0.0000e+00 -4.0559e+00 -4.5764e-03 0.0000e+00 0.0000e+00 4.5764e-03 -2.9925e+00 
179.0 5.0273e+00 4.2463e-21 0.0000e+00 0.0000e+00 4.2463e-21 3.9820e+00 0.0000e+00 0.0000e+00 0.0000e+00 0.0000e+00 -4.0620e+00 -7.5883e-20 0.0000e+00 0.0000e+00 7.5883e-20 -2.9903e+00 
180.0 5.0405e+00 0.0000e+00 0.0000e+00 0.0000e+00 0.0000e+00 3.9880e+00 0.0000e+00 0.0000e+00 0.0000e+00 0.0000e+00 -4.0680e+00 0.0000e+00 0.0000e+00 0.0000e+00 -0.0000e+00 -2.9881e+00 
