1.3784 1.8221 0.4437 0.048160
theta s11 s12 s13 s14 s21 s22 s23 s24 s31 s32 s33 s34 s41 s42 s43 s44
0.0 2.0711e+03 0.0000e+00 0.0000e+00 0.0000e+00 0.0000e+00 2.0697e+03 0.0000e+00 0.0000e+00 0.0000e+00 0.0000e+00 2.0697e+03 0.0000e+00 0.0000e+00 0.0000e+00 -0.0000e+00 2.0683e+03 
1.0 1.7437e+03 -1.2511e-01 0.0000e+00 0.0000e+00 -1.2511e-01 1.7423e+03 0.0000e+00 0.0000e+00 0.0000e+00 0.0000e+00 1.7423e+03 -7.6078e-01 0.0000e+00 0.0000e+00 7.6078e-01 1.7410e+03 
2.0 1.2382e+03 -2.6987e-01 0.0000e+00 0.0000e+00 -2.6987e-01 1.2369e+03 0.0000e+00 0.0000e+00 0.0000e+00 0.0000e+00 1.2369e+03 -2.4665e+00 0.0000e+00 0.0000e+00 2.4665e+00 1.2355e+03 
3.0 8.8727e+02 -3.2953e-01 0.0000e+00 0.0000e+00 -3.2953e-01 8.8594e+02 0.0000e+00 0.0000e+00 0.0000e+00 0.0000e+00 8.8590e+02 -4.1004e+00 0.0000e+00 0.0000e+00 4.1004e+00 8.8458e+02 
4.0 6.6941e+02 -3.6348e-01 0.0000e+00 0.0000e+00 -3.6348e-01 6.6811e+02 0.0000e+00 0.0000e+00 0.0000e+00 0.0000e+00 6.6804e+02 -5.2094e+00 0.0000e+00 0.0000e+00 5.2094e+00 6.6675e+02 
5.0 5.2878e+02 -4.0116e-01 0.0000e+00 0.0000e+00 -4.0116e-01 5.2750e+02 0.0000e+00 0.0000e+00 0.0000e+00 0.0000e+00 5.2739e+02 -5.8917e+00 0.0000e+00 0.0000e+00 5.8917e+00 5.2615e+02 
6.0 4.3161e+02 -4.5055e-01 0.0000e+00 0.0000e+00 -4.5055e-01 4.3037e+02 0.0000e+00 0.0000e+00 0.0000e+00 0.0000e+00 4.3022e+02 -6.2998e+00 0.0000e+00 0.0000e+00 6.2998e+00 4.2901e+02 
7.0 3.6065e+02 -5.1705e-01 0.0000e+00 0.0000e+00 -5.1705e-01 3.5944e+02 0.0000e+00 0.0000e+00 0.0000e+00 0.0000e+00 3.5924e+02 -6.4959e+00 0.0000e+00 0.0000e+00 6.4959e+00 3.5808e+02 
8.0 3.0691e+02 -6.0231e-01 0.0000e+00 0.0000e+00 -6.0231e-01 3.0571e+02 0.0000e+00 0.0000e+00 0.0000e+00 0.0000e+00 3.0548e+02 -6.5244e+00 0.0000e+00 0.0000e+00 6.5244e+00 3.0435e+02 
9.0 2.6513e+02 -7.0510e-01 0.0000e+00 0.0000e+00 -7.0510e-01 2.6396e+02 0.0000e+00 0.0000e+00 0.0000e+00 0.0000e+00 2.6368e+02 -6.4255e+00 0.0000e+00 0.0000e+00 6.4255e+00 2.6259e+02 
10.0 2.3205e+02 -8.2314e-01 0.0000e+00 0.0000e+00 -8.2314e-01 2.3090e+02 0.0000e+00 0.0000e+00 0.0000e+00 0.0000e+00 2.3058e+02 -6.2315e+00 0.0000e+00 0.0000e+00 6.2315e+00 2.2953e+02 
11.0 2.0549e+02 -9.5344e-01 0.0000e+00 0.0000e+00 -9.5344e-01 2.0437e+02 0.0000e+00 0.0000e+00 0.0000e+00 0.0000e+00 2.0401e+02 -5.9748e+00 0.0000e+00 0.0000e+00 5.9748e+00 2.0300e+02 
12.0 1.8390e+02 -1.0929e+00 0.0000e+00 0.0000e+00 -1.0929e+00 1.8279e+02 0.0000e+00 0.0000e+00 0.0000e+00 0.0000e+00 1.8240e+02 -5.6840e+00 0.0000e+00 0.0000e+00 5.6840e+00 1.8141e+02 
13.0 1.6612e+02 -1.2401e+00 0.0000e+00 0.0000e+00 -1.2401e+00 1.6503e+02 0.0000e+00 0.0000e+00 0.0000e+00 0.0000e+00 1.6461e+02 -5.3777e+00 0.0000e+00 0.0000e+00 5.3777e+00 1.6366e+02 
14.0 1.5132e+02 -1.3892e+00 0.0000e+00 0.0000e+00 -1.3892e+00 1.5025e+02 0.0000e+00 0.0000e+00 0.0000e+00 0.0000e+00 1.4980e+02 -5.0794e+00 0.0000e+00 0.0000e+00 5.0794e+00 1.4888e+02 
15.0 1.3887e+02 -1.5425e+00 0.0000e+00 0.0000e+00 -1.5425e+00 1.3782e+02 0.0000e+00 0.0000e+00 0.0000e+00 0.0000e+00 1.3734e+02 -4.7883e+00 0.0000e+00 0.0000e+00 4.7883e+00 1.3644e+02 
16.0 1.2827e+02 -1.6978e+00 0.0000e+00 0.0000e+00 -1.6978e+00 1.2723e+02 0.0000e+00 0.0000e+00 0.0000e+00 0.0000e+00 1.2673e+02 -4.5123e+00 0.0000e+00 0.0000e+00 4.5123e+00 1.2586e+02 
17.0 1.1915e+02 -1.8539e+00 0.0000e+00 0.0000e+00 -1.8539e+00 1.1812e+02 0.0000e+00 0.0000e+00 0.0000e+00 0.0000e+00 1.1760e+02 -4.2556e+00 0.0000e+00 0.0000e+00 4.2556e+00 1.1676e+02 
18.0 1.1121e+02 -2.0100e+00 0.0000e+00 0.0000e+00 -2.0100e+00 1.1020e+02 0.0000e+00 0.0000e+00 0.0000e+00 0.0000e+00 1.0965e+02 -4.0195e+00 0.0000e+00 0.0000e+00 4.0195e+00 1.0883e+02 
19.0 1.0422e+02 -2.1660e+00 0.0000e+00 0.0000e+00 -2.1660e+00 1.0322e+02 0.0000e+00 0.0000e+00 0.0000e+00 0.0000e+00 1.0304e+02 -3.8032e+00 0.0000e+00 0.0000e+00 3.8032e+00 1.0226e+02 
20.0 9.8015e+01 -2.3217e+00 0.0000e+00 0.0000e+00 -2.3217e+00 9.7031e+01 0.0000e+00 0.0000e+00 0.0000e+00 0.0000e+00 9.7176e+01 -3.6052e+00 0.0000e+00 0.0000e+00 3.6052e+00 9.6417e+01 
21.0 9.2455e+01 -2.4773e+00 0.0000e+00 0.0000e+00 -2.4773e+00 9.1482e+01 0.0000e+00 0.0000e+00 0.0000e+00 0.0000e+00 9.1915e+01 -3.4245e+00 0.0000e+00 0.0000e+00 3.4245e+00 9.1179e+01 
22.0 8.7430e+01 -2.6328e+00 0.0000e+00 0.0000e+00 -2.6328e+00 8.6468e+01 0.0000e+00 0.0000e+00 0.0000e+00 0.0000e+00 8.7159e+01 -3.2598e+00 0.0000e+00 0.0000e+00 3.2598e+00 8.6444e+01 
23.0 8.2853e+01 -2.7882e+00 0.0000e+00 0.0000e+00 -2.7882e+00 8.1903e+01 0.0000e+00 0.0000e+00 0.0000e+00 0.0000e+00 8.2824e+01 -3.1093e+00 0.0000e+00 0.0000e+00 3.1093e+00 8.2129e+01 
24.0 7.8656e+01 -2.9430e+00 0.0000e+00 0.0000e+00 -2.9430e+00 7.7716e+01 0.0000e+00 0.0000e+00 0.0000e+00 0.0000e+00 7.8845e+01 -2.9712e+00 0.0000e+00 0.0000e+00 2.9712e+00 7.8168e+01 
25.0 7.4786e+01 -3.0970e+00 0.0000e+00 0.0000e+00 -3.0970e+00 7.3857e+01 0.0000e+00 0.0000e+00 0.0000e+00 0.0000e+00 7.5172e+01 -2.8436e+00 0.0000e+00 0.0000e+00 2.8436e+00 7.4513e+01 
26.0 7.1203e+01 -3.2495e+00 0.0000e+00 0.0000e+00 -3.2495e+00 7.0284e+01 0.0000e+00 0.0000e+00 0.0000e+00 0.0000e+00 7.1767e+01 -2.7253e+00 0.0000e+00 0.0000e+00 2.7253e+00 7.1124e+01 
27.0 6.7872e+01 -3.4002e+00 0.0000e+00 0.0000e+00 -3.4002e+00 6.6963e+01 0.0000e+00 0.0000e+00 0.0000e+00 0.0000e+00 6.8598e+01 -2.6153e+00 0.0000e+00 0.0000e+00 2.6153e+00 6.7970e+01 
28.0 6.4765e+01 -3.5487e+00 0.0000e+00 0.0000e+00 -3.5487e+00 6.3866e+01 0.0000e+00 0.0000e+00 0.0000e+00 0.0000e+00 6.5639e+01 -2.5128e+00 0.0000e+00 0.0000e+00 2.5128e+00 6.5025e+01 
29.0 6.1858e+01 -3.6947e+00 0.0000e+00 0.0000e+00 -3.6947e+00 6.0968e+01 0.0000e+00 0.0000e+00 0.0000e+00 0.0000e+00 6.2865e+01 -2.4170e+00 0.0000e+00 0.0000e+00 2.4170e+00 6.2265e+01 
30.0 5.9129e+01 -3.8378e+00 0.0000e+00 0.0000e+00 -3.8378e+00 5.8248e+01 0.0000e+00 0.0000e+00 0.0000e+00 0.0000e+00 6.0257e+01 -2.3271e+00 0.0000e+00 0.0000e+00 2.3271e+00 5.9670e+01 
31.0 5.6559e+01 -3.9776e+00 0.0000e+00 0.0000e+00 -3.9776e+00 5.5687e+01 0.0000e+00 0.0000e+00 0.0000e+00 0.0000e+00 5.7515e+01 -2.2427e+00 0.0000e+00 0.0000e+00 2.2427e+00 5.6946e+01 
32.0 5.4131e+01 -4.1138e+00 0.0000e+00 0.0000e+00 -4.1138e+00 5.3268e+01 0.0000e+00 0.0000e+00 0.0000e+00 0.0000e+00 5.4924e+01 -2.1632e+00 0.0000e+00 0.0000e+00 2.1632e+00 5.4374e+01 
33.0 5.1832e+01 -4.2460e+00 0.0000e+00 0.0000e+00 -4.2460e+00 5.0977e+01 0.0000e+00 0.0000e+00 0.0000e+00 0.0000e+00 5.2472e+01 -2.0884e+00 0.0000e+00 0.0000e+00 2.0884e+00 5.1939e+01 
34.0 4.9650e+01 -4.3737e+00 0.0000e+00 0.0000e+00 -4.3737e+00 4.8804e+01 0.0000e+00 0.0000e+00 0.0000e+00 0.0000e+00 5.0145e+01 -2.0177e+00 0.0000e+00 0.0000e+00 2.0177e+00 4.9630e+01 
35.0 4.7577e+01 -4.4967e+00 0.0000e+00 0.0000e+00 -4.4967e+00 4.6738e+01 0.0000e+00 0.0000e+00 0.0000e+00 0.0000e+00 4.7934e+01 -1.9505e+00 0.0000e+00 0.0000e+00 1.9505e+00 4.7436e+01 
36.0 4.5604e+01 -4.6148e+00 0.0000e+00 0.0000e+00 -4.6148e+00 4.4773e+01 0.0000e+00 0.0000e+00 0.0000e+00 0.0000e+00 4.5829e+01 -1.8861e+00 0.0000e+00 0.0000e+00 1.8861e+00 4.5348e+01 
37.0 4.3725e+01 -4.7282e+00 0.0000e+00 0.0000e+00 -4.7282e+00 4.2902e+01 0.0000e+00 0.0000e+00 0.0000e+00 0.0000e+00 4.3824e+01 -1.8241e+00 0.0000e+00 0.0000e+00 1.8241e+00 4.3359e+01 
38.0 4.1937e+01 -4.8369e+00 0.0000e+00 0.0000e+00 -4.8369e+00 4.1122e+01 0.0000e+00 0.0000e+00 0.0000e+00 0.0000e+00 4.1913e+01 -1.7639e+00 0.0000e+00 0.0000e+00 1.7639e+00 4.1463e+01 
39.0 4.0234e+01 -4.9410e+00 0.0000e+00 0.0000e+00 -4.9410e+00 3.9426e+01 0.0000e+00 0.0000e+00 0.0000e+00 0.0000e+00 4.0089e+01 -1.7053e+00 0.0000e+00 0.0000e+00 1.7053e+00 3.9656e+01 
40.0 3.8613e+01 -5.0405e+00 0.0000e+00 0.0000e+00 -5.0405e+00 3.7812e+01 0.0000e+00 0.0000e+00 0.0000e+00 0.0000e+00 3.8349e+01 -1.6482e+00 0.0000e+00 0.0000e+00 1.6482e+00 3.7931e+01 
41.0 3.7069e+01 -5.1355e+00 0.0000e+00 0.0000e+00 -5.1355e+00 3.6275e+01 0.0000e+00 0.0000e+00 0.0000e+00 0.0000e+00 3.6688e+01 -1.5927e+00 0.0000e+00 0.0000e+00 1.5927e+00 3.6285e+01 
42.0 3.5596e+01 -5.2257e+00 0.0000e+00 0.0000e+00 -5.2257e+00 3.4810e+01 0.0000e+00 0.0000e+00 0.0000e+00 0.0000e+00 3.5100e+01 -1.5387e+00 0.0000e+00 0.0000e+00 1.5387e+00 3.4712e+01 
43.0 3.4192e+01 -5.3111e+00 0.0000e+00 0.0000e+00 -5.3111e+00 3.3413e+01 0.0000e+00 0.0000e+00 0.0000e+00 0.0000e+00 3.3582e+01 -1.4862e+00 0.0000e+00 0.0000e+00 1.4862e+00 3.3209e+01 
44.0 3.2851e+01 -5.3916e+00 0.0000e+00 0.0000e+00 -5.3916e+00 3.2079e+01 0.0000e+00 0.0000e+00 0.0000e+00 0.0000e+00 3.2130e+01 -1.4351e+00 0.0000e+00 0.0000e+00 1.4351e+00 3.1771e+01 
45.0 3.1570e+01 -5.4670e+00 0.0000e+00 0.0000e+00 -5.4670e+00 3.0804e+01 0.0000e+00 0.0000e+00 0.0000e+00 0.0000e+00 3.0739e+01 -1.3852e+00 0.0000e+00 0.0000e+00 1.3852e+00 3.0394e+01 
46.0 3.0346e+01 -5.5373e+00 0.0000e+00 0.0000e+00 -5.5373e+00 2.9586e+01 0.0000e+00 0.0000e+00 0.0000e+00 0.0000e+00 2.9406e+01 -1.3363e+00 0.0000e+00 0.0000e+00 1.3363e+00 2.9075e+01 
47.0 2.9174e+01 -5.6027e+00 0.0000e+00 0.0000e+00 -5.6027e+00 2.8421e+01 0.0000e+00 0.0000e+00 0.0000e+00 0.0000e+00 2.8128e+01 -1.2884e+00 0.0000e+00 0.0000e+00 1.2884e+00 2.7811e+01 
48.0 2.8054e+01 -5.6630e+00 0.0000e+00 0.0000e+00 -5.6630e+00 2.7306e+01 0.0000e+00 0.0000e+00 0.0000e+00 0.0000e+00 2.6903e+01 -1.2412e+00 0.0000e+00 0.0000e+00 1.2412e+00 2.6599e+01 
49.0 2.6981e+01 -5.7184e+00 0.0000e+00 0.0000e+00 -5.7184e+00 2.6240e+01 0.0000e+00 0.0000e+00 0.0000e+00 0.0000e+00 2.5728e+01 -1.1947e+00 0.0000e+00 0.0000e+00 1.1947e+00 2.5437e+01 
50.0 2.5955e+01 -5.7689e+00 0.0000e+00 0.0000e+00 -5.7689e+00 2.5220e+01 0.0000e+00 0.0000e+00 0.0000e+00 0.0000e+00 2.4600e+01 -1.1488e+00 0.0000e+00 0.0000e+00 1.1488e+00 2.4322e+01 
51.0 2.4974e+01 -5.8146e+00 0.0000e+00 0.0000e+00 -5.8146e+00 2.4243e+01 0.0000e+00 0.0000e+00 0.0000e+00 0.0000e+00 2.3517e+01 -1.1036e+00 0.0000e+00 0.0000e+00 1.1036e+00 2.3252e+01 
52.0 2.4034e+01 -5.8556e+00 0.0000e+00 0.0000e+00 -5.8556e+00 2.3309e+01 0.0000e+00 0.0000e+00 0.0000e+00 0.0000e+00 2.2478e+01 -1.0589e+00 0.0000e+00 0.0000e+00 1.0589e+00 2.2225e+01 
53.0 2.3135e+01 -5.8919e+00 0.0000e+00 0.0000e+00 -5.8919e+00 2.2416e+01 0.0000e+00 0.0000e+00 0.0000e+00 0.0000e+00 2.1480e+01 -1.0147e+00 0.0000e+00 0.0000e+00 1.0147e+00 2.1240e+01 
54.0 2.2275e+01 -5.9237e+00 0.0000e+00 0.0000e+00 -5.9237e+00 2.1560e+01 0.0000e+00 0.0000e+00 0.0000e+00 0.0000e+00 2.0522e+01 -9.7102e-01 0.0000e+00 0.0000e+00 9.7102e-01 2.0293e+01 
55.0 2.1451e+01 -5.9510e+00 0.0000e+00 0.0000e+00 -5.9510e+00 2.0742e+01 0.0000e+00 0.0000e+00 0.0000e+00 0.0000e+00 1.9601e+01 -9.2789e-01 0.0000e+00 0.0000e+00 9.2789e-01 1.9384e+01 
56.0 2.0664e+01 -5.9739e+00 0.0000e+00 0.0000e+00 -5.9739e+00 1.9960e+01 0.0000e+00 0.0000e+00 0.0000e+00 0.0000e+00 1.8716e+01 -8.8532e-01 0.0000e+00 0.0000e+00 8.8532e-01 1.8512e+01 
57.0 1.9910e+01 -5.9926e+00 0.0000e+00 0.0000e+00 -5.9926e+00 1.9211e+01 0.0000e+00 0.0000e+00 0.0000e+00 0.0000e+00 1.7866e+01 -8.4334e-01 0.0000e+00 0.0000e+00 8.4334e-01 1.7673e+01 
58.0 1.9189e+01 -6.0070e+00 0.0000e+00 0.0000e+00 -6.0070e+00 1.8495e+01 0.0000e+00 0.0000e+00 0.0000e+00 0.0000e+00 1.7049e+01 -8.0195e-01 0.0000e+00 0.0000e+00 8.0195e-01 1.6867e+01 
59.0 1.8500e+01 -6.0172e+00 0.0000e+00 0.0000e+00 -6.0172e+00 1.7810e+01 0.0000e+00 0.0000e+00 0.0000e+00 0.0000e+00 1.6263e+01 -7.6116e-01 0.0000e+00 0.0000e+00 7.6116e-01 1.6093e+01 
60.0 1.7839e+01 -6.0234e+00 0.0000e+00 0.0000e+00 -6.0234e+00 1.7154e+01 0.0000e+00 0.0000e+00 0.0000e+00 0.0000e+00 1.5507e+01 -7.2096e-01 0.0000e+00 0.0000e+00 7.2096e-01 1.5348e+01 
61.0 1.7208e+01 -6.0257e+00 0.0000e+00 0.0000e+00 -6.0257e+00 1.6526e+01 0.0000e+00 0.0000e+00 0.0000e+00 0.0000e+00 1.4781e+01 -6.8135e-01 0.0000e+00 0.0000e+00 6.8135e-01 1.4633e+01 
62.0 1.6603e+01 -6.0241e+00 0.0000e+00 0.0000e+00 -6.0241e+00 1.5926e+01 0.0000e+00 0.0000e+00 0.0000e+00 0.0000e+00 1.4082e+01 -6.4236e-01 0.0000e+00 0.0000e+00 6.4236e-01 1.3944e+01 
63.0 1.6025e+01 -6.0188e+00 0.0000e+00 0.0000e+00 -6.0188e+00 1.5352e+01 0.0000e+00 0.0000e+00 0.0000e+00 0.0000e+00 1.3409e+01 -6.0401e-01 0.0000e+00 0.0000e+00 6.0401e-01 1.3282e+01 
64.0 1.5471e+01 -6.0099e+00 0.0000e+00 0.0000e+00 -6.0099e+00 1.4802e+01 0.0000e+00 0.0000e+00 0.0000e+00 0.0000e+00 1.2762e+01 -5.6632e-01 0.0000e+00 0.0000e+00 5.6632e-01 1.2646e+01 
65.0 1.4942e+01 -5.9975e+00 0.0000e+00 0.0000e+00 -5.9975e+00 1.4277e+01 0.0000e+00 0.0000e+00 0.0000e+00 0.0000e+00 1.2139e+01 -5.2935e-01 0.0000e+00 0.0000e+00 5.2935e-01 1.2033e+01 
66.0 1.4435e+01 -5.9816e+00 0.0000e+00 0.0000e+00 -5.9816e+00 1.3774e+01 0.0000e+00 0.0000e+00 0.0000e+00 0.0000e+00 1.1539e+01 -4.9314e-01 0.0000e+00 0.0000e+00 4.9314e-01 1.1444e+01 
67.0 1.3950e+01 -5.9624e+00 0.0000e+00 0.0000e+00 -5.9624e+00 1.3293e+01 0.0000e+00 0.0000e+00 0.0000e+00 0.0000e+00 1.0962e+01 -4.5772e-01 0.0000e+00 0.0000e+00 4.5772e-01 1.0877e+01 
68.0 1.3486e+01 -5.9399e+00 0.0000e+00 0.0000e+00 -5.9399e+00 1.2833e+01 0.0000e+00 0.0000e+00 0.0000e+00 0.0000e+00 1.0406e+01 -4.2310e-01 0.0000e+00 0.0000e+00 4.2310e-01 1.0331e+01 
69.0 1.3043e+01 -5.9143e+00 0.0000e+00 0.0000e+00 -5.9143e+00 1.2393e+01 0.0000e+00 0.0000e+00 0.0000e+00 0.0000e+00 9.8708e+00 -3.8930e-01 0.0000e+00 0.0000e+00 3.8930e-01 9.8055e+00 
70.0 1.2618e+01 -5.8856e+00 0.0000e+00 0.0000e+00 -5.8856e+00 1.1972e+01 0.0000e+00 0.0000e+00 0.0000e+00 0.0000e+00 9.3552e+00 -3.5633e-01 0.0000e+00 0.0000e+00 3.5633e-01 9.2996e+00 
71.0 1.2213e+01 -5.8540e+00 0.0000e+00 0.0000e+00 -5.8540e+00 1.1569e+01 0.0000e+00 0.0000e+00 0.0000e+00 0.0000e+00 8.8584e+00 -3.2421e-01 0.0000e+00 0.0000e+00 3.2421e-01 8.8125e+00 
72.0 1.1824e+01 -5.8195e+00 0.0000e+00 0.0000e+00 -5.8195e+00 1.1184e+01 0.0000e+00 0.0000e+00 0.0000e+00 0.0000e+00 8.3798e+00 -2.9295e-01 0.0000e+00 0.0000e+00 2.9295e-01 8.3433e+00 
73.0 1.1453e+01 -5.7823e+00 0.0000e+00 0.0000e+00 -5.7823e+00 1.0817e+01 0.0000e+00 0.0000e+00 0.0000e+00 0.0000e+00 7.9185e+00 -2.6256e-01 0.0000e+00 0.0000e+00 2.6256e-01 7.8914e+00 
74.0 1.1098e+01 -5.7423e+00 0.0000e+00 0.0000e+00 -5.7423e+00 1.0465e+01 0.0000e+00 0.0000e+00 0.0000e+00 0.0000e+00 7.4739e+00 -2.3306e-01 0.0000e+00 0.0000e+00 2.3306e-01 7.4560e+00 
75.0 1.0759e+01 -5.6999e+00 0.0000e+00 0.0000e+00 -5.6999e+00 1.0129e+01 0.0000e+00 0.0000e+00 0.0000e+00 0.0000e+00 7.0453e+00 -2.0444e-01 0.0000e+00 0.0000e+00 2.0444e-01 7.0365e+00 
76.0 1.0434e+01 -5.6549e+00 0.0000e+00 0.0000e+00 -5.6549e+00 9.8075e+00 0.0000e+00 0.0000e+00 0.0000e+00 0.0000e+00 6.6321e+00 -1.7671e-01 0.0000e+00 0.0000e+00 1.7671e-01 6.6322e+00 
77.0 1.0124e+01 -5.6075e+00 0.0000e+00 0.0000e+00 -5.6075e+00 9.5007e+00 0.0000e+00 0.0000e+00 0.0000e+00 0.0000e+00 6.2336e+00 -1.4984e-01 0.0000e+00 0.0000e+00 1.4984e-01 6.2425e+00 
78.0 9.8282e+00 -5.5579e+00 0.0000e+00 0.0000e+00 -5.5579e+00 9.2076e+00 0.0000e+00 0.0000e+00 0.0000e+00 0.0000e+00 5.8492e+00 -1.2381e-01 0.0000e+00 0.0000e+00 1.2381e-01 5.8668e+00 
79.0 9.5452e+00 -5.5061e+00 0.0000e+00 0.0000e+00 -5.5061e+00 8.9277e+00 0.0000e+00 0.0000e+00 0.0000e+00 0.0000e+00 5.4785e+00 -9.8622e-02 0.0000e+00 0.0000e+00 9.8622e-02 5.5045e+00 
80.0 9.2749e+00 -5.4521e+00 0.0000e+00 0.0000e+00 -5.4521e+00 8.6605e+00 0.0000e+00 0.0000e+00 0.0000e+00 0.0000e+00 5.1208e+00 -7.4242e-02 0.0000e+00 0.0000e+00 7.4242e-02 5.1552e+00 
81.0 9.0167e+00 -5.3962e+00 0.0000e+00 0.0000e+00 -5.3962e+00 8.4055e+00 0.0000e+00 0.0000e+00 0.0000e+00 0.0000e+00 4.7757e+00 -5.0663e-02 0.0000e+00 0.0000e+00 5.0663e-02 4.8183e+00 
82.0 8.7702e+00 -5.3385e+00 0.0000e+00 0.0000e+00 -5.3385e+00 8.1621e+00 0.0000e+00 0.0000e+00 0.0000e+00 0.0000e+00 4.4428e+00 -2.7879e-02 0.0000e+00 0.0000e+00 2.7879e-02 4.4934e+00 
83.0 8.5350e+00 -5.2789e+00 0.0000e+00 0.0000e+00 -5.2789e+00 7.9300e+00 0.0000e+00 0.0000e+00 0.0000e+00 0.0000e+00 4.1215e+00 -5.8841e-03 0.0000e+00 0.0000e+00 5.8841e-03 4.1800e+00 
84.0 8.3105e+00 -5.2177e+00 0.0000e+00 0.0000e+00 -5.2177e+00 7.7086e+00 0.0000e+00 0.0000e+00 0.0000e+00 0.0000e+00 3.8114e+00 1.5330e-02 0.0000e+00 0.0000e+00 -1.5330e-02 3.8776e+00 
85.0 8.0963e+00 -5.1548e+00 0.0000e+00 0.0000e+00 -5.1548e+00 7.4975e+00 0.0000e+00 0.0000e+00 0.0000e+00 0.0000e+00 3.5120e+00 3.5774e-02 0.0000e+00 0.0000e+00 -3.5774e-02 3.5858e+00 
86.0 7.8920e+00 -5.0905e+00 0.0000e+00 0.0000e+00 -5.0905e+00 7.2964e+00 0.0000e+00 0.0000e+00 0.0000e+00 0.0000e+00 3.2231e+00 5.5459e-02 0.0000e+00 0.0000e+00 -5.5459e-02 3.3042e+00 
87.0 7.6972e+00 -5.0247e+00 0.0000e+00 0.0000e+00 -5.0247e+00 7.1047e+00 0.0000e+00 0.0000e+00 0.0000e+00 0.0000e+00 2.9441e+00 7.4397e-02 0.0000e+00 0.0000e+00 -7.4397e-02 3.0325e+00 
88.0 7.5115e+00 -4.9576e+00 0.0000e+00 0.0000e+00 -4.9576e+00 6.9222e+00 0.0000e+00 0.0000e+00 0.0000e+00 0.0000e+00 2.6747e+00 9.2599e-02 0.0000e+00 0.0000e+00 -9.2599e-02 2.7702e+00 
89.0 7.3346e+00 -4.8892e+00 0.0000e+00 0.0000e+00 -4.8892e+00 6.7485e+00 0.0000e+00 0.0000e+00 0.0000e+00 0.0000e+00 2.4146e+00 1.1008e-01 0.0000e+00 0.0000e+00 -1.1008e-01 2.5170e+00 
90.0 7.1661e+00 -4.8197e+00 0.0000e+00 0.0000e+00 -4.8197e+00 6.5832e+00 0.0000e+00 0.0000e+00 0.0000e+00 0.0000e+00 2.1634e+00 1.2683e-01 0.0000e+00 0.0000e+00 -1.2683e-01 2.2725e+00 
91.0 7.0057e+00 -4.7490e+00 0.0000e+00 0.0000e+00 -4.7490e+00 6.4260e+00 0.0000e+00 0.0000e+00 0.0000e+00 0.0000e+00 1.9208e+00 1.4289e-01 0.0000e+00 0.0000e+00 -1.4289e-01 2.0365e+00 
92.0 6.8530e+00 -4.6774e+00 0.0000e+00 0.0000e+00 -4.6774e+00 6.2766e+00 0.0000e+00 0.0000e+00 0.0000e+00 0.0000e+00 1.6865e+00 1.5824e-01 0.0000e+00 0.0000e+00 -1.5824e-01 1.8086e+00 
93.0 6.7078e+00 -4.6048e+00 0.0000e+00 0.0000e+00 -4.6048e+00 6.1346e+00 0.0000e+00 0.0000e+00 0.0000e+00 0.0000e+00 1.4601e+00 1.7291e-01 0.0000e+00 0.0000e+00 -1.7291e-01 1.5884e+00 
94.0 6.5698e+00 -4.5313e+00 0.0000e+00 0.0000e+00 -4.5313e+00 5.9998e+00 0.0000e+00 0.0000e+00 0.0000e+00 0.0000e+00 1.2415e+00 1.8690e-01 0.0000e+00 0.0000e+00 -1.8690e-01 1.3758e+00 
95.0 6.4386e+00 -4.4570e+00 0.0000e+00 0.0000e+00 -4.4570e+00 5.8719e+00 0.0000e+00 0.0000e+00 0.0000e+00 0.0000e+00 1.0303e+00 2.0023e-01 0.0000e+00 0.0000e+00 -2.0023e-01 1.1704e+00 
96.0 6.3140e+00 -4.3820e+00 0.0000e+00 0.0000e+00 -4.3820e+00 5.7507e+00 0.0000e+00 0.0000e+00 0.0000e+00 0.0000e+00 8.2618e-01 2.1290e-01 0.0000e+00 0.0000e+00 -2.1290e-01 9.7198e-01 
97.0 6.1957e+00 -4.3063e+00 0.0000e+00 0.0000e+00 -4.3063e+00 5.6358e+00 0.0000e+00 0.0000e+00 0.0000e+00 0.0000e+00 6.2900e-01 2.2493e-01 0.0000e+00 0.0000e+00 -2.2493e-01 7.8024e-01 
98.0 6.0836e+00 -4.2299e+00 0.0000e+00 0.0000e+00 -4.2299e+00 5.5270e+00 0.0000e+00 0.0000e+00 0.0000e+00 0.0000e+00 4.3845e-01 2.3632e-01 0.0000e+00 0.0000e+00 -2.3632e-01 5.9495e-01 
99.0 5.9773e+00 -4.1530e+00 0.0000e+00 0.0000e+00 -4.1530e+00 5.4242e+00 0.0000e+00 0.0000e+00 0.0000e+00 0.0000e+00 2.5432e-01 2.4708e-01 0.0000e+00 0.0000e+00 -2.4708e-01 4.1588e-01 
100.0 5.8766e+00 -4.0756e+00 0.0000e+00 0.0000e+00 -4.0756e+00 5.3270e+00 0.0000e+00 0.0000e+00 0.0000e+00 0.0000e+00 7.6361e-02 2.5724e-01 0.0000e+00 0.0000e+00 -2.5724e-01 2.4278e-01 
101.0 5.7814e+00 -3.9977e+00 0.0000e+00 0.0000e+00 -3.9977e+00 5.2353e+00 0.0000e+00 0.0000e+00 0.0000e+00 0.0000e+00 -9.5632e-02 2.6679e-01 0.0000e+00 0.0000e+00 -2.6679e-01 7.5441e-02 
102.0 5.6913e+00 -3.9194e+00 0.0000e+00 0.0000e+00 -3.9194e+00 5.1489e+00 0.0000e+00 0.0000e+00 0.0000e+00 0.0000e+00 -2.6188e-01 2.7576e-01 0.0000e+00 0.0000e+00 -2.7576e-01 -8.6360e-02 
103.0 5.6062e+00 -3.8408e+00 0.0000e+00 0.0000e+00 -3.8408e+00 5.0674e+00 0.0000e+00 0.0000e+00 0.0000e+00 0.0000e+00 -4.2259e-01 2.8415e-01 0.0000e+00 0.0000e+00 -2.8415e-01 -2.4283e-01 
104.0 5.5260e+00 -3.7619e+00 0.0000e+00 0.0000e+00 -3.7619e+00 4.9909e+00 0.0000e+00 0.0000e+00 0.0000e+00 0.0000e+00 -5.7796e-01 2.9198e-01 0.0000e+00 0.0000e+00 -2.9198e-01 -3.9416e-01 
105.0 5.4503e+00 -3.6827e+00 0.0000e+00 0.0000e+00 -3.6827e+00 4.9190e+00 0.0000e+00 0.0000e+00 0.0000e+00 0.0000e+00 -7.2817e-01 2.9927e-01 0.0000e+00 0.0000e+00 -2.9927e-01 -5.4054e-01 
106.0 5.3791e+00 -3.6033e+00 0.0000e+00 0.0000e+00 -3.6033e+00 4.8516e+00 0.0000e+00 0.0000e+00 0.0000e+00 0.0000e+00 -8.7342e-01 3.0603e-01 0.0000e+00 0.0000e+00 -3.0603e-01 -6.8215e-01 
107.0 5.3121e+00 -3.5237e+00 0.0000e+00 0.0000e+00 -3.5237e+00 4.7885e+00 0.0000e+00 0.0000e+00 0.0000e+00 0.0000e+00 -1.0139e+00 3.1227e-01 0.0000e+00 0.0000e+00 -3.1227e-01 -8.1917e-01 
108.0 5.2492e+00 -3.4440e+00 0.0000e+00 0.0000e+00 -3.4440e+00 4.7296e+00 0.0000e+00 0.0000e+00 0.0000e+00 0.0000e+00 -1.1497e+00 3.1802e-01 0.0000e+00 0.0000e+00 -3.1802e-01 -9.5176e-01 
109.0 5.1903e+00 -3.3643e+00 0.0000e+00 0.0000e+00 -3.3643e+00 4.6747e+00 0.0000e+00 0.0000e+00 0.0000e+00 0.0000e+00 -1.2810e+00 3.2329e-01 0.0000e+00 0.0000e+00 -3.2329e-01 -1.0801e+00 
110.0 5.1352e+00 -3.2845e+00 0.0000e+00 0.0000e+00 -3.2845e+00 4.6236e+00 0.0000e+00 0.0000e+00 0.0000e+00 0.0000e+00 -1.4081e+00 3.2809e-01 0.0000e+00 0.0000e+00 -3.2809e-01 -1.2043e+00 
111.0 5.0837e+00 -3.2048e+00 0.0000e+00 0.0000e+00 -3.2048e+00 4.5763e+00 0.0000e+00 0.0000e+00 0.0000e+00 0.0000e+00 -1.5310e+00 3.3245e-01 0.0000e+00 0.0000e+00 -3.3245e-01 -1.3245e+00 
112.0 5.0357e+00 -3.1251e+00 0.0000e+00 0.0000e+00 -3.1251e+00 4.5325e+00 0.0000e+00 0.0000e+00 0.0000e+00 0.0000e+00 -1.6499e+00 3.3637e-01 0.0000e+00 0.0000e+00 -3.3637e-01 -1.4409e+00 
113.0 4.9910e+00 -3.0455e+00 0.0000e+00 0.0000e+00 -3.0455e+00 4.4921e+00 0.0000e+00 0.0000e+00 0.0000e+00 0.0000e+00 -1.7649e+00 3.3988e-01 0.0000e+00 0.0000e+00 -3.3988e-01 -1.5536e+00 
114.0 4.9497e+00 -2.9662e+00 0.0000e+00 0.0000e+00 -2.9662e+00 4.4550e+00 0.0000e+00 0.0000e+00 0.0000e+00 0.0000e+00 -1.8762e+00 3.4298e-01 0.0000e+00 0.0000e+00 -3.4298e-01 -1.6627e+00 
115.0 4.9114e+00 -2.8870e+00 0.0000e+00 0.0000e+00 -2.8870e+00 4.4210e+00 0.0000e+00 0.0000e+00 0.0000e+00 0.0000e+00 -1.9839e+00 3.4569e-01 0.0000e+00 0.0000e+00 -3.4569e-01 -1.7684e+00 
116.0 4.8761e+00 -2.8081e+00 0.0000e+00 0.0000e+00 -2.8081e+00 4.3901e+00 0.0000e+00 0.0000e+00 0.0000e+00 0.0000e+00 -2.0881e+00 3.4802e-01 0.0000e+00 0.0000e+00 -3.4802e-01 -1.8707e+00 
117.0 4.8437e+00 -2.7296e+00 0.0000e+00 0.0000e+00 -2.7296e+00 4.3620e+00 0.0000e+00 0.0000e+00 0.0000e+00 0.0000e+00 -2.1889e+00 3.4998e-01 0.0000e+00 0.0000e+00 -3.4998e-01 -1.9698e+00 
118.0 4.8140e+00 -2.6514e+00 0.0000e+00 0.0000e+00 -2.6514e+00 4.3368e+00 0.0000e+00 0.0000e+00 0.0000e+00 0.0000e+00 -2.2865e+00 3.5158e-01 0.0000e+00 0.0000e+00 -3.5158e-01 -2.0657e+00 
119.0 4.7870e+00 -2.5736e+00 0.0000e+00 0.0000e+00 -2.5736e+00 4.3142e+00 0.0000e+00 0.0000e+00 0.0000e+00 0.0000e+00 -2.3809e+00 3.5283e-01 0.0000e+00 0.0000e+00 -3.5283e-01 -2.1587e+00 
120.0 4.7626e+00 -2.4962e+00 0.0000e+00 0.0000e+00 -2.4962e+00 4.2942e+00 0.0000e+00 0.0000e+00 0.0000e+00 0.0000e+00 -2.4723e+00 3.5374e-01 0.0000e+00 0.0000e+00 -3.5374e-01 -2.2488e+00 
121.0 4.7406e+00 -2.4194e+00 0.0000e+00 0.0000e+00 -2.4194e+00 4.2767e+00 0.0000e+00 0.0000e+00 0.0000e+00 0.0000e+00 -2.5608e+00 3.5430e-01 0.0000e+00 0.0000e+00 -3.5430e-01 -2.3360e+00 
122.0 4.7209e+00 -2.3431e+00 0.0000e+00 0.0000e+00 -2.3431e+00 4.2615e+00 0.0000e+00 0.0000e+00 0.0000e+00 0.0000e+00 -2.6465e+00 3.5452e-01 0.0000e+00 0.0000e+00 -3.5452e-01 -2.4205e+00 
123.0 4.7035e+00 -2.2674e+00 0.0000e+00 0.0000e+00 -2.2674e+00 4.2485e+00 0.0000e+00 0.0000e+00 0.0000e+00 0.0000e+00 -2.7294e+00 3.5440e-01 0.0000e+00 0.0000e+00 -3.5440e-01 -2.5023e+00 
124.0 4.6882e+00 -2.1924e+00 0.0000e+00 0.0000e+00 -2.1924e+00 4.2377e+00 0.0000e+00 0.0000e+00 0.0000e+00 0.0000e+00 -2.8097e+00 3.5393e-01 0.0000e+00 0.0000e+00 -3.5393e-01 -2.5817e+00 
125.0 4.6750e+00 -2.1180e+00 0.0000e+00 0.0000e+00 -2.1180e+00 4.2289e+00 0.0000e+00 0.0000e+00 0.0000e+00 0.0000e+00 -2.8875e+00 3.5313e-01 0.0000e+00 0.0000e+00 -3.5313e-01 -2.6585e+00 
126.0 4.6637e+00 -2.0443e+00 0.0000e+00 0.0000e+00 -2.0443e+00 4.2220e+00 0.0000e+00 0.0000e+00 0.0000e+00 0.0000e+00 -2.9628e+00 3.5197e-01 0.0000e+00 0.0000e+00 -3.5197e-01 -2.7330e+00 
127.0 4.6543e+00 -1.9714e+00 0.0000e+00 0.0000e+00 -1.9714e+00 4.2170e+00 0.0000e+00 0.0000e+00 0.0000e+00 0.0000e+00 -3.0357e+00 3.5048e-01 0.0000e+00 0.0000e+00 -3.5048e-01 -2.8051e+00 
128.0 4.6467e+00 -1.8993e+00 0.0000e+00 0.0000e+00 -1.8993e+00 4.2138e+00 0.0000e+00 0.0000e+00 0.0000e+00 0.0000e+00 -3.1063e+00 3.4863e-01 0.0000e+00 0.0000e+00 -3.4863e-01 -2.8750e+00 
129.0 4.6407e+00 -1.8280e+00 0.0000e+00 0.0000e+00 -1.8280e+00 4.2122e+00 0.0000e+00 0.0000e+00 0.0000e+00 0.0000e+00 -3.1747e+00 3.4643e-01 0.0000e+00 0.0000e+00 -3.4643e-01 -2.9428e+00 
130.0 4.6363e+00 -1.7575e+00 0.0000e+00 0.0000e+00 -1.7575e+00 4.2122e+00 0.0000e+00 0.0000e+00 0.0000e+00 0.0000e+00 -3.2409e+00 3.4388e-01 0.0000e+00 0.0000e+00 -3.4388e-01 -3.0085e+00 
131.0 4.6335e+00 -1.6879e+00 0.0000e+00 0.0000e+00 -1.6879e+00 4.2138e+00 0.0000e+00 0.0000e+00 0.0000e+00 0.0000e+00 -3.3051e+00 3.4098e-01 0.0000e+00 0.0000e+00 -3.4098e-01 -3.0721e+00 
132.0 4.6321e+00 -1.6192e+00 0.0000e+00 0.0000e+00 -1.6192e+00 4.2167e+00 0.0000e+00 0.0000e+00 0.0000e+00 0.0000e+00 -3.3672e+00 3.3771e-01 0.0000e+00 0.0000e+00 -3.3771e-01 -3.1338e+00 
133.0 4.6321e+00 -1.5514e+00 0.0000e+00 0.0000e+00 -1.5514e+00 4.2210e+00 0.0000e+00 0.0000e+00 0.0000e+00 0.0000e+00 -3.4275e+00 3.3409e-01 0.0000e+00 0.0000e+00 -3.3409e-01 -3.1937e+00 
134.0 4.6334e+00 -1.4846e+00 0.0000e+00 0.0000e+00 -1.4846e+00 4.2266e+00 0.0000e+00 0.0000e+00 0.0000e+00 0.0000e+00 -3.4858e+00 3.3012e-01 0.0000e+00 0.0000e+00 -3.3012e-01 -3.2517e+00 
135.0 4.6359e+00 -1.4187e+00 0.0000e+00 0.0000e+00 -1.4187e+00 4.2334e+00 0.0000e+00 0.0000e+00 0.0000e+00 0.0000e+00 -3.5423e+00 3.2579e-01 0.0000e+00 0.0000e+00 -3.2579e-01 -3.3079e+00 
136.0 4.6396e+00 -1.3539e+00 0.0000e+00 0.0000e+00 -1.3539e+00 4.2414e+00 0.0000e+00 0.0000e+00 0.0000e+00 0.0000e+00 -3.5971e+00 3.2111e-01 0.0000e+00 0.0000e+00 -3.2111e-01 -3.3624e+00 
137.0 4.6444e+00 -1.2901e+00 0.0000e+00 0.0000e+00 -1.2901e+00 4.2504e+00 0.0000e+00 0.0000e+00 0.0000e+00 0.0000e+00 -3.6502e+00 3.1608e-01 0.0000e+00 0.0000e+00 -3.1608e-01 -3.4153e+00 
138.0 4.6502e+00 -1.2273e+00 0.0000e+00 0.0000e+00 -1.2273e+00 4.2605e+00 0.0000e+00 0.0000e+00 0.0000e+00 0.0000e+00 -3.7016e+00 3.1071e-01 0.0000e+00 0.0000e+00 -3.1071e-01 -3.4666e+00 
139.0 4.6570e+00 -1.1656e+00 0.0000e+00 0.0000e+00 -1.1656e+00 4.2715e+00 0.0000e+00 0.0000e+00 0.0000e+00 0.0000e+00 -3.7514e+00 3.0500e-01 0.0000e+00 0.0000e+00 -3.0500e-01 -3.5163e+00 
140.0 4.6648e+00 -1.1050e+00 0.0000e+00 0.0000e+00 -1.1050e+00 4.2834e+00 0.0000e+00 0.0000e+00 0.0000e+00 0.0000e+00 -3.7996e+00 2.9896e-01 0.0000e+00 0.0000e+00 -2.9896e-01 -3.5646e+00 
141.0 4.6734e+00 -1.0455e+00 0.0000e+00 0.0000e+00 -1.0455e+00 4.2962e+00 0.0000e+00 0.0000e+00 0.0000e+00 0.0000e+00 -3.8464e+00 2.9259e-01 0.0000e+00 0.0000e+00 -2.9259e-01 -3.6113e+00 
142.0 4.6828e+00 -9.8719e-01 0.0000e+00 0.0000e+00 -9.8719e-01 4.3098e+00 0.0000e+00 0.0000e+00 0.0000e+00 0.0000e+00 -3.8916e+00 2.8592e-01 0.0000e+00 0.0000e+00 -2.8592e-01 -3.6566e+00 
143.0 4.6930e+00 -9.3002e-01 0.0000e+00 0.0000e+00 -9.3002e-01 4.3241e+00 0.0000e+00 0.0000e+00 0.0000e+00 0.0000e+00 -3.9355e+00 2.7893e-01 0.0000e+00 0.0000e+00 -2.7893e-01 -3.7005e+00 
144.0 4.7040e+00 -8.7404e-01 0.0000e+00 0.0000e+00 -8.7404e-01 4.3391e+00 0.0000e+00 0.0000e+00 0.0000e+00 0.0000e+00 -3.9779e+00 2.7163e-01 0.0000e+00 0.0000e+00 -2.7163e-01 -3.7430e+00 
145.0 4.7155e+00 -8.1929e-01 0.0000e+00 0.0000e+00 -8.1929e-01 4.3547e+00 0.0000e+00 0.0000e+00 0.0000e+00 0.0000e+00 -4.0190e+00 2.6403e-01 0.0000e+00 0.0000e+00 -2.6403e-01 -3.7842e+00 
146.0 4.7278e+00 -7.6579e-01 0.0000e+00 0.0000e+00 -7.6579e-01 4.3709e+00 0.0000e+00 0.0000e+00 0.0000e+00 0.0000e+00 -4.0587e+00 2.5612e-01 0.0000e+00 0.0000e+00 -2.5612e-01 -3.8241e+00 
147.0 4.7406e+00 -7.1358e-01 0.0000e+00 0.0000e+00 -7.1358e-01 4.3876e+00 0.0000e+00 0.0000e+00 0.0000e+00 0.0000e+00 -4.0972e+00 2.4789e-01 0.0000e+00 0.0000e+00 -2.4789e-01 -3.8627e+00 
148.0 4.7539e+00 -6.6268e-01 0.0000e+00 0.0000e+00 -6.6268e-01 4.4047e+00 0.0000e+00 0.0000e+00 0.0000e+00 0.0000e+00 -4.1344e+00 2.3934e-01 0.0000e+00 0.0000e+00 -2.3934e-01 -3.9000e+00 
149.0 4.7678e+00 -6.1313e-01 0.0000e+00 0.0000e+00 -6.1313e-01 4.4223e+00 0.0000e+00 0.0000e+00 0.0000e+00 0.0000e+00 -4.1704e+00 2.3046e-01 0.0000e+00 0.0000e+00 -2.3046e-01 -3.9361e+00 
150.0 4.7821e+00 -5.6497e-01 0.0000e+00 0.0000e+00 -5.6497e-01 4.4402e+00 0.0000e+00 0.0000e+00 0.0000e+00 0.0000e+00 -4.2053e+00 2.2125e-01 0.0000e+00 0.0000e+00 -2.2125e-01 -3.9709e+00 
151.0 4.7968e+00 -5.1826e-01 0.0000e+00 0.0000e+00 -5.1826e-01 4.4585e+00 0.0000e+00 0.0000e+00 0.0000e+00 0.0000e+00 -4.2391e+00 2.1168e-01 0.0000e+00 0.0000e+00 -2.1168e-01 -4.0046e+00 
152.0 4.8120e+00 -4.7305e-01 0.0000e+00 0.0000e+00 -4.7305e-01 4.4769e+00 0.0000e+00 0.0000e+00 0.0000e+00 0.0000e+00 -4.2718e+00 2.0171e-01 0.0000e+00 0.0000e+00 -2.0171e-01 -4.0371e+00 
153.0 4.8274e+00 -4.2943e-01 0.0000e+00 0.0000e+00 -4.2943e-01 4.4954e+00 0.0000e+00 0.0000e+00 0.0000e+00 0.0000e+00 -4.3035e+00 1.9128e-01 0.0000e+00 0.0000e+00 -1.9128e-01 -4.0685e+00 
154.0 4.8431e+00 -3.8749e-01 0.0000e+00 0.0000e+00 -3.8749e-01 4.5140e+00 0.0000e+00 0.0000e+00 0.0000e+00 0.0000e+00 -4.3343e+00 1.8031e-01 0.0000e+00 0.0000e+00 -1.8031e-01 -4.0987e+00 
155.0 4.8590e+00 -3.4735e-01 0.0000e+00 0.0000e+00 -3.4735e-01 4.5323e+00 0.0000e+00 0.0000e+00 0.0000e+00 0.0000e+00 -4.3642e+00 1.6873e-01 0.0000e+00 0.0000e+00 -1.6873e-01 -4.1279e+00 
156.0 4.8749e+00 -3.0913e-01 0.0000e+00 0.0000e+00 -3.0913e-01 4.5504e+00 0.0000e+00 0.0000e+00 0.0000e+00 0.0000e+00 -4.3934e+00 1.5646e-01 0.0000e+00 0.0000e+00 -1.5646e-01 -4.1559e+00 
157.0 4.8908e+00 -2.7297e-01 0.0000e+00 0.0000e+00 -2.7297e-01 4.5680e+00 0.0000e+00 0.0000e+00 0.0000e+00 0.0000e+00 -4.4219e+00 1.4341e-01 0.0000e+00 0.0000e+00 -1.4341e-01 -4.1828e+00 
158.0 4.9066e+00 -2.3903e-01 0.0000e+00 0.0000e+00 -2.3903e-01 4.5849e+00 0.0000e+00 0.0000e+00 0.0000e+00 0.0000e+00 -4.4499e+00 1.2953e-01 0.0000e+00 0.0000e+00 -1.2953e-01 -4.2085e+00 
159.0 4.9224e+00 -2.0744e-01 0.0000e+00 0.0000e+00 -2.0744e-01 4.6011e+00 0.0000e+00 0.0000e+00 0.0000e+00 0.0000e+00 -4.4773e+00 1.1480e-01 0.0000e+00 0.0000e+00 -1.1480e-01 -4.2330e+00 
160.0 4.9381e+00 -1.7832e-01 0.0000e+00 0.0000e+00 -1.7832e-01 4.6163e+00 0.0000e+00 0.0000e+00 0.0000e+00 0.0000e+00 -4.5044e+00 9.9222e-02 0.0000e+00 0.0000e+00 -9.9222e-02 -4.2561e+00 
161.0 4.9539e+00 -1.5177e-01 0.0000e+00 0.0000e+00 -1.5177e-01 4.6306e+00 0.0000e+00 0.0000e+00 0.0000e+00 0.0000e+00 -4.5312e+00 8.2887e-02 0.0000e+00 0.0000e+00 -8.2887e-02 -4.2778e+00 
162.0 4.9700e+00 -1.2785e-01 0.0000e+00 0.0000e+00 -1.2785e-01 4.6438e+00 0.0000e+00 0.0000e+00 0.0000e+00 0.0000e+00 -4.5579e+00 6.5956e-02 0.0000e+00 0.0000e+00 -6.5956e-02 -4.2978e+00 
163.0 4.9868e+00 -1.0656e-01 0.0000e+00 0.0000e+00 -1.0656e-01 4.6562e+00 0.0000e+00 0.0000e+00 0.0000e+00 0.0000e+00 -4.5845e+00 4.8680e-02 0.0000e+00 0.0000e+00 -4.8680e-02 -4.3161e+00 
164.0 5.0046e+00 -8.7889e-02 0.0000e+00 0.0000e+00 -8.7889e-02 4.6678e+00 0.0000e+00 0.0000e+00 0.0000e+00 0.0000e+00 -4.6114e+00 3.1389e-02 0.0000e+00 0.0000e+00 -3.1389e-02 -4.3325e+00 
165.0 5.0239e+00 -7.1758e-02 0.0000e+00 0.0000e+00 -7.1758e-02 4.6790e+00 0.0000e+00 0.0000e+00 0.0000e+00 0.0000e+00 -4.6385e+00 1.4493e-02 0.0000e+00 0.0000e+00 -1.4493e-02 -4.3470e+00 
166.0 5.0452e+00 -5.8059e-02 0.0000e+00 0.0000e+00 -5.8059e-02 4.6899e+00 0.0000e+00 0.0000e+00 0.0000e+00 0.0000e+00 -4.6660e+00 -1.5386e-03 0.0000e+00 0.0000e+00 1.5386e-03 -4.3592e+00 
167.0 5.0690e+00 -4.6636e-02 0.0000e+00 0.0000e+00 -4.6636e-02 4.7010e+00 0.0000e+00 0.0000e+00 0.0000e+00 0.0000e+00 -4.6940e+00 -1.6186e-02 0.0000e+00 0.0000e+00 1.6186e-02 -4.3693e+00 
168.0 5.0959e+00 -3.7293e-02 0.0000e+00 0.0000e+00 -3.7293e-02 4.7125e+00 0.0000e+00 0.0000e+00 0.0000e+00 0.0000e+00 -4.7227e+00 -2.8902e-02 0.0000e+00 0.0000e+00 2.8902e-02 -4.3771e+00 
169.0 5.1263e+00 -2.9793e-02 0.0000e+00 0.0000e+00 -2.9793e-02 4.7250e+00 0.0000e+00 0.0000e+00 0.0000e+00 0.0000e+00 -4.7519e+00 -3.9137e-02 0.0000e+00 0.0000e+00 3.9137e-02 -4.3826e+00 
170.0 5.1604e+00 -2.3856e-02 0.0000e+00 0.0000e+00 -2.3856e-02 4.7387e+00 0.0000e+00 0.0000e+00 0.0000e+00 0.0000e+00 -4.7817e+00 -4.6368e-02 0.0000e+00 0.0000e+00 4.6368e-02 -4.3858e+00 
171.0 5.1983e+00 -1.9173e-02 0.0000e+00 0.0000e+00 -1.9173e-02 4.7539e+00 0.0000e+00 0.0000e+00 0.0000e+00 0.0000e+00 -4.8118e+00 -5.0149e-02 0.0000e+00 0.0000e+00 5.0149e-02 -4.3869e+00 
172.0 5.2398e+00 -1.5411e-02 0.0000e+00 0.0000e+00 -1.5411e-02 4.7708e+00 0.0000e+00 0.0000e+00 0.0000e+00 0.0000e+00 -4.8418e+00 -5.0182e-02 0.0000e+00 0.0000e+00 5.0182e-02 -4.3861e+00 
173.0 5.2840e+00 -1.2245e-02 0.0000e+00 0.0000e+00 -1.2245e-02 4.7893e+00 0.0000e+00 0.0000e+00 0.0000e+00 0.0000e+00 -4.8712e+00 -4.6445e-02 0.0000e+00 0.0000e+00 4.6445e-02 -4.3838e+00 
174.0 5.3296e+00 -9.4052e-03 0.0000e+00 0.0000e+00 -9.4052e-03 4.8090e+00 0.0000e+00 0.0000e+00 0.0000e+00 0.0000e+00 -4.8993e+00 -3.9322e-02 0.0000e+00 0.0000e+00 3.9322e-02 -4.3804e+00 
175.0 5.3741e+00 -6.7286e-03 0.0000e+00 0.0000e+00 -6.7286e-03 4.8289e+00 0.0000e+00 0.0000e+00 0.0000e+00 0.0000e+00 -4.9249e+00 -2.9726e-02 0.0000e+00 0.0000e+00 2.9726e-02 -4.3764e+00 
176.0 5.4145e+00 -4.2171e-03 0.0000e+00 0.0000e+00 -4.2171e-03 4.8476e+00 0.0000e+00 0.0000e+00 0.0000e+00 0.0000e+00 -4.9468e+00 -1.9128e-02 0.0000e+00 0.0000e+00 1.9128e-02 -4.3724e+00 
177.0 5.4472e+00 -2.0529e-03 0.0000e+00 0.0000e+00 -2.0529e-03 4.8631e+00 0.0000e+00 0.0000e+00 0.0000e+00 0.0000e+00 -4.9637e+00 -9.4160e-03 0.0000e+00 0.0000e+00 9.4160e-03 -4.3690e+00 
178.0 5.4687e+00 -5.4659e-04 0.0000e+00 0.0000e+00 -5.4659e-04 4.8734e+00 0.0000e+00 0.0000e+00 0.0000e+00 0.0000e+00 -4.9745e+00 -2.5438e-03 0.0000e+00 0.0000e+00 2.5438e-03 -4.3667e+00 
179.0 5.4763e+00 -4.7536e-21 0.0000e+00 0.0000e+00 -4.7536e-21 4.8772e+00 0.0000e+00 0.0000e+00 0.0000e+00 0.0000e+00 -4.9783e+00 -3.7482e-20 0.0000e+00 0.0000e+00 3.7482e-20 -4.3659e+00 
180.0 5.4839e+00 0.0000e+00 0.0000e+00 0.0000e+00 0.0000e+00 4.8809e+00 0.0000e+00 0.0000e+00 0.0000e+00 0.0000e+00 -4.9819e+00 0.0000e+00 0.0000e+00 0.0000e+00 -0.0000e+00 -4.3651e+00 
