1.5946 1.6073 0.0127 0.079615
theta s11 s12 s13 s14 s21 s22 s23 s24 s31 s32 s33 s34 s41 s42 s43 s44
0.0 1.1464e+03 0.0000e+00 0.0000e+00 0.0000e+00 0.0000e+00 1.1454e+03 0.0000e+00 0.0000e+00 0.0000e+00 0.0000e+00 1.1454e+03 0.0000e+00 0.0000e+00 0.0000e+00 -0.0000e+00 1.1444e+03 
1.0 1.0062e+03 -5.5973e-02 0.0000e+00 0.0000e+00 -5.5973e-02 1.0052e+03 0.0000e+00 0.0000e+00 0.0000e+00 0.0000e+00 1.0052e+03 -4.0502e-01 0.0000e+00 0.0000e+00 4.0502e-01 1.0041e+03 
2.0 7.5835e+02 -1.2062e-01 0.0000e+00 0.0000e+00 -1.2062e-01 7.5734e+02 0.0000e+00 0.0000e+00 0.0000e+00 0.0000e+00 7.5734e+02 -1.3870e+00 0.0000e+00 0.0000e+00 1.3870e+00 7.5635e+02 
3.0 5.5397e+02 -1.2871e-01 0.0000e+00 0.0000e+00 -1.2871e-01 5.5298e+02 0.0000e+00 0.0000e+00 0.0000e+00 0.0000e+00 5.5296e+02 -2.4674e+00 0.0000e+00 0.0000e+00 2.4674e+00 5.5202e+02 
4.0 4.1126e+02 -1.1069e-01 0.0000e+00 0.0000e+00 -1.1069e-01 4.1030e+02 0.0000e+00 0.0000e+00 0.0000e+00 0.0000e+00 4.1024e+02 -3.2995e+00 0.0000e+00 0.0000e+00 3.2995e+00 4.0934e+02 
5.0 3.1481e+02 -9.6398e-02 0.0000e+00 0.0000e+00 -9.6398e-02 3.1387e+02 0.0000e+00 0.0000e+00 0.0000e+00 0.0000e+00 3.1378e+02 -3.7954e+00 0.0000e+00 0.0000e+00 3.7954e+00 3.1293e+02 
6.0 2.4896e+02 -9.6597e-02 0.0000e+00 0.0000e+00 -9.6597e-02 2.4804e+02 0.0000e+00 0.0000e+00 0.0000e+00 0.0000e+00 2.4791e+02 -4.0136e+00 0.0000e+00 0.0000e+00 4.0136e+00 2.4710e+02 
7.0 2.0289e+02 -1.1360e-01 0.0000e+00 0.0000e+00 -1.1360e-01 2.0198e+02 0.0000e+00 0.0000e+00 0.0000e+00 0.0000e+00 2.0182e+02 -4.0406e+00 0.0000e+00 0.0000e+00 4.0406e+00 2.0105e+02 
8.0 1.6970e+02 -1.4615e-01 0.0000e+00 0.0000e+00 -1.4615e-01 1.6880e+02 0.0000e+00 0.0000e+00 0.0000e+00 0.0000e+00 1.6861e+02 -3.9478e+00 0.0000e+00 0.0000e+00 3.9478e+00 1.6787e+02 
9.0 1.4511e+02 -1.9091e-01 0.0000e+00 0.0000e+00 -1.9091e-01 1.4422e+02 0.0000e+00 0.0000e+00 0.0000e+00 0.0000e+00 1.4400e+02 -3.7850e+00 0.0000e+00 0.0000e+00 3.7850e+00 1.4329e+02 
10.0 1.2642e+02 -2.4360e-01 0.0000e+00 0.0000e+00 -2.4360e-01 1.2553e+02 0.0000e+00 0.0000e+00 0.0000e+00 0.0000e+00 1.2528e+02 -3.5847e+00 0.0000e+00 0.0000e+00 3.5847e+00 1.2461e+02 
11.0 1.1188e+02 -2.9983e-01 0.0000e+00 0.0000e+00 -2.9983e-01 1.1099e+02 0.0000e+00 0.0000e+00 0.0000e+00 0.0000e+00 1.1072e+02 -3.3702e+00 0.0000e+00 0.0000e+00 3.3702e+00 1.1008e+02 
12.0 1.0032e+02 -3.5757e-01 0.0000e+00 0.0000e+00 -3.5757e-01 9.9427e+01 0.0000e+00 0.0000e+00 0.0000e+00 0.0000e+00 9.9138e+01 -3.1571e+00 0.0000e+00 0.0000e+00 3.1571e+00 9.8524e+01 
13.0 9.0935e+01 -4.1673e-01 0.0000e+00 0.0000e+00 -4.1673e-01 9.0038e+01 0.0000e+00 0.0000e+00 0.0000e+00 0.0000e+00 8.9734e+01 -2.9519e+00 0.0000e+00 0.0000e+00 2.9519e+00 8.9147e+01 
14.0 8.3172e+01 -4.7605e-01 0.0000e+00 0.0000e+00 -4.7605e-01 8.2271e+01 0.0000e+00 0.0000e+00 0.0000e+00 0.0000e+00 8.1952e+01 -2.7596e+00 0.0000e+00 0.0000e+00 2.7596e+00 8.1391e+01 
15.0 7.6646e+01 -5.3653e-01 0.0000e+00 0.0000e+00 -5.3653e-01 7.5741e+01 0.0000e+00 0.0000e+00 0.0000e+00 0.0000e+00 7.5409e+01 -2.5764e+00 0.0000e+00 0.0000e+00 2.5764e+00 7.4874e+01 
16.0 7.1079e+01 -5.9727e-01 0.0000e+00 0.0000e+00 -5.9727e-01 7.0169e+01 0.0000e+00 0.0000e+00 0.0000e+00 0.0000e+00 6.9824e+01 -2.4035e+00 0.0000e+00 0.0000e+00 2.4035e+00 6.9314e+01 
17.0 6.6271e+01 -6.5801e-01 0.0000e+00 0.0000e+00 -6.5801e-01 6.5355e+01 0.0000e+00 0.0000e+00 0.0000e+00 0.0000e+00 6.4999e+01 -2.2418e+00 0.0000e+00 0.0000e+00 2.2418e+00 6.4513e+01 
18.0 6.2072e+01 -7.1870e-01 0.0000e+00 0.0000e+00 -7.1870e-01 6.1151e+01 0.0000e+00 0.0000e+00 0.0000e+00 0.0000e+00 6.0784e+01 -2.0924e+00 0.0000e+00 0.0000e+00 2.0924e+00 6.0322e+01 
19.0 5.8365e+01 -7.7921e-01 0.0000e+00 0.0000e+00 -7.7921e-01 5.7437e+01 0.0000e+00 0.0000e+00 0.0000e+00 0.0000e+00 5.7251e+01 -1.9555e+00 0.0000e+00 0.0000e+00 1.9555e+00 5.6818e+01 
20.0 5.5056e+01 -8.3921e-01 0.0000e+00 0.0000e+00 -8.3921e-01 5.4123e+01 0.0000e+00 0.0000e+00 0.0000e+00 0.0000e+00 5.4098e+01 -1.8311e+00 0.0000e+00 0.0000e+00 1.8311e+00 5.3691e+01 
21.0 5.2075e+01 -8.9839e-01 0.0000e+00 0.0000e+00 -8.9839e-01 5.1135e+01 0.0000e+00 0.0000e+00 0.0000e+00 0.0000e+00 5.1255e+01 -1.7184e+00 0.0000e+00 0.0000e+00 1.7184e+00 5.0871e+01 
22.0 4.9365e+01 -9.5674e-01 0.0000e+00 0.0000e+00 -9.5674e-01 4.8421e+01 0.0000e+00 0.0000e+00 0.0000e+00 0.0000e+00 4.8671e+01 -1.6161e+00 0.0000e+00 0.0000e+00 1.6161e+00 4.8309e+01 
23.0 4.6886e+01 -1.0147e+00 0.0000e+00 0.0000e+00 -1.0147e+00 4.5937e+01 0.0000e+00 0.0000e+00 0.0000e+00 0.0000e+00 4.6306e+01 -1.5224e+00 0.0000e+00 0.0000e+00 1.5224e+00 4.5963e+01 
24.0 4.4605e+01 -1.0727e+00 0.0000e+00 0.0000e+00 -1.0727e+00 4.3652e+01 0.0000e+00 0.0000e+00 0.0000e+00 0.0000e+00 4.4128e+01 -1.4352e+00 0.0000e+00 0.0000e+00 1.4352e+00 4.3803e+01 
25.0 4.2498e+01 -1.1315e+00 0.0000e+00 0.0000e+00 -1.1315e+00 4.1542e+01 0.0000e+00 0.0000e+00 0.0000e+00 0.0000e+00 4.2116e+01 -1.3531e+00 0.0000e+00 0.0000e+00 1.3531e+00 4.1807e+01 
26.0 4.0545e+01 -1.1910e+00 0.0000e+00 0.0000e+00 -1.1910e+00 3.9585e+01 0.0000e+00 0.0000e+00 0.0000e+00 0.0000e+00 4.0248e+01 -1.2750e+00 0.0000e+00 0.0000e+00 1.2750e+00 3.9954e+01 
27.0 3.8726e+01 -1.2511e+00 0.0000e+00 0.0000e+00 -1.2511e+00 3.7764e+01 0.0000e+00 0.0000e+00 0.0000e+00 0.0000e+00 3.8509e+01 -1.2009e+00 0.0000e+00 0.0000e+00 1.2009e+00 3.8229e+01 
28.0 3.7027e+01 -1.3115e+00 0.0000e+00 0.0000e+00 -1.3115e+00 3.6062e+01 0.0000e+00 0.0000e+00 0.0000e+00 0.0000e+00 3.6882e+01 -1.1307e+00 0.0000e+00 0.0000e+00 1.1307e+00 3.6616e+01 
29.0 3.5434e+01 -1.3721e+00 0.0000e+00 0.0000e+00 -1.3721e+00 3.4466e+01 0.0000e+00 0.0000e+00 0.0000e+00 0.0000e+00 3.5355e+01 -1.0644e+00 0.0000e+00 0.0000e+00 1.0644e+00 3.5101e+01 
30.0 3.3934e+01 -1.4323e+00 0.0000e+00 0.0000e+00 -1.4323e+00 3.2964e+01 0.0000e+00 0.0000e+00 0.0000e+00 0.0000e+00 3.3917e+01 -1.0020e+00 0.0000e+00 0.0000e+00 1.0020e+00 3.3674e+01 
31.0 3.2518e+01 -1.4921e+00 0.0000e+00 0.0000e+00 -1.4921e+00 3.1547e+01 0.0000e+00 0.0000e+00 0.0000e+00 0.0000e+00 3.2410e+01 -9.4309e-01 0.0000e+00 0.0000e+00 9.4309e-01 3.2185e+01 
32.0 3.1178e+01 -1.5510e+00 0.0000e+00 0.0000e+00 -1.5510e+00 3.0205e+01 0.0000e+00 0.0000e+00 0.0000e+00 0.0000e+00 3.0985e+01 -8.8748e-01 0.0000e+00 0.0000e+00 8.8748e-01 3.0775e+01 
33.0 2.9906e+01 -1.6088e+00 0.0000e+00 0.0000e+00 -1.6088e+00 2.8932e+01 0.0000e+00 0.0000e+00 0.0000e+00 0.0000e+00 2.9633e+01 -8.3483e-01 0.0000e+00 0.0000e+00 8.3483e-01 2.9439e+01 
34.0 2.8698e+01 -1.6656e+00 0.0000e+00 0.0000e+00 -1.6656e+00 2.7723e+01 0.0000e+00 0.0000e+00 0.0000e+00 0.0000e+00 2.8349e+01 -7.8490e-01 0.0000e+00 0.0000e+00 7.8490e-01 2.8170e+01 
35.0 2.7549e+01 -1.7211e+00 0.0000e+00 0.0000e+00 -1.7211e+00 2.6573e+01 0.0000e+00 0.0000e+00 0.0000e+00 0.0000e+00 2.7127e+01 -7.3746e-01 0.0000e+00 0.0000e+00 7.3746e-01 2.6962e+01 
36.0 2.6455e+01 -1.7754e+00 0.0000e+00 0.0000e+00 -1.7754e+00 2.5479e+01 0.0000e+00 0.0000e+00 0.0000e+00 0.0000e+00 2.5962e+01 -6.9225e-01 0.0000e+00 0.0000e+00 6.9225e-01 2.5811e+01 
37.0 2.5414e+01 -1.8285e+00 0.0000e+00 0.0000e+00 -1.8285e+00 2.4438e+01 0.0000e+00 0.0000e+00 0.0000e+00 0.0000e+00 2.4852e+01 -6.4896e-01 0.0000e+00 0.0000e+00 6.4896e-01 2.4714e+01 
38.0 2.4422e+01 -1.8805e+00 0.0000e+00 0.0000e+00 -1.8805e+00 2.3447e+01 0.0000e+00 0.0000e+00 0.0000e+00 0.0000e+00 2.3792e+01 -6.0729e-01 0.0000e+00 0.0000e+00 6.0729e-01 2.3668e+01 
39.0 2.3478e+01 -1.9314e+00 0.0000e+00 0.0000e+00 -1.9314e+00 2.2504e+01 0.0000e+00 0.0000e+00 0.0000e+00 0.0000e+00 2.2781e+01 -5.6702e-01 0.0000e+00 0.0000e+00 5.6702e-01 2.2669e+01 
40.0 2.2577e+01 -1.9811e+00 0.0000e+00 0.0000e+00 -1.9811e+00 2.1605e+01 0.0000e+00 0.0000e+00 0.0000e+00 0.0000e+00 2.1816e+01 -5.2806e-01 0.0000e+00 0.0000e+00 5.2806e-01 2.1716e+01 
41.0 2.1719e+01 -2.0295e+00 0.0000e+00 0.0000e+00 -2.0295e+00 2.0748e+01 0.0000e+00 0.0000e+00 0.0000e+00 0.0000e+00 2.0893e+01 -4.9042e-01 0.0000e+00 0.0000e+00 4.9042e-01 2.0805e+01 
42.0 2.0899e+01 -2.0764e+00 0.0000e+00 0.0000e+00 -2.0764e+00 1.9931e+01 0.0000e+00 0.0000e+00 0.0000e+00 0.0000e+00 2.0011e+01 -4.5405e-01 0.0000e+00 0.0000e+00 4.5405e-01 1.9934e+01 
43.0 2.0116e+01 -2.1217e+00 0.0000e+00 0.0000e+00 -2.1217e+00 1.9150e+01 0.0000e+00 0.0000e+00 0.0000e+00 0.0000e+00 1.9167e+01 -4.1883e-01 0.0000e+00 0.0000e+00 4.1883e-01 1.9101e+01 
44.0 1.9367e+01 -2.1652e+00 0.0000e+00 0.0000e+00 -2.1652e+00 1.8404e+01 0.0000e+00 0.0000e+00 0.0000e+00 0.0000e+00 1.8359e+01 -3.8466e-01 0.0000e+00 0.0000e+00 3.8466e-01 1.8303e+01 
45.0 1.8651e+01 -2.2071e+00 0.0000e+00 0.0000e+00 -2.2071e+00 1.7691e+01 0.0000e+00 0.0000e+00 0.0000e+00 0.0000e+00 1.7585e+01 -3.5137e-01 0.0000e+00 0.0000e+00 3.5137e-01 1.7538e+01 
46.0 1.7966e+01 -2.2472e+00 0.0000e+00 0.0000e+00 -2.2472e+00 1.7010e+01 0.0000e+00 0.0000e+00 0.0000e+00 0.0000e+00 1.6843e+01 -3.1884e-01 0.0000e+00 0.0000e+00 3.1884e-01 1.6806e+01 
47.0 1.7310e+01 -2.2855e+00 0.0000e+00 0.0000e+00 -2.2855e+00 1.6357e+01 0.0000e+00 0.0000e+00 0.0000e+00 0.0000e+00 1.6132e+01 -2.8697e-01 0.0000e+00 0.0000e+00 2.8697e-01 1.6103e+01 
48.0 1.6683e+01 -2.3219e+00 0.0000e+00 0.0000e+00 -2.3219e+00 1.5734e+01 0.0000e+00 0.0000e+00 0.0000e+00 0.0000e+00 1.5450e+01 -2.5574e-01 0.0000e+00 0.0000e+00 2.5574e-01 1.5430e+01 
49.0 1.6083e+01 -2.3565e+00 0.0000e+00 0.0000e+00 -2.3565e+00 1.5137e+01 0.0000e+00 0.0000e+00 0.0000e+00 0.0000e+00 1.4795e+01 -2.2509e-01 0.0000e+00 0.0000e+00 2.2509e-01 1.4784e+01 
50.0 1.5508e+01 -2.3892e+00 0.0000e+00 0.0000e+00 -2.3892e+00 1.4567e+01 0.0000e+00 0.0000e+00 0.0000e+00 0.0000e+00 1.4167e+01 -1.9497e-01 0.0000e+00 0.0000e+00 1.9497e-01 1.4165e+01 
51.0 1.4958e+01 -2.4201e+00 0.0000e+00 0.0000e+00 -2.4201e+00 1.4021e+01 0.0000e+00 0.0000e+00 0.0000e+00 0.0000e+00 1.3565e+01 -1.6527e-01 0.0000e+00 0.0000e+00 1.6527e-01 1.3570e+01 
52.0 1.4432e+01 -2.4490e+00 0.0000e+00 0.0000e+00 -2.4490e+00 1.3499e+01 0.0000e+00 0.0000e+00 0.0000e+00 0.0000e+00 1.2986e+01 -1.3591e-01 0.0000e+00 0.0000e+00 1.3591e-01 1.2999e+01 
53.0 1.3929e+01 -2.4762e+00 0.0000e+00 0.0000e+00 -2.4762e+00 1.3000e+01 0.0000e+00 0.0000e+00 0.0000e+00 0.0000e+00 1.2431e+01 -1.0685e-01 0.0000e+00 0.0000e+00 1.0685e-01 1.2452e+01 
54.0 1.3448e+01 -2.5015e+00 0.0000e+00 0.0000e+00 -2.5015e+00 1.2523e+01 0.0000e+00 0.0000e+00 0.0000e+00 0.0000e+00 1.1898e+01 -7.8108e-02 0.0000e+00 0.0000e+00 7.8108e-02 1.1926e+01 
55.0 1.2988e+01 -2.5251e+00 0.0000e+00 0.0000e+00 -2.5251e+00 1.2067e+01 0.0000e+00 0.0000e+00 0.0000e+00 0.0000e+00 1.1386e+01 -4.9690e-02 0.0000e+00 0.0000e+00 4.9690e-02 1.1422e+01 
56.0 1.2549e+01 -2.5469e+00 0.0000e+00 0.0000e+00 -2.5469e+00 1.1632e+01 0.0000e+00 0.0000e+00 0.0000e+00 0.0000e+00 1.0895e+01 -2.1640e-02 0.0000e+00 0.0000e+00 2.1640e-02 1.0938e+01 
57.0 1.2129e+01 -2.5670e+00 0.0000e+00 0.0000e+00 -2.5670e+00 1.1216e+01 0.0000e+00 0.0000e+00 0.0000e+00 0.0000e+00 1.0423e+01 5.9942e-03 0.0000e+00 0.0000e+00 -5.9942e-03 1.0473e+01 
58.0 1.1727e+01 -2.5852e+00 0.0000e+00 0.0000e+00 -2.5852e+00 1.0818e+01 0.0000e+00 0.0000e+00 0.0000e+00 0.0000e+00 9.9695e+00 3.3159e-02 0.0000e+00 0.0000e+00 -3.3159e-02 1.0027e+01 
59.0 1.1342e+01 -2.6017e+00 0.0000e+00 0.0000e+00 -2.6017e+00 1.0438e+01 0.0000e+00 0.0000e+00 0.0000e+00 0.0000e+00 9.5338e+00 5.9837e-02 0.0000e+00 0.0000e+00 -5.9837e-02 9.5977e+00 
60.0 1.0974e+01 -2.6164e+00 0.0000e+00 0.0000e+00 -2.6164e+00 1.0074e+01 0.0000e+00 0.0000e+00 0.0000e+00 0.0000e+00 9.1148e+00 8.6051e-02 0.0000e+00 0.0000e+00 -8.6051e-02 9.1856e+00 
61.0 1.0622e+01 -2.6294e+00 0.0000e+00 0.0000e+00 -2.6294e+00 9.7263e+00 0.0000e+00 0.0000e+00 0.0000e+00 0.0000e+00 8.7119e+00 1.1179e-01 0.0000e+00 0.0000e+00 -1.1179e-01 8.7894e+00 
62.0 1.0285e+01 -2.6407e+00 0.0000e+00 0.0000e+00 -2.6407e+00 9.3933e+00 0.0000e+00 0.0000e+00 0.0000e+00 0.0000e+00 8.3242e+00 1.3703e-01 0.0000e+00 0.0000e+00 -1.3703e-01 8.4084e+00 
63.0 9.9623e+00 -2.6503e+00 0.0000e+00 0.0000e+00 -2.6503e+00 9.0747e+00 0.0000e+00 0.0000e+00 0.0000e+00 0.0000e+00 7.9512e+00 1.6174e-01 0.0000e+00 0.0000e+00 -1.6174e-01 8.0420e+00 
64.0 9.6535e+00 -2.6582e+00 0.0000e+00 0.0000e+00 -2.6582e+00 8.7699e+00 0.0000e+00 0.0000e+00 0.0000e+00 0.0000e+00 7.5922e+00 1.8588e-01 0.0000e+00 0.0000e+00 -1.8588e-01 7.6897e+00 
65.0 9.3581e+00 -2.6643e+00 0.0000e+00 0.0000e+00 -2.6643e+00 8.4783e+00 0.0000e+00 0.0000e+00 0.0000e+00 0.0000e+00 7.2467e+00 2.0941e-01 0.0000e+00 0.0000e+00 -2.0941e-01 7.3508e+00 
66.0 9.0754e+00 -2.6689e+00 0.0000e+00 0.0000e+00 -2.6689e+00 8.1994e+00 0.0000e+00 0.0000e+00 0.0000e+00 0.0000e+00 6.9141e+00 2.3232e-01 0.0000e+00 0.0000e+00 -2.3232e-01 7.0247e+00 
67.0 8.8048e+00 -2.6717e+00 0.0000e+00 0.0000e+00 -2.6717e+00 7.9325e+00 0.0000e+00 0.0000e+00 0.0000e+00 0.0000e+00 6.5939e+00 2.5460e-01 0.0000e+00 0.0000e+00 -2.5460e-01 6.7110e+00 
68.0 8.5458e+00 -2.6729e+00 0.0000e+00 0.0000e+00 -2.6729e+00 7.6772e+00 0.0000e+00 0.0000e+00 0.0000e+00 0.0000e+00 6.2854e+00 2.7620e-01 0.0000e+00 0.0000e+00 -2.7620e-01 6.4089e+00 
69.0 8.2978e+00 -2.6725e+00 0.0000e+00 0.0000e+00 -2.6725e+00 7.4329e+00 0.0000e+00 0.0000e+00 0.0000e+00 0.0000e+00 5.9882e+00 2.9707e-01 0.0000e+00 0.0000e+00 -2.9707e-01 6.1181e+00 
70.0 8.0603e+00 -2.6704e+00 0.0000e+00 0.0000e+00 -2.6704e+00 7.1990e+00 0.0000e+00 0.0000e+00 0.0000e+00 0.0000e+00 5.7016e+00 3.1722e-01 0.0000e+00 0.0000e+00 -3.1722e-01 5.8379e+00 
71.0 7.8329e+00 -2.6668e+00 0.0000e+00 0.0000e+00 -2.6668e+00 6.9750e+00 0.0000e+00 0.0000e+00 0.0000e+00 0.0000e+00 5.4253e+00 3.3663e-01 0.0000e+00 0.0000e+00 -3.3663e-01 5.5679e+00 
72.0 7.6149e+00 -2.6616e+00 0.0000e+00 0.0000e+00 -2.6616e+00 6.7606e+00 0.0000e+00 0.0000e+00 0.0000e+00 0.0000e+00 5.1587e+00 3.5527e-01 0.0000e+00 0.0000e+00 -3.5527e-01 5.3076e+00 
73.0 7.4062e+00 -2.6548e+00 0.0000e+00 0.0000e+00 -2.6548e+00 6.5554e+00 0.0000e+00 0.0000e+00 0.0000e+00 0.0000e+00 4.9015e+00 3.7316e-01 0.0000e+00 0.0000e+00 -3.7316e-01 5.0567e+00 
74.0 7.2063e+00 -2.6465e+00 0.0000e+00 0.0000e+00 -2.6465e+00 6.3588e+00 0.0000e+00 0.0000e+00 0.0000e+00 0.0000e+00 4.6533e+00 3.9030e-01 0.0000e+00 0.0000e+00 -3.9030e-01 4.8147e+00 
75.0 7.0147e+00 -2.6368e+00 0.0000e+00 0.0000e+00 -2.6368e+00 6.1706e+00 0.0000e+00 0.0000e+00 0.0000e+00 0.0000e+00 4.4137e+00 4.0671e-01 0.0000e+00 0.0000e+00 -4.0671e-01 4.5813e+00 
76.0 6.8312e+00 -2.6256e+00 0.0000e+00 0.0000e+00 -2.6256e+00 5.9905e+00 0.0000e+00 0.0000e+00 0.0000e+00 0.0000e+00 4.1822e+00 4.2239e-01 0.0000e+00 0.0000e+00 -4.2239e-01 4.3562e+00 
77.0 6.6554e+00 -2.6131e+00 0.0000e+00 0.0000e+00 -2.6131e+00 5.8180e+00 0.0000e+00 0.0000e+00 0.0000e+00 0.0000e+00 3.9587e+00 4.3735e-01 0.0000e+00 0.0000e+00 -4.3735e-01 4.1388e+00 
78.0 6.4871e+00 -2.5992e+00 0.0000e+00 0.0000e+00 -2.5992e+00 5.6530e+00 0.0000e+00 0.0000e+00 0.0000e+00 0.0000e+00 3.7427e+00 4.5158e-01 0.0000e+00 0.0000e+00 -4.5158e-01 3.9291e+00 
79.0 6.3259e+00 -2.5841e+00 0.0000e+00 0.0000e+00 -2.5841e+00 5.4949e+00 0.0000e+00 0.0000e+00 0.0000e+00 0.0000e+00 3.5340e+00 4.6512e-01 0.0000e+00 0.0000e+00 -4.6512e-01 3.7266e+00 
80.0 6.1716e+00 -2.5677e+00 0.0000e+00 0.0000e+00 -2.5677e+00 5.3437e+00 0.0000e+00 0.0000e+00 0.0000e+00 0.0000e+00 3.3322e+00 4.7796e-01 0.0000e+00 0.0000e+00 -4.7796e-01 3.5310e+00 
81.0 6.0238e+00 -2.5500e+00 0.0000e+00 0.0000e+00 -2.5500e+00 5.1990e+00 0.0000e+00 0.0000e+00 0.0000e+00 0.0000e+00 3.1371e+00 4.9012e-01 0.0000e+00 0.0000e+00 -4.9012e-01 3.3422e+00 
82.0 5.8824e+00 -2.5312e+00 0.0000e+00 0.0000e+00 -2.5312e+00 5.0606e+00 0.0000e+00 0.0000e+00 0.0000e+00 0.0000e+00 2.9484e+00 5.0162e-01 0.0000e+00 0.0000e+00 -5.0162e-01 3.1598e+00 
83.0 5.7472e+00 -2.5112e+00 0.0000e+00 0.0000e+00 -2.5112e+00 4.9282e+00 0.0000e+00 0.0000e+00 0.0000e+00 0.0000e+00 2.7659e+00 5.1247e-01 0.0000e+00 0.0000e+00 -5.1247e-01 2.9837e+00 
84.0 5.6178e+00 -2.4900e+00 0.0000e+00 0.0000e+00 -2.4900e+00 4.8015e+00 0.0000e+00 0.0000e+00 0.0000e+00 0.0000e+00 2.5894e+00 5.2269e-01 0.0000e+00 0.0000e+00 -5.2269e-01 2.8135e+00 
85.0 5.4940e+00 -2.4678e+00 0.0000e+00 0.0000e+00 -2.4678e+00 4.6804e+00 0.0000e+00 0.0000e+00 0.0000e+00 0.0000e+00 2.4185e+00 5.3233e-01 0.0000e+00 0.0000e+00 -5.3233e-01 2.6490e+00 
86.0 5.3757e+00 -2.4446e+00 0.0000e+00 0.0000e+00 -2.4446e+00 4.5646e+00 0.0000e+00 0.0000e+00 0.0000e+00 0.0000e+00 2.2530e+00 5.4139e-01 0.0000e+00 0.0000e+00 -5.4139e-01 2.4900e+00 
87.0 5.2627e+00 -2.4204e+00 0.0000e+00 0.0000e+00 -2.4204e+00 4.4540e+00 0.0000e+00 0.0000e+00 0.0000e+00 0.0000e+00 2.0929e+00 5.4992e-01 0.0000e+00 0.0000e+00 -5.4992e-01 2.3363e+00 
88.0 5.1547e+00 -2.3953e+00 0.0000e+00 0.0000e+00 -2.3953e+00 4.3484e+00 0.0000e+00 0.0000e+00 0.0000e+00 0.0000e+00 1.9379e+00 5.5792e-01 0.0000e+00 0.0000e+00 -5.5792e-01 2.1878e+00 
89.0 5.0515e+00 -2.3693e+00 0.0000e+00 0.0000e+00 -2.3693e+00 4.2475e+00 0.0000e+00 0.0000e+00 0.0000e+00 0.0000e+00 1.7878e+00 5.6539e-01 0.0000e+00 0.0000e+00 -5.6539e-01 2.0441e+00 
90.0 4.9530e+00 -2.3426e+00 0.0000e+00 0.0000e+00 -2.3426e+00 4.1512e+00 0.0000e+00 0.0000e+00 0.0000e+00 0.0000e+00 1.6425e+00 5.7231e-01 0.0000e+00 0.0000e+00 -5.7231e-01 1.9052e+00 
91.0 4.8590e+00 -2.3150e+00 0.0000e+00 0.0000e+00 -2.3150e+00 4.0593e+00 0.0000e+00 0.0000e+00 0.0000e+00 0.0000e+00 1.5017e+00 5.7867e-01 0.0000e+00 0.0000e+00 -5.7867e-01 1.7709e+00 
92.0 4.7692e+00 -2.2866e+00 0.0000e+00 0.0000e+00 -2.2866e+00 3.9716e+00 0.0000e+00 0.0000e+00 0.0000e+00 0.0000e+00 1.3654e+00 5.8449e-01 0.0000e+00 0.0000e+00 -5.8449e-01 1.6408e+00 
93.0 4.6835e+00 -2.2575e+00 0.0000e+00 0.0000e+00 -2.2575e+00 3.8880e+00 0.0000e+00 0.0000e+00 0.0000e+00 0.0000e+00 1.2333e+00 5.8976e-01 0.0000e+00 0.0000e+00 -5.8976e-01 1.5150e+00 
94.0 4.6017e+00 -2.2277e+00 0.0000e+00 0.0000e+00 -2.2277e+00 3.8082e+00 0.0000e+00 0.0000e+00 0.0000e+00 0.0000e+00 1.1054e+00 5.9447e-01 0.0000e+00 0.0000e+00 -5.9447e-01 1.3931e+00 
95.0 4.5238e+00 -2.1972e+00 0.0000e+00 0.0000e+00 -2.1972e+00 3.7323e+00 0.0000e+00 0.0000e+00 0.0000e+00 0.0000e+00 9.8141e-01 5.9864e-01 0.0000e+00 0.0000e+00 -5.9864e-01 1.2750e+00 
96.0 4.4495e+00 -2.1660e+00 0.0000e+00 0.0000e+00 -2.1660e+00 3.6601e+00 0.0000e+00 0.0000e+00 0.0000e+00 0.0000e+00 8.6126e-01 6.0228e-01 0.0000e+00 0.0000e+00 -6.0228e-01 1.1607e+00 
97.0 4.3787e+00 -2.1342e+00 0.0000e+00 0.0000e+00 -2.1342e+00 3.5915e+00 0.0000e+00 0.0000e+00 0.0000e+00 0.0000e+00 7.4483e-01 6.0541e-01 0.0000e+00 0.0000e+00 -6.0541e-01 1.0499e+00 
98.0 4.3114e+00 -2.1017e+00 0.0000e+00 0.0000e+00 -2.1017e+00 3.5263e+00 0.0000e+00 0.0000e+00 0.0000e+00 0.0000e+00 6.3200e-01 6.0805e-01 0.0000e+00 0.0000e+00 -6.0805e-01 9.4250e-01 
99.0 4.2474e+00 -2.0686e+00 0.0000e+00 0.0000e+00 -2.0686e+00 3.4645e+00 0.0000e+00 0.0000e+00 0.0000e+00 0.0000e+00 5.2267e-01 6.1024e-01 0.0000e+00 0.0000e+00 -6.1024e-01 8.3843e-01 
100.0 4.1866e+00 -2.0350e+00 0.0000e+00 0.0000e+00 -2.0350e+00 3.4060e+00 0.0000e+00 0.0000e+00 0.0000e+00 0.0000e+00 4.1670e-01 6.1197e-01 0.0000e+00 0.0000e+00 -6.1197e-01 7.3754e-01 
101.0 4.1288e+00 -2.0007e+00 0.0000e+00 0.0000e+00 -2.0007e+00 3.3505e+00 0.0000e+00 0.0000e+00 0.0000e+00 0.0000e+00 3.1400e-01 6.1325e-01 0.0000e+00 0.0000e+00 -6.1325e-01 6.3969e-01 
102.0 4.0740e+00 -1.9660e+00 0.0000e+00 0.0000e+00 -1.9660e+00 3.2981e+00 0.0000e+00 0.0000e+00 0.0000e+00 0.0000e+00 2.1442e-01 6.1406e-01 0.0000e+00 0.0000e+00 -6.1406e-01 5.4477e-01 
103.0 4.0220e+00 -1.9308e+00 0.0000e+00 0.0000e+00 -1.9308e+00 3.2486e+00 0.0000e+00 0.0000e+00 0.0000e+00 0.0000e+00 1.1784e-01 6.1440e-01 0.0000e+00 0.0000e+00 -6.1440e-01 4.5266e-01 
104.0 3.9727e+00 -1.8951e+00 0.0000e+00 0.0000e+00 -1.8951e+00 3.2018e+00 0.0000e+00 0.0000e+00 0.0000e+00 0.0000e+00 2.4141e-02 6.1427e-01 0.0000e+00 0.0000e+00 -6.1427e-01 3.6323e-01 
105.0 3.9260e+00 -1.8590e+00 0.0000e+00 0.0000e+00 -1.8590e+00 3.1578e+00 0.0000e+00 0.0000e+00 0.0000e+00 0.0000e+00 -6.6789e-02 6.1367e-01 0.0000e+00 0.0000e+00 -6.1367e-01 2.7639e-01 
106.0 3.8818e+00 -1.8225e+00 0.0000e+00 0.0000e+00 -1.8225e+00 3.1163e+00 0.0000e+00 0.0000e+00 0.0000e+00 0.0000e+00 -1.5506e-01 6.1261e-01 0.0000e+00 0.0000e+00 -6.1261e-01 1.9203e-01 
107.0 3.8401e+00 -1.7856e+00 0.0000e+00 0.0000e+00 -1.7856e+00 3.0772e+00 0.0000e+00 0.0000e+00 0.0000e+00 0.0000e+00 -2.4079e-01 6.1109e-01 0.0000e+00 0.0000e+00 -6.1109e-01 1.1004e-01 
108.0 3.8007e+00 -1.7483e+00 0.0000e+00 0.0000e+00 -1.7483e+00 3.0406e+00 0.0000e+00 0.0000e+00 0.0000e+00 0.0000e+00 -3.2407e-01 6.0913e-01 0.0000e+00 0.0000e+00 -6.0913e-01 3.0322e-02 
109.0 3.7635e+00 -1.7106e+00 0.0000e+00 0.0000e+00 -1.7106e+00 3.0062e+00 0.0000e+00 0.0000e+00 0.0000e+00 0.0000e+00 -4.0500e-01 6.0676e-01 0.0000e+00 0.0000e+00 -6.0676e-01 -4.7223e-02 
110.0 3.7285e+00 -1.6726e+00 0.0000e+00 0.0000e+00 -1.6726e+00 2.9740e+00 0.0000e+00 0.0000e+00 0.0000e+00 0.0000e+00 -4.8365e-01 6.0402e-01 0.0000e+00 0.0000e+00 -6.0402e-01 -1.2268e-01 
111.0 3.6955e+00 -1.6343e+00 0.0000e+00 0.0000e+00 -1.6343e+00 2.9439e+00 0.0000e+00 0.0000e+00 0.0000e+00 0.0000e+00 -5.6010e-01 6.0094e-01 0.0000e+00 0.0000e+00 -6.0094e-01 -1.9611e-01 
112.0 3.6646e+00 -1.5957e+00 0.0000e+00 0.0000e+00 -1.5957e+00 2.9160e+00 0.0000e+00 0.0000e+00 0.0000e+00 0.0000e+00 -6.3440e-01 5.9755e-01 0.0000e+00 0.0000e+00 -5.9755e-01 -2.6758e-01 
113.0 3.6357e+00 -1.5569e+00 0.0000e+00 0.0000e+00 -1.5569e+00 2.8900e+00 0.0000e+00 0.0000e+00 0.0000e+00 0.0000e+00 -7.0663e-01 5.9386e-01 0.0000e+00 0.0000e+00 -5.9386e-01 -3.3715e-01 
114.0 3.6086e+00 -1.5178e+00 0.0000e+00 0.0000e+00 -1.5178e+00 2.8660e+00 0.0000e+00 0.0000e+00 0.0000e+00 0.0000e+00 -7.7685e-01 5.8988e-01 0.0000e+00 0.0000e+00 -5.8988e-01 -4.0488e-01 
115.0 3.5834e+00 -1.4786e+00 0.0000e+00 0.0000e+00 -1.4786e+00 2.8439e+00 0.0000e+00 0.0000e+00 0.0000e+00 0.0000e+00 -8.4514e-01 5.8565e-01 0.0000e+00 0.0000e+00 -5.8565e-01 -4.7084e-01 
116.0 3.5600e+00 -1.4392e+00 0.0000e+00 0.0000e+00 -1.4392e+00 2.8236e+00 0.0000e+00 0.0000e+00 0.0000e+00 0.0000e+00 -9.1155e-01 5.8118e-01 0.0000e+00 0.0000e+00 -5.8118e-01 -5.3508e-01 
117.0 3.5383e+00 -1.3997e+00 0.0000e+00 0.0000e+00 -1.3997e+00 2.8052e+00 0.0000e+00 0.0000e+00 0.0000e+00 0.0000e+00 -9.7610e-01 5.7649e-01 0.0000e+00 0.0000e+00 -5.7649e-01 -5.9764e-01 
118.0 3.5184e+00 -1.3602e+00 0.0000e+00 0.0000e+00 -1.3602e+00 2.7884e+00 0.0000e+00 0.0000e+00 0.0000e+00 0.0000e+00 -1.0389e+00 5.7159e-01 0.0000e+00 0.0000e+00 -5.7159e-01 -6.5858e-01 
119.0 3.5000e+00 -1.3205e+00 0.0000e+00 0.0000e+00 -1.3205e+00 2.7734e+00 0.0000e+00 0.0000e+00 0.0000e+00 0.0000e+00 -1.0999e+00 5.6647e-01 0.0000e+00 0.0000e+00 -5.6647e-01 -7.1794e-01 
120.0 3.4833e+00 -1.2809e+00 0.0000e+00 0.0000e+00 -1.2809e+00 2.7599e+00 0.0000e+00 0.0000e+00 0.0000e+00 0.0000e+00 -1.1593e+00 5.6109e-01 0.0000e+00 0.0000e+00 -5.6109e-01 -7.7578e-01 
121.0 3.4680e+00 -1.2413e+00 0.0000e+00 0.0000e+00 -1.2413e+00 2.7478e+00 0.0000e+00 0.0000e+00 0.0000e+00 0.0000e+00 -1.2170e+00 5.5541e-01 0.0000e+00 0.0000e+00 -5.5541e-01 -8.3211e-01 
122.0 3.4541e+00 -1.2018e+00 0.0000e+00 0.0000e+00 -1.2018e+00 2.7372e+00 0.0000e+00 0.0000e+00 0.0000e+00 0.0000e+00 -1.2732e+00 5.4938e-01 0.0000e+00 0.0000e+00 -5.4938e-01 -8.8697e-01 
123.0 3.4415e+00 -1.1623e+00 0.0000e+00 0.0000e+00 -1.1623e+00 2.7278e+00 0.0000e+00 0.0000e+00 0.0000e+00 0.0000e+00 -1.3279e+00 5.4299e-01 0.0000e+00 0.0000e+00 -5.4299e-01 -9.4042e-01 
124.0 3.4302e+00 -1.1228e+00 0.0000e+00 0.0000e+00 -1.1228e+00 2.7197e+00 0.0000e+00 0.0000e+00 0.0000e+00 0.0000e+00 -1.3812e+00 5.3625e-01 0.0000e+00 0.0000e+00 -5.3625e-01 -9.9250e-01 
125.0 3.4202e+00 -1.0834e+00 0.0000e+00 0.0000e+00 -1.0834e+00 2.7128e+00 0.0000e+00 0.0000e+00 0.0000e+00 0.0000e+00 -1.4331e+00 5.2917e-01 0.0000e+00 0.0000e+00 -5.2917e-01 -1.0433e+00 
126.0 3.4113e+00 -1.0440e+00 0.0000e+00 0.0000e+00 -1.0440e+00 2.7070e+00 0.0000e+00 0.0000e+00 0.0000e+00 0.0000e+00 -1.4837e+00 5.2177e-01 0.0000e+00 0.0000e+00 -5.2177e-01 -1.0929e+00 
127.0 3.4035e+00 -1.0048e+00 0.0000e+00 0.0000e+00 -1.0048e+00 2.7022e+00 0.0000e+00 0.0000e+00 0.0000e+00 0.0000e+00 -1.5331e+00 5.1406e-01 0.0000e+00 0.0000e+00 -5.1406e-01 -1.1413e+00 
128.0 3.3969e+00 -9.6574e-01 0.0000e+00 0.0000e+00 -9.6574e-01 2.6984e+00 0.0000e+00 0.0000e+00 0.0000e+00 0.0000e+00 -1.5813e+00 5.0605e-01 0.0000e+00 0.0000e+00 -5.0605e-01 -1.1886e+00 
129.0 3.3913e+00 -9.2697e-01 0.0000e+00 0.0000e+00 -9.2697e-01 2.6956e+00 0.0000e+00 0.0000e+00 0.0000e+00 0.0000e+00 -1.6283e+00 4.9775e-01 0.0000e+00 0.0000e+00 -4.9775e-01 -1.2347e+00 
130.0 3.3867e+00 -8.8849e-01 0.0000e+00 0.0000e+00 -8.8849e-01 2.6938e+00 0.0000e+00 0.0000e+00 0.0000e+00 0.0000e+00 -1.6743e+00 4.8914e-01 0.0000e+00 0.0000e+00 -4.8914e-01 -1.2798e+00 
131.0 3.3831e+00 -8.5033e-01 0.0000e+00 0.0000e+00 -8.5033e-01 2.6929e+00 0.0000e+00 0.0000e+00 0.0000e+00 0.0000e+00 -1.7191e+00 4.8024e-01 0.0000e+00 0.0000e+00 -4.8024e-01 -1.3238e+00 
132.0 3.3805e+00 -8.1250e-01 0.0000e+00 0.0000e+00 -8.1250e-01 2.6930e+00 0.0000e+00 0.0000e+00 0.0000e+00 0.0000e+00 -1.7628e+00 4.7106e-01 0.0000e+00 0.0000e+00 -4.7106e-01 -1.3667e+00 
133.0 3.3790e+00 -7.7500e-01 0.0000e+00 0.0000e+00 -7.7500e-01 2.6941e+00 0.0000e+00 0.0000e+00 0.0000e+00 0.0000e+00 -1.8054e+00 4.6162e-01 0.0000e+00 0.0000e+00 -4.6162e-01 -1.4086e+00 
134.0 3.3786e+00 -7.3786e-01 0.0000e+00 0.0000e+00 -7.3786e-01 2.6962e+00 0.0000e+00 0.0000e+00 0.0000e+00 0.0000e+00 -1.8470e+00 4.5196e-01 0.0000e+00 0.0000e+00 -4.5196e-01 -1.4496e+00 
135.0 3.3791e+00 -7.0112e-01 0.0000e+00 0.0000e+00 -7.0112e-01 2.6992e+00 0.0000e+00 0.0000e+00 0.0000e+00 0.0000e+00 -1.8875e+00 4.4207e-01 0.0000e+00 0.0000e+00 -4.4207e-01 -1.4896e+00 
136.0 3.3806e+00 -6.6478e-01 0.0000e+00 0.0000e+00 -6.6478e-01 2.7032e+00 0.0000e+00 0.0000e+00 0.0000e+00 0.0000e+00 -1.9271e+00 4.3194e-01 0.0000e+00 0.0000e+00 -4.3194e-01 -1.5287e+00 
137.0 3.3829e+00 -6.2888e-01 0.0000e+00 0.0000e+00 -6.2888e-01 2.7081e+00 0.0000e+00 0.0000e+00 0.0000e+00 0.0000e+00 -1.9656e+00 4.2157e-01 0.0000e+00 0.0000e+00 -4.2157e-01 -1.5670e+00 
138.0 3.3862e+00 -5.9342e-01 0.0000e+00 0.0000e+00 -5.9342e-01 2.7139e+00 0.0000e+00 0.0000e+00 0.0000e+00 0.0000e+00 -2.0032e+00 4.1094e-01 0.0000e+00 0.0000e+00 -4.1094e-01 -1.6045e+00 
139.0 3.3902e+00 -5.5842e-01 0.0000e+00 0.0000e+00 -5.5842e-01 2.7206e+00 0.0000e+00 0.0000e+00 0.0000e+00 0.0000e+00 -2.0399e+00 4.0008e-01 0.0000e+00 0.0000e+00 -4.0008e-01 -1.6413e+00 
140.0 3.3952e+00 -5.2382e-01 0.0000e+00 0.0000e+00 -5.2382e-01 2.7282e+00 0.0000e+00 0.0000e+00 0.0000e+00 0.0000e+00 -2.0755e+00 3.8903e-01 0.0000e+00 0.0000e+00 -3.8903e-01 -1.6773e+00 
141.0 3.4010e+00 -4.8961e-01 0.0000e+00 0.0000e+00 -4.8961e-01 2.7368e+00 0.0000e+00 0.0000e+00 0.0000e+00 0.0000e+00 -2.1103e+00 3.7788e-01 0.0000e+00 0.0000e+00 -3.7788e-01 -1.7125e+00 
142.0 3.4079e+00 -4.5581e-01 0.0000e+00 0.0000e+00 -4.5581e-01 2.7464e+00 0.0000e+00 0.0000e+00 0.0000e+00 0.0000e+00 -2.1443e+00 3.6669e-01 0.0000e+00 0.0000e+00 -3.6669e-01 -1.7471e+00 
143.0 3.4159e+00 -4.2247e-01 0.0000e+00 0.0000e+00 -4.2247e-01 2.7571e+00 0.0000e+00 0.0000e+00 0.0000e+00 0.0000e+00 -2.1774e+00 3.5548e-01 0.0000e+00 0.0000e+00 -3.5548e-01 -1.7809e+00 
144.0 3.4250e+00 -3.8967e-01 0.0000e+00 0.0000e+00 -3.8967e-01 2.7688e+00 0.0000e+00 0.0000e+00 0.0000e+00 0.0000e+00 -2.2099e+00 3.4422e-01 0.0000e+00 0.0000e+00 -3.4422e-01 -1.8140e+00 
145.0 3.4351e+00 -3.5747e-01 0.0000e+00 0.0000e+00 -3.5747e-01 2.7813e+00 0.0000e+00 0.0000e+00 0.0000e+00 0.0000e+00 -2.2417e+00 3.3280e-01 0.0000e+00 0.0000e+00 -3.3280e-01 -1.8465e+00 
146.0 3.4462e+00 -3.2590e-01 0.0000e+00 0.0000e+00 -3.2590e-01 2.7946e+00 0.0000e+00 0.0000e+00 0.0000e+00 0.0000e+00 -2.2730e+00 3.2113e-01 0.0000e+00 0.0000e+00 -3.2113e-01 -1.8784e+00 
147.0 3.4584e+00 -2.9495e-01 0.0000e+00 0.0000e+00 -2.9495e-01 2.8086e+00 0.0000e+00 0.0000e+00 0.0000e+00 0.0000e+00 -2.3038e+00 3.0914e-01 0.0000e+00 0.0000e+00 -3.0914e-01 -1.9096e+00 
148.0 3.4717e+00 -2.6462e-01 0.0000e+00 0.0000e+00 -2.6462e-01 2.8235e+00 0.0000e+00 0.0000e+00 0.0000e+00 0.0000e+00 -2.3343e+00 2.9683e-01 0.0000e+00 0.0000e+00 -2.9683e-01 -1.9403e+00 
149.0 3.4862e+00 -2.3490e-01 0.0000e+00 0.0000e+00 -2.3490e-01 2.8393e+00 0.0000e+00 0.0000e+00 0.0000e+00 0.0000e+00 -2.3645e+00 2.8426e-01 0.0000e+00 0.0000e+00 -2.8426e-01 -1.9704e+00 
150.0 3.5021e+00 -2.0587e-01 0.0000e+00 0.0000e+00 -2.0587e-01 2.8561e+00 0.0000e+00 0.0000e+00 0.0000e+00 0.0000e+00 -2.3946e+00 2.7148e-01 0.0000e+00 0.0000e+00 -2.7148e-01 -2.0000e+00 
151.0 3.5195e+00 -1.7766e-01 0.0000e+00 0.0000e+00 -1.7766e-01 2.8739e+00 0.0000e+00 0.0000e+00 0.0000e+00 0.0000e+00 -2.4246e+00 2.5847e-01 0.0000e+00 0.0000e+00 -2.5847e-01 -2.0293e+00 
152.0 3.5381e+00 -1.5050e-01 0.0000e+00 0.0000e+00 -1.5050e-01 2.8925e+00 0.0000e+00 0.0000e+00 0.0000e+00 0.0000e+00 -2.4547e+00 2.4499e-01 0.0000e+00 0.0000e+00 -2.4499e-01 -2.0581e+00 
153.0 3.5576e+00 -1.2462e-01 0.0000e+00 0.0000e+00 -1.2462e-01 2.9114e+00 0.0000e+00 0.0000e+00 0.0000e+00 0.0000e+00 -2.4851e+00 2.3072e-01 0.0000e+00 0.0000e+00 -2.3072e-01 -2.0867e+00 
154.0 3.5779e+00 -1.0017e-01 0.0000e+00 0.0000e+00 -1.0017e-01 2.9304e+00 0.0000e+00 0.0000e+00 0.0000e+00 0.0000e+00 -2.5159e+00 2.1534e-01 0.0000e+00 0.0000e+00 -2.1534e-01 -2.1151e+00 
155.0 3.5991e+00 -7.7264e-02 0.0000e+00 0.0000e+00 -7.7264e-02 2.9495e+00 0.0000e+00 0.0000e+00 0.0000e+00 0.0000e+00 -2.5472e+00 1.9876e-01 0.0000e+00 0.0000e+00 -1.9876e-01 -2.1431e+00 
156.0 3.6213e+00 -5.5993e-02 0.0000e+00 0.0000e+00 -5.5993e-02 2.9689e+00 0.0000e+00 0.0000e+00 0.0000e+00 0.0000e+00 -2.5791e+00 1.8109e-01 0.0000e+00 0.0000e+00 -1.8109e-01 -2.1709e+00 
157.0 3.6448e+00 -3.6506e-02 0.0000e+00 0.0000e+00 -3.6506e-02 2.9889e+00 0.0000e+00 0.0000e+00 0.0000e+00 0.0000e+00 -2.6116e+00 1.6252e-01 0.0000e+00 0.0000e+00 -1.6252e-01 -2.1983e+00 
158.0 3.6699e+00 -1.9027e-02 0.0000e+00 0.0000e+00 -1.9027e-02 3.0096e+00 0.0000e+00 0.0000e+00 0.0000e+00 0.0000e+00 -2.6448e+00 1.4312e-01 0.0000e+00 0.0000e+00 -1.4312e-01 -2.2254e+00 
159.0 3.6964e+00 -3.7465e-03 0.0000e+00 0.0000e+00 -3.7465e-03 3.0307e+00 0.0000e+00 0.0000e+00 0.0000e+00 0.0000e+00 -2.6789e+00 1.2285e-01 0.0000e+00 0.0000e+00 -1.2285e-01 -2.2521e+00 
160.0 3.7244e+00 9.2412e-03 0.0000e+00 0.0000e+00 9.2412e-03 3.0522e+00 0.0000e+00 0.0000e+00 0.0000e+00 0.0000e+00 -2.7141e+00 1.0162e-01 0.0000e+00 0.0000e+00 -1.0162e-01 -2.2784e+00 
161.0 3.7541e+00 1.9896e-02 0.0000e+00 0.0000e+00 1.9896e-02 3.0738e+00 0.0000e+00 0.0000e+00 0.0000e+00 0.0000e+00 -2.7504e+00 7.9376e-02 0.0000e+00 0.0000e+00 -7.9376e-02 -2.3044e+00 
162.0 3.7859e+00 2.8190e-02 0.0000e+00 0.0000e+00 2.8190e-02 3.0959e+00 0.0000e+00 0.0000e+00 0.0000e+00 0.0000e+00 -2.7884e+00 5.6083e-02 0.0000e+00 0.0000e+00 -5.6083e-02 -2.3299e+00 
163.0 3.8202e+00 3.4150e-02 0.0000e+00 0.0000e+00 3.4150e-02 3.1188e+00 0.0000e+00 0.0000e+00 0.0000e+00 0.0000e+00 -2.8283e+00 3.1896e-02 0.0000e+00 0.0000e+00 -3.1896e-02 -2.3553e+00 
164.0 3.8580e+00 3.7863e-02 0.0000e+00 0.0000e+00 3.7863e-02 3.1430e+00 0.0000e+00 0.0000e+00 0.0000e+00 0.0000e+00 -2.8707e+00 7.1768e-03 0.0000e+00 0.0000e+00 -7.1768e-03 -2.3806e+00 
165.0 3.9000e+00 3.9443e-02 0.0000e+00 0.0000e+00 3.9443e-02 3.1693e+00 0.0000e+00 0.0000e+00 0.0000e+00 0.0000e+00 -2.9160e+00 -1.7525e-02 0.0000e+00 0.0000e+00 1.7525e-02 -2.4060e+00 
166.0 3.9471e+00 3.8921e-02 0.0000e+00 0.0000e+00 3.8921e-02 3.1985e+00 0.0000e+00 0.0000e+00 0.0000e+00 0.0000e+00 -2.9647e+00 -4.1735e-02 0.0000e+00 0.0000e+00 4.1735e-02 -2.4316e+00 
167.0 3.9998e+00 3.6178e-02 0.0000e+00 0.0000e+00 3.6178e-02 3.2311e+00 0.0000e+00 0.0000e+00 0.0000e+00 0.0000e+00 -3.0172e+00 -6.5350e-02 0.0000e+00 0.0000e+00 6.5350e-02 -2.4578e+00 
168.0 4.0583e+00 3.1071e-02 0.0000e+00 0.0000e+00 3.1071e-02 3.2668e+00 0.0000e+00 0.0000e+00 0.0000e+00 0.0000e+00 -3.0745e+00 -8.8532e-02 0.0000e+00 0.0000e+00 8.8532e-02 -2.4849e+00 
169.0 4.1233e+00 2.3667e-02 0.0000e+00 0.0000e+00 2.3667e-02 3.3056e+00 0.0000e+00 0.0000e+00 0.0000e+00 0.0000e+00 -3.1376e+00 -1.1122e-01 0.0000e+00 0.0000e+00 1.1122e-01 -2.5129e+00 
170.0 4.1964e+00 1.4436e-02 0.0000e+00 0.0000e+00 1.4436e-02 3.3477e+00 0.0000e+00 0.0000e+00 0.0000e+00 0.0000e+00 -3.2077e+00 -1.3247e-01 0.0000e+00 0.0000e+00 1.3247e-01 -2.5415e+00 
171.0 4.2805e+00 4.2723e-03 0.0000e+00 0.0000e+00 4.2723e-03 3.3949e+00 0.0000e+00 0.0000e+00 0.0000e+00 0.0000e+00 -3.2861e+00 -1.5018e-01 0.0000e+00 0.0000e+00 1.5018e-01 -2.5703e+00 
172.0 4.3792e+00 -5.7462e-03 0.0000e+00 0.0000e+00 -5.7462e-03 3.4488e+00 0.0000e+00 0.0000e+00 0.0000e+00 0.0000e+00 -3.3741e+00 -1.6146e-01 0.0000e+00 0.0000e+00 1.6146e-01 -2.5989e+00 
173.0 4.4952e+00 -1.4407e-02 0.0000e+00 0.0000e+00 -1.4407e-02 3.5113e+00 0.0000e+00 0.0000e+00 0.0000e+00 0.0000e+00 -3.4725e+00 -1.6326e-01 0.0000e+00 0.0000e+00 1.6326e-01 -2.6267e+00 
174.0 4.6302e+00 -2.0263e-02 0.0000e+00 0.0000e+00 -2.0263e-02 3.5839e+00 0.0000e+00 0.0000e+00 0.0000e+00 0.0000e+00 -3.5801e+00 -1.5271e-01 0.0000e+00 0.0000e+00 1.5271e-01 -2.6526e+00 
175.0 4.7822e+00 -2.2057e-02 0.0000e+00 0.0000e+00 -2.2057e-02 3.6661e+00 0.0000e+00 0.0000e+00 0.0000e+00 0.0000e+00 -3.6934e+00 -1.2861e-01 0.0000e+00 0.0000e+00 1.2861e-01 -2.6753e+00 
176.0 4.9426e+00 -1.9156e-02 0.0000e+00 0.0000e+00 -1.9156e-02 3.7538e+00 0.0000e+00 0.0000e+00 0.0000e+00 0.0000e+00 -3.8050e+00 -9.2749e-02 0.0000e+00 0.0000e+00 9.2749e-02 -2.6931e+00 
177.0 5.0941e+00 -1.2073e-02 0.0000e+00 0.0000e+00 -1.2073e-02 3.8380e+00 0.0000e+00 0.0000e+00 0.0000e+00 0.0000e+00 -3.9032e+00 -5.1211e-02 0.0000e+00 0.0000e+00 5.1211e-02 -2.7047e+00 
178.0 5.2091e+00 -3.9445e-03 0.0000e+00 0.0000e+00 -3.9445e-03 3.9030e+00 0.0000e+00 0.0000e+00 0.0000e+00 0.0000e+00 -3.9730e+00 -1.5740e-02 0.0000e+00 0.0000e+00 1.5740e-02 -2.7107e+00 
179.0 5.2559e+00 -4.9804e-20 0.0000e+00 0.0000e+00 -4.9804e-20 3.9303e+00 0.0000e+00 0.0000e+00 0.0000e+00 0.0000e+00 -4.0006e+00 -2.3586e-19 0.0000e+00 0.0000e+00 2.3586e-19 -2.7132e+00 
180.0 5.3001e+00 0.0000e+00 0.0000e+00 0.0000e+00 0.0000e+00 3.9544e+00 0.0000e+00 0.0000e+00 0.0000e+00 0.0000e+00 -4.0251e+00 0.0000e+00 0.0000e+00 0.0000e+00 -0.0000e+00 -2.7146e+00 
