0.7089 1.1200 0.4111 0.033892
theta s11 s12 s13 s14 s21 s22 s23 s24 s31 s32 s33 s34 s41 s42 s43 s44
0.0 4.6341e+03 0.0000e+00 0.0000e+00 0.0000e+00 0.0000e+00 4.6331e+03 0.0000e+00 0.0000e+00 0.0000e+00 0.0000e+00 4.6331e+03 0.0000e+00 0.0000e+00 0.0000e+00 -0.0000e+00 4.6320e+03 
1.0 3.9842e+03 -2.3830e-01 0.0000e+00 0.0000e+00 -2.3830e-01 3.9832e+03 0.0000e+00 0.0000e+00 0.0000e+00 0.0000e+00 3.9832e+03 -1.6142e+00 0.0000e+00 0.0000e+00 1.6142e+00 3.9822e+03 
2.0 2.8860e+03 -5.0415e-01 0.0000e+00 0.0000e+00 -5.0415e-01 2.8850e+03 0.0000e+00 0.0000e+00 0.0000e+00 0.0000e+00 2.8850e+03 -5.1454e+00 0.0000e+00 0.0000e+00 5.1454e+00 2.8840e+03 
3.0 2.0355e+03 -5.5427e-01 0.0000e+00 0.0000e+00 -5.5427e-01 2.0345e+03 0.0000e+00 0.0000e+00 0.0000e+00 0.0000e+00 2.0345e+03 -8.2935e+00 0.0000e+00 0.0000e+00 8.2935e+00 2.0335e+03 
4.0 1.4746e+03 -5.1633e-01 0.0000e+00 0.0000e+00 -5.1633e-01 1.4737e+03 0.0000e+00 0.0000e+00 0.0000e+00 0.0000e+00 1.4735e+03 -1.0060e+01 0.0000e+00 0.0000e+00 1.0060e+01 1.4727e+03 
5.0 1.1110e+03 -4.8690e-01 0.0000e+00 0.0000e+00 -4.8690e-01 1.1101e+03 0.0000e+00 0.0000e+00 0.0000e+00 0.0000e+00 1.1100e+03 -1.0730e+01 0.0000e+00 0.0000e+00 1.0730e+01 1.1091e+03 
6.0 8.6735e+02 -5.0043e-01 0.0000e+00 0.0000e+00 -5.0043e-01 8.6651e+02 0.0000e+00 0.0000e+00 0.0000e+00 0.0000e+00 8.6629e+02 -1.0762e+01 0.0000e+00 0.0000e+00 1.0762e+01 8.6549e+02 
7.0 6.9704e+02 -5.6396e-01 0.0000e+00 0.0000e+00 -5.6396e-01 6.9624e+02 0.0000e+00 0.0000e+00 0.0000e+00 0.0000e+00 6.9596e+02 -1.0424e+01 0.0000e+00 0.0000e+00 1.0424e+01 6.9521e+02 
8.0 5.7347e+02 -6.6905e-01 0.0000e+00 0.0000e+00 -6.6905e-01 5.7270e+02 0.0000e+00 0.0000e+00 0.0000e+00 0.0000e+00 5.7237e+02 -9.8928e+00 0.0000e+00 0.0000e+00 9.8928e+00 5.7166e+02 
9.0 4.8075e+02 -8.0396e-01 0.0000e+00 0.0000e+00 -8.0396e-01 4.8001e+02 0.0000e+00 0.0000e+00 0.0000e+00 0.0000e+00 4.7965e+02 -9.2802e+00 0.0000e+00 0.0000e+00 9.2802e+00 4.7898e+02 
10.0 4.0923e+02 -9.5987e-01 0.0000e+00 0.0000e+00 -9.5987e-01 4.0852e+02 0.0000e+00 0.0000e+00 0.0000e+00 0.0000e+00 4.0812e+02 -8.6426e+00 0.0000e+00 0.0000e+00 8.6426e+00 4.0748e+02 
11.0 3.5289e+02 -1.1299e+00 0.0000e+00 0.0000e+00 -1.1299e+00 3.5220e+02 0.0000e+00 0.0000e+00 0.0000e+00 0.0000e+00 3.5176e+02 -8.0132e+00 0.0000e+00 0.0000e+00 8.0132e+00 3.5116e+02 
12.0 3.0776e+02 -1.3087e+00 0.0000e+00 0.0000e+00 -1.3087e+00 3.0709e+02 0.0000e+00 0.0000e+00 0.0000e+00 0.0000e+00 3.0663e+02 -7.4102e+00 0.0000e+00 0.0000e+00 7.4102e+00 3.0605e+02 
13.0 2.7111e+02 -1.4917e+00 0.0000e+00 0.0000e+00 -1.4917e+00 2.7046e+02 0.0000e+00 0.0000e+00 0.0000e+00 0.0000e+00 2.6997e+02 -6.8447e+00 0.0000e+00 0.0000e+00 6.8447e+00 2.6943e+02 
14.0 2.4098e+02 -1.6798e+00 0.0000e+00 0.0000e+00 -1.6798e+00 2.4035e+02 0.0000e+00 0.0000e+00 0.0000e+00 0.0000e+00 2.3984e+02 -6.3196e+00 0.0000e+00 0.0000e+00 6.3196e+00 2.3932e+02 
15.0 2.1589e+02 -1.8700e+00 0.0000e+00 0.0000e+00 -1.8700e+00 2.1527e+02 0.0000e+00 0.0000e+00 0.0000e+00 0.0000e+00 2.1474e+02 -5.8348e+00 0.0000e+00 0.0000e+00 5.8348e+00 2.1425e+02 
16.0 1.9478e+02 -2.0642e+00 0.0000e+00 0.0000e+00 -2.0642e+00 1.9418e+02 0.0000e+00 0.0000e+00 0.0000e+00 0.0000e+00 1.9364e+02 -5.3870e+00 0.0000e+00 0.0000e+00 5.3870e+00 1.9316e+02 
17.0 1.7685e+02 -2.2632e+00 0.0000e+00 0.0000e+00 -2.2632e+00 1.7626e+02 0.0000e+00 0.0000e+00 0.0000e+00 0.0000e+00 1.7570e+02 -4.9745e+00 0.0000e+00 0.0000e+00 4.9745e+00 1.7525e+02 
18.0 1.6143e+02 -2.4674e+00 0.0000e+00 0.0000e+00 -2.4674e+00 1.6086e+02 0.0000e+00 0.0000e+00 0.0000e+00 0.0000e+00 1.6028e+02 -4.5941e+00 0.0000e+00 0.0000e+00 4.5941e+00 1.5985e+02 
19.0 1.4803e+02 -2.6765e+00 0.0000e+00 0.0000e+00 -2.6765e+00 1.4747e+02 0.0000e+00 0.0000e+00 0.0000e+00 0.0000e+00 1.4745e+02 -4.2424e+00 0.0000e+00 0.0000e+00 4.2424e+00 1.4703e+02 
20.0 1.3628e+02 -2.8899e+00 0.0000e+00 0.0000e+00 -2.8899e+00 1.3574e+02 0.0000e+00 0.0000e+00 0.0000e+00 0.0000e+00 1.3618e+02 -3.9172e+00 0.0000e+00 0.0000e+00 3.9172e+00 1.3577e+02 
21.0 1.2594e+02 -3.1069e+00 0.0000e+00 0.0000e+00 -3.1069e+00 1.2540e+02 0.0000e+00 0.0000e+00 0.0000e+00 0.0000e+00 1.2624e+02 -3.6169e+00 0.0000e+00 0.0000e+00 3.6169e+00 1.2585e+02 
22.0 1.1680e+02 -3.3276e+00 0.0000e+00 0.0000e+00 -3.3276e+00 1.1627e+02 0.0000e+00 0.0000e+00 0.0000e+00 0.0000e+00 1.1745e+02 -3.3397e+00 0.0000e+00 0.0000e+00 3.3397e+00 1.1708e+02 
23.0 1.0871e+02 -3.5524e+00 0.0000e+00 0.0000e+00 -3.5524e+00 1.0819e+02 0.0000e+00 0.0000e+00 0.0000e+00 0.0000e+00 1.0966e+02 -3.0835e+00 0.0000e+00 0.0000e+00 3.0835e+00 1.0930e+02 
24.0 1.0151e+02 -3.7811e+00 0.0000e+00 0.0000e+00 -3.7811e+00 1.0100e+02 0.0000e+00 0.0000e+00 0.0000e+00 0.0000e+00 1.0273e+02 -2.8470e+00 0.0000e+00 0.0000e+00 2.8470e+00 1.0238e+02 
25.0 9.5082e+01 -4.0126e+00 0.0000e+00 0.0000e+00 -4.0126e+00 9.4580e+01 0.0000e+00 0.0000e+00 0.0000e+00 0.0000e+00 9.6527e+01 -2.6295e+00 0.0000e+00 0.0000e+00 2.6295e+00 9.6183e+01 
26.0 8.9294e+01 -4.2454e+00 0.0000e+00 0.0000e+00 -4.2454e+00 8.8801e+01 0.0000e+00 0.0000e+00 0.0000e+00 0.0000e+00 9.0940e+01 -2.4308e+00 0.0000e+00 0.0000e+00 2.4308e+00 9.0605e+01 
27.0 8.4050e+01 -4.4775e+00 0.0000e+00 0.0000e+00 -4.4775e+00 8.3564e+01 0.0000e+00 0.0000e+00 0.0000e+00 0.0000e+00 8.5871e+01 -2.2500e+00 0.0000e+00 0.0000e+00 2.2500e+00 8.5544e+01 
28.0 7.9268e+01 -4.7077e+00 0.0000e+00 0.0000e+00 -4.7077e+00 7.8788e+01 0.0000e+00 0.0000e+00 0.0000e+00 0.0000e+00 8.1243e+01 -2.0857e+00 0.0000e+00 0.0000e+00 2.0857e+00 8.0924e+01 
29.0 7.4887e+01 -4.9351e+00 0.0000e+00 0.0000e+00 -4.9351e+00 7.4415e+01 0.0000e+00 0.0000e+00 0.0000e+00 0.0000e+00 7.6997e+01 -1.9357e+00 0.0000e+00 0.0000e+00 1.9357e+00 7.6686e+01 
30.0 7.0863e+01 -5.1596e+00 0.0000e+00 0.0000e+00 -5.1596e+00 7.0397e+01 0.0000e+00 0.0000e+00 0.0000e+00 0.0000e+00 7.3092e+01 -1.7982e+00 0.0000e+00 0.0000e+00 1.7982e+00 7.2787e+01 
31.0 6.7160e+01 -5.3809e+00 0.0000e+00 0.0000e+00 -5.3809e+00 6.6701e+01 0.0000e+00 0.0000e+00 0.0000e+00 0.0000e+00 6.9163e+01 -1.6721e+00 0.0000e+00 0.0000e+00 1.6721e+00 6.8867e+01 
32.0 6.3746e+01 -5.5988e+00 0.0000e+00 0.0000e+00 -5.5988e+00 6.3292e+01 0.0000e+00 0.0000e+00 0.0000e+00 0.0000e+00 6.5534e+01 -1.5567e+00 0.0000e+00 0.0000e+00 1.5567e+00 6.5248e+01 
33.0 6.0591e+01 -5.8126e+00 0.0000e+00 0.0000e+00 -5.8126e+00 6.0142e+01 0.0000e+00 0.0000e+00 0.0000e+00 0.0000e+00 6.2172e+01 -1.4517e+00 0.0000e+00 0.0000e+00 1.4517e+00 6.1895e+01 
34.0 5.7665e+01 -6.0217e+00 0.0000e+00 0.0000e+00 -6.0217e+00 5.7222e+01 0.0000e+00 0.0000e+00 0.0000e+00 0.0000e+00 5.9046e+01 -1.3561e+00 0.0000e+00 0.0000e+00 1.3561e+00 5.8778e+01 
35.0 5.4943e+01 -6.2254e+00 0.0000e+00 0.0000e+00 -6.2254e+00 5.4505e+01 0.0000e+00 0.0000e+00 0.0000e+00 0.0000e+00 5.6131e+01 -1.2690e+00 0.0000e+00 0.0000e+00 1.2690e+00 5.5871e+01 
36.0 5.2403e+01 -6.4233e+00 0.0000e+00 0.0000e+00 -6.4233e+00 5.1971e+01 0.0000e+00 0.0000e+00 0.0000e+00 0.0000e+00 5.3403e+01 -1.1892e+00 0.0000e+00 0.0000e+00 1.1892e+00 5.3152e+01 
37.0 5.0026e+01 -6.6153e+00 0.0000e+00 0.0000e+00 -6.6153e+00 4.9599e+01 0.0000e+00 0.0000e+00 0.0000e+00 0.0000e+00 5.0846e+01 -1.1156e+00 0.0000e+00 0.0000e+00 1.1156e+00 5.0603e+01 
38.0 4.7798e+01 -6.8013e+00 0.0000e+00 0.0000e+00 -6.8013e+00 4.7375e+01 0.0000e+00 0.0000e+00 0.0000e+00 0.0000e+00 4.8443e+01 -1.0475e+00 0.0000e+00 0.0000e+00 1.0475e+00 4.8208e+01 
39.0 4.5704e+01 -6.9812e+00 0.0000e+00 0.0000e+00 -6.9812e+00 4.5286e+01 0.0000e+00 0.0000e+00 0.0000e+00 0.0000e+00 4.6180e+01 -9.8412e-01 0.0000e+00 0.0000e+00 9.8412e-01 4.5953e+01 
40.0 4.3734e+01 -7.1548e+00 0.0000e+00 0.0000e+00 -7.1548e+00 4.3321e+01 0.0000e+00 0.0000e+00 0.0000e+00 0.0000e+00 4.4046e+01 -9.2510e-01 0.0000e+00 0.0000e+00 9.2510e-01 4.3827e+01 
41.0 4.1877e+01 -7.3220e+00 0.0000e+00 0.0000e+00 -7.3220e+00 4.1468e+01 0.0000e+00 0.0000e+00 0.0000e+00 0.0000e+00 4.2030e+01 -8.6987e-01 0.0000e+00 0.0000e+00 8.6987e-01 4.1818e+01 
42.0 4.0125e+01 -7.4827e+00 0.0000e+00 0.0000e+00 -7.4827e+00 3.9721e+01 0.0000e+00 0.0000e+00 0.0000e+00 0.0000e+00 4.0122e+01 -8.1806e-01 0.0000e+00 0.0000e+00 8.1806e-01 3.9917e+01 
43.0 3.8470e+01 -7.6369e+00 0.0000e+00 0.0000e+00 -7.6369e+00 3.8070e+01 0.0000e+00 0.0000e+00 0.0000e+00 0.0000e+00 3.8313e+01 -7.6940e-01 0.0000e+00 0.0000e+00 7.6940e-01 3.8116e+01 
44.0 3.6904e+01 -7.7843e+00 0.0000e+00 0.0000e+00 -7.7843e+00 3.6508e+01 0.0000e+00 0.0000e+00 0.0000e+00 0.0000e+00 3.6596e+01 -7.2369e-01 0.0000e+00 0.0000e+00 7.2369e-01 3.6406e+01 
45.0 3.5422e+01 -7.9247e+00 0.0000e+00 0.0000e+00 -7.9247e+00 3.5030e+01 0.0000e+00 0.0000e+00 0.0000e+00 0.0000e+00 3.4963e+01 -6.8062e-01 0.0000e+00 0.0000e+00 6.8062e-01 3.4780e+01 
46.0 3.4017e+01 -8.0581e+00 0.0000e+00 0.0000e+00 -8.0581e+00 3.3629e+01 0.0000e+00 0.0000e+00 0.0000e+00 0.0000e+00 3.3408e+01 -6.3980e-01 0.0000e+00 0.0000e+00 6.3980e-01 3.3232e+01 
47.0 3.2684e+01 -8.1844e+00 0.0000e+00 0.0000e+00 -8.1844e+00 3.2300e+01 0.0000e+00 0.0000e+00 0.0000e+00 0.0000e+00 3.1926e+01 -6.0090e-01 0.0000e+00 0.0000e+00 6.0090e-01 3.1757e+01 
48.0 3.1419e+01 -8.3036e+00 0.0000e+00 0.0000e+00 -8.3036e+00 3.1038e+01 0.0000e+00 0.0000e+00 0.0000e+00 0.0000e+00 3.0511e+01 -5.6369e-01 0.0000e+00 0.0000e+00 5.6369e-01 3.0349e+01 
49.0 3.0216e+01 -8.4159e+00 0.0000e+00 0.0000e+00 -8.4159e+00 2.9839e+01 0.0000e+00 0.0000e+00 0.0000e+00 0.0000e+00 2.9160e+01 -5.2805e-01 0.0000e+00 0.0000e+00 5.2805e-01 2.9004e+01 
50.0 2.9074e+01 -8.5212e+00 0.0000e+00 0.0000e+00 -8.5212e+00 2.8700e+01 0.0000e+00 0.0000e+00 0.0000e+00 0.0000e+00 2.7868e+01 -4.9393e-01 0.0000e+00 0.0000e+00 4.9393e-01 2.7718e+01 
51.0 2.7986e+01 -8.6195e+00 0.0000e+00 0.0000e+00 -8.6195e+00 2.7616e+01 0.0000e+00 0.0000e+00 0.0000e+00 0.0000e+00 2.6632e+01 -4.6132e-01 0.0000e+00 0.0000e+00 4.6132e-01 2.6489e+01 
52.0 2.6951e+01 -8.7109e+00 0.0000e+00 0.0000e+00 -8.7109e+00 2.6584e+01 0.0000e+00 0.0000e+00 0.0000e+00 0.0000e+00 2.5447e+01 -4.3016e-01 0.0000e+00 0.0000e+00 4.3016e-01 2.5311e+01 
53.0 2.5965e+01 -8.7951e+00 0.0000e+00 0.0000e+00 -8.7951e+00 2.5601e+01 0.0000e+00 0.0000e+00 0.0000e+00 0.0000e+00 2.4312e+01 -4.0038e-01 0.0000e+00 0.0000e+00 4.0038e-01 2.4182e+01 
54.0 2.5025e+01 -8.8723e+00 0.0000e+00 0.0000e+00 -8.8723e+00 2.4664e+01 0.0000e+00 0.0000e+00 0.0000e+00 0.0000e+00 2.3222e+01 -3.7191e-01 0.0000e+00 0.0000e+00 3.7191e-01 2.3099e+01 
55.0 2.4129e+01 -8.9425e+00 0.0000e+00 0.0000e+00 -8.9425e+00 2.3771e+01 0.0000e+00 0.0000e+00 0.0000e+00 0.0000e+00 2.2176e+01 -3.4471e-01 0.0000e+00 0.0000e+00 3.4471e-01 2.2059e+01 
56.0 2.3273e+01 -9.0056e+00 0.0000e+00 0.0000e+00 -9.0056e+00 2.2918e+01 0.0000e+00 0.0000e+00 0.0000e+00 0.0000e+00 2.1170e+01 -3.1871e-01 0.0000e+00 0.0000e+00 3.1871e-01 2.1059e+01 
57.0 2.2457e+01 -9.0618e+00 0.0000e+00 0.0000e+00 -9.0618e+00 2.2104e+01 0.0000e+00 0.0000e+00 0.0000e+00 0.0000e+00 2.0203e+01 -2.9389e-01 0.0000e+00 0.0000e+00 2.9389e-01 2.0099e+01 
58.0 2.1676e+01 -9.1110e+00 0.0000e+00 0.0000e+00 -9.1110e+00 2.1326e+01 0.0000e+00 0.0000e+00 0.0000e+00 0.0000e+00 1.9272e+01 -2.7017e-01 0.0000e+00 0.0000e+00 2.7017e-01 1.9174e+01 
59.0 2.0931e+01 -9.1532e+00 0.0000e+00 0.0000e+00 -9.1532e+00 2.0583e+01 0.0000e+00 0.0000e+00 0.0000e+00 0.0000e+00 1.8375e+01 -2.4745e-01 0.0000e+00 0.0000e+00 2.4745e-01 1.8283e+01 
60.0 2.0219e+01 -9.1887e+00 0.0000e+00 0.0000e+00 -9.1887e+00 1.9873e+01 0.0000e+00 0.0000e+00 0.0000e+00 0.0000e+00 1.7511e+01 -2.2563e-01 0.0000e+00 0.0000e+00 2.2563e-01 1.7426e+01 
61.0 1.9538e+01 -9.2174e+00 0.0000e+00 0.0000e+00 -9.2174e+00 1.9194e+01 0.0000e+00 0.0000e+00 0.0000e+00 0.0000e+00 1.6678e+01 -2.0461e-01 0.0000e+00 0.0000e+00 2.0461e-01 1.6599e+01 
62.0 1.8887e+01 -9.2396e+00 0.0000e+00 0.0000e+00 -9.2396e+00 1.8546e+01 0.0000e+00 0.0000e+00 0.0000e+00 0.0000e+00 1.5874e+01 -1.8433e-01 0.0000e+00 0.0000e+00 1.8433e-01 1.5801e+01 
63.0 1.8265e+01 -9.2554e+00 0.0000e+00 0.0000e+00 -9.2554e+00 1.7926e+01 0.0000e+00 0.0000e+00 0.0000e+00 0.0000e+00 1.5099e+01 -1.6478e-01 0.0000e+00 0.0000e+00 1.6478e-01 1.5032e+01 
64.0 1.7671e+01 -9.2649e+00 0.0000e+00 0.0000e+00 -9.2649e+00 1.7333e+01 0.0000e+00 0.0000e+00 0.0000e+00 0.0000e+00 1.4350e+01 -1.4595e-01 0.0000e+00 0.0000e+00 1.4595e-01 1.4290e+01 
65.0 1.7102e+01 -9.2683e+00 0.0000e+00 0.0000e+00 -9.2683e+00 1.6766e+01 0.0000e+00 0.0000e+00 0.0000e+00 0.0000e+00 1.3627e+01 -1.2783e-01 0.0000e+00 0.0000e+00 1.2783e-01 1.3573e+01 
66.0 1.6559e+01 -9.2655e+00 0.0000e+00 0.0000e+00 -9.2655e+00 1.6225e+01 0.0000e+00 0.0000e+00 0.0000e+00 0.0000e+00 1.2929e+01 -1.1039e-01 0.0000e+00 0.0000e+00 1.1039e-01 1.2881e+01 
67.0 1.6040e+01 -9.2568e+00 0.0000e+00 0.0000e+00 -9.2568e+00 1.5707e+01 0.0000e+00 0.0000e+00 0.0000e+00 0.0000e+00 1.2254e+01 -9.3619e-02 0.0000e+00 0.0000e+00 9.3619e-02 1.2212e+01 
68.0 1.5543e+01 -9.2423e+00 0.0000e+00 0.0000e+00 -9.2423e+00 1.5212e+01 0.0000e+00 0.0000e+00 0.0000e+00 0.0000e+00 1.1602e+01 -7.7478e-02 0.0000e+00 0.0000e+00 7.7478e-02 1.1566e+01 
69.0 1.5069e+01 -9.2221e+00 0.0000e+00 0.0000e+00 -9.2221e+00 1.4739e+01 0.0000e+00 0.0000e+00 0.0000e+00 0.0000e+00 1.0971e+01 -6.1957e-02 0.0000e+00 0.0000e+00 6.1957e-02 1.0941e+01 
70.0 1.4615e+01 -9.1964e+00 0.0000e+00 0.0000e+00 -9.1964e+00 1.4286e+01 0.0000e+00 0.0000e+00 0.0000e+00 0.0000e+00 1.0361e+01 -4.7036e-02 0.0000e+00 0.0000e+00 4.7036e-02 1.0337e+01 
71.0 1.4182e+01 -9.1654e+00 0.0000e+00 0.0000e+00 -9.1654e+00 1.3854e+01 0.0000e+00 0.0000e+00 0.0000e+00 0.0000e+00 9.7703e+00 -3.2702e-02 0.0000e+00 0.0000e+00 3.2702e-02 9.7526e+00 
72.0 1.3768e+01 -9.1292e+00 0.0000e+00 0.0000e+00 -9.1292e+00 1.3441e+01 0.0000e+00 0.0000e+00 0.0000e+00 0.0000e+00 9.1990e+00 -1.8952e-02 0.0000e+00 0.0000e+00 1.8952e-02 9.1874e+00 
73.0 1.3373e+01 -9.0880e+00 0.0000e+00 0.0000e+00 -9.0880e+00 1.3047e+01 0.0000e+00 0.0000e+00 0.0000e+00 0.0000e+00 8.6461e+00 -5.7933e-03 0.0000e+00 0.0000e+00 5.7933e-03 8.6405e+00 
74.0 1.2995e+01 -9.0419e+00 0.0000e+00 0.0000e+00 -9.0419e+00 1.2670e+01 0.0000e+00 0.0000e+00 0.0000e+00 0.0000e+00 8.1108e+00 6.7543e-03 0.0000e+00 0.0000e+00 -6.7543e-03 8.1112e+00 
75.0 1.2635e+01 -8.9910e+00 0.0000e+00 0.0000e+00 -8.9910e+00 1.2311e+01 0.0000e+00 0.0000e+00 0.0000e+00 0.0000e+00 7.5925e+00 1.8667e-02 0.0000e+00 0.0000e+00 -1.8667e-02 7.5989e+00 
76.0 1.2291e+01 -8.9356e+00 0.0000e+00 0.0000e+00 -8.9356e+00 1.1967e+01 0.0000e+00 0.0000e+00 0.0000e+00 0.0000e+00 7.0906e+00 2.9929e-02 0.0000e+00 0.0000e+00 -2.9929e-02 7.1030e+00 
77.0 1.1962e+01 -8.8758e+00 0.0000e+00 0.0000e+00 -8.8758e+00 1.1640e+01 0.0000e+00 0.0000e+00 0.0000e+00 0.0000e+00 6.6045e+00 4.0532e-02 0.0000e+00 0.0000e+00 -4.0532e-02 6.6228e+00 
78.0 1.1649e+01 -8.8116e+00 0.0000e+00 0.0000e+00 -8.8116e+00 1.1327e+01 0.0000e+00 0.0000e+00 0.0000e+00 0.0000e+00 6.1335e+00 5.0480e-02 0.0000e+00 0.0000e+00 -5.0480e-02 6.1577e+00 
79.0 1.1350e+01 -8.7432e+00 0.0000e+00 0.0000e+00 -8.7432e+00 1.1029e+01 0.0000e+00 0.0000e+00 0.0000e+00 0.0000e+00 5.6771e+00 5.9787e-02 0.0000e+00 0.0000e+00 -5.9787e-02 5.7071e+00 
80.0 1.1065e+01 -8.6708e+00 0.0000e+00 0.0000e+00 -8.6708e+00 1.0745e+01 0.0000e+00 0.0000e+00 0.0000e+00 0.0000e+00 5.2349e+00 6.8465e-02 0.0000e+00 0.0000e+00 -6.8465e-02 5.2706e+00 
81.0 1.0794e+01 -8.5945e+00 0.0000e+00 0.0000e+00 -8.5945e+00 1.0474e+01 0.0000e+00 0.0000e+00 0.0000e+00 0.0000e+00 4.8062e+00 7.6529e-02 0.0000e+00 0.0000e+00 -7.6529e-02 4.8476e+00 
82.0 1.0535e+01 -8.5145e+00 0.0000e+00 0.0000e+00 -8.5145e+00 1.0216e+01 0.0000e+00 0.0000e+00 0.0000e+00 0.0000e+00 4.3907e+00 8.3994e-02 0.0000e+00 0.0000e+00 -8.3994e-02 4.4377e+00 
83.0 1.0289e+01 -8.4309e+00 0.0000e+00 0.0000e+00 -8.4309e+00 9.9703e+00 0.0000e+00 0.0000e+00 0.0000e+00 0.0000e+00 3.9878e+00 9.0877e-02 0.0000e+00 0.0000e+00 -9.0877e-02 4.0405e+00 
84.0 1.0055e+01 -8.3438e+00 0.0000e+00 0.0000e+00 -8.3438e+00 9.7366e+00 0.0000e+00 0.0000e+00 0.0000e+00 0.0000e+00 3.5972e+00 9.7201e-02 0.0000e+00 0.0000e+00 -9.7201e-02 3.6553e+00 
85.0 9.8318e+00 -8.2533e+00 0.0000e+00 0.0000e+00 -8.2533e+00 9.5143e+00 0.0000e+00 0.0000e+00 0.0000e+00 0.0000e+00 3.2185e+00 1.0299e-01 0.0000e+00 0.0000e+00 -1.0299e-01 3.2820e+00 
86.0 9.6199e+00 -8.1598e+00 0.0000e+00 0.0000e+00 -8.1598e+00 9.3030e+00 0.0000e+00 0.0000e+00 0.0000e+00 0.0000e+00 2.8513e+00 1.0830e-01 0.0000e+00 0.0000e+00 -1.0830e-01 2.9200e+00 
87.0 9.4187e+00 -8.0631e+00 0.0000e+00 0.0000e+00 -8.0631e+00 9.1024e+00 0.0000e+00 0.0000e+00 0.0000e+00 0.0000e+00 2.4951e+00 1.1314e-01 0.0000e+00 0.0000e+00 -1.1314e-01 2.5690e+00 
88.0 9.2278e+00 -7.9636e+00 0.0000e+00 0.0000e+00 -7.9636e+00 8.9121e+00 0.0000e+00 0.0000e+00 0.0000e+00 0.0000e+00 2.1498e+00 1.1758e-01 0.0000e+00 0.0000e+00 -1.1758e-01 2.2287e+00 
89.0 9.0467e+00 -7.8614e+00 0.0000e+00 0.0000e+00 -7.8614e+00 8.7316e+00 0.0000e+00 0.0000e+00 0.0000e+00 0.0000e+00 1.8148e+00 1.2164e-01 0.0000e+00 0.0000e+00 -1.2164e-01 1.8987e+00 
90.0 8.8752e+00 -7.7565e+00 0.0000e+00 0.0000e+00 -7.7565e+00 8.5608e+00 0.0000e+00 0.0000e+00 0.0000e+00 0.0000e+00 1.4901e+00 1.2536e-01 0.0000e+00 0.0000e+00 -1.2536e-01 1.5787e+00 
91.0 8.7128e+00 -7.6493e+00 0.0000e+00 0.0000e+00 -7.6493e+00 8.3991e+00 0.0000e+00 0.0000e+00 0.0000e+00 0.0000e+00 1.1751e+00 1.2877e-01 0.0000e+00 0.0000e+00 -1.2877e-01 1.2685e+00 
92.0 8.5593e+00 -7.5397e+00 0.0000e+00 0.0000e+00 -7.5397e+00 8.2463e+00 0.0000e+00 0.0000e+00 0.0000e+00 0.0000e+00 8.6971e-01 1.3189e-01 0.0000e+00 0.0000e+00 -1.3189e-01 9.6761e-01 
93.0 8.4143e+00 -7.4281e+00 0.0000e+00 0.0000e+00 -7.4281e+00 8.1022e+00 0.0000e+00 0.0000e+00 0.0000e+00 0.0000e+00 5.7360e-01 1.3476e-01 0.0000e+00 0.0000e+00 -1.3476e-01 6.7590e-01 
94.0 8.2775e+00 -7.3144e+00 0.0000e+00 0.0000e+00 -7.3144e+00 7.9663e+00 0.0000e+00 0.0000e+00 0.0000e+00 0.0000e+00 2.8651e-01 1.3740e-01 0.0000e+00 0.0000e+00 -1.3740e-01 3.9308e-01 
95.0 8.1487e+00 -7.1989e+00 0.0000e+00 0.0000e+00 -7.1989e+00 7.8384e+00 0.0000e+00 0.0000e+00 0.0000e+00 0.0000e+00 8.1867e-03 1.3983e-01 0.0000e+00 0.0000e+00 -1.3983e-01 1.1887e-01 
96.0 8.0276e+00 -7.0818e+00 0.0000e+00 0.0000e+00 -7.0818e+00 7.7182e+00 0.0000e+00 0.0000e+00 0.0000e+00 0.0000e+00 -2.6161e-01 1.4208e-01 0.0000e+00 0.0000e+00 -1.4208e-01 -1.4694e-01 
97.0 7.9138e+00 -6.9630e+00 0.0000e+00 0.0000e+00 -6.9630e+00 7.6054e+00 0.0000e+00 0.0000e+00 0.0000e+00 0.0000e+00 -5.2313e-01 1.4415e-01 0.0000e+00 0.0000e+00 -1.4415e-01 -4.0462e-01 
98.0 7.8071e+00 -6.8428e+00 0.0000e+00 0.0000e+00 -6.8428e+00 7.4998e+00 0.0000e+00 0.0000e+00 0.0000e+00 0.0000e+00 -7.7660e-01 1.4607e-01 0.0000e+00 0.0000e+00 -1.4607e-01 -6.5440e-01 
99.0 7.7072e+00 -6.7213e+00 0.0000e+00 0.0000e+00 -6.7213e+00 7.4010e+00 0.0000e+00 0.0000e+00 0.0000e+00 0.0000e+00 -1.0223e+00 1.4785e-01 0.0000e+00 0.0000e+00 -1.4785e-01 -8.9649e-01 
100.0 7.6140e+00 -6.5987e+00 0.0000e+00 0.0000e+00 -6.5987e+00 7.3089e+00 0.0000e+00 0.0000e+00 0.0000e+00 0.0000e+00 -1.2603e+00 1.4950e-01 0.0000e+00 0.0000e+00 -1.4950e-01 -1.1311e+00 
101.0 7.5271e+00 -6.4750e+00 0.0000e+00 0.0000e+00 -6.4750e+00 7.2232e+00 0.0000e+00 0.0000e+00 0.0000e+00 0.0000e+00 -1.4910e+00 1.5104e-01 0.0000e+00 0.0000e+00 -1.5104e-01 -1.3585e+00 
102.0 7.4462e+00 -6.3505e+00 0.0000e+00 0.0000e+00 -6.3505e+00 7.1436e+00 0.0000e+00 0.0000e+00 0.0000e+00 0.0000e+00 -1.7145e+00 1.5248e-01 0.0000e+00 0.0000e+00 -1.5248e-01 -1.5788e+00 
103.0 7.3712e+00 -6.2251e+00 0.0000e+00 0.0000e+00 -6.2251e+00 7.0699e+00 0.0000e+00 0.0000e+00 0.0000e+00 0.0000e+00 -1.9310e+00 1.5383e-01 0.0000e+00 0.0000e+00 -1.5383e-01 -1.7923e+00 
104.0 7.3019e+00 -6.0991e+00 0.0000e+00 0.0000e+00 -6.0991e+00 7.0018e+00 0.0000e+00 0.0000e+00 0.0000e+00 0.0000e+00 -2.1407e+00 1.5508e-01 0.0000e+00 0.0000e+00 -1.5508e-01 -1.9991e+00 
105.0 7.2379e+00 -5.9726e+00 0.0000e+00 0.0000e+00 -5.9726e+00 6.9392e+00 0.0000e+00 0.0000e+00 0.0000e+00 0.0000e+00 -2.3439e+00 1.5625e-01 0.0000e+00 0.0000e+00 -1.5625e-01 -2.1994e+00 
106.0 7.1791e+00 -5.8456e+00 0.0000e+00 0.0000e+00 -5.8456e+00 6.8818e+00 0.0000e+00 0.0000e+00 0.0000e+00 0.0000e+00 -2.5406e+00 1.5733e-01 0.0000e+00 0.0000e+00 -1.5733e-01 -2.3934e+00 
107.0 7.1253e+00 -5.7183e+00 0.0000e+00 0.0000e+00 -5.7183e+00 6.8294e+00 0.0000e+00 0.0000e+00 0.0000e+00 0.0000e+00 -2.7311e+00 1.5832e-01 0.0000e+00 0.0000e+00 -1.5832e-01 -2.5812e+00 
108.0 7.0762e+00 -5.5908e+00 0.0000e+00 0.0000e+00 -5.5908e+00 6.7817e+00 0.0000e+00 0.0000e+00 0.0000e+00 0.0000e+00 -2.9155e+00 1.5922e-01 0.0000e+00 0.0000e+00 -1.5922e-01 -2.7632e+00 
109.0 7.0317e+00 -5.4632e+00 0.0000e+00 0.0000e+00 -5.4632e+00 6.7386e+00 0.0000e+00 0.0000e+00 0.0000e+00 0.0000e+00 -3.0941e+00 1.6003e-01 0.0000e+00 0.0000e+00 -1.6003e-01 -2.9393e+00 
110.0 6.9916e+00 -5.3355e+00 0.0000e+00 0.0000e+00 -5.3355e+00 6.6999e+00 0.0000e+00 0.0000e+00 0.0000e+00 0.0000e+00 -3.2670e+00 1.6075e-01 0.0000e+00 0.0000e+00 -1.6075e-01 -3.1098e+00 
111.0 6.9556e+00 -5.2080e+00 0.0000e+00 0.0000e+00 -5.2080e+00 6.6653e+00 0.0000e+00 0.0000e+00 0.0000e+00 0.0000e+00 -3.4343e+00 1.6138e-01 0.0000e+00 0.0000e+00 -1.6138e-01 -3.2749e+00 
112.0 6.9236e+00 -5.0807e+00 0.0000e+00 0.0000e+00 -5.0807e+00 6.6347e+00 0.0000e+00 0.0000e+00 0.0000e+00 0.0000e+00 -3.5963e+00 1.6191e-01 0.0000e+00 0.0000e+00 -1.6191e-01 -3.4346e+00 
113.0 6.8954e+00 -4.9536e+00 0.0000e+00 0.0000e+00 -4.9536e+00 6.6080e+00 0.0000e+00 0.0000e+00 0.0000e+00 0.0000e+00 -3.7530e+00 1.6234e-01 0.0000e+00 0.0000e+00 -1.6234e-01 -3.5892e+00 
114.0 6.8708e+00 -4.8270e+00 0.0000e+00 0.0000e+00 -4.8270e+00 6.5848e+00 0.0000e+00 0.0000e+00 0.0000e+00 0.0000e+00 -3.9047e+00 1.6265e-01 0.0000e+00 0.0000e+00 -1.6265e-01 -3.7388e+00 
115.0 6.8497e+00 -4.7007e+00 0.0000e+00 0.0000e+00 -4.7007e+00 6.5651e+00 0.0000e+00 0.0000e+00 0.0000e+00 0.0000e+00 -4.0514e+00 1.6286e-01 0.0000e+00 0.0000e+00 -1.6286e-01 -3.8836e+00 
116.0 6.8319e+00 -4.5751e+00 0.0000e+00 0.0000e+00 -4.5751e+00 6.5487e+00 0.0000e+00 0.0000e+00 0.0000e+00 0.0000e+00 -4.1934e+00 1.6295e-01 0.0000e+00 0.0000e+00 -1.6295e-01 -4.0237e+00 
117.0 6.8171e+00 -4.4500e+00 0.0000e+00 0.0000e+00 -4.4500e+00 6.5354e+00 0.0000e+00 0.0000e+00 0.0000e+00 0.0000e+00 -4.3308e+00 1.6292e-01 0.0000e+00 0.0000e+00 -1.6292e-01 -4.1592e+00 
118.0 6.8054e+00 -4.3257e+00 0.0000e+00 0.0000e+00 -4.3257e+00 6.5250e+00 0.0000e+00 0.0000e+00 0.0000e+00 0.0000e+00 -4.4637e+00 1.6277e-01 0.0000e+00 0.0000e+00 -1.6277e-01 -4.2903e+00 
119.0 6.7964e+00 -4.2021e+00 0.0000e+00 0.0000e+00 -4.2021e+00 6.5175e+00 0.0000e+00 0.0000e+00 0.0000e+00 0.0000e+00 -4.5923e+00 1.6250e-01 0.0000e+00 0.0000e+00 -1.6250e-01 -4.4171e+00 
120.0 6.7902e+00 -4.0793e+00 0.0000e+00 0.0000e+00 -4.0793e+00 6.5126e+00 0.0000e+00 0.0000e+00 0.0000e+00 0.0000e+00 -4.7167e+00 1.6211e-01 0.0000e+00 0.0000e+00 -1.6211e-01 -4.5398e+00 
121.0 6.7864e+00 -3.9575e+00 0.0000e+00 0.0000e+00 -3.9575e+00 6.5102e+00 0.0000e+00 0.0000e+00 0.0000e+00 0.0000e+00 -4.8370e+00 1.6161e-01 0.0000e+00 0.0000e+00 -1.6161e-01 -4.6585e+00 
122.0 6.7850e+00 -3.8366e+00 0.0000e+00 0.0000e+00 -3.8366e+00 6.5102e+00 0.0000e+00 0.0000e+00 0.0000e+00 0.0000e+00 -4.9534e+00 1.6099e-01 0.0000e+00 0.0000e+00 -1.6099e-01 -4.7733e+00 
123.0 6.7859e+00 -3.7168e+00 0.0000e+00 0.0000e+00 -3.7168e+00 6.5124e+00 0.0000e+00 0.0000e+00 0.0000e+00 0.0000e+00 -5.0659e+00 1.6026e-01 0.0000e+00 0.0000e+00 -1.6026e-01 -4.8843e+00 
124.0 6.7888e+00 -3.5980e+00 0.0000e+00 0.0000e+00 -3.5980e+00 6.5168e+00 0.0000e+00 0.0000e+00 0.0000e+00 0.0000e+00 -5.1747e+00 1.5942e-01 0.0000e+00 0.0000e+00 -1.5942e-01 -4.9917e+00 
125.0 6.7938e+00 -3.4805e+00 0.0000e+00 0.0000e+00 -3.4805e+00 6.5231e+00 0.0000e+00 0.0000e+00 0.0000e+00 0.0000e+00 -5.2800e+00 1.5849e-01 0.0000e+00 0.0000e+00 -1.5849e-01 -5.0956e+00 
126.0 6.8006e+00 -3.3641e+00 0.0000e+00 0.0000e+00 -3.3641e+00 6.5313e+00 0.0000e+00 0.0000e+00 0.0000e+00 0.0000e+00 -5.3817e+00 1.5745e-01 0.0000e+00 0.0000e+00 -1.5745e-01 -5.1960e+00 
127.0 6.8091e+00 -3.2490e+00 0.0000e+00 0.0000e+00 -3.2490e+00 6.5413e+00 0.0000e+00 0.0000e+00 0.0000e+00 0.0000e+00 -5.4800e+00 1.5632e-01 0.0000e+00 0.0000e+00 -1.5632e-01 -5.2931e+00 
128.0 6.8192e+00 -3.1353e+00 0.0000e+00 0.0000e+00 -3.1353e+00 6.5528e+00 0.0000e+00 0.0000e+00 0.0000e+00 0.0000e+00 -5.5750e+00 1.5510e-01 0.0000e+00 0.0000e+00 -1.5510e-01 -5.3870e+00 
129.0 6.8309e+00 -3.0230e+00 0.0000e+00 0.0000e+00 -3.0230e+00 6.5659e+00 0.0000e+00 0.0000e+00 0.0000e+00 0.0000e+00 -5.6669e+00 1.5379e-01 0.0000e+00 0.0000e+00 -1.5379e-01 -5.4777e+00 
130.0 6.8440e+00 -2.9121e+00 0.0000e+00 0.0000e+00 -2.9121e+00 6.5804e+00 0.0000e+00 0.0000e+00 0.0000e+00 0.0000e+00 -5.7556e+00 1.5240e-01 0.0000e+00 0.0000e+00 -1.5240e-01 -5.5654e+00 
131.0 6.8583e+00 -2.8027e+00 0.0000e+00 0.0000e+00 -2.8027e+00 6.5963e+00 0.0000e+00 0.0000e+00 0.0000e+00 0.0000e+00 -5.8414e+00 1.5094e-01 0.0000e+00 0.0000e+00 -1.5094e-01 -5.6502e+00 
132.0 6.8739e+00 -2.6949e+00 0.0000e+00 0.0000e+00 -2.6949e+00 6.6133e+00 0.0000e+00 0.0000e+00 0.0000e+00 0.0000e+00 -5.9242e+00 1.4940e-01 0.0000e+00 0.0000e+00 -1.4940e-01 -5.7321e+00 
133.0 6.8906e+00 -2.5887e+00 0.0000e+00 0.0000e+00 -2.5887e+00 6.6315e+00 0.0000e+00 0.0000e+00 0.0000e+00 0.0000e+00 -6.0041e+00 1.4780e-01 0.0000e+00 0.0000e+00 -1.4780e-01 -5.8113e+00 
134.0 6.9083e+00 -2.4841e+00 0.0000e+00 0.0000e+00 -2.4841e+00 6.6508e+00 0.0000e+00 0.0000e+00 0.0000e+00 0.0000e+00 -6.0813e+00 1.4612e-01 0.0000e+00 0.0000e+00 -1.4612e-01 -5.8877e+00 
135.0 6.9269e+00 -2.3813e+00 0.0000e+00 0.0000e+00 -2.3813e+00 6.6710e+00 0.0000e+00 0.0000e+00 0.0000e+00 0.0000e+00 -6.1557e+00 1.4437e-01 0.0000e+00 0.0000e+00 -1.4437e-01 -5.9616e+00 
136.0 6.9463e+00 -2.2802e+00 0.0000e+00 0.0000e+00 -2.2802e+00 6.6920e+00 0.0000e+00 0.0000e+00 0.0000e+00 0.0000e+00 -6.2275e+00 1.4254e-01 0.0000e+00 0.0000e+00 -1.4254e-01 -6.0329e+00 
137.0 6.9665e+00 -2.1809e+00 0.0000e+00 0.0000e+00 -2.1809e+00 6.7139e+00 0.0000e+00 0.0000e+00 0.0000e+00 0.0000e+00 -6.2968e+00 1.4062e-01 0.0000e+00 0.0000e+00 -1.4062e-01 -6.1017e+00 
138.0 6.9873e+00 -2.0834e+00 0.0000e+00 0.0000e+00 -2.0834e+00 6.7364e+00 0.0000e+00 0.0000e+00 0.0000e+00 0.0000e+00 -6.3636e+00 1.3863e-01 0.0000e+00 0.0000e+00 -1.3863e-01 -6.1681e+00 
139.0 7.0086e+00 -1.9878e+00 0.0000e+00 0.0000e+00 -1.9878e+00 6.7595e+00 0.0000e+00 0.0000e+00 0.0000e+00 0.0000e+00 -6.4279e+00 1.3654e-01 0.0000e+00 0.0000e+00 -1.3654e-01 -6.2322e+00 
140.0 7.0304e+00 -1.8941e+00 0.0000e+00 0.0000e+00 -1.8941e+00 6.7832e+00 0.0000e+00 0.0000e+00 0.0000e+00 0.0000e+00 -6.4899e+00 1.3436e-01 0.0000e+00 0.0000e+00 -1.3436e-01 -6.2941e+00 
141.0 7.0526e+00 -1.8023e+00 0.0000e+00 0.0000e+00 -1.8023e+00 6.8073e+00 0.0000e+00 0.0000e+00 0.0000e+00 0.0000e+00 -6.5495e+00 1.3208e-01 0.0000e+00 0.0000e+00 -1.3208e-01 -6.3537e+00 
142.0 7.0750e+00 -1.7125e+00 0.0000e+00 0.0000e+00 -1.7125e+00 6.8317e+00 0.0000e+00 0.0000e+00 0.0000e+00 0.0000e+00 -6.6070e+00 1.2971e-01 0.0000e+00 0.0000e+00 -1.2971e-01 -6.4113e+00 
143.0 7.0977e+00 -1.6246e+00 0.0000e+00 0.0000e+00 -1.6246e+00 6.8565e+00 0.0000e+00 0.0000e+00 0.0000e+00 0.0000e+00 -6.6622e+00 1.2725e-01 0.0000e+00 0.0000e+00 -1.2725e-01 -6.4667e+00 
144.0 7.1206e+00 -1.5388e+00 0.0000e+00 0.0000e+00 -1.5388e+00 6.8816e+00 0.0000e+00 0.0000e+00 0.0000e+00 0.0000e+00 -6.7152e+00 1.2470e-01 0.0000e+00 0.0000e+00 -1.2470e-01 -6.5201e+00 
145.0 7.1435e+00 -1.4550e+00 0.0000e+00 0.0000e+00 -1.4550e+00 6.9068e+00 0.0000e+00 0.0000e+00 0.0000e+00 0.0000e+00 -6.7662e+00 1.2206e-01 0.0000e+00 0.0000e+00 -1.2206e-01 -6.5716e+00 
146.0 7.1665e+00 -1.3733e+00 0.0000e+00 0.0000e+00 -1.3733e+00 6.9321e+00 0.0000e+00 0.0000e+00 0.0000e+00 0.0000e+00 -6.8151e+00 1.1932e-01 0.0000e+00 0.0000e+00 -1.1932e-01 -6.6211e+00 
147.0 7.1894e+00 -1.2936e+00 0.0000e+00 0.0000e+00 -1.2936e+00 6.9575e+00 0.0000e+00 0.0000e+00 0.0000e+00 0.0000e+00 -6.8620e+00 1.1649e-01 0.0000e+00 0.0000e+00 -1.1649e-01 -6.6688e+00 
148.0 7.2122e+00 -1.2160e+00 0.0000e+00 0.0000e+00 -1.2160e+00 6.9829e+00 0.0000e+00 0.0000e+00 0.0000e+00 0.0000e+00 -6.9069e+00 1.1355e-01 0.0000e+00 0.0000e+00 -1.1355e-01 -6.7147e+00 
149.0 7.2348e+00 -1.1405e+00 0.0000e+00 0.0000e+00 -1.1405e+00 7.0082e+00 0.0000e+00 0.0000e+00 0.0000e+00 0.0000e+00 -6.9500e+00 1.1051e-01 0.0000e+00 0.0000e+00 -1.1051e-01 -6.7589e+00 
150.0 7.2572e+00 -1.0672e+00 0.0000e+00 0.0000e+00 -1.0672e+00 7.0333e+00 0.0000e+00 0.0000e+00 0.0000e+00 0.0000e+00 -6.9912e+00 1.0734e-01 0.0000e+00 0.0000e+00 -1.0734e-01 -6.8013e+00 
151.0 7.2793e+00 -9.9591e-01 0.0000e+00 0.0000e+00 -9.9591e-01 7.0583e+00 0.0000e+00 0.0000e+00 0.0000e+00 0.0000e+00 -7.0307e+00 1.0406e-01 0.0000e+00 0.0000e+00 -1.0406e-01 -6.8420e+00 
152.0 7.3012e+00 -9.2681e-01 0.0000e+00 0.0000e+00 -9.2681e-01 7.0830e+00 0.0000e+00 0.0000e+00 0.0000e+00 0.0000e+00 -7.0684e+00 1.0066e-01 0.0000e+00 0.0000e+00 -1.0066e-01 -6.8812e+00 
153.0 7.3227e+00 -8.5986e-01 0.0000e+00 0.0000e+00 -8.5986e-01 7.1075e+00 0.0000e+00 0.0000e+00 0.0000e+00 0.0000e+00 -7.1044e+00 9.7138e-02 0.0000e+00 0.0000e+00 -9.7138e-02 -6.9187e+00 
154.0 7.3439e+00 -7.9508e-01 0.0000e+00 0.0000e+00 -7.9508e-01 7.1316e+00 0.0000e+00 0.0000e+00 0.0000e+00 0.0000e+00 -7.1388e+00 9.3495e-02 0.0000e+00 0.0000e+00 -9.3495e-02 -6.9546e+00 
155.0 7.3648e+00 -7.3248e-01 0.0000e+00 0.0000e+00 -7.3248e-01 7.1554e+00 0.0000e+00 0.0000e+00 0.0000e+00 0.0000e+00 -7.1716e+00 8.9737e-02 0.0000e+00 0.0000e+00 -8.9737e-02 -6.9890e+00 
156.0 7.3853e+00 -6.7208e-01 0.0000e+00 0.0000e+00 -6.7208e-01 7.1789e+00 0.0000e+00 0.0000e+00 0.0000e+00 0.0000e+00 -7.2028e+00 8.5878e-02 0.0000e+00 0.0000e+00 -8.5878e-02 -7.0218e+00 
157.0 7.4054e+00 -6.1390e-01 0.0000e+00 0.0000e+00 -6.1390e-01 7.2019e+00 0.0000e+00 0.0000e+00 0.0000e+00 0.0000e+00 -7.2326e+00 8.1927e-02 0.0000e+00 0.0000e+00 -8.1927e-02 -7.0532e+00 
158.0 7.4252e+00 -5.5795e-01 0.0000e+00 0.0000e+00 -5.5795e-01 7.2246e+00 0.0000e+00 0.0000e+00 0.0000e+00 0.0000e+00 -7.2608e+00 7.7873e-02 0.0000e+00 0.0000e+00 -7.7873e-02 -7.0831e+00 
159.0 7.4445e+00 -5.0428e-01 0.0000e+00 0.0000e+00 -5.0428e-01 7.2467e+00 0.0000e+00 0.0000e+00 0.0000e+00 0.0000e+00 -7.2876e+00 7.3684e-02 0.0000e+00 0.0000e+00 -7.3684e-02 -7.1115e+00 
160.0 7.4634e+00 -4.5292e-01 0.0000e+00 0.0000e+00 -4.5292e-01 7.2683e+00 0.0000e+00 0.0000e+00 0.0000e+00 0.0000e+00 -7.3130e+00 6.9322e-02 0.0000e+00 0.0000e+00 -6.9322e-02 -7.1386e+00 
161.0 7.4817e+00 -4.0390e-01 0.0000e+00 0.0000e+00 -4.0390e-01 7.2893e+00 0.0000e+00 0.0000e+00 0.0000e+00 0.0000e+00 -7.3372e+00 6.4759e-02 0.0000e+00 0.0000e+00 -6.4759e-02 -7.1642e+00 
162.0 7.4996e+00 -3.5728e-01 0.0000e+00 0.0000e+00 -3.5728e-01 7.3096e+00 0.0000e+00 0.0000e+00 0.0000e+00 0.0000e+00 -7.3601e+00 5.9960e-02 0.0000e+00 0.0000e+00 -5.9960e-02 -7.1885e+00 
163.0 7.5169e+00 -3.1313e-01 0.0000e+00 0.0000e+00 -3.1313e-01 7.3292e+00 0.0000e+00 0.0000e+00 0.0000e+00 0.0000e+00 -7.3819e+00 5.4861e-02 0.0000e+00 0.0000e+00 -5.4861e-02 -7.2114e+00 
164.0 7.5337e+00 -2.7155e-01 0.0000e+00 0.0000e+00 -2.7155e-01 7.3479e+00 0.0000e+00 0.0000e+00 0.0000e+00 0.0000e+00 -7.4026e+00 4.9364e-02 0.0000e+00 0.0000e+00 -4.9364e-02 -7.2329e+00 
165.0 7.5498e+00 -2.3268e-01 0.0000e+00 0.0000e+00 -2.3268e-01 7.3654e+00 0.0000e+00 0.0000e+00 0.0000e+00 0.0000e+00 -7.4224e+00 4.3350e-02 0.0000e+00 0.0000e+00 -4.3350e-02 -7.2531e+00 
166.0 7.5654e+00 -1.9670e-01 0.0000e+00 0.0000e+00 -1.9670e-01 7.3815e+00 0.0000e+00 0.0000e+00 0.0000e+00 0.0000e+00 -7.4416e+00 3.6720e-02 0.0000e+00 0.0000e+00 -3.6720e-02 -7.2719e+00 
167.0 7.5804e+00 -1.6378e-01 0.0000e+00 0.0000e+00 -1.6378e-01 7.3961e+00 0.0000e+00 0.0000e+00 0.0000e+00 0.0000e+00 -7.4602e+00 2.9425e-02 0.0000e+00 0.0000e+00 -2.9425e-02 -7.2890e+00 
168.0 7.5953e+00 -1.3409e-01 0.0000e+00 0.0000e+00 -1.3409e-01 7.4088e+00 0.0000e+00 0.0000e+00 0.0000e+00 0.0000e+00 -7.4785e+00 2.1506e-02 0.0000e+00 0.0000e+00 -2.1506e-02 -7.3043e+00 
169.0 7.6104e+00 -1.0777e-01 0.0000e+00 0.0000e+00 -1.0777e-01 7.4199e+00 0.0000e+00 0.0000e+00 0.0000e+00 0.0000e+00 -7.4967e+00 1.3157e-02 0.0000e+00 0.0000e+00 -1.3157e-02 -7.3172e+00 
170.0 7.6266e+00 -8.4830e-02 0.0000e+00 0.0000e+00 -8.4830e-02 7.4293e+00 0.0000e+00 0.0000e+00 0.0000e+00 0.0000e+00 -7.5147e+00 4.7434e-03 0.0000e+00 0.0000e+00 -4.7434e-03 -7.3274e+00 
171.0 7.6446e+00 -6.5219e-02 0.0000e+00 0.0000e+00 -6.5219e-02 7.4375e+00 0.0000e+00 0.0000e+00 0.0000e+00 0.0000e+00 -7.5328e+00 -3.1984e-03 0.0000e+00 0.0000e+00 3.1984e-03 -7.3343e+00 
172.0 7.6653e+00 -4.8794e-02 0.0000e+00 0.0000e+00 -4.8794e-02 7.4450e+00 0.0000e+00 0.0000e+00 0.0000e+00 0.0000e+00 -7.5507e+00 -1.0004e-02 0.0000e+00 0.0000e+00 1.0004e-02 -7.3374e+00 
173.0 7.6892e+00 -3.5333e-02 0.0000e+00 0.0000e+00 -3.5333e-02 7.4524e+00 0.0000e+00 0.0000e+00 0.0000e+00 0.0000e+00 -7.5685e+00 -1.4922e-02 0.0000e+00 0.0000e+00 1.4922e-02 -7.3367e+00 
174.0 7.7164e+00 -2.4519e-02 0.0000e+00 0.0000e+00 -2.4519e-02 7.4601e+00 0.0000e+00 0.0000e+00 0.0000e+00 0.0000e+00 -7.5857e+00 -1.7190e-02 0.0000e+00 0.0000e+00 1.7190e-02 -7.3323e+00 
175.0 7.7463e+00 -1.5954e-02 0.0000e+00 0.0000e+00 -1.5954e-02 7.4687e+00 0.0000e+00 0.0000e+00 0.0000e+00 0.0000e+00 -7.6019e+00 -1.6288e-02 0.0000e+00 0.0000e+00 1.6288e-02 -7.3252e+00 
176.0 7.7767e+00 -9.2704e-03 0.0000e+00 0.0000e+00 -9.2704e-03 7.4781e+00 0.0000e+00 0.0000e+00 0.0000e+00 0.0000e+00 -7.6163e+00 -1.2410e-02 0.0000e+00 0.0000e+00 1.2410e-02 -7.3165e+00 
177.0 7.8040e+00 -4.2924e-03 0.0000e+00 0.0000e+00 -4.2924e-03 7.4872e+00 0.0000e+00 0.0000e+00 0.0000e+00 0.0000e+00 -7.6278e+00 -6.8795e-03 0.0000e+00 0.0000e+00 6.8795e-03 -7.3081e+00 
178.0 7.8233e+00 -1.1226e-03 0.0000e+00 0.0000e+00 -1.1226e-03 7.4939e+00 0.0000e+00 0.0000e+00 0.0000e+00 0.0000e+00 -7.6352e+00 -1.9891e-03 0.0000e+00 0.0000e+00 1.9891e-03 -7.3020e+00 
179.0 7.8304e+00 -2.0136e-20 0.0000e+00 0.0000e+00 -2.0136e-20 7.4965e+00 0.0000e+00 0.0000e+00 0.0000e+00 0.0000e+00 -7.6379e+00 -2.0997e-20 0.0000e+00 0.0000e+00 2.0997e-20 -7.2997e+00 
180.0 7.8376e+00 0.0000e+00 0.0000e+00 0.0000e+00 0.0000e+00 7.4991e+00 0.0000e+00 0.0000e+00 0.0000e+00 0.0000e+00 -7.6404e+00 0.0000e+00 0.0000e+00 0.0000e+00 -0.0000e+00 -7.2975e+00 
