1.1559 1.3068 0.1510 0.034854
theta s11 s12 s13 s14 s21 s22 s23 s24 s31 s32 s33 s34 s41 s42 s43 s44
0.0 4.6578e+03 0.0000e+00 0.0000e+00 0.0000e+00 0.0000e+00 4.6556e+03 0.0000e+00 0.0000e+00 0.0000e+00 0.0000e+00 4.6556e+03 0.0000e+00 0.0000e+00 0.0000e+00 -0.0000e+00 4.6534e+03 
1.0 4.0592e+03 -2.3017e-01 0.0000e+00 0.0000e+00 -2.3017e-01 4.0570e+03 0.0000e+00 0.0000e+00 0.0000e+00 0.0000e+00 4.0570e+03 -2.0677e+00 0.0000e+00 0.0000e+00 2.0677e+00 4.0548e+03 
2.0 2.9740e+03 -5.0223e-01 0.0000e+00 0.0000e+00 -5.0223e-01 2.9718e+03 0.0000e+00 0.0000e+00 0.0000e+00 0.0000e+00 2.9718e+03 -6.7867e+00 0.0000e+00 0.0000e+00 6.7867e+00 2.9697e+03 
3.0 2.0739e+03 -5.6014e-01 0.0000e+00 0.0000e+00 -5.6014e-01 2.0718e+03 0.0000e+00 0.0000e+00 0.0000e+00 0.0000e+00 2.0717e+03 -1.1359e+01 0.0000e+00 0.0000e+00 1.1359e+01 2.0696e+03 
4.0 1.4564e+03 -5.2901e-01 0.0000e+00 0.0000e+00 -5.2901e-01 1.4544e+03 0.0000e+00 0.0000e+00 0.0000e+00 0.0000e+00 1.4541e+03 -1.4218e+01 0.0000e+00 0.0000e+00 1.4218e+01 1.4522e+03 
5.0 1.0525e+03 -5.1300e-01 0.0000e+00 0.0000e+00 -5.1300e-01 1.0505e+03 0.0000e+00 0.0000e+00 0.0000e+00 0.0000e+00 1.0501e+03 -1.5409e+01 0.0000e+00 0.0000e+00 1.5409e+01 1.0483e+03 
6.0 7.8718e+02 -5.4627e-01 0.0000e+00 0.0000e+00 -5.4627e-01 7.8530e+02 0.0000e+00 0.0000e+00 0.0000e+00 0.0000e+00 7.8480e+02 -1.5491e+01 0.0000e+00 0.0000e+00 1.5491e+01 7.8307e+02 
7.0 6.0898e+02 -6.3452e-01 0.0000e+00 0.0000e+00 -6.3452e-01 6.0715e+02 0.0000e+00 0.0000e+00 0.0000e+00 0.0000e+00 6.0654e+02 -1.4905e+01 0.0000e+00 0.0000e+00 1.4905e+01 6.0490e+02 
8.0 4.8604e+02 -7.6622e-01 0.0000e+00 0.0000e+00 -7.6622e-01 4.8425e+02 0.0000e+00 0.0000e+00 0.0000e+00 0.0000e+00 4.8354e+02 -1.3958e+01 0.0000e+00 0.0000e+00 1.3958e+01 4.8199e+02 
9.0 3.9897e+02 -9.2258e-01 0.0000e+00 0.0000e+00 -9.2258e-01 3.9721e+02 0.0000e+00 0.0000e+00 0.0000e+00 0.0000e+00 3.9642e+02 -1.2857e+01 0.0000e+00 0.0000e+00 1.2857e+01 3.9495e+02 
10.0 3.3567e+02 -1.0869e+00 0.0000e+00 0.0000e+00 -1.0869e+00 3.3392e+02 0.0000e+00 0.0000e+00 0.0000e+00 0.0000e+00 3.3307e+02 -1.1732e+01 0.0000e+00 0.0000e+00 1.1732e+01 3.3167e+02 
11.0 2.8847e+02 -1.2459e+00 0.0000e+00 0.0000e+00 -1.2459e+00 2.8674e+02 0.0000e+00 0.0000e+00 0.0000e+00 0.0000e+00 2.8583e+02 -1.0658e+01 0.0000e+00 0.0000e+00 1.0658e+01 2.8451e+02 
12.0 2.5238e+02 -1.3952e+00 0.0000e+00 0.0000e+00 -1.3952e+00 2.5066e+02 0.0000e+00 0.0000e+00 0.0000e+00 0.0000e+00 2.4971e+02 -9.6701e+00 0.0000e+00 0.0000e+00 9.6701e+00 2.4845e+02 
13.0 2.2414e+02 -1.5347e+00 0.0000e+00 0.0000e+00 -1.5347e+00 2.2243e+02 0.0000e+00 0.0000e+00 0.0000e+00 0.0000e+00 2.2145e+02 -8.7761e+00 0.0000e+00 0.0000e+00 8.7761e+00 2.2024e+02 
14.0 2.0155e+02 -1.6576e+00 0.0000e+00 0.0000e+00 -1.6576e+00 1.9984e+02 0.0000e+00 0.0000e+00 0.0000e+00 0.0000e+00 1.9883e+02 -7.9944e+00 0.0000e+00 0.0000e+00 7.9944e+00 1.9768e+02 
15.0 1.8310e+02 -1.7716e+00 0.0000e+00 0.0000e+00 -1.7716e+00 1.8139e+02 0.0000e+00 0.0000e+00 0.0000e+00 0.0000e+00 1.8037e+02 -7.2945e+00 0.0000e+00 0.0000e+00 7.2945e+00 1.7927e+02 
16.0 1.6775e+02 -1.8766e+00 0.0000e+00 0.0000e+00 -1.8766e+00 1.6603e+02 0.0000e+00 0.0000e+00 0.0000e+00 0.0000e+00 1.6499e+02 -6.6713e+00 0.0000e+00 0.0000e+00 6.6713e+00 1.6394e+02 
17.0 1.5475e+02 -1.9753e+00 0.0000e+00 0.0000e+00 -1.9753e+00 1.5304e+02 0.0000e+00 0.0000e+00 0.0000e+00 0.0000e+00 1.5198e+02 -6.1176e+00 0.0000e+00 0.0000e+00 6.1176e+00 1.5098e+02 
18.0 1.4360e+02 -2.0700e+00 0.0000e+00 0.0000e+00 -2.0700e+00 1.4189e+02 0.0000e+00 0.0000e+00 0.0000e+00 0.0000e+00 1.4081e+02 -5.6263e+00 0.0000e+00 0.0000e+00 5.6263e+00 1.3986e+02 
19.0 1.3391e+02 -2.1625e+00 0.0000e+00 0.0000e+00 -2.1625e+00 1.3220e+02 0.0000e+00 0.0000e+00 0.0000e+00 0.0000e+00 1.3152e+02 -5.1905e+00 0.0000e+00 0.0000e+00 5.1905e+00 1.3063e+02 
20.0 1.2540e+02 -2.2530e+00 0.0000e+00 0.0000e+00 -2.2530e+00 1.2368e+02 0.0000e+00 0.0000e+00 0.0000e+00 0.0000e+00 1.2335e+02 -4.8051e+00 0.0000e+00 0.0000e+00 4.8051e+00 1.2251e+02 
21.0 1.1783e+02 -2.3412e+00 0.0000e+00 0.0000e+00 -2.3412e+00 1.1611e+02 0.0000e+00 0.0000e+00 0.0000e+00 0.0000e+00 1.1609e+02 -4.4659e+00 0.0000e+00 0.0000e+00 4.4659e+00 1.1529e+02 
22.0 1.1104e+02 -2.4267e+00 0.0000e+00 0.0000e+00 -2.4267e+00 1.0932e+02 0.0000e+00 0.0000e+00 0.0000e+00 0.0000e+00 1.0957e+02 -4.1678e+00 0.0000e+00 0.0000e+00 4.1678e+00 1.0882e+02 
23.0 1.0490e+02 -2.5099e+00 0.0000e+00 0.0000e+00 -2.5099e+00 1.0317e+02 0.0000e+00 0.0000e+00 0.0000e+00 0.0000e+00 1.0367e+02 -3.9031e+00 0.0000e+00 0.0000e+00 3.9031e+00 1.0295e+02 
24.0 9.9297e+01 -2.5920e+00 0.0000e+00 0.0000e+00 -2.5920e+00 9.7568e+01 0.0000e+00 0.0000e+00 0.0000e+00 0.0000e+00 9.8285e+01 -3.6640e+00 0.0000e+00 0.0000e+00 3.6640e+00 9.7606e+01 
25.0 9.4163e+01 -2.6738e+00 0.0000e+00 0.0000e+00 -2.6738e+00 9.2434e+01 0.0000e+00 0.0000e+00 0.0000e+00 0.0000e+00 9.3350e+01 -3.4443e+00 0.0000e+00 0.0000e+00 3.4443e+00 9.2702e+01 
26.0 8.9434e+01 -2.7559e+00 0.0000e+00 0.0000e+00 -2.7559e+00 8.7705e+01 0.0000e+00 0.0000e+00 0.0000e+00 0.0000e+00 8.8800e+01 -3.2407e+00 0.0000e+00 0.0000e+00 3.2407e+00 8.8181e+01 
27.0 8.5057e+01 -2.8382e+00 0.0000e+00 0.0000e+00 -2.8382e+00 8.3328e+01 0.0000e+00 0.0000e+00 0.0000e+00 0.0000e+00 8.4586e+01 -3.0514e+00 0.0000e+00 0.0000e+00 3.0514e+00 8.3994e+01 
28.0 8.0985e+01 -2.9203e+00 0.0000e+00 0.0000e+00 -2.9203e+00 7.9257e+01 0.0000e+00 0.0000e+00 0.0000e+00 0.0000e+00 8.0663e+01 -2.8750e+00 0.0000e+00 0.0000e+00 2.8750e+00 8.0096e+01 
29.0 7.7181e+01 -3.0020e+00 0.0000e+00 0.0000e+00 -3.0020e+00 7.5453e+01 0.0000e+00 0.0000e+00 0.0000e+00 0.0000e+00 7.6994e+01 -2.7102e+00 0.0000e+00 0.0000e+00 2.7102e+00 7.6451e+01 
30.0 7.3613e+01 -3.0833e+00 0.0000e+00 0.0000e+00 -3.0833e+00 7.1886e+01 0.0000e+00 0.0000e+00 0.0000e+00 0.0000e+00 7.3550e+01 -2.5553e+00 0.0000e+00 0.0000e+00 2.5553e+00 7.3029e+01 
31.0 7.0258e+01 -3.1637e+00 0.0000e+00 0.0000e+00 -3.1637e+00 6.8532e+01 0.0000e+00 0.0000e+00 0.0000e+00 0.0000e+00 7.0005e+01 -2.4094e+00 0.0000e+00 0.0000e+00 2.4094e+00 6.9516e+01 
32.0 6.7095e+01 -3.2429e+00 0.0000e+00 0.0000e+00 -3.2429e+00 6.5371e+01 0.0000e+00 0.0000e+00 0.0000e+00 0.0000e+00 6.6667e+01 -2.2720e+00 0.0000e+00 0.0000e+00 2.2720e+00 6.6207e+01 
33.0 6.4107e+01 -3.3204e+00 0.0000e+00 0.0000e+00 -3.3204e+00 6.2386e+01 0.0000e+00 0.0000e+00 0.0000e+00 0.0000e+00 6.3515e+01 -2.1424e+00 0.0000e+00 0.0000e+00 2.1424e+00 6.3085e+01 
34.0 6.1281e+01 -3.3958e+00 0.0000e+00 0.0000e+00 -3.3958e+00 5.9562e+01 0.0000e+00 0.0000e+00 0.0000e+00 0.0000e+00 6.0535e+01 -2.0204e+00 0.0000e+00 0.0000e+00 2.0204e+00 6.0133e+01 
35.0 5.8604e+01 -3.4687e+00 0.0000e+00 0.0000e+00 -3.4687e+00 5.6887e+01 0.0000e+00 0.0000e+00 0.0000e+00 0.0000e+00 5.7710e+01 -1.9049e+00 0.0000e+00 0.0000e+00 1.9049e+00 5.7336e+01 
36.0 5.6066e+01 -3.5393e+00 0.0000e+00 0.0000e+00 -3.5393e+00 5.4351e+01 0.0000e+00 0.0000e+00 0.0000e+00 0.0000e+00 5.5029e+01 -1.7949e+00 0.0000e+00 0.0000e+00 1.7949e+00 5.4682e+01 
37.0 5.3659e+01 -3.6082e+00 0.0000e+00 0.0000e+00 -3.6082e+00 5.1948e+01 0.0000e+00 0.0000e+00 0.0000e+00 0.0000e+00 5.2484e+01 -1.6893e+00 0.0000e+00 0.0000e+00 1.6893e+00 5.2162e+01 
38.0 5.1378e+01 -3.6759e+00 0.0000e+00 0.0000e+00 -3.6759e+00 4.9670e+01 0.0000e+00 0.0000e+00 0.0000e+00 0.0000e+00 5.0068e+01 -1.5876e+00 0.0000e+00 0.0000e+00 1.5876e+00 4.9771e+01 
39.0 4.9214e+01 -3.7422e+00 0.0000e+00 0.0000e+00 -3.7422e+00 4.7510e+01 0.0000e+00 0.0000e+00 0.0000e+00 0.0000e+00 4.7773e+01 -1.4897e+00 0.0000e+00 0.0000e+00 1.4897e+00 4.7499e+01 
40.0 4.7161e+01 -3.8071e+00 0.0000e+00 0.0000e+00 -3.8071e+00 4.5462e+01 0.0000e+00 0.0000e+00 0.0000e+00 0.0000e+00 4.5592e+01 -1.3956e+00 0.0000e+00 0.0000e+00 1.3956e+00 4.5341e+01 
41.0 4.5212e+01 -3.8702e+00 0.0000e+00 0.0000e+00 -3.8702e+00 4.3517e+01 0.0000e+00 0.0000e+00 0.0000e+00 0.0000e+00 4.3517e+01 -1.3053e+00 0.0000e+00 0.0000e+00 1.3053e+00 4.3289e+01 
42.0 4.3359e+01 -3.9311e+00 0.0000e+00 0.0000e+00 -3.9311e+00 4.1669e+01 0.0000e+00 0.0000e+00 0.0000e+00 0.0000e+00 4.1542e+01 -1.2186e+00 0.0000e+00 0.0000e+00 1.2186e+00 4.1335e+01 
43.0 4.1595e+01 -3.9893e+00 0.0000e+00 0.0000e+00 -3.9893e+00 3.9910e+01 0.0000e+00 0.0000e+00 0.0000e+00 0.0000e+00 3.9659e+01 -1.1352e+00 0.0000e+00 0.0000e+00 1.1352e+00 3.9474e+01 
44.0 3.9914e+01 -4.0447e+00 0.0000e+00 0.0000e+00 -4.0447e+00 3.8235e+01 0.0000e+00 0.0000e+00 0.0000e+00 0.0000e+00 3.7863e+01 -1.0544e+00 0.0000e+00 0.0000e+00 1.0544e+00 3.7698e+01 
45.0 3.8312e+01 -4.0973e+00 0.0000e+00 0.0000e+00 -4.0973e+00 3.6639e+01 0.0000e+00 0.0000e+00 0.0000e+00 0.0000e+00 3.6148e+01 -9.7587e-01 0.0000e+00 0.0000e+00 9.7587e-01 3.6003e+01 
46.0 3.6786e+01 -4.1472e+00 0.0000e+00 0.0000e+00 -4.1472e+00 3.5118e+01 0.0000e+00 0.0000e+00 0.0000e+00 0.0000e+00 3.4512e+01 -8.9919e-01 0.0000e+00 0.0000e+00 8.9919e-01 3.4386e+01 
47.0 3.5330e+01 -4.1944e+00 0.0000e+00 0.0000e+00 -4.1944e+00 3.3668e+01 0.0000e+00 0.0000e+00 0.0000e+00 0.0000e+00 3.2949e+01 -8.2420e-01 0.0000e+00 0.0000e+00 8.2420e-01 3.2842e+01 
48.0 3.3942e+01 -4.2389e+00 0.0000e+00 0.0000e+00 -4.2389e+00 3.2286e+01 0.0000e+00 0.0000e+00 0.0000e+00 0.0000e+00 3.1457e+01 -7.5080e-01 0.0000e+00 0.0000e+00 7.5080e-01 3.1368e+01 
49.0 3.2619e+01 -4.2806e+00 0.0000e+00 0.0000e+00 -4.2806e+00 3.0968e+01 0.0000e+00 0.0000e+00 0.0000e+00 0.0000e+00 3.0031e+01 -6.7885e-01 0.0000e+00 0.0000e+00 6.7885e-01 2.9960e+01 
50.0 3.1358e+01 -4.3197e+00 0.0000e+00 0.0000e+00 -4.3197e+00 2.9713e+01 0.0000e+00 0.0000e+00 0.0000e+00 0.0000e+00 2.8669e+01 -6.0818e-01 0.0000e+00 0.0000e+00 6.0818e-01 2.8615e+01 
51.0 3.0155e+01 -4.3560e+00 0.0000e+00 0.0000e+00 -4.3560e+00 2.8516e+01 0.0000e+00 0.0000e+00 0.0000e+00 0.0000e+00 2.7367e+01 -5.3862e-01 0.0000e+00 0.0000e+00 5.3862e-01 2.7330e+01 
52.0 2.9009e+01 -4.3899e+00 0.0000e+00 0.0000e+00 -4.3899e+00 2.7376e+01 0.0000e+00 0.0000e+00 0.0000e+00 0.0000e+00 2.6122e+01 -4.7002e-01 0.0000e+00 0.0000e+00 4.7002e-01 2.6102e+01 
53.0 2.7917e+01 -4.4213e+00 0.0000e+00 0.0000e+00 -4.4213e+00 2.6289e+01 0.0000e+00 0.0000e+00 0.0000e+00 0.0000e+00 2.4933e+01 -4.0237e-01 0.0000e+00 0.0000e+00 4.0237e-01 2.4929e+01 
54.0 2.6877e+01 -4.4504e+00 0.0000e+00 0.0000e+00 -4.4504e+00 2.5255e+01 0.0000e+00 0.0000e+00 0.0000e+00 0.0000e+00 2.3796e+01 -3.3583e-01 0.0000e+00 0.0000e+00 3.3583e-01 2.3809e+01 
55.0 2.5886e+01 -4.4770e+00 0.0000e+00 0.0000e+00 -4.4770e+00 2.4269e+01 0.0000e+00 0.0000e+00 0.0000e+00 0.0000e+00 2.2710e+01 -2.7049e-01 0.0000e+00 0.0000e+00 2.7049e-01 2.2738e+01 
56.0 2.4941e+01 -4.5011e+00 0.0000e+00 0.0000e+00 -4.5011e+00 2.3331e+01 0.0000e+00 0.0000e+00 0.0000e+00 0.0000e+00 2.1670e+01 -2.0638e-01 0.0000e+00 0.0000e+00 2.0638e-01 2.1714e+01 
57.0 2.4041e+01 -4.5226e+00 0.0000e+00 0.0000e+00 -4.5226e+00 2.2437e+01 0.0000e+00 0.0000e+00 0.0000e+00 0.0000e+00 2.0677e+01 -1.4349e-01 0.0000e+00 0.0000e+00 1.4349e-01 2.0736e+01 
58.0 2.3184e+01 -4.5415e+00 0.0000e+00 0.0000e+00 -4.5415e+00 2.1584e+01 0.0000e+00 0.0000e+00 0.0000e+00 0.0000e+00 1.9726e+01 -8.1803e-02 0.0000e+00 0.0000e+00 8.1803e-02 1.9800e+01 
59.0 2.2366e+01 -4.5579e+00 0.0000e+00 0.0000e+00 -4.5579e+00 2.0772e+01 0.0000e+00 0.0000e+00 0.0000e+00 0.0000e+00 1.8815e+01 -2.1336e-02 0.0000e+00 0.0000e+00 2.1336e-02 1.8905e+01 
60.0 2.1586e+01 -4.5718e+00 0.0000e+00 0.0000e+00 -4.5718e+00 1.9997e+01 0.0000e+00 0.0000e+00 0.0000e+00 0.0000e+00 1.7944e+01 3.7911e-02 0.0000e+00 0.0000e+00 -3.7911e-02 1.8048e+01 
61.0 2.0842e+01 -4.5832e+00 0.0000e+00 0.0000e+00 -4.5832e+00 1.9259e+01 0.0000e+00 0.0000e+00 0.0000e+00 0.0000e+00 1.7109e+01 9.5909e-02 0.0000e+00 0.0000e+00 -9.5909e-02 1.7228e+01 
62.0 2.0132e+01 -4.5922e+00 0.0000e+00 0.0000e+00 -4.5922e+00 1.8554e+01 0.0000e+00 0.0000e+00 0.0000e+00 0.0000e+00 1.6309e+01 1.5260e-01 0.0000e+00 0.0000e+00 -1.5260e-01 1.6443e+01 
63.0 1.9455e+01 -4.5987e+00 0.0000e+00 0.0000e+00 -4.5987e+00 1.7882e+01 0.0000e+00 0.0000e+00 0.0000e+00 0.0000e+00 1.5543e+01 2.0791e-01 0.0000e+00 0.0000e+00 -2.0791e-01 1.5692e+01 
64.0 1.8809e+01 -4.6029e+00 0.0000e+00 0.0000e+00 -4.6029e+00 1.7241e+01 0.0000e+00 0.0000e+00 0.0000e+00 0.0000e+00 1.4809e+01 2.6171e-01 0.0000e+00 0.0000e+00 -2.6171e-01 1.4972e+01 
65.0 1.8193e+01 -4.6046e+00 0.0000e+00 0.0000e+00 -4.6046e+00 1.6629e+01 0.0000e+00 0.0000e+00 0.0000e+00 0.0000e+00 1.4106e+01 3.1388e-01 0.0000e+00 0.0000e+00 -3.1388e-01 1.4283e+01 
66.0 1.7605e+01 -4.6038e+00 0.0000e+00 0.0000e+00 -4.6038e+00 1.6046e+01 0.0000e+00 0.0000e+00 0.0000e+00 0.0000e+00 1.3431e+01 3.6433e-01 0.0000e+00 0.0000e+00 -3.6433e-01 1.3623e+01 
67.0 1.7043e+01 -4.6005e+00 0.0000e+00 0.0000e+00 -4.6005e+00 1.5489e+01 0.0000e+00 0.0000e+00 0.0000e+00 0.0000e+00 1.2784e+01 4.1300e-01 0.0000e+00 0.0000e+00 -4.1300e-01 1.2990e+01 
68.0 1.6507e+01 -4.5948e+00 0.0000e+00 0.0000e+00 -4.5948e+00 1.4958e+01 0.0000e+00 0.0000e+00 0.0000e+00 0.0000e+00 1.2163e+01 4.5987e-01 0.0000e+00 0.0000e+00 -4.5987e-01 1.2384e+01 
69.0 1.5995e+01 -4.5865e+00 0.0000e+00 0.0000e+00 -4.5865e+00 1.4450e+01 0.0000e+00 0.0000e+00 0.0000e+00 0.0000e+00 1.1567e+01 5.0497e-01 0.0000e+00 0.0000e+00 -5.0497e-01 1.1802e+01 
70.0 1.5506e+01 -4.5759e+00 0.0000e+00 0.0000e+00 -4.5759e+00 1.3966e+01 0.0000e+00 0.0000e+00 0.0000e+00 0.0000e+00 1.0995e+01 5.4829e-01 0.0000e+00 0.0000e+00 -5.4829e-01 1.1244e+01 
71.0 1.5039e+01 -4.5628e+00 0.0000e+00 0.0000e+00 -4.5628e+00 1.3503e+01 0.0000e+00 0.0000e+00 0.0000e+00 0.0000e+00 1.0446e+01 5.8983e-01 0.0000e+00 0.0000e+00 -5.8983e-01 1.0708e+01 
72.0 1.4593e+01 -4.5474e+00 0.0000e+00 0.0000e+00 -4.5474e+00 1.3061e+01 0.0000e+00 0.0000e+00 0.0000e+00 0.0000e+00 9.9173e+00 6.2957e-01 0.0000e+00 0.0000e+00 -6.2957e-01 1.0193e+01 
73.0 1.4166e+01 -4.5297e+00 0.0000e+00 0.0000e+00 -4.5297e+00 1.2639e+01 0.0000e+00 0.0000e+00 0.0000e+00 0.0000e+00 9.4096e+00 6.6755e-01 0.0000e+00 0.0000e+00 -6.6755e-01 9.6993e+00 
74.0 1.3758e+01 -4.5097e+00 0.0000e+00 0.0000e+00 -4.5097e+00 1.2236e+01 0.0000e+00 0.0000e+00 0.0000e+00 0.0000e+00 8.9214e+00 7.0379e-01 0.0000e+00 0.0000e+00 -7.0379e-01 9.2248e+00 
75.0 1.3369e+01 -4.4875e+00 0.0000e+00 0.0000e+00 -4.4875e+00 1.1850e+01 0.0000e+00 0.0000e+00 0.0000e+00 0.0000e+00 8.4518e+00 7.3833e-01 0.0000e+00 0.0000e+00 -7.3833e-01 8.7688e+00 
76.0 1.2997e+01 -4.4630e+00 0.0000e+00 0.0000e+00 -4.4630e+00 1.1482e+01 0.0000e+00 0.0000e+00 0.0000e+00 0.0000e+00 8.0000e+00 7.7121e-01 0.0000e+00 0.0000e+00 -7.7121e-01 8.3306e+00 
77.0 1.2641e+01 -4.4365e+00 0.0000e+00 0.0000e+00 -4.4365e+00 1.1131e+01 0.0000e+00 0.0000e+00 0.0000e+00 0.0000e+00 7.5652e+00 8.0250e-01 0.0000e+00 0.0000e+00 -8.0250e-01 7.9093e+00 
78.0 1.2301e+01 -4.4079e+00 0.0000e+00 0.0000e+00 -4.4079e+00 1.0795e+01 0.0000e+00 0.0000e+00 0.0000e+00 0.0000e+00 7.1467e+00 8.3228e-01 0.0000e+00 0.0000e+00 -8.3228e-01 7.5041e+00 
79.0 1.1976e+01 -4.3774e+00 0.0000e+00 0.0000e+00 -4.3774e+00 1.0475e+01 0.0000e+00 0.0000e+00 0.0000e+00 0.0000e+00 6.7437e+00 8.6059e-01 0.0000e+00 0.0000e+00 -8.6059e-01 7.1145e+00 
80.0 1.1665e+01 -4.3449e+00 0.0000e+00 0.0000e+00 -4.3449e+00 1.0169e+01 0.0000e+00 0.0000e+00 0.0000e+00 0.0000e+00 6.3556e+00 8.8746e-01 0.0000e+00 0.0000e+00 -8.8746e-01 6.7397e+00 
81.0 1.1369e+01 -4.3106e+00 0.0000e+00 0.0000e+00 -4.3106e+00 9.8762e+00 0.0000e+00 0.0000e+00 0.0000e+00 0.0000e+00 5.9817e+00 9.1290e-01 0.0000e+00 0.0000e+00 -9.1290e-01 6.3792e+00 
82.0 1.1085e+01 -4.2745e+00 0.0000e+00 0.0000e+00 -4.2745e+00 9.5970e+00 0.0000e+00 0.0000e+00 0.0000e+00 0.0000e+00 5.6215e+00 9.3693e-01 0.0000e+00 0.0000e+00 -9.3693e-01 6.0323e+00 
83.0 1.0815e+01 -4.2366e+00 0.0000e+00 0.0000e+00 -4.2366e+00 9.3305e+00 0.0000e+00 0.0000e+00 0.0000e+00 0.0000e+00 5.2743e+00 9.5961e-01 0.0000e+00 0.0000e+00 -9.5961e-01 5.6983e+00 
84.0 1.0556e+01 -4.1969e+00 0.0000e+00 0.0000e+00 -4.1969e+00 9.0761e+00 0.0000e+00 0.0000e+00 0.0000e+00 0.0000e+00 4.9396e+00 9.8101e-01 0.0000e+00 0.0000e+00 -9.8101e-01 5.3769e+00 
85.0 1.0310e+01 -4.1557e+00 0.0000e+00 0.0000e+00 -4.1557e+00 8.8333e+00 0.0000e+00 0.0000e+00 0.0000e+00 0.0000e+00 4.6167e+00 1.0012e+00 0.0000e+00 0.0000e+00 -1.0012e+00 5.0672e+00 
86.0 1.0074e+01 -4.1129e+00 0.0000e+00 0.0000e+00 -4.1129e+00 8.6015e+00 0.0000e+00 0.0000e+00 0.0000e+00 0.0000e+00 4.3053e+00 1.0203e+00 0.0000e+00 0.0000e+00 -1.0203e+00 4.7690e+00 
87.0 9.8493e+00 -4.0687e+00 0.0000e+00 0.0000e+00 -4.0687e+00 8.3804e+00 0.0000e+00 0.0000e+00 0.0000e+00 0.0000e+00 4.0048e+00 1.0382e+00 0.0000e+00 0.0000e+00 -1.0382e+00 4.4817e+00 
88.0 9.6346e+00 -4.0233e+00 0.0000e+00 0.0000e+00 -4.0233e+00 8.1694e+00 0.0000e+00 0.0000e+00 0.0000e+00 0.0000e+00 3.7150e+00 1.0550e+00 0.0000e+00 0.0000e+00 -1.0550e+00 4.2048e+00 
89.0 9.4297e+00 -3.9767e+00 0.0000e+00 0.0000e+00 -3.9767e+00 7.9681e+00 0.0000e+00 0.0000e+00 0.0000e+00 0.0000e+00 3.4352e+00 1.0707e+00 0.0000e+00 0.0000e+00 -1.0707e+00 3.9380e+00 
90.0 9.2342e+00 -3.9289e+00 0.0000e+00 0.0000e+00 -3.9289e+00 7.7761e+00 0.0000e+00 0.0000e+00 0.0000e+00 0.0000e+00 3.1652e+00 1.0851e+00 0.0000e+00 0.0000e+00 -1.0851e+00 3.6808e+00 
91.0 9.0475e+00 -3.8800e+00 0.0000e+00 0.0000e+00 -3.8800e+00 7.5930e+00 0.0000e+00 0.0000e+00 0.0000e+00 0.0000e+00 2.9046e+00 1.0983e+00 0.0000e+00 0.0000e+00 -1.0983e+00 3.4327e+00 
92.0 8.8693e+00 -3.8301e+00 0.0000e+00 0.0000e+00 -3.8301e+00 7.4183e+00 0.0000e+00 0.0000e+00 0.0000e+00 0.0000e+00 2.6529e+00 1.1103e+00 0.0000e+00 0.0000e+00 -1.1103e+00 3.1934e+00 
93.0 8.6992e+00 -3.7791e+00 0.0000e+00 0.0000e+00 -3.7791e+00 7.2519e+00 0.0000e+00 0.0000e+00 0.0000e+00 0.0000e+00 2.4098e+00 1.1209e+00 0.0000e+00 0.0000e+00 -1.1209e+00 2.9624e+00 
94.0 8.5368e+00 -3.7271e+00 0.0000e+00 0.0000e+00 -3.7271e+00 7.0932e+00 0.0000e+00 0.0000e+00 0.0000e+00 0.0000e+00 2.1750e+00 1.1303e+00 0.0000e+00 0.0000e+00 -1.1303e+00 2.7394e+00 
95.0 8.3818e+00 -3.6740e+00 0.0000e+00 0.0000e+00 -3.6740e+00 6.9420e+00 0.0000e+00 0.0000e+00 0.0000e+00 0.0000e+00 1.9480e+00 1.1384e+00 0.0000e+00 0.0000e+00 -1.1384e+00 2.5238e+00 
96.0 8.2339e+00 -3.6199e+00 0.0000e+00 0.0000e+00 -3.6199e+00 6.7980e+00 0.0000e+00 0.0000e+00 0.0000e+00 0.0000e+00 1.7286e+00 1.1454e+00 0.0000e+00 0.0000e+00 -1.1454e+00 2.3154e+00 
97.0 8.0928e+00 -3.5648e+00 0.0000e+00 0.0000e+00 -3.5648e+00 6.6610e+00 0.0000e+00 0.0000e+00 0.0000e+00 0.0000e+00 1.5165e+00 1.1512e+00 0.0000e+00 0.0000e+00 -1.1512e+00 2.1139e+00 
98.0 7.9582e+00 -3.5087e+00 0.0000e+00 0.0000e+00 -3.5087e+00 6.5306e+00 0.0000e+00 0.0000e+00 0.0000e+00 0.0000e+00 1.3113e+00 1.1559e+00 0.0000e+00 0.0000e+00 -1.1559e+00 1.9190e+00 
99.0 7.8299e+00 -3.4516e+00 0.0000e+00 0.0000e+00 -3.4516e+00 6.4068e+00 0.0000e+00 0.0000e+00 0.0000e+00 0.0000e+00 1.1128e+00 1.1596e+00 0.0000e+00 0.0000e+00 -1.1596e+00 1.7304e+00 
100.0 7.7076e+00 -3.3937e+00 0.0000e+00 0.0000e+00 -3.3937e+00 6.2892e+00 0.0000e+00 0.0000e+00 0.0000e+00 0.0000e+00 9.2086e-01 1.1623e+00 0.0000e+00 0.0000e+00 -1.1623e+00 1.5478e+00 
101.0 7.5913e+00 -3.3348e+00 0.0000e+00 0.0000e+00 -3.3348e+00 6.1776e+00 0.0000e+00 0.0000e+00 0.0000e+00 0.0000e+00 7.3511e-01 1.1641e+00 0.0000e+00 0.0000e+00 -1.1641e+00 1.3709e+00 
102.0 7.4805e+00 -3.2751e+00 0.0000e+00 0.0000e+00 -3.2751e+00 6.0718e+00 0.0000e+00 0.0000e+00 0.0000e+00 0.0000e+00 5.5533e-01 1.1649e+00 0.0000e+00 0.0000e+00 -1.1649e+00 1.1996e+00 
103.0 7.3751e+00 -3.2146e+00 0.0000e+00 0.0000e+00 -3.2146e+00 5.9717e+00 0.0000e+00 0.0000e+00 0.0000e+00 0.0000e+00 3.8127e-01 1.1648e+00 0.0000e+00 0.0000e+00 -1.1648e+00 1.0335e+00 
104.0 7.2750e+00 -3.1533e+00 0.0000e+00 0.0000e+00 -3.1533e+00 5.8769e+00 0.0000e+00 0.0000e+00 0.0000e+00 0.0000e+00 2.1270e-01 1.1638e+00 0.0000e+00 0.0000e+00 -1.1638e+00 8.7249e-01 
105.0 7.1798e+00 -3.0912e+00 0.0000e+00 0.0000e+00 -3.0912e+00 5.7872e+00 0.0000e+00 0.0000e+00 0.0000e+00 0.0000e+00 4.9388e-02 1.1619e+00 0.0000e+00 0.0000e+00 -1.1619e+00 7.1633e-01 
106.0 7.0894e+00 -3.0284e+00 0.0000e+00 0.0000e+00 -3.0284e+00 5.7026e+00 0.0000e+00 0.0000e+00 0.0000e+00 0.0000e+00 -1.0888e-01 1.1592e+00 0.0000e+00 0.0000e+00 -1.1592e+00 5.6479e-01 
107.0 7.0037e+00 -2.9649e+00 0.0000e+00 0.0000e+00 -2.9649e+00 5.6227e+00 0.0000e+00 0.0000e+00 0.0000e+00 0.0000e+00 -2.6232e-01 1.1558e+00 0.0000e+00 0.0000e+00 -1.1558e+00 4.1765e-01 
108.0 6.9224e+00 -2.9006e+00 0.0000e+00 0.0000e+00 -2.9006e+00 5.5475e+00 0.0000e+00 0.0000e+00 0.0000e+00 0.0000e+00 -4.1111e-01 1.1515e+00 0.0000e+00 0.0000e+00 -1.1515e+00 2.7473e-01 
109.0 6.8454e+00 -2.8357e+00 0.0000e+00 0.0000e+00 -2.8357e+00 5.4766e+00 0.0000e+00 0.0000e+00 0.0000e+00 0.0000e+00 -5.5546e-01 1.1467e+00 0.0000e+00 0.0000e+00 -1.1467e+00 1.3581e-01 
110.0 6.7725e+00 -2.7702e+00 0.0000e+00 0.0000e+00 -2.7702e+00 5.4102e+00 0.0000e+00 0.0000e+00 0.0000e+00 0.0000e+00 -6.9554e-01 1.1412e+00 0.0000e+00 0.0000e+00 -1.1412e+00 7.3279e-04 
111.0 6.7036e+00 -2.7042e+00 0.0000e+00 0.0000e+00 -2.7042e+00 5.3478e+00 0.0000e+00 0.0000e+00 0.0000e+00 0.0000e+00 -8.3148e-01 1.1352e+00 0.0000e+00 0.0000e+00 -1.1352e+00 -1.3066e-01 
112.0 6.6385e+00 -2.6376e+00 0.0000e+00 0.0000e+00 -2.6376e+00 5.2896e+00 0.0000e+00 0.0000e+00 0.0000e+00 0.0000e+00 -9.6344e-01 1.1287e+00 0.0000e+00 0.0000e+00 -1.1287e+00 -2.5851e-01 
113.0 6.5773e+00 -2.5705e+00 0.0000e+00 0.0000e+00 -2.5705e+00 5.2353e+00 0.0000e+00 0.0000e+00 0.0000e+00 0.0000e+00 -1.0915e+00 1.1217e+00 0.0000e+00 0.0000e+00 -1.1217e+00 -3.8294e-01 
114.0 6.5196e+00 -2.5031e+00 0.0000e+00 0.0000e+00 -2.5031e+00 5.1848e+00 0.0000e+00 0.0000e+00 0.0000e+00 0.0000e+00 -1.2159e+00 1.1144e+00 0.0000e+00 0.0000e+00 -1.1144e+00 -5.0407e-01 
115.0 6.4654e+00 -2.4352e+00 0.0000e+00 0.0000e+00 -2.4352e+00 5.1381e+00 0.0000e+00 0.0000e+00 0.0000e+00 0.0000e+00 -1.3367e+00 1.1067e+00 0.0000e+00 0.0000e+00 -1.1067e+00 -6.2203e-01 
116.0 6.4147e+00 -2.3671e+00 0.0000e+00 0.0000e+00 -2.3671e+00 5.0949e+00 0.0000e+00 0.0000e+00 0.0000e+00 0.0000e+00 -1.4541e+00 1.0987e+00 0.0000e+00 0.0000e+00 -1.0987e+00 -7.3694e-01 
117.0 6.3672e+00 -2.2988e+00 0.0000e+00 0.0000e+00 -2.2988e+00 5.0552e+00 0.0000e+00 0.0000e+00 0.0000e+00 0.0000e+00 -1.5681e+00 1.0904e+00 0.0000e+00 0.0000e+00 -1.0904e+00 -8.4889e-01 
118.0 6.3230e+00 -2.2303e+00 0.0000e+00 0.0000e+00 -2.2303e+00 5.0188e+00 0.0000e+00 0.0000e+00 0.0000e+00 0.0000e+00 -1.6789e+00 1.0819e+00 0.0000e+00 0.0000e+00 -1.0819e+00 -9.5795e-01 
119.0 6.2818e+00 -2.1618e+00 0.0000e+00 0.0000e+00 -2.1618e+00 4.9856e+00 0.0000e+00 0.0000e+00 0.0000e+00 0.0000e+00 -1.7865e+00 1.0731e+00 0.0000e+00 0.0000e+00 -1.0731e+00 -1.0642e+00 
120.0 6.2437e+00 -2.0933e+00 0.0000e+00 0.0000e+00 -2.0933e+00 4.9555e+00 0.0000e+00 0.0000e+00 0.0000e+00 0.0000e+00 -1.8912e+00 1.0640e+00 0.0000e+00 0.0000e+00 -1.0640e+00 -1.1677e+00 
121.0 6.2085e+00 -2.0249e+00 0.0000e+00 0.0000e+00 -2.0249e+00 4.9283e+00 0.0000e+00 0.0000e+00 0.0000e+00 0.0000e+00 -1.9929e+00 1.0547e+00 0.0000e+00 0.0000e+00 -1.0547e+00 -1.2685e+00 
122.0 6.1760e+00 -1.9567e+00 0.0000e+00 0.0000e+00 -1.9567e+00 4.9039e+00 0.0000e+00 0.0000e+00 0.0000e+00 0.0000e+00 -2.0918e+00 1.0449e+00 0.0000e+00 0.0000e+00 -1.0449e+00 -1.3667e+00 
123.0 6.1461e+00 -1.8886e+00 0.0000e+00 0.0000e+00 -1.8886e+00 4.8819e+00 0.0000e+00 0.0000e+00 0.0000e+00 0.0000e+00 -2.1880e+00 1.0348e+00 0.0000e+00 0.0000e+00 -1.0348e+00 -1.4623e+00 
124.0 6.1187e+00 -1.8209e+00 0.0000e+00 0.0000e+00 -1.8209e+00 4.8624e+00 0.0000e+00 0.0000e+00 0.0000e+00 0.0000e+00 -2.2816e+00 1.0241e+00 0.0000e+00 0.0000e+00 -1.0241e+00 -1.5555e+00 
125.0 6.0936e+00 -1.7534e+00 0.0000e+00 0.0000e+00 -1.7534e+00 4.8451e+00 0.0000e+00 0.0000e+00 0.0000e+00 0.0000e+00 -2.3727e+00 1.0128e+00 0.0000e+00 0.0000e+00 -1.0128e+00 -1.6463e+00 
126.0 6.0707e+00 -1.6863e+00 0.0000e+00 0.0000e+00 -1.6863e+00 4.8299e+00 0.0000e+00 0.0000e+00 0.0000e+00 0.0000e+00 -2.4614e+00 1.0010e+00 0.0000e+00 0.0000e+00 -1.0010e+00 -1.7349e+00 
127.0 6.0500e+00 -1.6195e+00 0.0000e+00 0.0000e+00 -1.6195e+00 4.8168e+00 0.0000e+00 0.0000e+00 0.0000e+00 0.0000e+00 -2.5479e+00 9.8863e-01 0.0000e+00 0.0000e+00 -9.8863e-01 -1.8212e+00 
128.0 6.0313e+00 -1.5532e+00 0.0000e+00 0.0000e+00 -1.5532e+00 4.8057e+00 0.0000e+00 0.0000e+00 0.0000e+00 0.0000e+00 -2.6322e+00 9.7569e-01 0.0000e+00 0.0000e+00 -9.7569e-01 -1.9055e+00 
129.0 6.0146e+00 -1.4874e+00 0.0000e+00 0.0000e+00 -1.4874e+00 4.7963e+00 0.0000e+00 0.0000e+00 0.0000e+00 0.0000e+00 -2.7144e+00 9.6213e-01 0.0000e+00 0.0000e+00 -9.6213e-01 -1.9878e+00 
130.0 5.9997e+00 -1.4222e+00 0.0000e+00 0.0000e+00 -1.4222e+00 4.7887e+00 0.0000e+00 0.0000e+00 0.0000e+00 0.0000e+00 -2.7946e+00 9.4790e-01 0.0000e+00 0.0000e+00 -9.4790e-01 -2.0681e+00 
131.0 5.9867e+00 -1.3576e+00 0.0000e+00 0.0000e+00 -1.3576e+00 4.7829e+00 0.0000e+00 0.0000e+00 0.0000e+00 0.0000e+00 -2.8728e+00 9.3299e-01 0.0000e+00 0.0000e+00 -9.3299e-01 -2.1465e+00 
132.0 5.9754e+00 -1.2935e+00 0.0000e+00 0.0000e+00 -1.2935e+00 4.7788e+00 0.0000e+00 0.0000e+00 0.0000e+00 0.0000e+00 -2.9490e+00 9.1740e-01 0.0000e+00 0.0000e+00 -9.1740e-01 -2.2231e+00 
133.0 5.9659e+00 -1.2300e+00 0.0000e+00 0.0000e+00 -1.2300e+00 4.7764e+00 0.0000e+00 0.0000e+00 0.0000e+00 0.0000e+00 -3.0235e+00 9.0115e-01 0.0000e+00 0.0000e+00 -9.0115e-01 -2.2979e+00 
134.0 5.9583e+00 -1.1671e+00 0.0000e+00 0.0000e+00 -1.1671e+00 4.7758e+00 0.0000e+00 0.0000e+00 0.0000e+00 0.0000e+00 -3.0961e+00 8.8427e-01 0.0000e+00 0.0000e+00 -8.8427e-01 -2.3711e+00 
135.0 5.9524e+00 -1.1048e+00 0.0000e+00 0.0000e+00 -1.1048e+00 4.7768e+00 0.0000e+00 0.0000e+00 0.0000e+00 0.0000e+00 -3.1670e+00 8.6679e-01 0.0000e+00 0.0000e+00 -8.6679e-01 -2.4427e+00 
136.0 5.9481e+00 -1.0431e+00 0.0000e+00 0.0000e+00 -1.0431e+00 4.7796e+00 0.0000e+00 0.0000e+00 0.0000e+00 0.0000e+00 -3.2362e+00 8.4871e-01 0.0000e+00 0.0000e+00 -8.4871e-01 -2.5128e+00 
137.0 5.9455e+00 -9.8200e-01 0.0000e+00 0.0000e+00 -9.8200e-01 4.7840e+00 0.0000e+00 0.0000e+00 0.0000e+00 0.0000e+00 -3.3038e+00 8.3004e-01 0.0000e+00 0.0000e+00 -8.3004e-01 -2.5815e+00 
138.0 5.9445e+00 -9.2159e-01 0.0000e+00 0.0000e+00 -9.2159e-01 4.7900e+00 0.0000e+00 0.0000e+00 0.0000e+00 0.0000e+00 -3.3698e+00 8.1082e-01 0.0000e+00 0.0000e+00 -8.1082e-01 -2.6489e+00 
139.0 5.9451e+00 -8.6185e-01 0.0000e+00 0.0000e+00 -8.6185e-01 4.7976e+00 0.0000e+00 0.0000e+00 0.0000e+00 0.0000e+00 -3.4343e+00 7.9113e-01 0.0000e+00 0.0000e+00 -7.9113e-01 -2.7151e+00 
140.0 5.9473e+00 -8.0280e-01 0.0000e+00 0.0000e+00 -8.0280e-01 4.8070e+00 0.0000e+00 0.0000e+00 0.0000e+00 0.0000e+00 -3.4974e+00 7.7104e-01 0.0000e+00 0.0000e+00 -7.7104e-01 -2.7800e+00 
141.0 5.9512e+00 -7.4449e-01 0.0000e+00 0.0000e+00 -7.4449e-01 4.8180e+00 0.0000e+00 0.0000e+00 0.0000e+00 0.0000e+00 -3.5591e+00 7.5064e-01 0.0000e+00 0.0000e+00 -7.5064e-01 -2.8438e+00 
142.0 5.9569e+00 -6.8692e-01 0.0000e+00 0.0000e+00 -6.8692e-01 4.8308e+00 0.0000e+00 0.0000e+00 0.0000e+00 0.0000e+00 -3.6194e+00 7.2998e-01 0.0000e+00 0.0000e+00 -7.2998e-01 -2.9063e+00 
143.0 5.9644e+00 -6.3013e-01 0.0000e+00 0.0000e+00 -6.3013e-01 4.8455e+00 0.0000e+00 0.0000e+00 0.0000e+00 0.0000e+00 -3.6785e+00 7.0911e-01 0.0000e+00 0.0000e+00 -7.0911e-01 -2.9676e+00 
144.0 5.9739e+00 -5.7415e-01 0.0000e+00 0.0000e+00 -5.7415e-01 4.8619e+00 0.0000e+00 0.0000e+00 0.0000e+00 0.0000e+00 -3.7363e+00 6.8803e-01 0.0000e+00 0.0000e+00 -6.8803e-01 -3.0278e+00 
145.0 5.9854e+00 -5.1902e-01 0.0000e+00 0.0000e+00 -5.1902e-01 4.8800e+00 0.0000e+00 0.0000e+00 0.0000e+00 0.0000e+00 -3.7930e+00 6.6665e-01 0.0000e+00 0.0000e+00 -6.6665e-01 -3.0868e+00 
146.0 5.9987e+00 -4.6482e-01 0.0000e+00 0.0000e+00 -4.6482e-01 4.8997e+00 0.0000e+00 0.0000e+00 0.0000e+00 0.0000e+00 -3.8488e+00 6.4480e-01 0.0000e+00 0.0000e+00 -6.4480e-01 -3.1447e+00 
147.0 6.0139e+00 -4.1161e-01 0.0000e+00 0.0000e+00 -4.1161e-01 4.9208e+00 0.0000e+00 0.0000e+00 0.0000e+00 0.0000e+00 -3.9038e+00 6.2235e-01 0.0000e+00 0.0000e+00 -6.2235e-01 -3.2016e+00 
148.0 6.0310e+00 -3.5939e-01 0.0000e+00 0.0000e+00 -3.5939e-01 4.9434e+00 0.0000e+00 0.0000e+00 0.0000e+00 0.0000e+00 -3.9582e+00 5.9924e-01 0.0000e+00 0.0000e+00 -5.9924e-01 -3.2574e+00 
149.0 6.0504e+00 -3.0822e-01 0.0000e+00 0.0000e+00 -3.0822e-01 4.9675e+00 0.0000e+00 0.0000e+00 0.0000e+00 0.0000e+00 -4.0122e+00 5.7554e-01 0.0000e+00 0.0000e+00 -5.7554e-01 -3.3123e+00 
150.0 6.0722e+00 -2.5820e-01 0.0000e+00 0.0000e+00 -2.5820e-01 4.9935e+00 0.0000e+00 0.0000e+00 0.0000e+00 0.0000e+00 -4.0660e+00 5.5132e-01 0.0000e+00 0.0000e+00 -5.5132e-01 -3.3663e+00 
151.0 6.0964e+00 -2.0959e-01 0.0000e+00 0.0000e+00 -2.0959e-01 5.0212e+00 0.0000e+00 0.0000e+00 0.0000e+00 0.0000e+00 -4.1196e+00 5.2652e-01 0.0000e+00 0.0000e+00 -5.2652e-01 -3.4195e+00 
152.0 6.1230e+00 -1.6277e-01 0.0000e+00 0.0000e+00 -1.6277e-01 5.0503e+00 0.0000e+00 0.0000e+00 0.0000e+00 0.0000e+00 -4.1734e+00 5.0084e-01 0.0000e+00 0.0000e+00 -5.0084e-01 -3.4721e+00 
153.0 6.1515e+00 -1.1821e-01 0.0000e+00 0.0000e+00 -1.1821e-01 5.0803e+00 0.0000e+00 0.0000e+00 0.0000e+00 0.0000e+00 -4.2275e+00 4.7373e-01 0.0000e+00 0.0000e+00 -4.7373e-01 -3.5240e+00 
154.0 6.1815e+00 -7.6332e-02 0.0000e+00 0.0000e+00 -7.6332e-02 5.1108e+00 0.0000e+00 0.0000e+00 0.0000e+00 0.0000e+00 -4.2821e+00 4.4461e-01 0.0000e+00 0.0000e+00 -4.4461e-01 -3.5754e+00 
155.0 6.2130e+00 -3.7455e-02 0.0000e+00 0.0000e+00 -3.7455e-02 5.1414e+00 0.0000e+00 0.0000e+00 0.0000e+00 0.0000e+00 -4.3375e+00 4.1307e-01 0.0000e+00 0.0000e+00 -4.1307e-01 -3.6262e+00 
156.0 6.2461e+00 -1.8124e-03 0.0000e+00 0.0000e+00 -1.8124e-03 5.1723e+00 0.0000e+00 0.0000e+00 0.0000e+00 0.0000e+00 -4.3939e+00 3.7901e-01 0.0000e+00 0.0000e+00 -3.7901e-01 -3.6764e+00 
157.0 6.2811e+00 3.0387e-02 0.0000e+00 0.0000e+00 3.0387e-02 5.2038e+00 0.0000e+00 0.0000e+00 0.0000e+00 0.0000e+00 -4.4513e+00 3.4257e-01 0.0000e+00 0.0000e+00 -3.4257e-01 -3.7259e+00 
158.0 6.3184e+00 5.8853e-02 0.0000e+00 0.0000e+00 5.8853e-02 5.2360e+00 0.0000e+00 0.0000e+00 0.0000e+00 0.0000e+00 -4.5100e+00 3.0399e-01 0.0000e+00 0.0000e+00 -3.0399e-01 -3.7747e+00 
159.0 6.3583e+00 8.3240e-02 0.0000e+00 0.0000e+00 8.3240e-02 5.2690e+00 0.0000e+00 0.0000e+00 0.0000e+00 0.0000e+00 -4.5701e+00 2.6336e-01 0.0000e+00 0.0000e+00 -2.6336e-01 -3.8226e+00 
160.0 6.4010e+00 1.0327e-01 0.0000e+00 0.0000e+00 1.0327e-01 5.3026e+00 0.0000e+00 0.0000e+00 0.0000e+00 0.0000e+00 -4.6318e+00 2.2067e-01 0.0000e+00 0.0000e+00 -2.2067e-01 -3.8696e+00 
161.0 6.4470e+00 1.1887e-01 0.0000e+00 0.0000e+00 1.1887e-01 5.3370e+00 0.0000e+00 0.0000e+00 0.0000e+00 0.0000e+00 -4.6957e+00 1.7593e-01 0.0000e+00 0.0000e+00 -1.7593e-01 -3.9158e+00 
162.0 6.4970e+00 1.3011e-01 0.0000e+00 0.0000e+00 1.3011e-01 5.3729e+00 0.0000e+00 0.0000e+00 0.0000e+00 0.0000e+00 -4.7623e+00 1.2925e-01 0.0000e+00 0.0000e+00 -1.2925e-01 -3.9615e+00 
163.0 6.5521e+00 1.3705e-01 0.0000e+00 0.0000e+00 1.3705e-01 5.4108e+00 0.0000e+00 0.0000e+00 0.0000e+00 0.0000e+00 -4.8325e+00 8.0891e-02 0.0000e+00 0.0000e+00 -8.0891e-02 -4.0069e+00 
164.0 6.6131e+00 1.3967e-01 0.0000e+00 0.0000e+00 1.3967e-01 5.4512e+00 0.0000e+00 0.0000e+00 0.0000e+00 0.0000e+00 -4.9072e+00 3.1188e-02 0.0000e+00 0.0000e+00 -3.1188e-02 -4.0524e+00 
165.0 6.6812e+00 1.3794e-01 0.0000e+00 0.0000e+00 1.3794e-01 5.4947e+00 0.0000e+00 0.0000e+00 0.0000e+00 0.0000e+00 -4.9875e+00 -1.9315e-02 0.0000e+00 0.0000e+00 1.9315e-02 -4.0982e+00 
166.0 6.7581e+00 1.3190e-01 0.0000e+00 0.0000e+00 1.3190e-01 5.5422e+00 0.0000e+00 0.0000e+00 0.0000e+00 0.0000e+00 -5.0745e+00 -6.9934e-02 0.0000e+00 0.0000e+00 6.9934e-02 -4.1446e+00 
167.0 6.8456e+00 1.2156e-01 0.0000e+00 0.0000e+00 1.2156e-01 5.5951e+00 0.0000e+00 0.0000e+00 0.0000e+00 0.0000e+00 -5.1695e+00 -1.2001e-01 0.0000e+00 0.0000e+00 1.2001e-01 -4.1918e+00 
168.0 6.9452e+00 1.0694e-01 0.0000e+00 0.0000e+00 1.0694e-01 5.6541e+00 0.0000e+00 0.0000e+00 0.0000e+00 0.0000e+00 -5.2738e+00 -1.6894e-01 0.0000e+00 0.0000e+00 1.6894e-01 -4.2401e+00 
169.0 7.0587e+00 8.8131e-02 0.0000e+00 0.0000e+00 8.8131e-02 5.7198e+00 0.0000e+00 0.0000e+00 0.0000e+00 0.0000e+00 -5.3892e+00 -2.1601e-01 0.0000e+00 0.0000e+00 2.1601e-01 -4.2896e+00 
170.0 7.1887e+00 6.5421e-02 0.0000e+00 0.0000e+00 6.5421e-02 5.7929e+00 0.0000e+00 0.0000e+00 0.0000e+00 0.0000e+00 -5.5181e+00 -2.5991e-01 0.0000e+00 0.0000e+00 2.5991e-01 -4.3404e+00 
171.0 7.3391e+00 3.9746e-02 0.0000e+00 0.0000e+00 3.9746e-02 5.8747e+00 0.0000e+00 0.0000e+00 0.0000e+00 0.0000e+00 -5.6633e+00 -2.9772e-01 0.0000e+00 0.0000e+00 2.9772e-01 -4.3924e+00 
172.0 7.5158e+00 1.3056e-02 0.0000e+00 0.0000e+00 1.3056e-02 5.9684e+00 0.0000e+00 0.0000e+00 0.0000e+00 0.0000e+00 -5.8274e+00 -3.2397e-01 0.0000e+00 0.0000e+00 3.2397e-01 -4.4454e+00 
173.0 7.7254e+00 -1.1565e-02 0.0000e+00 0.0000e+00 -1.1565e-02 6.0782e+00 0.0000e+00 0.0000e+00 0.0000e+00 0.0000e+00 -6.0117e+00 -3.3150e-01 0.0000e+00 0.0000e+00 3.3150e-01 -4.4982e+00 
174.0 7.9722e+00 -3.0232e-02 0.0000e+00 0.0000e+00 -3.0232e-02 6.2078e+00 0.0000e+00 0.0000e+00 0.0000e+00 0.0000e+00 -6.2142e+00 -3.1295e-01 0.0000e+00 0.0000e+00 3.1295e-01 -4.5490e+00 
175.0 8.2525e+00 -3.9258e-02 0.0000e+00 0.0000e+00 -3.9258e-02 6.3569e+00 0.0000e+00 0.0000e+00 0.0000e+00 0.0000e+00 -6.4270e+00 -2.6464e-01 0.0000e+00 0.0000e+00 2.6464e-01 -4.5949e+00 
176.0 8.5497e+00 -3.6502e-02 0.0000e+00 0.0000e+00 -3.6502e-02 6.5177e+00 0.0000e+00 0.0000e+00 0.0000e+00 0.0000e+00 -6.6352e+00 -1.9022e-01 0.0000e+00 0.0000e+00 1.9022e-01 -4.6327e+00 
177.0 8.8289e+00 -2.3425e-02 0.0000e+00 0.0000e+00 -2.3425e-02 6.6717e+00 0.0000e+00 0.0000e+00 0.0000e+00 0.0000e+00 -6.8161e+00 -1.0395e-01 0.0000e+00 0.0000e+00 1.0395e-01 -4.6594e+00 
178.0 9.0376e+00 -7.5333e-03 0.0000e+00 0.0000e+00 -7.5333e-03 6.7890e+00 0.0000e+00 0.0000e+00 0.0000e+00 0.0000e+00 -6.9425e+00 -3.1406e-02 0.0000e+00 0.0000e+00 3.1406e-02 -4.6746e+00 
179.0 9.1206e+00 -1.3068e-19 0.0000e+00 0.0000e+00 -1.3068e-19 6.8367e+00 0.0000e+00 0.0000e+00 0.0000e+00 0.0000e+00 -6.9911e+00 -5.3456e-19 0.0000e+00 0.0000e+00 5.3456e-19 -4.6805e+00 
180.0 9.2001e+00 0.0000e+00 0.0000e+00 0.0000e+00 0.0000e+00 6.8801e+00 0.0000e+00 0.0000e+00 0.0000e+00 0.0000e+00 -7.0354e+00 0.0000e+00 0.0000e+00 0.0000e+00 -0.0000e+00 -4.6848e+00 
