1.0549 1.3985 0.3437 0.084179
theta s11 s12 s13 s14 s21 s22 s23 s24 s31 s32 s33 s34 s41 s42 s43 s44
0.0 1.9028e+03 0.0000e+00 0.0000e+00 0.0000e+00 0.0000e+00 1.9021e+03 0.0000e+00 0.0000e+00 0.0000e+00 0.0000e+00 1.9021e+03 0.0000e+00 0.0000e+00 0.0000e+00 -0.0000e+00 1.9014e+03 
1.0 1.6867e+03 -9.4041e-02 0.0000e+00 0.0000e+00 -9.4041e-02 1.6860e+03 0.0000e+00 0.0000e+00 0.0000e+00 0.0000e+00 1.6860e+03 -8.1904e-01 0.0000e+00 0.0000e+00 8.1904e-01 1.6853e+03 
2.0 1.2913e+03 -2.2154e-01 0.0000e+00 0.0000e+00 -2.2154e-01 1.2906e+03 0.0000e+00 0.0000e+00 0.0000e+00 0.0000e+00 1.2906e+03 -2.7204e+00 0.0000e+00 0.0000e+00 2.7204e+00 1.2899e+03 
3.0 9.4977e+02 -2.7244e-01 0.0000e+00 0.0000e+00 -2.7244e-01 9.4909e+02 0.0000e+00 0.0000e+00 0.0000e+00 0.0000e+00 9.4906e+02 -4.6502e+00 0.0000e+00 0.0000e+00 4.6502e+00 9.4839e+02 
4.0 7.0163e+02 -2.7564e-01 0.0000e+00 0.0000e+00 -2.7564e-01 7.0098e+02 0.0000e+00 0.0000e+00 0.0000e+00 0.0000e+00 7.0090e+02 -5.9912e+00 0.0000e+00 0.0000e+00 5.9912e+00 7.0026e+02 
5.0 5.2890e+02 -2.6889e-01 0.0000e+00 0.0000e+00 -2.6889e-01 5.2827e+02 0.0000e+00 0.0000e+00 0.0000e+00 0.0000e+00 5.2815e+02 -6.7024e+00 0.0000e+00 0.0000e+00 6.7024e+00 5.2754e+02 
6.0 4.0824e+02 -2.7089e-01 0.0000e+00 0.0000e+00 -2.7089e-01 4.0765e+02 0.0000e+00 0.0000e+00 0.0000e+00 0.0000e+00 4.0747e+02 -6.9463e+00 0.0000e+00 0.0000e+00 6.9463e+00 4.0690e+02 
7.0 3.2244e+02 -2.8935e-01 0.0000e+00 0.0000e+00 -2.8935e-01 3.2187e+02 0.0000e+00 0.0000e+00 0.0000e+00 0.0000e+00 3.2165e+02 -6.8723e+00 0.0000e+00 0.0000e+00 6.8723e+00 3.2111e+02 
8.0 2.6015e+02 -3.2476e-01 0.0000e+00 0.0000e+00 -3.2476e-01 2.5960e+02 0.0000e+00 0.0000e+00 0.0000e+00 0.0000e+00 2.5934e+02 -6.5959e+00 0.0000e+00 0.0000e+00 6.5959e+00 2.5884e+02 
9.0 2.1402e+02 -3.7345e-01 0.0000e+00 0.0000e+00 -3.7345e-01 2.1348e+02 0.0000e+00 0.0000e+00 0.0000e+00 0.0000e+00 2.1319e+02 -6.2031e+00 0.0000e+00 0.0000e+00 6.2031e+00 2.1271e+02 
10.0 1.7919e+02 -4.3045e-01 0.0000e+00 0.0000e+00 -4.3045e-01 1.7867e+02 0.0000e+00 0.0000e+00 0.0000e+00 0.0000e+00 1.7834e+02 -5.7543e+00 0.0000e+00 0.0000e+00 5.7543e+00 1.7790e+02 
11.0 1.5244e+02 -4.9128e-01 0.0000e+00 0.0000e+00 -4.9128e-01 1.5194e+02 0.0000e+00 0.0000e+00 0.0000e+00 0.0000e+00 1.5158e+02 -5.2907e+00 0.0000e+00 0.0000e+00 5.2907e+00 1.5116e+02 
12.0 1.3153e+02 -5.5292e-01 0.0000e+00 0.0000e+00 -5.5292e-01 1.3105e+02 0.0000e+00 0.0000e+00 0.0000e+00 0.0000e+00 1.3067e+02 -4.8384e+00 0.0000e+00 0.0000e+00 4.8384e+00 1.3027e+02 
13.0 1.1494e+02 -6.1500e-01 0.0000e+00 0.0000e+00 -6.1500e-01 1.1447e+02 0.0000e+00 0.0000e+00 0.0000e+00 0.0000e+00 1.1407e+02 -4.4102e+00 0.0000e+00 0.0000e+00 4.4102e+00 1.1369e+02 
14.0 1.0159e+02 -6.7323e-01 0.0000e+00 0.0000e+00 -6.7323e-01 1.0113e+02 0.0000e+00 0.0000e+00 0.0000e+00 0.0000e+00 1.0072e+02 -4.0226e+00 0.0000e+00 0.0000e+00 4.0226e+00 1.0036e+02 
15.0 9.0704e+01 -7.3081e-01 0.0000e+00 0.0000e+00 -7.3081e-01 9.0251e+01 0.0000e+00 0.0000e+00 0.0000e+00 0.0000e+00 8.9825e+01 -3.6681e+00 0.0000e+00 0.0000e+00 3.6681e+00 8.9483e+01 
16.0 8.1707e+01 -7.8615e-01 0.0000e+00 0.0000e+00 -7.8615e-01 8.1262e+01 0.0000e+00 0.0000e+00 0.0000e+00 0.0000e+00 8.0826e+01 -3.3486e+00 0.0000e+00 0.0000e+00 3.3486e+00 8.0500e+01 
17.0 7.4171e+01 -8.3879e-01 0.0000e+00 0.0000e+00 -8.3879e-01 7.3734e+01 0.0000e+00 0.0000e+00 0.0000e+00 0.0000e+00 7.3290e+01 -3.0623e+00 0.0000e+00 0.0000e+00 3.0623e+00 7.2979e+01 
18.0 6.7772e+01 -8.8852e-01 0.0000e+00 0.0000e+00 -8.8852e-01 6.7342e+01 0.0000e+00 0.0000e+00 0.0000e+00 0.0000e+00 6.6891e+01 -2.8071e+00 0.0000e+00 0.0000e+00 2.8071e+00 6.6595e+01 
19.0 6.2269e+01 -9.3567e-01 0.0000e+00 0.0000e+00 -9.3567e-01 6.1846e+01 0.0000e+00 0.0000e+00 0.0000e+00 0.0000e+00 6.1604e+01 -2.5792e+00 0.0000e+00 0.0000e+00 2.5792e+00 6.1324e+01 
20.0 5.7488e+01 -9.8099e-01 0.0000e+00 0.0000e+00 -9.8099e-01 5.7071e+01 0.0000e+00 0.0000e+00 0.0000e+00 0.0000e+00 5.7006e+01 -2.3752e+00 0.0000e+00 0.0000e+00 2.3752e+00 5.6742e+01 
21.0 5.3296e+01 -1.0254e+00 0.0000e+00 0.0000e+00 -1.0254e+00 5.2885e+01 0.0000e+00 0.0000e+00 0.0000e+00 0.0000e+00 5.2973e+01 -2.1925e+00 0.0000e+00 0.0000e+00 2.1925e+00 5.2722e+01 
22.0 4.9590e+01 -1.0696e+00 0.0000e+00 0.0000e+00 -1.0696e+00 4.9184e+01 0.0000e+00 0.0000e+00 0.0000e+00 0.0000e+00 4.9404e+01 -2.0288e+00 0.0000e+00 0.0000e+00 2.0288e+00 4.9164e+01 
23.0 4.6284e+01 -1.1143e+00 0.0000e+00 0.0000e+00 -1.1143e+00 4.5883e+01 0.0000e+00 0.0000e+00 0.0000e+00 0.0000e+00 4.6219e+01 -1.8817e+00 0.0000e+00 0.0000e+00 1.8817e+00 4.5989e+01 
24.0 4.3312e+01 -1.1593e+00 0.0000e+00 0.0000e+00 -1.1593e+00 4.2915e+01 0.0000e+00 0.0000e+00 0.0000e+00 0.0000e+00 4.3352e+01 -1.7490e+00 0.0000e+00 0.0000e+00 1.7490e+00 4.3132e+01 
25.0 4.0622e+01 -1.2045e+00 0.0000e+00 0.0000e+00 -1.2045e+00 4.0230e+01 0.0000e+00 0.0000e+00 0.0000e+00 0.0000e+00 4.0754e+01 -1.6288e+00 0.0000e+00 0.0000e+00 1.6288e+00 4.0543e+01 
26.0 3.8173e+01 -1.2494e+00 0.0000e+00 0.0000e+00 -1.2494e+00 3.7785e+01 0.0000e+00 0.0000e+00 0.0000e+00 0.0000e+00 3.8387e+01 -1.5194e+00 0.0000e+00 0.0000e+00 1.5194e+00 3.8184e+01 
27.0 3.5934e+01 -1.2937e+00 0.0000e+00 0.0000e+00 -1.2937e+00 3.5550e+01 0.0000e+00 0.0000e+00 0.0000e+00 0.0000e+00 3.6220e+01 -1.4195e+00 0.0000e+00 0.0000e+00 1.4195e+00 3.6024e+01 
28.0 3.3880e+01 -1.3372e+00 0.0000e+00 0.0000e+00 -1.3372e+00 3.3499e+01 0.0000e+00 0.0000e+00 0.0000e+00 0.0000e+00 3.4229e+01 -1.3278e+00 0.0000e+00 0.0000e+00 1.3278e+00 3.4041e+01 
29.0 3.1989e+01 -1.3800e+00 0.0000e+00 0.0000e+00 -1.3800e+00 3.1612e+01 0.0000e+00 0.0000e+00 0.0000e+00 0.0000e+00 3.2394e+01 -1.2433e+00 0.0000e+00 0.0000e+00 1.2433e+00 3.2213e+01 
30.0 3.0244e+01 -1.4221e+00 0.0000e+00 0.0000e+00 -1.4221e+00 2.9871e+01 0.0000e+00 0.0000e+00 0.0000e+00 0.0000e+00 3.0699e+01 -1.1649e+00 0.0000e+00 0.0000e+00 1.1649e+00 3.0523e+01 
31.0 2.8629e+01 -1.4636e+00 0.0000e+00 0.0000e+00 -1.4636e+00 2.8258e+01 0.0000e+00 0.0000e+00 0.0000e+00 0.0000e+00 2.8986e+01 -1.0923e+00 0.0000e+00 0.0000e+00 1.0923e+00 2.8819e+01 
32.0 2.7129e+01 -1.5040e+00 0.0000e+00 0.0000e+00 -1.5040e+00 2.6761e+01 0.0000e+00 0.0000e+00 0.0000e+00 0.0000e+00 2.7394e+01 -1.0253e+00 0.0000e+00 0.0000e+00 1.0253e+00 2.7235e+01 
33.0 2.5731e+01 -1.5431e+00 0.0000e+00 0.0000e+00 -1.5431e+00 2.5366e+01 0.0000e+00 0.0000e+00 0.0000e+00 0.0000e+00 2.5910e+01 -9.6349e-01 0.0000e+00 0.0000e+00 9.6349e-01 2.5759e+01 
34.0 2.4422e+01 -1.5804e+00 0.0000e+00 0.0000e+00 -1.5804e+00 2.4061e+01 0.0000e+00 0.0000e+00 0.0000e+00 0.0000e+00 2.4524e+01 -9.0661e-01 0.0000e+00 0.0000e+00 9.0661e-01 2.4380e+01 
35.0 2.3195e+01 -1.6158e+00 0.0000e+00 0.0000e+00 -1.6158e+00 2.2836e+01 0.0000e+00 0.0000e+00 0.0000e+00 0.0000e+00 2.3225e+01 -8.5410e-01 0.0000e+00 0.0000e+00 8.5410e-01 2.3089e+01 
36.0 2.2041e+01 -1.6492e+00 0.0000e+00 0.0000e+00 -1.6492e+00 2.1684e+01 0.0000e+00 0.0000e+00 0.0000e+00 0.0000e+00 2.2005e+01 -8.0532e-01 0.0000e+00 0.0000e+00 8.0532e-01 2.1876e+01 
37.0 2.0955e+01 -1.6808e+00 0.0000e+00 0.0000e+00 -1.6808e+00 2.0601e+01 0.0000e+00 0.0000e+00 0.0000e+00 0.0000e+00 2.0857e+01 -7.5956e-01 0.0000e+00 0.0000e+00 7.5956e-01 2.0735e+01 
38.0 1.9932e+01 -1.7106e+00 0.0000e+00 0.0000e+00 -1.7106e+00 1.9580e+01 0.0000e+00 0.0000e+00 0.0000e+00 0.0000e+00 1.9776e+01 -7.1621e-01 0.0000e+00 0.0000e+00 7.1621e-01 1.9661e+01 
39.0 1.8970e+01 -1.7390e+00 0.0000e+00 0.0000e+00 -1.7390e+00 1.8620e+01 0.0000e+00 0.0000e+00 0.0000e+00 0.0000e+00 1.8759e+01 -6.7488e-01 0.0000e+00 0.0000e+00 6.7488e-01 1.8650e+01 
40.0 1.8064e+01 -1.7662e+00 0.0000e+00 0.0000e+00 -1.7662e+00 1.7717e+01 0.0000e+00 0.0000e+00 0.0000e+00 0.0000e+00 1.7800e+01 -6.3540e-01 0.0000e+00 0.0000e+00 6.3540e-01 1.7698e+01 
41.0 1.7212e+01 -1.7923e+00 0.0000e+00 0.0000e+00 -1.7923e+00 1.6867e+01 0.0000e+00 0.0000e+00 0.0000e+00 0.0000e+00 1.6897e+01 -5.9780e-01 0.0000e+00 0.0000e+00 5.9780e-01 1.6801e+01 
42.0 1.6410e+01 -1.8171e+00 0.0000e+00 0.0000e+00 -1.8171e+00 1.6067e+01 0.0000e+00 0.0000e+00 0.0000e+00 0.0000e+00 1.6045e+01 -5.6207e-01 0.0000e+00 0.0000e+00 5.6207e-01 1.5956e+01 
43.0 1.5654e+01 -1.8406e+00 0.0000e+00 0.0000e+00 -1.8406e+00 1.5313e+01 0.0000e+00 0.0000e+00 0.0000e+00 0.0000e+00 1.5241e+01 -5.2816e-01 0.0000e+00 0.0000e+00 5.2816e-01 1.5157e+01 
44.0 1.4940e+01 -1.8626e+00 0.0000e+00 0.0000e+00 -1.8626e+00 1.4601e+01 0.0000e+00 0.0000e+00 0.0000e+00 0.0000e+00 1.4480e+01 -4.9594e-01 0.0000e+00 0.0000e+00 4.9594e-01 1.4402e+01 
45.0 1.4266e+01 -1.8831e+00 0.0000e+00 0.0000e+00 -1.8831e+00 1.3929e+01 0.0000e+00 0.0000e+00 0.0000e+00 0.0000e+00 1.3760e+01 -4.6523e-01 0.0000e+00 0.0000e+00 4.6523e-01 1.3688e+01 
46.0 1.3628e+01 -1.9021e+00 0.0000e+00 0.0000e+00 -1.9021e+00 1.3293e+01 0.0000e+00 0.0000e+00 0.0000e+00 0.0000e+00 1.3078e+01 -4.3582e-01 0.0000e+00 0.0000e+00 4.3582e-01 1.3012e+01 
47.0 1.3024e+01 -1.9195e+00 0.0000e+00 0.0000e+00 -1.9195e+00 1.2692e+01 0.0000e+00 0.0000e+00 0.0000e+00 0.0000e+00 1.2431e+01 -4.0757e-01 0.0000e+00 0.0000e+00 4.0757e-01 1.2370e+01 
48.0 1.2452e+01 -1.9354e+00 0.0000e+00 0.0000e+00 -1.9354e+00 1.2122e+01 0.0000e+00 0.0000e+00 0.0000e+00 0.0000e+00 1.1817e+01 -3.8037e-01 0.0000e+00 0.0000e+00 3.8037e-01 1.1762e+01 
49.0 1.1911e+01 -1.9498e+00 0.0000e+00 0.0000e+00 -1.9498e+00 1.1581e+01 0.0000e+00 0.0000e+00 0.0000e+00 0.0000e+00 1.1235e+01 -3.5417e-01 0.0000e+00 0.0000e+00 3.5417e-01 1.1185e+01 
50.0 1.1397e+01 -1.9627e+00 0.0000e+00 0.0000e+00 -1.9627e+00 1.1069e+01 0.0000e+00 0.0000e+00 0.0000e+00 0.0000e+00 1.0682e+01 -3.2892e-01 0.0000e+00 0.0000e+00 3.2892e-01 1.0637e+01 
51.0 1.0910e+01 -1.9741e+00 0.0000e+00 0.0000e+00 -1.9741e+00 1.0584e+01 0.0000e+00 0.0000e+00 0.0000e+00 0.0000e+00 1.0156e+01 -3.0456e-01 0.0000e+00 0.0000e+00 3.0456e-01 1.0117e+01 
52.0 1.0447e+01 -1.9839e+00 0.0000e+00 0.0000e+00 -1.9839e+00 1.0123e+01 0.0000e+00 0.0000e+00 0.0000e+00 0.0000e+00 9.6563e+00 -2.8100e-01 0.0000e+00 0.0000e+00 2.8100e-01 9.6220e+00 
53.0 1.0009e+01 -1.9923e+00 0.0000e+00 0.0000e+00 -1.9923e+00 9.6859e+00 0.0000e+00 0.0000e+00 0.0000e+00 0.0000e+00 9.1810e+00 -2.5811e-01 0.0000e+00 0.0000e+00 2.5811e-01 9.1517e+00 
54.0 9.5927e+00 -1.9993e+00 0.0000e+00 0.0000e+00 -1.9993e+00 9.2711e+00 0.0000e+00 0.0000e+00 0.0000e+00 0.0000e+00 8.7286e+00 -2.3583e-01 0.0000e+00 0.0000e+00 2.3583e-01 8.7043e+00 
55.0 9.1977e+00 -2.0050e+00 0.0000e+00 0.0000e+00 -2.0050e+00 8.8774e+00 0.0000e+00 0.0000e+00 0.0000e+00 0.0000e+00 8.2981e+00 -2.1410e-01 0.0000e+00 0.0000e+00 2.1410e-01 8.2786e+00 
56.0 8.8229e+00 -2.0093e+00 0.0000e+00 0.0000e+00 -2.0093e+00 8.5038e+00 0.0000e+00 0.0000e+00 0.0000e+00 0.0000e+00 7.8882e+00 -1.9293e-01 0.0000e+00 0.0000e+00 1.9293e-01 7.8735e+00 
57.0 8.4672e+00 -2.0124e+00 0.0000e+00 0.0000e+00 -2.0124e+00 8.1493e+00 0.0000e+00 0.0000e+00 0.0000e+00 0.0000e+00 7.4978e+00 -1.7232e-01 0.0000e+00 0.0000e+00 1.7232e-01 7.4878e+00 
58.0 8.1295e+00 -2.0142e+00 0.0000e+00 0.0000e+00 -2.0142e+00 7.8127e+00 0.0000e+00 0.0000e+00 0.0000e+00 0.0000e+00 7.1257e+00 -1.5224e-01 0.0000e+00 0.0000e+00 1.5224e-01 7.1205e+00 
59.0 7.8089e+00 -2.0147e+00 0.0000e+00 0.0000e+00 -2.0147e+00 7.4931e+00 0.0000e+00 0.0000e+00 0.0000e+00 0.0000e+00 6.7711e+00 -1.3267e-01 0.0000e+00 0.0000e+00 1.3267e-01 6.7706e+00 
60.0 7.5044e+00 -2.0141e+00 0.0000e+00 0.0000e+00 -2.0141e+00 7.1896e+00 0.0000e+00 0.0000e+00 0.0000e+00 0.0000e+00 6.4329e+00 -1.1357e-01 0.0000e+00 0.0000e+00 1.1357e-01 6.4370e+00 
61.0 7.2152e+00 -2.0123e+00 0.0000e+00 0.0000e+00 -2.0123e+00 6.9013e+00 0.0000e+00 0.0000e+00 0.0000e+00 0.0000e+00 6.1103e+00 -9.4933e-02 0.0000e+00 0.0000e+00 9.4933e-02 6.1190e+00 
62.0 6.9405e+00 -2.0094e+00 0.0000e+00 0.0000e+00 -2.0094e+00 6.6275e+00 0.0000e+00 0.0000e+00 0.0000e+00 0.0000e+00 5.8026e+00 -7.6753e-02 0.0000e+00 0.0000e+00 7.6753e-02 5.8158e+00 
63.0 6.6796e+00 -2.0055e+00 0.0000e+00 0.0000e+00 -2.0055e+00 6.3674e+00 0.0000e+00 0.0000e+00 0.0000e+00 0.0000e+00 5.5088e+00 -5.9044e-02 0.0000e+00 0.0000e+00 5.9044e-02 5.5266e+00 
64.0 6.4317e+00 -2.0005e+00 0.0000e+00 0.0000e+00 -2.0005e+00 6.1202e+00 0.0000e+00 0.0000e+00 0.0000e+00 0.0000e+00 5.2284e+00 -4.1823e-02 0.0000e+00 0.0000e+00 4.1823e-02 5.2507e+00 
65.0 6.1962e+00 -1.9945e+00 0.0000e+00 0.0000e+00 -1.9945e+00 5.8853e+00 0.0000e+00 0.0000e+00 0.0000e+00 0.0000e+00 4.9607e+00 -2.5115e-02 0.0000e+00 0.0000e+00 2.5115e-02 4.9874e+00 
66.0 5.9723e+00 -1.9876e+00 0.0000e+00 0.0000e+00 -1.9876e+00 5.6621e+00 0.0000e+00 0.0000e+00 0.0000e+00 0.0000e+00 4.7049e+00 -8.9425e-03 0.0000e+00 0.0000e+00 8.9425e-03 4.7360e+00 
67.0 5.7595e+00 -1.9797e+00 0.0000e+00 0.0000e+00 -1.9797e+00 5.4498e+00 0.0000e+00 0.0000e+00 0.0000e+00 0.0000e+00 4.4604e+00 6.6780e-03 0.0000e+00 0.0000e+00 -6.6780e-03 4.4960e+00 
68.0 5.5571e+00 -1.9708e+00 0.0000e+00 0.0000e+00 -1.9708e+00 5.2479e+00 0.0000e+00 0.0000e+00 0.0000e+00 0.0000e+00 4.2267e+00 2.1734e-02 0.0000e+00 0.0000e+00 -2.1734e-02 4.2667e+00 
69.0 5.3646e+00 -1.9611e+00 0.0000e+00 0.0000e+00 -1.9611e+00 5.0559e+00 0.0000e+00 0.0000e+00 0.0000e+00 0.0000e+00 4.0032e+00 3.6217e-02 0.0000e+00 0.0000e+00 -3.6217e-02 4.0475e+00 
70.0 5.1815e+00 -1.9505e+00 0.0000e+00 0.0000e+00 -1.9505e+00 4.8732e+00 0.0000e+00 0.0000e+00 0.0000e+00 0.0000e+00 3.7893e+00 5.0122e-02 0.0000e+00 0.0000e+00 -5.0122e-02 3.8380e+00 
71.0 5.0072e+00 -1.9390e+00 0.0000e+00 0.0000e+00 -1.9390e+00 4.6993e+00 0.0000e+00 0.0000e+00 0.0000e+00 0.0000e+00 3.5846e+00 6.3444e-02 0.0000e+00 0.0000e+00 -6.3444e-02 3.6376e+00 
72.0 4.8413e+00 -1.9266e+00 0.0000e+00 0.0000e+00 -1.9266e+00 4.5337e+00 0.0000e+00 0.0000e+00 0.0000e+00 0.0000e+00 3.3886e+00 7.6181e-02 0.0000e+00 0.0000e+00 -7.6181e-02 3.4458e+00 
73.0 4.6834e+00 -1.9135e+00 0.0000e+00 0.0000e+00 -1.9135e+00 4.3762e+00 0.0000e+00 0.0000e+00 0.0000e+00 0.0000e+00 3.2008e+00 8.8327e-02 0.0000e+00 0.0000e+00 -8.8327e-02 3.2623e+00 
74.0 4.5331e+00 -1.8996e+00 0.0000e+00 0.0000e+00 -1.8996e+00 4.2261e+00 0.0000e+00 0.0000e+00 0.0000e+00 0.0000e+00 3.0209e+00 9.9874e-02 0.0000e+00 0.0000e+00 -9.9874e-02 3.0866e+00 
75.0 4.3900e+00 -1.8849e+00 0.0000e+00 0.0000e+00 -1.8849e+00 4.0832e+00 0.0000e+00 0.0000e+00 0.0000e+00 0.0000e+00 2.8484e+00 1.1082e-01 0.0000e+00 0.0000e+00 -1.1082e-01 2.9183e+00 
76.0 4.2536e+00 -1.8694e+00 0.0000e+00 0.0000e+00 -1.8694e+00 3.9471e+00 0.0000e+00 0.0000e+00 0.0000e+00 0.0000e+00 2.6830e+00 1.2116e-01 0.0000e+00 0.0000e+00 -1.2116e-01 2.7570e+00 
77.0 4.1237e+00 -1.8532e+00 0.0000e+00 0.0000e+00 -1.8532e+00 3.8174e+00 0.0000e+00 0.0000e+00 0.0000e+00 0.0000e+00 2.5242e+00 1.3091e-01 0.0000e+00 0.0000e+00 -1.3091e-01 2.6024e+00 
78.0 3.9999e+00 -1.8363e+00 0.0000e+00 0.0000e+00 -1.8363e+00 3.6939e+00 0.0000e+00 0.0000e+00 0.0000e+00 0.0000e+00 2.3719e+00 1.4010e-01 0.0000e+00 0.0000e+00 -1.4010e-01 2.4541e+00 
79.0 3.8820e+00 -1.8188e+00 0.0000e+00 0.0000e+00 -1.8188e+00 3.5762e+00 0.0000e+00 0.0000e+00 0.0000e+00 0.0000e+00 2.2256e+00 1.4873e-01 0.0000e+00 0.0000e+00 -1.4873e-01 2.3118e+00 
80.0 3.7696e+00 -1.8005e+00 0.0000e+00 0.0000e+00 -1.8005e+00 3.4640e+00 0.0000e+00 0.0000e+00 0.0000e+00 0.0000e+00 2.0851e+00 1.5684e-01 0.0000e+00 0.0000e+00 -1.5684e-01 2.1752e+00 
81.0 3.6624e+00 -1.7817e+00 0.0000e+00 0.0000e+00 -1.7817e+00 3.3571e+00 0.0000e+00 0.0000e+00 0.0000e+00 0.0000e+00 1.9501e+00 1.6444e-01 0.0000e+00 0.0000e+00 -1.6444e-01 2.0441e+00 
82.0 3.5603e+00 -1.7622e+00 0.0000e+00 0.0000e+00 -1.7622e+00 3.2553e+00 0.0000e+00 0.0000e+00 0.0000e+00 0.0000e+00 1.8203e+00 1.7156e-01 0.0000e+00 0.0000e+00 -1.7156e-01 1.9182e+00 
83.0 3.4629e+00 -1.7423e+00 0.0000e+00 0.0000e+00 -1.7423e+00 3.1582e+00 0.0000e+00 0.0000e+00 0.0000e+00 0.0000e+00 1.6956e+00 1.7819e-01 0.0000e+00 0.0000e+00 -1.7819e-01 1.7972e+00 
84.0 3.3701e+00 -1.7218e+00 0.0000e+00 0.0000e+00 -1.7218e+00 3.0657e+00 0.0000e+00 0.0000e+00 0.0000e+00 0.0000e+00 1.5756e+00 1.8435e-01 0.0000e+00 0.0000e+00 -1.8435e-01 1.6809e+00 
85.0 3.2817e+00 -1.7007e+00 0.0000e+00 0.0000e+00 -1.7007e+00 2.9776e+00 0.0000e+00 0.0000e+00 0.0000e+00 0.0000e+00 1.4602e+00 1.9006e-01 0.0000e+00 0.0000e+00 -1.9006e-01 1.5691e+00 
86.0 3.1974e+00 -1.6793e+00 0.0000e+00 0.0000e+00 -1.6793e+00 2.8936e+00 0.0000e+00 0.0000e+00 0.0000e+00 0.0000e+00 1.3492e+00 1.9535e-01 0.0000e+00 0.0000e+00 -1.9535e-01 1.4616e+00 
87.0 3.1170e+00 -1.6573e+00 0.0000e+00 0.0000e+00 -1.6573e+00 2.8136e+00 0.0000e+00 0.0000e+00 0.0000e+00 0.0000e+00 1.2423e+00 2.0022e-01 0.0000e+00 0.0000e+00 -2.0022e-01 1.3582e+00 
88.0 3.0404e+00 -1.6350e+00 0.0000e+00 0.0000e+00 -1.6350e+00 2.7374e+00 0.0000e+00 0.0000e+00 0.0000e+00 0.0000e+00 1.1393e+00 2.0469e-01 0.0000e+00 0.0000e+00 -2.0469e-01 1.2587e+00 
89.0 2.9674e+00 -1.6122e+00 0.0000e+00 0.0000e+00 -1.6122e+00 2.6648e+00 0.0000e+00 0.0000e+00 0.0000e+00 0.0000e+00 1.0402e+00 2.0879e-01 0.0000e+00 0.0000e+00 -2.0879e-01 1.1629e+00 
90.0 2.8978e+00 -1.5891e+00 0.0000e+00 0.0000e+00 -1.5891e+00 2.5957e+00 0.0000e+00 0.0000e+00 0.0000e+00 0.0000e+00 9.4474e-01 2.1253e-01 0.0000e+00 0.0000e+00 -2.1253e-01 1.0707e+00 
91.0 2.8315e+00 -1.5657e+00 0.0000e+00 0.0000e+00 -1.5657e+00 2.5299e+00 0.0000e+00 0.0000e+00 0.0000e+00 0.0000e+00 8.5275e-01 2.1591e-01 0.0000e+00 0.0000e+00 -2.1591e-01 9.8183e-01 
92.0 2.7683e+00 -1.5419e+00 0.0000e+00 0.0000e+00 -1.5419e+00 2.4673e+00 0.0000e+00 0.0000e+00 0.0000e+00 0.0000e+00 7.6412e-01 2.1897e-01 0.0000e+00 0.0000e+00 -2.1897e-01 8.9625e-01 
93.0 2.7082e+00 -1.5178e+00 0.0000e+00 0.0000e+00 -1.5178e+00 2.4077e+00 0.0000e+00 0.0000e+00 0.0000e+00 0.0000e+00 6.7868e-01 2.2170e-01 0.0000e+00 0.0000e+00 -2.2170e-01 8.1380e-01 
94.0 2.6509e+00 -1.4935e+00 0.0000e+00 0.0000e+00 -1.4935e+00 2.3510e+00 0.0000e+00 0.0000e+00 0.0000e+00 0.0000e+00 5.9633e-01 2.2413e-01 0.0000e+00 0.0000e+00 -2.2413e-01 7.3432e-01 
95.0 2.5964e+00 -1.4689e+00 0.0000e+00 0.0000e+00 -1.4689e+00 2.2971e+00 0.0000e+00 0.0000e+00 0.0000e+00 0.0000e+00 5.1692e-01 2.2626e-01 0.0000e+00 0.0000e+00 -2.2626e-01 6.5769e-01 
96.0 2.5444e+00 -1.4440e+00 0.0000e+00 0.0000e+00 -1.4440e+00 2.2458e+00 0.0000e+00 0.0000e+00 0.0000e+00 0.0000e+00 4.4034e-01 2.2812e-01 0.0000e+00 0.0000e+00 -2.2812e-01 5.8379e-01 
97.0 2.4951e+00 -1.4190e+00 0.0000e+00 0.0000e+00 -1.4190e+00 2.1972e+00 0.0000e+00 0.0000e+00 0.0000e+00 0.0000e+00 3.6648e-01 2.2972e-01 0.0000e+00 0.0000e+00 -2.2972e-01 5.1251e-01 
98.0 2.4481e+00 -1.3937e+00 0.0000e+00 0.0000e+00 -1.3937e+00 2.1510e+00 0.0000e+00 0.0000e+00 0.0000e+00 0.0000e+00 2.9524e-01 2.3107e-01 0.0000e+00 0.0000e+00 -2.3107e-01 4.4372e-01 
99.0 2.4035e+00 -1.3683e+00 0.0000e+00 0.0000e+00 -1.3683e+00 2.1071e+00 0.0000e+00 0.0000e+00 0.0000e+00 0.0000e+00 2.2650e-01 2.3218e-01 0.0000e+00 0.0000e+00 -2.3218e-01 3.7734e-01 
100.0 2.3610e+00 -1.3427e+00 0.0000e+00 0.0000e+00 -1.3427e+00 2.0656e+00 0.0000e+00 0.0000e+00 0.0000e+00 0.0000e+00 1.6019e-01 2.3306e-01 0.0000e+00 0.0000e+00 -2.3306e-01 3.1325e-01 
101.0 2.3207e+00 -1.3169e+00 0.0000e+00 0.0000e+00 -1.3169e+00 2.0262e+00 0.0000e+00 0.0000e+00 0.0000e+00 0.0000e+00 9.6187e-02 2.3373e-01 0.0000e+00 0.0000e+00 -2.3373e-01 2.5136e-01 
102.0 2.2825e+00 -1.2910e+00 0.0000e+00 0.0000e+00 -1.2910e+00 1.9889e+00 0.0000e+00 0.0000e+00 0.0000e+00 0.0000e+00 3.4416e-02 2.3418e-01 0.0000e+00 0.0000e+00 -2.3418e-01 1.9159e-01 
103.0 2.2462e+00 -1.2650e+00 0.0000e+00 0.0000e+00 -1.2650e+00 1.9537e+00 0.0000e+00 0.0000e+00 0.0000e+00 0.0000e+00 -2.5216e-02 2.3444e-01 0.0000e+00 0.0000e+00 -2.3444e-01 1.3383e-01 
104.0 2.2118e+00 -1.2389e+00 0.0000e+00 0.0000e+00 -1.2389e+00 1.9204e+00 0.0000e+00 0.0000e+00 0.0000e+00 0.0000e+00 -8.2792e-02 2.3451e-01 0.0000e+00 0.0000e+00 -2.3451e-01 7.8006e-02 
105.0 2.1792e+00 -1.2127e+00 0.0000e+00 0.0000e+00 -1.2127e+00 1.8889e+00 0.0000e+00 0.0000e+00 0.0000e+00 0.0000e+00 -1.3839e-01 2.3440e-01 0.0000e+00 0.0000e+00 -2.3440e-01 2.4042e-02 
106.0 2.1483e+00 -1.1863e+00 0.0000e+00 0.0000e+00 -1.1863e+00 1.8593e+00 0.0000e+00 0.0000e+00 0.0000e+00 0.0000e+00 -1.9209e-01 2.3413e-01 0.0000e+00 0.0000e+00 -2.3413e-01 -2.8140e-02 
107.0 2.1191e+00 -1.1599e+00 0.0000e+00 0.0000e+00 -1.1599e+00 1.8313e+00 0.0000e+00 0.0000e+00 0.0000e+00 0.0000e+00 -2.4397e-01 2.3372e-01 0.0000e+00 0.0000e+00 -2.3372e-01 -7.8605e-02 
108.0 2.0915e+00 -1.1335e+00 0.0000e+00 0.0000e+00 -1.1335e+00 1.8051e+00 0.0000e+00 0.0000e+00 0.0000e+00 0.0000e+00 -2.9408e-01 2.3317e-01 0.0000e+00 0.0000e+00 -2.3317e-01 -1.2742e-01 
109.0 2.0655e+00 -1.1069e+00 0.0000e+00 0.0000e+00 -1.1069e+00 1.7804e+00 0.0000e+00 0.0000e+00 0.0000e+00 0.0000e+00 -3.4251e-01 2.3251e-01 0.0000e+00 0.0000e+00 -2.3251e-01 -1.7465e-01 
110.0 2.0409e+00 -1.0804e+00 0.0000e+00 0.0000e+00 -1.0804e+00 1.7572e+00 0.0000e+00 0.0000e+00 0.0000e+00 0.0000e+00 -3.8931e-01 2.3173e-01 0.0000e+00 0.0000e+00 -2.3173e-01 -2.2036e-01 
111.0 2.0177e+00 -1.0538e+00 0.0000e+00 0.0000e+00 -1.0538e+00 1.7355e+00 0.0000e+00 0.0000e+00 0.0000e+00 0.0000e+00 -4.3454e-01 2.3086e-01 0.0000e+00 0.0000e+00 -2.3086e-01 -2.6459e-01 
112.0 1.9960e+00 -1.0272e+00 0.0000e+00 0.0000e+00 -1.0272e+00 1.7152e+00 0.0000e+00 0.0000e+00 0.0000e+00 0.0000e+00 -4.7827e-01 2.2989e-01 0.0000e+00 0.0000e+00 -2.2989e-01 -3.0741e-01 
113.0 1.9755e+00 -1.0006e+00 0.0000e+00 0.0000e+00 -1.0006e+00 1.6963e+00 0.0000e+00 0.0000e+00 0.0000e+00 0.0000e+00 -5.2054e-01 2.2885e-01 0.0000e+00 0.0000e+00 -2.2885e-01 -3.4887e-01 
114.0 1.9563e+00 -9.7412e-01 0.0000e+00 0.0000e+00 -9.7412e-01 1.6786e+00 0.0000e+00 0.0000e+00 0.0000e+00 0.0000e+00 -5.6141e-01 2.2774e-01 0.0000e+00 0.0000e+00 -2.2774e-01 -3.8901e-01 
115.0 1.9383e+00 -9.4767e-01 0.0000e+00 0.0000e+00 -9.4767e-01 1.6622e+00 0.0000e+00 0.0000e+00 0.0000e+00 0.0000e+00 -6.0093e-01 2.2656e-01 0.0000e+00 0.0000e+00 -2.2656e-01 -4.2787e-01 
116.0 1.9215e+00 -9.2129e-01 0.0000e+00 0.0000e+00 -9.2129e-01 1.6470e+00 0.0000e+00 0.0000e+00 0.0000e+00 0.0000e+00 -6.3914e-01 2.2532e-01 0.0000e+00 0.0000e+00 -2.2532e-01 -4.6550e-01 
117.0 1.9059e+00 -8.9502e-01 0.0000e+00 0.0000e+00 -8.9502e-01 1.6329e+00 0.0000e+00 0.0000e+00 0.0000e+00 0.0000e+00 -6.7609e-01 2.2403e-01 0.0000e+00 0.0000e+00 -2.2403e-01 -5.0193e-01 
118.0 1.8913e+00 -8.6887e-01 0.0000e+00 0.0000e+00 -8.6887e-01 1.6200e+00 0.0000e+00 0.0000e+00 0.0000e+00 0.0000e+00 -7.1181e-01 2.2268e-01 0.0000e+00 0.0000e+00 -2.2268e-01 -5.3721e-01 
119.0 1.8777e+00 -8.4286e-01 0.0000e+00 0.0000e+00 -8.4286e-01 1.6081e+00 0.0000e+00 0.0000e+00 0.0000e+00 0.0000e+00 -7.4636e-01 2.2129e-01 0.0000e+00 0.0000e+00 -2.2129e-01 -5.7137e-01 
120.0 1.8652e+00 -8.1700e-01 0.0000e+00 0.0000e+00 -8.1700e-01 1.5972e+00 0.0000e+00 0.0000e+00 0.0000e+00 0.0000e+00 -7.7976e-01 2.1984e-01 0.0000e+00 0.0000e+00 -2.1984e-01 -6.0445e-01 
121.0 1.8536e+00 -7.9132e-01 0.0000e+00 0.0000e+00 -7.9132e-01 1.5873e+00 0.0000e+00 0.0000e+00 0.0000e+00 0.0000e+00 -8.1206e-01 2.1834e-01 0.0000e+00 0.0000e+00 -2.1834e-01 -6.3648e-01 
122.0 1.8430e+00 -7.6584e-01 0.0000e+00 0.0000e+00 -7.6584e-01 1.5784e+00 0.0000e+00 0.0000e+00 0.0000e+00 0.0000e+00 -8.4331e-01 2.1678e-01 0.0000e+00 0.0000e+00 -2.1678e-01 -6.6750e-01 
123.0 1.8332e+00 -7.4056e-01 0.0000e+00 0.0000e+00 -7.4056e-01 1.5703e+00 0.0000e+00 0.0000e+00 0.0000e+00 0.0000e+00 -8.7353e-01 2.1515e-01 0.0000e+00 0.0000e+00 -2.1515e-01 -6.9755e-01 
124.0 1.8243e+00 -7.1550e-01 0.0000e+00 0.0000e+00 -7.1550e-01 1.5630e+00 0.0000e+00 0.0000e+00 0.0000e+00 0.0000e+00 -9.0278e-01 2.1343e-01 0.0000e+00 0.0000e+00 -2.1343e-01 -7.2666e-01 
125.0 1.8162e+00 -6.9067e-01 0.0000e+00 0.0000e+00 -6.9067e-01 1.5566e+00 0.0000e+00 0.0000e+00 0.0000e+00 0.0000e+00 -9.3109e-01 2.1164e-01 0.0000e+00 0.0000e+00 -2.1164e-01 -7.5486e-01 
126.0 1.8088e+00 -6.6609e-01 0.0000e+00 0.0000e+00 -6.6609e-01 1.5509e+00 0.0000e+00 0.0000e+00 0.0000e+00 0.0000e+00 -9.5849e-01 2.0976e-01 0.0000e+00 0.0000e+00 -2.0976e-01 -7.8220e-01 
127.0 1.8022e+00 -6.4176e-01 0.0000e+00 0.0000e+00 -6.4176e-01 1.5459e+00 0.0000e+00 0.0000e+00 0.0000e+00 0.0000e+00 -9.8502e-01 2.0777e-01 0.0000e+00 0.0000e+00 -2.0777e-01 -8.0869e-01 
128.0 1.7963e+00 -6.1769e-01 0.0000e+00 0.0000e+00 -6.1769e-01 1.5417e+00 0.0000e+00 0.0000e+00 0.0000e+00 0.0000e+00 -1.0107e+00 2.0568e-01 0.0000e+00 0.0000e+00 -2.0568e-01 -8.3439e-01 
129.0 1.7910e+00 -5.9389e-01 0.0000e+00 0.0000e+00 -5.9389e-01 1.5381e+00 0.0000e+00 0.0000e+00 0.0000e+00 0.0000e+00 -1.0356e+00 2.0348e-01 0.0000e+00 0.0000e+00 -2.0348e-01 -8.5932e-01 
130.0 1.7863e+00 -5.7037e-01 0.0000e+00 0.0000e+00 -5.7037e-01 1.5351e+00 0.0000e+00 0.0000e+00 0.0000e+00 0.0000e+00 -1.0597e+00 2.0116e-01 0.0000e+00 0.0000e+00 -2.0116e-01 -8.8351e-01 
131.0 1.7823e+00 -5.4711e-01 0.0000e+00 0.0000e+00 -5.4711e-01 1.5327e+00 0.0000e+00 0.0000e+00 0.0000e+00 0.0000e+00 -1.0831e+00 1.9871e-01 0.0000e+00 0.0000e+00 -1.9871e-01 -9.0700e-01 
132.0 1.7788e+00 -5.2414e-01 0.0000e+00 0.0000e+00 -5.2414e-01 1.5309e+00 0.0000e+00 0.0000e+00 0.0000e+00 0.0000e+00 -1.1058e+00 1.9615e-01 0.0000e+00 0.0000e+00 -1.9615e-01 -9.2981e-01 
133.0 1.7759e+00 -5.0144e-01 0.0000e+00 0.0000e+00 -5.0144e-01 1.5297e+00 0.0000e+00 0.0000e+00 0.0000e+00 0.0000e+00 -1.1278e+00 1.9348e-01 0.0000e+00 0.0000e+00 -1.9348e-01 -9.5197e-01 
134.0 1.7735e+00 -4.7902e-01 0.0000e+00 0.0000e+00 -4.7902e-01 1.5290e+00 0.0000e+00 0.0000e+00 0.0000e+00 0.0000e+00 -1.1491e+00 1.9070e-01 0.0000e+00 0.0000e+00 -1.9070e-01 -9.7352e-01 
135.0 1.7716e+00 -4.5688e-01 0.0000e+00 0.0000e+00 -4.5688e-01 1.5288e+00 0.0000e+00 0.0000e+00 0.0000e+00 0.0000e+00 -1.1698e+00 1.8782e-01 0.0000e+00 0.0000e+00 -1.8782e-01 -9.9446e-01 
136.0 1.7703e+00 -4.3502e-01 0.0000e+00 0.0000e+00 -4.3502e-01 1.5292e+00 0.0000e+00 0.0000e+00 0.0000e+00 0.0000e+00 -1.1899e+00 1.8485e-01 0.0000e+00 0.0000e+00 -1.8485e-01 -1.0148e+00 
137.0 1.7694e+00 -4.1346e-01 0.0000e+00 0.0000e+00 -4.1346e-01 1.5300e+00 0.0000e+00 0.0000e+00 0.0000e+00 0.0000e+00 -1.2094e+00 1.8178e-01 0.0000e+00 0.0000e+00 -1.8178e-01 -1.0347e+00 
138.0 1.7690e+00 -3.9219e-01 0.0000e+00 0.0000e+00 -3.9219e-01 1.5313e+00 0.0000e+00 0.0000e+00 0.0000e+00 0.0000e+00 -1.2282e+00 1.7862e-01 0.0000e+00 0.0000e+00 -1.7862e-01 -1.0540e+00 
139.0 1.7690e+00 -3.7121e-01 0.0000e+00 0.0000e+00 -3.7121e-01 1.5332e+00 0.0000e+00 0.0000e+00 0.0000e+00 0.0000e+00 -1.2466e+00 1.7538e-01 0.0000e+00 0.0000e+00 -1.7538e-01 -1.0727e+00 
140.0 1.7695e+00 -3.5055e-01 0.0000e+00 0.0000e+00 -3.5055e-01 1.5354e+00 0.0000e+00 0.0000e+00 0.0000e+00 0.0000e+00 -1.2644e+00 1.7206e-01 0.0000e+00 0.0000e+00 -1.7206e-01 -1.0910e+00 
141.0 1.7704e+00 -3.3019e-01 0.0000e+00 0.0000e+00 -3.3019e-01 1.5382e+00 0.0000e+00 0.0000e+00 0.0000e+00 0.0000e+00 -1.2816e+00 1.6867e-01 0.0000e+00 0.0000e+00 -1.6867e-01 -1.1089e+00 
142.0 1.7717e+00 -3.1017e-01 0.0000e+00 0.0000e+00 -3.1017e-01 1.5414e+00 0.0000e+00 0.0000e+00 0.0000e+00 0.0000e+00 -1.2983e+00 1.6522e-01 0.0000e+00 0.0000e+00 -1.6522e-01 -1.1263e+00 
143.0 1.7733e+00 -2.9047e-01 0.0000e+00 0.0000e+00 -2.9047e-01 1.5450e+00 0.0000e+00 0.0000e+00 0.0000e+00 0.0000e+00 -1.3145e+00 1.6169e-01 0.0000e+00 0.0000e+00 -1.6169e-01 -1.1432e+00 
144.0 1.7753e+00 -2.7111e-01 0.0000e+00 0.0000e+00 -2.7111e-01 1.5489e+00 0.0000e+00 0.0000e+00 0.0000e+00 0.0000e+00 -1.3302e+00 1.5809e-01 0.0000e+00 0.0000e+00 -1.5809e-01 -1.1597e+00 
145.0 1.7776e+00 -2.5210e-01 0.0000e+00 0.0000e+00 -2.5210e-01 1.5532e+00 0.0000e+00 0.0000e+00 0.0000e+00 0.0000e+00 -1.3455e+00 1.5440e-01 0.0000e+00 0.0000e+00 -1.5440e-01 -1.1758e+00 
146.0 1.7802e+00 -2.3345e-01 0.0000e+00 0.0000e+00 -2.3345e-01 1.5579e+00 0.0000e+00 0.0000e+00 0.0000e+00 0.0000e+00 -1.3602e+00 1.5062e-01 0.0000e+00 0.0000e+00 -1.5062e-01 -1.1914e+00 
147.0 1.7830e+00 -2.1516e-01 0.0000e+00 0.0000e+00 -2.1516e-01 1.5629e+00 0.0000e+00 0.0000e+00 0.0000e+00 0.0000e+00 -1.3745e+00 1.4674e-01 0.0000e+00 0.0000e+00 -1.4674e-01 -1.2067e+00 
148.0 1.7862e+00 -1.9724e-01 0.0000e+00 0.0000e+00 -1.9724e-01 1.5681e+00 0.0000e+00 0.0000e+00 0.0000e+00 0.0000e+00 -1.3883e+00 1.4276e-01 0.0000e+00 0.0000e+00 -1.4276e-01 -1.2215e+00 
149.0 1.7896e+00 -1.7969e-01 0.0000e+00 0.0000e+00 -1.7969e-01 1.5737e+00 0.0000e+00 0.0000e+00 0.0000e+00 0.0000e+00 -1.4017e+00 1.3867e-01 0.0000e+00 0.0000e+00 -1.3867e-01 -1.2359e+00 
150.0 1.7933e+00 -1.6252e-01 0.0000e+00 0.0000e+00 -1.6252e-01 1.5797e+00 0.0000e+00 0.0000e+00 0.0000e+00 0.0000e+00 -1.4146e+00 1.3450e-01 0.0000e+00 0.0000e+00 -1.3450e-01 -1.2499e+00 
151.0 1.7974e+00 -1.4574e-01 0.0000e+00 0.0000e+00 -1.4574e-01 1.5859e+00 0.0000e+00 0.0000e+00 0.0000e+00 0.0000e+00 -1.4271e+00 1.3023e-01 0.0000e+00 0.0000e+00 -1.3023e-01 -1.2636e+00 
152.0 1.8017e+00 -1.2938e-01 0.0000e+00 0.0000e+00 -1.2938e-01 1.5925e+00 0.0000e+00 0.0000e+00 0.0000e+00 0.0000e+00 -1.4391e+00 1.2585e-01 0.0000e+00 0.0000e+00 -1.2585e-01 -1.2768e+00 
153.0 1.8063e+00 -1.1343e-01 0.0000e+00 0.0000e+00 -1.1343e-01 1.5994e+00 0.0000e+00 0.0000e+00 0.0000e+00 0.0000e+00 -1.4508e+00 1.2130e-01 0.0000e+00 0.0000e+00 -1.2130e-01 -1.2897e+00 
154.0 1.8112e+00 -9.7945e-02 0.0000e+00 0.0000e+00 -9.7945e-02 1.6065e+00 0.0000e+00 0.0000e+00 0.0000e+00 0.0000e+00 -1.4620e+00 1.1653e-01 0.0000e+00 0.0000e+00 -1.1653e-01 -1.3022e+00 
155.0 1.8163e+00 -8.2949e-02 0.0000e+00 0.0000e+00 -8.2949e-02 1.6138e+00 0.0000e+00 0.0000e+00 0.0000e+00 0.0000e+00 -1.4729e+00 1.1147e-01 0.0000e+00 0.0000e+00 -1.1147e-01 -1.3144e+00 
156.0 1.8215e+00 -6.8503e-02 0.0000e+00 0.0000e+00 -6.8503e-02 1.6213e+00 0.0000e+00 0.0000e+00 0.0000e+00 0.0000e+00 -1.4835e+00 1.0604e-01 0.0000e+00 0.0000e+00 -1.0604e-01 -1.3263e+00 
157.0 1.8269e+00 -5.4690e-02 0.0000e+00 0.0000e+00 -5.4690e-02 1.6289e+00 0.0000e+00 0.0000e+00 0.0000e+00 0.0000e+00 -1.4938e+00 1.0011e-01 0.0000e+00 0.0000e+00 -1.0011e-01 -1.3379e+00 
158.0 1.8322e+00 -4.1619e-02 0.0000e+00 0.0000e+00 -4.1619e-02 1.6363e+00 0.0000e+00 0.0000e+00 0.0000e+00 0.0000e+00 -1.5039e+00 9.3561e-02 0.0000e+00 0.0000e+00 -9.3561e-02 -1.3492e+00 
159.0 1.8374e+00 -2.9431e-02 0.0000e+00 0.0000e+00 -2.9431e-02 1.6435e+00 0.0000e+00 0.0000e+00 0.0000e+00 0.0000e+00 -1.5139e+00 8.6225e-02 0.0000e+00 0.0000e+00 -8.6225e-02 -1.3602e+00 
160.0 1.8423e+00 -1.8280e-02 0.0000e+00 0.0000e+00 -1.8280e-02 1.6501e+00 0.0000e+00 0.0000e+00 0.0000e+00 0.0000e+00 -1.5237e+00 7.7944e-02 0.0000e+00 0.0000e+00 -7.7944e-02 -1.3709e+00 
161.0 1.8469e+00 -8.3183e-03 0.0000e+00 0.0000e+00 -8.3183e-03 1.6561e+00 0.0000e+00 0.0000e+00 0.0000e+00 0.0000e+00 -1.5337e+00 6.8599e-02 0.0000e+00 0.0000e+00 -6.8599e-02 -1.3811e+00 
162.0 1.8513e+00 3.2343e-04 0.0000e+00 0.0000e+00 3.2343e-04 1.6612e+00 0.0000e+00 0.0000e+00 0.0000e+00 0.0000e+00 -1.5437e+00 5.8143e-02 0.0000e+00 0.0000e+00 -5.8143e-02 -1.3909e+00 
163.0 1.8556e+00 7.5384e-03 0.0000e+00 0.0000e+00 7.5384e-03 1.6654e+00 0.0000e+00 0.0000e+00 0.0000e+00 0.0000e+00 -1.5541e+00 4.6620e-02 0.0000e+00 0.0000e+00 -4.6620e-02 -1.3999e+00 
164.0 1.8602e+00 1.3248e-02 0.0000e+00 0.0000e+00 1.3248e-02 1.6688e+00 0.0000e+00 0.0000e+00 0.0000e+00 0.0000e+00 -1.5649e+00 3.4179e-02 0.0000e+00 0.0000e+00 -3.4179e-02 -1.4082e+00 
165.0 1.8654e+00 1.7412e-02 0.0000e+00 0.0000e+00 1.7412e-02 1.6715e+00 0.0000e+00 0.0000e+00 0.0000e+00 0.0000e+00 -1.5764e+00 2.1069e-02 0.0000e+00 0.0000e+00 -2.1069e-02 -1.4154e+00 
166.0 1.8719e+00 2.0037e-02 0.0000e+00 0.0000e+00 2.0037e-02 1.6736e+00 0.0000e+00 0.0000e+00 0.0000e+00 0.0000e+00 -1.5888e+00 7.6346e-03 0.0000e+00 0.0000e+00 -7.6346e-03 -1.4214e+00 
167.0 1.8802e+00 2.1175e-02 0.0000e+00 0.0000e+00 2.1175e-02 1.6755e+00 0.0000e+00 0.0000e+00 0.0000e+00 0.0000e+00 -1.6021e+00 -5.6929e-03 0.0000e+00 0.0000e+00 5.6929e-03 -1.4260e+00 
168.0 1.8909e+00 2.0923e-02 0.0000e+00 0.0000e+00 2.0923e-02 1.6774e+00 0.0000e+00 0.0000e+00 0.0000e+00 0.0000e+00 -1.6168e+00 -1.8400e-02 0.0000e+00 0.0000e+00 1.8400e-02 -1.4289e+00 
169.0 1.9049e+00 1.9421e-02 0.0000e+00 0.0000e+00 1.9421e-02 1.6798e+00 0.0000e+00 0.0000e+00 0.0000e+00 0.0000e+00 -1.6329e+00 -2.9888e-02 0.0000e+00 0.0000e+00 2.9888e-02 -1.4301e+00 
170.0 1.9228e+00 1.6869e-02 0.0000e+00 0.0000e+00 1.6869e-02 1.6831e+00 0.0000e+00 0.0000e+00 0.0000e+00 0.0000e+00 -1.6506e+00 -3.9459e-02 0.0000e+00 0.0000e+00 3.9459e-02 -1.4294e+00 
171.0 1.9454e+00 1.3555e-02 0.0000e+00 0.0000e+00 1.3555e-02 1.6878e+00 0.0000e+00 0.0000e+00 0.0000e+00 0.0000e+00 -1.6701e+00 -4.6336e-02 0.0000e+00 0.0000e+00 4.6336e-02 -1.4267e+00 
172.0 1.9733e+00 9.8590e-03 0.0000e+00 0.0000e+00 9.8590e-03 1.6947e+00 0.0000e+00 0.0000e+00 0.0000e+00 0.0000e+00 -1.6913e+00 -4.9711e-02 0.0000e+00 0.0000e+00 4.9711e-02 -1.4223e+00 
173.0 2.0065e+00 6.2350e-03 0.0000e+00 0.0000e+00 6.2350e-03 1.7042e+00 0.0000e+00 0.0000e+00 0.0000e+00 0.0000e+00 -1.7137e+00 -4.8912e-02 0.0000e+00 0.0000e+00 4.8912e-02 -1.4161e+00 
174.0 2.0443e+00 3.1527e-03 0.0000e+00 0.0000e+00 3.1527e-03 1.7164e+00 0.0000e+00 0.0000e+00 0.0000e+00 0.0000e+00 -1.7367e+00 -4.3691e-02 0.0000e+00 0.0000e+00 4.3691e-02 -1.4088e+00 
175.0 2.0848e+00 9.8881e-04 0.0000e+00 0.0000e+00 9.8881e-04 1.7311e+00 0.0000e+00 0.0000e+00 0.0000e+00 0.0000e+00 -1.7592e+00 -3.4563e-02 0.0000e+00 0.0000e+00 3.4563e-02 -1.4010e+00 
176.0 2.1245e+00 -1.1161e-04 0.0000e+00 0.0000e+00 -1.1161e-04 1.7466e+00 0.0000e+00 0.0000e+00 0.0000e+00 0.0000e+00 -1.7796e+00 -2.3055e-02 0.0000e+00 0.0000e+00 2.3055e-02 -1.3934e+00 
177.0 2.1585e+00 -3.3067e-04 0.0000e+00 0.0000e+00 -3.3067e-04 1.7608e+00 0.0000e+00 0.0000e+00 0.0000e+00 0.0000e+00 -1.7960e+00 -1.1633e-02 0.0000e+00 0.0000e+00 1.1633e-02 -1.3870e+00 
178.0 2.1818e+00 -1.2761e-04 0.0000e+00 0.0000e+00 -1.2761e-04 1.7709e+00 0.0000e+00 0.0000e+00 0.0000e+00 0.0000e+00 -1.8067e+00 -3.1696e-03 0.0000e+00 0.0000e+00 3.1696e-03 -1.3826e+00 
179.0 2.1901e+00 -4.6464e-21 0.0000e+00 0.0000e+00 -4.6464e-21 1.7746e+00 0.0000e+00 0.0000e+00 0.0000e+00 0.0000e+00 -1.8105e+00 -3.4177e-20 0.0000e+00 0.0000e+00 3.4177e-20 -1.3811e+00 
180.0 2.1985e+00 0.0000e+00 0.0000e+00 0.0000e+00 0.0000e+00 1.7783e+00 0.0000e+00 0.0000e+00 0.0000e+00 0.0000e+00 -1.8142e+00 0.0000e+00 0.0000e+00 0.0000e+00 -0.0000e+00 -1.3796e+00 
