1.1448 1.1950 0.0502 0.377509
theta s11 s12 s13 s14 s21 s22 s23 s24 s31 s32 s33 s34 s41 s42 s43 s44
0.0 4.1997e+02 0.0000e+00 0.0000e+00 0.0000e+00 0.0000e+00 4.1978e+02 0.0000e+00 0.0000e+00 0.0000e+00 0.0000e+00 4.1978e+02 0.0000e+00 0.0000e+00 0.0000e+00 -0.0000e+00 4.1959e+02 
1.0 3.7532e+02 -1.6375e-02 0.0000e+00 0.0000e+00 -1.6375e-02 3.7513e+02 0.0000e+00 0.0000e+00 0.0000e+00 0.0000e+00 3.7513e+02 -1.7554e-01 0.0000e+00 0.0000e+00 1.7554e-01 3.7494e+02 
2.0 2.8875e+02 -3.5052e-02 0.0000e+00 0.0000e+00 -3.5052e-02 2.8857e+02 0.0000e+00 0.0000e+00 0.0000e+00 0.0000e+00 2.8856e+02 -5.8794e-01 0.0000e+00 0.0000e+00 5.8794e-01 2.8839e+02 
3.0 2.1078e+02 -3.4394e-02 0.0000e+00 0.0000e+00 -3.4394e-02 2.1060e+02 0.0000e+00 0.0000e+00 0.0000e+00 0.0000e+00 2.1059e+02 -1.0149e+00 0.0000e+00 0.0000e+00 1.0149e+00 2.1043e+02 
4.0 1.5378e+02 -2.3219e-02 0.0000e+00 0.0000e+00 -2.3219e-02 1.5362e+02 0.0000e+00 0.0000e+00 0.0000e+00 0.0000e+00 1.5360e+02 -1.3176e+00 0.0000e+00 0.0000e+00 1.3176e+00 1.5344e+02 
5.0 1.1469e+02 -1.1373e-02 0.0000e+00 0.0000e+00 -1.1373e-02 1.1453e+02 0.0000e+00 0.0000e+00 0.0000e+00 0.0000e+00 1.1450e+02 -1.4811e+00 0.0000e+00 0.0000e+00 1.4811e+00 1.1436e+02 
6.0 8.7901e+01 -3.1525e-03 0.0000e+00 0.0000e+00 -3.1525e-03 8.7749e+01 0.0000e+00 0.0000e+00 0.0000e+00 0.0000e+00 8.7702e+01 -1.5404e+00 0.0000e+00 0.0000e+00 1.5404e+00 8.7575e+01 
7.0 6.9108e+01 1.2307e-04 0.0000e+00 0.0000e+00 1.2307e-04 6.8961e+01 0.0000e+00 0.0000e+00 0.0000e+00 0.0000e+00 6.8902e+01 -1.5288e+00 0.0000e+00 0.0000e+00 1.5288e+00 6.8786e+01 
8.0 5.5547e+01 -8.8340e-04 0.0000e+00 0.0000e+00 -8.8340e-04 5.5402e+01 0.0000e+00 0.0000e+00 0.0000e+00 0.0000e+00 5.5333e+01 -1.4710e+00 0.0000e+00 0.0000e+00 1.4710e+00 5.5227e+01 
9.0 4.5524e+01 -4.6336e-03 0.0000e+00 0.0000e+00 -4.6336e-03 4.5381e+01 0.0000e+00 0.0000e+00 0.0000e+00 0.0000e+00 4.5301e+01 -1.3861e+00 0.0000e+00 0.0000e+00 1.3861e+00 4.5204e+01 
10.0 3.7962e+01 -9.9713e-03 0.0000e+00 0.0000e+00 -9.9713e-03 3.7820e+01 0.0000e+00 0.0000e+00 0.0000e+00 0.0000e+00 3.7732e+01 -1.2873e+00 0.0000e+00 0.0000e+00 1.2873e+00 3.7643e+01 
11.0 3.2154e+01 -1.6511e-02 0.0000e+00 0.0000e+00 -1.6511e-02 3.2011e+01 0.0000e+00 0.0000e+00 0.0000e+00 0.0000e+00 3.1916e+01 -1.1833e+00 0.0000e+00 0.0000e+00 1.1833e+00 3.1835e+01 
12.0 2.7619e+01 -2.4131e-02 0.0000e+00 0.0000e+00 -2.4131e-02 2.7476e+01 0.0000e+00 0.0000e+00 0.0000e+00 0.0000e+00 2.7376e+01 -1.0788e+00 0.0000e+00 0.0000e+00 1.0788e+00 2.7301e+01 
13.0 2.4036e+01 -3.2880e-02 0.0000e+00 0.0000e+00 -3.2880e-02 2.3892e+01 0.0000e+00 0.0000e+00 0.0000e+00 0.0000e+00 2.3787e+01 -9.7616e-01 0.0000e+00 0.0000e+00 9.7616e-01 2.3719e+01 
14.0 2.1172e+01 -4.1744e-02 0.0000e+00 0.0000e+00 -4.1744e-02 2.1026e+01 0.0000e+00 0.0000e+00 0.0000e+00 0.0000e+00 2.0918e+01 -8.7905e-01 0.0000e+00 0.0000e+00 8.7905e-01 2.0856e+01 
15.0 1.8860e+01 -5.0699e-02 0.0000e+00 0.0000e+00 -5.0699e-02 1.8713e+01 0.0000e+00 0.0000e+00 0.0000e+00 0.0000e+00 1.8601e+01 -7.8768e-01 0.0000e+00 0.0000e+00 7.8768e-01 1.8545e+01 
16.0 1.6969e+01 -5.9007e-02 0.0000e+00 0.0000e+00 -5.9007e-02 1.6820e+01 0.0000e+00 0.0000e+00 0.0000e+00 0.0000e+00 1.6706e+01 -7.0359e-01 0.0000e+00 0.0000e+00 7.0359e-01 1.6655e+01 
17.0 1.5402e+01 -6.6270e-02 0.0000e+00 0.0000e+00 -6.6270e-02 1.5250e+01 0.0000e+00 0.0000e+00 0.0000e+00 0.0000e+00 1.5135e+01 -6.2730e-01 0.0000e+00 0.0000e+00 6.2730e-01 1.5089e+01 
18.0 1.4083e+01 -7.2319e-02 0.0000e+00 0.0000e+00 -7.2319e-02 1.3929e+01 0.0000e+00 0.0000e+00 0.0000e+00 0.0000e+00 1.3813e+01 -5.5872e-01 0.0000e+00 0.0000e+00 5.5872e-01 1.3772e+01 
19.0 1.2957e+01 -7.7207e-02 0.0000e+00 0.0000e+00 -7.7207e-02 1.2802e+01 0.0000e+00 0.0000e+00 0.0000e+00 0.0000e+00 1.2715e+01 -4.9739e-01 0.0000e+00 0.0000e+00 4.9739e-01 1.2681e+01 
20.0 1.1985e+01 -8.1156e-02 0.0000e+00 0.0000e+00 -8.1156e-02 1.1827e+01 0.0000e+00 0.0000e+00 0.0000e+00 0.0000e+00 1.1766e+01 -4.4286e-01 0.0000e+00 0.0000e+00 4.4286e-01 1.1739e+01 
21.0 1.1135e+01 -8.4434e-02 0.0000e+00 0.0000e+00 -8.4434e-02 1.0976e+01 0.0000e+00 0.0000e+00 0.0000e+00 0.0000e+00 1.0937e+01 -3.9471e-01 0.0000e+00 0.0000e+00 3.9471e-01 1.0915e+01 
22.0 1.0384e+01 -8.7259e-02 0.0000e+00 0.0000e+00 -8.7259e-02 1.0223e+01 0.0000e+00 0.0000e+00 0.0000e+00 0.0000e+00 1.0204e+01 -3.5236e-01 0.0000e+00 0.0000e+00 3.5236e-01 1.0187e+01 
23.0 9.7137e+00 -8.9786e-02 0.0000e+00 0.0000e+00 -8.9786e-02 9.5508e+00 0.0000e+00 0.0000e+00 0.0000e+00 0.0000e+00 9.5492e+00 -3.1500e-01 0.0000e+00 0.0000e+00 3.1500e-01 9.5365e+00 
24.0 9.1098e+00 -9.2161e-02 0.0000e+00 0.0000e+00 -9.2161e-02 8.9452e+00 0.0000e+00 0.0000e+00 0.0000e+00 0.0000e+00 8.9595e+00 -2.8168e-01 0.0000e+00 0.0000e+00 2.8168e-01 8.9505e+00 
25.0 8.5626e+00 -9.4555e-02 0.0000e+00 0.0000e+00 -9.4555e-02 8.3964e+00 0.0000e+00 0.0000e+00 0.0000e+00 0.0000e+00 8.4251e+00 -2.5159e-01 0.0000e+00 0.0000e+00 2.5159e-01 8.4193e+00 
26.0 8.0646e+00 -9.7103e-02 0.0000e+00 0.0000e+00 -9.7103e-02 7.8967e+00 0.0000e+00 0.0000e+00 0.0000e+00 0.0000e+00 7.9387e+00 -2.2419e-01 0.0000e+00 0.0000e+00 2.2419e-01 7.9358e+00 
27.0 7.6096e+00 -9.9861e-02 0.0000e+00 0.0000e+00 -9.9861e-02 7.4401e+00 0.0000e+00 0.0000e+00 0.0000e+00 0.0000e+00 7.4941e+00 -1.9922e-01 0.0000e+00 0.0000e+00 1.9922e-01 7.4938e+00 
28.0 7.1918e+00 -1.0280e-01 0.0000e+00 0.0000e+00 -1.0280e-01 7.0209e+00 0.0000e+00 0.0000e+00 0.0000e+00 0.0000e+00 7.0859e+00 -1.7657e-01 0.0000e+00 0.0000e+00 1.7657e-01 7.0879e+00 
29.0 6.8063e+00 -1.0584e-01 0.0000e+00 0.0000e+00 -1.0584e-01 6.6339e+00 0.0000e+00 0.0000e+00 0.0000e+00 0.0000e+00 6.7091e+00 -1.5608e-01 0.0000e+00 0.0000e+00 1.5608e-01 6.7131e+00 
30.0 6.4488e+00 -1.0890e-01 0.0000e+00 0.0000e+00 -1.0890e-01 6.2749e+00 0.0000e+00 0.0000e+00 0.0000e+00 0.0000e+00 6.3595e+00 -1.3751e-01 0.0000e+00 0.0000e+00 1.3751e-01 6.3654e+00 
31.0 6.1157e+00 -1.1193e-01 0.0000e+00 0.0000e+00 -1.1193e-01 5.9405e+00 0.0000e+00 0.0000e+00 0.0000e+00 0.0000e+00 6.0082e+00 -1.2061e-01 0.0000e+00 0.0000e+00 1.2061e-01 6.0172e+00 
32.0 5.8043e+00 -1.1488e-01 0.0000e+00 0.0000e+00 -1.1488e-01 5.6278e+00 0.0000e+00 0.0000e+00 0.0000e+00 0.0000e+00 5.6803e+00 -1.0519e-01 0.0000e+00 0.0000e+00 1.0519e-01 5.6922e+00 
33.0 5.5123e+00 -1.1776e-01 0.0000e+00 0.0000e+00 -1.1776e-01 5.3347e+00 0.0000e+00 0.0000e+00 0.0000e+00 0.0000e+00 5.3734e+00 -9.1100e-02 0.0000e+00 0.0000e+00 9.1100e-02 5.3882e+00 
34.0 5.2378e+00 -1.2053e-01 0.0000e+00 0.0000e+00 -1.2053e-01 5.0592e+00 0.0000e+00 0.0000e+00 0.0000e+00 0.0000e+00 5.0856e+00 -7.8201e-02 0.0000e+00 0.0000e+00 7.8201e-02 5.1030e+00 
35.0 4.9792e+00 -1.2319e-01 0.0000e+00 0.0000e+00 -1.2319e-01 4.7996e+00 0.0000e+00 0.0000e+00 0.0000e+00 0.0000e+00 4.8149e+00 -6.6341e-02 0.0000e+00 0.0000e+00 6.6341e-02 4.8349e+00 
36.0 4.7354e+00 -1.2573e-01 0.0000e+00 0.0000e+00 -1.2573e-01 4.5550e+00 0.0000e+00 0.0000e+00 0.0000e+00 0.0000e+00 4.5599e+00 -5.5328e-02 0.0000e+00 0.0000e+00 5.5328e-02 4.5823e+00 
37.0 4.5055e+00 -1.2821e-01 0.0000e+00 0.0000e+00 -1.2821e-01 4.3243e+00 0.0000e+00 0.0000e+00 0.0000e+00 0.0000e+00 4.3194e+00 -4.4971e-02 0.0000e+00 0.0000e+00 4.4971e-02 4.3442e+00 
38.0 4.2887e+00 -1.3074e-01 0.0000e+00 0.0000e+00 -1.3074e-01 4.1069e+00 0.0000e+00 0.0000e+00 0.0000e+00 0.0000e+00 4.0928e+00 -3.5130e-02 0.0000e+00 0.0000e+00 3.5130e-02 4.1197e+00 
39.0 4.0846e+00 -1.3338e-01 0.0000e+00 0.0000e+00 -1.3338e-01 3.9023e+00 0.0000e+00 0.0000e+00 0.0000e+00 0.0000e+00 3.8792e+00 -2.5762e-02 0.0000e+00 0.0000e+00 2.5762e-02 3.9081e+00 
40.0 3.8925e+00 -1.3616e-01 0.0000e+00 0.0000e+00 -1.3616e-01 3.7098e+00 0.0000e+00 0.0000e+00 0.0000e+00 0.0000e+00 3.6780e+00 -1.6887e-02 0.0000e+00 0.0000e+00 1.6887e-02 3.7088e+00 
41.0 3.7118e+00 -1.3906e-01 0.0000e+00 0.0000e+00 -1.3906e-01 3.5287e+00 0.0000e+00 0.0000e+00 0.0000e+00 0.0000e+00 3.4884e+00 -8.5183e-03 0.0000e+00 0.0000e+00 8.5183e-03 3.5210e+00 
42.0 3.5415e+00 -1.4202e-01 0.0000e+00 0.0000e+00 -1.4202e-01 3.3583e+00 0.0000e+00 0.0000e+00 0.0000e+00 0.0000e+00 3.3096e+00 -6.3784e-04 0.0000e+00 0.0000e+00 6.3784e-04 3.3440e+00 
43.0 3.3811e+00 -1.4500e-01 0.0000e+00 0.0000e+00 -1.4500e-01 3.1977e+00 0.0000e+00 0.0000e+00 0.0000e+00 0.0000e+00 3.1408e+00 6.7911e-03 0.0000e+00 0.0000e+00 -6.7911e-03 3.1768e+00 
44.0 3.2296e+00 -1.4797e-01 0.0000e+00 0.0000e+00 -1.4797e-01 3.0462e+00 0.0000e+00 0.0000e+00 0.0000e+00 0.0000e+00 2.9813e+00 1.3824e-02 0.0000e+00 0.0000e+00 -1.3824e-02 3.0189e+00 
45.0 3.0865e+00 -1.5091e-01 0.0000e+00 0.0000e+00 -1.5091e-01 2.9031e+00 0.0000e+00 0.0000e+00 0.0000e+00 0.0000e+00 2.8306e+00 2.0527e-02 0.0000e+00 0.0000e+00 -2.0527e-02 2.8695e+00 
46.0 2.9513e+00 -1.5381e-01 0.0000e+00 0.0000e+00 -1.5381e-01 2.7680e+00 0.0000e+00 0.0000e+00 0.0000e+00 0.0000e+00 2.6879e+00 2.6950e-02 0.0000e+00 0.0000e+00 -2.6950e-02 2.7282e+00 
47.0 2.8235e+00 -1.5668e-01 0.0000e+00 0.0000e+00 -1.5668e-01 2.6404e+00 0.0000e+00 0.0000e+00 0.0000e+00 0.0000e+00 2.5530e+00 3.3114e-02 0.0000e+00 0.0000e+00 -3.3114e-02 2.5946e+00 
48.0 2.7026e+00 -1.5948e-01 0.0000e+00 0.0000e+00 -1.5948e-01 2.5197e+00 0.0000e+00 0.0000e+00 0.0000e+00 0.0000e+00 2.4253e+00 3.9028e-02 0.0000e+00 0.0000e+00 -3.9028e-02 2.4681e+00 
49.0 2.5883e+00 -1.6219e-01 0.0000e+00 0.0000e+00 -1.6219e-01 2.4057e+00 0.0000e+00 0.0000e+00 0.0000e+00 0.0000e+00 2.3043e+00 4.4711e-02 0.0000e+00 0.0000e+00 -4.4711e-02 2.3483e+00 
50.0 2.4801e+00 -1.6479e-01 0.0000e+00 0.0000e+00 -1.6479e-01 2.2978e+00 0.0000e+00 0.0000e+00 0.0000e+00 0.0000e+00 2.1897e+00 5.0200e-02 0.0000e+00 0.0000e+00 -5.0200e-02 2.2348e+00 
51.0 2.3777e+00 -1.6728e-01 0.0000e+00 0.0000e+00 -1.6728e-01 2.1958e+00 0.0000e+00 0.0000e+00 0.0000e+00 0.0000e+00 2.0811e+00 5.5546e-02 0.0000e+00 0.0000e+00 -5.5546e-02 2.1272e+00 
52.0 2.2807e+00 -1.6967e-01 0.0000e+00 0.0000e+00 -1.6967e-01 2.0992e+00 0.0000e+00 0.0000e+00 0.0000e+00 0.0000e+00 1.9780e+00 6.0792e-02 0.0000e+00 0.0000e+00 -6.0792e-02 2.0253e+00 
53.0 2.1890e+00 -1.7199e-01 0.0000e+00 0.0000e+00 -1.7199e-01 2.0079e+00 0.0000e+00 0.0000e+00 0.0000e+00 0.0000e+00 1.8804e+00 6.5971e-02 0.0000e+00 0.0000e+00 -6.5971e-02 1.9286e+00 
54.0 2.1023e+00 -1.7426e-01 0.0000e+00 0.0000e+00 -1.7426e-01 1.9216e+00 0.0000e+00 0.0000e+00 0.0000e+00 0.0000e+00 1.7878e+00 7.1094e-02 0.0000e+00 0.0000e+00 -7.1094e-02 1.8370e+00 
55.0 2.0204e+00 -1.7648e-01 0.0000e+00 0.0000e+00 -1.7648e-01 1.8401e+00 0.0000e+00 0.0000e+00 0.0000e+00 0.0000e+00 1.7001e+00 7.6150e-02 0.0000e+00 0.0000e+00 -7.6150e-02 1.7503e+00 
56.0 1.9431e+00 -1.7866e-01 0.0000e+00 0.0000e+00 -1.7866e-01 1.7632e+00 0.0000e+00 0.0000e+00 0.0000e+00 0.0000e+00 1.6170e+00 8.1120e-02 0.0000e+00 0.0000e+00 -8.1120e-02 1.6682e+00 
57.0 1.8700e+00 -1.8077e-01 0.0000e+00 0.0000e+00 -1.8077e-01 1.6906e+00 0.0000e+00 0.0000e+00 0.0000e+00 0.0000e+00 1.5383e+00 8.5990e-02 0.0000e+00 0.0000e+00 -8.5990e-02 1.5904e+00 
58.0 1.8010e+00 -1.8280e-01 0.0000e+00 0.0000e+00 -1.8280e-01 1.6220e+00 0.0000e+00 0.0000e+00 0.0000e+00 0.0000e+00 1.4636e+00 9.0762e-02 0.0000e+00 0.0000e+00 -9.0762e-02 1.5167e+00 
59.0 1.7359e+00 -1.8474e-01 0.0000e+00 0.0000e+00 -1.8474e-01 1.5573e+00 0.0000e+00 0.0000e+00 0.0000e+00 0.0000e+00 1.3928e+00 9.5450e-02 0.0000e+00 0.0000e+00 -9.5450e-02 1.4468e+00 
60.0 1.6743e+00 -1.8660e-01 0.0000e+00 0.0000e+00 -1.8660e-01 1.4961e+00 0.0000e+00 0.0000e+00 0.0000e+00 0.0000e+00 1.3257e+00 1.0006e-01 0.0000e+00 0.0000e+00 -1.0006e-01 1.3806e+00 
61.0 1.6161e+00 -1.8838e-01 0.0000e+00 0.0000e+00 -1.8838e-01 1.4383e+00 0.0000e+00 0.0000e+00 0.0000e+00 0.0000e+00 1.2619e+00 1.0460e-01 0.0000e+00 0.0000e+00 -1.0460e-01 1.3178e+00 
62.0 1.5611e+00 -1.9010e-01 0.0000e+00 0.0000e+00 -1.9010e-01 1.3836e+00 0.0000e+00 0.0000e+00 0.0000e+00 0.0000e+00 1.2014e+00 1.0906e-01 0.0000e+00 0.0000e+00 -1.0906e-01 1.2582e+00 
63.0 1.5091e+00 -1.9176e-01 0.0000e+00 0.0000e+00 -1.9176e-01 1.3320e+00 0.0000e+00 0.0000e+00 0.0000e+00 0.0000e+00 1.1439e+00 1.1343e-01 0.0000e+00 0.0000e+00 -1.1343e-01 1.2016e+00 
64.0 1.4599e+00 -1.9335e-01 0.0000e+00 0.0000e+00 -1.9335e-01 1.2831e+00 0.0000e+00 0.0000e+00 0.0000e+00 0.0000e+00 1.0892e+00 1.1769e-01 0.0000e+00 0.0000e+00 -1.1769e-01 1.1480e+00 
65.0 1.4133e+00 -1.9487e-01 0.0000e+00 0.0000e+00 -1.9487e-01 1.2369e+00 0.0000e+00 0.0000e+00 0.0000e+00 0.0000e+00 1.0373e+00 1.2182e-01 0.0000e+00 0.0000e+00 -1.2182e-01 1.0970e+00 
66.0 1.3693e+00 -1.9632e-01 0.0000e+00 0.0000e+00 -1.9632e-01 1.1932e+00 0.0000e+00 0.0000e+00 0.0000e+00 0.0000e+00 9.8796e-01 1.2581e-01 0.0000e+00 0.0000e+00 -1.2581e-01 1.0487e+00 
67.0 1.3276e+00 -1.9768e-01 0.0000e+00 0.0000e+00 -1.9768e-01 1.1518e+00 0.0000e+00 0.0000e+00 0.0000e+00 0.0000e+00 9.4100e-01 1.2965e-01 0.0000e+00 0.0000e+00 -1.2965e-01 1.0027e+00 
68.0 1.2881e+00 -1.9894e-01 0.0000e+00 0.0000e+00 -1.9894e-01 1.1126e+00 0.0000e+00 0.0000e+00 0.0000e+00 0.0000e+00 8.9630e-01 1.3332e-01 0.0000e+00 0.0000e+00 -1.3332e-01 9.5902e-01 
69.0 1.2507e+00 -2.0011e-01 0.0000e+00 0.0000e+00 -2.0011e-01 1.0754e+00 0.0000e+00 0.0000e+00 0.0000e+00 0.0000e+00 8.5372e-01 1.3682e-01 0.0000e+00 0.0000e+00 -1.3682e-01 9.1746e-01 
70.0 1.2152e+00 -2.0117e-01 0.0000e+00 0.0000e+00 -2.0117e-01 1.0402e+00 0.0000e+00 0.0000e+00 0.0000e+00 0.0000e+00 8.1312e-01 1.4014e-01 0.0000e+00 0.0000e+00 -1.4014e-01 8.7789e-01 
71.0 1.1815e+00 -2.0213e-01 0.0000e+00 0.0000e+00 -2.0213e-01 1.0067e+00 0.0000e+00 0.0000e+00 0.0000e+00 0.0000e+00 7.7438e-01 1.4327e-01 0.0000e+00 0.0000e+00 -1.4327e-01 8.4019e-01 
72.0 1.1495e+00 -2.0299e-01 0.0000e+00 0.0000e+00 -2.0299e-01 9.7493e-01 0.0000e+00 0.0000e+00 0.0000e+00 0.0000e+00 7.3739e-01 1.4622e-01 0.0000e+00 0.0000e+00 -1.4622e-01 8.0423e-01 
73.0 1.1190e+00 -2.0373e-01 0.0000e+00 0.0000e+00 -2.0373e-01 9.4472e-01 0.0000e+00 0.0000e+00 0.0000e+00 0.0000e+00 7.0204e-01 1.4896e-01 0.0000e+00 0.0000e+00 -1.4896e-01 7.6992e-01 
74.0 1.0900e+00 -2.0436e-01 0.0000e+00 0.0000e+00 -2.0436e-01 9.1596e-01 0.0000e+00 0.0000e+00 0.0000e+00 0.0000e+00 6.6823e-01 1.5149e-01 0.0000e+00 0.0000e+00 -1.5149e-01 7.3714e-01 
75.0 1.0623e+00 -2.0486e-01 0.0000e+00 0.0000e+00 -2.0486e-01 8.8859e-01 0.0000e+00 0.0000e+00 0.0000e+00 0.0000e+00 6.3587e-01 1.5382e-01 0.0000e+00 0.0000e+00 -1.5382e-01 7.0582e-01 
76.0 1.0360e+00 -2.0522e-01 0.0000e+00 0.0000e+00 -2.0522e-01 8.6251e-01 0.0000e+00 0.0000e+00 0.0000e+00 0.0000e+00 6.0489e-01 1.5594e-01 0.0000e+00 0.0000e+00 -1.5594e-01 6.7587e-01 
77.0 1.0109e+00 -2.0546e-01 0.0000e+00 0.0000e+00 -2.0546e-01 8.3765e-01 0.0000e+00 0.0000e+00 0.0000e+00 0.0000e+00 5.7520e-01 1.5786e-01 0.0000e+00 0.0000e+00 -1.5786e-01 6.4720e-01 
78.0 9.8686e-01 -2.0556e-01 0.0000e+00 0.0000e+00 -2.0556e-01 8.1394e-01 0.0000e+00 0.0000e+00 0.0000e+00 0.0000e+00 5.4671e-01 1.5957e-01 0.0000e+00 0.0000e+00 -1.5957e-01 6.1975e-01 
79.0 9.6395e-01 -2.0552e-01 0.0000e+00 0.0000e+00 -2.0552e-01 7.9131e-01 0.0000e+00 0.0000e+00 0.0000e+00 0.0000e+00 5.1938e-01 1.6111e-01 0.0000e+00 0.0000e+00 -1.6111e-01 5.9344e-01 
80.0 9.4205e-01 -2.0534e-01 0.0000e+00 0.0000e+00 -2.0534e-01 7.6971e-01 0.0000e+00 0.0000e+00 0.0000e+00 0.0000e+00 4.9312e-01 1.6247e-01 0.0000e+00 0.0000e+00 -1.6247e-01 5.6821e-01 
81.0 9.2113e-01 -2.0502e-01 0.0000e+00 0.0000e+00 -2.0502e-01 7.4908e-01 0.0000e+00 0.0000e+00 0.0000e+00 0.0000e+00 4.6789e-01 1.6368e-01 0.0000e+00 0.0000e+00 -1.6368e-01 5.4400e-01 
82.0 9.0113e-01 -2.0457e-01 0.0000e+00 0.0000e+00 -2.0457e-01 7.2937e-01 0.0000e+00 0.0000e+00 0.0000e+00 0.0000e+00 4.4363e-01 1.6473e-01 0.0000e+00 0.0000e+00 -1.6473e-01 5.2076e-01 
83.0 8.8201e-01 -2.0399e-01 0.0000e+00 0.0000e+00 -2.0399e-01 7.1054e-01 0.0000e+00 0.0000e+00 0.0000e+00 0.0000e+00 4.2029e-01 1.6564e-01 0.0000e+00 0.0000e+00 -1.6564e-01 4.9845e-01 
84.0 8.6373e-01 -2.0328e-01 0.0000e+00 0.0000e+00 -2.0328e-01 6.9254e-01 0.0000e+00 0.0000e+00 0.0000e+00 0.0000e+00 3.9782e-01 1.6640e-01 0.0000e+00 0.0000e+00 -1.6640e-01 4.7702e-01 
85.0 8.4623e-01 -2.0246e-01 0.0000e+00 0.0000e+00 -2.0246e-01 6.7531e-01 0.0000e+00 0.0000e+00 0.0000e+00 0.0000e+00 3.7616e-01 1.6702e-01 0.0000e+00 0.0000e+00 -1.6702e-01 4.5642e-01 
86.0 8.2949e-01 -2.0153e-01 0.0000e+00 0.0000e+00 -2.0153e-01 6.5882e-01 0.0000e+00 0.0000e+00 0.0000e+00 0.0000e+00 3.5528e-01 1.6749e-01 0.0000e+00 0.0000e+00 -1.6749e-01 4.3660e-01 
87.0 8.1345e-01 -2.0048e-01 0.0000e+00 0.0000e+00 -2.0048e-01 6.4302e-01 0.0000e+00 0.0000e+00 0.0000e+00 0.0000e+00 3.3513e-01 1.6782e-01 0.0000e+00 0.0000e+00 -1.6782e-01 4.1754e-01 
88.0 7.9809e-01 -1.9933e-01 0.0000e+00 0.0000e+00 -1.9933e-01 6.2787e-01 0.0000e+00 0.0000e+00 0.0000e+00 0.0000e+00 3.1567e-01 1.6801e-01 0.0000e+00 0.0000e+00 -1.6801e-01 3.9918e-01 
89.0 7.8337e-01 -1.9806e-01 0.0000e+00 0.0000e+00 -1.9806e-01 6.1334e-01 0.0000e+00 0.0000e+00 0.0000e+00 0.0000e+00 2.9687e-01 1.6806e-01 0.0000e+00 0.0000e+00 -1.6806e-01 3.8149e-01 
90.0 7.6926e-01 -1.9669e-01 0.0000e+00 0.0000e+00 -1.9669e-01 5.9939e-01 0.0000e+00 0.0000e+00 0.0000e+00 0.0000e+00 2.7869e-01 1.6797e-01 0.0000e+00 0.0000e+00 -1.6797e-01 3.6443e-01 
91.0 7.5574e-01 -1.9521e-01 0.0000e+00 0.0000e+00 -1.9521e-01 5.8602e-01 0.0000e+00 0.0000e+00 0.0000e+00 0.0000e+00 2.6111e-01 1.6776e-01 0.0000e+00 0.0000e+00 -1.6776e-01 3.4798e-01 
92.0 7.4278e-01 -1.9364e-01 0.0000e+00 0.0000e+00 -1.9364e-01 5.7319e-01 0.0000e+00 0.0000e+00 0.0000e+00 0.0000e+00 2.4409e-01 1.6742e-01 0.0000e+00 0.0000e+00 -1.6742e-01 3.3209e-01 
93.0 7.3037e-01 -1.9196e-01 0.0000e+00 0.0000e+00 -1.9196e-01 5.6088e-01 0.0000e+00 0.0000e+00 0.0000e+00 0.0000e+00 2.2762e-01 1.6697e-01 0.0000e+00 0.0000e+00 -1.6697e-01 3.1674e-01 
94.0 7.1847e-01 -1.9019e-01 0.0000e+00 0.0000e+00 -1.9019e-01 5.4909e-01 0.0000e+00 0.0000e+00 0.0000e+00 0.0000e+00 2.1167e-01 1.6641e-01 0.0000e+00 0.0000e+00 -1.6641e-01 3.0190e-01 
95.0 7.0708e-01 -1.8833e-01 0.0000e+00 0.0000e+00 -1.8833e-01 5.3780e-01 0.0000e+00 0.0000e+00 0.0000e+00 0.0000e+00 1.9622e-01 1.6575e-01 0.0000e+00 0.0000e+00 -1.6575e-01 2.8754e-01 
96.0 6.9617e-01 -1.8638e-01 0.0000e+00 0.0000e+00 -1.8638e-01 5.2698e-01 0.0000e+00 0.0000e+00 0.0000e+00 0.0000e+00 1.8124e-01 1.6499e-01 0.0000e+00 0.0000e+00 -1.6499e-01 2.7364e-01 
97.0 6.8572e-01 -1.8433e-01 0.0000e+00 0.0000e+00 -1.8433e-01 5.1663e-01 0.0000e+00 0.0000e+00 0.0000e+00 0.0000e+00 1.6672e-01 1.6413e-01 0.0000e+00 0.0000e+00 -1.6413e-01 2.6018e-01 
98.0 6.7571e-01 -1.8220e-01 0.0000e+00 0.0000e+00 -1.8220e-01 5.0674e-01 0.0000e+00 0.0000e+00 0.0000e+00 0.0000e+00 1.5264e-01 1.6319e-01 0.0000e+00 0.0000e+00 -1.6319e-01 2.4713e-01 
99.0 6.6613e-01 -1.7997e-01 0.0000e+00 0.0000e+00 -1.7997e-01 4.9729e-01 0.0000e+00 0.0000e+00 0.0000e+00 0.0000e+00 1.3899e-01 1.6217e-01 0.0000e+00 0.0000e+00 -1.6217e-01 2.3448e-01 
100.0 6.5697e-01 -1.7765e-01 0.0000e+00 0.0000e+00 -1.7765e-01 4.8826e-01 0.0000e+00 0.0000e+00 0.0000e+00 0.0000e+00 1.2575e-01 1.6107e-01 0.0000e+00 0.0000e+00 -1.6107e-01 2.2221e-01 
101.0 6.4820e-01 -1.7524e-01 0.0000e+00 0.0000e+00 -1.7524e-01 4.7966e-01 0.0000e+00 0.0000e+00 0.0000e+00 0.0000e+00 1.1291e-01 1.5991e-01 0.0000e+00 0.0000e+00 -1.5991e-01 2.1029e-01 
102.0 6.3982e-01 -1.7276e-01 0.0000e+00 0.0000e+00 -1.7276e-01 4.7145e-01 0.0000e+00 0.0000e+00 0.0000e+00 0.0000e+00 1.0044e-01 1.5867e-01 0.0000e+00 0.0000e+00 -1.5867e-01 1.9872e-01 
103.0 6.3180e-01 -1.7020e-01 0.0000e+00 0.0000e+00 -1.7020e-01 4.6363e-01 0.0000e+00 0.0000e+00 0.0000e+00 0.0000e+00 8.8338e-02 1.5737e-01 0.0000e+00 0.0000e+00 -1.5737e-01 1.8747e-01 
104.0 6.2413e-01 -1.6756e-01 0.0000e+00 0.0000e+00 -1.6756e-01 4.5617e-01 0.0000e+00 0.0000e+00 0.0000e+00 0.0000e+00 7.6575e-02 1.5600e-01 0.0000e+00 0.0000e+00 -1.5600e-01 1.7652e-01 
105.0 6.1679e-01 -1.6484e-01 0.0000e+00 0.0000e+00 -1.6484e-01 4.4905e-01 0.0000e+00 0.0000e+00 0.0000e+00 0.0000e+00 6.5136e-02 1.5456e-01 0.0000e+00 0.0000e+00 -1.5456e-01 1.6586e-01 
106.0 6.0979e-01 -1.6203e-01 0.0000e+00 0.0000e+00 -1.6203e-01 4.4226e-01 0.0000e+00 0.0000e+00 0.0000e+00 0.0000e+00 5.4003e-02 1.5306e-01 0.0000e+00 0.0000e+00 -1.5306e-01 1.5548e-01 
107.0 6.0309e-01 -1.5915e-01 0.0000e+00 0.0000e+00 -1.5915e-01 4.3579e-01 0.0000e+00 0.0000e+00 0.0000e+00 0.0000e+00 4.3162e-02 1.5150e-01 0.0000e+00 0.0000e+00 -1.5150e-01 1.4536e-01 
108.0 5.9670e-01 -1.5618e-01 0.0000e+00 0.0000e+00 -1.5618e-01 4.2962e-01 0.0000e+00 0.0000e+00 0.0000e+00 0.0000e+00 3.2601e-02 1.4989e-01 0.0000e+00 0.0000e+00 -1.4989e-01 1.3550e-01 
109.0 5.9061e-01 -1.5313e-01 0.0000e+00 0.0000e+00 -1.5313e-01 4.2375e-01 0.0000e+00 0.0000e+00 0.0000e+00 0.0000e+00 2.2308e-02 1.4823e-01 0.0000e+00 0.0000e+00 -1.4823e-01 1.2586e-01 
110.0 5.8480e-01 -1.4999e-01 0.0000e+00 0.0000e+00 -1.4999e-01 4.1817e-01 0.0000e+00 0.0000e+00 0.0000e+00 0.0000e+00 1.2276e-02 1.4654e-01 0.0000e+00 0.0000e+00 -1.4654e-01 1.1647e-01 
111.0 5.7928e-01 -1.4678e-01 0.0000e+00 0.0000e+00 -1.4678e-01 4.1288e-01 0.0000e+00 0.0000e+00 0.0000e+00 0.0000e+00 2.4981e-03 1.4482e-01 0.0000e+00 0.0000e+00 -1.4482e-01 1.0730e-01 
112.0 5.7404e-01 -1.4348e-01 0.0000e+00 0.0000e+00 -1.4348e-01 4.0786e-01 0.0000e+00 0.0000e+00 0.0000e+00 0.0000e+00 -7.0342e-03 1.4308e-01 0.0000e+00 0.0000e+00 -1.4308e-01 9.8339e-02 
113.0 5.6906e-01 -1.4011e-01 0.0000e+00 0.0000e+00 -1.4011e-01 4.0310e-01 0.0000e+00 0.0000e+00 0.0000e+00 0.0000e+00 -1.6331e-02 1.4133e-01 0.0000e+00 0.0000e+00 -1.4133e-01 8.9587e-02 
114.0 5.6434e-01 -1.3668e-01 0.0000e+00 0.0000e+00 -1.3668e-01 3.9860e-01 0.0000e+00 0.0000e+00 0.0000e+00 0.0000e+00 -2.5401e-02 1.3956e-01 0.0000e+00 0.0000e+00 -1.3956e-01 8.1030e-02 
115.0 5.5986e-01 -1.3318e-01 0.0000e+00 0.0000e+00 -1.3318e-01 3.9435e-01 0.0000e+00 0.0000e+00 0.0000e+00 0.0000e+00 -3.4254e-02 1.3780e-01 0.0000e+00 0.0000e+00 -1.3780e-01 7.2657e-02 
116.0 5.5561e-01 -1.2964e-01 0.0000e+00 0.0000e+00 -1.2964e-01 3.9033e-01 0.0000e+00 0.0000e+00 0.0000e+00 0.0000e+00 -4.2894e-02 1.3602e-01 0.0000e+00 0.0000e+00 -1.3602e-01 6.4466e-02 
117.0 5.5161e-01 -1.2605e-01 0.0000e+00 0.0000e+00 -1.2605e-01 3.8656e-01 0.0000e+00 0.0000e+00 0.0000e+00 0.0000e+00 -5.1324e-02 1.3425e-01 0.0000e+00 0.0000e+00 -1.3425e-01 5.6454e-02 
118.0 5.4783e-01 -1.2241e-01 0.0000e+00 0.0000e+00 -1.2241e-01 3.8301e-01 0.0000e+00 0.0000e+00 0.0000e+00 0.0000e+00 -5.9549e-02 1.3249e-01 0.0000e+00 0.0000e+00 -1.3249e-01 4.8621e-02 
119.0 5.4427e-01 -1.1873e-01 0.0000e+00 0.0000e+00 -1.1873e-01 3.7969e-01 0.0000e+00 0.0000e+00 0.0000e+00 0.0000e+00 -6.7577e-02 1.3072e-01 0.0000e+00 0.0000e+00 -1.3072e-01 4.0961e-02 
120.0 5.4093e-01 -1.1502e-01 0.0000e+00 0.0000e+00 -1.1502e-01 3.7658e-01 0.0000e+00 0.0000e+00 0.0000e+00 0.0000e+00 -7.5420e-02 1.2896e-01 0.0000e+00 0.0000e+00 -1.2896e-01 3.3467e-02 
121.0 5.3778e-01 -1.1129e-01 0.0000e+00 0.0000e+00 -1.1129e-01 3.7366e-01 0.0000e+00 0.0000e+00 0.0000e+00 0.0000e+00 -8.3084e-02 1.2719e-01 0.0000e+00 0.0000e+00 -1.2719e-01 2.6135e-02 
122.0 5.3481e-01 -1.0753e-01 0.0000e+00 0.0000e+00 -1.0753e-01 3.7091e-01 0.0000e+00 0.0000e+00 0.0000e+00 0.0000e+00 -9.0580e-02 1.2539e-01 0.0000e+00 0.0000e+00 -1.2539e-01 1.8961e-02 
123.0 5.3199e-01 -1.0376e-01 0.0000e+00 0.0000e+00 -1.0376e-01 3.6830e-01 0.0000e+00 0.0000e+00 0.0000e+00 0.0000e+00 -9.7918e-02 1.2356e-01 0.0000e+00 0.0000e+00 -1.2356e-01 1.1939e-02 
124.0 5.2933e-01 -9.9974e-02 0.0000e+00 0.0000e+00 -9.9974e-02 3.6582e-01 0.0000e+00 0.0000e+00 0.0000e+00 0.0000e+00 -1.0511e-01 1.2169e-01 0.0000e+00 0.0000e+00 -1.2169e-01 5.0649e-03 
125.0 5.2681e-01 -9.6167e-02 0.0000e+00 0.0000e+00 -9.6167e-02 3.6347e-01 0.0000e+00 0.0000e+00 0.0000e+00 0.0000e+00 -1.1215e-01 1.1978e-01 0.0000e+00 0.0000e+00 -1.1978e-01 -1.6685e-03 
126.0 5.2445e-01 -9.2347e-02 0.0000e+00 0.0000e+00 -9.2347e-02 3.6125e-01 0.0000e+00 0.0000e+00 0.0000e+00 0.0000e+00 -1.1907e-01 1.1783e-01 0.0000e+00 0.0000e+00 -1.1783e-01 -8.2687e-03 
127.0 5.2224e-01 -8.8526e-02 0.0000e+00 0.0000e+00 -8.8526e-02 3.5915e-01 0.0000e+00 0.0000e+00 0.0000e+00 0.0000e+00 -1.2585e-01 1.1585e-01 0.0000e+00 0.0000e+00 -1.1585e-01 -1.4740e-02 
128.0 5.2017e-01 -8.4716e-02 0.0000e+00 0.0000e+00 -8.4716e-02 3.5718e-01 0.0000e+00 0.0000e+00 0.0000e+00 0.0000e+00 -1.3251e-01 1.1382e-01 0.0000e+00 0.0000e+00 -1.1382e-01 -2.1086e-02 
129.0 5.1824e-01 -8.0925e-02 0.0000e+00 0.0000e+00 -8.0925e-02 3.5533e-01 0.0000e+00 0.0000e+00 0.0000e+00 0.0000e+00 -1.3904e-01 1.1175e-01 0.0000e+00 0.0000e+00 -1.1175e-01 -2.7309e-02 
130.0 5.1645e-01 -7.7154e-02 0.0000e+00 0.0000e+00 -7.7154e-02 3.5359e-01 0.0000e+00 0.0000e+00 0.0000e+00 0.0000e+00 -1.4546e-01 1.0963e-01 0.0000e+00 0.0000e+00 -1.0963e-01 -3.3413e-02 
131.0 5.1480e-01 -7.3397e-02 0.0000e+00 0.0000e+00 -7.3397e-02 3.5198e-01 0.0000e+00 0.0000e+00 0.0000e+00 0.0000e+00 -1.5176e-01 1.0745e-01 0.0000e+00 0.0000e+00 -1.0745e-01 -3.9406e-02 
132.0 5.1331e-01 -6.9645e-02 0.0000e+00 0.0000e+00 -6.9645e-02 3.5051e-01 0.0000e+00 0.0000e+00 0.0000e+00 0.0000e+00 -1.5794e-01 1.0524e-01 0.0000e+00 0.0000e+00 -1.0524e-01 -4.5297e-02 
133.0 5.1199e-01 -6.5897e-02 0.0000e+00 0.0000e+00 -6.5897e-02 3.4919e-01 0.0000e+00 0.0000e+00 0.0000e+00 0.0000e+00 -1.6402e-01 1.0300e-01 0.0000e+00 0.0000e+00 -1.0300e-01 -5.1095e-02 
134.0 5.1083e-01 -6.2158e-02 0.0000e+00 0.0000e+00 -6.2158e-02 3.4803e-01 0.0000e+00 0.0000e+00 0.0000e+00 0.0000e+00 -1.7000e-01 1.0074e-01 0.0000e+00 0.0000e+00 -1.0074e-01 -5.6810e-02 
135.0 5.0984e-01 -5.8431e-02 0.0000e+00 0.0000e+00 -5.8431e-02 3.4704e-01 0.0000e+00 0.0000e+00 0.0000e+00 0.0000e+00 -1.7587e-01 9.8463e-02 0.0000e+00 0.0000e+00 -9.8463e-02 -6.2450e-02 
136.0 5.0901e-01 -5.4718e-02 0.0000e+00 0.0000e+00 -5.4718e-02 3.4621e-01 0.0000e+00 0.0000e+00 0.0000e+00 0.0000e+00 -1.8163e-01 9.6158e-02 0.0000e+00 0.0000e+00 -9.6158e-02 -6.8017e-02 
137.0 5.0835e-01 -5.1018e-02 0.0000e+00 0.0000e+00 -5.1018e-02 3.4556e-01 0.0000e+00 0.0000e+00 0.0000e+00 0.0000e+00 -1.8728e-01 9.3831e-02 0.0000e+00 0.0000e+00 -9.3831e-02 -7.3509e-02 
138.0 5.0786e-01 -4.7325e-02 0.0000e+00 0.0000e+00 -4.7325e-02 3.4510e-01 0.0000e+00 0.0000e+00 0.0000e+00 0.0000e+00 -1.9281e-01 9.1492e-02 0.0000e+00 0.0000e+00 -9.1492e-02 -7.8930e-02 
139.0 5.0755e-01 -4.3636e-02 0.0000e+00 0.0000e+00 -4.3636e-02 3.4486e-01 0.0000e+00 0.0000e+00 0.0000e+00 0.0000e+00 -1.9823e-01 8.9158e-02 0.0000e+00 0.0000e+00 -8.9158e-02 -8.4282e-02 
140.0 5.0743e-01 -3.9954e-02 0.0000e+00 0.0000e+00 -3.9954e-02 3.4484e-01 0.0000e+00 0.0000e+00 0.0000e+00 0.0000e+00 -2.0353e-01 8.6840e-02 0.0000e+00 0.0000e+00 -8.6840e-02 -8.9570e-02 
141.0 5.0752e-01 -3.6282e-02 0.0000e+00 0.0000e+00 -3.6282e-02 3.4504e-01 0.0000e+00 0.0000e+00 0.0000e+00 0.0000e+00 -2.0873e-01 8.4539e-02 0.0000e+00 0.0000e+00 -8.4539e-02 -9.4796e-02 
142.0 5.0781e-01 -3.2610e-02 0.0000e+00 0.0000e+00 -3.2610e-02 3.4547e-01 0.0000e+00 0.0000e+00 0.0000e+00 0.0000e+00 -2.1382e-01 8.2263e-02 0.0000e+00 0.0000e+00 -8.2263e-02 -9.9960e-02 
143.0 5.0836e-01 -2.8927e-02 0.0000e+00 0.0000e+00 -2.8927e-02 3.4616e-01 0.0000e+00 0.0000e+00 0.0000e+00 0.0000e+00 -2.1883e-01 8.0030e-02 0.0000e+00 0.0000e+00 -8.0030e-02 -1.0506e-01 
144.0 5.0917e-01 -2.5232e-02 0.0000e+00 0.0000e+00 -2.5232e-02 3.4710e-01 0.0000e+00 0.0000e+00 0.0000e+00 0.0000e+00 -2.2376e-01 7.7852e-02 0.0000e+00 0.0000e+00 -7.7852e-02 -1.1010e-01 
145.0 5.1025e-01 -2.1533e-02 0.0000e+00 0.0000e+00 -2.1533e-02 3.4829e-01 0.0000e+00 0.0000e+00 0.0000e+00 0.0000e+00 -2.2862e-01 7.5722e-02 0.0000e+00 0.0000e+00 -7.5722e-02 -1.1508e-01 
146.0 5.1160e-01 -1.7841e-02 0.0000e+00 0.0000e+00 -1.7841e-02 3.4972e-01 0.0000e+00 0.0000e+00 0.0000e+00 0.0000e+00 -2.3344e-01 7.3622e-02 0.0000e+00 0.0000e+00 -7.3622e-02 -1.2000e-01 
147.0 5.1321e-01 -1.4168e-02 0.0000e+00 0.0000e+00 -1.4168e-02 3.5137e-01 0.0000e+00 0.0000e+00 0.0000e+00 0.0000e+00 -2.3822e-01 7.1526e-02 0.0000e+00 0.0000e+00 -7.1526e-02 -1.2487e-01 
148.0 5.1508e-01 -1.0516e-02 0.0000e+00 0.0000e+00 -1.0516e-02 3.5323e-01 0.0000e+00 0.0000e+00 0.0000e+00 0.0000e+00 -2.4297e-01 6.9415e-02 0.0000e+00 0.0000e+00 -6.9415e-02 -1.2968e-01 
149.0 5.1725e-01 -6.8682e-03 0.0000e+00 0.0000e+00 -6.8682e-03 3.5535e-01 0.0000e+00 0.0000e+00 0.0000e+00 0.0000e+00 -2.4770e-01 6.7300e-02 0.0000e+00 0.0000e+00 -6.7300e-02 -1.3444e-01 
150.0 5.1979e-01 -3.1986e-03 0.0000e+00 0.0000e+00 -3.1986e-03 3.5780e-01 0.0000e+00 0.0000e+00 0.0000e+00 0.0000e+00 -2.5240e-01 6.5217e-02 0.0000e+00 0.0000e+00 -6.5217e-02 -1.3914e-01 
151.0 5.2274e-01 4.9882e-04 0.0000e+00 0.0000e+00 4.9882e-04 3.6064e-01 0.0000e+00 0.0000e+00 0.0000e+00 0.0000e+00 -2.5708e-01 6.3190e-02 0.0000e+00 0.0000e+00 -6.3190e-02 -1.4380e-01 
152.0 5.2610e-01 4.1978e-03 0.0000e+00 0.0000e+00 4.1978e-03 3.6383e-01 0.0000e+00 0.0000e+00 0.0000e+00 0.0000e+00 -2.6173e-01 6.1191e-02 0.0000e+00 0.0000e+00 -6.1191e-02 -1.4841e-01 
153.0 5.2978e-01 7.8621e-03 0.0000e+00 0.0000e+00 7.8621e-03 3.6733e-01 0.0000e+00 0.0000e+00 0.0000e+00 0.0000e+00 -2.6638e-01 5.9140e-02 0.0000e+00 0.0000e+00 -5.9140e-02 -1.5301e-01 
154.0 5.3374e-01 1.1467e-02 0.0000e+00 0.0000e+00 1.1467e-02 3.7107e-01 0.0000e+00 0.0000e+00 0.0000e+00 0.0000e+00 -2.7103e-01 5.6960e-02 0.0000e+00 0.0000e+00 -5.6960e-02 -1.5761e-01 
155.0 5.3796e-01 1.4992e-02 0.0000e+00 0.0000e+00 1.4992e-02 3.7506e-01 0.0000e+00 0.0000e+00 0.0000e+00 0.0000e+00 -2.7570e-01 5.4598e-02 0.0000e+00 0.0000e+00 -5.4598e-02 -1.6224e-01 
156.0 5.4243e-01 1.8410e-02 0.0000e+00 0.0000e+00 1.8410e-02 3.7932e-01 0.0000e+00 0.0000e+00 0.0000e+00 0.0000e+00 -2.8042e-01 5.2017e-02 0.0000e+00 0.0000e+00 -5.2017e-02 -1.6694e-01 
157.0 5.4714e-01 2.1667e-02 0.0000e+00 0.0000e+00 2.1667e-02 3.8388e-01 0.0000e+00 0.0000e+00 0.0000e+00 0.0000e+00 -2.8519e-01 4.9168e-02 0.0000e+00 0.0000e+00 -4.9168e-02 -1.7171e-01 
158.0 5.5198e-01 2.4659e-02 0.0000e+00 0.0000e+00 2.4659e-02 3.8864e-01 0.0000e+00 0.0000e+00 0.0000e+00 0.0000e+00 -2.9001e-01 4.5962e-02 0.0000e+00 0.0000e+00 -4.5962e-02 -1.7656e-01 
159.0 5.5682e-01 2.7260e-02 0.0000e+00 0.0000e+00 2.7260e-02 3.9344e-01 0.0000e+00 0.0000e+00 0.0000e+00 0.0000e+00 -2.9488e-01 4.2244e-02 0.0000e+00 0.0000e+00 -4.2244e-02 -1.8150e-01 
160.0 5.6149e-01 2.9372e-02 0.0000e+00 0.0000e+00 2.9372e-02 3.9805e-01 0.0000e+00 0.0000e+00 0.0000e+00 0.0000e+00 -2.9983e-01 3.7838e-02 0.0000e+00 0.0000e+00 -3.7838e-02 -1.8652e-01 
161.0 5.6598e-01 3.0957e-02 0.0000e+00 0.0000e+00 3.0957e-02 4.0238e-01 0.0000e+00 0.0000e+00 0.0000e+00 0.0000e+00 -3.0493e-01 3.2621e-02 0.0000e+00 0.0000e+00 -3.2621e-02 -1.9159e-01 
162.0 5.7037e-01 3.2019e-02 0.0000e+00 0.0000e+00 3.2019e-02 4.0645e-01 0.0000e+00 0.0000e+00 0.0000e+00 0.0000e+00 -3.1026e-01 2.6562e-02 0.0000e+00 0.0000e+00 -2.6562e-02 -1.9673e-01 
163.0 5.7480e-01 3.2550e-02 0.0000e+00 0.0000e+00 3.2550e-02 4.1034e-01 0.0000e+00 0.0000e+00 0.0000e+00 0.0000e+00 -3.1596e-01 1.9689e-02 0.0000e+00 0.0000e+00 -1.9689e-02 -2.0191e-01 
164.0 5.7944e-01 3.2519e-02 0.0000e+00 0.0000e+00 3.2519e-02 4.1405e-01 0.0000e+00 0.0000e+00 0.0000e+00 0.0000e+00 -3.2223e-01 1.2060e-02 0.0000e+00 0.0000e+00 -1.2060e-02 -2.0715e-01 
165.0 5.8455e-01 3.1900e-02 0.0000e+00 0.0000e+00 3.1900e-02 4.1764e-01 0.0000e+00 0.0000e+00 0.0000e+00 0.0000e+00 -3.2927e-01 3.7969e-03 0.0000e+00 0.0000e+00 -3.7969e-03 -2.1243e-01 
166.0 5.9049e-01 3.0687e-02 0.0000e+00 0.0000e+00 3.0687e-02 4.2129e-01 0.0000e+00 0.0000e+00 0.0000e+00 0.0000e+00 -3.3730e-01 -4.9234e-03 0.0000e+00 0.0000e+00 4.9234e-03 -2.1770e-01 
167.0 5.9770e-01 2.8902e-02 0.0000e+00 0.0000e+00 2.8902e-02 4.2534e-01 0.0000e+00 0.0000e+00 0.0000e+00 0.0000e+00 -3.4654e-01 -1.3863e-02 0.0000e+00 0.0000e+00 1.3863e-02 -2.2296e-01 
168.0 6.0665e-01 2.6575e-02 0.0000e+00 0.0000e+00 2.6575e-02 4.3007e-01 0.0000e+00 0.0000e+00 0.0000e+00 0.0000e+00 -3.5722e-01 -2.2759e-02 0.0000e+00 0.0000e+00 2.2759e-02 -2.2822e-01 
169.0 6.1776e-01 2.3685e-02 0.0000e+00 0.0000e+00 2.3685e-02 4.3572e-01 0.0000e+00 0.0000e+00 0.0000e+00 0.0000e+00 -3.6965e-01 -3.1383e-02 0.0000e+00 0.0000e+00 3.1383e-02 -2.3351e-01 
170.0 6.3143e-01 2.0139e-02 0.0000e+00 0.0000e+00 2.0139e-02 4.4240e-01 0.0000e+00 0.0000e+00 0.0000e+00 0.0000e+00 -3.8417e-01 -3.9525e-02 0.0000e+00 0.0000e+00 3.9525e-02 -2.3884e-01 
171.0 6.4828e-01 1.5912e-02 0.0000e+00 0.0000e+00 1.5912e-02 4.5029e-01 0.0000e+00 0.0000e+00 0.0000e+00 0.0000e+00 -4.0130e-01 -4.6756e-02 0.0000e+00 0.0000e+00 4.6756e-02 -2.4410e-01 
172.0 6.6947e-01 1.1175e-02 0.0000e+00 0.0000e+00 1.1175e-02 4.5991e-01 0.0000e+00 0.0000e+00 0.0000e+00 0.0000e+00 -4.2160e-01 -5.2213e-02 0.0000e+00 0.0000e+00 5.2213e-02 -2.4916e-01 
173.0 6.9659e-01 6.3204e-03 0.0000e+00 0.0000e+00 6.3204e-03 4.7218e-01 0.0000e+00 0.0000e+00 0.0000e+00 0.0000e+00 -4.4558e-01 -5.4612e-02 0.0000e+00 0.0000e+00 5.4612e-02 -2.5377e-01 
174.0 7.3098e-01 1.9388e-03 0.0000e+00 0.0000e+00 1.9388e-03 4.8806e-01 0.0000e+00 0.0000e+00 0.0000e+00 0.0000e+00 -4.7326e-01 -5.2527e-02 0.0000e+00 0.0000e+00 5.2527e-02 -2.5765e-01 
175.0 7.7272e-01 -1.2934e-03 0.0000e+00 0.0000e+00 -1.2934e-03 5.0793e-01 0.0000e+00 0.0000e+00 0.0000e+00 0.0000e+00 -5.0377e-01 -4.5163e-02 0.0000e+00 0.0000e+00 4.5163e-02 -2.6046e-01 
176.0 8.1944e-01 -2.7743e-03 0.0000e+00 0.0000e+00 -2.7743e-03 5.3088e-01 0.0000e+00 0.0000e+00 0.0000e+00 0.0000e+00 -5.3492e-01 -3.2987e-02 0.0000e+00 0.0000e+00 3.2987e-02 -2.6192e-01 
177.0 8.6542e-01 -2.3282e-03 0.0000e+00 0.0000e+00 -2.3282e-03 5.5418e-01 0.0000e+00 0.0000e+00 0.0000e+00 0.0000e+00 -5.6298e-01 -1.8309e-02 0.0000e+00 0.0000e+00 1.8309e-02 -2.6197e-01 
178.0 9.0107e-01 -8.1662e-04 0.0000e+00 0.0000e+00 -8.1662e-04 5.7275e-01 0.0000e+00 0.0000e+00 0.0000e+00 0.0000e+00 -5.8312e-01 -5.6182e-03 0.0000e+00 0.0000e+00 5.6182e-03 -2.6121e-01 
179.0 9.1556e-01 -1.2546e-20 0.0000e+00 0.0000e+00 -1.2546e-20 5.8049e-01 0.0000e+00 0.0000e+00 0.0000e+00 0.0000e+00 -5.9097e-01 -9.7217e-20 0.0000e+00 0.0000e+00 9.7217e-20 -2.6082e-01 
180.0 9.2955e-01 0.0000e+00 0.0000e+00 0.0000e+00 0.0000e+00 5.8751e-01 0.0000e+00 0.0000e+00 0.0000e+00 0.0000e+00 -5.9812e-01 0.0000e+00 0.0000e+00 0.0000e+00 -0.0000e+00 -2.6032e-01 
