1.2913 1.3706 0.0793 0.081440
theta s11 s12 s13 s14 s21 s22 s23 s24 s31 s32 s33 s34 s41 s42 s43 s44
0.0 5.8097e+02 0.0000e+00 0.0000e+00 0.0000e+00 0.0000e+00 5.8044e+02 0.0000e+00 0.0000e+00 0.0000e+00 0.0000e+00 5.8044e+02 0.0000e+00 0.0000e+00 0.0000e+00 -0.0000e+00 5.7991e+02 
1.0 5.3074e+02 -1.0918e-02 0.0000e+00 0.0000e+00 -1.0918e-02 5.3021e+02 0.0000e+00 0.0000e+00 0.0000e+00 0.0000e+00 5.3021e+02 -1.7420e-01 0.0000e+00 0.0000e+00 1.7420e-01 5.2968e+02 
2.0 4.4711e+02 -1.6436e-02 0.0000e+00 0.0000e+00 -1.6436e-02 4.4659e+02 0.0000e+00 0.0000e+00 0.0000e+00 0.0000e+00 4.4659e+02 -6.0176e-01 0.0000e+00 0.0000e+00 6.0176e-01 4.4607e+02 
3.0 3.7408e+02 -5.9416e-03 0.0000e+00 0.0000e+00 -5.9416e-03 3.7356e+02 0.0000e+00 0.0000e+00 0.0000e+00 0.0000e+00 3.7355e+02 -1.0951e+00 0.0000e+00 0.0000e+00 1.0951e+00 3.7305e+02 
4.0 3.1578e+02 8.9915e-03 0.0000e+00 0.0000e+00 8.9915e-03 3.1527e+02 0.0000e+00 0.0000e+00 0.0000e+00 0.0000e+00 3.1526e+02 -1.5253e+00 0.0000e+00 0.0000e+00 1.5253e+00 3.1477e+02 
5.0 2.6996e+02 1.7453e-02 0.0000e+00 0.0000e+00 1.7453e-02 2.6946e+02 0.0000e+00 0.0000e+00 0.0000e+00 0.0000e+00 2.6944e+02 -1.8527e+00 0.0000e+00 0.0000e+00 1.8527e+00 2.6896e+02 
6.0 2.3368e+02 1.2237e-02 0.0000e+00 0.0000e+00 1.2237e-02 2.3319e+02 0.0000e+00 0.0000e+00 0.0000e+00 0.0000e+00 2.3316e+02 -2.0783e+00 0.0000e+00 0.0000e+00 2.0783e+00 2.3269e+02 
7.0 2.0458e+02 -1.0545e-02 0.0000e+00 0.0000e+00 -1.0545e-02 2.0410e+02 0.0000e+00 0.0000e+00 0.0000e+00 0.0000e+00 2.0405e+02 -2.2135e+00 0.0000e+00 0.0000e+00 2.2135e+00 2.0360e+02 
8.0 1.8090e+02 -5.1331e-02 0.0000e+00 0.0000e+00 -5.1331e-02 1.8043e+02 0.0000e+00 0.0000e+00 0.0000e+00 0.0000e+00 1.8037e+02 -2.2758e+00 0.0000e+00 0.0000e+00 2.2758e+00 1.7993e+02 
9.0 1.6136e+02 -1.0811e-01 0.0000e+00 0.0000e+00 -1.0811e-01 1.6090e+02 0.0000e+00 0.0000e+00 0.0000e+00 0.0000e+00 1.6082e+02 -2.2836e+00 0.0000e+00 0.0000e+00 2.2836e+00 1.6040e+02 
10.0 1.4502e+02 -1.7776e-01 0.0000e+00 0.0000e+00 -1.7776e-01 1.4456e+02 0.0000e+00 0.0000e+00 0.0000e+00 0.0000e+00 1.4447e+02 -2.2537e+00 0.0000e+00 0.0000e+00 2.2537e+00 1.4407e+02 
11.0 1.3119e+02 -2.5700e-01 0.0000e+00 0.0000e+00 -2.5700e-01 1.3075e+02 0.0000e+00 0.0000e+00 0.0000e+00 0.0000e+00 1.3065e+02 -2.1990e+00 0.0000e+00 0.0000e+00 2.1990e+00 1.3026e+02 
12.0 1.1939e+02 -3.4300e-01 0.0000e+00 0.0000e+00 -3.4300e-01 1.1895e+02 0.0000e+00 0.0000e+00 0.0000e+00 0.0000e+00 1.1883e+02 -2.1294e+00 0.0000e+00 0.0000e+00 2.1294e+00 1.1846e+02 
13.0 1.0921e+02 -4.3368e-01 0.0000e+00 0.0000e+00 -4.3368e-01 1.0878e+02 0.0000e+00 0.0000e+00 0.0000e+00 0.0000e+00 1.0865e+02 -2.0512e+00 0.0000e+00 0.0000e+00 2.0512e+00 1.0830e+02 
14.0 1.0037e+02 -5.2744e-01 0.0000e+00 0.0000e+00 -5.2744e-01 9.9947e+01 0.0000e+00 0.0000e+00 0.0000e+00 0.0000e+00 9.9810e+01 -1.9704e+00 0.0000e+00 0.0000e+00 1.9704e+00 9.9465e+01 
15.0 9.2622e+01 -6.2371e-01 0.0000e+00 0.0000e+00 -6.2371e-01 9.2205e+01 0.0000e+00 0.0000e+00 0.0000e+00 0.0000e+00 9.2058e+01 -1.8880e+00 0.0000e+00 0.0000e+00 1.8880e+00 9.1726e+01 
16.0 8.5776e+01 -7.2218e-01 0.0000e+00 0.0000e+00 -7.2218e-01 8.5365e+01 0.0000e+00 0.0000e+00 0.0000e+00 0.0000e+00 8.5209e+01 -1.8060e+00 0.0000e+00 0.0000e+00 1.8060e+00 8.4889e+01 
17.0 7.9677e+01 -8.2272e-01 0.0000e+00 0.0000e+00 -8.2272e-01 7.9272e+01 0.0000e+00 0.0000e+00 0.0000e+00 0.0000e+00 7.9107e+01 -1.7253e+00 0.0000e+00 0.0000e+00 1.7253e+00 7.8799e+01 
18.0 7.4203e+01 -9.2512e-01 0.0000e+00 0.0000e+00 -9.2512e-01 7.3805e+01 0.0000e+00 0.0000e+00 0.0000e+00 0.0000e+00 7.3630e+01 -1.6463e+00 0.0000e+00 0.0000e+00 1.6463e+00 7.3333e+01 
19.0 6.9264e+01 -1.0291e+00 0.0000e+00 0.0000e+00 -1.0291e+00 6.8871e+01 0.0000e+00 0.0000e+00 0.0000e+00 0.0000e+00 6.8922e+01 -1.5692e+00 0.0000e+00 0.0000e+00 1.5692e+00 6.8636e+01 
20.0 6.4791e+01 -1.1345e+00 0.0000e+00 0.0000e+00 -1.1345e+00 6.4403e+01 0.0000e+00 0.0000e+00 0.0000e+00 0.0000e+00 6.4652e+01 -1.4938e+00 0.0000e+00 0.0000e+00 1.4938e+00 6.4377e+01 
21.0 6.0729e+01 -1.2411e+00 0.0000e+00 0.0000e+00 -1.2411e+00 6.0347e+01 0.0000e+00 0.0000e+00 0.0000e+00 0.0000e+00 6.0769e+01 -1.4202e+00 0.0000e+00 0.0000e+00 1.4202e+00 6.0504e+01 
22.0 5.7033e+01 -1.3489e+00 0.0000e+00 0.0000e+00 -1.3489e+00 5.6655e+01 0.0000e+00 0.0000e+00 0.0000e+00 0.0000e+00 5.7230e+01 -1.3484e+00 0.0000e+00 0.0000e+00 1.3484e+00 5.6974e+01 
23.0 5.3658e+01 -1.4576e+00 0.0000e+00 0.0000e+00 -1.4576e+00 5.3285e+01 0.0000e+00 0.0000e+00 0.0000e+00 0.0000e+00 5.3995e+01 -1.2785e+00 0.0000e+00 0.0000e+00 1.2785e+00 5.3747e+01 
24.0 5.0565e+01 -1.5669e+00 0.0000e+00 0.0000e+00 -1.5669e+00 5.0197e+01 0.0000e+00 0.0000e+00 0.0000e+00 0.0000e+00 5.1026e+01 -1.2107e+00 0.0000e+00 0.0000e+00 1.2107e+00 5.0786e+01 
25.0 4.7721e+01 -1.6765e+00 0.0000e+00 0.0000e+00 -1.6765e+00 4.7357e+01 0.0000e+00 0.0000e+00 0.0000e+00 0.0000e+00 4.8291e+01 -1.1453e+00 0.0000e+00 0.0000e+00 1.1453e+00 4.8058e+01 
26.0 4.5096e+01 -1.7856e+00 0.0000e+00 0.0000e+00 -1.7856e+00 4.4737e+01 0.0000e+00 0.0000e+00 0.0000e+00 0.0000e+00 4.5763e+01 -1.0826e+00 0.0000e+00 0.0000e+00 1.0826e+00 4.5538e+01 
27.0 4.2668e+01 -1.8939e+00 0.0000e+00 0.0000e+00 -1.8939e+00 4.2312e+01 0.0000e+00 0.0000e+00 0.0000e+00 0.0000e+00 4.3420e+01 -1.0226e+00 0.0000e+00 0.0000e+00 1.0226e+00 4.3202e+01 
28.0 4.0415e+01 -2.0009e+00 0.0000e+00 0.0000e+00 -2.0009e+00 4.0064e+01 0.0000e+00 0.0000e+00 0.0000e+00 0.0000e+00 4.1244e+01 -9.6529e-01 0.0000e+00 0.0000e+00 9.6529e-01 4.1032e+01 
29.0 3.8324e+01 -2.1063e+00 0.0000e+00 0.0000e+00 -2.1063e+00 3.7975e+01 0.0000e+00 0.0000e+00 0.0000e+00 0.0000e+00 3.9219e+01 -9.1048e-01 0.0000e+00 0.0000e+00 9.1048e-01 3.9013e+01 
30.0 3.6379e+01 -2.2100e+00 0.0000e+00 0.0000e+00 -2.2100e+00 3.6034e+01 0.0000e+00 0.0000e+00 0.0000e+00 0.0000e+00 3.7334e+01 -8.5801e-01 0.0000e+00 0.0000e+00 8.5801e-01 3.7133e+01 
31.0 3.4569e+01 -2.3120e+00 0.0000e+00 0.0000e+00 -2.3120e+00 3.4228e+01 0.0000e+00 0.0000e+00 0.0000e+00 0.0000e+00 3.5419e+01 -8.0781e-01 0.0000e+00 0.0000e+00 8.0781e-01 3.5226e+01 
32.0 3.2882e+01 -2.4121e+00 0.0000e+00 0.0000e+00 -2.4121e+00 3.2544e+01 0.0000e+00 0.0000e+00 0.0000e+00 0.0000e+00 3.3631e+01 -7.5993e-01 0.0000e+00 0.0000e+00 7.5993e-01 3.3445e+01 
33.0 3.1307e+01 -2.5100e+00 0.0000e+00 0.0000e+00 -2.5100e+00 3.0971e+01 0.0000e+00 0.0000e+00 0.0000e+00 0.0000e+00 3.1957e+01 -7.1443e-01 0.0000e+00 0.0000e+00 7.1443e-01 3.1779e+01 
34.0 2.9832e+01 -2.6054e+00 0.0000e+00 0.0000e+00 -2.6054e+00 2.9500e+01 0.0000e+00 0.0000e+00 0.0000e+00 0.0000e+00 3.0388e+01 -6.7131e-01 0.0000e+00 0.0000e+00 6.7131e-01 3.0217e+01 
35.0 2.8449e+01 -2.6980e+00 0.0000e+00 0.0000e+00 -2.6980e+00 2.8120e+01 0.0000e+00 0.0000e+00 0.0000e+00 0.0000e+00 2.8914e+01 -6.3046e-01 0.0000e+00 0.0000e+00 6.3046e-01 2.8749e+01 
36.0 2.7149e+01 -2.7877e+00 0.0000e+00 0.0000e+00 -2.7877e+00 2.6822e+01 0.0000e+00 0.0000e+00 0.0000e+00 0.0000e+00 2.7526e+01 -5.9172e-01 0.0000e+00 0.0000e+00 5.9172e-01 2.7368e+01 
37.0 2.5924e+01 -2.8743e+00 0.0000e+00 0.0000e+00 -2.8743e+00 2.5600e+01 0.0000e+00 0.0000e+00 0.0000e+00 0.0000e+00 2.6217e+01 -5.5487e-01 0.0000e+00 0.0000e+00 5.5487e-01 2.6066e+01 
38.0 2.4769e+01 -2.9578e+00 0.0000e+00 0.0000e+00 -2.9578e+00 2.4448e+01 0.0000e+00 0.0000e+00 0.0000e+00 0.0000e+00 2.4982e+01 -5.1973e-01 0.0000e+00 0.0000e+00 5.1973e-01 2.4837e+01 
39.0 2.3679e+01 -3.0379e+00 0.0000e+00 0.0000e+00 -3.0379e+00 2.3360e+01 0.0000e+00 0.0000e+00 0.0000e+00 0.0000e+00 2.3814e+01 -4.8614e-01 0.0000e+00 0.0000e+00 4.8614e-01 2.3676e+01 
40.0 2.2649e+01 -3.1148e+00 0.0000e+00 0.0000e+00 -3.1148e+00 2.2332e+01 0.0000e+00 0.0000e+00 0.0000e+00 0.0000e+00 2.2708e+01 -4.5398e-01 0.0000e+00 0.0000e+00 4.5398e-01 2.2576e+01 
41.0 2.1675e+01 -3.1883e+00 0.0000e+00 0.0000e+00 -3.1883e+00 2.1360e+01 0.0000e+00 0.0000e+00 0.0000e+00 0.0000e+00 2.1661e+01 -4.2317e-01 0.0000e+00 0.0000e+00 4.2317e-01 2.1535e+01 
42.0 2.0754e+01 -3.2584e+00 0.0000e+00 0.0000e+00 -3.2584e+00 2.0441e+01 0.0000e+00 0.0000e+00 0.0000e+00 0.0000e+00 2.0667e+01 -3.9364e-01 0.0000e+00 0.0000e+00 3.9364e-01 2.0547e+01 
43.0 1.9881e+01 -3.3251e+00 0.0000e+00 0.0000e+00 -3.3251e+00 1.9570e+01 0.0000e+00 0.0000e+00 0.0000e+00 0.0000e+00 1.9723e+01 -3.6535e-01 0.0000e+00 0.0000e+00 3.6535e-01 1.9610e+01 
44.0 1.9055e+01 -3.3882e+00 0.0000e+00 0.0000e+00 -3.3882e+00 1.8746e+01 0.0000e+00 0.0000e+00 0.0000e+00 0.0000e+00 1.8827e+01 -3.3822e-01 0.0000e+00 0.0000e+00 3.3822e-01 1.8719e+01 
45.0 1.8271e+01 -3.4478e+00 0.0000e+00 0.0000e+00 -3.4478e+00 1.7964e+01 0.0000e+00 0.0000e+00 0.0000e+00 0.0000e+00 1.7973e+01 -3.1216e-01 0.0000e+00 0.0000e+00 3.1216e-01 1.7871e+01 
46.0 1.7527e+01 -3.5038e+00 0.0000e+00 0.0000e+00 -3.5038e+00 1.7221e+01 0.0000e+00 0.0000e+00 0.0000e+00 0.0000e+00 1.7160e+01 -2.8707e-01 0.0000e+00 0.0000e+00 2.8707e-01 1.7064e+01 
47.0 1.6820e+01 -3.5562e+00 0.0000e+00 0.0000e+00 -3.5562e+00 1.6516e+01 0.0000e+00 0.0000e+00 0.0000e+00 0.0000e+00 1.6385e+01 -2.6285e-01 0.0000e+00 0.0000e+00 2.6285e-01 1.6294e+01 
48.0 1.6148e+01 -3.6051e+00 0.0000e+00 0.0000e+00 -3.6051e+00 1.5847e+01 0.0000e+00 0.0000e+00 0.0000e+00 0.0000e+00 1.5646e+01 -2.3944e-01 0.0000e+00 0.0000e+00 2.3944e-01 1.5561e+01 
49.0 1.5510e+01 -3.6505e+00 0.0000e+00 0.0000e+00 -3.6505e+00 1.5210e+01 0.0000e+00 0.0000e+00 0.0000e+00 0.0000e+00 1.4940e+01 -2.1680e-01 0.0000e+00 0.0000e+00 2.1680e-01 1.4860e+01 
50.0 1.4902e+01 -3.6925e+00 0.0000e+00 0.0000e+00 -3.6925e+00 1.4604e+01 0.0000e+00 0.0000e+00 0.0000e+00 0.0000e+00 1.4265e+01 -1.9488e-01 0.0000e+00 0.0000e+00 1.9488e-01 1.4191e+01 
51.0 1.4324e+01 -3.7310e+00 0.0000e+00 0.0000e+00 -3.7310e+00 1.4027e+01 0.0000e+00 0.0000e+00 0.0000e+00 0.0000e+00 1.3621e+01 -1.7366e-01 0.0000e+00 0.0000e+00 1.7366e-01 1.3552e+01 
52.0 1.3773e+01 -3.7660e+00 0.0000e+00 0.0000e+00 -3.7660e+00 1.3477e+01 0.0000e+00 0.0000e+00 0.0000e+00 0.0000e+00 1.3004e+01 -1.5312e-01 0.0000e+00 0.0000e+00 1.5312e-01 1.2941e+01 
53.0 1.3249e+01 -3.7977e+00 0.0000e+00 0.0000e+00 -3.7977e+00 1.2954e+01 0.0000e+00 0.0000e+00 0.0000e+00 0.0000e+00 1.2414e+01 -1.3320e-01 0.0000e+00 0.0000e+00 1.3320e-01 1.2356e+01 
54.0 1.2748e+01 -3.8261e+00 0.0000e+00 0.0000e+00 -3.8261e+00 1.2455e+01 0.0000e+00 0.0000e+00 0.0000e+00 0.0000e+00 1.1848e+01 -1.1387e-01 0.0000e+00 0.0000e+00 1.1387e-01 1.1795e+01 
55.0 1.2272e+01 -3.8512e+00 0.0000e+00 0.0000e+00 -3.8512e+00 1.1979e+01 0.0000e+00 0.0000e+00 0.0000e+00 0.0000e+00 1.1307e+01 -9.5093e-02 0.0000e+00 0.0000e+00 9.5093e-02 1.1259e+01 
56.0 1.1817e+01 -3.8731e+00 0.0000e+00 0.0000e+00 -3.8731e+00 1.1525e+01 0.0000e+00 0.0000e+00 0.0000e+00 0.0000e+00 1.0787e+01 -7.6836e-02 0.0000e+00 0.0000e+00 7.6836e-02 1.0745e+01 
57.0 1.1383e+01 -3.8918e+00 0.0000e+00 0.0000e+00 -3.8918e+00 1.1092e+01 0.0000e+00 0.0000e+00 0.0000e+00 0.0000e+00 1.0289e+01 -5.9077e-02 0.0000e+00 0.0000e+00 5.9077e-02 1.0251e+01 
58.0 1.0969e+01 -3.9075e+00 0.0000e+00 0.0000e+00 -3.9075e+00 1.0679e+01 0.0000e+00 0.0000e+00 0.0000e+00 0.0000e+00 9.8107e+00 -4.1796e-02 0.0000e+00 0.0000e+00 4.1796e-02 9.7784e+00 
59.0 1.0574e+01 -3.9201e+00 0.0000e+00 0.0000e+00 -3.9201e+00 1.0285e+01 0.0000e+00 0.0000e+00 0.0000e+00 0.0000e+00 9.3517e+00 -2.4975e-02 0.0000e+00 0.0000e+00 2.4975e-02 9.3244e+00 
60.0 1.0198e+01 -3.9298e+00 0.0000e+00 0.0000e+00 -3.9298e+00 9.9091e+00 0.0000e+00 0.0000e+00 0.0000e+00 0.0000e+00 8.9109e+00 -8.6039e-03 0.0000e+00 0.0000e+00 8.6039e-03 8.8886e+00 
61.0 9.8383e+00 -3.9367e+00 0.0000e+00 0.0000e+00 -3.9367e+00 9.5502e+00 0.0000e+00 0.0000e+00 0.0000e+00 0.0000e+00 8.4873e+00 7.3264e-03 0.0000e+00 0.0000e+00 -7.3264e-03 8.4700e+00 
62.0 9.4953e+00 -3.9407e+00 0.0000e+00 0.0000e+00 -3.9407e+00 9.2078e+00 0.0000e+00 0.0000e+00 0.0000e+00 0.0000e+00 8.0802e+00 2.2817e-02 0.0000e+00 0.0000e+00 -2.2817e-02 8.0679e+00 
63.0 9.1679e+00 -3.9421e+00 0.0000e+00 0.0000e+00 -3.9421e+00 8.8809e+00 0.0000e+00 0.0000e+00 0.0000e+00 0.0000e+00 7.6888e+00 3.7862e-02 0.0000e+00 0.0000e+00 -3.7862e-02 7.6815e+00 
64.0 8.8555e+00 -3.9408e+00 0.0000e+00 0.0000e+00 -3.9408e+00 8.5688e+00 0.0000e+00 0.0000e+00 0.0000e+00 0.0000e+00 7.3124e+00 5.2451e-02 0.0000e+00 0.0000e+00 -5.2451e-02 7.3100e+00 
65.0 8.5573e+00 -3.9370e+00 0.0000e+00 0.0000e+00 -3.9370e+00 8.2709e+00 0.0000e+00 0.0000e+00 0.0000e+00 0.0000e+00 6.9503e+00 6.6577e-02 0.0000e+00 0.0000e+00 -6.6577e-02 6.9528e+00 
66.0 8.2726e+00 -3.9306e+00 0.0000e+00 0.0000e+00 -3.9306e+00 7.9865e+00 0.0000e+00 0.0000e+00 0.0000e+00 0.0000e+00 6.6017e+00 8.0230e-02 0.0000e+00 0.0000e+00 -8.0230e-02 6.6092e+00 
67.0 8.0008e+00 -3.9219e+00 0.0000e+00 0.0000e+00 -3.9219e+00 7.7149e+00 0.0000e+00 0.0000e+00 0.0000e+00 0.0000e+00 6.2662e+00 9.3401e-02 0.0000e+00 0.0000e+00 -9.3401e-02 6.2785e+00 
68.0 7.7413e+00 -3.9108e+00 0.0000e+00 0.0000e+00 -3.9108e+00 7.4555e+00 0.0000e+00 0.0000e+00 0.0000e+00 0.0000e+00 5.9430e+00 1.0608e-01 0.0000e+00 0.0000e+00 -1.0608e-01 5.9603e+00 
69.0 7.4935e+00 -3.8974e+00 0.0000e+00 0.0000e+00 -3.8974e+00 7.2078e+00 0.0000e+00 0.0000e+00 0.0000e+00 0.0000e+00 5.6317e+00 1.1825e-01 0.0000e+00 0.0000e+00 -1.1825e-01 5.6539e+00 
70.0 7.2569e+00 -3.8818e+00 0.0000e+00 0.0000e+00 -3.8818e+00 6.9713e+00 0.0000e+00 0.0000e+00 0.0000e+00 0.0000e+00 5.3317e+00 1.2990e-01 0.0000e+00 0.0000e+00 -1.2990e-01 5.3587e+00 
71.0 7.0310e+00 -3.8641e+00 0.0000e+00 0.0000e+00 -3.8641e+00 6.7453e+00 0.0000e+00 0.0000e+00 0.0000e+00 0.0000e+00 5.0425e+00 1.4103e-01 0.0000e+00 0.0000e+00 -1.4103e-01 5.0744e+00 
72.0 6.8152e+00 -3.8444e+00 0.0000e+00 0.0000e+00 -3.8444e+00 6.5295e+00 0.0000e+00 0.0000e+00 0.0000e+00 0.0000e+00 4.7637e+00 1.5162e-01 0.0000e+00 0.0000e+00 -1.5162e-01 4.8005e+00 
73.0 6.6091e+00 -3.8226e+00 0.0000e+00 0.0000e+00 -3.8226e+00 6.3233e+00 0.0000e+00 0.0000e+00 0.0000e+00 0.0000e+00 4.4948e+00 1.6165e-01 0.0000e+00 0.0000e+00 -1.6165e-01 4.5364e+00 
74.0 6.4123e+00 -3.7989e+00 0.0000e+00 0.0000e+00 -3.7989e+00 6.1264e+00 0.0000e+00 0.0000e+00 0.0000e+00 0.0000e+00 4.2354e+00 1.7112e-01 0.0000e+00 0.0000e+00 -1.7112e-01 4.2817e+00 
75.0 6.2243e+00 -3.7733e+00 0.0000e+00 0.0000e+00 -3.7733e+00 5.9383e+00 0.0000e+00 0.0000e+00 0.0000e+00 0.0000e+00 3.9850e+00 1.8002e-01 0.0000e+00 0.0000e+00 -1.8002e-01 4.0361e+00 
76.0 6.0448e+00 -3.7459e+00 0.0000e+00 0.0000e+00 -3.7459e+00 5.7586e+00 0.0000e+00 0.0000e+00 0.0000e+00 0.0000e+00 3.7434e+00 1.8836e-01 0.0000e+00 0.0000e+00 -1.8836e-01 3.7992e+00 
77.0 5.8733e+00 -3.7168e+00 0.0000e+00 0.0000e+00 -3.7168e+00 5.5870e+00 0.0000e+00 0.0000e+00 0.0000e+00 0.0000e+00 3.5100e+00 1.9612e-01 0.0000e+00 0.0000e+00 -1.9612e-01 3.5706e+00 
78.0 5.7095e+00 -3.6860e+00 0.0000e+00 0.0000e+00 -3.6860e+00 5.4230e+00 0.0000e+00 0.0000e+00 0.0000e+00 0.0000e+00 3.2847e+00 2.0333e-01 0.0000e+00 0.0000e+00 -2.0333e-01 3.3498e+00 
79.0 5.5532e+00 -3.6537e+00 0.0000e+00 0.0000e+00 -3.6537e+00 5.2665e+00 0.0000e+00 0.0000e+00 0.0000e+00 0.0000e+00 3.0670e+00 2.1000e-01 0.0000e+00 0.0000e+00 -2.1000e-01 3.1367e+00 
80.0 5.4039e+00 -3.6197e+00 0.0000e+00 0.0000e+00 -3.6197e+00 5.1171e+00 0.0000e+00 0.0000e+00 0.0000e+00 0.0000e+00 2.8568e+00 2.1613e-01 0.0000e+00 0.0000e+00 -2.1613e-01 2.9309e+00 
81.0 5.2614e+00 -3.5843e+00 0.0000e+00 0.0000e+00 -3.5843e+00 4.9744e+00 0.0000e+00 0.0000e+00 0.0000e+00 0.0000e+00 2.6535e+00 2.2175e-01 0.0000e+00 0.0000e+00 -2.2175e-01 2.7321e+00 
82.0 5.1253e+00 -3.5475e+00 0.0000e+00 0.0000e+00 -3.5475e+00 4.8383e+00 0.0000e+00 0.0000e+00 0.0000e+00 0.0000e+00 2.4572e+00 2.2686e-01 0.0000e+00 0.0000e+00 -2.2686e-01 2.5400e+00 
83.0 4.9955e+00 -3.5093e+00 0.0000e+00 0.0000e+00 -3.5093e+00 4.7084e+00 0.0000e+00 0.0000e+00 0.0000e+00 0.0000e+00 2.2673e+00 2.3149e-01 0.0000e+00 0.0000e+00 -2.3149e-01 2.3544e+00 
84.0 4.8717e+00 -3.4698e+00 0.0000e+00 0.0000e+00 -3.4698e+00 4.5845e+00 0.0000e+00 0.0000e+00 0.0000e+00 0.0000e+00 2.0838e+00 2.3565e-01 0.0000e+00 0.0000e+00 -2.3565e-01 2.1750e+00 
85.0 4.7536e+00 -3.4291e+00 0.0000e+00 0.0000e+00 -3.4291e+00 4.4665e+00 0.0000e+00 0.0000e+00 0.0000e+00 0.0000e+00 1.9064e+00 2.3937e-01 0.0000e+00 0.0000e+00 -2.3937e-01 2.0016e+00 
86.0 4.6410e+00 -3.3873e+00 0.0000e+00 0.0000e+00 -3.3873e+00 4.3539e+00 0.0000e+00 0.0000e+00 0.0000e+00 0.0000e+00 1.7349e+00 2.4266e-01 0.0000e+00 0.0000e+00 -2.4266e-01 1.8340e+00 
87.0 4.5336e+00 -3.3443e+00 0.0000e+00 0.0000e+00 -3.3443e+00 4.2468e+00 0.0000e+00 0.0000e+00 0.0000e+00 0.0000e+00 1.5690e+00 2.4556e-01 0.0000e+00 0.0000e+00 -2.4556e-01 1.6718e+00 
88.0 4.4314e+00 -3.3003e+00 0.0000e+00 0.0000e+00 -3.3003e+00 4.1448e+00 0.0000e+00 0.0000e+00 0.0000e+00 0.0000e+00 1.4086e+00 2.4808e-01 0.0000e+00 0.0000e+00 -2.4808e-01 1.5151e+00 
89.0 4.3341e+00 -3.2553e+00 0.0000e+00 0.0000e+00 -3.2553e+00 4.0477e+00 0.0000e+00 0.0000e+00 0.0000e+00 0.0000e+00 1.2535e+00 2.5024e-01 0.0000e+00 0.0000e+00 -2.5024e-01 1.3634e+00 
90.0 4.2414e+00 -3.2094e+00 0.0000e+00 0.0000e+00 -3.2094e+00 3.9554e+00 0.0000e+00 0.0000e+00 0.0000e+00 0.0000e+00 1.1034e+00 2.5208e-01 0.0000e+00 0.0000e+00 -2.5208e-01 1.2168e+00 
91.0 4.1533e+00 -3.1627e+00 0.0000e+00 0.0000e+00 -3.1627e+00 3.8677e+00 0.0000e+00 0.0000e+00 0.0000e+00 0.0000e+00 9.5834e-01 2.5360e-01 0.0000e+00 0.0000e+00 -2.5360e-01 1.0749e+00 
92.0 4.0695e+00 -3.1151e+00 0.0000e+00 0.0000e+00 -3.1151e+00 3.7845e+00 0.0000e+00 0.0000e+00 0.0000e+00 0.0000e+00 8.1802e-01 2.5484e-01 0.0000e+00 0.0000e+00 -2.5484e-01 9.3769e-01 
93.0 3.9900e+00 -3.0668e+00 0.0000e+00 0.0000e+00 -3.0668e+00 3.7055e+00 0.0000e+00 0.0000e+00 0.0000e+00 0.0000e+00 6.8229e-01 2.5582e-01 0.0000e+00 0.0000e+00 -2.5582e-01 8.0494e-01 
94.0 3.9145e+00 -3.0179e+00 0.0000e+00 0.0000e+00 -3.0179e+00 3.6306e+00 0.0000e+00 0.0000e+00 0.0000e+00 0.0000e+00 5.5102e-01 2.5654e-01 0.0000e+00 0.0000e+00 -2.5654e-01 6.7651e-01 
95.0 3.8428e+00 -2.9683e+00 0.0000e+00 0.0000e+00 -2.9683e+00 3.5596e+00 0.0000e+00 0.0000e+00 0.0000e+00 0.0000e+00 4.2405e-01 2.5703e-01 0.0000e+00 0.0000e+00 -2.5703e-01 5.5225e-01 
96.0 3.7749e+00 -2.9181e+00 0.0000e+00 0.0000e+00 -2.9181e+00 3.4925e+00 0.0000e+00 0.0000e+00 0.0000e+00 0.0000e+00 3.0123e-01 2.5731e-01 0.0000e+00 0.0000e+00 -2.5731e-01 4.3203e-01 
97.0 3.7106e+00 -2.8674e+00 0.0000e+00 0.0000e+00 -2.8674e+00 3.4290e+00 0.0000e+00 0.0000e+00 0.0000e+00 0.0000e+00 1.8242e-01 2.5739e-01 0.0000e+00 0.0000e+00 -2.5739e-01 3.1570e-01 
98.0 3.6498e+00 -2.8162e+00 0.0000e+00 0.0000e+00 -2.8162e+00 3.3690e+00 0.0000e+00 0.0000e+00 0.0000e+00 0.0000e+00 6.7489e-02 2.5729e-01 0.0000e+00 0.0000e+00 -2.5729e-01 2.0314e-01 
99.0 3.5923e+00 -2.7646e+00 0.0000e+00 0.0000e+00 -2.7646e+00 3.3124e+00 0.0000e+00 0.0000e+00 0.0000e+00 0.0000e+00 -4.3684e-02 2.5703e-01 0.0000e+00 0.0000e+00 -2.5703e-01 9.4235e-02 
100.0 3.5380e+00 -2.7127e+00 0.0000e+00 0.0000e+00 -2.7127e+00 3.2590e+00 0.0000e+00 0.0000e+00 0.0000e+00 0.0000e+00 -1.5122e-01 2.5662e-01 0.0000e+00 0.0000e+00 -2.5662e-01 -1.1138e-02 
101.0 3.4869e+00 -2.6604e+00 0.0000e+00 0.0000e+00 -2.6604e+00 3.2088e+00 0.0000e+00 0.0000e+00 0.0000e+00 0.0000e+00 -2.5525e-01 2.5607e-01 0.0000e+00 0.0000e+00 -2.5607e-01 -1.1309e-01 
102.0 3.4387e+00 -2.6078e+00 0.0000e+00 0.0000e+00 -2.6078e+00 3.1616e+00 0.0000e+00 0.0000e+00 0.0000e+00 0.0000e+00 -3.5587e-01 2.5540e-01 0.0000e+00 0.0000e+00 -2.5540e-01 -2.1173e-01 
103.0 3.3934e+00 -2.5550e+00 0.0000e+00 0.0000e+00 -2.5550e+00 3.1173e+00 0.0000e+00 0.0000e+00 0.0000e+00 0.0000e+00 -4.5320e-01 2.5461e-01 0.0000e+00 0.0000e+00 -2.5461e-01 -3.0716e-01 
104.0 3.3508e+00 -2.5021e+00 0.0000e+00 0.0000e+00 -2.5021e+00 3.0758e+00 0.0000e+00 0.0000e+00 0.0000e+00 0.0000e+00 -5.4734e-01 2.5372e-01 0.0000e+00 0.0000e+00 -2.5372e-01 -3.9949e-01 
105.0 3.3109e+00 -2.4490e+00 0.0000e+00 0.0000e+00 -2.4490e+00 3.0370e+00 0.0000e+00 0.0000e+00 0.0000e+00 0.0000e+00 -6.3840e-01 2.5272e-01 0.0000e+00 0.0000e+00 -2.5272e-01 -4.8881e-01 
106.0 3.2736e+00 -2.3958e+00 0.0000e+00 0.0000e+00 -2.3958e+00 3.0007e+00 0.0000e+00 0.0000e+00 0.0000e+00 0.0000e+00 -7.2647e-01 2.5164e-01 0.0000e+00 0.0000e+00 -2.5164e-01 -5.7521e-01 
107.0 3.2387e+00 -2.3426e+00 0.0000e+00 0.0000e+00 -2.3426e+00 2.9669e+00 0.0000e+00 0.0000e+00 0.0000e+00 0.0000e+00 -8.1164e-01 2.5046e-01 0.0000e+00 0.0000e+00 -2.5046e-01 -6.5878e-01 
108.0 3.2062e+00 -2.2894e+00 0.0000e+00 0.0000e+00 -2.2894e+00 2.9355e+00 0.0000e+00 0.0000e+00 0.0000e+00 0.0000e+00 -8.9401e-01 2.4920e-01 0.0000e+00 0.0000e+00 -2.4920e-01 -7.3962e-01 
109.0 3.1759e+00 -2.2362e+00 0.0000e+00 0.0000e+00 -2.2362e+00 2.9063e+00 0.0000e+00 0.0000e+00 0.0000e+00 0.0000e+00 -9.7366e-01 2.4785e-01 0.0000e+00 0.0000e+00 -2.4785e-01 -8.1779e-01 
110.0 3.1478e+00 -2.1831e+00 0.0000e+00 0.0000e+00 -2.1831e+00 2.8794e+00 0.0000e+00 0.0000e+00 0.0000e+00 0.0000e+00 -1.0507e+00 2.4642e-01 0.0000e+00 0.0000e+00 -2.4642e-01 -8.9339e-01 
111.0 3.1218e+00 -2.1301e+00 0.0000e+00 0.0000e+00 -2.1301e+00 2.8545e+00 0.0000e+00 0.0000e+00 0.0000e+00 0.0000e+00 -1.1251e+00 2.4489e-01 0.0000e+00 0.0000e+00 -2.4489e-01 -9.6651e-01 
112.0 3.0978e+00 -2.0773e+00 0.0000e+00 0.0000e+00 -2.0773e+00 2.8316e+00 0.0000e+00 0.0000e+00 0.0000e+00 0.0000e+00 -1.1972e+00 2.4328e-01 0.0000e+00 0.0000e+00 -2.4328e-01 -1.0372e+00 
113.0 3.0757e+00 -2.0246e+00 0.0000e+00 0.0000e+00 -2.0246e+00 2.8106e+00 0.0000e+00 0.0000e+00 0.0000e+00 0.0000e+00 -1.2668e+00 2.4158e-01 0.0000e+00 0.0000e+00 -2.4158e-01 -1.1056e+00 
114.0 3.0555e+00 -1.9721e+00 0.0000e+00 0.0000e+00 -1.9721e+00 2.7914e+00 0.0000e+00 0.0000e+00 0.0000e+00 0.0000e+00 -1.3341e+00 2.3979e-01 0.0000e+00 0.0000e+00 -2.3979e-01 -1.1717e+00 
115.0 3.0369e+00 -1.9199e+00 0.0000e+00 0.0000e+00 -1.9199e+00 2.7740e+00 0.0000e+00 0.0000e+00 0.0000e+00 0.0000e+00 -1.3992e+00 2.3790e-01 0.0000e+00 0.0000e+00 -2.3790e-01 -1.2356e+00 
116.0 3.0201e+00 -1.8680e+00 0.0000e+00 0.0000e+00 -1.8680e+00 2.7583e+00 0.0000e+00 0.0000e+00 0.0000e+00 0.0000e+00 -1.4621e+00 2.3591e-01 0.0000e+00 0.0000e+00 -2.3591e-01 -1.2974e+00 
117.0 3.0049e+00 -1.8163e+00 0.0000e+00 0.0000e+00 -1.8163e+00 2.7441e+00 0.0000e+00 0.0000e+00 0.0000e+00 0.0000e+00 -1.5229e+00 2.3383e-01 0.0000e+00 0.0000e+00 -2.3383e-01 -1.3571e+00 
118.0 2.9912e+00 -1.7650e+00 0.0000e+00 0.0000e+00 -1.7650e+00 2.7315e+00 0.0000e+00 0.0000e+00 0.0000e+00 0.0000e+00 -1.5817e+00 2.3166e-01 0.0000e+00 0.0000e+00 -2.3166e-01 -1.4149e+00 
119.0 2.9789e+00 -1.7140e+00 0.0000e+00 0.0000e+00 -1.7140e+00 2.7204e+00 0.0000e+00 0.0000e+00 0.0000e+00 0.0000e+00 -1.6386e+00 2.2939e-01 0.0000e+00 0.0000e+00 -2.2939e-01 -1.4708e+00 
120.0 2.9681e+00 -1.6634e+00 0.0000e+00 0.0000e+00 -1.6634e+00 2.7106e+00 0.0000e+00 0.0000e+00 0.0000e+00 0.0000e+00 -1.6936e+00 2.2704e-01 0.0000e+00 0.0000e+00 -2.2704e-01 -1.5248e+00 
121.0 2.9586e+00 -1.6131e+00 0.0000e+00 0.0000e+00 -1.6131e+00 2.7022e+00 0.0000e+00 0.0000e+00 0.0000e+00 0.0000e+00 -1.7468e+00 2.2460e-01 0.0000e+00 0.0000e+00 -2.2460e-01 -1.5771e+00 
122.0 2.9504e+00 -1.5633e+00 0.0000e+00 0.0000e+00 -1.5633e+00 2.6950e+00 0.0000e+00 0.0000e+00 0.0000e+00 0.0000e+00 -1.7982e+00 2.2207e-01 0.0000e+00 0.0000e+00 -2.2207e-01 -1.6276e+00 
123.0 2.9434e+00 -1.5140e+00 0.0000e+00 0.0000e+00 -1.5140e+00 2.6890e+00 0.0000e+00 0.0000e+00 0.0000e+00 0.0000e+00 -1.8480e+00 2.1945e-01 0.0000e+00 0.0000e+00 -2.1945e-01 -1.6765e+00 
124.0 2.9375e+00 -1.4651e+00 0.0000e+00 0.0000e+00 -1.4651e+00 2.6842e+00 0.0000e+00 0.0000e+00 0.0000e+00 0.0000e+00 -1.8961e+00 2.1675e-01 0.0000e+00 0.0000e+00 -2.1675e-01 -1.7238e+00 
125.0 2.9328e+00 -1.4166e+00 0.0000e+00 0.0000e+00 -1.4166e+00 2.6804e+00 0.0000e+00 0.0000e+00 0.0000e+00 0.0000e+00 -1.9427e+00 2.1398e-01 0.0000e+00 0.0000e+00 -2.1398e-01 -1.7696e+00 
126.0 2.9291e+00 -1.3687e+00 0.0000e+00 0.0000e+00 -1.3687e+00 2.6778e+00 0.0000e+00 0.0000e+00 0.0000e+00 0.0000e+00 -1.9877e+00 2.1114e-01 0.0000e+00 0.0000e+00 -2.1114e-01 -1.8139e+00 
127.0 2.9264e+00 -1.3213e+00 0.0000e+00 0.0000e+00 -1.3213e+00 2.6761e+00 0.0000e+00 0.0000e+00 0.0000e+00 0.0000e+00 -2.0313e+00 2.0824e-01 0.0000e+00 0.0000e+00 -2.0824e-01 -1.8567e+00 
128.0 2.9247e+00 -1.2744e+00 0.0000e+00 0.0000e+00 -1.2744e+00 2.6754e+00 0.0000e+00 0.0000e+00 0.0000e+00 0.0000e+00 -2.0734e+00 2.0528e-01 0.0000e+00 0.0000e+00 -2.0528e-01 -1.8982e+00 
129.0 2.9239e+00 -1.2281e+00 0.0000e+00 0.0000e+00 -1.2281e+00 2.6755e+00 0.0000e+00 0.0000e+00 0.0000e+00 0.0000e+00 -2.1142e+00 2.0226e-01 0.0000e+00 0.0000e+00 -2.0226e-01 -1.9383e+00 
130.0 2.9239e+00 -1.1824e+00 0.0000e+00 0.0000e+00 -1.1824e+00 2.6765e+00 0.0000e+00 0.0000e+00 0.0000e+00 0.0000e+00 -2.1537e+00 1.9919e-01 0.0000e+00 0.0000e+00 -1.9919e-01 -1.9771e+00 
131.0 2.9247e+00 -1.1372e+00 0.0000e+00 0.0000e+00 -1.1372e+00 2.6783e+00 0.0000e+00 0.0000e+00 0.0000e+00 0.0000e+00 -2.1919e+00 1.9608e-01 0.0000e+00 0.0000e+00 -1.9608e-01 -2.0147e+00 
132.0 2.9263e+00 -1.0927e+00 0.0000e+00 0.0000e+00 -1.0927e+00 2.6809e+00 0.0000e+00 0.0000e+00 0.0000e+00 0.0000e+00 -2.2288e+00 1.9295e-01 0.0000e+00 0.0000e+00 -1.9295e-01 -2.0511e+00 
133.0 2.9287e+00 -1.0487e+00 0.0000e+00 0.0000e+00 -1.0487e+00 2.6843e+00 0.0000e+00 0.0000e+00 0.0000e+00 0.0000e+00 -2.2646e+00 1.8980e-01 0.0000e+00 0.0000e+00 -1.8980e-01 -2.0864e+00 
134.0 2.9317e+00 -1.0055e+00 0.0000e+00 0.0000e+00 -1.0055e+00 2.6883e+00 0.0000e+00 0.0000e+00 0.0000e+00 0.0000e+00 -2.2991e+00 1.8664e-01 0.0000e+00 0.0000e+00 -1.8664e-01 -2.1205e+00 
135.0 2.9354e+00 -9.6286e-01 0.0000e+00 0.0000e+00 -9.6286e-01 2.6930e+00 0.0000e+00 0.0000e+00 0.0000e+00 0.0000e+00 -2.3326e+00 1.8347e-01 0.0000e+00 0.0000e+00 -1.8347e-01 -2.1536e+00 
136.0 2.9396e+00 -9.2096e-01 0.0000e+00 0.0000e+00 -9.2096e-01 2.6984e+00 0.0000e+00 0.0000e+00 0.0000e+00 0.0000e+00 -2.3649e+00 1.8027e-01 0.0000e+00 0.0000e+00 -1.8027e-01 -2.1856e+00 
137.0 2.9445e+00 -8.7976e-01 0.0000e+00 0.0000e+00 -8.7976e-01 2.7043e+00 0.0000e+00 0.0000e+00 0.0000e+00 0.0000e+00 -2.3962e+00 1.7705e-01 0.0000e+00 0.0000e+00 -1.7705e-01 -2.2166e+00 
138.0 2.9498e+00 -8.3928e-01 0.0000e+00 0.0000e+00 -8.3928e-01 2.7108e+00 0.0000e+00 0.0000e+00 0.0000e+00 0.0000e+00 -2.4264e+00 1.7381e-01 0.0000e+00 0.0000e+00 -1.7381e-01 -2.2467e+00 
139.0 2.9556e+00 -7.9956e-01 0.0000e+00 0.0000e+00 -7.9956e-01 2.7178e+00 0.0000e+00 0.0000e+00 0.0000e+00 0.0000e+00 -2.4557e+00 1.7056e-01 0.0000e+00 0.0000e+00 -1.7056e-01 -2.2758e+00 
140.0 2.9618e+00 -7.6060e-01 0.0000e+00 0.0000e+00 -7.6060e-01 2.7253e+00 0.0000e+00 0.0000e+00 0.0000e+00 0.0000e+00 -2.4839e+00 1.6728e-01 0.0000e+00 0.0000e+00 -1.6728e-01 -2.3041e+00 
141.0 2.9684e+00 -7.2244e-01 0.0000e+00 0.0000e+00 -7.2244e-01 2.7332e+00 0.0000e+00 0.0000e+00 0.0000e+00 0.0000e+00 -2.5113e+00 1.6399e-01 0.0000e+00 0.0000e+00 -1.6399e-01 -2.3315e+00 
142.0 2.9753e+00 -6.8508e-01 0.0000e+00 0.0000e+00 -6.8508e-01 2.7415e+00 0.0000e+00 0.0000e+00 0.0000e+00 0.0000e+00 -2.5376e+00 1.6067e-01 0.0000e+00 0.0000e+00 -1.6067e-01 -2.3580e+00 
143.0 2.9826e+00 -6.4854e-01 0.0000e+00 0.0000e+00 -6.4854e-01 2.7502e+00 0.0000e+00 0.0000e+00 0.0000e+00 0.0000e+00 -2.5631e+00 1.5734e-01 0.0000e+00 0.0000e+00 -1.5734e-01 -2.3838e+00 
144.0 2.9901e+00 -6.1284e-01 0.0000e+00 0.0000e+00 -6.1284e-01 2.7593e+00 0.0000e+00 0.0000e+00 0.0000e+00 0.0000e+00 -2.5877e+00 1.5400e-01 0.0000e+00 0.0000e+00 -1.5400e-01 -2.4087e+00 
145.0 2.9979e+00 -5.7798e-01 0.0000e+00 0.0000e+00 -5.7798e-01 2.7687e+00 0.0000e+00 0.0000e+00 0.0000e+00 0.0000e+00 -2.6114e+00 1.5061e-01 0.0000e+00 0.0000e+00 -1.5061e-01 -2.4329e+00 
146.0 3.0058e+00 -5.4397e-01 0.0000e+00 0.0000e+00 -5.4397e-01 2.7784e+00 0.0000e+00 0.0000e+00 0.0000e+00 0.0000e+00 -2.6343e+00 1.4717e-01 0.0000e+00 0.0000e+00 -1.4717e-01 -2.4563e+00 
147.0 3.0139e+00 -5.1081e-01 0.0000e+00 0.0000e+00 -5.1081e-01 2.7882e+00 0.0000e+00 0.0000e+00 0.0000e+00 0.0000e+00 -2.6564e+00 1.4365e-01 0.0000e+00 0.0000e+00 -1.4365e-01 -2.4790e+00 
148.0 3.0221e+00 -4.7850e-01 0.0000e+00 0.0000e+00 -4.7850e-01 2.7983e+00 0.0000e+00 0.0000e+00 0.0000e+00 0.0000e+00 -2.6777e+00 1.4005e-01 0.0000e+00 0.0000e+00 -1.4005e-01 -2.5010e+00 
149.0 3.0304e+00 -4.4705e-01 0.0000e+00 0.0000e+00 -4.4705e-01 2.8085e+00 0.0000e+00 0.0000e+00 0.0000e+00 0.0000e+00 -2.6982e+00 1.3638e-01 0.0000e+00 0.0000e+00 -1.3638e-01 -2.5224e+00 
150.0 3.0388e+00 -4.1646e-01 0.0000e+00 0.0000e+00 -4.1646e-01 2.8188e+00 0.0000e+00 0.0000e+00 0.0000e+00 0.0000e+00 -2.7180e+00 1.3262e-01 0.0000e+00 0.0000e+00 -1.3262e-01 -2.5430e+00 
151.0 3.0473e+00 -3.8677e-01 0.0000e+00 0.0000e+00 -3.8677e-01 2.8293e+00 0.0000e+00 0.0000e+00 0.0000e+00 0.0000e+00 -2.7371e+00 1.2876e-01 0.0000e+00 0.0000e+00 -1.2876e-01 -2.5630e+00 
152.0 3.0558e+00 -3.5796e-01 0.0000e+00 0.0000e+00 -3.5796e-01 2.8399e+00 0.0000e+00 0.0000e+00 0.0000e+00 0.0000e+00 -2.7554e+00 1.2477e-01 0.0000e+00 0.0000e+00 -1.2477e-01 -2.5824e+00 
153.0 3.0643e+00 -3.3006e-01 0.0000e+00 0.0000e+00 -3.3006e-01 2.8505e+00 0.0000e+00 0.0000e+00 0.0000e+00 0.0000e+00 -2.7730e+00 1.2062e-01 0.0000e+00 0.0000e+00 -1.2062e-01 -2.6010e+00 
154.0 3.0728e+00 -3.0304e-01 0.0000e+00 0.0000e+00 -3.0304e-01 2.8610e+00 0.0000e+00 0.0000e+00 0.0000e+00 0.0000e+00 -2.7899e+00 1.1627e-01 0.0000e+00 0.0000e+00 -1.1627e-01 -2.6191e+00 
155.0 3.0813e+00 -2.7692e-01 0.0000e+00 0.0000e+00 -2.7692e-01 2.8716e+00 0.0000e+00 0.0000e+00 0.0000e+00 0.0000e+00 -2.8062e+00 1.1174e-01 0.0000e+00 0.0000e+00 -1.1174e-01 -2.6365e+00 
156.0 3.0898e+00 -2.5167e-01 0.0000e+00 0.0000e+00 -2.5167e-01 2.8823e+00 0.0000e+00 0.0000e+00 0.0000e+00 0.0000e+00 -2.8218e+00 1.0706e-01 0.0000e+00 0.0000e+00 -1.0706e-01 -2.6533e+00 
157.0 3.0984e+00 -2.2731e-01 0.0000e+00 0.0000e+00 -2.2731e-01 2.8930e+00 0.0000e+00 0.0000e+00 0.0000e+00 0.0000e+00 -2.8368e+00 1.0226e-01 0.0000e+00 0.0000e+00 -1.0226e-01 -2.6694e+00 
158.0 3.1072e+00 -2.0384e-01 0.0000e+00 0.0000e+00 -2.0384e-01 2.9039e+00 0.0000e+00 0.0000e+00 0.0000e+00 0.0000e+00 -2.8511e+00 9.7335e-02 0.0000e+00 0.0000e+00 -9.7335e-02 -2.6850e+00 
159.0 3.1159e+00 -1.8131e-01 0.0000e+00 0.0000e+00 -1.8131e-01 2.9149e+00 0.0000e+00 0.0000e+00 0.0000e+00 0.0000e+00 -2.8648e+00 9.2218e-02 0.0000e+00 0.0000e+00 -9.2218e-02 -2.7000e+00 
160.0 3.1246e+00 -1.5975e-01 0.0000e+00 0.0000e+00 -1.5975e-01 2.9258e+00 0.0000e+00 0.0000e+00 0.0000e+00 0.0000e+00 -2.8779e+00 8.6841e-02 0.0000e+00 0.0000e+00 -8.6841e-02 -2.7144e+00 
161.0 3.1333e+00 -1.3917e-01 0.0000e+00 0.0000e+00 -1.3917e-01 2.9365e+00 0.0000e+00 0.0000e+00 0.0000e+00 0.0000e+00 -2.8906e+00 8.1161e-02 0.0000e+00 0.0000e+00 -8.1161e-02 -2.7284e+00 
162.0 3.1420e+00 -1.1964e-01 0.0000e+00 0.0000e+00 -1.1964e-01 2.9473e+00 0.0000e+00 0.0000e+00 0.0000e+00 0.0000e+00 -2.9028e+00 7.5145e-02 0.0000e+00 0.0000e+00 -7.5145e-02 -2.7418e+00 
163.0 3.1507e+00 -1.0121e-01 0.0000e+00 0.0000e+00 -1.0121e-01 2.9579e+00 0.0000e+00 0.0000e+00 0.0000e+00 0.0000e+00 -2.9146e+00 6.8724e-02 0.0000e+00 0.0000e+00 -6.8724e-02 -2.7547e+00 
164.0 3.1593e+00 -8.4015e-02 0.0000e+00 0.0000e+00 -8.4015e-02 2.9682e+00 0.0000e+00 0.0000e+00 0.0000e+00 0.0000e+00 -2.9261e+00 6.1785e-02 0.0000e+00 0.0000e+00 -6.1785e-02 -2.7671e+00 
165.0 3.1680e+00 -6.8159e-02 0.0000e+00 0.0000e+00 -6.8159e-02 2.9779e+00 0.0000e+00 0.0000e+00 0.0000e+00 0.0000e+00 -2.9375e+00 5.4200e-02 0.0000e+00 0.0000e+00 -5.4200e-02 -2.7788e+00 
166.0 3.1766e+00 -5.3767e-02 0.0000e+00 0.0000e+00 -5.3767e-02 2.9870e+00 0.0000e+00 0.0000e+00 0.0000e+00 0.0000e+00 -2.9488e+00 4.5888e-02 0.0000e+00 0.0000e+00 -4.5888e-02 -2.7899e+00 
167.0 3.1855e+00 -4.0960e-02 0.0000e+00 0.0000e+00 -4.0960e-02 2.9954e+00 0.0000e+00 0.0000e+00 0.0000e+00 0.0000e+00 -2.9603e+00 3.6816e-02 0.0000e+00 0.0000e+00 -3.6816e-02 -2.8002e+00 
168.0 3.1950e+00 -2.9852e-02 0.0000e+00 0.0000e+00 -2.9852e-02 3.0029e+00 0.0000e+00 0.0000e+00 0.0000e+00 0.0000e+00 -2.9722e+00 2.7019e-02 0.0000e+00 0.0000e+00 -2.7019e-02 -2.8093e+00 
169.0 3.2055e+00 -2.0527e-02 0.0000e+00 0.0000e+00 -2.0527e-02 3.0095e+00 0.0000e+00 0.0000e+00 0.0000e+00 0.0000e+00 -2.9848e+00 1.6636e-02 0.0000e+00 0.0000e+00 -1.6636e-02 -2.8168e+00 
170.0 3.2179e+00 -1.3037e-02 0.0000e+00 0.0000e+00 -1.3037e-02 3.0153e+00 0.0000e+00 0.0000e+00 0.0000e+00 0.0000e+00 -2.9983e+00 5.9554e-03 0.0000e+00 0.0000e+00 -5.9554e-03 -2.8223e+00 
171.0 3.2331e+00 -7.4147e-03 0.0000e+00 0.0000e+00 -7.4147e-03 3.0206e+00 0.0000e+00 0.0000e+00 0.0000e+00 0.0000e+00 -3.0131e+00 -4.5346e-03 0.0000e+00 0.0000e+00 4.5346e-03 -2.8252e+00 
172.0 3.2523e+00 -3.6666e-03 0.0000e+00 0.0000e+00 -3.6666e-03 3.0259e+00 0.0000e+00 0.0000e+00 0.0000e+00 0.0000e+00 -3.0293e+00 -1.4096e-02 0.0000e+00 0.0000e+00 1.4096e-02 -2.8248e+00 
173.0 3.2766e+00 -1.6849e-03 0.0000e+00 0.0000e+00 -1.6849e-03 3.0317e+00 0.0000e+00 0.0000e+00 0.0000e+00 0.0000e+00 -3.0472e+00 -2.1651e-02 0.0000e+00 0.0000e+00 2.1651e-02 -2.8210e+00 
174.0 3.3069e+00 -1.0951e-03 0.0000e+00 0.0000e+00 -1.0951e-03 3.0393e+00 0.0000e+00 0.0000e+00 0.0000e+00 0.0000e+00 -3.0667e+00 -2.5763e-02 0.0000e+00 0.0000e+00 2.5763e-02 -2.8137e+00 
175.0 3.3433e+00 -1.2256e-03 0.0000e+00 0.0000e+00 -1.2256e-03 3.0497e+00 0.0000e+00 0.0000e+00 0.0000e+00 0.0000e+00 -3.0872e+00 -2.5144e-02 0.0000e+00 0.0000e+00 2.5144e-02 -2.8040e+00 
176.0 3.3834e+00 -1.3332e-03 0.0000e+00 0.0000e+00 -1.3332e-03 3.0629e+00 0.0000e+00 0.0000e+00 0.0000e+00 0.0000e+00 -3.1076e+00 -1.9652e-02 0.0000e+00 0.0000e+00 1.9652e-02 -2.7932e+00 
177.0 3.4219e+00 -9.8377e-04 0.0000e+00 0.0000e+00 -9.8377e-04 3.0772e+00 0.0000e+00 0.0000e+00 0.0000e+00 0.0000e+00 -3.1255e+00 -1.1119e-02 0.0000e+00 0.0000e+00 1.1119e-02 -2.7834e+00 
178.0 3.4506e+00 -3.4352e-04 0.0000e+00 0.0000e+00 -3.4352e-04 3.0888e+00 0.0000e+00 0.0000e+00 0.0000e+00 0.0000e+00 -3.1380e+00 -3.2412e-03 0.0000e+00 0.0000e+00 3.2412e-03 -2.7765e+00 
179.0 3.4614e+00 -7.5073e-21 0.0000e+00 0.0000e+00 -7.5073e-21 3.0933e+00 0.0000e+00 0.0000e+00 0.0000e+00 0.0000e+00 -3.1426e+00 -4.4718e-20 0.0000e+00 0.0000e+00 4.4718e-20 -2.7739e+00 
180.0 3.4726e+00 0.0000e+00 0.0000e+00 0.0000e+00 0.0000e+00 3.0978e+00 0.0000e+00 0.0000e+00 0.0000e+00 0.0000e+00 -3.1471e+00 0.0000e+00 0.0000e+00 0.0000e+00 -0.0000e+00 -2.7714e+00 
