0.8173 0.9968 0.1796 0.182774
theta s11 s12 s13 s14 s21 s22 s23 s24 s31 s32 s33 s34 s41 s42 s43 s44
0.0 1.5376e+03 0.0000e+00 0.0000e+00 0.0000e+00 0.0000e+00 1.5372e+03 0.0000e+00 0.0000e+00 0.0000e+00 0.0000e+00 1.5372e+03 0.0000e+00 0.0000e+00 0.0000e+00 -0.0000e+00 1.5368e+03 
1.0 1.2888e+03 -9.3729e-02 0.0000e+00 0.0000e+00 -9.3729e-02 1.2884e+03 0.0000e+00 0.0000e+00 0.0000e+00 0.0000e+00 1.2884e+03 -6.1800e-01 0.0000e+00 0.0000e+00 6.1800e-01 1.2880e+03 
2.0 8.5595e+02 -1.9052e-01 0.0000e+00 0.0000e+00 -1.9052e-01 8.5559e+02 0.0000e+00 0.0000e+00 0.0000e+00 0.0000e+00 8.5558e+02 -1.9323e+00 0.0000e+00 0.0000e+00 1.9323e+00 8.5522e+02 
3.0 5.3591e+02 -1.9512e-01 0.0000e+00 0.0000e+00 -1.9512e-01 5.3556e+02 0.0000e+00 0.0000e+00 0.0000e+00 0.0000e+00 5.3553e+02 -2.9993e+00 0.0000e+00 0.0000e+00 2.9993e+00 5.3519e+02 
4.0 3.4786e+02 -1.7663e-01 0.0000e+00 0.0000e+00 -1.7663e-01 3.4752e+02 0.0000e+00 0.0000e+00 0.0000e+00 0.0000e+00 3.4746e+02 -3.4475e+00 0.0000e+00 0.0000e+00 3.4475e+00 3.4714e+02 
5.0 2.4140e+02 -1.6777e-01 0.0000e+00 0.0000e+00 -1.6777e-01 2.4108e+02 0.0000e+00 0.0000e+00 0.0000e+00 0.0000e+00 2.4099e+02 -3.4876e+00 0.0000e+00 0.0000e+00 3.4876e+00 2.4069e+02 
6.0 1.7809e+02 -1.6578e-01 0.0000e+00 0.0000e+00 -1.6578e-01 1.7778e+02 0.0000e+00 0.0000e+00 0.0000e+00 0.0000e+00 1.7767e+02 -3.3839e+00 0.0000e+00 0.0000e+00 3.3839e+00 1.7739e+02 
7.0 1.3741e+02 -1.6811e-01 0.0000e+00 0.0000e+00 -1.6811e-01 1.3712e+02 0.0000e+00 0.0000e+00 0.0000e+00 0.0000e+00 1.3699e+02 -3.2416e+00 0.0000e+00 0.0000e+00 3.2416e+00 1.3673e+02 
8.0 1.0943e+02 -1.7512e-01 0.0000e+00 0.0000e+00 -1.7512e-01 1.0914e+02 0.0000e+00 0.0000e+00 0.0000e+00 0.0000e+00 1.0900e+02 -3.0836e+00 0.0000e+00 0.0000e+00 3.0836e+00 1.0875e+02 
9.0 8.9169e+01 -1.8617e-01 0.0000e+00 0.0000e+00 -1.8617e-01 8.8892e+01 0.0000e+00 0.0000e+00 0.0000e+00 0.0000e+00 8.8726e+01 -2.9114e+00 0.0000e+00 0.0000e+00 2.9114e+00 8.8502e+01 
10.0 7.3985e+01 -2.0047e-01 0.0000e+00 0.0000e+00 -2.0047e-01 7.3713e+01 0.0000e+00 0.0000e+00 0.0000e+00 0.0000e+00 7.3530e+01 -2.7231e+00 0.0000e+00 0.0000e+00 2.7231e+00 7.3322e+01 
11.0 6.2350e+01 -2.1768e-01 0.0000e+00 0.0000e+00 -2.1768e-01 6.2082e+01 0.0000e+00 0.0000e+00 0.0000e+00 0.0000e+00 6.1884e+01 -2.5224e+00 0.0000e+00 0.0000e+00 2.5224e+00 6.1689e+01 
12.0 5.3285e+01 -2.3665e-01 0.0000e+00 0.0000e+00 -2.3665e-01 5.3021e+01 0.0000e+00 0.0000e+00 0.0000e+00 0.0000e+00 5.2809e+01 -2.3172e+00 0.0000e+00 0.0000e+00 2.3172e+00 5.2628e+01 
13.0 4.6135e+01 -2.5618e-01 0.0000e+00 0.0000e+00 -2.5618e-01 4.5873e+01 0.0000e+00 0.0000e+00 0.0000e+00 0.0000e+00 4.5650e+01 -2.1145e+00 0.0000e+00 0.0000e+00 2.1145e+00 4.5480e+01 
14.0 4.0421e+01 -2.7434e-01 0.0000e+00 0.0000e+00 -2.7434e-01 4.0161e+01 0.0000e+00 0.0000e+00 0.0000e+00 0.0000e+00 3.9928e+01 -1.9233e+00 0.0000e+00 0.0000e+00 1.9233e+00 3.9769e+01 
15.0 3.5800e+01 -2.9235e-01 0.0000e+00 0.0000e+00 -2.9235e-01 3.5542e+01 0.0000e+00 0.0000e+00 0.0000e+00 0.0000e+00 3.5301e+01 -1.7412e+00 0.0000e+00 0.0000e+00 1.7412e+00 3.5152e+01 
16.0 3.2023e+01 -3.0924e-01 0.0000e+00 0.0000e+00 -3.0924e-01 3.1765e+01 0.0000e+00 0.0000e+00 0.0000e+00 0.0000e+00 3.1518e+01 -1.5701e+00 0.0000e+00 0.0000e+00 1.5701e+00 3.1377e+01 
17.0 2.8905e+01 -3.2497e-01 0.0000e+00 0.0000e+00 -3.2497e-01 2.8648e+01 0.0000e+00 0.0000e+00 0.0000e+00 0.0000e+00 2.8395e+01 -1.4120e+00 0.0000e+00 0.0000e+00 1.4120e+00 2.8263e+01 
18.0 2.6304e+01 -3.3994e-01 0.0000e+00 0.0000e+00 -3.3994e-01 2.6046e+01 0.0000e+00 0.0000e+00 0.0000e+00 0.0000e+00 2.5789e+01 -1.2679e+00 0.0000e+00 0.0000e+00 1.2679e+00 2.5666e+01 
19.0 2.4108e+01 -3.5423e-01 0.0000e+00 0.0000e+00 -3.5423e-01 2.3851e+01 0.0000e+00 0.0000e+00 0.0000e+00 0.0000e+00 2.3674e+01 -1.1371e+00 0.0000e+00 0.0000e+00 1.1371e+00 2.3561e+01 
20.0 2.2237e+01 -3.6788e-01 0.0000e+00 0.0000e+00 -3.6788e-01 2.1979e+01 0.0000e+00 0.0000e+00 0.0000e+00 0.0000e+00 2.1870e+01 -1.0192e+00 0.0000e+00 0.0000e+00 1.0192e+00 2.1766e+01 
21.0 2.0624e+01 -3.8122e-01 0.0000e+00 0.0000e+00 -3.8122e-01 2.0366e+01 0.0000e+00 0.0000e+00 0.0000e+00 0.0000e+00 2.0316e+01 -9.1405e-01 0.0000e+00 0.0000e+00 9.1405e-01 2.0219e+01 
22.0 1.9219e+01 -3.9422e-01 0.0000e+00 0.0000e+00 -3.9422e-01 1.8961e+01 0.0000e+00 0.0000e+00 0.0000e+00 0.0000e+00 1.8961e+01 -8.2111e-01 0.0000e+00 0.0000e+00 8.2111e-01 1.8871e+01 
23.0 1.7982e+01 -4.0669e-01 0.0000e+00 0.0000e+00 -4.0669e-01 1.7724e+01 0.0000e+00 0.0000e+00 0.0000e+00 0.0000e+00 1.7768e+01 -7.3896e-01 0.0000e+00 0.0000e+00 7.3896e-01 1.7684e+01 
24.0 1.6881e+01 -4.1888e-01 0.0000e+00 0.0000e+00 -4.1888e-01 1.6623e+01 0.0000e+00 0.0000e+00 0.0000e+00 0.0000e+00 1.6706e+01 -6.6585e-01 0.0000e+00 0.0000e+00 6.6585e-01 1.6627e+01 
25.0 1.5894e+01 -4.3101e-01 0.0000e+00 0.0000e+00 -4.3101e-01 1.5636e+01 0.0000e+00 0.0000e+00 0.0000e+00 0.0000e+00 1.5754e+01 -6.0028e-01 0.0000e+00 0.0000e+00 6.0028e-01 1.5680e+01 
26.0 1.5004e+01 -4.4304e-01 0.0000e+00 0.0000e+00 -4.4304e-01 1.4745e+01 0.0000e+00 0.0000e+00 0.0000e+00 0.0000e+00 1.4895e+01 -5.4129e-01 0.0000e+00 0.0000e+00 5.4129e-01 1.4825e+01 
27.0 1.4196e+01 -4.5503e-01 0.0000e+00 0.0000e+00 -4.5503e-01 1.3937e+01 0.0000e+00 0.0000e+00 0.0000e+00 0.0000e+00 1.4115e+01 -4.8829e-01 0.0000e+00 0.0000e+00 4.8829e-01 1.4048e+01 
28.0 1.3457e+01 -4.6703e-01 0.0000e+00 0.0000e+00 -4.6703e-01 1.3198e+01 0.0000e+00 0.0000e+00 0.0000e+00 0.0000e+00 1.3401e+01 -4.4078e-01 0.0000e+00 0.0000e+00 4.4078e-01 1.3338e+01 
29.0 1.2777e+01 -4.7892e-01 0.0000e+00 0.0000e+00 -4.7892e-01 1.2518e+01 0.0000e+00 0.0000e+00 0.0000e+00 0.0000e+00 1.2744e+01 -3.9807e-01 0.0000e+00 0.0000e+00 3.9807e-01 1.2684e+01 
30.0 1.2147e+01 -4.9067e-01 0.0000e+00 0.0000e+00 -4.9067e-01 1.1888e+01 0.0000e+00 0.0000e+00 0.0000e+00 0.0000e+00 1.2134e+01 -3.5948e-01 0.0000e+00 0.0000e+00 3.5948e-01 1.2078e+01 
31.0 1.1561e+01 -5.0236e-01 0.0000e+00 0.0000e+00 -5.0236e-01 1.1302e+01 0.0000e+00 0.0000e+00 0.0000e+00 0.0000e+00 1.1511e+01 -3.2457e-01 0.0000e+00 0.0000e+00 3.2457e-01 1.1459e+01 
32.0 1.1013e+01 -5.1394e-01 0.0000e+00 0.0000e+00 -5.1394e-01 1.0754e+01 0.0000e+00 0.0000e+00 0.0000e+00 0.0000e+00 1.0930e+01 -2.9304e-01 0.0000e+00 0.0000e+00 2.9304e-01 1.0882e+01 
33.0 1.0499e+01 -5.2527e-01 0.0000e+00 0.0000e+00 -5.2527e-01 1.0241e+01 0.0000e+00 0.0000e+00 0.0000e+00 0.0000e+00 1.0386e+01 -2.6453e-01 0.0000e+00 0.0000e+00 2.6453e-01 1.0342e+01 
34.0 1.0016e+01 -5.3630e-01 0.0000e+00 0.0000e+00 -5.3630e-01 9.7572e+00 0.0000e+00 0.0000e+00 0.0000e+00 0.0000e+00 9.8748e+00 -2.3866e-01 0.0000e+00 0.0000e+00 2.3866e-01 9.8355e+00 
35.0 9.5596e+00 -5.4699e-01 0.0000e+00 0.0000e+00 -5.4699e-01 9.3015e+00 0.0000e+00 0.0000e+00 0.0000e+00 0.0000e+00 9.3935e+00 -2.1510e-01 0.0000e+00 0.0000e+00 2.1510e-01 9.3581e+00 
36.0 9.1292e+00 -5.5736e-01 0.0000e+00 0.0000e+00 -5.5736e-01 8.8712e+00 0.0000e+00 0.0000e+00 0.0000e+00 0.0000e+00 8.9391e+00 -1.9342e-01 0.0000e+00 0.0000e+00 1.9342e-01 8.9075e+00 
37.0 8.7227e+00 -5.6754e-01 0.0000e+00 0.0000e+00 -5.6754e-01 8.4650e+00 0.0000e+00 0.0000e+00 0.0000e+00 0.0000e+00 8.5098e+00 -1.7324e-01 0.0000e+00 0.0000e+00 1.7324e-01 8.4818e+00 
38.0 8.3391e+00 -5.7770e-01 0.0000e+00 0.0000e+00 -5.7770e-01 8.0817e+00 0.0000e+00 0.0000e+00 0.0000e+00 0.0000e+00 8.1040e+00 -1.5436e-01 0.0000e+00 0.0000e+00 1.5436e-01 8.0795e+00 
39.0 7.9769e+00 -5.8786e-01 0.0000e+00 0.0000e+00 -5.8786e-01 7.7199e+00 0.0000e+00 0.0000e+00 0.0000e+00 0.0000e+00 7.7203e+00 -1.3674e-01 0.0000e+00 0.0000e+00 1.3674e-01 7.6990e+00 
40.0 7.6348e+00 -5.9800e-01 0.0000e+00 0.0000e+00 -5.9800e-01 7.3782e+00 0.0000e+00 0.0000e+00 0.0000e+00 0.0000e+00 7.3571e+00 -1.2030e-01 0.0000e+00 0.0000e+00 1.2030e-01 7.3391e+00 
41.0 7.3114e+00 -6.0805e-01 0.0000e+00 0.0000e+00 -6.0805e-01 7.0552e+00 0.0000e+00 0.0000e+00 0.0000e+00 0.0000e+00 7.0129e+00 -1.0500e-01 0.0000e+00 0.0000e+00 1.0500e-01 6.9980e+00 
42.0 7.0051e+00 -6.1791e-01 0.0000e+00 0.0000e+00 -6.1791e-01 6.7495e+00 0.0000e+00 0.0000e+00 0.0000e+00 0.0000e+00 6.6863e+00 -9.0755e-02 0.0000e+00 0.0000e+00 9.0755e-02 6.6744e+00 
43.0 6.7148e+00 -6.2751e-01 0.0000e+00 0.0000e+00 -6.2751e-01 6.4596e+00 0.0000e+00 0.0000e+00 0.0000e+00 0.0000e+00 6.3760e+00 -7.7477e-02 0.0000e+00 0.0000e+00 7.7477e-02 6.3670e+00 
44.0 6.4390e+00 -6.3680e-01 0.0000e+00 0.0000e+00 -6.3680e-01 6.1844e+00 0.0000e+00 0.0000e+00 0.0000e+00 0.0000e+00 6.0807e+00 -6.5024e-02 0.0000e+00 0.0000e+00 6.5024e-02 6.0745e+00 
45.0 6.1769e+00 -6.4573e-01 0.0000e+00 0.0000e+00 -6.4573e-01 5.9229e+00 0.0000e+00 0.0000e+00 0.0000e+00 0.0000e+00 5.7995e+00 -5.3250e-02 0.0000e+00 0.0000e+00 5.3250e-02 5.7960e+00 
46.0 5.9276e+00 -6.5431e-01 0.0000e+00 0.0000e+00 -6.5431e-01 5.6742e+00 0.0000e+00 0.0000e+00 0.0000e+00 0.0000e+00 5.5315e+00 -4.2019e-02 0.0000e+00 0.0000e+00 4.2019e-02 5.5306e+00 
47.0 5.6903e+00 -6.6257e-01 0.0000e+00 0.0000e+00 -6.6257e-01 5.4376e+00 0.0000e+00 0.0000e+00 0.0000e+00 0.0000e+00 5.2760e+00 -3.1221e-02 0.0000e+00 0.0000e+00 3.1221e-02 5.2777e+00 
48.0 5.4645e+00 -6.7047e-01 0.0000e+00 0.0000e+00 -6.7047e-01 5.2124e+00 0.0000e+00 0.0000e+00 0.0000e+00 0.0000e+00 5.0323e+00 -2.0788e-02 0.0000e+00 0.0000e+00 2.0788e-02 5.0365e+00 
49.0 5.2495e+00 -6.7802e-01 0.0000e+00 0.0000e+00 -6.7802e-01 4.9981e+00 0.0000e+00 0.0000e+00 0.0000e+00 0.0000e+00 4.7999e+00 -1.0677e-02 0.0000e+00 0.0000e+00 1.0677e-02 4.8066e+00 
50.0 5.0450e+00 -6.8525e-01 0.0000e+00 0.0000e+00 -6.8525e-01 4.7941e+00 0.0000e+00 0.0000e+00 0.0000e+00 0.0000e+00 4.5781e+00 -8.4616e-04 0.0000e+00 0.0000e+00 8.4616e-04 4.5872e+00 
51.0 4.8503e+00 -6.9213e-01 0.0000e+00 0.0000e+00 -6.9213e-01 4.6001e+00 0.0000e+00 0.0000e+00 0.0000e+00 0.0000e+00 4.3664e+00 8.7446e-03 0.0000e+00 0.0000e+00 -8.7446e-03 4.3779e+00 
52.0 4.6650e+00 -6.9867e-01 0.0000e+00 0.0000e+00 -6.9867e-01 4.4154e+00 0.0000e+00 0.0000e+00 0.0000e+00 0.0000e+00 4.1644e+00 1.8139e-02 0.0000e+00 0.0000e+00 -1.8139e-02 4.1782e+00 
53.0 4.4888e+00 -7.0489e-01 0.0000e+00 0.0000e+00 -7.0489e-01 4.2398e+00 0.0000e+00 0.0000e+00 0.0000e+00 0.0000e+00 3.9715e+00 2.7373e-02 0.0000e+00 0.0000e+00 -2.7373e-02 3.9876e+00 
54.0 4.3212e+00 -7.1081e-01 0.0000e+00 0.0000e+00 -7.1081e-01 4.0728e+00 0.0000e+00 0.0000e+00 0.0000e+00 0.0000e+00 3.7873e+00 3.6445e-02 0.0000e+00 0.0000e+00 -3.6445e-02 3.8058e+00 
55.0 4.1618e+00 -7.1640e-01 0.0000e+00 0.0000e+00 -7.1640e-01 3.9139e+00 0.0000e+00 0.0000e+00 0.0000e+00 0.0000e+00 3.6115e+00 4.5326e-02 0.0000e+00 0.0000e+00 -4.5326e-02 3.6322e+00 
56.0 4.0101e+00 -7.2166e-01 0.0000e+00 0.0000e+00 -7.2166e-01 3.7628e+00 0.0000e+00 0.0000e+00 0.0000e+00 0.0000e+00 3.4435e+00 5.4006e-02 0.0000e+00 0.0000e+00 -5.4006e-02 3.4665e+00 
57.0 3.8658e+00 -7.2657e-01 0.0000e+00 0.0000e+00 -7.2657e-01 3.6191e+00 0.0000e+00 0.0000e+00 0.0000e+00 0.0000e+00 3.2829e+00 6.2502e-02 0.0000e+00 0.0000e+00 -6.2502e-02 3.3082e+00 
58.0 3.7285e+00 -7.3112e-01 0.0000e+00 0.0000e+00 -7.3112e-01 3.4823e+00 0.0000e+00 0.0000e+00 0.0000e+00 0.0000e+00 3.1295e+00 7.0820e-02 0.0000e+00 0.0000e+00 -7.0820e-02 3.1569e+00 
59.0 3.5979e+00 -7.3532e-01 0.0000e+00 0.0000e+00 -7.3532e-01 3.3522e+00 0.0000e+00 0.0000e+00 0.0000e+00 0.0000e+00 2.9827e+00 7.8953e-02 0.0000e+00 0.0000e+00 -7.8953e-02 3.0124e+00 
60.0 3.4735e+00 -7.3915e-01 0.0000e+00 0.0000e+00 -7.3915e-01 3.2283e+00 0.0000e+00 0.0000e+00 0.0000e+00 0.0000e+00 2.8422e+00 8.6898e-02 0.0000e+00 0.0000e+00 -8.6898e-02 2.8742e+00 
61.0 3.3552e+00 -7.4261e-01 0.0000e+00 0.0000e+00 -7.4261e-01 3.1104e+00 0.0000e+00 0.0000e+00 0.0000e+00 0.0000e+00 2.7079e+00 9.4658e-02 0.0000e+00 0.0000e+00 -9.4658e-02 2.7420e+00 
62.0 3.2425e+00 -7.4569e-01 0.0000e+00 0.0000e+00 -7.4569e-01 2.9982e+00 0.0000e+00 0.0000e+00 0.0000e+00 0.0000e+00 2.5792e+00 1.0223e-01 0.0000e+00 0.0000e+00 -1.0223e-01 2.6157e+00 
63.0 3.1352e+00 -7.4841e-01 0.0000e+00 0.0000e+00 -7.4841e-01 2.8913e+00 0.0000e+00 0.0000e+00 0.0000e+00 0.0000e+00 2.4561e+00 1.0960e-01 0.0000e+00 0.0000e+00 -1.0960e-01 2.4948e+00 
64.0 3.0330e+00 -7.5075e-01 0.0000e+00 0.0000e+00 -7.5075e-01 2.7895e+00 0.0000e+00 0.0000e+00 0.0000e+00 0.0000e+00 2.3382e+00 1.1674e-01 0.0000e+00 0.0000e+00 -1.1674e-01 2.3791e+00 
65.0 2.9357e+00 -7.5269e-01 0.0000e+00 0.0000e+00 -7.5269e-01 2.6926e+00 0.0000e+00 0.0000e+00 0.0000e+00 0.0000e+00 2.2253e+00 1.2363e-01 0.0000e+00 0.0000e+00 -1.2363e-01 2.2684e+00 
66.0 2.8430e+00 -7.5422e-01 0.0000e+00 0.0000e+00 -7.5422e-01 2.6002e+00 0.0000e+00 0.0000e+00 0.0000e+00 0.0000e+00 2.1170e+00 1.3025e-01 0.0000e+00 0.0000e+00 -1.3025e-01 2.1624e+00 
67.0 2.7546e+00 -7.5534e-01 0.0000e+00 0.0000e+00 -7.5534e-01 2.5122e+00 0.0000e+00 0.0000e+00 0.0000e+00 0.0000e+00 2.0132e+00 1.3658e-01 0.0000e+00 0.0000e+00 -1.3658e-01 2.0609e+00 
68.0 2.6703e+00 -7.5602e-01 0.0000e+00 0.0000e+00 -7.5602e-01 2.4282e+00 0.0000e+00 0.0000e+00 0.0000e+00 0.0000e+00 1.9137e+00 1.4263e-01 0.0000e+00 0.0000e+00 -1.4263e-01 1.9636e+00 
69.0 2.5899e+00 -7.5627e-01 0.0000e+00 0.0000e+00 -7.5627e-01 2.3481e+00 0.0000e+00 0.0000e+00 0.0000e+00 0.0000e+00 1.8181e+00 1.4838e-01 0.0000e+00 0.0000e+00 -1.4838e-01 1.8702e+00 
70.0 2.5132e+00 -7.5610e-01 0.0000e+00 0.0000e+00 -7.5610e-01 2.2717e+00 0.0000e+00 0.0000e+00 0.0000e+00 0.0000e+00 1.7263e+00 1.5385e-01 0.0000e+00 0.0000e+00 -1.5385e-01 1.7807e+00 
71.0 2.4400e+00 -7.5551e-01 0.0000e+00 0.0000e+00 -7.5551e-01 2.1988e+00 0.0000e+00 0.0000e+00 0.0000e+00 0.0000e+00 1.6381e+00 1.5902e-01 0.0000e+00 0.0000e+00 -1.5902e-01 1.6948e+00 
72.0 2.3701e+00 -7.5448e-01 0.0000e+00 0.0000e+00 -7.5448e-01 2.1292e+00 0.0000e+00 0.0000e+00 0.0000e+00 0.0000e+00 1.5533e+00 1.6390e-01 0.0000e+00 0.0000e+00 -1.6390e-01 1.6123e+00 
73.0 2.3034e+00 -7.5303e-01 0.0000e+00 0.0000e+00 -7.5303e-01 2.0628e+00 0.0000e+00 0.0000e+00 0.0000e+00 0.0000e+00 1.4719e+00 1.6848e-01 0.0000e+00 0.0000e+00 -1.6848e-01 1.5331e+00 
74.0 2.2397e+00 -7.5115e-01 0.0000e+00 0.0000e+00 -7.5115e-01 1.9993e+00 0.0000e+00 0.0000e+00 0.0000e+00 0.0000e+00 1.3935e+00 1.7276e-01 0.0000e+00 0.0000e+00 -1.7276e-01 1.4570e+00 
75.0 2.1788e+00 -7.4886e-01 0.0000e+00 0.0000e+00 -7.4886e-01 1.9388e+00 0.0000e+00 0.0000e+00 0.0000e+00 0.0000e+00 1.3181e+00 1.7674e-01 0.0000e+00 0.0000e+00 -1.7674e-01 1.3839e+00 
76.0 2.1207e+00 -7.4614e-01 0.0000e+00 0.0000e+00 -7.4614e-01 1.8810e+00 0.0000e+00 0.0000e+00 0.0000e+00 0.0000e+00 1.2455e+00 1.8044e-01 0.0000e+00 0.0000e+00 -1.8044e-01 1.3135e+00 
77.0 2.0652e+00 -7.4300e-01 0.0000e+00 0.0000e+00 -7.4300e-01 1.8258e+00 0.0000e+00 0.0000e+00 0.0000e+00 0.0000e+00 1.1756e+00 1.8386e-01 0.0000e+00 0.0000e+00 -1.8386e-01 1.2459e+00 
78.0 2.0122e+00 -7.3945e-01 0.0000e+00 0.0000e+00 -7.3945e-01 1.7731e+00 0.0000e+00 0.0000e+00 0.0000e+00 0.0000e+00 1.1083e+00 1.8703e-01 0.0000e+00 0.0000e+00 -1.8703e-01 1.1808e+00 
79.0 1.9616e+00 -7.3550e-01 0.0000e+00 0.0000e+00 -7.3550e-01 1.7228e+00 0.0000e+00 0.0000e+00 0.0000e+00 0.0000e+00 1.0434e+00 1.8997e-01 0.0000e+00 0.0000e+00 -1.8997e-01 1.1182e+00 
80.0 1.9132e+00 -7.3116e-01 0.0000e+00 0.0000e+00 -7.3116e-01 1.6748e+00 0.0000e+00 0.0000e+00 0.0000e+00 0.0000e+00 9.8086e-01 1.9269e-01 0.0000e+00 0.0000e+00 -1.9269e-01 1.0579e+00 
81.0 1.8671e+00 -7.2644e-01 0.0000e+00 0.0000e+00 -7.2644e-01 1.6289e+00 0.0000e+00 0.0000e+00 0.0000e+00 0.0000e+00 9.2057e-01 1.9521e-01 0.0000e+00 0.0000e+00 -1.9521e-01 9.9984e-01 
82.0 1.8230e+00 -7.2137e-01 0.0000e+00 0.0000e+00 -7.2137e-01 1.5852e+00 0.0000e+00 0.0000e+00 0.0000e+00 0.0000e+00 8.6242e-01 1.9753e-01 0.0000e+00 0.0000e+00 -1.9753e-01 9.4394e-01 
83.0 1.7810e+00 -7.1595e-01 0.0000e+00 0.0000e+00 -7.1595e-01 1.5434e+00 0.0000e+00 0.0000e+00 0.0000e+00 0.0000e+00 8.0634e-01 1.9965e-01 0.0000e+00 0.0000e+00 -1.9965e-01 8.9009e-01 
84.0 1.7408e+00 -7.1019e-01 0.0000e+00 0.0000e+00 -7.1019e-01 1.5036e+00 0.0000e+00 0.0000e+00 0.0000e+00 0.0000e+00 7.5223e-01 2.0160e-01 0.0000e+00 0.0000e+00 -2.0160e-01 8.3820e-01 
85.0 1.7025e+00 -7.0412e-01 0.0000e+00 0.0000e+00 -7.0412e-01 1.4656e+00 0.0000e+00 0.0000e+00 0.0000e+00 0.0000e+00 7.0000e-01 2.0336e-01 0.0000e+00 0.0000e+00 -2.0336e-01 7.8819e-01 
86.0 1.6660e+00 -6.9775e-01 0.0000e+00 0.0000e+00 -6.9775e-01 1.4294e+00 0.0000e+00 0.0000e+00 0.0000e+00 0.0000e+00 6.4958e-01 2.0495e-01 0.0000e+00 0.0000e+00 -2.0495e-01 7.3999e-01 
87.0 1.6311e+00 -6.9109e-01 0.0000e+00 0.0000e+00 -6.9109e-01 1.3948e+00 0.0000e+00 0.0000e+00 0.0000e+00 0.0000e+00 6.0088e-01 2.0637e-01 0.0000e+00 0.0000e+00 -2.0637e-01 6.9351e-01 
88.0 1.5979e+00 -6.8417e-01 0.0000e+00 0.0000e+00 -6.8417e-01 1.3618e+00 0.0000e+00 0.0000e+00 0.0000e+00 0.0000e+00 5.5385e-01 2.0762e-01 0.0000e+00 0.0000e+00 -2.0762e-01 6.4868e-01 
89.0 1.5662e+00 -6.7699e-01 0.0000e+00 0.0000e+00 -6.7699e-01 1.3304e+00 0.0000e+00 0.0000e+00 0.0000e+00 0.0000e+00 5.0841e-01 2.0870e-01 0.0000e+00 0.0000e+00 -2.0870e-01 6.0544e-01 
90.0 1.5359e+00 -6.6958e-01 0.0000e+00 0.0000e+00 -6.6958e-01 1.3005e+00 0.0000e+00 0.0000e+00 0.0000e+00 0.0000e+00 4.6450e-01 2.0961e-01 0.0000e+00 0.0000e+00 -2.0961e-01 5.6371e-01 
91.0 1.5071e+00 -6.6194e-01 0.0000e+00 0.0000e+00 -6.6194e-01 1.2719e+00 0.0000e+00 0.0000e+00 0.0000e+00 0.0000e+00 4.2206e-01 2.1034e-01 0.0000e+00 0.0000e+00 -2.1034e-01 5.2342e-01 
92.0 1.4796e+00 -6.5408e-01 0.0000e+00 0.0000e+00 -6.5408e-01 1.2447e+00 0.0000e+00 0.0000e+00 0.0000e+00 0.0000e+00 3.8103e-01 2.1088e-01 0.0000e+00 0.0000e+00 -2.1088e-01 4.8452e-01 
93.0 1.4534e+00 -6.4600e-01 0.0000e+00 0.0000e+00 -6.4600e-01 1.2188e+00 0.0000e+00 0.0000e+00 0.0000e+00 0.0000e+00 3.4135e-01 2.1124e-01 0.0000e+00 0.0000e+00 -2.1124e-01 4.4693e-01 
94.0 1.4284e+00 -6.3771e-01 0.0000e+00 0.0000e+00 -6.3771e-01 1.1941e+00 0.0000e+00 0.0000e+00 0.0000e+00 0.0000e+00 3.0296e-01 2.1141e-01 0.0000e+00 0.0000e+00 -2.1141e-01 4.1060e-01 
95.0 1.4046e+00 -6.2922e-01 0.0000e+00 0.0000e+00 -6.2922e-01 1.1706e+00 0.0000e+00 0.0000e+00 0.0000e+00 0.0000e+00 2.6582e-01 2.1140e-01 0.0000e+00 0.0000e+00 -2.1140e-01 3.7545e-01 
96.0 1.3819e+00 -6.2051e-01 0.0000e+00 0.0000e+00 -6.2051e-01 1.1482e+00 0.0000e+00 0.0000e+00 0.0000e+00 0.0000e+00 2.2987e-01 2.1122e-01 0.0000e+00 0.0000e+00 -2.1122e-01 3.4145e-01 
97.0 1.3603e+00 -6.1159e-01 0.0000e+00 0.0000e+00 -6.1159e-01 1.1269e+00 0.0000e+00 0.0000e+00 0.0000e+00 0.0000e+00 1.9506e-01 2.1086e-01 0.0000e+00 0.0000e+00 -2.1086e-01 3.0852e-01 
98.0 1.3397e+00 -6.0248e-01 0.0000e+00 0.0000e+00 -6.0248e-01 1.1067e+00 0.0000e+00 0.0000e+00 0.0000e+00 0.0000e+00 1.6135e-01 2.1035e-01 0.0000e+00 0.0000e+00 -2.1035e-01 2.7664e-01 
99.0 1.3201e+00 -5.9316e-01 0.0000e+00 0.0000e+00 -5.9316e-01 1.0875e+00 0.0000e+00 0.0000e+00 0.0000e+00 0.0000e+00 1.2870e-01 2.0969e-01 0.0000e+00 0.0000e+00 -2.0969e-01 2.4575e-01 
100.0 1.3014e+00 -5.8365e-01 0.0000e+00 0.0000e+00 -5.8365e-01 1.0693e+00 0.0000e+00 0.0000e+00 0.0000e+00 0.0000e+00 9.7068e-02 2.0889e-01 0.0000e+00 0.0000e+00 -2.0889e-01 2.1580e-01 
101.0 1.2837e+00 -5.7395e-01 0.0000e+00 0.0000e+00 -5.7395e-01 1.0521e+00 0.0000e+00 0.0000e+00 0.0000e+00 0.0000e+00 6.6425e-02 2.0797e-01 0.0000e+00 0.0000e+00 -2.0797e-01 1.8677e-01 
102.0 1.2668e+00 -5.6407e-01 0.0000e+00 0.0000e+00 -5.6407e-01 1.0357e+00 0.0000e+00 0.0000e+00 0.0000e+00 0.0000e+00 3.6729e-02 2.0692e-01 0.0000e+00 0.0000e+00 -2.0692e-01 1.5861e-01 
103.0 1.2509e+00 -5.5403e-01 0.0000e+00 0.0000e+00 -5.5403e-01 1.0203e+00 0.0000e+00 0.0000e+00 0.0000e+00 0.0000e+00 7.9469e-03 2.0575e-01 0.0000e+00 0.0000e+00 -2.0575e-01 1.3130e-01 
104.0 1.2357e+00 -5.4382e-01 0.0000e+00 0.0000e+00 -5.4382e-01 1.0057e+00 0.0000e+00 0.0000e+00 0.0000e+00 0.0000e+00 -1.9956e-02 2.0447e-01 0.0000e+00 0.0000e+00 -2.0447e-01 1.0478e-01 
105.0 1.2213e+00 -5.3346e-01 0.0000e+00 0.0000e+00 -5.3346e-01 9.9192e-01 0.0000e+00 0.0000e+00 0.0000e+00 0.0000e+00 -4.7013e-02 2.0308e-01 0.0000e+00 0.0000e+00 -2.0308e-01 7.9041e-02 
106.0 1.2077e+00 -5.2294e-01 0.0000e+00 0.0000e+00 -5.2294e-01 9.7894e-01 0.0000e+00 0.0000e+00 0.0000e+00 0.0000e+00 -7.3255e-02 2.0159e-01 0.0000e+00 0.0000e+00 -2.0159e-01 5.4041e-02 
107.0 1.1948e+00 -5.1228e-01 0.0000e+00 0.0000e+00 -5.1228e-01 9.6673e-01 0.0000e+00 0.0000e+00 0.0000e+00 0.0000e+00 -9.8714e-02 2.0001e-01 0.0000e+00 0.0000e+00 -2.0001e-01 2.9747e-02 
108.0 1.1826e+00 -5.0148e-01 0.0000e+00 0.0000e+00 -5.0148e-01 9.5525e-01 0.0000e+00 0.0000e+00 0.0000e+00 0.0000e+00 -1.2342e-01 1.9834e-01 0.0000e+00 0.0000e+00 -1.9834e-01 6.1328e-03 
109.0 1.1711e+00 -4.9053e-01 0.0000e+00 0.0000e+00 -4.9053e-01 9.4449e-01 0.0000e+00 0.0000e+00 0.0000e+00 0.0000e+00 -1.4740e-01 1.9659e-01 0.0000e+00 0.0000e+00 -1.9659e-01 -1.6834e-02 
110.0 1.1602e+00 -4.7946e-01 0.0000e+00 0.0000e+00 -4.7946e-01 9.3443e-01 0.0000e+00 0.0000e+00 0.0000e+00 0.0000e+00 -1.7068e-01 1.9479e-01 0.0000e+00 0.0000e+00 -1.9479e-01 -3.9179e-02 
111.0 1.1500e+00 -4.6826e-01 0.0000e+00 0.0000e+00 -4.6826e-01 9.2503e-01 0.0000e+00 0.0000e+00 0.0000e+00 0.0000e+00 -1.9329e-01 1.9293e-01 0.0000e+00 0.0000e+00 -1.9293e-01 -6.0925e-02 
112.0 1.1404e+00 -4.5696e-01 0.0000e+00 0.0000e+00 -4.5696e-01 9.1629e-01 0.0000e+00 0.0000e+00 0.0000e+00 0.0000e+00 -2.1525e-01 1.9103e-01 0.0000e+00 0.0000e+00 -1.9103e-01 -8.2099e-02 
113.0 1.1314e+00 -4.4554e-01 0.0000e+00 0.0000e+00 -4.4554e-01 9.0818e-01 0.0000e+00 0.0000e+00 0.0000e+00 0.0000e+00 -2.3659e-01 1.8911e-01 0.0000e+00 0.0000e+00 -1.8911e-01 -1.0272e-01 
114.0 1.1230e+00 -4.3404e-01 0.0000e+00 0.0000e+00 -4.3404e-01 9.0068e-01 0.0000e+00 0.0000e+00 0.0000e+00 0.0000e+00 -2.5732e-01 1.8716e-01 0.0000e+00 0.0000e+00 -1.8716e-01 -1.2281e-01 
115.0 1.1152e+00 -4.2246e-01 0.0000e+00 0.0000e+00 -4.2246e-01 8.9376e-01 0.0000e+00 0.0000e+00 0.0000e+00 0.0000e+00 -2.7746e-01 1.8520e-01 0.0000e+00 0.0000e+00 -1.8520e-01 -1.4237e-01 
116.0 1.1078e+00 -4.1081e-01 0.0000e+00 0.0000e+00 -4.1081e-01 8.8742e-01 0.0000e+00 0.0000e+00 0.0000e+00 0.0000e+00 -2.9703e-01 1.8324e-01 0.0000e+00 0.0000e+00 -1.8324e-01 -1.6144e-01 
117.0 1.1011e+00 -3.9912e-01 0.0000e+00 0.0000e+00 -3.9912e-01 8.8162e-01 0.0000e+00 0.0000e+00 0.0000e+00 0.0000e+00 -3.1607e-01 1.8128e-01 0.0000e+00 0.0000e+00 -1.8128e-01 -1.8002e-01 
118.0 1.0948e+00 -3.8740e-01 0.0000e+00 0.0000e+00 -3.8740e-01 8.7633e-01 0.0000e+00 0.0000e+00 0.0000e+00 0.0000e+00 -3.3457e-01 1.7933e-01 0.0000e+00 0.0000e+00 -1.7933e-01 -1.9812e-01 
119.0 1.0890e+00 -3.7567e-01 0.0000e+00 0.0000e+00 -3.7567e-01 8.7154e-01 0.0000e+00 0.0000e+00 0.0000e+00 0.0000e+00 -3.5256e-01 1.7738e-01 0.0000e+00 0.0000e+00 -1.7738e-01 -2.1574e-01 
120.0 1.0837e+00 -3.6393e-01 0.0000e+00 0.0000e+00 -3.6393e-01 8.6724e-01 0.0000e+00 0.0000e+00 0.0000e+00 0.0000e+00 -3.7005e-01 1.7543e-01 0.0000e+00 0.0000e+00 -1.7543e-01 -2.3289e-01 
121.0 1.0788e+00 -3.5222e-01 0.0000e+00 0.0000e+00 -3.5222e-01 8.6337e-01 0.0000e+00 0.0000e+00 0.0000e+00 0.0000e+00 -3.8706e-01 1.7347e-01 0.0000e+00 0.0000e+00 -1.7347e-01 -2.4958e-01 
122.0 1.0744e+00 -3.4053e-01 0.0000e+00 0.0000e+00 -3.4053e-01 8.5992e-01 0.0000e+00 0.0000e+00 0.0000e+00 0.0000e+00 -4.0360e-01 1.7150e-01 0.0000e+00 0.0000e+00 -1.7150e-01 -2.6584e-01 
123.0 1.0704e+00 -3.2889e-01 0.0000e+00 0.0000e+00 -3.2889e-01 8.5686e-01 0.0000e+00 0.0000e+00 0.0000e+00 0.0000e+00 -4.1969e-01 1.6949e-01 0.0000e+00 0.0000e+00 -1.6949e-01 -2.8166e-01 
124.0 1.0668e+00 -3.1730e-01 0.0000e+00 0.0000e+00 -3.1730e-01 8.5417e-01 0.0000e+00 0.0000e+00 0.0000e+00 0.0000e+00 -4.3534e-01 1.6745e-01 0.0000e+00 0.0000e+00 -1.6745e-01 -2.9706e-01 
125.0 1.0636e+00 -3.0576e-01 0.0000e+00 0.0000e+00 -3.0576e-01 8.5183e-01 0.0000e+00 0.0000e+00 0.0000e+00 0.0000e+00 -4.5058e-01 1.6537e-01 0.0000e+00 0.0000e+00 -1.6537e-01 -3.1204e-01 
126.0 1.0607e+00 -2.9429e-01 0.0000e+00 0.0000e+00 -2.9429e-01 8.4983e-01 0.0000e+00 0.0000e+00 0.0000e+00 0.0000e+00 -4.6541e-01 1.6323e-01 0.0000e+00 0.0000e+00 -1.6323e-01 -3.2663e-01 
127.0 1.0582e+00 -2.8289e-01 0.0000e+00 0.0000e+00 -2.8289e-01 8.4812e-01 0.0000e+00 0.0000e+00 0.0000e+00 0.0000e+00 -4.7985e-01 1.6104e-01 0.0000e+00 0.0000e+00 -1.6104e-01 -3.4085e-01 
128.0 1.0559e+00 -2.7158e-01 0.0000e+00 0.0000e+00 -2.7158e-01 8.4672e-01 0.0000e+00 0.0000e+00 0.0000e+00 0.0000e+00 -4.9391e-01 1.5881e-01 0.0000e+00 0.0000e+00 -1.5881e-01 -3.5470e-01 
129.0 1.0540e+00 -2.6037e-01 0.0000e+00 0.0000e+00 -2.6037e-01 8.4562e-01 0.0000e+00 0.0000e+00 0.0000e+00 0.0000e+00 -5.0761e-01 1.5652e-01 0.0000e+00 0.0000e+00 -1.5652e-01 -3.6820e-01 
130.0 1.0524e+00 -2.4926e-01 0.0000e+00 0.0000e+00 -2.4926e-01 8.4479e-01 0.0000e+00 0.0000e+00 0.0000e+00 0.0000e+00 -5.2096e-01 1.5416e-01 0.0000e+00 0.0000e+00 -1.5416e-01 -3.8135e-01 
131.0 1.0510e+00 -2.3827e-01 0.0000e+00 0.0000e+00 -2.3827e-01 8.4422e-01 0.0000e+00 0.0000e+00 0.0000e+00 0.0000e+00 -5.3397e-01 1.5173e-01 0.0000e+00 0.0000e+00 -1.5173e-01 -3.9417e-01 
132.0 1.0500e+00 -2.2737e-01 0.0000e+00 0.0000e+00 -2.2737e-01 8.4393e-01 0.0000e+00 0.0000e+00 0.0000e+00 0.0000e+00 -5.4665e-01 1.4923e-01 0.0000e+00 0.0000e+00 -1.4923e-01 -4.0668e-01 
133.0 1.0492e+00 -2.1657e-01 0.0000e+00 0.0000e+00 -2.1657e-01 8.4390e-01 0.0000e+00 0.0000e+00 0.0000e+00 0.0000e+00 -5.5900e-01 1.4665e-01 0.0000e+00 0.0000e+00 -1.4665e-01 -4.1890e-01 
134.0 1.0487e+00 -2.0589e-01 0.0000e+00 0.0000e+00 -2.0589e-01 8.4410e-01 0.0000e+00 0.0000e+00 0.0000e+00 0.0000e+00 -5.7103e-01 1.4400e-01 0.0000e+00 0.0000e+00 -1.4400e-01 -4.3082e-01 
135.0 1.0485e+00 -1.9532e-01 0.0000e+00 0.0000e+00 -1.9532e-01 8.4459e-01 0.0000e+00 0.0000e+00 0.0000e+00 0.0000e+00 -5.8276e-01 1.4129e-01 0.0000e+00 0.0000e+00 -1.4129e-01 -4.4246e-01 
136.0 1.0485e+00 -1.8484e-01 0.0000e+00 0.0000e+00 -1.8484e-01 8.4537e-01 0.0000e+00 0.0000e+00 0.0000e+00 0.0000e+00 -5.9419e-01 1.3851e-01 0.0000e+00 0.0000e+00 -1.3851e-01 -4.5383e-01 
137.0 1.0488e+00 -1.7448e-01 0.0000e+00 0.0000e+00 -1.7448e-01 8.4639e-01 0.0000e+00 0.0000e+00 0.0000e+00 0.0000e+00 -6.0531e-01 1.3566e-01 0.0000e+00 0.0000e+00 -1.3566e-01 -4.6494e-01 
138.0 1.0493e+00 -1.6423e-01 0.0000e+00 0.0000e+00 -1.6423e-01 8.4766e-01 0.0000e+00 0.0000e+00 0.0000e+00 0.0000e+00 -6.1614e-01 1.3274e-01 0.0000e+00 0.0000e+00 -1.3274e-01 -4.7581e-01 
139.0 1.0500e+00 -1.5405e-01 0.0000e+00 0.0000e+00 -1.5405e-01 8.4919e-01 0.0000e+00 0.0000e+00 0.0000e+00 0.0000e+00 -6.2667e-01 1.2977e-01 0.0000e+00 0.0000e+00 -1.2977e-01 -4.8645e-01 
140.0 1.0510e+00 -1.4396e-01 0.0000e+00 0.0000e+00 -1.4396e-01 8.5100e-01 0.0000e+00 0.0000e+00 0.0000e+00 0.0000e+00 -6.3692e-01 1.2676e-01 0.0000e+00 0.0000e+00 -1.2676e-01 -4.9688e-01 
141.0 1.0523e+00 -1.3395e-01 0.0000e+00 0.0000e+00 -1.3395e-01 8.5309e-01 0.0000e+00 0.0000e+00 0.0000e+00 0.0000e+00 -6.4688e-01 1.2372e-01 0.0000e+00 0.0000e+00 -1.2372e-01 -5.0709e-01 
142.0 1.0538e+00 -1.2403e-01 0.0000e+00 0.0000e+00 -1.2403e-01 8.5549e-01 0.0000e+00 0.0000e+00 0.0000e+00 0.0000e+00 -6.5656e-01 1.2067e-01 0.0000e+00 0.0000e+00 -1.2067e-01 -5.1708e-01 
143.0 1.0556e+00 -1.1420e-01 0.0000e+00 0.0000e+00 -1.1420e-01 8.5821e-01 0.0000e+00 0.0000e+00 0.0000e+00 0.0000e+00 -6.6596e-01 1.1761e-01 0.0000e+00 0.0000e+00 -1.1761e-01 -5.2685e-01 
144.0 1.0577e+00 -1.0446e-01 0.0000e+00 0.0000e+00 -1.0446e-01 8.6127e-01 0.0000e+00 0.0000e+00 0.0000e+00 0.0000e+00 -6.7509e-01 1.1453e-01 0.0000e+00 0.0000e+00 -1.1453e-01 -5.3642e-01 
145.0 1.0601e+00 -9.4776e-02 0.0000e+00 0.0000e+00 -9.4776e-02 8.6466e-01 0.0000e+00 0.0000e+00 0.0000e+00 0.0000e+00 -6.8396e-01 1.1145e-01 0.0000e+00 0.0000e+00 -1.1145e-01 -5.4579e-01 
146.0 1.0628e+00 -8.5195e-02 0.0000e+00 0.0000e+00 -8.5195e-02 8.6837e-01 0.0000e+00 0.0000e+00 0.0000e+00 0.0000e+00 -6.9258e-01 1.0833e-01 0.0000e+00 0.0000e+00 -1.0833e-01 -5.5497e-01 
147.0 1.0658e+00 -7.5712e-02 0.0000e+00 0.0000e+00 -7.5712e-02 8.7238e-01 0.0000e+00 0.0000e+00 0.0000e+00 0.0000e+00 -7.0098e-01 1.0515e-01 0.0000e+00 0.0000e+00 -1.0515e-01 -5.6397e-01 
148.0 1.0691e+00 -6.6280e-02 0.0000e+00 0.0000e+00 -6.6280e-02 8.7675e-01 0.0000e+00 0.0000e+00 0.0000e+00 0.0000e+00 -7.0916e-01 1.0190e-01 0.0000e+00 0.0000e+00 -1.0190e-01 -5.7280e-01 
149.0 1.0728e+00 -5.6945e-02 0.0000e+00 0.0000e+00 -5.6945e-02 8.8145e-01 0.0000e+00 0.0000e+00 0.0000e+00 0.0000e+00 -7.1715e-01 9.8564e-02 0.0000e+00 0.0000e+00 -9.8564e-02 -5.8149e-01 
150.0 1.0767e+00 -4.7748e-02 0.0000e+00 0.0000e+00 -4.7748e-02 8.8648e-01 0.0000e+00 0.0000e+00 0.0000e+00 0.0000e+00 -7.2498e-01 9.5139e-02 0.0000e+00 0.0000e+00 -9.5139e-02 -5.9007e-01 
151.0 1.0810e+00 -3.8637e-02 0.0000e+00 0.0000e+00 -3.8637e-02 8.9190e-01 0.0000e+00 0.0000e+00 0.0000e+00 0.0000e+00 -7.3267e-01 9.1591e-02 0.0000e+00 0.0000e+00 -9.1591e-02 -5.9856e-01 
152.0 1.0857e+00 -2.9692e-02 0.0000e+00 0.0000e+00 -2.9692e-02 8.9764e-01 0.0000e+00 0.0000e+00 0.0000e+00 0.0000e+00 -7.4024e-01 8.7849e-02 0.0000e+00 0.0000e+00 -8.7849e-02 -6.0698e-01 
153.0 1.0905e+00 -2.1076e-02 0.0000e+00 0.0000e+00 -2.1076e-02 9.0352e-01 0.0000e+00 0.0000e+00 0.0000e+00 0.0000e+00 -7.4775e-01 8.3804e-02 0.0000e+00 0.0000e+00 -8.3804e-02 -6.1539e-01 
154.0 1.0954e+00 -1.2775e-02 0.0000e+00 0.0000e+00 -1.2775e-02 9.0955e-01 0.0000e+00 0.0000e+00 0.0000e+00 0.0000e+00 -7.5526e-01 7.9328e-02 0.0000e+00 0.0000e+00 -7.9328e-02 -6.2383e-01 
155.0 1.1005e+00 -4.8325e-03 0.0000e+00 0.0000e+00 -4.8325e-03 9.1570e-01 0.0000e+00 0.0000e+00 0.0000e+00 0.0000e+00 -7.6280e-01 7.4307e-02 0.0000e+00 0.0000e+00 -7.4307e-02 -6.3231e-01 
156.0 1.1055e+00 2.5140e-03 0.0000e+00 0.0000e+00 2.5140e-03 9.2176e-01 0.0000e+00 0.0000e+00 0.0000e+00 0.0000e+00 -7.7044e-01 6.8650e-02 0.0000e+00 0.0000e+00 -6.8650e-02 -6.4086e-01 
157.0 1.1105e+00 9.2175e-03 0.0000e+00 0.0000e+00 9.2175e-03 9.2774e-01 0.0000e+00 0.0000e+00 0.0000e+00 0.0000e+00 -7.7826e-01 6.2286e-02 0.0000e+00 0.0000e+00 -6.2286e-02 -6.4948e-01 
158.0 1.1156e+00 1.5315e-02 0.0000e+00 0.0000e+00 1.5315e-02 9.3375e-01 0.0000e+00 0.0000e+00 0.0000e+00 0.0000e+00 -7.8631e-01 5.5153e-02 0.0000e+00 0.0000e+00 -5.5153e-02 -6.5818e-01 
159.0 1.1205e+00 2.0534e-02 0.0000e+00 0.0000e+00 2.0534e-02 9.3948e-01 0.0000e+00 0.0000e+00 0.0000e+00 0.0000e+00 -7.9464e-01 4.7189e-02 0.0000e+00 0.0000e+00 -4.7189e-02 -6.6693e-01 
160.0 1.1254e+00 2.4715e-02 0.0000e+00 0.0000e+00 2.4715e-02 9.4478e-01 0.0000e+00 0.0000e+00 0.0000e+00 0.0000e+00 -8.0340e-01 3.8343e-02 0.0000e+00 0.0000e+00 -3.8343e-02 -6.7571e-01 
161.0 1.1305e+00 2.8037e-02 0.0000e+00 0.0000e+00 2.8037e-02 9.4987e-01 0.0000e+00 0.0000e+00 0.0000e+00 0.0000e+00 -8.1272e-01 2.8612e-02 0.0000e+00 0.0000e+00 -2.8612e-02 -6.8451e-01 
162.0 1.1359e+00 3.0402e-02 0.0000e+00 0.0000e+00 3.0402e-02 9.5475e-01 0.0000e+00 0.0000e+00 0.0000e+00 0.0000e+00 -8.2276e-01 1.8071e-02 0.0000e+00 0.0000e+00 -1.8071e-02 -6.9332e-01 
163.0 1.1417e+00 3.1595e-02 0.0000e+00 0.0000e+00 3.1595e-02 9.5931e-01 0.0000e+00 0.0000e+00 0.0000e+00 0.0000e+00 -8.3376e-01 6.8491e-03 0.0000e+00 0.0000e+00 -6.8491e-03 -7.0213e-01 
164.0 1.1485e+00 3.1868e-02 0.0000e+00 0.0000e+00 3.1868e-02 9.6394e-01 0.0000e+00 0.0000e+00 0.0000e+00 0.0000e+00 -8.4601e-01 -4.8674e-03 0.0000e+00 0.0000e+00 4.8674e-03 -7.1095e-01 
165.0 1.1568e+00 3.1313e-02 0.0000e+00 0.0000e+00 3.1313e-02 9.6892e-01 0.0000e+00 0.0000e+00 0.0000e+00 0.0000e+00 -8.5973e-01 -1.6816e-02 0.0000e+00 0.0000e+00 1.6816e-02 -7.1972e-01 
166.0 1.1668e+00 2.9631e-02 0.0000e+00 0.0000e+00 2.9631e-02 9.7416e-01 0.0000e+00 0.0000e+00 0.0000e+00 0.0000e+00 -8.7519e-01 -2.8647e-02 0.0000e+00 0.0000e+00 2.8647e-02 -7.2841e-01 
167.0 1.1793e+00 2.7039e-02 0.0000e+00 0.0000e+00 2.7039e-02 9.8033e-01 0.0000e+00 0.0000e+00 0.0000e+00 0.0000e+00 -8.9272e-01 -3.9951e-02 0.0000e+00 0.0000e+00 3.9951e-02 -7.3695e-01 
168.0 1.1952e+00 2.3933e-02 0.0000e+00 0.0000e+00 2.3933e-02 9.8778e-01 0.0000e+00 0.0000e+00 0.0000e+00 0.0000e+00 -9.1251e-01 -5.0266e-02 0.0000e+00 0.0000e+00 5.0266e-02 -7.4526e-01 
169.0 1.2149e+00 2.0038e-02 0.0000e+00 0.0000e+00 2.0038e-02 9.9684e-01 0.0000e+00 0.0000e+00 0.0000e+00 0.0000e+00 -9.3472e-01 -5.9081e-02 0.0000e+00 0.0000e+00 5.9081e-02 -7.5323e-01 
170.0 1.2388e+00 1.5418e-02 0.0000e+00 0.0000e+00 1.5418e-02 1.0078e+00 0.0000e+00 0.0000e+00 0.0000e+00 0.0000e+00 -9.5959e-01 -6.5861e-02 0.0000e+00 0.0000e+00 6.5861e-02 -7.6076e-01 
171.0 1.2682e+00 1.0857e-02 0.0000e+00 0.0000e+00 1.0857e-02 1.0213e+00 0.0000e+00 0.0000e+00 0.0000e+00 0.0000e+00 -9.8725e-01 -7.0004e-02 0.0000e+00 0.0000e+00 7.0004e-02 -7.6778e-01 
172.0 1.3033e+00 6.4232e-03 0.0000e+00 0.0000e+00 6.4232e-03 1.0379e+00 0.0000e+00 0.0000e+00 0.0000e+00 0.0000e+00 -1.0175e+00 -7.0828e-02 0.0000e+00 0.0000e+00 7.0828e-02 -7.7425e-01 
173.0 1.3439e+00 1.9848e-03 0.0000e+00 0.0000e+00 1.9848e-03 1.0572e+00 0.0000e+00 0.0000e+00 0.0000e+00 0.0000e+00 -1.0502e+00 -6.7687e-02 0.0000e+00 0.0000e+00 6.7687e-02 -7.8010e-01 
174.0 1.3903e+00 -1.3937e-03 0.0000e+00 0.0000e+00 -1.3937e-03 1.0799e+00 0.0000e+00 0.0000e+00 0.0000e+00 0.0000e+00 -1.0849e+00 -6.0163e-02 0.0000e+00 0.0000e+00 6.0163e-02 -7.8523e-01 
175.0 1.4409e+00 -3.0441e-03 0.0000e+00 0.0000e+00 -3.0441e-03 1.1056e+00 0.0000e+00 0.0000e+00 0.0000e+00 0.0000e+00 -1.1199e+00 -4.8433e-02 0.0000e+00 0.0000e+00 4.8433e-02 -7.8954e-01 
176.0 1.4917e+00 -3.6353e-03 0.0000e+00 0.0000e+00 -3.6353e-03 1.1317e+00 0.0000e+00 0.0000e+00 0.0000e+00 0.0000e+00 -1.1528e+00 -3.3556e-02 0.0000e+00 0.0000e+00 3.3556e-02 -7.9277e-01 
177.0 1.5377e+00 -3.1007e-03 0.0000e+00 0.0000e+00 -3.1007e-03 1.1558e+00 0.0000e+00 0.0000e+00 0.0000e+00 0.0000e+00 -1.1812e+00 -1.7862e-02 0.0000e+00 0.0000e+00 1.7862e-02 -7.9470e-01 
178.0 1.5722e+00 -1.2180e-03 0.0000e+00 0.0000e+00 -1.2180e-03 1.1744e+00 0.0000e+00 0.0000e+00 0.0000e+00 0.0000e+00 -1.2015e+00 -5.2620e-03 0.0000e+00 0.0000e+00 5.2620e-03 -7.9548e-01 
179.0 1.5860e+00 -1.6273e-20 0.0000e+00 0.0000e+00 -1.6273e-20 1.1822e+00 0.0000e+00 0.0000e+00 0.0000e+00 0.0000e+00 -1.2093e+00 -7.7456e-20 0.0000e+00 0.0000e+00 7.7456e-20 -7.9571e-01 
180.0 1.5995e+00 0.0000e+00 0.0000e+00 0.0000e+00 0.0000e+00 1.1893e+00 0.0000e+00 0.0000e+00 0.0000e+00 0.0000e+00 -1.2167e+00 0.0000e+00 0.0000e+00 0.0000e+00 -0.0000e+00 -7.9582e-01 
