0.9053 1.0548 0.1494 0.114475
theta s11 s12 s13 s14 s21 s22 s23 s24 s31 s32 s33 s34 s41 s42 s43 s44
0.0 1.8607e+03 0.0000e+00 0.0000e+00 0.0000e+00 0.0000e+00 1.8602e+03 0.0000e+00 0.0000e+00 0.0000e+00 0.0000e+00 1.8602e+03 0.0000e+00 0.0000e+00 0.0000e+00 -0.0000e+00 1.8597e+03 
1.0 1.6585e+03 -7.6996e-02 0.0000e+00 0.0000e+00 -7.6996e-02 1.6580e+03 0.0000e+00 0.0000e+00 0.0000e+00 0.0000e+00 1.6580e+03 -8.0116e-01 0.0000e+00 0.0000e+00 8.0116e-01 1.6575e+03 
2.0 1.2642e+03 -1.6701e-01 0.0000e+00 0.0000e+00 -1.6701e-01 1.2637e+03 0.0000e+00 0.0000e+00 0.0000e+00 0.0000e+00 1.2637e+03 -2.6638e+00 0.0000e+00 0.0000e+00 2.6638e+00 1.2632e+03 
3.0 9.0909e+02 -1.6879e-01 0.0000e+00 0.0000e+00 -1.6879e-01 9.0862e+02 0.0000e+00 0.0000e+00 0.0000e+00 0.0000e+00 9.0858e+02 -4.5397e+00 0.0000e+00 0.0000e+00 4.5397e+00 9.0813e+02 
4.0 6.4995e+02 -1.2424e-01 0.0000e+00 0.0000e+00 -1.2424e-01 6.4950e+02 0.0000e+00 0.0000e+00 0.0000e+00 0.0000e+00 6.4942e+02 -5.7889e+00 0.0000e+00 0.0000e+00 5.7889e+00 6.4901e+02 
5.0 4.7271e+02 -7.9777e-02 0.0000e+00 0.0000e+00 -7.9777e-02 4.7229e+02 0.0000e+00 0.0000e+00 0.0000e+00 0.0000e+00 4.7216e+02 -6.3690e+00 0.0000e+00 0.0000e+00 6.3690e+00 4.7178e+02 
6.0 3.5222e+02 -5.3280e-02 0.0000e+00 0.0000e+00 -5.3280e-02 3.5183e+02 0.0000e+00 0.0000e+00 0.0000e+00 0.0000e+00 3.5165e+02 -6.4744e+00 0.0000e+00 0.0000e+00 6.4744e+00 3.5130e+02 
7.0 2.6890e+02 -4.8373e-02 0.0000e+00 0.0000e+00 -4.8373e-02 2.6852e+02 0.0000e+00 0.0000e+00 0.0000e+00 0.0000e+00 2.6830e+02 -6.2804e+00 0.0000e+00 0.0000e+00 6.2804e+00 2.6799e+02 
8.0 2.0995e+02 -6.2034e-02 0.0000e+00 0.0000e+00 -6.2034e-02 2.0959e+02 0.0000e+00 0.0000e+00 0.0000e+00 0.0000e+00 2.0932e+02 -5.9088e+00 0.0000e+00 0.0000e+00 5.9088e+00 2.0904e+02 
9.0 1.6735e+02 -8.8680e-02 0.0000e+00 0.0000e+00 -8.8680e-02 1.6700e+02 0.0000e+00 0.0000e+00 0.0000e+00 0.0000e+00 1.6671e+02 -5.4408e+00 0.0000e+00 0.0000e+00 5.4408e+00 1.6645e+02 
10.0 1.3599e+02 -1.2293e-01 0.0000e+00 0.0000e+00 -1.2293e-01 1.3565e+02 0.0000e+00 0.0000e+00 0.0000e+00 0.0000e+00 1.3533e+02 -4.9284e+00 0.0000e+00 0.0000e+00 4.9284e+00 1.3509e+02 
11.0 1.1253e+02 -1.6058e-01 0.0000e+00 0.0000e+00 -1.6058e-01 1.1219e+02 0.0000e+00 0.0000e+00 0.0000e+00 0.0000e+00 1.1184e+02 -4.4082e+00 0.0000e+00 0.0000e+00 4.4082e+00 1.1163e+02 
12.0 9.4691e+01 -1.9870e-01 0.0000e+00 0.0000e+00 -1.9870e-01 9.4362e+01 0.0000e+00 0.0000e+00 0.0000e+00 0.0000e+00 9.3999e+01 -3.9062e+00 0.0000e+00 0.0000e+00 3.9062e+00 9.3805e+01 
13.0 8.0948e+01 -2.3631e-01 0.0000e+00 0.0000e+00 -2.3631e-01 8.0621e+01 0.0000e+00 0.0000e+00 0.0000e+00 0.0000e+00 8.0246e+01 -3.4368e+00 0.0000e+00 0.0000e+00 3.4368e+00 8.0068e+01 
14.0 7.0216e+01 -2.6938e-01 0.0000e+00 0.0000e+00 -2.6938e-01 6.9891e+01 0.0000e+00 0.0000e+00 0.0000e+00 0.0000e+00 6.9507e+01 -3.0158e+00 0.0000e+00 0.0000e+00 3.0158e+00 6.9344e+01 
15.0 6.1730e+01 -2.9973e-01 0.0000e+00 0.0000e+00 -2.9973e-01 6.1405e+01 0.0000e+00 0.0000e+00 0.0000e+00 0.0000e+00 6.1015e+01 -2.6369e+00 0.0000e+00 0.0000e+00 2.6369e+00 6.0866e+01 
16.0 5.4923e+01 -3.2566e-01 0.0000e+00 0.0000e+00 -3.2566e-01 5.4597e+01 0.0000e+00 0.0000e+00 0.0000e+00 0.0000e+00 5.4204e+01 -2.3007e+00 0.0000e+00 0.0000e+00 2.3007e+00 5.4067e+01 
17.0 4.9376e+01 -3.4656e-01 0.0000e+00 0.0000e+00 -3.4656e-01 4.9049e+01 0.0000e+00 0.0000e+00 0.0000e+00 0.0000e+00 4.8655e+01 -2.0055e+00 0.0000e+00 0.0000e+00 2.0055e+00 4.8530e+01 
18.0 4.4780e+01 -3.6237e-01 0.0000e+00 0.0000e+00 -3.6237e-01 4.4452e+01 0.0000e+00 0.0000e+00 0.0000e+00 0.0000e+00 4.4059e+01 -1.7478e+00 0.0000e+00 0.0000e+00 1.7478e+00 4.3945e+01 
19.0 4.0912e+01 -3.7389e-01 0.0000e+00 0.0000e+00 -3.7389e-01 4.0582e+01 0.0000e+00 0.0000e+00 0.0000e+00 0.0000e+00 4.0299e+01 -1.5230e+00 0.0000e+00 0.0000e+00 1.5230e+00 4.0201e+01 
20.0 3.7613e+01 -3.8251e-01 0.0000e+00 0.0000e+00 -3.8251e-01 3.7281e+01 0.0000e+00 0.0000e+00 0.0000e+00 0.0000e+00 3.7092e+01 -1.3267e+00 0.0000e+00 0.0000e+00 1.3267e+00 3.7008e+01 
21.0 3.4767e+01 -3.8979e-01 0.0000e+00 0.0000e+00 -3.8979e-01 3.4433e+01 0.0000e+00 0.0000e+00 0.0000e+00 0.0000e+00 3.4325e+01 -1.1555e+00 0.0000e+00 0.0000e+00 1.1555e+00 3.4251e+01 
22.0 3.2284e+01 -3.9705e-01 0.0000e+00 0.0000e+00 -3.9705e-01 3.1948e+01 0.0000e+00 0.0000e+00 0.0000e+00 0.0000e+00 3.1910e+01 -1.0064e+00 0.0000e+00 0.0000e+00 1.0064e+00 3.1846e+01 
23.0 3.0093e+01 -4.0506e-01 0.0000e+00 0.0000e+00 -4.0506e-01 2.9756e+01 0.0000e+00 0.0000e+00 0.0000e+00 0.0000e+00 2.9779e+01 -8.7662e-01 0.0000e+00 0.0000e+00 8.7662e-01 2.9724e+01 
24.0 2.8142e+01 -4.1396e-01 0.0000e+00 0.0000e+00 -4.1396e-01 2.7802e+01 0.0000e+00 0.0000e+00 0.0000e+00 0.0000e+00 2.7880e+01 -7.6338e-01 0.0000e+00 0.0000e+00 7.6338e-01 2.7833e+01 
25.0 2.6387e+01 -4.2347e-01 0.0000e+00 0.0000e+00 -4.2347e-01 2.6045e+01 0.0000e+00 0.0000e+00 0.0000e+00 0.0000e+00 2.6171e+01 -6.6418e-01 0.0000e+00 0.0000e+00 6.6418e-01 2.6131e+01 
26.0 2.4796e+01 -4.3318e-01 0.0000e+00 0.0000e+00 -4.3318e-01 2.4452e+01 0.0000e+00 0.0000e+00 0.0000e+00 0.0000e+00 2.4622e+01 -5.7710e-01 0.0000e+00 0.0000e+00 5.7710e-01 2.4587e+01 
27.0 2.3344e+01 -4.4289e-01 0.0000e+00 0.0000e+00 -4.4289e-01 2.2998e+01 0.0000e+00 0.0000e+00 0.0000e+00 0.0000e+00 2.3207e+01 -5.0046e-01 0.0000e+00 0.0000e+00 5.0046e-01 2.3178e+01 
28.0 2.2013e+01 -4.5263e-01 0.0000e+00 0.0000e+00 -4.5263e-01 2.1665e+01 0.0000e+00 0.0000e+00 0.0000e+00 0.0000e+00 2.1909e+01 -4.3275e-01 0.0000e+00 0.0000e+00 4.3275e-01 2.1885e+01 
29.0 2.0788e+01 -4.6262e-01 0.0000e+00 0.0000e+00 -4.6262e-01 2.0437e+01 0.0000e+00 0.0000e+00 0.0000e+00 0.0000e+00 2.0713e+01 -3.7263e-01 0.0000e+00 0.0000e+00 3.7263e-01 2.0693e+01 
30.0 1.9655e+01 -4.7295e-01 0.0000e+00 0.0000e+00 -4.7295e-01 1.9302e+01 0.0000e+00 0.0000e+00 0.0000e+00 0.0000e+00 1.9607e+01 -3.1897e-01 0.0000e+00 0.0000e+00 3.1897e-01 1.9591e+01 
31.0 1.8605e+01 -4.8357e-01 0.0000e+00 0.0000e+00 -4.8357e-01 1.8250e+01 0.0000e+00 0.0000e+00 0.0000e+00 0.0000e+00 1.8501e+01 -2.7109e-01 0.0000e+00 0.0000e+00 2.7109e-01 1.8491e+01 
32.0 1.7627e+01 -4.9425e-01 0.0000e+00 0.0000e+00 -4.9425e-01 1.7270e+01 0.0000e+00 0.0000e+00 0.0000e+00 0.0000e+00 1.7471e+01 -2.2852e-01 0.0000e+00 0.0000e+00 2.2852e-01 1.7468e+01 
33.0 1.6713e+01 -5.0467e-01 0.0000e+00 0.0000e+00 -5.0467e-01 1.6354e+01 0.0000e+00 0.0000e+00 0.0000e+00 0.0000e+00 1.6509e+01 -1.9079e-01 0.0000e+00 0.0000e+00 1.9079e-01 1.6512e+01 
34.0 1.5855e+01 -5.1454e-01 0.0000e+00 0.0000e+00 -5.1454e-01 1.5494e+01 0.0000e+00 0.0000e+00 0.0000e+00 0.0000e+00 1.5608e+01 -1.5737e-01 0.0000e+00 0.0000e+00 1.5737e-01 1.5617e+01 
35.0 1.5046e+01 -5.2370e-01 0.0000e+00 0.0000e+00 -5.2370e-01 1.4684e+01 0.0000e+00 0.0000e+00 0.0000e+00 0.0000e+00 1.4761e+01 -1.2765e-01 0.0000e+00 0.0000e+00 1.2765e-01 1.4775e+01 
36.0 1.4284e+01 -5.3214e-01 0.0000e+00 0.0000e+00 -5.3214e-01 1.3920e+01 0.0000e+00 0.0000e+00 0.0000e+00 0.0000e+00 1.3963e+01 -1.0085e-01 0.0000e+00 0.0000e+00 1.0085e-01 1.3982e+01 
37.0 1.3564e+01 -5.4002e-01 0.0000e+00 0.0000e+00 -5.4002e-01 1.3199e+01 0.0000e+00 0.0000e+00 0.0000e+00 0.0000e+00 1.3210e+01 -7.6180e-02 0.0000e+00 0.0000e+00 7.6180e-02 1.3235e+01 
38.0 1.2885e+01 -5.4772e-01 0.0000e+00 0.0000e+00 -5.4772e-01 1.2519e+01 0.0000e+00 0.0000e+00 0.0000e+00 0.0000e+00 1.2500e+01 -5.2967e-02 0.0000e+00 0.0000e+00 5.2967e-02 1.2530e+01 
39.0 1.2245e+01 -5.5559e-01 0.0000e+00 0.0000e+00 -5.5559e-01 1.1878e+01 0.0000e+00 0.0000e+00 0.0000e+00 0.0000e+00 1.1831e+01 -3.0839e-02 0.0000e+00 0.0000e+00 3.0839e-02 1.1866e+01 
40.0 1.1644e+01 -5.6388e-01 0.0000e+00 0.0000e+00 -5.6388e-01 1.1276e+01 0.0000e+00 0.0000e+00 0.0000e+00 0.0000e+00 1.1202e+01 -9.7329e-03 0.0000e+00 0.0000e+00 9.7329e-03 1.1241e+01 
41.0 1.1079e+01 -5.7263e-01 0.0000e+00 0.0000e+00 -5.7263e-01 1.0710e+01 0.0000e+00 0.0000e+00 0.0000e+00 0.0000e+00 1.0610e+01 1.0240e-02 0.0000e+00 0.0000e+00 -1.0240e-02 1.0654e+01 
42.0 1.0548e+01 -5.8172e-01 0.0000e+00 0.0000e+00 -5.8172e-01 1.0178e+01 0.0000e+00 0.0000e+00 0.0000e+00 0.0000e+00 1.0053e+01 2.8979e-02 0.0000e+00 0.0000e+00 -2.8979e-02 1.0101e+01 
43.0 1.0048e+01 -5.9094e-01 0.0000e+00 0.0000e+00 -5.9094e-01 9.6780e+00 0.0000e+00 0.0000e+00 0.0000e+00 0.0000e+00 9.5275e+00 4.6504e-02 0.0000e+00 0.0000e+00 -4.6504e-02 9.5796e+00 
44.0 9.5779e+00 -6.0015e-01 0.0000e+00 0.0000e+00 -6.0015e-01 9.2070e+00 0.0000e+00 0.0000e+00 0.0000e+00 0.0000e+00 9.0320e+00 6.2925e-02 0.0000e+00 0.0000e+00 -6.2925e-02 9.0882e+00 
45.0 9.1341e+00 -6.0920e-01 0.0000e+00 0.0000e+00 -6.0920e-01 8.7630e+00 0.0000e+00 0.0000e+00 0.0000e+00 0.0000e+00 8.5640e+00 7.8399e-02 0.0000e+00 0.0000e+00 -7.8399e-02 8.6241e+00 
46.0 8.7153e+00 -6.1803e-01 0.0000e+00 0.0000e+00 -6.1803e-01 8.3439e+00 0.0000e+00 0.0000e+00 0.0000e+00 0.0000e+00 8.1216e+00 9.3105e-02 0.0000e+00 0.0000e+00 -9.3105e-02 8.1853e+00 
47.0 8.3197e+00 -6.2658e-01 0.0000e+00 0.0000e+00 -6.2658e-01 7.9481e+00 0.0000e+00 0.0000e+00 0.0000e+00 0.0000e+00 7.7030e+00 1.0720e-01 0.0000e+00 0.0000e+00 -1.0720e-01 7.7704e+00 
48.0 7.9459e+00 -6.3485e-01 0.0000e+00 0.0000e+00 -6.3485e-01 7.5743e+00 0.0000e+00 0.0000e+00 0.0000e+00 0.0000e+00 7.3069e+00 1.2080e-01 0.0000e+00 0.0000e+00 -1.2080e-01 7.3778e+00 
49.0 7.5929e+00 -6.4281e-01 0.0000e+00 0.0000e+00 -6.4281e-01 7.2213e+00 0.0000e+00 0.0000e+00 0.0000e+00 0.0000e+00 6.9322e+00 1.3394e-01 0.0000e+00 0.0000e+00 -1.3394e-01 7.0065e+00 
50.0 7.2593e+00 -6.5044e-01 0.0000e+00 0.0000e+00 -6.5044e-01 6.8877e+00 0.0000e+00 0.0000e+00 0.0000e+00 0.0000e+00 6.5775e+00 1.4668e-01 0.0000e+00 0.0000e+00 -1.4668e-01 6.6551e+00 
51.0 6.9442e+00 -6.5770e-01 0.0000e+00 0.0000e+00 -6.5770e-01 6.5727e+00 0.0000e+00 0.0000e+00 0.0000e+00 0.0000e+00 6.2417e+00 1.5907e-01 0.0000e+00 0.0000e+00 -1.5907e-01 6.3226e+00 
52.0 6.6464e+00 -6.6460e-01 0.0000e+00 0.0000e+00 -6.6460e-01 6.2750e+00 0.0000e+00 0.0000e+00 0.0000e+00 0.0000e+00 5.9237e+00 1.7125e-01 0.0000e+00 0.0000e+00 -1.7125e-01 6.0077e+00 
53.0 6.3651e+00 -6.7115e-01 0.0000e+00 0.0000e+00 -6.7115e-01 5.9938e+00 0.0000e+00 0.0000e+00 0.0000e+00 0.0000e+00 5.6225e+00 1.8329e-01 0.0000e+00 0.0000e+00 -1.8329e-01 5.7097e+00 
54.0 6.0995e+00 -6.7741e-01 0.0000e+00 0.0000e+00 -6.7741e-01 5.7283e+00 0.0000e+00 0.0000e+00 0.0000e+00 0.0000e+00 5.3373e+00 1.9526e-01 0.0000e+00 0.0000e+00 -1.9526e-01 5.4276e+00 
55.0 5.8487e+00 -6.8340e-01 0.0000e+00 0.0000e+00 -6.8340e-01 5.4777e+00 0.0000e+00 0.0000e+00 0.0000e+00 0.0000e+00 5.0673e+00 2.0715e-01 0.0000e+00 0.0000e+00 -2.0715e-01 5.1607e+00 
56.0 5.6121e+00 -6.8912e-01 0.0000e+00 0.0000e+00 -6.8912e-01 5.2412e+00 0.0000e+00 0.0000e+00 0.0000e+00 0.0000e+00 4.8116e+00 2.1893e-01 0.0000e+00 0.0000e+00 -2.1893e-01 4.9080e+00 
57.0 5.3888e+00 -6.9453e-01 0.0000e+00 0.0000e+00 -6.9453e-01 5.0180e+00 0.0000e+00 0.0000e+00 0.0000e+00 0.0000e+00 4.5695e+00 2.3055e-01 0.0000e+00 0.0000e+00 -2.3055e-01 4.6689e+00 
58.0 5.1780e+00 -6.9960e-01 0.0000e+00 0.0000e+00 -6.9960e-01 4.8073e+00 0.0000e+00 0.0000e+00 0.0000e+00 0.0000e+00 4.3399e+00 2.4204e-01 0.0000e+00 0.0000e+00 -2.4204e-01 4.4423e+00 
59.0 4.9789e+00 -7.0432e-01 0.0000e+00 0.0000e+00 -7.0432e-01 4.6083e+00 0.0000e+00 0.0000e+00 0.0000e+00 0.0000e+00 4.1223e+00 2.5340e-01 0.0000e+00 0.0000e+00 -2.5340e-01 4.2277e+00 
60.0 4.7910e+00 -7.0871e-01 0.0000e+00 0.0000e+00 -7.0871e-01 4.4204e+00 0.0000e+00 0.0000e+00 0.0000e+00 0.0000e+00 3.9160e+00 2.6465e-01 0.0000e+00 0.0000e+00 -2.6465e-01 4.0244e+00 
61.0 4.6136e+00 -7.1280e-01 0.0000e+00 0.0000e+00 -7.1280e-01 4.2430e+00 0.0000e+00 0.0000e+00 0.0000e+00 0.0000e+00 3.7203e+00 2.7579e-01 0.0000e+00 0.0000e+00 -2.7579e-01 3.8317e+00 
62.0 4.4461e+00 -7.1659e-01 0.0000e+00 0.0000e+00 -7.1659e-01 4.0755e+00 0.0000e+00 0.0000e+00 0.0000e+00 0.0000e+00 3.5346e+00 2.8679e-01 0.0000e+00 0.0000e+00 -2.8679e-01 3.6491e+00 
63.0 4.2880e+00 -7.2009e-01 0.0000e+00 0.0000e+00 -7.2009e-01 3.9174e+00 0.0000e+00 0.0000e+00 0.0000e+00 0.0000e+00 3.3585e+00 2.9760e-01 0.0000e+00 0.0000e+00 -2.9760e-01 3.4760e+00 
64.0 4.1388e+00 -7.2331e-01 0.0000e+00 0.0000e+00 -7.2331e-01 3.7680e+00 0.0000e+00 0.0000e+00 0.0000e+00 0.0000e+00 3.1914e+00 3.0818e-01 0.0000e+00 0.0000e+00 -3.0818e-01 3.3120e+00 
65.0 3.9978e+00 -7.2623e-01 0.0000e+00 0.0000e+00 -7.2623e-01 3.6269e+00 0.0000e+00 0.0000e+00 0.0000e+00 0.0000e+00 3.0327e+00 3.1847e-01 0.0000e+00 0.0000e+00 -3.1847e-01 3.1564e+00 
66.0 3.8647e+00 -7.2887e-01 0.0000e+00 0.0000e+00 -7.2887e-01 3.4936e+00 0.0000e+00 0.0000e+00 0.0000e+00 0.0000e+00 2.8820e+00 3.2841e-01 0.0000e+00 0.0000e+00 -3.2841e-01 3.0089e+00 
67.0 3.7388e+00 -7.3120e-01 0.0000e+00 0.0000e+00 -7.3120e-01 3.3674e+00 0.0000e+00 0.0000e+00 0.0000e+00 0.0000e+00 2.7387e+00 3.3794e-01 0.0000e+00 0.0000e+00 -3.3794e-01 2.8688e+00 
68.0 3.6197e+00 -7.3319e-01 0.0000e+00 0.0000e+00 -7.3319e-01 3.2481e+00 0.0000e+00 0.0000e+00 0.0000e+00 0.0000e+00 2.6025e+00 3.4703e-01 0.0000e+00 0.0000e+00 -3.4703e-01 2.7358e+00 
69.0 3.5069e+00 -7.3484e-01 0.0000e+00 0.0000e+00 -7.3484e-01 3.1350e+00 0.0000e+00 0.0000e+00 0.0000e+00 0.0000e+00 2.4727e+00 3.5563e-01 0.0000e+00 0.0000e+00 -3.5563e-01 2.6094e+00 
70.0 3.4000e+00 -7.3613e-01 0.0000e+00 0.0000e+00 -7.3613e-01 3.0279e+00 0.0000e+00 0.0000e+00 0.0000e+00 0.0000e+00 2.3491e+00 3.6372e-01 0.0000e+00 0.0000e+00 -3.6372e-01 2.4891e+00 
71.0 3.2987e+00 -7.3704e-01 0.0000e+00 0.0000e+00 -7.3704e-01 2.9262e+00 0.0000e+00 0.0000e+00 0.0000e+00 0.0000e+00 2.2313e+00 3.7129e-01 0.0000e+00 0.0000e+00 -3.7129e-01 2.3746e+00 
72.0 3.2026e+00 -7.3755e-01 0.0000e+00 0.0000e+00 -7.3755e-01 2.8297e+00 0.0000e+00 0.0000e+00 0.0000e+00 0.0000e+00 2.1189e+00 3.7829e-01 0.0000e+00 0.0000e+00 -3.7829e-01 2.2655e+00 
73.0 3.1112e+00 -7.3766e-01 0.0000e+00 0.0000e+00 -7.3766e-01 2.7381e+00 0.0000e+00 0.0000e+00 0.0000e+00 0.0000e+00 2.0116e+00 3.8473e-01 0.0000e+00 0.0000e+00 -3.8473e-01 2.1616e+00 
74.0 3.0245e+00 -7.3736e-01 0.0000e+00 0.0000e+00 -7.3736e-01 2.6510e+00 0.0000e+00 0.0000e+00 0.0000e+00 0.0000e+00 1.9091e+00 3.9055e-01 0.0000e+00 0.0000e+00 -3.9055e-01 2.0624e+00 
75.0 2.9419e+00 -7.3661e-01 0.0000e+00 0.0000e+00 -7.3661e-01 2.5682e+00 0.0000e+00 0.0000e+00 0.0000e+00 0.0000e+00 1.8111e+00 3.9576e-01 0.0000e+00 0.0000e+00 -3.9576e-01 1.9678e+00 
76.0 2.8633e+00 -7.3542e-01 0.0000e+00 0.0000e+00 -7.3542e-01 2.4893e+00 0.0000e+00 0.0000e+00 0.0000e+00 0.0000e+00 1.7173e+00 4.0037e-01 0.0000e+00 0.0000e+00 -4.0037e-01 1.8774e+00 
77.0 2.7884e+00 -7.3375e-01 0.0000e+00 0.0000e+00 -7.3375e-01 2.4142e+00 0.0000e+00 0.0000e+00 0.0000e+00 0.0000e+00 1.6275e+00 4.0438e-01 0.0000e+00 0.0000e+00 -4.0438e-01 1.7910e+00 
78.0 2.7170e+00 -7.3162e-01 0.0000e+00 0.0000e+00 -7.3162e-01 2.3426e+00 0.0000e+00 0.0000e+00 0.0000e+00 0.0000e+00 1.5415e+00 4.0784e-01 0.0000e+00 0.0000e+00 -4.0784e-01 1.7082e+00 
79.0 2.6490e+00 -7.2902e-01 0.0000e+00 0.0000e+00 -7.2902e-01 2.2744e+00 0.0000e+00 0.0000e+00 0.0000e+00 0.0000e+00 1.4590e+00 4.1079e-01 0.0000e+00 0.0000e+00 -4.1079e-01 1.6290e+00 
80.0 2.5841e+00 -7.2596e-01 0.0000e+00 0.0000e+00 -7.2596e-01 2.2094e+00 0.0000e+00 0.0000e+00 0.0000e+00 0.0000e+00 1.3798e+00 4.1326e-01 0.0000e+00 0.0000e+00 -4.1326e-01 1.5531e+00 
81.0 2.5221e+00 -7.2247e-01 0.0000e+00 0.0000e+00 -7.2247e-01 2.1474e+00 0.0000e+00 0.0000e+00 0.0000e+00 0.0000e+00 1.3038e+00 4.1528e-01 0.0000e+00 0.0000e+00 -4.1528e-01 1.4803e+00 
82.0 2.4630e+00 -7.1857e-01 0.0000e+00 0.0000e+00 -7.1857e-01 2.0882e+00 0.0000e+00 0.0000e+00 0.0000e+00 0.0000e+00 1.2308e+00 4.1688e-01 0.0000e+00 0.0000e+00 -4.1688e-01 1.4105e+00 
83.0 2.4066e+00 -7.1428e-01 0.0000e+00 0.0000e+00 -7.1428e-01 2.0318e+00 0.0000e+00 0.0000e+00 0.0000e+00 0.0000e+00 1.1606e+00 4.1807e-01 0.0000e+00 0.0000e+00 -4.1807e-01 1.3436e+00 
84.0 2.3528e+00 -7.0960e-01 0.0000e+00 0.0000e+00 -7.0960e-01 1.9780e+00 0.0000e+00 0.0000e+00 0.0000e+00 0.0000e+00 1.0932e+00 4.1886e-01 0.0000e+00 0.0000e+00 -4.1886e-01 1.2793e+00 
85.0 2.3013e+00 -7.0455e-01 0.0000e+00 0.0000e+00 -7.0455e-01 1.9266e+00 0.0000e+00 0.0000e+00 0.0000e+00 0.0000e+00 1.0283e+00 4.1927e-01 0.0000e+00 0.0000e+00 -4.1927e-01 1.2175e+00 
86.0 2.2522e+00 -6.9914e-01 0.0000e+00 0.0000e+00 -6.9914e-01 1.8775e+00 0.0000e+00 0.0000e+00 0.0000e+00 0.0000e+00 9.6588e-01 4.1931e-01 0.0000e+00 0.0000e+00 -4.1931e-01 1.1582e+00 
87.0 2.2052e+00 -6.9337e-01 0.0000e+00 0.0000e+00 -6.9337e-01 1.8306e+00 0.0000e+00 0.0000e+00 0.0000e+00 0.0000e+00 9.0572e-01 4.1900e-01 0.0000e+00 0.0000e+00 -4.1900e-01 1.1011e+00 
88.0 2.1604e+00 -6.8726e-01 0.0000e+00 0.0000e+00 -6.8726e-01 1.7858e+00 0.0000e+00 0.0000e+00 0.0000e+00 0.0000e+00 8.4772e-01 4.1835e-01 0.0000e+00 0.0000e+00 -4.1835e-01 1.0462e+00 
89.0 2.1175e+00 -6.8081e-01 0.0000e+00 0.0000e+00 -6.8081e-01 1.7430e+00 0.0000e+00 0.0000e+00 0.0000e+00 0.0000e+00 7.9179e-01 4.1738e-01 0.0000e+00 0.0000e+00 -4.1738e-01 9.9330e-01 
90.0 2.0765e+00 -6.7405e-01 0.0000e+00 0.0000e+00 -6.7405e-01 1.7020e+00 0.0000e+00 0.0000e+00 0.0000e+00 0.0000e+00 7.3780e-01 4.1611e-01 0.0000e+00 0.0000e+00 -4.1611e-01 9.4236e-01 
91.0 2.0373e+00 -6.6697e-01 0.0000e+00 0.0000e+00 -6.6697e-01 1.6628e+00 0.0000e+00 0.0000e+00 0.0000e+00 0.0000e+00 6.8568e-01 4.1456e-01 0.0000e+00 0.0000e+00 -4.1456e-01 8.9326e-01 
92.0 1.9998e+00 -6.5960e-01 0.0000e+00 0.0000e+00 -6.5960e-01 1.6253e+00 0.0000e+00 0.0000e+00 0.0000e+00 0.0000e+00 6.3531e-01 4.1273e-01 0.0000e+00 0.0000e+00 -4.1273e-01 8.4591e-01 
93.0 1.9639e+00 -6.5195e-01 0.0000e+00 0.0000e+00 -6.5195e-01 1.5894e+00 0.0000e+00 0.0000e+00 0.0000e+00 0.0000e+00 5.8662e-01 4.1064e-01 0.0000e+00 0.0000e+00 -4.1064e-01 8.0022e-01 
94.0 1.9296e+00 -6.4402e-01 0.0000e+00 0.0000e+00 -6.4402e-01 1.5551e+00 0.0000e+00 0.0000e+00 0.0000e+00 0.0000e+00 5.3953e-01 4.0831e-01 0.0000e+00 0.0000e+00 -4.0831e-01 7.5609e-01 
95.0 1.8968e+00 -6.3584e-01 0.0000e+00 0.0000e+00 -6.3584e-01 1.5222e+00 0.0000e+00 0.0000e+00 0.0000e+00 0.0000e+00 4.9395e-01 4.0573e-01 0.0000e+00 0.0000e+00 -4.0573e-01 7.1345e-01 
96.0 1.8654e+00 -6.2742e-01 0.0000e+00 0.0000e+00 -6.2742e-01 1.4907e+00 0.0000e+00 0.0000e+00 0.0000e+00 0.0000e+00 4.4983e-01 4.0292e-01 0.0000e+00 0.0000e+00 -4.0292e-01 6.7221e-01 
97.0 1.8353e+00 -6.1876e-01 0.0000e+00 0.0000e+00 -6.1876e-01 1.4606e+00 0.0000e+00 0.0000e+00 0.0000e+00 0.0000e+00 4.0708e-01 3.9988e-01 0.0000e+00 0.0000e+00 -3.9988e-01 6.3230e-01 
98.0 1.8065e+00 -6.0986e-01 0.0000e+00 0.0000e+00 -6.0986e-01 1.4318e+00 0.0000e+00 0.0000e+00 0.0000e+00 0.0000e+00 3.6566e-01 3.9663e-01 0.0000e+00 0.0000e+00 -3.9663e-01 5.9363e-01 
99.0 1.7790e+00 -6.0073e-01 0.0000e+00 0.0000e+00 -6.0073e-01 1.4043e+00 0.0000e+00 0.0000e+00 0.0000e+00 0.0000e+00 3.2551e-01 3.9319e-01 0.0000e+00 0.0000e+00 -3.9319e-01 5.5615e-01 
100.0 1.7526e+00 -5.9138e-01 0.0000e+00 0.0000e+00 -5.9138e-01 1.3780e+00 0.0000e+00 0.0000e+00 0.0000e+00 0.0000e+00 2.8658e-01 3.8957e-01 0.0000e+00 0.0000e+00 -3.8957e-01 5.1979e-01 
101.0 1.7274e+00 -5.8182e-01 0.0000e+00 0.0000e+00 -5.8182e-01 1.3529e+00 0.0000e+00 0.0000e+00 0.0000e+00 0.0000e+00 2.4882e-01 3.8580e-01 0.0000e+00 0.0000e+00 -3.8580e-01 4.8449e-01 
102.0 1.7033e+00 -5.7206e-01 0.0000e+00 0.0000e+00 -5.7206e-01 1.3289e+00 0.0000e+00 0.0000e+00 0.0000e+00 0.0000e+00 2.1218e-01 3.8190e-01 0.0000e+00 0.0000e+00 -3.8190e-01 4.5021e-01 
103.0 1.6802e+00 -5.6209e-01 0.0000e+00 0.0000e+00 -5.6209e-01 1.3061e+00 0.0000e+00 0.0000e+00 0.0000e+00 0.0000e+00 1.7664e-01 3.7787e-01 0.0000e+00 0.0000e+00 -3.7787e-01 4.1690e-01 
104.0 1.6581e+00 -5.5193e-01 0.0000e+00 0.0000e+00 -5.5193e-01 1.2843e+00 0.0000e+00 0.0000e+00 0.0000e+00 0.0000e+00 1.4214e-01 3.7375e-01 0.0000e+00 0.0000e+00 -3.7375e-01 3.8451e-01 
105.0 1.6371e+00 -5.4157e-01 0.0000e+00 0.0000e+00 -5.4157e-01 1.2636e+00 0.0000e+00 0.0000e+00 0.0000e+00 0.0000e+00 1.0864e-01 3.6953e-01 0.0000e+00 0.0000e+00 -3.6953e-01 3.5302e-01 
106.0 1.6170e+00 -5.3103e-01 0.0000e+00 0.0000e+00 -5.3103e-01 1.2439e+00 0.0000e+00 0.0000e+00 0.0000e+00 0.0000e+00 7.6124e-02 3.6525e-01 0.0000e+00 0.0000e+00 -3.6525e-01 3.2239e-01 
107.0 1.5978e+00 -5.2029e-01 0.0000e+00 0.0000e+00 -5.2029e-01 1.2252e+00 0.0000e+00 0.0000e+00 0.0000e+00 0.0000e+00 4.4542e-02 3.6091e-01 0.0000e+00 0.0000e+00 -3.6091e-01 2.9259e-01 
108.0 1.5796e+00 -5.0936e-01 0.0000e+00 0.0000e+00 -5.0936e-01 1.2074e+00 0.0000e+00 0.0000e+00 0.0000e+00 0.0000e+00 1.3866e-02 3.5654e-01 0.0000e+00 0.0000e+00 -3.5654e-01 2.6360e-01 
109.0 1.5622e+00 -4.9824e-01 0.0000e+00 0.0000e+00 -4.9824e-01 1.1906e+00 0.0000e+00 0.0000e+00 0.0000e+00 0.0000e+00 -1.5940e-02 3.5215e-01 0.0000e+00 0.0000e+00 -3.5215e-01 2.3539e-01 
110.0 1.5458e+00 -4.8696e-01 0.0000e+00 0.0000e+00 -4.8696e-01 1.1746e+00 0.0000e+00 0.0000e+00 0.0000e+00 0.0000e+00 -4.4907e-02 3.4777e-01 0.0000e+00 0.0000e+00 -3.4777e-01 2.0793e-01 
111.0 1.5301e+00 -4.7551e-01 0.0000e+00 0.0000e+00 -4.7551e-01 1.1595e+00 0.0000e+00 0.0000e+00 0.0000e+00 0.0000e+00 -7.3066e-02 3.4339e-01 0.0000e+00 0.0000e+00 -3.4339e-01 1.8121e-01 
112.0 1.5153e+00 -4.6394e-01 0.0000e+00 0.0000e+00 -4.6394e-01 1.1452e+00 0.0000e+00 0.0000e+00 0.0000e+00 0.0000e+00 -1.0045e-01 3.3904e-01 0.0000e+00 0.0000e+00 -3.3904e-01 1.5520e-01 
113.0 1.5012e+00 -4.5224e-01 0.0000e+00 0.0000e+00 -4.5224e-01 1.1317e+00 0.0000e+00 0.0000e+00 0.0000e+00 0.0000e+00 -1.2708e-01 3.3471e-01 0.0000e+00 0.0000e+00 -3.3471e-01 1.2987e-01 
114.0 1.4879e+00 -4.4044e-01 0.0000e+00 0.0000e+00 -4.4044e-01 1.1189e+00 0.0000e+00 0.0000e+00 0.0000e+00 0.0000e+00 -1.5300e-01 3.3041e-01 0.0000e+00 0.0000e+00 -3.3041e-01 1.0520e-01 
115.0 1.4752e+00 -4.2856e-01 0.0000e+00 0.0000e+00 -4.2856e-01 1.1068e+00 0.0000e+00 0.0000e+00 0.0000e+00 0.0000e+00 -1.7821e-01 3.2614e-01 0.0000e+00 0.0000e+00 -3.2614e-01 8.1162e-02 
116.0 1.4633e+00 -4.1662e-01 0.0000e+00 0.0000e+00 -4.1662e-01 1.0954e+00 0.0000e+00 0.0000e+00 0.0000e+00 0.0000e+00 -2.0275e-01 3.2190e-01 0.0000e+00 0.0000e+00 -3.2190e-01 5.7750e-02 
117.0 1.4520e+00 -4.0463e-01 0.0000e+00 0.0000e+00 -4.0463e-01 1.0846e+00 0.0000e+00 0.0000e+00 0.0000e+00 0.0000e+00 -2.2663e-01 3.1771e-01 0.0000e+00 0.0000e+00 -3.1771e-01 3.4943e-02 
118.0 1.4413e+00 -3.9260e-01 0.0000e+00 0.0000e+00 -3.9260e-01 1.0745e+00 0.0000e+00 0.0000e+00 0.0000e+00 0.0000e+00 -2.4985e-01 3.1357e-01 0.0000e+00 0.0000e+00 -3.1357e-01 1.2735e-02 
119.0 1.4313e+00 -3.8055e-01 0.0000e+00 0.0000e+00 -3.8055e-01 1.0650e+00 0.0000e+00 0.0000e+00 0.0000e+00 0.0000e+00 -2.7244e-01 3.0948e-01 0.0000e+00 0.0000e+00 -3.0948e-01 -8.8849e-03 
120.0 1.4219e+00 -3.6852e-01 0.0000e+00 0.0000e+00 -3.6852e-01 1.0561e+00 0.0000e+00 0.0000e+00 0.0000e+00 0.0000e+00 -2.9442e-01 3.0545e-01 0.0000e+00 0.0000e+00 -3.0545e-01 -2.9931e-02 
121.0 1.4131e+00 -3.5651e-01 0.0000e+00 0.0000e+00 -3.5651e-01 1.0478e+00 0.0000e+00 0.0000e+00 0.0000e+00 0.0000e+00 -3.1581e-01 3.0145e-01 0.0000e+00 0.0000e+00 -3.0145e-01 -5.0413e-02 
122.0 1.4048e+00 -3.4457e-01 0.0000e+00 0.0000e+00 -3.4457e-01 1.0400e+00 0.0000e+00 0.0000e+00 0.0000e+00 0.0000e+00 -3.3664e-01 2.9744e-01 0.0000e+00 0.0000e+00 -2.9744e-01 -7.0342e-02 
123.0 1.3970e+00 -3.3270e-01 0.0000e+00 0.0000e+00 -3.3270e-01 1.0326e+00 0.0000e+00 0.0000e+00 0.0000e+00 0.0000e+00 -3.5693e-01 2.9340e-01 0.0000e+00 0.0000e+00 -2.9340e-01 -8.9735e-02 
124.0 1.3897e+00 -3.2090e-01 0.0000e+00 0.0000e+00 -3.2090e-01 1.0256e+00 0.0000e+00 0.0000e+00 0.0000e+00 0.0000e+00 -3.7671e-01 2.8929e-01 0.0000e+00 0.0000e+00 -2.8929e-01 -1.0861e-01 
125.0 1.3828e+00 -3.0918e-01 0.0000e+00 0.0000e+00 -3.0918e-01 1.0191e+00 0.0000e+00 0.0000e+00 0.0000e+00 0.0000e+00 -3.9599e-01 2.8511e-01 0.0000e+00 0.0000e+00 -2.8511e-01 -1.2699e-01 
126.0 1.3764e+00 -2.9754e-01 0.0000e+00 0.0000e+00 -2.9754e-01 1.0129e+00 0.0000e+00 0.0000e+00 0.0000e+00 0.0000e+00 -4.1481e-01 2.8084e-01 0.0000e+00 0.0000e+00 -2.8084e-01 -1.4488e-01 
127.0 1.3704e+00 -2.8598e-01 0.0000e+00 0.0000e+00 -2.8598e-01 1.0072e+00 0.0000e+00 0.0000e+00 0.0000e+00 0.0000e+00 -4.3317e-01 2.7647e-01 0.0000e+00 0.0000e+00 -2.7647e-01 -1.6232e-01 
128.0 1.3648e+00 -2.7452e-01 0.0000e+00 0.0000e+00 -2.7452e-01 1.0018e+00 0.0000e+00 0.0000e+00 0.0000e+00 0.0000e+00 -4.5110e-01 2.7200e-01 0.0000e+00 0.0000e+00 -2.7200e-01 -1.7932e-01 
129.0 1.3596e+00 -2.6314e-01 0.0000e+00 0.0000e+00 -2.6314e-01 9.9669e-01 0.0000e+00 0.0000e+00 0.0000e+00 0.0000e+00 -4.6863e-01 2.6738e-01 0.0000e+00 0.0000e+00 -2.6738e-01 -1.9592e-01 
130.0 1.3548e+00 -2.5185e-01 0.0000e+00 0.0000e+00 -2.5185e-01 9.9193e-01 0.0000e+00 0.0000e+00 0.0000e+00 0.0000e+00 -4.8579e-01 2.6262e-01 0.0000e+00 0.0000e+00 -2.6262e-01 -2.1215e-01 
131.0 1.3503e+00 -2.4061e-01 0.0000e+00 0.0000e+00 -2.4061e-01 9.8749e-01 0.0000e+00 0.0000e+00 0.0000e+00 0.0000e+00 -5.0260e-01 2.5772e-01 0.0000e+00 0.0000e+00 -2.5772e-01 -2.2803e-01 
132.0 1.3463e+00 -2.2942e-01 0.0000e+00 0.0000e+00 -2.2942e-01 9.8341e-01 0.0000e+00 0.0000e+00 0.0000e+00 0.0000e+00 -5.1909e-01 2.5271e-01 0.0000e+00 0.0000e+00 -2.5271e-01 -2.4357e-01 
133.0 1.3426e+00 -2.1827e-01 0.0000e+00 0.0000e+00 -2.1827e-01 9.7969e-01 0.0000e+00 0.0000e+00 0.0000e+00 0.0000e+00 -5.3526e-01 2.4765e-01 0.0000e+00 0.0000e+00 -2.4765e-01 -2.5880e-01 
134.0 1.3394e+00 -2.0717e-01 0.0000e+00 0.0000e+00 -2.0717e-01 9.7637e-01 0.0000e+00 0.0000e+00 0.0000e+00 0.0000e+00 -5.5113e-01 2.4254e-01 0.0000e+00 0.0000e+00 -2.4254e-01 -2.7373e-01 
135.0 1.3367e+00 -1.9613e-01 0.0000e+00 0.0000e+00 -1.9613e-01 9.7347e-01 0.0000e+00 0.0000e+00 0.0000e+00 0.0000e+00 -5.6670e-01 2.3742e-01 0.0000e+00 0.0000e+00 -2.3742e-01 -2.8837e-01 
136.0 1.3344e+00 -1.8516e-01 0.0000e+00 0.0000e+00 -1.8516e-01 9.7098e-01 0.0000e+00 0.0000e+00 0.0000e+00 0.0000e+00 -5.8197e-01 2.3229e-01 0.0000e+00 0.0000e+00 -2.3229e-01 -3.0273e-01 
137.0 1.3326e+00 -1.7426e-01 0.0000e+00 0.0000e+00 -1.7426e-01 9.6894e-01 0.0000e+00 0.0000e+00 0.0000e+00 0.0000e+00 -5.9695e-01 2.2714e-01 0.0000e+00 0.0000e+00 -2.2714e-01 -3.1682e-01 
138.0 1.3313e+00 -1.6344e-01 0.0000e+00 0.0000e+00 -1.6344e-01 9.6736e-01 0.0000e+00 0.0000e+00 0.0000e+00 0.0000e+00 -6.1163e-01 2.2199e-01 0.0000e+00 0.0000e+00 -2.2199e-01 -3.3066e-01 
139.0 1.3305e+00 -1.5269e-01 0.0000e+00 0.0000e+00 -1.5269e-01 9.6629e-01 0.0000e+00 0.0000e+00 0.0000e+00 0.0000e+00 -6.2602e-01 2.1687e-01 0.0000e+00 0.0000e+00 -2.1687e-01 -3.4427e-01 
140.0 1.3301e+00 -1.4201e-01 0.0000e+00 0.0000e+00 -1.4201e-01 9.6576e-01 0.0000e+00 0.0000e+00 0.0000e+00 0.0000e+00 -6.4012e-01 2.1182e-01 0.0000e+00 0.0000e+00 -2.1182e-01 -3.5765e-01 
141.0 1.3303e+00 -1.3142e-01 0.0000e+00 0.0000e+00 -1.3142e-01 9.6580e-01 0.0000e+00 0.0000e+00 0.0000e+00 0.0000e+00 -6.5393e-01 2.0687e-01 0.0000e+00 0.0000e+00 -2.0687e-01 -3.7082e-01 
142.0 1.3310e+00 -1.2091e-01 0.0000e+00 0.0000e+00 -1.2091e-01 9.6639e-01 0.0000e+00 0.0000e+00 0.0000e+00 0.0000e+00 -6.6743e-01 2.0203e-01 0.0000e+00 0.0000e+00 -2.0203e-01 -3.8377e-01 
143.0 1.3322e+00 -1.1049e-01 0.0000e+00 0.0000e+00 -1.1049e-01 9.6756e-01 0.0000e+00 0.0000e+00 0.0000e+00 0.0000e+00 -6.8064e-01 1.9734e-01 0.0000e+00 0.0000e+00 -1.9734e-01 -3.9651e-01 
144.0 1.3339e+00 -1.0015e-01 0.0000e+00 0.0000e+00 -1.0015e-01 9.6927e-01 0.0000e+00 0.0000e+00 0.0000e+00 0.0000e+00 -6.9355e-01 1.9278e-01 0.0000e+00 0.0000e+00 -1.9278e-01 -4.0902e-01 
145.0 1.3360e+00 -8.9888e-02 0.0000e+00 0.0000e+00 -8.9888e-02 9.7149e-01 0.0000e+00 0.0000e+00 0.0000e+00 0.0000e+00 -7.0618e-01 1.8836e-01 0.0000e+00 0.0000e+00 -1.8836e-01 -4.2132e-01 
146.0 1.3387e+00 -7.9720e-02 0.0000e+00 0.0000e+00 -7.9720e-02 9.7415e-01 0.0000e+00 0.0000e+00 0.0000e+00 0.0000e+00 -7.1855e-01 1.8400e-01 0.0000e+00 0.0000e+00 -1.8400e-01 -4.3341e-01 
147.0 1.3417e+00 -6.9646e-02 0.0000e+00 0.0000e+00 -6.9646e-02 9.7724e-01 0.0000e+00 0.0000e+00 0.0000e+00 0.0000e+00 -7.3068e-01 1.7968e-01 0.0000e+00 0.0000e+00 -1.7968e-01 -4.4528e-01 
148.0 1.3453e+00 -5.9649e-02 0.0000e+00 0.0000e+00 -5.9649e-02 9.8078e-01 0.0000e+00 0.0000e+00 0.0000e+00 0.0000e+00 -7.4257e-01 1.7539e-01 0.0000e+00 0.0000e+00 -1.7539e-01 -4.5692e-01 
149.0 1.3494e+00 -4.9702e-02 0.0000e+00 0.0000e+00 -4.9702e-02 9.8490e-01 0.0000e+00 0.0000e+00 0.0000e+00 0.0000e+00 -7.5422e-01 1.7121e-01 0.0000e+00 0.0000e+00 -1.7121e-01 -4.6834e-01 
150.0 1.3542e+00 -3.9782e-02 0.0000e+00 0.0000e+00 -3.9782e-02 9.8975e-01 0.0000e+00 0.0000e+00 0.0000e+00 0.0000e+00 -7.6559e-01 1.6723e-01 0.0000e+00 0.0000e+00 -1.6723e-01 -4.7951e-01 
151.0 1.3598e+00 -2.9888e-02 0.0000e+00 0.0000e+00 -2.9888e-02 9.9540e-01 0.0000e+00 0.0000e+00 0.0000e+00 0.0000e+00 -7.7665e-01 1.6348e-01 0.0000e+00 0.0000e+00 -1.6348e-01 -4.9042e-01 
152.0 1.3660e+00 -2.0038e-02 0.0000e+00 0.0000e+00 -2.0038e-02 1.0018e+00 0.0000e+00 0.0000e+00 0.0000e+00 0.0000e+00 -7.8734e-01 1.5992e-01 0.0000e+00 0.0000e+00 -1.5992e-01 -5.0107e-01 
153.0 1.3729e+00 -1.0252e-02 0.0000e+00 0.0000e+00 -1.0252e-02 1.0090e+00 0.0000e+00 0.0000e+00 0.0000e+00 0.0000e+00 -7.9766e-01 1.5642e-01 0.0000e+00 0.0000e+00 -1.5642e-01 -5.1148e-01 
154.0 1.3804e+00 -5.2672e-04 0.0000e+00 0.0000e+00 -5.2672e-04 1.0167e+00 0.0000e+00 0.0000e+00 0.0000e+00 0.0000e+00 -8.0761e-01 1.5282e-01 0.0000e+00 0.0000e+00 -1.5282e-01 -5.2170e-01 
155.0 1.3883e+00 9.1605e-03 0.0000e+00 0.0000e+00 9.1605e-03 1.0252e+00 0.0000e+00 0.0000e+00 0.0000e+00 0.0000e+00 -8.1719e-01 1.4901e-01 0.0000e+00 0.0000e+00 -1.4901e-01 -5.3178e-01 
156.0 1.3967e+00 1.8821e-02 0.0000e+00 0.0000e+00 1.8821e-02 1.0344e+00 0.0000e+00 0.0000e+00 0.0000e+00 0.0000e+00 -8.2639e-01 1.4492e-01 0.0000e+00 0.0000e+00 -1.4492e-01 -5.4180e-01 
157.0 1.4055e+00 2.8406e-02 0.0000e+00 0.0000e+00 2.8406e-02 1.0445e+00 0.0000e+00 0.0000e+00 0.0000e+00 0.0000e+00 -8.3520e-01 1.4042e-01 0.0000e+00 0.0000e+00 -1.4042e-01 -5.5185e-01 
158.0 1.4145e+00 3.7760e-02 0.0000e+00 0.0000e+00 3.7760e-02 1.0552e+00 0.0000e+00 0.0000e+00 0.0000e+00 0.0000e+00 -8.4360e-01 1.3521e-01 0.0000e+00 0.0000e+00 -1.3521e-01 -5.6201e-01 
159.0 1.4231e+00 4.6642e-02 0.0000e+00 0.0000e+00 4.6642e-02 1.0660e+00 0.0000e+00 0.0000e+00 0.0000e+00 0.0000e+00 -8.5163e-01 1.2884e-01 0.0000e+00 0.0000e+00 -1.2884e-01 -5.7236e-01 
160.0 1.4308e+00 5.4800e-02 0.0000e+00 0.0000e+00 5.4800e-02 1.0764e+00 0.0000e+00 0.0000e+00 0.0000e+00 0.0000e+00 -8.5936e-01 1.2076e-01 0.0000e+00 0.0000e+00 -1.2076e-01 -5.8295e-01 
161.0 1.4373e+00 6.2040e-02 0.0000e+00 0.0000e+00 6.2040e-02 1.0859e+00 0.0000e+00 0.0000e+00 0.0000e+00 0.0000e+00 -8.6700e-01 1.1048e-01 0.0000e+00 0.0000e+00 -1.1048e-01 -5.9382e-01 
162.0 1.4427e+00 6.8227e-02 0.0000e+00 0.0000e+00 6.8227e-02 1.0942e+00 0.0000e+00 0.0000e+00 0.0000e+00 0.0000e+00 -8.7475e-01 9.7748e-02 0.0000e+00 0.0000e+00 -9.7748e-02 -6.0492e-01 
163.0 1.4470e+00 7.3227e-02 0.0000e+00 0.0000e+00 7.3227e-02 1.1014e+00 0.0000e+00 0.0000e+00 0.0000e+00 0.0000e+00 -8.8289e-01 8.2458e-02 0.0000e+00 0.0000e+00 -8.2458e-02 -6.1614e-01 
164.0 1.4507e+00 7.6884e-02 0.0000e+00 0.0000e+00 7.6884e-02 1.1075e+00 0.0000e+00 0.0000e+00 0.0000e+00 0.0000e+00 -8.9172e-01 6.4663e-02 0.0000e+00 0.0000e+00 -6.4663e-02 -6.2731e-01 
165.0 1.4544e+00 7.9043e-02 0.0000e+00 0.0000e+00 7.9043e-02 1.1124e+00 0.0000e+00 0.0000e+00 0.0000e+00 0.0000e+00 -9.0158e-01 4.4539e-02 0.0000e+00 0.0000e+00 -4.4539e-02 -6.3822e-01 
166.0 1.4588e+00 7.9564e-02 0.0000e+00 0.0000e+00 7.9564e-02 1.1168e+00 0.0000e+00 0.0000e+00 0.0000e+00 0.0000e+00 -9.1290e-01 2.2378e-02 0.0000e+00 0.0000e+00 -2.2378e-02 -6.4867e-01 
167.0 1.4650e+00 7.8300e-02 0.0000e+00 0.0000e+00 7.8300e-02 1.1209e+00 0.0000e+00 0.0000e+00 0.0000e+00 0.0000e+00 -9.2628e-01 -1.4308e-03 0.0000e+00 0.0000e+00 1.4308e-03 -6.5855e-01 
168.0 1.4740e+00 7.5071e-02 0.0000e+00 0.0000e+00 7.5071e-02 1.1253e+00 0.0000e+00 0.0000e+00 0.0000e+00 0.0000e+00 -9.4254e-01 -2.6418e-02 0.0000e+00 0.0000e+00 2.6418e-02 -6.6774e-01 
169.0 1.4871e+00 6.9650e-02 0.0000e+00 0.0000e+00 6.9650e-02 1.1301e+00 0.0000e+00 0.0000e+00 0.0000e+00 0.0000e+00 -9.6272e-01 -5.1971e-02 0.0000e+00 0.0000e+00 5.1971e-02 -6.7607e-01 
170.0 1.5062e+00 6.1817e-02 0.0000e+00 0.0000e+00 6.1817e-02 1.1359e+00 0.0000e+00 0.0000e+00 0.0000e+00 0.0000e+00 -9.8810e-01 -7.7168e-02 0.0000e+00 0.0000e+00 7.7168e-02 -6.8322e-01 
171.0 1.5339e+00 5.1542e-02 0.0000e+00 0.0000e+00 5.1542e-02 1.1435e+00 0.0000e+00 0.0000e+00 0.0000e+00 0.0000e+00 -1.0202e+00 -1.0037e-01 0.0000e+00 0.0000e+00 1.0037e-01 -6.8870e-01 
172.0 1.5737e+00 3.9216e-02 0.0000e+00 0.0000e+00 3.9216e-02 1.1547e+00 0.0000e+00 0.0000e+00 0.0000e+00 0.0000e+00 -1.0606e+00 -1.1881e-01 0.0000e+00 0.0000e+00 1.1881e-01 -6.9188e-01 
173.0 1.6300e+00 2.5869e-02 0.0000e+00 0.0000e+00 2.5869e-02 1.1721e+00 0.0000e+00 0.0000e+00 0.0000e+00 0.0000e+00 -1.1102e+00 -1.2864e-01 0.0000e+00 0.0000e+00 1.2864e-01 -6.9219e-01 
174.0 1.7062e+00 1.3209e-02 0.0000e+00 0.0000e+00 1.3209e-02 1.1987e+00 0.0000e+00 0.0000e+00 0.0000e+00 0.0000e+00 -1.1689e+00 -1.2591e-01 0.0000e+00 0.0000e+00 1.2591e-01 -6.8933e-01 
175.0 1.8023e+00 3.3014e-03 0.0000e+00 0.0000e+00 3.3014e-03 1.2362e+00 0.0000e+00 0.0000e+00 0.0000e+00 0.0000e+00 -1.2341e+00 -1.0844e-01 0.0000e+00 0.0000e+00 1.0844e-01 -6.8344e-01 
176.0 1.9109e+00 -2.1646e-03 0.0000e+00 0.0000e+00 -2.1646e-03 1.2826e+00 0.0000e+00 0.0000e+00 0.0000e+00 0.0000e+00 -1.3003e+00 -7.8044e-02 0.0000e+00 0.0000e+00 7.8044e-02 -6.7524e-01 
177.0 2.0162e+00 -2.9516e-03 0.0000e+00 0.0000e+00 -2.9516e-03 1.3305e+00 0.0000e+00 0.0000e+00 0.0000e+00 0.0000e+00 -1.3588e+00 -4.1909e-02 0.0000e+00 0.0000e+00 4.1909e-02 -6.6621e-01 
178.0 2.0951e+00 -1.1007e-03 0.0000e+00 0.0000e+00 -1.1007e-03 1.3680e+00 0.0000e+00 0.0000e+00 0.0000e+00 0.0000e+00 -1.3996e+00 -1.1896e-02 0.0000e+00 0.0000e+00 1.1896e-02 -6.5881e-01 
179.0 2.1249e+00 -1.5044e-20 0.0000e+00 0.0000e+00 -1.5044e-20 1.3825e+00 0.0000e+00 0.0000e+00 0.0000e+00 0.0000e+00 -1.4144e+00 -1.9611e-19 0.0000e+00 0.0000e+00 1.9611e-19 -6.5580e-01 
180.0 2.1556e+00 0.0000e+00 0.0000e+00 0.0000e+00 0.0000e+00 1.3968e+00 0.0000e+00 0.0000e+00 0.0000e+00 0.0000e+00 -1.4291e+00 0.0000e+00 0.0000e+00 0.0000e+00 -0.0000e+00 -6.5300e-01 
