1.4151 1.4334 0.0183 0.036335
theta s11 s12 s13 s14 s21 s22 s23 s24 s31 s32 s33 s34 s41 s42 s43 s44
0.0 2.9144e+03 0.0000e+00 0.0000e+00 0.0000e+00 0.0000e+00 2.9121e+03 0.0000e+00 0.0000e+00 0.0000e+00 0.0000e+00 2.9121e+03 0.0000e+00 0.0000e+00 0.0000e+00 -0.0000e+00 2.9099e+03 
1.0 2.5275e+03 -1.4210e-01 0.0000e+00 0.0000e+00 -1.4210e-01 2.5253e+03 0.0000e+00 0.0000e+00 0.0000e+00 0.0000e+00 2.5253e+03 -1.0038e+00 0.0000e+00 0.0000e+00 1.0038e+00 2.5231e+03 
2.0 1.8656e+03 -2.8316e-01 0.0000e+00 0.0000e+00 -2.8316e-01 1.8634e+03 0.0000e+00 0.0000e+00 0.0000e+00 0.0000e+00 1.8633e+03 -3.4352e+00 0.0000e+00 0.0000e+00 3.4352e+00 1.8612e+03 
3.0 1.3467e+03 -2.6396e-01 0.0000e+00 0.0000e+00 -2.6396e-01 1.3445e+03 0.0000e+00 0.0000e+00 0.0000e+00 0.0000e+00 1.3445e+03 -6.1196e+00 0.0000e+00 0.0000e+00 6.1196e+00 1.3424e+03 
4.0 9.9801e+02 -1.8162e-01 0.0000e+00 0.0000e+00 -1.8162e-01 9.9591e+02 0.0000e+00 0.0000e+00 0.0000e+00 0.0000e+00 9.9579e+02 -8.2332e+00 0.0000e+00 0.0000e+00 8.2332e+00 9.9385e+02 
5.0 7.6560e+02 -1.1321e-01 0.0000e+00 0.0000e+00 -1.1321e-01 7.6356e+02 0.0000e+00 0.0000e+00 0.0000e+00 0.0000e+00 7.6334e+02 -9.5818e+00 0.0000e+00 0.0000e+00 9.5818e+00 7.6152e+02 
6.0 6.0576e+02 -8.1826e-02 0.0000e+00 0.0000e+00 -8.1826e-02 6.0377e+02 0.0000e+00 0.0000e+00 0.0000e+00 0.0000e+00 6.0346e+02 -1.0290e+01 0.0000e+00 0.0000e+00 1.0290e+01 6.0175e+02 
7.0 4.9171e+02 -9.2643e-02 0.0000e+00 0.0000e+00 -9.2643e-02 4.8976e+02 0.0000e+00 0.0000e+00 0.0000e+00 0.0000e+00 4.8935e+02 -1.0523e+01 0.0000e+00 0.0000e+00 1.0523e+01 4.8775e+02 
8.0 4.0769e+02 -1.4473e-01 0.0000e+00 0.0000e+00 -1.4473e-01 4.0577e+02 0.0000e+00 0.0000e+00 0.0000e+00 0.0000e+00 4.0527e+02 -1.0418e+01 0.0000e+00 0.0000e+00 1.0418e+01 4.0375e+02 
9.0 3.4420e+02 -2.3172e-01 0.0000e+00 0.0000e+00 -2.3172e-01 3.4229e+02 0.0000e+00 0.0000e+00 0.0000e+00 0.0000e+00 3.4171e+02 -1.0077e+01 0.0000e+00 0.0000e+00 1.0077e+01 3.4028e+02 
10.0 2.9527e+02 -3.4346e-01 0.0000e+00 0.0000e+00 -3.4346e-01 2.9337e+02 0.0000e+00 0.0000e+00 0.0000e+00 0.0000e+00 2.9271e+02 -9.5764e+00 0.0000e+00 0.0000e+00 9.5764e+00 2.9135e+02 
11.0 2.5698e+02 -4.6822e-01 0.0000e+00 0.0000e+00 -4.6822e-01 2.5508e+02 0.0000e+00 0.0000e+00 0.0000e+00 0.0000e+00 2.5436e+02 -8.9851e+00 0.0000e+00 0.0000e+00 8.9851e+00 2.5307e+02 
12.0 2.2658e+02 -5.9899e-01 0.0000e+00 0.0000e+00 -5.9899e-01 2.2467e+02 0.0000e+00 0.0000e+00 0.0000e+00 0.0000e+00 2.2389e+02 -8.3571e+00 0.0000e+00 0.0000e+00 8.3571e+00 2.2267e+02 
13.0 2.0210e+02 -7.3302e-01 0.0000e+00 0.0000e+00 -7.3302e-01 2.0019e+02 0.0000e+00 0.0000e+00 0.0000e+00 0.0000e+00 1.9937e+02 -7.7240e+00 0.0000e+00 0.0000e+00 7.7240e+00 1.9821e+02 
14.0 1.8213e+02 -8.6571e-01 0.0000e+00 0.0000e+00 -8.6571e-01 1.8021e+02 0.0000e+00 0.0000e+00 0.0000e+00 0.0000e+00 1.7935e+02 -7.1122e+00 0.0000e+00 0.0000e+00 7.1122e+00 1.7825e+02 
15.0 1.6565e+02 -9.9863e-01 0.0000e+00 0.0000e+00 -9.9863e-01 1.6371e+02 0.0000e+00 0.0000e+00 0.0000e+00 0.0000e+00 1.6281e+02 -6.5223e+00 0.0000e+00 0.0000e+00 6.5223e+00 1.6178e+02 
16.0 1.5186e+02 -1.1298e+00 0.0000e+00 0.0000e+00 -1.1298e+00 1.4992e+02 0.0000e+00 0.0000e+00 0.0000e+00 0.0000e+00 1.4899e+02 -5.9638e+00 0.0000e+00 0.0000e+00 5.9638e+00 1.4801e+02 
17.0 1.4022e+02 -1.2590e+00 0.0000e+00 0.0000e+00 -1.2590e+00 1.3826e+02 0.0000e+00 0.0000e+00 0.0000e+00 0.0000e+00 1.3730e+02 -5.4425e+00 0.0000e+00 0.0000e+00 5.4425e+00 1.3638e+02 
18.0 1.3028e+02 -1.3871e+00 0.0000e+00 0.0000e+00 -1.3871e+00 1.2830e+02 0.0000e+00 0.0000e+00 0.0000e+00 0.0000e+00 1.2732e+02 -4.9621e+00 0.0000e+00 0.0000e+00 4.9621e+00 1.2645e+02 
19.0 1.2169e+02 -1.5147e+00 0.0000e+00 0.0000e+00 -1.5147e+00 1.1969e+02 0.0000e+00 0.0000e+00 0.0000e+00 0.0000e+00 1.1912e+02 -4.5238e+00 0.0000e+00 0.0000e+00 4.5238e+00 1.1831e+02 
20.0 1.1419e+02 -1.6414e+00 0.0000e+00 0.0000e+00 -1.6414e+00 1.1218e+02 0.0000e+00 0.0000e+00 0.0000e+00 0.0000e+00 1.1196e+02 -4.1271e+00 0.0000e+00 0.0000e+00 4.1271e+00 1.1121e+02 
21.0 1.0756e+02 -1.7669e+00 0.0000e+00 0.0000e+00 -1.7669e+00 1.0553e+02 0.0000e+00 0.0000e+00 0.0000e+00 0.0000e+00 1.0562e+02 -3.7702e+00 0.0000e+00 0.0000e+00 3.7702e+00 1.0493e+02 
22.0 1.0165e+02 -1.8908e+00 0.0000e+00 0.0000e+00 -1.8908e+00 9.9603e+01 0.0000e+00 0.0000e+00 0.0000e+00 0.0000e+00 9.9971e+01 -3.4499e+00 0.0000e+00 0.0000e+00 3.4499e+00 9.9319e+01 
23.0 9.6314e+01 -2.0136e+00 0.0000e+00 0.0000e+00 -2.0136e+00 9.4259e+01 0.0000e+00 0.0000e+00 0.0000e+00 0.0000e+00 9.4877e+01 -3.1616e+00 0.0000e+00 0.0000e+00 3.1616e+00 9.4267e+01 
24.0 9.1474e+01 -2.1364e+00 0.0000e+00 0.0000e+00 -2.1364e+00 8.9407e+01 0.0000e+00 0.0000e+00 0.0000e+00 0.0000e+00 9.0251e+01 -2.8996e+00 0.0000e+00 0.0000e+00 2.8996e+00 8.9679e+01 
25.0 8.7054e+01 -2.2603e+00 0.0000e+00 0.0000e+00 -2.2603e+00 8.4976e+01 0.0000e+00 0.0000e+00 0.0000e+00 0.0000e+00 8.6025e+01 -2.6592e+00 0.0000e+00 0.0000e+00 2.6592e+00 8.5488e+01 
26.0 8.2995e+01 -2.3858e+00 0.0000e+00 0.0000e+00 -2.3858e+00 8.0907e+01 0.0000e+00 0.0000e+00 0.0000e+00 0.0000e+00 8.2144e+01 -2.4376e+00 0.0000e+00 0.0000e+00 2.4376e+00 8.1638e+01 
27.0 7.9249e+01 -2.5124e+00 0.0000e+00 0.0000e+00 -2.5124e+00 7.7151e+01 0.0000e+00 0.0000e+00 0.0000e+00 0.0000e+00 7.8560e+01 -2.2330e+00 0.0000e+00 0.0000e+00 2.2330e+00 7.8083e+01 
28.0 7.5772e+01 -2.6397e+00 0.0000e+00 0.0000e+00 -2.6397e+00 7.3665e+01 0.0000e+00 0.0000e+00 0.0000e+00 0.0000e+00 7.5232e+01 -2.0444e+00 0.0000e+00 0.0000e+00 2.0444e+00 7.4782e+01 
29.0 7.2529e+01 -2.7673e+00 0.0000e+00 0.0000e+00 -2.7673e+00 7.0413e+01 0.0000e+00 0.0000e+00 0.0000e+00 0.0000e+00 7.2126e+01 -1.8705e+00 0.0000e+00 0.0000e+00 1.8705e+00 7.1701e+01 
30.0 6.9491e+01 -2.8949e+00 0.0000e+00 0.0000e+00 -2.8949e+00 6.7367e+01 0.0000e+00 0.0000e+00 0.0000e+00 0.0000e+00 6.9213e+01 -1.7105e+00 0.0000e+00 0.0000e+00 1.7105e+00 6.8812e+01 
31.0 6.6632e+01 -3.0217e+00 0.0000e+00 0.0000e+00 -3.0217e+00 6.4502e+01 0.0000e+00 0.0000e+00 0.0000e+00 0.0000e+00 6.6162e+01 -1.5633e+00 0.0000e+00 0.0000e+00 1.5633e+00 6.5796e+01 
32.0 6.3933e+01 -3.1472e+00 0.0000e+00 0.0000e+00 -3.1472e+00 6.1796e+01 0.0000e+00 0.0000e+00 0.0000e+00 0.0000e+00 6.3285e+01 -1.4277e+00 0.0000e+00 0.0000e+00 1.4277e+00 6.2952e+01 
33.0 6.1377e+01 -3.2708e+00 0.0000e+00 0.0000e+00 -3.2708e+00 5.9234e+01 0.0000e+00 0.0000e+00 0.0000e+00 0.0000e+00 6.0562e+01 -1.3025e+00 0.0000e+00 0.0000e+00 1.3025e+00 6.0262e+01 
34.0 5.8950e+01 -3.3923e+00 0.0000e+00 0.0000e+00 -3.3923e+00 5.6803e+01 0.0000e+00 0.0000e+00 0.0000e+00 0.0000e+00 5.7978e+01 -1.1868e+00 0.0000e+00 0.0000e+00 1.1868e+00 5.7710e+01 
35.0 5.6643e+01 -3.5115e+00 0.0000e+00 0.0000e+00 -3.5115e+00 5.4493e+01 0.0000e+00 0.0000e+00 0.0000e+00 0.0000e+00 5.5521e+01 -1.0795e+00 0.0000e+00 0.0000e+00 1.0795e+00 5.5283e+01 
36.0 5.4447e+01 -3.6285e+00 0.0000e+00 0.0000e+00 -3.6285e+00 5.2294e+01 0.0000e+00 0.0000e+00 0.0000e+00 0.0000e+00 5.3182e+01 -9.7964e-01 0.0000e+00 0.0000e+00 9.7964e-01 5.2971e+01 
37.0 5.2357e+01 -3.7434e+00 0.0000e+00 0.0000e+00 -3.7434e+00 5.0203e+01 0.0000e+00 0.0000e+00 0.0000e+00 0.0000e+00 5.0950e+01 -8.8614e-01 0.0000e+00 0.0000e+00 8.8614e-01 5.0767e+01 
38.0 5.0366e+01 -3.8564e+00 0.0000e+00 0.0000e+00 -3.8564e+00 4.8211e+01 0.0000e+00 0.0000e+00 0.0000e+00 0.0000e+00 4.8822e+01 -7.9797e-01 0.0000e+00 0.0000e+00 7.9797e-01 4.8664e+01 
39.0 4.8469e+01 -3.9675e+00 0.0000e+00 0.0000e+00 -3.9675e+00 4.6316e+01 0.0000e+00 0.0000e+00 0.0000e+00 0.0000e+00 4.6789e+01 -7.1435e-01 0.0000e+00 0.0000e+00 7.1435e-01 4.6657e+01 
40.0 4.6661e+01 -4.0767e+00 0.0000e+00 0.0000e+00 -4.0767e+00 4.4509e+01 0.0000e+00 0.0000e+00 0.0000e+00 0.0000e+00 4.4847e+01 -6.3491e-01 0.0000e+00 0.0000e+00 6.3491e-01 4.4739e+01 
41.0 4.4936e+01 -4.1836e+00 0.0000e+00 0.0000e+00 -4.1836e+00 4.2787e+01 0.0000e+00 0.0000e+00 0.0000e+00 0.0000e+00 4.2991e+01 -5.5949e-01 0.0000e+00 0.0000e+00 5.5949e-01 4.2905e+01 
42.0 4.3289e+01 -4.2879e+00 0.0000e+00 0.0000e+00 -4.2879e+00 4.1144e+01 0.0000e+00 0.0000e+00 0.0000e+00 0.0000e+00 4.1215e+01 -4.8777e-01 0.0000e+00 0.0000e+00 4.8777e-01 4.1150e+01 
43.0 4.1715e+01 -4.3890e+00 0.0000e+00 0.0000e+00 -4.3890e+00 3.9574e+01 0.0000e+00 0.0000e+00 0.0000e+00 0.0000e+00 3.9513e+01 -4.1927e-01 0.0000e+00 0.0000e+00 4.1927e-01 3.9469e+01 
44.0 4.0209e+01 -4.4869e+00 0.0000e+00 0.0000e+00 -4.4869e+00 3.8072e+01 0.0000e+00 0.0000e+00 0.0000e+00 0.0000e+00 3.7882e+01 -3.5355e-01 0.0000e+00 0.0000e+00 3.5355e-01 3.7858e+01 
45.0 3.8767e+01 -4.5816e+00 0.0000e+00 0.0000e+00 -4.5816e+00 3.6636e+01 0.0000e+00 0.0000e+00 0.0000e+00 0.0000e+00 3.6317e+01 -2.9005e-01 0.0000e+00 0.0000e+00 2.9005e-01 3.6312e+01 
46.0 3.7386e+01 -4.6730e+00 0.0000e+00 0.0000e+00 -4.6730e+00 3.5262e+01 0.0000e+00 0.0000e+00 0.0000e+00 0.0000e+00 3.4816e+01 -2.2827e-01 0.0000e+00 0.0000e+00 2.2827e-01 3.4828e+01 
47.0 3.6064e+01 -4.7611e+00 0.0000e+00 0.0000e+00 -4.7611e+00 3.3947e+01 0.0000e+00 0.0000e+00 0.0000e+00 0.0000e+00 3.3375e+01 -1.6786e-01 0.0000e+00 0.0000e+00 1.6786e-01 3.3404e+01 
48.0 3.4798e+01 -4.8459e+00 0.0000e+00 0.0000e+00 -4.8459e+00 3.2688e+01 0.0000e+00 0.0000e+00 0.0000e+00 0.0000e+00 3.1991e+01 -1.0856e-01 0.0000e+00 0.0000e+00 1.0856e-01 3.2037e+01 
49.0 3.3586e+01 -4.9273e+00 0.0000e+00 0.0000e+00 -4.9273e+00 3.1483e+01 0.0000e+00 0.0000e+00 0.0000e+00 0.0000e+00 3.0662e+01 -5.0182e-02 0.0000e+00 0.0000e+00 5.0182e-02 3.0724e+01 
50.0 3.2426e+01 -5.0053e+00 0.0000e+00 0.0000e+00 -5.0053e+00 3.0330e+01 0.0000e+00 0.0000e+00 0.0000e+00 0.0000e+00 2.9385e+01 7.4870e-03 0.0000e+00 0.0000e+00 -7.4870e-03 2.9462e+01 
51.0 3.1315e+01 -5.0799e+00 0.0000e+00 0.0000e+00 -5.0799e+00 2.9227e+01 0.0000e+00 0.0000e+00 0.0000e+00 0.0000e+00 2.8158e+01 6.4670e-02 0.0000e+00 0.0000e+00 -6.4670e-02 2.8250e+01 
52.0 3.0252e+01 -5.1512e+00 0.0000e+00 0.0000e+00 -5.1512e+00 2.8172e+01 0.0000e+00 0.0000e+00 0.0000e+00 0.0000e+00 2.6980e+01 1.2150e-01 0.0000e+00 0.0000e+00 -1.2150e-01 2.7086e+01 
53.0 2.9235e+01 -5.2193e+00 0.0000e+00 0.0000e+00 -5.2193e+00 2.7164e+01 0.0000e+00 0.0000e+00 0.0000e+00 0.0000e+00 2.5847e+01 1.7800e-01 0.0000e+00 0.0000e+00 -1.7800e-01 2.5968e+01 
54.0 2.8262e+01 -5.2840e+00 0.0000e+00 0.0000e+00 -5.2840e+00 2.6200e+01 0.0000e+00 0.0000e+00 0.0000e+00 0.0000e+00 2.4760e+01 2.3406e-01 0.0000e+00 0.0000e+00 -2.3406e-01 2.4894e+01 
55.0 2.7333e+01 -5.3455e+00 0.0000e+00 0.0000e+00 -5.3455e+00 2.5279e+01 0.0000e+00 0.0000e+00 0.0000e+00 0.0000e+00 2.3715e+01 2.8961e-01 0.0000e+00 0.0000e+00 -2.8961e-01 2.3863e+01 
56.0 2.6444e+01 -5.4035e+00 0.0000e+00 0.0000e+00 -5.4035e+00 2.4399e+01 0.0000e+00 0.0000e+00 0.0000e+00 0.0000e+00 2.2710e+01 3.4450e-01 0.0000e+00 0.0000e+00 -3.4450e-01 2.2872e+01 
57.0 2.5594e+01 -5.4580e+00 0.0000e+00 0.0000e+00 -5.4580e+00 2.3558e+01 0.0000e+00 0.0000e+00 0.0000e+00 0.0000e+00 2.1745e+01 3.9863e-01 0.0000e+00 0.0000e+00 -3.9863e-01 2.1920e+01 
58.0 2.4782e+01 -5.5089e+00 0.0000e+00 0.0000e+00 -5.5089e+00 2.2754e+01 0.0000e+00 0.0000e+00 0.0000e+00 0.0000e+00 2.0817e+01 4.5182e-01 0.0000e+00 0.0000e+00 -4.5182e-01 2.1005e+01 
59.0 2.4004e+01 -5.5563e+00 0.0000e+00 0.0000e+00 -5.5563e+00 2.1984e+01 0.0000e+00 0.0000e+00 0.0000e+00 0.0000e+00 1.9924e+01 5.0399e-01 0.0000e+00 0.0000e+00 -5.0399e-01 2.0124e+01 
60.0 2.3260e+01 -5.6000e+00 0.0000e+00 0.0000e+00 -5.6000e+00 2.1248e+01 0.0000e+00 0.0000e+00 0.0000e+00 0.0000e+00 1.9064e+01 5.5515e-01 0.0000e+00 0.0000e+00 -5.5515e-01 1.9277e+01 
61.0 2.2547e+01 -5.6401e+00 0.0000e+00 0.0000e+00 -5.6401e+00 2.0544e+01 0.0000e+00 0.0000e+00 0.0000e+00 0.0000e+00 1.8236e+01 6.0523e-01 0.0000e+00 0.0000e+00 -6.0523e-01 1.8462e+01 
62.0 2.1864e+01 -5.6766e+00 0.0000e+00 0.0000e+00 -5.6766e+00 1.9869e+01 0.0000e+00 0.0000e+00 0.0000e+00 0.0000e+00 1.7438e+01 6.5416e-01 0.0000e+00 0.0000e+00 -6.5416e-01 1.7677e+01 
63.0 2.1210e+01 -5.7095e+00 0.0000e+00 0.0000e+00 -5.7095e+00 1.9223e+01 0.0000e+00 0.0000e+00 0.0000e+00 0.0000e+00 1.6669e+01 7.0184e-01 0.0000e+00 0.0000e+00 -7.0184e-01 1.6921e+01 
64.0 2.0584e+01 -5.7387e+00 0.0000e+00 0.0000e+00 -5.7387e+00 1.8605e+01 0.0000e+00 0.0000e+00 0.0000e+00 0.0000e+00 1.5928e+01 7.4812e-01 0.0000e+00 0.0000e+00 -7.4812e-01 1.6194e+01 
65.0 1.9985e+01 -5.7640e+00 0.0000e+00 0.0000e+00 -5.7640e+00 1.8014e+01 0.0000e+00 0.0000e+00 0.0000e+00 0.0000e+00 1.5214e+01 7.9292e-01 0.0000e+00 0.0000e+00 -7.9292e-01 1.5493e+01 
66.0 1.9411e+01 -5.7855e+00 0.0000e+00 0.0000e+00 -5.7855e+00 1.7447e+01 0.0000e+00 0.0000e+00 0.0000e+00 0.0000e+00 1.4525e+01 8.3620e-01 0.0000e+00 0.0000e+00 -8.3620e-01 1.4817e+01 
67.0 1.8861e+01 -5.8031e+00 0.0000e+00 0.0000e+00 -5.8031e+00 1.6905e+01 0.0000e+00 0.0000e+00 0.0000e+00 0.0000e+00 1.3861e+01 8.7793e-01 0.0000e+00 0.0000e+00 -8.7793e-01 1.4166e+01 
68.0 1.8334e+01 -5.8168e+00 0.0000e+00 0.0000e+00 -5.8168e+00 1.6385e+01 0.0000e+00 0.0000e+00 0.0000e+00 0.0000e+00 1.3220e+01 9.1800e-01 0.0000e+00 0.0000e+00 -9.1800e-01 1.3538e+01 
69.0 1.7829e+01 -5.8267e+00 0.0000e+00 0.0000e+00 -5.8267e+00 1.5887e+01 0.0000e+00 0.0000e+00 0.0000e+00 0.0000e+00 1.2601e+01 9.5638e-01 0.0000e+00 0.0000e+00 -9.5638e-01 1.2933e+01 
70.0 1.7345e+01 -5.8327e+00 0.0000e+00 0.0000e+00 -5.8327e+00 1.5410e+01 0.0000e+00 0.0000e+00 0.0000e+00 0.0000e+00 1.2003e+01 9.9307e-01 0.0000e+00 0.0000e+00 -9.9307e-01 1.2348e+01 
71.0 1.6881e+01 -5.8350e+00 0.0000e+00 0.0000e+00 -5.8350e+00 1.4953e+01 0.0000e+00 0.0000e+00 0.0000e+00 0.0000e+00 1.1426e+01 1.0281e+00 0.0000e+00 0.0000e+00 -1.0281e+00 1.1784e+01 
72.0 1.6436e+01 -5.8334e+00 0.0000e+00 0.0000e+00 -5.8334e+00 1.4515e+01 0.0000e+00 0.0000e+00 0.0000e+00 0.0000e+00 1.0867e+01 1.0614e+00 0.0000e+00 0.0000e+00 -1.0614e+00 1.1239e+01 
73.0 1.6009e+01 -5.8281e+00 0.0000e+00 0.0000e+00 -5.8281e+00 1.4095e+01 0.0000e+00 0.0000e+00 0.0000e+00 0.0000e+00 1.0327e+01 1.0931e+00 0.0000e+00 0.0000e+00 -1.0931e+00 1.0713e+01 
74.0 1.5600e+01 -5.8191e+00 0.0000e+00 0.0000e+00 -5.8191e+00 1.3692e+01 0.0000e+00 0.0000e+00 0.0000e+00 0.0000e+00 9.8051e+00 1.1231e+00 0.0000e+00 0.0000e+00 -1.1231e+00 1.0204e+01 
75.0 1.5207e+01 -5.8066e+00 0.0000e+00 0.0000e+00 -5.8066e+00 1.3306e+01 0.0000e+00 0.0000e+00 0.0000e+00 0.0000e+00 9.3000e+00 1.1515e+00 0.0000e+00 0.0000e+00 -1.1515e+00 9.7123e+00 
76.0 1.4830e+01 -5.7907e+00 0.0000e+00 0.0000e+00 -5.7907e+00 1.2936e+01 0.0000e+00 0.0000e+00 0.0000e+00 0.0000e+00 8.8112e+00 1.1785e+00 0.0000e+00 0.0000e+00 -1.1785e+00 9.2371e+00 
77.0 1.4470e+01 -5.7714e+00 0.0000e+00 0.0000e+00 -5.7714e+00 1.2582e+01 0.0000e+00 0.0000e+00 0.0000e+00 0.0000e+00 8.3381e+00 1.2038e+00 0.0000e+00 0.0000e+00 -1.2038e+00 8.7776e+00 
78.0 1.4124e+01 -5.7489e+00 0.0000e+00 0.0000e+00 -5.7489e+00 1.2242e+01 0.0000e+00 0.0000e+00 0.0000e+00 0.0000e+00 7.8800e+00 1.2277e+00 0.0000e+00 0.0000e+00 -1.2277e+00 8.3333e+00 
79.0 1.3792e+01 -5.7232e+00 0.0000e+00 0.0000e+00 -5.7232e+00 1.1917e+01 0.0000e+00 0.0000e+00 0.0000e+00 0.0000e+00 7.4365e+00 1.2501e+00 0.0000e+00 0.0000e+00 -1.2501e+00 7.9035e+00 
80.0 1.3474e+01 -5.6945e+00 0.0000e+00 0.0000e+00 -5.6945e+00 1.1606e+01 0.0000e+00 0.0000e+00 0.0000e+00 0.0000e+00 7.0069e+00 1.2711e+00 0.0000e+00 0.0000e+00 -1.2711e+00 7.4877e+00 
81.0 1.3170e+01 -5.6627e+00 0.0000e+00 0.0000e+00 -5.6627e+00 1.1308e+01 0.0000e+00 0.0000e+00 0.0000e+00 0.0000e+00 6.5907e+00 1.2907e+00 0.0000e+00 0.0000e+00 -1.2907e+00 7.0855e+00 
82.0 1.2878e+01 -5.6280e+00 0.0000e+00 0.0000e+00 -5.6280e+00 1.1022e+01 0.0000e+00 0.0000e+00 0.0000e+00 0.0000e+00 6.1874e+00 1.3089e+00 0.0000e+00 0.0000e+00 -1.3089e+00 6.6964e+00 
83.0 1.2599e+01 -5.5904e+00 0.0000e+00 0.0000e+00 -5.5904e+00 1.0749e+01 0.0000e+00 0.0000e+00 0.0000e+00 0.0000e+00 5.7967e+00 1.3258e+00 0.0000e+00 0.0000e+00 -1.3258e+00 6.3198e+00 
84.0 1.2333e+01 -5.5500e+00 0.0000e+00 0.0000e+00 -5.5500e+00 1.0488e+01 0.0000e+00 0.0000e+00 0.0000e+00 0.0000e+00 5.4178e+00 1.3415e+00 0.0000e+00 0.0000e+00 -1.3415e+00 5.9553e+00 
85.0 1.2077e+01 -5.5070e+00 0.0000e+00 0.0000e+00 -5.5070e+00 1.0238e+01 0.0000e+00 0.0000e+00 0.0000e+00 0.0000e+00 5.0506e+00 1.3561e+00 0.0000e+00 0.0000e+00 -1.3561e+00 5.6025e+00 
86.0 1.1833e+01 -5.4614e+00 0.0000e+00 0.0000e+00 -5.4614e+00 9.9987e+00 0.0000e+00 0.0000e+00 0.0000e+00 0.0000e+00 4.6944e+00 1.3695e+00 0.0000e+00 0.0000e+00 -1.3695e+00 5.2609e+00 
87.0 1.1600e+01 -5.4135e+00 0.0000e+00 0.0000e+00 -5.4135e+00 9.7705e+00 0.0000e+00 0.0000e+00 0.0000e+00 0.0000e+00 4.3491e+00 1.3819e+00 0.0000e+00 0.0000e+00 -1.3819e+00 4.9302e+00 
88.0 1.1377e+01 -5.3632e+00 0.0000e+00 0.0000e+00 -5.3632e+00 9.5527e+00 0.0000e+00 0.0000e+00 0.0000e+00 0.0000e+00 4.0143e+00 1.3933e+00 0.0000e+00 0.0000e+00 -1.3933e+00 4.6100e+00 
89.0 1.1165e+01 -5.3108e+00 0.0000e+00 0.0000e+00 -5.3108e+00 9.3448e+00 0.0000e+00 0.0000e+00 0.0000e+00 0.0000e+00 3.6896e+00 1.4037e+00 0.0000e+00 0.0000e+00 -1.4037e+00 4.2999e+00 
90.0 1.0962e+01 -5.2562e+00 0.0000e+00 0.0000e+00 -5.2562e+00 9.1464e+00 0.0000e+00 0.0000e+00 0.0000e+00 0.0000e+00 3.3748e+00 1.4131e+00 0.0000e+00 0.0000e+00 -1.4131e+00 3.9996e+00 
91.0 1.0768e+01 -5.1997e+00 0.0000e+00 0.0000e+00 -5.1997e+00 8.9572e+00 0.0000e+00 0.0000e+00 0.0000e+00 0.0000e+00 3.0694e+00 1.4215e+00 0.0000e+00 0.0000e+00 -1.4215e+00 3.7087e+00 
92.0 1.0584e+01 -5.1411e+00 0.0000e+00 0.0000e+00 -5.1411e+00 8.7768e+00 0.0000e+00 0.0000e+00 0.0000e+00 0.0000e+00 2.7731e+00 1.4288e+00 0.0000e+00 0.0000e+00 -1.4288e+00 3.4269e+00 
93.0 1.0408e+01 -5.0806e+00 0.0000e+00 0.0000e+00 -5.0806e+00 8.6049e+00 0.0000e+00 0.0000e+00 0.0000e+00 0.0000e+00 2.4857e+00 1.4350e+00 0.0000e+00 0.0000e+00 -1.4350e+00 3.1537e+00 
94.0 1.0240e+01 -5.0183e+00 0.0000e+00 0.0000e+00 -5.0183e+00 8.4413e+00 0.0000e+00 0.0000e+00 0.0000e+00 0.0000e+00 2.2068e+00 1.4402e+00 0.0000e+00 0.0000e+00 -1.4402e+00 2.8888e+00 
95.0 1.0081e+01 -4.9542e+00 0.0000e+00 0.0000e+00 -4.9542e+00 8.2857e+00 0.0000e+00 0.0000e+00 0.0000e+00 0.0000e+00 1.9362e+00 1.4444e+00 0.0000e+00 0.0000e+00 -1.4444e+00 2.6318e+00 
96.0 9.9287e+00 -4.8883e+00 0.0000e+00 0.0000e+00 -4.8883e+00 8.1378e+00 0.0000e+00 0.0000e+00 0.0000e+00 0.0000e+00 1.6736e+00 1.4475e+00 0.0000e+00 0.0000e+00 -1.4475e+00 2.3827e+00 
97.0 9.7844e+00 -4.8208e+00 0.0000e+00 0.0000e+00 -4.8208e+00 7.9975e+00 0.0000e+00 0.0000e+00 0.0000e+00 0.0000e+00 1.4187e+00 1.4497e+00 0.0000e+00 0.0000e+00 -1.4497e+00 2.1409e+00 
98.0 9.6473e+00 -4.7516e+00 0.0000e+00 0.0000e+00 -4.7516e+00 7.8645e+00 0.0000e+00 0.0000e+00 0.0000e+00 0.0000e+00 1.1713e+00 1.4510e+00 0.0000e+00 0.0000e+00 -1.4510e+00 1.9064e+00 
99.0 9.5172e+00 -4.6809e+00 0.0000e+00 0.0000e+00 -4.6809e+00 7.7386e+00 0.0000e+00 0.0000e+00 0.0000e+00 0.0000e+00 9.3127e-01 1.4513e+00 0.0000e+00 0.0000e+00 -1.4513e+00 1.6788e+00 
100.0 9.3939e+00 -4.6085e+00 0.0000e+00 0.0000e+00 -4.6085e+00 7.6195e+00 0.0000e+00 0.0000e+00 0.0000e+00 0.0000e+00 6.9828e-01 1.4508e+00 0.0000e+00 0.0000e+00 -1.4508e+00 1.4579e+00 
101.0 9.2771e+00 -4.5347e+00 0.0000e+00 0.0000e+00 -4.5347e+00 7.5071e+00 0.0000e+00 0.0000e+00 0.0000e+00 0.0000e+00 4.7213e-01 1.4494e+00 0.0000e+00 0.0000e+00 -1.4494e+00 1.2434e+00 
102.0 9.1666e+00 -4.4595e+00 0.0000e+00 0.0000e+00 -4.4595e+00 7.4010e+00 0.0000e+00 0.0000e+00 0.0000e+00 0.0000e+00 2.5253e-01 1.4471e+00 0.0000e+00 0.0000e+00 -1.4471e+00 1.0351e+00 
103.0 9.0621e+00 -4.3830e+00 0.0000e+00 0.0000e+00 -4.3830e+00 7.3010e+00 0.0000e+00 0.0000e+00 0.0000e+00 0.0000e+00 3.9228e-02 1.4438e+00 0.0000e+00 0.0000e+00 -1.4438e+00 8.3265e-01 
104.0 8.9634e+00 -4.3052e+00 0.0000e+00 0.0000e+00 -4.3052e+00 7.2069e+00 0.0000e+00 0.0000e+00 0.0000e+00 0.0000e+00 -1.6800e-01 1.4397e+00 0.0000e+00 0.0000e+00 -1.4397e+00 6.3593e-01 
105.0 8.8703e+00 -4.2263e+00 0.0000e+00 0.0000e+00 -4.2263e+00 7.1185e+00 0.0000e+00 0.0000e+00 0.0000e+00 0.0000e+00 -3.6939e-01 1.4345e+00 0.0000e+00 0.0000e+00 -1.4345e+00 4.4468e-01 
106.0 8.7825e+00 -4.1462e+00 0.0000e+00 0.0000e+00 -4.1462e+00 7.0355e+00 0.0000e+00 0.0000e+00 0.0000e+00 0.0000e+00 -5.6519e-01 1.4285e+00 0.0000e+00 0.0000e+00 -1.4285e+00 2.5867e-01 
107.0 8.6999e+00 -4.0650e+00 0.0000e+00 0.0000e+00 -4.0650e+00 6.9578e+00 0.0000e+00 0.0000e+00 0.0000e+00 0.0000e+00 -7.5561e-01 1.4216e+00 0.0000e+00 0.0000e+00 -1.4216e+00 7.7667e-02 
108.0 8.6222e+00 -3.9827e+00 0.0000e+00 0.0000e+00 -3.9827e+00 6.8850e+00 0.0000e+00 0.0000e+00 0.0000e+00 0.0000e+00 -9.4086e-01 1.4138e+00 0.0000e+00 0.0000e+00 -1.4138e+00 -9.8533e-02 
109.0 8.5492e+00 -3.8994e+00 0.0000e+00 0.0000e+00 -3.8994e+00 6.8171e+00 0.0000e+00 0.0000e+00 0.0000e+00 0.0000e+00 -1.1211e+00 1.4052e+00 0.0000e+00 0.0000e+00 -1.4052e+00 -2.7015e-01 
110.0 8.4808e+00 -3.8151e+00 0.0000e+00 0.0000e+00 -3.8151e+00 6.7538e+00 0.0000e+00 0.0000e+00 0.0000e+00 0.0000e+00 -1.2966e+00 1.3959e+00 0.0000e+00 0.0000e+00 -1.3959e+00 -4.3734e-01 
111.0 8.4168e+00 -3.7299e+00 0.0000e+00 0.0000e+00 -3.7299e+00 6.6950e+00 0.0000e+00 0.0000e+00 0.0000e+00 0.0000e+00 -1.4673e+00 1.3861e+00 0.0000e+00 0.0000e+00 -1.3861e+00 -6.0023e-01 
112.0 8.3571e+00 -3.6439e+00 0.0000e+00 0.0000e+00 -3.6439e+00 6.6406e+00 0.0000e+00 0.0000e+00 0.0000e+00 0.0000e+00 -1.6335e+00 1.3756e+00 0.0000e+00 0.0000e+00 -1.3756e+00 -7.5895e-01 
113.0 8.3015e+00 -3.5572e+00 0.0000e+00 0.0000e+00 -3.5572e+00 6.5904e+00 0.0000e+00 0.0000e+00 0.0000e+00 0.0000e+00 -1.7952e+00 1.3646e+00 0.0000e+00 0.0000e+00 -1.3646e+00 -9.1361e-01 
114.0 8.2499e+00 -3.4698e+00 0.0000e+00 0.0000e+00 -3.4698e+00 6.5444e+00 0.0000e+00 0.0000e+00 0.0000e+00 0.0000e+00 -1.9526e+00 1.3530e+00 0.0000e+00 0.0000e+00 -1.3530e+00 -1.0643e+00 
115.0 8.2023e+00 -3.3819e+00 0.0000e+00 0.0000e+00 -3.3819e+00 6.5025e+00 0.0000e+00 0.0000e+00 0.0000e+00 0.0000e+00 -2.1058e+00 1.3411e+00 0.0000e+00 0.0000e+00 -1.3411e+00 -1.2112e+00 
116.0 8.1585e+00 -3.2935e+00 0.0000e+00 0.0000e+00 -3.2935e+00 6.4644e+00 0.0000e+00 0.0000e+00 0.0000e+00 0.0000e+00 -2.2550e+00 1.3287e+00 0.0000e+00 0.0000e+00 -1.3287e+00 -1.3544e+00 
117.0 8.1184e+00 -3.2047e+00 0.0000e+00 0.0000e+00 -3.2047e+00 6.4301e+00 0.0000e+00 0.0000e+00 0.0000e+00 0.0000e+00 -2.4001e+00 1.3160e+00 0.0000e+00 0.0000e+00 -1.3160e+00 -1.4940e+00 
118.0 8.0819e+00 -3.1156e+00 0.0000e+00 0.0000e+00 -3.1156e+00 6.3995e+00 0.0000e+00 0.0000e+00 0.0000e+00 0.0000e+00 -2.5414e+00 1.3030e+00 0.0000e+00 0.0000e+00 -1.3030e+00 -1.6301e+00 
119.0 8.0488e+00 -3.0264e+00 0.0000e+00 0.0000e+00 -3.0264e+00 6.3723e+00 0.0000e+00 0.0000e+00 0.0000e+00 0.0000e+00 -2.6789e+00 1.2896e+00 0.0000e+00 0.0000e+00 -1.2896e+00 -1.7627e+00 
120.0 8.0190e+00 -2.9370e+00 0.0000e+00 0.0000e+00 -2.9370e+00 6.3485e+00 0.0000e+00 0.0000e+00 0.0000e+00 0.0000e+00 -2.8128e+00 1.2758e+00 0.0000e+00 0.0000e+00 -1.2758e+00 -1.8920e+00 
121.0 7.9924e+00 -2.8476e+00 0.0000e+00 0.0000e+00 -2.8476e+00 6.3277e+00 0.0000e+00 0.0000e+00 0.0000e+00 0.0000e+00 -2.9432e+00 1.2615e+00 0.0000e+00 0.0000e+00 -1.2615e+00 -2.0180e+00 
122.0 7.9686e+00 -2.7583e+00 0.0000e+00 0.0000e+00 -2.7583e+00 6.3097e+00 0.0000e+00 0.0000e+00 0.0000e+00 0.0000e+00 -3.0701e+00 1.2465e+00 0.0000e+00 0.0000e+00 -1.2465e+00 -2.1407e+00 
123.0 7.9477e+00 -2.6689e+00 0.0000e+00 0.0000e+00 -2.6689e+00 6.2944e+00 0.0000e+00 0.0000e+00 0.0000e+00 0.0000e+00 -3.1939e+00 1.2309e+00 0.0000e+00 0.0000e+00 -1.2309e+00 -2.2603e+00 
124.0 7.9295e+00 -2.5796e+00 0.0000e+00 0.0000e+00 -2.5796e+00 6.2816e+00 0.0000e+00 0.0000e+00 0.0000e+00 0.0000e+00 -3.3144e+00 1.2147e+00 0.0000e+00 0.0000e+00 -1.2147e+00 -2.3770e+00 
125.0 7.9140e+00 -2.4903e+00 0.0000e+00 0.0000e+00 -2.4903e+00 6.2713e+00 0.0000e+00 0.0000e+00 0.0000e+00 0.0000e+00 -3.4321e+00 1.1979e+00 0.0000e+00 0.0000e+00 -1.1979e+00 -2.4908e+00 
126.0 7.9009e+00 -2.4012e+00 0.0000e+00 0.0000e+00 -2.4012e+00 6.2631e+00 0.0000e+00 0.0000e+00 0.0000e+00 0.0000e+00 -3.5469e+00 1.1805e+00 0.0000e+00 0.0000e+00 -1.1805e+00 -2.6019e+00 
127.0 7.8902e+00 -2.3124e+00 0.0000e+00 0.0000e+00 -2.3124e+00 6.2571e+00 0.0000e+00 0.0000e+00 0.0000e+00 0.0000e+00 -3.6590e+00 1.1625e+00 0.0000e+00 0.0000e+00 -1.1625e+00 -2.7103e+00 
128.0 7.8818e+00 -2.2241e+00 0.0000e+00 0.0000e+00 -2.2241e+00 6.2531e+00 0.0000e+00 0.0000e+00 0.0000e+00 0.0000e+00 -3.7685e+00 1.1441e+00 0.0000e+00 0.0000e+00 -1.1441e+00 -2.8162e+00 
129.0 7.8756e+00 -2.1363e+00 0.0000e+00 0.0000e+00 -2.1363e+00 6.2511e+00 0.0000e+00 0.0000e+00 0.0000e+00 0.0000e+00 -3.8754e+00 1.1251e+00 0.0000e+00 0.0000e+00 -1.1251e+00 -2.9195e+00 
130.0 7.8716e+00 -2.0492e+00 0.0000e+00 0.0000e+00 -2.0492e+00 6.2510e+00 0.0000e+00 0.0000e+00 0.0000e+00 0.0000e+00 -3.9798e+00 1.1056e+00 0.0000e+00 0.0000e+00 -1.1056e+00 -3.0203e+00 
131.0 7.8697e+00 -1.9629e+00 0.0000e+00 0.0000e+00 -1.9629e+00 6.2529e+00 0.0000e+00 0.0000e+00 0.0000e+00 0.0000e+00 -4.0817e+00 1.0856e+00 0.0000e+00 0.0000e+00 -1.0856e+00 -3.1187e+00 
132.0 7.8701e+00 -1.8774e+00 0.0000e+00 0.0000e+00 -1.8774e+00 6.2569e+00 0.0000e+00 0.0000e+00 0.0000e+00 0.0000e+00 -4.1810e+00 1.0652e+00 0.0000e+00 0.0000e+00 -1.0652e+00 -3.2146e+00 
133.0 7.8727e+00 -1.7927e+00 0.0000e+00 0.0000e+00 -1.7927e+00 6.2629e+00 0.0000e+00 0.0000e+00 0.0000e+00 0.0000e+00 -4.2779e+00 1.0442e+00 0.0000e+00 0.0000e+00 -1.0442e+00 -3.3082e+00 
134.0 7.8775e+00 -1.7088e+00 0.0000e+00 0.0000e+00 -1.7088e+00 6.2710e+00 0.0000e+00 0.0000e+00 0.0000e+00 0.0000e+00 -4.3723e+00 1.0229e+00 0.0000e+00 0.0000e+00 -1.0229e+00 -3.3994e+00 
135.0 7.8843e+00 -1.6259e+00 0.0000e+00 0.0000e+00 -1.6259e+00 6.2811e+00 0.0000e+00 0.0000e+00 0.0000e+00 0.0000e+00 -4.4644e+00 1.0010e+00 0.0000e+00 0.0000e+00 -1.0010e+00 -3.4886e+00 
136.0 7.8931e+00 -1.5438e+00 0.0000e+00 0.0000e+00 -1.5438e+00 6.2931e+00 0.0000e+00 0.0000e+00 0.0000e+00 0.0000e+00 -4.5541e+00 9.7870e-01 0.0000e+00 0.0000e+00 -9.7870e-01 -3.5757e+00 
137.0 7.9038e+00 -1.4627e+00 0.0000e+00 0.0000e+00 -1.4627e+00 6.3071e+00 0.0000e+00 0.0000e+00 0.0000e+00 0.0000e+00 -4.6414e+00 9.5588e-01 0.0000e+00 0.0000e+00 -9.5588e-01 -3.6609e+00 
138.0 7.9162e+00 -1.3825e+00 0.0000e+00 0.0000e+00 -1.3825e+00 6.3230e+00 0.0000e+00 0.0000e+00 0.0000e+00 0.0000e+00 -4.7264e+00 9.3255e-01 0.0000e+00 0.0000e+00 -9.3255e-01 -3.7443e+00 
139.0 7.9304e+00 -1.3033e+00 0.0000e+00 0.0000e+00 -1.3033e+00 6.3408e+00 0.0000e+00 0.0000e+00 0.0000e+00 0.0000e+00 -4.8091e+00 9.0870e-01 0.0000e+00 0.0000e+00 -9.0870e-01 -3.8259e+00 
140.0 7.9464e+00 -1.2249e+00 0.0000e+00 0.0000e+00 -1.2249e+00 6.3605e+00 0.0000e+00 0.0000e+00 0.0000e+00 0.0000e+00 -4.8896e+00 8.8447e-01 0.0000e+00 0.0000e+00 -8.8447e-01 -3.9058e+00 
141.0 7.9643e+00 -1.1472e+00 0.0000e+00 0.0000e+00 -1.1472e+00 6.3826e+00 0.0000e+00 0.0000e+00 0.0000e+00 0.0000e+00 -4.9679e+00 8.6005e-01 0.0000e+00 0.0000e+00 -8.6005e-01 -3.9840e+00 
142.0 7.9845e+00 -1.0704e+00 0.0000e+00 0.0000e+00 -1.0704e+00 6.4069e+00 0.0000e+00 0.0000e+00 0.0000e+00 0.0000e+00 -5.0441e+00 8.3560e-01 0.0000e+00 0.0000e+00 -8.3560e-01 -4.0605e+00 
143.0 8.0071e+00 -9.9441e-01 0.0000e+00 0.0000e+00 -9.9441e-01 6.4337e+00 0.0000e+00 0.0000e+00 0.0000e+00 0.0000e+00 -5.1183e+00 8.1119e-01 0.0000e+00 0.0000e+00 -8.1119e-01 -4.1354e+00 
144.0 8.0320e+00 -9.1940e-01 0.0000e+00 0.0000e+00 -9.1940e-01 6.4628e+00 0.0000e+00 0.0000e+00 0.0000e+00 0.0000e+00 -5.1907e+00 7.8672e-01 0.0000e+00 0.0000e+00 -7.8672e-01 -4.2087e+00 
145.0 8.0593e+00 -8.4545e-01 0.0000e+00 0.0000e+00 -8.4545e-01 6.4940e+00 0.0000e+00 0.0000e+00 0.0000e+00 0.0000e+00 -5.2615e+00 7.6201e-01 0.0000e+00 0.0000e+00 -7.6201e-01 -4.2806e+00 
146.0 8.0890e+00 -7.7259e-01 0.0000e+00 0.0000e+00 -7.7259e-01 6.5272e+00 0.0000e+00 0.0000e+00 0.0000e+00 0.0000e+00 -5.3309e+00 7.3685e-01 0.0000e+00 0.0000e+00 -7.3685e-01 -4.3511e+00 
147.0 8.1210e+00 -7.0079e-01 0.0000e+00 0.0000e+00 -7.0079e-01 6.5623e+00 0.0000e+00 0.0000e+00 0.0000e+00 0.0000e+00 -5.3990e+00 7.1112e-01 0.0000e+00 0.0000e+00 -7.1112e-01 -4.4204e+00 
148.0 8.1557e+00 -6.3000e-01 0.0000e+00 0.0000e+00 -6.3000e-01 6.5996e+00 0.0000e+00 0.0000e+00 0.0000e+00 0.0000e+00 -5.4662e+00 6.8484e-01 0.0000e+00 0.0000e+00 -6.8484e-01 -4.4885e+00 
149.0 8.1933e+00 -5.6028e-01 0.0000e+00 0.0000e+00 -5.6028e-01 6.6394e+00 0.0000e+00 0.0000e+00 0.0000e+00 0.0000e+00 -5.5326e+00 6.5813e-01 0.0000e+00 0.0000e+00 -6.5813e-01 -4.5556e+00 
150.0 8.2341e+00 -4.9177e-01 0.0000e+00 0.0000e+00 -4.9177e-01 6.6818e+00 0.0000e+00 0.0000e+00 0.0000e+00 0.0000e+00 -5.5986e+00 6.3108e-01 0.0000e+00 0.0000e+00 -6.3108e-01 -4.6219e+00 
151.0 8.2781e+00 -4.2484e-01 0.0000e+00 0.0000e+00 -4.2484e-01 6.7269e+00 0.0000e+00 0.0000e+00 0.0000e+00 0.0000e+00 -5.6643e+00 6.0356e-01 0.0000e+00 0.0000e+00 -6.0356e-01 -4.6876e+00 
152.0 8.3250e+00 -3.6004e-01 0.0000e+00 0.0000e+00 -3.6004e-01 6.7741e+00 0.0000e+00 0.0000e+00 0.0000e+00 0.0000e+00 -5.7301e+00 5.7501e-01 0.0000e+00 0.0000e+00 -5.7501e-01 -4.7529e+00 
153.0 8.3739e+00 -2.9791e-01 0.0000e+00 0.0000e+00 -2.9791e-01 6.8225e+00 0.0000e+00 0.0000e+00 0.0000e+00 0.0000e+00 -5.7963e+00 5.4456e-01 0.0000e+00 0.0000e+00 -5.4456e-01 -4.8180e+00 
154.0 8.4244e+00 -2.3891e-01 0.0000e+00 0.0000e+00 -2.3891e-01 6.8714e+00 0.0000e+00 0.0000e+00 0.0000e+00 0.0000e+00 -5.8634e+00 5.1138e-01 0.0000e+00 0.0000e+00 -5.1138e-01 -4.8830e+00 
155.0 8.4766e+00 -1.8335e-01 0.0000e+00 0.0000e+00 -1.8335e-01 6.9207e+00 0.0000e+00 0.0000e+00 0.0000e+00 0.0000e+00 -5.9315e+00 4.7501e-01 0.0000e+00 0.0000e+00 -4.7501e-01 -4.9482e+00 
156.0 8.5307e+00 -1.3152e-01 0.0000e+00 0.0000e+00 -1.3152e-01 6.9708e+00 0.0000e+00 0.0000e+00 0.0000e+00 0.0000e+00 -6.0011e+00 4.3545e-01 0.0000e+00 0.0000e+00 -4.3545e-01 -5.0133e+00 
157.0 8.5873e+00 -8.3835e-02 0.0000e+00 0.0000e+00 -8.3835e-02 7.0224e+00 0.0000e+00 0.0000e+00 0.0000e+00 0.0000e+00 -6.0722e+00 3.9290e-01 0.0000e+00 0.0000e+00 -3.9290e-01 -5.0785e+00 
158.0 8.6465e+00 -4.0890e-02 0.0000e+00 0.0000e+00 -4.0890e-02 7.0754e+00 0.0000e+00 0.0000e+00 0.0000e+00 0.0000e+00 -6.1454e+00 3.4733e-01 0.0000e+00 0.0000e+00 -3.4733e-01 -5.1439e+00 
159.0 8.7082e+00 -3.2214e-03 0.0000e+00 0.0000e+00 -3.2214e-03 7.1294e+00 0.0000e+00 0.0000e+00 0.0000e+00 0.0000e+00 -6.2208e+00 2.9844e-01 0.0000e+00 0.0000e+00 -2.9844e-01 -5.2095e+00 
160.0 8.7726e+00 2.8839e-02 0.0000e+00 0.0000e+00 2.8839e-02 7.1838e+00 0.0000e+00 0.0000e+00 0.0000e+00 0.0000e+00 -6.2992e+00 2.4591e-01 0.0000e+00 0.0000e+00 -2.4591e-01 -5.2753e+00 
161.0 8.8399e+00 5.5090e-02 0.0000e+00 0.0000e+00 5.5090e-02 7.2382e+00 0.0000e+00 0.0000e+00 0.0000e+00 0.0000e+00 -6.3812e+00 1.8946e-01 0.0000e+00 0.0000e+00 -1.8946e-01 -5.3414e+00 
162.0 8.9110e+00 7.5367e-02 0.0000e+00 0.0000e+00 7.5367e-02 7.2931e+00 0.0000e+00 0.0000e+00 0.0000e+00 0.0000e+00 -6.4679e+00 1.2895e-01 0.0000e+00 0.0000e+00 -1.2895e-01 -5.4081e+00 
163.0 8.9874e+00 8.9623e-02 0.0000e+00 0.0000e+00 8.9623e-02 7.3494e+00 0.0000e+00 0.0000e+00 0.0000e+00 0.0000e+00 -6.5608e+00 6.4681e-02 0.0000e+00 0.0000e+00 -6.4681e-02 -5.4759e+00 
164.0 9.0711e+00 9.8001e-02 0.0000e+00 0.0000e+00 9.8001e-02 7.4081e+00 0.0000e+00 0.0000e+00 0.0000e+00 0.0000e+00 -6.6613e+00 -2.5342e-03 0.0000e+00 0.0000e+00 2.5342e-03 -5.5451e+00 
165.0 9.1645e+00 1.0077e-01 0.0000e+00 0.0000e+00 1.0077e-01 7.4710e+00 0.0000e+00 0.0000e+00 0.0000e+00 0.0000e+00 -6.7707e+00 -7.1322e-02 0.0000e+00 0.0000e+00 7.1322e-02 -5.6160e+00 
166.0 9.2703e+00 9.8056e-02 0.0000e+00 0.0000e+00 9.8056e-02 7.5403e+00 0.0000e+00 0.0000e+00 0.0000e+00 0.0000e+00 -6.8908e+00 -1.4031e-01 0.0000e+00 0.0000e+00 1.4031e-01 -5.6889e+00 
167.0 9.3906e+00 8.9656e-02 0.0000e+00 0.0000e+00 8.9656e-02 7.6171e+00 0.0000e+00 0.0000e+00 0.0000e+00 0.0000e+00 -7.0237e+00 -2.0864e-01 0.0000e+00 0.0000e+00 2.0864e-01 -5.7645e+00 
168.0 9.5276e+00 7.5376e-02 0.0000e+00 0.0000e+00 7.5376e-02 7.7022e+00 0.0000e+00 0.0000e+00 0.0000e+00 0.0000e+00 -7.1720e+00 -2.7564e-01 0.0000e+00 0.0000e+00 2.7564e-01 -5.8431e+00 
169.0 9.6850e+00 5.5535e-02 0.0000e+00 0.0000e+00 5.5535e-02 7.7962e+00 0.0000e+00 0.0000e+00 0.0000e+00 0.0000e+00 -7.3390e+00 -3.3969e-01 0.0000e+00 0.0000e+00 3.3969e-01 -5.9246e+00 
170.0 9.8688e+00 3.1484e-02 0.0000e+00 0.0000e+00 3.1484e-02 7.9017e+00 0.0000e+00 0.0000e+00 0.0000e+00 0.0000e+00 -7.5276e+00 -3.9693e-01 0.0000e+00 0.0000e+00 3.9693e-01 -6.0078e+00 
171.0 1.0088e+01 5.7567e-03 0.0000e+00 0.0000e+00 5.7567e-03 8.0237e+00 0.0000e+00 0.0000e+00 0.0000e+00 0.0000e+00 -7.7409e+00 -4.4083e-01 0.0000e+00 0.0000e+00 4.4083e-01 -6.0911e+00 
172.0 1.0351e+01 -1.8706e-02 0.0000e+00 0.0000e+00 -1.8706e-02 8.1676e+00 0.0000e+00 0.0000e+00 0.0000e+00 0.0000e+00 -7.9808e+00 -4.6354e-01 0.0000e+00 0.0000e+00 4.6354e-01 -6.1730e+00 
173.0 1.0663e+01 -3.8870e-02 0.0000e+00 0.0000e+00 -3.8870e-02 8.3375e+00 0.0000e+00 0.0000e+00 0.0000e+00 0.0000e+00 -8.2472e+00 -4.5790e-01 0.0000e+00 0.0000e+00 4.5790e-01 -6.2517e+00 
174.0 1.1027e+01 -5.1452e-02 0.0000e+00 0.0000e+00 -5.1452e-02 8.5355e+00 0.0000e+00 0.0000e+00 0.0000e+00 0.0000e+00 -8.5354e+00 -4.1823e-01 0.0000e+00 0.0000e+00 4.1823e-01 -6.3244e+00 
175.0 1.1430e+01 -5.4081e-02 0.0000e+00 0.0000e+00 -5.4081e-02 8.7576e+00 0.0000e+00 0.0000e+00 0.0000e+00 0.0000e+00 -8.8338e+00 -3.4421e-01 0.0000e+00 0.0000e+00 3.4421e-01 -6.3877e+00 
176.0 1.1849e+01 -4.6061e-02 0.0000e+00 0.0000e+00 -4.6061e-02 8.9899e+00 0.0000e+00 0.0000e+00 0.0000e+00 0.0000e+00 -9.1228e+00 -2.4326e-01 0.0000e+00 0.0000e+00 2.4326e-01 -6.4378e+00 
177.0 1.2236e+01 -2.8820e-02 0.0000e+00 0.0000e+00 -2.8820e-02 9.2080e+00 0.0000e+00 0.0000e+00 0.0000e+00 0.0000e+00 -9.3734e+00 -1.3225e-01 0.0000e+00 0.0000e+00 1.3225e-01 -6.4714e+00 
178.0 1.2526e+01 -9.4045e-03 0.0000e+00 0.0000e+00 -9.4045e-03 9.3735e+00 0.0000e+00 0.0000e+00 0.0000e+00 0.0000e+00 -9.5497e+00 -4.0133e-02 0.0000e+00 0.0000e+00 4.0133e-02 -6.4893e+00 
179.0 1.2643e+01 -6.5851e-20 0.0000e+00 0.0000e+00 -6.5851e-20 9.4419e+00 0.0000e+00 0.0000e+00 0.0000e+00 0.0000e+00 -9.6188e+00 -6.5825e-19 0.0000e+00 0.0000e+00 6.5825e-19 -6.4965e+00 
180.0 1.2754e+01 0.0000e+00 0.0000e+00 0.0000e+00 0.0000e+00 9.5029e+00 0.0000e+00 0.0000e+00 0.0000e+00 0.0000e+00 -9.6807e+00 0.0000e+00 0.0000e+00 0.0000e+00 -0.0000e+00 -6.5011e+00 
