1.1485 1.2830 0.1345 0.069451
theta s11 s12 s13 s14 s21 s22 s23 s24 s31 s32 s33 s34 s41 s42 s43 s44
0.0 8.6794e+02 0.0000e+00 0.0000e+00 0.0000e+00 0.0000e+00 8.6735e+02 0.0000e+00 0.0000e+00 0.0000e+00 0.0000e+00 8.6735e+02 0.0000e+00 0.0000e+00 0.0000e+00 -0.0000e+00 8.6675e+02 
1.0 7.7584e+02 -2.2563e-02 0.0000e+00 0.0000e+00 -2.2563e-02 7.7525e+02 0.0000e+00 0.0000e+00 0.0000e+00 0.0000e+00 7.7525e+02 -2.7359e-01 0.0000e+00 0.0000e+00 2.7359e-01 7.7466e+02 
2.0 6.2390e+02 -3.6362e-02 0.0000e+00 0.0000e+00 -3.6362e-02 6.2332e+02 0.0000e+00 0.0000e+00 0.0000e+00 0.0000e+00 6.2332e+02 -9.2328e-01 0.0000e+00 0.0000e+00 9.2328e-01 6.2274e+02 
3.0 4.9921e+02 -2.0349e-02 0.0000e+00 0.0000e+00 -2.0349e-02 4.9863e+02 0.0000e+00 0.0000e+00 0.0000e+00 0.0000e+00 4.9862e+02 -1.6235e+00 0.0000e+00 0.0000e+00 1.6235e+00 4.9806e+02 
4.0 4.0697e+02 2.9444e-03 0.0000e+00 0.0000e+00 2.9444e-03 4.0640e+02 0.0000e+00 0.0000e+00 0.0000e+00 0.0000e+00 4.0638e+02 -2.1772e+00 0.0000e+00 0.0000e+00 2.1772e+00 4.0583e+02 
5.0 3.3906e+02 1.6335e-02 0.0000e+00 0.0000e+00 1.6335e-02 3.3851e+02 0.0000e+00 0.0000e+00 0.0000e+00 0.0000e+00 3.3847e+02 -2.5548e+00 0.0000e+00 0.0000e+00 2.5548e+00 3.3794e+02 
6.0 2.8792e+02 1.1486e-02 0.0000e+00 0.0000e+00 1.1486e-02 2.8738e+02 0.0000e+00 0.0000e+00 0.0000e+00 0.0000e+00 2.8733e+02 -2.7856e+00 0.0000e+00 0.0000e+00 2.7856e+00 2.8682e+02 
7.0 2.4838e+02 -1.5057e-02 0.0000e+00 0.0000e+00 -1.5057e-02 2.4785e+02 0.0000e+00 0.0000e+00 0.0000e+00 0.0000e+00 2.4778e+02 -2.9005e+00 0.0000e+00 0.0000e+00 2.9005e+00 2.4728e+02 
8.0 2.1705e+02 -6.2877e-02 0.0000e+00 0.0000e+00 -6.2877e-02 2.1654e+02 0.0000e+00 0.0000e+00 0.0000e+00 0.0000e+00 2.1645e+02 -2.9286e+00 0.0000e+00 0.0000e+00 2.9286e+00 2.1597e+02 
9.0 1.9172e+02 -1.2913e-01 0.0000e+00 0.0000e+00 -1.2913e-01 1.9121e+02 0.0000e+00 0.0000e+00 0.0000e+00 0.0000e+00 1.9111e+02 -2.8960e+00 0.0000e+00 0.0000e+00 2.8960e+00 1.9065e+02 
10.0 1.7087e+02 -2.1000e-01 0.0000e+00 0.0000e+00 -2.1000e-01 1.7037e+02 0.0000e+00 0.0000e+00 0.0000e+00 0.0000e+00 1.7025e+02 -2.8233e+00 0.0000e+00 0.0000e+00 2.8233e+00 1.6981e+02 
11.0 1.5345e+02 -3.0166e-01 0.0000e+00 0.0000e+00 -3.0166e-01 1.5297e+02 0.0000e+00 0.0000e+00 0.0000e+00 0.0000e+00 1.5283e+02 -2.7257e+00 0.0000e+00 0.0000e+00 2.7257e+00 1.5241e+02 
12.0 1.3876e+02 -4.0092e-01 0.0000e+00 0.0000e+00 -4.0092e-01 1.3828e+02 0.0000e+00 0.0000e+00 0.0000e+00 0.0000e+00 1.3813e+02 -2.6139e+00 0.0000e+00 0.0000e+00 2.6139e+00 1.3772e+02 
13.0 1.2622e+02 -5.0538e-01 0.0000e+00 0.0000e+00 -5.0538e-01 1.2575e+02 0.0000e+00 0.0000e+00 0.0000e+00 0.0000e+00 1.2559e+02 -2.4951e+00 0.0000e+00 0.0000e+00 2.4951e+00 1.2520e+02 
14.0 1.1545e+02 -6.1343e-01 0.0000e+00 0.0000e+00 -6.1343e-01 1.1499e+02 0.0000e+00 0.0000e+00 0.0000e+00 0.0000e+00 1.1482e+02 -2.3757e+00 0.0000e+00 0.0000e+00 2.3757e+00 1.1444e+02 
15.0 1.0611e+02 -7.2441e-01 0.0000e+00 0.0000e+00 -7.2441e-01 1.0566e+02 0.0000e+00 0.0000e+00 0.0000e+00 0.0000e+00 1.0547e+02 -2.2569e+00 0.0000e+00 0.0000e+00 2.2569e+00 1.0511e+02 
16.0 9.7936e+01 -8.3819e-01 0.0000e+00 0.0000e+00 -8.3819e-01 9.7489e+01 0.0000e+00 0.0000e+00 0.0000e+00 0.0000e+00 9.7294e+01 -2.1409e+00 0.0000e+00 0.0000e+00 2.1409e+00 9.6944e+01 
17.0 9.0721e+01 -9.5473e-01 0.0000e+00 0.0000e+00 -9.5473e-01 9.0282e+01 0.0000e+00 0.0000e+00 0.0000e+00 0.0000e+00 9.0076e+01 -2.0288e+00 0.0000e+00 0.0000e+00 2.0288e+00 8.9739e+01 
18.0 8.4298e+01 -1.0738e+00 0.0000e+00 0.0000e+00 -1.0738e+00 8.3866e+01 0.0000e+00 0.0000e+00 0.0000e+00 0.0000e+00 8.3650e+01 -1.9210e+00 0.0000e+00 0.0000e+00 1.9210e+00 8.3325e+01 
19.0 7.8541e+01 -1.1951e+00 0.0000e+00 0.0000e+00 -1.1951e+00 7.8115e+01 0.0000e+00 0.0000e+00 0.0000e+00 0.0000e+00 7.8167e+01 -1.8174e+00 0.0000e+00 0.0000e+00 1.8174e+00 7.7854e+01 
20.0 7.3358e+01 -1.3184e+00 0.0000e+00 0.0000e+00 -1.3184e+00 7.2938e+01 0.0000e+00 0.0000e+00 0.0000e+00 0.0000e+00 7.3225e+01 -1.7177e+00 0.0000e+00 0.0000e+00 1.7177e+00 7.2923e+01 
21.0 6.8679e+01 -1.4435e+00 0.0000e+00 0.0000e+00 -1.4435e+00 6.8265e+01 0.0000e+00 0.0000e+00 0.0000e+00 0.0000e+00 6.8756e+01 -1.6216e+00 0.0000e+00 0.0000e+00 1.6216e+00 6.8465e+01 
22.0 6.4443e+01 -1.5703e+00 0.0000e+00 0.0000e+00 -1.5703e+00 6.4034e+01 0.0000e+00 0.0000e+00 0.0000e+00 0.0000e+00 6.4706e+01 -1.5292e+00 0.0000e+00 0.0000e+00 1.5292e+00 6.4424e+01 
23.0 6.0595e+01 -1.6987e+00 0.0000e+00 0.0000e+00 -1.6987e+00 6.0191e+01 0.0000e+00 0.0000e+00 0.0000e+00 0.0000e+00 6.1022e+01 -1.4406e+00 0.0000e+00 0.0000e+00 1.4406e+00 6.0749e+01 
24.0 5.7085e+01 -1.8283e+00 0.0000e+00 0.0000e+00 -1.8283e+00 5.6687e+01 0.0000e+00 0.0000e+00 0.0000e+00 0.0000e+00 5.7658e+01 -1.3558e+00 0.0000e+00 0.0000e+00 1.3558e+00 5.7392e+01 
25.0 5.3870e+01 -1.9586e+00 0.0000e+00 0.0000e+00 -1.9586e+00 5.3477e+01 0.0000e+00 0.0000e+00 0.0000e+00 0.0000e+00 5.4571e+01 -1.2751e+00 0.0000e+00 0.0000e+00 1.2751e+00 5.4314e+01 
26.0 5.0913e+01 -2.0888e+00 0.0000e+00 0.0000e+00 -2.0888e+00 5.0524e+01 0.0000e+00 0.0000e+00 0.0000e+00 0.0000e+00 5.1728e+01 -1.1986e+00 0.0000e+00 0.0000e+00 1.1986e+00 5.1477e+01 
27.0 4.8183e+01 -2.2182e+00 0.0000e+00 0.0000e+00 -2.2182e+00 4.7798e+01 0.0000e+00 0.0000e+00 0.0000e+00 0.0000e+00 4.9099e+01 -1.1264e+00 0.0000e+00 0.0000e+00 1.1264e+00 4.8855e+01 
28.0 4.5656e+01 -2.3463e+00 0.0000e+00 0.0000e+00 -2.3463e+00 4.5276e+01 0.0000e+00 0.0000e+00 0.0000e+00 0.0000e+00 4.6662e+01 -1.0581e+00 0.0000e+00 0.0000e+00 1.0581e+00 4.6425e+01 
29.0 4.3313e+01 -2.4730e+00 0.0000e+00 0.0000e+00 -2.4730e+00 4.2937e+01 0.0000e+00 0.0000e+00 0.0000e+00 0.0000e+00 4.4398e+01 -9.9360e-01 0.0000e+00 0.0000e+00 9.9360e-01 4.4167e+01 
30.0 4.1138e+01 -2.5979e+00 0.0000e+00 0.0000e+00 -2.5979e+00 4.0766e+01 0.0000e+00 0.0000e+00 0.0000e+00 0.0000e+00 4.2293e+01 -9.3237e-01 0.0000e+00 0.0000e+00 9.3237e-01 4.2068e+01 
31.0 3.9116e+01 -2.7211e+00 0.0000e+00 0.0000e+00 -2.7211e+00 3.8747e+01 0.0000e+00 0.0000e+00 0.0000e+00 0.0000e+00 4.0151e+01 -8.7433e-01 0.0000e+00 0.0000e+00 8.7433e-01 3.9934e+01 
32.0 3.7234e+01 -2.8423e+00 0.0000e+00 0.0000e+00 -2.8423e+00 3.6869e+01 0.0000e+00 0.0000e+00 0.0000e+00 0.0000e+00 3.8152e+01 -8.1946e-01 0.0000e+00 0.0000e+00 8.1946e-01 3.7943e+01 
33.0 3.5478e+01 -2.9611e+00 0.0000e+00 0.0000e+00 -2.9611e+00 3.5116e+01 0.0000e+00 0.0000e+00 0.0000e+00 0.0000e+00 3.6282e+01 -7.6778e-01 0.0000e+00 0.0000e+00 7.6778e-01 3.6081e+01 
34.0 3.3836e+01 -3.0773e+00 0.0000e+00 0.0000e+00 -3.0773e+00 3.3477e+01 0.0000e+00 0.0000e+00 0.0000e+00 0.0000e+00 3.4530e+01 -7.1921e-01 0.0000e+00 0.0000e+00 7.1921e-01 3.4336e+01 
35.0 3.2296e+01 -3.1904e+00 0.0000e+00 0.0000e+00 -3.1904e+00 3.1940e+01 0.0000e+00 0.0000e+00 0.0000e+00 0.0000e+00 3.2884e+01 -6.7359e-01 0.0000e+00 0.0000e+00 6.7359e-01 3.2698e+01 
36.0 3.0848e+01 -3.3002e+00 0.0000e+00 0.0000e+00 -3.3002e+00 3.0496e+01 0.0000e+00 0.0000e+00 0.0000e+00 0.0000e+00 3.1335e+01 -6.3066e-01 0.0000e+00 0.0000e+00 6.3066e-01 3.1155e+01 
37.0 2.9485e+01 -3.4066e+00 0.0000e+00 0.0000e+00 -3.4066e+00 2.9135e+01 0.0000e+00 0.0000e+00 0.0000e+00 0.0000e+00 2.9874e+01 -5.9012e-01 0.0000e+00 0.0000e+00 5.9012e-01 2.9701e+01 
38.0 2.8199e+01 -3.5094e+00 0.0000e+00 0.0000e+00 -3.5094e+00 2.7852e+01 0.0000e+00 0.0000e+00 0.0000e+00 0.0000e+00 2.8494e+01 -5.5171e-01 0.0000e+00 0.0000e+00 5.5171e-01 2.8328e+01 
39.0 2.6985e+01 -3.6085e+00 0.0000e+00 0.0000e+00 -3.6085e+00 2.6640e+01 0.0000e+00 0.0000e+00 0.0000e+00 0.0000e+00 2.7188e+01 -5.1523e-01 0.0000e+00 0.0000e+00 5.1523e-01 2.7029e+01 
40.0 2.5837e+01 -3.7039e+00 0.0000e+00 0.0000e+00 -3.7039e+00 2.5495e+01 0.0000e+00 0.0000e+00 0.0000e+00 0.0000e+00 2.5951e+01 -4.8051e-01 0.0000e+00 0.0000e+00 4.8051e-01 2.5799e+01 
41.0 2.4751e+01 -3.7954e+00 0.0000e+00 0.0000e+00 -3.7954e+00 2.4412e+01 0.0000e+00 0.0000e+00 0.0000e+00 0.0000e+00 2.4779e+01 -4.4742e-01 0.0000e+00 0.0000e+00 4.4742e-01 2.4633e+01 
42.0 2.3723e+01 -3.8830e+00 0.0000e+00 0.0000e+00 -3.8830e+00 2.3386e+01 0.0000e+00 0.0000e+00 0.0000e+00 0.0000e+00 2.3666e+01 -4.1587e-01 0.0000e+00 0.0000e+00 4.1587e-01 2.3526e+01 
43.0 2.2749e+01 -3.9666e+00 0.0000e+00 0.0000e+00 -3.9666e+00 2.2414e+01 0.0000e+00 0.0000e+00 0.0000e+00 0.0000e+00 2.2608e+01 -3.8578e-01 0.0000e+00 0.0000e+00 3.8578e-01 2.2475e+01 
44.0 2.1825e+01 -4.0461e+00 0.0000e+00 0.0000e+00 -4.0461e+00 2.1493e+01 0.0000e+00 0.0000e+00 0.0000e+00 0.0000e+00 2.1601e+01 -3.5709e-01 0.0000e+00 0.0000e+00 3.5709e-01 2.1474e+01 
45.0 2.0948e+01 -4.1215e+00 0.0000e+00 0.0000e+00 -4.1215e+00 2.0618e+01 0.0000e+00 0.0000e+00 0.0000e+00 0.0000e+00 2.0642e+01 -3.2966e-01 0.0000e+00 0.0000e+00 3.2966e-01 2.0521e+01 
46.0 2.0115e+01 -4.1927e+00 0.0000e+00 0.0000e+00 -4.1927e+00 1.9787e+01 0.0000e+00 0.0000e+00 0.0000e+00 0.0000e+00 1.9727e+01 -3.0335e-01 0.0000e+00 0.0000e+00 3.0335e-01 1.9612e+01 
47.0 1.9323e+01 -4.2597e+00 0.0000e+00 0.0000e+00 -4.2597e+00 1.8998e+01 0.0000e+00 0.0000e+00 0.0000e+00 0.0000e+00 1.8853e+01 -2.7803e-01 0.0000e+00 0.0000e+00 2.7803e-01 1.8745e+01 
48.0 1.8570e+01 -4.3225e+00 0.0000e+00 0.0000e+00 -4.3225e+00 1.8246e+01 0.0000e+00 0.0000e+00 0.0000e+00 0.0000e+00 1.8019e+01 -2.5359e-01 0.0000e+00 0.0000e+00 2.5359e-01 1.7916e+01 
49.0 1.7853e+01 -4.3811e+00 0.0000e+00 0.0000e+00 -4.3811e+00 1.7531e+01 0.0000e+00 0.0000e+00 0.0000e+00 0.0000e+00 1.7221e+01 -2.2999e-01 0.0000e+00 0.0000e+00 2.2999e-01 1.7124e+01 
50.0 1.7171e+01 -4.4357e+00 0.0000e+00 0.0000e+00 -4.4357e+00 1.6850e+01 0.0000e+00 0.0000e+00 0.0000e+00 0.0000e+00 1.6458e+01 -2.0718e-01 0.0000e+00 0.0000e+00 2.0718e-01 1.6367e+01 
51.0 1.6520e+01 -4.4861e+00 0.0000e+00 0.0000e+00 -4.4861e+00 1.6201e+01 0.0000e+00 0.0000e+00 0.0000e+00 0.0000e+00 1.5727e+01 -1.8513e-01 0.0000e+00 0.0000e+00 1.8513e-01 1.5642e+01 
52.0 1.5900e+01 -4.5325e+00 0.0000e+00 0.0000e+00 -4.5325e+00 1.5583e+01 0.0000e+00 0.0000e+00 0.0000e+00 0.0000e+00 1.5027e+01 -1.6381e-01 0.0000e+00 0.0000e+00 1.6381e-01 1.4948e+01 
53.0 1.5308e+01 -4.5748e+00 0.0000e+00 0.0000e+00 -4.5748e+00 1.4993e+01 0.0000e+00 0.0000e+00 0.0000e+00 0.0000e+00 1.4356e+01 -1.4317e-01 0.0000e+00 0.0000e+00 1.4317e-01 1.4282e+01 
54.0 1.4744e+01 -4.6131e+00 0.0000e+00 0.0000e+00 -4.6131e+00 1.4429e+01 0.0000e+00 0.0000e+00 0.0000e+00 0.0000e+00 1.3713e+01 -1.2315e-01 0.0000e+00 0.0000e+00 1.2315e-01 1.3644e+01 
55.0 1.4205e+01 -4.6475e+00 0.0000e+00 0.0000e+00 -4.6475e+00 1.3892e+01 0.0000e+00 0.0000e+00 0.0000e+00 0.0000e+00 1.3095e+01 -1.0371e-01 0.0000e+00 0.0000e+00 1.0371e-01 1.3032e+01 
56.0 1.3691e+01 -4.6779e+00 0.0000e+00 0.0000e+00 -4.6779e+00 1.3379e+01 0.0000e+00 0.0000e+00 0.0000e+00 0.0000e+00 1.2502e+01 -8.4829e-02 0.0000e+00 0.0000e+00 8.4829e-02 1.2444e+01 
57.0 1.3199e+01 -4.7045e+00 0.0000e+00 0.0000e+00 -4.7045e+00 1.2889e+01 0.0000e+00 0.0000e+00 0.0000e+00 0.0000e+00 1.1932e+01 -6.6467e-02 0.0000e+00 0.0000e+00 6.6467e-02 1.1880e+01 
58.0 1.2730e+01 -4.7274e+00 0.0000e+00 0.0000e+00 -4.7274e+00 1.2421e+01 0.0000e+00 0.0000e+00 0.0000e+00 0.0000e+00 1.1384e+01 -4.8602e-02 0.0000e+00 0.0000e+00 4.8602e-02 1.1338e+01 
59.0 1.2283e+01 -4.7465e+00 0.0000e+00 0.0000e+00 -4.7465e+00 1.1974e+01 0.0000e+00 0.0000e+00 0.0000e+00 0.0000e+00 1.0857e+01 -3.1212e-02 0.0000e+00 0.0000e+00 3.1212e-02 1.0816e+01 
60.0 1.1855e+01 -4.7621e+00 0.0000e+00 0.0000e+00 -4.7621e+00 1.1547e+01 0.0000e+00 0.0000e+00 0.0000e+00 0.0000e+00 1.0350e+01 -1.4278e-02 0.0000e+00 0.0000e+00 1.4278e-02 1.0315e+01 
61.0 1.1446e+01 -4.7741e+00 0.0000e+00 0.0000e+00 -4.7741e+00 1.1139e+01 0.0000e+00 0.0000e+00 0.0000e+00 0.0000e+00 9.8625e+00 2.2168e-03 0.0000e+00 0.0000e+00 -2.2168e-03 9.8325e+00 
62.0 1.1056e+01 -4.7826e+00 0.0000e+00 0.0000e+00 -4.7826e+00 1.0749e+01 0.0000e+00 0.0000e+00 0.0000e+00 0.0000e+00 9.3930e+00 1.8277e-02 0.0000e+00 0.0000e+00 -1.8277e-02 9.3684e+00 
63.0 1.0683e+01 -4.7878e+00 0.0000e+00 0.0000e+00 -4.7878e+00 1.0377e+01 0.0000e+00 0.0000e+00 0.0000e+00 0.0000e+00 8.9409e+00 3.3895e-02 0.0000e+00 0.0000e+00 -3.3895e-02 8.9217e+00 
64.0 1.0326e+01 -4.7898e+00 0.0000e+00 0.0000e+00 -4.7898e+00 1.0021e+01 0.0000e+00 0.0000e+00 0.0000e+00 0.0000e+00 8.5054e+00 4.9057e-02 0.0000e+00 0.0000e+00 -4.9057e-02 8.4916e+00 
65.0 9.9859e+00 -4.7885e+00 0.0000e+00 0.0000e+00 -4.7885e+00 9.6815e+00 0.0000e+00 0.0000e+00 0.0000e+00 0.0000e+00 8.0858e+00 6.3749e-02 0.0000e+00 0.0000e+00 -6.3749e-02 8.0773e+00 
66.0 9.6606e+00 -4.7842e+00 0.0000e+00 0.0000e+00 -4.7842e+00 9.3567e+00 0.0000e+00 0.0000e+00 0.0000e+00 0.0000e+00 7.6813e+00 7.7962e-02 0.0000e+00 0.0000e+00 -7.7962e-02 7.6782e+00 
67.0 9.3499e+00 -4.7768e+00 0.0000e+00 0.0000e+00 -4.7768e+00 9.0463e+00 0.0000e+00 0.0000e+00 0.0000e+00 0.0000e+00 7.2914e+00 9.1683e-02 0.0000e+00 0.0000e+00 -9.1683e-02 7.2936e+00 
68.0 9.0530e+00 -4.7664e+00 0.0000e+00 0.0000e+00 -4.7664e+00 8.7497e+00 0.0000e+00 0.0000e+00 0.0000e+00 0.0000e+00 6.9152e+00 1.0490e-01 0.0000e+00 0.0000e+00 -1.0490e-01 6.9228e+00 
69.0 8.7693e+00 -4.7532e+00 0.0000e+00 0.0000e+00 -4.7532e+00 8.4662e+00 0.0000e+00 0.0000e+00 0.0000e+00 0.0000e+00 6.5523e+00 1.1761e-01 0.0000e+00 0.0000e+00 -1.1761e-01 6.5652e+00 
70.0 8.4982e+00 -4.7372e+00 0.0000e+00 0.0000e+00 -4.7372e+00 8.1953e+00 0.0000e+00 0.0000e+00 0.0000e+00 0.0000e+00 6.2021e+00 1.2979e-01 0.0000e+00 0.0000e+00 -1.2979e-01 6.2203e+00 
71.0 8.2391e+00 -4.7184e+00 0.0000e+00 0.0000e+00 -4.7184e+00 7.9364e+00 0.0000e+00 0.0000e+00 0.0000e+00 0.0000e+00 5.8641e+00 1.4144e-01 0.0000e+00 0.0000e+00 -1.4144e-01 5.8876e+00 
72.0 7.9916e+00 -4.6971e+00 0.0000e+00 0.0000e+00 -4.6971e+00 7.6889e+00 0.0000e+00 0.0000e+00 0.0000e+00 0.0000e+00 5.5376e+00 1.5254e-01 0.0000e+00 0.0000e+00 -1.5254e-01 5.5664e+00 
73.0 7.7551e+00 -4.6732e+00 0.0000e+00 0.0000e+00 -4.6732e+00 7.4524e+00 0.0000e+00 0.0000e+00 0.0000e+00 0.0000e+00 5.2224e+00 1.6307e-01 0.0000e+00 0.0000e+00 -1.6307e-01 5.2565e+00 
74.0 7.5291e+00 -4.6468e+00 0.0000e+00 0.0000e+00 -4.6468e+00 7.2264e+00 0.0000e+00 0.0000e+00 0.0000e+00 0.0000e+00 4.9179e+00 1.7301e-01 0.0000e+00 0.0000e+00 -1.7301e-01 4.9572e+00 
75.0 7.3132e+00 -4.6181e+00 0.0000e+00 0.0000e+00 -4.6181e+00 7.0105e+00 0.0000e+00 0.0000e+00 0.0000e+00 0.0000e+00 4.6236e+00 1.8237e-01 0.0000e+00 0.0000e+00 -1.8237e-01 4.6681e+00 
76.0 7.1070e+00 -4.5871e+00 0.0000e+00 0.0000e+00 -4.5871e+00 6.8041e+00 0.0000e+00 0.0000e+00 0.0000e+00 0.0000e+00 4.3392e+00 1.9114e-01 0.0000e+00 0.0000e+00 -1.9114e-01 4.3889e+00 
77.0 6.9100e+00 -4.5538e+00 0.0000e+00 0.0000e+00 -4.5538e+00 6.6070e+00 0.0000e+00 0.0000e+00 0.0000e+00 0.0000e+00 4.0643e+00 1.9931e-01 0.0000e+00 0.0000e+00 -1.9931e-01 4.1191e+00 
78.0 6.7218e+00 -4.5183e+00 0.0000e+00 0.0000e+00 -4.5183e+00 6.4187e+00 0.0000e+00 0.0000e+00 0.0000e+00 0.0000e+00 3.7984e+00 2.0690e-01 0.0000e+00 0.0000e+00 -2.0690e-01 3.8583e+00 
79.0 6.5420e+00 -4.4808e+00 0.0000e+00 0.0000e+00 -4.4808e+00 6.2388e+00 0.0000e+00 0.0000e+00 0.0000e+00 0.0000e+00 3.5413e+00 2.1392e-01 0.0000e+00 0.0000e+00 -2.1392e-01 3.6063e+00 
80.0 6.3704e+00 -4.4413e+00 0.0000e+00 0.0000e+00 -4.4413e+00 6.0671e+00 0.0000e+00 0.0000e+00 0.0000e+00 0.0000e+00 3.2926e+00 2.2037e-01 0.0000e+00 0.0000e+00 -2.2037e-01 3.3625e+00 
81.0 6.2066e+00 -4.3999e+00 0.0000e+00 0.0000e+00 -4.3999e+00 5.9031e+00 0.0000e+00 0.0000e+00 0.0000e+00 0.0000e+00 3.0520e+00 2.2628e-01 0.0000e+00 0.0000e+00 -2.2628e-01 3.1268e+00 
82.0 6.0502e+00 -4.3566e+00 0.0000e+00 0.0000e+00 -4.3566e+00 5.7467e+00 0.0000e+00 0.0000e+00 0.0000e+00 0.0000e+00 2.8192e+00 2.3165e-01 0.0000e+00 0.0000e+00 -2.3165e-01 2.8988e+00 
83.0 5.9011e+00 -4.3116e+00 0.0000e+00 0.0000e+00 -4.3116e+00 5.5974e+00 0.0000e+00 0.0000e+00 0.0000e+00 0.0000e+00 2.5940e+00 2.3651e-01 0.0000e+00 0.0000e+00 -2.3651e-01 2.6782e+00 
84.0 5.7588e+00 -4.2649e+00 0.0000e+00 0.0000e+00 -4.2649e+00 5.4551e+00 0.0000e+00 0.0000e+00 0.0000e+00 0.0000e+00 2.3759e+00 2.4088e-01 0.0000e+00 0.0000e+00 -2.4088e-01 2.4648e+00 
85.0 5.6231e+00 -4.2165e+00 0.0000e+00 0.0000e+00 -4.2165e+00 5.3194e+00 0.0000e+00 0.0000e+00 0.0000e+00 0.0000e+00 2.1649e+00 2.4476e-01 0.0000e+00 0.0000e+00 -2.4476e-01 2.2583e+00 
86.0 5.4938e+00 -4.1667e+00 0.0000e+00 0.0000e+00 -4.1667e+00 5.1902e+00 0.0000e+00 0.0000e+00 0.0000e+00 0.0000e+00 1.9607e+00 2.4820e-01 0.0000e+00 0.0000e+00 -2.4820e-01 2.0584e+00 
87.0 5.3706e+00 -4.1154e+00 0.0000e+00 0.0000e+00 -4.1154e+00 5.0671e+00 0.0000e+00 0.0000e+00 0.0000e+00 0.0000e+00 1.7629e+00 2.5122e-01 0.0000e+00 0.0000e+00 -2.5122e-01 1.8649e+00 
88.0 5.2532e+00 -4.0627e+00 0.0000e+00 0.0000e+00 -4.0627e+00 4.9499e+00 0.0000e+00 0.0000e+00 0.0000e+00 0.0000e+00 1.5715e+00 2.5383e-01 0.0000e+00 0.0000e+00 -2.5383e-01 1.6776e+00 
89.0 5.1416e+00 -4.0087e+00 0.0000e+00 0.0000e+00 -4.0087e+00 4.8385e+00 0.0000e+00 0.0000e+00 0.0000e+00 0.0000e+00 1.3862e+00 2.5607e-01 0.0000e+00 0.0000e+00 -2.5607e-01 1.4963e+00 
90.0 5.0354e+00 -3.9535e+00 0.0000e+00 0.0000e+00 -3.9535e+00 4.7326e+00 0.0000e+00 0.0000e+00 0.0000e+00 0.0000e+00 1.2068e+00 2.5797e-01 0.0000e+00 0.0000e+00 -2.5797e-01 1.3208e+00 
91.0 4.9345e+00 -3.8971e+00 0.0000e+00 0.0000e+00 -3.8971e+00 4.6321e+00 0.0000e+00 0.0000e+00 0.0000e+00 0.0000e+00 1.0331e+00 2.5954e-01 0.0000e+00 0.0000e+00 -2.5954e-01 1.1508e+00 
92.0 4.8386e+00 -3.8397e+00 0.0000e+00 0.0000e+00 -3.8397e+00 4.5367e+00 0.0000e+00 0.0000e+00 0.0000e+00 0.0000e+00 8.6498e-01 2.6081e-01 0.0000e+00 0.0000e+00 -2.6081e-01 9.8627e-01 
93.0 4.7477e+00 -3.7813e+00 0.0000e+00 0.0000e+00 -3.7813e+00 4.4462e+00 0.0000e+00 0.0000e+00 0.0000e+00 0.0000e+00 7.0221e-01 2.6181e-01 0.0000e+00 0.0000e+00 -2.6181e-01 8.2694e-01 
94.0 4.6614e+00 -3.7220e+00 0.0000e+00 0.0000e+00 -3.7220e+00 4.3605e+00 0.0000e+00 0.0000e+00 0.0000e+00 0.0000e+00 5.4463e-01 2.6254e-01 0.0000e+00 0.0000e+00 -2.6254e-01 6.7268e-01 
95.0 4.5797e+00 -3.6618e+00 0.0000e+00 0.0000e+00 -3.6618e+00 4.2794e+00 0.0000e+00 0.0000e+00 0.0000e+00 0.0000e+00 3.9208e-01 2.6304e-01 0.0000e+00 0.0000e+00 -2.6304e-01 5.2330e-01 
96.0 4.5023e+00 -3.6008e+00 0.0000e+00 0.0000e+00 -3.6008e+00 4.2028e+00 0.0000e+00 0.0000e+00 0.0000e+00 0.0000e+00 2.4440e-01 2.6332e-01 0.0000e+00 0.0000e+00 -2.6332e-01 3.7866e-01 
97.0 4.4292e+00 -3.5391e+00 0.0000e+00 0.0000e+00 -3.5391e+00 4.1304e+00 0.0000e+00 0.0000e+00 0.0000e+00 0.0000e+00 1.0144e-01 2.6341e-01 0.0000e+00 0.0000e+00 -2.6341e-01 2.3862e-01 
98.0 4.3601e+00 -3.4768e+00 0.0000e+00 0.0000e+00 -3.4768e+00 4.0621e+00 0.0000e+00 0.0000e+00 0.0000e+00 0.0000e+00 -3.6955e-02 2.6332e-01 0.0000e+00 0.0000e+00 -2.6332e-01 1.0302e-01 
99.0 4.2949e+00 -3.4139e+00 0.0000e+00 0.0000e+00 -3.4139e+00 3.9978e+00 0.0000e+00 0.0000e+00 0.0000e+00 0.0000e+00 -1.7092e-01 2.6307e-01 0.0000e+00 0.0000e+00 -2.6307e-01 -2.8272e-02 
100.0 4.2335e+00 -3.3504e+00 0.0000e+00 0.0000e+00 -3.3504e+00 3.9374e+00 0.0000e+00 0.0000e+00 0.0000e+00 0.0000e+00 -3.0058e-01 2.6268e-01 0.0000e+00 0.0000e+00 -2.6268e-01 -1.5538e-01 
101.0 4.1757e+00 -3.2866e+00 0.0000e+00 0.0000e+00 -3.2866e+00 3.8806e+00 0.0000e+00 0.0000e+00 0.0000e+00 0.0000e+00 -4.2609e-01 2.6215e-01 0.0000e+00 0.0000e+00 -2.6215e-01 -2.7844e-01 
102.0 4.1215e+00 -3.2223e+00 0.0000e+00 0.0000e+00 -3.2223e+00 3.8273e+00 0.0000e+00 0.0000e+00 0.0000e+00 0.0000e+00 -5.4755e-01 2.6151e-01 0.0000e+00 0.0000e+00 -2.6151e-01 -3.9756e-01 
103.0 4.0706e+00 -3.1577e+00 0.0000e+00 0.0000e+00 -3.1577e+00 3.7774e+00 0.0000e+00 0.0000e+00 0.0000e+00 0.0000e+00 -6.6510e-01 2.6075e-01 0.0000e+00 0.0000e+00 -2.6075e-01 -5.1287e-01 
104.0 4.0229e+00 -3.0929e+00 0.0000e+00 0.0000e+00 -3.0929e+00 3.7309e+00 0.0000e+00 0.0000e+00 0.0000e+00 0.0000e+00 -7.7886e-01 2.5988e-01 0.0000e+00 0.0000e+00 -2.5988e-01 -6.2448e-01 
105.0 3.9784e+00 -3.0278e+00 0.0000e+00 0.0000e+00 -3.0278e+00 3.6874e+00 0.0000e+00 0.0000e+00 0.0000e+00 0.0000e+00 -8.8894e-01 2.5892e-01 0.0000e+00 0.0000e+00 -2.5892e-01 -7.3251e-01 
106.0 3.9368e+00 -2.9626e+00 0.0000e+00 0.0000e+00 -2.9626e+00 3.6470e+00 0.0000e+00 0.0000e+00 0.0000e+00 0.0000e+00 -9.9545e-01 2.5787e-01 0.0000e+00 0.0000e+00 -2.5787e-01 -8.3705e-01 
107.0 3.8981e+00 -2.8972e+00 0.0000e+00 0.0000e+00 -2.8972e+00 3.6094e+00 0.0000e+00 0.0000e+00 0.0000e+00 0.0000e+00 -1.0985e+00 2.5673e-01 0.0000e+00 0.0000e+00 -2.5673e-01 -9.3822e-01 
108.0 3.8622e+00 -2.8319e+00 0.0000e+00 0.0000e+00 -2.8319e+00 3.5747e+00 0.0000e+00 0.0000e+00 0.0000e+00 0.0000e+00 -1.1982e+00 2.5551e-01 0.0000e+00 0.0000e+00 -2.5551e-01 -1.0361e+00 
109.0 3.8290e+00 -2.7665e+00 0.0000e+00 0.0000e+00 -2.7665e+00 3.5426e+00 0.0000e+00 0.0000e+00 0.0000e+00 0.0000e+00 -1.2946e+00 2.5420e-01 0.0000e+00 0.0000e+00 -2.5420e-01 -1.1308e+00 
110.0 3.7983e+00 -2.7012e+00 0.0000e+00 0.0000e+00 -2.7012e+00 3.5131e+00 0.0000e+00 0.0000e+00 0.0000e+00 0.0000e+00 -1.3879e+00 2.5281e-01 0.0000e+00 0.0000e+00 -2.5281e-01 -1.2224e+00 
111.0 3.7700e+00 -2.6360e+00 0.0000e+00 0.0000e+00 -2.6360e+00 3.4860e+00 0.0000e+00 0.0000e+00 0.0000e+00 0.0000e+00 -1.4782e+00 2.5133e-01 0.0000e+00 0.0000e+00 -2.5133e-01 -1.3111e+00 
112.0 3.7441e+00 -2.5709e+00 0.0000e+00 0.0000e+00 -2.5709e+00 3.4612e+00 0.0000e+00 0.0000e+00 0.0000e+00 0.0000e+00 -1.5654e+00 2.4976e-01 0.0000e+00 0.0000e+00 -2.4976e-01 -1.3968e+00 
113.0 3.7204e+00 -2.5060e+00 0.0000e+00 0.0000e+00 -2.5060e+00 3.4387e+00 0.0000e+00 0.0000e+00 0.0000e+00 0.0000e+00 -1.6499e+00 2.4810e-01 0.0000e+00 0.0000e+00 -2.4810e-01 -1.4797e+00 
114.0 3.6988e+00 -2.4414e+00 0.0000e+00 0.0000e+00 -2.4414e+00 3.4184e+00 0.0000e+00 0.0000e+00 0.0000e+00 0.0000e+00 -1.7315e+00 2.4635e-01 0.0000e+00 0.0000e+00 -2.4635e-01 -1.5599e+00 
115.0 3.6793e+00 -2.3770e+00 0.0000e+00 0.0000e+00 -2.3770e+00 3.4000e+00 0.0000e+00 0.0000e+00 0.0000e+00 0.0000e+00 -1.8105e+00 2.4450e-01 0.0000e+00 0.0000e+00 -2.4450e-01 -1.6375e+00 
116.0 3.6618e+00 -2.3129e+00 0.0000e+00 0.0000e+00 -2.3129e+00 3.3836e+00 0.0000e+00 0.0000e+00 0.0000e+00 0.0000e+00 -1.8868e+00 2.4255e-01 0.0000e+00 0.0000e+00 -2.4255e-01 -1.7125e+00 
117.0 3.6461e+00 -2.2492e+00 0.0000e+00 0.0000e+00 -2.2492e+00 3.3691e+00 0.0000e+00 0.0000e+00 0.0000e+00 0.0000e+00 -1.9607e+00 2.4050e-01 0.0000e+00 0.0000e+00 -2.4050e-01 -1.7850e+00 
118.0 3.6322e+00 -2.1858e+00 0.0000e+00 0.0000e+00 -2.1858e+00 3.3563e+00 0.0000e+00 0.0000e+00 0.0000e+00 0.0000e+00 -2.0321e+00 2.3835e-01 0.0000e+00 0.0000e+00 -2.3835e-01 -1.8552e+00 
119.0 3.6200e+00 -2.1229e+00 0.0000e+00 0.0000e+00 -2.1229e+00 3.3452e+00 0.0000e+00 0.0000e+00 0.0000e+00 0.0000e+00 -2.1011e+00 2.3610e-01 0.0000e+00 0.0000e+00 -2.3610e-01 -1.9230e+00 
120.0 3.6094e+00 -2.0604e+00 0.0000e+00 0.0000e+00 -2.0604e+00 3.3358e+00 0.0000e+00 0.0000e+00 0.0000e+00 0.0000e+00 -2.1679e+00 2.3376e-01 0.0000e+00 0.0000e+00 -2.3376e-01 -1.9886e+00 
121.0 3.6004e+00 -1.9984e+00 0.0000e+00 0.0000e+00 -1.9984e+00 3.3279e+00 0.0000e+00 0.0000e+00 0.0000e+00 0.0000e+00 -2.2325e+00 2.3132e-01 0.0000e+00 0.0000e+00 -2.3132e-01 -2.0521e+00 
122.0 3.5928e+00 -1.9370e+00 0.0000e+00 0.0000e+00 -1.9370e+00 3.3214e+00 0.0000e+00 0.0000e+00 0.0000e+00 0.0000e+00 -2.2950e+00 2.2878e-01 0.0000e+00 0.0000e+00 -2.2878e-01 -2.1134e+00 
123.0 3.5867e+00 -1.8760e+00 0.0000e+00 0.0000e+00 -1.8760e+00 3.3163e+00 0.0000e+00 0.0000e+00 0.0000e+00 0.0000e+00 -2.3554e+00 2.2615e-01 0.0000e+00 0.0000e+00 -2.2615e-01 -2.1728e+00 
124.0 3.5819e+00 -1.8156e+00 0.0000e+00 0.0000e+00 -1.8156e+00 3.3126e+00 0.0000e+00 0.0000e+00 0.0000e+00 0.0000e+00 -2.4139e+00 2.2343e-01 0.0000e+00 0.0000e+00 -2.2343e-01 -2.2302e+00 
125.0 3.5783e+00 -1.7558e+00 0.0000e+00 0.0000e+00 -1.7558e+00 3.3101e+00 0.0000e+00 0.0000e+00 0.0000e+00 0.0000e+00 -2.4704e+00 2.2064e-01 0.0000e+00 0.0000e+00 -2.2064e-01 -2.2857e+00 
126.0 3.5760e+00 -1.6966e+00 0.0000e+00 0.0000e+00 -1.6966e+00 3.3088e+00 0.0000e+00 0.0000e+00 0.0000e+00 0.0000e+00 -2.5251e+00 2.1778e-01 0.0000e+00 0.0000e+00 -2.1778e-01 -2.3395e+00 
127.0 3.5748e+00 -1.6381e+00 0.0000e+00 0.0000e+00 -1.6381e+00 3.3087e+00 0.0000e+00 0.0000e+00 0.0000e+00 0.0000e+00 -2.5780e+00 2.1486e-01 0.0000e+00 0.0000e+00 -2.1486e-01 -2.3914e+00 
128.0 3.5746e+00 -1.5802e+00 0.0000e+00 0.0000e+00 -1.5802e+00 3.3096e+00 0.0000e+00 0.0000e+00 0.0000e+00 0.0000e+00 -2.6291e+00 2.1186e-01 0.0000e+00 0.0000e+00 -2.1186e-01 -2.4417e+00 
129.0 3.5755e+00 -1.5230e+00 0.0000e+00 0.0000e+00 -1.5230e+00 3.3115e+00 0.0000e+00 0.0000e+00 0.0000e+00 0.0000e+00 -2.6786e+00 2.0881e-01 0.0000e+00 0.0000e+00 -2.0881e-01 -2.4903e+00 
130.0 3.5774e+00 -1.4665e+00 0.0000e+00 0.0000e+00 -1.4665e+00 3.3144e+00 0.0000e+00 0.0000e+00 0.0000e+00 0.0000e+00 -2.7264e+00 2.0571e-01 0.0000e+00 0.0000e+00 -2.0571e-01 -2.5374e+00 
131.0 3.5801e+00 -1.4108e+00 0.0000e+00 0.0000e+00 -1.4108e+00 3.3182e+00 0.0000e+00 0.0000e+00 0.0000e+00 0.0000e+00 -2.7727e+00 2.0256e-01 0.0000e+00 0.0000e+00 -2.0256e-01 -2.5830e+00 
132.0 3.5837e+00 -1.3558e+00 0.0000e+00 0.0000e+00 -1.3558e+00 3.3229e+00 0.0000e+00 0.0000e+00 0.0000e+00 0.0000e+00 -2.8175e+00 1.9939e-01 0.0000e+00 0.0000e+00 -1.9939e-01 -2.6270e+00 
133.0 3.5881e+00 -1.3016e+00 0.0000e+00 0.0000e+00 -1.3016e+00 3.3284e+00 0.0000e+00 0.0000e+00 0.0000e+00 0.0000e+00 -2.8608e+00 1.9620e-01 0.0000e+00 0.0000e+00 -1.9620e-01 -2.6697e+00 
134.0 3.5933e+00 -1.2483e+00 0.0000e+00 0.0000e+00 -1.2483e+00 3.3347e+00 0.0000e+00 0.0000e+00 0.0000e+00 0.0000e+00 -2.9026e+00 1.9299e-01 0.0000e+00 0.0000e+00 -1.9299e-01 -2.7110e+00 
135.0 3.5992e+00 -1.1957e+00 0.0000e+00 0.0000e+00 -1.1957e+00 3.3417e+00 0.0000e+00 0.0000e+00 0.0000e+00 0.0000e+00 -2.9430e+00 1.8977e-01 0.0000e+00 0.0000e+00 -1.8977e-01 -2.7509e+00 
136.0 3.6057e+00 -1.1441e+00 0.0000e+00 0.0000e+00 -1.1441e+00 3.3493e+00 0.0000e+00 0.0000e+00 0.0000e+00 0.0000e+00 -2.9821e+00 1.8651e-01 0.0000e+00 0.0000e+00 -1.8651e-01 -2.7896e+00 
137.0 3.6128e+00 -1.0933e+00 0.0000e+00 0.0000e+00 -1.0933e+00 3.3576e+00 0.0000e+00 0.0000e+00 0.0000e+00 0.0000e+00 -3.0199e+00 1.8323e-01 0.0000e+00 0.0000e+00 -1.8323e-01 -2.8270e+00 
138.0 3.6205e+00 -1.0434e+00 0.0000e+00 0.0000e+00 -1.0434e+00 3.3666e+00 0.0000e+00 0.0000e+00 0.0000e+00 0.0000e+00 -3.0564e+00 1.7993e-01 0.0000e+00 0.0000e+00 -1.7993e-01 -2.8632e+00 
139.0 3.6286e+00 -9.9446e-01 0.0000e+00 0.0000e+00 -9.9446e-01 3.3760e+00 0.0000e+00 0.0000e+00 0.0000e+00 0.0000e+00 -3.0916e+00 1.7661e-01 0.0000e+00 0.0000e+00 -1.7661e-01 -2.8982e+00 
140.0 3.6372e+00 -9.4647e-01 0.0000e+00 0.0000e+00 -9.4647e-01 3.3860e+00 0.0000e+00 0.0000e+00 0.0000e+00 0.0000e+00 -3.1257e+00 1.7326e-01 0.0000e+00 0.0000e+00 -1.7326e-01 -2.9322e+00 
141.0 3.6462e+00 -8.9946e-01 0.0000e+00 0.0000e+00 -8.9946e-01 3.3964e+00 0.0000e+00 0.0000e+00 0.0000e+00 0.0000e+00 -3.1585e+00 1.6989e-01 0.0000e+00 0.0000e+00 -1.6989e-01 -2.9650e+00 
142.0 3.6555e+00 -8.5345e-01 0.0000e+00 0.0000e+00 -8.5345e-01 3.4072e+00 0.0000e+00 0.0000e+00 0.0000e+00 0.0000e+00 -3.1902e+00 1.6648e-01 0.0000e+00 0.0000e+00 -1.6648e-01 -2.9968e+00 
143.0 3.6651e+00 -8.0846e-01 0.0000e+00 0.0000e+00 -8.0846e-01 3.4184e+00 0.0000e+00 0.0000e+00 0.0000e+00 0.0000e+00 -3.2208e+00 1.6305e-01 0.0000e+00 0.0000e+00 -1.6305e-01 -3.0276e+00 
144.0 3.6750e+00 -7.6450e-01 0.0000e+00 0.0000e+00 -7.6450e-01 3.4300e+00 0.0000e+00 0.0000e+00 0.0000e+00 0.0000e+00 -3.2503e+00 1.5959e-01 0.0000e+00 0.0000e+00 -1.5959e-01 -3.0574e+00 
145.0 3.6852e+00 -7.2157e-01 0.0000e+00 0.0000e+00 -7.2157e-01 3.4419e+00 0.0000e+00 0.0000e+00 0.0000e+00 0.0000e+00 -3.2787e+00 1.5610e-01 0.0000e+00 0.0000e+00 -1.5610e-01 -3.0862e+00 
146.0 3.6954e+00 -6.7970e-01 0.0000e+00 0.0000e+00 -6.7970e-01 3.4540e+00 0.0000e+00 0.0000e+00 0.0000e+00 0.0000e+00 -3.3060e+00 1.5255e-01 0.0000e+00 0.0000e+00 -1.5255e-01 -3.1141e+00 
147.0 3.7058e+00 -6.3889e-01 0.0000e+00 0.0000e+00 -6.3889e-01 3.4663e+00 0.0000e+00 0.0000e+00 0.0000e+00 0.0000e+00 -3.3324e+00 1.4891e-01 0.0000e+00 0.0000e+00 -1.4891e-01 -3.1410e+00 
148.0 3.7163e+00 -5.9912e-01 0.0000e+00 0.0000e+00 -5.9912e-01 3.4788e+00 0.0000e+00 0.0000e+00 0.0000e+00 0.0000e+00 -3.3577e+00 1.4519e-01 0.0000e+00 0.0000e+00 -1.4519e-01 -3.1671e+00 
149.0 3.7268e+00 -5.6042e-01 0.0000e+00 0.0000e+00 -5.6042e-01 3.4914e+00 0.0000e+00 0.0000e+00 0.0000e+00 0.0000e+00 -3.3821e+00 1.4137e-01 0.0000e+00 0.0000e+00 -1.4137e-01 -3.1924e+00 
150.0 3.7374e+00 -5.2280e-01 0.0000e+00 0.0000e+00 -5.2280e-01 3.5041e+00 0.0000e+00 0.0000e+00 0.0000e+00 0.0000e+00 -3.4056e+00 1.3747e-01 0.0000e+00 0.0000e+00 -1.3747e-01 -3.2167e+00 
151.0 3.7480e+00 -4.8627e-01 0.0000e+00 0.0000e+00 -4.8627e-01 3.5169e+00 0.0000e+00 0.0000e+00 0.0000e+00 0.0000e+00 -3.4281e+00 1.3347e-01 0.0000e+00 0.0000e+00 -1.3347e-01 -3.2403e+00 
152.0 3.7586e+00 -4.5083e-01 0.0000e+00 0.0000e+00 -4.5083e-01 3.5298e+00 0.0000e+00 0.0000e+00 0.0000e+00 0.0000e+00 -3.4497e+00 1.2933e-01 0.0000e+00 0.0000e+00 -1.2933e-01 -3.2630e+00 
153.0 3.7691e+00 -4.1649e-01 0.0000e+00 0.0000e+00 -4.1649e-01 3.5426e+00 0.0000e+00 0.0000e+00 0.0000e+00 0.0000e+00 -3.4704e+00 1.2503e-01 0.0000e+00 0.0000e+00 -1.2503e-01 -3.2849e+00 
154.0 3.7796e+00 -3.8324e-01 0.0000e+00 0.0000e+00 -3.8324e-01 3.5555e+00 0.0000e+00 0.0000e+00 0.0000e+00 0.0000e+00 -3.4903e+00 1.2054e-01 0.0000e+00 0.0000e+00 -1.2054e-01 -3.3060e+00 
155.0 3.7900e+00 -3.5109e-01 0.0000e+00 0.0000e+00 -3.5109e-01 3.5682e+00 0.0000e+00 0.0000e+00 0.0000e+00 0.0000e+00 -3.5093e+00 1.1586e-01 0.0000e+00 0.0000e+00 -1.1586e-01 -3.3262e+00 
156.0 3.8004e+00 -3.2001e-01 0.0000e+00 0.0000e+00 -3.2001e-01 3.5810e+00 0.0000e+00 0.0000e+00 0.0000e+00 0.0000e+00 -3.5274e+00 1.1103e-01 0.0000e+00 0.0000e+00 -1.1103e-01 -3.3457e+00 
157.0 3.8108e+00 -2.9003e-01 0.0000e+00 0.0000e+00 -2.9003e-01 3.5939e+00 0.0000e+00 0.0000e+00 0.0000e+00 0.0000e+00 -3.5448e+00 1.0608e-01 0.0000e+00 0.0000e+00 -1.0608e-01 -3.3645e+00 
158.0 3.8213e+00 -2.6115e-01 0.0000e+00 0.0000e+00 -2.6115e-01 3.6068e+00 0.0000e+00 0.0000e+00 0.0000e+00 0.0000e+00 -3.5614e+00 1.0099e-01 0.0000e+00 0.0000e+00 -1.0099e-01 -3.3825e+00 
159.0 3.8316e+00 -2.3340e-01 0.0000e+00 0.0000e+00 -2.3340e-01 3.6197e+00 0.0000e+00 0.0000e+00 0.0000e+00 0.0000e+00 -3.5772e+00 9.5684e-02 0.0000e+00 0.0000e+00 -9.5684e-02 -3.3998e+00 
160.0 3.8419e+00 -2.0683e-01 0.0000e+00 0.0000e+00 -2.0683e-01 3.6324e+00 0.0000e+00 0.0000e+00 0.0000e+00 0.0000e+00 -3.5922e+00 9.0090e-02 0.0000e+00 0.0000e+00 -9.0090e-02 -3.4165e+00 
161.0 3.8520e+00 -1.8146e-01 0.0000e+00 0.0000e+00 -1.8146e-01 3.6450e+00 0.0000e+00 0.0000e+00 0.0000e+00 0.0000e+00 -3.6067e+00 8.4167e-02 0.0000e+00 0.0000e+00 -8.4167e-02 -3.4325e+00 
162.0 3.8621e+00 -1.5733e-01 0.0000e+00 0.0000e+00 -1.5733e-01 3.6574e+00 0.0000e+00 0.0000e+00 0.0000e+00 0.0000e+00 -3.6206e+00 7.7886e-02 0.0000e+00 0.0000e+00 -7.7886e-02 -3.4478e+00 
163.0 3.8721e+00 -1.3454e-01 0.0000e+00 0.0000e+00 -1.3454e-01 3.6696e+00 0.0000e+00 0.0000e+00 0.0000e+00 0.0000e+00 -3.6340e+00 7.1177e-02 0.0000e+00 0.0000e+00 -7.1177e-02 -3.4626e+00 
164.0 3.8819e+00 -1.1319e-01 0.0000e+00 0.0000e+00 -1.1319e-01 3.6813e+00 0.0000e+00 0.0000e+00 0.0000e+00 0.0000e+00 -3.6470e+00 6.3904e-02 0.0000e+00 0.0000e+00 -6.3904e-02 -3.4766e+00 
165.0 3.8916e+00 -9.3442e-02 0.0000e+00 0.0000e+00 -9.3442e-02 3.6924e+00 0.0000e+00 0.0000e+00 0.0000e+00 0.0000e+00 -3.6598e+00 5.5918e-02 0.0000e+00 0.0000e+00 -5.5918e-02 -3.4900e+00 
166.0 3.9012e+00 -7.5423e-02 0.0000e+00 0.0000e+00 -7.5423e-02 3.7027e+00 0.0000e+00 0.0000e+00 0.0000e+00 0.0000e+00 -3.6725e+00 4.7125e-02 0.0000e+00 0.0000e+00 -4.7125e-02 -3.5026e+00 
167.0 3.9109e+00 -5.9281e-02 0.0000e+00 0.0000e+00 -5.9281e-02 3.7119e+00 0.0000e+00 0.0000e+00 0.0000e+00 0.0000e+00 -3.6854e+00 3.7512e-02 0.0000e+00 0.0000e+00 -3.7512e-02 -3.5142e+00 
168.0 3.9212e+00 -4.5149e-02 0.0000e+00 0.0000e+00 -4.5149e-02 3.7202e+00 0.0000e+00 0.0000e+00 0.0000e+00 0.0000e+00 -3.6986e+00 2.7160e-02 0.0000e+00 0.0000e+00 -2.7160e-02 -3.5245e+00 
169.0 3.9326e+00 -3.3119e-02 0.0000e+00 0.0000e+00 -3.3119e-02 3.7274e+00 0.0000e+00 0.0000e+00 0.0000e+00 0.0000e+00 -3.7125e+00 1.6274e-02 0.0000e+00 0.0000e+00 -1.6274e-02 -3.5331e+00 
170.0 3.9460e+00 -2.3237e-02 0.0000e+00 0.0000e+00 -2.3237e-02 3.7337e+00 0.0000e+00 0.0000e+00 0.0000e+00 0.0000e+00 -3.7273e+00 5.2016e-03 0.0000e+00 0.0000e+00 -5.2016e-03 -3.5393e+00 
171.0 3.9624e+00 -1.5512e-02 0.0000e+00 0.0000e+00 -1.5512e-02 3.7396e+00 0.0000e+00 0.0000e+00 0.0000e+00 0.0000e+00 -3.7433e+00 -5.5454e-03 0.0000e+00 0.0000e+00 5.5454e-03 -3.5427e+00 
172.0 3.9829e+00 -9.9255e-03 0.0000e+00 0.0000e+00 -9.9255e-03 3.7453e+00 0.0000e+00 0.0000e+00 0.0000e+00 0.0000e+00 -3.7606e+00 -1.5249e-02 0.0000e+00 0.0000e+00 1.5249e-02 -3.5426e+00 
173.0 4.0085e+00 -6.3606e-03 0.0000e+00 0.0000e+00 -6.3606e-03 3.7516e+00 0.0000e+00 0.0000e+00 0.0000e+00 0.0000e+00 -3.7794e+00 -2.2871e-02 0.0000e+00 0.0000e+00 2.2871e-02 -3.5387e+00 
174.0 4.0401e+00 -4.4379e-03 0.0000e+00 0.0000e+00 -4.4379e-03 3.7594e+00 0.0000e+00 0.0000e+00 0.0000e+00 0.0000e+00 -3.7996e+00 -2.6999e-02 0.0000e+00 0.0000e+00 2.6999e-02 -3.5314e+00 
175.0 4.0777e+00 -3.4683e-03 0.0000e+00 0.0000e+00 -3.4683e-03 3.7700e+00 0.0000e+00 0.0000e+00 0.0000e+00 0.0000e+00 -3.8208e+00 -2.6313e-02 0.0000e+00 0.0000e+00 2.6313e-02 -3.5213e+00 
176.0 4.1190e+00 -2.6753e-03 0.0000e+00 0.0000e+00 -2.6753e-03 3.7833e+00 0.0000e+00 0.0000e+00 0.0000e+00 0.0000e+00 -3.8416e+00 -2.0594e-02 0.0000e+00 0.0000e+00 2.0594e-02 -3.5101e+00 
177.0 4.1586e+00 -1.6182e-03 0.0000e+00 0.0000e+00 -1.6182e-03 3.7977e+00 0.0000e+00 0.0000e+00 0.0000e+00 0.0000e+00 -3.8598e+00 -1.1674e-02 0.0000e+00 0.0000e+00 1.1674e-02 -3.4998e+00 
178.0 4.1880e+00 -5.0977e-04 0.0000e+00 0.0000e+00 -5.0977e-04 3.8093e+00 0.0000e+00 0.0000e+00 0.0000e+00 0.0000e+00 -3.8725e+00 -3.4090e-03 0.0000e+00 0.0000e+00 3.4090e-03 -3.4925e+00 
179.0 4.1991e+00 -5.5243e-21 0.0000e+00 0.0000e+00 -5.5243e-21 3.8138e+00 0.0000e+00 0.0000e+00 0.0000e+00 0.0000e+00 -3.8771e+00 -6.0440e-20 0.0000e+00 0.0000e+00 6.0440e-20 -3.4898e+00 
180.0 4.2106e+00 0.0000e+00 0.0000e+00 0.0000e+00 0.0000e+00 3.8184e+00 0.0000e+00 0.0000e+00 0.0000e+00 0.0000e+00 -3.8817e+00 0.0000e+00 0.0000e+00 0.0000e+00 -0.0000e+00 -3.4872e+00 
