1.5573 2.1808 0.6235 0.063024
theta s11 s12 s13 s14 s21 s22 s23 s24 s31 s32 s33 s34 s41 s42 s43 s44
0.0 9.5058e+02 0.0000e+00 0.0000e+00 0.0000e+00 0.0000e+00 9.4950e+02 0.0000e+00 0.0000e+00 0.0000e+00 0.0000e+00 9.4950e+02 0.0000e+00 0.0000e+00 0.0000e+00 -0.0000e+00 9.4843e+02 
1.0 8.7236e+02 -3.8233e-02 0.0000e+00 0.0000e+00 -3.8233e-02 8.7128e+02 0.0000e+00 0.0000e+00 0.0000e+00 0.0000e+00 8.7128e+02 -3.8469e-01 0.0000e+00 0.0000e+00 3.8469e-01 8.7021e+02 
2.0 7.4559e+02 -1.0385e-01 0.0000e+00 0.0000e+00 -1.0385e-01 7.4453e+02 0.0000e+00 0.0000e+00 0.0000e+00 0.0000e+00 7.4453e+02 -1.3626e+00 0.0000e+00 0.0000e+00 1.3626e+00 7.4347e+02 
3.0 6.3089e+02 -1.6184e-01 0.0000e+00 0.0000e+00 -1.6184e-01 6.2984e+02 0.0000e+00 0.0000e+00 0.0000e+00 0.0000e+00 6.2983e+02 -2.5700e+00 0.0000e+00 0.0000e+00 2.5700e+00 6.2879e+02 
4.0 5.3293e+02 -2.0932e-01 0.0000e+00 0.0000e+00 -2.0932e-01 5.3191e+02 0.0000e+00 0.0000e+00 0.0000e+00 0.0000e+00 5.3188e+02 -3.7189e+00 0.0000e+00 0.0000e+00 3.7189e+00 5.3087e+02 
5.0 4.5093e+02 -2.5202e-01 0.0000e+00 0.0000e+00 -2.5202e-01 4.4993e+02 0.0000e+00 0.0000e+00 0.0000e+00 0.0000e+00 4.4986e+02 -4.6695e+00 0.0000e+00 0.0000e+00 4.6695e+00 4.4889e+02 
6.0 3.8299e+02 -2.9774e-01 0.0000e+00 0.0000e+00 -2.9774e-01 3.8202e+02 0.0000e+00 0.0000e+00 0.0000e+00 0.0000e+00 3.8192e+02 -5.3699e+00 0.0000e+00 0.0000e+00 5.3699e+00 3.8099e+02 
7.0 3.2714e+02 -3.5286e-01 0.0000e+00 0.0000e+00 -3.5286e-01 3.2620e+02 0.0000e+00 0.0000e+00 0.0000e+00 0.0000e+00 3.2606e+02 -5.8167e+00 0.0000e+00 0.0000e+00 5.8167e+00 3.2516e+02 
8.0 2.8145e+02 -4.2037e-01 0.0000e+00 0.0000e+00 -4.2037e-01 2.8053e+02 0.0000e+00 0.0000e+00 0.0000e+00 0.0000e+00 2.8035e+02 -6.0408e+00 0.0000e+00 0.0000e+00 6.0408e+00 2.7949e+02 
9.0 2.4413e+02 -5.0038e-01 0.0000e+00 0.0000e+00 -5.0038e-01 2.4324e+02 0.0000e+00 0.0000e+00 0.0000e+00 0.0000e+00 2.4301e+02 -6.0869e+00 0.0000e+00 0.0000e+00 6.0869e+00 2.4218e+02 
10.0 2.1360e+02 -5.9124e-01 0.0000e+00 0.0000e+00 -5.9124e-01 2.1273e+02 0.0000e+00 0.0000e+00 0.0000e+00 0.0000e+00 2.1246e+02 -6.0010e+00 0.0000e+00 0.0000e+00 6.0010e+00 2.1166e+02 
11.0 1.8853e+02 -6.9033e-01 0.0000e+00 0.0000e+00 -6.9033e-01 1.8768e+02 0.0000e+00 0.0000e+00 0.0000e+00 0.0000e+00 1.8737e+02 -5.8252e+00 0.0000e+00 0.0000e+00 5.8252e+00 1.8661e+02 
12.0 1.6782e+02 -7.9495e-01 0.0000e+00 0.0000e+00 -7.9495e-01 1.6699e+02 0.0000e+00 0.0000e+00 0.0000e+00 0.0000e+00 1.6664e+02 -5.5943e+00 0.0000e+00 0.0000e+00 5.5943e+00 1.6591e+02 
13.0 1.5058e+02 -9.0390e-01 0.0000e+00 0.0000e+00 -9.0390e-01 1.4977e+02 0.0000e+00 0.0000e+00 0.0000e+00 0.0000e+00 1.4938e+02 -5.3327e+00 0.0000e+00 0.0000e+00 5.3327e+00 1.4868e+02 
14.0 1.3612e+02 -1.0120e+00 0.0000e+00 0.0000e+00 -1.0120e+00 1.3532e+02 0.0000e+00 0.0000e+00 0.0000e+00 0.0000e+00 1.3491e+02 -5.0662e+00 0.0000e+00 0.0000e+00 5.0662e+00 1.3424e+02 
15.0 1.2388e+02 -1.1213e+00 0.0000e+00 0.0000e+00 -1.1213e+00 1.2310e+02 0.0000e+00 0.0000e+00 0.0000e+00 0.0000e+00 1.2266e+02 -4.7998e+00 0.0000e+00 0.0000e+00 4.7998e+00 1.2202e+02 
16.0 1.1343e+02 -1.2300e+00 0.0000e+00 0.0000e+00 -1.2300e+00 1.1267e+02 0.0000e+00 0.0000e+00 0.0000e+00 0.0000e+00 1.1220e+02 -4.5436e+00 0.0000e+00 0.0000e+00 4.5436e+00 1.1158e+02 
17.0 1.0441e+02 -1.3374e+00 0.0000e+00 0.0000e+00 -1.3374e+00 1.0367e+02 0.0000e+00 0.0000e+00 0.0000e+00 0.0000e+00 1.0318e+02 -4.3016e+00 0.0000e+00 0.0000e+00 4.3016e+00 1.0258e+02 
18.0 9.6565e+01 -1.4432e+00 0.0000e+00 0.0000e+00 -1.4432e+00 9.5833e+01 0.0000e+00 0.0000e+00 0.0000e+00 0.0000e+00 9.5331e+01 -4.0756e+00 0.0000e+00 0.0000e+00 4.0756e+00 9.4754e+01 
19.0 8.9671e+01 -1.5472e+00 0.0000e+00 0.0000e+00 -1.5472e+00 8.8952e+01 0.0000e+00 0.0000e+00 0.0000e+00 0.0000e+00 8.8752e+01 -3.8658e+00 0.0000e+00 0.0000e+00 3.8658e+00 8.8200e+01 
20.0 8.3563e+01 -1.6497e+00 0.0000e+00 0.0000e+00 -1.6497e+00 8.2856e+01 0.0000e+00 0.0000e+00 0.0000e+00 0.0000e+00 8.2919e+01 -3.6711e+00 0.0000e+00 0.0000e+00 3.6711e+00 8.2389e+01 
21.0 7.8109e+01 -1.7508e+00 0.0000e+00 0.0000e+00 -1.7508e+00 7.7415e+01 0.0000e+00 0.0000e+00 0.0000e+00 0.0000e+00 7.7706e+01 -3.4907e+00 0.0000e+00 0.0000e+00 3.4907e+00 7.7197e+01 
22.0 7.3205e+01 -1.8507e+00 0.0000e+00 0.0000e+00 -1.8507e+00 7.2521e+01 0.0000e+00 0.0000e+00 0.0000e+00 0.0000e+00 7.3014e+01 -3.3231e+00 0.0000e+00 0.0000e+00 3.3231e+00 7.2523e+01 
23.0 6.8763e+01 -1.9496e+00 0.0000e+00 0.0000e+00 -1.9496e+00 6.8090e+01 0.0000e+00 0.0000e+00 0.0000e+00 0.0000e+00 6.8760e+01 -3.1671e+00 0.0000e+00 0.0000e+00 3.1671e+00 6.8286e+01 
24.0 6.4716e+01 -2.0475e+00 0.0000e+00 0.0000e+00 -2.0475e+00 6.4054e+01 0.0000e+00 0.0000e+00 0.0000e+00 0.0000e+00 6.4879e+01 -3.0212e+00 0.0000e+00 0.0000e+00 3.0212e+00 6.4421e+01 
25.0 6.1011e+01 -2.1441e+00 0.0000e+00 0.0000e+00 -2.1441e+00 6.0359e+01 0.0000e+00 0.0000e+00 0.0000e+00 0.0000e+00 6.1322e+01 -2.8844e+00 0.0000e+00 0.0000e+00 2.8844e+00 6.0879e+01 
26.0 5.7607e+01 -2.2393e+00 0.0000e+00 0.0000e+00 -2.2393e+00 5.6964e+01 0.0000e+00 0.0000e+00 0.0000e+00 0.0000e+00 5.8050e+01 -2.7556e+00 0.0000e+00 0.0000e+00 2.7556e+00 5.7620e+01 
27.0 5.4470e+01 -2.3328e+00 0.0000e+00 0.0000e+00 -2.3328e+00 5.3836e+01 0.0000e+00 0.0000e+00 0.0000e+00 0.0000e+00 5.5029e+01 -2.6341e+00 0.0000e+00 0.0000e+00 2.6341e+00 5.4613e+01 
28.0 5.1571e+01 -2.4246e+00 0.0000e+00 0.0000e+00 -2.4246e+00 5.0945e+01 0.0000e+00 0.0000e+00 0.0000e+00 0.0000e+00 5.2234e+01 -2.5195e+00 0.0000e+00 0.0000e+00 2.5195e+00 5.1830e+01 
29.0 4.8885e+01 -2.5144e+00 0.0000e+00 0.0000e+00 -2.5144e+00 4.8268e+01 0.0000e+00 0.0000e+00 0.0000e+00 0.0000e+00 4.9641e+01 -2.4111e+00 0.0000e+00 0.0000e+00 2.4111e+00 4.9248e+01 
30.0 4.6390e+01 -2.6020e+00 0.0000e+00 0.0000e+00 -2.6020e+00 4.5781e+01 0.0000e+00 0.0000e+00 0.0000e+00 0.0000e+00 4.7228e+01 -2.3085e+00 0.0000e+00 0.0000e+00 2.3085e+00 4.6847e+01 
31.0 4.4064e+01 -2.6873e+00 0.0000e+00 0.0000e+00 -2.6873e+00 4.3463e+01 0.0000e+00 0.0000e+00 0.0000e+00 0.0000e+00 4.4761e+01 -2.2115e+00 0.0000e+00 0.0000e+00 2.2115e+00 4.4394e+01 
32.0 4.1890e+01 -2.7699e+00 0.0000e+00 0.0000e+00 -2.7699e+00 4.1296e+01 0.0000e+00 0.0000e+00 0.0000e+00 0.0000e+00 4.2454e+01 -2.1198e+00 0.0000e+00 0.0000e+00 2.1198e+00 4.2101e+01 
33.0 3.9852e+01 -2.8495e+00 0.0000e+00 0.0000e+00 -2.8495e+00 3.9266e+01 0.0000e+00 0.0000e+00 0.0000e+00 0.0000e+00 4.0292e+01 -2.0331e+00 0.0000e+00 0.0000e+00 2.0331e+00 3.9952e+01 
34.0 3.7937e+01 -2.9260e+00 0.0000e+00 0.0000e+00 -2.9260e+00 3.7357e+01 0.0000e+00 0.0000e+00 0.0000e+00 0.0000e+00 3.8261e+01 -1.9510e+00 0.0000e+00 0.0000e+00 1.9510e+00 3.7934e+01 
35.0 3.6133e+01 -2.9991e+00 0.0000e+00 0.0000e+00 -2.9991e+00 3.5560e+01 0.0000e+00 0.0000e+00 0.0000e+00 0.0000e+00 3.6350e+01 -1.8730e+00 0.0000e+00 0.0000e+00 1.8730e+00 3.6036e+01 
36.0 3.4433e+01 -3.0688e+00 0.0000e+00 0.0000e+00 -3.0688e+00 3.3866e+01 0.0000e+00 0.0000e+00 0.0000e+00 0.0000e+00 3.4548e+01 -1.7984e+00 0.0000e+00 0.0000e+00 1.7984e+00 3.4247e+01 
37.0 3.2828e+01 -3.1352e+00 0.0000e+00 0.0000e+00 -3.1352e+00 3.2268e+01 0.0000e+00 0.0000e+00 0.0000e+00 0.0000e+00 3.2848e+01 -1.7268e+00 0.0000e+00 0.0000e+00 1.7268e+00 3.2559e+01 
38.0 3.1314e+01 -3.1984e+00 0.0000e+00 0.0000e+00 -3.1984e+00 3.0760e+01 0.0000e+00 0.0000e+00 0.0000e+00 0.0000e+00 3.1243e+01 -1.6579e+00 0.0000e+00 0.0000e+00 1.6579e+00 3.0965e+01 
39.0 2.9886e+01 -3.2586e+00 0.0000e+00 0.0000e+00 -3.2586e+00 2.9337e+01 0.0000e+00 0.0000e+00 0.0000e+00 0.0000e+00 2.9725e+01 -1.5912e+00 0.0000e+00 0.0000e+00 1.5912e+00 2.9459e+01 
40.0 2.8537e+01 -3.3159e+00 0.0000e+00 0.0000e+00 -3.3159e+00 2.7994e+01 0.0000e+00 0.0000e+00 0.0000e+00 0.0000e+00 2.8290e+01 -1.5268e+00 0.0000e+00 0.0000e+00 1.5268e+00 2.8035e+01 
41.0 2.7264e+01 -3.3703e+00 0.0000e+00 0.0000e+00 -3.3703e+00 2.6726e+01 0.0000e+00 0.0000e+00 0.0000e+00 0.0000e+00 2.6932e+01 -1.4646e+00 0.0000e+00 0.0000e+00 1.4646e+00 2.6688e+01 
42.0 2.6060e+01 -3.4218e+00 0.0000e+00 0.0000e+00 -3.4218e+00 2.5528e+01 0.0000e+00 0.0000e+00 0.0000e+00 0.0000e+00 2.5645e+01 -1.4046e+00 0.0000e+00 0.0000e+00 1.4046e+00 2.5412e+01 
43.0 2.4921e+01 -3.4702e+00 0.0000e+00 0.0000e+00 -3.4702e+00 2.4394e+01 0.0000e+00 0.0000e+00 0.0000e+00 0.0000e+00 2.4425e+01 -1.3467e+00 0.0000e+00 0.0000e+00 1.3467e+00 2.4203e+01 
44.0 2.3843e+01 -3.5156e+00 0.0000e+00 0.0000e+00 -3.5156e+00 2.3321e+01 0.0000e+00 0.0000e+00 0.0000e+00 0.0000e+00 2.3268e+01 -1.2910e+00 0.0000e+00 0.0000e+00 1.2910e+00 2.3055e+01 
45.0 2.2820e+01 -3.5579e+00 0.0000e+00 0.0000e+00 -3.5579e+00 2.2303e+01 0.0000e+00 0.0000e+00 0.0000e+00 0.0000e+00 2.2168e+01 -1.2372e+00 0.0000e+00 0.0000e+00 1.2372e+00 2.1966e+01 
46.0 2.1850e+01 -3.5971e+00 0.0000e+00 0.0000e+00 -3.5971e+00 2.1338e+01 0.0000e+00 0.0000e+00 0.0000e+00 0.0000e+00 2.1123e+01 -1.1852e+00 0.0000e+00 0.0000e+00 1.1852e+00 2.0930e+01 
47.0 2.0929e+01 -3.6332e+00 0.0000e+00 0.0000e+00 -3.6332e+00 2.0421e+01 0.0000e+00 0.0000e+00 0.0000e+00 0.0000e+00 2.0128e+01 -1.1348e+00 0.0000e+00 0.0000e+00 1.1348e+00 1.9945e+01 
48.0 2.0053e+01 -3.6663e+00 0.0000e+00 0.0000e+00 -3.6663e+00 1.9549e+01 0.0000e+00 0.0000e+00 0.0000e+00 0.0000e+00 1.9182e+01 -1.0858e+00 0.0000e+00 0.0000e+00 1.0858e+00 1.9008e+01 
49.0 1.9221e+01 -3.6963e+00 0.0000e+00 0.0000e+00 -3.6963e+00 1.8721e+01 0.0000e+00 0.0000e+00 0.0000e+00 0.0000e+00 1.8280e+01 -1.0383e+00 0.0000e+00 0.0000e+00 1.0383e+00 1.8115e+01 
50.0 1.8429e+01 -3.7235e+00 0.0000e+00 0.0000e+00 -3.7235e+00 1.7934e+01 0.0000e+00 0.0000e+00 0.0000e+00 0.0000e+00 1.7420e+01 -9.9206e-01 0.0000e+00 0.0000e+00 9.9206e-01 1.7265e+01 
51.0 1.7676e+01 -3.7477e+00 0.0000e+00 0.0000e+00 -3.7477e+00 1.7185e+01 0.0000e+00 0.0000e+00 0.0000e+00 0.0000e+00 1.6600e+01 -9.4703e-01 0.0000e+00 0.0000e+00 9.4703e-01 1.6454e+01 
52.0 1.6960e+01 -3.7691e+00 0.0000e+00 0.0000e+00 -3.7691e+00 1.6472e+01 0.0000e+00 0.0000e+00 0.0000e+00 0.0000e+00 1.5819e+01 -9.0313e-01 0.0000e+00 0.0000e+00 9.0313e-01 1.5681e+01 
53.0 1.6278e+01 -3.7878e+00 0.0000e+00 0.0000e+00 -3.7878e+00 1.5794e+01 0.0000e+00 0.0000e+00 0.0000e+00 0.0000e+00 1.5072e+01 -8.6034e-01 0.0000e+00 0.0000e+00 8.6034e-01 1.4943e+01 
54.0 1.5630e+01 -3.8039e+00 0.0000e+00 0.0000e+00 -3.8039e+00 1.5149e+01 0.0000e+00 0.0000e+00 0.0000e+00 0.0000e+00 1.4360e+01 -8.1860e-01 0.0000e+00 0.0000e+00 8.1860e-01 1.4239e+01 
55.0 1.5013e+01 -3.8173e+00 0.0000e+00 0.0000e+00 -3.8173e+00 1.4535e+01 0.0000e+00 0.0000e+00 0.0000e+00 0.0000e+00 1.3680e+01 -7.7791e-01 0.0000e+00 0.0000e+00 7.7791e-01 1.3567e+01 
56.0 1.4425e+01 -3.8282e+00 0.0000e+00 0.0000e+00 -3.8282e+00 1.3951e+01 0.0000e+00 0.0000e+00 0.0000e+00 0.0000e+00 1.3030e+01 -7.3825e-01 0.0000e+00 0.0000e+00 7.3825e-01 1.2925e+01 
57.0 1.3866e+01 -3.8365e+00 0.0000e+00 0.0000e+00 -3.8365e+00 1.3395e+01 0.0000e+00 0.0000e+00 0.0000e+00 0.0000e+00 1.2408e+01 -6.9962e-01 0.0000e+00 0.0000e+00 6.9962e-01 1.2312e+01 
58.0 1.3334e+01 -3.8424e+00 0.0000e+00 0.0000e+00 -3.8424e+00 1.2866e+01 0.0000e+00 0.0000e+00 0.0000e+00 0.0000e+00 1.1814e+01 -6.6199e-01 0.0000e+00 0.0000e+00 6.6199e-01 1.1725e+01 
59.0 1.2827e+01 -3.8458e+00 0.0000e+00 0.0000e+00 -3.8458e+00 1.2362e+01 0.0000e+00 0.0000e+00 0.0000e+00 0.0000e+00 1.1245e+01 -6.2532e-01 0.0000e+00 0.0000e+00 6.2532e-01 1.1165e+01 
60.0 1.2344e+01 -3.8469e+00 0.0000e+00 0.0000e+00 -3.8469e+00 1.1881e+01 0.0000e+00 0.0000e+00 0.0000e+00 0.0000e+00 1.0701e+01 -5.8960e-01 0.0000e+00 0.0000e+00 5.8960e-01 1.0628e+01 
61.0 1.1883e+01 -3.8457e+00 0.0000e+00 0.0000e+00 -3.8457e+00 1.1424e+01 0.0000e+00 0.0000e+00 0.0000e+00 0.0000e+00 1.0180e+01 -5.5479e-01 0.0000e+00 0.0000e+00 5.5479e-01 1.0115e+01 
62.0 1.1445e+01 -3.8422e+00 0.0000e+00 0.0000e+00 -3.8422e+00 1.0988e+01 0.0000e+00 0.0000e+00 0.0000e+00 0.0000e+00 9.6814e+00 -5.2088e-01 0.0000e+00 0.0000e+00 5.2088e-01 9.6232e+00 
63.0 1.1027e+01 -3.8366e+00 0.0000e+00 0.0000e+00 -3.8366e+00 1.0572e+01 0.0000e+00 0.0000e+00 0.0000e+00 0.0000e+00 9.2034e+00 -4.8788e-01 0.0000e+00 0.0000e+00 4.8788e-01 9.1525e+00 
64.0 1.0628e+01 -3.8289e+00 0.0000e+00 0.0000e+00 -3.8289e+00 1.0176e+01 0.0000e+00 0.0000e+00 0.0000e+00 0.0000e+00 8.7454e+00 -4.5577e-01 0.0000e+00 0.0000e+00 4.5577e-01 8.7017e+00 
65.0 1.0248e+01 -3.8192e+00 0.0000e+00 0.0000e+00 -3.8192e+00 9.7984e+00 0.0000e+00 0.0000e+00 0.0000e+00 0.0000e+00 8.3063e+00 -4.2458e-01 0.0000e+00 0.0000e+00 4.2458e-01 8.2697e+00 
66.0 9.8859e+00 -3.8074e+00 0.0000e+00 0.0000e+00 -3.8074e+00 9.4384e+00 0.0000e+00 0.0000e+00 0.0000e+00 0.0000e+00 7.8852e+00 -3.9429e-01 0.0000e+00 0.0000e+00 3.9429e-01 7.8556e+00 
67.0 9.5404e+00 -3.7937e+00 0.0000e+00 0.0000e+00 -3.7937e+00 9.0951e+00 0.0000e+00 0.0000e+00 0.0000e+00 0.0000e+00 7.4813e+00 -3.6492e-01 0.0000e+00 0.0000e+00 3.6492e-01 7.4587e+00 
68.0 9.2109e+00 -3.7782e+00 0.0000e+00 0.0000e+00 -3.7782e+00 8.7677e+00 0.0000e+00 0.0000e+00 0.0000e+00 0.0000e+00 7.0937e+00 -3.3646e-01 0.0000e+00 0.0000e+00 3.3646e-01 7.0779e+00 
69.0 8.8967e+00 -3.7608e+00 0.0000e+00 0.0000e+00 -3.7608e+00 8.4555e+00 0.0000e+00 0.0000e+00 0.0000e+00 0.0000e+00 6.7217e+00 -3.0890e-01 0.0000e+00 0.0000e+00 3.0890e-01 6.7126e+00 
70.0 8.5969e+00 -3.7416e+00 0.0000e+00 0.0000e+00 -3.7416e+00 8.1577e+00 0.0000e+00 0.0000e+00 0.0000e+00 0.0000e+00 6.3645e+00 -2.8224e-01 0.0000e+00 0.0000e+00 2.8224e-01 6.3621e+00 
71.0 8.3109e+00 -3.7208e+00 0.0000e+00 0.0000e+00 -3.7208e+00 7.8737e+00 0.0000e+00 0.0000e+00 0.0000e+00 0.0000e+00 6.0214e+00 -2.5649e-01 0.0000e+00 0.0000e+00 2.5649e-01 6.0255e+00 
72.0 8.0382e+00 -3.6982e+00 0.0000e+00 0.0000e+00 -3.6982e+00 7.6028e+00 0.0000e+00 0.0000e+00 0.0000e+00 0.0000e+00 5.6918e+00 -2.3162e-01 0.0000e+00 0.0000e+00 2.3162e-01 5.7024e+00 
73.0 7.7780e+00 -3.6741e+00 0.0000e+00 0.0000e+00 -3.6741e+00 7.3444e+00 0.0000e+00 0.0000e+00 0.0000e+00 0.0000e+00 5.3750e+00 -2.0765e-01 0.0000e+00 0.0000e+00 2.0765e-01 5.3920e+00 
74.0 7.5298e+00 -3.6484e+00 0.0000e+00 0.0000e+00 -3.6484e+00 7.0980e+00 0.0000e+00 0.0000e+00 0.0000e+00 0.0000e+00 5.0705e+00 -1.8455e-01 0.0000e+00 0.0000e+00 1.8455e-01 5.0938e+00 
75.0 7.2930e+00 -3.6211e+00 0.0000e+00 0.0000e+00 -3.6211e+00 6.8630e+00 0.0000e+00 0.0000e+00 0.0000e+00 0.0000e+00 4.7777e+00 -1.6233e-01 0.0000e+00 0.0000e+00 1.6233e-01 4.8071e+00 
76.0 7.0672e+00 -3.5924e+00 0.0000e+00 0.0000e+00 -3.5924e+00 6.6388e+00 0.0000e+00 0.0000e+00 0.0000e+00 0.0000e+00 4.4961e+00 -1.4095e-01 0.0000e+00 0.0000e+00 1.4095e-01 4.5315e+00 
77.0 6.8517e+00 -3.5623e+00 0.0000e+00 0.0000e+00 -3.5623e+00 6.4251e+00 0.0000e+00 0.0000e+00 0.0000e+00 0.0000e+00 4.2250e+00 -1.2039e-01 0.0000e+00 0.0000e+00 1.2039e-01 4.2665e+00 
78.0 6.6463e+00 -3.5308e+00 0.0000e+00 0.0000e+00 -3.5308e+00 6.2213e+00 0.0000e+00 0.0000e+00 0.0000e+00 0.0000e+00 3.9642e+00 -1.0063e-01 0.0000e+00 0.0000e+00 1.0063e-01 4.0115e+00 
79.0 6.4503e+00 -3.4980e+00 0.0000e+00 0.0000e+00 -3.4980e+00 6.0270e+00 0.0000e+00 0.0000e+00 0.0000e+00 0.0000e+00 3.7131e+00 -8.1640e-02 0.0000e+00 0.0000e+00 8.1640e-02 3.7662e+00 
80.0 6.2634e+00 -3.4640e+00 0.0000e+00 0.0000e+00 -3.4640e+00 5.8417e+00 0.0000e+00 0.0000e+00 0.0000e+00 0.0000e+00 3.4713e+00 -6.3393e-02 0.0000e+00 0.0000e+00 6.3393e-02 3.5300e+00 
81.0 6.0852e+00 -3.4288e+00 0.0000e+00 0.0000e+00 -3.4288e+00 5.6652e+00 0.0000e+00 0.0000e+00 0.0000e+00 0.0000e+00 3.2384e+00 -4.5869e-02 0.0000e+00 0.0000e+00 4.5869e-02 3.3027e+00 
82.0 5.9153e+00 -3.3924e+00 0.0000e+00 0.0000e+00 -3.3924e+00 5.4970e+00 0.0000e+00 0.0000e+00 0.0000e+00 0.0000e+00 3.0140e+00 -2.9049e-02 0.0000e+00 0.0000e+00 2.9049e-02 3.0838e+00 
83.0 5.7533e+00 -3.3550e+00 0.0000e+00 0.0000e+00 -3.3550e+00 5.3367e+00 0.0000e+00 0.0000e+00 0.0000e+00 0.0000e+00 2.7979e+00 -1.2918e-02 0.0000e+00 0.0000e+00 1.2918e-02 2.8730e+00 
84.0 5.5989e+00 -3.3166e+00 0.0000e+00 0.0000e+00 -3.3166e+00 5.1840e+00 0.0000e+00 0.0000e+00 0.0000e+00 0.0000e+00 2.5896e+00 2.5413e-03 0.0000e+00 0.0000e+00 -2.5413e-03 2.6698e+00 
85.0 5.4518e+00 -3.2772e+00 0.0000e+00 0.0000e+00 -3.2772e+00 5.0386e+00 0.0000e+00 0.0000e+00 0.0000e+00 0.0000e+00 2.3887e+00 1.7347e-02 0.0000e+00 0.0000e+00 -1.7347e-02 2.4741e+00 
86.0 5.3117e+00 -3.2369e+00 0.0000e+00 0.0000e+00 -3.2369e+00 4.9002e+00 0.0000e+00 0.0000e+00 0.0000e+00 0.0000e+00 2.1951e+00 3.1516e-02 0.0000e+00 0.0000e+00 -3.1516e-02 2.2855e+00 
87.0 5.1781e+00 -3.1957e+00 0.0000e+00 0.0000e+00 -3.1957e+00 4.7684e+00 0.0000e+00 0.0000e+00 0.0000e+00 0.0000e+00 2.0084e+00 4.5065e-02 0.0000e+00 0.0000e+00 -4.5065e-02 2.1037e+00 
88.0 5.0510e+00 -3.1537e+00 0.0000e+00 0.0000e+00 -3.1537e+00 4.6429e+00 0.0000e+00 0.0000e+00 0.0000e+00 0.0000e+00 1.8284e+00 5.8010e-02 0.0000e+00 0.0000e+00 -5.8010e-02 1.9284e+00 
89.0 4.9299e+00 -3.1110e+00 0.0000e+00 0.0000e+00 -3.1110e+00 4.5236e+00 0.0000e+00 0.0000e+00 0.0000e+00 0.0000e+00 1.6547e+00 7.0366e-02 0.0000e+00 0.0000e+00 -7.0366e-02 1.7593e+00 
90.0 4.8146e+00 -3.0675e+00 0.0000e+00 0.0000e+00 -3.0675e+00 4.4102e+00 0.0000e+00 0.0000e+00 0.0000e+00 0.0000e+00 1.4872e+00 8.2148e-02 0.0000e+00 0.0000e+00 -8.2148e-02 1.5963e+00 
91.0 4.7049e+00 -3.0234e+00 0.0000e+00 0.0000e+00 -3.0234e+00 4.3023e+00 0.0000e+00 0.0000e+00 0.0000e+00 0.0000e+00 1.3255e+00 9.3370e-02 0.0000e+00 0.0000e+00 -9.3370e-02 1.4390e+00 
92.0 4.6006e+00 -2.9786e+00 0.0000e+00 0.0000e+00 -2.9786e+00 4.1998e+00 0.0000e+00 0.0000e+00 0.0000e+00 0.0000e+00 1.1695e+00 1.0404e-01 0.0000e+00 0.0000e+00 -1.0404e-01 1.2872e+00 
93.0 4.5014e+00 -2.9332e+00 0.0000e+00 0.0000e+00 -2.9332e+00 4.1025e+00 0.0000e+00 0.0000e+00 0.0000e+00 0.0000e+00 1.0189e+00 1.1418e-01 0.0000e+00 0.0000e+00 -1.1418e-01 1.1407e+00 
94.0 4.4070e+00 -2.8873e+00 0.0000e+00 0.0000e+00 -2.8873e+00 4.0100e+00 0.0000e+00 0.0000e+00 0.0000e+00 0.0000e+00 8.7351e-01 1.2380e-01 0.0000e+00 0.0000e+00 -1.2380e-01 9.9926e-01 
95.0 4.3174e+00 -2.8409e+00 0.0000e+00 0.0000e+00 -2.8409e+00 3.9224e+00 0.0000e+00 0.0000e+00 0.0000e+00 0.0000e+00 7.3318e-01 1.3291e-01 0.0000e+00 0.0000e+00 -1.3291e-01 8.6273e-01 
96.0 4.2323e+00 -2.7940e+00 0.0000e+00 0.0000e+00 -2.7940e+00 3.8392e+00 0.0000e+00 0.0000e+00 0.0000e+00 0.0000e+00 5.9768e-01 1.4153e-01 0.0000e+00 0.0000e+00 -1.4153e-01 7.3091e-01 
97.0 4.1515e+00 -2.7466e+00 0.0000e+00 0.0000e+00 -2.7466e+00 3.7605e+00 0.0000e+00 0.0000e+00 0.0000e+00 0.0000e+00 4.6684e-01 1.4966e-01 0.0000e+00 0.0000e+00 -1.4966e-01 6.0359e-01 
98.0 4.0748e+00 -2.6989e+00 0.0000e+00 0.0000e+00 -2.6989e+00 3.6859e+00 0.0000e+00 0.0000e+00 0.0000e+00 0.0000e+00 3.4048e-01 1.5732e-01 0.0000e+00 0.0000e+00 -1.5732e-01 4.8061e-01 
99.0 4.0021e+00 -2.6507e+00 0.0000e+00 0.0000e+00 -2.6507e+00 3.6153e+00 0.0000e+00 0.0000e+00 0.0000e+00 0.0000e+00 2.1843e-01 1.6453e-01 0.0000e+00 0.0000e+00 -1.6453e-01 3.6179e-01 
100.0 3.9333e+00 -2.6023e+00 0.0000e+00 0.0000e+00 -2.6023e+00 3.5486e+00 0.0000e+00 0.0000e+00 0.0000e+00 0.0000e+00 1.0054e-01 1.7128e-01 0.0000e+00 0.0000e+00 -1.7128e-01 2.4698e-01 
101.0 3.8681e+00 -2.5535e+00 0.0000e+00 0.0000e+00 -2.5535e+00 3.4856e+00 0.0000e+00 0.0000e+00 0.0000e+00 0.0000e+00 -1.3356e-02 1.7761e-01 0.0000e+00 0.0000e+00 -1.7761e-01 1.3601e-01 
102.0 3.8064e+00 -2.5044e+00 0.0000e+00 0.0000e+00 -2.5044e+00 3.4261e+00 0.0000e+00 0.0000e+00 0.0000e+00 0.0000e+00 -1.2340e-01 1.8351e-01 0.0000e+00 0.0000e+00 -1.8351e-01 2.8731e-02 
103.0 3.7480e+00 -2.4551e+00 0.0000e+00 0.0000e+00 -2.4551e+00 3.3701e+00 0.0000e+00 0.0000e+00 0.0000e+00 0.0000e+00 -2.2974e-01 1.8900e-01 0.0000e+00 0.0000e+00 -1.8900e-01 -7.4995e-02 
104.0 3.6929e+00 -2.4055e+00 0.0000e+00 0.0000e+00 -2.4055e+00 3.3174e+00 0.0000e+00 0.0000e+00 0.0000e+00 0.0000e+00 -3.3251e-01 1.9410e-01 0.0000e+00 0.0000e+00 -1.9410e-01 -1.7530e-01 
105.0 3.6409e+00 -2.3558e+00 0.0000e+00 0.0000e+00 -2.3558e+00 3.2678e+00 0.0000e+00 0.0000e+00 0.0000e+00 0.0000e+00 -4.3185e-01 1.9883e-01 0.0000e+00 0.0000e+00 -1.9883e-01 -2.7233e-01 
106.0 3.5919e+00 -2.3059e+00 0.0000e+00 0.0000e+00 -2.3059e+00 3.2213e+00 0.0000e+00 0.0000e+00 0.0000e+00 0.0000e+00 -5.2786e-01 2.0319e-01 0.0000e+00 0.0000e+00 -2.0319e-01 -3.6619e-01 
107.0 3.5458e+00 -2.2558e+00 0.0000e+00 0.0000e+00 -2.2558e+00 3.1777e+00 0.0000e+00 0.0000e+00 0.0000e+00 0.0000e+00 -6.2068e-01 2.0720e-01 0.0000e+00 0.0000e+00 -2.0720e-01 -4.5701e-01 
108.0 3.5024e+00 -2.2056e+00 0.0000e+00 0.0000e+00 -2.2056e+00 3.1369e+00 0.0000e+00 0.0000e+00 0.0000e+00 0.0000e+00 -7.1042e-01 2.1087e-01 0.0000e+00 0.0000e+00 -2.1087e-01 -5.4490e-01 
109.0 3.4616e+00 -2.1553e+00 0.0000e+00 0.0000e+00 -2.1553e+00 3.0988e+00 0.0000e+00 0.0000e+00 0.0000e+00 0.0000e+00 -7.9719e-01 2.1423e-01 0.0000e+00 0.0000e+00 -2.1423e-01 -6.2997e-01 
110.0 3.4234e+00 -2.1050e+00 0.0000e+00 0.0000e+00 -2.1050e+00 3.0633e+00 0.0000e+00 0.0000e+00 0.0000e+00 0.0000e+00 -8.8109e-01 2.1727e-01 0.0000e+00 0.0000e+00 -2.1727e-01 -7.1232e-01 
111.0 3.3876e+00 -2.0547e+00 0.0000e+00 0.0000e+00 -2.0547e+00 3.0303e+00 0.0000e+00 0.0000e+00 0.0000e+00 0.0000e+00 -9.6223e-01 2.2002e-01 0.0000e+00 0.0000e+00 -2.2002e-01 -7.9205e-01 
112.0 3.3541e+00 -2.0043e+00 0.0000e+00 0.0000e+00 -2.0043e+00 2.9997e+00 0.0000e+00 0.0000e+00 0.0000e+00 0.0000e+00 -1.0407e+00 2.2250e-01 0.0000e+00 0.0000e+00 -2.2250e-01 -8.6925e-01 
113.0 3.3229e+00 -1.9540e+00 0.0000e+00 0.0000e+00 -1.9540e+00 2.9714e+00 0.0000e+00 0.0000e+00 0.0000e+00 0.0000e+00 -1.1166e+00 2.2470e-01 0.0000e+00 0.0000e+00 -2.2470e-01 -9.4401e-01 
114.0 3.2939e+00 -1.9037e+00 0.0000e+00 0.0000e+00 -1.9037e+00 2.9454e+00 0.0000e+00 0.0000e+00 0.0000e+00 0.0000e+00 -1.1900e+00 2.2664e-01 0.0000e+00 0.0000e+00 -2.2664e-01 -1.0164e+00 
115.0 3.2670e+00 -1.8535e+00 0.0000e+00 0.0000e+00 -1.8535e+00 2.9214e+00 0.0000e+00 0.0000e+00 0.0000e+00 0.0000e+00 -1.2611e+00 2.2834e-01 0.0000e+00 0.0000e+00 -2.2834e-01 -1.0866e+00 
116.0 3.2420e+00 -1.8035e+00 0.0000e+00 0.0000e+00 -1.8035e+00 2.8995e+00 0.0000e+00 0.0000e+00 0.0000e+00 0.0000e+00 -1.3298e+00 2.2981e-01 0.0000e+00 0.0000e+00 -2.2981e-01 -1.1545e+00 
117.0 3.2190e+00 -1.7536e+00 0.0000e+00 0.0000e+00 -1.7536e+00 2.8796e+00 0.0000e+00 0.0000e+00 0.0000e+00 0.0000e+00 -1.3963e+00 2.3105e-01 0.0000e+00 0.0000e+00 -2.3105e-01 -1.2203e+00 
118.0 3.1978e+00 -1.7039e+00 0.0000e+00 0.0000e+00 -1.7039e+00 2.8615e+00 0.0000e+00 0.0000e+00 0.0000e+00 0.0000e+00 -1.4606e+00 2.3207e-01 0.0000e+00 0.0000e+00 -2.3207e-01 -1.2841e+00 
119.0 3.1784e+00 -1.6543e+00 0.0000e+00 0.0000e+00 -1.6543e+00 2.8453e+00 0.0000e+00 0.0000e+00 0.0000e+00 0.0000e+00 -1.5229e+00 2.3288e-01 0.0000e+00 0.0000e+00 -2.3288e-01 -1.3459e+00 
120.0 3.1607e+00 -1.6051e+00 0.0000e+00 0.0000e+00 -1.6051e+00 2.8307e+00 0.0000e+00 0.0000e+00 0.0000e+00 0.0000e+00 -1.5831e+00 2.3348e-01 0.0000e+00 0.0000e+00 -2.3348e-01 -1.4058e+00 
121.0 3.1446e+00 -1.5561e+00 0.0000e+00 0.0000e+00 -1.5561e+00 2.8179e+00 0.0000e+00 0.0000e+00 0.0000e+00 0.0000e+00 -1.6414e+00 2.3388e-01 0.0000e+00 0.0000e+00 -2.3388e-01 -1.4638e+00 
122.0 3.1301e+00 -1.5074e+00 0.0000e+00 0.0000e+00 -1.5074e+00 2.8066e+00 0.0000e+00 0.0000e+00 0.0000e+00 0.0000e+00 -1.6979e+00 2.3408e-01 0.0000e+00 0.0000e+00 -2.3408e-01 -1.5200e+00 
123.0 3.1170e+00 -1.4591e+00 0.0000e+00 0.0000e+00 -1.4591e+00 2.7968e+00 0.0000e+00 0.0000e+00 0.0000e+00 0.0000e+00 -1.7525e+00 2.3408e-01 0.0000e+00 0.0000e+00 -2.3408e-01 -1.5745e+00 
124.0 3.1054e+00 -1.4111e+00 0.0000e+00 0.0000e+00 -1.4111e+00 2.7885e+00 0.0000e+00 0.0000e+00 0.0000e+00 0.0000e+00 -1.8053e+00 2.3388e-01 0.0000e+00 0.0000e+00 -2.3388e-01 -1.6274e+00 
125.0 3.0952e+00 -1.3635e+00 0.0000e+00 0.0000e+00 -1.3635e+00 2.7815e+00 0.0000e+00 0.0000e+00 0.0000e+00 0.0000e+00 -1.8565e+00 2.3348e-01 0.0000e+00 0.0000e+00 -2.3348e-01 -1.6786e+00 
126.0 3.0863e+00 -1.3163e+00 0.0000e+00 0.0000e+00 -1.3163e+00 2.7759e+00 0.0000e+00 0.0000e+00 0.0000e+00 0.0000e+00 -1.9061e+00 2.3288e-01 0.0000e+00 0.0000e+00 -2.3288e-01 -1.7283e+00 
127.0 3.0786e+00 -1.2696e+00 0.0000e+00 0.0000e+00 -1.2696e+00 2.7715e+00 0.0000e+00 0.0000e+00 0.0000e+00 0.0000e+00 -1.9541e+00 2.3207e-01 0.0000e+00 0.0000e+00 -2.3207e-01 -1.7764e+00 
128.0 3.0721e+00 -1.2233e+00 0.0000e+00 0.0000e+00 -1.2233e+00 2.7684e+00 0.0000e+00 0.0000e+00 0.0000e+00 0.0000e+00 -2.0005e+00 2.3106e-01 0.0000e+00 0.0000e+00 -2.3106e-01 -1.8231e+00 
129.0 3.0667e+00 -1.1774e+00 0.0000e+00 0.0000e+00 -1.1774e+00 2.7663e+00 0.0000e+00 0.0000e+00 0.0000e+00 0.0000e+00 -2.0455e+00 2.2984e-01 0.0000e+00 0.0000e+00 -2.2984e-01 -1.8684e+00 
130.0 3.0623e+00 -1.1321e+00 0.0000e+00 0.0000e+00 -1.1321e+00 2.7654e+00 0.0000e+00 0.0000e+00 0.0000e+00 0.0000e+00 -2.0890e+00 2.2842e-01 0.0000e+00 0.0000e+00 -2.2842e-01 -1.9124e+00 
131.0 3.0590e+00 -1.0873e+00 0.0000e+00 0.0000e+00 -1.0873e+00 2.7655e+00 0.0000e+00 0.0000e+00 0.0000e+00 0.0000e+00 -2.1312e+00 2.2677e-01 0.0000e+00 0.0000e+00 -2.2677e-01 -1.9550e+00 
132.0 3.0567e+00 -1.0431e+00 0.0000e+00 0.0000e+00 -1.0431e+00 2.7665e+00 0.0000e+00 0.0000e+00 0.0000e+00 0.0000e+00 -2.1721e+00 2.2492e-01 0.0000e+00 0.0000e+00 -2.2492e-01 -1.9964e+00 
133.0 3.0552e+00 -9.9936e-01 0.0000e+00 0.0000e+00 -9.9936e-01 2.7685e+00 0.0000e+00 0.0000e+00 0.0000e+00 0.0000e+00 -2.2116e+00 2.2284e-01 0.0000e+00 0.0000e+00 -2.2284e-01 -2.0366e+00 
134.0 3.0546e+00 -9.5622e-01 0.0000e+00 0.0000e+00 -9.5622e-01 2.7713e+00 0.0000e+00 0.0000e+00 0.0000e+00 0.0000e+00 -2.2500e+00 2.2054e-01 0.0000e+00 0.0000e+00 -2.2054e-01 -2.0755e+00 
135.0 3.0548e+00 -9.1367e-01 0.0000e+00 0.0000e+00 -9.1367e-01 2.7750e+00 0.0000e+00 0.0000e+00 0.0000e+00 0.0000e+00 -2.2871e+00 2.1802e-01 0.0000e+00 0.0000e+00 -2.1802e-01 -2.1133e+00 
136.0 3.0558e+00 -8.7173e-01 0.0000e+00 0.0000e+00 -8.7173e-01 2.7795e+00 0.0000e+00 0.0000e+00 0.0000e+00 0.0000e+00 -2.3230e+00 2.1528e-01 0.0000e+00 0.0000e+00 -2.1528e-01 -2.1501e+00 
137.0 3.0575e+00 -8.3041e-01 0.0000e+00 0.0000e+00 -8.3041e-01 2.7846e+00 0.0000e+00 0.0000e+00 0.0000e+00 0.0000e+00 -2.3579e+00 2.1231e-01 0.0000e+00 0.0000e+00 -2.1231e-01 -2.1857e+00 
138.0 3.0599e+00 -7.8973e-01 0.0000e+00 0.0000e+00 -7.8973e-01 2.7905e+00 0.0000e+00 0.0000e+00 0.0000e+00 0.0000e+00 -2.3916e+00 2.0911e-01 0.0000e+00 0.0000e+00 -2.0911e-01 -2.2203e+00 
139.0 3.0629e+00 -7.4971e-01 0.0000e+00 0.0000e+00 -7.4971e-01 2.7971e+00 0.0000e+00 0.0000e+00 0.0000e+00 0.0000e+00 -2.4243e+00 2.0569e-01 0.0000e+00 0.0000e+00 -2.0569e-01 -2.2540e+00 
140.0 3.0666e+00 -7.1035e-01 0.0000e+00 0.0000e+00 -7.1035e-01 2.8042e+00 0.0000e+00 0.0000e+00 0.0000e+00 0.0000e+00 -2.4560e+00 2.0204e-01 0.0000e+00 0.0000e+00 -2.0204e-01 -2.2866e+00 
141.0 3.0708e+00 -6.7169e-01 0.0000e+00 0.0000e+00 -6.7169e-01 2.8119e+00 0.0000e+00 0.0000e+00 0.0000e+00 0.0000e+00 -2.4867e+00 1.9817e-01 0.0000e+00 0.0000e+00 -1.9817e-01 -2.3183e+00 
142.0 3.0755e+00 -6.3374e-01 0.0000e+00 0.0000e+00 -6.3374e-01 2.8202e+00 0.0000e+00 0.0000e+00 0.0000e+00 0.0000e+00 -2.5165e+00 1.9406e-01 0.0000e+00 0.0000e+00 -1.9406e-01 -2.3491e+00 
143.0 3.0808e+00 -5.9652e-01 0.0000e+00 0.0000e+00 -5.9652e-01 2.8290e+00 0.0000e+00 0.0000e+00 0.0000e+00 0.0000e+00 -2.5453e+00 1.8973e-01 0.0000e+00 0.0000e+00 -1.8973e-01 -2.3790e+00 
144.0 3.0865e+00 -5.6006e-01 0.0000e+00 0.0000e+00 -5.6006e-01 2.8381e+00 0.0000e+00 0.0000e+00 0.0000e+00 0.0000e+00 -2.5732e+00 1.8517e-01 0.0000e+00 0.0000e+00 -1.8517e-01 -2.4080e+00 
145.0 3.0926e+00 -5.2436e-01 0.0000e+00 0.0000e+00 -5.2436e-01 2.8477e+00 0.0000e+00 0.0000e+00 0.0000e+00 0.0000e+00 -2.6003e+00 1.8037e-01 0.0000e+00 0.0000e+00 -1.8037e-01 -2.4361e+00 
146.0 3.0992e+00 -4.8946e-01 0.0000e+00 0.0000e+00 -4.8946e-01 2.8577e+00 0.0000e+00 0.0000e+00 0.0000e+00 0.0000e+00 -2.6265e+00 1.7533e-01 0.0000e+00 0.0000e+00 -1.7533e-01 -2.4634e+00 
147.0 3.1061e+00 -4.5539e-01 0.0000e+00 0.0000e+00 -4.5539e-01 2.8680e+00 0.0000e+00 0.0000e+00 0.0000e+00 0.0000e+00 -2.6519e+00 1.7004e-01 0.0000e+00 0.0000e+00 -1.7004e-01 -2.4899e+00 
148.0 3.1134e+00 -4.2216e-01 0.0000e+00 0.0000e+00 -4.2216e-01 2.8786e+00 0.0000e+00 0.0000e+00 0.0000e+00 0.0000e+00 -2.6765e+00 1.6449e-01 0.0000e+00 0.0000e+00 -1.6449e-01 -2.5155e+00 
149.0 3.1211e+00 -3.8982e-01 0.0000e+00 0.0000e+00 -3.8982e-01 2.8895e+00 0.0000e+00 0.0000e+00 0.0000e+00 0.0000e+00 -2.7003e+00 1.5868e-01 0.0000e+00 0.0000e+00 -1.5868e-01 -2.5403e+00 
150.0 3.1290e+00 -3.5838e-01 0.0000e+00 0.0000e+00 -3.5838e-01 2.9005e+00 0.0000e+00 0.0000e+00 0.0000e+00 0.0000e+00 -2.7235e+00 1.5258e-01 0.0000e+00 0.0000e+00 -1.5258e-01 -2.5644e+00 
151.0 3.1372e+00 -3.2791e-01 0.0000e+00 0.0000e+00 -3.2791e-01 2.9118e+00 0.0000e+00 0.0000e+00 0.0000e+00 0.0000e+00 -2.7459e+00 1.4618e-01 0.0000e+00 0.0000e+00 -1.4618e-01 -2.5876e+00 
152.0 3.1458e+00 -2.9843e-01 0.0000e+00 0.0000e+00 -2.9843e-01 2.9231e+00 0.0000e+00 0.0000e+00 0.0000e+00 0.0000e+00 -2.7677e+00 1.3946e-01 0.0000e+00 0.0000e+00 -1.3946e-01 -2.6100e+00 
153.0 3.1545e+00 -2.7003e-01 0.0000e+00 0.0000e+00 -2.7003e-01 2.9345e+00 0.0000e+00 0.0000e+00 0.0000e+00 0.0000e+00 -2.7889e+00 1.3237e-01 0.0000e+00 0.0000e+00 -1.3237e-01 -2.6317e+00 
154.0 3.1635e+00 -2.4276e-01 0.0000e+00 0.0000e+00 -2.4276e-01 2.9458e+00 0.0000e+00 0.0000e+00 0.0000e+00 0.0000e+00 -2.8095e+00 1.2488e-01 0.0000e+00 0.0000e+00 -1.2488e-01 -2.6526e+00 
155.0 3.1726e+00 -2.1671e-01 0.0000e+00 0.0000e+00 -2.1671e-01 2.9571e+00 0.0000e+00 0.0000e+00 0.0000e+00 0.0000e+00 -2.8297e+00 1.1692e-01 0.0000e+00 0.0000e+00 -1.1692e-01 -2.6727e+00 
156.0 3.1818e+00 -1.9197e-01 0.0000e+00 0.0000e+00 -1.9197e-01 2.9680e+00 0.0000e+00 0.0000e+00 0.0000e+00 0.0000e+00 -2.8494e+00 1.0846e-01 0.0000e+00 0.0000e+00 -1.0846e-01 -2.6921e+00 
157.0 3.1912e+00 -1.6864e-01 0.0000e+00 0.0000e+00 -1.6864e-01 2.9786e+00 0.0000e+00 0.0000e+00 0.0000e+00 0.0000e+00 -2.8687e+00 9.9446e-02 0.0000e+00 0.0000e+00 -9.9446e-02 -2.7105e+00 
158.0 3.2006e+00 -1.4682e-01 0.0000e+00 0.0000e+00 -1.4682e-01 2.9888e+00 0.0000e+00 0.0000e+00 0.0000e+00 0.0000e+00 -2.8878e+00 8.9852e-02 0.0000e+00 0.0000e+00 -8.9852e-02 -2.7281e+00 
159.0 3.2101e+00 -1.2662e-01 0.0000e+00 0.0000e+00 -1.2662e-01 2.9984e+00 0.0000e+00 0.0000e+00 0.0000e+00 0.0000e+00 -2.9066e+00 7.9673e-02 0.0000e+00 0.0000e+00 -7.9673e-02 -2.7448e+00 
160.0 3.2198e+00 -1.0810e-01 0.0000e+00 0.0000e+00 -1.0810e-01 3.0074e+00 0.0000e+00 0.0000e+00 0.0000e+00 0.0000e+00 -2.9252e+00 6.8941e-02 0.0000e+00 0.0000e+00 -6.8941e-02 -2.7604e+00 
161.0 3.2297e+00 -9.1330e-02 0.0000e+00 0.0000e+00 -9.1330e-02 3.0156e+00 0.0000e+00 0.0000e+00 0.0000e+00 0.0000e+00 -2.9436e+00 5.7735e-02 0.0000e+00 0.0000e+00 -5.7735e-02 -2.7748e+00 
162.0 3.2400e+00 -7.6348e-02 0.0000e+00 0.0000e+00 -7.6348e-02 3.0233e+00 0.0000e+00 0.0000e+00 0.0000e+00 0.0000e+00 -2.9621e+00 4.6185e-02 0.0000e+00 0.0000e+00 -4.6185e-02 -2.7879e+00 
163.0 3.2510e+00 -6.3155e-02 0.0000e+00 0.0000e+00 -6.3155e-02 3.0303e+00 0.0000e+00 0.0000e+00 0.0000e+00 0.0000e+00 -2.9805e+00 3.4482e-02 0.0000e+00 0.0000e+00 -3.4482e-02 -2.7997e+00 
164.0 3.2630e+00 -5.1717e-02 0.0000e+00 0.0000e+00 -5.1717e-02 3.0369e+00 0.0000e+00 0.0000e+00 0.0000e+00 0.0000e+00 -2.9990e+00 2.2869e-02 0.0000e+00 0.0000e+00 -2.2869e-02 -2.8099e+00 
165.0 3.2762e+00 -4.1967e-02 0.0000e+00 0.0000e+00 -4.1967e-02 3.0431e+00 0.0000e+00 0.0000e+00 0.0000e+00 0.0000e+00 -3.0176e+00 1.1640e-02 0.0000e+00 0.0000e+00 -1.1640e-02 -2.8185e+00 
166.0 3.2910e+00 -3.3803e-02 0.0000e+00 0.0000e+00 -3.3803e-02 3.0493e+00 0.0000e+00 0.0000e+00 0.0000e+00 0.0000e+00 -3.0364e+00 1.1286e-03 0.0000e+00 0.0000e+00 -1.1286e-03 -2.8253e+00 
167.0 3.3077e+00 -2.7087e-02 0.0000e+00 0.0000e+00 -2.7087e-02 3.0556e+00 0.0000e+00 0.0000e+00 0.0000e+00 0.0000e+00 -3.0553e+00 -8.3053e-03 0.0000e+00 0.0000e+00 8.3053e-03 -2.8304e+00 
168.0 3.3266e+00 -2.1655e-02 0.0000e+00 0.0000e+00 -2.1655e-02 3.0624e+00 0.0000e+00 0.0000e+00 0.0000e+00 0.0000e+00 -3.0745e+00 -1.6295e-02 0.0000e+00 0.0000e+00 1.6295e-02 -2.8336e+00 
169.0 3.3479e+00 -1.7317e-02 0.0000e+00 0.0000e+00 -1.7317e-02 3.0698e+00 0.0000e+00 0.0000e+00 0.0000e+00 0.0000e+00 -3.0937e+00 -2.2495e-02 0.0000e+00 0.0000e+00 2.2495e-02 -2.8351e+00 
170.0 3.3717e+00 -1.3868e-02 0.0000e+00 0.0000e+00 -1.3868e-02 3.0781e+00 0.0000e+00 0.0000e+00 0.0000e+00 0.0000e+00 -3.1128e+00 -2.6615e-02 0.0000e+00 0.0000e+00 2.6615e-02 -2.8348e+00 
171.0 3.3977e+00 -1.1099e-02 0.0000e+00 0.0000e+00 -1.1099e-02 3.0874e+00 0.0000e+00 0.0000e+00 0.0000e+00 0.0000e+00 -3.1318e+00 -2.8459e-02 0.0000e+00 0.0000e+00 2.8459e-02 -2.8330e+00 
172.0 3.4256e+00 -8.8139e-03 0.0000e+00 0.0000e+00 -8.8139e-03 3.0978e+00 0.0000e+00 0.0000e+00 0.0000e+00 0.0000e+00 -3.1502e+00 -2.7982e-02 0.0000e+00 0.0000e+00 2.7982e-02 -2.8300e+00 
173.0 3.4546e+00 -6.8496e-03 0.0000e+00 0.0000e+00 -6.8496e-03 3.1090e+00 0.0000e+00 0.0000e+00 0.0000e+00 0.0000e+00 -3.1677e+00 -2.5343e-02 0.0000e+00 0.0000e+00 2.5343e-02 -2.8259e+00 
174.0 3.4835e+00 -5.0944e-03 0.0000e+00 0.0000e+00 -5.0944e-03 3.1206e+00 0.0000e+00 0.0000e+00 0.0000e+00 0.0000e+00 -3.1839e+00 -2.0947e-02 0.0000e+00 0.0000e+00 2.0947e-02 -2.8213e+00 
175.0 3.5108e+00 -3.5048e-03 0.0000e+00 0.0000e+00 -3.5048e-03 3.1319e+00 0.0000e+00 0.0000e+00 0.0000e+00 0.0000e+00 -3.1982e+00 -1.5448e-02 0.0000e+00 0.0000e+00 1.5448e-02 -2.8167e+00 
176.0 3.5347e+00 -2.1082e-03 0.0000e+00 0.0000e+00 -2.1082e-03 3.1423e+00 0.0000e+00 0.0000e+00 0.0000e+00 0.0000e+00 -3.2101e+00 -9.7080e-03 0.0000e+00 0.0000e+00 9.7080e-03 -2.8124e+00 
177.0 3.5535e+00 -9.8924e-04 0.0000e+00 0.0000e+00 -9.8924e-04 3.1505e+00 0.0000e+00 0.0000e+00 0.0000e+00 0.0000e+00 -3.2190e+00 -4.6777e-03 0.0000e+00 0.0000e+00 4.6777e-03 -2.8089e+00 
178.0 3.5656e+00 -2.5637e-04 0.0000e+00 0.0000e+00 -2.5637e-04 3.1559e+00 0.0000e+00 0.0000e+00 0.0000e+00 0.0000e+00 -3.2246e+00 -1.2355e-03 0.0000e+00 0.0000e+00 1.2355e-03 -2.8067e+00 
179.0 3.5698e+00 -9.7450e-22 0.0000e+00 0.0000e+00 -9.7450e-22 3.1578e+00 0.0000e+00 0.0000e+00 0.0000e+00 0.0000e+00 -3.2265e+00 -2.0141e-20 0.0000e+00 0.0000e+00 2.0141e-20 -2.8059e+00 
180.0 3.5740e+00 0.0000e+00 0.0000e+00 0.0000e+00 0.0000e+00 3.1597e+00 0.0000e+00 0.0000e+00 0.0000e+00 0.0000e+00 -3.2284e+00 0.0000e+00 0.0000e+00 0.0000e+00 -0.0000e+00 -2.8051e+00 
