1.4080 1.5828 0.1748 0.069735
theta s11 s12 s13 s14 s21 s22 s23 s24 s31 s32 s33 s34 s41 s42 s43 s44
0.0 1.4431e+03 0.0000e+00 0.0000e+00 0.0000e+00 0.0000e+00 1.4420e+03 0.0000e+00 0.0000e+00 0.0000e+00 0.0000e+00 1.4420e+03 0.0000e+00 0.0000e+00 0.0000e+00 -0.0000e+00 1.4410e+03 
1.0 1.2470e+03 -6.7121e-02 0.0000e+00 0.0000e+00 -6.7121e-02 1.2459e+03 0.0000e+00 0.0000e+00 0.0000e+00 0.0000e+00 1.2459e+03 -5.6391e-01 0.0000e+00 0.0000e+00 5.6391e-01 1.2449e+03 
2.0 9.2194e+02 -1.3121e-01 0.0000e+00 0.0000e+00 -1.3121e-01 9.2091e+02 0.0000e+00 0.0000e+00 0.0000e+00 0.0000e+00 9.2090e+02 -1.8726e+00 0.0000e+00 0.0000e+00 1.8726e+00 9.1988e+02 
3.0 6.7507e+02 -1.2713e-01 0.0000e+00 0.0000e+00 -1.2713e-01 6.7405e+02 0.0000e+00 0.0000e+00 0.0000e+00 0.0000e+00 6.7402e+02 -3.2140e+00 0.0000e+00 0.0000e+00 3.2140e+00 6.7303e+02 
4.0 5.1127e+02 -1.0348e-01 0.0000e+00 0.0000e+00 -1.0348e-01 5.1028e+02 0.0000e+00 0.0000e+00 0.0000e+00 0.0000e+00 5.1022e+02 -4.1990e+00 0.0000e+00 0.0000e+00 4.1990e+00 5.0926e+02 
5.0 4.0155e+02 -8.7851e-02 0.0000e+00 0.0000e+00 -8.7851e-02 4.0058e+02 0.0000e+00 0.0000e+00 0.0000e+00 0.0000e+00 4.0049e+02 -4.8269e+00 0.0000e+00 0.0000e+00 4.8269e+00 3.9958e+02 
6.0 3.2467e+02 -8.4272e-02 0.0000e+00 0.0000e+00 -8.4272e-02 3.2373e+02 0.0000e+00 0.0000e+00 0.0000e+00 0.0000e+00 3.2359e+02 -5.1951e+00 0.0000e+00 0.0000e+00 5.1951e+00 3.2272e+02 
7.0 2.6837e+02 -9.6367e-02 0.0000e+00 0.0000e+00 -9.6367e-02 2.6746e+02 0.0000e+00 0.0000e+00 0.0000e+00 0.0000e+00 2.6728e+02 -5.3649e+00 0.0000e+00 0.0000e+00 5.3649e+00 2.6645e+02 
8.0 2.2579e+02 -1.2693e-01 0.0000e+00 0.0000e+00 -1.2693e-01 2.2489e+02 0.0000e+00 0.0000e+00 0.0000e+00 0.0000e+00 2.2467e+02 -5.3794e+00 0.0000e+00 0.0000e+00 5.3794e+00 2.2388e+02 
9.0 1.9280e+02 -1.7264e-01 0.0000e+00 0.0000e+00 -1.7264e-01 1.9192e+02 0.0000e+00 0.0000e+00 0.0000e+00 0.0000e+00 1.9166e+02 -5.2764e+00 0.0000e+00 0.0000e+00 5.2764e+00 1.9091e+02 
10.0 1.6680e+02 -2.2906e-01 0.0000e+00 0.0000e+00 -2.2906e-01 1.6593e+02 0.0000e+00 0.0000e+00 0.0000e+00 0.0000e+00 1.6564e+02 -5.0885e+00 0.0000e+00 0.0000e+00 5.0885e+00 1.6492e+02 
11.0 1.4602e+02 -2.9454e-01 0.0000e+00 0.0000e+00 -2.9454e-01 1.4517e+02 0.0000e+00 0.0000e+00 0.0000e+00 0.0000e+00 1.4484e+02 -4.8449e+00 0.0000e+00 0.0000e+00 4.8449e+00 1.4415e+02 
12.0 1.2923e+02 -3.6630e-01 0.0000e+00 0.0000e+00 -3.6630e-01 1.2838e+02 0.0000e+00 0.0000e+00 0.0000e+00 0.0000e+00 1.2802e+02 -4.5695e+00 0.0000e+00 0.0000e+00 4.5695e+00 1.2737e+02 
13.0 1.1550e+02 -4.4145e-01 0.0000e+00 0.0000e+00 -4.4145e-01 1.1466e+02 0.0000e+00 0.0000e+00 0.0000e+00 0.0000e+00 1.1428e+02 -4.2787e+00 0.0000e+00 0.0000e+00 4.2787e+00 1.1365e+02 
14.0 1.0417e+02 -5.1715e-01 0.0000e+00 0.0000e+00 -5.1715e-01 1.0333e+02 0.0000e+00 0.0000e+00 0.0000e+00 0.0000e+00 1.0292e+02 -3.9911e+00 0.0000e+00 0.0000e+00 3.9911e+00 1.0232e+02 
15.0 9.4705e+01 -5.9490e-01 0.0000e+00 0.0000e+00 -5.9490e-01 9.3873e+01 0.0000e+00 0.0000e+00 0.0000e+00 0.0000e+00 9.3443e+01 -3.7084e+00 0.0000e+00 0.0000e+00 3.7084e+00 9.2871e+01 
16.0 8.6726e+01 -6.7231e-01 0.0000e+00 0.0000e+00 -6.7231e-01 8.5898e+01 0.0000e+00 0.0000e+00 0.0000e+00 0.0000e+00 8.5449e+01 -3.4370e+00 0.0000e+00 0.0000e+00 3.4370e+00 8.4902e+01 
17.0 7.9929e+01 -7.4910e-01 0.0000e+00 0.0000e+00 -7.4910e-01 7.9105e+01 0.0000e+00 0.0000e+00 0.0000e+00 0.0000e+00 7.8638e+01 -3.1805e+00 0.0000e+00 0.0000e+00 3.1805e+00 7.8115e+01 
18.0 7.4082e+01 -8.2616e-01 0.0000e+00 0.0000e+00 -8.2616e-01 7.3260e+01 0.0000e+00 0.0000e+00 0.0000e+00 0.0000e+00 7.2779e+01 -2.9410e+00 0.0000e+00 0.0000e+00 2.9410e+00 7.2279e+01 
19.0 6.9002e+01 -9.0312e-01 0.0000e+00 0.0000e+00 -9.0312e-01 6.8182e+01 0.0000e+00 0.0000e+00 0.0000e+00 0.0000e+00 6.7943e+01 -2.7188e+00 0.0000e+00 0.0000e+00 2.7188e+00 6.7470e+01 
20.0 6.4547e+01 -9.7979e-01 0.0000e+00 0.0000e+00 -9.7979e-01 6.3731e+01 0.0000e+00 0.0000e+00 0.0000e+00 0.0000e+00 6.3702e+01 -2.5142e+00 0.0000e+00 0.0000e+00 2.5142e+00 6.3253e+01 
21.0 6.0605e+01 -1.0569e+00 0.0000e+00 0.0000e+00 -1.0569e+00 5.9791e+01 0.0000e+00 0.0000e+00 0.0000e+00 0.0000e+00 5.9948e+01 -2.3273e+00 0.0000e+00 0.0000e+00 2.3273e+00 5.9520e+01 
22.0 5.7085e+01 -1.1344e+00 0.0000e+00 0.0000e+00 -1.1344e+00 5.6274e+01 0.0000e+00 0.0000e+00 0.0000e+00 0.0000e+00 5.6595e+01 -2.1573e+00 0.0000e+00 0.0000e+00 2.1573e+00 5.6186e+01 
23.0 5.3915e+01 -1.2116e+00 0.0000e+00 0.0000e+00 -1.2116e+00 5.3107e+01 0.0000e+00 0.0000e+00 0.0000e+00 0.0000e+00 5.3575e+01 -2.0029e+00 0.0000e+00 0.0000e+00 2.0029e+00 5.3183e+01 
24.0 5.1042e+01 -1.2889e+00 0.0000e+00 0.0000e+00 -1.2889e+00 5.0237e+01 0.0000e+00 0.0000e+00 0.0000e+00 0.0000e+00 5.0835e+01 -1.8620e+00 0.0000e+00 0.0000e+00 1.8620e+00 5.0459e+01 
25.0 4.8420e+01 -1.3663e+00 0.0000e+00 0.0000e+00 -1.3663e+00 4.7618e+01 0.0000e+00 0.0000e+00 0.0000e+00 0.0000e+00 4.8335e+01 -1.7329e+00 0.0000e+00 0.0000e+00 1.7329e+00 4.7972e+01 
26.0 4.6017e+01 -1.4434e+00 0.0000e+00 0.0000e+00 -1.4434e+00 4.5218e+01 0.0000e+00 0.0000e+00 0.0000e+00 0.0000e+00 4.6041e+01 -1.6143e+00 0.0000e+00 0.0000e+00 1.6143e+00 4.5692e+01 
27.0 4.3803e+01 -1.5201e+00 0.0000e+00 0.0000e+00 -1.5201e+00 4.3006e+01 0.0000e+00 0.0000e+00 0.0000e+00 0.0000e+00 4.3925e+01 -1.5053e+00 0.0000e+00 0.0000e+00 1.5053e+00 4.3589e+01 
28.0 4.1752e+01 -1.5966e+00 0.0000e+00 0.0000e+00 -1.5966e+00 4.0959e+01 0.0000e+00 0.0000e+00 0.0000e+00 0.0000e+00 4.1965e+01 -1.4050e+00 0.0000e+00 0.0000e+00 1.4050e+00 4.1639e+01 
29.0 3.9843e+01 -1.6725e+00 0.0000e+00 0.0000e+00 -1.6725e+00 3.9053e+01 0.0000e+00 0.0000e+00 0.0000e+00 0.0000e+00 4.0137e+01 -1.3126e+00 0.0000e+00 0.0000e+00 1.3126e+00 3.9823e+01 
30.0 3.8059e+01 -1.7475e+00 0.0000e+00 0.0000e+00 -1.7475e+00 3.7271e+01 0.0000e+00 0.0000e+00 0.0000e+00 0.0000e+00 3.8427e+01 -1.2272e+00 0.0000e+00 0.0000e+00 1.2272e+00 3.8122e+01 
31.0 3.6384e+01 -1.8218e+00 0.0000e+00 0.0000e+00 -1.8218e+00 3.5599e+01 0.0000e+00 0.0000e+00 0.0000e+00 0.0000e+00 3.6641e+01 -1.1482e+00 0.0000e+00 0.0000e+00 1.1482e+00 3.6351e+01 
32.0 3.4807e+01 -1.8950e+00 0.0000e+00 0.0000e+00 -1.8950e+00 3.4025e+01 0.0000e+00 0.0000e+00 0.0000e+00 0.0000e+00 3.4961e+01 -1.0751e+00 0.0000e+00 0.0000e+00 1.0751e+00 3.4685e+01 
33.0 3.3317e+01 -1.9667e+00 0.0000e+00 0.0000e+00 -1.9667e+00 3.2538e+01 0.0000e+00 0.0000e+00 0.0000e+00 0.0000e+00 3.3376e+01 -1.0073e+00 0.0000e+00 0.0000e+00 1.0073e+00 3.3114e+01 
34.0 3.1908e+01 -2.0369e+00 0.0000e+00 0.0000e+00 -2.0369e+00 3.1132e+01 0.0000e+00 0.0000e+00 0.0000e+00 0.0000e+00 3.1878e+01 -9.4436e-01 0.0000e+00 0.0000e+00 9.4436e-01 3.1630e+01 
35.0 3.0573e+01 -2.1053e+00 0.0000e+00 0.0000e+00 -2.1053e+00 2.9799e+01 0.0000e+00 0.0000e+00 0.0000e+00 0.0000e+00 3.0459e+01 -8.8560e-01 0.0000e+00 0.0000e+00 8.8560e-01 3.0224e+01 
36.0 2.9306e+01 -2.1719e+00 0.0000e+00 0.0000e+00 -2.1719e+00 2.8536e+01 0.0000e+00 0.0000e+00 0.0000e+00 0.0000e+00 2.9112e+01 -8.3037e-01 0.0000e+00 0.0000e+00 8.3037e-01 2.8890e+01 
37.0 2.8104e+01 -2.2369e+00 0.0000e+00 0.0000e+00 -2.2369e+00 2.7336e+01 0.0000e+00 0.0000e+00 0.0000e+00 0.0000e+00 2.7833e+01 -7.7808e-01 0.0000e+00 0.0000e+00 7.7808e-01 2.7622e+01 
38.0 2.6963e+01 -2.3003e+00 0.0000e+00 0.0000e+00 -2.3003e+00 2.6198e+01 0.0000e+00 0.0000e+00 0.0000e+00 0.0000e+00 2.6616e+01 -7.2834e-01 0.0000e+00 0.0000e+00 7.2834e-01 2.6418e+01 
39.0 2.5880e+01 -2.3622e+00 0.0000e+00 0.0000e+00 -2.3622e+00 2.5117e+01 0.0000e+00 0.0000e+00 0.0000e+00 0.0000e+00 2.5458e+01 -6.8098e-01 0.0000e+00 0.0000e+00 6.8098e-01 2.5272e+01 
40.0 2.4851e+01 -2.4226e+00 0.0000e+00 0.0000e+00 -2.4226e+00 2.4091e+01 0.0000e+00 0.0000e+00 0.0000e+00 0.0000e+00 2.4356e+01 -6.3588e-01 0.0000e+00 0.0000e+00 6.3588e-01 2.4181e+01 
41.0 2.3872e+01 -2.4812e+00 0.0000e+00 0.0000e+00 -2.4812e+00 2.3116e+01 0.0000e+00 0.0000e+00 0.0000e+00 0.0000e+00 2.3306e+01 -5.9295e-01 0.0000e+00 0.0000e+00 5.9295e-01 2.3142e+01 
42.0 2.2941e+01 -2.5380e+00 0.0000e+00 0.0000e+00 -2.5380e+00 2.2188e+01 0.0000e+00 0.0000e+00 0.0000e+00 0.0000e+00 2.2304e+01 -5.5208e-01 0.0000e+00 0.0000e+00 5.5208e-01 2.2150e+01 
43.0 2.2055e+01 -2.5927e+00 0.0000e+00 0.0000e+00 -2.5927e+00 2.1304e+01 0.0000e+00 0.0000e+00 0.0000e+00 0.0000e+00 2.1347e+01 -5.1309e-01 0.0000e+00 0.0000e+00 5.1309e-01 2.1204e+01 
44.0 2.1209e+01 -2.6453e+00 0.0000e+00 0.0000e+00 -2.6453e+00 2.0461e+01 0.0000e+00 0.0000e+00 0.0000e+00 0.0000e+00 2.0433e+01 -4.7573e-01 0.0000e+00 0.0000e+00 4.7573e-01 2.0300e+01 
45.0 2.0401e+01 -2.6957e+00 0.0000e+00 0.0000e+00 -2.6957e+00 1.9657e+01 0.0000e+00 0.0000e+00 0.0000e+00 0.0000e+00 1.9558e+01 -4.3979e-01 0.0000e+00 0.0000e+00 4.3979e-01 1.9435e+01 
46.0 1.9630e+01 -2.7439e+00 0.0000e+00 0.0000e+00 -2.7439e+00 1.8889e+01 0.0000e+00 0.0000e+00 0.0000e+00 0.0000e+00 1.8720e+01 -4.0501e-01 0.0000e+00 0.0000e+00 4.0501e-01 1.8607e+01 
47.0 1.8894e+01 -2.7898e+00 0.0000e+00 0.0000e+00 -2.7898e+00 1.8155e+01 0.0000e+00 0.0000e+00 0.0000e+00 0.0000e+00 1.7918e+01 -3.7120e-01 0.0000e+00 0.0000e+00 3.7120e-01 1.7815e+01 
48.0 1.8190e+01 -2.8334e+00 0.0000e+00 0.0000e+00 -2.8334e+00 1.7454e+01 0.0000e+00 0.0000e+00 0.0000e+00 0.0000e+00 1.7150e+01 -3.3823e-01 0.0000e+00 0.0000e+00 3.3823e-01 1.7056e+01 
49.0 1.7517e+01 -2.8748e+00 0.0000e+00 0.0000e+00 -2.8748e+00 1.6784e+01 0.0000e+00 0.0000e+00 0.0000e+00 0.0000e+00 1.6414e+01 -3.0600e-01 0.0000e+00 0.0000e+00 3.0600e-01 1.6329e+01 
50.0 1.6874e+01 -2.9138e+00 0.0000e+00 0.0000e+00 -2.9138e+00 1.6143e+01 0.0000e+00 0.0000e+00 0.0000e+00 0.0000e+00 1.5707e+01 -2.7444e-01 0.0000e+00 0.0000e+00 2.7444e-01 1.5632e+01 
51.0 1.6259e+01 -2.9507e+00 0.0000e+00 0.0000e+00 -2.9507e+00 1.5531e+01 0.0000e+00 0.0000e+00 0.0000e+00 0.0000e+00 1.5030e+01 -2.4346e-01 0.0000e+00 0.0000e+00 2.4346e-01 1.4963e+01 
52.0 1.5672e+01 -2.9853e+00 0.0000e+00 0.0000e+00 -2.9853e+00 1.4947e+01 0.0000e+00 0.0000e+00 0.0000e+00 0.0000e+00 1.4381e+01 -2.1299e-01 0.0000e+00 0.0000e+00 2.1299e-01 1.4323e+01 
53.0 1.5111e+01 -3.0177e+00 0.0000e+00 0.0000e+00 -3.0177e+00 1.4388e+01 0.0000e+00 0.0000e+00 0.0000e+00 0.0000e+00 1.3758e+01 -1.8297e-01 0.0000e+00 0.0000e+00 1.8297e-01 1.3708e+01 
54.0 1.4575e+01 -3.0479e+00 0.0000e+00 0.0000e+00 -3.0479e+00 1.3854e+01 0.0000e+00 0.0000e+00 0.0000e+00 0.0000e+00 1.3159e+01 -1.5339e-01 0.0000e+00 0.0000e+00 1.5339e-01 1.3119e+01 
55.0 1.4062e+01 -3.0760e+00 0.0000e+00 0.0000e+00 -3.0760e+00 1.3344e+01 0.0000e+00 0.0000e+00 0.0000e+00 0.0000e+00 1.2585e+01 -1.2428e-01 0.0000e+00 0.0000e+00 1.2428e-01 1.2553e+01 
56.0 1.3573e+01 -3.1020e+00 0.0000e+00 0.0000e+00 -3.1020e+00 1.2857e+01 0.0000e+00 0.0000e+00 0.0000e+00 0.0000e+00 1.2034e+01 -9.5661e-02 0.0000e+00 0.0000e+00 9.5661e-02 1.2010e+01 
57.0 1.3105e+01 -3.1258e+00 0.0000e+00 0.0000e+00 -3.1258e+00 1.2392e+01 0.0000e+00 0.0000e+00 0.0000e+00 0.0000e+00 1.1505e+01 -6.7536e-02 0.0000e+00 0.0000e+00 6.7536e-02 1.1489e+01 
58.0 1.2658e+01 -3.1474e+00 0.0000e+00 0.0000e+00 -3.1474e+00 1.1947e+01 0.0000e+00 0.0000e+00 0.0000e+00 0.0000e+00 1.0996e+01 -3.9899e-02 0.0000e+00 0.0000e+00 3.9899e-02 1.0989e+01 
59.0 1.2231e+01 -3.1669e+00 0.0000e+00 0.0000e+00 -3.1669e+00 1.1522e+01 0.0000e+00 0.0000e+00 0.0000e+00 0.0000e+00 1.0507e+01 -1.2761e-02 0.0000e+00 0.0000e+00 1.2761e-02 1.0508e+01 
60.0 1.1823e+01 -3.1843e+00 0.0000e+00 0.0000e+00 -3.1843e+00 1.1115e+01 0.0000e+00 0.0000e+00 0.0000e+00 0.0000e+00 1.0037e+01 1.3875e-02 0.0000e+00 0.0000e+00 -1.3875e-02 1.0046e+01 
61.0 1.1432e+01 -3.1996e+00 0.0000e+00 0.0000e+00 -3.1996e+00 1.0727e+01 0.0000e+00 0.0000e+00 0.0000e+00 0.0000e+00 9.5844e+00 4.0009e-02 0.0000e+00 0.0000e+00 -4.0009e-02 9.6017e+00 
62.0 1.1059e+01 -3.2127e+00 0.0000e+00 0.0000e+00 -3.2127e+00 1.0355e+01 0.0000e+00 0.0000e+00 0.0000e+00 0.0000e+00 9.1495e+00 6.5620e-02 0.0000e+00 0.0000e+00 -6.5620e-02 9.1749e+00 
63.0 1.0702e+01 -3.2239e+00 0.0000e+00 0.0000e+00 -3.2239e+00 1.0000e+01 0.0000e+00 0.0000e+00 0.0000e+00 0.0000e+00 8.7311e+00 9.0671e-02 0.0000e+00 0.0000e+00 -9.0671e-02 8.7645e+00 
64.0 1.0361e+01 -3.2330e+00 0.0000e+00 0.0000e+00 -3.2330e+00 9.6606e+00 0.0000e+00 0.0000e+00 0.0000e+00 0.0000e+00 8.3284e+00 1.1512e-01 0.0000e+00 0.0000e+00 -1.1512e-01 8.3699e+00 
65.0 1.0035e+01 -3.2401e+00 0.0000e+00 0.0000e+00 -3.2401e+00 9.3360e+00 0.0000e+00 0.0000e+00 0.0000e+00 0.0000e+00 7.9408e+00 1.3891e-01 0.0000e+00 0.0000e+00 -1.3891e-01 7.9902e+00 
66.0 9.7230e+00 -3.2451e+00 0.0000e+00 0.0000e+00 -3.2451e+00 9.0255e+00 0.0000e+00 0.0000e+00 0.0000e+00 0.0000e+00 7.5675e+00 1.6200e-01 0.0000e+00 0.0000e+00 -1.6200e-01 7.6249e+00 
67.0 9.4246e+00 -3.2482e+00 0.0000e+00 0.0000e+00 -3.2482e+00 8.7285e+00 0.0000e+00 0.0000e+00 0.0000e+00 0.0000e+00 7.2079e+00 1.8435e-01 0.0000e+00 0.0000e+00 -1.8435e-01 7.2732e+00 
68.0 9.1391e+00 -3.2493e+00 0.0000e+00 0.0000e+00 -3.2493e+00 8.4443e+00 0.0000e+00 0.0000e+00 0.0000e+00 0.0000e+00 6.8613e+00 2.0595e-01 0.0000e+00 0.0000e+00 -2.0595e-01 6.9345e+00 
69.0 8.8659e+00 -3.2484e+00 0.0000e+00 0.0000e+00 -3.2484e+00 8.1725e+00 0.0000e+00 0.0000e+00 0.0000e+00 0.0000e+00 6.5272e+00 2.2677e-01 0.0000e+00 0.0000e+00 -2.2677e-01 6.6083e+00 
70.0 8.6044e+00 -3.2456e+00 0.0000e+00 0.0000e+00 -3.2456e+00 7.9123e+00 0.0000e+00 0.0000e+00 0.0000e+00 0.0000e+00 6.2051e+00 2.4682e-01 0.0000e+00 0.0000e+00 -2.4682e-01 6.2939e+00 
71.0 8.3543e+00 -3.2408e+00 0.0000e+00 0.0000e+00 -3.2408e+00 7.6634e+00 0.0000e+00 0.0000e+00 0.0000e+00 0.0000e+00 5.8943e+00 2.6609e-01 0.0000e+00 0.0000e+00 -2.6609e-01 5.9909e+00 
72.0 8.1149e+00 -3.2342e+00 0.0000e+00 0.0000e+00 -3.2342e+00 7.4252e+00 0.0000e+00 0.0000e+00 0.0000e+00 0.0000e+00 5.5945e+00 2.8456e-01 0.0000e+00 0.0000e+00 -2.8456e-01 5.6988e+00 
73.0 7.8858e+00 -3.2257e+00 0.0000e+00 0.0000e+00 -3.2257e+00 7.1974e+00 0.0000e+00 0.0000e+00 0.0000e+00 0.0000e+00 5.3051e+00 3.0222e-01 0.0000e+00 0.0000e+00 -3.0222e-01 5.4172e+00 
74.0 7.6666e+00 -3.2155e+00 0.0000e+00 0.0000e+00 -3.2155e+00 6.9793e+00 0.0000e+00 0.0000e+00 0.0000e+00 0.0000e+00 5.0258e+00 3.1908e-01 0.0000e+00 0.0000e+00 -3.1908e-01 5.1455e+00 
75.0 7.4568e+00 -3.2034e+00 0.0000e+00 0.0000e+00 -3.2034e+00 6.7708e+00 0.0000e+00 0.0000e+00 0.0000e+00 0.0000e+00 4.7560e+00 3.3512e-01 0.0000e+00 0.0000e+00 -3.3512e-01 4.8833e+00 
76.0 7.2561e+00 -3.1897e+00 0.0000e+00 0.0000e+00 -3.1897e+00 6.5713e+00 0.0000e+00 0.0000e+00 0.0000e+00 0.0000e+00 4.4955e+00 3.5038e-01 0.0000e+00 0.0000e+00 -3.5038e-01 4.6302e+00 
77.0 7.0640e+00 -3.1742e+00 0.0000e+00 0.0000e+00 -3.1742e+00 6.3804e+00 0.0000e+00 0.0000e+00 0.0000e+00 0.0000e+00 4.2438e+00 3.6485e-01 0.0000e+00 0.0000e+00 -3.6485e-01 4.3860e+00 
78.0 6.8802e+00 -3.1571e+00 0.0000e+00 0.0000e+00 -3.1571e+00 6.1979e+00 0.0000e+00 0.0000e+00 0.0000e+00 0.0000e+00 4.0005e+00 3.7858e-01 0.0000e+00 0.0000e+00 -3.7858e-01 4.1501e+00 
79.0 6.7045e+00 -3.1383e+00 0.0000e+00 0.0000e+00 -3.1383e+00 6.0234e+00 0.0000e+00 0.0000e+00 0.0000e+00 0.0000e+00 3.7653e+00 3.9161e-01 0.0000e+00 0.0000e+00 -3.9161e-01 3.9222e+00 
80.0 6.5364e+00 -3.1180e+00 0.0000e+00 0.0000e+00 -3.1180e+00 5.8566e+00 0.0000e+00 0.0000e+00 0.0000e+00 0.0000e+00 3.5379e+00 4.0395e-01 0.0000e+00 0.0000e+00 -4.0395e-01 3.7021e+00 
81.0 6.3756e+00 -3.0962e+00 0.0000e+00 0.0000e+00 -3.0962e+00 5.6972e+00 0.0000e+00 0.0000e+00 0.0000e+00 0.0000e+00 3.3181e+00 4.1564e-01 0.0000e+00 0.0000e+00 -4.1564e-01 3.4894e+00 
82.0 6.2220e+00 -3.0730e+00 0.0000e+00 0.0000e+00 -3.0730e+00 5.5448e+00 0.0000e+00 0.0000e+00 0.0000e+00 0.0000e+00 3.1055e+00 4.2669e-01 0.0000e+00 0.0000e+00 -4.2669e-01 3.2839e+00 
83.0 6.0751e+00 -3.0483e+00 0.0000e+00 0.0000e+00 -3.0483e+00 5.3993e+00 0.0000e+00 0.0000e+00 0.0000e+00 0.0000e+00 2.8998e+00 4.3712e-01 0.0000e+00 0.0000e+00 -4.3712e-01 3.0853e+00 
84.0 5.9348e+00 -3.0224e+00 0.0000e+00 0.0000e+00 -3.0224e+00 5.2603e+00 0.0000e+00 0.0000e+00 0.0000e+00 0.0000e+00 2.7008e+00 4.4695e-01 0.0000e+00 0.0000e+00 -4.4695e-01 2.8932e+00 
85.0 5.8008e+00 -2.9951e+00 0.0000e+00 0.0000e+00 -2.9951e+00 5.1276e+00 0.0000e+00 0.0000e+00 0.0000e+00 0.0000e+00 2.5082e+00 4.5618e-01 0.0000e+00 0.0000e+00 -4.5618e-01 2.7076e+00 
86.0 5.6728e+00 -2.9666e+00 0.0000e+00 0.0000e+00 -2.9666e+00 5.0009e+00 0.0000e+00 0.0000e+00 0.0000e+00 0.0000e+00 2.3218e+00 4.6482e-01 0.0000e+00 0.0000e+00 -4.6482e-01 2.5280e+00 
87.0 5.5506e+00 -2.9370e+00 0.0000e+00 0.0000e+00 -2.9370e+00 4.8801e+00 0.0000e+00 0.0000e+00 0.0000e+00 0.0000e+00 2.1414e+00 4.7288e-01 0.0000e+00 0.0000e+00 -4.7288e-01 2.3544e+00 
88.0 5.4340e+00 -2.9062e+00 0.0000e+00 0.0000e+00 -2.9062e+00 4.7647e+00 0.0000e+00 0.0000e+00 0.0000e+00 0.0000e+00 1.9667e+00 4.8037e-01 0.0000e+00 0.0000e+00 -4.8037e-01 2.1864e+00 
89.0 5.3227e+00 -2.8744e+00 0.0000e+00 0.0000e+00 -2.8744e+00 4.6548e+00 0.0000e+00 0.0000e+00 0.0000e+00 0.0000e+00 1.7975e+00 4.8729e-01 0.0000e+00 0.0000e+00 -4.8729e-01 2.0238e+00 
90.0 5.2166e+00 -2.8415e+00 0.0000e+00 0.0000e+00 -2.8415e+00 4.5500e+00 0.0000e+00 0.0000e+00 0.0000e+00 0.0000e+00 1.6337e+00 4.9363e-01 0.0000e+00 0.0000e+00 -4.9363e-01 1.8665e+00 
91.0 5.1154e+00 -2.8077e+00 0.0000e+00 0.0000e+00 -2.8077e+00 4.4502e+00 0.0000e+00 0.0000e+00 0.0000e+00 0.0000e+00 1.4751e+00 4.9941e-01 0.0000e+00 0.0000e+00 -4.9941e-01 1.7143e+00 
92.0 5.0189e+00 -2.7730e+00 0.0000e+00 0.0000e+00 -2.7730e+00 4.3551e+00 0.0000e+00 0.0000e+00 0.0000e+00 0.0000e+00 1.3214e+00 5.0462e-01 0.0000e+00 0.0000e+00 -5.0462e-01 1.5669e+00 
93.0 4.9270e+00 -2.7374e+00 0.0000e+00 0.0000e+00 -2.7374e+00 4.2646e+00 0.0000e+00 0.0000e+00 0.0000e+00 0.0000e+00 1.1725e+00 5.0927e-01 0.0000e+00 0.0000e+00 -5.0927e-01 1.4241e+00 
94.0 4.8395e+00 -2.7009e+00 0.0000e+00 0.0000e+00 -2.7009e+00 4.1785e+00 0.0000e+00 0.0000e+00 0.0000e+00 0.0000e+00 1.0282e+00 5.1336e-01 0.0000e+00 0.0000e+00 -5.1336e-01 1.2858e+00 
95.0 4.7562e+00 -2.6636e+00 0.0000e+00 0.0000e+00 -2.6636e+00 4.0967e+00 0.0000e+00 0.0000e+00 0.0000e+00 0.0000e+00 8.8835e-01 5.1690e-01 0.0000e+00 0.0000e+00 -5.1690e-01 1.1518e+00 
96.0 4.6769e+00 -2.6255e+00 0.0000e+00 0.0000e+00 -2.6255e+00 4.0190e+00 0.0000e+00 0.0000e+00 0.0000e+00 0.0000e+00 7.5283e-01 5.1991e-01 0.0000e+00 0.0000e+00 -5.1991e-01 1.0220e+00 
97.0 4.6015e+00 -2.5866e+00 0.0000e+00 0.0000e+00 -2.5866e+00 3.9452e+00 0.0000e+00 0.0000e+00 0.0000e+00 0.0000e+00 6.2147e-01 5.2240e-01 0.0000e+00 0.0000e+00 -5.2240e-01 8.9607e-01 
98.0 4.5299e+00 -2.5469e+00 0.0000e+00 0.0000e+00 -2.5469e+00 3.8753e+00 0.0000e+00 0.0000e+00 0.0000e+00 0.0000e+00 4.9411e-01 5.2440e-01 0.0000e+00 0.0000e+00 -5.2440e-01 7.7400e-01 
99.0 4.4619e+00 -2.5066e+00 0.0000e+00 0.0000e+00 -2.5066e+00 3.8091e+00 0.0000e+00 0.0000e+00 0.0000e+00 0.0000e+00 3.7063e-01 5.2593e-01 0.0000e+00 0.0000e+00 -5.2593e-01 6.5559e-01 
100.0 4.3974e+00 -2.4655e+00 0.0000e+00 0.0000e+00 -2.4655e+00 3.7464e+00 0.0000e+00 0.0000e+00 0.0000e+00 0.0000e+00 2.5090e-01 5.2701e-01 0.0000e+00 0.0000e+00 -5.2701e-01 5.4073e-01 
101.0 4.3363e+00 -2.4239e+00 0.0000e+00 0.0000e+00 -2.4239e+00 3.6873e+00 0.0000e+00 0.0000e+00 0.0000e+00 0.0000e+00 1.3481e-01 5.2766e-01 0.0000e+00 0.0000e+00 -5.2766e-01 4.2927e-01 
102.0 4.2784e+00 -2.3816e+00 0.0000e+00 0.0000e+00 -2.3816e+00 3.6315e+00 0.0000e+00 0.0000e+00 0.0000e+00 0.0000e+00 2.2228e-02 5.2790e-01 0.0000e+00 0.0000e+00 -5.2790e-01 3.2112e-01 
103.0 4.2236e+00 -2.3387e+00 0.0000e+00 0.0000e+00 -2.3387e+00 3.5789e+00 0.0000e+00 0.0000e+00 0.0000e+00 0.0000e+00 -8.6963e-02 5.2773e-01 0.0000e+00 0.0000e+00 -5.2773e-01 2.1614e-01 
104.0 4.1719e+00 -2.2952e+00 0.0000e+00 0.0000e+00 -2.2952e+00 3.5294e+00 0.0000e+00 0.0000e+00 0.0000e+00 0.0000e+00 -1.9288e-01 5.2718e-01 0.0000e+00 0.0000e+00 -5.2718e-01 1.1422e-01 
105.0 4.1231e+00 -2.2513e+00 0.0000e+00 0.0000e+00 -2.2513e+00 3.4829e+00 0.0000e+00 0.0000e+00 0.0000e+00 0.0000e+00 -2.9562e-01 5.2626e-01 0.0000e+00 0.0000e+00 -5.2626e-01 1.5238e-02 
106.0 4.0770e+00 -2.2068e+00 0.0000e+00 0.0000e+00 -2.2068e+00 3.4393e+00 0.0000e+00 0.0000e+00 0.0000e+00 0.0000e+00 -3.9530e-01 5.2498e-01 0.0000e+00 0.0000e+00 -5.2498e-01 -8.0892e-02 
107.0 4.0337e+00 -2.1619e+00 0.0000e+00 0.0000e+00 -2.1619e+00 3.3986e+00 0.0000e+00 0.0000e+00 0.0000e+00 0.0000e+00 -4.9203e-01 5.2336e-01 0.0000e+00 0.0000e+00 -5.2336e-01 -1.7428e-01 
108.0 3.9930e+00 -2.1165e+00 0.0000e+00 0.0000e+00 -2.1165e+00 3.3605e+00 0.0000e+00 0.0000e+00 0.0000e+00 0.0000e+00 -5.8590e-01 5.2142e-01 0.0000e+00 0.0000e+00 -5.2142e-01 -2.6503e-01 
109.0 3.9548e+00 -2.0707e+00 0.0000e+00 0.0000e+00 -2.0707e+00 3.3250e+00 0.0000e+00 0.0000e+00 0.0000e+00 0.0000e+00 -6.7702e-01 5.1919e-01 0.0000e+00 0.0000e+00 -5.1919e-01 -3.5323e-01 
110.0 3.9190e+00 -2.0246e+00 0.0000e+00 0.0000e+00 -2.0246e+00 3.2920e+00 0.0000e+00 0.0000e+00 0.0000e+00 0.0000e+00 -7.6547e-01 5.1668e-01 0.0000e+00 0.0000e+00 -5.1668e-01 -4.3897e-01 
111.0 3.8855e+00 -1.9781e+00 0.0000e+00 0.0000e+00 -1.9781e+00 3.2615e+00 0.0000e+00 0.0000e+00 0.0000e+00 0.0000e+00 -8.5135e-01 5.1393e-01 0.0000e+00 0.0000e+00 -5.1393e-01 -5.2233e-01 
112.0 3.8543e+00 -1.9312e+00 0.0000e+00 0.0000e+00 -1.9312e+00 3.2333e+00 0.0000e+00 0.0000e+00 0.0000e+00 0.0000e+00 -9.3473e-01 5.1095e-01 0.0000e+00 0.0000e+00 -5.1095e-01 -6.0340e-01 
113.0 3.8254e+00 -1.8841e+00 0.0000e+00 0.0000e+00 -1.8841e+00 3.2073e+00 0.0000e+00 0.0000e+00 0.0000e+00 0.0000e+00 -1.0157e+00 5.0777e-01 0.0000e+00 0.0000e+00 -5.0777e-01 -6.8225e-01 
114.0 3.7985e+00 -1.8368e+00 0.0000e+00 0.0000e+00 -1.8368e+00 3.1836e+00 0.0000e+00 0.0000e+00 0.0000e+00 0.0000e+00 -1.0943e+00 5.0440e-01 0.0000e+00 0.0000e+00 -5.0440e-01 -7.5896e-01 
115.0 3.7736e+00 -1.7893e+00 0.0000e+00 0.0000e+00 -1.7893e+00 3.1619e+00 0.0000e+00 0.0000e+00 0.0000e+00 0.0000e+00 -1.1707e+00 5.0087e-01 0.0000e+00 0.0000e+00 -5.0087e-01 -8.3357e-01 
116.0 3.7508e+00 -1.7417e+00 0.0000e+00 0.0000e+00 -1.7417e+00 3.1423e+00 0.0000e+00 0.0000e+00 0.0000e+00 0.0000e+00 -1.2449e+00 4.9720e-01 0.0000e+00 0.0000e+00 -4.9720e-01 -9.0617e-01 
117.0 3.7298e+00 -1.6940e+00 0.0000e+00 0.0000e+00 -1.6940e+00 3.1247e+00 0.0000e+00 0.0000e+00 0.0000e+00 0.0000e+00 -1.3170e+00 4.9339e-01 0.0000e+00 0.0000e+00 -4.9339e-01 -9.7681e-01 
118.0 3.7106e+00 -1.6462e+00 0.0000e+00 0.0000e+00 -1.6462e+00 3.1089e+00 0.0000e+00 0.0000e+00 0.0000e+00 0.0000e+00 -1.3870e+00 4.8945e-01 0.0000e+00 0.0000e+00 -4.8945e-01 -1.0455e+00 
119.0 3.6933e+00 -1.5984e+00 0.0000e+00 0.0000e+00 -1.5984e+00 3.0949e+00 0.0000e+00 0.0000e+00 0.0000e+00 0.0000e+00 -1.4550e+00 4.8539e-01 0.0000e+00 0.0000e+00 -4.8539e-01 -1.1124e+00 
120.0 3.6777e+00 -1.5507e+00 0.0000e+00 0.0000e+00 -1.5507e+00 3.0827e+00 0.0000e+00 0.0000e+00 0.0000e+00 0.0000e+00 -1.5211e+00 4.8120e-01 0.0000e+00 0.0000e+00 -4.8120e-01 -1.1774e+00 
121.0 3.6636e+00 -1.5031e+00 0.0000e+00 0.0000e+00 -1.5031e+00 3.0721e+00 0.0000e+00 0.0000e+00 0.0000e+00 0.0000e+00 -1.5853e+00 4.7689e-01 0.0000e+00 0.0000e+00 -4.7689e-01 -1.2406e+00 
122.0 3.6512e+00 -1.4557e+00 0.0000e+00 0.0000e+00 -1.4557e+00 3.0630e+00 0.0000e+00 0.0000e+00 0.0000e+00 0.0000e+00 -1.6477e+00 4.7241e-01 0.0000e+00 0.0000e+00 -4.7241e-01 -1.3022e+00 
123.0 3.6403e+00 -1.4084e+00 0.0000e+00 0.0000e+00 -1.4084e+00 3.0555e+00 0.0000e+00 0.0000e+00 0.0000e+00 0.0000e+00 -1.7083e+00 4.6775e-01 0.0000e+00 0.0000e+00 -4.6775e-01 -1.3620e+00 
124.0 3.6308e+00 -1.3613e+00 0.0000e+00 0.0000e+00 -1.3613e+00 3.0493e+00 0.0000e+00 0.0000e+00 0.0000e+00 0.0000e+00 -1.7672e+00 4.6292e-01 0.0000e+00 0.0000e+00 -4.6292e-01 -1.4202e+00 
125.0 3.6226e+00 -1.3145e+00 0.0000e+00 0.0000e+00 -1.3145e+00 3.0444e+00 0.0000e+00 0.0000e+00 0.0000e+00 0.0000e+00 -1.8245e+00 4.5788e-01 0.0000e+00 0.0000e+00 -4.5788e-01 -1.4768e+00 
126.0 3.6158e+00 -1.2679e+00 0.0000e+00 0.0000e+00 -1.2679e+00 3.0409e+00 0.0000e+00 0.0000e+00 0.0000e+00 0.0000e+00 -1.8802e+00 4.5264e-01 0.0000e+00 0.0000e+00 -4.5264e-01 -1.5319e+00 
127.0 3.6101e+00 -1.2216e+00 0.0000e+00 0.0000e+00 -1.2216e+00 3.0385e+00 0.0000e+00 0.0000e+00 0.0000e+00 0.0000e+00 -1.9343e+00 4.4719e-01 0.0000e+00 0.0000e+00 -4.4719e-01 -1.5854e+00 
128.0 3.6057e+00 -1.1757e+00 0.0000e+00 0.0000e+00 -1.1757e+00 3.0372e+00 0.0000e+00 0.0000e+00 0.0000e+00 0.0000e+00 -1.9870e+00 4.4152e-01 0.0000e+00 0.0000e+00 -4.4152e-01 -1.6376e+00 
129.0 3.6025e+00 -1.1302e+00 0.0000e+00 0.0000e+00 -1.1302e+00 3.0371e+00 0.0000e+00 0.0000e+00 0.0000e+00 0.0000e+00 -2.0382e+00 4.3563e-01 0.0000e+00 0.0000e+00 -4.3563e-01 -1.6883e+00 
130.0 3.6003e+00 -1.0851e+00 0.0000e+00 0.0000e+00 -1.0851e+00 3.0380e+00 0.0000e+00 0.0000e+00 0.0000e+00 0.0000e+00 -2.0880e+00 4.2950e-01 0.0000e+00 0.0000e+00 -4.2950e-01 -1.7377e+00 
131.0 3.5991e+00 -1.0404e+00 0.0000e+00 0.0000e+00 -1.0404e+00 3.0400e+00 0.0000e+00 0.0000e+00 0.0000e+00 0.0000e+00 -2.1365e+00 4.2311e-01 0.0000e+00 0.0000e+00 -4.2311e-01 -1.7858e+00 
132.0 3.5990e+00 -9.9612e-01 0.0000e+00 0.0000e+00 -9.9612e-01 3.0429e+00 0.0000e+00 0.0000e+00 0.0000e+00 0.0000e+00 -2.1836e+00 4.1647e-01 0.0000e+00 0.0000e+00 -4.1647e-01 -1.8326e+00 
133.0 3.5998e+00 -9.5227e-01 0.0000e+00 0.0000e+00 -9.5227e-01 3.0467e+00 0.0000e+00 0.0000e+00 0.0000e+00 0.0000e+00 -2.2295e+00 4.0956e-01 0.0000e+00 0.0000e+00 -4.0956e-01 -1.8782e+00 
134.0 3.6016e+00 -9.0893e-01 0.0000e+00 0.0000e+00 -9.0893e-01 3.0514e+00 0.0000e+00 0.0000e+00 0.0000e+00 0.0000e+00 -2.2741e+00 4.0240e-01 0.0000e+00 0.0000e+00 -4.0240e-01 -1.9226e+00 
135.0 3.6043e+00 -8.6607e-01 0.0000e+00 0.0000e+00 -8.6607e-01 3.0571e+00 0.0000e+00 0.0000e+00 0.0000e+00 0.0000e+00 -2.3174e+00 3.9500e-01 0.0000e+00 0.0000e+00 -3.9500e-01 -1.9658e+00 
136.0 3.6079e+00 -8.2365e-01 0.0000e+00 0.0000e+00 -8.2365e-01 3.0637e+00 0.0000e+00 0.0000e+00 0.0000e+00 0.0000e+00 -2.3596e+00 3.8735e-01 0.0000e+00 0.0000e+00 -3.8735e-01 -2.0080e+00 
137.0 3.6122e+00 -7.8177e-01 0.0000e+00 0.0000e+00 -7.8177e-01 3.0711e+00 0.0000e+00 0.0000e+00 0.0000e+00 0.0000e+00 -2.4007e+00 3.7945e-01 0.0000e+00 0.0000e+00 -3.7945e-01 -2.0491e+00 
138.0 3.6174e+00 -7.4038e-01 0.0000e+00 0.0000e+00 -7.4038e-01 3.0793e+00 0.0000e+00 0.0000e+00 0.0000e+00 0.0000e+00 -2.4406e+00 3.7130e-01 0.0000e+00 0.0000e+00 -3.7130e-01 -2.0892e+00 
139.0 3.6233e+00 -6.9943e-01 0.0000e+00 0.0000e+00 -6.9943e-01 3.0883e+00 0.0000e+00 0.0000e+00 0.0000e+00 0.0000e+00 -2.4794e+00 3.6292e-01 0.0000e+00 0.0000e+00 -3.6292e-01 -2.1283e+00 
140.0 3.6299e+00 -6.5899e-01 0.0000e+00 0.0000e+00 -6.5899e-01 3.0981e+00 0.0000e+00 0.0000e+00 0.0000e+00 0.0000e+00 -2.5171e+00 3.5433e-01 0.0000e+00 0.0000e+00 -3.5433e-01 -2.1665e+00 
141.0 3.6374e+00 -6.1906e-01 0.0000e+00 0.0000e+00 -6.1906e-01 3.1087e+00 0.0000e+00 0.0000e+00 0.0000e+00 0.0000e+00 -2.5538e+00 3.4556e-01 0.0000e+00 0.0000e+00 -3.4556e-01 -2.2037e+00 
142.0 3.6456e+00 -5.7963e-01 0.0000e+00 0.0000e+00 -5.7963e-01 3.1202e+00 0.0000e+00 0.0000e+00 0.0000e+00 0.0000e+00 -2.5894e+00 3.3663e-01 0.0000e+00 0.0000e+00 -3.3663e-01 -2.2401e+00 
143.0 3.6546e+00 -5.4078e-01 0.0000e+00 0.0000e+00 -5.4078e-01 3.1324e+00 0.0000e+00 0.0000e+00 0.0000e+00 0.0000e+00 -2.6241e+00 3.2755e-01 0.0000e+00 0.0000e+00 -3.2755e-01 -2.2756e+00 
144.0 3.6643e+00 -5.0249e-01 0.0000e+00 0.0000e+00 -5.0249e-01 3.1455e+00 0.0000e+00 0.0000e+00 0.0000e+00 0.0000e+00 -2.6577e+00 3.1830e-01 0.0000e+00 0.0000e+00 -3.1830e-01 -2.3102e+00 
145.0 3.6749e+00 -4.6475e-01 0.0000e+00 0.0000e+00 -4.6475e-01 3.1595e+00 0.0000e+00 0.0000e+00 0.0000e+00 0.0000e+00 -2.6904e+00 3.0888e-01 0.0000e+00 0.0000e+00 -3.0888e-01 -2.3440e+00 
146.0 3.6861e+00 -4.2765e-01 0.0000e+00 0.0000e+00 -4.2765e-01 3.1741e+00 0.0000e+00 0.0000e+00 0.0000e+00 0.0000e+00 -2.7222e+00 2.9924e-01 0.0000e+00 0.0000e+00 -2.9924e-01 -2.3770e+00 
147.0 3.6980e+00 -3.9121e-01 0.0000e+00 0.0000e+00 -3.9121e-01 3.1894e+00 0.0000e+00 0.0000e+00 0.0000e+00 0.0000e+00 -2.7532e+00 2.8933e-01 0.0000e+00 0.0000e+00 -2.8933e-01 -2.4092e+00 
148.0 3.7108e+00 -3.5532e-01 0.0000e+00 0.0000e+00 -3.5532e-01 3.2055e+00 0.0000e+00 0.0000e+00 0.0000e+00 0.0000e+00 -2.7834e+00 2.7912e-01 0.0000e+00 0.0000e+00 -2.7912e-01 -2.4407e+00 
149.0 3.7242e+00 -3.2013e-01 0.0000e+00 0.0000e+00 -3.2013e-01 3.2224e+00 0.0000e+00 0.0000e+00 0.0000e+00 0.0000e+00 -2.8128e+00 2.6863e-01 0.0000e+00 0.0000e+00 -2.6863e-01 -2.4715e+00 
150.0 3.7383e+00 -2.8578e-01 0.0000e+00 0.0000e+00 -2.8578e-01 3.2398e+00 0.0000e+00 0.0000e+00 0.0000e+00 0.0000e+00 -2.8416e+00 2.5780e-01 0.0000e+00 0.0000e+00 -2.5780e-01 -2.5016e+00 
151.0 3.7533e+00 -2.5209e-01 0.0000e+00 0.0000e+00 -2.5209e-01 3.2581e+00 0.0000e+00 0.0000e+00 0.0000e+00 0.0000e+00 -2.8697e+00 2.4658e-01 0.0000e+00 0.0000e+00 -2.4658e-01 -2.5312e+00 
152.0 3.7689e+00 -2.1927e-01 0.0000e+00 0.0000e+00 -2.1927e-01 3.2769e+00 0.0000e+00 0.0000e+00 0.0000e+00 0.0000e+00 -2.8974e+00 2.3483e-01 0.0000e+00 0.0000e+00 -2.3483e-01 -2.5602e+00 
153.0 3.7849e+00 -1.8775e-01 0.0000e+00 0.0000e+00 -1.8775e-01 3.2959e+00 0.0000e+00 0.0000e+00 0.0000e+00 0.0000e+00 -2.9246e+00 2.2235e-01 0.0000e+00 0.0000e+00 -2.2235e-01 -2.5888e+00 
154.0 3.8012e+00 -1.5741e-01 0.0000e+00 0.0000e+00 -1.5741e-01 3.3151e+00 0.0000e+00 0.0000e+00 0.0000e+00 0.0000e+00 -2.9516e+00 2.0889e-01 0.0000e+00 0.0000e+00 -2.0889e-01 -2.6170e+00 
155.0 3.8179e+00 -1.2833e-01 0.0000e+00 0.0000e+00 -1.2833e-01 3.3345e+00 0.0000e+00 0.0000e+00 0.0000e+00 0.0000e+00 -2.9785e+00 1.9425e-01 0.0000e+00 0.0000e+00 -1.9425e-01 -2.6448e+00 
156.0 3.8345e+00 -1.0116e-01 0.0000e+00 0.0000e+00 -1.0116e-01 3.3534e+00 0.0000e+00 0.0000e+00 0.0000e+00 0.0000e+00 -3.0053e+00 1.7824e-01 0.0000e+00 0.0000e+00 -1.7824e-01 -2.6723e+00 
157.0 3.8511e+00 -7.5971e-02 0.0000e+00 0.0000e+00 -7.5971e-02 3.3719e+00 0.0000e+00 0.0000e+00 0.0000e+00 0.0000e+00 -3.0324e+00 1.6073e-01 0.0000e+00 0.0000e+00 -1.6073e-01 -2.6995e+00 
158.0 3.8680e+00 -5.2567e-02 0.0000e+00 0.0000e+00 -5.2567e-02 3.3903e+00 0.0000e+00 0.0000e+00 0.0000e+00 0.0000e+00 -3.0598e+00 1.4162e-01 0.0000e+00 0.0000e+00 -1.4162e-01 -2.7262e+00 
159.0 3.8849e+00 -3.1661e-02 0.0000e+00 0.0000e+00 -3.1661e-02 3.4079e+00 0.0000e+00 0.0000e+00 0.0000e+00 0.0000e+00 -3.0876e+00 1.2083e-01 0.0000e+00 0.0000e+00 -1.2083e-01 -2.7526e+00 
160.0 3.9017e+00 -1.3644e-02 0.0000e+00 0.0000e+00 -1.3644e-02 3.4243e+00 0.0000e+00 0.0000e+00 0.0000e+00 0.0000e+00 -3.1162e+00 9.8318e-02 0.0000e+00 0.0000e+00 -9.8318e-02 -2.7783e+00 
161.0 3.9193e+00 2.0456e-03 0.0000e+00 0.0000e+00 2.0456e-03 3.4403e+00 0.0000e+00 0.0000e+00 0.0000e+00 0.0000e+00 -3.1458e+00 7.4117e-02 0.0000e+00 0.0000e+00 -7.4117e-02 -2.8035e+00 
162.0 3.9380e+00 1.5096e-02 0.0000e+00 0.0000e+00 1.5096e-02 3.4556e+00 0.0000e+00 0.0000e+00 0.0000e+00 0.0000e+00 -3.1766e+00 4.8422e-02 0.0000e+00 0.0000e+00 -4.8422e-02 -2.8279e+00 
163.0 3.9578e+00 2.4862e-02 0.0000e+00 0.0000e+00 2.4862e-02 3.4699e+00 0.0000e+00 0.0000e+00 0.0000e+00 0.0000e+00 -3.2093e+00 2.1563e-02 0.0000e+00 0.0000e+00 -2.1563e-02 -2.8515e+00 
164.0 3.9802e+00 3.2105e-02 0.0000e+00 0.0000e+00 3.2105e-02 3.4844e+00 0.0000e+00 0.0000e+00 0.0000e+00 0.0000e+00 -3.2443e+00 -6.0009e-03 0.0000e+00 0.0000e+00 6.0009e-03 -2.8742e+00 
165.0 4.0063e+00 3.7100e-02 0.0000e+00 0.0000e+00 3.7100e-02 3.4997e+00 0.0000e+00 0.0000e+00 0.0000e+00 0.0000e+00 -3.2819e+00 -3.3666e-02 0.0000e+00 0.0000e+00 3.3666e-02 -2.8959e+00 
166.0 4.0364e+00 3.8897e-02 0.0000e+00 0.0000e+00 3.8897e-02 3.5154e+00 0.0000e+00 0.0000e+00 0.0000e+00 0.0000e+00 -3.3228e+00 -6.0673e-02 0.0000e+00 0.0000e+00 6.0673e-02 -2.9165e+00 
167.0 4.0720e+00 3.8095e-02 0.0000e+00 0.0000e+00 3.8095e-02 3.5330e+00 0.0000e+00 0.0000e+00 0.0000e+00 0.0000e+00 -3.3675e+00 -8.6165e-02 0.0000e+00 0.0000e+00 8.6165e-02 -2.9358e+00 
168.0 4.1153e+00 3.5800e-02 0.0000e+00 0.0000e+00 3.5800e-02 3.5532e+00 0.0000e+00 0.0000e+00 0.0000e+00 0.0000e+00 -3.4166e+00 -1.0920e-01 0.0000e+00 0.0000e+00 1.0920e-01 -2.9538e+00 
169.0 4.1664e+00 3.1100e-02 0.0000e+00 0.0000e+00 3.1100e-02 3.5766e+00 0.0000e+00 0.0000e+00 0.0000e+00 0.0000e+00 -3.4702e+00 -1.2870e-01 0.0000e+00 0.0000e+00 1.2870e-01 -2.9703e+00 
170.0 4.2265e+00 2.4081e-02 0.0000e+00 0.0000e+00 2.4081e-02 3.6036e+00 0.0000e+00 0.0000e+00 0.0000e+00 0.0000e+00 -3.5289e+00 -1.4348e-01 0.0000e+00 0.0000e+00 1.4348e-01 -2.9850e+00 
171.0 4.2984e+00 1.6934e-02 0.0000e+00 0.0000e+00 1.6934e-02 3.6358e+00 0.0000e+00 0.0000e+00 0.0000e+00 0.0000e+00 -3.5931e+00 -1.5212e-01 0.0000e+00 0.0000e+00 1.5212e-01 -2.9980e+00 
172.0 4.3822e+00 9.6987e-03 0.0000e+00 0.0000e+00 9.6987e-03 3.6745e+00 0.0000e+00 0.0000e+00 0.0000e+00 0.0000e+00 -3.6621e+00 -1.5306e-01 0.0000e+00 0.0000e+00 1.5306e-01 -3.0091e+00 
173.0 4.4769e+00 1.8006e-03 0.0000e+00 0.0000e+00 1.8006e-03 3.7182e+00 0.0000e+00 0.0000e+00 0.0000e+00 0.0000e+00 -3.7353e+00 -1.4489e-01 0.0000e+00 0.0000e+00 1.4489e-01 -3.0182e+00 
174.0 4.5830e+00 -3.8095e-03 0.0000e+00 0.0000e+00 -3.8095e-03 3.7690e+00 0.0000e+00 0.0000e+00 0.0000e+00 0.0000e+00 -3.8114e+00 -1.2690e-01 0.0000e+00 0.0000e+00 1.2690e-01 -3.0253e+00 
175.0 4.6966e+00 -5.5169e-03 0.0000e+00 0.0000e+00 -5.5169e-03 3.8261e+00 0.0000e+00 0.0000e+00 0.0000e+00 0.0000e+00 -3.8863e+00 -1.0005e-01 0.0000e+00 0.0000e+00 1.0005e-01 -3.0305e+00 
176.0 4.8073e+00 -5.9698e-03 0.0000e+00 0.0000e+00 -5.9698e-03 3.8826e+00 0.0000e+00 0.0000e+00 0.0000e+00 0.0000e+00 -3.9545e+00 -6.7539e-02 0.0000e+00 0.0000e+00 6.7539e-02 -3.0339e+00 
177.0 4.9038e+00 -5.4430e-03 0.0000e+00 0.0000e+00 -5.4430e-03 3.9327e+00 0.0000e+00 0.0000e+00 0.0000e+00 0.0000e+00 -4.0117e+00 -3.5018e-02 0.0000e+00 0.0000e+00 3.5018e-02 -3.0355e+00 
178.0 4.9743e+00 -2.2823e-03 0.0000e+00 0.0000e+00 -2.2823e-03 3.9709e+00 0.0000e+00 0.0000e+00 0.0000e+00 0.0000e+00 -4.0525e+00 -1.0139e-02 0.0000e+00 0.0000e+00 1.0139e-02 -3.0359e+00 
179.0 5.0022e+00 -3.8367e-20 0.0000e+00 0.0000e+00 -3.8367e-20 3.9867e+00 0.0000e+00 0.0000e+00 0.0000e+00 0.0000e+00 -4.0684e+00 -1.6418e-19 0.0000e+00 0.0000e+00 1.6418e-19 -3.0360e+00 
180.0 5.0296e+00 0.0000e+00 0.0000e+00 0.0000e+00 0.0000e+00 4.0013e+00 0.0000e+00 0.0000e+00 0.0000e+00 0.0000e+00 -4.0834e+00 0.0000e+00 0.0000e+00 0.0000e+00 -0.0000e+00 -3.0359e+00 
