2.0680 2.0815 0.0134 0.033021
theta s11 s12 s13 s14 s21 s22 s23 s24 s31 s32 s33 s34 s41 s42 s43 s44
0.0 1.6511e+03 0.0000e+00 0.0000e+00 0.0000e+00 0.0000e+00 1.6484e+03 0.0000e+00 0.0000e+00 0.0000e+00 0.0000e+00 1.6484e+03 0.0000e+00 0.0000e+00 0.0000e+00 -0.0000e+00 1.6457e+03 
1.0 1.5224e+03 -3.1653e-02 0.0000e+00 0.0000e+00 -3.1653e-02 1.5198e+03 0.0000e+00 0.0000e+00 0.0000e+00 0.0000e+00 1.5198e+03 -6.4159e-01 0.0000e+00 0.0000e+00 6.4159e-01 1.5171e+03 
2.0 1.2987e+03 -5.0982e-02 0.0000e+00 0.0000e+00 -5.0982e-02 1.2960e+03 0.0000e+00 0.0000e+00 0.0000e+00 0.0000e+00 1.2960e+03 -2.2971e+00 0.0000e+00 0.0000e+00 2.2971e+00 1.2934e+03 
3.0 1.0915e+03 -1.4570e-02 0.0000e+00 0.0000e+00 -1.4570e-02 1.0889e+03 0.0000e+00 0.0000e+00 0.0000e+00 0.0000e+00 1.0889e+03 -4.3862e+00 0.0000e+00 0.0000e+00 4.3862e+00 1.0864e+03 
4.0 9.1741e+02 5.7554e-02 0.0000e+00 0.0000e+00 5.7554e-02 9.1488e+02 0.0000e+00 0.0000e+00 0.0000e+00 0.0000e+00 9.1480e+02 -6.4077e+00 0.0000e+00 0.0000e+00 6.4077e+00 9.1243e+02 
5.0 7.7513e+02 1.3769e-01 0.0000e+00 0.0000e+00 1.3769e-01 7.7266e+02 0.0000e+00 0.0000e+00 0.0000e+00 0.0000e+00 7.7251e+02 -8.0956e+00 0.0000e+00 0.0000e+00 8.0956e+00 7.7026e+02 
6.0 6.5973e+02 2.0409e-01 0.0000e+00 0.0000e+00 2.0409e-01 6.5731e+02 0.0000e+00 0.0000e+00 0.0000e+00 0.0000e+00 6.5707e+02 -9.3552e+00 0.0000e+00 0.0000e+00 9.3552e+00 6.5495e+02 
7.0 5.6614e+02 2.4238e-01 0.0000e+00 0.0000e+00 2.4238e-01 5.6377e+02 0.0000e+00 0.0000e+00 0.0000e+00 0.0000e+00 5.6344e+02 -1.0184e+01 0.0000e+00 0.0000e+00 1.0184e+01 5.6144e+02 
8.0 4.9004e+02 2.4721e-01 0.0000e+00 0.0000e+00 2.4721e-01 4.8770e+02 0.0000e+00 0.0000e+00 0.0000e+00 0.0000e+00 4.8727e+02 -1.0635e+01 0.0000e+00 0.0000e+00 1.0635e+01 4.8539e+02 
9.0 4.2789e+02 2.2071e-01 0.0000e+00 0.0000e+00 2.2071e-01 4.2557e+02 0.0000e+00 0.0000e+00 0.0000e+00 0.0000e+00 4.2505e+02 -1.0780e+01 0.0000e+00 0.0000e+00 1.0780e+01 4.2327e+02 
10.0 3.7682e+02 1.6891e-01 0.0000e+00 0.0000e+00 1.6891e-01 3.7452e+02 0.0000e+00 0.0000e+00 0.0000e+00 0.0000e+00 3.7391e+02 -1.0698e+01 0.0000e+00 0.0000e+00 1.0698e+01 3.7223e+02 
11.0 3.3456e+02 9.8618e-02 0.0000e+00 0.0000e+00 9.8618e-02 3.3228e+02 0.0000e+00 0.0000e+00 0.0000e+00 0.0000e+00 3.3158e+02 -1.0455e+01 0.0000e+00 0.0000e+00 1.0455e+01 3.3000e+02 
12.0 2.9931e+02 1.4027e-02 0.0000e+00 0.0000e+00 1.4027e-02 2.9703e+02 0.0000e+00 0.0000e+00 0.0000e+00 0.0000e+00 2.9626e+02 -1.0103e+01 0.0000e+00 0.0000e+00 1.0103e+01 2.9477e+02 
13.0 2.6968e+02 -8.2562e-02 0.0000e+00 0.0000e+00 -8.2562e-02 2.6741e+02 0.0000e+00 0.0000e+00 0.0000e+00 0.0000e+00 2.6656e+02 -9.6778e+00 0.0000e+00 0.0000e+00 9.6778e+00 2.6515e+02 
14.0 2.4455e+02 -1.8554e-01 0.0000e+00 0.0000e+00 -1.8554e-01 2.4228e+02 0.0000e+00 0.0000e+00 0.0000e+00 0.0000e+00 2.4137e+02 -9.2150e+00 0.0000e+00 0.0000e+00 9.2150e+00 2.4004e+02 
15.0 2.2309e+02 -2.9470e-01 0.0000e+00 0.0000e+00 -2.9470e-01 2.2082e+02 0.0000e+00 0.0000e+00 0.0000e+00 0.0000e+00 2.1985e+02 -8.7283e+00 0.0000e+00 0.0000e+00 8.7283e+00 2.1860e+02 
16.0 2.0460e+02 -4.0631e-01 0.0000e+00 0.0000e+00 -4.0631e-01 2.0233e+02 0.0000e+00 0.0000e+00 0.0000e+00 0.0000e+00 2.0131e+02 -8.2353e+00 0.0000e+00 0.0000e+00 8.2353e+00 2.0014e+02 
17.0 1.8856e+02 -5.1816e-01 0.0000e+00 0.0000e+00 -5.1816e-01 1.8628e+02 0.0000e+00 0.0000e+00 0.0000e+00 0.0000e+00 1.8522e+02 -7.7483e+00 0.0000e+00 0.0000e+00 7.7483e+00 1.8411e+02 
18.0 1.7454e+02 -6.2889e-01 0.0000e+00 0.0000e+00 -6.2889e-01 1.7225e+02 0.0000e+00 0.0000e+00 0.0000e+00 0.0000e+00 1.7114e+02 -7.2760e+00 0.0000e+00 0.0000e+00 7.2760e+00 1.7011e+02 
19.0 1.6218e+02 -7.3772e-01 0.0000e+00 0.0000e+00 -7.3772e-01 1.5988e+02 0.0000e+00 0.0000e+00 0.0000e+00 0.0000e+00 1.5924e+02 -6.8244e+00 0.0000e+00 0.0000e+00 6.8244e+00 1.5829e+02 
20.0 1.5120e+02 -8.4416e-01 0.0000e+00 0.0000e+00 -8.4416e-01 1.4890e+02 0.0000e+00 0.0000e+00 0.0000e+00 0.0000e+00 1.4866e+02 -6.3967e+00 0.0000e+00 0.0000e+00 6.3967e+00 1.4780e+02 
21.0 1.4138e+02 -9.4819e-01 0.0000e+00 0.0000e+00 -9.4819e-01 1.3908e+02 0.0000e+00 0.0000e+00 0.0000e+00 0.0000e+00 1.3920e+02 -5.9937e+00 0.0000e+00 0.0000e+00 5.9937e+00 1.3840e+02 
22.0 1.3254e+02 -1.0504e+00 0.0000e+00 0.0000e+00 -1.0504e+00 1.3023e+02 0.0000e+00 0.0000e+00 0.0000e+00 0.0000e+00 1.3067e+02 -5.6142e+00 0.0000e+00 0.0000e+00 5.6142e+00 1.2993e+02 
23.0 1.2453e+02 -1.1519e+00 0.0000e+00 0.0000e+00 -1.1519e+00 1.2222e+02 0.0000e+00 0.0000e+00 0.0000e+00 0.0000e+00 1.2294e+02 -5.2558e+00 0.0000e+00 0.0000e+00 5.2558e+00 1.2226e+02 
24.0 1.1725e+02 -1.2539e+00 0.0000e+00 0.0000e+00 -1.2539e+00 1.1493e+02 0.0000e+00 0.0000e+00 0.0000e+00 0.0000e+00 1.1590e+02 -4.9158e+00 0.0000e+00 0.0000e+00 4.9158e+00 1.1527e+02 
25.0 1.1060e+02 -1.3575e+00 0.0000e+00 0.0000e+00 -1.3575e+00 1.0829e+02 0.0000e+00 0.0000e+00 0.0000e+00 0.0000e+00 1.0948e+02 -4.5922e+00 0.0000e+00 0.0000e+00 4.5922e+00 1.0890e+02 
26.0 1.0452e+02 -1.4628e+00 0.0000e+00 0.0000e+00 -1.4628e+00 1.0220e+02 0.0000e+00 0.0000e+00 0.0000e+00 0.0000e+00 1.0360e+02 -4.2841e+00 0.0000e+00 0.0000e+00 4.2841e+00 1.0306e+02 
27.0 9.8935e+01 -1.5698e+00 0.0000e+00 0.0000e+00 -1.5698e+00 9.6618e+01 0.0000e+00 0.0000e+00 0.0000e+00 0.0000e+00 9.8199e+01 -3.9913e+00 0.0000e+00 0.0000e+00 3.9913e+00 9.7696e+01 
28.0 9.3788e+01 -1.6780e+00 0.0000e+00 0.0000e+00 -1.6780e+00 9.1471e+01 0.0000e+00 0.0000e+00 0.0000e+00 0.0000e+00 9.3216e+01 -3.7138e+00 0.0000e+00 0.0000e+00 3.7138e+00 9.2747e+01 
29.0 8.9024e+01 -1.7865e+00 0.0000e+00 0.0000e+00 -1.7865e+00 8.6707e+01 0.0000e+00 0.0000e+00 0.0000e+00 0.0000e+00 8.8600e+01 -3.4516e+00 0.0000e+00 0.0000e+00 3.4516e+00 8.8164e+01 
30.0 8.4597e+01 -1.8946e+00 0.0000e+00 0.0000e+00 -1.8946e+00 8.2280e+01 0.0000e+00 0.0000e+00 0.0000e+00 0.0000e+00 8.4308e+01 -3.2046e+00 0.0000e+00 0.0000e+00 3.2046e+00 8.3902e+01 
31.0 8.0468e+01 -2.0017e+00 0.0000e+00 0.0000e+00 -2.0017e+00 7.8152e+01 0.0000e+00 0.0000e+00 0.0000e+00 0.0000e+00 7.9928e+01 -2.9722e+00 0.0000e+00 0.0000e+00 2.9722e+00 7.9565e+01 
32.0 7.6606e+01 -2.1071e+00 0.0000e+00 0.0000e+00 -2.1071e+00 7.4291e+01 0.0000e+00 0.0000e+00 0.0000e+00 0.0000e+00 7.5837e+01 -2.7538e+00 0.0000e+00 0.0000e+00 2.7538e+00 7.5516e+01 
33.0 7.2985e+01 -2.2102e+00 0.0000e+00 0.0000e+00 -2.2102e+00 7.0670e+01 0.0000e+00 0.0000e+00 0.0000e+00 0.0000e+00 7.2006e+01 -2.5486e+00 0.0000e+00 0.0000e+00 2.5486e+00 7.1725e+01 
34.0 6.9582e+01 -2.3106e+00 0.0000e+00 0.0000e+00 -2.3106e+00 6.7268e+01 0.0000e+00 0.0000e+00 0.0000e+00 0.0000e+00 6.8411e+01 -2.3557e+00 0.0000e+00 0.0000e+00 2.3557e+00 6.8168e+01 
35.0 6.6381e+01 -2.4082e+00 0.0000e+00 0.0000e+00 -2.4082e+00 6.4069e+01 0.0000e+00 0.0000e+00 0.0000e+00 0.0000e+00 6.5029e+01 -2.1741e+00 0.0000e+00 0.0000e+00 2.1741e+00 6.4823e+01 
36.0 6.3366e+01 -2.5029e+00 0.0000e+00 0.0000e+00 -2.5029e+00 6.1056e+01 0.0000e+00 0.0000e+00 0.0000e+00 0.0000e+00 6.1844e+01 -2.0027e+00 0.0000e+00 0.0000e+00 2.0027e+00 6.1673e+01 
37.0 6.0525e+01 -2.5950e+00 0.0000e+00 0.0000e+00 -2.5950e+00 5.8217e+01 0.0000e+00 0.0000e+00 0.0000e+00 0.0000e+00 5.8840e+01 -1.8403e+00 0.0000e+00 0.0000e+00 1.8403e+00 5.8703e+01 
38.0 5.7847e+01 -2.6849e+00 0.0000e+00 0.0000e+00 -2.6849e+00 5.5542e+01 0.0000e+00 0.0000e+00 0.0000e+00 0.0000e+00 5.6004e+01 -1.6860e+00 0.0000e+00 0.0000e+00 1.6860e+00 5.5899e+01 
39.0 5.5321e+01 -2.7727e+00 0.0000e+00 0.0000e+00 -2.7727e+00 5.3020e+01 0.0000e+00 0.0000e+00 0.0000e+00 0.0000e+00 5.3325e+01 -1.5390e+00 0.0000e+00 0.0000e+00 1.5390e+00 5.3252e+01 
40.0 5.2936e+01 -2.8585e+00 0.0000e+00 0.0000e+00 -2.8585e+00 5.0639e+01 0.0000e+00 0.0000e+00 0.0000e+00 0.0000e+00 5.0792e+01 -1.3992e+00 0.0000e+00 0.0000e+00 1.3992e+00 5.0749e+01 
41.0 5.0683e+01 -2.9422e+00 0.0000e+00 0.0000e+00 -2.9422e+00 4.8391e+01 0.0000e+00 0.0000e+00 0.0000e+00 0.0000e+00 4.8396e+01 -1.2662e+00 0.0000e+00 0.0000e+00 1.2662e+00 4.8381e+01 
42.0 4.8552e+01 -3.0234e+00 0.0000e+00 0.0000e+00 -3.0234e+00 4.6264e+01 0.0000e+00 0.0000e+00 0.0000e+00 0.0000e+00 4.6126e+01 -1.1397e+00 0.0000e+00 0.0000e+00 1.1397e+00 4.6139e+01 
43.0 4.6533e+01 -3.1018e+00 0.0000e+00 0.0000e+00 -3.1018e+00 4.4251e+01 0.0000e+00 0.0000e+00 0.0000e+00 0.0000e+00 4.3975e+01 -1.0191e+00 0.0000e+00 0.0000e+00 1.0191e+00 4.4014e+01 
44.0 4.4619e+01 -3.1773e+00 0.0000e+00 0.0000e+00 -3.1773e+00 4.2342e+01 0.0000e+00 0.0000e+00 0.0000e+00 0.0000e+00 4.1933e+01 -9.0397e-01 0.0000e+00 0.0000e+00 9.0397e-01 4.1998e+01 
45.0 4.2803e+01 -3.2498e+00 0.0000e+00 0.0000e+00 -3.2498e+00 4.0531e+01 0.0000e+00 0.0000e+00 0.0000e+00 0.0000e+00 3.9994e+01 -7.9357e-01 0.0000e+00 0.0000e+00 7.9357e-01 4.0083e+01 
46.0 4.1078e+01 -3.3193e+00 0.0000e+00 0.0000e+00 -3.3193e+00 3.8812e+01 0.0000e+00 0.0000e+00 0.0000e+00 0.0000e+00 3.8150e+01 -6.8733e-01 0.0000e+00 0.0000e+00 6.8733e-01 3.8263e+01 
47.0 3.9440e+01 -3.3858e+00 0.0000e+00 0.0000e+00 -3.3858e+00 3.7179e+01 0.0000e+00 0.0000e+00 0.0000e+00 0.0000e+00 3.6397e+01 -5.8478e-01 0.0000e+00 0.0000e+00 5.8478e-01 3.6533e+01 
48.0 3.7882e+01 -3.4494e+00 0.0000e+00 0.0000e+00 -3.4494e+00 3.5627e+01 0.0000e+00 0.0000e+00 0.0000e+00 0.0000e+00 3.4728e+01 -4.8556e-01 0.0000e+00 0.0000e+00 4.8556e-01 3.4886e+01 
49.0 3.6402e+01 -3.5099e+00 0.0000e+00 0.0000e+00 -3.5099e+00 3.4152e+01 0.0000e+00 0.0000e+00 0.0000e+00 0.0000e+00 3.3140e+01 -3.8933e-01 0.0000e+00 0.0000e+00 3.8933e-01 3.3319e+01 
50.0 3.4994e+01 -3.5675e+00 0.0000e+00 0.0000e+00 -3.5675e+00 3.2750e+01 0.0000e+00 0.0000e+00 0.0000e+00 0.0000e+00 3.1627e+01 -2.9576e-01 0.0000e+00 0.0000e+00 2.9576e-01 3.1827e+01 
51.0 3.3657e+01 -3.6222e+00 0.0000e+00 0.0000e+00 -3.6222e+00 3.1418e+01 0.0000e+00 0.0000e+00 0.0000e+00 0.0000e+00 3.0185e+01 -2.0452e-01 0.0000e+00 0.0000e+00 2.0452e-01 3.0406e+01 
52.0 3.2385e+01 -3.6741e+00 0.0000e+00 0.0000e+00 -3.6741e+00 3.0152e+01 0.0000e+00 0.0000e+00 0.0000e+00 0.0000e+00 2.8811e+01 -1.1536e-01 0.0000e+00 0.0000e+00 1.1536e-01 2.9052e+01 
53.0 3.1177e+01 -3.7233e+00 0.0000e+00 0.0000e+00 -3.7233e+00 2.8949e+01 0.0000e+00 0.0000e+00 0.0000e+00 0.0000e+00 2.7501e+01 -2.8119e-02 0.0000e+00 0.0000e+00 2.8119e-02 2.7762e+01 
54.0 3.0030e+01 -3.7700e+00 0.0000e+00 0.0000e+00 -3.7700e+00 2.7807e+01 0.0000e+00 0.0000e+00 0.0000e+00 0.0000e+00 2.6253e+01 5.7245e-02 0.0000e+00 0.0000e+00 -5.7245e-02 2.6533e+01 
55.0 2.8940e+01 -3.8141e+00 0.0000e+00 0.0000e+00 -3.8141e+00 2.6722e+01 0.0000e+00 0.0000e+00 0.0000e+00 0.0000e+00 2.5063e+01 1.4073e-01 0.0000e+00 0.0000e+00 -1.4073e-01 2.5362e+01 
56.0 2.7904e+01 -3.8556e+00 0.0000e+00 0.0000e+00 -3.8556e+00 2.5690e+01 0.0000e+00 0.0000e+00 0.0000e+00 0.0000e+00 2.3927e+01 2.2228e-01 0.0000e+00 0.0000e+00 -2.2228e-01 2.4246e+01 
57.0 2.6919e+01 -3.8947e+00 0.0000e+00 0.0000e+00 -3.8947e+00 2.4711e+01 0.0000e+00 0.0000e+00 0.0000e+00 0.0000e+00 2.2844e+01 3.0185e-01 0.0000e+00 0.0000e+00 -3.0185e-01 2.3181e+01 
58.0 2.5983e+01 -3.9311e+00 0.0000e+00 0.0000e+00 -3.9311e+00 2.3779e+01 0.0000e+00 0.0000e+00 0.0000e+00 0.0000e+00 2.1809e+01 3.7939e-01 0.0000e+00 0.0000e+00 -3.7939e-01 2.2165e+01 
59.0 2.5093e+01 -3.9650e+00 0.0000e+00 0.0000e+00 -3.9650e+00 2.2893e+01 0.0000e+00 0.0000e+00 0.0000e+00 0.0000e+00 2.0821e+01 4.5489e-01 0.0000e+00 0.0000e+00 -4.5489e-01 2.1195e+01 
60.0 2.4246e+01 -3.9962e+00 0.0000e+00 0.0000e+00 -3.9962e+00 2.2050e+01 0.0000e+00 0.0000e+00 0.0000e+00 0.0000e+00 1.9876e+01 5.2840e-01 0.0000e+00 0.0000e+00 -5.2840e-01 2.0269e+01 
61.0 2.3440e+01 -4.0248e+00 0.0000e+00 0.0000e+00 -4.0248e+00 2.1247e+01 0.0000e+00 0.0000e+00 0.0000e+00 0.0000e+00 1.8973e+01 5.9993e-01 0.0000e+00 0.0000e+00 -5.9993e-01 1.9385e+01 
62.0 2.2672e+01 -4.0508e+00 0.0000e+00 0.0000e+00 -4.0508e+00 2.0483e+01 0.0000e+00 0.0000e+00 0.0000e+00 0.0000e+00 1.8110e+01 6.6946e-01 0.0000e+00 0.0000e+00 -6.6946e-01 1.8539e+01 
63.0 2.1942e+01 -4.0742e+00 0.0000e+00 0.0000e+00 -4.0742e+00 1.9756e+01 0.0000e+00 0.0000e+00 0.0000e+00 0.0000e+00 1.7283e+01 7.3695e-01 0.0000e+00 0.0000e+00 -7.3695e-01 1.7731e+01 
64.0 2.1246e+01 -4.0949e+00 0.0000e+00 0.0000e+00 -4.0949e+00 1.9062e+01 0.0000e+00 0.0000e+00 0.0000e+00 0.0000e+00 1.6492e+01 8.0234e-01 0.0000e+00 0.0000e+00 -8.0234e-01 1.6958e+01 
65.0 2.0583e+01 -4.1131e+00 0.0000e+00 0.0000e+00 -4.1131e+00 1.8402e+01 0.0000e+00 0.0000e+00 0.0000e+00 0.0000e+00 1.5735e+01 8.6560e-01 0.0000e+00 0.0000e+00 -8.6560e-01 1.6219e+01 
66.0 1.9951e+01 -4.1286e+00 0.0000e+00 0.0000e+00 -4.1286e+00 1.7772e+01 0.0000e+00 0.0000e+00 0.0000e+00 0.0000e+00 1.5009e+01 9.2669e-01 0.0000e+00 0.0000e+00 -9.2669e-01 1.5512e+01 
67.0 1.9348e+01 -4.1414e+00 0.0000e+00 0.0000e+00 -4.1414e+00 1.7172e+01 0.0000e+00 0.0000e+00 0.0000e+00 0.0000e+00 1.4313e+01 9.8560e-01 0.0000e+00 0.0000e+00 -9.8560e-01 1.4835e+01 
68.0 1.8774e+01 -4.1517e+00 0.0000e+00 0.0000e+00 -4.1517e+00 1.6600e+01 0.0000e+00 0.0000e+00 0.0000e+00 0.0000e+00 1.3646e+01 1.0423e+00 0.0000e+00 0.0000e+00 -1.0423e+00 1.4186e+01 
69.0 1.8226e+01 -4.1593e+00 0.0000e+00 0.0000e+00 -4.1593e+00 1.6054e+01 0.0000e+00 0.0000e+00 0.0000e+00 0.0000e+00 1.3006e+01 1.0966e+00 0.0000e+00 0.0000e+00 -1.0966e+00 1.3564e+01 
70.0 1.7703e+01 -4.1644e+00 0.0000e+00 0.0000e+00 -4.1644e+00 1.5532e+01 0.0000e+00 0.0000e+00 0.0000e+00 0.0000e+00 1.2392e+01 1.1487e+00 0.0000e+00 0.0000e+00 -1.1487e+00 1.2968e+01 
71.0 1.7204e+01 -4.1670e+00 0.0000e+00 0.0000e+00 -4.1670e+00 1.5035e+01 0.0000e+00 0.0000e+00 0.0000e+00 0.0000e+00 1.1802e+01 1.1984e+00 0.0000e+00 0.0000e+00 -1.1984e+00 1.2397e+01 
72.0 1.6727e+01 -4.1671e+00 0.0000e+00 0.0000e+00 -4.1671e+00 1.4559e+01 0.0000e+00 0.0000e+00 0.0000e+00 0.0000e+00 1.1236e+01 1.2458e+00 0.0000e+00 0.0000e+00 -1.2458e+00 1.1848e+01 
73.0 1.6272e+01 -4.1647e+00 0.0000e+00 0.0000e+00 -4.1647e+00 1.4105e+01 0.0000e+00 0.0000e+00 0.0000e+00 0.0000e+00 1.0691e+01 1.2907e+00 0.0000e+00 0.0000e+00 -1.2907e+00 1.1321e+01 
74.0 1.5837e+01 -4.1599e+00 0.0000e+00 0.0000e+00 -4.1599e+00 1.3672e+01 0.0000e+00 0.0000e+00 0.0000e+00 0.0000e+00 1.0167e+01 1.3333e+00 0.0000e+00 0.0000e+00 -1.3333e+00 1.0816e+01 
75.0 1.5421e+01 -4.1528e+00 0.0000e+00 0.0000e+00 -4.1528e+00 1.3257e+01 0.0000e+00 0.0000e+00 0.0000e+00 0.0000e+00 9.6630e+00 1.3735e+00 0.0000e+00 0.0000e+00 -1.3735e+00 1.0330e+01 
76.0 1.5024e+01 -4.1433e+00 0.0000e+00 0.0000e+00 -4.1433e+00 1.2861e+01 0.0000e+00 0.0000e+00 0.0000e+00 0.0000e+00 9.1779e+00 1.4114e+00 0.0000e+00 0.0000e+00 -1.4114e+00 9.8627e+00 
77.0 1.4644e+01 -4.1315e+00 0.0000e+00 0.0000e+00 -4.1315e+00 1.2482e+01 0.0000e+00 0.0000e+00 0.0000e+00 0.0000e+00 8.7108e+00 1.4471e+00 0.0000e+00 0.0000e+00 -1.4471e+00 9.4134e+00 
78.0 1.4280e+01 -4.1174e+00 0.0000e+00 0.0000e+00 -4.1174e+00 1.2120e+01 0.0000e+00 0.0000e+00 0.0000e+00 0.0000e+00 8.2607e+00 1.4805e+00 0.0000e+00 0.0000e+00 -1.4805e+00 8.9812e+00 
79.0 1.3933e+01 -4.1012e+00 0.0000e+00 0.0000e+00 -4.1012e+00 1.1774e+01 0.0000e+00 0.0000e+00 0.0000e+00 0.0000e+00 7.8270e+00 1.5117e+00 0.0000e+00 0.0000e+00 -1.5117e+00 8.5653e+00 
80.0 1.3600e+01 -4.0827e+00 0.0000e+00 0.0000e+00 -4.0827e+00 1.1443e+01 0.0000e+00 0.0000e+00 0.0000e+00 0.0000e+00 7.4089e+00 1.5408e+00 0.0000e+00 0.0000e+00 -1.5408e+00 8.1648e+00 
81.0 1.3282e+01 -4.0622e+00 0.0000e+00 0.0000e+00 -4.0622e+00 1.1126e+01 0.0000e+00 0.0000e+00 0.0000e+00 0.0000e+00 7.0056e+00 1.5679e+00 0.0000e+00 0.0000e+00 -1.5679e+00 7.7791e+00 
82.0 1.2978e+01 -4.0396e+00 0.0000e+00 0.0000e+00 -4.0396e+00 1.0823e+01 0.0000e+00 0.0000e+00 0.0000e+00 0.0000e+00 6.6166e+00 1.5930e+00 0.0000e+00 0.0000e+00 -1.5930e+00 7.4075e+00 
83.0 1.2687e+01 -4.0150e+00 0.0000e+00 0.0000e+00 -4.0150e+00 1.0533e+01 0.0000e+00 0.0000e+00 0.0000e+00 0.0000e+00 6.2411e+00 1.6162e+00 0.0000e+00 0.0000e+00 -1.6162e+00 7.0494e+00 
84.0 1.2408e+01 -3.9885e+00 0.0000e+00 0.0000e+00 -3.9885e+00 1.0255e+01 0.0000e+00 0.0000e+00 0.0000e+00 0.0000e+00 5.8785e+00 1.6375e+00 0.0000e+00 0.0000e+00 -1.6375e+00 6.7042e+00 
85.0 1.2141e+01 -3.9602e+00 0.0000e+00 0.0000e+00 -3.9602e+00 9.9896e+00 0.0000e+00 0.0000e+00 0.0000e+00 0.0000e+00 5.5283e+00 1.6569e+00 0.0000e+00 0.0000e+00 -1.6569e+00 6.3712e+00 
86.0 1.1886e+01 -3.9301e+00 0.0000e+00 0.0000e+00 -3.9301e+00 9.7355e+00 0.0000e+00 0.0000e+00 0.0000e+00 0.0000e+00 5.1900e+00 1.6746e+00 0.0000e+00 0.0000e+00 -1.6746e+00 6.0500e+00 
87.0 1.1641e+01 -3.8984e+00 0.0000e+00 0.0000e+00 -3.8984e+00 9.4923e+00 0.0000e+00 0.0000e+00 0.0000e+00 0.0000e+00 4.8630e+00 1.6905e+00 0.0000e+00 0.0000e+00 -1.6905e+00 5.7401e+00 
88.0 1.1408e+01 -3.8650e+00 0.0000e+00 0.0000e+00 -3.8650e+00 9.2597e+00 0.0000e+00 0.0000e+00 0.0000e+00 0.0000e+00 4.5470e+00 1.7047e+00 0.0000e+00 0.0000e+00 -1.7047e+00 5.4409e+00 
89.0 1.1184e+01 -3.8300e+00 0.0000e+00 0.0000e+00 -3.8300e+00 9.0371e+00 0.0000e+00 0.0000e+00 0.0000e+00 0.0000e+00 4.2414e+00 1.7172e+00 0.0000e+00 0.0000e+00 -1.7172e+00 5.1521e+00 
90.0 1.0970e+01 -3.7936e+00 0.0000e+00 0.0000e+00 -3.7936e+00 8.8242e+00 0.0000e+00 0.0000e+00 0.0000e+00 0.0000e+00 3.9459e+00 1.7280e+00 0.0000e+00 0.0000e+00 -1.7280e+00 4.8731e+00 
91.0 1.0765e+01 -3.7557e+00 0.0000e+00 0.0000e+00 -3.7557e+00 8.6205e+00 0.0000e+00 0.0000e+00 0.0000e+00 0.0000e+00 3.6601e+00 1.7372e+00 0.0000e+00 0.0000e+00 -1.7372e+00 4.6034e+00 
92.0 1.0568e+01 -3.7164e+00 0.0000e+00 0.0000e+00 -3.7164e+00 8.4257e+00 0.0000e+00 0.0000e+00 0.0000e+00 0.0000e+00 3.3835e+00 1.7447e+00 0.0000e+00 0.0000e+00 -1.7447e+00 4.3427e+00 
93.0 1.0380e+01 -3.6757e+00 0.0000e+00 0.0000e+00 -3.6757e+00 8.2394e+00 0.0000e+00 0.0000e+00 0.0000e+00 0.0000e+00 3.1158e+00 1.7507e+00 0.0000e+00 0.0000e+00 -1.7507e+00 4.0906e+00 
94.0 1.0201e+01 -3.6336e+00 0.0000e+00 0.0000e+00 -3.6336e+00 8.0614e+00 0.0000e+00 0.0000e+00 0.0000e+00 0.0000e+00 2.8566e+00 1.7552e+00 0.0000e+00 0.0000e+00 -1.7552e+00 3.8465e+00 
95.0 1.0029e+01 -3.5902e+00 0.0000e+00 0.0000e+00 -3.5902e+00 7.8914e+00 0.0000e+00 0.0000e+00 0.0000e+00 0.0000e+00 2.6056e+00 1.7582e+00 0.0000e+00 0.0000e+00 -1.7582e+00 3.6102e+00 
96.0 9.8643e+00 -3.5455e+00 0.0000e+00 0.0000e+00 -3.5455e+00 7.7290e+00 0.0000e+00 0.0000e+00 0.0000e+00 0.0000e+00 2.3626e+00 1.7598e+00 0.0000e+00 0.0000e+00 -1.7598e+00 3.3814e+00 
97.0 9.7070e+00 -3.4994e+00 0.0000e+00 0.0000e+00 -3.4994e+00 7.5742e+00 0.0000e+00 0.0000e+00 0.0000e+00 0.0000e+00 2.1272e+00 1.7601e+00 0.0000e+00 0.0000e+00 -1.7601e+00 3.1597e+00 
98.0 9.5568e+00 -3.4520e+00 0.0000e+00 0.0000e+00 -3.4520e+00 7.4266e+00 0.0000e+00 0.0000e+00 0.0000e+00 0.0000e+00 1.8992e+00 1.7591e+00 0.0000e+00 0.0000e+00 -1.7591e+00 2.9447e+00 
99.0 9.4133e+00 -3.4033e+00 0.0000e+00 0.0000e+00 -3.4033e+00 7.2861e+00 0.0000e+00 0.0000e+00 0.0000e+00 0.0000e+00 1.6782e+00 1.7568e+00 0.0000e+00 0.0000e+00 -1.7568e+00 2.7364e+00 
100.0 9.2763e+00 -3.3533e+00 0.0000e+00 0.0000e+00 -3.3533e+00 7.1524e+00 0.0000e+00 0.0000e+00 0.0000e+00 0.0000e+00 1.4642e+00 1.7535e+00 0.0000e+00 0.0000e+00 -1.7535e+00 2.5342e+00 
101.0 9.1457e+00 -3.3021e+00 0.0000e+00 0.0000e+00 -3.3021e+00 7.0253e+00 0.0000e+00 0.0000e+00 0.0000e+00 0.0000e+00 1.2567e+00 1.7491e+00 0.0000e+00 0.0000e+00 -1.7491e+00 2.3381e+00 
102.0 9.0211e+00 -3.2497e+00 0.0000e+00 0.0000e+00 -3.2497e+00 6.9046e+00 0.0000e+00 0.0000e+00 0.0000e+00 0.0000e+00 1.0556e+00 1.7436e+00 0.0000e+00 0.0000e+00 -1.7436e+00 2.1477e+00 
103.0 8.9023e+00 -3.1961e+00 0.0000e+00 0.0000e+00 -3.1961e+00 6.7901e+00 0.0000e+00 0.0000e+00 0.0000e+00 0.0000e+00 8.6057e-01 1.7372e+00 0.0000e+00 0.0000e+00 -1.7372e+00 1.9628e+00 
104.0 8.7891e+00 -3.1414e+00 0.0000e+00 0.0000e+00 -3.1414e+00 6.6815e+00 0.0000e+00 0.0000e+00 0.0000e+00 0.0000e+00 6.7141e-01 1.7297e+00 0.0000e+00 0.0000e+00 -1.7297e+00 1.7832e+00 
105.0 8.6814e+00 -3.0857e+00 0.0000e+00 0.0000e+00 -3.0857e+00 6.5786e+00 0.0000e+00 0.0000e+00 0.0000e+00 0.0000e+00 4.8790e-01 1.7213e+00 0.0000e+00 0.0000e+00 -1.7213e+00 1.6086e+00 
106.0 8.5789e+00 -3.0289e+00 0.0000e+00 0.0000e+00 -3.0289e+00 6.4813e+00 0.0000e+00 0.0000e+00 0.0000e+00 0.0000e+00 3.0982e-01 1.7119e+00 0.0000e+00 0.0000e+00 -1.7119e+00 1.4389e+00 
107.0 8.4815e+00 -2.9710e+00 0.0000e+00 0.0000e+00 -2.9710e+00 6.3893e+00 0.0000e+00 0.0000e+00 0.0000e+00 0.0000e+00 1.3695e-01 1.7016e+00 0.0000e+00 0.0000e+00 -1.7016e+00 1.2738e+00 
108.0 8.3889e+00 -2.9122e+00 0.0000e+00 0.0000e+00 -2.9122e+00 6.3024e+00 0.0000e+00 0.0000e+00 0.0000e+00 0.0000e+00 -3.0915e-02 1.6905e+00 0.0000e+00 0.0000e+00 -1.6905e+00 1.1131e+00 
109.0 8.3010e+00 -2.8522e+00 0.0000e+00 0.0000e+00 -2.8522e+00 6.2204e+00 0.0000e+00 0.0000e+00 0.0000e+00 0.0000e+00 -1.9396e-01 1.6785e+00 0.0000e+00 0.0000e+00 -1.6785e+00 9.5671e-01 
110.0 8.2177e+00 -2.7913e+00 0.0000e+00 0.0000e+00 -2.7913e+00 6.1433e+00 0.0000e+00 0.0000e+00 0.0000e+00 0.0000e+00 -3.5234e-01 1.6657e+00 0.0000e+00 0.0000e+00 -1.6657e+00 8.0434e-01 
111.0 8.1387e+00 -2.7293e+00 0.0000e+00 0.0000e+00 -2.7293e+00 6.0709e+00 0.0000e+00 0.0000e+00 0.0000e+00 0.0000e+00 -5.0621e-01 1.6523e+00 0.0000e+00 0.0000e+00 -1.6523e+00 6.5588e-01 
112.0 8.0640e+00 -2.6663e+00 0.0000e+00 0.0000e+00 -2.6663e+00 6.0030e+00 0.0000e+00 0.0000e+00 0.0000e+00 0.0000e+00 -6.5571e-01 1.6383e+00 0.0000e+00 0.0000e+00 -1.6383e+00 5.1116e-01 
113.0 7.9935e+00 -2.6025e+00 0.0000e+00 0.0000e+00 -2.6025e+00 5.9397e+00 0.0000e+00 0.0000e+00 0.0000e+00 0.0000e+00 -8.0099e-01 1.6237e+00 0.0000e+00 0.0000e+00 -1.6237e+00 3.7005e-01 
114.0 7.9269e+00 -2.5378e+00 0.0000e+00 0.0000e+00 -2.5378e+00 5.8806e+00 0.0000e+00 0.0000e+00 0.0000e+00 0.0000e+00 -9.4220e-01 1.6087e+00 0.0000e+00 0.0000e+00 -1.6087e+00 2.3239e-01 
115.0 7.8642e+00 -2.4723e+00 0.0000e+00 0.0000e+00 -2.4723e+00 5.8257e+00 0.0000e+00 0.0000e+00 0.0000e+00 0.0000e+00 -1.0795e+00 1.5933e+00 0.0000e+00 0.0000e+00 -1.5933e+00 9.8040e-02 
116.0 7.8052e+00 -2.4061e+00 0.0000e+00 0.0000e+00 -2.4061e+00 5.7749e+00 0.0000e+00 0.0000e+00 0.0000e+00 0.0000e+00 -1.2130e+00 1.5775e+00 0.0000e+00 0.0000e+00 -1.5775e+00 -3.3099e-02 
117.0 7.7498e+00 -2.3393e+00 0.0000e+00 0.0000e+00 -2.3393e+00 5.7280e+00 0.0000e+00 0.0000e+00 0.0000e+00 0.0000e+00 -1.3429e+00 1.5614e+00 0.0000e+00 0.0000e+00 -1.5614e+00 -1.6112e-01 
118.0 7.6981e+00 -2.2719e+00 0.0000e+00 0.0000e+00 -2.2719e+00 5.6848e+00 0.0000e+00 0.0000e+00 0.0000e+00 0.0000e+00 -1.4692e+00 1.5450e+00 0.0000e+00 0.0000e+00 -1.5450e+00 -2.8610e-01 
119.0 7.6497e+00 -2.2040e+00 0.0000e+00 0.0000e+00 -2.2040e+00 5.6453e+00 0.0000e+00 0.0000e+00 0.0000e+00 0.0000e+00 -1.5921e+00 1.5283e+00 0.0000e+00 0.0000e+00 -1.5283e+00 -4.0810e-01 
120.0 7.6048e+00 -2.1357e+00 0.0000e+00 0.0000e+00 -2.1357e+00 5.6092e+00 0.0000e+00 0.0000e+00 0.0000e+00 0.0000e+00 -1.7116e+00 1.5113e+00 0.0000e+00 0.0000e+00 -1.5113e+00 -5.2719e-01 
121.0 7.5631e+00 -2.0671e+00 0.0000e+00 0.0000e+00 -2.0671e+00 5.5765e+00 0.0000e+00 0.0000e+00 0.0000e+00 0.0000e+00 -1.8280e+00 1.4940e+00 0.0000e+00 0.0000e+00 -1.4940e+00 -6.4341e-01 
122.0 7.5246e+00 -1.9982e+00 0.0000e+00 0.0000e+00 -1.9982e+00 5.5470e+00 0.0000e+00 0.0000e+00 0.0000e+00 0.0000e+00 -1.9413e+00 1.4762e+00 0.0000e+00 0.0000e+00 -1.4762e+00 -7.5684e-01 
123.0 7.4891e+00 -1.9291e+00 0.0000e+00 0.0000e+00 -1.9291e+00 5.5204e+00 0.0000e+00 0.0000e+00 0.0000e+00 0.0000e+00 -2.0517e+00 1.4580e+00 0.0000e+00 0.0000e+00 -1.4580e+00 -8.6758e-01 
124.0 7.4566e+00 -1.8597e+00 0.0000e+00 0.0000e+00 -1.8597e+00 5.4968e+00 0.0000e+00 0.0000e+00 0.0000e+00 0.0000e+00 -2.1592e+00 1.4394e+00 0.0000e+00 0.0000e+00 -1.4394e+00 -9.7572e-01 
125.0 7.4269e+00 -1.7901e+00 0.0000e+00 0.0000e+00 -1.7901e+00 5.4759e+00 0.0000e+00 0.0000e+00 0.0000e+00 0.0000e+00 -2.2641e+00 1.4204e+00 0.0000e+00 0.0000e+00 -1.4204e+00 -1.0814e+00 
126.0 7.4001e+00 -1.7204e+00 0.0000e+00 0.0000e+00 -1.7204e+00 5.4576e+00 0.0000e+00 0.0000e+00 0.0000e+00 0.0000e+00 -2.3663e+00 1.4010e+00 0.0000e+00 0.0000e+00 -1.4010e+00 -1.1846e+00 
127.0 7.3759e+00 -1.6507e+00 0.0000e+00 0.0000e+00 -1.6507e+00 5.4420e+00 0.0000e+00 0.0000e+00 0.0000e+00 0.0000e+00 -2.4661e+00 1.3812e+00 0.0000e+00 0.0000e+00 -1.3812e+00 -1.2856e+00 
128.0 7.3544e+00 -1.5811e+00 0.0000e+00 0.0000e+00 -1.5811e+00 5.4288e+00 0.0000e+00 0.0000e+00 0.0000e+00 0.0000e+00 -2.5636e+00 1.3610e+00 0.0000e+00 0.0000e+00 -1.3610e+00 -1.3843e+00 
129.0 7.3354e+00 -1.5118e+00 0.0000e+00 0.0000e+00 -1.5118e+00 5.4181e+00 0.0000e+00 0.0000e+00 0.0000e+00 0.0000e+00 -2.6587e+00 1.3404e+00 0.0000e+00 0.0000e+00 -1.3404e+00 -1.4808e+00 
130.0 7.3188e+00 -1.4428e+00 0.0000e+00 0.0000e+00 -1.4428e+00 5.4096e+00 0.0000e+00 0.0000e+00 0.0000e+00 0.0000e+00 -2.7515e+00 1.3194e+00 0.0000e+00 0.0000e+00 -1.3194e+00 -1.5753e+00 
131.0 7.3046e+00 -1.3741e+00 0.0000e+00 0.0000e+00 -1.3741e+00 5.4035e+00 0.0000e+00 0.0000e+00 0.0000e+00 0.0000e+00 -2.8421e+00 1.2977e+00 0.0000e+00 0.0000e+00 -1.2977e+00 -1.6677e+00 
132.0 7.2927e+00 -1.3059e+00 0.0000e+00 0.0000e+00 -1.3059e+00 5.3996e+00 0.0000e+00 0.0000e+00 0.0000e+00 0.0000e+00 -2.9306e+00 1.2755e+00 0.0000e+00 0.0000e+00 -1.2755e+00 -1.7582e+00 
133.0 7.2831e+00 -1.2380e+00 0.0000e+00 0.0000e+00 -1.2380e+00 5.3980e+00 0.0000e+00 0.0000e+00 0.0000e+00 0.0000e+00 -3.0169e+00 1.2527e+00 0.0000e+00 0.0000e+00 -1.2527e+00 -1.8468e+00 
134.0 7.2758e+00 -1.1704e+00 0.0000e+00 0.0000e+00 -1.1704e+00 5.3986e+00 0.0000e+00 0.0000e+00 0.0000e+00 0.0000e+00 -3.1012e+00 1.2293e+00 0.0000e+00 0.0000e+00 -1.2293e+00 -1.9336e+00 
135.0 7.2707e+00 -1.1031e+00 0.0000e+00 0.0000e+00 -1.1031e+00 5.4016e+00 0.0000e+00 0.0000e+00 0.0000e+00 0.0000e+00 -3.1833e+00 1.2053e+00 0.0000e+00 0.0000e+00 -1.2053e+00 -2.0187e+00 
136.0 7.2678e+00 -1.0362e+00 0.0000e+00 0.0000e+00 -1.0362e+00 5.4069e+00 0.0000e+00 0.0000e+00 0.0000e+00 0.0000e+00 -3.2635e+00 1.1806e+00 0.0000e+00 0.0000e+00 -1.1806e+00 -2.1022e+00 
137.0 7.2670e+00 -9.6966e-01 0.0000e+00 0.0000e+00 -9.6966e-01 5.4144e+00 0.0000e+00 0.0000e+00 0.0000e+00 0.0000e+00 -3.3418e+00 1.1552e+00 0.0000e+00 0.0000e+00 -1.1552e+00 -2.1843e+00 
138.0 7.2683e+00 -9.0342e-01 0.0000e+00 0.0000e+00 -9.0342e-01 5.4242e+00 0.0000e+00 0.0000e+00 0.0000e+00 0.0000e+00 -3.4182e+00 1.1290e+00 0.0000e+00 0.0000e+00 -1.1290e+00 -2.2649e+00 
139.0 7.2716e+00 -8.3748e-01 0.0000e+00 0.0000e+00 -8.3748e-01 5.4363e+00 0.0000e+00 0.0000e+00 0.0000e+00 0.0000e+00 -3.4927e+00 1.1021e+00 0.0000e+00 0.0000e+00 -1.1021e+00 -2.3443e+00 
140.0 7.2769e+00 -7.7180e-01 0.0000e+00 0.0000e+00 -7.7180e-01 5.4508e+00 0.0000e+00 0.0000e+00 0.0000e+00 0.0000e+00 -3.5656e+00 1.0744e+00 0.0000e+00 0.0000e+00 -1.0744e+00 -2.4226e+00 
141.0 7.2845e+00 -7.0637e-01 0.0000e+00 0.0000e+00 -7.0637e-01 5.4677e+00 0.0000e+00 0.0000e+00 0.0000e+00 0.0000e+00 -3.6368e+00 1.0461e+00 0.0000e+00 0.0000e+00 -1.0461e+00 -2.4997e+00 
142.0 7.2943e+00 -6.4122e-01 0.0000e+00 0.0000e+00 -6.4122e-01 5.4871e+00 0.0000e+00 0.0000e+00 0.0000e+00 0.0000e+00 -3.7065e+00 1.0171e+00 0.0000e+00 0.0000e+00 -1.0171e+00 -2.5757e+00 
143.0 7.3066e+00 -5.7642e-01 0.0000e+00 0.0000e+00 -5.7642e-01 5.5092e+00 0.0000e+00 0.0000e+00 0.0000e+00 0.0000e+00 -3.7747e+00 9.8759e-01 0.0000e+00 0.0000e+00 -9.8759e-01 -2.6507e+00 
144.0 7.3213e+00 -5.1206e-01 0.0000e+00 0.0000e+00 -5.1206e-01 5.5338e+00 0.0000e+00 0.0000e+00 0.0000e+00 0.0000e+00 -3.8415e+00 9.5745e-01 0.0000e+00 0.0000e+00 -9.5745e-01 -2.7248e+00 
145.0 7.3385e+00 -4.4825e-01 0.0000e+00 0.0000e+00 -4.4825e-01 5.5609e+00 0.0000e+00 0.0000e+00 0.0000e+00 0.0000e+00 -3.9071e+00 9.2655e-01 0.0000e+00 0.0000e+00 -9.2655e-01 -2.7981e+00 
146.0 7.3580e+00 -3.8510e-01 0.0000e+00 0.0000e+00 -3.8510e-01 5.5903e+00 0.0000e+00 0.0000e+00 0.0000e+00 0.0000e+00 -3.9717e+00 8.9470e-01 0.0000e+00 0.0000e+00 -8.9470e-01 -2.8706e+00 
147.0 7.3799e+00 -3.2268e-01 0.0000e+00 0.0000e+00 -3.2268e-01 5.6221e+00 0.0000e+00 0.0000e+00 0.0000e+00 0.0000e+00 -4.0355e+00 8.6171e-01 0.0000e+00 0.0000e+00 -8.6171e-01 -2.9425e+00 
148.0 7.4044e+00 -2.6105e-01 0.0000e+00 0.0000e+00 -2.6105e-01 5.6563e+00 0.0000e+00 0.0000e+00 0.0000e+00 0.0000e+00 -4.0989e+00 8.2746e-01 0.0000e+00 0.0000e+00 -8.2746e-01 -3.0138e+00 
149.0 7.4316e+00 -2.0030e-01 0.0000e+00 0.0000e+00 -2.0030e-01 5.6929e+00 0.0000e+00 0.0000e+00 0.0000e+00 0.0000e+00 -4.1619e+00 7.9189e-01 0.0000e+00 0.0000e+00 -7.9189e-01 -3.0847e+00 
150.0 7.4618e+00 -1.4061e-01 0.0000e+00 0.0000e+00 -1.4061e-01 5.7321e+00 0.0000e+00 0.0000e+00 0.0000e+00 0.0000e+00 -4.2251e+00 7.5492e-01 0.0000e+00 0.0000e+00 -7.5492e-01 -3.1554e+00 
151.0 7.4949e+00 -8.2328e-02 0.0000e+00 0.0000e+00 -8.2328e-02 5.7737e+00 0.0000e+00 0.0000e+00 0.0000e+00 0.0000e+00 -4.2886e+00 7.1634e-01 0.0000e+00 0.0000e+00 -7.1634e-01 -3.2259e+00 
152.0 7.5306e+00 -2.5959e-02 0.0000e+00 0.0000e+00 -2.5959e-02 5.8171e+00 0.0000e+00 0.0000e+00 0.0000e+00 0.0000e+00 -4.3531e+00 6.7564e-01 0.0000e+00 0.0000e+00 -6.7564e-01 -3.2966e+00 
153.0 7.5685e+00 2.7895e-02 0.0000e+00 0.0000e+00 2.7895e-02 5.8615e+00 0.0000e+00 0.0000e+00 0.0000e+00 0.0000e+00 -4.4188e+00 6.3215e-01 0.0000e+00 0.0000e+00 -6.3215e-01 -3.3674e+00 
154.0 7.6082e+00 7.8618e-02 0.0000e+00 0.0000e+00 7.8618e-02 5.9063e+00 0.0000e+00 0.0000e+00 0.0000e+00 0.0000e+00 -4.4864e+00 5.8516e-01 0.0000e+00 0.0000e+00 -5.8516e-01 -3.4387e+00 
155.0 7.6497e+00 1.2562e-01 0.0000e+00 0.0000e+00 1.2562e-01 5.9512e+00 0.0000e+00 0.0000e+00 0.0000e+00 0.0000e+00 -4.5564e+00 5.3421e-01 0.0000e+00 0.0000e+00 -5.3421e-01 -3.5102e+00 
156.0 7.6934e+00 1.6832e-01 0.0000e+00 0.0000e+00 1.6832e-01 5.9962e+00 0.0000e+00 0.0000e+00 0.0000e+00 0.0000e+00 -4.6291e+00 4.7908e-01 0.0000e+00 0.0000e+00 -4.7908e-01 -3.5820e+00 
157.0 7.7396e+00 2.0609e-01 0.0000e+00 0.0000e+00 2.0609e-01 6.0415e+00 0.0000e+00 0.0000e+00 0.0000e+00 0.0000e+00 -4.7052e+00 4.1975e-01 0.0000e+00 0.0000e+00 -4.1975e-01 -3.6539e+00 
158.0 7.7889e+00 2.3828e-01 0.0000e+00 0.0000e+00 2.3828e-01 6.0870e+00 0.0000e+00 0.0000e+00 0.0000e+00 0.0000e+00 -4.7849e+00 3.5619e-01 0.0000e+00 0.0000e+00 -3.5619e-01 -3.7257e+00 
159.0 7.8416e+00 2.6431e-01 0.0000e+00 0.0000e+00 2.6431e-01 6.1325e+00 0.0000e+00 0.0000e+00 0.0000e+00 0.0000e+00 -4.8690e+00 2.8830e-01 0.0000e+00 0.0000e+00 -2.8830e-01 -3.7971e+00 
160.0 7.8984e+00 2.8377e-01 0.0000e+00 0.0000e+00 2.8377e-01 6.1775e+00 0.0000e+00 0.0000e+00 0.0000e+00 0.0000e+00 -4.9579e+00 2.1602e-01 0.0000e+00 0.0000e+00 -2.1602e-01 -3.8678e+00 
161.0 7.9602e+00 2.9641e-01 0.0000e+00 0.0000e+00 2.9641e-01 6.2221e+00 0.0000e+00 0.0000e+00 0.0000e+00 0.0000e+00 -5.0527e+00 1.3949e-01 0.0000e+00 0.0000e+00 -1.3949e-01 -3.9376e+00 
162.0 8.0288e+00 3.0210e-01 0.0000e+00 0.0000e+00 3.0210e-01 6.2670e+00 0.0000e+00 0.0000e+00 0.0000e+00 0.0000e+00 -5.1544e+00 5.9172e-02 0.0000e+00 0.0000e+00 -5.9172e-02 -4.0064e+00 
163.0 8.1065e+00 3.0086e-01 0.0000e+00 0.0000e+00 3.0086e-01 6.3134e+00 0.0000e+00 0.0000e+00 0.0000e+00 0.0000e+00 -5.2644e+00 -2.3982e-02 0.0000e+00 0.0000e+00 2.3982e-02 -4.0740e+00 
164.0 8.1959e+00 2.9281e-01 0.0000e+00 0.0000e+00 2.9281e-01 6.3630e+00 0.0000e+00 0.0000e+00 0.0000e+00 0.0000e+00 -5.3843e+00 -1.0854e-01 0.0000e+00 0.0000e+00 1.0854e-01 -4.1406e+00 
165.0 8.3002e+00 2.7816e-01 0.0000e+00 0.0000e+00 2.7816e-01 6.4174e+00 0.0000e+00 0.0000e+00 0.0000e+00 0.0000e+00 -5.5158e+00 -1.9260e-01 0.0000e+00 0.0000e+00 1.9260e-01 -4.2060e+00 
166.0 8.4228e+00 2.5715e-01 0.0000e+00 0.0000e+00 2.5715e-01 6.4788e+00 0.0000e+00 0.0000e+00 0.0000e+00 0.0000e+00 -5.6606e+00 -2.7399e-01 0.0000e+00 0.0000e+00 2.7399e-01 -4.2702e+00 
167.0 8.5672e+00 2.3014e-01 0.0000e+00 0.0000e+00 2.3014e-01 6.5498e+00 0.0000e+00 0.0000e+00 0.0000e+00 0.0000e+00 -5.8204e+00 -3.5048e-01 0.0000e+00 0.0000e+00 3.5048e-01 -4.3331e+00 
168.0 8.7368e+00 1.9772e-01 0.0000e+00 0.0000e+00 1.9772e-01 6.6322e+00 0.0000e+00 0.0000e+00 0.0000e+00 0.0000e+00 -5.9972e+00 -4.1965e-01 0.0000e+00 0.0000e+00 4.1965e-01 -4.3948e+00 
169.0 8.9353e+00 1.6083e-01 0.0000e+00 0.0000e+00 1.6083e-01 6.7281e+00 0.0000e+00 0.0000e+00 0.0000e+00 0.0000e+00 -6.1931e+00 -4.7866e-01 0.0000e+00 0.0000e+00 4.7866e-01 -4.4550e+00 
170.0 9.1672e+00 1.2095e-01 0.0000e+00 0.0000e+00 1.2095e-01 6.8396e+00 0.0000e+00 0.0000e+00 0.0000e+00 0.0000e+00 -6.4098e+00 -5.2371e-01 0.0000e+00 0.0000e+00 5.2371e-01 -4.5132e+00 
171.0 9.4378e+00 8.0319e-02 0.0000e+00 0.0000e+00 8.0319e-02 6.9701e+00 0.0000e+00 0.0000e+00 0.0000e+00 0.0000e+00 -6.6487e+00 -5.4954e-01 0.0000e+00 0.0000e+00 5.4954e-01 -4.5683e+00 
172.0 9.7523e+00 4.1952e-02 0.0000e+00 0.0000e+00 4.1952e-02 7.1232e+00 0.0000e+00 0.0000e+00 0.0000e+00 0.0000e+00 -6.9099e+00 -5.4989e-01 0.0000e+00 0.0000e+00 5.4989e-01 -4.6195e+00 
173.0 1.0113e+01 9.3660e-03 0.0000e+00 0.0000e+00 9.3660e-03 7.3024e+00 0.0000e+00 0.0000e+00 0.0000e+00 0.0000e+00 -7.1910e+00 -5.1902e-01 0.0000e+00 0.0000e+00 5.1902e-01 -4.6656e+00 
174.0 1.0517e+01 -1.3877e-02 0.0000e+00 0.0000e+00 -1.3877e-02 7.5079e+00 0.0000e+00 0.0000e+00 0.0000e+00 0.0000e+00 -7.4851e+00 -4.5373e-01 0.0000e+00 0.0000e+00 4.5373e-01 -4.7052e+00 
175.0 1.0949e+01 -2.5378e-02 0.0000e+00 0.0000e+00 -2.5378e-02 7.7337e+00 0.0000e+00 0.0000e+00 0.0000e+00 0.0000e+00 -7.7790e+00 -3.5703e-01 0.0000e+00 0.0000e+00 3.5703e-01 -4.7369e+00 
176.0 1.1376e+01 -2.5167e-02 0.0000e+00 0.0000e+00 -2.5167e-02 7.9634e+00 0.0000e+00 0.0000e+00 0.0000e+00 0.0000e+00 -8.0530e+00 -2.4051e-01 0.0000e+00 0.0000e+00 2.4051e-01 -4.7599e+00 
177.0 1.1752e+01 -1.6333e-02 0.0000e+00 0.0000e+00 -1.6333e-02 8.1703e+00 0.0000e+00 0.0000e+00 0.0000e+00 0.0000e+00 -8.2816e+00 -1.2464e-01 0.0000e+00 0.0000e+00 1.2464e-01 -4.7742e+00 
178.0 1.2019e+01 -5.3566e-03 0.0000e+00 0.0000e+00 -5.3566e-03 8.3200e+00 0.0000e+00 0.0000e+00 0.0000e+00 0.0000e+00 -8.4368e+00 -3.6344e-02 0.0000e+00 0.0000e+00 3.6344e-02 -4.7816e+00 
179.0 1.2122e+01 -9.0464e-20 0.0000e+00 0.0000e+00 -9.0464e-20 8.3794e+00 0.0000e+00 0.0000e+00 0.0000e+00 0.0000e+00 -8.4961e+00 -5.2033e-19 0.0000e+00 0.0000e+00 5.2033e-19 -4.7851e+00 
180.0 1.2220e+01 0.0000e+00 0.0000e+00 0.0000e+00 0.0000e+00 8.4328e+00 0.0000e+00 0.0000e+00 0.0000e+00 0.0000e+00 -8.5496e+00 0.0000e+00 0.0000e+00 0.0000e+00 -0.0000e+00 -4.7866e+00 
