1.8684 1.8810 0.0126 0.031423
theta s11 s12 s13 s14 s21 s22 s23 s24 s31 s32 s33 s34 s41 s42 s43 s44
0.0 2.6530e+03 0.0000e+00 0.0000e+00 0.0000e+00 0.0000e+00 2.6504e+03 0.0000e+00 0.0000e+00 0.0000e+00 0.0000e+00 2.6504e+03 0.0000e+00 0.0000e+00 0.0000e+00 -0.0000e+00 2.6477e+03 
1.0 2.2876e+03 -1.5087e-01 0.0000e+00 0.0000e+00 -1.5087e-01 2.2850e+03 0.0000e+00 0.0000e+00 0.0000e+00 0.0000e+00 2.2850e+03 -8.7279e-01 0.0000e+00 0.0000e+00 8.7279e-01 2.2824e+03 
2.0 1.6580e+03 -3.3098e-01 0.0000e+00 0.0000e+00 -3.3098e-01 1.6555e+03 0.0000e+00 0.0000e+00 0.0000e+00 0.0000e+00 1.6554e+03 -2.9358e+00 0.0000e+00 0.0000e+00 2.9358e+00 1.6529e+03 
3.0 1.1640e+03 -3.7993e-01 0.0000e+00 0.0000e+00 -3.7993e-01 1.1615e+03 0.0000e+00 0.0000e+00 0.0000e+00 0.0000e+00 1.1614e+03 -5.0776e+00 0.0000e+00 0.0000e+00 5.0776e+00 1.1590e+03 
4.0 8.3868e+02 -3.8359e-01 0.0000e+00 0.0000e+00 -3.8359e-01 8.3619e+02 0.0000e+00 0.0000e+00 0.0000e+00 0.0000e+00 8.3607e+02 -6.5573e+00 0.0000e+00 0.0000e+00 6.5573e+00 8.3369e+02 
5.0 6.3101e+02 -4.1145e-01 0.0000e+00 0.0000e+00 -4.1145e-01 6.2855e+02 0.0000e+00 0.0000e+00 0.0000e+00 0.0000e+00 6.2837e+02 -7.2702e+00 0.0000e+00 0.0000e+00 7.2702e+00 6.2606e+02 
6.0 4.9646e+02 -4.8074e-01 0.0000e+00 0.0000e+00 -4.8074e-01 4.9404e+02 0.0000e+00 0.0000e+00 0.0000e+00 0.0000e+00 4.9378e+02 -7.4241e+00 0.0000e+00 0.0000e+00 7.4241e+00 4.9155e+02 
7.0 4.0660e+02 -5.9113e-01 0.0000e+00 0.0000e+00 -5.9113e-01 4.0420e+02 0.0000e+00 0.0000e+00 0.0000e+00 0.0000e+00 4.0388e+02 -7.2443e+00 0.0000e+00 0.0000e+00 7.2443e+00 4.0172e+02 
8.0 3.4447e+02 -7.3735e-01 0.0000e+00 0.0000e+00 -7.3735e-01 3.4208e+02 0.0000e+00 0.0000e+00 0.0000e+00 0.0000e+00 3.4171e+02 -6.8927e+00 0.0000e+00 0.0000e+00 6.8927e+00 3.3961e+02 
9.0 3.0001e+02 -9.1129e-01 0.0000e+00 0.0000e+00 -9.1129e-01 2.9763e+02 0.0000e+00 0.0000e+00 0.0000e+00 0.0000e+00 2.9722e+02 -6.4677e+00 0.0000e+00 0.0000e+00 6.4677e+00 2.9517e+02 
10.0 2.6716e+02 -1.1036e+00 0.0000e+00 0.0000e+00 -1.1036e+00 2.6479e+02 0.0000e+00 0.0000e+00 0.0000e+00 0.0000e+00 2.6434e+02 -6.0248e+00 0.0000e+00 0.0000e+00 6.0248e+00 2.6234e+02 
11.0 2.4216e+02 -1.3047e+00 0.0000e+00 0.0000e+00 -1.3047e+00 2.3978e+02 0.0000e+00 0.0000e+00 0.0000e+00 0.0000e+00 2.3930e+02 -5.6008e+00 0.0000e+00 0.0000e+00 5.6008e+00 2.3736e+02 
12.0 2.2255e+02 -1.5101e+00 0.0000e+00 0.0000e+00 -1.5101e+00 2.2016e+02 0.0000e+00 0.0000e+00 0.0000e+00 0.0000e+00 2.1967e+02 -5.2187e+00 0.0000e+00 0.0000e+00 5.2187e+00 2.1778e+02 
13.0 2.0672e+02 -1.7195e+00 0.0000e+00 0.0000e+00 -1.7195e+00 2.0433e+02 0.0000e+00 0.0000e+00 0.0000e+00 0.0000e+00 2.0381e+02 -4.8832e+00 0.0000e+00 0.0000e+00 4.8832e+00 2.0198e+02 
14.0 1.9359e+02 -1.9306e+00 0.0000e+00 0.0000e+00 -1.9306e+00 1.9119e+02 0.0000e+00 0.0000e+00 0.0000e+00 0.0000e+00 1.9066e+02 -4.5961e+00 0.0000e+00 0.0000e+00 4.5961e+00 1.8888e+02 
15.0 1.8244e+02 -2.1454e+00 0.0000e+00 0.0000e+00 -2.1454e+00 1.8004e+02 0.0000e+00 0.0000e+00 0.0000e+00 0.0000e+00 1.7949e+02 -4.3433e+00 0.0000e+00 0.0000e+00 4.3433e+00 1.7776e+02 
16.0 1.7277e+02 -2.3617e+00 0.0000e+00 0.0000e+00 -2.3617e+00 1.7037e+02 0.0000e+00 0.0000e+00 0.0000e+00 0.0000e+00 1.6980e+02 -4.1216e+00 0.0000e+00 0.0000e+00 4.1216e+00 1.6812e+02 
17.0 1.6424e+02 -2.5789e+00 0.0000e+00 0.0000e+00 -2.5789e+00 1.6183e+02 0.0000e+00 0.0000e+00 0.0000e+00 0.0000e+00 1.6124e+02 -3.9292e+00 0.0000e+00 0.0000e+00 3.9292e+00 1.5961e+02 
18.0 1.5659e+02 -2.7964e+00 0.0000e+00 0.0000e+00 -2.7964e+00 1.5417e+02 0.0000e+00 0.0000e+00 0.0000e+00 0.0000e+00 1.5357e+02 -3.7646e+00 0.0000e+00 0.0000e+00 3.7646e+00 1.5199e+02 
19.0 1.4965e+02 -3.0138e+00 0.0000e+00 0.0000e+00 -3.0138e+00 1.4722e+02 0.0000e+00 0.0000e+00 0.0000e+00 0.0000e+00 1.4703e+02 -3.6256e+00 0.0000e+00 0.0000e+00 3.6256e+00 1.4552e+02 
20.0 1.4326e+02 -3.2299e+00 0.0000e+00 0.0000e+00 -3.2299e+00 1.4083e+02 0.0000e+00 0.0000e+00 0.0000e+00 0.0000e+00 1.4102e+02 -3.5097e+00 0.0000e+00 0.0000e+00 3.5097e+00 1.3956e+02 
21.0 1.3733e+02 -3.4436e+00 0.0000e+00 0.0000e+00 -3.4436e+00 1.3489e+02 0.0000e+00 0.0000e+00 0.0000e+00 0.0000e+00 1.3542e+02 -3.4140e+00 0.0000e+00 0.0000e+00 3.4140e+00 1.3402e+02 
22.0 1.3177e+02 -3.6542e+00 0.0000e+00 0.0000e+00 -3.6542e+00 1.2932e+02 0.0000e+00 0.0000e+00 0.0000e+00 0.0000e+00 1.3018e+02 -3.3348e+00 0.0000e+00 0.0000e+00 3.3348e+00 1.2883e+02 
23.0 1.2653e+02 -3.8620e+00 0.0000e+00 0.0000e+00 -3.8620e+00 1.2408e+02 0.0000e+00 0.0000e+00 0.0000e+00 0.0000e+00 1.2524e+02 -3.2678e+00 0.0000e+00 0.0000e+00 3.2678e+00 1.2393e+02 
24.0 1.2156e+02 -4.0677e+00 0.0000e+00 0.0000e+00 -4.0677e+00 1.1911e+02 0.0000e+00 0.0000e+00 0.0000e+00 0.0000e+00 1.2055e+02 -3.2082e+00 0.0000e+00 0.0000e+00 3.2082e+00 1.1929e+02 
25.0 1.1685e+02 -4.2718e+00 0.0000e+00 0.0000e+00 -4.2718e+00 1.1439e+02 0.0000e+00 0.0000e+00 0.0000e+00 0.0000e+00 1.1609e+02 -3.1522e+00 0.0000e+00 0.0000e+00 3.1522e+00 1.1487e+02 
26.0 1.1236e+02 -4.4742e+00 0.0000e+00 0.0000e+00 -4.4742e+00 1.0990e+02 0.0000e+00 0.0000e+00 0.0000e+00 0.0000e+00 1.1183e+02 -3.0981e+00 0.0000e+00 0.0000e+00 3.0981e+00 1.1066e+02 
27.0 1.0808e+02 -4.6742e+00 0.0000e+00 0.0000e+00 -4.6742e+00 1.0562e+02 0.0000e+00 0.0000e+00 0.0000e+00 0.0000e+00 1.0777e+02 -3.0452e+00 0.0000e+00 0.0000e+00 3.0452e+00 1.0663e+02 
28.0 1.0398e+02 -4.8708e+00 0.0000e+00 0.0000e+00 -4.8708e+00 1.0152e+02 0.0000e+00 0.0000e+00 0.0000e+00 0.0000e+00 1.0387e+02 -2.9934e+00 0.0000e+00 0.0000e+00 2.9934e+00 1.0277e+02 
29.0 1.0005e+02 -5.0634e+00 0.0000e+00 0.0000e+00 -5.0634e+00 9.7587e+01 0.0000e+00 0.0000e+00 0.0000e+00 0.0000e+00 1.0013e+02 -2.9426e+00 0.0000e+00 0.0000e+00 2.9426e+00 9.9066e+01 
30.0 9.6274e+01 -5.2514e+00 0.0000e+00 0.0000e+00 -5.2514e+00 9.3815e+01 0.0000e+00 0.0000e+00 0.0000e+00 0.0000e+00 9.6534e+01 -2.8925e+00 0.0000e+00 0.0000e+00 2.8925e+00 9.5503e+01 
31.0 9.2648e+01 -5.4339e+00 0.0000e+00 0.0000e+00 -5.4339e+00 9.0190e+01 0.0000e+00 0.0000e+00 0.0000e+00 0.0000e+00 9.2690e+01 -2.8428e+00 0.0000e+00 0.0000e+00 2.8428e+00 9.1703e+01 
32.0 8.9159e+01 -5.6103e+00 0.0000e+00 0.0000e+00 -5.6103e+00 8.6703e+01 0.0000e+00 0.0000e+00 0.0000e+00 0.0000e+00 8.8990e+01 -2.7930e+00 0.0000e+00 0.0000e+00 2.7930e+00 8.8048e+01 
33.0 8.5799e+01 -5.7802e+00 0.0000e+00 0.0000e+00 -5.7802e+00 8.3346e+01 0.0000e+00 0.0000e+00 0.0000e+00 0.0000e+00 8.5427e+01 -2.7427e+00 0.0000e+00 0.0000e+00 2.7427e+00 8.4528e+01 
34.0 8.2563e+01 -5.9433e+00 0.0000e+00 0.0000e+00 -5.9433e+00 8.0114e+01 0.0000e+00 0.0000e+00 0.0000e+00 0.0000e+00 8.1995e+01 -2.6916e+00 0.0000e+00 0.0000e+00 2.6916e+00 8.1137e+01 
35.0 7.9446e+01 -6.0995e+00 0.0000e+00 0.0000e+00 -6.0995e+00 7.7001e+01 0.0000e+00 0.0000e+00 0.0000e+00 0.0000e+00 7.8687e+01 -2.6396e+00 0.0000e+00 0.0000e+00 2.6396e+00 7.7870e+01 
36.0 7.6444e+01 -6.2486e+00 0.0000e+00 0.0000e+00 -6.2486e+00 7.4005e+01 0.0000e+00 0.0000e+00 0.0000e+00 0.0000e+00 7.5499e+01 -2.5865e+00 0.0000e+00 0.0000e+00 2.5865e+00 7.4722e+01 
37.0 7.3554e+01 -6.3907e+00 0.0000e+00 0.0000e+00 -6.3907e+00 7.1121e+01 0.0000e+00 0.0000e+00 0.0000e+00 0.0000e+00 7.2427e+01 -2.5320e+00 0.0000e+00 0.0000e+00 2.5320e+00 7.1689e+01 
38.0 7.0774e+01 -6.5260e+00 0.0000e+00 0.0000e+00 -6.5260e+00 6.8348e+01 0.0000e+00 0.0000e+00 0.0000e+00 0.0000e+00 6.9468e+01 -2.4758e+00 0.0000e+00 0.0000e+00 2.4758e+00 6.8767e+01 
39.0 6.8099e+01 -6.6545e+00 0.0000e+00 0.0000e+00 -6.6545e+00 6.5681e+01 0.0000e+00 0.0000e+00 0.0000e+00 0.0000e+00 6.6618e+01 -2.4176e+00 0.0000e+00 0.0000e+00 2.4176e+00 6.5954e+01 
40.0 6.5526e+01 -6.7761e+00 0.0000e+00 0.0000e+00 -6.7761e+00 6.3117e+01 0.0000e+00 0.0000e+00 0.0000e+00 0.0000e+00 6.3874e+01 -2.3576e+00 0.0000e+00 0.0000e+00 2.3576e+00 6.3246e+01 
41.0 6.3052e+01 -6.8907e+00 0.0000e+00 0.0000e+00 -6.8907e+00 6.0653e+01 0.0000e+00 0.0000e+00 0.0000e+00 0.0000e+00 6.1232e+01 -2.2960e+00 0.0000e+00 0.0000e+00 2.2960e+00 6.0639e+01 
42.0 6.0673e+01 -6.9979e+00 0.0000e+00 0.0000e+00 -6.9979e+00 5.8283e+01 0.0000e+00 0.0000e+00 0.0000e+00 0.0000e+00 5.8689e+01 -2.2331e+00 0.0000e+00 0.0000e+00 2.2331e+00 5.8129e+01 
43.0 5.8385e+01 -7.0977e+00 0.0000e+00 0.0000e+00 -7.0977e+00 5.6006e+01 0.0000e+00 0.0000e+00 0.0000e+00 0.0000e+00 5.6241e+01 -2.1688e+00 0.0000e+00 0.0000e+00 2.1688e+00 5.5714e+01 
44.0 5.6184e+01 -7.1899e+00 0.0000e+00 0.0000e+00 -7.1899e+00 5.3817e+01 0.0000e+00 0.0000e+00 0.0000e+00 0.0000e+00 5.3885e+01 -2.1031e+00 0.0000e+00 0.0000e+00 2.1031e+00 5.3389e+01 
45.0 5.4068e+01 -7.2747e+00 0.0000e+00 0.0000e+00 -7.2747e+00 5.1713e+01 0.0000e+00 0.0000e+00 0.0000e+00 0.0000e+00 5.1616e+01 -2.0361e+00 0.0000e+00 0.0000e+00 2.0361e+00 5.1150e+01 
46.0 5.2035e+01 -7.3523e+00 0.0000e+00 0.0000e+00 -7.3523e+00 4.9691e+01 0.0000e+00 0.0000e+00 0.0000e+00 0.0000e+00 4.9433e+01 -1.9676e+00 0.0000e+00 0.0000e+00 1.9676e+00 4.8997e+01 
47.0 5.0081e+01 -7.4226e+00 0.0000e+00 0.0000e+00 -7.4226e+00 4.7750e+01 0.0000e+00 0.0000e+00 0.0000e+00 0.0000e+00 4.7333e+01 -1.8977e+00 0.0000e+00 0.0000e+00 1.8977e+00 4.6925e+01 
48.0 4.8204e+01 -7.4859e+00 0.0000e+00 0.0000e+00 -7.4859e+00 4.5886e+01 0.0000e+00 0.0000e+00 0.0000e+00 0.0000e+00 4.5313e+01 -1.8266e+00 0.0000e+00 0.0000e+00 1.8266e+00 4.4933e+01 
49.0 4.6401e+01 -7.5421e+00 0.0000e+00 0.0000e+00 -7.5421e+00 4.4097e+01 0.0000e+00 0.0000e+00 0.0000e+00 0.0000e+00 4.3369e+01 -1.7545e+00 0.0000e+00 0.0000e+00 1.7545e+00 4.3017e+01 
50.0 4.4671e+01 -7.5913e+00 0.0000e+00 0.0000e+00 -7.5913e+00 4.2380e+01 0.0000e+00 0.0000e+00 0.0000e+00 0.0000e+00 4.1501e+01 -1.6813e+00 0.0000e+00 0.0000e+00 1.6813e+00 4.1174e+01 
51.0 4.3010e+01 -7.6338e+00 0.0000e+00 0.0000e+00 -7.6338e+00 4.0733e+01 0.0000e+00 0.0000e+00 0.0000e+00 0.0000e+00 3.9703e+01 -1.6071e+00 0.0000e+00 0.0000e+00 1.6071e+00 3.9403e+01 
52.0 4.1417e+01 -7.6697e+00 0.0000e+00 0.0000e+00 -7.6697e+00 3.9154e+01 0.0000e+00 0.0000e+00 0.0000e+00 0.0000e+00 3.7976e+01 -1.5319e+00 0.0000e+00 0.0000e+00 1.5319e+00 3.7700e+01 
53.0 3.9889e+01 -7.6993e+00 0.0000e+00 0.0000e+00 -7.6993e+00 3.7640e+01 0.0000e+00 0.0000e+00 0.0000e+00 0.0000e+00 3.6315e+01 -1.4558e+00 0.0000e+00 0.0000e+00 1.4558e+00 3.6064e+01 
54.0 3.8425e+01 -7.7228e+00 0.0000e+00 0.0000e+00 -7.7228e+00 3.6189e+01 0.0000e+00 0.0000e+00 0.0000e+00 0.0000e+00 3.4720e+01 -1.3788e+00 0.0000e+00 0.0000e+00 1.3788e+00 3.4492e+01 
55.0 3.7021e+01 -7.7404e+00 0.0000e+00 0.0000e+00 -7.7404e+00 3.4800e+01 0.0000e+00 0.0000e+00 0.0000e+00 0.0000e+00 3.3187e+01 -1.3012e+00 0.0000e+00 0.0000e+00 1.3012e+00 3.2983e+01 
56.0 3.5677e+01 -7.7523e+00 0.0000e+00 0.0000e+00 -7.7523e+00 3.3470e+01 0.0000e+00 0.0000e+00 0.0000e+00 0.0000e+00 3.1715e+01 -1.2233e+00 0.0000e+00 0.0000e+00 1.2233e+00 3.1533e+01 
57.0 3.4389e+01 -7.7587e+00 0.0000e+00 0.0000e+00 -7.7587e+00 3.2196e+01 0.0000e+00 0.0000e+00 0.0000e+00 0.0000e+00 3.0301e+01 -1.1451e+00 0.0000e+00 0.0000e+00 1.1451e+00 3.0141e+01 
58.0 3.3155e+01 -7.7596e+00 0.0000e+00 0.0000e+00 -7.7596e+00 3.0977e+01 0.0000e+00 0.0000e+00 0.0000e+00 0.0000e+00 2.8942e+01 -1.0669e+00 0.0000e+00 0.0000e+00 1.0669e+00 2.8805e+01 
59.0 3.1973e+01 -7.7553e+00 0.0000e+00 0.0000e+00 -7.7553e+00 2.9809e+01 0.0000e+00 0.0000e+00 0.0000e+00 0.0000e+00 2.7638e+01 -9.8893e-01 0.0000e+00 0.0000e+00 9.8893e-01 2.7521e+01 
60.0 3.0841e+01 -7.7460e+00 0.0000e+00 0.0000e+00 -7.7460e+00 2.8691e+01 0.0000e+00 0.0000e+00 0.0000e+00 0.0000e+00 2.6384e+01 -9.1120e-01 0.0000e+00 0.0000e+00 9.1120e-01 2.6288e+01 
61.0 2.9756e+01 -7.7318e+00 0.0000e+00 0.0000e+00 -7.7318e+00 2.7620e+01 0.0000e+00 0.0000e+00 0.0000e+00 0.0000e+00 2.5180e+01 -8.3381e-01 0.0000e+00 0.0000e+00 8.3381e-01 2.5105e+01 
62.0 2.8718e+01 -7.7130e+00 0.0000e+00 0.0000e+00 -7.7130e+00 2.6595e+01 0.0000e+00 0.0000e+00 0.0000e+00 0.0000e+00 2.4023e+01 -7.5690e-01 0.0000e+00 0.0000e+00 7.5690e-01 2.3968e+01 
63.0 2.7723e+01 -7.6898e+00 0.0000e+00 0.0000e+00 -7.6898e+00 2.5614e+01 0.0000e+00 0.0000e+00 0.0000e+00 0.0000e+00 2.2912e+01 -6.8061e-01 0.0000e+00 0.0000e+00 6.8061e-01 2.2876e+01 
64.0 2.6771e+01 -7.6622e+00 0.0000e+00 0.0000e+00 -7.6622e+00 2.4676e+01 0.0000e+00 0.0000e+00 0.0000e+00 0.0000e+00 2.1845e+01 -6.0509e-01 0.0000e+00 0.0000e+00 6.0509e-01 2.1828e+01 
65.0 2.5860e+01 -7.6304e+00 0.0000e+00 0.0000e+00 -7.6304e+00 2.3778e+01 0.0000e+00 0.0000e+00 0.0000e+00 0.0000e+00 2.0820e+01 -5.3045e-01 0.0000e+00 0.0000e+00 5.3045e-01 2.0822e+01 
66.0 2.4988e+01 -7.5946e+00 0.0000e+00 0.0000e+00 -7.5946e+00 2.2919e+01 0.0000e+00 0.0000e+00 0.0000e+00 0.0000e+00 1.9835e+01 -4.5678e-01 0.0000e+00 0.0000e+00 4.5678e-01 1.9856e+01 
67.0 2.4154e+01 -7.5549e+00 0.0000e+00 0.0000e+00 -7.5549e+00 2.2098e+01 0.0000e+00 0.0000e+00 0.0000e+00 0.0000e+00 1.8890e+01 -3.8416e-01 0.0000e+00 0.0000e+00 3.8416e-01 1.8929e+01 
68.0 2.3355e+01 -7.5114e+00 0.0000e+00 0.0000e+00 -7.5114e+00 2.1313e+01 0.0000e+00 0.0000e+00 0.0000e+00 0.0000e+00 1.7981e+01 -3.1275e-01 0.0000e+00 0.0000e+00 3.1275e-01 1.8038e+01 
69.0 2.2591e+01 -7.4644e+00 0.0000e+00 0.0000e+00 -7.4644e+00 2.0561e+01 0.0000e+00 0.0000e+00 0.0000e+00 0.0000e+00 1.7108e+01 -2.4268e-01 0.0000e+00 0.0000e+00 2.4268e-01 1.7183e+01 
70.0 2.1860e+01 -7.4139e+00 0.0000e+00 0.0000e+00 -7.4139e+00 1.9843e+01 0.0000e+00 0.0000e+00 0.0000e+00 0.0000e+00 1.6270e+01 -1.7402e-01 0.0000e+00 0.0000e+00 1.7402e-01 1.6362e+01 
71.0 2.1160e+01 -7.3601e+00 0.0000e+00 0.0000e+00 -7.3601e+00 1.9155e+01 0.0000e+00 0.0000e+00 0.0000e+00 0.0000e+00 1.5463e+01 -1.0684e-01 0.0000e+00 0.0000e+00 1.0684e-01 1.5572e+01 
72.0 2.0490e+01 -7.3030e+00 0.0000e+00 0.0000e+00 -7.3030e+00 1.8498e+01 0.0000e+00 0.0000e+00 0.0000e+00 0.0000e+00 1.4688e+01 -4.1214e-02 0.0000e+00 0.0000e+00 4.1214e-02 1.4814e+01 
73.0 1.9849e+01 -7.2429e+00 0.0000e+00 0.0000e+00 -7.2429e+00 1.7870e+01 0.0000e+00 0.0000e+00 0.0000e+00 0.0000e+00 1.3944e+01 2.2802e-02 0.0000e+00 0.0000e+00 -2.2802e-02 1.4086e+01 
74.0 1.9235e+01 -7.1799e+00 0.0000e+00 0.0000e+00 -7.1799e+00 1.7269e+01 0.0000e+00 0.0000e+00 0.0000e+00 0.0000e+00 1.3227e+01 8.5215e-02 0.0000e+00 0.0000e+00 -8.5215e-02 1.3386e+01 
75.0 1.8648e+01 -7.1141e+00 0.0000e+00 0.0000e+00 -7.1141e+00 1.6694e+01 0.0000e+00 0.0000e+00 0.0000e+00 0.0000e+00 1.2539e+01 1.4602e-01 0.0000e+00 0.0000e+00 -1.4602e-01 1.2713e+01 
76.0 1.8086e+01 -7.0457e+00 0.0000e+00 0.0000e+00 -7.0457e+00 1.6144e+01 0.0000e+00 0.0000e+00 0.0000e+00 0.0000e+00 1.1876e+01 2.0516e-01 0.0000e+00 0.0000e+00 -2.0516e-01 1.2066e+01 
77.0 1.7549e+01 -6.9749e+00 0.0000e+00 0.0000e+00 -6.9749e+00 1.5619e+01 0.0000e+00 0.0000e+00 0.0000e+00 0.0000e+00 1.1239e+01 2.6262e-01 0.0000e+00 0.0000e+00 -2.6262e-01 1.1444e+01 
78.0 1.7034e+01 -6.9018e+00 0.0000e+00 0.0000e+00 -6.9018e+00 1.5117e+01 0.0000e+00 0.0000e+00 0.0000e+00 0.0000e+00 1.0626e+01 3.1839e-01 0.0000e+00 0.0000e+00 -3.1839e-01 1.0847e+01 
79.0 1.6542e+01 -6.8266e+00 0.0000e+00 0.0000e+00 -6.8266e+00 1.4637e+01 0.0000e+00 0.0000e+00 0.0000e+00 0.0000e+00 1.0036e+01 3.7248e-01 0.0000e+00 0.0000e+00 -3.7248e-01 1.0272e+01 
80.0 1.6071e+01 -6.7492e+00 0.0000e+00 0.0000e+00 -6.7492e+00 1.4178e+01 0.0000e+00 0.0000e+00 0.0000e+00 0.0000e+00 9.4687e+00 4.2487e-01 0.0000e+00 0.0000e+00 -4.2487e-01 9.7193e+00 
81.0 1.5621e+01 -6.6700e+00 0.0000e+00 0.0000e+00 -6.6700e+00 1.3739e+01 0.0000e+00 0.0000e+00 0.0000e+00 0.0000e+00 8.9224e+00 4.7559e-01 0.0000e+00 0.0000e+00 -4.7559e-01 9.1878e+00 
82.0 1.5190e+01 -6.5888e+00 0.0000e+00 0.0000e+00 -6.5888e+00 1.3320e+01 0.0000e+00 0.0000e+00 0.0000e+00 0.0000e+00 8.3965e+00 5.2461e-01 0.0000e+00 0.0000e+00 -5.2461e-01 8.6765e+00 
83.0 1.4779e+01 -6.5059e+00 0.0000e+00 0.0000e+00 -6.5059e+00 1.2920e+01 0.0000e+00 0.0000e+00 0.0000e+00 0.0000e+00 7.8902e+00 5.7195e-01 0.0000e+00 0.0000e+00 -5.7195e-01 8.1848e+00 
84.0 1.4385e+01 -6.4214e+00 0.0000e+00 0.0000e+00 -6.4214e+00 1.2537e+01 0.0000e+00 0.0000e+00 0.0000e+00 0.0000e+00 7.4026e+00 6.1765e-01 0.0000e+00 0.0000e+00 -6.1765e-01 7.7117e+00 
85.0 1.4009e+01 -6.3353e+00 0.0000e+00 0.0000e+00 -6.3353e+00 1.2172e+01 0.0000e+00 0.0000e+00 0.0000e+00 0.0000e+00 6.9329e+00 6.6176e-01 0.0000e+00 0.0000e+00 -6.6176e-01 7.2564e+00 
86.0 1.3649e+01 -6.2478e+00 0.0000e+00 0.0000e+00 -6.2478e+00 1.1823e+01 0.0000e+00 0.0000e+00 0.0000e+00 0.0000e+00 6.4804e+00 7.0432e-01 0.0000e+00 0.0000e+00 -7.0432e-01 6.8182e+00 
87.0 1.3305e+01 -6.1591e+00 0.0000e+00 0.0000e+00 -6.1591e+00 1.1490e+01 0.0000e+00 0.0000e+00 0.0000e+00 0.0000e+00 6.0444e+00 7.4536e-01 0.0000e+00 0.0000e+00 -7.4536e-01 6.3964e+00 
88.0 1.2977e+01 -6.0693e+00 0.0000e+00 0.0000e+00 -6.0693e+00 1.1172e+01 0.0000e+00 0.0000e+00 0.0000e+00 0.0000e+00 5.6244e+00 7.8490e-01 0.0000e+00 0.0000e+00 -7.8490e-01 5.9904e+00 
89.0 1.2663e+01 -5.9785e+00 0.0000e+00 0.0000e+00 -5.9785e+00 1.0868e+01 0.0000e+00 0.0000e+00 0.0000e+00 0.0000e+00 5.2196e+00 8.2292e-01 0.0000e+00 0.0000e+00 -8.2292e-01 5.5995e+00 
90.0 1.2364e+01 -5.8866e+00 0.0000e+00 0.0000e+00 -5.8866e+00 1.0579e+01 0.0000e+00 0.0000e+00 0.0000e+00 0.0000e+00 4.8295e+00 8.5937e-01 0.0000e+00 0.0000e+00 -8.5937e-01 5.2231e+00 
91.0 1.2078e+01 -5.7939e+00 0.0000e+00 0.0000e+00 -5.7939e+00 1.0302e+01 0.0000e+00 0.0000e+00 0.0000e+00 0.0000e+00 4.4535e+00 8.9425e-01 0.0000e+00 0.0000e+00 -8.9425e-01 4.8604e+00 
92.0 1.1804e+01 -5.7004e+00 0.0000e+00 0.0000e+00 -5.7004e+00 1.0038e+01 0.0000e+00 0.0000e+00 0.0000e+00 0.0000e+00 4.0908e+00 9.2754e-01 0.0000e+00 0.0000e+00 -9.2754e-01 4.5110e+00 
93.0 1.1543e+01 -5.6062e+00 0.0000e+00 0.0000e+00 -5.6062e+00 9.7869e+00 0.0000e+00 0.0000e+00 0.0000e+00 0.0000e+00 3.7411e+00 9.5923e-01 0.0000e+00 0.0000e+00 -9.5923e-01 4.1741e+00 
94.0 1.1294e+01 -5.5112e+00 0.0000e+00 0.0000e+00 -5.5112e+00 9.5472e+00 0.0000e+00 0.0000e+00 0.0000e+00 0.0000e+00 3.4038e+00 9.8933e-01 0.0000e+00 0.0000e+00 -9.8933e-01 3.8493e+00 
95.0 1.1056e+01 -5.4157e+00 0.0000e+00 0.0000e+00 -5.4157e+00 9.3187e+00 0.0000e+00 0.0000e+00 0.0000e+00 0.0000e+00 3.0785e+00 1.0178e+00 0.0000e+00 0.0000e+00 -1.0178e+00 3.5361e+00 
96.0 1.0829e+01 -5.3195e+00 0.0000e+00 0.0000e+00 -5.3195e+00 9.1012e+00 0.0000e+00 0.0000e+00 0.0000e+00 0.0000e+00 2.7645e+00 1.0448e+00 0.0000e+00 0.0000e+00 -1.0448e+00 3.2339e+00 
97.0 1.0612e+01 -5.2227e+00 0.0000e+00 0.0000e+00 -5.2227e+00 8.8942e+00 0.0000e+00 0.0000e+00 0.0000e+00 0.0000e+00 2.4616e+00 1.0702e+00 0.0000e+00 0.0000e+00 -1.0702e+00 2.9422e+00 
98.0 1.0406e+01 -5.1255e+00 0.0000e+00 0.0000e+00 -5.1255e+00 8.6973e+00 0.0000e+00 0.0000e+00 0.0000e+00 0.0000e+00 2.1692e+00 1.0941e+00 0.0000e+00 0.0000e+00 -1.0941e+00 2.6608e+00 
99.0 1.0209e+01 -5.0277e+00 0.0000e+00 0.0000e+00 -5.0277e+00 8.5102e+00 0.0000e+00 0.0000e+00 0.0000e+00 0.0000e+00 1.8870e+00 1.1166e+00 0.0000e+00 0.0000e+00 -1.1166e+00 2.3890e+00 
100.0 1.0022e+01 -4.9296e+00 0.0000e+00 0.0000e+00 -4.9296e+00 8.3324e+00 0.0000e+00 0.0000e+00 0.0000e+00 0.0000e+00 1.6146e+00 1.1376e+00 0.0000e+00 0.0000e+00 -1.1376e+00 2.1266e+00 
101.0 9.8434e+00 -4.8310e+00 0.0000e+00 0.0000e+00 -4.8310e+00 8.1637e+00 0.0000e+00 0.0000e+00 0.0000e+00 0.0000e+00 1.3516e+00 1.1572e+00 0.0000e+00 0.0000e+00 -1.1572e+00 1.8731e+00 
102.0 9.6734e+00 -4.7322e+00 0.0000e+00 0.0000e+00 -4.7322e+00 8.0035e+00 0.0000e+00 0.0000e+00 0.0000e+00 0.0000e+00 1.0975e+00 1.1753e+00 0.0000e+00 0.0000e+00 -1.1753e+00 1.6281e+00 
103.0 9.5117e+00 -4.6331e+00 0.0000e+00 0.0000e+00 -4.6331e+00 7.8517e+00 0.0000e+00 0.0000e+00 0.0000e+00 0.0000e+00 8.5195e-01 1.1919e+00 0.0000e+00 0.0000e+00 -1.1919e+00 1.3913e+00 
104.0 9.3578e+00 -4.5338e+00 0.0000e+00 0.0000e+00 -4.5338e+00 7.7078e+00 0.0000e+00 0.0000e+00 0.0000e+00 0.0000e+00 6.1459e-01 1.2069e+00 0.0000e+00 0.0000e+00 -1.2069e+00 1.1621e+00 
105.0 9.2115e+00 -4.4344e+00 0.0000e+00 0.0000e+00 -4.4344e+00 7.5715e+00 0.0000e+00 0.0000e+00 0.0000e+00 0.0000e+00 3.8505e-01 1.2205e+00 0.0000e+00 0.0000e+00 -1.2205e+00 9.4046e-01 
106.0 9.0725e+00 -4.3349e+00 0.0000e+00 0.0000e+00 -4.3349e+00 7.4426e+00 0.0000e+00 0.0000e+00 0.0000e+00 0.0000e+00 1.6296e-01 1.2325e+00 0.0000e+00 0.0000e+00 -1.2325e+00 7.2586e-01 
107.0 8.9404e+00 -4.2353e+00 0.0000e+00 0.0000e+00 -4.2353e+00 7.3206e+00 0.0000e+00 0.0000e+00 0.0000e+00 0.0000e+00 -5.2020e-02 1.2431e+00 0.0000e+00 0.0000e+00 -1.2431e+00 5.1801e-01 
108.0 8.8150e+00 -4.1356e+00 0.0000e+00 0.0000e+00 -4.1356e+00 7.2053e+00 0.0000e+00 0.0000e+00 0.0000e+00 0.0000e+00 -2.6021e-01 1.2521e+00 0.0000e+00 0.0000e+00 -1.2521e+00 3.1659e-01 
109.0 8.6961e+00 -4.0359e+00 0.0000e+00 0.0000e+00 -4.0359e+00 7.0965e+00 0.0000e+00 0.0000e+00 0.0000e+00 0.0000e+00 -4.6192e-01 1.2598e+00 0.0000e+00 0.0000e+00 -1.2598e+00 1.2130e-01 
110.0 8.5833e+00 -3.9361e+00 0.0000e+00 0.0000e+00 -3.9361e+00 6.9939e+00 0.0000e+00 0.0000e+00 0.0000e+00 0.0000e+00 -6.5741e-01 1.2661e+00 0.0000e+00 0.0000e+00 -1.2661e+00 -6.8136e-02 
111.0 8.4765e+00 -3.8363e+00 0.0000e+00 0.0000e+00 -3.8363e+00 6.8973e+00 0.0000e+00 0.0000e+00 0.0000e+00 0.0000e+00 -8.4691e-01 1.2712e+00 0.0000e+00 0.0000e+00 -1.2712e+00 -2.5194e-01 
112.0 8.3755e+00 -3.7366e+00 0.0000e+00 0.0000e+00 -3.7366e+00 6.8066e+00 0.0000e+00 0.0000e+00 0.0000e+00 0.0000e+00 -1.0306e+00 1.2750e+00 0.0000e+00 0.0000e+00 -1.2750e+00 -4.3033e-01 
113.0 8.2801e+00 -3.6370e+00 0.0000e+00 0.0000e+00 -3.6370e+00 6.7215e+00 0.0000e+00 0.0000e+00 0.0000e+00 0.0000e+00 -1.2088e+00 1.2776e+00 0.0000e+00 0.0000e+00 -1.2776e+00 -6.0350e-01 
114.0 8.1900e+00 -3.5376e+00 0.0000e+00 0.0000e+00 -3.5376e+00 6.6419e+00 0.0000e+00 0.0000e+00 0.0000e+00 0.0000e+00 -1.3817e+00 1.2790e+00 0.0000e+00 0.0000e+00 -1.2790e+00 -7.7169e-01 
115.0 8.1053e+00 -3.4385e+00 0.0000e+00 0.0000e+00 -3.4385e+00 6.5675e+00 0.0000e+00 0.0000e+00 0.0000e+00 0.0000e+00 -1.5495e+00 1.2793e+00 0.0000e+00 0.0000e+00 -1.2793e+00 -9.3509e-01 
116.0 8.0256e+00 -3.3396e+00 0.0000e+00 0.0000e+00 -3.3396e+00 6.4984e+00 0.0000e+00 0.0000e+00 0.0000e+00 0.0000e+00 -1.7124e+00 1.2785e+00 0.0000e+00 0.0000e+00 -1.2785e+00 -1.0939e+00 
117.0 7.9508e+00 -3.2411e+00 0.0000e+00 0.0000e+00 -3.2411e+00 6.4342e+00 0.0000e+00 0.0000e+00 0.0000e+00 0.0000e+00 -1.8704e+00 1.2767e+00 0.0000e+00 0.0000e+00 -1.2767e+00 -1.2482e+00 
118.0 7.8809e+00 -3.1429e+00 0.0000e+00 0.0000e+00 -3.1429e+00 6.3749e+00 0.0000e+00 0.0000e+00 0.0000e+00 0.0000e+00 -2.0239e+00 1.2738e+00 0.0000e+00 0.0000e+00 -1.2738e+00 -1.3983e+00 
119.0 7.8156e+00 -3.0452e+00 0.0000e+00 0.0000e+00 -3.0452e+00 6.3203e+00 0.0000e+00 0.0000e+00 0.0000e+00 0.0000e+00 -2.1730e+00 1.2699e+00 0.0000e+00 0.0000e+00 -1.2699e+00 -1.5442e+00 
120.0 7.7548e+00 -2.9480e+00 0.0000e+00 0.0000e+00 -2.9480e+00 6.2701e+00 0.0000e+00 0.0000e+00 0.0000e+00 0.0000e+00 -2.3178e+00 1.2648e+00 0.0000e+00 0.0000e+00 -1.2648e+00 -1.6861e+00 
121.0 7.6982e+00 -2.8513e+00 0.0000e+00 0.0000e+00 -2.8513e+00 6.2241e+00 0.0000e+00 0.0000e+00 0.0000e+00 0.0000e+00 -2.4586e+00 1.2585e+00 0.0000e+00 0.0000e+00 -1.2585e+00 -1.8242e+00 
122.0 7.6455e+00 -2.7553e+00 0.0000e+00 0.0000e+00 -2.7553e+00 6.1819e+00 0.0000e+00 0.0000e+00 0.0000e+00 0.0000e+00 -2.5955e+00 1.2509e+00 0.0000e+00 0.0000e+00 -1.2509e+00 -1.9586e+00 
123.0 7.5966e+00 -2.6597e+00 0.0000e+00 0.0000e+00 -2.6597e+00 6.1436e+00 0.0000e+00 0.0000e+00 0.0000e+00 0.0000e+00 -2.7287e+00 1.2419e+00 0.0000e+00 0.0000e+00 -1.2419e+00 -2.0893e+00 
124.0 7.5515e+00 -2.5647e+00 0.0000e+00 0.0000e+00 -2.5647e+00 6.1088e+00 0.0000e+00 0.0000e+00 0.0000e+00 0.0000e+00 -2.8583e+00 1.2316e+00 0.0000e+00 0.0000e+00 -1.2316e+00 -2.2166e+00 
125.0 7.5099e+00 -2.4702e+00 0.0000e+00 0.0000e+00 -2.4702e+00 6.0774e+00 0.0000e+00 0.0000e+00 0.0000e+00 0.0000e+00 -2.9846e+00 1.2200e+00 0.0000e+00 0.0000e+00 -1.2200e+00 -2.3406e+00 
126.0 7.4717e+00 -2.3763e+00 0.0000e+00 0.0000e+00 -2.3763e+00 6.0493e+00 0.0000e+00 0.0000e+00 0.0000e+00 0.0000e+00 -3.1077e+00 1.2071e+00 0.0000e+00 0.0000e+00 -1.2071e+00 -2.4616e+00 
127.0 7.4368e+00 -2.2831e+00 0.0000e+00 0.0000e+00 -2.2831e+00 6.0242e+00 0.0000e+00 0.0000e+00 0.0000e+00 0.0000e+00 -3.2279e+00 1.1931e+00 0.0000e+00 0.0000e+00 -1.1931e+00 -2.5796e+00 
128.0 7.4051e+00 -2.1906e+00 0.0000e+00 0.0000e+00 -2.1906e+00 6.0022e+00 0.0000e+00 0.0000e+00 0.0000e+00 0.0000e+00 -3.3451e+00 1.1778e+00 0.0000e+00 0.0000e+00 -1.1778e+00 -2.6948e+00 
129.0 7.3765e+00 -2.0991e+00 0.0000e+00 0.0000e+00 -2.0991e+00 5.9830e+00 0.0000e+00 0.0000e+00 0.0000e+00 0.0000e+00 -3.4596e+00 1.1614e+00 0.0000e+00 0.0000e+00 -1.1614e+00 -2.8072e+00 
130.0 7.3509e+00 -2.0087e+00 0.0000e+00 0.0000e+00 -2.0087e+00 5.9667e+00 0.0000e+00 0.0000e+00 0.0000e+00 0.0000e+00 -3.5715e+00 1.1440e+00 0.0000e+00 0.0000e+00 -1.1440e+00 -2.9168e+00 
131.0 7.3284e+00 -1.9193e+00 0.0000e+00 0.0000e+00 -1.9193e+00 5.9532e+00 0.0000e+00 0.0000e+00 0.0000e+00 0.0000e+00 -3.6807e+00 1.1254e+00 0.0000e+00 0.0000e+00 -1.1254e+00 -3.0238e+00 
132.0 7.3089e+00 -1.8310e+00 0.0000e+00 0.0000e+00 -1.8310e+00 5.9425e+00 0.0000e+00 0.0000e+00 0.0000e+00 0.0000e+00 -3.7874e+00 1.1059e+00 0.0000e+00 0.0000e+00 -1.1059e+00 -3.1281e+00 
133.0 7.2925e+00 -1.7439e+00 0.0000e+00 0.0000e+00 -1.7439e+00 5.9346e+00 0.0000e+00 0.0000e+00 0.0000e+00 0.0000e+00 -3.8916e+00 1.0854e+00 0.0000e+00 0.0000e+00 -1.0854e+00 -3.2299e+00 
134.0 7.2791e+00 -1.6580e+00 0.0000e+00 0.0000e+00 -1.6580e+00 5.9295e+00 0.0000e+00 0.0000e+00 0.0000e+00 0.0000e+00 -3.9934e+00 1.0640e+00 0.0000e+00 0.0000e+00 -1.0640e+00 -3.3292e+00 
135.0 7.2687e+00 -1.5734e+00 0.0000e+00 0.0000e+00 -1.5734e+00 5.9271e+00 0.0000e+00 0.0000e+00 0.0000e+00 0.0000e+00 -4.0929e+00 1.0418e+00 0.0000e+00 0.0000e+00 -1.0418e+00 -3.4261e+00 
136.0 7.2610e+00 -1.4902e+00 0.0000e+00 0.0000e+00 -1.4902e+00 5.9274e+00 0.0000e+00 0.0000e+00 0.0000e+00 0.0000e+00 -4.1901e+00 1.0187e+00 0.0000e+00 0.0000e+00 -1.0187e+00 -3.5208e+00 
137.0 7.2561e+00 -1.4083e+00 0.0000e+00 0.0000e+00 -1.4083e+00 5.9302e+00 0.0000e+00 0.0000e+00 0.0000e+00 0.0000e+00 -4.2850e+00 9.9478e-01 0.0000e+00 0.0000e+00 -9.9478e-01 -3.6133e+00 
138.0 7.2537e+00 -1.3280e+00 0.0000e+00 0.0000e+00 -1.3280e+00 5.9353e+00 0.0000e+00 0.0000e+00 0.0000e+00 0.0000e+00 -4.3778e+00 9.7005e-01 0.0000e+00 0.0000e+00 -9.7005e-01 -3.7037e+00 
139.0 7.2539e+00 -1.2492e+00 0.0000e+00 0.0000e+00 -1.2492e+00 5.9429e+00 0.0000e+00 0.0000e+00 0.0000e+00 0.0000e+00 -4.4683e+00 9.4455e-01 0.0000e+00 0.0000e+00 -9.4455e-01 -3.7920e+00 
140.0 7.2566e+00 -1.1717e+00 0.0000e+00 0.0000e+00 -1.1717e+00 5.9529e+00 0.0000e+00 0.0000e+00 0.0000e+00 0.0000e+00 -4.5567e+00 9.1840e-01 0.0000e+00 0.0000e+00 -9.1840e-01 -3.8782e+00 
141.0 7.2620e+00 -1.0957e+00 0.0000e+00 0.0000e+00 -1.0957e+00 5.9654e+00 0.0000e+00 0.0000e+00 0.0000e+00 0.0000e+00 -4.6431e+00 8.9180e-01 0.0000e+00 0.0000e+00 -8.9180e-01 -3.9623e+00 
142.0 7.2702e+00 -1.0211e+00 0.0000e+00 0.0000e+00 -1.0211e+00 5.9805e+00 0.0000e+00 0.0000e+00 0.0000e+00 0.0000e+00 -4.7276e+00 8.6490e-01 0.0000e+00 0.0000e+00 -8.6490e-01 -4.0443e+00 
143.0 7.2815e+00 -9.4803e-01 0.0000e+00 0.0000e+00 -9.4803e-01 5.9981e+00 0.0000e+00 0.0000e+00 0.0000e+00 0.0000e+00 -4.8102e+00 8.3779e-01 0.0000e+00 0.0000e+00 -8.3779e-01 -4.1243e+00 
144.0 7.2956e+00 -8.7671e-01 0.0000e+00 0.0000e+00 -8.7671e-01 6.0179e+00 0.0000e+00 0.0000e+00 0.0000e+00 0.0000e+00 -4.8913e+00 8.1039e-01 0.0000e+00 0.0000e+00 -8.1039e-01 -4.2022e+00 
145.0 7.3127e+00 -8.0725e-01 0.0000e+00 0.0000e+00 -8.0725e-01 6.0399e+00 0.0000e+00 0.0000e+00 0.0000e+00 0.0000e+00 -4.9709e+00 7.8255e-01 0.0000e+00 0.0000e+00 -7.8255e-01 -4.2781e+00 
146.0 7.3326e+00 -7.3971e-01 0.0000e+00 0.0000e+00 -7.3971e-01 6.0637e+00 0.0000e+00 0.0000e+00 0.0000e+00 0.0000e+00 -5.0493e+00 7.5411e-01 0.0000e+00 0.0000e+00 -7.5411e-01 -4.3521e+00 
147.0 7.3553e+00 -6.7408e-01 0.0000e+00 0.0000e+00 -6.7408e-01 6.0893e+00 0.0000e+00 0.0000e+00 0.0000e+00 0.0000e+00 -5.1265e+00 7.2503e-01 0.0000e+00 0.0000e+00 -7.2503e-01 -4.4239e+00 
148.0 7.3811e+00 -6.1029e-01 0.0000e+00 0.0000e+00 -6.1029e-01 6.1168e+00 0.0000e+00 0.0000e+00 0.0000e+00 0.0000e+00 -5.2027e+00 6.9536e-01 0.0000e+00 0.0000e+00 -6.9536e-01 -4.4938e+00 
149.0 7.4102e+00 -5.4836e-01 0.0000e+00 0.0000e+00 -5.4836e-01 6.1465e+00 0.0000e+00 0.0000e+00 0.0000e+00 0.0000e+00 -5.2781e+00 6.6528e-01 0.0000e+00 0.0000e+00 -6.6528e-01 -4.5617e+00 
150.0 7.4430e+00 -4.8831e-01 0.0000e+00 0.0000e+00 -4.8831e-01 6.1786e+00 0.0000e+00 0.0000e+00 0.0000e+00 0.0000e+00 -5.3527e+00 6.3505e-01 0.0000e+00 0.0000e+00 -6.3505e-01 -4.6276e+00 
151.0 7.4794e+00 -4.3038e-01 0.0000e+00 0.0000e+00 -4.3038e-01 6.2131e+00 0.0000e+00 0.0000e+00 0.0000e+00 0.0000e+00 -5.4268e+00 6.0474e-01 0.0000e+00 0.0000e+00 -6.0474e-01 -4.6917e+00 
152.0 7.5193e+00 -3.7497e-01 0.0000e+00 0.0000e+00 -3.7497e-01 6.2495e+00 0.0000e+00 0.0000e+00 0.0000e+00 0.0000e+00 -5.5006e+00 5.7404e-01 0.0000e+00 0.0000e+00 -5.7404e-01 -4.7541e+00 
153.0 7.5620e+00 -3.2243e-01 0.0000e+00 0.0000e+00 -3.2243e-01 6.2872e+00 0.0000e+00 0.0000e+00 0.0000e+00 0.0000e+00 -5.5741e+00 5.4236e-01 0.0000e+00 0.0000e+00 -5.4236e-01 -4.8148e+00 
154.0 7.6072e+00 -2.7294e-01 0.0000e+00 0.0000e+00 -2.7294e-01 6.3256e+00 0.0000e+00 0.0000e+00 0.0000e+00 0.0000e+00 -5.6476e+00 5.0923e-01 0.0000e+00 0.0000e+00 -5.0923e-01 -4.8739e+00 
155.0 7.6550e+00 -2.2662e-01 0.0000e+00 0.0000e+00 -2.2662e-01 6.3648e+00 0.0000e+00 0.0000e+00 0.0000e+00 0.0000e+00 -5.7212e+00 4.7455e-01 0.0000e+00 0.0000e+00 -4.7455e-01 -4.9313e+00 
156.0 7.7058e+00 -1.8352e-01 0.0000e+00 0.0000e+00 -1.8352e-01 6.4054e+00 0.0000e+00 0.0000e+00 0.0000e+00 0.0000e+00 -5.7949e+00 4.3869e-01 0.0000e+00 0.0000e+00 -4.3869e-01 -4.9870e+00 
157.0 7.7600e+00 -1.4380e-01 0.0000e+00 0.0000e+00 -1.4380e-01 6.4480e+00 0.0000e+00 0.0000e+00 0.0000e+00 0.0000e+00 -5.8686e+00 4.0216e-01 0.0000e+00 0.0000e+00 -4.0216e-01 -5.0409e+00 
158.0 7.8176e+00 -1.0783e-01 0.0000e+00 0.0000e+00 -1.0783e-01 6.4925e+00 0.0000e+00 0.0000e+00 0.0000e+00 0.0000e+00 -5.9423e+00 3.6508e-01 0.0000e+00 0.0000e+00 -3.6508e-01 -5.0931e+00 
159.0 7.8785e+00 -7.5879e-02 0.0000e+00 0.0000e+00 -7.5879e-02 6.5386e+00 0.0000e+00 0.0000e+00 0.0000e+00 0.0000e+00 -6.0162e+00 3.2736e-01 0.0000e+00 0.0000e+00 -3.2736e-01 -5.1435e+00 
160.0 7.9425e+00 -4.8027e-02 0.0000e+00 0.0000e+00 -4.8027e-02 6.5859e+00 0.0000e+00 0.0000e+00 0.0000e+00 0.0000e+00 -6.0902e+00 2.8881e-01 0.0000e+00 0.0000e+00 -2.8881e-01 -5.1923e+00 
161.0 8.0095e+00 -2.4258e-02 0.0000e+00 0.0000e+00 -2.4258e-02 6.6342e+00 0.0000e+00 0.0000e+00 0.0000e+00 0.0000e+00 -6.1647e+00 2.4920e-01 0.0000e+00 0.0000e+00 -2.4920e-01 -5.2395e+00 
162.0 8.0797e+00 -4.5874e-03 0.0000e+00 0.0000e+00 -4.5874e-03 6.6836e+00 0.0000e+00 0.0000e+00 0.0000e+00 0.0000e+00 -6.2400e+00 2.0832e-01 0.0000e+00 0.0000e+00 -2.0832e-01 -5.2853e+00 
163.0 8.1535e+00 1.1039e-02 0.0000e+00 0.0000e+00 1.1039e-02 6.7344e+00 0.0000e+00 0.0000e+00 0.0000e+00 0.0000e+00 -6.3167e+00 1.6623e-01 0.0000e+00 0.0000e+00 -1.6623e-01 -5.3300e+00 
164.0 8.2319e+00 2.2789e-02 0.0000e+00 0.0000e+00 2.2789e-02 6.7874e+00 0.0000e+00 0.0000e+00 0.0000e+00 0.0000e+00 -6.3956e+00 1.2328e-01 0.0000e+00 0.0000e+00 -1.2328e-01 -5.3742e+00 
165.0 8.3158e+00 3.0885e-02 0.0000e+00 0.0000e+00 3.0885e-02 6.8436e+00 0.0000e+00 0.0000e+00 0.0000e+00 0.0000e+00 -6.4771e+00 8.0182e-02 0.0000e+00 0.0000e+00 -8.0182e-02 -5.4182e+00 
166.0 8.4062e+00 3.5355e-02 0.0000e+00 0.0000e+00 3.5355e-02 6.9041e+00 0.0000e+00 0.0000e+00 0.0000e+00 0.0000e+00 -6.5618e+00 3.7437e-02 0.0000e+00 0.0000e+00 -3.7437e-02 -5.4625e+00 
167.0 8.5028e+00 3.5834e-02 0.0000e+00 0.0000e+00 3.5834e-02 6.9694e+00 0.0000e+00 0.0000e+00 0.0000e+00 0.0000e+00 -6.6505e+00 -5.3644e-03 0.0000e+00 0.0000e+00 5.3644e-03 -5.5080e+00 
168.0 8.6053e+00 3.1835e-02 0.0000e+00 0.0000e+00 3.1835e-02 7.0385e+00 0.0000e+00 0.0000e+00 0.0000e+00 0.0000e+00 -6.7450e+00 -4.9295e-02 0.0000e+00 0.0000e+00 4.9295e-02 -5.5555e+00 
169.0 8.7140e+00 2.3263e-02 0.0000e+00 0.0000e+00 2.3263e-02 7.1101e+00 0.0000e+00 0.0000e+00 0.0000e+00 0.0000e+00 -6.8473e+00 -9.5015e-02 0.0000e+00 0.0000e+00 9.5015e-02 -5.6056e+00 
170.0 8.8316e+00 1.0826e-02 0.0000e+00 0.0000e+00 1.0826e-02 7.1848e+00 0.0000e+00 0.0000e+00 0.0000e+00 0.0000e+00 -6.9598e+00 -1.4133e-01 0.0000e+00 0.0000e+00 1.4133e-01 -5.6576e+00 
171.0 8.9640e+00 -3.9064e-03 0.0000e+00 0.0000e+00 -3.9064e-03 7.2654e+00 0.0000e+00 0.0000e+00 0.0000e+00 0.0000e+00 -7.0855e+00 -1.8450e-01 0.0000e+00 0.0000e+00 1.8450e-01 -5.7110e+00 
172.0 9.1179e+00 -1.9124e-02 0.0000e+00 0.0000e+00 -1.9124e-02 7.3553e+00 0.0000e+00 0.0000e+00 0.0000e+00 0.0000e+00 -7.2279e+00 -2.1909e-01 0.0000e+00 0.0000e+00 2.1909e-01 -5.7650e+00 
173.0 9.3005e+00 -3.2811e-02 0.0000e+00 0.0000e+00 -3.2811e-02 7.4583e+00 0.0000e+00 0.0000e+00 0.0000e+00 0.0000e+00 -7.3898e+00 -2.3903e-01 0.0000e+00 0.0000e+00 2.3903e-01 -5.8186e+00 
174.0 9.5178e+00 -4.2287e-02 0.0000e+00 0.0000e+00 -4.2287e-02 7.5781e+00 0.0000e+00 0.0000e+00 0.0000e+00 0.0000e+00 -7.5713e+00 -2.3769e-01 0.0000e+00 0.0000e+00 2.3769e-01 -5.8699e+00 
175.0 9.7697e+00 -4.5045e-02 0.0000e+00 0.0000e+00 -4.5045e-02 7.7162e+00 0.0000e+00 0.0000e+00 0.0000e+00 0.0000e+00 -7.7673e+00 -2.1086e-01 0.0000e+00 0.0000e+00 2.1086e-01 -5.9156e+00 
176.0 1.0045e+01 -3.9387e-02 0.0000e+00 0.0000e+00 -3.9387e-02 7.8672e+00 0.0000e+00 0.0000e+00 0.0000e+00 0.0000e+00 -7.9658e+00 -1.5922e-01 0.0000e+00 0.0000e+00 1.5922e-01 -5.9518e+00 
177.0 1.0315e+01 -2.5267e-02 0.0000e+00 0.0000e+00 -2.5267e-02 8.0171e+00 0.0000e+00 0.0000e+00 0.0000e+00 0.0000e+00 -8.1454e+00 -9.1426e-02 0.0000e+00 0.0000e+00 9.1426e-02 -5.9753e+00 
178.0 1.0527e+01 -8.3699e-03 0.0000e+00 0.0000e+00 -8.3699e-03 8.1369e+00 0.0000e+00 0.0000e+00 0.0000e+00 0.0000e+00 -8.2759e+00 -2.8938e-02 0.0000e+00 0.0000e+00 2.8938e-02 -5.9868e+00 
179.0 1.0616e+01 -1.0998e-19 0.0000e+00 0.0000e+00 -1.0998e-19 8.1882e+00 0.0000e+00 0.0000e+00 0.0000e+00 0.0000e+00 -8.3283e+00 -4.3746e-19 0.0000e+00 0.0000e+00 4.3746e-19 -5.9913e+00 
180.0 1.0700e+01 0.0000e+00 0.0000e+00 0.0000e+00 0.0000e+00 8.2337e+00 0.0000e+00 0.0000e+00 0.0000e+00 0.0000e+00 -8.3749e+00 0.0000e+00 0.0000e+00 0.0000e+00 -0.0000e+00 -5.9939e+00 
