1.5518 1.8616 0.3098 0.061083
theta s11 s12 s13 s14 s21 s22 s23 s24 s31 s32 s33 s34 s41 s42 s43 s44
0.0 1.4232e+03 0.0000e+00 0.0000e+00 0.0000e+00 0.0000e+00 1.4221e+03 0.0000e+00 0.0000e+00 0.0000e+00 0.0000e+00 1.4221e+03 0.0000e+00 0.0000e+00 0.0000e+00 -0.0000e+00 1.4210e+03 
1.0 1.2780e+03 -6.1963e-02 0.0000e+00 0.0000e+00 -6.1963e-02 1.2769e+03 0.0000e+00 0.0000e+00 0.0000e+00 0.0000e+00 1.2769e+03 -6.0291e-01 0.0000e+00 0.0000e+00 6.0291e-01 1.2758e+03 
2.0 1.0166e+03 -1.4960e-01 0.0000e+00 0.0000e+00 -1.4960e-01 1.0155e+03 0.0000e+00 0.0000e+00 0.0000e+00 0.0000e+00 1.0155e+03 -2.0543e+00 0.0000e+00 0.0000e+00 2.0543e+00 1.0144e+03 
3.0 7.8377e+02 -1.9462e-01 0.0000e+00 0.0000e+00 -1.9462e-01 7.8270e+02 0.0000e+00 0.0000e+00 0.0000e+00 0.0000e+00 7.8267e+02 -3.6398e+00 0.0000e+00 0.0000e+00 3.6398e+00 7.8162e+02 
4.0 6.0455e+02 -2.1450e-01 0.0000e+00 0.0000e+00 -2.1450e-01 6.0350e+02 0.0000e+00 0.0000e+00 0.0000e+00 0.0000e+00 6.0344e+02 -4.8675e+00 0.0000e+00 0.0000e+00 4.8675e+00 6.0242e+02 
5.0 4.7255e+02 -2.3550e-01 0.0000e+00 0.0000e+00 -2.3550e-01 4.7153e+02 0.0000e+00 0.0000e+00 0.0000e+00 0.0000e+00 4.7143e+02 -5.6198e+00 0.0000e+00 0.0000e+00 5.6198e+00 4.7044e+02 
6.0 3.7631e+02 -2.7300e-01 0.0000e+00 0.0000e+00 -2.7300e-01 3.7531e+02 0.0000e+00 0.0000e+00 0.0000e+00 0.0000e+00 3.7517e+02 -5.9630e+00 0.0000e+00 0.0000e+00 5.9630e+00 3.7421e+02 
7.0 3.0589e+02 -3.3368e-01 0.0000e+00 0.0000e+00 -3.3368e-01 3.0492e+02 0.0000e+00 0.0000e+00 0.0000e+00 0.0000e+00 3.0473e+02 -5.9986e+00 0.0000e+00 0.0000e+00 5.9986e+00 3.0381e+02 
8.0 2.5390e+02 -4.1728e-01 0.0000e+00 0.0000e+00 -4.1728e-01 2.5295e+02 0.0000e+00 0.0000e+00 0.0000e+00 0.0000e+00 2.5272e+02 -5.8241e+00 0.0000e+00 0.0000e+00 5.8241e+00 2.5183e+02 
9.0 2.1506e+02 -5.1941e-01 0.0000e+00 0.0000e+00 -5.1941e-01 2.1412e+02 0.0000e+00 0.0000e+00 0.0000e+00 0.0000e+00 2.1385e+02 -5.5223e+00 0.0000e+00 0.0000e+00 5.5223e+00 2.1300e+02 
10.0 1.8562e+02 -6.3454e-01 0.0000e+00 0.0000e+00 -6.3454e-01 1.8470e+02 0.0000e+00 0.0000e+00 0.0000e+00 0.0000e+00 1.8440e+02 -5.1556e+00 0.0000e+00 0.0000e+00 5.1556e+00 1.8357e+02 
11.0 1.6296e+02 -7.5772e-01 0.0000e+00 0.0000e+00 -7.5772e-01 1.6206e+02 0.0000e+00 0.0000e+00 0.0000e+00 0.0000e+00 1.6173e+02 -4.7681e+00 0.0000e+00 0.0000e+00 4.7681e+00 1.6093e+02 
12.0 1.4521e+02 -8.8539e-01 0.0000e+00 0.0000e+00 -8.8539e-01 1.4432e+02 0.0000e+00 0.0000e+00 0.0000e+00 0.0000e+00 1.4397e+02 -4.3888e+00 0.0000e+00 0.0000e+00 4.3888e+00 1.4320e+02 
13.0 1.3105e+02 -1.0163e+00 0.0000e+00 0.0000e+00 -1.0163e+00 1.3017e+02 0.0000e+00 0.0000e+00 0.0000e+00 0.0000e+00 1.2981e+02 -4.0310e+00 0.0000e+00 0.0000e+00 4.0310e+00 1.2906e+02 
14.0 1.1956e+02 -1.1455e+00 0.0000e+00 0.0000e+00 -1.1455e+00 1.1869e+02 0.0000e+00 0.0000e+00 0.0000e+00 0.0000e+00 1.1831e+02 -3.7121e+00 0.0000e+00 0.0000e+00 3.7121e+00 1.1759e+02 
15.0 1.1008e+02 -1.2753e+00 0.0000e+00 0.0000e+00 -1.2753e+00 1.0922e+02 0.0000e+00 0.0000e+00 0.0000e+00 0.0000e+00 1.0883e+02 -3.4247e+00 0.0000e+00 0.0000e+00 3.4247e+00 1.0812e+02 
16.0 1.0211e+02 -1.4039e+00 0.0000e+00 0.0000e+00 -1.4039e+00 1.0126e+02 0.0000e+00 0.0000e+00 0.0000e+00 0.0000e+00 1.0086e+02 -3.1712e+00 0.0000e+00 0.0000e+00 3.1712e+00 1.0017e+02 
17.0 9.5300e+01 -1.5303e+00 0.0000e+00 0.0000e+00 -1.5303e+00 9.4460e+01 0.0000e+00 0.0000e+00 0.0000e+00 0.0000e+00 9.4047e+01 -2.9501e+00 0.0000e+00 0.0000e+00 2.9501e+00 9.3382e+01 
18.0 8.9382e+01 -1.6541e+00 0.0000e+00 0.0000e+00 -1.6541e+00 8.8549e+01 0.0000e+00 0.0000e+00 0.0000e+00 0.0000e+00 8.8128e+01 -2.7586e+00 0.0000e+00 0.0000e+00 2.7586e+00 8.7484e+01 
19.0 8.4161e+01 -1.7753e+00 0.0000e+00 0.0000e+00 -1.7753e+00 8.3335e+01 0.0000e+00 0.0000e+00 0.0000e+00 0.0000e+00 8.3173e+01 -2.5927e+00 0.0000e+00 0.0000e+00 2.5927e+00 8.2553e+01 
20.0 7.9496e+01 -1.8942e+00 0.0000e+00 0.0000e+00 -1.8942e+00 7.8678e+01 0.0000e+00 0.0000e+00 0.0000e+00 0.0000e+00 7.8745e+01 -2.4487e+00 0.0000e+00 0.0000e+00 2.4487e+00 7.8147e+01 
21.0 7.5285e+01 -2.0116e+00 0.0000e+00 0.0000e+00 -2.0116e+00 7.4475e+01 0.0000e+00 0.0000e+00 0.0000e+00 0.0000e+00 7.4748e+01 -2.3234e+00 0.0000e+00 0.0000e+00 2.3234e+00 7.4169e+01 
22.0 7.1450e+01 -2.1280e+00 0.0000e+00 0.0000e+00 -2.1280e+00 7.0647e+01 0.0000e+00 0.0000e+00 0.0000e+00 0.0000e+00 7.1105e+01 -2.2143e+00 0.0000e+00 0.0000e+00 2.2143e+00 7.0544e+01 
23.0 6.7927e+01 -2.2434e+00 0.0000e+00 0.0000e+00 -2.2434e+00 6.7131e+01 0.0000e+00 0.0000e+00 0.0000e+00 0.0000e+00 6.7756e+01 -2.1187e+00 0.0000e+00 0.0000e+00 2.1187e+00 6.7213e+01 
24.0 6.4668e+01 -2.3576e+00 0.0000e+00 0.0000e+00 -2.3576e+00 6.3880e+01 0.0000e+00 0.0000e+00 0.0000e+00 0.0000e+00 6.4656e+01 -2.0341e+00 0.0000e+00 0.0000e+00 2.0341e+00 6.4128e+01 
25.0 6.1637e+01 -2.4702e+00 0.0000e+00 0.0000e+00 -2.4702e+00 6.0855e+01 0.0000e+00 0.0000e+00 0.0000e+00 0.0000e+00 6.1768e+01 -1.9587e+00 0.0000e+00 0.0000e+00 1.9587e+00 6.1255e+01 
26.0 5.8803e+01 -2.5805e+00 0.0000e+00 0.0000e+00 -2.5805e+00 5.8027e+01 0.0000e+00 0.0000e+00 0.0000e+00 0.0000e+00 5.9065e+01 -1.8906e+00 0.0000e+00 0.0000e+00 1.8906e+00 5.8566e+01 
27.0 5.6143e+01 -2.6883e+00 0.0000e+00 0.0000e+00 -2.6883e+00 5.5374e+01 0.0000e+00 0.0000e+00 0.0000e+00 0.0000e+00 5.6524e+01 -1.8286e+00 0.0000e+00 0.0000e+00 1.8286e+00 5.6039e+01 
28.0 5.3638e+01 -2.7932e+00 0.0000e+00 0.0000e+00 -2.7932e+00 5.2876e+01 0.0000e+00 0.0000e+00 0.0000e+00 0.0000e+00 5.4128e+01 -1.7716e+00 0.0000e+00 0.0000e+00 1.7716e+00 5.3656e+01 
29.0 5.1273e+01 -2.8951e+00 0.0000e+00 0.0000e+00 -2.8951e+00 5.0517e+01 0.0000e+00 0.0000e+00 0.0000e+00 0.0000e+00 5.1862e+01 -1.7186e+00 0.0000e+00 0.0000e+00 1.7186e+00 5.1402e+01 
30.0 4.9034e+01 -2.9938e+00 0.0000e+00 0.0000e+00 -2.9938e+00 4.8285e+01 0.0000e+00 0.0000e+00 0.0000e+00 0.0000e+00 4.9713e+01 -1.6688e+00 0.0000e+00 0.0000e+00 1.6688e+00 4.9265e+01 
31.0 4.6911e+01 -3.0891e+00 0.0000e+00 0.0000e+00 -3.0891e+00 4.6168e+01 0.0000e+00 0.0000e+00 0.0000e+00 0.0000e+00 4.7460e+01 -1.6218e+00 0.0000e+00 0.0000e+00 1.6218e+00 4.7027e+01 
32.0 4.4893e+01 -3.1807e+00 0.0000e+00 0.0000e+00 -3.1807e+00 4.4156e+01 0.0000e+00 0.0000e+00 0.0000e+00 0.0000e+00 4.5318e+01 -1.5773e+00 0.0000e+00 0.0000e+00 1.5773e+00 4.4901e+01 
33.0 4.2971e+01 -3.2682e+00 0.0000e+00 0.0000e+00 -3.2682e+00 4.2241e+01 0.0000e+00 0.0000e+00 0.0000e+00 0.0000e+00 4.3280e+01 -1.5351e+00 0.0000e+00 0.0000e+00 1.5351e+00 4.2878e+01 
34.0 4.1138e+01 -3.3512e+00 0.0000e+00 0.0000e+00 -3.3512e+00 4.0414e+01 0.0000e+00 0.0000e+00 0.0000e+00 0.0000e+00 4.1337e+01 -1.4949e+00 0.0000e+00 0.0000e+00 1.4949e+00 4.0949e+01 
35.0 3.9388e+01 -3.4295e+00 0.0000e+00 0.0000e+00 -3.4295e+00 3.8669e+01 0.0000e+00 0.0000e+00 0.0000e+00 0.0000e+00 3.9481e+01 -1.4563e+00 0.0000e+00 0.0000e+00 1.4563e+00 3.9109e+01 
36.0 3.7715e+01 -3.5031e+00 0.0000e+00 0.0000e+00 -3.5031e+00 3.7002e+01 0.0000e+00 0.0000e+00 0.0000e+00 0.0000e+00 3.7708e+01 -1.4188e+00 0.0000e+00 0.0000e+00 1.4188e+00 3.7350e+01 
37.0 3.6116e+01 -3.5721e+00 0.0000e+00 0.0000e+00 -3.5721e+00 3.5409e+01 0.0000e+00 0.0000e+00 0.0000e+00 0.0000e+00 3.6013e+01 -1.3818e+00 0.0000e+00 0.0000e+00 1.3818e+00 3.5669e+01 
38.0 3.4589e+01 -3.6367e+00 0.0000e+00 0.0000e+00 -3.6367e+00 3.3887e+01 0.0000e+00 0.0000e+00 0.0000e+00 0.0000e+00 3.4393e+01 -1.3449e+00 0.0000e+00 0.0000e+00 1.3449e+00 3.4062e+01 
39.0 3.3130e+01 -3.6973e+00 0.0000e+00 0.0000e+00 -3.6973e+00 3.2434e+01 0.0000e+00 0.0000e+00 0.0000e+00 0.0000e+00 3.2844e+01 -1.3080e+00 0.0000e+00 0.0000e+00 1.3080e+00 3.2526e+01 
40.0 3.1738e+01 -3.7539e+00 0.0000e+00 0.0000e+00 -3.7539e+00 3.1048e+01 0.0000e+00 0.0000e+00 0.0000e+00 0.0000e+00 3.1364e+01 -1.2711e+00 0.0000e+00 0.0000e+00 1.2711e+00 3.1059e+01 
41.0 3.0409e+01 -3.8066e+00 0.0000e+00 0.0000e+00 -3.8066e+00 2.9725e+01 0.0000e+00 0.0000e+00 0.0000e+00 0.0000e+00 2.9949e+01 -1.2344e+00 0.0000e+00 0.0000e+00 1.2344e+00 2.9658e+01 
42.0 2.9141e+01 -3.8554e+00 0.0000e+00 0.0000e+00 -3.8554e+00 2.8462e+01 0.0000e+00 0.0000e+00 0.0000e+00 0.0000e+00 2.8597e+01 -1.1981e+00 0.0000e+00 0.0000e+00 1.1981e+00 2.8318e+01 
43.0 2.7931e+01 -3.9001e+00 0.0000e+00 0.0000e+00 -3.9001e+00 2.7257e+01 0.0000e+00 0.0000e+00 0.0000e+00 0.0000e+00 2.7304e+01 -1.1621e+00 0.0000e+00 0.0000e+00 1.1621e+00 2.7038e+01 
44.0 2.6774e+01 -3.9406e+00 0.0000e+00 0.0000e+00 -3.9406e+00 2.6105e+01 0.0000e+00 0.0000e+00 0.0000e+00 0.0000e+00 2.6067e+01 -1.1264e+00 0.0000e+00 0.0000e+00 1.1264e+00 2.5813e+01 
45.0 2.5668e+01 -3.9770e+00 0.0000e+00 0.0000e+00 -3.9770e+00 2.5005e+01 0.0000e+00 0.0000e+00 0.0000e+00 0.0000e+00 2.4883e+01 -1.0910e+00 0.0000e+00 0.0000e+00 1.0910e+00 2.4641e+01 
46.0 2.4611e+01 -4.0093e+00 0.0000e+00 0.0000e+00 -4.0093e+00 2.3953e+01 0.0000e+00 0.0000e+00 0.0000e+00 0.0000e+00 2.3750e+01 -1.0556e+00 0.0000e+00 0.0000e+00 1.0556e+00 2.3519e+01 
47.0 2.3600e+01 -4.0376e+00 0.0000e+00 0.0000e+00 -4.0376e+00 2.2947e+01 0.0000e+00 0.0000e+00 0.0000e+00 0.0000e+00 2.2664e+01 -1.0203e+00 0.0000e+00 0.0000e+00 1.0203e+00 2.2445e+01 
48.0 2.2633e+01 -4.0619e+00 0.0000e+00 0.0000e+00 -4.0619e+00 2.1985e+01 0.0000e+00 0.0000e+00 0.0000e+00 0.0000e+00 2.1625e+01 -9.8501e-01 0.0000e+00 0.0000e+00 9.8501e-01 2.1417e+01 
49.0 2.1709e+01 -4.0823e+00 0.0000e+00 0.0000e+00 -4.0823e+00 2.1066e+01 0.0000e+00 0.0000e+00 0.0000e+00 0.0000e+00 2.0630e+01 -9.4971e-01 0.0000e+00 0.0000e+00 9.4971e-01 2.0433e+01 
50.0 2.0825e+01 -4.0990e+00 0.0000e+00 0.0000e+00 -4.0990e+00 2.0187e+01 0.0000e+00 0.0000e+00 0.0000e+00 0.0000e+00 1.9677e+01 -9.1442e-01 0.0000e+00 0.0000e+00 9.1442e-01 1.9490e+01 
51.0 1.9981e+01 -4.1120e+00 0.0000e+00 0.0000e+00 -4.1120e+00 1.9347e+01 0.0000e+00 0.0000e+00 0.0000e+00 0.0000e+00 1.8765e+01 -8.7914e-01 0.0000e+00 0.0000e+00 8.7914e-01 1.8589e+01 
52.0 1.9174e+01 -4.1214e+00 0.0000e+00 0.0000e+00 -4.1214e+00 1.8545e+01 0.0000e+00 0.0000e+00 0.0000e+00 0.0000e+00 1.7891e+01 -8.4385e-01 0.0000e+00 0.0000e+00 8.4385e-01 1.7725e+01 
53.0 1.8403e+01 -4.1275e+00 0.0000e+00 0.0000e+00 -4.1275e+00 1.7778e+01 0.0000e+00 0.0000e+00 0.0000e+00 0.0000e+00 1.7054e+01 -8.0853e-01 0.0000e+00 0.0000e+00 8.0853e-01 1.6899e+01 
54.0 1.7666e+01 -4.1302e+00 0.0000e+00 0.0000e+00 -4.1302e+00 1.7046e+01 0.0000e+00 0.0000e+00 0.0000e+00 0.0000e+00 1.6253e+01 -7.7320e-01 0.0000e+00 0.0000e+00 7.7320e-01 1.6108e+01 
55.0 1.6963e+01 -4.1298e+00 0.0000e+00 0.0000e+00 -4.1298e+00 1.6346e+01 0.0000e+00 0.0000e+00 0.0000e+00 0.0000e+00 1.5486e+01 -7.3791e-01 0.0000e+00 0.0000e+00 7.3791e-01 1.5350e+01 
56.0 1.6291e+01 -4.1264e+00 0.0000e+00 0.0000e+00 -4.1264e+00 1.5679e+01 0.0000e+00 0.0000e+00 0.0000e+00 0.0000e+00 1.4752e+01 -7.0271e-01 0.0000e+00 0.0000e+00 7.0271e-01 1.4626e+01 
57.0 1.5649e+01 -4.1201e+00 0.0000e+00 0.0000e+00 -4.1201e+00 1.5041e+01 0.0000e+00 0.0000e+00 0.0000e+00 0.0000e+00 1.4048e+01 -6.6766e-01 0.0000e+00 0.0000e+00 6.6766e-01 1.3932e+01 
58.0 1.5037e+01 -4.1109e+00 0.0000e+00 0.0000e+00 -4.1109e+00 1.4432e+01 0.0000e+00 0.0000e+00 0.0000e+00 0.0000e+00 1.3375e+01 -6.3278e-01 0.0000e+00 0.0000e+00 6.3278e-01 1.3268e+01 
59.0 1.4452e+01 -4.0991e+00 0.0000e+00 0.0000e+00 -4.0991e+00 1.3851e+01 0.0000e+00 0.0000e+00 0.0000e+00 0.0000e+00 1.2730e+01 -5.9810e-01 0.0000e+00 0.0000e+00 5.9810e-01 1.2632e+01 
60.0 1.3894e+01 -4.0846e+00 0.0000e+00 0.0000e+00 -4.0846e+00 1.3297e+01 0.0000e+00 0.0000e+00 0.0000e+00 0.0000e+00 1.2113e+01 -5.6363e-01 0.0000e+00 0.0000e+00 5.6363e-01 1.2024e+01 
61.0 1.3361e+01 -4.0678e+00 0.0000e+00 0.0000e+00 -4.0678e+00 1.2767e+01 0.0000e+00 0.0000e+00 0.0000e+00 0.0000e+00 1.1522e+01 -5.2941e-01 0.0000e+00 0.0000e+00 5.2941e-01 1.1442e+01 
62.0 1.2852e+01 -4.0486e+00 0.0000e+00 0.0000e+00 -4.0486e+00 1.2262e+01 0.0000e+00 0.0000e+00 0.0000e+00 0.0000e+00 1.0955e+01 -4.9548e-01 0.0000e+00 0.0000e+00 4.9548e-01 1.0884e+01 
63.0 1.2366e+01 -4.0271e+00 0.0000e+00 0.0000e+00 -4.0271e+00 1.1780e+01 0.0000e+00 0.0000e+00 0.0000e+00 0.0000e+00 1.0413e+01 -4.6189e-01 0.0000e+00 0.0000e+00 4.6189e-01 1.0351e+01 
64.0 1.1903e+01 -4.0036e+00 0.0000e+00 0.0000e+00 -4.0036e+00 1.1320e+01 0.0000e+00 0.0000e+00 0.0000e+00 0.0000e+00 9.8941e+00 -4.2870e-01 0.0000e+00 0.0000e+00 4.2870e-01 9.8401e+00 
65.0 1.1461e+01 -3.9782e+00 0.0000e+00 0.0000e+00 -3.9782e+00 1.0882e+01 0.0000e+00 0.0000e+00 0.0000e+00 0.0000e+00 9.3969e+00 -3.9598e-01 0.0000e+00 0.0000e+00 3.9598e-01 9.3513e+00 
66.0 1.1039e+01 -3.9508e+00 0.0000e+00 0.0000e+00 -3.9508e+00 1.0463e+01 0.0000e+00 0.0000e+00 0.0000e+00 0.0000e+00 8.9207e+00 -3.6380e-01 0.0000e+00 0.0000e+00 3.6380e-01 8.8834e+00 
67.0 1.0637e+01 -3.9215e+00 0.0000e+00 0.0000e+00 -3.9215e+00 1.0063e+01 0.0000e+00 0.0000e+00 0.0000e+00 0.0000e+00 8.4647e+00 -3.3220e-01 0.0000e+00 0.0000e+00 3.3220e-01 8.4354e+00 
68.0 1.0253e+01 -3.8906e+00 0.0000e+00 0.0000e+00 -3.8906e+00 9.6823e+00 0.0000e+00 0.0000e+00 0.0000e+00 0.0000e+00 8.0278e+00 -3.0124e-01 0.0000e+00 0.0000e+00 3.0124e-01 8.0065e+00 
69.0 9.8863e+00 -3.8579e+00 0.0000e+00 0.0000e+00 -3.8579e+00 9.3187e+00 0.0000e+00 0.0000e+00 0.0000e+00 0.0000e+00 7.6092e+00 -2.7093e-01 0.0000e+00 0.0000e+00 2.7093e-01 7.5959e+00 
70.0 9.5366e+00 -3.8238e+00 0.0000e+00 0.0000e+00 -3.8238e+00 8.9718e+00 0.0000e+00 0.0000e+00 0.0000e+00 0.0000e+00 7.2081e+00 -2.4131e-01 0.0000e+00 0.0000e+00 2.4131e-01 7.2025e+00 
71.0 9.2028e+00 -3.7881e+00 0.0000e+00 0.0000e+00 -3.7881e+00 8.6409e+00 0.0000e+00 0.0000e+00 0.0000e+00 0.0000e+00 6.8237e+00 -2.1241e-01 0.0000e+00 0.0000e+00 2.1241e-01 6.8258e+00 
72.0 8.8844e+00 -3.7510e+00 0.0000e+00 0.0000e+00 -3.7510e+00 8.3252e+00 0.0000e+00 0.0000e+00 0.0000e+00 0.0000e+00 6.4553e+00 -1.8425e-01 0.0000e+00 0.0000e+00 1.8425e-01 6.4650e+00 
73.0 8.5805e+00 -3.7126e+00 0.0000e+00 0.0000e+00 -3.7126e+00 8.0240e+00 0.0000e+00 0.0000e+00 0.0000e+00 0.0000e+00 6.1022e+00 -1.5687e-01 0.0000e+00 0.0000e+00 1.5687e-01 6.1193e+00 
74.0 8.2905e+00 -3.6730e+00 0.0000e+00 0.0000e+00 -3.6730e+00 7.7367e+00 0.0000e+00 0.0000e+00 0.0000e+00 0.0000e+00 5.7636e+00 -1.3029e-01 0.0000e+00 0.0000e+00 1.3029e-01 5.7880e+00 
75.0 8.0138e+00 -3.6322e+00 0.0000e+00 0.0000e+00 -3.6322e+00 7.4627e+00 0.0000e+00 0.0000e+00 0.0000e+00 0.0000e+00 5.4390e+00 -1.0453e-01 0.0000e+00 0.0000e+00 1.0453e-01 5.4706e+00 
76.0 7.7497e+00 -3.5902e+00 0.0000e+00 0.0000e+00 -3.5902e+00 7.2013e+00 0.0000e+00 0.0000e+00 0.0000e+00 0.0000e+00 5.1277e+00 -7.9593e-02 0.0000e+00 0.0000e+00 7.9593e-02 5.1663e+00 
77.0 7.4978e+00 -3.5473e+00 0.0000e+00 0.0000e+00 -3.5473e+00 6.9520e+00 0.0000e+00 0.0000e+00 0.0000e+00 0.0000e+00 4.8291e+00 -5.5463e-02 0.0000e+00 0.0000e+00 5.5463e-02 4.8746e+00 
78.0 7.2574e+00 -3.5033e+00 0.0000e+00 0.0000e+00 -3.5033e+00 6.7142e+00 0.0000e+00 0.0000e+00 0.0000e+00 0.0000e+00 4.5427e+00 -3.2128e-02 0.0000e+00 0.0000e+00 3.2128e-02 4.5950e+00 
79.0 7.0280e+00 -3.4584e+00 0.0000e+00 0.0000e+00 -3.4584e+00 6.4875e+00 0.0000e+00 0.0000e+00 0.0000e+00 0.0000e+00 4.2679e+00 -9.5684e-03 0.0000e+00 0.0000e+00 9.5684e-03 4.3267e+00 
80.0 6.8091e+00 -3.4127e+00 0.0000e+00 0.0000e+00 -3.4127e+00 6.2713e+00 0.0000e+00 0.0000e+00 0.0000e+00 0.0000e+00 4.0041e+00 1.2230e-02 0.0000e+00 0.0000e+00 -1.2230e-02 4.0695e+00 
81.0 6.6003e+00 -3.3662e+00 0.0000e+00 0.0000e+00 -3.3662e+00 6.0651e+00 0.0000e+00 0.0000e+00 0.0000e+00 0.0000e+00 3.7510e+00 3.3279e-02 0.0000e+00 0.0000e+00 -3.3279e-02 3.8228e+00 
82.0 6.4010e+00 -3.3191e+00 0.0000e+00 0.0000e+00 -3.3191e+00 5.8686e+00 0.0000e+00 0.0000e+00 0.0000e+00 0.0000e+00 3.5081e+00 5.3581e-02 0.0000e+00 0.0000e+00 -5.3581e-02 3.5861e+00 
83.0 6.2110e+00 -3.2713e+00 0.0000e+00 0.0000e+00 -3.2713e+00 5.6812e+00 0.0000e+00 0.0000e+00 0.0000e+00 0.0000e+00 3.2749e+00 7.3140e-02 0.0000e+00 0.0000e+00 -7.3140e-02 3.3590e+00 
84.0 6.0298e+00 -3.2229e+00 0.0000e+00 0.0000e+00 -3.2229e+00 5.5027e+00 0.0000e+00 0.0000e+00 0.0000e+00 0.0000e+00 3.0510e+00 9.1960e-02 0.0000e+00 0.0000e+00 -9.1960e-02 3.1411e+00 
85.0 5.8569e+00 -3.1740e+00 0.0000e+00 0.0000e+00 -3.1740e+00 5.3325e+00 0.0000e+00 0.0000e+00 0.0000e+00 0.0000e+00 2.8360e+00 1.1005e-01 0.0000e+00 0.0000e+00 -1.1005e-01 2.9319e+00 
86.0 5.6919e+00 -3.1247e+00 0.0000e+00 0.0000e+00 -3.1247e+00 5.1703e+00 0.0000e+00 0.0000e+00 0.0000e+00 0.0000e+00 2.6296e+00 1.2741e-01 0.0000e+00 0.0000e+00 -1.2741e-01 2.7311e+00 
87.0 5.5347e+00 -3.0750e+00 0.0000e+00 0.0000e+00 -3.0750e+00 5.0158e+00 0.0000e+00 0.0000e+00 0.0000e+00 0.0000e+00 2.4312e+00 1.4407e-01 0.0000e+00 0.0000e+00 -1.4407e-01 2.5383e+00 
88.0 5.3847e+00 -3.0248e+00 0.0000e+00 0.0000e+00 -3.0248e+00 4.8685e+00 0.0000e+00 0.0000e+00 0.0000e+00 0.0000e+00 2.2406e+00 1.6002e-01 0.0000e+00 0.0000e+00 -1.6002e-01 2.3532e+00 
89.0 5.2416e+00 -2.9744e+00 0.0000e+00 0.0000e+00 -2.9744e+00 4.7282e+00 0.0000e+00 0.0000e+00 0.0000e+00 0.0000e+00 2.0575e+00 1.7528e-01 0.0000e+00 0.0000e+00 -1.7528e-01 2.1753e+00 
90.0 5.1053e+00 -2.9238e+00 0.0000e+00 0.0000e+00 -2.9238e+00 4.5946e+00 0.0000e+00 0.0000e+00 0.0000e+00 0.0000e+00 1.8815e+00 1.8986e-01 0.0000e+00 0.0000e+00 -1.8986e-01 2.0045e+00 
91.0 4.9753e+00 -2.8728e+00 0.0000e+00 0.0000e+00 -2.8728e+00 4.4673e+00 0.0000e+00 0.0000e+00 0.0000e+00 0.0000e+00 1.7124e+00 2.0377e-01 0.0000e+00 0.0000e+00 -2.0377e-01 1.8403e+00 
92.0 4.8513e+00 -2.8217e+00 0.0000e+00 0.0000e+00 -2.8217e+00 4.3462e+00 0.0000e+00 0.0000e+00 0.0000e+00 0.0000e+00 1.5497e+00 2.1702e-01 0.0000e+00 0.0000e+00 -2.1702e-01 1.6826e+00 
93.0 4.7332e+00 -2.7705e+00 0.0000e+00 0.0000e+00 -2.7705e+00 4.2309e+00 0.0000e+00 0.0000e+00 0.0000e+00 0.0000e+00 1.3934e+00 2.2963e-01 0.0000e+00 0.0000e+00 -2.2963e-01 1.5309e+00 
94.0 4.6207e+00 -2.7191e+00 0.0000e+00 0.0000e+00 -2.7191e+00 4.1211e+00 0.0000e+00 0.0000e+00 0.0000e+00 0.0000e+00 1.2430e+00 2.4160e-01 0.0000e+00 0.0000e+00 -2.4160e-01 1.3851e+00 
95.0 4.5135e+00 -2.6677e+00 0.0000e+00 0.0000e+00 -2.6677e+00 4.0167e+00 0.0000e+00 0.0000e+00 0.0000e+00 0.0000e+00 1.0983e+00 2.5295e-01 0.0000e+00 0.0000e+00 -2.5295e-01 1.2448e+00 
96.0 4.4114e+00 -2.6162e+00 0.0000e+00 0.0000e+00 -2.6162e+00 3.9175e+00 0.0000e+00 0.0000e+00 0.0000e+00 0.0000e+00 9.5917e-01 2.6370e-01 0.0000e+00 0.0000e+00 -2.6370e-01 1.1099e+00 
97.0 4.3142e+00 -2.5647e+00 0.0000e+00 0.0000e+00 -2.5647e+00 3.8232e+00 0.0000e+00 0.0000e+00 0.0000e+00 0.0000e+00 8.2527e-01 2.7384e-01 0.0000e+00 0.0000e+00 -2.7384e-01 9.8013e-01 
98.0 4.2217e+00 -2.5132e+00 0.0000e+00 0.0000e+00 -2.5132e+00 3.7335e+00 0.0000e+00 0.0000e+00 0.0000e+00 0.0000e+00 6.9642e-01 2.8340e-01 0.0000e+00 0.0000e+00 -2.8340e-01 8.5520e-01 
99.0 4.1337e+00 -2.4617e+00 0.0000e+00 0.0000e+00 -2.4617e+00 3.6484e+00 0.0000e+00 0.0000e+00 0.0000e+00 0.0000e+00 5.7241e-01 2.9239e-01 0.0000e+00 0.0000e+00 -2.9239e-01 7.3493e-01 
100.0 4.0499e+00 -2.4102e+00 0.0000e+00 0.0000e+00 -2.4102e+00 3.5677e+00 0.0000e+00 0.0000e+00 0.0000e+00 0.0000e+00 4.5303e-01 3.0082e-01 0.0000e+00 0.0000e+00 -3.0082e-01 6.1912e-01 
101.0 3.9703e+00 -2.3589e+00 0.0000e+00 0.0000e+00 -2.3589e+00 3.4911e+00 0.0000e+00 0.0000e+00 0.0000e+00 0.0000e+00 3.3809e-01 3.0869e-01 0.0000e+00 0.0000e+00 -3.0869e-01 5.0756e-01 
102.0 3.8946e+00 -2.3076e+00 0.0000e+00 0.0000e+00 -2.3076e+00 3.4185e+00 0.0000e+00 0.0000e+00 0.0000e+00 0.0000e+00 2.2740e-01 3.1603e-01 0.0000e+00 0.0000e+00 -3.1603e-01 4.0007e-01 
103.0 3.8227e+00 -2.2564e+00 0.0000e+00 0.0000e+00 -2.2564e+00 3.3498e+00 0.0000e+00 0.0000e+00 0.0000e+00 0.0000e+00 1.2079e-01 3.2285e-01 0.0000e+00 0.0000e+00 -3.2285e-01 2.9647e-01 
104.0 3.7544e+00 -2.2053e+00 0.0000e+00 0.0000e+00 -2.2053e+00 3.2847e+00 0.0000e+00 0.0000e+00 0.0000e+00 0.0000e+00 1.8081e-02 3.2917e-01 0.0000e+00 0.0000e+00 -3.2917e-01 1.9660e-01 
105.0 3.6896e+00 -2.1543e+00 0.0000e+00 0.0000e+00 -2.1543e+00 3.2232e+00 0.0000e+00 0.0000e+00 0.0000e+00 0.0000e+00 -8.0887e-02 3.3499e-01 0.0000e+00 0.0000e+00 -3.3499e-01 1.0028e-01 
106.0 3.6282e+00 -2.1035e+00 0.0000e+00 0.0000e+00 -2.1035e+00 3.1651e+00 0.0000e+00 0.0000e+00 0.0000e+00 0.0000e+00 -1.7627e-01 3.4034e-01 0.0000e+00 0.0000e+00 -3.4034e-01 7.3749e-03 
107.0 3.5700e+00 -2.0528e+00 0.0000e+00 0.0000e+00 -2.0528e+00 3.1103e+00 0.0000e+00 0.0000e+00 0.0000e+00 0.0000e+00 -2.6823e-01 3.4523e-01 0.0000e+00 0.0000e+00 -3.4523e-01 -8.2272e-02 
108.0 3.5148e+00 -2.0023e+00 0.0000e+00 0.0000e+00 -2.0023e+00 3.0586e+00 0.0000e+00 0.0000e+00 0.0000e+00 0.0000e+00 -3.5690e-01 3.4968e-01 0.0000e+00 0.0000e+00 -3.4968e-01 -1.6879e-01 
109.0 3.4627e+00 -1.9520e+00 0.0000e+00 0.0000e+00 -1.9520e+00 3.0099e+00 0.0000e+00 0.0000e+00 0.0000e+00 0.0000e+00 -4.4241e-01 3.5370e-01 0.0000e+00 0.0000e+00 -3.5370e-01 -2.5232e-01 
110.0 3.4134e+00 -1.9019e+00 0.0000e+00 0.0000e+00 -1.9019e+00 2.9641e+00 0.0000e+00 0.0000e+00 0.0000e+00 0.0000e+00 -5.2491e-01 3.5733e-01 0.0000e+00 0.0000e+00 -3.5733e-01 -3.3299e-01 
111.0 3.3669e+00 -1.8520e+00 0.0000e+00 0.0000e+00 -1.8520e+00 2.9212e+00 0.0000e+00 0.0000e+00 0.0000e+00 0.0000e+00 -6.0452e-01 3.6055e-01 0.0000e+00 0.0000e+00 -3.6055e-01 -4.1090e-01 
112.0 3.3230e+00 -1.8024e+00 0.0000e+00 0.0000e+00 -1.8024e+00 2.8809e+00 0.0000e+00 0.0000e+00 0.0000e+00 0.0000e+00 -6.8136e-01 3.6341e-01 0.0000e+00 0.0000e+00 -3.6341e-01 -4.8617e-01 
113.0 3.2817e+00 -1.7530e+00 0.0000e+00 0.0000e+00 -1.7530e+00 2.8432e+00 0.0000e+00 0.0000e+00 0.0000e+00 0.0000e+00 -7.5555e-01 3.6589e-01 0.0000e+00 0.0000e+00 -3.6589e-01 -5.5892e-01 
114.0 3.2428e+00 -1.7039e+00 0.0000e+00 0.0000e+00 -1.7039e+00 2.8080e+00 0.0000e+00 0.0000e+00 0.0000e+00 0.0000e+00 -8.2719e-01 3.6803e-01 0.0000e+00 0.0000e+00 -3.6803e-01 -6.2924e-01 
115.0 3.2063e+00 -1.6551e+00 0.0000e+00 0.0000e+00 -1.6551e+00 2.7751e+00 0.0000e+00 0.0000e+00 0.0000e+00 0.0000e+00 -8.9640e-01 3.6982e-01 0.0000e+00 0.0000e+00 -3.6982e-01 -6.9723e-01 
116.0 3.1721e+00 -1.6067e+00 0.0000e+00 0.0000e+00 -1.6067e+00 2.7446e+00 0.0000e+00 0.0000e+00 0.0000e+00 0.0000e+00 -9.6326e-01 3.7127e-01 0.0000e+00 0.0000e+00 -3.7127e-01 -7.6299e-01 
117.0 3.1400e+00 -1.5586e+00 0.0000e+00 0.0000e+00 -1.5586e+00 2.7162e+00 0.0000e+00 0.0000e+00 0.0000e+00 0.0000e+00 -1.0279e+00 3.7241e-01 0.0000e+00 0.0000e+00 -3.7241e-01 -8.2660e-01 
118.0 3.1101e+00 -1.5109e+00 0.0000e+00 0.0000e+00 -1.5109e+00 2.6900e+00 0.0000e+00 0.0000e+00 0.0000e+00 0.0000e+00 -1.0903e+00 3.7323e-01 0.0000e+00 0.0000e+00 -3.7323e-01 -8.8814e-01 
119.0 3.0822e+00 -1.4636e+00 0.0000e+00 0.0000e+00 -1.4636e+00 2.6658e+00 0.0000e+00 0.0000e+00 0.0000e+00 0.0000e+00 -1.1507e+00 3.7375e-01 0.0000e+00 0.0000e+00 -3.7375e-01 -9.4769e-01 
120.0 3.0563e+00 -1.4167e+00 0.0000e+00 0.0000e+00 -1.4167e+00 2.6436e+00 0.0000e+00 0.0000e+00 0.0000e+00 0.0000e+00 -1.2091e+00 3.7396e-01 0.0000e+00 0.0000e+00 -3.7396e-01 -1.0053e+00 
121.0 3.0323e+00 -1.3703e+00 0.0000e+00 0.0000e+00 -1.3703e+00 2.6233e+00 0.0000e+00 0.0000e+00 0.0000e+00 0.0000e+00 -1.2655e+00 3.7386e-01 0.0000e+00 0.0000e+00 -3.7386e-01 -1.0611e+00 
122.0 3.0101e+00 -1.3244e+00 0.0000e+00 0.0000e+00 -1.3244e+00 2.6048e+00 0.0000e+00 0.0000e+00 0.0000e+00 0.0000e+00 -1.3201e+00 3.7344e-01 0.0000e+00 0.0000e+00 -3.7344e-01 -1.1151e+00 
123.0 2.9896e+00 -1.2789e+00 0.0000e+00 0.0000e+00 -1.2789e+00 2.5880e+00 0.0000e+00 0.0000e+00 0.0000e+00 0.0000e+00 -1.3730e+00 3.7269e-01 0.0000e+00 0.0000e+00 -3.7269e-01 -1.1674e+00 
124.0 2.9708e+00 -1.2340e+00 0.0000e+00 0.0000e+00 -1.2340e+00 2.5728e+00 0.0000e+00 0.0000e+00 0.0000e+00 0.0000e+00 -1.4242e+00 3.7161e-01 0.0000e+00 0.0000e+00 -3.7161e-01 -1.2181e+00 
125.0 2.9535e+00 -1.1895e+00 0.0000e+00 0.0000e+00 -1.1895e+00 2.5592e+00 0.0000e+00 0.0000e+00 0.0000e+00 0.0000e+00 -1.4738e+00 3.7018e-01 0.0000e+00 0.0000e+00 -3.7018e-01 -1.2672e+00 
126.0 2.9378e+00 -1.1456e+00 0.0000e+00 0.0000e+00 -1.1456e+00 2.5472e+00 0.0000e+00 0.0000e+00 0.0000e+00 0.0000e+00 -1.5218e+00 3.6840e-01 0.0000e+00 0.0000e+00 -3.6840e-01 -1.3148e+00 
127.0 2.9236e+00 -1.1023e+00 0.0000e+00 0.0000e+00 -1.1023e+00 2.5365e+00 0.0000e+00 0.0000e+00 0.0000e+00 0.0000e+00 -1.5683e+00 3.6627e-01 0.0000e+00 0.0000e+00 -3.6627e-01 -1.3609e+00 
128.0 2.9108e+00 -1.0595e+00 0.0000e+00 0.0000e+00 -1.0595e+00 2.5272e+00 0.0000e+00 0.0000e+00 0.0000e+00 0.0000e+00 -1.6135e+00 3.6377e-01 0.0000e+00 0.0000e+00 -3.6377e-01 -1.4056e+00 
129.0 2.8994e+00 -1.0173e+00 0.0000e+00 0.0000e+00 -1.0173e+00 2.5192e+00 0.0000e+00 0.0000e+00 0.0000e+00 0.0000e+00 -1.6573e+00 3.6090e-01 0.0000e+00 0.0000e+00 -3.6090e-01 -1.4489e+00 
130.0 2.8892e+00 -9.7567e-01 0.0000e+00 0.0000e+00 -9.7567e-01 2.5125e+00 0.0000e+00 0.0000e+00 0.0000e+00 0.0000e+00 -1.6997e+00 3.5766e-01 0.0000e+00 0.0000e+00 -3.5766e-01 -1.4910e+00 
131.0 2.8803e+00 -9.3463e-01 0.0000e+00 0.0000e+00 -9.3463e-01 2.5070e+00 0.0000e+00 0.0000e+00 0.0000e+00 0.0000e+00 -1.7410e+00 3.5403e-01 0.0000e+00 0.0000e+00 -3.5403e-01 -1.5319e+00 
132.0 2.8726e+00 -8.9419e-01 0.0000e+00 0.0000e+00 -8.9419e-01 2.5026e+00 0.0000e+00 0.0000e+00 0.0000e+00 0.0000e+00 -1.7811e+00 3.5003e-01 0.0000e+00 0.0000e+00 -3.5003e-01 -1.5715e+00 
133.0 2.8660e+00 -8.5434e-01 0.0000e+00 0.0000e+00 -8.5434e-01 2.4993e+00 0.0000e+00 0.0000e+00 0.0000e+00 0.0000e+00 -1.8200e+00 3.4567e-01 0.0000e+00 0.0000e+00 -3.4567e-01 -1.6100e+00 
134.0 2.8606e+00 -8.1510e-01 0.0000e+00 0.0000e+00 -8.1510e-01 2.4971e+00 0.0000e+00 0.0000e+00 0.0000e+00 0.0000e+00 -1.8578e+00 3.4097e-01 0.0000e+00 0.0000e+00 -3.4097e-01 -1.6475e+00 
135.0 2.8562e+00 -7.7647e-01 0.0000e+00 0.0000e+00 -7.7647e-01 2.4959e+00 0.0000e+00 0.0000e+00 0.0000e+00 0.0000e+00 -1.8946e+00 3.3593e-01 0.0000e+00 0.0000e+00 -3.3593e-01 -1.6838e+00 
136.0 2.8529e+00 -7.3845e-01 0.0000e+00 0.0000e+00 -7.3845e-01 2.4957e+00 0.0000e+00 0.0000e+00 0.0000e+00 0.0000e+00 -1.9304e+00 3.3057e-01 0.0000e+00 0.0000e+00 -3.3057e-01 -1.7192e+00 
137.0 2.8506e+00 -7.0107e-01 0.0000e+00 0.0000e+00 -7.0107e-01 2.4965e+00 0.0000e+00 0.0000e+00 0.0000e+00 0.0000e+00 -1.9652e+00 3.2488e-01 0.0000e+00 0.0000e+00 -3.2488e-01 -1.7536e+00 
138.0 2.8493e+00 -6.6433e-01 0.0000e+00 0.0000e+00 -6.6433e-01 2.4982e+00 0.0000e+00 0.0000e+00 0.0000e+00 0.0000e+00 -1.9991e+00 3.1889e-01 0.0000e+00 0.0000e+00 -3.1889e-01 -1.7870e+00 
139.0 2.8490e+00 -6.2824e-01 0.0000e+00 0.0000e+00 -6.2824e-01 2.5008e+00 0.0000e+00 0.0000e+00 0.0000e+00 0.0000e+00 -2.0320e+00 3.1260e-01 0.0000e+00 0.0000e+00 -3.1260e-01 -1.8196e+00 
140.0 2.8496e+00 -5.9280e-01 0.0000e+00 0.0000e+00 -5.9280e-01 2.5043e+00 0.0000e+00 0.0000e+00 0.0000e+00 0.0000e+00 -2.0641e+00 3.0604e-01 0.0000e+00 0.0000e+00 -3.0604e-01 -1.8512e+00 
141.0 2.8510e+00 -5.5804e-01 0.0000e+00 0.0000e+00 -5.5804e-01 2.5087e+00 0.0000e+00 0.0000e+00 0.0000e+00 0.0000e+00 -2.0953e+00 2.9922e-01 0.0000e+00 0.0000e+00 -2.9922e-01 -1.8820e+00 
142.0 2.8534e+00 -5.2396e-01 0.0000e+00 0.0000e+00 -5.2396e-01 2.5139e+00 0.0000e+00 0.0000e+00 0.0000e+00 0.0000e+00 -2.1257e+00 2.9217e-01 0.0000e+00 0.0000e+00 -2.9217e-01 -1.9120e+00 
143.0 2.8566e+00 -4.9058e-01 0.0000e+00 0.0000e+00 -4.9058e-01 2.5198e+00 0.0000e+00 0.0000e+00 0.0000e+00 0.0000e+00 -2.1552e+00 2.8489e-01 0.0000e+00 0.0000e+00 -2.8489e-01 -1.9411e+00 
144.0 2.8605e+00 -4.5792e-01 0.0000e+00 0.0000e+00 -4.5792e-01 2.5265e+00 0.0000e+00 0.0000e+00 0.0000e+00 0.0000e+00 -2.1840e+00 2.7739e-01 0.0000e+00 0.0000e+00 -2.7739e-01 -1.9694e+00 
145.0 2.8653e+00 -4.2599e-01 0.0000e+00 0.0000e+00 -4.2599e-01 2.5339e+00 0.0000e+00 0.0000e+00 0.0000e+00 0.0000e+00 -2.2120e+00 2.6966e-01 0.0000e+00 0.0000e+00 -2.6966e-01 -1.9969e+00 
146.0 2.8707e+00 -3.9481e-01 0.0000e+00 0.0000e+00 -3.9481e-01 2.5419e+00 0.0000e+00 0.0000e+00 0.0000e+00 0.0000e+00 -2.2392e+00 2.6170e-01 0.0000e+00 0.0000e+00 -2.6170e-01 -2.0236e+00 
147.0 2.8768e+00 -3.6441e-01 0.0000e+00 0.0000e+00 -3.6441e-01 2.5506e+00 0.0000e+00 0.0000e+00 0.0000e+00 0.0000e+00 -2.2657e+00 2.5350e-01 0.0000e+00 0.0000e+00 -2.5350e-01 -2.0495e+00 
148.0 2.8836e+00 -3.3477e-01 0.0000e+00 0.0000e+00 -3.3477e-01 2.5598e+00 0.0000e+00 0.0000e+00 0.0000e+00 0.0000e+00 -2.2915e+00 2.4508e-01 0.0000e+00 0.0000e+00 -2.4508e-01 -2.0747e+00 
149.0 2.8912e+00 -3.0592e-01 0.0000e+00 0.0000e+00 -3.0592e-01 2.5696e+00 0.0000e+00 0.0000e+00 0.0000e+00 0.0000e+00 -2.3166e+00 2.3646e-01 0.0000e+00 0.0000e+00 -2.3646e-01 -2.0991e+00 
150.0 2.8995e+00 -2.7786e-01 0.0000e+00 0.0000e+00 -2.7786e-01 2.5800e+00 0.0000e+00 0.0000e+00 0.0000e+00 0.0000e+00 -2.3411e+00 2.2769e-01 0.0000e+00 0.0000e+00 -2.2769e-01 -2.1227e+00 
151.0 2.9085e+00 -2.5061e-01 0.0000e+00 0.0000e+00 -2.5061e-01 2.5911e+00 0.0000e+00 0.0000e+00 0.0000e+00 0.0000e+00 -2.3648e+00 2.1878e-01 0.0000e+00 0.0000e+00 -2.1878e-01 -2.1455e+00 
152.0 2.9182e+00 -2.2419e-01 0.0000e+00 0.0000e+00 -2.2419e-01 2.6027e+00 0.0000e+00 0.0000e+00 0.0000e+00 0.0000e+00 -2.3879e+00 2.0971e-01 0.0000e+00 0.0000e+00 -2.0971e-01 -2.1676e+00 
153.0 2.9285e+00 -1.9864e-01 0.0000e+00 0.0000e+00 -1.9864e-01 2.6148e+00 0.0000e+00 0.0000e+00 0.0000e+00 0.0000e+00 -2.4103e+00 2.0041e-01 0.0000e+00 0.0000e+00 -2.0041e-01 -2.1890e+00 
154.0 2.9394e+00 -1.7400e-01 0.0000e+00 0.0000e+00 -1.7400e-01 2.6274e+00 0.0000e+00 0.0000e+00 0.0000e+00 0.0000e+00 -2.4322e+00 1.9081e-01 0.0000e+00 0.0000e+00 -1.9081e-01 -2.2096e+00 
155.0 2.9508e+00 -1.5034e-01 0.0000e+00 0.0000e+00 -1.5034e-01 2.6403e+00 0.0000e+00 0.0000e+00 0.0000e+00 0.0000e+00 -2.4534e+00 1.8083e-01 0.0000e+00 0.0000e+00 -1.8083e-01 -2.2296e+00 
156.0 2.9627e+00 -1.2775e-01 0.0000e+00 0.0000e+00 -1.2775e-01 2.6534e+00 0.0000e+00 0.0000e+00 0.0000e+00 0.0000e+00 -2.4741e+00 1.7035e-01 0.0000e+00 0.0000e+00 -1.7035e-01 -2.2489e+00 
157.0 2.9748e+00 -1.0632e-01 0.0000e+00 0.0000e+00 -1.0632e-01 2.6667e+00 0.0000e+00 0.0000e+00 0.0000e+00 0.0000e+00 -2.4943e+00 1.5928e-01 0.0000e+00 0.0000e+00 -1.5928e-01 -2.2676e+00 
158.0 2.9871e+00 -8.6212e-02 0.0000e+00 0.0000e+00 -8.6212e-02 2.6800e+00 0.0000e+00 0.0000e+00 0.0000e+00 0.0000e+00 -2.5141e+00 1.4748e-01 0.0000e+00 0.0000e+00 -1.4748e-01 -2.2856e+00 
159.0 2.9994e+00 -6.7582e-02 0.0000e+00 0.0000e+00 -6.7582e-02 2.6929e+00 0.0000e+00 0.0000e+00 0.0000e+00 0.0000e+00 -2.5334e+00 1.3479e-01 0.0000e+00 0.0000e+00 -1.3479e-01 -2.3030e+00 
160.0 3.0115e+00 -5.0592e-02 0.0000e+00 0.0000e+00 -5.0592e-02 2.7053e+00 0.0000e+00 0.0000e+00 0.0000e+00 0.0000e+00 -2.5524e+00 1.2104e-01 0.0000e+00 0.0000e+00 -1.2104e-01 -2.3196e+00 
161.0 3.0234e+00 -3.5376e-02 0.0000e+00 0.0000e+00 -3.5376e-02 2.7169e+00 0.0000e+00 0.0000e+00 0.0000e+00 0.0000e+00 -2.5712e+00 1.0615e-01 0.0000e+00 0.0000e+00 -1.0615e-01 -2.3354e+00 
162.0 3.0353e+00 -2.2036e-02 0.0000e+00 0.0000e+00 -2.2036e-02 2.7278e+00 0.0000e+00 0.0000e+00 0.0000e+00 0.0000e+00 -2.5899e+00 9.0106e-02 0.0000e+00 0.0000e+00 -9.0106e-02 -2.3503e+00 
163.0 3.0473e+00 -1.0639e-02 0.0000e+00 0.0000e+00 -1.0639e-02 2.7379e+00 0.0000e+00 0.0000e+00 0.0000e+00 0.0000e+00 -2.6086e+00 7.3006e-02 0.0000e+00 0.0000e+00 -7.3006e-02 -2.3642e+00 
164.0 3.0597e+00 -1.2273e-03 0.0000e+00 0.0000e+00 -1.2273e-03 2.7472e+00 0.0000e+00 0.0000e+00 0.0000e+00 0.0000e+00 -2.6275e+00 5.5050e-02 0.0000e+00 0.0000e+00 -5.5050e-02 -2.3771e+00 
165.0 3.0729e+00 6.1749e-03 0.0000e+00 0.0000e+00 6.1749e-03 2.7560e+00 0.0000e+00 0.0000e+00 0.0000e+00 0.0000e+00 -2.6469e+00 3.6517e-02 0.0000e+00 0.0000e+00 -3.6517e-02 -2.3887e+00 
166.0 3.0876e+00 1.1565e-02 0.0000e+00 0.0000e+00 1.1565e-02 2.7644e+00 0.0000e+00 0.0000e+00 0.0000e+00 0.0000e+00 -2.6671e+00 1.7756e-02 0.0000e+00 0.0000e+00 -1.7756e-02 -2.3989e+00 
167.0 3.1041e+00 1.4973e-02 0.0000e+00 0.0000e+00 1.4973e-02 2.7728e+00 0.0000e+00 0.0000e+00 0.0000e+00 0.0000e+00 -2.6884e+00 -8.2808e-04 0.0000e+00 0.0000e+00 8.2808e-04 -2.4078e+00 
168.0 3.1232e+00 1.6454e-02 0.0000e+00 0.0000e+00 1.6454e-02 2.7813e+00 0.0000e+00 0.0000e+00 0.0000e+00 0.0000e+00 -2.7112e+00 -1.8746e-02 0.0000e+00 0.0000e+00 1.8746e-02 -2.4153e+00 
169.0 3.1457e+00 1.6127e-02 0.0000e+00 0.0000e+00 1.6127e-02 2.7902e+00 0.0000e+00 0.0000e+00 0.0000e+00 0.0000e+00 -2.7358e+00 -3.5371e-02 0.0000e+00 0.0000e+00 3.5371e-02 -2.4212e+00 
170.0 3.1723e+00 1.4199e-02 0.0000e+00 0.0000e+00 1.4199e-02 2.8000e+00 0.0000e+00 0.0000e+00 0.0000e+00 0.0000e+00 -2.7628e+00 -4.9870e-02 0.0000e+00 0.0000e+00 4.9870e-02 -2.4255e+00 
171.0 3.2044e+00 1.1015e-02 0.0000e+00 0.0000e+00 1.1015e-02 2.8114e+00 0.0000e+00 0.0000e+00 0.0000e+00 0.0000e+00 -2.7924e+00 -6.1148e-02 0.0000e+00 0.0000e+00 6.1148e-02 -2.4280e+00 
172.0 3.2429e+00 7.0976e-03 0.0000e+00 0.0000e+00 7.0976e-03 2.8253e+00 0.0000e+00 0.0000e+00 0.0000e+00 0.0000e+00 -2.8249e+00 -6.7874e-02 0.0000e+00 0.0000e+00 6.7874e-02 -2.4288e+00 
173.0 3.2888e+00 3.1406e-03 0.0000e+00 0.0000e+00 3.1406e-03 2.8426e+00 0.0000e+00 0.0000e+00 0.0000e+00 0.0000e+00 -2.8599e+00 -6.8726e-02 0.0000e+00 0.0000e+00 6.8726e-02 -2.4278e+00 
174.0 3.3419e+00 -1.0533e-04 0.0000e+00 0.0000e+00 -1.0533e-04 2.8639e+00 0.0000e+00 0.0000e+00 0.0000e+00 0.0000e+00 -2.8966e+00 -6.2911e-02 0.0000e+00 0.0000e+00 6.2911e-02 -2.4253e+00 
175.0 3.3999e+00 -2.0325e-03 0.0000e+00 0.0000e+00 -2.0325e-03 2.8887e+00 0.0000e+00 0.0000e+00 0.0000e+00 0.0000e+00 -2.9330e+00 -5.0811e-02 0.0000e+00 0.0000e+00 5.0811e-02 -2.4217e+00 
176.0 3.4579e+00 -2.4168e-03 0.0000e+00 0.0000e+00 -2.4168e-03 2.9150e+00 0.0000e+00 0.0000e+00 0.0000e+00 0.0000e+00 -2.9666e+00 -3.4476e-02 0.0000e+00 0.0000e+00 3.4476e-02 -2.4175e+00 
177.0 3.5088e+00 -1.6087e-03 0.0000e+00 0.0000e+00 -1.6087e-03 2.9390e+00 0.0000e+00 0.0000e+00 0.0000e+00 0.0000e+00 -2.9941e+00 -1.7620e-02 0.0000e+00 0.0000e+00 1.7620e-02 -2.4136e+00 
178.0 3.5440e+00 -4.8088e-04 0.0000e+00 0.0000e+00 -4.8088e-04 2.9562e+00 0.0000e+00 0.0000e+00 0.0000e+00 0.0000e+00 -3.0123e+00 -4.8328e-03 0.0000e+00 0.0000e+00 4.8328e-03 -2.4107e+00 
179.0 3.5567e+00 -4.1756e-21 0.0000e+00 0.0000e+00 -4.1756e-21 2.9625e+00 0.0000e+00 0.0000e+00 0.0000e+00 0.0000e+00 -3.0188e+00 -4.8174e-20 0.0000e+00 0.0000e+00 4.8174e-20 -2.4097e+00 
180.0 3.5697e+00 0.0000e+00 0.0000e+00 0.0000e+00 0.0000e+00 2.9688e+00 0.0000e+00 0.0000e+00 0.0000e+00 0.0000e+00 -3.0251e+00 0.0000e+00 0.0000e+00 0.0000e+00 -0.0000e+00 -2.4086e+00 
