1.2562 1.3227 0.0665 0.075336
theta s11 s12 s13 s14 s21 s22 s23 s24 s31 s32 s33 s34 s41 s42 s43 s44
0.0 2.0042e+03 0.0000e+00 0.0000e+00 0.0000e+00 0.0000e+00 2.0032e+03 0.0000e+00 0.0000e+00 0.0000e+00 0.0000e+00 2.0032e+03 0.0000e+00 0.0000e+00 0.0000e+00 -0.0000e+00 2.0022e+03 
1.0 1.6779e+03 -1.1906e-01 0.0000e+00 0.0000e+00 -1.1906e-01 1.6769e+03 0.0000e+00 0.0000e+00 0.0000e+00 0.0000e+00 1.6769e+03 -7.0328e-01 0.0000e+00 0.0000e+00 7.0328e-01 1.6759e+03 
2.0 1.1289e+03 -2.3960e-01 0.0000e+00 0.0000e+00 -2.3960e-01 1.1280e+03 0.0000e+00 0.0000e+00 0.0000e+00 0.0000e+00 1.1280e+03 -2.2550e+00 0.0000e+00 0.0000e+00 2.2550e+00 1.1270e+03 
3.0 7.2983e+02 -2.4786e-01 0.0000e+00 0.0000e+00 -2.4786e-01 7.2887e+02 0.0000e+00 0.0000e+00 0.0000e+00 0.0000e+00 7.2883e+02 -3.6378e+00 0.0000e+00 0.0000e+00 3.6378e+00 7.2791e+02 
4.0 4.9132e+02 -2.2877e-01 0.0000e+00 0.0000e+00 -2.2877e-01 4.9039e+02 0.0000e+00 0.0000e+00 0.0000e+00 0.0000e+00 4.9031e+02 -4.3674e+00 0.0000e+00 0.0000e+00 4.3674e+00 4.8942e+02 
5.0 3.5169e+02 -2.2306e-01 0.0000e+00 0.0000e+00 -2.2306e-01 3.5077e+02 0.0000e+00 0.0000e+00 0.0000e+00 0.0000e+00 3.5065e+02 -4.5814e+00 0.0000e+00 0.0000e+00 4.5814e+00 3.4980e+02 
6.0 2.6654e+02 -2.3280e-01 0.0000e+00 0.0000e+00 -2.3280e-01 2.6565e+02 0.0000e+00 0.0000e+00 0.0000e+00 0.0000e+00 2.6549e+02 -4.5441e+00 0.0000e+00 0.0000e+00 4.5441e+00 2.6468e+02 
7.0 2.1147e+02 -2.5843e-01 0.0000e+00 0.0000e+00 -2.5843e-01 2.1059e+02 0.0000e+00 0.0000e+00 0.0000e+00 0.0000e+00 2.1040e+02 -4.3938e+00 0.0000e+00 0.0000e+00 4.3938e+00 2.0963e+02 
8.0 1.7382e+02 -2.9978e-01 0.0000e+00 0.0000e+00 -2.9978e-01 1.7295e+02 0.0000e+00 0.0000e+00 0.0000e+00 0.0000e+00 1.7273e+02 -4.1829e+00 0.0000e+00 0.0000e+00 4.1829e+00 1.7199e+02 
9.0 1.4687e+02 -3.5369e-01 0.0000e+00 0.0000e+00 -3.5369e-01 1.4601e+02 0.0000e+00 0.0000e+00 0.0000e+00 0.0000e+00 1.4577e+02 -3.9354e+00 0.0000e+00 0.0000e+00 3.9354e+00 1.4506e+02 
10.0 1.2690e+02 -4.1531e-01 0.0000e+00 0.0000e+00 -4.1531e-01 1.2604e+02 0.0000e+00 0.0000e+00 0.0000e+00 0.0000e+00 1.2578e+02 -3.6697e+00 0.0000e+00 0.0000e+00 3.6697e+00 1.2509e+02 
11.0 1.1167e+02 -4.7981e-01 0.0000e+00 0.0000e+00 -4.7981e-01 1.1081e+02 0.0000e+00 0.0000e+00 0.0000e+00 0.0000e+00 1.1053e+02 -3.4043e+00 0.0000e+00 0.0000e+00 3.4043e+00 1.0987e+02 
12.0 9.9735e+01 -5.4500e-01 0.0000e+00 0.0000e+00 -5.4500e-01 9.8875e+01 0.0000e+00 0.0000e+00 0.0000e+00 0.0000e+00 9.8573e+01 -3.1513e+00 0.0000e+00 0.0000e+00 3.1513e+00 9.7943e+01 
13.0 9.0172e+01 -6.1033e-01 0.0000e+00 0.0000e+00 -6.1033e-01 8.9310e+01 0.0000e+00 0.0000e+00 0.0000e+00 0.0000e+00 8.8994e+01 -2.9144e+00 0.0000e+00 0.0000e+00 2.9144e+00 8.8388e+01 
14.0 8.2350e+01 -6.7432e-01 0.0000e+00 0.0000e+00 -6.7432e-01 8.1486e+01 0.0000e+00 0.0000e+00 0.0000e+00 0.0000e+00 8.1157e+01 -2.6982e+00 0.0000e+00 0.0000e+00 2.6982e+00 8.0574e+01 
15.0 7.5840e+01 -7.3851e-01 0.0000e+00 0.0000e+00 -7.3851e-01 7.4973e+01 0.0000e+00 0.0000e+00 0.0000e+00 0.0000e+00 7.4632e+01 -2.4967e+00 0.0000e+00 0.0000e+00 2.4967e+00 7.4072e+01 
16.0 7.0336e+01 -8.0294e-01 0.0000e+00 0.0000e+00 -8.0294e-01 6.9465e+01 0.0000e+00 0.0000e+00 0.0000e+00 0.0000e+00 6.9112e+01 -2.3093e+00 0.0000e+00 0.0000e+00 2.3093e+00 6.8574e+01 
17.0 6.5621e+01 -8.6805e-01 0.0000e+00 0.0000e+00 -8.6805e-01 6.4745e+01 0.0000e+00 0.0000e+00 0.0000e+00 0.0000e+00 6.4382e+01 -2.1367e+00 0.0000e+00 0.0000e+00 2.1367e+00 6.3866e+01 
18.0 6.1532e+01 -9.3431e-01 0.0000e+00 0.0000e+00 -9.3431e-01 6.0652e+01 0.0000e+00 0.0000e+00 0.0000e+00 0.0000e+00 6.0279e+01 -1.9789e+00 0.0000e+00 0.0000e+00 1.9789e+00 5.9784e+01 
19.0 5.7945e+01 -1.0019e+00 0.0000e+00 0.0000e+00 -1.0019e+00 5.7061e+01 0.0000e+00 0.0000e+00 0.0000e+00 0.0000e+00 5.6882e+01 -1.8352e+00 0.0000e+00 0.0000e+00 1.8352e+00 5.6412e+01 
20.0 5.4765e+01 -1.0703e+00 0.0000e+00 0.0000e+00 -1.0703e+00 5.3876e+01 0.0000e+00 0.0000e+00 0.0000e+00 0.0000e+00 5.3870e+01 -1.7053e+00 0.0000e+00 0.0000e+00 1.7053e+00 5.3422e+01 
21.0 5.1915e+01 -1.1390e+00 0.0000e+00 0.0000e+00 -1.1390e+00 5.1021e+01 0.0000e+00 0.0000e+00 0.0000e+00 0.0000e+00 5.1170e+01 -1.5888e+00 0.0000e+00 0.0000e+00 1.5888e+00 5.0743e+01 
22.0 4.9336e+01 -1.2078e+00 0.0000e+00 0.0000e+00 -1.2078e+00 4.8439e+01 0.0000e+00 0.0000e+00 0.0000e+00 0.0000e+00 4.8728e+01 -1.4847e+00 0.0000e+00 0.0000e+00 1.4847e+00 4.8319e+01 
23.0 4.6983e+01 -1.2765e+00 0.0000e+00 0.0000e+00 -1.2765e+00 4.6083e+01 0.0000e+00 0.0000e+00 0.0000e+00 0.0000e+00 4.6499e+01 -1.3914e+00 0.0000e+00 0.0000e+00 1.3914e+00 4.6107e+01 
24.0 4.4822e+01 -1.3453e+00 0.0000e+00 0.0000e+00 -1.3453e+00 4.3919e+01 0.0000e+00 0.0000e+00 0.0000e+00 0.0000e+00 4.4451e+01 -1.3065e+00 0.0000e+00 0.0000e+00 1.3065e+00 4.4074e+01 
25.0 4.2825e+01 -1.4144e+00 0.0000e+00 0.0000e+00 -1.4144e+00 4.1919e+01 0.0000e+00 0.0000e+00 0.0000e+00 0.0000e+00 4.2557e+01 -1.2283e+00 0.0000e+00 0.0000e+00 1.2283e+00 4.2195e+01 
26.0 4.0970e+01 -1.4838e+00 0.0000e+00 0.0000e+00 -1.4838e+00 4.0062e+01 0.0000e+00 0.0000e+00 0.0000e+00 0.0000e+00 4.0797e+01 -1.1555e+00 0.0000e+00 0.0000e+00 1.1555e+00 4.0448e+01 
27.0 3.9238e+01 -1.5533e+00 0.0000e+00 0.0000e+00 -1.5533e+00 3.8328e+01 0.0000e+00 0.0000e+00 0.0000e+00 0.0000e+00 3.9152e+01 -1.0875e+00 0.0000e+00 0.0000e+00 1.0875e+00 3.8816e+01 
28.0 3.7615e+01 -1.6230e+00 0.0000e+00 0.0000e+00 -1.6230e+00 3.6703e+01 0.0000e+00 0.0000e+00 0.0000e+00 0.0000e+00 3.7609e+01 -1.0240e+00 0.0000e+00 0.0000e+00 1.0240e+00 3.7285e+01 
29.0 3.6086e+01 -1.6928e+00 0.0000e+00 0.0000e+00 -1.6928e+00 3.5174e+01 0.0000e+00 0.0000e+00 0.0000e+00 0.0000e+00 3.6155e+01 -9.6452e-01 0.0000e+00 0.0000e+00 9.6452e-01 3.5841e+01 
30.0 3.4643e+01 -1.7624e+00 0.0000e+00 0.0000e+00 -1.7624e+00 3.3729e+01 0.0000e+00 0.0000e+00 0.0000e+00 0.0000e+00 3.4780e+01 -9.0903e-01 0.0000e+00 0.0000e+00 9.0903e-01 3.4477e+01 
31.0 3.3275e+01 -1.8315e+00 0.0000e+00 0.0000e+00 -1.8315e+00 3.2360e+01 0.0000e+00 0.0000e+00 0.0000e+00 0.0000e+00 3.3320e+01 -8.5737e-01 0.0000e+00 0.0000e+00 8.5737e-01 3.3032e+01 
32.0 3.1976e+01 -1.8996e+00 0.0000e+00 0.0000e+00 -1.8996e+00 3.1060e+01 0.0000e+00 0.0000e+00 0.0000e+00 0.0000e+00 3.1933e+01 -8.0913e-01 0.0000e+00 0.0000e+00 8.0913e-01 3.1660e+01 
33.0 3.0738e+01 -1.9666e+00 0.0000e+00 0.0000e+00 -1.9666e+00 2.9822e+01 0.0000e+00 0.0000e+00 0.0000e+00 0.0000e+00 3.0613e+01 -7.6380e-01 0.0000e+00 0.0000e+00 7.6380e-01 3.0354e+01 
34.0 2.9557e+01 -2.0324e+00 0.0000e+00 0.0000e+00 -2.0324e+00 2.8642e+01 0.0000e+00 0.0000e+00 0.0000e+00 0.0000e+00 2.9353e+01 -7.2100e-01 0.0000e+00 0.0000e+00 7.2100e-01 2.9109e+01 
35.0 2.8431e+01 -2.0968e+00 0.0000e+00 0.0000e+00 -2.0968e+00 2.7515e+01 0.0000e+00 0.0000e+00 0.0000e+00 0.0000e+00 2.8150e+01 -6.8053e-01 0.0000e+00 0.0000e+00 6.8053e-01 2.7919e+01 
36.0 2.7354e+01 -2.1599e+00 0.0000e+00 0.0000e+00 -2.1599e+00 2.6440e+01 0.0000e+00 0.0000e+00 0.0000e+00 0.0000e+00 2.7000e+01 -6.4212e-01 0.0000e+00 0.0000e+00 6.4212e-01 2.6782e+01 
37.0 2.6326e+01 -2.2217e+00 0.0000e+00 0.0000e+00 -2.2217e+00 2.5413e+01 0.0000e+00 0.0000e+00 0.0000e+00 0.0000e+00 2.5899e+01 -6.0541e-01 0.0000e+00 0.0000e+00 6.0541e-01 2.5694e+01 
38.0 2.5344e+01 -2.2821e+00 0.0000e+00 0.0000e+00 -2.2821e+00 2.4431e+01 0.0000e+00 0.0000e+00 0.0000e+00 0.0000e+00 2.4845e+01 -5.7013e-01 0.0000e+00 0.0000e+00 5.7013e-01 2.4652e+01 
39.0 2.4404e+01 -2.3412e+00 0.0000e+00 0.0000e+00 -2.3412e+00 2.3494e+01 0.0000e+00 0.0000e+00 0.0000e+00 0.0000e+00 2.3835e+01 -5.3609e-01 0.0000e+00 0.0000e+00 5.3609e-01 2.3654e+01 
40.0 2.3506e+01 -2.3988e+00 0.0000e+00 0.0000e+00 -2.3988e+00 2.2597e+01 0.0000e+00 0.0000e+00 0.0000e+00 0.0000e+00 2.2867e+01 -5.0320e-01 0.0000e+00 0.0000e+00 5.0320e-01 2.2697e+01 
41.0 2.2646e+01 -2.4548e+00 0.0000e+00 0.0000e+00 -2.4548e+00 2.1740e+01 0.0000e+00 0.0000e+00 0.0000e+00 0.0000e+00 2.1939e+01 -4.7146e-01 0.0000e+00 0.0000e+00 4.7146e-01 2.1780e+01 
42.0 2.1822e+01 -2.5090e+00 0.0000e+00 0.0000e+00 -2.5090e+00 2.0919e+01 0.0000e+00 0.0000e+00 0.0000e+00 0.0000e+00 2.1048e+01 -4.4079e-01 0.0000e+00 0.0000e+00 4.4079e-01 2.0900e+01 
43.0 2.1032e+01 -2.5611e+00 0.0000e+00 0.0000e+00 -2.5611e+00 2.0132e+01 0.0000e+00 0.0000e+00 0.0000e+00 0.0000e+00 2.0192e+01 -4.1106e-01 0.0000e+00 0.0000e+00 4.1106e-01 2.0055e+01 
44.0 2.0275e+01 -2.6112e+00 0.0000e+00 0.0000e+00 -2.6112e+00 1.9378e+01 0.0000e+00 0.0000e+00 0.0000e+00 0.0000e+00 1.9370e+01 -3.8210e-01 0.0000e+00 0.0000e+00 3.8210e-01 1.9242e+01 
45.0 1.9548e+01 -2.6592e+00 0.0000e+00 0.0000e+00 -2.6592e+00 1.8654e+01 0.0000e+00 0.0000e+00 0.0000e+00 0.0000e+00 1.8579e+01 -3.5373e-01 0.0000e+00 0.0000e+00 3.5373e-01 1.8461e+01 
46.0 1.8850e+01 -2.7051e+00 0.0000e+00 0.0000e+00 -2.7051e+00 1.7960e+01 0.0000e+00 0.0000e+00 0.0000e+00 0.0000e+00 1.7819e+01 -3.2582e-01 0.0000e+00 0.0000e+00 3.2582e-01 1.7710e+01 
47.0 1.8181e+01 -2.7488e+00 0.0000e+00 0.0000e+00 -2.7488e+00 1.7294e+01 0.0000e+00 0.0000e+00 0.0000e+00 0.0000e+00 1.7088e+01 -2.9833e-01 0.0000e+00 0.0000e+00 2.9833e-01 1.6988e+01 
48.0 1.7539e+01 -2.7904e+00 0.0000e+00 0.0000e+00 -2.7904e+00 1.6656e+01 0.0000e+00 0.0000e+00 0.0000e+00 0.0000e+00 1.6384e+01 -2.7120e-01 0.0000e+00 0.0000e+00 2.7120e-01 1.6294e+01 
49.0 1.6922e+01 -2.8297e+00 0.0000e+00 0.0000e+00 -2.8297e+00 1.6043e+01 0.0000e+00 0.0000e+00 0.0000e+00 0.0000e+00 1.5707e+01 -2.4438e-01 0.0000e+00 0.0000e+00 2.4438e-01 1.5625e+01 
50.0 1.6331e+01 -2.8669e+00 0.0000e+00 0.0000e+00 -2.8669e+00 1.5456e+01 0.0000e+00 0.0000e+00 0.0000e+00 0.0000e+00 1.5056e+01 -2.1783e-01 0.0000e+00 0.0000e+00 2.1783e-01 1.4983e+01 
51.0 1.5764e+01 -2.9018e+00 0.0000e+00 0.0000e+00 -2.9018e+00 1.4893e+01 0.0000e+00 0.0000e+00 0.0000e+00 0.0000e+00 1.4429e+01 -1.9150e-01 0.0000e+00 0.0000e+00 1.9150e-01 1.4364e+01 
52.0 1.5220e+01 -2.9345e+00 0.0000e+00 0.0000e+00 -2.9345e+00 1.4353e+01 0.0000e+00 0.0000e+00 0.0000e+00 0.0000e+00 1.3826e+01 -1.6532e-01 0.0000e+00 0.0000e+00 1.6532e-01 1.3769e+01 
53.0 1.4698e+01 -2.9651e+00 0.0000e+00 0.0000e+00 -2.9651e+00 1.3835e+01 0.0000e+00 0.0000e+00 0.0000e+00 0.0000e+00 1.3246e+01 -1.3928e-01 0.0000e+00 0.0000e+00 1.3928e-01 1.3196e+01 
54.0 1.4198e+01 -2.9935e+00 0.0000e+00 0.0000e+00 -2.9935e+00 1.3340e+01 0.0000e+00 0.0000e+00 0.0000e+00 0.0000e+00 1.2687e+01 -1.1344e-01 0.0000e+00 0.0000e+00 1.1344e-01 1.2645e+01 
55.0 1.3719e+01 -3.0197e+00 0.0000e+00 0.0000e+00 -3.0197e+00 1.2865e+01 0.0000e+00 0.0000e+00 0.0000e+00 0.0000e+00 1.2149e+01 -8.7850e-02 0.0000e+00 0.0000e+00 8.7850e-02 1.2115e+01 
56.0 1.3259e+01 -3.0438e+00 0.0000e+00 0.0000e+00 -3.0438e+00 1.2410e+01 0.0000e+00 0.0000e+00 0.0000e+00 0.0000e+00 1.1632e+01 -6.2525e-02 0.0000e+00 0.0000e+00 6.2525e-02 1.1605e+01 
57.0 1.2819e+01 -3.0656e+00 0.0000e+00 0.0000e+00 -3.0656e+00 1.1974e+01 0.0000e+00 0.0000e+00 0.0000e+00 0.0000e+00 1.1133e+01 -3.7478e-02 0.0000e+00 0.0000e+00 3.7478e-02 1.1114e+01 
58.0 1.2397e+01 -3.0853e+00 0.0000e+00 0.0000e+00 -3.0853e+00 1.1556e+01 0.0000e+00 0.0000e+00 0.0000e+00 0.0000e+00 1.0653e+01 -1.2759e-02 0.0000e+00 0.0000e+00 1.2759e-02 1.0641e+01 
59.0 1.1992e+01 -3.1028e+00 0.0000e+00 0.0000e+00 -3.1028e+00 1.1155e+01 0.0000e+00 0.0000e+00 0.0000e+00 0.0000e+00 1.0191e+01 1.1604e-02 0.0000e+00 0.0000e+00 -1.1604e-02 1.0186e+01 
60.0 1.1604e+01 -3.1181e+00 0.0000e+00 0.0000e+00 -3.1181e+00 1.0772e+01 0.0000e+00 0.0000e+00 0.0000e+00 0.0000e+00 9.7452e+00 3.5601e-02 0.0000e+00 0.0000e+00 -3.5601e-02 9.7477e+00 
61.0 1.1232e+01 -3.1314e+00 0.0000e+00 0.0000e+00 -3.1314e+00 1.0404e+01 0.0000e+00 0.0000e+00 0.0000e+00 0.0000e+00 9.3158e+00 5.9210e-02 0.0000e+00 0.0000e+00 -5.9210e-02 9.3253e+00 
62.0 1.0875e+01 -3.1425e+00 0.0000e+00 0.0000e+00 -3.1425e+00 1.0051e+01 0.0000e+00 0.0000e+00 0.0000e+00 0.0000e+00 8.9018e+00 8.2396e-02 0.0000e+00 0.0000e+00 -8.2396e-02 8.9184e+00 
63.0 1.0533e+01 -3.1516e+00 0.0000e+00 0.0000e+00 -3.1516e+00 9.7128e+00 0.0000e+00 0.0000e+00 0.0000e+00 0.0000e+00 8.5027e+00 1.0511e-01 0.0000e+00 0.0000e+00 -1.0511e-01 8.5263e+00 
64.0 1.0205e+01 -3.1586e+00 0.0000e+00 0.0000e+00 -3.1586e+00 9.3887e+00 0.0000e+00 0.0000e+00 0.0000e+00 0.0000e+00 8.1180e+00 1.2731e-01 0.0000e+00 0.0000e+00 -1.2731e-01 8.1486e+00 
65.0 9.8905e+00 -3.1636e+00 0.0000e+00 0.0000e+00 -3.1636e+00 9.0781e+00 0.0000e+00 0.0000e+00 0.0000e+00 0.0000e+00 7.7471e+00 1.4896e-01 0.0000e+00 0.0000e+00 -1.4896e-01 7.7845e+00 
66.0 9.5889e+00 -3.1665e+00 0.0000e+00 0.0000e+00 -3.1665e+00 8.7804e+00 0.0000e+00 0.0000e+00 0.0000e+00 0.0000e+00 7.3893e+00 1.7002e-01 0.0000e+00 0.0000e+00 -1.7002e-01 7.4336e+00 
67.0 9.2997e+00 -3.1674e+00 0.0000e+00 0.0000e+00 -3.1674e+00 8.4951e+00 0.0000e+00 0.0000e+00 0.0000e+00 0.0000e+00 7.0443e+00 1.9047e-01 0.0000e+00 0.0000e+00 -1.9047e-01 7.0954e+00 
68.0 9.0224e+00 -3.1663e+00 0.0000e+00 0.0000e+00 -3.1663e+00 8.2216e+00 0.0000e+00 0.0000e+00 0.0000e+00 0.0000e+00 6.7113e+00 2.1028e-01 0.0000e+00 0.0000e+00 -2.1028e-01 6.7692e+00 
69.0 8.7565e+00 -3.1631e+00 0.0000e+00 0.0000e+00 -3.1631e+00 7.9595e+00 0.0000e+00 0.0000e+00 0.0000e+00 0.0000e+00 6.3900e+00 2.2942e-01 0.0000e+00 0.0000e+00 -2.2942e-01 6.4546e+00 
70.0 8.5014e+00 -3.1581e+00 0.0000e+00 0.0000e+00 -3.1581e+00 7.7082e+00 0.0000e+00 0.0000e+00 0.0000e+00 0.0000e+00 6.0798e+00 2.4792e-01 0.0000e+00 0.0000e+00 -2.4792e-01 6.1511e+00 
71.0 8.2567e+00 -3.1511e+00 0.0000e+00 0.0000e+00 -3.1511e+00 7.4673e+00 0.0000e+00 0.0000e+00 0.0000e+00 0.0000e+00 5.7802e+00 2.6576e-01 0.0000e+00 0.0000e+00 -2.6576e-01 5.8582e+00 
72.0 8.0220e+00 -3.1422e+00 0.0000e+00 0.0000e+00 -3.1422e+00 7.2364e+00 0.0000e+00 0.0000e+00 0.0000e+00 0.0000e+00 5.4909e+00 2.8293e-01 0.0000e+00 0.0000e+00 -2.8293e-01 5.5756e+00 
73.0 7.7970e+00 -3.1314e+00 0.0000e+00 0.0000e+00 -3.1314e+00 7.0151e+00 0.0000e+00 0.0000e+00 0.0000e+00 0.0000e+00 5.2115e+00 2.9944e-01 0.0000e+00 0.0000e+00 -2.9944e-01 5.3027e+00 
74.0 7.5811e+00 -3.1189e+00 0.0000e+00 0.0000e+00 -3.1189e+00 6.8030e+00 0.0000e+00 0.0000e+00 0.0000e+00 0.0000e+00 4.9415e+00 3.1530e-01 0.0000e+00 0.0000e+00 -3.1530e-01 5.0393e+00 
75.0 7.3742e+00 -3.1046e+00 0.0000e+00 0.0000e+00 -3.1046e+00 6.5998e+00 0.0000e+00 0.0000e+00 0.0000e+00 0.0000e+00 4.6806e+00 3.3054e-01 0.0000e+00 0.0000e+00 -3.3054e-01 4.7850e+00 
76.0 7.1758e+00 -3.0887e+00 0.0000e+00 0.0000e+00 -3.0887e+00 6.4051e+00 0.0000e+00 0.0000e+00 0.0000e+00 0.0000e+00 4.4285e+00 3.4515e-01 0.0000e+00 0.0000e+00 -3.4515e-01 4.5394e+00 
77.0 6.9856e+00 -3.0711e+00 0.0000e+00 0.0000e+00 -3.0711e+00 6.2186e+00 0.0000e+00 0.0000e+00 0.0000e+00 0.0000e+00 4.1848e+00 3.5916e-01 0.0000e+00 0.0000e+00 -3.5916e-01 4.3022e+00 
78.0 6.8034e+00 -3.0519e+00 0.0000e+00 0.0000e+00 -3.0519e+00 6.0400e+00 0.0000e+00 0.0000e+00 0.0000e+00 0.0000e+00 3.9492e+00 3.7257e-01 0.0000e+00 0.0000e+00 -3.7257e-01 4.0731e+00 
79.0 6.6288e+00 -3.0312e+00 0.0000e+00 0.0000e+00 -3.0312e+00 5.8690e+00 0.0000e+00 0.0000e+00 0.0000e+00 0.0000e+00 3.7213e+00 3.8542e-01 0.0000e+00 0.0000e+00 -3.8542e-01 3.8517e+00 
80.0 6.4616e+00 -3.0091e+00 0.0000e+00 0.0000e+00 -3.0091e+00 5.7053e+00 0.0000e+00 0.0000e+00 0.0000e+00 0.0000e+00 3.5011e+00 3.9771e-01 0.0000e+00 0.0000e+00 -3.9771e-01 3.6379e+00 
81.0 6.3016e+00 -2.9855e+00 0.0000e+00 0.0000e+00 -2.9855e+00 5.5488e+00 0.0000e+00 0.0000e+00 0.0000e+00 0.0000e+00 3.2880e+00 4.0947e-01 0.0000e+00 0.0000e+00 -4.0947e-01 3.4314e+00 
82.0 6.1484e+00 -2.9606e+00 0.0000e+00 0.0000e+00 -2.9606e+00 5.3990e+00 0.0000e+00 0.0000e+00 0.0000e+00 0.0000e+00 3.0820e+00 4.2070e-01 0.0000e+00 0.0000e+00 -4.2070e-01 3.2319e+00 
83.0 6.0019e+00 -2.9344e+00 0.0000e+00 0.0000e+00 -2.9344e+00 5.2558e+00 0.0000e+00 0.0000e+00 0.0000e+00 0.0000e+00 2.8827e+00 4.3144e-01 0.0000e+00 0.0000e+00 -4.3144e-01 3.0391e+00 
84.0 5.8618e+00 -2.9069e+00 0.0000e+00 0.0000e+00 -2.9069e+00 5.1189e+00 0.0000e+00 0.0000e+00 0.0000e+00 0.0000e+00 2.6899e+00 4.4169e-01 0.0000e+00 0.0000e+00 -4.4169e-01 2.8528e+00 
85.0 5.7279e+00 -2.8782e+00 0.0000e+00 0.0000e+00 -2.8782e+00 4.9881e+00 0.0000e+00 0.0000e+00 0.0000e+00 0.0000e+00 2.5034e+00 4.5150e-01 0.0000e+00 0.0000e+00 -4.5150e-01 2.6728e+00 
86.0 5.5999e+00 -2.8484e+00 0.0000e+00 0.0000e+00 -2.8484e+00 4.8632e+00 0.0000e+00 0.0000e+00 0.0000e+00 0.0000e+00 2.3229e+00 4.6089e-01 0.0000e+00 0.0000e+00 -4.6089e-01 2.4989e+00 
87.0 5.4778e+00 -2.8175e+00 0.0000e+00 0.0000e+00 -2.8175e+00 4.7440e+00 0.0000e+00 0.0000e+00 0.0000e+00 0.0000e+00 2.1482e+00 4.6989e-01 0.0000e+00 0.0000e+00 -4.6989e-01 2.3307e+00 
88.0 5.3612e+00 -2.7856e+00 0.0000e+00 0.0000e+00 -2.7856e+00 4.6303e+00 0.0000e+00 0.0000e+00 0.0000e+00 0.0000e+00 1.9792e+00 4.7849e-01 0.0000e+00 0.0000e+00 -4.7849e-01 2.1683e+00 
89.0 5.2500e+00 -2.7528e+00 0.0000e+00 0.0000e+00 -2.7528e+00 4.5218e+00 0.0000e+00 0.0000e+00 0.0000e+00 0.0000e+00 1.8156e+00 4.8669e-01 0.0000e+00 0.0000e+00 -4.8669e-01 2.0112e+00 
90.0 5.1439e+00 -2.7192e+00 0.0000e+00 0.0000e+00 -2.7192e+00 4.4184e+00 0.0000e+00 0.0000e+00 0.0000e+00 0.0000e+00 1.6574e+00 4.9444e-01 0.0000e+00 0.0000e+00 -4.9444e-01 1.8594e+00 
91.0 5.0427e+00 -2.6847e+00 0.0000e+00 0.0000e+00 -2.6847e+00 4.3200e+00 0.0000e+00 0.0000e+00 0.0000e+00 0.0000e+00 1.5043e+00 5.0175e-01 0.0000e+00 0.0000e+00 -5.0175e-01 1.7127e+00 
92.0 4.9463e+00 -2.6495e+00 0.0000e+00 0.0000e+00 -2.6495e+00 4.2261e+00 0.0000e+00 0.0000e+00 0.0000e+00 0.0000e+00 1.3560e+00 5.0860e-01 0.0000e+00 0.0000e+00 -5.0860e-01 1.5708e+00 
93.0 4.8544e+00 -2.6134e+00 0.0000e+00 0.0000e+00 -2.6134e+00 4.1368e+00 0.0000e+00 0.0000e+00 0.0000e+00 0.0000e+00 1.2126e+00 5.1497e-01 0.0000e+00 0.0000e+00 -5.1497e-01 1.4335e+00 
94.0 4.7669e+00 -2.5766e+00 0.0000e+00 0.0000e+00 -2.5766e+00 4.0519e+00 0.0000e+00 0.0000e+00 0.0000e+00 0.0000e+00 1.0736e+00 5.2085e-01 0.0000e+00 0.0000e+00 -5.2085e-01 1.3007e+00 
95.0 4.6835e+00 -2.5392e+00 0.0000e+00 0.0000e+00 -2.5392e+00 3.9710e+00 0.0000e+00 0.0000e+00 0.0000e+00 0.0000e+00 9.3916e-01 5.2624e-01 0.0000e+00 0.0000e+00 -5.2624e-01 1.1722e+00 
96.0 4.6042e+00 -2.5010e+00 0.0000e+00 0.0000e+00 -2.5010e+00 3.8942e+00 0.0000e+00 0.0000e+00 0.0000e+00 0.0000e+00 8.0893e-01 5.3113e-01 0.0000e+00 0.0000e+00 -5.3113e-01 1.0478e+00 
97.0 4.5287e+00 -2.4621e+00 0.0000e+00 0.0000e+00 -2.4621e+00 3.8213e+00 0.0000e+00 0.0000e+00 0.0000e+00 0.0000e+00 6.8280e-01 5.3554e-01 0.0000e+00 0.0000e+00 -5.3554e-01 9.2729e-01 
98.0 4.4570e+00 -2.4227e+00 0.0000e+00 0.0000e+00 -2.4227e+00 3.7522e+00 0.0000e+00 0.0000e+00 0.0000e+00 0.0000e+00 5.6065e-01 5.3947e-01 0.0000e+00 0.0000e+00 -5.3947e-01 8.1062e-01 
99.0 4.3888e+00 -2.3826e+00 0.0000e+00 0.0000e+00 -2.3826e+00 3.6866e+00 0.0000e+00 0.0000e+00 0.0000e+00 0.0000e+00 4.4235e-01 5.4294e-01 0.0000e+00 0.0000e+00 -5.4294e-01 6.9763e-01 
100.0 4.3241e+00 -2.3420e+00 0.0000e+00 0.0000e+00 -2.3420e+00 3.6246e+00 0.0000e+00 0.0000e+00 0.0000e+00 0.0000e+00 3.2776e-01 5.4594e-01 0.0000e+00 0.0000e+00 -5.4594e-01 5.8817e-01 
101.0 4.2627e+00 -2.3008e+00 0.0000e+00 0.0000e+00 -2.3008e+00 3.5659e+00 0.0000e+00 0.0000e+00 0.0000e+00 0.0000e+00 2.1675e-01 5.4847e-01 0.0000e+00 0.0000e+00 -5.4847e-01 4.8211e-01 
102.0 4.2045e+00 -2.2591e+00 0.0000e+00 0.0000e+00 -2.2591e+00 3.5104e+00 0.0000e+00 0.0000e+00 0.0000e+00 0.0000e+00 1.0919e-01 5.5051e-01 0.0000e+00 0.0000e+00 -5.5051e-01 3.7932e-01 
103.0 4.1494e+00 -2.2169e+00 0.0000e+00 0.0000e+00 -2.2169e+00 3.4581e+00 0.0000e+00 0.0000e+00 0.0000e+00 0.0000e+00 4.9315e-03 5.5206e-01 0.0000e+00 0.0000e+00 -5.5206e-01 2.7965e-01 
104.0 4.0971e+00 -2.1743e+00 0.0000e+00 0.0000e+00 -2.1743e+00 3.4087e+00 0.0000e+00 0.0000e+00 0.0000e+00 0.0000e+00 -9.6145e-02 5.5311e-01 0.0000e+00 0.0000e+00 -5.5311e-01 1.8300e-01 
105.0 4.0477e+00 -2.1312e+00 0.0000e+00 0.0000e+00 -2.1312e+00 3.3622e+00 0.0000e+00 0.0000e+00 0.0000e+00 0.0000e+00 -1.9416e-01 5.5368e-01 0.0000e+00 0.0000e+00 -5.5368e-01 8.9244e-02 
106.0 4.0010e+00 -2.0878e+00 0.0000e+00 0.0000e+00 -2.0878e+00 3.3184e+00 0.0000e+00 0.0000e+00 0.0000e+00 0.0000e+00 -2.8925e-01 5.5376e-01 0.0000e+00 0.0000e+00 -5.5376e-01 -1.7349e-03 
107.0 3.9570e+00 -2.0439e+00 0.0000e+00 0.0000e+00 -2.0439e+00 3.2773e+00 0.0000e+00 0.0000e+00 0.0000e+00 0.0000e+00 -3.8151e-01 5.5339e-01 0.0000e+00 0.0000e+00 -5.5339e-01 -9.0049e-02 
108.0 3.9154e+00 -1.9998e+00 0.0000e+00 0.0000e+00 -1.9998e+00 3.2387e+00 0.0000e+00 0.0000e+00 0.0000e+00 0.0000e+00 -4.7106e-01 5.5258e-01 0.0000e+00 0.0000e+00 -5.5258e-01 -1.7580e-01 
109.0 3.8763e+00 -1.9553e+00 0.0000e+00 0.0000e+00 -1.9553e+00 3.2026e+00 0.0000e+00 0.0000e+00 0.0000e+00 0.0000e+00 -5.5801e-01 5.5136e-01 0.0000e+00 0.0000e+00 -5.5136e-01 -2.5912e-01 
110.0 3.8395e+00 -1.9106e+00 0.0000e+00 0.0000e+00 -1.9106e+00 3.1689e+00 0.0000e+00 0.0000e+00 0.0000e+00 0.0000e+00 -6.4245e-01 5.4978e-01 0.0000e+00 0.0000e+00 -5.4978e-01 -3.4010e-01 
111.0 3.8050e+00 -1.8656e+00 0.0000e+00 0.0000e+00 -1.8656e+00 3.1374e+00 0.0000e+00 0.0000e+00 0.0000e+00 0.0000e+00 -7.2447e-01 5.4785e-01 0.0000e+00 0.0000e+00 -5.4785e-01 -4.1881e-01 
112.0 3.7727e+00 -1.8204e+00 0.0000e+00 0.0000e+00 -1.8204e+00 3.1082e+00 0.0000e+00 0.0000e+00 0.0000e+00 0.0000e+00 -8.0414e-01 5.4558e-01 0.0000e+00 0.0000e+00 -5.4558e-01 -4.9535e-01 
113.0 3.7425e+00 -1.7751e+00 0.0000e+00 0.0000e+00 -1.7751e+00 3.0811e+00 0.0000e+00 0.0000e+00 0.0000e+00 0.0000e+00 -8.8154e-01 5.4300e-01 0.0000e+00 0.0000e+00 -5.4300e-01 -5.6976e-01 
114.0 3.7144e+00 -1.7297e+00 0.0000e+00 0.0000e+00 -1.7297e+00 3.0561e+00 0.0000e+00 0.0000e+00 0.0000e+00 0.0000e+00 -9.5675e-01 5.4011e-01 0.0000e+00 0.0000e+00 -5.4011e-01 -6.4214e-01 
115.0 3.6882e+00 -1.6842e+00 0.0000e+00 0.0000e+00 -1.6842e+00 3.0331e+00 0.0000e+00 0.0000e+00 0.0000e+00 0.0000e+00 -1.0298e+00 5.3692e-01 0.0000e+00 0.0000e+00 -5.3692e-01 -7.1252e-01 
116.0 3.6639e+00 -1.6387e+00 0.0000e+00 0.0000e+00 -1.6387e+00 3.0121e+00 0.0000e+00 0.0000e+00 0.0000e+00 0.0000e+00 -1.1008e+00 5.3346e-01 0.0000e+00 0.0000e+00 -5.3346e-01 -7.8098e-01 
117.0 3.6415e+00 -1.5931e+00 0.0000e+00 0.0000e+00 -1.5931e+00 2.9929e+00 0.0000e+00 0.0000e+00 0.0000e+00 0.0000e+00 -1.1698e+00 5.2976e-01 0.0000e+00 0.0000e+00 -5.2976e-01 -8.4758e-01 
118.0 3.6209e+00 -1.5475e+00 0.0000e+00 0.0000e+00 -1.5475e+00 2.9756e+00 0.0000e+00 0.0000e+00 0.0000e+00 0.0000e+00 -1.2368e+00 5.2584e-01 0.0000e+00 0.0000e+00 -5.2584e-01 -9.1236e-01 
119.0 3.6020e+00 -1.5020e+00 0.0000e+00 0.0000e+00 -1.5020e+00 2.9600e+00 0.0000e+00 0.0000e+00 0.0000e+00 0.0000e+00 -1.3020e+00 5.2170e-01 0.0000e+00 0.0000e+00 -5.2170e-01 -9.7539e-01 
120.0 3.5849e+00 -1.4566e+00 0.0000e+00 0.0000e+00 -1.4566e+00 2.9461e+00 0.0000e+00 0.0000e+00 0.0000e+00 0.0000e+00 -1.3653e+00 5.1732e-01 0.0000e+00 0.0000e+00 -5.1732e-01 -1.0367e+00 
121.0 3.5693e+00 -1.4113e+00 0.0000e+00 0.0000e+00 -1.4113e+00 2.9338e+00 0.0000e+00 0.0000e+00 0.0000e+00 0.0000e+00 -1.4268e+00 5.1264e-01 0.0000e+00 0.0000e+00 -5.1264e-01 -1.0963e+00 
122.0 3.5552e+00 -1.3662e+00 0.0000e+00 0.0000e+00 -1.3662e+00 2.9230e+00 0.0000e+00 0.0000e+00 0.0000e+00 0.0000e+00 -1.4866e+00 5.0765e-01 0.0000e+00 0.0000e+00 -5.0765e-01 -1.1543e+00 
123.0 3.5425e+00 -1.3213e+00 0.0000e+00 0.0000e+00 -1.3213e+00 2.9135e+00 0.0000e+00 0.0000e+00 0.0000e+00 0.0000e+00 -1.5448e+00 5.0231e-01 0.0000e+00 0.0000e+00 -5.0231e-01 -1.2107e+00 
124.0 3.5312e+00 -1.2765e+00 0.0000e+00 0.0000e+00 -1.2765e+00 2.9053e+00 0.0000e+00 0.0000e+00 0.0000e+00 0.0000e+00 -1.6014e+00 4.9660e-01 0.0000e+00 0.0000e+00 -4.9660e-01 -1.2656e+00 
125.0 3.5211e+00 -1.2320e+00 0.0000e+00 0.0000e+00 -1.2320e+00 2.8984e+00 0.0000e+00 0.0000e+00 0.0000e+00 0.0000e+00 -1.6564e+00 4.9053e-01 0.0000e+00 0.0000e+00 -4.9053e-01 -1.3191e+00 
126.0 3.5123e+00 -1.1877e+00 0.0000e+00 0.0000e+00 -1.1877e+00 2.8926e+00 0.0000e+00 0.0000e+00 0.0000e+00 0.0000e+00 -1.7100e+00 4.8411e-01 0.0000e+00 0.0000e+00 -4.8411e-01 -1.3711e+00 
127.0 3.5047e+00 -1.1436e+00 0.0000e+00 0.0000e+00 -1.1436e+00 2.8879e+00 0.0000e+00 0.0000e+00 0.0000e+00 0.0000e+00 -1.7622e+00 4.7735e-01 0.0000e+00 0.0000e+00 -4.7735e-01 -1.4218e+00 
128.0 3.4981e+00 -1.0999e+00 0.0000e+00 0.0000e+00 -1.0999e+00 2.8843e+00 0.0000e+00 0.0000e+00 0.0000e+00 0.0000e+00 -1.8130e+00 4.7026e-01 0.0000e+00 0.0000e+00 -4.7026e-01 -1.4712e+00 
129.0 3.4926e+00 -1.0565e+00 0.0000e+00 0.0000e+00 -1.0565e+00 2.8817e+00 0.0000e+00 0.0000e+00 0.0000e+00 0.0000e+00 -1.8625e+00 4.6284e-01 0.0000e+00 0.0000e+00 -4.6284e-01 -1.5194e+00 
130.0 3.4882e+00 -1.0135e+00 0.0000e+00 0.0000e+00 -1.0135e+00 2.8801e+00 0.0000e+00 0.0000e+00 0.0000e+00 0.0000e+00 -1.9107e+00 4.5508e-01 0.0000e+00 0.0000e+00 -4.5508e-01 -1.5663e+00 
131.0 3.4848e+00 -9.7100e-01 0.0000e+00 0.0000e+00 -9.7100e-01 2.8795e+00 0.0000e+00 0.0000e+00 0.0000e+00 0.0000e+00 -1.9577e+00 4.4702e-01 0.0000e+00 0.0000e+00 -4.4702e-01 -1.6120e+00 
132.0 3.4824e+00 -9.2890e-01 0.0000e+00 0.0000e+00 -9.2890e-01 2.8799e+00 0.0000e+00 0.0000e+00 0.0000e+00 0.0000e+00 -2.0035e+00 4.3867e-01 0.0000e+00 0.0000e+00 -4.3867e-01 -1.6566e+00 
133.0 3.4811e+00 -8.8729e-01 0.0000e+00 0.0000e+00 -8.8729e-01 2.8813e+00 0.0000e+00 0.0000e+00 0.0000e+00 0.0000e+00 -2.0481e+00 4.3007e-01 0.0000e+00 0.0000e+00 -4.3007e-01 -1.7000e+00 
134.0 3.4809e+00 -8.4617e-01 0.0000e+00 0.0000e+00 -8.4617e-01 2.8837e+00 0.0000e+00 0.0000e+00 0.0000e+00 0.0000e+00 -2.0915e+00 4.2121e-01 0.0000e+00 0.0000e+00 -4.2121e-01 -1.7423e+00 
135.0 3.4816e+00 -8.0556e-01 0.0000e+00 0.0000e+00 -8.0556e-01 2.8871e+00 0.0000e+00 0.0000e+00 0.0000e+00 0.0000e+00 -2.1338e+00 4.1210e-01 0.0000e+00 0.0000e+00 -4.1210e-01 -1.7836e+00 
136.0 3.4833e+00 -7.6549e-01 0.0000e+00 0.0000e+00 -7.6549e-01 2.8915e+00 0.0000e+00 0.0000e+00 0.0000e+00 0.0000e+00 -2.1750e+00 4.0277e-01 0.0000e+00 0.0000e+00 -4.0277e-01 -1.8239e+00 
137.0 3.4859e+00 -7.2597e-01 0.0000e+00 0.0000e+00 -7.2597e-01 2.8968e+00 0.0000e+00 0.0000e+00 0.0000e+00 0.0000e+00 -2.2150e+00 3.9319e-01 0.0000e+00 0.0000e+00 -3.9319e-01 -1.8633e+00 
138.0 3.4893e+00 -6.8702e-01 0.0000e+00 0.0000e+00 -6.8702e-01 2.9030e+00 0.0000e+00 0.0000e+00 0.0000e+00 0.0000e+00 -2.2540e+00 3.8339e-01 0.0000e+00 0.0000e+00 -3.8339e-01 -1.9018e+00 
139.0 3.4936e+00 -6.4862e-01 0.0000e+00 0.0000e+00 -6.4862e-01 2.9100e+00 0.0000e+00 0.0000e+00 0.0000e+00 0.0000e+00 -2.2919e+00 3.7339e-01 0.0000e+00 0.0000e+00 -3.7339e-01 -1.9393e+00 
140.0 3.4986e+00 -6.1078e-01 0.0000e+00 0.0000e+00 -6.1078e-01 2.9180e+00 0.0000e+00 0.0000e+00 0.0000e+00 0.0000e+00 -2.3288e+00 3.6326e-01 0.0000e+00 0.0000e+00 -3.6326e-01 -1.9761e+00 
141.0 3.5046e+00 -5.7348e-01 0.0000e+00 0.0000e+00 -5.7348e-01 2.9269e+00 0.0000e+00 0.0000e+00 0.0000e+00 0.0000e+00 -2.3646e+00 3.5306e-01 0.0000e+00 0.0000e+00 -3.5306e-01 -2.0119e+00 
142.0 3.5116e+00 -5.3675e-01 0.0000e+00 0.0000e+00 -5.3675e-01 2.9368e+00 0.0000e+00 0.0000e+00 0.0000e+00 0.0000e+00 -2.3995e+00 3.4282e-01 0.0000e+00 0.0000e+00 -3.4282e-01 -2.0470e+00 
143.0 3.5196e+00 -5.0058e-01 0.0000e+00 0.0000e+00 -5.0058e-01 2.9476e+00 0.0000e+00 0.0000e+00 0.0000e+00 0.0000e+00 -2.4335e+00 3.3256e-01 0.0000e+00 0.0000e+00 -3.3256e-01 -2.0811e+00 
144.0 3.5286e+00 -4.6503e-01 0.0000e+00 0.0000e+00 -4.6503e-01 2.9593e+00 0.0000e+00 0.0000e+00 0.0000e+00 0.0000e+00 -2.4666e+00 3.2225e-01 0.0000e+00 0.0000e+00 -3.2225e-01 -2.1145e+00 
145.0 3.5386e+00 -4.3016e-01 0.0000e+00 0.0000e+00 -4.3016e-01 2.9719e+00 0.0000e+00 0.0000e+00 0.0000e+00 0.0000e+00 -2.4990e+00 3.1180e-01 0.0000e+00 0.0000e+00 -3.1180e-01 -2.1470e+00 
146.0 3.5495e+00 -3.9598e-01 0.0000e+00 0.0000e+00 -3.9598e-01 2.9852e+00 0.0000e+00 0.0000e+00 0.0000e+00 0.0000e+00 -2.5307e+00 3.0110e-01 0.0000e+00 0.0000e+00 -3.0110e-01 -2.1788e+00 
147.0 3.5614e+00 -3.6248e-01 0.0000e+00 0.0000e+00 -3.6248e-01 2.9992e+00 0.0000e+00 0.0000e+00 0.0000e+00 0.0000e+00 -2.5619e+00 2.9011e-01 0.0000e+00 0.0000e+00 -2.9011e-01 -2.2099e+00 
148.0 3.5744e+00 -3.2968e-01 0.0000e+00 0.0000e+00 -3.2968e-01 3.0139e+00 0.0000e+00 0.0000e+00 0.0000e+00 0.0000e+00 -2.5925e+00 2.7887e-01 0.0000e+00 0.0000e+00 -2.7887e-01 -2.2403e+00 
149.0 3.5885e+00 -2.9759e-01 0.0000e+00 0.0000e+00 -2.9759e-01 3.0296e+00 0.0000e+00 0.0000e+00 0.0000e+00 0.0000e+00 -2.6228e+00 2.6742e-01 0.0000e+00 0.0000e+00 -2.6742e-01 -2.2701e+00 
150.0 3.6037e+00 -2.6629e-01 0.0000e+00 0.0000e+00 -2.6629e-01 3.0460e+00 0.0000e+00 0.0000e+00 0.0000e+00 0.0000e+00 -2.6527e+00 2.5575e-01 0.0000e+00 0.0000e+00 -2.5575e-01 -2.2993e+00 
151.0 3.6202e+00 -2.3591e-01 0.0000e+00 0.0000e+00 -2.3591e-01 3.0633e+00 0.0000e+00 0.0000e+00 0.0000e+00 0.0000e+00 -2.6824e+00 2.4383e-01 0.0000e+00 0.0000e+00 -2.4383e-01 -2.3280e+00 
152.0 3.6376e+00 -2.0661e-01 0.0000e+00 0.0000e+00 -2.0661e-01 3.0813e+00 0.0000e+00 0.0000e+00 0.0000e+00 0.0000e+00 -2.7120e+00 2.3151e-01 0.0000e+00 0.0000e+00 -2.3151e-01 -2.3562e+00 
153.0 3.6559e+00 -1.7861e-01 0.0000e+00 0.0000e+00 -1.7861e-01 3.0996e+00 0.0000e+00 0.0000e+00 0.0000e+00 0.0000e+00 -2.7415e+00 2.1853e-01 0.0000e+00 0.0000e+00 -2.1853e-01 -2.3840e+00 
154.0 3.6749e+00 -1.5205e-01 0.0000e+00 0.0000e+00 -1.5205e-01 3.1181e+00 0.0000e+00 0.0000e+00 0.0000e+00 0.0000e+00 -2.7712e+00 2.0462e-01 0.0000e+00 0.0000e+00 -2.0462e-01 -2.4114e+00 
155.0 3.6945e+00 -1.2707e-01 0.0000e+00 0.0000e+00 -1.2707e-01 3.1367e+00 0.0000e+00 0.0000e+00 0.0000e+00 0.0000e+00 -2.8010e+00 1.8965e-01 0.0000e+00 0.0000e+00 -1.8965e-01 -2.4385e+00 
156.0 3.7149e+00 -1.0375e-01 0.0000e+00 0.0000e+00 -1.0375e-01 3.1554e+00 0.0000e+00 0.0000e+00 0.0000e+00 0.0000e+00 -2.8311e+00 1.7360e-01 0.0000e+00 0.0000e+00 -1.7360e-01 -2.4652e+00 
157.0 3.7361e+00 -8.2161e-02 0.0000e+00 0.0000e+00 -8.2161e-02 3.1745e+00 0.0000e+00 0.0000e+00 0.0000e+00 0.0000e+00 -2.8616e+00 1.5660e-01 0.0000e+00 0.0000e+00 -1.5660e-01 -2.4916e+00 
158.0 3.7584e+00 -6.2437e-02 0.0000e+00 0.0000e+00 -6.2437e-02 3.1940e+00 0.0000e+00 0.0000e+00 0.0000e+00 0.0000e+00 -2.8925e+00 1.3881e-01 0.0000e+00 0.0000e+00 -1.3881e-01 -2.5176e+00 
159.0 3.7819e+00 -4.4778e-02 0.0000e+00 0.0000e+00 -4.4778e-02 3.2140e+00 0.0000e+00 0.0000e+00 0.0000e+00 0.0000e+00 -2.9241e+00 1.2024e-01 0.0000e+00 0.0000e+00 -1.2024e-01 -2.5433e+00 
160.0 3.8065e+00 -2.9328e-02 0.0000e+00 0.0000e+00 -2.9328e-02 3.2341e+00 0.0000e+00 0.0000e+00 0.0000e+00 0.0000e+00 -2.9563e+00 1.0080e-01 0.0000e+00 0.0000e+00 -1.0080e-01 -2.5686e+00 
161.0 3.8324e+00 -1.6125e-02 0.0000e+00 0.0000e+00 -1.6125e-02 3.2543e+00 0.0000e+00 0.0000e+00 0.0000e+00 0.0000e+00 -2.9895e+00 8.0434e-02 0.0000e+00 0.0000e+00 -8.0434e-02 -2.5935e+00 
162.0 3.8599e+00 -5.1498e-03 0.0000e+00 0.0000e+00 -5.1498e-03 3.2748e+00 0.0000e+00 0.0000e+00 0.0000e+00 0.0000e+00 -3.0239e+00 5.9163e-02 0.0000e+00 0.0000e+00 -5.9163e-02 -2.6180e+00 
163.0 3.8895e+00 3.6095e-03 0.0000e+00 0.0000e+00 3.6095e-03 3.2959e+00 0.0000e+00 0.0000e+00 0.0000e+00 0.0000e+00 -3.0599e+00 3.7141e-02 0.0000e+00 0.0000e+00 -3.7141e-02 -2.6424e+00 
164.0 3.9217e+00 1.0169e-02 0.0000e+00 0.0000e+00 1.0169e-02 3.3179e+00 0.0000e+00 0.0000e+00 0.0000e+00 0.0000e+00 -3.0979e+00 1.4638e-02 0.0000e+00 0.0000e+00 -1.4638e-02 -2.6666e+00 
165.0 3.9574e+00 1.4661e-02 0.0000e+00 0.0000e+00 1.4661e-02 3.3415e+00 0.0000e+00 0.0000e+00 0.0000e+00 0.0000e+00 -3.1384e+00 -7.8547e-03 0.0000e+00 0.0000e+00 7.8547e-03 -2.6909e+00 
166.0 3.9973e+00 1.7213e-02 0.0000e+00 0.0000e+00 1.7213e-02 3.3673e+00 0.0000e+00 0.0000e+00 0.0000e+00 0.0000e+00 -3.1816e+00 -2.9846e-02 0.0000e+00 0.0000e+00 2.9846e-02 -2.7153e+00 
167.0 4.0419e+00 1.7753e-02 0.0000e+00 0.0000e+00 1.7753e-02 3.3959e+00 0.0000e+00 0.0000e+00 0.0000e+00 0.0000e+00 -3.2280e+00 -5.1200e-02 0.0000e+00 0.0000e+00 5.1200e-02 -2.7399e+00 
168.0 4.0916e+00 1.6137e-02 0.0000e+00 0.0000e+00 1.6137e-02 3.4271e+00 0.0000e+00 0.0000e+00 0.0000e+00 0.0000e+00 -3.2782e+00 -7.1991e-02 0.0000e+00 0.0000e+00 7.1991e-02 -2.7648e+00 
169.0 4.1472e+00 1.2350e-02 0.0000e+00 0.0000e+00 1.2350e-02 3.4608e+00 0.0000e+00 0.0000e+00 0.0000e+00 0.0000e+00 -3.3332e+00 -9.2109e-02 0.0000e+00 0.0000e+00 9.2109e-02 -2.7901e+00 
170.0 4.2098e+00 6.6554e-03 0.0000e+00 0.0000e+00 6.6554e-03 3.4975e+00 0.0000e+00 0.0000e+00 0.0000e+00 0.0000e+00 -3.3939e+00 -1.1087e-01 0.0000e+00 0.0000e+00 1.1087e-01 -2.8157e+00 
171.0 4.2819e+00 -1.8570e-04 0.0000e+00 0.0000e+00 -1.8570e-04 3.5384e+00 0.0000e+00 0.0000e+00 0.0000e+00 0.0000e+00 -3.4616e+00 -1.2658e-01 0.0000e+00 0.0000e+00 1.2658e-01 -2.8413e+00 
172.0 4.3662e+00 -7.1291e-03 0.0000e+00 0.0000e+00 -7.1291e-03 3.5852e+00 0.0000e+00 0.0000e+00 0.0000e+00 0.0000e+00 -3.5372e+00 -1.3676e-01 0.0000e+00 0.0000e+00 1.3676e-01 -2.8668e+00 
173.0 4.4650e+00 -1.3152e-02 0.0000e+00 0.0000e+00 -1.3152e-02 3.6395e+00 0.0000e+00 0.0000e+00 0.0000e+00 0.0000e+00 -3.6212e+00 -1.3884e-01 0.0000e+00 0.0000e+00 1.3884e-01 -2.8918e+00 
174.0 4.5792e+00 -1.7348e-02 0.0000e+00 0.0000e+00 -1.7348e-02 3.7021e+00 0.0000e+00 0.0000e+00 0.0000e+00 0.0000e+00 -3.7124e+00 -1.3061e-01 0.0000e+00 0.0000e+00 1.3061e-01 -2.9156e+00 
175.0 4.7063e+00 -1.9224e-02 0.0000e+00 0.0000e+00 -1.9224e-02 3.7717e+00 0.0000e+00 0.0000e+00 0.0000e+00 0.0000e+00 -3.8080e+00 -1.1151e-01 0.0000e+00 0.0000e+00 1.1151e-01 -2.9369e+00 
176.0 4.8400e+00 -1.8032e-02 0.0000e+00 0.0000e+00 -1.8032e-02 3.8444e+00 0.0000e+00 0.0000e+00 0.0000e+00 0.0000e+00 -3.9028e+00 -8.2690e-02 0.0000e+00 0.0000e+00 8.2690e-02 -2.9541e+00 
177.0 4.9691e+00 -1.2477e-02 0.0000e+00 0.0000e+00 -1.2477e-02 3.9147e+00 0.0000e+00 0.0000e+00 0.0000e+00 0.0000e+00 -3.9881e+00 -4.7362e-02 0.0000e+00 0.0000e+00 4.7362e-02 -2.9655e+00 
178.0 5.0708e+00 -4.3140e-03 0.0000e+00 0.0000e+00 -4.3140e-03 3.9709e+00 0.0000e+00 0.0000e+00 0.0000e+00 0.0000e+00 -4.0501e+00 -1.4888e-02 0.0000e+00 0.0000e+00 1.4888e-02 -2.9710e+00 
179.0 5.1130e+00 -8.1764e-20 0.0000e+00 0.0000e+00 -8.1764e-20 3.9948e+00 0.0000e+00 0.0000e+00 0.0000e+00 0.0000e+00 -4.0746e+00 -2.6936e-19 0.0000e+00 0.0000e+00 2.6936e-19 -2.9729e+00 
180.0 5.1541e+00 0.0000e+00 0.0000e+00 0.0000e+00 0.0000e+00 4.0166e+00 0.0000e+00 0.0000e+00 0.0000e+00 0.0000e+00 -4.0970e+00 0.0000e+00 0.0000e+00 0.0000e+00 -0.0000e+00 -2.9742e+00 
