0.6125 0.8559 0.2435 0.028940
theta s11 s12 s13 s14 s21 s22 s23 s24 s31 s32 s33 s34 s41 s42 s43 s44
0.0 1.0515e+04 0.0000e+00 0.0000e+00 0.0000e+00 0.0000e+00 1.0514e+04 0.0000e+00 0.0000e+00 0.0000e+00 0.0000e+00 1.0514e+04 0.0000e+00 0.0000e+00 0.0000e+00 -0.0000e+00 1.0512e+04 
1.0 9.0204e+03 -5.4692e-01 0.0000e+00 0.0000e+00 -5.4692e-01 9.0193e+03 0.0000e+00 0.0000e+00 0.0000e+00 0.0000e+00 9.0193e+03 -3.6794e+00 0.0000e+00 0.0000e+00 3.6794e+00 9.0182e+03 
2.0 6.3096e+03 -1.1226e+00 0.0000e+00 0.0000e+00 -1.1226e+00 6.3086e+03 0.0000e+00 0.0000e+00 0.0000e+00 0.0000e+00 6.3086e+03 -1.1579e+01 0.0000e+00 0.0000e+00 1.1579e+01 6.3075e+03 
3.0 4.1331e+03 -1.0972e+00 0.0000e+00 0.0000e+00 -1.0972e+00 4.1321e+03 0.0000e+00 0.0000e+00 0.0000e+00 0.0000e+00 4.1320e+03 -1.8158e+01 0.0000e+00 0.0000e+00 1.8158e+01 4.1310e+03 
4.0 2.7268e+03 -8.4322e-01 0.0000e+00 0.0000e+00 -8.4322e-01 2.7258e+03 0.0000e+00 0.0000e+00 0.0000e+00 0.0000e+00 2.7256e+03 -2.1015e+01 0.0000e+00 0.0000e+00 2.1015e+01 2.7247e+03 
5.0 1.8679e+03 -6.4703e-01 0.0000e+00 0.0000e+00 -6.4703e-01 1.8670e+03 0.0000e+00 0.0000e+00 0.0000e+00 0.0000e+00 1.8666e+03 -2.1000e+01 0.0000e+00 0.0000e+00 2.1000e+01 1.8658e+03 
6.0 1.3376e+03 -5.7912e-01 0.0000e+00 0.0000e+00 -5.7912e-01 1.3368e+03 0.0000e+00 0.0000e+00 0.0000e+00 0.0000e+00 1.3363e+03 -1.9525e+01 0.0000e+00 0.0000e+00 1.9525e+01 1.3356e+03 
7.0 9.9918e+02 -6.2408e-01 0.0000e+00 0.0000e+00 -6.2408e-01 9.9843e+02 0.0000e+00 0.0000e+00 0.0000e+00 0.0000e+00 9.9785e+02 -1.7465e+01 0.0000e+00 0.0000e+00 1.7465e+01 9.9715e+02 
8.0 7.7486e+02 -7.3929e-01 0.0000e+00 0.0000e+00 -7.3929e-01 7.7414e+02 0.0000e+00 0.0000e+00 0.0000e+00 0.0000e+00 7.7351e+02 -1.5324e+01 0.0000e+00 0.0000e+00 1.5324e+01 7.7286e+02 
9.0 6.2018e+02 -8.8870e-01 0.0000e+00 0.0000e+00 -8.8870e-01 6.1949e+02 0.0000e+00 0.0000e+00 0.0000e+00 0.0000e+00 6.1883e+02 -1.3347e+01 0.0000e+00 0.0000e+00 1.3347e+01 6.1822e+02 
10.0 5.0939e+02 -1.0550e+00 0.0000e+00 0.0000e+00 -1.0550e+00 5.0873e+02 0.0000e+00 0.0000e+00 0.0000e+00 0.0000e+00 5.0803e+02 -1.1603e+01 0.0000e+00 0.0000e+00 1.1603e+01 5.0747e+02 
11.0 4.2745e+02 -1.2295e+00 0.0000e+00 0.0000e+00 -1.2295e+00 4.2681e+02 0.0000e+00 0.0000e+00 0.0000e+00 0.0000e+00 4.2609e+02 -1.0094e+01 0.0000e+00 0.0000e+00 1.0094e+01 4.2557e+02 
12.0 3.6524e+02 -1.4049e+00 0.0000e+00 0.0000e+00 -1.4049e+00 3.6462e+02 0.0000e+00 0.0000e+00 0.0000e+00 0.0000e+00 3.6388e+02 -8.8011e+00 0.0000e+00 0.0000e+00 8.8011e+00 3.6339e+02 
13.0 3.1698e+02 -1.5712e+00 0.0000e+00 0.0000e+00 -1.5712e+00 3.1637e+02 0.0000e+00 0.0000e+00 0.0000e+00 0.0000e+00 3.1563e+02 -7.7042e+00 0.0000e+00 0.0000e+00 7.7042e+00 3.1516e+02 
14.0 2.7872e+02 -1.7344e+00 0.0000e+00 0.0000e+00 -1.7344e+00 2.7812e+02 0.0000e+00 0.0000e+00 0.0000e+00 0.0000e+00 2.7738e+02 -6.7773e+00 0.0000e+00 0.0000e+00 6.7773e+00 2.7694e+02 
15.0 2.4774e+02 -1.8829e+00 0.0000e+00 0.0000e+00 -1.8829e+00 2.4716e+02 0.0000e+00 0.0000e+00 0.0000e+00 0.0000e+00 2.4641e+02 -5.9963e+00 0.0000e+00 0.0000e+00 5.9963e+00 2.4600e+02 
16.0 2.2221e+02 -2.0240e+00 0.0000e+00 0.0000e+00 -2.0240e+00 2.2164e+02 0.0000e+00 0.0000e+00 0.0000e+00 0.0000e+00 2.2089e+02 -5.3319e+00 0.0000e+00 0.0000e+00 5.3319e+00 2.2050e+02 
17.0 2.0083e+02 -2.1626e+00 0.0000e+00 0.0000e+00 -2.1626e+00 2.0027e+02 0.0000e+00 0.0000e+00 0.0000e+00 0.0000e+00 1.9952e+02 -4.7635e+00 0.0000e+00 0.0000e+00 4.7635e+00 1.9915e+02 
18.0 1.8259e+02 -2.3025e+00 0.0000e+00 0.0000e+00 -2.3025e+00 1.8204e+02 0.0000e+00 0.0000e+00 0.0000e+00 0.0000e+00 1.8129e+02 -4.2713e+00 0.0000e+00 0.0000e+00 4.2713e+00 1.8094e+02 
19.0 1.6678e+02 -2.4457e+00 0.0000e+00 0.0000e+00 -2.4457e+00 1.6624e+02 0.0000e+00 0.0000e+00 0.0000e+00 0.0000e+00 1.6602e+02 -3.8392e+00 0.0000e+00 0.0000e+00 3.8392e+00 1.6568e+02 
20.0 1.5293e+02 -2.5915e+00 0.0000e+00 0.0000e+00 -2.5915e+00 1.5239e+02 0.0000e+00 0.0000e+00 0.0000e+00 0.0000e+00 1.5261e+02 -3.4569e+00 0.0000e+00 0.0000e+00 3.4569e+00 1.5230e+02 
21.0 1.4071e+02 -2.7387e+00 0.0000e+00 0.0000e+00 -2.7387e+00 1.4018e+02 0.0000e+00 0.0000e+00 0.0000e+00 0.0000e+00 1.4078e+02 -3.1181e+00 0.0000e+00 0.0000e+00 3.1181e+00 1.4048e+02 
22.0 1.2989e+02 -2.8882e+00 0.0000e+00 0.0000e+00 -2.8882e+00 1.2937e+02 0.0000e+00 0.0000e+00 0.0000e+00 0.0000e+00 1.3029e+02 -2.8165e+00 0.0000e+00 0.0000e+00 2.8165e+00 1.3000e+02 
23.0 1.2029e+02 -3.0422e+00 0.0000e+00 0.0000e+00 -3.0422e+00 1.1978e+02 0.0000e+00 0.0000e+00 0.0000e+00 0.0000e+00 1.2097e+02 -2.5459e+00 0.0000e+00 0.0000e+00 2.5459e+00 1.2069e+02 
24.0 1.1175e+02 -3.2021e+00 0.0000e+00 0.0000e+00 -3.2021e+00 1.1124e+02 0.0000e+00 0.0000e+00 0.0000e+00 0.0000e+00 1.1267e+02 -2.3012e+00 0.0000e+00 0.0000e+00 2.3012e+00 1.1240e+02 
25.0 1.0412e+02 -3.3672e+00 0.0000e+00 0.0000e+00 -3.3672e+00 1.0361e+02 0.0000e+00 0.0000e+00 0.0000e+00 0.0000e+00 1.0525e+02 -2.0806e+00 0.0000e+00 0.0000e+00 2.0806e+00 1.0499e+02 
26.0 9.7254e+01 -3.5348e+00 0.0000e+00 0.0000e+00 -3.5348e+00 9.6753e+01 0.0000e+00 0.0000e+00 0.0000e+00 0.0000e+00 9.8558e+01 -1.8839e+00 0.0000e+00 0.0000e+00 1.8839e+00 9.8309e+01 
27.0 9.1031e+01 -3.7018e+00 0.0000e+00 0.0000e+00 -3.7018e+00 9.0534e+01 0.0000e+00 0.0000e+00 0.0000e+00 0.0000e+00 9.2488e+01 -1.7101e+00 0.0000e+00 0.0000e+00 1.7101e+00 9.2248e+01 
28.0 8.5347e+01 -3.8657e+00 0.0000e+00 0.0000e+00 -3.8657e+00 8.4855e+01 0.0000e+00 0.0000e+00 0.0000e+00 0.0000e+00 8.6936e+01 -1.5564e+00 0.0000e+00 0.0000e+00 1.5564e+00 8.6704e+01 
29.0 8.0130e+01 -4.0260e+00 0.0000e+00 0.0000e+00 -4.0260e+00 7.9642e+01 0.0000e+00 0.0000e+00 0.0000e+00 0.0000e+00 8.1830e+01 -1.4185e+00 0.0000e+00 0.0000e+00 1.4185e+00 8.1606e+01 
30.0 7.5328e+01 -4.1832e+00 0.0000e+00 0.0000e+00 -4.1832e+00 7.4844e+01 0.0000e+00 0.0000e+00 0.0000e+00 0.0000e+00 7.7124e+01 -1.2928e+00 0.0000e+00 0.0000e+00 1.2928e+00 7.6907e+01 
31.0 7.0907e+01 -4.3378e+00 0.0000e+00 0.0000e+00 -4.3378e+00 7.0427e+01 0.0000e+00 0.0000e+00 0.0000e+00 0.0000e+00 7.2479e+01 -1.1778e+00 0.0000e+00 0.0000e+00 1.1778e+00 7.2271e+01 
32.0 6.6832e+01 -4.4900e+00 0.0000e+00 0.0000e+00 -4.4900e+00 6.6355e+01 0.0000e+00 0.0000e+00 0.0000e+00 0.0000e+00 6.8196e+01 -1.0731e+00 0.0000e+00 0.0000e+00 1.0731e+00 6.7997e+01 
33.0 6.3069e+01 -4.6392e+00 0.0000e+00 0.0000e+00 -4.6392e+00 6.2597e+01 0.0000e+00 0.0000e+00 0.0000e+00 0.0000e+00 6.4236e+01 -9.7893e-01 0.0000e+00 0.0000e+00 9.7893e-01 6.4046e+01 
34.0 5.9586e+01 -4.7841e+00 0.0000e+00 0.0000e+00 -4.7841e+00 5.9117e+01 0.0000e+00 0.0000e+00 0.0000e+00 0.0000e+00 6.0565e+01 -8.9450e-01 0.0000e+00 0.0000e+00 8.9450e-01 6.0384e+01 
35.0 5.6353e+01 -4.9243e+00 0.0000e+00 0.0000e+00 -4.9243e+00 5.5888e+01 0.0000e+00 0.0000e+00 0.0000e+00 0.0000e+00 5.7152e+01 -8.1835e-01 0.0000e+00 0.0000e+00 8.1835e-01 5.6978e+01 
36.0 5.3345e+01 -5.0595e+00 0.0000e+00 0.0000e+00 -5.0595e+00 5.2883e+01 0.0000e+00 0.0000e+00 0.0000e+00 0.0000e+00 5.3971e+01 -7.4888e-01 0.0000e+00 0.0000e+00 7.4888e-01 5.3805e+01 
37.0 5.0542e+01 -5.1899e+00 0.0000e+00 0.0000e+00 -5.1899e+00 5.0084e+01 0.0000e+00 0.0000e+00 0.0000e+00 0.0000e+00 5.1002e+01 -6.8475e-01 0.0000e+00 0.0000e+00 6.8475e-01 5.0845e+01 
38.0 4.7927e+01 -5.3156e+00 0.0000e+00 0.0000e+00 -5.3156e+00 4.7472e+01 0.0000e+00 0.0000e+00 0.0000e+00 0.0000e+00 4.8228e+01 -6.2523e-01 0.0000e+00 0.0000e+00 6.2523e-01 4.8078e+01 
39.0 4.5484e+01 -5.4366e+00 0.0000e+00 0.0000e+00 -5.4366e+00 4.5033e+01 0.0000e+00 0.0000e+00 0.0000e+00 0.0000e+00 4.5633e+01 -5.6998e-01 0.0000e+00 0.0000e+00 5.6998e-01 4.5491e+01 
40.0 4.3199e+01 -5.5527e+00 0.0000e+00 0.0000e+00 -5.5527e+00 4.2751e+01 0.0000e+00 0.0000e+00 0.0000e+00 0.0000e+00 4.3202e+01 -5.1854e-01 0.0000e+00 0.0000e+00 5.1854e-01 4.3067e+01 
41.0 4.1057e+01 -5.6638e+00 0.0000e+00 0.0000e+00 -5.6638e+00 4.0613e+01 0.0000e+00 0.0000e+00 0.0000e+00 0.0000e+00 4.0921e+01 -4.7018e-01 0.0000e+00 0.0000e+00 4.7018e-01 4.0793e+01 
42.0 3.9051e+01 -5.7700e+00 0.0000e+00 0.0000e+00 -5.7700e+00 3.8610e+01 0.0000e+00 0.0000e+00 0.0000e+00 0.0000e+00 3.8779e+01 -4.2433e-01 0.0000e+00 0.0000e+00 4.2433e-01 3.8658e+01 
43.0 3.7169e+01 -5.8716e+00 0.0000e+00 0.0000e+00 -5.8716e+00 3.6731e+01 0.0000e+00 0.0000e+00 0.0000e+00 0.0000e+00 3.6766e+01 -3.8088e-01 0.0000e+00 0.0000e+00 3.8088e-01 3.6652e+01 
44.0 3.5403e+01 -5.9683e+00 0.0000e+00 0.0000e+00 -5.9683e+00 3.4968e+01 0.0000e+00 0.0000e+00 0.0000e+00 0.0000e+00 3.4872e+01 -3.4000e-01 0.0000e+00 0.0000e+00 3.4000e-01 3.4764e+01 
45.0 3.3743e+01 -6.0596e+00 0.0000e+00 0.0000e+00 -6.0596e+00 3.3312e+01 0.0000e+00 0.0000e+00 0.0000e+00 0.0000e+00 3.3087e+01 -3.0160e-01 0.0000e+00 0.0000e+00 3.0160e-01 3.2986e+01 
46.0 3.2182e+01 -6.1455e+00 0.0000e+00 0.0000e+00 -6.1455e+00 3.1753e+01 0.0000e+00 0.0000e+00 0.0000e+00 0.0000e+00 3.1402e+01 -2.6520e-01 0.0000e+00 0.0000e+00 2.6520e-01 3.1308e+01 
47.0 3.0711e+01 -6.2259e+00 0.0000e+00 0.0000e+00 -6.2259e+00 3.0286e+01 0.0000e+00 0.0000e+00 0.0000e+00 0.0000e+00 2.9810e+01 -2.3020e-01 0.0000e+00 0.0000e+00 2.3020e-01 2.9722e+01 
48.0 2.9326e+01 -6.3010e+00 0.0000e+00 0.0000e+00 -6.3010e+00 2.8904e+01 0.0000e+00 0.0000e+00 0.0000e+00 0.0000e+00 2.8304e+01 -1.9615e-01 0.0000e+00 0.0000e+00 1.9615e-01 2.8223e+01 
49.0 2.8022e+01 -6.3712e+00 0.0000e+00 0.0000e+00 -6.3712e+00 2.7602e+01 0.0000e+00 0.0000e+00 0.0000e+00 0.0000e+00 2.6881e+01 -1.6299e-01 0.0000e+00 0.0000e+00 1.6299e-01 2.6806e+01 
50.0 2.6792e+01 -6.4365e+00 0.0000e+00 0.0000e+00 -6.4365e+00 2.6375e+01 0.0000e+00 0.0000e+00 0.0000e+00 0.0000e+00 2.5534e+01 -1.3083e-01 0.0000e+00 0.0000e+00 1.3083e-01 2.5466e+01 
51.0 2.5633e+01 -6.4971e+00 0.0000e+00 0.0000e+00 -6.4971e+00 2.5219e+01 0.0000e+00 0.0000e+00 0.0000e+00 0.0000e+00 2.4258e+01 -9.9829e-02 0.0000e+00 0.0000e+00 9.9829e-02 2.4196e+01 
52.0 2.4540e+01 -6.5527e+00 0.0000e+00 0.0000e+00 -6.5527e+00 2.4128e+01 0.0000e+00 0.0000e+00 0.0000e+00 0.0000e+00 2.3049e+01 -7.0091e-02 0.0000e+00 0.0000e+00 7.0091e-02 2.2994e+01 
53.0 2.3508e+01 -6.6035e+00 0.0000e+00 0.0000e+00 -6.6035e+00 2.3098e+01 0.0000e+00 0.0000e+00 0.0000e+00 0.0000e+00 2.1903e+01 -4.1645e-02 0.0000e+00 0.0000e+00 4.1645e-02 2.1854e+01 
54.0 2.2533e+01 -6.6491e+00 0.0000e+00 0.0000e+00 -6.6491e+00 2.2125e+01 0.0000e+00 0.0000e+00 0.0000e+00 0.0000e+00 2.0814e+01 -1.4461e-02 0.0000e+00 0.0000e+00 1.4461e-02 2.0771e+01 
55.0 2.1611e+01 -6.6898e+00 0.0000e+00 0.0000e+00 -6.6898e+00 2.1206e+01 0.0000e+00 0.0000e+00 0.0000e+00 0.0000e+00 1.9779e+01 1.1492e-02 0.0000e+00 0.0000e+00 -1.1492e-02 1.9742e+01 
56.0 2.0739e+01 -6.7254e+00 0.0000e+00 0.0000e+00 -6.7254e+00 2.0336e+01 0.0000e+00 0.0000e+00 0.0000e+00 0.0000e+00 1.8794e+01 3.6231e-02 0.0000e+00 0.0000e+00 -3.6231e-02 1.8764e+01 
57.0 1.9914e+01 -6.7560e+00 0.0000e+00 0.0000e+00 -6.7560e+00 1.9512e+01 0.0000e+00 0.0000e+00 0.0000e+00 0.0000e+00 1.7857e+01 5.9770e-02 0.0000e+00 0.0000e+00 -5.9770e-02 1.7833e+01 
58.0 1.9132e+01 -6.7815e+00 0.0000e+00 0.0000e+00 -6.7815e+00 1.8732e+01 0.0000e+00 0.0000e+00 0.0000e+00 0.0000e+00 1.6963e+01 8.2158e-02 0.0000e+00 0.0000e+00 -8.2158e-02 1.6946e+01 
59.0 1.8391e+01 -6.8020e+00 0.0000e+00 0.0000e+00 -6.8020e+00 1.7993e+01 0.0000e+00 0.0000e+00 0.0000e+00 0.0000e+00 1.6111e+01 1.0352e-01 0.0000e+00 0.0000e+00 -1.0352e-01 1.6100e+01 
60.0 1.7689e+01 -6.8175e+00 0.0000e+00 0.0000e+00 -6.8175e+00 1.7292e+01 0.0000e+00 0.0000e+00 0.0000e+00 0.0000e+00 1.5298e+01 1.2403e-01 0.0000e+00 0.0000e+00 -1.2403e-01 1.5293e+01 
61.0 1.7023e+01 -6.8283e+00 0.0000e+00 0.0000e+00 -6.8283e+00 1.6628e+01 0.0000e+00 0.0000e+00 0.0000e+00 0.0000e+00 1.4521e+01 1.4389e-01 0.0000e+00 0.0000e+00 -1.4389e-01 1.4522e+01 
62.0 1.6392e+01 -6.8345e+00 0.0000e+00 0.0000e+00 -6.8345e+00 1.5998e+01 0.0000e+00 0.0000e+00 0.0000e+00 0.0000e+00 1.3779e+01 1.6319e-01 0.0000e+00 0.0000e+00 -1.6319e-01 1.3787e+01 
63.0 1.5793e+01 -6.8363e+00 0.0000e+00 0.0000e+00 -6.8363e+00 1.5400e+01 0.0000e+00 0.0000e+00 0.0000e+00 0.0000e+00 1.3069e+01 1.8192e-01 0.0000e+00 0.0000e+00 -1.8192e-01 1.3083e+01 
64.0 1.5226e+01 -6.8338e+00 0.0000e+00 0.0000e+00 -6.8338e+00 1.4833e+01 0.0000e+00 0.0000e+00 0.0000e+00 0.0000e+00 1.2391e+01 2.0001e-01 0.0000e+00 0.0000e+00 -2.0001e-01 1.2411e+01 
65.0 1.4687e+01 -6.8271e+00 0.0000e+00 0.0000e+00 -6.8271e+00 1.4296e+01 0.0000e+00 0.0000e+00 0.0000e+00 0.0000e+00 1.1742e+01 2.1737e-01 0.0000e+00 0.0000e+00 -2.1737e-01 1.1768e+01 
66.0 1.4176e+01 -6.8162e+00 0.0000e+00 0.0000e+00 -6.8162e+00 1.3785e+01 0.0000e+00 0.0000e+00 0.0000e+00 0.0000e+00 1.1120e+01 2.3402e-01 0.0000e+00 0.0000e+00 -2.3402e-01 1.1153e+01 
67.0 1.3691e+01 -6.8012e+00 0.0000e+00 0.0000e+00 -6.8012e+00 1.3300e+01 0.0000e+00 0.0000e+00 0.0000e+00 0.0000e+00 1.0524e+01 2.4997e-01 0.0000e+00 0.0000e+00 -2.4997e-01 1.0564e+01 
68.0 1.3230e+01 -6.7822e+00 0.0000e+00 0.0000e+00 -6.7822e+00 1.2840e+01 0.0000e+00 0.0000e+00 0.0000e+00 0.0000e+00 9.9523e+00 2.6526e-01 0.0000e+00 0.0000e+00 -2.6526e-01 9.9989e+00 
69.0 1.2793e+01 -6.7595e+00 0.0000e+00 0.0000e+00 -6.7595e+00 1.2403e+01 0.0000e+00 0.0000e+00 0.0000e+00 0.0000e+00 9.4041e+00 2.7987e-01 0.0000e+00 0.0000e+00 -2.7987e-01 9.4574e+00 
70.0 1.2377e+01 -6.7330e+00 0.0000e+00 0.0000e+00 -6.7330e+00 1.1988e+01 0.0000e+00 0.0000e+00 0.0000e+00 0.0000e+00 8.8779e+00 2.9381e-01 0.0000e+00 0.0000e+00 -2.9381e-01 8.9379e+00 
71.0 1.1983e+01 -6.7029e+00 0.0000e+00 0.0000e+00 -6.7029e+00 1.1593e+01 0.0000e+00 0.0000e+00 0.0000e+00 0.0000e+00 8.3726e+00 3.0709e-01 0.0000e+00 0.0000e+00 -3.0709e-01 8.4393e+00 
72.0 1.1607e+01 -6.6693e+00 0.0000e+00 0.0000e+00 -6.6693e+00 1.1218e+01 0.0000e+00 0.0000e+00 0.0000e+00 0.0000e+00 7.8870e+00 3.1972e-01 0.0000e+00 0.0000e+00 -3.1972e-01 7.9605e+00 
73.0 1.1251e+01 -6.6324e+00 0.0000e+00 0.0000e+00 -6.6324e+00 1.0861e+01 0.0000e+00 0.0000e+00 0.0000e+00 0.0000e+00 7.4203e+00 3.3168e-01 0.0000e+00 0.0000e+00 -3.3168e-01 7.5006e+00 
74.0 1.0913e+01 -6.5923e+00 0.0000e+00 0.0000e+00 -6.5923e+00 1.0522e+01 0.0000e+00 0.0000e+00 0.0000e+00 0.0000e+00 6.9715e+00 3.4291e-01 0.0000e+00 0.0000e+00 -3.4291e-01 7.0587e+00 
75.0 1.0591e+01 -6.5492e+00 0.0000e+00 0.0000e+00 -6.5492e+00 1.0200e+01 0.0000e+00 0.0000e+00 0.0000e+00 0.0000e+00 6.5398e+00 3.5330e-01 0.0000e+00 0.0000e+00 -3.5330e-01 6.6339e+00 
76.0 1.0285e+01 -6.5031e+00 0.0000e+00 0.0000e+00 -6.5031e+00 9.8934e+00 0.0000e+00 0.0000e+00 0.0000e+00 0.0000e+00 6.1243e+00 3.6278e-01 0.0000e+00 0.0000e+00 -3.6278e-01 6.2253e+00 
77.0 9.9942e+00 -6.4541e+00 0.0000e+00 0.0000e+00 -6.4541e+00 9.6019e+00 0.0000e+00 0.0000e+00 0.0000e+00 0.0000e+00 5.7241e+00 3.7129e-01 0.0000e+00 0.0000e+00 -3.7129e-01 5.8321e+00 
78.0 9.7177e+00 -6.4022e+00 0.0000e+00 0.0000e+00 -6.4022e+00 9.3245e+00 0.0000e+00 0.0000e+00 0.0000e+00 0.0000e+00 5.3384e+00 3.7882e-01 0.0000e+00 0.0000e+00 -3.7882e-01 5.4533e+00 
79.0 9.4545e+00 -6.3475e+00 0.0000e+00 0.0000e+00 -6.3475e+00 9.0605e+00 0.0000e+00 0.0000e+00 0.0000e+00 0.0000e+00 4.9665e+00 3.8538e-01 0.0000e+00 0.0000e+00 -3.8538e-01 5.0884e+00 
80.0 9.2041e+00 -6.2900e+00 0.0000e+00 0.0000e+00 -6.2900e+00 8.8091e+00 0.0000e+00 0.0000e+00 0.0000e+00 0.0000e+00 4.6077e+00 3.9099e-01 0.0000e+00 0.0000e+00 -3.9099e-01 4.7366e+00 
81.0 8.9658e+00 -6.2300e+00 0.0000e+00 0.0000e+00 -6.2300e+00 8.5699e+00 0.0000e+00 0.0000e+00 0.0000e+00 0.0000e+00 4.2615e+00 3.9567e-01 0.0000e+00 0.0000e+00 -3.9567e-01 4.3972e+00 
82.0 8.7391e+00 -6.1674e+00 0.0000e+00 0.0000e+00 -6.1674e+00 8.3421e+00 0.0000e+00 0.0000e+00 0.0000e+00 0.0000e+00 3.9271e+00 3.9943e-01 0.0000e+00 0.0000e+00 -3.9943e-01 4.0698e+00 
83.0 8.5233e+00 -6.1024e+00 0.0000e+00 0.0000e+00 -6.1024e+00 8.1253e+00 0.0000e+00 0.0000e+00 0.0000e+00 0.0000e+00 3.6042e+00 4.0229e-01 0.0000e+00 0.0000e+00 -4.0229e-01 3.7536e+00 
84.0 8.3179e+00 -6.0350e+00 0.0000e+00 0.0000e+00 -6.0350e+00 7.9188e+00 0.0000e+00 0.0000e+00 0.0000e+00 0.0000e+00 3.2921e+00 4.0431e-01 0.0000e+00 0.0000e+00 -4.0431e-01 3.4483e+00 
85.0 8.1224e+00 -5.9654e+00 0.0000e+00 0.0000e+00 -5.9654e+00 7.7223e+00 0.0000e+00 0.0000e+00 0.0000e+00 0.0000e+00 2.9904e+00 4.0550e-01 0.0000e+00 0.0000e+00 -4.0550e-01 3.1533e+00 
86.0 7.9364e+00 -5.8936e+00 0.0000e+00 0.0000e+00 -5.8936e+00 7.5353e+00 0.0000e+00 0.0000e+00 0.0000e+00 0.0000e+00 2.6987e+00 4.0594e-01 0.0000e+00 0.0000e+00 -4.0594e-01 2.8681e+00 
87.0 7.7595e+00 -5.8196e+00 0.0000e+00 0.0000e+00 -5.8196e+00 7.3574e+00 0.0000e+00 0.0000e+00 0.0000e+00 0.0000e+00 2.4165e+00 4.0570e-01 0.0000e+00 0.0000e+00 -4.0570e-01 2.5924e+00 
88.0 7.5912e+00 -5.7437e+00 0.0000e+00 0.0000e+00 -5.7437e+00 7.1881e+00 0.0000e+00 0.0000e+00 0.0000e+00 0.0000e+00 2.1434e+00 4.0486e-01 0.0000e+00 0.0000e+00 -4.0486e-01 2.3256e+00 
89.0 7.4312e+00 -5.6659e+00 0.0000e+00 0.0000e+00 -5.6659e+00 7.0272e+00 0.0000e+00 0.0000e+00 0.0000e+00 0.0000e+00 1.8792e+00 4.0352e-01 0.0000e+00 0.0000e+00 -4.0352e-01 2.0676e+00 
90.0 7.2792e+00 -5.5863e+00 0.0000e+00 0.0000e+00 -5.5863e+00 6.8744e+00 0.0000e+00 0.0000e+00 0.0000e+00 0.0000e+00 1.6234e+00 4.0175e-01 0.0000e+00 0.0000e+00 -4.0175e-01 1.8178e+00 
91.0 7.1348e+00 -5.5051e+00 0.0000e+00 0.0000e+00 -5.5051e+00 6.7293e+00 0.0000e+00 0.0000e+00 0.0000e+00 0.0000e+00 1.3758e+00 3.9961e-01 0.0000e+00 0.0000e+00 -3.9961e-01 1.5761e+00 
92.0 6.9979e+00 -5.4224e+00 0.0000e+00 0.0000e+00 -5.4224e+00 6.5917e+00 0.0000e+00 0.0000e+00 0.0000e+00 0.0000e+00 1.1362e+00 3.9716e-01 0.0000e+00 0.0000e+00 -3.9716e-01 1.3422e+00 
93.0 6.8680e+00 -5.3383e+00 0.0000e+00 0.0000e+00 -5.3383e+00 6.4612e+00 0.0000e+00 0.0000e+00 0.0000e+00 0.0000e+00 9.0422e-01 3.9446e-01 0.0000e+00 0.0000e+00 -3.9446e-01 1.1157e+00 
94.0 6.7449e+00 -5.2529e+00 0.0000e+00 0.0000e+00 -5.2529e+00 6.3377e+00 0.0000e+00 0.0000e+00 0.0000e+00 0.0000e+00 6.7968e-01 3.9154e-01 0.0000e+00 0.0000e+00 -3.9154e-01 8.9653e-01 
95.0 6.6285e+00 -5.1663e+00 0.0000e+00 0.0000e+00 -5.1663e+00 6.2209e+00 0.0000e+00 0.0000e+00 0.0000e+00 0.0000e+00 4.6235e-01 3.8847e-01 0.0000e+00 0.0000e+00 -3.8847e-01 6.8433e-01 
96.0 6.5183e+00 -5.0787e+00 0.0000e+00 0.0000e+00 -5.0787e+00 6.1104e+00 0.0000e+00 0.0000e+00 0.0000e+00 0.0000e+00 2.5200e-01 3.8527e-01 0.0000e+00 0.0000e+00 -3.8527e-01 4.7892e-01 
97.0 6.4143e+00 -4.9900e+00 0.0000e+00 0.0000e+00 -4.9900e+00 6.0062e+00 0.0000e+00 0.0000e+00 0.0000e+00 0.0000e+00 4.8412e-02 3.8199e-01 0.0000e+00 0.0000e+00 -3.8199e-01 2.8007e-01 
98.0 6.3161e+00 -4.9006e+00 0.0000e+00 0.0000e+00 -4.9006e+00 5.9080e+00 0.0000e+00 0.0000e+00 0.0000e+00 0.0000e+00 -1.4864e-01 3.7865e-01 0.0000e+00 0.0000e+00 -3.7865e-01 8.7574e-02 
99.0 6.2236e+00 -4.8104e+00 0.0000e+00 0.0000e+00 -4.8104e+00 5.8155e+00 0.0000e+00 0.0000e+00 0.0000e+00 0.0000e+00 -3.3936e-01 3.7529e-01 0.0000e+00 0.0000e+00 -3.7529e-01 -9.8775e-02 
100.0 6.1366e+00 -4.7195e+00 0.0000e+00 0.0000e+00 -4.7195e+00 5.7285e+00 0.0000e+00 0.0000e+00 0.0000e+00 0.0000e+00 -5.2395e-01 3.7193e-01 0.0000e+00 0.0000e+00 -3.7193e-01 -2.7917e-01 
101.0 6.0548e+00 -4.6281e+00 0.0000e+00 0.0000e+00 -4.6281e+00 5.6468e+00 0.0000e+00 0.0000e+00 0.0000e+00 0.0000e+00 -7.0260e-01 3.6860e-01 0.0000e+00 0.0000e+00 -3.6860e-01 -4.5379e-01 
102.0 5.9779e+00 -4.5363e+00 0.0000e+00 0.0000e+00 -4.5363e+00 5.5703e+00 0.0000e+00 0.0000e+00 0.0000e+00 0.0000e+00 -8.7547e-01 3.6532e-01 0.0000e+00 0.0000e+00 -3.6532e-01 -6.2279e-01 
103.0 5.9060e+00 -4.4441e+00 0.0000e+00 0.0000e+00 -4.4441e+00 5.4986e+00 0.0000e+00 0.0000e+00 0.0000e+00 0.0000e+00 -1.0427e+00 3.6209e-01 0.0000e+00 0.0000e+00 -3.6209e-01 -7.8634e-01 
104.0 5.8387e+00 -4.3516e+00 0.0000e+00 0.0000e+00 -4.3516e+00 5.4317e+00 0.0000e+00 0.0000e+00 0.0000e+00 0.0000e+00 -1.2045e+00 3.5892e-01 0.0000e+00 0.0000e+00 -3.5892e-01 -9.4459e-01 
105.0 5.7758e+00 -4.2590e+00 0.0000e+00 0.0000e+00 -4.2590e+00 5.3692e+00 0.0000e+00 0.0000e+00 0.0000e+00 0.0000e+00 -1.3610e+00 3.5579e-01 0.0000e+00 0.0000e+00 -3.5579e-01 -1.0977e+00 
106.0 5.7172e+00 -4.1662e+00 0.0000e+00 0.0000e+00 -4.1662e+00 5.3111e+00 0.0000e+00 0.0000e+00 0.0000e+00 0.0000e+00 -1.5124e+00 3.5271e-01 0.0000e+00 0.0000e+00 -3.5271e-01 -1.2458e+00 
107.0 5.6627e+00 -4.0735e+00 0.0000e+00 0.0000e+00 -4.0735e+00 5.2571e+00 0.0000e+00 0.0000e+00 0.0000e+00 0.0000e+00 -1.6587e+00 3.4965e-01 0.0000e+00 0.0000e+00 -3.4965e-01 -1.3890e+00 
108.0 5.6120e+00 -3.9808e+00 0.0000e+00 0.0000e+00 -3.9808e+00 5.2071e+00 0.0000e+00 0.0000e+00 0.0000e+00 0.0000e+00 -1.8002e+00 3.4661e-01 0.0000e+00 0.0000e+00 -3.4661e-01 -1.5275e+00 
109.0 5.5652e+00 -3.8882e+00 0.0000e+00 0.0000e+00 -3.8882e+00 5.1608e+00 0.0000e+00 0.0000e+00 0.0000e+00 0.0000e+00 -1.9371e+00 3.4357e-01 0.0000e+00 0.0000e+00 -3.4357e-01 -1.6614e+00 
110.0 5.5218e+00 -3.7958e+00 0.0000e+00 0.0000e+00 -3.7958e+00 5.1181e+00 0.0000e+00 0.0000e+00 0.0000e+00 0.0000e+00 -2.0693e+00 3.4051e-01 0.0000e+00 0.0000e+00 -3.4051e-01 -1.7908e+00 
111.0 5.4819e+00 -3.7037e+00 0.0000e+00 0.0000e+00 -3.7037e+00 5.0788e+00 0.0000e+00 0.0000e+00 0.0000e+00 0.0000e+00 -2.1972e+00 3.3742e-01 0.0000e+00 0.0000e+00 -3.3742e-01 -1.9160e+00 
112.0 5.4453e+00 -3.6119e+00 0.0000e+00 0.0000e+00 -3.6119e+00 5.0428e+00 0.0000e+00 0.0000e+00 0.0000e+00 0.0000e+00 -2.3208e+00 3.3429e-01 0.0000e+00 0.0000e+00 -3.3429e-01 -2.0370e+00 
113.0 5.4118e+00 -3.5204e+00 0.0000e+00 0.0000e+00 -3.5204e+00 5.0100e+00 0.0000e+00 0.0000e+00 0.0000e+00 0.0000e+00 -2.4403e+00 3.3109e-01 0.0000e+00 0.0000e+00 -3.3109e-01 -2.1539e+00 
114.0 5.3813e+00 -3.4294e+00 0.0000e+00 0.0000e+00 -3.4294e+00 4.9802e+00 0.0000e+00 0.0000e+00 0.0000e+00 0.0000e+00 -2.5558e+00 3.2782e-01 0.0000e+00 0.0000e+00 -3.2782e-01 -2.2669e+00 
115.0 5.3536e+00 -3.3388e+00 0.0000e+00 0.0000e+00 -3.3388e+00 4.9531e+00 0.0000e+00 0.0000e+00 0.0000e+00 0.0000e+00 -2.6674e+00 3.2445e-01 0.0000e+00 0.0000e+00 -3.2445e-01 -2.3762e+00 
116.0 5.3286e+00 -3.2488e+00 0.0000e+00 0.0000e+00 -3.2488e+00 4.9288e+00 0.0000e+00 0.0000e+00 0.0000e+00 0.0000e+00 -2.7754e+00 3.2097e-01 0.0000e+00 0.0000e+00 -3.2097e-01 -2.4819e+00 
117.0 5.3063e+00 -3.1593e+00 0.0000e+00 0.0000e+00 -3.1593e+00 4.9071e+00 0.0000e+00 0.0000e+00 0.0000e+00 0.0000e+00 -2.8799e+00 3.1738e-01 0.0000e+00 0.0000e+00 -3.1738e-01 -2.5840e+00 
118.0 5.2863e+00 -3.0705e+00 0.0000e+00 0.0000e+00 -3.0705e+00 4.8877e+00 0.0000e+00 0.0000e+00 0.0000e+00 0.0000e+00 -2.9809e+00 3.1368e-01 0.0000e+00 0.0000e+00 -3.1368e-01 -2.6827e+00 
119.0 5.2688e+00 -2.9823e+00 0.0000e+00 0.0000e+00 -2.9823e+00 4.8708e+00 0.0000e+00 0.0000e+00 0.0000e+00 0.0000e+00 -3.0786e+00 3.0990e-01 0.0000e+00 0.0000e+00 -3.0990e-01 -2.7783e+00 
120.0 5.2535e+00 -2.8947e+00 0.0000e+00 0.0000e+00 -2.8947e+00 4.8560e+00 0.0000e+00 0.0000e+00 0.0000e+00 0.0000e+00 -3.1731e+00 3.0605e-01 0.0000e+00 0.0000e+00 -3.0605e-01 -2.8706e+00 
121.0 5.2403e+00 -2.8079e+00 0.0000e+00 0.0000e+00 -2.8079e+00 4.8434e+00 0.0000e+00 0.0000e+00 0.0000e+00 0.0000e+00 -3.2646e+00 3.0212e-01 0.0000e+00 0.0000e+00 -3.0212e-01 -2.9599e+00 
122.0 5.2292e+00 -2.7218e+00 0.0000e+00 0.0000e+00 -2.7218e+00 4.8328e+00 0.0000e+00 0.0000e+00 0.0000e+00 0.0000e+00 -3.3530e+00 2.9813e-01 0.0000e+00 0.0000e+00 -2.9813e-01 -3.0463e+00 
123.0 5.2199e+00 -2.6366e+00 0.0000e+00 0.0000e+00 -2.6366e+00 4.8241e+00 0.0000e+00 0.0000e+00 0.0000e+00 0.0000e+00 -3.4385e+00 2.9408e-01 0.0000e+00 0.0000e+00 -2.9408e-01 -3.1299e+00 
124.0 5.2125e+00 -2.5522e+00 0.0000e+00 0.0000e+00 -2.5522e+00 4.8172e+00 0.0000e+00 0.0000e+00 0.0000e+00 0.0000e+00 -3.5213e+00 2.9000e-01 0.0000e+00 0.0000e+00 -2.9000e-01 -3.2107e+00 
125.0 5.2068e+00 -2.4686e+00 0.0000e+00 0.0000e+00 -2.4686e+00 4.8120e+00 0.0000e+00 0.0000e+00 0.0000e+00 0.0000e+00 -3.6013e+00 2.8590e-01 0.0000e+00 0.0000e+00 -2.8590e-01 -3.2889e+00 
126.0 5.2027e+00 -2.3860e+00 0.0000e+00 0.0000e+00 -2.3860e+00 4.8084e+00 0.0000e+00 0.0000e+00 0.0000e+00 0.0000e+00 -3.6787e+00 2.8177e-01 0.0000e+00 0.0000e+00 -2.8177e-01 -3.3645e+00 
127.0 5.2000e+00 -2.3043e+00 0.0000e+00 0.0000e+00 -2.3043e+00 4.8064e+00 0.0000e+00 0.0000e+00 0.0000e+00 0.0000e+00 -3.7535e+00 2.7763e-01 0.0000e+00 0.0000e+00 -2.7763e-01 -3.4376e+00 
128.0 5.1988e+00 -2.2236e+00 0.0000e+00 0.0000e+00 -2.2236e+00 4.8058e+00 0.0000e+00 0.0000e+00 0.0000e+00 0.0000e+00 -3.8258e+00 2.7348e-01 0.0000e+00 0.0000e+00 -2.7348e-01 -3.5083e+00 
129.0 5.1990e+00 -2.1439e+00 0.0000e+00 0.0000e+00 -2.1439e+00 4.8065e+00 0.0000e+00 0.0000e+00 0.0000e+00 0.0000e+00 -3.8958e+00 2.6934e-01 0.0000e+00 0.0000e+00 -2.6934e-01 -3.5767e+00 
130.0 5.2004e+00 -2.0653e+00 0.0000e+00 0.0000e+00 -2.0653e+00 4.8085e+00 0.0000e+00 0.0000e+00 0.0000e+00 0.0000e+00 -3.9634e+00 2.6522e-01 0.0000e+00 0.0000e+00 -2.6522e-01 -3.6428e+00 
131.0 5.2030e+00 -1.9878e+00 0.0000e+00 0.0000e+00 -1.9878e+00 4.8118e+00 0.0000e+00 0.0000e+00 0.0000e+00 0.0000e+00 -4.0287e+00 2.6114e-01 0.0000e+00 0.0000e+00 -2.6114e-01 -3.7068e+00 
132.0 5.2068e+00 -1.9115e+00 0.0000e+00 0.0000e+00 -1.9115e+00 4.8163e+00 0.0000e+00 0.0000e+00 0.0000e+00 0.0000e+00 -4.0918e+00 2.5712e-01 0.0000e+00 0.0000e+00 -2.5712e-01 -3.7686e+00 
133.0 5.2116e+00 -1.8365e+00 0.0000e+00 0.0000e+00 -1.8365e+00 4.8219e+00 0.0000e+00 0.0000e+00 0.0000e+00 0.0000e+00 -4.1527e+00 2.5314e-01 0.0000e+00 0.0000e+00 -2.5314e-01 -3.8283e+00 
134.0 5.2174e+00 -1.7627e+00 0.0000e+00 0.0000e+00 -1.7627e+00 4.8285e+00 0.0000e+00 0.0000e+00 0.0000e+00 0.0000e+00 -4.2114e+00 2.4919e-01 0.0000e+00 0.0000e+00 -2.4919e-01 -3.8860e+00 
135.0 5.2241e+00 -1.6902e+00 0.0000e+00 0.0000e+00 -1.6902e+00 4.8361e+00 0.0000e+00 0.0000e+00 0.0000e+00 0.0000e+00 -4.2681e+00 2.4520e-01 0.0000e+00 0.0000e+00 -2.4520e-01 -3.9418e+00 
136.0 5.2314e+00 -1.6191e+00 0.0000e+00 0.0000e+00 -1.6191e+00 4.8446e+00 0.0000e+00 0.0000e+00 0.0000e+00 0.0000e+00 -4.3227e+00 2.4116e-01 0.0000e+00 0.0000e+00 -2.4116e-01 -3.9956e+00 
137.0 5.2395e+00 -1.5493e+00 0.0000e+00 0.0000e+00 -1.5493e+00 4.8538e+00 0.0000e+00 0.0000e+00 0.0000e+00 0.0000e+00 -4.3753e+00 2.3706e-01 0.0000e+00 0.0000e+00 -2.3706e-01 -4.0476e+00 
138.0 5.2482e+00 -1.4808e+00 0.0000e+00 0.0000e+00 -1.4808e+00 4.8638e+00 0.0000e+00 0.0000e+00 0.0000e+00 0.0000e+00 -4.4260e+00 2.3290e-01 0.0000e+00 0.0000e+00 -2.3290e-01 -4.0979e+00 
139.0 5.2574e+00 -1.4138e+00 0.0000e+00 0.0000e+00 -1.4138e+00 4.8745e+00 0.0000e+00 0.0000e+00 0.0000e+00 0.0000e+00 -4.4748e+00 2.2864e-01 0.0000e+00 0.0000e+00 -2.2864e-01 -4.1465e+00 
140.0 5.2670e+00 -1.3482e+00 0.0000e+00 0.0000e+00 -1.3482e+00 4.8858e+00 0.0000e+00 0.0000e+00 0.0000e+00 0.0000e+00 -4.5218e+00 2.2423e-01 0.0000e+00 0.0000e+00 -2.2423e-01 -4.1934e+00 
141.0 5.2769e+00 -1.2841e+00 0.0000e+00 0.0000e+00 -1.2841e+00 4.8975e+00 0.0000e+00 0.0000e+00 0.0000e+00 0.0000e+00 -4.5669e+00 2.1964e-01 0.0000e+00 0.0000e+00 -2.1964e-01 -4.2388e+00 
142.0 5.2870e+00 -1.2214e+00 0.0000e+00 0.0000e+00 -1.2214e+00 4.9096e+00 0.0000e+00 0.0000e+00 0.0000e+00 0.0000e+00 -4.6104e+00 2.1485e-01 0.0000e+00 0.0000e+00 -2.1485e-01 -4.2826e+00 
143.0 5.2974e+00 -1.1601e+00 0.0000e+00 0.0000e+00 -1.1601e+00 4.9223e+00 0.0000e+00 0.0000e+00 0.0000e+00 0.0000e+00 -4.6521e+00 2.0993e-01 0.0000e+00 0.0000e+00 -2.0993e-01 -4.3249e+00 
144.0 5.3079e+00 -1.1002e+00 0.0000e+00 0.0000e+00 -1.1002e+00 4.9353e+00 0.0000e+00 0.0000e+00 0.0000e+00 0.0000e+00 -4.6920e+00 2.0491e-01 0.0000e+00 0.0000e+00 -2.0491e-01 -4.3657e+00 
145.0 5.3187e+00 -1.0418e+00 0.0000e+00 0.0000e+00 -1.0418e+00 4.9487e+00 0.0000e+00 0.0000e+00 0.0000e+00 0.0000e+00 -4.7302e+00 1.9980e-01 0.0000e+00 0.0000e+00 -1.9980e-01 -4.4050e+00 
146.0 5.3295e+00 -9.8482e-01 0.0000e+00 0.0000e+00 -9.8482e-01 4.9625e+00 0.0000e+00 0.0000e+00 0.0000e+00 0.0000e+00 -4.7666e+00 1.9455e-01 0.0000e+00 0.0000e+00 -1.9455e-01 -4.4429e+00 
147.0 5.3403e+00 -9.2921e-01 0.0000e+00 0.0000e+00 -9.2921e-01 4.9765e+00 0.0000e+00 0.0000e+00 0.0000e+00 0.0000e+00 -4.8015e+00 1.8913e-01 0.0000e+00 0.0000e+00 -1.8913e-01 -4.4794e+00 
148.0 5.3510e+00 -8.7496e-01 0.0000e+00 0.0000e+00 -8.7496e-01 4.9906e+00 0.0000e+00 0.0000e+00 0.0000e+00 0.0000e+00 -4.8347e+00 1.8352e-01 0.0000e+00 0.0000e+00 -1.8352e-01 -4.5146e+00 
149.0 5.3615e+00 -8.2206e-01 0.0000e+00 0.0000e+00 -8.2206e-01 5.0047e+00 0.0000e+00 0.0000e+00 0.0000e+00 0.0000e+00 -4.8665e+00 1.7772e-01 0.0000e+00 0.0000e+00 -1.7772e-01 -4.5486e+00 
150.0 5.3720e+00 -7.7052e-01 0.0000e+00 0.0000e+00 -7.7052e-01 5.0190e+00 0.0000e+00 0.0000e+00 0.0000e+00 0.0000e+00 -4.8968e+00 1.7174e-01 0.0000e+00 0.0000e+00 -1.7174e-01 -4.5814e+00 
151.0 5.3823e+00 -7.2034e-01 0.0000e+00 0.0000e+00 -7.2034e-01 5.0332e+00 0.0000e+00 0.0000e+00 0.0000e+00 0.0000e+00 -4.9258e+00 1.6560e-01 0.0000e+00 0.0000e+00 -1.6560e-01 -4.6130e+00 
152.0 5.3926e+00 -6.7149e-01 0.0000e+00 0.0000e+00 -6.7149e-01 5.0475e+00 0.0000e+00 0.0000e+00 0.0000e+00 0.0000e+00 -4.9535e+00 1.5930e-01 0.0000e+00 0.0000e+00 -1.5930e-01 -4.6433e+00 
153.0 5.4029e+00 -6.2398e-01 0.0000e+00 0.0000e+00 -6.2398e-01 5.0618e+00 0.0000e+00 0.0000e+00 0.0000e+00 0.0000e+00 -4.9799e+00 1.5279e-01 0.0000e+00 0.0000e+00 -1.5279e-01 -4.6724e+00 
154.0 5.4131e+00 -5.7779e-01 0.0000e+00 0.0000e+00 -5.7779e-01 5.0760e+00 0.0000e+00 0.0000e+00 0.0000e+00 0.0000e+00 -5.0050e+00 1.4608e-01 0.0000e+00 0.0000e+00 -1.4608e-01 -4.7003e+00 
155.0 5.4235e+00 -5.3289e-01 0.0000e+00 0.0000e+00 -5.3289e-01 5.0902e+00 0.0000e+00 0.0000e+00 0.0000e+00 0.0000e+00 -5.0289e+00 1.3926e-01 0.0000e+00 0.0000e+00 -1.3926e-01 -4.7270e+00 
156.0 5.4341e+00 -4.8929e-01 0.0000e+00 0.0000e+00 -4.8929e-01 5.1047e+00 0.0000e+00 0.0000e+00 0.0000e+00 0.0000e+00 -5.0516e+00 1.3251e-01 0.0000e+00 0.0000e+00 -1.3251e-01 -4.7525e+00 
157.0 5.4450e+00 -4.4703e-01 0.0000e+00 0.0000e+00 -4.4703e-01 5.1195e+00 0.0000e+00 0.0000e+00 0.0000e+00 0.0000e+00 -5.0731e+00 1.2598e-01 0.0000e+00 0.0000e+00 -1.2598e-01 -4.7768e+00 
158.0 5.4563e+00 -4.0616e-01 0.0000e+00 0.0000e+00 -4.0616e-01 5.1346e+00 0.0000e+00 0.0000e+00 0.0000e+00 0.0000e+00 -5.0933e+00 1.1961e-01 0.0000e+00 0.0000e+00 -1.1961e-01 -4.8000e+00 
159.0 5.4676e+00 -3.6674e-01 0.0000e+00 0.0000e+00 -3.6674e-01 5.1499e+00 0.0000e+00 0.0000e+00 0.0000e+00 0.0000e+00 -5.1124e+00 1.1322e-01 0.0000e+00 0.0000e+00 -1.1322e-01 -4.8221e+00 
160.0 5.4788e+00 -3.2877e-01 0.0000e+00 0.0000e+00 -3.2877e-01 5.1651e+00 0.0000e+00 0.0000e+00 0.0000e+00 0.0000e+00 -5.1304e+00 1.0672e-01 0.0000e+00 0.0000e+00 -1.0672e-01 -4.8431e+00 
161.0 5.4903e+00 -2.9220e-01 0.0000e+00 0.0000e+00 -2.9220e-01 5.1805e+00 0.0000e+00 0.0000e+00 0.0000e+00 0.0000e+00 -5.1474e+00 1.0019e-01 0.0000e+00 0.0000e+00 -1.0019e-01 -4.8632e+00 
162.0 5.5021e+00 -2.5701e-01 0.0000e+00 0.0000e+00 -2.5701e-01 5.1965e+00 0.0000e+00 0.0000e+00 0.0000e+00 0.0000e+00 -5.1631e+00 9.3801e-02 0.0000e+00 0.0000e+00 -9.3801e-02 -4.8822e+00 
163.0 5.5144e+00 -2.2323e-01 0.0000e+00 0.0000e+00 -2.2323e-01 5.2132e+00 0.0000e+00 0.0000e+00 0.0000e+00 0.0000e+00 -5.1774e+00 8.7541e-02 0.0000e+00 0.0000e+00 -8.7541e-02 -4.9000e+00 
164.0 5.5268e+00 -1.9094e-01 0.0000e+00 0.0000e+00 -1.9094e-01 5.2305e+00 0.0000e+00 0.0000e+00 0.0000e+00 0.0000e+00 -5.1904e+00 8.1075e-02 0.0000e+00 0.0000e+00 -8.1075e-02 -4.9170e+00 
165.0 5.5388e+00 -1.6024e-01 0.0000e+00 0.0000e+00 -1.6024e-01 5.2476e+00 0.0000e+00 0.0000e+00 0.0000e+00 0.0000e+00 -5.2023e+00 7.3920e-02 0.0000e+00 0.0000e+00 -7.3920e-02 -4.9334e+00 
166.0 5.5502e+00 -1.3135e-01 0.0000e+00 0.0000e+00 -1.3135e-01 5.2642e+00 0.0000e+00 0.0000e+00 0.0000e+00 0.0000e+00 -5.2137e+00 6.5589e-02 0.0000e+00 0.0000e+00 -6.5589e-02 -4.9494e+00 
167.0 5.5608e+00 -1.0466e-01 0.0000e+00 0.0000e+00 -1.0466e-01 5.2796e+00 0.0000e+00 0.0000e+00 0.0000e+00 0.0000e+00 -5.2249e+00 5.5598e-02 0.0000e+00 0.0000e+00 -5.5598e-02 -4.9653e+00 
168.0 5.5704e+00 -8.0732e-02 0.0000e+00 0.0000e+00 -8.0732e-02 5.2930e+00 0.0000e+00 0.0000e+00 0.0000e+00 0.0000e+00 -5.2366e+00 4.3489e-02 0.0000e+00 0.0000e+00 -4.3489e-02 -4.9806e+00 
169.0 5.5798e+00 -6.0050e-02 0.0000e+00 0.0000e+00 -6.0050e-02 5.3039e+00 0.0000e+00 0.0000e+00 0.0000e+00 0.0000e+00 -5.2493e+00 2.8982e-02 0.0000e+00 0.0000e+00 -2.8982e-02 -4.9947e+00 
170.0 5.5903e+00 -4.2923e-02 0.0000e+00 0.0000e+00 -4.2923e-02 5.3123e+00 0.0000e+00 0.0000e+00 0.0000e+00 0.0000e+00 -5.2639e+00 1.2073e-02 0.0000e+00 0.0000e+00 -1.2073e-02 -5.0065e+00 
171.0 5.6039e+00 -2.9457e-02 0.0000e+00 0.0000e+00 -2.9457e-02 5.3180e+00 0.0000e+00 0.0000e+00 0.0000e+00 0.0000e+00 -5.2810e+00 -6.9144e-03 0.0000e+00 0.0000e+00 6.9144e-03 -5.0146e+00 
172.0 5.6229e+00 -1.9678e-02 0.0000e+00 0.0000e+00 -1.9678e-02 5.3213e+00 0.0000e+00 0.0000e+00 0.0000e+00 0.0000e+00 -5.3019e+00 -2.7141e-02 0.0000e+00 0.0000e+00 2.7141e-02 -5.0173e+00 
173.0 5.6508e+00 -1.3517e-02 0.0000e+00 0.0000e+00 -1.3517e-02 5.3231e+00 0.0000e+00 0.0000e+00 0.0000e+00 0.0000e+00 -5.3277e+00 -4.6560e-02 0.0000e+00 0.0000e+00 4.6560e-02 -5.0132e+00 
174.0 5.6920e+00 -1.0457e-02 0.0000e+00 0.0000e+00 -1.0457e-02 5.3261e+00 0.0000e+00 0.0000e+00 0.0000e+00 0.0000e+00 -5.3596e+00 -6.1076e-02 0.0000e+00 0.0000e+00 6.1076e-02 -5.0015e+00 
175.0 5.7505e+00 -9.1171e-03 0.0000e+00 0.0000e+00 -9.1171e-03 5.3348e+00 0.0000e+00 0.0000e+00 0.0000e+00 0.0000e+00 -5.3972e+00 -6.5055e-02 0.0000e+00 0.0000e+00 6.5055e-02 -4.9826e+00 
176.0 5.8260e+00 -7.5827e-03 0.0000e+00 0.0000e+00 -7.5827e-03 5.3527e+00 0.0000e+00 0.0000e+00 0.0000e+00 0.0000e+00 -5.4380e+00 -5.4633e-02 0.0000e+00 0.0000e+00 5.4633e-02 -4.9590e+00 
177.0 5.9075e+00 -4.7569e-03 0.0000e+00 0.0000e+00 -4.7569e-03 5.3781e+00 0.0000e+00 0.0000e+00 0.0000e+00 0.0000e+00 -5.4762e+00 -3.2546e-02 0.0000e+00 0.0000e+00 3.2546e-02 -4.9352e+00 
178.0 5.9729e+00 -1.5217e-03 0.0000e+00 0.0000e+00 -1.5217e-03 5.4017e+00 0.0000e+00 0.0000e+00 0.0000e+00 0.0000e+00 -5.5040e+00 -9.7999e-03 0.0000e+00 0.0000e+00 9.7999e-03 -4.9173e+00 
179.0 5.9984e+00 -3.4826e-20 0.0000e+00 0.0000e+00 -3.4826e-20 5.4116e+00 0.0000e+00 0.0000e+00 0.0000e+00 0.0000e+00 -5.5143e+00 -1.3569e-19 0.0000e+00 0.0000e+00 1.3569e-19 -4.9104e+00 
180.0 6.0252e+00 0.0000e+00 0.0000e+00 0.0000e+00 0.0000e+00 5.4215e+00 0.0000e+00 0.0000e+00 0.0000e+00 0.0000e+00 -5.5247e+00 0.0000e+00 0.0000e+00 0.0000e+00 -0.0000e+00 -4.9040e+00 
