0.9476 0.9617 0.0141 0.399998
theta s11 s12 s13 s14 s21 s22 s23 s24 s31 s32 s33 s34 s41 s42 s43 s44
0.0 5.0124e+02 0.0000e+00 0.0000e+00 0.0000e+00 0.0000e+00 5.0103e+02 0.0000e+00 0.0000e+00 0.0000e+00 0.0000e+00 5.0103e+02 0.0000e+00 0.0000e+00 0.0000e+00 -0.0000e+00 5.0083e+02 
1.0 4.5418e+02 -1.8179e-02 0.0000e+00 0.0000e+00 -1.8179e-02 4.5398e+02 0.0000e+00 0.0000e+00 0.0000e+00 0.0000e+00 4.5398e+02 -2.2993e-01 0.0000e+00 0.0000e+00 2.2993e-01 4.5379e+02 
2.0 3.5668e+02 -4.1209e-02 0.0000e+00 0.0000e+00 -4.1209e-02 3.5649e+02 0.0000e+00 0.0000e+00 0.0000e+00 0.0000e+00 3.5649e+02 -7.8173e-01 0.0000e+00 0.0000e+00 7.8173e-01 3.5631e+02 
3.0 2.6154e+02 -4.2659e-02 0.0000e+00 0.0000e+00 -4.2659e-02 2.6136e+02 0.0000e+00 0.0000e+00 0.0000e+00 0.0000e+00 2.6134e+02 -1.3737e+00 0.0000e+00 0.0000e+00 1.3737e+00 2.6118e+02 
4.0 1.8752e+02 -3.0312e-02 0.0000e+00 0.0000e+00 -3.0312e-02 1.8735e+02 0.0000e+00 0.0000e+00 0.0000e+00 0.0000e+00 1.8732e+02 -1.8035e+00 0.0000e+00 0.0000e+00 1.8035e+00 1.8718e+02 
5.0 1.3501e+02 -1.7058e-02 0.0000e+00 0.0000e+00 -1.7058e-02 1.3485e+02 0.0000e+00 0.0000e+00 0.0000e+00 0.0000e+00 1.3480e+02 -2.0214e+00 0.0000e+00 0.0000e+00 2.0214e+00 1.3467e+02 
6.0 9.8940e+01 -9.4997e-03 0.0000e+00 0.0000e+00 -9.4997e-03 9.8791e+01 0.0000e+00 0.0000e+00 0.0000e+00 0.0000e+00 9.8719e+01 -2.0651e+00 0.0000e+00 0.0000e+00 2.0651e+00 9.8611e+01 
7.0 7.4227e+01 -9.5378e-03 0.0000e+00 0.0000e+00 -9.5378e-03 7.4083e+01 0.0000e+00 0.0000e+00 0.0000e+00 0.0000e+00 7.3992e+01 -1.9914e+00 0.0000e+00 0.0000e+00 1.9914e+00 7.3899e+01 
8.0 5.7082e+01 -1.6036e-02 0.0000e+00 0.0000e+00 -1.6036e-02 5.6940e+01 0.0000e+00 0.0000e+00 0.0000e+00 0.0000e+00 5.6835e+01 -1.8511e+00 0.0000e+00 0.0000e+00 1.8511e+00 5.6753e+01 
9.0 4.4982e+01 -2.6150e-02 0.0000e+00 0.0000e+00 -2.6150e-02 4.4841e+01 0.0000e+00 0.0000e+00 0.0000e+00 0.0000e+00 4.4724e+01 -1.6818e+00 0.0000e+00 0.0000e+00 1.6818e+00 4.4653e+01 
10.0 3.6268e+01 -3.6875e-02 0.0000e+00 0.0000e+00 -3.6875e-02 3.6125e+01 0.0000e+00 0.0000e+00 0.0000e+00 0.0000e+00 3.6000e+01 -1.5076e+00 0.0000e+00 0.0000e+00 1.5076e+00 3.5937e+01 
11.0 2.9854e+01 -4.6112e-02 0.0000e+00 0.0000e+00 -4.6112e-02 2.9709e+01 0.0000e+00 0.0000e+00 0.0000e+00 0.0000e+00 2.9578e+01 -1.3414e+00 0.0000e+00 0.0000e+00 1.3414e+00 2.9524e+01 
12.0 2.5030e+01 -5.3372e-02 0.0000e+00 0.0000e+00 -5.3372e-02 2.4882e+01 0.0000e+00 0.0000e+00 0.0000e+00 0.0000e+00 2.4747e+01 -1.1882e+00 0.0000e+00 0.0000e+00 1.1882e+00 2.4701e+01 
13.0 2.1334e+01 -5.9179e-02 0.0000e+00 0.0000e+00 -5.9179e-02 2.1183e+01 0.0000e+00 0.0000e+00 0.0000e+00 0.0000e+00 2.1045e+01 -1.0481e+00 0.0000e+00 0.0000e+00 1.0481e+00 2.1006e+01 
14.0 1.8455e+01 -6.3220e-02 0.0000e+00 0.0000e+00 -6.3220e-02 1.8300e+01 0.0000e+00 0.0000e+00 0.0000e+00 0.0000e+00 1.8160e+01 -9.2266e-01 0.0000e+00 0.0000e+00 9.2266e-01 1.8127e+01 
15.0 1.6178e+01 -6.6249e-02 0.0000e+00 0.0000e+00 -6.6249e-02 1.6019e+01 0.0000e+00 0.0000e+00 0.0000e+00 0.0000e+00 1.5878e+01 -8.0886e-01 0.0000e+00 0.0000e+00 8.0886e-01 1.5852e+01 
16.0 1.4350e+01 -6.7950e-02 0.0000e+00 0.0000e+00 -6.7950e-02 1.4187e+01 0.0000e+00 0.0000e+00 0.0000e+00 0.0000e+00 1.4045e+01 -7.0660e-01 0.0000e+00 0.0000e+00 7.0660e-01 1.4025e+01 
17.0 1.2860e+01 -6.8305e-02 0.0000e+00 0.0000e+00 -6.8305e-02 1.2693e+01 0.0000e+00 0.0000e+00 0.0000e+00 0.0000e+00 1.2551e+01 -6.1518e-01 0.0000e+00 0.0000e+00 6.1518e-01 1.2537e+01 
18.0 1.1631e+01 -6.7516e-02 0.0000e+00 0.0000e+00 -6.7516e-02 1.1459e+01 0.0000e+00 0.0000e+00 0.0000e+00 0.0000e+00 1.1317e+01 -5.3393e-01 0.0000e+00 0.0000e+00 5.3393e-01 1.1308e+01 
19.0 1.0603e+01 -6.5804e-02 0.0000e+00 0.0000e+00 -6.5804e-02 1.0426e+01 0.0000e+00 0.0000e+00 0.0000e+00 0.0000e+00 1.0300e+01 -4.6221e-01 0.0000e+00 0.0000e+00 4.6221e-01 1.0301e+01 
20.0 9.7312e+00 -6.3228e-02 0.0000e+00 0.0000e+00 -6.3228e-02 9.5496e+00 0.0000e+00 0.0000e+00 0.0000e+00 0.0000e+00 9.4391e+00 -3.9943e-01 0.0000e+00 0.0000e+00 3.9943e-01 9.4478e+00 
21.0 8.9822e+00 -5.9794e-02 0.0000e+00 0.0000e+00 -5.9794e-02 8.7960e+00 0.0000e+00 0.0000e+00 0.0000e+00 0.0000e+00 8.6990e+00 -3.4480e-01 0.0000e+00 0.0000e+00 3.4480e-01 8.7142e+00 
22.0 8.3302e+00 -5.5668e-02 0.0000e+00 0.0000e+00 -5.5668e-02 8.1396e+00 0.0000e+00 0.0000e+00 0.0000e+00 0.0000e+00 8.0550e+00 -2.9721e-01 0.0000e+00 0.0000e+00 2.9721e-01 8.0758e+00 
23.0 7.7566e+00 -5.1219e-02 0.0000e+00 0.0000e+00 -5.1219e-02 7.5617e+00 0.0000e+00 0.0000e+00 0.0000e+00 0.0000e+00 7.4886e+00 -2.5531e-01 0.0000e+00 0.0000e+00 2.5531e-01 7.5142e+00 
24.0 7.2479e+00 -4.6863e-02 0.0000e+00 0.0000e+00 -4.6863e-02 7.0489e+00 0.0000e+00 0.0000e+00 0.0000e+00 0.0000e+00 6.9866e+00 -2.1780e-01 0.0000e+00 0.0000e+00 2.1780e-01 7.0162e+00 
25.0 6.7943e+00 -4.2897e-02 0.0000e+00 0.0000e+00 -4.2897e-02 6.5913e+00 0.0000e+00 0.0000e+00 0.0000e+00 0.0000e+00 6.5392e+00 -1.8378e-01 0.0000e+00 0.0000e+00 1.8378e-01 6.5723e+00 
26.0 6.3879e+00 -3.9423e-02 0.0000e+00 0.0000e+00 -3.9423e-02 6.1810e+00 0.0000e+00 0.0000e+00 0.0000e+00 0.0000e+00 6.1385e+00 -1.5279e-01 0.0000e+00 0.0000e+00 1.5279e-01 6.1747e+00 
27.0 6.0216e+00 -3.6390e-02 0.0000e+00 0.0000e+00 -3.6390e-02 5.8109e+00 0.0000e+00 0.0000e+00 0.0000e+00 0.0000e+00 5.7775e+00 -1.2464e-01 0.0000e+00 0.0000e+00 1.2464e-01 5.8164e+00 
28.0 5.6891e+00 -3.3687e-02 0.0000e+00 0.0000e+00 -3.3687e-02 5.4747e+00 0.0000e+00 0.0000e+00 0.0000e+00 0.0000e+00 5.4499e+00 -9.9202e-02 0.0000e+00 0.0000e+00 9.9202e-02 5.4912e+00 
29.0 5.3849e+00 -3.1233e-02 0.0000e+00 0.0000e+00 -3.1233e-02 5.1670e+00 0.0000e+00 0.0000e+00 0.0000e+00 0.0000e+00 5.1505e+00 -7.6279e-02 0.0000e+00 0.0000e+00 7.6279e-02 5.1938e+00 
30.0 5.1047e+00 -2.9008e-02 0.0000e+00 0.0000e+00 -2.9008e-02 4.8834e+00 0.0000e+00 0.0000e+00 0.0000e+00 0.0000e+00 4.8749e+00 -5.5589e-02 0.0000e+00 0.0000e+00 5.5589e-02 4.9199e+00 
31.0 4.8451e+00 -2.7005e-02 0.0000e+00 0.0000e+00 -2.7005e-02 4.6205e+00 0.0000e+00 0.0000e+00 0.0000e+00 0.0000e+00 4.5999e+00 -3.6886e-02 0.0000e+00 0.0000e+00 3.6886e-02 4.6484e+00 
32.0 4.6034e+00 -2.5182e-02 0.0000e+00 0.0000e+00 -2.5182e-02 4.3757e+00 0.0000e+00 0.0000e+00 0.0000e+00 0.0000e+00 4.3446e+00 -2.0001e-02 0.0000e+00 0.0000e+00 2.0001e-02 4.3964e+00 
33.0 4.3775e+00 -2.3474e-02 0.0000e+00 0.0000e+00 -2.3474e-02 4.1469e+00 0.0000e+00 0.0000e+00 0.0000e+00 0.0000e+00 4.1067e+00 -4.8049e-03 0.0000e+00 0.0000e+00 4.8049e-03 4.1616e+00 
34.0 4.1656e+00 -2.1829e-02 0.0000e+00 0.0000e+00 -2.1829e-02 3.9324e+00 0.0000e+00 0.0000e+00 0.0000e+00 0.0000e+00 3.8843e+00 8.8360e-03 0.0000e+00 0.0000e+00 -8.8360e-03 3.9421e+00 
35.0 3.9662e+00 -2.0217e-02 0.0000e+00 0.0000e+00 -2.0217e-02 3.7307e+00 0.0000e+00 0.0000e+00 0.0000e+00 0.0000e+00 3.6756e+00 2.1084e-02 0.0000e+00 0.0000e+00 -2.1084e-02 3.7361e+00 
36.0 3.7785e+00 -1.8657e-02 0.0000e+00 0.0000e+00 -1.8657e-02 3.5408e+00 0.0000e+00 0.0000e+00 0.0000e+00 0.0000e+00 3.4793e+00 3.2170e-02 0.0000e+00 0.0000e+00 -3.2170e-02 3.5423e+00 
37.0 3.6016e+00 -1.7230e-02 0.0000e+00 0.0000e+00 -1.7230e-02 3.3620e+00 0.0000e+00 0.0000e+00 0.0000e+00 0.0000e+00 3.2944e+00 4.2336e-02 0.0000e+00 0.0000e+00 -4.2336e-02 3.3597e+00 
38.0 3.4350e+00 -1.6049e-02 0.0000e+00 0.0000e+00 -1.6049e-02 3.1938e+00 0.0000e+00 0.0000e+00 0.0000e+00 0.0000e+00 3.1203e+00 5.1747e-02 0.0000e+00 0.0000e+00 -5.1747e-02 3.1878e+00 
39.0 3.2783e+00 -1.5207e-02 0.0000e+00 0.0000e+00 -1.5207e-02 3.0357e+00 0.0000e+00 0.0000e+00 0.0000e+00 0.0000e+00 2.9565e+00 6.0460e-02 0.0000e+00 0.0000e+00 -6.0460e-02 3.0260e+00 
40.0 3.1309e+00 -1.4729e-02 0.0000e+00 0.0000e+00 -1.4729e-02 2.8871e+00 0.0000e+00 0.0000e+00 0.0000e+00 0.0000e+00 2.8024e+00 6.8459e-02 0.0000e+00 0.0000e+00 -6.8459e-02 2.8736e+00 
41.0 2.9921e+00 -1.4558e-02 0.0000e+00 0.0000e+00 -1.4558e-02 2.7474e+00 0.0000e+00 0.0000e+00 0.0000e+00 0.0000e+00 2.6572e+00 7.5716e-02 0.0000e+00 0.0000e+00 -7.5716e-02 2.7300e+00 
42.0 2.8613e+00 -1.4590e-02 0.0000e+00 0.0000e+00 -1.4590e-02 2.6159e+00 0.0000e+00 0.0000e+00 0.0000e+00 0.0000e+00 2.5202e+00 8.2259e-02 0.0000e+00 0.0000e+00 -8.2259e-02 2.5945e+00 
43.0 2.7376e+00 -1.4741e-02 0.0000e+00 0.0000e+00 -1.4741e-02 2.4917e+00 0.0000e+00 0.0000e+00 0.0000e+00 0.0000e+00 2.3908e+00 8.8185e-02 0.0000e+00 0.0000e+00 -8.8185e-02 2.4663e+00 
44.0 2.6206e+00 -1.4983e-02 0.0000e+00 0.0000e+00 -1.4983e-02 2.3744e+00 0.0000e+00 0.0000e+00 0.0000e+00 0.0000e+00 2.2683e+00 9.3641e-02 0.0000e+00 0.0000e+00 -9.3641e-02 2.3449e+00 
45.0 2.5098e+00 -1.5333e-02 0.0000e+00 0.0000e+00 -1.5333e-02 2.2635e+00 0.0000e+00 0.0000e+00 0.0000e+00 0.0000e+00 2.1522e+00 9.8769e-02 0.0000e+00 0.0000e+00 -9.8769e-02 2.2298e+00 
46.0 2.4049e+00 -1.5829e-02 0.0000e+00 0.0000e+00 -1.5829e-02 2.1586e+00 0.0000e+00 0.0000e+00 0.0000e+00 0.0000e+00 2.0424e+00 1.0367e-01 0.0000e+00 0.0000e+00 -1.0367e-01 2.1207e+00 
47.0 2.3055e+00 -1.6499e-02 0.0000e+00 0.0000e+00 -1.6499e-02 2.0595e+00 0.0000e+00 0.0000e+00 0.0000e+00 0.0000e+00 1.9383e+00 1.0837e-01 0.0000e+00 0.0000e+00 -1.0837e-01 2.0174e+00 
48.0 2.2114e+00 -1.7338e-02 0.0000e+00 0.0000e+00 -1.7338e-02 1.9658e+00 0.0000e+00 0.0000e+00 0.0000e+00 0.0000e+00 1.8398e+00 1.1288e-01 0.0000e+00 0.0000e+00 -1.1288e-01 1.9195e+00 
49.0 2.1224e+00 -1.8307e-02 0.0000e+00 0.0000e+00 -1.8307e-02 1.8773e+00 0.0000e+00 0.0000e+00 0.0000e+00 0.0000e+00 1.7466e+00 1.1720e-01 0.0000e+00 0.0000e+00 -1.1720e-01 1.8268e+00 
50.0 2.0381e+00 -1.9375e-02 0.0000e+00 0.0000e+00 -1.9375e-02 1.7936e+00 0.0000e+00 0.0000e+00 0.0000e+00 0.0000e+00 1.6583e+00 1.2139e-01 0.0000e+00 0.0000e+00 -1.2139e-01 1.7389e+00 
51.0 1.9583e+00 -2.0532e-02 0.0000e+00 0.0000e+00 -2.0532e-02 1.7146e+00 0.0000e+00 0.0000e+00 0.0000e+00 0.0000e+00 1.5747e+00 1.2550e-01 0.0000e+00 0.0000e+00 -1.2550e-01 1.6556e+00 
52.0 1.8829e+00 -2.1797e-02 0.0000e+00 0.0000e+00 -2.1797e-02 1.6400e+00 0.0000e+00 0.0000e+00 0.0000e+00 0.0000e+00 1.4956e+00 1.2958e-01 0.0000e+00 0.0000e+00 -1.2958e-01 1.5768e+00 
53.0 1.8118e+00 -2.3194e-02 0.0000e+00 0.0000e+00 -2.3194e-02 1.5697e+00 0.0000e+00 0.0000e+00 0.0000e+00 0.0000e+00 1.4208e+00 1.3365e-01 0.0000e+00 0.0000e+00 -1.3365e-01 1.5023e+00 
54.0 1.7447e+00 -2.4736e-02 0.0000e+00 0.0000e+00 -2.4736e-02 1.5036e+00 0.0000e+00 0.0000e+00 0.0000e+00 0.0000e+00 1.3502e+00 1.3771e-01 0.0000e+00 0.0000e+00 -1.3771e-01 1.4319e+00 
55.0 1.6815e+00 -2.6425e-02 0.0000e+00 0.0000e+00 -2.6425e-02 1.4413e+00 0.0000e+00 0.0000e+00 0.0000e+00 0.0000e+00 1.2835e+00 1.4174e-01 0.0000e+00 0.0000e+00 -1.4174e-01 1.3654e+00 
56.0 1.6219e+00 -2.8251e-02 0.0000e+00 0.0000e+00 -2.8251e-02 1.3828e+00 0.0000e+00 0.0000e+00 0.0000e+00 0.0000e+00 1.2205e+00 1.4572e-01 0.0000e+00 0.0000e+00 -1.4572e-01 1.3025e+00 
57.0 1.5658e+00 -3.0201e-02 0.0000e+00 0.0000e+00 -3.0201e-02 1.3277e+00 0.0000e+00 0.0000e+00 0.0000e+00 0.0000e+00 1.1610e+00 1.4965e-01 0.0000e+00 0.0000e+00 -1.4965e-01 1.2432e+00 
58.0 1.5128e+00 -3.2251e-02 0.0000e+00 0.0000e+00 -3.2251e-02 1.2759e+00 0.0000e+00 0.0000e+00 0.0000e+00 0.0000e+00 1.1047e+00 1.5349e-01 0.0000e+00 0.0000e+00 -1.5349e-01 1.1870e+00 
59.0 1.4629e+00 -3.4384e-02 0.0000e+00 0.0000e+00 -3.4384e-02 1.2270e+00 0.0000e+00 0.0000e+00 0.0000e+00 0.0000e+00 1.0515e+00 1.5726e-01 0.0000e+00 0.0000e+00 -1.5726e-01 1.1339e+00 
60.0 1.4158e+00 -3.6584e-02 0.0000e+00 0.0000e+00 -3.6584e-02 1.1811e+00 0.0000e+00 0.0000e+00 0.0000e+00 0.0000e+00 1.0011e+00 1.6095e-01 0.0000e+00 0.0000e+00 -1.6095e-01 1.0837e+00 
61.0 1.3714e+00 -3.8851e-02 0.0000e+00 0.0000e+00 -3.8851e-02 1.1377e+00 0.0000e+00 0.0000e+00 0.0000e+00 0.0000e+00 9.5348e-01 1.6458e-01 0.0000e+00 0.0000e+00 -1.6458e-01 1.0361e+00 
62.0 1.3295e+00 -4.1184e-02 0.0000e+00 0.0000e+00 -4.1184e-02 1.0970e+00 0.0000e+00 0.0000e+00 0.0000e+00 0.0000e+00 9.0839e-01 1.6813e-01 0.0000e+00 0.0000e+00 -1.6813e-01 9.9118e-01 
63.0 1.2899e+00 -4.3564e-02 0.0000e+00 0.0000e+00 -4.3564e-02 1.0585e+00 0.0000e+00 0.0000e+00 0.0000e+00 0.0000e+00 8.6572e-01 1.7157e-01 0.0000e+00 0.0000e+00 -1.7157e-01 9.4867e-01 
64.0 1.2527e+00 -4.5965e-02 0.0000e+00 0.0000e+00 -4.5965e-02 1.0223e+00 0.0000e+00 0.0000e+00 0.0000e+00 0.0000e+00 8.2532e-01 1.7489e-01 0.0000e+00 0.0000e+00 -1.7489e-01 9.0846e-01 
65.0 1.2174e+00 -4.8366e-02 0.0000e+00 0.0000e+00 -4.8366e-02 9.8819e-01 0.0000e+00 0.0000e+00 0.0000e+00 0.0000e+00 7.8705e-01 1.7809e-01 0.0000e+00 0.0000e+00 -1.7809e-01 8.7039e-01 
66.0 1.1841e+00 -5.0757e-02 0.0000e+00 0.0000e+00 -5.0757e-02 9.5596e-01 0.0000e+00 0.0000e+00 0.0000e+00 0.0000e+00 7.5075e-01 1.8117e-01 0.0000e+00 0.0000e+00 -1.8117e-01 8.3434e-01 
67.0 1.1527e+00 -5.3133e-02 0.0000e+00 0.0000e+00 -5.3133e-02 9.2552e-01 0.0000e+00 0.0000e+00 0.0000e+00 0.0000e+00 7.1632e-01 1.8411e-01 0.0000e+00 0.0000e+00 -1.8411e-01 8.0017e-01 
68.0 1.1228e+00 -5.5488e-02 0.0000e+00 0.0000e+00 -5.5488e-02 8.9672e-01 0.0000e+00 0.0000e+00 0.0000e+00 0.0000e+00 6.8362e-01 1.8692e-01 0.0000e+00 0.0000e+00 -1.8692e-01 7.6776e-01 
69.0 1.0945e+00 -5.7816e-02 0.0000e+00 0.0000e+00 -5.7816e-02 8.6945e-01 0.0000e+00 0.0000e+00 0.0000e+00 0.0000e+00 6.5254e-01 1.8956e-01 0.0000e+00 0.0000e+00 -1.8956e-01 7.3699e-01 
70.0 1.0677e+00 -6.0114e-02 0.0000e+00 0.0000e+00 -6.0114e-02 8.4362e-01 0.0000e+00 0.0000e+00 0.0000e+00 0.0000e+00 6.2298e-01 1.9204e-01 0.0000e+00 0.0000e+00 -1.9204e-01 7.0775e-01 
71.0 1.0422e+00 -6.2376e-02 0.0000e+00 0.0000e+00 -6.2376e-02 8.1913e-01 0.0000e+00 0.0000e+00 0.0000e+00 0.0000e+00 5.9483e-01 1.9434e-01 0.0000e+00 0.0000e+00 -1.9434e-01 6.7995e-01 
72.0 1.0180e+00 -6.4591e-02 0.0000e+00 0.0000e+00 -6.4591e-02 7.9589e-01 0.0000e+00 0.0000e+00 0.0000e+00 0.0000e+00 5.6800e-01 1.9646e-01 0.0000e+00 0.0000e+00 -1.9646e-01 6.5352e-01 
73.0 9.9501e-01 -6.6748e-02 0.0000e+00 0.0000e+00 -6.6748e-02 7.7381e-01 0.0000e+00 0.0000e+00 0.0000e+00 0.0000e+00 5.4242e-01 1.9838e-01 0.0000e+00 0.0000e+00 -1.9838e-01 6.2834e-01 
74.0 9.7308e-01 -6.8834e-02 0.0000e+00 0.0000e+00 -6.8834e-02 7.5281e-01 0.0000e+00 0.0000e+00 0.0000e+00 0.0000e+00 5.1798e-01 2.0010e-01 0.0000e+00 0.0000e+00 -2.0010e-01 6.0435e-01 
75.0 9.5217e-01 -7.0848e-02 0.0000e+00 0.0000e+00 -7.0848e-02 7.3281e-01 0.0000e+00 0.0000e+00 0.0000e+00 0.0000e+00 4.9461e-01 2.0164e-01 0.0000e+00 0.0000e+00 -2.0164e-01 5.8146e-01 
76.0 9.3220e-01 -7.2780e-02 0.0000e+00 0.0000e+00 -7.2780e-02 7.1373e-01 0.0000e+00 0.0000e+00 0.0000e+00 0.0000e+00 4.7223e-01 2.0298e-01 0.0000e+00 0.0000e+00 -2.0298e-01 5.5959e-01 
77.0 9.1312e-01 -7.4621e-02 0.0000e+00 0.0000e+00 -7.4621e-02 6.9552e-01 0.0000e+00 0.0000e+00 0.0000e+00 0.0000e+00 4.5078e-01 2.0414e-01 0.0000e+00 0.0000e+00 -2.0414e-01 5.3868e-01 
78.0 8.9488e-01 -7.6355e-02 0.0000e+00 0.0000e+00 -7.6355e-02 6.7812e-01 0.0000e+00 0.0000e+00 0.0000e+00 0.0000e+00 4.3020e-01 2.0512e-01 0.0000e+00 0.0000e+00 -2.0512e-01 5.1869e-01 
79.0 8.7746e-01 -7.7976e-02 0.0000e+00 0.0000e+00 -7.7976e-02 6.6151e-01 0.0000e+00 0.0000e+00 0.0000e+00 0.0000e+00 4.1045e-01 2.0594e-01 0.0000e+00 0.0000e+00 -2.0594e-01 4.9955e-01 
80.0 8.6082e-01 -7.9481e-02 0.0000e+00 0.0000e+00 -7.9481e-02 6.4564e-01 0.0000e+00 0.0000e+00 0.0000e+00 0.0000e+00 3.9147e-01 2.0662e-01 0.0000e+00 0.0000e+00 -2.0662e-01 4.8124e-01 
81.0 8.4491e-01 -8.0873e-02 0.0000e+00 0.0000e+00 -8.0873e-02 6.3047e-01 0.0000e+00 0.0000e+00 0.0000e+00 0.0000e+00 3.7323e-01 2.0716e-01 0.0000e+00 0.0000e+00 -2.0716e-01 4.6372e-01 
82.0 8.2971e-01 -8.2154e-02 0.0000e+00 0.0000e+00 -8.2154e-02 6.1595e-01 0.0000e+00 0.0000e+00 0.0000e+00 0.0000e+00 3.5569e-01 2.0757e-01 0.0000e+00 0.0000e+00 -2.0757e-01 4.4696e-01 
83.0 8.1516e-01 -8.3327e-02 0.0000e+00 0.0000e+00 -8.3327e-02 6.0204e-01 0.0000e+00 0.0000e+00 0.0000e+00 0.0000e+00 3.3880e-01 2.0787e-01 0.0000e+00 0.0000e+00 -2.0787e-01 4.3090e-01 
84.0 8.0123e-01 -8.4395e-02 0.0000e+00 0.0000e+00 -8.4395e-02 5.8870e-01 0.0000e+00 0.0000e+00 0.0000e+00 0.0000e+00 3.2251e-01 2.0804e-01 0.0000e+00 0.0000e+00 -2.0804e-01 4.1552e-01 
85.0 7.8788e-01 -8.5358e-02 0.0000e+00 0.0000e+00 -8.5358e-02 5.7589e-01 0.0000e+00 0.0000e+00 0.0000e+00 0.0000e+00 3.0679e-01 2.0809e-01 0.0000e+00 0.0000e+00 -2.0809e-01 4.0076e-01 
86.0 7.7510e-01 -8.6218e-02 0.0000e+00 0.0000e+00 -8.6218e-02 5.6358e-01 0.0000e+00 0.0000e+00 0.0000e+00 0.0000e+00 2.9160e-01 2.0802e-01 0.0000e+00 0.0000e+00 -2.0802e-01 3.8660e-01 
87.0 7.6286e-01 -8.6981e-02 0.0000e+00 0.0000e+00 -8.6981e-02 5.5176e-01 0.0000e+00 0.0000e+00 0.0000e+00 0.0000e+00 2.7692e-01 2.0783e-01 0.0000e+00 0.0000e+00 -2.0783e-01 3.7302e-01 
88.0 7.5115e-01 -8.7653e-02 0.0000e+00 0.0000e+00 -8.7653e-02 5.4040e-01 0.0000e+00 0.0000e+00 0.0000e+00 0.0000e+00 2.6274e-01 2.0752e-01 0.0000e+00 0.0000e+00 -2.0752e-01 3.5999e-01 
89.0 7.3994e-01 -8.8241e-02 0.0000e+00 0.0000e+00 -8.8241e-02 5.2949e-01 0.0000e+00 0.0000e+00 0.0000e+00 0.0000e+00 2.4903e-01 2.0709e-01 0.0000e+00 0.0000e+00 -2.0709e-01 3.4747e-01 
90.0 7.2920e-01 -8.8748e-02 0.0000e+00 0.0000e+00 -8.8748e-02 5.1901e-01 0.0000e+00 0.0000e+00 0.0000e+00 0.0000e+00 2.3575e-01 2.0653e-01 0.0000e+00 0.0000e+00 -2.0653e-01 3.3543e-01 
91.0 7.1891e-01 -8.9176e-02 0.0000e+00 0.0000e+00 -8.9176e-02 5.0894e-01 0.0000e+00 0.0000e+00 0.0000e+00 0.0000e+00 2.2290e-01 2.0586e-01 0.0000e+00 0.0000e+00 -2.0586e-01 3.2385e-01 
92.0 7.0905e-01 -8.9523e-02 0.0000e+00 0.0000e+00 -8.9523e-02 4.9925e-01 0.0000e+00 0.0000e+00 0.0000e+00 0.0000e+00 2.1045e-01 2.0507e-01 0.0000e+00 0.0000e+00 -2.0507e-01 3.1268e-01 
93.0 6.9958e-01 -8.9788e-02 0.0000e+00 0.0000e+00 -8.9788e-02 4.8994e-01 0.0000e+00 0.0000e+00 0.0000e+00 0.0000e+00 1.9839e-01 2.0418e-01 0.0000e+00 0.0000e+00 -2.0418e-01 3.0191e-01 
94.0 6.9050e-01 -8.9968e-02 0.0000e+00 0.0000e+00 -8.9968e-02 4.8100e-01 0.0000e+00 0.0000e+00 0.0000e+00 0.0000e+00 1.8669e-01 2.0317e-01 0.0000e+00 0.0000e+00 -2.0317e-01 2.9150e-01 
95.0 6.8178e-01 -9.0059e-02 0.0000e+00 0.0000e+00 -9.0059e-02 4.7242e-01 0.0000e+00 0.0000e+00 0.0000e+00 0.0000e+00 1.7535e-01 2.0207e-01 0.0000e+00 0.0000e+00 -2.0207e-01 2.8142e-01 
96.0 6.7343e-01 -9.0059e-02 0.0000e+00 0.0000e+00 -9.0059e-02 4.6419e-01 0.0000e+00 0.0000e+00 0.0000e+00 0.0000e+00 1.6434e-01 2.0087e-01 0.0000e+00 0.0000e+00 -2.0087e-01 2.7166e-01 
97.0 6.6543e-01 -8.9964e-02 0.0000e+00 0.0000e+00 -8.9964e-02 4.5633e-01 0.0000e+00 0.0000e+00 0.0000e+00 0.0000e+00 1.5366e-01 1.9959e-01 0.0000e+00 0.0000e+00 -1.9959e-01 2.6220e-01 
98.0 6.5777e-01 -8.9771e-02 0.0000e+00 0.0000e+00 -8.9771e-02 4.4881e-01 0.0000e+00 0.0000e+00 0.0000e+00 0.0000e+00 1.4330e-01 1.9823e-01 0.0000e+00 0.0000e+00 -1.9823e-01 2.5303e-01 
99.0 6.5045e-01 -8.9479e-02 0.0000e+00 0.0000e+00 -8.9479e-02 4.4164e-01 0.0000e+00 0.0000e+00 0.0000e+00 0.0000e+00 1.3325e-01 1.9681e-01 0.0000e+00 0.0000e+00 -1.9681e-01 2.4414e-01 
100.0 6.4346e-01 -8.9087e-02 0.0000e+00 0.0000e+00 -8.9087e-02 4.3481e-01 0.0000e+00 0.0000e+00 0.0000e+00 0.0000e+00 1.2350e-01 1.9532e-01 0.0000e+00 0.0000e+00 -1.9532e-01 2.3551e-01 
101.0 6.3679e-01 -8.8600e-02 0.0000e+00 0.0000e+00 -8.8600e-02 4.2830e-01 0.0000e+00 0.0000e+00 0.0000e+00 0.0000e+00 1.1402e-01 1.9377e-01 0.0000e+00 0.0000e+00 -1.9377e-01 2.2713e-01 
102.0 6.3040e-01 -8.8018e-02 0.0000e+00 0.0000e+00 -8.8018e-02 4.2208e-01 0.0000e+00 0.0000e+00 0.0000e+00 0.0000e+00 1.0479e-01 1.9216e-01 0.0000e+00 0.0000e+00 -1.9216e-01 2.1897e-01 
103.0 6.2429e-01 -8.7347e-02 0.0000e+00 0.0000e+00 -8.7347e-02 4.1613e-01 0.0000e+00 0.0000e+00 0.0000e+00 0.0000e+00 9.5808e-02 1.9048e-01 0.0000e+00 0.0000e+00 -1.9048e-01 2.1104e-01 
104.0 6.1844e-01 -8.6592e-02 0.0000e+00 0.0000e+00 -8.6592e-02 4.1044e-01 0.0000e+00 0.0000e+00 0.0000e+00 0.0000e+00 8.7048e-02 1.8873e-01 0.0000e+00 0.0000e+00 -1.8873e-01 2.0331e-01 
105.0 6.1285e-01 -8.5758e-02 0.0000e+00 0.0000e+00 -8.5758e-02 4.0499e-01 0.0000e+00 0.0000e+00 0.0000e+00 0.0000e+00 7.8499e-02 1.8691e-01 0.0000e+00 0.0000e+00 -1.8691e-01 1.9578e-01 
106.0 6.0749e-01 -8.4844e-02 0.0000e+00 0.0000e+00 -8.4844e-02 3.9975e-01 0.0000e+00 0.0000e+00 0.0000e+00 0.0000e+00 7.0143e-02 1.8501e-01 0.0000e+00 0.0000e+00 -1.8501e-01 1.8845e-01 
107.0 6.0236e-01 -8.3846e-02 0.0000e+00 0.0000e+00 -8.3846e-02 3.9472e-01 0.0000e+00 0.0000e+00 0.0000e+00 0.0000e+00 6.1962e-02 1.8302e-01 0.0000e+00 0.0000e+00 -1.8302e-01 1.8128e-01 
108.0 5.9744e-01 -8.2756e-02 0.0000e+00 0.0000e+00 -8.2756e-02 3.8988e-01 0.0000e+00 0.0000e+00 0.0000e+00 0.0000e+00 5.3937e-02 1.8096e-01 0.0000e+00 0.0000e+00 -1.8096e-01 1.7427e-01 
109.0 5.9274e-01 -8.1569e-02 0.0000e+00 0.0000e+00 -8.1569e-02 3.8522e-01 0.0000e+00 0.0000e+00 0.0000e+00 0.0000e+00 4.6055e-02 1.7882e-01 0.0000e+00 0.0000e+00 -1.7882e-01 1.6739e-01 
110.0 5.8825e-01 -8.0279e-02 0.0000e+00 0.0000e+00 -8.0279e-02 3.8074e-01 0.0000e+00 0.0000e+00 0.0000e+00 0.0000e+00 3.8311e-02 1.7662e-01 0.0000e+00 0.0000e+00 -1.7662e-01 1.6064e-01 
111.0 5.8395e-01 -7.8886e-02 0.0000e+00 0.0000e+00 -7.8886e-02 3.7644e-01 0.0000e+00 0.0000e+00 0.0000e+00 0.0000e+00 3.0707e-02 1.7438e-01 0.0000e+00 0.0000e+00 -1.7438e-01 1.5400e-01 
112.0 5.7986e-01 -7.7392e-02 0.0000e+00 0.0000e+00 -7.7392e-02 3.7235e-01 0.0000e+00 0.0000e+00 0.0000e+00 0.0000e+00 2.3248e-02 1.7211e-01 0.0000e+00 0.0000e+00 -1.7211e-01 1.4748e-01 
113.0 5.7596e-01 -7.5801e-02 0.0000e+00 0.0000e+00 -7.5801e-02 3.6845e-01 0.0000e+00 0.0000e+00 0.0000e+00 0.0000e+00 1.5935e-02 1.6982e-01 0.0000e+00 0.0000e+00 -1.6982e-01 1.4106e-01 
114.0 5.7225e-01 -7.4117e-02 0.0000e+00 0.0000e+00 -7.4117e-02 3.6477e-01 0.0000e+00 0.0000e+00 0.0000e+00 0.0000e+00 8.7635e-03 1.6754e-01 0.0000e+00 0.0000e+00 -1.6754e-01 1.3472e-01 
115.0 5.6872e-01 -7.2352e-02 0.0000e+00 0.0000e+00 -7.2352e-02 3.6128e-01 0.0000e+00 0.0000e+00 0.0000e+00 0.0000e+00 1.7283e-03 1.6526e-01 0.0000e+00 0.0000e+00 -1.6526e-01 1.2847e-01 
116.0 5.6537e-01 -7.0513e-02 0.0000e+00 0.0000e+00 -7.0513e-02 3.5798e-01 0.0000e+00 0.0000e+00 0.0000e+00 0.0000e+00 -5.1762e-03 1.6299e-01 0.0000e+00 0.0000e+00 -1.6299e-01 1.2229e-01 
117.0 5.6219e-01 -6.8603e-02 0.0000e+00 0.0000e+00 -6.8603e-02 3.5487e-01 0.0000e+00 0.0000e+00 0.0000e+00 0.0000e+00 -1.1953e-02 1.6074e-01 0.0000e+00 0.0000e+00 -1.6074e-01 1.1619e-01 
118.0 5.5918e-01 -6.6627e-02 0.0000e+00 0.0000e+00 -6.6627e-02 3.5194e-01 0.0000e+00 0.0000e+00 0.0000e+00 0.0000e+00 -1.8602e-02 1.5850e-01 0.0000e+00 0.0000e+00 -1.5850e-01 1.1019e-01 
119.0 5.5635e-01 -6.4586e-02 0.0000e+00 0.0000e+00 -6.4586e-02 3.4918e-01 0.0000e+00 0.0000e+00 0.0000e+00 0.0000e+00 -2.5125e-02 1.5627e-01 0.0000e+00 0.0000e+00 -1.5627e-01 1.0428e-01 
120.0 5.5370e-01 -6.2489e-02 0.0000e+00 0.0000e+00 -6.2489e-02 3.4660e-01 0.0000e+00 0.0000e+00 0.0000e+00 0.0000e+00 -3.1527e-02 1.5404e-01 0.0000e+00 0.0000e+00 -1.5404e-01 9.8468e-02 
121.0 5.5120e-01 -6.0347e-02 0.0000e+00 0.0000e+00 -6.0347e-02 3.4415e-01 0.0000e+00 0.0000e+00 0.0000e+00 0.0000e+00 -3.7813e-02 1.5178e-01 0.0000e+00 0.0000e+00 -1.5178e-01 9.2770e-02 
122.0 5.4884e-01 -5.8166e-02 0.0000e+00 0.0000e+00 -5.8166e-02 3.4180e-01 0.0000e+00 0.0000e+00 0.0000e+00 0.0000e+00 -4.3990e-02 1.4948e-01 0.0000e+00 0.0000e+00 -1.4948e-01 8.7182e-02 
123.0 5.4661e-01 -5.5935e-02 0.0000e+00 0.0000e+00 -5.5935e-02 3.3953e-01 0.0000e+00 0.0000e+00 0.0000e+00 0.0000e+00 -5.0068e-02 1.4710e-01 0.0000e+00 0.0000e+00 -1.4710e-01 8.1700e-02 
124.0 5.4448e-01 -5.3640e-02 0.0000e+00 0.0000e+00 -5.3640e-02 3.3731e-01 0.0000e+00 0.0000e+00 0.0000e+00 0.0000e+00 -5.6062e-02 1.4466e-01 0.0000e+00 0.0000e+00 -1.4466e-01 7.6315e-02 
125.0 5.4246e-01 -5.1274e-02 0.0000e+00 0.0000e+00 -5.1274e-02 3.3514e-01 0.0000e+00 0.0000e+00 0.0000e+00 0.0000e+00 -6.1988e-02 1.4215e-01 0.0000e+00 0.0000e+00 -1.4215e-01 7.1014e-02 
126.0 5.4054e-01 -4.8842e-02 0.0000e+00 0.0000e+00 -4.8842e-02 3.3301e-01 0.0000e+00 0.0000e+00 0.0000e+00 0.0000e+00 -6.7855e-02 1.3958e-01 0.0000e+00 0.0000e+00 -1.3958e-01 6.5790e-02 
127.0 5.3872e-01 -4.6360e-02 0.0000e+00 0.0000e+00 -4.6360e-02 3.3093e-01 0.0000e+00 0.0000e+00 0.0000e+00 0.0000e+00 -7.3665e-02 1.3697e-01 0.0000e+00 0.0000e+00 -1.3697e-01 6.0637e-02 
128.0 5.3701e-01 -4.3858e-02 0.0000e+00 0.0000e+00 -4.3858e-02 3.2891e-01 0.0000e+00 0.0000e+00 0.0000e+00 0.0000e+00 -7.9421e-02 1.3432e-01 0.0000e+00 0.0000e+00 -1.3432e-01 5.5550e-02 
129.0 5.3540e-01 -4.1365e-02 0.0000e+00 0.0000e+00 -4.1365e-02 3.2694e-01 0.0000e+00 0.0000e+00 0.0000e+00 0.0000e+00 -8.5123e-02 1.3163e-01 0.0000e+00 0.0000e+00 -1.3163e-01 5.0528e-02 
130.0 5.3387e-01 -3.8894e-02 0.0000e+00 0.0000e+00 -3.8894e-02 3.2502e-01 0.0000e+00 0.0000e+00 0.0000e+00 0.0000e+00 -9.0768e-02 1.2889e-01 0.0000e+00 0.0000e+00 -1.2889e-01 4.5567e-02 
131.0 5.3245e-01 -3.6438e-02 0.0000e+00 0.0000e+00 -3.6438e-02 3.2317e-01 0.0000e+00 0.0000e+00 0.0000e+00 0.0000e+00 -9.6360e-02 1.2609e-01 0.0000e+00 0.0000e+00 -1.2609e-01 4.0661e-02 
132.0 5.3114e-01 -3.3980e-02 0.0000e+00 0.0000e+00 -3.3980e-02 3.2141e-01 0.0000e+00 0.0000e+00 0.0000e+00 0.0000e+00 -1.0189e-01 1.2325e-01 0.0000e+00 0.0000e+00 -1.2325e-01 3.5805e-02 
133.0 5.2998e-01 -3.1508e-02 0.0000e+00 0.0000e+00 -3.1508e-02 3.1976e-01 0.0000e+00 0.0000e+00 0.0000e+00 0.0000e+00 -1.0737e-01 1.2038e-01 0.0000e+00 0.0000e+00 -1.2038e-01 3.0995e-02 
134.0 5.2897e-01 -2.9019e-02 0.0000e+00 0.0000e+00 -2.9019e-02 3.1826e-01 0.0000e+00 0.0000e+00 0.0000e+00 0.0000e+00 -1.1277e-01 1.1750e-01 0.0000e+00 0.0000e+00 -1.1750e-01 2.6228e-02 
135.0 5.2815e-01 -2.6513e-02 0.0000e+00 0.0000e+00 -2.6513e-02 3.1693e-01 0.0000e+00 0.0000e+00 0.0000e+00 0.0000e+00 -1.1809e-01 1.1461e-01 0.0000e+00 0.0000e+00 -1.1461e-01 2.1499e-02 
136.0 5.2749e-01 -2.3995e-02 0.0000e+00 0.0000e+00 -2.3995e-02 3.1577e-01 0.0000e+00 0.0000e+00 0.0000e+00 0.0000e+00 -1.2332e-01 1.1172e-01 0.0000e+00 0.0000e+00 -1.1172e-01 1.6800e-02 
137.0 5.2699e-01 -2.1462e-02 0.0000e+00 0.0000e+00 -2.1462e-02 3.1480e-01 0.0000e+00 0.0000e+00 0.0000e+00 0.0000e+00 -1.2846e-01 1.0881e-01 0.0000e+00 0.0000e+00 -1.0881e-01 1.2123e-02 
138.0 5.2665e-01 -1.8909e-02 0.0000e+00 0.0000e+00 -1.8909e-02 3.1404e-01 0.0000e+00 0.0000e+00 0.0000e+00 0.0000e+00 -1.3350e-01 1.0592e-01 0.0000e+00 0.0000e+00 -1.0592e-01 7.4616e-03 
139.0 5.2648e-01 -1.6325e-02 0.0000e+00 0.0000e+00 -1.6325e-02 3.1350e-01 0.0000e+00 0.0000e+00 0.0000e+00 0.0000e+00 -1.3844e-01 1.0305e-01 0.0000e+00 0.0000e+00 -1.0305e-01 2.8079e-03 
140.0 5.2648e-01 -1.3703e-02 0.0000e+00 0.0000e+00 -1.3703e-02 3.1318e-01 0.0000e+00 0.0000e+00 0.0000e+00 0.0000e+00 -1.4327e-01 1.0021e-01 0.0000e+00 0.0000e+00 -1.0021e-01 -1.8448e-03 
141.0 5.2669e-01 -1.1036e-02 0.0000e+00 0.0000e+00 -1.1036e-02 3.1312e-01 0.0000e+00 0.0000e+00 0.0000e+00 0.0000e+00 -1.4802e-01 9.7422e-02 0.0000e+00 0.0000e+00 -9.7422e-02 -6.4948e-03 
142.0 5.2715e-01 -8.3212e-03 0.0000e+00 0.0000e+00 -8.3212e-03 3.1333e-01 0.0000e+00 0.0000e+00 0.0000e+00 0.0000e+00 -1.5267e-01 9.4709e-02 0.0000e+00 0.0000e+00 -9.4709e-02 -1.1135e-02 
143.0 5.2792e-01 -5.5589e-03 0.0000e+00 0.0000e+00 -5.5589e-03 3.1386e-01 0.0000e+00 0.0000e+00 0.0000e+00 0.0000e+00 -1.5724e-01 9.2090e-02 0.0000e+00 0.0000e+00 -9.2090e-02 -1.5757e-02 
144.0 5.2904e-01 -2.7533e-03 0.0000e+00 0.0000e+00 -2.7533e-03 3.1473e-01 0.0000e+00 0.0000e+00 0.0000e+00 0.0000e+00 -1.6175e-01 8.9574e-02 0.0000e+00 0.0000e+00 -8.9574e-02 -2.0356e-02 
145.0 5.3054e-01 8.3806e-05 0.0000e+00 0.0000e+00 8.3806e-05 3.1593e-01 0.0000e+00 0.0000e+00 0.0000e+00 0.0000e+00 -1.6622e-01 8.7144e-02 0.0000e+00 0.0000e+00 -8.7144e-02 -2.4939e-02 
146.0 5.3238e-01 2.9362e-03 0.0000e+00 0.0000e+00 2.9362e-03 3.1743e-01 0.0000e+00 0.0000e+00 0.0000e+00 0.0000e+00 -1.7068e-01 8.4754e-02 0.0000e+00 0.0000e+00 -8.4754e-02 -2.9519e-02 
147.0 5.3455e-01 5.8011e-03 0.0000e+00 0.0000e+00 5.8011e-03 3.1918e-01 0.0000e+00 0.0000e+00 0.0000e+00 0.0000e+00 -1.7518e-01 8.2349e-02 0.0000e+00 0.0000e+00 -8.2349e-02 -3.4111e-02 
148.0 5.3709e-01 8.6985e-03 0.0000e+00 0.0000e+00 8.6985e-03 3.2121e-01 0.0000e+00 0.0000e+00 0.0000e+00 0.0000e+00 -1.7975e-01 7.9910e-02 0.0000e+00 0.0000e+00 -7.9910e-02 -3.8723e-02 
149.0 5.4009e-01 1.1664e-02 0.0000e+00 0.0000e+00 1.1664e-02 3.2361e-01 0.0000e+00 0.0000e+00 0.0000e+00 0.0000e+00 -1.8442e-01 7.7462e-02 0.0000e+00 0.0000e+00 -7.7462e-02 -4.3360e-02 
150.0 5.4367e-01 1.4724e-02 0.0000e+00 0.0000e+00 1.4724e-02 3.2648e-01 0.0000e+00 0.0000e+00 0.0000e+00 0.0000e+00 -1.8919e-01 7.5067e-02 0.0000e+00 0.0000e+00 -7.5067e-02 -4.8029e-02 
151.0 5.4791e-01 1.7864e-02 0.0000e+00 0.0000e+00 1.7864e-02 3.2990e-01 0.0000e+00 0.0000e+00 0.0000e+00 0.0000e+00 -1.9409e-01 7.2751e-02 0.0000e+00 0.0000e+00 -7.2751e-02 -5.2746e-02 
152.0 5.5274e-01 2.1015e-02 0.0000e+00 0.0000e+00 2.1015e-02 3.3380e-01 0.0000e+00 0.0000e+00 0.0000e+00 0.0000e+00 -1.9916e-01 7.0452e-02 0.0000e+00 0.0000e+00 -7.0452e-02 -5.7550e-02 
153.0 5.5802e-01 2.4084e-02 0.0000e+00 0.0000e+00 2.4084e-02 3.3802e-01 0.0000e+00 0.0000e+00 0.0000e+00 0.0000e+00 -2.0442e-01 6.8015e-02 0.0000e+00 0.0000e+00 -6.8015e-02 -6.2487e-02 
154.0 5.6361e-01 2.6995e-02 0.0000e+00 0.0000e+00 2.6995e-02 3.4243e-01 0.0000e+00 0.0000e+00 0.0000e+00 0.0000e+00 -2.0994e-01 6.5281e-02 0.0000e+00 0.0000e+00 -6.5281e-02 -6.7600e-02 
155.0 5.6952e-01 2.9711e-02 0.0000e+00 0.0000e+00 2.9711e-02 3.4703e-01 0.0000e+00 0.0000e+00 0.0000e+00 0.0000e+00 -2.1576e-01 6.2170e-02 0.0000e+00 0.0000e+00 -6.2170e-02 -7.2921e-02 
156.0 5.7583e-01 3.2201e-02 0.0000e+00 0.0000e+00 3.2201e-02 3.5196e-01 0.0000e+00 0.0000e+00 0.0000e+00 0.0000e+00 -2.2190e-01 5.8695e-02 0.0000e+00 0.0000e+00 -5.8695e-02 -7.8469e-02 
157.0 5.8261e-01 3.4406e-02 0.0000e+00 0.0000e+00 3.4406e-02 3.5734e-01 0.0000e+00 0.0000e+00 0.0000e+00 0.0000e+00 -2.2836e-01 5.4898e-02 0.0000e+00 0.0000e+00 -5.4898e-02 -8.4258e-02 
158.0 5.8986e-01 3.6223e-02 0.0000e+00 0.0000e+00 3.6223e-02 3.6318e-01 0.0000e+00 0.0000e+00 0.0000e+00 0.0000e+00 -2.3514e-01 5.0759e-02 0.0000e+00 0.0000e+00 -5.0759e-02 -9.0291e-02 
159.0 5.9747e-01 3.7553e-02 0.0000e+00 0.0000e+00 3.7553e-02 3.6936e-01 0.0000e+00 0.0000e+00 0.0000e+00 0.0000e+00 -2.4223e-01 4.6171e-02 0.0000e+00 0.0000e+00 -4.6171e-02 -9.6554e-02 
160.0 6.0537e-01 3.8346e-02 0.0000e+00 0.0000e+00 3.8346e-02 3.7570e-01 0.0000e+00 0.0000e+00 0.0000e+00 0.0000e+00 -2.4964e-01 4.0990e-02 0.0000e+00 0.0000e+00 -4.0990e-02 -1.0303e-01 
161.0 6.1354e-01 3.8593e-02 0.0000e+00 0.0000e+00 3.8593e-02 3.8215e-01 0.0000e+00 0.0000e+00 0.0000e+00 0.0000e+00 -2.5743e-01 3.5106e-02 0.0000e+00 0.0000e+00 -3.5106e-02 -1.0974e-01 
162.0 6.2212e-01 3.8308e-02 0.0000e+00 0.0000e+00 3.8308e-02 3.8881e-01 0.0000e+00 0.0000e+00 0.0000e+00 0.0000e+00 -2.6576e-01 2.8482e-02 0.0000e+00 0.0000e+00 -2.8482e-02 -1.1673e-01 
163.0 6.3130e-01 3.7501e-02 0.0000e+00 0.0000e+00 3.7501e-02 3.9583e-01 0.0000e+00 0.0000e+00 0.0000e+00 0.0000e+00 -2.7481e-01 2.1137e-02 0.0000e+00 0.0000e+00 -2.1137e-02 -1.2411e-01 
164.0 6.4128e-01 3.6156e-02 0.0000e+00 0.0000e+00 3.6156e-02 4.0327e-01 0.0000e+00 0.0000e+00 0.0000e+00 0.0000e+00 -2.8484e-01 1.3125e-02 0.0000e+00 0.0000e+00 -1.3125e-02 -1.3196e-01 
165.0 6.5235e-01 3.4245e-02 0.0000e+00 0.0000e+00 3.4245e-02 4.1126e-01 0.0000e+00 0.0000e+00 0.0000e+00 0.0000e+00 -2.9605e-01 4.5404e-03 0.0000e+00 0.0000e+00 -4.5404e-03 -1.4035e-01 
166.0 6.6483e-01 3.1721e-02 0.0000e+00 0.0000e+00 3.1721e-02 4.2008e-01 0.0000e+00 0.0000e+00 0.0000e+00 0.0000e+00 -3.0870e-01 -4.5223e-03 0.0000e+00 0.0000e+00 4.5223e-03 -1.4935e-01 
167.0 6.7905e-01 2.8539e-02 0.0000e+00 0.0000e+00 2.8539e-02 4.3009e-01 0.0000e+00 0.0000e+00 0.0000e+00 0.0000e+00 -3.2305e-01 -1.4023e-02 0.0000e+00 0.0000e+00 1.4023e-02 -1.5908e-01 
168.0 6.9527e-01 2.4684e-02 0.0000e+00 0.0000e+00 2.4684e-02 4.4148e-01 0.0000e+00 0.0000e+00 0.0000e+00 0.0000e+00 -3.3947e-01 -2.4002e-02 0.0000e+00 0.0000e+00 2.4002e-02 -1.6974e-01 
169.0 7.1372e-01 2.0109e-02 0.0000e+00 0.0000e+00 2.0109e-02 4.5425e-01 0.0000e+00 0.0000e+00 0.0000e+00 0.0000e+00 -3.5843e-01 -3.4575e-02 0.0000e+00 0.0000e+00 3.4575e-02 -1.8149e-01 
170.0 7.3483e-01 1.4754e-02 0.0000e+00 0.0000e+00 1.4754e-02 4.6837e-01 0.0000e+00 0.0000e+00 0.0000e+00 0.0000e+00 -3.8062e-01 -4.5734e-02 0.0000e+00 0.0000e+00 4.5734e-02 -1.9442e-01 
171.0 7.5966e-01 8.6942e-03 0.0000e+00 0.0000e+00 8.6942e-03 4.8404e-01 0.0000e+00 0.0000e+00 0.0000e+00 0.0000e+00 -4.0702e-01 -5.6929e-02 0.0000e+00 0.0000e+00 5.6929e-02 -2.0843e-01 
172.0 7.9029e-01 2.2516e-03 0.0000e+00 0.0000e+00 2.2516e-03 5.0210e-01 0.0000e+00 0.0000e+00 0.0000e+00 0.0000e+00 -4.3891e-01 -6.6783e-02 0.0000e+00 0.0000e+00 6.6783e-02 -2.2326e-01 
173.0 8.2959e-01 -3.9144e-03 0.0000e+00 0.0000e+00 -3.9144e-03 5.2398e-01 0.0000e+00 0.0000e+00 0.0000e+00 0.0000e+00 -4.7752e-01 -7.3107e-02 0.0000e+00 0.0000e+00 7.3107e-02 -2.3844e-01 
174.0 8.8053e-01 -8.7668e-03 0.0000e+00 0.0000e+00 -8.7668e-03 5.5151e-01 0.0000e+00 0.0000e+00 0.0000e+00 0.0000e+00 -5.2332e-01 -7.3212e-02 0.0000e+00 0.0000e+00 7.3212e-02 -2.5314e-01 
175.0 9.4425e-01 -1.1178e-02 0.0000e+00 0.0000e+00 -1.1178e-02 5.8579e-01 0.0000e+00 0.0000e+00 0.0000e+00 0.0000e+00 -5.7504e-01 -6.5128e-02 0.0000e+00 0.0000e+00 6.5128e-02 -2.6623e-01 
176.0 1.0179e+00 -1.0419e-02 0.0000e+00 0.0000e+00 -1.0419e-02 6.2575e-01 0.0000e+00 0.0000e+00 0.0000e+00 0.0000e+00 -6.2892e-01 -4.8869e-02 0.0000e+00 0.0000e+00 4.8869e-02 -2.7646e-01 
177.0 1.0922e+00 -6.7534e-03 0.0000e+00 0.0000e+00 -6.7534e-03 6.6683e-01 0.0000e+00 0.0000e+00 0.0000e+00 0.0000e+00 -6.7824e-01 -2.7666e-02 0.0000e+00 0.0000e+00 2.7666e-02 -2.8301e-01 
178.0 1.1508e+00 -2.2090e-03 0.0000e+00 0.0000e+00 -2.2090e-03 6.9995e-01 0.0000e+00 0.0000e+00 0.0000e+00 0.0000e+00 -7.1412e-01 -8.6227e-03 0.0000e+00 0.0000e+00 8.6227e-03 -2.8620e-01 
179.0 1.1751e+00 -3.5448e-20 0.0000e+00 0.0000e+00 -3.5448e-20 7.1399e-01 0.0000e+00 0.0000e+00 0.0000e+00 0.0000e+00 -7.2842e-01 -1.2868e-19 0.0000e+00 0.0000e+00 1.2868e-19 -2.8739e-01 
180.0 1.1982e+00 0.0000e+00 0.0000e+00 0.0000e+00 0.0000e+00 7.2646e-01 0.0000e+00 0.0000e+00 0.0000e+00 0.0000e+00 -7.4112e-01 0.0000e+00 0.0000e+00 0.0000e+00 -0.0000e+00 -2.8804e-01 
