0.9944 1.1447 0.1503 0.069112
theta s11 s12 s13 s14 s21 s22 s23 s24 s31 s32 s33 s34 s41 s42 s43 s44
0.0 3.1681e+03 0.0000e+00 0.0000e+00 0.0000e+00 0.0000e+00 3.1671e+03 0.0000e+00 0.0000e+00 0.0000e+00 0.0000e+00 3.1671e+03 0.0000e+00 0.0000e+00 0.0000e+00 -0.0000e+00 3.1660e+03 
1.0 2.6654e+03 -1.8516e-01 0.0000e+00 0.0000e+00 -1.8516e-01 2.6643e+03 0.0000e+00 0.0000e+00 0.0000e+00 0.0000e+00 2.6643e+03 -1.3258e+00 0.0000e+00 0.0000e+00 1.3258e+00 2.6633e+03 
2.0 1.7963e+03 -3.8309e-01 0.0000e+00 0.0000e+00 -3.8309e-01 1.7953e+03 0.0000e+00 0.0000e+00 0.0000e+00 0.0000e+00 1.7953e+03 -4.1860e+00 0.0000e+00 0.0000e+00 4.1860e+00 1.7943e+03 
3.0 1.1440e+03 -4.1417e-01 0.0000e+00 0.0000e+00 -4.1417e-01 1.1430e+03 0.0000e+00 0.0000e+00 0.0000e+00 0.0000e+00 1.1429e+03 -6.5898e+00 0.0000e+00 0.0000e+00 6.5898e+00 1.1419e+03 
4.0 7.4601e+02 -4.0546e-01 0.0000e+00 0.0000e+00 -4.0546e-01 7.4505e+02 0.0000e+00 0.0000e+00 0.0000e+00 0.0000e+00 7.4491e+02 -7.6682e+00 0.0000e+00 0.0000e+00 7.6682e+00 7.4398e+02 
5.0 5.1197e+02 -4.1949e-01 0.0000e+00 0.0000e+00 -4.1949e-01 5.1104e+02 0.0000e+00 0.0000e+00 0.0000e+00 0.0000e+00 5.1083e+02 -7.7628e+00 0.0000e+00 0.0000e+00 7.7628e+00 5.0994e+02 
6.0 3.7049e+02 -4.5769e-01 0.0000e+00 0.0000e+00 -4.5769e-01 3.6959e+02 0.0000e+00 0.0000e+00 0.0000e+00 0.0000e+00 3.6933e+02 -7.4050e+00 0.0000e+00 0.0000e+00 7.4050e+00 3.6849e+02 
7.0 2.8083e+02 -5.1572e-01 0.0000e+00 0.0000e+00 -5.1572e-01 2.7996e+02 0.0000e+00 0.0000e+00 0.0000e+00 0.0000e+00 2.7965e+02 -6.8686e+00 0.0000e+00 0.0000e+00 6.8686e+00 2.7885e+02 
8.0 2.2138e+02 -5.8825e-01 0.0000e+00 0.0000e+00 -5.8825e-01 2.2052e+02 0.0000e+00 0.0000e+00 0.0000e+00 0.0000e+00 2.2017e+02 -6.2742e+00 0.0000e+00 0.0000e+00 6.2742e+00 2.1941e+02 
9.0 1.8038e+02 -6.6920e-01 0.0000e+00 0.0000e+00 -6.6920e-01 1.7953e+02 0.0000e+00 0.0000e+00 0.0000e+00 0.0000e+00 1.7915e+02 -5.6807e+00 0.0000e+00 0.0000e+00 5.6807e+00 1.7842e+02 
10.0 1.5114e+02 -7.5382e-01 0.0000e+00 0.0000e+00 -7.5382e-01 1.5030e+02 0.0000e+00 0.0000e+00 0.0000e+00 0.0000e+00 1.4990e+02 -5.1129e+00 0.0000e+00 0.0000e+00 5.1129e+00 1.4920e+02 
11.0 1.2971e+02 -8.3768e-01 0.0000e+00 0.0000e+00 -8.3768e-01 1.2888e+02 0.0000e+00 0.0000e+00 0.0000e+00 0.0000e+00 1.2846e+02 -4.5860e+00 0.0000e+00 0.0000e+00 4.5860e+00 1.2778e+02 
12.0 1.1358e+02 -9.1903e-01 0.0000e+00 0.0000e+00 -9.1903e-01 1.1275e+02 0.0000e+00 0.0000e+00 0.0000e+00 0.0000e+00 1.1232e+02 -4.1104e+00 0.0000e+00 0.0000e+00 4.1104e+00 1.1166e+02 
13.0 1.0115e+02 -9.9740e-01 0.0000e+00 0.0000e+00 -9.9740e-01 1.0032e+02 0.0000e+00 0.0000e+00 0.0000e+00 0.0000e+00 9.9877e+01 -3.6880e+00 0.0000e+00 0.0000e+00 3.6880e+00 9.9250e+01 
14.0 9.1338e+01 -1.0691e+00 0.0000e+00 0.0000e+00 -1.0691e+00 9.0508e+01 0.0000e+00 0.0000e+00 0.0000e+00 0.0000e+00 9.0055e+01 -3.3259e+00 0.0000e+00 0.0000e+00 3.3259e+00 8.9451e+01 
15.0 8.3410e+01 -1.1378e+00 0.0000e+00 0.0000e+00 -1.1378e+00 8.2581e+01 0.0000e+00 0.0000e+00 0.0000e+00 0.0000e+00 8.2121e+01 -3.0069e+00 0.0000e+00 0.0000e+00 3.0069e+00 8.1539e+01 
16.0 7.6871e+01 -1.2032e+00 0.0000e+00 0.0000e+00 -1.2032e+00 7.6041e+01 0.0000e+00 0.0000e+00 0.0000e+00 0.0000e+00 7.5576e+01 -2.7261e+00 0.0000e+00 0.0000e+00 2.7261e+00 7.5014e+01 
17.0 7.1380e+01 -1.2665e+00 0.0000e+00 0.0000e+00 -1.2665e+00 7.0550e+01 0.0000e+00 0.0000e+00 0.0000e+00 0.0000e+00 7.0080e+01 -2.4806e+00 0.0000e+00 0.0000e+00 2.4806e+00 6.9538e+01 
18.0 6.6694e+01 -1.3285e+00 0.0000e+00 0.0000e+00 -1.3285e+00 6.5863e+01 0.0000e+00 0.0000e+00 0.0000e+00 0.0000e+00 6.5388e+01 -2.2674e+00 0.0000e+00 0.0000e+00 2.2674e+00 6.4866e+01 
19.0 6.2634e+01 -1.3899e+00 0.0000e+00 0.0000e+00 -1.3899e+00 6.1801e+01 0.0000e+00 0.0000e+00 0.0000e+00 0.0000e+00 6.1518e+01 -2.0822e+00 0.0000e+00 0.0000e+00 2.0822e+00 6.1021e+01 
20.0 5.9068e+01 -1.4508e+00 0.0000e+00 0.0000e+00 -1.4508e+00 5.8234e+01 0.0000e+00 0.0000e+00 0.0000e+00 0.0000e+00 5.8120e+01 -1.9222e+00 0.0000e+00 0.0000e+00 1.9222e+00 5.7645e+01 
21.0 5.5895e+01 -1.5108e+00 0.0000e+00 0.0000e+00 -1.5108e+00 5.5061e+01 0.0000e+00 0.0000e+00 0.0000e+00 0.0000e+00 5.5098e+01 -1.7853e+00 0.0000e+00 0.0000e+00 1.7853e+00 5.4643e+01 
22.0 5.3039e+01 -1.5695e+00 0.0000e+00 0.0000e+00 -1.5695e+00 5.2204e+01 0.0000e+00 0.0000e+00 0.0000e+00 0.0000e+00 5.2377e+01 -1.6690e+00 0.0000e+00 0.0000e+00 1.6690e+00 5.1939e+01 
23.0 5.0439e+01 -1.6270e+00 0.0000e+00 0.0000e+00 -1.6270e+00 4.9604e+01 0.0000e+00 0.0000e+00 0.0000e+00 0.0000e+00 4.9900e+01 -1.5692e+00 0.0000e+00 0.0000e+00 1.5692e+00 4.9478e+01 
24.0 4.8053e+01 -1.6836e+00 0.0000e+00 0.0000e+00 -1.6836e+00 4.7217e+01 0.0000e+00 0.0000e+00 0.0000e+00 0.0000e+00 4.7625e+01 -1.4816e+00 0.0000e+00 0.0000e+00 1.4816e+00 4.7218e+01 
25.0 4.5848e+01 -1.7400e+00 0.0000e+00 0.0000e+00 -1.7400e+00 4.5013e+01 0.0000e+00 0.0000e+00 0.0000e+00 0.0000e+00 4.5522e+01 -1.4028e+00 0.0000e+00 0.0000e+00 1.4028e+00 4.5129e+01 
26.0 4.3801e+01 -1.7961e+00 0.0000e+00 0.0000e+00 -1.7961e+00 4.2966e+01 0.0000e+00 0.0000e+00 0.0000e+00 0.0000e+00 4.3568e+01 -1.3313e+00 0.0000e+00 0.0000e+00 1.3313e+00 4.3187e+01 
27.0 4.1889e+01 -1.8520e+00 0.0000e+00 0.0000e+00 -1.8520e+00 4.1054e+01 0.0000e+00 0.0000e+00 0.0000e+00 0.0000e+00 4.1742e+01 -1.2662e+00 0.0000e+00 0.0000e+00 1.2662e+00 4.1373e+01 
28.0 4.0094e+01 -1.9073e+00 0.0000e+00 0.0000e+00 -1.9073e+00 3.9260e+01 0.0000e+00 0.0000e+00 0.0000e+00 0.0000e+00 4.0026e+01 -1.2067e+00 0.0000e+00 0.0000e+00 1.2067e+00 3.9668e+01 
29.0 3.8402e+01 -1.9619e+00 0.0000e+00 0.0000e+00 -1.9619e+00 3.7569e+01 0.0000e+00 0.0000e+00 0.0000e+00 0.0000e+00 3.8405e+01 -1.1520e+00 0.0000e+00 0.0000e+00 1.1520e+00 3.8058e+01 
30.0 3.6800e+01 -2.0157e+00 0.0000e+00 0.0000e+00 -2.0157e+00 3.5968e+01 0.0000e+00 0.0000e+00 0.0000e+00 0.0000e+00 3.6870e+01 -1.1012e+00 0.0000e+00 0.0000e+00 1.1012e+00 3.6533e+01 
31.0 3.5280e+01 -2.0685e+00 0.0000e+00 0.0000e+00 -2.0685e+00 3.4449e+01 0.0000e+00 0.0000e+00 0.0000e+00 0.0000e+00 3.5261e+01 -1.0537e+00 0.0000e+00 0.0000e+00 1.0537e+00 3.4939e+01 
32.0 3.3835e+01 -2.1202e+00 0.0000e+00 0.0000e+00 -2.1202e+00 3.3005e+01 0.0000e+00 0.0000e+00 0.0000e+00 0.0000e+00 3.3731e+01 -1.0092e+00 0.0000e+00 0.0000e+00 1.0092e+00 3.3424e+01 
33.0 3.2457e+01 -2.1703e+00 0.0000e+00 0.0000e+00 -2.1703e+00 3.1630e+01 0.0000e+00 0.0000e+00 0.0000e+00 0.0000e+00 3.2275e+01 -9.6750e-01 0.0000e+00 0.0000e+00 9.6750e-01 3.1981e+01 
34.0 3.1144e+01 -2.2188e+00 0.0000e+00 0.0000e+00 -2.2188e+00 3.0318e+01 0.0000e+00 0.0000e+00 0.0000e+00 0.0000e+00 3.0885e+01 -9.2831e-01 0.0000e+00 0.0000e+00 9.2831e-01 3.0605e+01 
35.0 2.9889e+01 -2.2655e+00 0.0000e+00 0.0000e+00 -2.2655e+00 2.9064e+01 0.0000e+00 0.0000e+00 0.0000e+00 0.0000e+00 2.9557e+01 -8.9120e-01 0.0000e+00 0.0000e+00 8.9120e-01 2.9289e+01 
36.0 2.8689e+01 -2.3103e+00 0.0000e+00 0.0000e+00 -2.3103e+00 2.7867e+01 0.0000e+00 0.0000e+00 0.0000e+00 0.0000e+00 2.8286e+01 -8.5556e-01 0.0000e+00 0.0000e+00 8.5556e-01 2.8031e+01 
37.0 2.7543e+01 -2.3537e+00 0.0000e+00 0.0000e+00 -2.3537e+00 2.6723e+01 0.0000e+00 0.0000e+00 0.0000e+00 0.0000e+00 2.7070e+01 -8.2092e-01 0.0000e+00 0.0000e+00 8.2092e-01 2.6828e+01 
38.0 2.6449e+01 -2.3958e+00 0.0000e+00 0.0000e+00 -2.3958e+00 2.5632e+01 0.0000e+00 0.0000e+00 0.0000e+00 0.0000e+00 2.5908e+01 -7.8713e-01 0.0000e+00 0.0000e+00 7.8713e-01 2.5678e+01 
39.0 2.5404e+01 -2.4366e+00 0.0000e+00 0.0000e+00 -2.4366e+00 2.4589e+01 0.0000e+00 0.0000e+00 0.0000e+00 0.0000e+00 2.4795e+01 -7.5418e-01 0.0000e+00 0.0000e+00 7.5418e-01 2.4577e+01 
40.0 2.4405e+01 -2.4760e+00 0.0000e+00 0.0000e+00 -2.4760e+00 2.3593e+01 0.0000e+00 0.0000e+00 0.0000e+00 0.0000e+00 2.3731e+01 -7.2212e-01 0.0000e+00 0.0000e+00 7.2212e-01 2.3524e+01 
41.0 2.3451e+01 -2.5137e+00 0.0000e+00 0.0000e+00 -2.5137e+00 2.2642e+01 0.0000e+00 0.0000e+00 0.0000e+00 0.0000e+00 2.2712e+01 -6.9094e-01 0.0000e+00 0.0000e+00 6.9094e-01 2.2516e+01 
42.0 2.2538e+01 -2.5497e+00 0.0000e+00 0.0000e+00 -2.5497e+00 2.1732e+01 0.0000e+00 0.0000e+00 0.0000e+00 0.0000e+00 2.1735e+01 -6.6060e-01 0.0000e+00 0.0000e+00 6.6060e-01 2.1550e+01 
43.0 2.1663e+01 -2.5836e+00 0.0000e+00 0.0000e+00 -2.5836e+00 2.0861e+01 0.0000e+00 0.0000e+00 0.0000e+00 0.0000e+00 2.0799e+01 -6.3096e-01 0.0000e+00 0.0000e+00 6.3096e-01 2.0625e+01 
44.0 2.0826e+01 -2.6155e+00 0.0000e+00 0.0000e+00 -2.6155e+00 2.0027e+01 0.0000e+00 0.0000e+00 0.0000e+00 0.0000e+00 1.9900e+01 -6.0180e-01 0.0000e+00 0.0000e+00 6.0180e-01 1.9736e+01 
45.0 2.0024e+01 -2.6454e+00 0.0000e+00 0.0000e+00 -2.6454e+00 1.9228e+01 0.0000e+00 0.0000e+00 0.0000e+00 0.0000e+00 1.9038e+01 -5.7293e-01 0.0000e+00 0.0000e+00 5.7293e-01 1.8884e+01 
46.0 1.9255e+01 -2.6733e+00 0.0000e+00 0.0000e+00 -2.6733e+00 1.8463e+01 0.0000e+00 0.0000e+00 0.0000e+00 0.0000e+00 1.8211e+01 -5.4422e-01 0.0000e+00 0.0000e+00 5.4422e-01 1.8067e+01 
47.0 1.8519e+01 -2.6992e+00 0.0000e+00 0.0000e+00 -2.6992e+00 1.7731e+01 0.0000e+00 0.0000e+00 0.0000e+00 0.0000e+00 1.7417e+01 -5.1561e-01 0.0000e+00 0.0000e+00 5.1561e-01 1.7282e+01 
48.0 1.7814e+01 -2.7231e+00 0.0000e+00 0.0000e+00 -2.7231e+00 1.7029e+01 0.0000e+00 0.0000e+00 0.0000e+00 0.0000e+00 1.6655e+01 -4.8709e-01 0.0000e+00 0.0000e+00 4.8709e-01 1.6530e+01 
49.0 1.7139e+01 -2.7451e+00 0.0000e+00 0.0000e+00 -2.7451e+00 1.6358e+01 0.0000e+00 0.0000e+00 0.0000e+00 0.0000e+00 1.5924e+01 -4.5864e-01 0.0000e+00 0.0000e+00 4.5864e-01 1.5808e+01 
50.0 1.6492e+01 -2.7652e+00 0.0000e+00 0.0000e+00 -2.7652e+00 1.5715e+01 0.0000e+00 0.0000e+00 0.0000e+00 0.0000e+00 1.5223e+01 -4.3025e-01 0.0000e+00 0.0000e+00 4.3025e-01 1.5115e+01 
51.0 1.5874e+01 -2.7833e+00 0.0000e+00 0.0000e+00 -2.7833e+00 1.5100e+01 0.0000e+00 0.0000e+00 0.0000e+00 0.0000e+00 1.4550e+01 -4.0187e-01 0.0000e+00 0.0000e+00 4.0187e-01 1.4451e+01 
52.0 1.5282e+01 -2.7996e+00 0.0000e+00 0.0000e+00 -2.7996e+00 1.4512e+01 0.0000e+00 0.0000e+00 0.0000e+00 0.0000e+00 1.3904e+01 -3.7343e-01 0.0000e+00 0.0000e+00 3.7343e-01 1.3814e+01 
53.0 1.4716e+01 -2.8142e+00 0.0000e+00 0.0000e+00 -2.8142e+00 1.3950e+01 0.0000e+00 0.0000e+00 0.0000e+00 0.0000e+00 1.3284e+01 -3.4496e-01 0.0000e+00 0.0000e+00 3.4496e-01 1.3202e+01 
54.0 1.4174e+01 -2.8271e+00 0.0000e+00 0.0000e+00 -2.8271e+00 1.3412e+01 0.0000e+00 0.0000e+00 0.0000e+00 0.0000e+00 1.2690e+01 -3.1657e-01 0.0000e+00 0.0000e+00 3.1657e-01 1.2616e+01 
55.0 1.3657e+01 -2.8382e+00 0.0000e+00 0.0000e+00 -2.8382e+00 1.2898e+01 0.0000e+00 0.0000e+00 0.0000e+00 0.0000e+00 1.2119e+01 -2.8834e-01 0.0000e+00 0.0000e+00 2.8834e-01 1.2054e+01 
56.0 1.3162e+01 -2.8476e+00 0.0000e+00 0.0000e+00 -2.8476e+00 1.2407e+01 0.0000e+00 0.0000e+00 0.0000e+00 0.0000e+00 1.1572e+01 -2.6030e-01 0.0000e+00 0.0000e+00 2.6030e-01 1.1515e+01 
57.0 1.2689e+01 -2.8553e+00 0.0000e+00 0.0000e+00 -2.8553e+00 1.1938e+01 0.0000e+00 0.0000e+00 0.0000e+00 0.0000e+00 1.1048e+01 -2.3244e-01 0.0000e+00 0.0000e+00 2.3244e-01 1.0999e+01 
58.0 1.2236e+01 -2.8612e+00 0.0000e+00 0.0000e+00 -2.8612e+00 1.1489e+01 0.0000e+00 0.0000e+00 0.0000e+00 0.0000e+00 1.0544e+01 -2.0480e-01 0.0000e+00 0.0000e+00 2.0480e-01 1.0503e+01 
59.0 1.1804e+01 -2.8654e+00 0.0000e+00 0.0000e+00 -2.8654e+00 1.1060e+01 0.0000e+00 0.0000e+00 0.0000e+00 0.0000e+00 1.0061e+01 -1.7742e-01 0.0000e+00 0.0000e+00 1.7742e-01 1.0027e+01 
60.0 1.1390e+01 -2.8680e+00 0.0000e+00 0.0000e+00 -2.8680e+00 1.0650e+01 0.0000e+00 0.0000e+00 0.0000e+00 0.0000e+00 9.5965e+00 -1.5032e-01 0.0000e+00 0.0000e+00 1.5032e-01 9.5707e+00 
61.0 1.0994e+01 -2.8689e+00 0.0000e+00 0.0000e+00 -2.8689e+00 1.0258e+01 0.0000e+00 0.0000e+00 0.0000e+00 0.0000e+00 9.1510e+00 -1.2352e-01 0.0000e+00 0.0000e+00 1.2352e-01 9.1327e+00 
62.0 1.0616e+01 -2.8683e+00 0.0000e+00 0.0000e+00 -2.8683e+00 9.8830e+00 0.0000e+00 0.0000e+00 0.0000e+00 0.0000e+00 8.7233e+00 -9.7060e-02 0.0000e+00 0.0000e+00 9.7060e-02 8.7125e+00 
63.0 1.0254e+01 -2.8661e+00 0.0000e+00 0.0000e+00 -2.8661e+00 9.5247e+00 0.0000e+00 0.0000e+00 0.0000e+00 0.0000e+00 8.3127e+00 -7.0989e-02 0.0000e+00 0.0000e+00 7.0989e-02 8.3093e+00 
64.0 9.9084e+00 -2.8625e+00 0.0000e+00 0.0000e+00 -2.8625e+00 9.1824e+00 0.0000e+00 0.0000e+00 0.0000e+00 0.0000e+00 7.9185e+00 -4.5382e-02 0.0000e+00 0.0000e+00 4.5382e-02 7.9223e+00 
65.0 9.5778e+00 -2.8573e+00 0.0000e+00 0.0000e+00 -2.8573e+00 8.8552e+00 0.0000e+00 0.0000e+00 0.0000e+00 0.0000e+00 7.5399e+00 -2.0320e-02 0.0000e+00 0.0000e+00 2.0320e-02 7.5510e+00 
66.0 9.2618e+00 -2.8505e+00 0.0000e+00 0.0000e+00 -2.8505e+00 8.5425e+00 0.0000e+00 0.0000e+00 0.0000e+00 0.0000e+00 7.1763e+00 4.1490e-03 0.0000e+00 0.0000e+00 -4.1490e-03 7.1946e+00 
67.0 8.9596e+00 -2.8423e+00 0.0000e+00 0.0000e+00 -2.8423e+00 8.2436e+00 0.0000e+00 0.0000e+00 0.0000e+00 0.0000e+00 6.8271e+00 2.7994e-02 0.0000e+00 0.0000e+00 -2.7994e-02 6.8524e+00 
68.0 8.6706e+00 -2.8326e+00 0.0000e+00 0.0000e+00 -2.8326e+00 7.9580e+00 0.0000e+00 0.0000e+00 0.0000e+00 0.0000e+00 6.4915e+00 5.1197e-02 0.0000e+00 0.0000e+00 -5.1197e-02 6.5238e+00 
69.0 8.3943e+00 -2.8215e+00 0.0000e+00 0.0000e+00 -2.8215e+00 7.6849e+00 0.0000e+00 0.0000e+00 0.0000e+00 0.0000e+00 6.1689e+00 7.3754e-02 0.0000e+00 0.0000e+00 -7.3754e-02 6.2082e+00 
70.0 8.1300e+00 -2.8090e+00 0.0000e+00 0.0000e+00 -2.8090e+00 7.4239e+00 0.0000e+00 0.0000e+00 0.0000e+00 0.0000e+00 5.8589e+00 9.5655e-02 0.0000e+00 0.0000e+00 -9.5655e-02 5.9050e+00 
71.0 7.8773e+00 -2.7951e+00 0.0000e+00 0.0000e+00 -2.7951e+00 7.1743e+00 0.0000e+00 0.0000e+00 0.0000e+00 0.0000e+00 5.5607e+00 1.1687e-01 0.0000e+00 0.0000e+00 -1.1687e-01 5.6137e+00 
72.0 7.6355e+00 -2.7798e+00 0.0000e+00 0.0000e+00 -2.7798e+00 6.9358e+00 0.0000e+00 0.0000e+00 0.0000e+00 0.0000e+00 5.2740e+00 1.3740e-01 0.0000e+00 0.0000e+00 -1.3740e-01 5.3337e+00 
73.0 7.4043e+00 -2.7632e+00 0.0000e+00 0.0000e+00 -2.7632e+00 6.7078e+00 0.0000e+00 0.0000e+00 0.0000e+00 0.0000e+00 4.9982e+00 1.5723e-01 0.0000e+00 0.0000e+00 -1.5723e-01 5.0645e+00 
74.0 7.1832e+00 -2.7454e+00 0.0000e+00 0.0000e+00 -2.7454e+00 6.4900e+00 0.0000e+00 0.0000e+00 0.0000e+00 0.0000e+00 4.7328e+00 1.7638e-01 0.0000e+00 0.0000e+00 -1.7638e-01 4.8058e+00 
75.0 6.9718e+00 -2.7263e+00 0.0000e+00 0.0000e+00 -2.7263e+00 6.2818e+00 0.0000e+00 0.0000e+00 0.0000e+00 0.0000e+00 4.4775e+00 1.9485e-01 0.0000e+00 0.0000e+00 -1.9485e-01 4.5570e+00 
76.0 6.7696e+00 -2.7060e+00 0.0000e+00 0.0000e+00 -2.7060e+00 6.0828e+00 0.0000e+00 0.0000e+00 0.0000e+00 0.0000e+00 4.2317e+00 2.1265e-01 0.0000e+00 0.0000e+00 -2.1265e-01 4.3178e+00 
77.0 6.5763e+00 -2.6846e+00 0.0000e+00 0.0000e+00 -2.6846e+00 5.8927e+00 0.0000e+00 0.0000e+00 0.0000e+00 0.0000e+00 3.9952e+00 2.2982e-01 0.0000e+00 0.0000e+00 -2.2982e-01 4.0876e+00 
78.0 6.3915e+00 -2.6621e+00 0.0000e+00 0.0000e+00 -2.6621e+00 5.7111e+00 0.0000e+00 0.0000e+00 0.0000e+00 0.0000e+00 3.7674e+00 2.4637e-01 0.0000e+00 0.0000e+00 -2.4637e-01 3.8663e+00 
79.0 6.2149e+00 -2.6385e+00 0.0000e+00 0.0000e+00 -2.6385e+00 5.5377e+00 0.0000e+00 0.0000e+00 0.0000e+00 0.0000e+00 3.5481e+00 2.6233e-01 0.0000e+00 0.0000e+00 -2.6233e-01 3.6533e+00 
80.0 6.0462e+00 -2.6139e+00 0.0000e+00 0.0000e+00 -2.6139e+00 5.3721e+00 0.0000e+00 0.0000e+00 0.0000e+00 0.0000e+00 3.3369e+00 2.7770e-01 0.0000e+00 0.0000e+00 -2.7770e-01 3.4484e+00 
81.0 5.8850e+00 -2.5883e+00 0.0000e+00 0.0000e+00 -2.5883e+00 5.2140e+00 0.0000e+00 0.0000e+00 0.0000e+00 0.0000e+00 3.1335e+00 2.9248e-01 0.0000e+00 0.0000e+00 -2.9248e-01 3.2512e+00 
82.0 5.7310e+00 -2.5618e+00 0.0000e+00 0.0000e+00 -2.5618e+00 5.0631e+00 0.0000e+00 0.0000e+00 0.0000e+00 0.0000e+00 2.9375e+00 3.0667e-01 0.0000e+00 0.0000e+00 -3.0667e-01 3.0615e+00 
83.0 5.5839e+00 -2.5343e+00 0.0000e+00 0.0000e+00 -2.5343e+00 4.9191e+00 0.0000e+00 0.0000e+00 0.0000e+00 0.0000e+00 2.7487e+00 3.2029e-01 0.0000e+00 0.0000e+00 -3.2029e-01 2.8789e+00 
84.0 5.4435e+00 -2.5060e+00 0.0000e+00 0.0000e+00 -2.5060e+00 4.7817e+00 0.0000e+00 0.0000e+00 0.0000e+00 0.0000e+00 2.5668e+00 3.3337e-01 0.0000e+00 0.0000e+00 -3.3337e-01 2.7032e+00 
85.0 5.3095e+00 -2.4769e+00 0.0000e+00 0.0000e+00 -2.4769e+00 4.6506e+00 0.0000e+00 0.0000e+00 0.0000e+00 0.0000e+00 2.3914e+00 3.4594e-01 0.0000e+00 0.0000e+00 -3.4594e-01 2.5339e+00 
86.0 5.1816e+00 -2.4471e+00 0.0000e+00 0.0000e+00 -2.4471e+00 4.5256e+00 0.0000e+00 0.0000e+00 0.0000e+00 0.0000e+00 2.2223e+00 3.5801e-01 0.0000e+00 0.0000e+00 -3.5801e-01 2.3710e+00 
87.0 5.0596e+00 -2.4165e+00 0.0000e+00 0.0000e+00 -2.4165e+00 4.4064e+00 0.0000e+00 0.0000e+00 0.0000e+00 0.0000e+00 2.0593e+00 3.6960e-01 0.0000e+00 0.0000e+00 -3.6960e-01 2.2140e+00 
88.0 4.9432e+00 -2.3854e+00 0.0000e+00 0.0000e+00 -2.3854e+00 4.2928e+00 0.0000e+00 0.0000e+00 0.0000e+00 0.0000e+00 1.9021e+00 3.8068e-01 0.0000e+00 0.0000e+00 -3.8068e-01 2.0628e+00 
89.0 4.8321e+00 -2.3536e+00 0.0000e+00 0.0000e+00 -2.3536e+00 4.1845e+00 0.0000e+00 0.0000e+00 0.0000e+00 0.0000e+00 1.7506e+00 3.9124e-01 0.0000e+00 0.0000e+00 -3.9124e-01 1.9172e+00 
90.0 4.7262e+00 -2.3214e+00 0.0000e+00 0.0000e+00 -2.3214e+00 4.0813e+00 0.0000e+00 0.0000e+00 0.0000e+00 0.0000e+00 1.6044e+00 4.0123e-01 0.0000e+00 0.0000e+00 -4.0123e-01 1.7769e+00 
91.0 4.6252e+00 -2.2886e+00 0.0000e+00 0.0000e+00 -2.2886e+00 3.9830e+00 0.0000e+00 0.0000e+00 0.0000e+00 0.0000e+00 1.4634e+00 4.1064e-01 0.0000e+00 0.0000e+00 -4.1064e-01 1.6416e+00 
92.0 4.5288e+00 -2.2553e+00 0.0000e+00 0.0000e+00 -2.2553e+00 3.8893e+00 0.0000e+00 0.0000e+00 0.0000e+00 0.0000e+00 1.3273e+00 4.1945e-01 0.0000e+00 0.0000e+00 -4.1945e-01 1.5113e+00 
93.0 4.4369e+00 -2.2216e+00 0.0000e+00 0.0000e+00 -2.2216e+00 3.8001e+00 0.0000e+00 0.0000e+00 0.0000e+00 0.0000e+00 1.1960e+00 4.2763e-01 0.0000e+00 0.0000e+00 -4.2763e-01 1.3855e+00 
94.0 4.3492e+00 -2.1874e+00 0.0000e+00 0.0000e+00 -2.1874e+00 3.7152e+00 0.0000e+00 0.0000e+00 0.0000e+00 0.0000e+00 1.0692e+00 4.3521e-01 0.0000e+00 0.0000e+00 -4.3521e-01 1.2641e+00 
95.0 4.2656e+00 -2.1527e+00 0.0000e+00 0.0000e+00 -2.1527e+00 3.6343e+00 0.0000e+00 0.0000e+00 0.0000e+00 0.0000e+00 9.4683e-01 4.4217e-01 0.0000e+00 0.0000e+00 -4.4217e-01 1.1469e+00 
96.0 4.1859e+00 -2.1176e+00 0.0000e+00 0.0000e+00 -2.1176e+00 3.5574e+00 0.0000e+00 0.0000e+00 0.0000e+00 0.0000e+00 8.2857e-01 4.4854e-01 0.0000e+00 0.0000e+00 -4.4854e-01 1.0338e+00 
97.0 4.1100e+00 -2.0821e+00 0.0000e+00 0.0000e+00 -2.0821e+00 3.4842e+00 0.0000e+00 0.0000e+00 0.0000e+00 0.0000e+00 7.1430e-01 4.5433e-01 0.0000e+00 0.0000e+00 -4.5433e-01 9.2443e-01 
98.0 4.0376e+00 -2.0462e+00 0.0000e+00 0.0000e+00 -2.0462e+00 3.4147e+00 0.0000e+00 0.0000e+00 0.0000e+00 0.0000e+00 6.0386e-01 4.5957e-01 0.0000e+00 0.0000e+00 -4.5957e-01 8.1874e-01 
99.0 3.9687e+00 -2.0099e+00 0.0000e+00 0.0000e+00 -2.0099e+00 3.3487e+00 0.0000e+00 0.0000e+00 0.0000e+00 0.0000e+00 4.9711e-01 4.6428e-01 0.0000e+00 0.0000e+00 -4.6428e-01 7.1657e-01 
100.0 3.9031e+00 -1.9733e+00 0.0000e+00 0.0000e+00 -1.9733e+00 3.2860e+00 0.0000e+00 0.0000e+00 0.0000e+00 0.0000e+00 3.9392e-01 4.6847e-01 0.0000e+00 0.0000e+00 -4.6847e-01 6.1777e-01 
101.0 3.8406e+00 -1.9363e+00 0.0000e+00 0.0000e+00 -1.9363e+00 3.2266e+00 0.0000e+00 0.0000e+00 0.0000e+00 0.0000e+00 2.9413e-01 4.7215e-01 0.0000e+00 0.0000e+00 -4.7215e-01 5.2218e-01 
102.0 3.7813e+00 -1.8990e+00 0.0000e+00 0.0000e+00 -1.8990e+00 3.1704e+00 0.0000e+00 0.0000e+00 0.0000e+00 0.0000e+00 1.9762e-01 4.7535e-01 0.0000e+00 0.0000e+00 -4.7535e-01 4.2969e-01 
103.0 3.7250e+00 -1.8614e+00 0.0000e+00 0.0000e+00 -1.8614e+00 3.1171e+00 0.0000e+00 0.0000e+00 0.0000e+00 0.0000e+00 1.0423e-01 4.7806e-01 0.0000e+00 0.0000e+00 -4.7806e-01 3.4014e-01 
104.0 3.6715e+00 -1.8236e+00 0.0000e+00 0.0000e+00 -1.8236e+00 3.0668e+00 0.0000e+00 0.0000e+00 0.0000e+00 0.0000e+00 1.3861e-02 4.8029e-01 0.0000e+00 0.0000e+00 -4.8029e-01 2.5344e-01 
105.0 3.6207e+00 -1.7855e+00 0.0000e+00 0.0000e+00 -1.7855e+00 3.0192e+00 0.0000e+00 0.0000e+00 0.0000e+00 0.0000e+00 -7.3620e-02 4.8206e-01 0.0000e+00 0.0000e+00 -4.8206e-01 1.6946e-01 
106.0 3.5726e+00 -1.7471e+00 0.0000e+00 0.0000e+00 -1.7471e+00 2.9743e+00 0.0000e+00 0.0000e+00 0.0000e+00 0.0000e+00 -1.5833e-01 4.8338e-01 0.0000e+00 0.0000e+00 -4.8338e-01 8.8071e-02 
107.0 3.5270e+00 -1.7086e+00 0.0000e+00 0.0000e+00 -1.7086e+00 2.9320e+00 0.0000e+00 0.0000e+00 0.0000e+00 0.0000e+00 -2.4037e-01 4.8427e-01 0.0000e+00 0.0000e+00 -4.8427e-01 9.1751e-03 
108.0 3.4838e+00 -1.6698e+00 0.0000e+00 0.0000e+00 -1.6698e+00 2.8922e+00 0.0000e+00 0.0000e+00 0.0000e+00 0.0000e+00 -3.1985e-01 4.8476e-01 0.0000e+00 0.0000e+00 -4.8476e-01 -6.7331e-02 
109.0 3.4430e+00 -1.6309e+00 0.0000e+00 0.0000e+00 -1.6309e+00 2.8548e+00 0.0000e+00 0.0000e+00 0.0000e+00 0.0000e+00 -3.9688e-01 4.8487e-01 0.0000e+00 0.0000e+00 -4.8487e-01 -1.4157e-01 
110.0 3.4044e+00 -1.5918e+00 0.0000e+00 0.0000e+00 -1.5918e+00 2.8197e+00 0.0000e+00 0.0000e+00 0.0000e+00 0.0000e+00 -4.7154e-01 4.8463e-01 0.0000e+00 0.0000e+00 -4.8463e-01 -2.1363e-01 
111.0 3.3681e+00 -1.5525e+00 0.0000e+00 0.0000e+00 -1.5525e+00 2.7869e+00 0.0000e+00 0.0000e+00 0.0000e+00 0.0000e+00 -5.4393e-01 4.8406e-01 0.0000e+00 0.0000e+00 -4.8406e-01 -2.8362e-01 
112.0 3.3338e+00 -1.5132e+00 0.0000e+00 0.0000e+00 -1.5132e+00 2.7562e+00 0.0000e+00 0.0000e+00 0.0000e+00 0.0000e+00 -6.1413e-01 4.8318e-01 0.0000e+00 0.0000e+00 -4.8318e-01 -3.5159e-01 
113.0 3.3016e+00 -1.4737e+00 0.0000e+00 0.0000e+00 -1.4737e+00 2.7277e+00 0.0000e+00 0.0000e+00 0.0000e+00 0.0000e+00 -6.8220e-01 4.8202e-01 0.0000e+00 0.0000e+00 -4.8202e-01 -4.1763e-01 
114.0 3.2713e+00 -1.4342e+00 0.0000e+00 0.0000e+00 -1.4342e+00 2.7012e+00 0.0000e+00 0.0000e+00 0.0000e+00 0.0000e+00 -7.4824e-01 4.8059e-01 0.0000e+00 0.0000e+00 -4.8059e-01 -4.8181e-01 
115.0 3.2429e+00 -1.3946e+00 0.0000e+00 0.0000e+00 -1.3946e+00 2.6766e+00 0.0000e+00 0.0000e+00 0.0000e+00 0.0000e+00 -8.1233e-01 4.7891e-01 0.0000e+00 0.0000e+00 -4.7891e-01 -5.4421e-01 
116.0 3.2164e+00 -1.3551e+00 0.0000e+00 0.0000e+00 -1.3551e+00 2.6540e+00 0.0000e+00 0.0000e+00 0.0000e+00 0.0000e+00 -8.7454e-01 4.7701e-01 0.0000e+00 0.0000e+00 -4.7701e-01 -6.0490e-01 
117.0 3.1917e+00 -1.3155e+00 0.0000e+00 0.0000e+00 -1.3155e+00 2.6332e+00 0.0000e+00 0.0000e+00 0.0000e+00 0.0000e+00 -9.3493e-01 4.7490e-01 0.0000e+00 0.0000e+00 -4.7490e-01 -6.6392e-01 
118.0 3.1687e+00 -1.2761e+00 0.0000e+00 0.0000e+00 -1.2761e+00 2.6141e+00 0.0000e+00 0.0000e+00 0.0000e+00 0.0000e+00 -9.9358e-01 4.7260e-01 0.0000e+00 0.0000e+00 -4.7260e-01 -7.2131e-01 
119.0 3.1474e+00 -1.2367e+00 0.0000e+00 0.0000e+00 -1.2367e+00 2.5968e+00 0.0000e+00 0.0000e+00 0.0000e+00 0.0000e+00 -1.0505e+00 4.7010e-01 0.0000e+00 0.0000e+00 -4.7010e-01 -7.7713e-01 
120.0 3.1277e+00 -1.1975e+00 0.0000e+00 0.0000e+00 -1.1975e+00 2.5810e+00 0.0000e+00 0.0000e+00 0.0000e+00 0.0000e+00 -1.1059e+00 4.6740e-01 0.0000e+00 0.0000e+00 -4.6740e-01 -8.3141e-01 
121.0 3.1095e+00 -1.1585e+00 0.0000e+00 0.0000e+00 -1.1585e+00 2.5668e+00 0.0000e+00 0.0000e+00 0.0000e+00 0.0000e+00 -1.1596e+00 4.6447e-01 0.0000e+00 0.0000e+00 -4.6447e-01 -8.8419e-01 
122.0 3.0929e+00 -1.1197e+00 0.0000e+00 0.0000e+00 -1.1197e+00 2.5540e+00 0.0000e+00 0.0000e+00 0.0000e+00 0.0000e+00 -1.2119e+00 4.6129e-01 0.0000e+00 0.0000e+00 -4.6129e-01 -9.3551e-01 
123.0 3.0776e+00 -1.0811e+00 0.0000e+00 0.0000e+00 -1.0811e+00 2.5426e+00 0.0000e+00 0.0000e+00 0.0000e+00 0.0000e+00 -1.2627e+00 4.5781e-01 0.0000e+00 0.0000e+00 -4.5781e-01 -9.8541e-01 
124.0 3.0637e+00 -1.0429e+00 0.0000e+00 0.0000e+00 -1.0429e+00 2.5324e+00 0.0000e+00 0.0000e+00 0.0000e+00 0.0000e+00 -1.3120e+00 4.5400e-01 0.0000e+00 0.0000e+00 -4.5400e-01 -1.0339e+00 
125.0 3.0510e+00 -1.0049e+00 0.0000e+00 0.0000e+00 -1.0049e+00 2.5234e+00 0.0000e+00 0.0000e+00 0.0000e+00 0.0000e+00 -1.3601e+00 4.4984e-01 0.0000e+00 0.0000e+00 -4.4984e-01 -1.0811e+00 
126.0 3.0394e+00 -9.6718e-01 0.0000e+00 0.0000e+00 -9.6718e-01 2.5156e+00 0.0000e+00 0.0000e+00 0.0000e+00 0.0000e+00 -1.4068e+00 4.4534e-01 0.0000e+00 0.0000e+00 -4.4534e-01 -1.1271e+00 
127.0 3.0291e+00 -9.2980e-01 0.0000e+00 0.0000e+00 -9.2980e-01 2.5088e+00 0.0000e+00 0.0000e+00 0.0000e+00 0.0000e+00 -1.4523e+00 4.4051e-01 0.0000e+00 0.0000e+00 -4.4051e-01 -1.1718e+00 
128.0 3.0198e+00 -8.9277e-01 0.0000e+00 0.0000e+00 -8.9277e-01 2.5030e+00 0.0000e+00 0.0000e+00 0.0000e+00 0.0000e+00 -1.4966e+00 4.3533e-01 0.0000e+00 0.0000e+00 -4.3533e-01 -1.2154e+00 
129.0 3.0115e+00 -8.5613e-01 0.0000e+00 0.0000e+00 -8.5613e-01 2.4983e+00 0.0000e+00 0.0000e+00 0.0000e+00 0.0000e+00 -1.5397e+00 4.2979e-01 0.0000e+00 0.0000e+00 -4.2979e-01 -1.2578e+00 
130.0 3.0043e+00 -8.1990e-01 0.0000e+00 0.0000e+00 -8.1990e-01 2.4944e+00 0.0000e+00 0.0000e+00 0.0000e+00 0.0000e+00 -1.5818e+00 4.2388e-01 0.0000e+00 0.0000e+00 -4.2388e-01 -1.2991e+00 
131.0 2.9980e+00 -7.8410e-01 0.0000e+00 0.0000e+00 -7.8410e-01 2.4915e+00 0.0000e+00 0.0000e+00 0.0000e+00 0.0000e+00 -1.6228e+00 4.1759e-01 0.0000e+00 0.0000e+00 -4.1759e-01 -1.3394e+00 
132.0 2.9927e+00 -7.4872e-01 0.0000e+00 0.0000e+00 -7.4872e-01 2.4894e+00 0.0000e+00 0.0000e+00 0.0000e+00 0.0000e+00 -1.6628e+00 4.1093e-01 0.0000e+00 0.0000e+00 -4.1093e-01 -1.3787e+00 
133.0 2.9884e+00 -7.1376e-01 0.0000e+00 0.0000e+00 -7.1376e-01 2.4883e+00 0.0000e+00 0.0000e+00 0.0000e+00 0.0000e+00 -1.7018e+00 4.0392e-01 0.0000e+00 0.0000e+00 -4.0392e-01 -1.4169e+00 
134.0 2.9850e+00 -6.7923e-01 0.0000e+00 0.0000e+00 -6.7923e-01 2.4881e+00 0.0000e+00 0.0000e+00 0.0000e+00 0.0000e+00 -1.7398e+00 3.9657e-01 0.0000e+00 0.0000e+00 -3.9657e-01 -1.4542e+00 
135.0 2.9826e+00 -6.4515e-01 0.0000e+00 0.0000e+00 -6.4515e-01 2.4887e+00 0.0000e+00 0.0000e+00 0.0000e+00 0.0000e+00 -1.7769e+00 3.8891e-01 0.0000e+00 0.0000e+00 -3.8891e-01 -1.4907e+00 
136.0 2.9810e+00 -6.1154e-01 0.0000e+00 0.0000e+00 -6.1154e-01 2.4902e+00 0.0000e+00 0.0000e+00 0.0000e+00 0.0000e+00 -1.8131e+00 3.8093e-01 0.0000e+00 0.0000e+00 -3.8093e-01 -1.5262e+00 
137.0 2.9803e+00 -5.7841e-01 0.0000e+00 0.0000e+00 -5.7841e-01 2.4925e+00 0.0000e+00 0.0000e+00 0.0000e+00 0.0000e+00 -1.8484e+00 3.7266e-01 0.0000e+00 0.0000e+00 -3.7266e-01 -1.5609e+00 
138.0 2.9805e+00 -5.4576e-01 0.0000e+00 0.0000e+00 -5.4576e-01 2.4956e+00 0.0000e+00 0.0000e+00 0.0000e+00 0.0000e+00 -1.8828e+00 3.6410e-01 0.0000e+00 0.0000e+00 -3.6410e-01 -1.5948e+00 
139.0 2.9814e+00 -5.1359e-01 0.0000e+00 0.0000e+00 -5.1359e-01 2.4995e+00 0.0000e+00 0.0000e+00 0.0000e+00 0.0000e+00 -1.9164e+00 3.5532e-01 0.0000e+00 0.0000e+00 -3.5532e-01 -1.6280e+00 
140.0 2.9832e+00 -4.8193e-01 0.0000e+00 0.0000e+00 -4.8193e-01 2.5042e+00 0.0000e+00 0.0000e+00 0.0000e+00 0.0000e+00 -1.9492e+00 3.4636e-01 0.0000e+00 0.0000e+00 -3.4636e-01 -1.6604e+00 
141.0 2.9859e+00 -4.5078e-01 0.0000e+00 0.0000e+00 -4.5078e-01 2.5098e+00 0.0000e+00 0.0000e+00 0.0000e+00 0.0000e+00 -1.9812e+00 3.3725e-01 0.0000e+00 0.0000e+00 -3.3725e-01 -1.6921e+00 
142.0 2.9894e+00 -4.2015e-01 0.0000e+00 0.0000e+00 -4.2015e-01 2.5162e+00 0.0000e+00 0.0000e+00 0.0000e+00 0.0000e+00 -2.0124e+00 3.2803e-01 0.0000e+00 0.0000e+00 -3.2803e-01 -1.7230e+00 
143.0 2.9939e+00 -3.9006e-01 0.0000e+00 0.0000e+00 -3.9006e-01 2.5234e+00 0.0000e+00 0.0000e+00 0.0000e+00 0.0000e+00 -2.0429e+00 3.1872e-01 0.0000e+00 0.0000e+00 -3.1872e-01 -1.7532e+00 
144.0 2.9993e+00 -3.6051e-01 0.0000e+00 0.0000e+00 -3.6051e-01 2.5315e+00 0.0000e+00 0.0000e+00 0.0000e+00 0.0000e+00 -2.0727e+00 3.0934e-01 0.0000e+00 0.0000e+00 -3.0934e-01 -1.7826e+00 
145.0 3.0057e+00 -3.3152e-01 0.0000e+00 0.0000e+00 -3.3152e-01 2.5404e+00 0.0000e+00 0.0000e+00 0.0000e+00 0.0000e+00 -2.1018e+00 2.9985e-01 0.0000e+00 0.0000e+00 -2.9985e-01 -1.8113e+00 
146.0 3.0131e+00 -3.0312e-01 0.0000e+00 0.0000e+00 -3.0312e-01 2.5500e+00 0.0000e+00 0.0000e+00 0.0000e+00 0.0000e+00 -2.1304e+00 2.9021e-01 0.0000e+00 0.0000e+00 -2.9021e-01 -1.8393e+00 
147.0 3.0213e+00 -2.7532e-01 0.0000e+00 0.0000e+00 -2.7532e-01 2.5604e+00 0.0000e+00 0.0000e+00 0.0000e+00 0.0000e+00 -2.1584e+00 2.8036e-01 0.0000e+00 0.0000e+00 -2.8036e-01 -1.8665e+00 
148.0 3.0305e+00 -2.4813e-01 0.0000e+00 0.0000e+00 -2.4813e-01 2.5714e+00 0.0000e+00 0.0000e+00 0.0000e+00 0.0000e+00 -2.1859e+00 2.7027e-01 0.0000e+00 0.0000e+00 -2.7027e-01 -1.8931e+00 
149.0 3.0408e+00 -2.2154e-01 0.0000e+00 0.0000e+00 -2.2154e-01 2.5831e+00 0.0000e+00 0.0000e+00 0.0000e+00 0.0000e+00 -2.2130e+00 2.6000e-01 0.0000e+00 0.0000e+00 -2.6000e-01 -1.9190e+00 
150.0 3.0522e+00 -1.9560e-01 0.0000e+00 0.0000e+00 -1.9560e-01 2.5957e+00 0.0000e+00 0.0000e+00 0.0000e+00 0.0000e+00 -2.2398e+00 2.4959e-01 0.0000e+00 0.0000e+00 -2.4959e-01 -1.9444e+00 
151.0 3.0647e+00 -1.7040e-01 0.0000e+00 0.0000e+00 -1.7040e-01 2.6091e+00 0.0000e+00 0.0000e+00 0.0000e+00 0.0000e+00 -2.2664e+00 2.3902e-01 0.0000e+00 0.0000e+00 -2.3902e-01 -1.9692e+00 
152.0 3.0783e+00 -1.4608e-01 0.0000e+00 0.0000e+00 -1.4608e-01 2.6232e+00 0.0000e+00 0.0000e+00 0.0000e+00 0.0000e+00 -2.2926e+00 2.2817e-01 0.0000e+00 0.0000e+00 -2.2817e-01 -1.9934e+00 
153.0 3.0928e+00 -1.2284e-01 0.0000e+00 0.0000e+00 -1.2284e-01 2.6378e+00 0.0000e+00 0.0000e+00 0.0000e+00 0.0000e+00 -2.3188e+00 2.1683e-01 0.0000e+00 0.0000e+00 -2.1683e-01 -2.0172e+00 
154.0 3.1080e+00 -1.0083e-01 0.0000e+00 0.0000e+00 -1.0083e-01 2.6527e+00 0.0000e+00 0.0000e+00 0.0000e+00 0.0000e+00 -2.3448e+00 2.0474e-01 0.0000e+00 0.0000e+00 -2.0474e-01 -2.0405e+00 
155.0 3.1238e+00 -8.0178e-02 0.0000e+00 0.0000e+00 -8.0178e-02 2.6678e+00 0.0000e+00 0.0000e+00 0.0000e+00 0.0000e+00 -2.3709e+00 1.9175e-01 0.0000e+00 0.0000e+00 -1.9175e-01 -2.0634e+00 
156.0 3.1403e+00 -6.0975e-02 0.0000e+00 0.0000e+00 -6.0975e-02 2.6831e+00 0.0000e+00 0.0000e+00 0.0000e+00 0.0000e+00 -2.3970e+00 1.7778e-01 0.0000e+00 0.0000e+00 -1.7778e-01 -2.0859e+00 
157.0 3.1575e+00 -4.3295e-02 0.0000e+00 0.0000e+00 -4.3295e-02 2.6987e+00 0.0000e+00 0.0000e+00 0.0000e+00 0.0000e+00 -2.4232e+00 1.6289e-01 0.0000e+00 0.0000e+00 -1.6289e-01 -2.1080e+00 
158.0 3.1755e+00 -2.7252e-02 0.0000e+00 0.0000e+00 -2.7252e-02 2.7147e+00 0.0000e+00 0.0000e+00 0.0000e+00 0.0000e+00 -2.4496e+00 1.4716e-01 0.0000e+00 0.0000e+00 -1.4716e-01 -2.1296e+00 
159.0 3.1944e+00 -1.2997e-02 0.0000e+00 0.0000e+00 -1.2997e-02 2.7310e+00 0.0000e+00 0.0000e+00 0.0000e+00 0.0000e+00 -2.4761e+00 1.3060e-01 0.0000e+00 0.0000e+00 -1.3060e-01 -2.1509e+00 
160.0 3.2142e+00 -6.5806e-04 0.0000e+00 0.0000e+00 -6.5806e-04 2.7476e+00 0.0000e+00 0.0000e+00 0.0000e+00 0.0000e+00 -2.5030e+00 1.1314e-01 0.0000e+00 0.0000e+00 -1.1314e-01 -2.1717e+00 
161.0 3.2349e+00 9.7273e-03 0.0000e+00 0.0000e+00 9.7273e-03 2.7644e+00 0.0000e+00 0.0000e+00 0.0000e+00 0.0000e+00 -2.5303e+00 9.4757e-02 0.0000e+00 0.0000e+00 -9.4757e-02 -2.1922e+00 
162.0 3.2569e+00 1.8203e-02 0.0000e+00 0.0000e+00 1.8203e-02 2.7817e+00 0.0000e+00 0.0000e+00 0.0000e+00 0.0000e+00 -2.5584e+00 7.5447e-02 0.0000e+00 0.0000e+00 -7.5447e-02 -2.2125e+00 
163.0 3.2804e+00 2.4793e-02 0.0000e+00 0.0000e+00 2.4793e-02 2.7997e+00 0.0000e+00 0.0000e+00 0.0000e+00 0.0000e+00 -2.5876e+00 5.5275e-02 0.0000e+00 0.0000e+00 -5.5275e-02 -2.2327e+00 
164.0 3.3057e+00 2.9459e-02 0.0000e+00 0.0000e+00 2.9459e-02 2.8184e+00 0.0000e+00 0.0000e+00 0.0000e+00 0.0000e+00 -2.6183e+00 3.4327e-02 0.0000e+00 0.0000e+00 -3.4327e-02 -2.2532e+00 
165.0 3.3333e+00 3.2176e-02 0.0000e+00 0.0000e+00 3.2176e-02 2.8380e+00 0.0000e+00 0.0000e+00 0.0000e+00 0.0000e+00 -2.6510e+00 1.2786e-02 0.0000e+00 0.0000e+00 -1.2786e-02 -2.2739e+00 
166.0 3.3638e+00 3.2958e-02 0.0000e+00 0.0000e+00 3.2958e-02 2.8590e+00 0.0000e+00 0.0000e+00 0.0000e+00 0.0000e+00 -2.6862e+00 -9.0770e-03 0.0000e+00 0.0000e+00 9.0770e-03 -2.2949e+00 
167.0 3.3980e+00 3.1792e-02 0.0000e+00 0.0000e+00 3.1792e-02 2.8818e+00 0.0000e+00 0.0000e+00 0.0000e+00 0.0000e+00 -2.7245e+00 -3.0990e-02 0.0000e+00 0.0000e+00 3.0990e-02 -2.3165e+00 
168.0 3.4366e+00 2.8654e-02 0.0000e+00 0.0000e+00 2.8654e-02 2.9067e+00 0.0000e+00 0.0000e+00 0.0000e+00 0.0000e+00 -2.7664e+00 -5.2673e-02 0.0000e+00 0.0000e+00 5.2673e-02 -2.3385e+00 
169.0 3.4804e+00 2.3561e-02 0.0000e+00 0.0000e+00 2.3561e-02 2.9340e+00 0.0000e+00 0.0000e+00 0.0000e+00 0.0000e+00 -2.8127e+00 -7.3782e-02 0.0000e+00 0.0000e+00 7.3782e-02 -2.3611e+00 
170.0 3.5306e+00 1.6637e-02 0.0000e+00 0.0000e+00 1.6637e-02 2.9640e+00 0.0000e+00 0.0000e+00 0.0000e+00 0.0000e+00 -2.8645e+00 -9.3757e-02 0.0000e+00 0.0000e+00 9.3757e-02 -2.3843e+00 
171.0 3.5888e+00 8.2786e-03 0.0000e+00 0.0000e+00 8.2786e-03 2.9975e+00 0.0000e+00 0.0000e+00 0.0000e+00 0.0000e+00 -2.9227e+00 -1.1141e-01 0.0000e+00 0.0000e+00 1.1141e-01 -2.4080e+00 
172.0 3.6577e+00 -7.4838e-04 0.0000e+00 0.0000e+00 -7.4838e-04 3.0357e+00 0.0000e+00 0.0000e+00 0.0000e+00 0.0000e+00 -2.9887e+00 -1.2454e-01 0.0000e+00 0.0000e+00 1.2454e-01 -2.4322e+00 
173.0 3.7400e+00 -9.2930e-03 0.0000e+00 0.0000e+00 -9.2930e-03 3.0803e+00 0.0000e+00 0.0000e+00 0.0000e+00 0.0000e+00 -3.0631e+00 -1.3028e-01 0.0000e+00 0.0000e+00 1.3028e-01 -2.4564e+00 
174.0 3.8376e+00 -1.5887e-02 0.0000e+00 0.0000e+00 -1.5887e-02 3.1327e+00 0.0000e+00 0.0000e+00 0.0000e+00 0.0000e+00 -3.1455e+00 -1.2554e-01 0.0000e+00 0.0000e+00 1.2554e-01 -2.4798e+00 
175.0 3.9498e+00 -1.9038e-02 0.0000e+00 0.0000e+00 -1.9038e-02 3.1932e+00 0.0000e+00 0.0000e+00 0.0000e+00 0.0000e+00 -3.2331e+00 -1.0847e-01 0.0000e+00 0.0000e+00 1.0847e-01 -2.5013e+00 
176.0 4.0708e+00 -1.7547e-02 0.0000e+00 0.0000e+00 -1.7547e-02 3.2589e+00 0.0000e+00 0.0000e+00 0.0000e+00 0.0000e+00 -3.3203e+00 -7.9800e-02 0.0000e+00 0.0000e+00 7.9800e-02 -2.5190e+00 
177.0 4.1872e+00 -1.1420e-02 0.0000e+00 0.0000e+00 -1.1420e-02 3.3230e+00 0.0000e+00 0.0000e+00 0.0000e+00 0.0000e+00 -3.3972e+00 -4.4583e-02 0.0000e+00 0.0000e+00 4.4583e-02 -2.5314e+00 
178.0 4.2764e+00 -3.7181e-03 0.0000e+00 0.0000e+00 -3.7181e-03 3.3729e+00 0.0000e+00 0.0000e+00 0.0000e+00 0.0000e+00 -3.4518e+00 -1.3661e-02 0.0000e+00 0.0000e+00 1.3661e-02 -2.5381e+00 
179.0 4.3124e+00 -7.0310e-20 0.0000e+00 0.0000e+00 -7.0310e-20 3.3934e+00 0.0000e+00 0.0000e+00 0.0000e+00 0.0000e+00 -3.4729e+00 -2.2445e-19 0.0000e+00 0.0000e+00 2.2445e-19 -2.5406e+00 
180.0 4.3471e+00 0.0000e+00 0.0000e+00 0.0000e+00 0.0000e+00 3.4122e+00 0.0000e+00 0.0000e+00 0.0000e+00 0.0000e+00 -3.4923e+00 0.0000e+00 0.0000e+00 0.0000e+00 -0.0000e+00 -2.5425e+00 
