1.3662 1.6017 0.2355 0.128909
theta s11 s12 s13 s14 s21 s22 s23 s24 s31 s32 s33 s34 s41 s42 s43 s44
0.0 7.3900e+02 0.0000e+00 0.0000e+00 0.0000e+00 0.0000e+00 7.3847e+02 0.0000e+00 0.0000e+00 0.0000e+00 0.0000e+00 7.3847e+02 0.0000e+00 0.0000e+00 0.0000e+00 -0.0000e+00 7.3793e+02 
1.0 6.8101e+02 -1.6266e-02 0.0000e+00 0.0000e+00 -1.6266e-02 6.8048e+02 0.0000e+00 0.0000e+00 0.0000e+00 0.0000e+00 6.8048e+02 -3.1126e-01 0.0000e+00 0.0000e+00 3.1126e-01 6.7995e+02 
2.0 5.7505e+02 -2.9823e-02 0.0000e+00 0.0000e+00 -2.9823e-02 5.7453e+02 0.0000e+00 0.0000e+00 0.0000e+00 0.0000e+00 5.7452e+02 -1.0980e+00 0.0000e+00 0.0000e+00 1.0980e+00 5.7401e+02 
3.0 4.7386e+02 -1.7166e-02 0.0000e+00 0.0000e+00 -1.7166e-02 4.7335e+02 0.0000e+00 0.0000e+00 0.0000e+00 0.0000e+00 4.7333e+02 -2.0516e+00 0.0000e+00 0.0000e+00 2.0516e+00 4.7284e+02 
4.0 3.8820e+02 1.4282e-02 0.0000e+00 0.0000e+00 1.4282e-02 3.8770e+02 0.0000e+00 0.0000e+00 0.0000e+00 0.0000e+00 3.8767e+02 -2.9244e+00 0.0000e+00 0.0000e+00 2.9244e+00 3.8720e+02 
5.0 3.1851e+02 5.1798e-02 0.0000e+00 0.0000e+00 5.1798e-02 3.1803e+02 0.0000e+00 0.0000e+00 0.0000e+00 0.0000e+00 3.1798e+02 -3.6058e+00 0.0000e+00 0.0000e+00 3.6058e+00 3.1753e+02 
6.0 2.6259e+02 8.5375e-02 0.0000e+00 0.0000e+00 8.5375e-02 2.6214e+02 0.0000e+00 0.0000e+00 0.0000e+00 0.0000e+00 2.6205e+02 -4.0715e+00 0.0000e+00 0.0000e+00 4.0715e+00 2.6164e+02 
7.0 2.1792e+02 1.0881e-01 0.0000e+00 0.0000e+00 1.0881e-01 2.1749e+02 0.0000e+00 0.0000e+00 0.0000e+00 0.0000e+00 2.1737e+02 -4.3342e+00 0.0000e+00 0.0000e+00 4.3342e+00 2.1698e+02 
8.0 1.8224e+02 1.2000e-01 0.0000e+00 0.0000e+00 1.2000e-01 1.8182e+02 0.0000e+00 0.0000e+00 0.0000e+00 0.0000e+00 1.8166e+02 -4.4250e+00 0.0000e+00 0.0000e+00 4.4250e+00 1.8131e+02 
9.0 1.5367e+02 1.1999e-01 0.0000e+00 0.0000e+00 1.1999e-01 1.5326e+02 0.0000e+00 0.0000e+00 0.0000e+00 0.0000e+00 1.5308e+02 -4.3823e+00 0.0000e+00 0.0000e+00 4.3823e+00 1.5275e+02 
10.0 1.3072e+02 1.1109e-01 0.0000e+00 0.0000e+00 1.1109e-01 1.3032e+02 0.0000e+00 0.0000e+00 0.0000e+00 0.0000e+00 1.3011e+02 -4.2435e+00 0.0000e+00 0.0000e+00 4.2435e+00 1.2980e+02 
11.0 1.1218e+02 9.6041e-02 0.0000e+00 0.0000e+00 9.6041e-02 1.1179e+02 0.0000e+00 0.0000e+00 0.0000e+00 0.0000e+00 1.1155e+02 -4.0412e+00 0.0000e+00 0.0000e+00 4.0412e+00 1.1127e+02 
12.0 9.7110e+01 7.7218e-02 0.0000e+00 0.0000e+00 7.7218e-02 9.6733e+01 0.0000e+00 0.0000e+00 0.0000e+00 0.0000e+00 9.6463e+01 -3.8019e+00 0.0000e+00 0.0000e+00 3.8019e+00 9.6207e+01 
13.0 8.4778e+01 5.5874e-02 0.0000e+00 0.0000e+00 5.5874e-02 8.4408e+01 0.0000e+00 0.0000e+00 0.0000e+00 0.0000e+00 8.4116e+01 -3.5433e+00 0.0000e+00 0.0000e+00 3.5433e+00 8.3880e+01 
14.0 7.4610e+01 3.5261e-02 0.0000e+00 0.0000e+00 3.5261e-02 7.4247e+01 0.0000e+00 0.0000e+00 0.0000e+00 0.0000e+00 7.3935e+01 -3.2843e+00 0.0000e+00 0.0000e+00 3.2843e+00 7.3717e+01 
15.0 6.6172e+01 1.4477e-02 0.0000e+00 0.0000e+00 1.4477e-02 6.5814e+01 0.0000e+00 0.0000e+00 0.0000e+00 0.0000e+00 6.5486e+01 -3.0285e+00 0.0000e+00 0.0000e+00 3.0285e+00 6.5285e+01 
16.0 5.9111e+01 -5.1997e-03 0.0000e+00 0.0000e+00 -5.1997e-03 5.8757e+01 0.0000e+00 0.0000e+00 0.0000e+00 0.0000e+00 5.8415e+01 -2.7828e+00 0.0000e+00 0.0000e+00 2.7828e+00 5.8230e+01 
17.0 5.3152e+01 -2.3372e-02 0.0000e+00 0.0000e+00 -2.3372e-02 5.2802e+01 0.0000e+00 0.0000e+00 0.0000e+00 0.0000e+00 5.2448e+01 -2.5506e+00 0.0000e+00 0.0000e+00 2.5506e+00 5.2278e+01 
18.0 4.8080e+01 -3.9899e-02 0.0000e+00 0.0000e+00 -3.9899e-02 4.7734e+01 0.0000e+00 0.0000e+00 0.0000e+00 0.0000e+00 4.7370e+01 -2.3336e+00 0.0000e+00 0.0000e+00 2.3336e+00 4.7214e+01 
19.0 4.3726e+01 -5.5006e-02 0.0000e+00 0.0000e+00 -5.5006e-02 4.3382e+01 0.0000e+00 0.0000e+00 0.0000e+00 0.0000e+00 4.3161e+01 -2.1320e+00 0.0000e+00 0.0000e+00 2.1320e+00 4.3023e+01 
20.0 3.9958e+01 -6.9232e-02 0.0000e+00 0.0000e+00 -6.9232e-02 3.9617e+01 0.0000e+00 0.0000e+00 0.0000e+00 0.0000e+00 3.9516e+01 -1.9453e+00 0.0000e+00 0.0000e+00 1.9453e+00 3.9393e+01 
21.0 3.6672e+01 -8.3238e-02 0.0000e+00 0.0000e+00 -8.3238e-02 3.6334e+01 0.0000e+00 0.0000e+00 0.0000e+00 0.0000e+00 3.6335e+01 -1.7732e+00 0.0000e+00 0.0000e+00 1.7732e+00 3.6224e+01 
22.0 3.3785e+01 -9.7605e-02 0.0000e+00 0.0000e+00 -9.7605e-02 3.3449e+01 0.0000e+00 0.0000e+00 0.0000e+00 0.0000e+00 3.3537e+01 -1.6148e+00 0.0000e+00 0.0000e+00 1.6148e+00 3.3438e+01 
23.0 3.1231e+01 -1.1268e-01 0.0000e+00 0.0000e+00 -1.1268e-01 3.0897e+01 0.0000e+00 0.0000e+00 0.0000e+00 0.0000e+00 3.1060e+01 -1.4691e+00 0.0000e+00 0.0000e+00 1.4691e+00 3.0971e+01 
24.0 2.8958e+01 -1.2859e-01 0.0000e+00 0.0000e+00 -1.2859e-01 2.8626e+01 0.0000e+00 0.0000e+00 0.0000e+00 0.0000e+00 2.8854e+01 -1.3353e+00 0.0000e+00 0.0000e+00 1.3353e+00 2.8773e+01 
25.0 2.6925e+01 -1.4524e-01 0.0000e+00 0.0000e+00 -1.4524e-01 2.6595e+01 0.0000e+00 0.0000e+00 0.0000e+00 0.0000e+00 2.6878e+01 -1.2122e+00 0.0000e+00 0.0000e+00 1.2122e+00 2.6806e+01 
26.0 2.5099e+01 -1.6250e-01 0.0000e+00 0.0000e+00 -1.6250e-01 2.4770e+01 0.0000e+00 0.0000e+00 0.0000e+00 0.0000e+00 2.5103e+01 -1.0989e+00 0.0000e+00 0.0000e+00 1.0989e+00 2.5037e+01 
27.0 2.3453e+01 -1.8025e-01 0.0000e+00 0.0000e+00 -1.8025e-01 2.3125e+01 0.0000e+00 0.0000e+00 0.0000e+00 0.0000e+00 2.3501e+01 -9.9473e-01 0.0000e+00 0.0000e+00 9.9473e-01 2.3441e+01 
28.0 2.1964e+01 -1.9842e-01 0.0000e+00 0.0000e+00 -1.9842e-01 2.1637e+01 0.0000e+00 0.0000e+00 0.0000e+00 0.0000e+00 2.2050e+01 -8.9882e-01 0.0000e+00 0.0000e+00 8.9882e-01 2.1996e+01 
29.0 2.0611e+01 -2.1702e-01 0.0000e+00 0.0000e+00 -2.1702e-01 2.0285e+01 0.0000e+00 0.0000e+00 0.0000e+00 0.0000e+00 2.0730e+01 -8.1048e-01 0.0000e+00 0.0000e+00 8.1048e-01 2.0681e+01 
30.0 1.9377e+01 -2.3600e-01 0.0000e+00 0.0000e+00 -2.3600e-01 1.9052e+01 0.0000e+00 0.0000e+00 0.0000e+00 0.0000e+00 1.9526e+01 -7.2907e-01 0.0000e+00 0.0000e+00 7.2907e-01 1.9481e+01 
31.0 1.8246e+01 -2.5529e-01 0.0000e+00 0.0000e+00 -2.5529e-01 1.7922e+01 0.0000e+00 0.0000e+00 0.0000e+00 0.0000e+00 1.8320e+01 -6.5413e-01 0.0000e+00 0.0000e+00 6.5413e-01 1.8282e+01 
32.0 1.7205e+01 -2.7473e-01 0.0000e+00 0.0000e+00 -2.7473e-01 1.6882e+01 0.0000e+00 0.0000e+00 0.0000e+00 0.0000e+00 1.7212e+01 -5.8525e-01 0.0000e+00 0.0000e+00 5.8525e-01 1.7181e+01 
33.0 1.6244e+01 -2.9412e-01 0.0000e+00 0.0000e+00 -2.9412e-01 1.5921e+01 0.0000e+00 0.0000e+00 0.0000e+00 0.0000e+00 1.6191e+01 -5.2205e-01 0.0000e+00 0.0000e+00 5.2205e-01 1.6167e+01 
34.0 1.5352e+01 -3.1329e-01 0.0000e+00 0.0000e+00 -3.1329e-01 1.5030e+01 0.0000e+00 0.0000e+00 0.0000e+00 0.0000e+00 1.5247e+01 -4.6409e-01 0.0000e+00 0.0000e+00 4.6409e-01 1.5229e+01 
35.0 1.4523e+01 -3.3210e-01 0.0000e+00 0.0000e+00 -3.3210e-01 1.4201e+01 0.0000e+00 0.0000e+00 0.0000e+00 0.0000e+00 1.4371e+01 -4.1085e-01 0.0000e+00 0.0000e+00 4.1085e-01 1.4359e+01 
36.0 1.3751e+01 -3.5054e-01 0.0000e+00 0.0000e+00 -3.5054e-01 1.3429e+01 0.0000e+00 0.0000e+00 0.0000e+00 0.0000e+00 1.3557e+01 -3.6175e-01 0.0000e+00 0.0000e+00 3.6175e-01 1.3551e+01 
37.0 1.3031e+01 -3.6868e-01 0.0000e+00 0.0000e+00 -3.6868e-01 1.2709e+01 0.0000e+00 0.0000e+00 0.0000e+00 0.0000e+00 1.2799e+01 -3.1623e-01 0.0000e+00 0.0000e+00 3.1623e-01 1.2798e+01 
38.0 1.2359e+01 -3.8666e-01 0.0000e+00 0.0000e+00 -3.8666e-01 1.2038e+01 0.0000e+00 0.0000e+00 0.0000e+00 0.0000e+00 1.2092e+01 -2.7381e-01 0.0000e+00 0.0000e+00 2.7381e-01 1.2096e+01 
39.0 1.1733e+01 -4.0461e-01 0.0000e+00 0.0000e+00 -4.0461e-01 1.1412e+01 0.0000e+00 0.0000e+00 0.0000e+00 0.0000e+00 1.1433e+01 -2.3416e-01 0.0000e+00 0.0000e+00 2.3416e-01 1.1442e+01 
40.0 1.1149e+01 -4.2263e-01 0.0000e+00 0.0000e+00 -4.2263e-01 1.0828e+01 0.0000e+00 0.0000e+00 0.0000e+00 0.0000e+00 1.0817e+01 -1.9712e-01 0.0000e+00 0.0000e+00 1.9712e-01 1.0831e+01 
41.0 1.0605e+01 -4.4069e-01 0.0000e+00 0.0000e+00 -4.4069e-01 1.0284e+01 0.0000e+00 0.0000e+00 0.0000e+00 0.0000e+00 1.0242e+01 -1.6259e-01 0.0000e+00 0.0000e+00 1.6259e-01 1.0260e+01 
42.0 1.0097e+01 -4.5871e-01 0.0000e+00 0.0000e+00 -4.5871e-01 9.7754e+00 0.0000e+00 0.0000e+00 0.0000e+00 0.0000e+00 9.7035e+00 -1.3047e-01 0.0000e+00 0.0000e+00 1.3047e-01 9.7264e+00 
43.0 9.6209e+00 -4.7658e-01 0.0000e+00 0.0000e+00 -4.7658e-01 9.2999e+00 0.0000e+00 0.0000e+00 0.0000e+00 0.0000e+00 9.1990e+00 -1.0065e-01 0.0000e+00 0.0000e+00 1.0065e-01 9.2264e+00 
44.0 9.1753e+00 -4.9419e-01 0.0000e+00 0.0000e+00 -4.9419e-01 8.8544e+00 0.0000e+00 0.0000e+00 0.0000e+00 0.0000e+00 8.7254e+00 -7.2933e-02 0.0000e+00 0.0000e+00 7.2933e-02 8.7571e+00 
45.0 8.7569e+00 -5.1144e-01 0.0000e+00 0.0000e+00 -5.1144e-01 8.4361e+00 0.0000e+00 0.0000e+00 0.0000e+00 0.0000e+00 8.2802e+00 -4.7122e-02 0.0000e+00 0.0000e+00 4.7122e-02 8.3160e+00 
46.0 8.3635e+00 -5.2826e-01 0.0000e+00 0.0000e+00 -5.2826e-01 8.0427e+00 0.0000e+00 0.0000e+00 0.0000e+00 0.0000e+00 7.8610e+00 -2.2992e-02 0.0000e+00 0.0000e+00 2.2992e-02 7.9008e+00 
47.0 7.9931e+00 -5.4462e-01 0.0000e+00 0.0000e+00 -5.4462e-01 7.6724e+00 0.0000e+00 0.0000e+00 0.0000e+00 0.0000e+00 7.4658e+00 -3.3289e-04 0.0000e+00 0.0000e+00 3.3289e-04 7.5096e+00 
48.0 7.6441e+00 -5.6051e-01 0.0000e+00 0.0000e+00 -5.6051e-01 7.3233e+00 0.0000e+00 0.0000e+00 0.0000e+00 0.0000e+00 7.0929e+00 2.1030e-02 0.0000e+00 0.0000e+00 -2.1030e-02 7.1406e+00 
49.0 7.3149e+00 -5.7589e-01 0.0000e+00 0.0000e+00 -5.7589e-01 6.9941e+00 0.0000e+00 0.0000e+00 0.0000e+00 0.0000e+00 6.7408e+00 4.1241e-02 0.0000e+00 0.0000e+00 -4.1241e-02 6.7923e+00 
50.0 7.0044e+00 -5.9078e-01 0.0000e+00 0.0000e+00 -5.9078e-01 6.6833e+00 0.0000e+00 0.0000e+00 0.0000e+00 0.0000e+00 6.4081e+00 6.0422e-02 0.0000e+00 0.0000e+00 -6.0422e-02 6.4633e+00 
51.0 6.7112e+00 -6.0516e-01 0.0000e+00 0.0000e+00 -6.0516e-01 6.3900e+00 0.0000e+00 0.0000e+00 0.0000e+00 0.0000e+00 6.0933e+00 7.8688e-02 0.0000e+00 0.0000e+00 -7.8688e-02 6.1522e+00 
52.0 6.4344e+00 -6.1904e-01 0.0000e+00 0.0000e+00 -6.1904e-01 6.1130e+00 0.0000e+00 0.0000e+00 0.0000e+00 0.0000e+00 5.7955e+00 9.6148e-02 0.0000e+00 0.0000e+00 -9.6148e-02 5.8580e+00 
53.0 6.1731e+00 -6.3243e-01 0.0000e+00 0.0000e+00 -6.3243e-01 5.8514e+00 0.0000e+00 0.0000e+00 0.0000e+00 0.0000e+00 5.5135e+00 1.1289e-01 0.0000e+00 0.0000e+00 -1.1289e-01 5.5796e+00 
54.0 5.9263e+00 -6.4535e-01 0.0000e+00 0.0000e+00 -6.4535e-01 5.6043e+00 0.0000e+00 0.0000e+00 0.0000e+00 0.0000e+00 5.2463e+00 1.2899e-01 0.0000e+00 0.0000e+00 -1.2899e-01 5.3160e+00 
55.0 5.6933e+00 -6.5779e-01 0.0000e+00 0.0000e+00 -6.5779e-01 5.3709e+00 0.0000e+00 0.0000e+00 0.0000e+00 0.0000e+00 4.9930e+00 1.4448e-01 0.0000e+00 0.0000e+00 -1.4448e-01 5.0663e+00 
56.0 5.4733e+00 -6.6976e-01 0.0000e+00 0.0000e+00 -6.6976e-01 5.1504e+00 0.0000e+00 0.0000e+00 0.0000e+00 0.0000e+00 4.7528e+00 1.5940e-01 0.0000e+00 0.0000e+00 -1.5940e-01 4.8296e+00 
57.0 5.2655e+00 -6.8125e-01 0.0000e+00 0.0000e+00 -6.8125e-01 4.9420e+00 0.0000e+00 0.0000e+00 0.0000e+00 0.0000e+00 4.5248e+00 1.7377e-01 0.0000e+00 0.0000e+00 -1.7377e-01 4.6052e+00 
58.0 5.0691e+00 -6.9223e-01 0.0000e+00 0.0000e+00 -6.9223e-01 4.7451e+00 0.0000e+00 0.0000e+00 0.0000e+00 0.0000e+00 4.3083e+00 1.8761e-01 0.0000e+00 0.0000e+00 -1.8761e-01 4.3923e+00 
59.0 4.8835e+00 -7.0272e-01 0.0000e+00 0.0000e+00 -7.0272e-01 4.5589e+00 0.0000e+00 0.0000e+00 0.0000e+00 0.0000e+00 4.1026e+00 2.0096e-01 0.0000e+00 0.0000e+00 -2.0096e-01 4.1901e+00 
60.0 4.7080e+00 -7.1270e-01 0.0000e+00 0.0000e+00 -7.1270e-01 4.3827e+00 0.0000e+00 0.0000e+00 0.0000e+00 0.0000e+00 3.9070e+00 2.1384e-01 0.0000e+00 0.0000e+00 -2.1384e-01 3.9980e+00 
61.0 4.5420e+00 -7.2219e-01 0.0000e+00 0.0000e+00 -7.2219e-01 4.2160e+00 0.0000e+00 0.0000e+00 0.0000e+00 0.0000e+00 3.7208e+00 2.2628e-01 0.0000e+00 0.0000e+00 -2.2628e-01 3.8155e+00 
62.0 4.3850e+00 -7.3119e-01 0.0000e+00 0.0000e+00 -7.3119e-01 4.0582e+00 0.0000e+00 0.0000e+00 0.0000e+00 0.0000e+00 3.5436e+00 2.3827e-01 0.0000e+00 0.0000e+00 -2.3827e-01 3.6418e+00 
63.0 4.2364e+00 -7.3970e-01 0.0000e+00 0.0000e+00 -7.3970e-01 3.9088e+00 0.0000e+00 0.0000e+00 0.0000e+00 0.0000e+00 3.3748e+00 2.4982e-01 0.0000e+00 0.0000e+00 -2.4982e-01 3.4766e+00 
64.0 4.0957e+00 -7.4771e-01 0.0000e+00 0.0000e+00 -7.4771e-01 3.7673e+00 0.0000e+00 0.0000e+00 0.0000e+00 0.0000e+00 3.2139e+00 2.6091e-01 0.0000e+00 0.0000e+00 -2.6091e-01 3.3194e+00 
65.0 3.9625e+00 -7.5523e-01 0.0000e+00 0.0000e+00 -7.5523e-01 3.6331e+00 0.0000e+00 0.0000e+00 0.0000e+00 0.0000e+00 3.0605e+00 2.7153e-01 0.0000e+00 0.0000e+00 -2.7153e-01 3.1696e+00 
66.0 3.8363e+00 -7.6223e-01 0.0000e+00 0.0000e+00 -7.6223e-01 3.5059e+00 0.0000e+00 0.0000e+00 0.0000e+00 0.0000e+00 2.9141e+00 2.8165e-01 0.0000e+00 0.0000e+00 -2.8165e-01 3.0269e+00 
67.0 3.7166e+00 -7.6872e-01 0.0000e+00 0.0000e+00 -7.6872e-01 3.3852e+00 0.0000e+00 0.0000e+00 0.0000e+00 0.0000e+00 2.7743e+00 2.9125e-01 0.0000e+00 0.0000e+00 -2.9125e-01 2.8909e+00 
68.0 3.6030e+00 -7.7468e-01 0.0000e+00 0.0000e+00 -7.7468e-01 3.2706e+00 0.0000e+00 0.0000e+00 0.0000e+00 0.0000e+00 2.6408e+00 3.0031e-01 0.0000e+00 0.0000e+00 -3.0031e-01 2.7610e+00 
69.0 3.4951e+00 -7.8009e-01 0.0000e+00 0.0000e+00 -7.8009e-01 3.1616e+00 0.0000e+00 0.0000e+00 0.0000e+00 0.0000e+00 2.5130e+00 3.0884e-01 0.0000e+00 0.0000e+00 -3.0884e-01 2.6370e+00 
70.0 3.3927e+00 -7.8496e-01 0.0000e+00 0.0000e+00 -7.8496e-01 3.0580e+00 0.0000e+00 0.0000e+00 0.0000e+00 0.0000e+00 2.3907e+00 3.1682e-01 0.0000e+00 0.0000e+00 -3.1682e-01 2.5185e+00 
71.0 3.2952e+00 -7.8929e-01 0.0000e+00 0.0000e+00 -7.8929e-01 2.9595e+00 0.0000e+00 0.0000e+00 0.0000e+00 0.0000e+00 2.2735e+00 3.2424e-01 0.0000e+00 0.0000e+00 -3.2424e-01 2.4051e+00 
72.0 3.2025e+00 -7.9306e-01 0.0000e+00 0.0000e+00 -7.9306e-01 2.8657e+00 0.0000e+00 0.0000e+00 0.0000e+00 0.0000e+00 2.1612e+00 3.3110e-01 0.0000e+00 0.0000e+00 -3.3110e-01 2.2966e+00 
73.0 3.1143e+00 -7.9627e-01 0.0000e+00 0.0000e+00 -7.9627e-01 2.7763e+00 0.0000e+00 0.0000e+00 0.0000e+00 0.0000e+00 2.0535e+00 3.3740e-01 0.0000e+00 0.0000e+00 -3.3740e-01 2.1927e+00 
74.0 3.0303e+00 -7.9892e-01 0.0000e+00 0.0000e+00 -7.9892e-01 2.6911e+00 0.0000e+00 0.0000e+00 0.0000e+00 0.0000e+00 1.9500e+00 3.4312e-01 0.0000e+00 0.0000e+00 -3.4312e-01 2.0930e+00 
75.0 2.9502e+00 -8.0100e-01 0.0000e+00 0.0000e+00 -8.0100e-01 2.6099e+00 0.0000e+00 0.0000e+00 0.0000e+00 0.0000e+00 1.8507e+00 3.4827e-01 0.0000e+00 0.0000e+00 -3.4827e-01 1.9975e+00 
76.0 2.8738e+00 -8.0250e-01 0.0000e+00 0.0000e+00 -8.0250e-01 2.5325e+00 0.0000e+00 0.0000e+00 0.0000e+00 0.0000e+00 1.7551e+00 3.5287e-01 0.0000e+00 0.0000e+00 -3.5287e-01 1.9057e+00 
77.0 2.8010e+00 -8.0342e-01 0.0000e+00 0.0000e+00 -8.0342e-01 2.4585e+00 0.0000e+00 0.0000e+00 0.0000e+00 0.0000e+00 1.6632e+00 3.5693e-01 0.0000e+00 0.0000e+00 -3.5693e-01 1.8176e+00 
78.0 2.7314e+00 -8.0377e-01 0.0000e+00 0.0000e+00 -8.0377e-01 2.3879e+00 0.0000e+00 0.0000e+00 0.0000e+00 0.0000e+00 1.5747e+00 3.6049e-01 0.0000e+00 0.0000e+00 -3.6049e-01 1.7328e+00 
79.0 2.6651e+00 -8.0356e-01 0.0000e+00 0.0000e+00 -8.0356e-01 2.3205e+00 0.0000e+00 0.0000e+00 0.0000e+00 0.0000e+00 1.4895e+00 3.6356e-01 0.0000e+00 0.0000e+00 -3.6356e-01 1.6513e+00 
80.0 2.6017e+00 -8.0279e-01 0.0000e+00 0.0000e+00 -8.0279e-01 2.2561e+00 0.0000e+00 0.0000e+00 0.0000e+00 0.0000e+00 1.4073e+00 3.6617e-01 0.0000e+00 0.0000e+00 -3.6617e-01 1.5728e+00 
81.0 2.5411e+00 -8.0149e-01 0.0000e+00 0.0000e+00 -8.0149e-01 2.1946e+00 0.0000e+00 0.0000e+00 0.0000e+00 0.0000e+00 1.3281e+00 3.6836e-01 0.0000e+00 0.0000e+00 -3.6836e-01 1.4972e+00 
82.0 2.4833e+00 -7.9966e-01 0.0000e+00 0.0000e+00 -7.9966e-01 2.1358e+00 0.0000e+00 0.0000e+00 0.0000e+00 0.0000e+00 1.2516e+00 3.7012e-01 0.0000e+00 0.0000e+00 -3.7012e-01 1.4244e+00 
83.0 2.4280e+00 -7.9733e-01 0.0000e+00 0.0000e+00 -7.9733e-01 2.0797e+00 0.0000e+00 0.0000e+00 0.0000e+00 0.0000e+00 1.1778e+00 3.7149e-01 0.0000e+00 0.0000e+00 -3.7149e-01 1.3542e+00 
84.0 2.3752e+00 -7.9451e-01 0.0000e+00 0.0000e+00 -7.9451e-01 2.0260e+00 0.0000e+00 0.0000e+00 0.0000e+00 0.0000e+00 1.1065e+00 3.7247e-01 0.0000e+00 0.0000e+00 -3.7247e-01 1.2865e+00 
85.0 2.3247e+00 -7.9121e-01 0.0000e+00 0.0000e+00 -7.9121e-01 1.9747e+00 0.0000e+00 0.0000e+00 0.0000e+00 0.0000e+00 1.0377e+00 3.7308e-01 0.0000e+00 0.0000e+00 -3.7308e-01 1.2211e+00 
86.0 2.2764e+00 -7.8744e-01 0.0000e+00 0.0000e+00 -7.8744e-01 1.9256e+00 0.0000e+00 0.0000e+00 0.0000e+00 0.0000e+00 9.7109e-01 3.7333e-01 0.0000e+00 0.0000e+00 -3.7333e-01 1.1580e+00 
87.0 2.2303e+00 -7.8322e-01 0.0000e+00 0.0000e+00 -7.8322e-01 1.8787e+00 0.0000e+00 0.0000e+00 0.0000e+00 0.0000e+00 9.0668e-01 3.7324e-01 0.0000e+00 0.0000e+00 -3.7324e-01 1.0970e+00 
88.0 2.1861e+00 -7.7855e-01 0.0000e+00 0.0000e+00 -7.7855e-01 1.8339e+00 0.0000e+00 0.0000e+00 0.0000e+00 0.0000e+00 8.4435e-01 3.7282e-01 0.0000e+00 0.0000e+00 -3.7282e-01 1.0381e+00 
89.0 2.1439e+00 -7.7346e-01 0.0000e+00 0.0000e+00 -7.7346e-01 1.7910e+00 0.0000e+00 0.0000e+00 0.0000e+00 0.0000e+00 7.8401e-01 3.7208e-01 0.0000e+00 0.0000e+00 -3.7208e-01 9.8108e-01 
90.0 2.1036e+00 -7.6795e-01 0.0000e+00 0.0000e+00 -7.6795e-01 1.7500e+00 0.0000e+00 0.0000e+00 0.0000e+00 0.0000e+00 7.2558e-01 3.7106e-01 0.0000e+00 0.0000e+00 -3.7106e-01 9.2593e-01 
91.0 2.0650e+00 -7.6203e-01 0.0000e+00 0.0000e+00 -7.6203e-01 1.7108e+00 0.0000e+00 0.0000e+00 0.0000e+00 0.0000e+00 6.6898e-01 3.6975e-01 0.0000e+00 0.0000e+00 -3.6975e-01 8.7254e-01 
92.0 2.0281e+00 -7.5573e-01 0.0000e+00 0.0000e+00 -7.5573e-01 1.6733e+00 0.0000e+00 0.0000e+00 0.0000e+00 0.0000e+00 6.1413e-01 3.6817e-01 0.0000e+00 0.0000e+00 -3.6817e-01 8.2085e-01 
93.0 1.9929e+00 -7.4904e-01 0.0000e+00 0.0000e+00 -7.4904e-01 1.6375e+00 0.0000e+00 0.0000e+00 0.0000e+00 0.0000e+00 5.6097e-01 3.6635e-01 0.0000e+00 0.0000e+00 -3.6635e-01 7.7077e-01 
94.0 1.9592e+00 -7.4197e-01 0.0000e+00 0.0000e+00 -7.4197e-01 1.6033e+00 0.0000e+00 0.0000e+00 0.0000e+00 0.0000e+00 5.0944e-01 3.6429e-01 0.0000e+00 0.0000e+00 -3.6429e-01 7.2224e-01 
95.0 1.9270e+00 -7.3455e-01 0.0000e+00 0.0000e+00 -7.3455e-01 1.5707e+00 0.0000e+00 0.0000e+00 0.0000e+00 0.0000e+00 4.5946e-01 3.6200e-01 0.0000e+00 0.0000e+00 -3.6200e-01 6.7518e-01 
96.0 1.8963e+00 -7.2678e-01 0.0000e+00 0.0000e+00 -7.2678e-01 1.5396e+00 0.0000e+00 0.0000e+00 0.0000e+00 0.0000e+00 4.1098e-01 3.5951e-01 0.0000e+00 0.0000e+00 -3.5951e-01 6.2952e-01 
97.0 1.8669e+00 -7.1866e-01 0.0000e+00 0.0000e+00 -7.1866e-01 1.5099e+00 0.0000e+00 0.0000e+00 0.0000e+00 0.0000e+00 3.6394e-01 3.5682e-01 0.0000e+00 0.0000e+00 -3.5682e-01 5.8521e-01 
98.0 1.8389e+00 -7.1021e-01 0.0000e+00 0.0000e+00 -7.1021e-01 1.4817e+00 0.0000e+00 0.0000e+00 0.0000e+00 0.0000e+00 3.1830e-01 3.5394e-01 0.0000e+00 0.0000e+00 -3.5394e-01 5.4219e-01 
99.0 1.8122e+00 -7.0142e-01 0.0000e+00 0.0000e+00 -7.0142e-01 1.4548e+00 0.0000e+00 0.0000e+00 0.0000e+00 0.0000e+00 2.7401e-01 3.5090e-01 0.0000e+00 0.0000e+00 -3.5090e-01 5.0040e-01 
100.0 1.7867e+00 -6.9232e-01 0.0000e+00 0.0000e+00 -6.9232e-01 1.4292e+00 0.0000e+00 0.0000e+00 0.0000e+00 0.0000e+00 2.3102e-01 3.4769e-01 0.0000e+00 0.0000e+00 -3.4769e-01 4.5979e-01 
101.0 1.7624e+00 -6.8289e-01 0.0000e+00 0.0000e+00 -6.8289e-01 1.4049e+00 0.0000e+00 0.0000e+00 0.0000e+00 0.0000e+00 1.8929e-01 3.4434e-01 0.0000e+00 0.0000e+00 -3.4434e-01 4.2032e-01 
102.0 1.7393e+00 -6.7315e-01 0.0000e+00 0.0000e+00 -6.7315e-01 1.3818e+00 0.0000e+00 0.0000e+00 0.0000e+00 0.0000e+00 1.4878e-01 3.4086e-01 0.0000e+00 0.0000e+00 -3.4086e-01 3.8193e-01 
103.0 1.7172e+00 -6.6311e-01 0.0000e+00 0.0000e+00 -6.6311e-01 1.3599e+00 0.0000e+00 0.0000e+00 0.0000e+00 0.0000e+00 1.0945e-01 3.3726e-01 0.0000e+00 0.0000e+00 -3.3726e-01 3.4458e-01 
104.0 1.6963e+00 -6.5276e-01 0.0000e+00 0.0000e+00 -6.5276e-01 1.3392e+00 0.0000e+00 0.0000e+00 0.0000e+00 0.0000e+00 7.1252e-02 3.3355e-01 0.0000e+00 0.0000e+00 -3.3355e-01 3.0823e-01 
105.0 1.6763e+00 -6.4211e-01 0.0000e+00 0.0000e+00 -6.4211e-01 1.3195e+00 0.0000e+00 0.0000e+00 0.0000e+00 0.0000e+00 3.4154e-02 3.2974e-01 0.0000e+00 0.0000e+00 -3.2974e-01 2.7284e-01 
106.0 1.6574e+00 -6.3116e-01 0.0000e+00 0.0000e+00 -6.3116e-01 1.3010e+00 0.0000e+00 0.0000e+00 0.0000e+00 0.0000e+00 -1.8841e-03 3.2585e-01 0.0000e+00 0.0000e+00 -3.2585e-01 2.3838e-01 
107.0 1.6394e+00 -6.1993e-01 0.0000e+00 0.0000e+00 -6.1993e-01 1.2835e+00 0.0000e+00 0.0000e+00 0.0000e+00 0.0000e+00 -3.6897e-02 3.2190e-01 0.0000e+00 0.0000e+00 -3.2190e-01 2.0481e-01 
108.0 1.6223e+00 -6.0841e-01 0.0000e+00 0.0000e+00 -6.0841e-01 1.2670e+00 0.0000e+00 0.0000e+00 0.0000e+00 0.0000e+00 -7.0917e-02 3.1790e-01 0.0000e+00 0.0000e+00 -3.1790e-01 1.7210e-01 
109.0 1.6061e+00 -5.9661e-01 0.0000e+00 0.0000e+00 -5.9661e-01 1.2515e+00 0.0000e+00 0.0000e+00 0.0000e+00 0.0000e+00 -1.0398e-01 3.1386e-01 0.0000e+00 0.0000e+00 -3.1386e-01 1.4023e-01 
110.0 1.5909e+00 -5.8455e-01 0.0000e+00 0.0000e+00 -5.8455e-01 1.2370e+00 0.0000e+00 0.0000e+00 0.0000e+00 0.0000e+00 -1.3611e-01 3.0980e-01 0.0000e+00 0.0000e+00 -3.0980e-01 1.0916e-01 
111.0 1.5764e+00 -5.7225e-01 0.0000e+00 0.0000e+00 -5.7225e-01 1.2234e+00 0.0000e+00 0.0000e+00 0.0000e+00 0.0000e+00 -1.6734e-01 3.0575e-01 0.0000e+00 0.0000e+00 -3.0575e-01 7.8886e-02 
112.0 1.5628e+00 -5.5971e-01 0.0000e+00 0.0000e+00 -5.5971e-01 1.2106e+00 0.0000e+00 0.0000e+00 0.0000e+00 0.0000e+00 -1.9770e-01 3.0169e-01 0.0000e+00 0.0000e+00 -3.0169e-01 4.9373e-02 
113.0 1.5500e+00 -5.4696e-01 0.0000e+00 0.0000e+00 -5.4696e-01 1.1987e+00 0.0000e+00 0.0000e+00 0.0000e+00 0.0000e+00 -2.2722e-01 2.9766e-01 0.0000e+00 0.0000e+00 -2.9766e-01 2.0600e-02 
114.0 1.5380e+00 -5.3402e-01 0.0000e+00 0.0000e+00 -5.3402e-01 1.1876e+00 0.0000e+00 0.0000e+00 0.0000e+00 0.0000e+00 -2.5592e-01 2.9366e-01 0.0000e+00 0.0000e+00 -2.9366e-01 -7.4549e-03 
115.0 1.5267e+00 -5.2090e-01 0.0000e+00 0.0000e+00 -5.2090e-01 1.1773e+00 0.0000e+00 0.0000e+00 0.0000e+00 0.0000e+00 -2.8382e-01 2.8969e-01 0.0000e+00 0.0000e+00 -2.8969e-01 -3.4806e-02 
116.0 1.5161e+00 -5.0762e-01 0.0000e+00 0.0000e+00 -5.0762e-01 1.1677e+00 0.0000e+00 0.0000e+00 0.0000e+00 0.0000e+00 -3.1096e-01 2.8577e-01 0.0000e+00 0.0000e+00 -2.8577e-01 -6.1473e-02 
117.0 1.5062e+00 -4.9422e-01 0.0000e+00 0.0000e+00 -4.9422e-01 1.1589e+00 0.0000e+00 0.0000e+00 0.0000e+00 0.0000e+00 -3.3734e-01 2.8190e-01 0.0000e+00 0.0000e+00 -2.8190e-01 -8.7471e-02 
118.0 1.4970e+00 -4.8070e-01 0.0000e+00 0.0000e+00 -4.8070e-01 1.1507e+00 0.0000e+00 0.0000e+00 0.0000e+00 0.0000e+00 -3.6298e-01 2.7808e-01 0.0000e+00 0.0000e+00 -2.7808e-01 -1.1281e-01 
119.0 1.4884e+00 -4.6708e-01 0.0000e+00 0.0000e+00 -4.6708e-01 1.1433e+00 0.0000e+00 0.0000e+00 0.0000e+00 0.0000e+00 -3.8790e-01 2.7433e-01 0.0000e+00 0.0000e+00 -2.7433e-01 -1.3751e-01 
120.0 1.4805e+00 -4.5340e-01 0.0000e+00 0.0000e+00 -4.5340e-01 1.1365e+00 0.0000e+00 0.0000e+00 0.0000e+00 0.0000e+00 -4.1212e-01 2.7063e-01 0.0000e+00 0.0000e+00 -2.7063e-01 -1.6157e-01 
121.0 1.4732e+00 -4.3966e-01 0.0000e+00 0.0000e+00 -4.3966e-01 1.1303e+00 0.0000e+00 0.0000e+00 0.0000e+00 0.0000e+00 -4.3567e-01 2.6699e-01 0.0000e+00 0.0000e+00 -2.6699e-01 -1.8502e-01 
122.0 1.4664e+00 -4.2589e-01 0.0000e+00 0.0000e+00 -4.2589e-01 1.1247e+00 0.0000e+00 0.0000e+00 0.0000e+00 0.0000e+00 -4.5855e-01 2.6338e-01 0.0000e+00 0.0000e+00 -2.6338e-01 -2.0787e-01 
123.0 1.4602e+00 -4.1211e-01 0.0000e+00 0.0000e+00 -4.1211e-01 1.1197e+00 0.0000e+00 0.0000e+00 0.0000e+00 0.0000e+00 -4.8080e-01 2.5981e-01 0.0000e+00 0.0000e+00 -2.5981e-01 -2.3012e-01 
124.0 1.4546e+00 -3.9833e-01 0.0000e+00 0.0000e+00 -3.9833e-01 1.1152e+00 0.0000e+00 0.0000e+00 0.0000e+00 0.0000e+00 -5.0244e-01 2.5624e-01 0.0000e+00 0.0000e+00 -2.5624e-01 -2.5181e-01 
125.0 1.4494e+00 -3.8456e-01 0.0000e+00 0.0000e+00 -3.8456e-01 1.1112e+00 0.0000e+00 0.0000e+00 0.0000e+00 0.0000e+00 -5.2348e-01 2.5269e-01 0.0000e+00 0.0000e+00 -2.5269e-01 -2.7293e-01 
126.0 1.4448e+00 -3.7081e-01 0.0000e+00 0.0000e+00 -3.7081e-01 1.1077e+00 0.0000e+00 0.0000e+00 0.0000e+00 0.0000e+00 -5.4395e-01 2.4912e-01 0.0000e+00 0.0000e+00 -2.4912e-01 -2.9352e-01 
127.0 1.4406e+00 -3.5709e-01 0.0000e+00 0.0000e+00 -3.5709e-01 1.1047e+00 0.0000e+00 0.0000e+00 0.0000e+00 0.0000e+00 -5.6386e-01 2.4554e-01 0.0000e+00 0.0000e+00 -2.4554e-01 -3.1358e-01 
128.0 1.4368e+00 -3.4341e-01 0.0000e+00 0.0000e+00 -3.4341e-01 1.1021e+00 0.0000e+00 0.0000e+00 0.0000e+00 0.0000e+00 -5.8323e-01 2.4194e-01 0.0000e+00 0.0000e+00 -2.4194e-01 -3.3313e-01 
129.0 1.4335e+00 -3.2978e-01 0.0000e+00 0.0000e+00 -3.2978e-01 1.0999e+00 0.0000e+00 0.0000e+00 0.0000e+00 0.0000e+00 -6.0208e-01 2.3829e-01 0.0000e+00 0.0000e+00 -2.3829e-01 -3.5219e-01 
130.0 1.4306e+00 -3.1620e-01 0.0000e+00 0.0000e+00 -3.1620e-01 1.0981e+00 0.0000e+00 0.0000e+00 0.0000e+00 0.0000e+00 -6.2042e-01 2.3458e-01 0.0000e+00 0.0000e+00 -2.3458e-01 -3.7078e-01 
131.0 1.4281e+00 -3.0267e-01 0.0000e+00 0.0000e+00 -3.0267e-01 1.0967e+00 0.0000e+00 0.0000e+00 0.0000e+00 0.0000e+00 -6.3828e-01 2.3081e-01 0.0000e+00 0.0000e+00 -2.3081e-01 -3.8893e-01 
132.0 1.4259e+00 -2.8918e-01 0.0000e+00 0.0000e+00 -2.8918e-01 1.0957e+00 0.0000e+00 0.0000e+00 0.0000e+00 0.0000e+00 -6.5567e-01 2.2698e-01 0.0000e+00 0.0000e+00 -2.2698e-01 -4.0666e-01 
133.0 1.4241e+00 -2.7574e-01 0.0000e+00 0.0000e+00 -2.7574e-01 1.0951e+00 0.0000e+00 0.0000e+00 0.0000e+00 0.0000e+00 -6.7260e-01 2.2308e-01 0.0000e+00 0.0000e+00 -2.2308e-01 -4.2399e-01 
134.0 1.4227e+00 -2.6233e-01 0.0000e+00 0.0000e+00 -2.6233e-01 1.0949e+00 0.0000e+00 0.0000e+00 0.0000e+00 0.0000e+00 -6.8909e-01 2.1913e-01 0.0000e+00 0.0000e+00 -2.1913e-01 -4.4094e-01 
135.0 1.4217e+00 -2.4896e-01 0.0000e+00 0.0000e+00 -2.4896e-01 1.0951e+00 0.0000e+00 0.0000e+00 0.0000e+00 0.0000e+00 -7.0515e-01 2.1513e-01 0.0000e+00 0.0000e+00 -2.1513e-01 -4.5753e-01 
136.0 1.4210e+00 -2.3562e-01 0.0000e+00 0.0000e+00 -2.3562e-01 1.0956e+00 0.0000e+00 0.0000e+00 0.0000e+00 0.0000e+00 -7.2079e-01 2.1107e-01 0.0000e+00 0.0000e+00 -2.1107e-01 -4.7379e-01 
137.0 1.4206e+00 -2.2231e-01 0.0000e+00 0.0000e+00 -2.2231e-01 1.0966e+00 0.0000e+00 0.0000e+00 0.0000e+00 0.0000e+00 -7.3602e-01 2.0696e-01 0.0000e+00 0.0000e+00 -2.0696e-01 -4.8972e-01 
138.0 1.4206e+00 -2.0903e-01 0.0000e+00 0.0000e+00 -2.0903e-01 1.0980e+00 0.0000e+00 0.0000e+00 0.0000e+00 0.0000e+00 -7.5086e-01 2.0280e-01 0.0000e+00 0.0000e+00 -2.0280e-01 -5.0535e-01 
139.0 1.4210e+00 -1.9578e-01 0.0000e+00 0.0000e+00 -1.9578e-01 1.0998e+00 0.0000e+00 0.0000e+00 0.0000e+00 0.0000e+00 -7.6529e-01 1.9860e-01 0.0000e+00 0.0000e+00 -1.9860e-01 -5.2070e-01 
140.0 1.4217e+00 -1.8255e-01 0.0000e+00 0.0000e+00 -1.8255e-01 1.1020e+00 0.0000e+00 0.0000e+00 0.0000e+00 0.0000e+00 -7.7934e-01 1.9437e-01 0.0000e+00 0.0000e+00 -1.9437e-01 -5.3578e-01 
141.0 1.4228e+00 -1.6934e-01 0.0000e+00 0.0000e+00 -1.6934e-01 1.1047e+00 0.0000e+00 0.0000e+00 0.0000e+00 0.0000e+00 -7.9301e-01 1.9011e-01 0.0000e+00 0.0000e+00 -1.9011e-01 -5.5060e-01 
142.0 1.4242e+00 -1.5615e-01 0.0000e+00 0.0000e+00 -1.5615e-01 1.1078e+00 0.0000e+00 0.0000e+00 0.0000e+00 0.0000e+00 -8.0630e-01 1.8585e-01 0.0000e+00 0.0000e+00 -1.8585e-01 -5.6518e-01 
143.0 1.4260e+00 -1.4299e-01 0.0000e+00 0.0000e+00 -1.4299e-01 1.1115e+00 0.0000e+00 0.0000e+00 0.0000e+00 0.0000e+00 -8.1921e-01 1.8156e-01 0.0000e+00 0.0000e+00 -1.8156e-01 -5.7953e-01 
144.0 1.4281e+00 -1.2985e-01 0.0000e+00 0.0000e+00 -1.2985e-01 1.1155e+00 0.0000e+00 0.0000e+00 0.0000e+00 0.0000e+00 -8.3176e-01 1.7726e-01 0.0000e+00 0.0000e+00 -1.7726e-01 -5.9366e-01 
145.0 1.4305e+00 -1.1675e-01 0.0000e+00 0.0000e+00 -1.1675e-01 1.1200e+00 0.0000e+00 0.0000e+00 0.0000e+00 0.0000e+00 -8.4397e-01 1.7291e-01 0.0000e+00 0.0000e+00 -1.7291e-01 -6.0758e-01 
146.0 1.4332e+00 -1.0369e-01 0.0000e+00 0.0000e+00 -1.0369e-01 1.1249e+00 0.0000e+00 0.0000e+00 0.0000e+00 0.0000e+00 -8.5584e-01 1.6849e-01 0.0000e+00 0.0000e+00 -1.6849e-01 -6.2131e-01 
147.0 1.4363e+00 -9.0668e-02 0.0000e+00 0.0000e+00 -9.0668e-02 1.1302e+00 0.0000e+00 0.0000e+00 0.0000e+00 0.0000e+00 -8.6740e-01 1.6397e-01 0.0000e+00 0.0000e+00 -1.6397e-01 -6.3486e-01 
148.0 1.4396e+00 -7.7691e-02 0.0000e+00 0.0000e+00 -7.7691e-02 1.1360e+00 0.0000e+00 0.0000e+00 0.0000e+00 0.0000e+00 -8.7867e-01 1.5935e-01 0.0000e+00 0.0000e+00 -1.5935e-01 -6.4825e-01 
149.0 1.4433e+00 -6.4760e-02 0.0000e+00 0.0000e+00 -6.4760e-02 1.1421e+00 0.0000e+00 0.0000e+00 0.0000e+00 0.0000e+00 -8.8965e-01 1.5462e-01 0.0000e+00 0.0000e+00 -1.5462e-01 -6.6148e-01 
150.0 1.4473e+00 -5.1884e-02 0.0000e+00 0.0000e+00 -5.1884e-02 1.1488e+00 0.0000e+00 0.0000e+00 0.0000e+00 0.0000e+00 -9.0036e-01 1.4977e-01 0.0000e+00 0.0000e+00 -1.4977e-01 -6.7458e-01 
151.0 1.4518e+00 -3.9082e-02 0.0000e+00 0.0000e+00 -3.9082e-02 1.1560e+00 0.0000e+00 0.0000e+00 0.0000e+00 0.0000e+00 -9.1083e-01 1.4477e-01 0.0000e+00 0.0000e+00 -1.4477e-01 -6.8755e-01 
152.0 1.4566e+00 -2.6392e-02 0.0000e+00 0.0000e+00 -2.6392e-02 1.1636e+00 0.0000e+00 0.0000e+00 0.0000e+00 0.0000e+00 -9.2107e-01 1.3956e-01 0.0000e+00 0.0000e+00 -1.3956e-01 -7.0042e-01 
153.0 1.4617e+00 -1.3868e-02 0.0000e+00 0.0000e+00 -1.3868e-02 1.1716e+00 0.0000e+00 0.0000e+00 0.0000e+00 0.0000e+00 -9.3114e-01 1.3403e-01 0.0000e+00 0.0000e+00 -1.3403e-01 -7.1324e-01 
154.0 1.4670e+00 -1.5819e-03 0.0000e+00 0.0000e+00 -1.5819e-03 1.1799e+00 0.0000e+00 0.0000e+00 0.0000e+00 0.0000e+00 -9.4111e-01 1.2805e-01 0.0000e+00 0.0000e+00 -1.2805e-01 -7.2605e-01 
155.0 1.4725e+00 1.0370e-02 0.0000e+00 0.0000e+00 1.0370e-02 1.1884e+00 0.0000e+00 0.0000e+00 0.0000e+00 0.0000e+00 -9.5104e-01 1.2147e-01 0.0000e+00 0.0000e+00 -1.2147e-01 -7.3888e-01 
156.0 1.4781e+00 2.1862e-02 0.0000e+00 0.0000e+00 2.1862e-02 1.1970e+00 0.0000e+00 0.0000e+00 0.0000e+00 0.0000e+00 -9.6102e-01 1.1412e-01 0.0000e+00 0.0000e+00 -1.1412e-01 -7.5176e-01 
157.0 1.4836e+00 3.2734e-02 0.0000e+00 0.0000e+00 3.2734e-02 1.2055e+00 0.0000e+00 0.0000e+00 0.0000e+00 0.0000e+00 -9.7114e-01 1.0583e-01 0.0000e+00 0.0000e+00 -1.0583e-01 -7.6471e-01 
158.0 1.4891e+00 4.2787e-02 0.0000e+00 0.0000e+00 4.2787e-02 1.2138e+00 0.0000e+00 0.0000e+00 0.0000e+00 0.0000e+00 -9.8152e-01 9.6419e-02 0.0000e+00 0.0000e+00 -9.6419e-02 -7.7772e-01 
159.0 1.4943e+00 5.1805e-02 0.0000e+00 0.0000e+00 5.1805e-02 1.2216e+00 0.0000e+00 0.0000e+00 0.0000e+00 0.0000e+00 -9.9224e-01 8.5678e-02 0.0000e+00 0.0000e+00 -8.5678e-02 -7.9073e-01 
160.0 1.4992e+00 5.9571e-02 0.0000e+00 0.0000e+00 5.9571e-02 1.2287e+00 0.0000e+00 0.0000e+00 0.0000e+00 0.0000e+00 -1.0035e+00 7.3439e-02 0.0000e+00 0.0000e+00 -7.3439e-02 -8.0367e-01 
161.0 1.5038e+00 6.5900e-02 0.0000e+00 0.0000e+00 6.5900e-02 1.2347e+00 0.0000e+00 0.0000e+00 0.0000e+00 0.0000e+00 -1.0154e+00 5.9603e-02 0.0000e+00 0.0000e+00 -5.9603e-02 -8.1641e-01 
162.0 1.5086e+00 7.0642e-02 0.0000e+00 0.0000e+00 7.0642e-02 1.2398e+00 0.0000e+00 0.0000e+00 0.0000e+00 0.0000e+00 -1.0282e+00 4.4184e-02 0.0000e+00 0.0000e+00 -4.4184e-02 -8.2880e-01 
163.0 1.5137e+00 7.3691e-02 0.0000e+00 0.0000e+00 7.3691e-02 1.2441e+00 0.0000e+00 0.0000e+00 0.0000e+00 0.0000e+00 -1.0421e+00 2.7328e-02 0.0000e+00 0.0000e+00 -2.7328e-02 -8.4065e-01 
164.0 1.5199e+00 7.4972e-02 0.0000e+00 0.0000e+00 7.4972e-02 1.2476e+00 0.0000e+00 0.0000e+00 0.0000e+00 0.0000e+00 -1.0574e+00 9.3207e-03 0.0000e+00 0.0000e+00 -9.3207e-03 -8.5174e-01 
165.0 1.5278e+00 7.4447e-02 0.0000e+00 0.0000e+00 7.4447e-02 1.2507e+00 0.0000e+00 0.0000e+00 0.0000e+00 0.0000e+00 -1.0744e+00 -9.4218e-03 0.0000e+00 0.0000e+00 9.4218e-03 -8.6183e-01 
166.0 1.5383e+00 7.2120e-02 0.0000e+00 0.0000e+00 7.2120e-02 1.2537e+00 0.0000e+00 0.0000e+00 0.0000e+00 0.0000e+00 -1.0936e+00 -2.8363e-02 0.0000e+00 0.0000e+00 2.8363e-02 -8.7070e-01 
167.0 1.5524e+00 6.8032e-02 0.0000e+00 0.0000e+00 6.8032e-02 1.2572e+00 0.0000e+00 0.0000e+00 0.0000e+00 0.0000e+00 -1.1151e+00 -4.6862e-02 0.0000e+00 0.0000e+00 4.6862e-02 -8.7812e-01 
168.0 1.5711e+00 6.2274e-02 0.0000e+00 0.0000e+00 6.2274e-02 1.2616e+00 0.0000e+00 0.0000e+00 0.0000e+00 0.0000e+00 -1.1394e+00 -6.4164e-02 0.0000e+00 0.0000e+00 6.4164e-02 -8.8388e-01 
169.0 1.5955e+00 5.5014e-02 0.0000e+00 0.0000e+00 5.5014e-02 1.2677e+00 0.0000e+00 0.0000e+00 0.0000e+00 0.0000e+00 -1.1670e+00 -7.9377e-02 0.0000e+00 0.0000e+00 7.9377e-02 -8.8776e-01 
170.0 1.6268e+00 4.6520e-02 0.0000e+00 0.0000e+00 4.6520e-02 1.2760e+00 0.0000e+00 0.0000e+00 0.0000e+00 0.0000e+00 -1.1980e+00 -9.1439e-02 0.0000e+00 0.0000e+00 9.1439e-02 -8.8961e-01 
171.0 1.6662e+00 3.7209e-02 0.0000e+00 0.0000e+00 3.7209e-02 1.2875e+00 0.0000e+00 0.0000e+00 0.0000e+00 0.0000e+00 -1.2328e+00 -9.9122e-02 0.0000e+00 0.0000e+00 9.9122e-02 -8.8929e-01 
172.0 1.7147e+00 2.7673e-02 0.0000e+00 0.0000e+00 2.7673e-02 1.3031e+00 0.0000e+00 0.0000e+00 0.0000e+00 0.0000e+00 -1.2711e+00 -1.0109e-01 0.0000e+00 0.0000e+00 1.0109e-01 -8.8679e-01 
173.0 1.7726e+00 1.8666e-02 0.0000e+00 0.0000e+00 1.8666e-02 1.3235e+00 0.0000e+00 0.0000e+00 0.0000e+00 0.0000e+00 -1.3124e+00 -9.6238e-02 0.0000e+00 0.0000e+00 9.6238e-02 -8.8225e-01 
174.0 1.8390e+00 1.0984e-02 0.0000e+00 0.0000e+00 1.0984e-02 1.3490e+00 0.0000e+00 0.0000e+00 0.0000e+00 0.0000e+00 -1.3553e+00 -8.4144e-02 0.0000e+00 0.0000e+00 8.4144e-02 -8.7605e-01 
175.0 1.9105e+00 5.2752e-03 0.0000e+00 0.0000e+00 5.2752e-03 1.3786e+00 0.0000e+00 0.0000e+00 0.0000e+00 0.0000e+00 -1.3978e+00 -6.5718e-02 0.0000e+00 0.0000e+00 6.5718e-02 -8.6880e-01 
176.0 1.9811e+00 1.8112e-03 0.0000e+00 0.0000e+00 1.8112e-03 1.4097e+00 0.0000e+00 0.0000e+00 0.0000e+00 0.0000e+00 -1.4366e+00 -4.3599e-02 0.0000e+00 0.0000e+00 4.3599e-02 -8.6137e-01 
177.0 2.0423e+00 3.1598e-04 0.0000e+00 0.0000e+00 3.1598e-04 1.4379e+00 0.0000e+00 0.0000e+00 0.0000e+00 0.0000e+00 -1.4683e+00 -2.2055e-02 0.0000e+00 0.0000e+00 2.2055e-02 -8.5482e-01 
178.0 2.0844e+00 1.3358e-05 0.0000e+00 0.0000e+00 1.3358e-05 1.4580e+00 0.0000e+00 0.0000e+00 0.0000e+00 0.0000e+00 -1.4892e+00 -6.1434e-03 0.0000e+00 0.0000e+00 6.1434e-03 -8.5026e-01 
179.0 2.0999e+00 1.5987e-21 0.0000e+00 0.0000e+00 1.5987e-21 1.4655e+00 0.0000e+00 0.0000e+00 0.0000e+00 0.0000e+00 -1.4968e+00 -9.0126e-20 0.0000e+00 0.0000e+00 9.0126e-20 -8.4859e-01 
180.0 2.1152e+00 0.0000e+00 0.0000e+00 0.0000e+00 0.0000e+00 1.4728e+00 0.0000e+00 0.0000e+00 0.0000e+00 0.0000e+00 -1.5040e+00 0.0000e+00 0.0000e+00 0.0000e+00 -0.0000e+00 -8.4696e-01 
