1.9120 2.0671 0.1550 0.034710
theta s11 s12 s13 s14 s21 s22 s23 s24 s31 s32 s33 s34 s41 s42 s43 s44
0.0 2.1119e+03 0.0000e+00 0.0000e+00 0.0000e+00 0.0000e+00 2.1098e+03 0.0000e+00 0.0000e+00 0.0000e+00 0.0000e+00 2.1098e+03 0.0000e+00 0.0000e+00 0.0000e+00 -0.0000e+00 2.1076e+03 
1.0 1.7934e+03 -1.2136e-01 0.0000e+00 0.0000e+00 -1.2136e-01 1.7913e+03 0.0000e+00 0.0000e+00 0.0000e+00 0.0000e+00 1.7913e+03 -7.6160e-01 0.0000e+00 0.0000e+00 7.6160e-01 1.7892e+03 
2.0 1.2737e+03 -2.5911e-01 0.0000e+00 0.0000e+00 -2.5911e-01 1.2716e+03 0.0000e+00 0.0000e+00 0.0000e+00 0.0000e+00 1.2715e+03 -2.4493e+00 0.0000e+00 0.0000e+00 2.4493e+00 1.2694e+03 
3.0 8.9025e+02 -3.0529e-01 0.0000e+00 0.0000e+00 -3.0529e-01 8.8815e+02 0.0000e+00 0.0000e+00 0.0000e+00 0.0000e+00 8.8811e+02 -3.9790e+00 0.0000e+00 0.0000e+00 3.9790e+00 8.8604e+02 
4.0 6.5043e+02 -3.4067e-01 0.0000e+00 0.0000e+00 -3.4067e-01 6.4836e+02 0.0000e+00 0.0000e+00 0.0000e+00 0.0000e+00 6.4828e+02 -4.8307e+00 0.0000e+00 0.0000e+00 4.8307e+00 6.4625e+02 
5.0 5.0363e+02 -4.0750e-01 0.0000e+00 0.0000e+00 -4.0750e-01 5.0158e+02 0.0000e+00 0.0000e+00 0.0000e+00 0.0000e+00 5.0147e+02 -5.1281e+00 0.0000e+00 0.0000e+00 5.1281e+00 4.9947e+02 
6.0 4.1103e+02 -5.0294e-01 0.0000e+00 0.0000e+00 -5.0294e-01 4.0901e+02 0.0000e+00 0.0000e+00 0.0000e+00 0.0000e+00 4.0885e+02 -5.1338e+00 0.0000e+00 0.0000e+00 5.1338e+00 4.0691e+02 
7.0 3.4975e+02 -6.2438e-01 0.0000e+00 0.0000e+00 -6.2438e-01 3.4775e+02 0.0000e+00 0.0000e+00 0.0000e+00 0.0000e+00 3.4756e+02 -5.0070e+00 0.0000e+00 0.0000e+00 5.0070e+00 3.4565e+02 
8.0 3.0708e+02 -7.7172e-01 0.0000e+00 0.0000e+00 -7.7172e-01 3.0510e+02 0.0000e+00 0.0000e+00 0.0000e+00 0.0000e+00 3.0488e+02 -4.8311e+00 0.0000e+00 0.0000e+00 4.8311e+00 3.0302e+02 
9.0 2.7588e+02 -9.3729e-01 0.0000e+00 0.0000e+00 -9.3729e-01 2.7391e+02 0.0000e+00 0.0000e+00 0.0000e+00 0.0000e+00 2.7367e+02 -4.6493e+00 0.0000e+00 0.0000e+00 4.6493e+00 2.7185e+02 
10.0 2.5200e+02 -1.1143e+00 0.0000e+00 0.0000e+00 -1.1143e+00 2.5005e+02 0.0000e+00 0.0000e+00 0.0000e+00 0.0000e+00 2.4979e+02 -4.4810e+00 0.0000e+00 0.0000e+00 4.4810e+00 2.4801e+02 
11.0 2.3300e+02 -1.3025e+00 0.0000e+00 0.0000e+00 -1.3025e+00 2.3106e+02 0.0000e+00 0.0000e+00 0.0000e+00 0.0000e+00 2.3078e+02 -4.3353e+00 0.0000e+00 0.0000e+00 4.3353e+00 2.2904e+02 
12.0 2.1732e+02 -1.4993e+00 0.0000e+00 0.0000e+00 -1.4993e+00 2.1540e+02 0.0000e+00 0.0000e+00 0.0000e+00 0.0000e+00 2.1510e+02 -4.2145e+00 0.0000e+00 0.0000e+00 4.2145e+00 2.1340e+02 
13.0 2.0402e+02 -1.7011e+00 0.0000e+00 0.0000e+00 -1.7011e+00 2.0211e+02 0.0000e+00 0.0000e+00 0.0000e+00 0.0000e+00 2.0179e+02 -4.1160e+00 0.0000e+00 0.0000e+00 4.1160e+00 2.0013e+02 
14.0 1.9245e+02 -1.9065e+00 0.0000e+00 0.0000e+00 -1.9065e+00 1.9055e+02 0.0000e+00 0.0000e+00 0.0000e+00 0.0000e+00 1.9021e+02 -4.0421e+00 0.0000e+00 0.0000e+00 4.0421e+00 1.8859e+02 
15.0 1.8218e+02 -2.1173e+00 0.0000e+00 0.0000e+00 -2.1173e+00 1.8029e+02 0.0000e+00 0.0000e+00 0.0000e+00 0.0000e+00 1.7993e+02 -3.9821e+00 0.0000e+00 0.0000e+00 3.9821e+00 1.7836e+02 
16.0 1.7293e+02 -2.3300e+00 0.0000e+00 0.0000e+00 -2.3300e+00 1.7105e+02 0.0000e+00 0.0000e+00 0.0000e+00 0.0000e+00 1.7067e+02 -3.9325e+00 0.0000e+00 0.0000e+00 3.9325e+00 1.6914e+02 
17.0 1.6449e+02 -2.5440e+00 0.0000e+00 0.0000e+00 -2.5440e+00 1.6262e+02 0.0000e+00 0.0000e+00 0.0000e+00 0.0000e+00 1.6222e+02 -3.8911e+00 0.0000e+00 0.0000e+00 3.8911e+00 1.6073e+02 
18.0 1.5671e+02 -2.7604e+00 0.0000e+00 0.0000e+00 -2.7604e+00 1.5486e+02 0.0000e+00 0.0000e+00 0.0000e+00 0.0000e+00 1.5443e+02 -3.8552e+00 0.0000e+00 0.0000e+00 3.8552e+00 1.5298e+02 
19.0 1.4949e+02 -2.9780e+00 0.0000e+00 0.0000e+00 -2.9780e+00 1.4764e+02 0.0000e+00 0.0000e+00 0.0000e+00 0.0000e+00 1.4763e+02 -3.8222e+00 0.0000e+00 0.0000e+00 3.8222e+00 1.4623e+02 
20.0 1.4273e+02 -3.1954e+00 0.0000e+00 0.0000e+00 -3.1954e+00 1.4090e+02 0.0000e+00 0.0000e+00 0.0000e+00 0.0000e+00 1.4128e+02 -3.7905e+00 0.0000e+00 0.0000e+00 3.7905e+00 1.3992e+02 
21.0 1.3640e+02 -3.4135e+00 0.0000e+00 0.0000e+00 -3.4135e+00 1.3458e+02 0.0000e+00 0.0000e+00 0.0000e+00 0.0000e+00 1.3531e+02 -3.7603e+00 0.0000e+00 0.0000e+00 3.7603e+00 1.3399e+02 
22.0 1.3043e+02 -3.6312e+00 0.0000e+00 0.0000e+00 -3.6312e+00 1.2862e+02 0.0000e+00 0.0000e+00 0.0000e+00 0.0000e+00 1.2968e+02 -3.7310e+00 0.0000e+00 0.0000e+00 3.7310e+00 1.2840e+02 
23.0 1.2479e+02 -3.8466e+00 0.0000e+00 0.0000e+00 -3.8466e+00 1.2299e+02 0.0000e+00 0.0000e+00 0.0000e+00 0.0000e+00 1.2435e+02 -3.7014e+00 0.0000e+00 0.0000e+00 3.7014e+00 1.2310e+02 
24.0 1.1944e+02 -4.0597e+00 0.0000e+00 0.0000e+00 -4.0597e+00 1.1766e+02 0.0000e+00 0.0000e+00 0.0000e+00 0.0000e+00 1.1928e+02 -3.6700e+00 0.0000e+00 0.0000e+00 3.6700e+00 1.1807e+02 
25.0 1.1436e+02 -4.2702e+00 0.0000e+00 0.0000e+00 -4.2702e+00 1.1259e+02 0.0000e+00 0.0000e+00 0.0000e+00 0.0000e+00 1.1447e+02 -3.6357e+00 0.0000e+00 0.0000e+00 3.6357e+00 1.1329e+02 
26.0 1.0953e+02 -4.4766e+00 0.0000e+00 0.0000e+00 -4.4766e+00 1.0778e+02 0.0000e+00 0.0000e+00 0.0000e+00 0.0000e+00 1.0988e+02 -3.5978e+00 0.0000e+00 0.0000e+00 3.5978e+00 1.0874e+02 
27.0 1.0494e+02 -4.6786e+00 0.0000e+00 0.0000e+00 -4.6786e+00 1.0319e+02 0.0000e+00 0.0000e+00 0.0000e+00 0.0000e+00 1.0550e+02 -3.5563e+00 0.0000e+00 0.0000e+00 3.5563e+00 1.0439e+02 
28.0 1.0055e+02 -4.8763e+00 0.0000e+00 0.0000e+00 -4.8763e+00 9.8817e+01 0.0000e+00 0.0000e+00 0.0000e+00 0.0000e+00 1.0132e+02 -3.5115e+00 0.0000e+00 0.0000e+00 3.5115e+00 1.0024e+02 
29.0 9.6361e+01 -5.0687e+00 0.0000e+00 0.0000e+00 -5.0687e+00 9.4641e+01 0.0000e+00 0.0000e+00 0.0000e+00 0.0000e+00 9.7312e+01 -3.4635e+00 0.0000e+00 0.0000e+00 3.4635e+00 9.6262e+01 
30.0 9.2359e+01 -5.2552e+00 0.0000e+00 0.0000e+00 -5.2552e+00 9.0651e+01 0.0000e+00 0.0000e+00 0.0000e+00 0.0000e+00 9.3478e+01 -3.4121e+00 0.0000e+00 0.0000e+00 3.4121e+00 9.2458e+01 
31.0 8.8530e+01 -5.4359e+00 0.0000e+00 0.0000e+00 -5.4359e+00 8.6836e+01 0.0000e+00 0.0000e+00 0.0000e+00 0.0000e+00 8.9437e+01 -3.3576e+00 0.0000e+00 0.0000e+00 3.3576e+00 8.8452e+01 
32.0 8.4868e+01 -5.6105e+00 0.0000e+00 0.0000e+00 -5.6105e+00 8.3186e+01 0.0000e+00 0.0000e+00 0.0000e+00 0.0000e+00 8.5570e+01 -3.3002e+00 0.0000e+00 0.0000e+00 3.3002e+00 8.4619e+01 
33.0 8.1363e+01 -5.7782e+00 0.0000e+00 0.0000e+00 -5.7782e+00 7.9694e+01 0.0000e+00 0.0000e+00 0.0000e+00 0.0000e+00 8.1868e+01 -3.2402e+00 0.0000e+00 0.0000e+00 3.2402e+00 8.0952e+01 
34.0 7.8009e+01 -5.9388e+00 0.0000e+00 0.0000e+00 -5.9388e+00 7.6352e+01 0.0000e+00 0.0000e+00 0.0000e+00 0.0000e+00 7.8323e+01 -3.1777e+00 0.0000e+00 0.0000e+00 3.1777e+00 7.7441e+01 
35.0 7.4799e+01 -6.0922e+00 0.0000e+00 0.0000e+00 -6.0922e+00 7.3153e+01 0.0000e+00 0.0000e+00 0.0000e+00 0.0000e+00 7.4928e+01 -3.1129e+00 0.0000e+00 0.0000e+00 3.1129e+00 7.4079e+01 
36.0 7.1726e+01 -6.2382e+00 0.0000e+00 0.0000e+00 -6.2382e+00 7.0093e+01 0.0000e+00 0.0000e+00 0.0000e+00 0.0000e+00 7.1676e+01 -3.0457e+00 0.0000e+00 0.0000e+00 3.0457e+00 7.0859e+01 
37.0 6.8785e+01 -6.3767e+00 0.0000e+00 0.0000e+00 -6.3767e+00 6.7164e+01 0.0000e+00 0.0000e+00 0.0000e+00 0.0000e+00 6.8559e+01 -2.9761e+00 0.0000e+00 0.0000e+00 2.9761e+00 6.7774e+01 
38.0 6.5972e+01 -6.5081e+00 0.0000e+00 0.0000e+00 -6.5081e+00 6.4363e+01 0.0000e+00 0.0000e+00 0.0000e+00 0.0000e+00 6.5574e+01 -2.9043e+00 0.0000e+00 0.0000e+00 2.9043e+00 6.4820e+01 
39.0 6.3282e+01 -6.6323e+00 0.0000e+00 0.0000e+00 -6.6323e+00 6.1685e+01 0.0000e+00 0.0000e+00 0.0000e+00 0.0000e+00 6.2715e+01 -2.8305e+00 0.0000e+00 0.0000e+00 2.8305e+00 6.1991e+01 
40.0 6.0709e+01 -6.7494e+00 0.0000e+00 0.0000e+00 -6.7494e+00 5.9124e+01 0.0000e+00 0.0000e+00 0.0000e+00 0.0000e+00 5.9976e+01 -2.7553e+00 0.0000e+00 0.0000e+00 2.7553e+00 5.9283e+01 
41.0 5.8248e+01 -6.8590e+00 0.0000e+00 0.0000e+00 -6.8590e+00 5.6674e+01 0.0000e+00 0.0000e+00 0.0000e+00 0.0000e+00 5.7353e+01 -2.6788e+00 0.0000e+00 0.0000e+00 2.6788e+00 5.6688e+01 
42.0 5.5893e+01 -6.9612e+00 0.0000e+00 0.0000e+00 -6.9612e+00 5.4331e+01 0.0000e+00 0.0000e+00 0.0000e+00 0.0000e+00 5.4840e+01 -2.6014e+00 0.0000e+00 0.0000e+00 2.6014e+00 5.4204e+01 
43.0 5.3640e+01 -7.0560e+00 0.0000e+00 0.0000e+00 -7.0560e+00 5.2089e+01 0.0000e+00 0.0000e+00 0.0000e+00 0.0000e+00 5.2432e+01 -2.5232e+00 0.0000e+00 0.0000e+00 2.5232e+00 5.1824e+01 
44.0 5.1484e+01 -7.1434e+00 0.0000e+00 0.0000e+00 -7.1434e+00 4.9944e+01 0.0000e+00 0.0000e+00 0.0000e+00 0.0000e+00 5.0124e+01 -2.4442e+00 0.0000e+00 0.0000e+00 2.4442e+00 4.9544e+01 
45.0 4.9421e+01 -7.2235e+00 0.0000e+00 0.0000e+00 -7.2235e+00 4.7892e+01 0.0000e+00 0.0000e+00 0.0000e+00 0.0000e+00 4.7913e+01 -2.3646e+00 0.0000e+00 0.0000e+00 2.3646e+00 4.7359e+01 
46.0 4.7446e+01 -7.2965e+00 0.0000e+00 0.0000e+00 -7.2965e+00 4.5929e+01 0.0000e+00 0.0000e+00 0.0000e+00 0.0000e+00 4.5793e+01 -2.2844e+00 0.0000e+00 0.0000e+00 2.2844e+00 4.5266e+01 
47.0 4.5557e+01 -7.3625e+00 0.0000e+00 0.0000e+00 -7.3625e+00 4.4050e+01 0.0000e+00 0.0000e+00 0.0000e+00 0.0000e+00 4.3762e+01 -2.2037e+00 0.0000e+00 0.0000e+00 2.2037e+00 4.3261e+01 
48.0 4.3749e+01 -7.4215e+00 0.0000e+00 0.0000e+00 -7.4215e+00 4.2253e+01 0.0000e+00 0.0000e+00 0.0000e+00 0.0000e+00 4.1816e+01 -2.1226e+00 0.0000e+00 0.0000e+00 2.1226e+00 4.1340e+01 
49.0 4.2020e+01 -7.4736e+00 0.0000e+00 0.0000e+00 -7.4736e+00 4.0534e+01 0.0000e+00 0.0000e+00 0.0000e+00 0.0000e+00 3.9950e+01 -2.0414e+00 0.0000e+00 0.0000e+00 2.0414e+00 3.9499e+01 
50.0 4.0366e+01 -7.5192e+00 0.0000e+00 0.0000e+00 -7.5192e+00 3.8890e+01 0.0000e+00 0.0000e+00 0.0000e+00 0.0000e+00 3.8162e+01 -1.9601e+00 0.0000e+00 0.0000e+00 1.9601e+00 3.7735e+01 
51.0 3.8784e+01 -7.5583e+00 0.0000e+00 0.0000e+00 -7.5583e+00 3.7318e+01 0.0000e+00 0.0000e+00 0.0000e+00 0.0000e+00 3.6449e+01 -1.8788e+00 0.0000e+00 0.0000e+00 1.8788e+00 3.6046e+01 
52.0 3.7272e+01 -7.5910e+00 0.0000e+00 0.0000e+00 -7.5910e+00 3.5815e+01 0.0000e+00 0.0000e+00 0.0000e+00 0.0000e+00 3.4806e+01 -1.7977e+00 0.0000e+00 0.0000e+00 1.7977e+00 3.4426e+01 
53.0 3.5826e+01 -7.6176e+00 0.0000e+00 0.0000e+00 -7.6176e+00 3.4379e+01 0.0000e+00 0.0000e+00 0.0000e+00 0.0000e+00 3.3231e+01 -1.7167e+00 0.0000e+00 0.0000e+00 1.7167e+00 3.2875e+01 
54.0 3.4444e+01 -7.6383e+00 0.0000e+00 0.0000e+00 -7.6383e+00 3.3006e+01 0.0000e+00 0.0000e+00 0.0000e+00 0.0000e+00 3.1722e+01 -1.6360e+00 0.0000e+00 0.0000e+00 1.6360e+00 3.1388e+01 
55.0 3.3123e+01 -7.6533e+00 0.0000e+00 0.0000e+00 -7.6533e+00 3.1694e+01 0.0000e+00 0.0000e+00 0.0000e+00 0.0000e+00 3.0276e+01 -1.5557e+00 0.0000e+00 0.0000e+00 1.5557e+00 2.9964e+01 
56.0 3.1860e+01 -7.6627e+00 0.0000e+00 0.0000e+00 -7.6627e+00 3.0440e+01 0.0000e+00 0.0000e+00 0.0000e+00 0.0000e+00 2.8889e+01 -1.4760e+00 0.0000e+00 0.0000e+00 1.4760e+00 2.8599e+01 
57.0 3.0654e+01 -7.6667e+00 0.0000e+00 0.0000e+00 -7.6667e+00 2.9242e+01 0.0000e+00 0.0000e+00 0.0000e+00 0.0000e+00 2.7560e+01 -1.3970e+00 0.0000e+00 0.0000e+00 1.3970e+00 2.7291e+01 
58.0 2.9500e+01 -7.6655e+00 0.0000e+00 0.0000e+00 -7.6655e+00 2.8097e+01 0.0000e+00 0.0000e+00 0.0000e+00 0.0000e+00 2.6285e+01 -1.3187e+00 0.0000e+00 0.0000e+00 1.3187e+00 2.6037e+01 
59.0 2.8398e+01 -7.6592e+00 0.0000e+00 0.0000e+00 -7.6592e+00 2.7003e+01 0.0000e+00 0.0000e+00 0.0000e+00 0.0000e+00 2.5063e+01 -1.2412e+00 0.0000e+00 0.0000e+00 1.2412e+00 2.4836e+01 
60.0 2.7344e+01 -7.6480e+00 0.0000e+00 0.0000e+00 -7.6480e+00 2.5958e+01 0.0000e+00 0.0000e+00 0.0000e+00 0.0000e+00 2.3891e+01 -1.1646e+00 0.0000e+00 0.0000e+00 1.1646e+00 2.3684e+01 
61.0 2.6338e+01 -7.6322e+00 0.0000e+00 0.0000e+00 -7.6322e+00 2.4959e+01 0.0000e+00 0.0000e+00 0.0000e+00 0.0000e+00 2.2767e+01 -1.0890e+00 0.0000e+00 0.0000e+00 1.0890e+00 2.2580e+01 
62.0 2.5375e+01 -7.6118e+00 0.0000e+00 0.0000e+00 -7.6118e+00 2.4005e+01 0.0000e+00 0.0000e+00 0.0000e+00 0.0000e+00 2.1689e+01 -1.0144e+00 0.0000e+00 0.0000e+00 1.0144e+00 2.1521e+01 
63.0 2.4456e+01 -7.5871e+00 0.0000e+00 0.0000e+00 -7.5871e+00 2.3093e+01 0.0000e+00 0.0000e+00 0.0000e+00 0.0000e+00 2.0655e+01 -9.4092e-01 0.0000e+00 0.0000e+00 9.4092e-01 2.0506e+01 
64.0 2.3577e+01 -7.5583e+00 0.0000e+00 0.0000e+00 -7.5583e+00 2.2222e+01 0.0000e+00 0.0000e+00 0.0000e+00 0.0000e+00 1.9663e+01 -8.6865e-01 0.0000e+00 0.0000e+00 8.6865e-01 1.9533e+01 
65.0 2.2738e+01 -7.5255e+00 0.0000e+00 0.0000e+00 -7.5255e+00 2.1389e+01 0.0000e+00 0.0000e+00 0.0000e+00 0.0000e+00 1.8711e+01 -7.9769e-01 0.0000e+00 0.0000e+00 7.9769e-01 1.8600e+01 
66.0 2.1935e+01 -7.4888e+00 0.0000e+00 0.0000e+00 -7.4888e+00 2.0594e+01 0.0000e+00 0.0000e+00 0.0000e+00 0.0000e+00 1.7798e+01 -7.2814e-01 0.0000e+00 0.0000e+00 7.2814e-01 1.7706e+01 
67.0 2.1169e+01 -7.4485e+00 0.0000e+00 0.0000e+00 -7.4485e+00 1.9835e+01 0.0000e+00 0.0000e+00 0.0000e+00 0.0000e+00 1.6922e+01 -6.6004e-01 0.0000e+00 0.0000e+00 6.6004e-01 1.6847e+01 
68.0 2.0436e+01 -7.4046e+00 0.0000e+00 0.0000e+00 -7.4046e+00 1.9109e+01 0.0000e+00 0.0000e+00 0.0000e+00 0.0000e+00 1.6081e+01 -5.9344e-01 0.0000e+00 0.0000e+00 5.9344e-01 1.6024e+01 
69.0 1.9736e+01 -7.3572e+00 0.0000e+00 0.0000e+00 -7.3572e+00 1.8416e+01 0.0000e+00 0.0000e+00 0.0000e+00 0.0000e+00 1.5273e+01 -5.2837e-01 0.0000e+00 0.0000e+00 5.2837e-01 1.5234e+01 
70.0 1.9067e+01 -7.3066e+00 0.0000e+00 0.0000e+00 -7.3066e+00 1.7753e+01 0.0000e+00 0.0000e+00 0.0000e+00 0.0000e+00 1.4498e+01 -4.6486e-01 0.0000e+00 0.0000e+00 4.6486e-01 1.4475e+01 
71.0 1.8428e+01 -7.2528e+00 0.0000e+00 0.0000e+00 -7.2528e+00 1.7121e+01 0.0000e+00 0.0000e+00 0.0000e+00 0.0000e+00 1.3753e+01 -4.0292e-01 0.0000e+00 0.0000e+00 4.0292e-01 1.3748e+01 
72.0 1.7817e+01 -7.1961e+00 0.0000e+00 0.0000e+00 -7.1961e+00 1.6517e+01 0.0000e+00 0.0000e+00 0.0000e+00 0.0000e+00 1.3038e+01 -3.4257e-01 0.0000e+00 0.0000e+00 3.4257e-01 1.3049e+01 
73.0 1.7234e+01 -7.1365e+00 0.0000e+00 0.0000e+00 -7.1365e+00 1.5940e+01 0.0000e+00 0.0000e+00 0.0000e+00 0.0000e+00 1.2352e+01 -2.8387e-01 0.0000e+00 0.0000e+00 2.8387e-01 1.2378e+01 
74.0 1.6676e+01 -7.0743e+00 0.0000e+00 0.0000e+00 -7.0743e+00 1.5389e+01 0.0000e+00 0.0000e+00 0.0000e+00 0.0000e+00 1.1692e+01 -2.2683e-01 0.0000e+00 0.0000e+00 2.2683e-01 1.1734e+01 
75.0 1.6144e+01 -7.0095e+00 0.0000e+00 0.0000e+00 -7.0095e+00 1.4863e+01 0.0000e+00 0.0000e+00 0.0000e+00 0.0000e+00 1.1058e+01 -1.7146e-01 0.0000e+00 0.0000e+00 1.7146e-01 1.1116e+01 
76.0 1.5636e+01 -6.9422e+00 0.0000e+00 0.0000e+00 -6.9422e+00 1.4361e+01 0.0000e+00 0.0000e+00 0.0000e+00 0.0000e+00 1.0449e+01 -1.1775e-01 0.0000e+00 0.0000e+00 1.1775e-01 1.0521e+01 
77.0 1.5150e+01 -6.8726e+00 0.0000e+00 0.0000e+00 -6.8726e+00 1.3882e+01 0.0000e+00 0.0000e+00 0.0000e+00 0.0000e+00 9.8630e+00 -6.5700e-02 0.0000e+00 0.0000e+00 6.5700e-02 9.9505e+00 
78.0 1.4686e+01 -6.8007e+00 0.0000e+00 0.0000e+00 -6.8007e+00 1.3425e+01 0.0000e+00 0.0000e+00 0.0000e+00 0.0000e+00 9.3000e+00 -1.5293e-02 0.0000e+00 0.0000e+00 1.5293e-02 9.4020e+00 
79.0 1.4243e+01 -6.7268e+00 0.0000e+00 0.0000e+00 -6.7268e+00 1.2988e+01 0.0000e+00 0.0000e+00 0.0000e+00 0.0000e+00 8.7586e+00 3.3520e-02 0.0000e+00 0.0000e+00 -3.3520e-02 8.8747e+00 
80.0 1.3820e+01 -6.6508e+00 0.0000e+00 0.0000e+00 -6.6508e+00 1.2572e+01 0.0000e+00 0.0000e+00 0.0000e+00 0.0000e+00 8.2380e+00 8.0769e-02 0.0000e+00 0.0000e+00 -8.0769e-02 8.3679e+00 
81.0 1.3416e+01 -6.5730e+00 0.0000e+00 0.0000e+00 -6.5730e+00 1.2174e+01 0.0000e+00 0.0000e+00 0.0000e+00 0.0000e+00 7.7373e+00 1.2647e-01 0.0000e+00 0.0000e+00 -1.2647e-01 7.8807e+00 
82.0 1.3030e+01 -6.4935e+00 0.0000e+00 0.0000e+00 -6.4935e+00 1.1795e+01 0.0000e+00 0.0000e+00 0.0000e+00 0.0000e+00 7.2556e+00 1.7064e-01 0.0000e+00 0.0000e+00 -1.7064e-01 7.4122e+00 
83.0 1.2662e+01 -6.4123e+00 0.0000e+00 0.0000e+00 -6.4123e+00 1.1434e+01 0.0000e+00 0.0000e+00 0.0000e+00 0.0000e+00 6.7921e+00 2.1328e-01 0.0000e+00 0.0000e+00 -2.1328e-01 6.9616e+00 
84.0 1.2310e+01 -6.3297e+00 0.0000e+00 0.0000e+00 -6.3297e+00 1.1089e+01 0.0000e+00 0.0000e+00 0.0000e+00 0.0000e+00 6.3461e+00 2.5441e-01 0.0000e+00 0.0000e+00 -2.5441e-01 6.5282e+00 
85.0 1.1974e+01 -6.2456e+00 0.0000e+00 0.0000e+00 -6.2456e+00 1.0760e+01 0.0000e+00 0.0000e+00 0.0000e+00 0.0000e+00 5.9169e+00 2.9404e-01 0.0000e+00 0.0000e+00 -2.9404e-01 6.1112e+00 
86.0 1.1654e+01 -6.1602e+00 0.0000e+00 0.0000e+00 -6.1602e+00 1.0446e+01 0.0000e+00 0.0000e+00 0.0000e+00 0.0000e+00 5.5036e+00 3.3217e-01 0.0000e+00 0.0000e+00 -3.3217e-01 5.7100e+00 
87.0 1.1348e+01 -6.0736e+00 0.0000e+00 0.0000e+00 -6.0736e+00 1.0147e+01 0.0000e+00 0.0000e+00 0.0000e+00 0.0000e+00 5.1058e+00 3.6881e-01 0.0000e+00 0.0000e+00 -3.6881e-01 5.3238e+00 
88.0 1.1057e+01 -5.9858e+00 0.0000e+00 0.0000e+00 -5.9858e+00 9.8621e+00 0.0000e+00 0.0000e+00 0.0000e+00 0.0000e+00 4.7227e+00 4.0397e-01 0.0000e+00 0.0000e+00 -4.0397e-01 4.9520e+00 
89.0 1.0778e+01 -5.8970e+00 0.0000e+00 0.0000e+00 -5.8970e+00 9.5905e+00 0.0000e+00 0.0000e+00 0.0000e+00 0.0000e+00 4.3536e+00 4.3766e-01 0.0000e+00 0.0000e+00 -4.3766e-01 4.5941e+00 
90.0 1.0513e+01 -5.8072e+00 0.0000e+00 0.0000e+00 -5.8072e+00 9.3316e+00 0.0000e+00 0.0000e+00 0.0000e+00 0.0000e+00 3.9982e+00 4.6988e-01 0.0000e+00 0.0000e+00 -4.6988e-01 4.2493e+00 
91.0 1.0259e+01 -5.7165e+00 0.0000e+00 0.0000e+00 -5.7165e+00 9.0850e+00 0.0000e+00 0.0000e+00 0.0000e+00 0.0000e+00 3.6556e+00 5.0065e-01 0.0000e+00 0.0000e+00 -5.0065e-01 3.9172e+00 
92.0 1.0018e+01 -5.6250e+00 0.0000e+00 0.0000e+00 -5.6250e+00 8.8501e+00 0.0000e+00 0.0000e+00 0.0000e+00 0.0000e+00 3.3255e+00 5.2996e-01 0.0000e+00 0.0000e+00 -5.2996e-01 3.5972e+00 
93.0 9.7871e+00 -5.5328e+00 0.0000e+00 0.0000e+00 -5.5328e+00 8.6264e+00 0.0000e+00 0.0000e+00 0.0000e+00 0.0000e+00 3.0073e+00 5.5782e-01 0.0000e+00 0.0000e+00 -5.5782e-01 3.2888e+00 
94.0 9.5673e+00 -5.4398e+00 0.0000e+00 0.0000e+00 -5.4398e+00 8.4135e+00 0.0000e+00 0.0000e+00 0.0000e+00 0.0000e+00 2.7006e+00 5.8427e-01 0.0000e+00 0.0000e+00 -5.8427e-01 2.9914e+00 
95.0 9.3578e+00 -5.3463e+00 0.0000e+00 0.0000e+00 -5.3463e+00 8.2109e+00 0.0000e+00 0.0000e+00 0.0000e+00 0.0000e+00 2.4047e+00 6.0930e-01 0.0000e+00 0.0000e+00 -6.0930e-01 2.7046e+00 
96.0 9.1581e+00 -5.2521e+00 0.0000e+00 0.0000e+00 -5.2521e+00 8.0182e+00 0.0000e+00 0.0000e+00 0.0000e+00 0.0000e+00 2.1194e+00 6.3294e-01 0.0000e+00 0.0000e+00 -6.3294e-01 2.4279e+00 
97.0 8.9678e+00 -5.1574e+00 0.0000e+00 0.0000e+00 -5.1574e+00 7.8350e+00 0.0000e+00 0.0000e+00 0.0000e+00 0.0000e+00 1.8442e+00 6.5523e-01 0.0000e+00 0.0000e+00 -6.5523e-01 2.1610e+00 
98.0 8.7865e+00 -5.0623e+00 0.0000e+00 0.0000e+00 -5.0623e+00 7.6610e+00 0.0000e+00 0.0000e+00 0.0000e+00 0.0000e+00 1.5787e+00 6.7619e-01 0.0000e+00 0.0000e+00 -6.7619e-01 1.9033e+00 
99.0 8.6139e+00 -4.9666e+00 0.0000e+00 0.0000e+00 -4.9666e+00 7.4957e+00 0.0000e+00 0.0000e+00 0.0000e+00 0.0000e+00 1.3224e+00 6.9586e-01 0.0000e+00 0.0000e+00 -6.9586e-01 1.6545e+00 
100.0 8.4497e+00 -4.8706e+00 0.0000e+00 0.0000e+00 -4.8706e+00 7.3388e+00 0.0000e+00 0.0000e+00 0.0000e+00 0.0000e+00 1.0751e+00 7.1427e-01 0.0000e+00 0.0000e+00 -7.1427e-01 1.4142e+00 
101.0 8.2934e+00 -4.7743e+00 0.0000e+00 0.0000e+00 -4.7743e+00 7.1901e+00 0.0000e+00 0.0000e+00 0.0000e+00 0.0000e+00 8.3628e-01 7.3145e-01 0.0000e+00 0.0000e+00 -7.3145e-01 1.1821e+00 
102.0 8.1449e+00 -4.6777e+00 0.0000e+00 0.0000e+00 -4.6777e+00 7.0492e+00 0.0000e+00 0.0000e+00 0.0000e+00 0.0000e+00 6.0572e-01 7.4743e-01 0.0000e+00 0.0000e+00 -7.4743e-01 9.5787e-01 
103.0 8.0038e+00 -4.5808e+00 0.0000e+00 0.0000e+00 -4.5808e+00 6.9158e+00 0.0000e+00 0.0000e+00 0.0000e+00 0.0000e+00 3.8306e-01 7.6223e-01 0.0000e+00 0.0000e+00 -7.6223e-01 7.4112e-01 
104.0 7.8698e+00 -4.4837e+00 0.0000e+00 0.0000e+00 -4.4837e+00 6.7896e+00 0.0000e+00 0.0000e+00 0.0000e+00 0.0000e+00 1.6798e-01 7.7587e-01 0.0000e+00 0.0000e+00 -7.7587e-01 5.3155e-01 
105.0 7.7426e+00 -4.3865e+00 0.0000e+00 0.0000e+00 -4.3865e+00 6.6704e+00 0.0000e+00 0.0000e+00 0.0000e+00 0.0000e+00 -3.9823e-02 7.8839e-01 0.0000e+00 0.0000e+00 -7.8839e-01 3.2889e-01 
106.0 7.6220e+00 -4.2891e+00 0.0000e+00 0.0000e+00 -4.2891e+00 6.5579e+00 0.0000e+00 0.0000e+00 0.0000e+00 0.0000e+00 -2.4064e-01 7.9980e-01 0.0000e+00 0.0000e+00 -7.9980e-01 1.3286e-01 
107.0 7.5077e+00 -4.1916e+00 0.0000e+00 0.0000e+00 -4.1916e+00 6.4518e+00 0.0000e+00 0.0000e+00 0.0000e+00 0.0000e+00 -4.3474e-01 8.1013e-01 0.0000e+00 0.0000e+00 -8.1013e-01 -5.6826e-02 
108.0 7.3995e+00 -4.0942e+00 0.0000e+00 0.0000e+00 -4.0942e+00 6.3519e+00 0.0000e+00 0.0000e+00 0.0000e+00 0.0000e+00 -6.2240e-01 8.1941e-01 0.0000e+00 0.0000e+00 -8.1941e-01 -2.4044e-01 
109.0 7.2972e+00 -3.9966e+00 0.0000e+00 0.0000e+00 -3.9966e+00 6.2579e+00 0.0000e+00 0.0000e+00 0.0000e+00 0.0000e+00 -8.0389e-01 8.2767e-01 0.0000e+00 0.0000e+00 -8.2767e-01 -4.1822e-01 
110.0 7.2006e+00 -3.8991e+00 0.0000e+00 0.0000e+00 -3.8991e+00 6.1698e+00 0.0000e+00 0.0000e+00 0.0000e+00 0.0000e+00 -9.7943e-01 8.3494e-01 0.0000e+00 0.0000e+00 -8.3494e-01 -5.9039e-01 
111.0 7.1093e+00 -3.8017e+00 0.0000e+00 0.0000e+00 -3.8017e+00 6.0872e+00 0.0000e+00 0.0000e+00 0.0000e+00 0.0000e+00 -1.1493e+00 8.4126e-01 0.0000e+00 0.0000e+00 -8.4126e-01 -7.5719e-01 
112.0 7.0234e+00 -3.7044e+00 0.0000e+00 0.0000e+00 -3.7044e+00 6.0100e+00 0.0000e+00 0.0000e+00 0.0000e+00 0.0000e+00 -1.3136e+00 8.4666e-01 0.0000e+00 0.0000e+00 -8.4666e-01 -9.1885e-01 
113.0 6.9424e+00 -3.6072e+00 0.0000e+00 0.0000e+00 -3.6072e+00 5.9379e+00 0.0000e+00 0.0000e+00 0.0000e+00 0.0000e+00 -1.4727e+00 8.5116e-01 0.0000e+00 0.0000e+00 -8.5116e-01 -1.0756e+00 
114.0 6.8664e+00 -3.5103e+00 0.0000e+00 0.0000e+00 -3.5103e+00 5.8709e+00 0.0000e+00 0.0000e+00 0.0000e+00 0.0000e+00 -1.6267e+00 8.5478e-01 0.0000e+00 0.0000e+00 -8.5478e-01 -1.2276e+00 
115.0 6.7950e+00 -3.4135e+00 0.0000e+00 0.0000e+00 -3.4135e+00 5.8086e+00 0.0000e+00 0.0000e+00 0.0000e+00 0.0000e+00 -1.7759e+00 8.5756e-01 0.0000e+00 0.0000e+00 -8.5756e-01 -1.3750e+00 
116.0 6.7282e+00 -3.3171e+00 0.0000e+00 0.0000e+00 -3.3171e+00 5.7511e+00 0.0000e+00 0.0000e+00 0.0000e+00 0.0000e+00 -1.9204e+00 8.5953e-01 0.0000e+00 0.0000e+00 -8.5953e-01 -1.5180e+00 
117.0 6.6658e+00 -3.2209e+00 0.0000e+00 0.0000e+00 -3.2209e+00 5.6980e+00 0.0000e+00 0.0000e+00 0.0000e+00 0.0000e+00 -2.0604e+00 8.6070e-01 0.0000e+00 0.0000e+00 -8.6070e-01 -1.6568e+00 
118.0 6.6075e+00 -3.1252e+00 0.0000e+00 0.0000e+00 -3.1252e+00 5.6492e+00 0.0000e+00 0.0000e+00 0.0000e+00 0.0000e+00 -2.1961e+00 8.6109e-01 0.0000e+00 0.0000e+00 -8.6109e-01 -1.7916e+00 
119.0 6.5534e+00 -3.0300e+00 0.0000e+00 0.0000e+00 -3.0300e+00 5.6046e+00 0.0000e+00 0.0000e+00 0.0000e+00 0.0000e+00 -2.3277e+00 8.6069e-01 0.0000e+00 0.0000e+00 -8.6069e-01 -1.9225e+00 
120.0 6.5032e+00 -2.9352e+00 0.0000e+00 0.0000e+00 -2.9352e+00 5.5640e+00 0.0000e+00 0.0000e+00 0.0000e+00 0.0000e+00 -2.4552e+00 8.5955e-01 0.0000e+00 0.0000e+00 -8.5955e-01 -2.0496e+00 
121.0 6.4567e+00 -2.8410e+00 0.0000e+00 0.0000e+00 -2.8410e+00 5.5273e+00 0.0000e+00 0.0000e+00 0.0000e+00 0.0000e+00 -2.5789e+00 8.5764e-01 0.0000e+00 0.0000e+00 -8.5764e-01 -2.1730e+00 
122.0 6.4139e+00 -2.7474e+00 0.0000e+00 0.0000e+00 -2.7474e+00 5.4941e+00 0.0000e+00 0.0000e+00 0.0000e+00 0.0000e+00 -2.6989e+00 8.5492e-01 0.0000e+00 0.0000e+00 -8.5492e-01 -2.2930e+00 
123.0 6.3745e+00 -2.6544e+00 0.0000e+00 0.0000e+00 -2.6544e+00 5.4645e+00 0.0000e+00 0.0000e+00 0.0000e+00 0.0000e+00 -2.8154e+00 8.5138e-01 0.0000e+00 0.0000e+00 -8.5138e-01 -2.4096e+00 
124.0 6.3384e+00 -2.5621e+00 0.0000e+00 0.0000e+00 -2.5621e+00 5.4382e+00 0.0000e+00 0.0000e+00 0.0000e+00 0.0000e+00 -2.9285e+00 8.4702e-01 0.0000e+00 0.0000e+00 -8.4702e-01 -2.5230e+00 
125.0 6.3055e+00 -2.4706e+00 0.0000e+00 0.0000e+00 -2.4706e+00 5.4151e+00 0.0000e+00 0.0000e+00 0.0000e+00 0.0000e+00 -3.0383e+00 8.4183e-01 0.0000e+00 0.0000e+00 -8.4183e-01 -2.6332e+00 
126.0 6.2757e+00 -2.3798e+00 0.0000e+00 0.0000e+00 -2.3798e+00 5.3951e+00 0.0000e+00 0.0000e+00 0.0000e+00 0.0000e+00 -3.1450e+00 8.3580e-01 0.0000e+00 0.0000e+00 -8.3580e-01 -2.7404e+00 
127.0 6.2487e+00 -2.2898e+00 0.0000e+00 0.0000e+00 -2.2898e+00 5.3779e+00 0.0000e+00 0.0000e+00 0.0000e+00 0.0000e+00 -3.2487e+00 8.2894e-01 0.0000e+00 0.0000e+00 -8.2894e-01 -2.8448e+00 
128.0 6.2246e+00 -2.2007e+00 0.0000e+00 0.0000e+00 -2.2007e+00 5.3636e+00 0.0000e+00 0.0000e+00 0.0000e+00 0.0000e+00 -3.3496e+00 8.2126e-01 0.0000e+00 0.0000e+00 -8.2126e-01 -2.9464e+00 
129.0 6.2033e+00 -2.1125e+00 0.0000e+00 0.0000e+00 -2.1125e+00 5.3520e+00 0.0000e+00 0.0000e+00 0.0000e+00 0.0000e+00 -3.4476e+00 8.1276e-01 0.0000e+00 0.0000e+00 -8.1276e-01 -3.0453e+00 
130.0 6.1846e+00 -2.0253e+00 0.0000e+00 0.0000e+00 -2.0253e+00 5.3430e+00 0.0000e+00 0.0000e+00 0.0000e+00 0.0000e+00 -3.5431e+00 8.0341e-01 0.0000e+00 0.0000e+00 -8.0341e-01 -3.1416e+00 
131.0 6.1683e+00 -1.9391e+00 0.0000e+00 0.0000e+00 -1.9391e+00 5.3365e+00 0.0000e+00 0.0000e+00 0.0000e+00 0.0000e+00 -3.6359e+00 7.9324e-01 0.0000e+00 0.0000e+00 -7.9324e-01 -3.2354e+00 
132.0 6.1546e+00 -1.8538e+00 0.0000e+00 0.0000e+00 -1.8538e+00 5.3324e+00 0.0000e+00 0.0000e+00 0.0000e+00 0.0000e+00 -3.7264e+00 7.8226e-01 0.0000e+00 0.0000e+00 -7.8226e-01 -3.3268e+00 
133.0 6.1433e+00 -1.7696e+00 0.0000e+00 0.0000e+00 -1.7696e+00 5.3306e+00 0.0000e+00 0.0000e+00 0.0000e+00 0.0000e+00 -3.8145e+00 7.7047e-01 0.0000e+00 0.0000e+00 -7.7047e-01 -3.4160e+00 
134.0 6.1342e+00 -1.6866e+00 0.0000e+00 0.0000e+00 -1.6866e+00 5.3309e+00 0.0000e+00 0.0000e+00 0.0000e+00 0.0000e+00 -3.9003e+00 7.5791e-01 0.0000e+00 0.0000e+00 -7.5791e-01 -3.5029e+00 
135.0 6.1274e+00 -1.6047e+00 0.0000e+00 0.0000e+00 -1.6047e+00 5.3335e+00 0.0000e+00 0.0000e+00 0.0000e+00 0.0000e+00 -3.9840e+00 7.4464e-01 0.0000e+00 0.0000e+00 -7.4464e-01 -3.5876e+00 
136.0 6.1228e+00 -1.5240e+00 0.0000e+00 0.0000e+00 -1.5240e+00 5.3383e+00 0.0000e+00 0.0000e+00 0.0000e+00 0.0000e+00 -4.0656e+00 7.3063e-01 0.0000e+00 0.0000e+00 -7.3063e-01 -3.6702e+00 
137.0 6.1202e+00 -1.4446e+00 0.0000e+00 0.0000e+00 -1.4446e+00 5.3450e+00 0.0000e+00 0.0000e+00 0.0000e+00 0.0000e+00 -4.1452e+00 7.1589e-01 0.0000e+00 0.0000e+00 -7.1589e-01 -3.7508e+00 
138.0 6.1196e+00 -1.3665e+00 0.0000e+00 0.0000e+00 -1.3665e+00 5.3534e+00 0.0000e+00 0.0000e+00 0.0000e+00 0.0000e+00 -4.2229e+00 7.0043e-01 0.0000e+00 0.0000e+00 -7.0043e-01 -3.8294e+00 
139.0 6.1208e+00 -1.2896e+00 0.0000e+00 0.0000e+00 -1.2896e+00 5.3637e+00 0.0000e+00 0.0000e+00 0.0000e+00 0.0000e+00 -4.2986e+00 6.8428e-01 0.0000e+00 0.0000e+00 -6.8428e-01 -3.9060e+00 
140.0 6.1239e+00 -1.2141e+00 0.0000e+00 0.0000e+00 -1.2141e+00 5.3756e+00 0.0000e+00 0.0000e+00 0.0000e+00 0.0000e+00 -4.3726e+00 6.6745e-01 0.0000e+00 0.0000e+00 -6.6745e-01 -3.9809e+00 
141.0 6.1288e+00 -1.1401e+00 0.0000e+00 0.0000e+00 -1.1401e+00 5.3891e+00 0.0000e+00 0.0000e+00 0.0000e+00 0.0000e+00 -4.4448e+00 6.4997e-01 0.0000e+00 0.0000e+00 -6.4997e-01 -4.0538e+00 
142.0 6.1355e+00 -1.0675e+00 0.0000e+00 0.0000e+00 -1.0675e+00 5.4041e+00 0.0000e+00 0.0000e+00 0.0000e+00 0.0000e+00 -4.5154e+00 6.3189e-01 0.0000e+00 0.0000e+00 -6.3189e-01 -4.1249e+00 
143.0 6.1440e+00 -9.9653e-01 0.0000e+00 0.0000e+00 -9.9653e-01 5.4207e+00 0.0000e+00 0.0000e+00 0.0000e+00 0.0000e+00 -4.5844e+00 6.1320e-01 0.0000e+00 0.0000e+00 -6.1320e-01 -4.1942e+00 
144.0 6.1543e+00 -9.2720e-01 0.0000e+00 0.0000e+00 -9.2720e-01 5.4387e+00 0.0000e+00 0.0000e+00 0.0000e+00 0.0000e+00 -4.6519e+00 5.9390e-01 0.0000e+00 0.0000e+00 -5.9390e-01 -4.2616e+00 
145.0 6.1663e+00 -8.5950e-01 0.0000e+00 0.0000e+00 -8.5950e-01 5.4581e+00 0.0000e+00 0.0000e+00 0.0000e+00 0.0000e+00 -4.7180e+00 5.7400e-01 0.0000e+00 0.0000e+00 -5.7400e-01 -4.3273e+00 
146.0 6.1800e+00 -7.9367e-01 0.0000e+00 0.0000e+00 -7.9367e-01 5.4785e+00 0.0000e+00 0.0000e+00 0.0000e+00 0.0000e+00 -4.7827e+00 5.5347e-01 0.0000e+00 0.0000e+00 -5.5347e-01 -4.3912e+00 
147.0 6.1952e+00 -7.2976e-01 0.0000e+00 0.0000e+00 -7.2976e-01 5.5000e+00 0.0000e+00 0.0000e+00 0.0000e+00 0.0000e+00 -4.8462e+00 5.3225e-01 0.0000e+00 0.0000e+00 -5.3225e-01 -4.4533e+00 
148.0 6.2122e+00 -6.6758e-01 0.0000e+00 0.0000e+00 -6.6758e-01 5.5227e+00 0.0000e+00 0.0000e+00 0.0000e+00 0.0000e+00 -4.9085e+00 5.1037e-01 0.0000e+00 0.0000e+00 -5.1037e-01 -4.5135e+00 
149.0 6.2309e+00 -6.0747e-01 0.0000e+00 0.0000e+00 -6.0747e-01 5.5462e+00 0.0000e+00 0.0000e+00 0.0000e+00 0.0000e+00 -4.9697e+00 4.8789e-01 0.0000e+00 0.0000e+00 -4.8789e-01 -4.5720e+00 
150.0 6.2510e+00 -5.4964e-01 0.0000e+00 0.0000e+00 -5.4964e-01 5.5704e+00 0.0000e+00 0.0000e+00 0.0000e+00 0.0000e+00 -5.0298e+00 4.6487e-01 0.0000e+00 0.0000e+00 -4.6487e-01 -4.6287e+00 
151.0 6.2730e+00 -4.9373e-01 0.0000e+00 0.0000e+00 -4.9373e-01 5.5959e+00 0.0000e+00 0.0000e+00 0.0000e+00 0.0000e+00 -5.0890e+00 4.4133e-01 0.0000e+00 0.0000e+00 -4.4133e-01 -4.6835e+00 
152.0 6.2969e+00 -4.4001e-01 0.0000e+00 0.0000e+00 -4.4001e-01 5.6221e+00 0.0000e+00 0.0000e+00 0.0000e+00 0.0000e+00 -5.1472e+00 4.1728e-01 0.0000e+00 0.0000e+00 -4.1728e-01 -4.7364e+00 
153.0 6.3220e+00 -3.8915e-01 0.0000e+00 0.0000e+00 -3.8915e-01 5.6485e+00 0.0000e+00 0.0000e+00 0.0000e+00 0.0000e+00 -5.2045e+00 3.9261e-01 0.0000e+00 0.0000e+00 -3.9261e-01 -4.7874e+00 
154.0 6.3486e+00 -3.4075e-01 0.0000e+00 0.0000e+00 -3.4075e-01 5.6755e+00 0.0000e+00 0.0000e+00 0.0000e+00 0.0000e+00 -5.2611e+00 3.6722e-01 0.0000e+00 0.0000e+00 -3.6722e-01 -4.8366e+00 
155.0 6.3770e+00 -2.9468e-01 0.0000e+00 0.0000e+00 -2.9468e-01 5.7032e+00 0.0000e+00 0.0000e+00 0.0000e+00 0.0000e+00 -5.3170e+00 3.4106e-01 0.0000e+00 0.0000e+00 -3.4106e-01 -4.8837e+00 
156.0 6.4065e+00 -2.5195e-01 0.0000e+00 0.0000e+00 -2.5195e-01 5.7305e+00 0.0000e+00 0.0000e+00 0.0000e+00 0.0000e+00 -5.3722e+00 3.1417e-01 0.0000e+00 0.0000e+00 -3.1417e-01 -4.9289e+00 
157.0 6.4372e+00 -2.1241e-01 0.0000e+00 0.0000e+00 -2.1241e-01 5.7577e+00 0.0000e+00 0.0000e+00 0.0000e+00 0.0000e+00 -5.4269e+00 2.8660e-01 0.0000e+00 0.0000e+00 -2.8660e-01 -4.9720e+00 
158.0 6.4701e+00 -1.7534e-01 0.0000e+00 0.0000e+00 -1.7534e-01 5.7859e+00 0.0000e+00 0.0000e+00 0.0000e+00 0.0000e+00 -5.4810e+00 2.5845e-01 0.0000e+00 0.0000e+00 -2.5845e-01 -5.0128e+00 
159.0 6.5043e+00 -1.4189e-01 0.0000e+00 0.0000e+00 -1.4189e-01 5.8137e+00 0.0000e+00 0.0000e+00 0.0000e+00 0.0000e+00 -5.5345e+00 2.2979e-01 0.0000e+00 0.0000e+00 -2.2979e-01 -5.0513e+00 
160.0 6.5394e+00 -1.1254e-01 0.0000e+00 0.0000e+00 -1.1254e-01 5.8404e+00 0.0000e+00 0.0000e+00 0.0000e+00 0.0000e+00 -5.5874e+00 2.0063e-01 0.0000e+00 0.0000e+00 -2.0063e-01 -5.0872e+00 
161.0 6.5769e+00 -8.5963e-02 0.0000e+00 0.0000e+00 -8.5963e-02 5.8677e+00 0.0000e+00 0.0000e+00 0.0000e+00 0.0000e+00 -5.6399e+00 1.7109e-01 0.0000e+00 0.0000e+00 -1.7109e-01 -5.1205e+00 
162.0 6.6166e+00 -6.2587e-02 0.0000e+00 0.0000e+00 -6.2587e-02 5.8951e+00 0.0000e+00 0.0000e+00 0.0000e+00 0.0000e+00 -5.6918e+00 1.4140e-01 0.0000e+00 0.0000e+00 -1.4140e-01 -5.1510e+00 
163.0 6.6576e+00 -4.3555e-02 0.0000e+00 0.0000e+00 -4.3555e-02 5.9214e+00 0.0000e+00 0.0000e+00 0.0000e+00 0.0000e+00 -5.7435e+00 1.1192e-01 0.0000e+00 0.0000e+00 -1.1192e-01 -5.1786e+00 
164.0 6.7018e+00 -2.7290e-02 0.0000e+00 0.0000e+00 -2.7290e-02 5.9485e+00 0.0000e+00 0.0000e+00 0.0000e+00 0.0000e+00 -5.7951e+00 8.2986e-02 0.0000e+00 0.0000e+00 -8.2986e-02 -5.2034e+00 
165.0 6.7498e+00 -1.3222e-02 0.0000e+00 0.0000e+00 -1.3222e-02 5.9771e+00 0.0000e+00 0.0000e+00 0.0000e+00 0.0000e+00 -5.8466e+00 5.4987e-02 0.0000e+00 0.0000e+00 -5.4987e-02 -5.2252e+00 
166.0 6.8002e+00 -3.2765e-03 0.0000e+00 0.0000e+00 -3.2765e-03 6.0051e+00 0.0000e+00 0.0000e+00 0.0000e+00 0.0000e+00 -5.8982e+00 2.8353e-02 0.0000e+00 0.0000e+00 -2.8353e-02 -5.2443e+00 
167.0 6.8541e+00 3.5814e-03 0.0000e+00 0.0000e+00 3.5814e-03 6.0349e+00 0.0000e+00 0.0000e+00 0.0000e+00 0.0000e+00 -5.9503e+00 3.4152e-03 0.0000e+00 0.0000e+00 -3.4152e-03 -5.2608e+00 
168.0 6.9134e+00 9.2944e-03 0.0000e+00 0.0000e+00 9.2944e-03 6.0664e+00 0.0000e+00 0.0000e+00 0.0000e+00 0.0000e+00 -6.0029e+00 -1.9587e-02 0.0000e+00 0.0000e+00 1.9587e-02 -5.2749e+00 
169.0 6.9760e+00 1.1636e-02 0.0000e+00 0.0000e+00 1.1636e-02 6.0991e+00 0.0000e+00 0.0000e+00 0.0000e+00 0.0000e+00 -6.0560e+00 -4.0462e-02 0.0000e+00 0.0000e+00 4.0462e-02 -5.2868e+00 
170.0 7.0414e+00 1.0143e-02 0.0000e+00 0.0000e+00 1.0143e-02 6.1323e+00 0.0000e+00 0.0000e+00 0.0000e+00 0.0000e+00 -6.1106e+00 -5.8996e-02 0.0000e+00 0.0000e+00 5.8996e-02 -5.2968e+00 
171.0 7.1129e+00 8.3096e-03 0.0000e+00 0.0000e+00 8.3096e-03 6.1676e+00 0.0000e+00 0.0000e+00 0.0000e+00 0.0000e+00 -6.1675e+00 -7.4641e-02 0.0000e+00 0.0000e+00 7.4641e-02 -5.3053e+00 
172.0 7.1900e+00 5.1935e-03 0.0000e+00 0.0000e+00 5.1935e-03 6.2061e+00 0.0000e+00 0.0000e+00 0.0000e+00 0.0000e+00 -6.2264e+00 -8.6182e-02 0.0000e+00 0.0000e+00 8.6182e-02 -5.3126e+00 
173.0 7.2712e+00 -1.3862e-03 0.0000e+00 0.0000e+00 -1.3862e-03 6.2444e+00 0.0000e+00 0.0000e+00 0.0000e+00 0.0000e+00 -6.2886e+00 -9.1719e-02 0.0000e+00 0.0000e+00 9.1719e-02 -5.3188e+00 
174.0 7.3614e+00 -6.4091e-03 0.0000e+00 0.0000e+00 -6.4091e-03 6.2876e+00 0.0000e+00 0.0000e+00 0.0000e+00 0.0000e+00 -6.3550e+00 -8.9100e-02 0.0000e+00 0.0000e+00 8.9100e-02 -5.3238e+00 
175.0 7.4606e+00 -6.9675e-03 0.0000e+00 0.0000e+00 -6.9675e-03 6.3377e+00 0.0000e+00 0.0000e+00 0.0000e+00 0.0000e+00 -6.4221e+00 -7.7117e-02 0.0000e+00 0.0000e+00 7.7117e-02 -5.3278e+00 
176.0 7.5594e+00 -7.8419e-03 0.0000e+00 0.0000e+00 -7.8419e-03 6.3874e+00 0.0000e+00 0.0000e+00 0.0000e+00 0.0000e+00 -6.4848e+00 -5.6590e-02 0.0000e+00 0.0000e+00 5.6590e-02 -5.3303e+00 
177.0 7.6501e+00 -8.3749e-03 0.0000e+00 0.0000e+00 -8.3749e-03 6.4329e+00 0.0000e+00 0.0000e+00 0.0000e+00 0.0000e+00 -6.5408e+00 -3.1478e-02 0.0000e+00 0.0000e+00 3.1478e-02 -5.3311e+00 
178.0 7.7224e+00 -3.8155e-03 0.0000e+00 0.0000e+00 -3.8155e-03 6.4720e+00 0.0000e+00 0.0000e+00 0.0000e+00 0.0000e+00 -6.5845e+00 -9.6157e-03 0.0000e+00 0.0000e+00 9.6157e-03 -5.3304e+00 
179.0 7.7528e+00 -9.0043e-20 0.0000e+00 0.0000e+00 -9.0043e-20 6.4895e+00 0.0000e+00 0.0000e+00 0.0000e+00 0.0000e+00 -6.6025e+00 -1.7765e-19 0.0000e+00 0.0000e+00 1.7765e-19 -5.3299e+00 
180.0 7.7836e+00 0.0000e+00 0.0000e+00 0.0000e+00 0.0000e+00 6.5058e+00 0.0000e+00 0.0000e+00 0.0000e+00 0.0000e+00 -6.6196e+00 0.0000e+00 0.0000e+00 0.0000e+00 -0.0000e+00 -5.3293e+00 
