0.8518 0.9556 0.1037 0.044449
theta s11 s12 s13 s14 s21 s22 s23 s24 s31 s32 s33 s34 s41 s42 s43 s44
0.0 2.7351e+03 0.0000e+00 0.0000e+00 0.0000e+00 0.0000e+00 2.7344e+03 0.0000e+00 0.0000e+00 0.0000e+00 0.0000e+00 2.7344e+03 0.0000e+00 0.0000e+00 0.0000e+00 -0.0000e+00 2.7336e+03 
1.0 2.3383e+03 -1.1116e-01 0.0000e+00 0.0000e+00 -1.1116e-01 2.3376e+03 0.0000e+00 0.0000e+00 0.0000e+00 0.0000e+00 2.3376e+03 -8.8180e-01 0.0000e+00 0.0000e+00 8.8180e-01 2.3368e+03 
2.0 1.6678e+03 -1.9277e-01 0.0000e+00 0.0000e+00 -1.9277e-01 1.6670e+03 0.0000e+00 0.0000e+00 0.0000e+00 0.0000e+00 1.6670e+03 -2.8166e+00 0.0000e+00 0.0000e+00 2.8166e+00 1.6663e+03 
3.0 1.1527e+03 -1.4519e-01 0.0000e+00 0.0000e+00 -1.4519e-01 1.1520e+03 0.0000e+00 0.0000e+00 0.0000e+00 0.0000e+00 1.1520e+03 -4.5288e+00 0.0000e+00 0.0000e+00 4.5288e+00 1.1513e+03 
4.0 8.1889e+02 -8.2012e-02 0.0000e+00 0.0000e+00 -8.2012e-02 8.1820e+02 0.0000e+00 0.0000e+00 0.0000e+00 0.0000e+00 8.1813e+02 -5.4186e+00 0.0000e+00 0.0000e+00 5.4186e+00 8.1747e+02 
5.0 6.0835e+02 -6.6405e-02 0.0000e+00 0.0000e+00 -6.6405e-02 6.0768e+02 0.0000e+00 0.0000e+00 0.0000e+00 0.0000e+00 6.0758e+02 -5.6240e+00 0.0000e+00 0.0000e+00 5.6240e+00 6.0694e+02 
6.0 4.7242e+02 -1.0813e-01 0.0000e+00 0.0000e+00 -1.0813e-01 4.7177e+02 0.0000e+00 0.0000e+00 0.0000e+00 0.0000e+00 4.7164e+02 -5.4392e+00 0.0000e+00 0.0000e+00 5.4392e+00 4.7103e+02 
7.0 3.8131e+02 -2.0031e-01 0.0000e+00 0.0000e+00 -2.0031e-01 3.8067e+02 0.0000e+00 0.0000e+00 0.0000e+00 0.0000e+00 3.8051e+02 -5.0580e+00 0.0000e+00 0.0000e+00 5.0580e+00 3.7992e+02 
8.0 3.1790e+02 -3.3009e-01 0.0000e+00 0.0000e+00 -3.3009e-01 3.1728e+02 0.0000e+00 0.0000e+00 0.0000e+00 0.0000e+00 3.1710e+02 -4.6014e+00 0.0000e+00 0.0000e+00 4.6014e+00 3.1653e+02 
9.0 2.7213e+02 -4.8538e-01 0.0000e+00 0.0000e+00 -4.8538e-01 2.7152e+02 0.0000e+00 0.0000e+00 0.0000e+00 0.0000e+00 2.7132e+02 -4.1427e+00 0.0000e+00 0.0000e+00 4.1427e+00 2.7077e+02 
10.0 2.3786e+02 -6.5825e-01 0.0000e+00 0.0000e+00 -6.5825e-01 2.3726e+02 0.0000e+00 0.0000e+00 0.0000e+00 0.0000e+00 2.3705e+02 -3.7170e+00 0.0000e+00 0.0000e+00 3.7170e+00 2.3652e+02 
11.0 2.1140e+02 -8.4333e-01 0.0000e+00 0.0000e+00 -8.4333e-01 2.1081e+02 0.0000e+00 0.0000e+00 0.0000e+00 0.0000e+00 2.1059e+02 -3.3372e+00 0.0000e+00 0.0000e+00 3.3372e+00 2.1008e+02 
12.0 1.9041e+02 -1.0358e+00 0.0000e+00 0.0000e+00 -1.0358e+00 1.8983e+02 0.0000e+00 0.0000e+00 0.0000e+00 0.0000e+00 1.8960e+02 -3.0058e+00 0.0000e+00 0.0000e+00 3.0058e+00 1.8910e+02 
13.0 1.7335e+02 -1.2307e+00 0.0000e+00 0.0000e+00 -1.2307e+00 1.7278e+02 0.0000e+00 0.0000e+00 0.0000e+00 0.0000e+00 1.7254e+02 -2.7215e+00 0.0000e+00 0.0000e+00 2.7215e+00 1.7206e+02 
14.0 1.5919e+02 -1.4287e+00 0.0000e+00 0.0000e+00 -1.4287e+00 1.5862e+02 0.0000e+00 0.0000e+00 0.0000e+00 0.0000e+00 1.5838e+02 -2.4804e+00 0.0000e+00 0.0000e+00 2.4804e+00 1.5791e+02 
15.0 1.4719e+02 -1.6264e+00 0.0000e+00 0.0000e+00 -1.6264e+00 1.4662e+02 0.0000e+00 0.0000e+00 0.0000e+00 0.0000e+00 1.4637e+02 -2.2763e+00 0.0000e+00 0.0000e+00 2.2763e+00 1.4592e+02 
16.0 1.3683e+02 -1.8257e+00 0.0000e+00 0.0000e+00 -1.8257e+00 1.3628e+02 0.0000e+00 0.0000e+00 0.0000e+00 0.0000e+00 1.3601e+02 -2.1015e+00 0.0000e+00 0.0000e+00 2.1015e+00 1.3558e+02 
17.0 1.2776e+02 -2.0278e+00 0.0000e+00 0.0000e+00 -2.0278e+00 1.2720e+02 0.0000e+00 0.0000e+00 0.0000e+00 0.0000e+00 1.2693e+02 -1.9500e+00 0.0000e+00 0.0000e+00 1.9500e+00 1.2651e+02 
18.0 1.1968e+02 -2.2334e+00 0.0000e+00 0.0000e+00 -2.2334e+00 1.1913e+02 0.0000e+00 0.0000e+00 0.0000e+00 0.0000e+00 1.1885e+02 -1.8169e+00 0.0000e+00 0.0000e+00 1.8169e+00 1.1844e+02 
19.0 1.1240e+02 -2.4427e+00 0.0000e+00 0.0000e+00 -2.4427e+00 1.1186e+02 0.0000e+00 0.0000e+00 0.0000e+00 0.0000e+00 1.1196e+02 -1.6983e+00 0.0000e+00 0.0000e+00 1.6983e+00 1.1156e+02 
20.0 1.0579e+02 -2.6547e+00 0.0000e+00 0.0000e+00 -2.6547e+00 1.0526e+02 0.0000e+00 0.0000e+00 0.0000e+00 0.0000e+00 1.0569e+02 -1.5919e+00 0.0000e+00 0.0000e+00 1.5919e+00 1.0531e+02 
21.0 9.9771e+01 -2.8684e+00 0.0000e+00 0.0000e+00 -2.8684e+00 9.9240e+01 0.0000e+00 0.0000e+00 0.0000e+00 0.0000e+00 9.9972e+01 -1.4958e+00 0.0000e+00 0.0000e+00 1.4958e+00 9.9597e+01 
22.0 9.4261e+01 -3.0835e+00 0.0000e+00 0.0000e+00 -3.0835e+00 9.3735e+01 0.0000e+00 0.0000e+00 0.0000e+00 0.0000e+00 9.4733e+01 -1.4084e+00 0.0000e+00 0.0000e+00 1.4084e+00 9.4368e+01 
23.0 8.9208e+01 -3.3001e+00 0.0000e+00 0.0000e+00 -3.3001e+00 8.8687e+01 0.0000e+00 0.0000e+00 0.0000e+00 0.0000e+00 8.9922e+01 -1.3281e+00 0.0000e+00 0.0000e+00 1.3281e+00 8.9567e+01 
24.0 8.4560e+01 -3.5180e+00 0.0000e+00 0.0000e+00 -3.5180e+00 8.4043e+01 0.0000e+00 0.0000e+00 0.0000e+00 0.0000e+00 8.5491e+01 -1.2538e+00 0.0000e+00 0.0000e+00 1.2538e+00 8.5145e+01 
25.0 8.0268e+01 -3.7363e+00 0.0000e+00 0.0000e+00 -3.7363e+00 7.9755e+01 0.0000e+00 0.0000e+00 0.0000e+00 0.0000e+00 8.1394e+01 -1.1852e+00 0.0000e+00 0.0000e+00 1.1852e+00 8.1056e+01 
26.0 7.6285e+01 -3.9537e+00 0.0000e+00 0.0000e+00 -3.9537e+00 7.5777e+01 0.0000e+00 0.0000e+00 0.0000e+00 0.0000e+00 7.7586e+01 -1.1225e+00 0.0000e+00 0.0000e+00 1.1225e+00 7.7257e+01 
27.0 7.2573e+01 -4.1688e+00 0.0000e+00 0.0000e+00 -4.1688e+00 7.2069e+01 0.0000e+00 0.0000e+00 0.0000e+00 0.0000e+00 7.4031e+01 -1.0653e+00 0.0000e+00 0.0000e+00 1.0653e+00 7.3710e+01 
28.0 6.9099e+01 -4.3805e+00 0.0000e+00 0.0000e+00 -4.3805e+00 6.8598e+01 0.0000e+00 0.0000e+00 0.0000e+00 0.0000e+00 7.0697e+01 -1.0126e+00 0.0000e+00 0.0000e+00 1.0126e+00 7.0383e+01 
29.0 6.5839e+01 -4.5884e+00 0.0000e+00 0.0000e+00 -4.5884e+00 6.5342e+01 0.0000e+00 0.0000e+00 0.0000e+00 0.0000e+00 6.7563e+01 -9.6340e-01 0.0000e+00 0.0000e+00 9.6340e-01 6.7256e+01 
30.0 6.2776e+01 -4.7924e+00 0.0000e+00 0.0000e+00 -4.7924e+00 6.2283e+01 0.0000e+00 0.0000e+00 0.0000e+00 0.0000e+00 6.4612e+01 -9.1664e-01 0.0000e+00 0.0000e+00 9.1664e-01 6.4312e+01 
31.0 5.9897e+01 -4.9925e+00 0.0000e+00 0.0000e+00 -4.9925e+00 5.9408e+01 0.0000e+00 0.0000e+00 0.0000e+00 0.0000e+00 6.1558e+01 -8.7199e-01 0.0000e+00 0.0000e+00 8.7199e-01 6.1269e+01 
32.0 5.7189e+01 -5.1884e+00 0.0000e+00 0.0000e+00 -5.1884e+00 5.6704e+01 0.0000e+00 0.0000e+00 0.0000e+00 0.0000e+00 5.8681e+01 -8.2960e-01 0.0000e+00 0.0000e+00 8.2960e-01 5.8401e+01 
33.0 5.4639e+01 -5.3795e+00 0.0000e+00 0.0000e+00 -5.3795e+00 5.4158e+01 0.0000e+00 0.0000e+00 0.0000e+00 0.0000e+00 5.5965e+01 -7.8967e-01 0.0000e+00 0.0000e+00 7.8967e-01 5.5695e+01 
34.0 5.2234e+01 -5.5653e+00 0.0000e+00 0.0000e+00 -5.5653e+00 5.1756e+01 0.0000e+00 0.0000e+00 0.0000e+00 0.0000e+00 5.3398e+01 -7.5209e-01 0.0000e+00 0.0000e+00 7.5209e-01 5.3136e+01 
35.0 4.9960e+01 -5.7453e+00 0.0000e+00 0.0000e+00 -5.7453e+00 4.9486e+01 0.0000e+00 0.0000e+00 0.0000e+00 0.0000e+00 5.0965e+01 -7.1650e-01 0.0000e+00 0.0000e+00 7.1650e-01 5.0713e+01 
36.0 4.7809e+01 -5.9192e+00 0.0000e+00 0.0000e+00 -5.9192e+00 4.7338e+01 0.0000e+00 0.0000e+00 0.0000e+00 0.0000e+00 4.8658e+01 -6.8250e-01 0.0000e+00 0.0000e+00 6.8250e-01 4.8414e+01 
37.0 4.5770e+01 -6.0869e+00 0.0000e+00 0.0000e+00 -6.0869e+00 4.5303e+01 0.0000e+00 0.0000e+00 0.0000e+00 0.0000e+00 4.6467e+01 -6.4974e-01 0.0000e+00 0.0000e+00 6.4974e-01 4.6232e+01 
38.0 4.3837e+01 -6.2481e+00 0.0000e+00 0.0000e+00 -6.2481e+00 4.3374e+01 0.0000e+00 0.0000e+00 0.0000e+00 0.0000e+00 4.4385e+01 -6.1803e-01 0.0000e+00 0.0000e+00 6.1803e-01 4.4158e+01 
39.0 4.2002e+01 -6.4029e+00 0.0000e+00 0.0000e+00 -6.4029e+00 4.1542e+01 0.0000e+00 0.0000e+00 0.0000e+00 0.0000e+00 4.2403e+01 -5.8727e-01 0.0000e+00 0.0000e+00 5.8727e-01 4.2186e+01 
40.0 4.0260e+01 -6.5509e+00 0.0000e+00 0.0000e+00 -6.5509e+00 3.9803e+01 0.0000e+00 0.0000e+00 0.0000e+00 0.0000e+00 4.0517e+01 -5.5734e-01 0.0000e+00 0.0000e+00 5.5734e-01 4.0308e+01 
41.0 3.8603e+01 -6.6922e+00 0.0000e+00 0.0000e+00 -6.6922e+00 3.8150e+01 0.0000e+00 0.0000e+00 0.0000e+00 0.0000e+00 3.8719e+01 -5.2806e-01 0.0000e+00 0.0000e+00 5.2806e-01 3.8518e+01 
42.0 3.7029e+01 -6.8267e+00 0.0000e+00 0.0000e+00 -6.8267e+00 3.6578e+01 0.0000e+00 0.0000e+00 0.0000e+00 0.0000e+00 3.7005e+01 -4.9932e-01 0.0000e+00 0.0000e+00 4.9932e-01 3.6812e+01 
43.0 3.5531e+01 -6.9543e+00 0.0000e+00 0.0000e+00 -6.9543e+00 3.5083e+01 0.0000e+00 0.0000e+00 0.0000e+00 0.0000e+00 3.5369e+01 -4.7116e-01 0.0000e+00 0.0000e+00 4.7116e-01 3.5185e+01 
44.0 3.4106e+01 -7.0750e+00 0.0000e+00 0.0000e+00 -7.0750e+00 3.3661e+01 0.0000e+00 0.0000e+00 0.0000e+00 0.0000e+00 3.3807e+01 -4.4364e-01 0.0000e+00 0.0000e+00 4.4364e-01 3.3631e+01 
45.0 3.2748e+01 -7.1887e+00 0.0000e+00 0.0000e+00 -7.1887e+00 3.2307e+01 0.0000e+00 0.0000e+00 0.0000e+00 0.0000e+00 3.2314e+01 -4.1679e-01 0.0000e+00 0.0000e+00 4.1679e-01 3.2146e+01 
46.0 3.1455e+01 -7.2951e+00 0.0000e+00 0.0000e+00 -7.2951e+00 3.1016e+01 0.0000e+00 0.0000e+00 0.0000e+00 0.0000e+00 3.0886e+01 -3.9047e-01 0.0000e+00 0.0000e+00 3.9047e-01 3.0725e+01 
47.0 3.0222e+01 -7.3944e+00 0.0000e+00 0.0000e+00 -7.3944e+00 2.9786e+01 0.0000e+00 0.0000e+00 0.0000e+00 0.0000e+00 2.9519e+01 -3.6454e-01 0.0000e+00 0.0000e+00 3.6454e-01 2.9366e+01 
48.0 2.9047e+01 -7.4866e+00 0.0000e+00 0.0000e+00 -7.4866e+00 2.8613e+01 0.0000e+00 0.0000e+00 0.0000e+00 0.0000e+00 2.8210e+01 -3.3888e-01 0.0000e+00 0.0000e+00 3.3888e-01 2.8065e+01 
49.0 2.7925e+01 -7.5718e+00 0.0000e+00 0.0000e+00 -7.5718e+00 2.7495e+01 0.0000e+00 0.0000e+00 0.0000e+00 0.0000e+00 2.6956e+01 -3.1349e-01 0.0000e+00 0.0000e+00 3.1349e-01 2.6819e+01 
50.0 2.6856e+01 -7.6502e+00 0.0000e+00 0.0000e+00 -7.6502e+00 2.6428e+01 0.0000e+00 0.0000e+00 0.0000e+00 0.0000e+00 2.5754e+01 -2.8846e-01 0.0000e+00 0.0000e+00 2.8846e-01 2.5625e+01 
51.0 2.5836e+01 -7.7217e+00 0.0000e+00 0.0000e+00 -7.7217e+00 2.5410e+01 0.0000e+00 0.0000e+00 0.0000e+00 0.0000e+00 2.4602e+01 -2.6386e-01 0.0000e+00 0.0000e+00 2.6386e-01 2.4481e+01 
52.0 2.4862e+01 -7.7864e+00 0.0000e+00 0.0000e+00 -7.7864e+00 2.4438e+01 0.0000e+00 0.0000e+00 0.0000e+00 0.0000e+00 2.3497e+01 -2.3976e-01 0.0000e+00 0.0000e+00 2.3976e-01 2.3383e+01 
53.0 2.3932e+01 -7.8443e+00 0.0000e+00 0.0000e+00 -7.8443e+00 2.3511e+01 0.0000e+00 0.0000e+00 0.0000e+00 0.0000e+00 2.2437e+01 -2.1619e-01 0.0000e+00 0.0000e+00 2.1619e-01 2.2330e+01 
54.0 2.3044e+01 -7.8955e+00 0.0000e+00 0.0000e+00 -7.8955e+00 2.2625e+01 0.0000e+00 0.0000e+00 0.0000e+00 0.0000e+00 2.1419e+01 -1.9314e-01 0.0000e+00 0.0000e+00 1.9314e-01 2.1319e+01 
55.0 2.2195e+01 -7.9401e+00 0.0000e+00 0.0000e+00 -7.9401e+00 2.1779e+01 0.0000e+00 0.0000e+00 0.0000e+00 0.0000e+00 2.0441e+01 -1.7060e-01 0.0000e+00 0.0000e+00 1.7060e-01 2.0349e+01 
56.0 2.1384e+01 -7.9780e+00 0.0000e+00 0.0000e+00 -7.9780e+00 2.0970e+01 0.0000e+00 0.0000e+00 0.0000e+00 0.0000e+00 1.9501e+01 -1.4856e-01 0.0000e+00 0.0000e+00 1.4856e-01 1.9416e+01 
57.0 2.0610e+01 -8.0095e+00 0.0000e+00 0.0000e+00 -8.0095e+00 2.0197e+01 0.0000e+00 0.0000e+00 0.0000e+00 0.0000e+00 1.8597e+01 -1.2701e-01 0.0000e+00 0.0000e+00 1.2701e-01 1.8520e+01 
58.0 1.9869e+01 -8.0347e+00 0.0000e+00 0.0000e+00 -8.0347e+00 1.9459e+01 0.0000e+00 0.0000e+00 0.0000e+00 0.0000e+00 1.7728e+01 -1.0596e-01 0.0000e+00 0.0000e+00 1.0596e-01 1.7658e+01 
59.0 1.9161e+01 -8.0536e+00 0.0000e+00 0.0000e+00 -8.0536e+00 1.8753e+01 0.0000e+00 0.0000e+00 0.0000e+00 0.0000e+00 1.6892e+01 -8.5344e-02 0.0000e+00 0.0000e+00 8.5344e-02 1.6829e+01 
60.0 1.8485e+01 -8.0663e+00 0.0000e+00 0.0000e+00 -8.0663e+00 1.8078e+01 0.0000e+00 0.0000e+00 0.0000e+00 0.0000e+00 1.6088e+01 -6.5120e-02 0.0000e+00 0.0000e+00 6.5120e-02 1.6031e+01 
61.0 1.7838e+01 -8.0731e+00 0.0000e+00 0.0000e+00 -8.0731e+00 1.7434e+01 0.0000e+00 0.0000e+00 0.0000e+00 0.0000e+00 1.5313e+01 -4.5236e-02 0.0000e+00 0.0000e+00 4.5236e-02 1.5263e+01 
62.0 1.7220e+01 -8.0742e+00 0.0000e+00 0.0000e+00 -8.0742e+00 1.6817e+01 0.0000e+00 0.0000e+00 0.0000e+00 0.0000e+00 1.4567e+01 -2.5676e-02 0.0000e+00 0.0000e+00 2.5676e-02 1.4524e+01 
63.0 1.6629e+01 -8.0697e+00 0.0000e+00 0.0000e+00 -8.0697e+00 1.6228e+01 0.0000e+00 0.0000e+00 0.0000e+00 0.0000e+00 1.3849e+01 -6.4571e-03 0.0000e+00 0.0000e+00 6.4571e-03 1.3813e+01 
64.0 1.6065e+01 -8.0598e+00 0.0000e+00 0.0000e+00 -8.0598e+00 1.5665e+01 0.0000e+00 0.0000e+00 0.0000e+00 0.0000e+00 1.3157e+01 1.2379e-02 0.0000e+00 0.0000e+00 -1.2379e-02 1.3128e+01 
65.0 1.5526e+01 -8.0447e+00 0.0000e+00 0.0000e+00 -8.0447e+00 1.5128e+01 0.0000e+00 0.0000e+00 0.0000e+00 0.0000e+00 1.2491e+01 3.0800e-02 0.0000e+00 0.0000e+00 -3.0800e-02 1.2468e+01 
66.0 1.5010e+01 -8.0243e+00 0.0000e+00 0.0000e+00 -8.0243e+00 1.4614e+01 0.0000e+00 0.0000e+00 0.0000e+00 0.0000e+00 1.1849e+01 4.8794e-02 0.0000e+00 0.0000e+00 -4.8794e-02 1.1833e+01 
67.0 1.4518e+01 -7.9991e+00 0.0000e+00 0.0000e+00 -7.9991e+00 1.4123e+01 0.0000e+00 0.0000e+00 0.0000e+00 0.0000e+00 1.1230e+01 6.6357e-02 0.0000e+00 0.0000e+00 -6.6357e-02 1.1221e+01 
68.0 1.4048e+01 -7.9690e+00 0.0000e+00 0.0000e+00 -7.9690e+00 1.3654e+01 0.0000e+00 0.0000e+00 0.0000e+00 0.0000e+00 1.0633e+01 8.3477e-02 0.0000e+00 0.0000e+00 -8.3477e-02 1.0630e+01 
69.0 1.3599e+01 -7.9343e+00 0.0000e+00 0.0000e+00 -7.9343e+00 1.3206e+01 0.0000e+00 0.0000e+00 0.0000e+00 0.0000e+00 1.0058e+01 1.0013e-01 0.0000e+00 0.0000e+00 -1.0013e-01 1.0062e+01 
70.0 1.3169e+01 -7.8951e+00 0.0000e+00 0.0000e+00 -7.8951e+00 1.2778e+01 0.0000e+00 0.0000e+00 0.0000e+00 0.0000e+00 9.5026e+00 1.1630e-01 0.0000e+00 0.0000e+00 -1.1630e-01 9.5133e+00 
71.0 1.2760e+01 -7.8515e+00 0.0000e+00 0.0000e+00 -7.8515e+00 1.2369e+01 0.0000e+00 0.0000e+00 0.0000e+00 0.0000e+00 8.9672e+00 1.3197e-01 0.0000e+00 0.0000e+00 -1.3197e-01 8.9845e+00 
72.0 1.2368e+01 -7.8039e+00 0.0000e+00 0.0000e+00 -7.8039e+00 1.1978e+01 0.0000e+00 0.0000e+00 0.0000e+00 0.0000e+00 8.4507e+00 1.4710e-01 0.0000e+00 0.0000e+00 -1.4710e-01 8.4745e+00 
73.0 1.1994e+01 -7.7522e+00 0.0000e+00 0.0000e+00 -7.7522e+00 1.1606e+01 0.0000e+00 0.0000e+00 0.0000e+00 0.0000e+00 7.9524e+00 1.6168e-01 0.0000e+00 0.0000e+00 -1.6168e-01 7.9826e+00 
74.0 1.1638e+01 -7.6968e+00 0.0000e+00 0.0000e+00 -7.6968e+00 1.1250e+01 0.0000e+00 0.0000e+00 0.0000e+00 0.0000e+00 7.4714e+00 1.7565e-01 0.0000e+00 0.0000e+00 -1.7565e-01 7.5082e+00 
75.0 1.1297e+01 -7.6377e+00 0.0000e+00 0.0000e+00 -7.6377e+00 1.0910e+01 0.0000e+00 0.0000e+00 0.0000e+00 0.0000e+00 7.0072e+00 1.8895e-01 0.0000e+00 0.0000e+00 -1.8895e-01 7.0504e+00 
76.0 1.0972e+01 -7.5751e+00 0.0000e+00 0.0000e+00 -7.5751e+00 1.0586e+01 0.0000e+00 0.0000e+00 0.0000e+00 0.0000e+00 6.5590e+00 2.0155e-01 0.0000e+00 0.0000e+00 -2.0155e-01 6.6086e+00 
77.0 1.0662e+01 -7.5090e+00 0.0000e+00 0.0000e+00 -7.5090e+00 1.0276e+01 0.0000e+00 0.0000e+00 0.0000e+00 0.0000e+00 6.1263e+00 2.1340e-01 0.0000e+00 0.0000e+00 -2.1340e-01 6.1821e+00 
78.0 1.0366e+01 -7.4397e+00 0.0000e+00 0.0000e+00 -7.4397e+00 9.9808e+00 0.0000e+00 0.0000e+00 0.0000e+00 0.0000e+00 5.7082e+00 2.2450e-01 0.0000e+00 0.0000e+00 -2.2450e-01 5.7704e+00 
79.0 1.0084e+01 -7.3673e+00 0.0000e+00 0.0000e+00 -7.3673e+00 9.6989e+00 0.0000e+00 0.0000e+00 0.0000e+00 0.0000e+00 5.3044e+00 2.3485e-01 0.0000e+00 0.0000e+00 -2.3485e-01 5.3728e+00 
80.0 9.8141e+00 -7.2919e+00 0.0000e+00 0.0000e+00 -7.2919e+00 9.4300e+00 0.0000e+00 0.0000e+00 0.0000e+00 0.0000e+00 4.9142e+00 2.4445e-01 0.0000e+00 0.0000e+00 -2.4445e-01 4.9888e+00 
81.0 9.5570e+00 -7.2136e+00 0.0000e+00 0.0000e+00 -7.2136e+00 9.1736e+00 0.0000e+00 0.0000e+00 0.0000e+00 0.0000e+00 4.5371e+00 2.5330e-01 0.0000e+00 0.0000e+00 -2.5330e-01 4.6179e+00 
82.0 9.3120e+00 -7.1326e+00 0.0000e+00 0.0000e+00 -7.1326e+00 8.9290e+00 0.0000e+00 0.0000e+00 0.0000e+00 0.0000e+00 4.1727e+00 2.6143e-01 0.0000e+00 0.0000e+00 -2.6143e-01 4.2595e+00 
83.0 9.0783e+00 -7.0490e+00 0.0000e+00 0.0000e+00 -7.0490e+00 8.6959e+00 0.0000e+00 0.0000e+00 0.0000e+00 0.0000e+00 3.8204e+00 2.6883e-01 0.0000e+00 0.0000e+00 -2.6883e-01 3.9131e+00 
84.0 8.8557e+00 -6.9630e+00 0.0000e+00 0.0000e+00 -6.9630e+00 8.4738e+00 0.0000e+00 0.0000e+00 0.0000e+00 0.0000e+00 3.4798e+00 2.7553e-01 0.0000e+00 0.0000e+00 -2.7553e-01 3.5784e+00 
85.0 8.6436e+00 -6.8746e+00 0.0000e+00 0.0000e+00 -6.8746e+00 8.2622e+00 0.0000e+00 0.0000e+00 0.0000e+00 0.0000e+00 3.1506e+00 2.8155e-01 0.0000e+00 0.0000e+00 -2.8155e-01 3.2549e+00 
86.0 8.4415e+00 -6.7840e+00 0.0000e+00 0.0000e+00 -6.7840e+00 8.0608e+00 0.0000e+00 0.0000e+00 0.0000e+00 0.0000e+00 2.8322e+00 2.8692e-01 0.0000e+00 0.0000e+00 -2.8692e-01 2.9421e+00 
87.0 8.2492e+00 -6.6913e+00 0.0000e+00 0.0000e+00 -6.6913e+00 7.8690e+00 0.0000e+00 0.0000e+00 0.0000e+00 0.0000e+00 2.5243e+00 2.9170e-01 0.0000e+00 0.0000e+00 -2.9170e-01 2.6398e+00 
88.0 8.0663e+00 -6.5967e+00 0.0000e+00 0.0000e+00 -6.5967e+00 7.6867e+00 0.0000e+00 0.0000e+00 0.0000e+00 0.0000e+00 2.2266e+00 2.9592e-01 0.0000e+00 0.0000e+00 -2.9592e-01 2.3474e+00 
89.0 7.8923e+00 -6.5002e+00 0.0000e+00 0.0000e+00 -6.5002e+00 7.5135e+00 0.0000e+00 0.0000e+00 0.0000e+00 0.0000e+00 1.9386e+00 2.9963e-01 0.0000e+00 0.0000e+00 -2.9963e-01 2.0647e+00 
90.0 7.7270e+00 -6.4021e+00 0.0000e+00 0.0000e+00 -6.4021e+00 7.3489e+00 0.0000e+00 0.0000e+00 0.0000e+00 0.0000e+00 1.6602e+00 3.0289e-01 0.0000e+00 0.0000e+00 -3.0289e-01 1.7913e+00 
91.0 7.5701e+00 -6.3025e+00 0.0000e+00 0.0000e+00 -6.3025e+00 7.1927e+00 0.0000e+00 0.0000e+00 0.0000e+00 0.0000e+00 1.3909e+00 3.0571e-01 0.0000e+00 0.0000e+00 -3.0571e-01 1.5270e+00 
92.0 7.4211e+00 -6.2014e+00 0.0000e+00 0.0000e+00 -6.2014e+00 7.0446e+00 0.0000e+00 0.0000e+00 0.0000e+00 0.0000e+00 1.1305e+00 3.0814e-01 0.0000e+00 0.0000e+00 -3.0814e-01 1.2713e+00 
93.0 7.2799e+00 -6.0991e+00 0.0000e+00 0.0000e+00 -6.0991e+00 6.9043e+00 0.0000e+00 0.0000e+00 0.0000e+00 0.0000e+00 8.7867e-01 3.1021e-01 0.0000e+00 0.0000e+00 -3.1021e-01 1.0241e+00 
94.0 7.1462e+00 -5.9956e+00 0.0000e+00 0.0000e+00 -5.9956e+00 6.7715e+00 0.0000e+00 0.0000e+00 0.0000e+00 0.0000e+00 6.3519e-01 3.1196e-01 0.0000e+00 0.0000e+00 -3.1196e-01 7.8511e-01 
95.0 7.0196e+00 -5.8910e+00 0.0000e+00 0.0000e+00 -5.8910e+00 6.6459e+00 0.0000e+00 0.0000e+00 0.0000e+00 0.0000e+00 3.9975e-01 3.1340e-01 0.0000e+00 0.0000e+00 -3.1340e-01 5.5397e-01 
96.0 6.8999e+00 -5.7856e+00 0.0000e+00 0.0000e+00 -5.7856e+00 6.5272e+00 0.0000e+00 0.0000e+00 0.0000e+00 0.0000e+00 1.7210e-01 3.1458e-01 0.0000e+00 0.0000e+00 -3.1458e-01 3.3048e-01 
97.0 6.7868e+00 -5.6793e+00 0.0000e+00 0.0000e+00 -5.6793e+00 6.4153e+00 0.0000e+00 0.0000e+00 0.0000e+00 0.0000e+00 -4.8005e-02 3.1552e-01 0.0000e+00 0.0000e+00 -3.1552e-01 1.1438e-01 
98.0 6.6802e+00 -5.5723e+00 0.0000e+00 0.0000e+00 -5.5723e+00 6.3098e+00 0.0000e+00 0.0000e+00 0.0000e+00 0.0000e+00 -2.6082e-01 3.1625e-01 0.0000e+00 0.0000e+00 -3.1625e-01 -9.4564e-02 
99.0 6.5797e+00 -5.4647e+00 0.0000e+00 0.0000e+00 -5.4647e+00 6.2105e+00 0.0000e+00 0.0000e+00 0.0000e+00 0.0000e+00 -4.6656e-01 3.1680e-01 0.0000e+00 0.0000e+00 -3.1680e-01 -2.9658e-01 
100.0 6.4851e+00 -5.3567e+00 0.0000e+00 0.0000e+00 -5.3567e+00 6.1171e+00 0.0000e+00 0.0000e+00 0.0000e+00 0.0000e+00 -6.6547e-01 3.1718e-01 0.0000e+00 0.0000e+00 -3.1718e-01 -4.9188e-01 
101.0 6.3963e+00 -5.2483e+00 0.0000e+00 0.0000e+00 -5.2483e+00 6.0295e+00 0.0000e+00 0.0000e+00 0.0000e+00 0.0000e+00 -8.5775e-01 3.1741e-01 0.0000e+00 0.0000e+00 -3.1741e-01 -6.8068e-01 
102.0 6.3128e+00 -5.1396e+00 0.0000e+00 0.0000e+00 -5.1396e+00 5.9474e+00 0.0000e+00 0.0000e+00 0.0000e+00 0.0000e+00 -1.0436e+00 3.1749e-01 0.0000e+00 0.0000e+00 -3.1749e-01 -8.6317e-01 
103.0 6.2347e+00 -5.0308e+00 0.0000e+00 0.0000e+00 -5.0308e+00 5.8705e+00 0.0000e+00 0.0000e+00 0.0000e+00 0.0000e+00 -1.2232e+00 3.1745e-01 0.0000e+00 0.0000e+00 -3.1745e-01 -1.0396e+00 
104.0 6.1616e+00 -4.9219e+00 0.0000e+00 0.0000e+00 -4.9219e+00 5.7987e+00 0.0000e+00 0.0000e+00 0.0000e+00 0.0000e+00 -1.3968e+00 3.1726e-01 0.0000e+00 0.0000e+00 -3.1726e-01 -1.2100e+00 
105.0 6.0933e+00 -4.8130e+00 0.0000e+00 0.0000e+00 -4.8130e+00 5.7318e+00 0.0000e+00 0.0000e+00 0.0000e+00 0.0000e+00 -1.5646e+00 3.1695e-01 0.0000e+00 0.0000e+00 -3.1695e-01 -1.3747e+00 
106.0 6.0297e+00 -4.7042e+00 0.0000e+00 0.0000e+00 -4.7042e+00 5.6695e+00 0.0000e+00 0.0000e+00 0.0000e+00 0.0000e+00 -1.7267e+00 3.1650e-01 0.0000e+00 0.0000e+00 -3.1650e-01 -1.5339e+00 
107.0 5.9706e+00 -4.5956e+00 0.0000e+00 0.0000e+00 -4.5956e+00 5.6117e+00 0.0000e+00 0.0000e+00 0.0000e+00 0.0000e+00 -1.8832e+00 3.1593e-01 0.0000e+00 0.0000e+00 -3.1593e-01 -1.6877e+00 
108.0 5.9157e+00 -4.4873e+00 0.0000e+00 0.0000e+00 -4.4873e+00 5.5581e+00 0.0000e+00 0.0000e+00 0.0000e+00 0.0000e+00 -2.0345e+00 3.1521e-01 0.0000e+00 0.0000e+00 -3.1521e-01 -1.8362e+00 
109.0 5.8648e+00 -4.3793e+00 0.0000e+00 0.0000e+00 -4.3793e+00 5.5087e+00 0.0000e+00 0.0000e+00 0.0000e+00 0.0000e+00 -2.1806e+00 3.1434e-01 0.0000e+00 0.0000e+00 -3.1434e-01 -1.9796e+00 
110.0 5.8179e+00 -4.2717e+00 0.0000e+00 0.0000e+00 -4.2717e+00 5.4631e+00 0.0000e+00 0.0000e+00 0.0000e+00 0.0000e+00 -2.3218e+00 3.1330e-01 0.0000e+00 0.0000e+00 -3.1330e-01 -2.1182e+00 
111.0 5.7747e+00 -4.1645e+00 0.0000e+00 0.0000e+00 -4.1645e+00 5.4212e+00 0.0000e+00 0.0000e+00 0.0000e+00 0.0000e+00 -2.4581e+00 3.1210e-01 0.0000e+00 0.0000e+00 -3.1210e-01 -2.2520e+00 
112.0 5.7351e+00 -4.0579e+00 0.0000e+00 0.0000e+00 -4.0579e+00 5.3829e+00 0.0000e+00 0.0000e+00 0.0000e+00 0.0000e+00 -2.5898e+00 3.1072e-01 0.0000e+00 0.0000e+00 -3.1072e-01 -2.3812e+00 
113.0 5.6989e+00 -3.9518e+00 0.0000e+00 0.0000e+00 -3.9518e+00 5.3479e+00 0.0000e+00 0.0000e+00 0.0000e+00 0.0000e+00 -2.7169e+00 3.0916e-01 0.0000e+00 0.0000e+00 -3.0916e-01 -2.5060e+00 
114.0 5.6660e+00 -3.8464e+00 0.0000e+00 0.0000e+00 -3.8464e+00 5.3162e+00 0.0000e+00 0.0000e+00 0.0000e+00 0.0000e+00 -2.8398e+00 3.0741e-01 0.0000e+00 0.0000e+00 -3.0741e-01 -2.6264e+00 
115.0 5.6361e+00 -3.7417e+00 0.0000e+00 0.0000e+00 -3.7417e+00 5.2876e+00 0.0000e+00 0.0000e+00 0.0000e+00 0.0000e+00 -2.9584e+00 3.0545e-01 0.0000e+00 0.0000e+00 -3.0545e-01 -2.7428e+00 
116.0 5.6093e+00 -3.6377e+00 0.0000e+00 0.0000e+00 -3.6377e+00 5.2619e+00 0.0000e+00 0.0000e+00 0.0000e+00 0.0000e+00 -3.0730e+00 3.0329e-01 0.0000e+00 0.0000e+00 -3.0329e-01 -2.8551e+00 
117.0 5.5853e+00 -3.5345e+00 0.0000e+00 0.0000e+00 -3.5345e+00 5.2390e+00 0.0000e+00 0.0000e+00 0.0000e+00 0.0000e+00 -3.1838e+00 3.0093e-01 0.0000e+00 0.0000e+00 -3.0093e-01 -2.9635e+00 
118.0 5.5640e+00 -3.4321e+00 0.0000e+00 0.0000e+00 -3.4321e+00 5.2188e+00 0.0000e+00 0.0000e+00 0.0000e+00 0.0000e+00 -3.2908e+00 2.9840e-01 0.0000e+00 0.0000e+00 -2.9840e-01 -3.0683e+00 
119.0 5.5454e+00 -3.3306e+00 0.0000e+00 0.0000e+00 -3.3306e+00 5.2012e+00 0.0000e+00 0.0000e+00 0.0000e+00 0.0000e+00 -3.3942e+00 2.9572e-01 0.0000e+00 0.0000e+00 -2.9572e-01 -3.1694e+00 
120.0 5.5293e+00 -3.2300e+00 0.0000e+00 0.0000e+00 -3.2300e+00 5.1860e+00 0.0000e+00 0.0000e+00 0.0000e+00 0.0000e+00 -3.4940e+00 2.9290e-01 0.0000e+00 0.0000e+00 -2.9290e-01 -3.2671e+00 
121.0 5.5156e+00 -3.1304e+00 0.0000e+00 0.0000e+00 -3.1304e+00 5.1732e+00 0.0000e+00 0.0000e+00 0.0000e+00 0.0000e+00 -3.5905e+00 2.8995e-01 0.0000e+00 0.0000e+00 -2.8995e-01 -3.3614e+00 
122.0 5.5041e+00 -3.0319e+00 0.0000e+00 0.0000e+00 -3.0319e+00 5.1626e+00 0.0000e+00 0.0000e+00 0.0000e+00 0.0000e+00 -3.6837e+00 2.8687e-01 0.0000e+00 0.0000e+00 -2.8687e-01 -3.4525e+00 
123.0 5.4948e+00 -2.9344e+00 0.0000e+00 0.0000e+00 -2.9344e+00 5.1541e+00 0.0000e+00 0.0000e+00 0.0000e+00 0.0000e+00 -3.7738e+00 2.8367e-01 0.0000e+00 0.0000e+00 -2.8367e-01 -3.5404e+00 
124.0 5.4876e+00 -2.8379e+00 0.0000e+00 0.0000e+00 -2.8379e+00 5.1477e+00 0.0000e+00 0.0000e+00 0.0000e+00 0.0000e+00 -3.8607e+00 2.8038e-01 0.0000e+00 0.0000e+00 -2.8038e-01 -3.6254e+00 
125.0 5.4823e+00 -2.7427e+00 0.0000e+00 0.0000e+00 -2.7427e+00 5.1432e+00 0.0000e+00 0.0000e+00 0.0000e+00 0.0000e+00 -3.9448e+00 2.7701e-01 0.0000e+00 0.0000e+00 -2.7701e-01 -3.7073e+00 
126.0 5.4790e+00 -2.6486e+00 0.0000e+00 0.0000e+00 -2.6486e+00 5.1406e+00 0.0000e+00 0.0000e+00 0.0000e+00 0.0000e+00 -4.0259e+00 2.7356e-01 0.0000e+00 0.0000e+00 -2.7356e-01 -3.7865e+00 
127.0 5.4774e+00 -2.5557e+00 0.0000e+00 0.0000e+00 -2.5557e+00 5.1397e+00 0.0000e+00 0.0000e+00 0.0000e+00 0.0000e+00 -4.1042e+00 2.7003e-01 0.0000e+00 0.0000e+00 -2.7003e-01 -3.8628e+00 
128.0 5.4774e+00 -2.4640e+00 0.0000e+00 0.0000e+00 -2.4640e+00 5.1404e+00 0.0000e+00 0.0000e+00 0.0000e+00 0.0000e+00 -4.1799e+00 2.6643e-01 0.0000e+00 0.0000e+00 -2.6643e-01 -3.9366e+00 
129.0 5.4791e+00 -2.3737e+00 0.0000e+00 0.0000e+00 -2.3737e+00 5.1426e+00 0.0000e+00 0.0000e+00 0.0000e+00 0.0000e+00 -4.2530e+00 2.6277e-01 0.0000e+00 0.0000e+00 -2.6277e-01 -4.0078e+00 
130.0 5.4822e+00 -2.2846e+00 0.0000e+00 0.0000e+00 -2.2846e+00 5.1463e+00 0.0000e+00 0.0000e+00 0.0000e+00 0.0000e+00 -4.3236e+00 2.5906e-01 0.0000e+00 0.0000e+00 -2.5906e-01 -4.0765e+00 
131.0 5.4868e+00 -2.1970e+00 0.0000e+00 0.0000e+00 -2.1970e+00 5.1514e+00 0.0000e+00 0.0000e+00 0.0000e+00 0.0000e+00 -4.3918e+00 2.5533e-01 0.0000e+00 0.0000e+00 -2.5533e-01 -4.1429e+00 
132.0 5.4927e+00 -2.1107e+00 0.0000e+00 0.0000e+00 -2.1107e+00 5.1578e+00 0.0000e+00 0.0000e+00 0.0000e+00 0.0000e+00 -4.4576e+00 2.5158e-01 0.0000e+00 0.0000e+00 -2.5158e-01 -4.2069e+00 
133.0 5.4998e+00 -2.0259e+00 0.0000e+00 0.0000e+00 -2.0259e+00 5.1655e+00 0.0000e+00 0.0000e+00 0.0000e+00 0.0000e+00 -4.5211e+00 2.4784e-01 0.0000e+00 0.0000e+00 -2.4784e-01 -4.2687e+00 
134.0 5.5081e+00 -1.9427e+00 0.0000e+00 0.0000e+00 -1.9427e+00 5.1744e+00 0.0000e+00 0.0000e+00 0.0000e+00 0.0000e+00 -4.5823e+00 2.4408e-01 0.0000e+00 0.0000e+00 -2.4408e-01 -4.3283e+00 
135.0 5.5174e+00 -1.8609e+00 0.0000e+00 0.0000e+00 -1.8609e+00 5.1843e+00 0.0000e+00 0.0000e+00 0.0000e+00 0.0000e+00 -4.6414e+00 2.4024e-01 0.0000e+00 0.0000e+00 -2.4024e-01 -4.3858e+00 
136.0 5.5276e+00 -1.7808e+00 0.0000e+00 0.0000e+00 -1.7808e+00 5.1951e+00 0.0000e+00 0.0000e+00 0.0000e+00 0.0000e+00 -4.6983e+00 2.3629e-01 0.0000e+00 0.0000e+00 -2.3629e-01 -4.4413e+00 
137.0 5.5386e+00 -1.7022e+00 0.0000e+00 0.0000e+00 -1.7022e+00 5.2068e+00 0.0000e+00 0.0000e+00 0.0000e+00 0.0000e+00 -4.7532e+00 2.3227e-01 0.0000e+00 0.0000e+00 -2.3227e-01 -4.4949e+00 
138.0 5.5504e+00 -1.6251e+00 0.0000e+00 0.0000e+00 -1.6251e+00 5.2194e+00 0.0000e+00 0.0000e+00 0.0000e+00 0.0000e+00 -4.8061e+00 2.2819e-01 0.0000e+00 0.0000e+00 -2.2819e-01 -4.5466e+00 
139.0 5.5628e+00 -1.5497e+00 0.0000e+00 0.0000e+00 -1.5497e+00 5.2328e+00 0.0000e+00 0.0000e+00 0.0000e+00 0.0000e+00 -4.8570e+00 2.2404e-01 0.0000e+00 0.0000e+00 -2.2404e-01 -4.5965e+00 
140.0 5.5757e+00 -1.4760e+00 0.0000e+00 0.0000e+00 -1.4760e+00 5.2468e+00 0.0000e+00 0.0000e+00 0.0000e+00 0.0000e+00 -4.9060e+00 2.1975e-01 0.0000e+00 0.0000e+00 -2.1975e-01 -4.6447e+00 
141.0 5.5890e+00 -1.4040e+00 0.0000e+00 0.0000e+00 -1.4040e+00 5.2613e+00 0.0000e+00 0.0000e+00 0.0000e+00 0.0000e+00 -4.9533e+00 2.1525e-01 0.0000e+00 0.0000e+00 -2.1525e-01 -4.6913e+00 
142.0 5.6025e+00 -1.3336e+00 0.0000e+00 0.0000e+00 -1.3336e+00 5.2762e+00 0.0000e+00 0.0000e+00 0.0000e+00 0.0000e+00 -4.9988e+00 2.1055e-01 0.0000e+00 0.0000e+00 -2.1055e-01 -4.7362e+00 
143.0 5.6164e+00 -1.2649e+00 0.0000e+00 0.0000e+00 -1.2649e+00 5.2915e+00 0.0000e+00 0.0000e+00 0.0000e+00 0.0000e+00 -5.0425e+00 2.0572e-01 0.0000e+00 0.0000e+00 -2.0572e-01 -4.7797e+00 
144.0 5.6305e+00 -1.1979e+00 0.0000e+00 0.0000e+00 -1.1979e+00 5.3073e+00 0.0000e+00 0.0000e+00 0.0000e+00 0.0000e+00 -5.0846e+00 2.0079e-01 0.0000e+00 0.0000e+00 -2.0079e-01 -4.8215e+00 
145.0 5.6448e+00 -1.1325e+00 0.0000e+00 0.0000e+00 -1.1325e+00 5.3234e+00 0.0000e+00 0.0000e+00 0.0000e+00 0.0000e+00 -5.1249e+00 1.9576e-01 0.0000e+00 0.0000e+00 -1.9576e-01 -4.8619e+00 
146.0 5.6592e+00 -1.0689e+00 0.0000e+00 0.0000e+00 -1.0689e+00 5.3398e+00 0.0000e+00 0.0000e+00 0.0000e+00 0.0000e+00 -5.1636e+00 1.9056e-01 0.0000e+00 0.0000e+00 -1.9056e-01 -4.9008e+00 
147.0 5.6736e+00 -1.0069e+00 0.0000e+00 0.0000e+00 -1.0069e+00 5.3564e+00 0.0000e+00 0.0000e+00 0.0000e+00 0.0000e+00 -5.2007e+00 1.8515e-01 0.0000e+00 0.0000e+00 -1.8515e-01 -4.9384e+00 
148.0 5.6880e+00 -9.4661e-01 0.0000e+00 0.0000e+00 -9.4661e-01 5.3730e+00 0.0000e+00 0.0000e+00 0.0000e+00 0.0000e+00 -5.2363e+00 1.7953e-01 0.0000e+00 0.0000e+00 -1.7953e-01 -4.9746e+00 
149.0 5.7022e+00 -8.8791e-01 0.0000e+00 0.0000e+00 -8.8791e-01 5.3896e+00 0.0000e+00 0.0000e+00 0.0000e+00 0.0000e+00 -5.2705e+00 1.7371e-01 0.0000e+00 0.0000e+00 -1.7371e-01 -5.0096e+00 
150.0 5.7163e+00 -8.3087e-01 0.0000e+00 0.0000e+00 -8.3087e-01 5.4062e+00 0.0000e+00 0.0000e+00 0.0000e+00 0.0000e+00 -5.3034e+00 1.6772e-01 0.0000e+00 0.0000e+00 -1.6772e-01 -5.0434e+00 
151.0 5.7304e+00 -7.7548e-01 0.0000e+00 0.0000e+00 -7.7548e-01 5.4229e+00 0.0000e+00 0.0000e+00 0.0000e+00 0.0000e+00 -5.3349e+00 1.6160e-01 0.0000e+00 0.0000e+00 -1.6160e-01 -5.0758e+00 
152.0 5.7445e+00 -7.2175e-01 0.0000e+00 0.0000e+00 -7.2175e-01 5.4395e+00 0.0000e+00 0.0000e+00 0.0000e+00 0.0000e+00 -5.3651e+00 1.5536e-01 0.0000e+00 0.0000e+00 -1.5536e-01 -5.1071e+00 
153.0 5.7585e+00 -6.6969e-01 0.0000e+00 0.0000e+00 -6.6969e-01 5.4561e+00 0.0000e+00 0.0000e+00 0.0000e+00 0.0000e+00 -5.3940e+00 1.4894e-01 0.0000e+00 0.0000e+00 -1.4894e-01 -5.1370e+00 
154.0 5.7724e+00 -6.1929e-01 0.0000e+00 0.0000e+00 -6.1929e-01 5.4724e+00 0.0000e+00 0.0000e+00 0.0000e+00 0.0000e+00 -5.4217e+00 1.4227e-01 0.0000e+00 0.0000e+00 -1.4227e-01 -5.1657e+00 
155.0 5.7863e+00 -5.7054e-01 0.0000e+00 0.0000e+00 -5.7054e-01 5.4885e+00 0.0000e+00 0.0000e+00 0.0000e+00 0.0000e+00 -5.4482e+00 1.3543e-01 0.0000e+00 0.0000e+00 -1.3543e-01 -5.1931e+00 
156.0 5.8003e+00 -5.2344e-01 0.0000e+00 0.0000e+00 -5.2344e-01 5.5047e+00 0.0000e+00 0.0000e+00 0.0000e+00 0.0000e+00 -5.4735e+00 1.2865e-01 0.0000e+00 0.0000e+00 -1.2865e-01 -5.2194e+00 
157.0 5.8147e+00 -4.7802e-01 0.0000e+00 0.0000e+00 -4.7802e-01 5.5212e+00 0.0000e+00 0.0000e+00 0.0000e+00 0.0000e+00 -5.4976e+00 1.2214e-01 0.0000e+00 0.0000e+00 -1.2214e-01 -5.2444e+00 
158.0 5.8293e+00 -4.3436e-01 0.0000e+00 0.0000e+00 -4.3436e-01 5.5379e+00 0.0000e+00 0.0000e+00 0.0000e+00 0.0000e+00 -5.5206e+00 1.1581e-01 0.0000e+00 0.0000e+00 -1.1581e-01 -5.2683e+00 
159.0 5.8437e+00 -3.9252e-01 0.0000e+00 0.0000e+00 -3.9252e-01 5.5544e+00 0.0000e+00 0.0000e+00 0.0000e+00 0.0000e+00 -5.5424e+00 1.0941e-01 0.0000e+00 0.0000e+00 -1.0941e-01 -5.2911e+00 
160.0 5.8580e+00 -3.5249e-01 0.0000e+00 0.0000e+00 -3.5249e-01 5.5707e+00 0.0000e+00 0.0000e+00 0.0000e+00 0.0000e+00 -5.5632e+00 1.0279e-01 0.0000e+00 0.0000e+00 -1.0279e-01 -5.3128e+00 
161.0 5.8723e+00 -3.1423e-01 0.0000e+00 0.0000e+00 -3.1423e-01 5.5868e+00 0.0000e+00 0.0000e+00 0.0000e+00 0.0000e+00 -5.5831e+00 9.6106e-02 0.0000e+00 0.0000e+00 -9.6106e-02 -5.3336e+00 
162.0 5.8871e+00 -2.7772e-01 0.0000e+00 0.0000e+00 -2.7772e-01 5.6034e+00 0.0000e+00 0.0000e+00 0.0000e+00 0.0000e+00 -5.6018e+00 8.9697e-02 0.0000e+00 0.0000e+00 -8.9697e-02 -5.3531e+00 
163.0 5.9025e+00 -2.4298e-01 0.0000e+00 0.0000e+00 -2.4298e-01 5.6208e+00 0.0000e+00 0.0000e+00 0.0000e+00 0.0000e+00 -5.6191e+00 8.3633e-02 0.0000e+00 0.0000e+00 -8.3633e-02 -5.3714e+00 
164.0 5.9180e+00 -2.1008e-01 0.0000e+00 0.0000e+00 -2.1008e-01 5.6385e+00 0.0000e+00 0.0000e+00 0.0000e+00 0.0000e+00 -5.6350e+00 7.7564e-02 0.0000e+00 0.0000e+00 -7.7564e-02 -5.3885e+00 
165.0 5.9331e+00 -1.7902e-01 0.0000e+00 0.0000e+00 -1.7902e-01 5.6561e+00 0.0000e+00 0.0000e+00 0.0000e+00 0.0000e+00 -5.6496e+00 7.1066e-02 0.0000e+00 0.0000e+00 -7.1066e-02 -5.4048e+00 
166.0 5.9477e+00 -1.4984e-01 0.0000e+00 0.0000e+00 -1.4984e-01 5.6732e+00 0.0000e+00 0.0000e+00 0.0000e+00 0.0000e+00 -5.6633e+00 6.3861e-02 0.0000e+00 0.0000e+00 -6.3861e-02 -5.4205e+00 
167.0 5.9617e+00 -1.2274e-01 0.0000e+00 0.0000e+00 -1.2274e-01 5.6898e+00 0.0000e+00 0.0000e+00 0.0000e+00 0.0000e+00 -5.6764e+00 5.5674e-02 0.0000e+00 0.0000e+00 -5.5674e-02 -5.4359e+00 
168.0 5.9748e+00 -9.8087e-02 0.0000e+00 0.0000e+00 -9.8087e-02 5.7051e+00 0.0000e+00 0.0000e+00 0.0000e+00 0.0000e+00 -5.6891e+00 4.6216e-02 0.0000e+00 0.0000e+00 -4.6216e-02 -5.4506e+00 
169.0 5.9875e+00 -7.6224e-02 0.0000e+00 0.0000e+00 -7.6224e-02 5.7190e+00 0.0000e+00 0.0000e+00 0.0000e+00 0.0000e+00 -5.7019e+00 3.5276e-02 0.0000e+00 0.0000e+00 -3.5276e-02 -5.4645e+00 
170.0 6.0007e+00 -5.7310e-02 0.0000e+00 0.0000e+00 -5.7310e-02 5.7315e+00 0.0000e+00 0.0000e+00 0.0000e+00 0.0000e+00 -5.7151e+00 2.2679e-02 0.0000e+00 0.0000e+00 -2.2679e-02 -5.4767e+00 
171.0 6.0153e+00 -4.1384e-02 0.0000e+00 0.0000e+00 -4.1384e-02 5.7424e+00 0.0000e+00 0.0000e+00 0.0000e+00 0.0000e+00 -5.7295e+00 8.2082e-03 0.0000e+00 0.0000e+00 -8.2082e-03 -5.4865e+00 
172.0 6.0326e+00 -2.8633e-02 0.0000e+00 0.0000e+00 -2.8633e-02 5.7512e+00 0.0000e+00 0.0000e+00 0.0000e+00 0.0000e+00 -5.7460e+00 -8.4436e-03 0.0000e+00 0.0000e+00 8.4436e-03 -5.4929e+00 
173.0 6.0545e+00 -1.9495e-02 0.0000e+00 0.0000e+00 -1.9495e-02 5.7575e+00 0.0000e+00 0.0000e+00 0.0000e+00 0.0000e+00 -5.7665e+00 -2.6847e-02 0.0000e+00 0.0000e+00 2.6847e-02 -5.4947e+00 
174.0 6.0851e+00 -1.4099e-02 0.0000e+00 0.0000e+00 -1.4099e-02 5.7629e+00 0.0000e+00 0.0000e+00 0.0000e+00 0.0000e+00 -5.7930e+00 -4.3960e-02 0.0000e+00 0.0000e+00 4.3960e-02 -5.4913e+00 
175.0 6.1308e+00 -1.1408e-02 0.0000e+00 0.0000e+00 -1.1408e-02 5.7721e+00 0.0000e+00 0.0000e+00 0.0000e+00 0.0000e+00 -5.8268e+00 -5.3580e-02 0.0000e+00 0.0000e+00 5.3580e-02 -5.4826e+00 
176.0 6.1951e+00 -9.2192e-03 0.0000e+00 0.0000e+00 -9.2192e-03 5.7906e+00 0.0000e+00 0.0000e+00 0.0000e+00 0.0000e+00 -5.8672e+00 -4.9514e-02 0.0000e+00 0.0000e+00 4.9514e-02 -5.4704e+00 
177.0 6.2714e+00 -5.8081e-03 0.0000e+00 0.0000e+00 -5.8081e-03 5.8187e+00 0.0000e+00 0.0000e+00 0.0000e+00 0.0000e+00 -5.9087e+00 -3.1594e-02 0.0000e+00 0.0000e+00 3.1594e-02 -5.4579e+00 
178.0 6.3372e+00 -1.8577e-03 0.0000e+00 0.0000e+00 -1.8577e-03 5.8468e+00 0.0000e+00 0.0000e+00 0.0000e+00 0.0000e+00 -5.9413e+00 -9.8853e-03 0.0000e+00 0.0000e+00 9.8853e-03 -5.4484e+00 
179.0 6.3639e+00 -3.1653e-20 0.0000e+00 0.0000e+00 -3.1653e-20 5.8589e+00 0.0000e+00 0.0000e+00 0.0000e+00 0.0000e+00 -5.9538e+00 -1.4979e-19 0.0000e+00 0.0000e+00 1.4979e-19 -5.4448e+00 
180.0 6.3926e+00 0.0000e+00 0.0000e+00 0.0000e+00 0.0000e+00 5.8709e+00 0.0000e+00 0.0000e+00 0.0000e+00 0.0000e+00 -5.9663e+00 0.0000e+00 0.0000e+00 0.0000e+00 -0.0000e+00 -5.4414e+00 
