1.1582 1.4340 0.2758 0.110741
theta s11 s12 s13 s14 s21 s22 s23 s24 s31 s32 s33 s34 s41 s42 s43 s44
0.0 1.3830e+03 0.0000e+00 0.0000e+00 0.0000e+00 0.0000e+00 1.3822e+03 0.0000e+00 0.0000e+00 0.0000e+00 0.0000e+00 1.3822e+03 0.0000e+00 0.0000e+00 0.0000e+00 -0.0000e+00 1.3815e+03 
1.0 1.2081e+03 -6.8674e-02 0.0000e+00 0.0000e+00 -6.8674e-02 1.2074e+03 0.0000e+00 0.0000e+00 0.0000e+00 0.0000e+00 1.2074e+03 -6.0854e-01 0.0000e+00 0.0000e+00 6.0854e-01 1.2067e+03 
2.0 8.9887e+02 -1.4933e-01 0.0000e+00 0.0000e+00 -1.4933e-01 8.9817e+02 0.0000e+00 0.0000e+00 0.0000e+00 0.0000e+00 8.9816e+02 -2.0156e+00 0.0000e+00 0.0000e+00 2.0156e+00 8.9746e+02 
3.0 6.4869e+02 -1.6672e-01 0.0000e+00 0.0000e+00 -1.6672e-01 6.4800e+02 0.0000e+00 0.0000e+00 0.0000e+00 0.0000e+00 6.4797e+02 -3.4366e+00 0.0000e+00 0.0000e+00 3.4366e+00 6.4730e+02 
4.0 4.7792e+02 -1.5591e-01 0.0000e+00 0.0000e+00 -1.5591e-01 4.7725e+02 0.0000e+00 0.0000e+00 0.0000e+00 0.0000e+00 4.7719e+02 -4.4369e+00 0.0000e+00 0.0000e+00 4.4369e+00 4.7655e+02 
5.0 3.6369e+02 -1.4459e-01 0.0000e+00 0.0000e+00 -1.4459e-01 3.6306e+02 0.0000e+00 0.0000e+00 0.0000e+00 0.0000e+00 3.6295e+02 -5.0220e+00 0.0000e+00 0.0000e+00 5.0220e+00 3.6235e+02 
6.0 2.8504e+02 -1.4141e-01 0.0000e+00 0.0000e+00 -1.4141e-01 2.8442e+02 0.0000e+00 0.0000e+00 0.0000e+00 0.0000e+00 2.8428e+02 -5.3207e+00 0.0000e+00 0.0000e+00 5.3207e+00 2.8371e+02 
7.0 2.2869e+02 -1.4933e-01 0.0000e+00 0.0000e+00 -1.4933e-01 2.2810e+02 0.0000e+00 0.0000e+00 0.0000e+00 0.0000e+00 2.2792e+02 -5.4191e+00 0.0000e+00 0.0000e+00 5.4191e+00 2.2738e+02 
8.0 1.8694e+02 -1.6851e-01 0.0000e+00 0.0000e+00 -1.6851e-01 1.8637e+02 0.0000e+00 0.0000e+00 0.0000e+00 0.0000e+00 1.8615e+02 -5.3706e+00 0.0000e+00 0.0000e+00 5.3706e+00 1.8565e+02 
9.0 1.5521e+02 -1.9719e-01 0.0000e+00 0.0000e+00 -1.9719e-01 1.5465e+02 0.0000e+00 0.0000e+00 0.0000e+00 0.0000e+00 1.5439e+02 -5.2148e+00 0.0000e+00 0.0000e+00 5.2148e+00 1.5392e+02 
10.0 1.3063e+02 -2.3269e-01 0.0000e+00 0.0000e+00 -2.3269e-01 1.3009e+02 0.0000e+00 0.0000e+00 0.0000e+00 0.0000e+00 1.2979e+02 -4.9821e+00 0.0000e+00 0.0000e+00 4.9821e+00 1.2935e+02 
11.0 1.1133e+02 -2.7210e-01 0.0000e+00 0.0000e+00 -2.7210e-01 1.1080e+02 0.0000e+00 0.0000e+00 0.0000e+00 0.0000e+00 1.1047e+02 -4.6993e+00 0.0000e+00 0.0000e+00 4.6993e+00 1.1005e+02 
12.0 9.5995e+01 -3.1335e-01 0.0000e+00 0.0000e+00 -3.1335e-01 9.5476e+01 0.0000e+00 0.0000e+00 0.0000e+00 0.0000e+00 9.5118e+01 -4.3896e+00 0.0000e+00 0.0000e+00 4.3896e+00 9.4728e+01 
13.0 8.3694e+01 -3.5563e-01 0.0000e+00 0.0000e+00 -3.5563e-01 8.3183e+01 0.0000e+00 0.0000e+00 0.0000e+00 0.0000e+00 8.2799e+01 -4.0690e+00 0.0000e+00 0.0000e+00 4.0690e+00 8.2432e+01 
14.0 7.3721e+01 -3.9451e-01 0.0000e+00 0.0000e+00 -3.9451e-01 7.3217e+01 0.0000e+00 0.0000e+00 0.0000e+00 0.0000e+00 7.2811e+01 -3.7567e+00 0.0000e+00 0.0000e+00 3.7567e+00 7.2466e+01 
15.0 6.5556e+01 -4.3256e-01 0.0000e+00 0.0000e+00 -4.3256e-01 6.5059e+01 0.0000e+00 0.0000e+00 0.0000e+00 0.0000e+00 6.4635e+01 -3.4521e+00 0.0000e+00 0.0000e+00 3.4521e+00 6.4309e+01 
16.0 5.8803e+01 -4.6864e-01 0.0000e+00 0.0000e+00 -4.6864e-01 5.8312e+01 0.0000e+00 0.0000e+00 0.0000e+00 0.0000e+00 5.7872e+01 -3.1618e+00 0.0000e+00 0.0000e+00 3.1618e+00 5.7564e+01 
17.0 5.3167e+01 -5.0282e-01 0.0000e+00 0.0000e+00 -5.0282e-01 5.2680e+01 0.0000e+00 0.0000e+00 0.0000e+00 0.0000e+00 5.2227e+01 -2.8894e+00 0.0000e+00 0.0000e+00 2.8894e+00 5.1937e+01 
18.0 4.8421e+01 -5.3524e-01 0.0000e+00 0.0000e+00 -5.3524e-01 4.7938e+01 0.0000e+00 0.0000e+00 0.0000e+00 0.0000e+00 4.7474e+01 -2.6373e+00 0.0000e+00 0.0000e+00 2.6373e+00 4.7200e+01 
19.0 4.4387e+01 -5.6612e-01 0.0000e+00 0.0000e+00 -5.6612e-01 4.3907e+01 0.0000e+00 0.0000e+00 0.0000e+00 0.0000e+00 4.3595e+01 -2.4061e+00 0.0000e+00 0.0000e+00 2.4061e+00 4.3340e+01 
20.0 4.0925e+01 -5.9556e-01 0.0000e+00 0.0000e+00 -5.9556e-01 4.0448e+01 0.0000e+00 0.0000e+00 0.0000e+00 0.0000e+00 4.0264e+01 -2.1959e+00 0.0000e+00 0.0000e+00 2.1959e+00 4.0027e+01 
21.0 3.7926e+01 -6.2361e-01 0.0000e+00 0.0000e+00 -6.2361e-01 3.7450e+01 0.0000e+00 0.0000e+00 0.0000e+00 0.0000e+00 3.7378e+01 -2.0063e+00 0.0000e+00 0.0000e+00 2.0063e+00 3.7156e+01 
22.0 3.5300e+01 -6.5034e-01 0.0000e+00 0.0000e+00 -6.5034e-01 3.4827e+01 0.0000e+00 0.0000e+00 0.0000e+00 0.0000e+00 3.4851e+01 -1.8360e+00 0.0000e+00 0.0000e+00 1.8360e+00 3.4642e+01 
23.0 3.2981e+01 -6.7596e-01 0.0000e+00 0.0000e+00 -6.7596e-01 3.2511e+01 0.0000e+00 0.0000e+00 0.0000e+00 0.0000e+00 3.2618e+01 -1.6828e+00 0.0000e+00 0.0000e+00 1.6828e+00 3.2420e+01 
24.0 3.0916e+01 -7.0079e-01 0.0000e+00 0.0000e+00 -7.0079e-01 3.0448e+01 0.0000e+00 0.0000e+00 0.0000e+00 0.0000e+00 3.0629e+01 -1.5444e+00 0.0000e+00 0.0000e+00 1.5444e+00 3.0441e+01 
25.0 2.9066e+01 -7.2516e-01 0.0000e+00 0.0000e+00 -7.2516e-01 2.8600e+01 0.0000e+00 0.0000e+00 0.0000e+00 0.0000e+00 2.8845e+01 -1.4187e+00 0.0000e+00 0.0000e+00 1.4187e+00 2.8667e+01 
26.0 2.7397e+01 -7.4926e-01 0.0000e+00 0.0000e+00 -7.4926e-01 2.6933e+01 0.0000e+00 0.0000e+00 0.0000e+00 0.0000e+00 2.7236e+01 -1.3042e+00 0.0000e+00 0.0000e+00 1.3042e+00 2.7067e+01 
27.0 2.5884e+01 -7.7314e-01 0.0000e+00 0.0000e+00 -7.7314e-01 2.5422e+01 0.0000e+00 0.0000e+00 0.0000e+00 0.0000e+00 2.5777e+01 -1.2000e+00 0.0000e+00 0.0000e+00 1.2000e+00 2.5615e+01 
28.0 2.4502e+01 -7.9678e-01 0.0000e+00 0.0000e+00 -7.9678e-01 2.4042e+01 0.0000e+00 0.0000e+00 0.0000e+00 0.0000e+00 2.4443e+01 -1.1051e+00 0.0000e+00 0.0000e+00 1.1051e+00 2.4288e+01 
29.0 2.3233e+01 -8.2013e-01 0.0000e+00 0.0000e+00 -8.2013e-01 2.2775e+01 0.0000e+00 0.0000e+00 0.0000e+00 0.0000e+00 2.3217e+01 -1.0186e+00 0.0000e+00 0.0000e+00 1.0186e+00 2.3069e+01 
30.0 2.2060e+01 -8.4315e-01 0.0000e+00 0.0000e+00 -8.4315e-01 2.1605e+01 0.0000e+00 0.0000e+00 0.0000e+00 0.0000e+00 2.2084e+01 -9.3975e-01 0.0000e+00 0.0000e+00 9.3975e-01 2.1941e+01 
31.0 2.0971e+01 -8.6574e-01 0.0000e+00 0.0000e+00 -8.6574e-01 2.0518e+01 0.0000e+00 0.0000e+00 0.0000e+00 0.0000e+00 2.0926e+01 -8.6768e-01 0.0000e+00 0.0000e+00 8.6768e-01 2.0793e+01 
32.0 1.9956e+01 -8.8775e-01 0.0000e+00 0.0000e+00 -8.8775e-01 1.9504e+01 0.0000e+00 0.0000e+00 0.0000e+00 0.0000e+00 1.9850e+01 -8.0188e-01 0.0000e+00 0.0000e+00 8.0188e-01 1.9725e+01 
33.0 1.9005e+01 -9.0903e-01 0.0000e+00 0.0000e+00 -9.0903e-01 1.8555e+01 0.0000e+00 0.0000e+00 0.0000e+00 0.0000e+00 1.8844e+01 -7.4178e-01 0.0000e+00 0.0000e+00 7.4178e-01 1.8728e+01 
34.0 1.8113e+01 -9.2947e-01 0.0000e+00 0.0000e+00 -9.2947e-01 1.7664e+01 0.0000e+00 0.0000e+00 0.0000e+00 0.0000e+00 1.7902e+01 -6.8677e-01 0.0000e+00 0.0000e+00 6.8677e-01 1.7794e+01 
35.0 1.7274e+01 -9.4903e-01 0.0000e+00 0.0000e+00 -9.4903e-01 1.6827e+01 0.0000e+00 0.0000e+00 0.0000e+00 0.0000e+00 1.7017e+01 -6.3623e-01 0.0000e+00 0.0000e+00 6.3623e-01 1.6916e+01 
36.0 1.6484e+01 -9.6781e-01 0.0000e+00 0.0000e+00 -9.6781e-01 1.6039e+01 0.0000e+00 0.0000e+00 0.0000e+00 0.0000e+00 1.6183e+01 -5.8948e-01 0.0000e+00 0.0000e+00 5.8948e-01 1.6090e+01 
37.0 1.5740e+01 -9.8598e-01 0.0000e+00 0.0000e+00 -9.8598e-01 1.5296e+01 0.0000e+00 0.0000e+00 0.0000e+00 0.0000e+00 1.5398e+01 -5.4598e-01 0.0000e+00 0.0000e+00 5.4598e-01 1.5312e+01 
38.0 1.5038e+01 -1.0037e+00 0.0000e+00 0.0000e+00 -1.0037e+00 1.4596e+01 0.0000e+00 0.0000e+00 0.0000e+00 0.0000e+00 1.4656e+01 -5.0533e-01 0.0000e+00 0.0000e+00 5.0533e-01 1.4577e+01 
39.0 1.4377e+01 -1.0211e+00 0.0000e+00 0.0000e+00 -1.0211e+00 1.3937e+01 0.0000e+00 0.0000e+00 0.0000e+00 0.0000e+00 1.3956e+01 -4.6730e-01 0.0000e+00 0.0000e+00 4.6730e-01 1.3884e+01 
40.0 1.3754e+01 -1.0381e+00 0.0000e+00 0.0000e+00 -1.0381e+00 1.3315e+01 0.0000e+00 0.0000e+00 0.0000e+00 0.0000e+00 1.3294e+01 -4.3169e-01 0.0000e+00 0.0000e+00 4.3169e-01 1.3228e+01 
41.0 1.3164e+01 -1.0546e+00 0.0000e+00 0.0000e+00 -1.0546e+00 1.2727e+01 0.0000e+00 0.0000e+00 0.0000e+00 0.0000e+00 1.2667e+01 -3.9837e-01 0.0000e+00 0.0000e+00 3.9837e-01 1.2608e+01 
42.0 1.2607e+01 -1.0705e+00 0.0000e+00 0.0000e+00 -1.0705e+00 1.2172e+01 0.0000e+00 0.0000e+00 0.0000e+00 0.0000e+00 1.2073e+01 -3.6716e-01 0.0000e+00 0.0000e+00 3.6716e-01 1.2020e+01 
43.0 1.2079e+01 -1.0857e+00 0.0000e+00 0.0000e+00 -1.0857e+00 1.1645e+01 0.0000e+00 0.0000e+00 0.0000e+00 0.0000e+00 1.1510e+01 -3.3784e-01 0.0000e+00 0.0000e+00 3.3784e-01 1.1462e+01 
44.0 1.1577e+01 -1.1002e+00 0.0000e+00 0.0000e+00 -1.1002e+00 1.1145e+01 0.0000e+00 0.0000e+00 0.0000e+00 0.0000e+00 1.0974e+01 -3.1017e-01 0.0000e+00 0.0000e+00 3.1017e-01 1.0932e+01 
45.0 1.1101e+01 -1.1139e+00 0.0000e+00 0.0000e+00 -1.1139e+00 1.0670e+01 0.0000e+00 0.0000e+00 0.0000e+00 0.0000e+00 1.0464e+01 -2.8390e-01 0.0000e+00 0.0000e+00 2.8390e-01 1.0428e+01 
46.0 1.0648e+01 -1.1268e+00 0.0000e+00 0.0000e+00 -1.1268e+00 1.0218e+01 0.0000e+00 0.0000e+00 0.0000e+00 0.0000e+00 9.9790e+00 -2.5879e-01 0.0000e+00 0.0000e+00 2.5879e-01 9.9485e+00 
47.0 1.0217e+01 -1.1389e+00 0.0000e+00 0.0000e+00 -1.1389e+00 9.7885e+00 0.0000e+00 0.0000e+00 0.0000e+00 0.0000e+00 9.5167e+00 -2.3465e-01 0.0000e+00 0.0000e+00 2.3465e-01 9.4916e+00 
48.0 9.8064e+00 -1.1504e+00 0.0000e+00 0.0000e+00 -1.1504e+00 9.3796e+00 0.0000e+00 0.0000e+00 0.0000e+00 0.0000e+00 9.0760e+00 -2.1135e-01 0.0000e+00 0.0000e+00 2.1135e-01 9.0562e+00 
49.0 9.4160e+00 -1.1611e+00 0.0000e+00 0.0000e+00 -1.1611e+00 8.9905e+00 0.0000e+00 0.0000e+00 0.0000e+00 0.0000e+00 8.6559e+00 -1.8878e-01 0.0000e+00 0.0000e+00 1.8878e-01 8.6412e+00 
50.0 9.0445e+00 -1.1711e+00 0.0000e+00 0.0000e+00 -1.1711e+00 8.6202e+00 0.0000e+00 0.0000e+00 0.0000e+00 0.0000e+00 8.2553e+00 -1.6684e-01 0.0000e+00 0.0000e+00 1.6684e-01 8.2457e+00 
51.0 8.6910e+00 -1.1806e+00 0.0000e+00 0.0000e+00 -1.1806e+00 8.2678e+00 0.0000e+00 0.0000e+00 0.0000e+00 0.0000e+00 7.8731e+00 -1.4545e-01 0.0000e+00 0.0000e+00 1.4545e-01 7.8685e+00 
52.0 8.3547e+00 -1.1894e+00 0.0000e+00 0.0000e+00 -1.1894e+00 7.9326e+00 0.0000e+00 0.0000e+00 0.0000e+00 0.0000e+00 7.5085e+00 -1.2454e-01 0.0000e+00 0.0000e+00 1.2454e-01 7.5088e+00 
53.0 8.0348e+00 -1.1977e+00 0.0000e+00 0.0000e+00 -1.1977e+00 7.6138e+00 0.0000e+00 0.0000e+00 0.0000e+00 0.0000e+00 7.1607e+00 -1.0409e-01 0.0000e+00 0.0000e+00 1.0409e-01 7.1658e+00 
54.0 7.7306e+00 -1.2054e+00 0.0000e+00 0.0000e+00 -1.2054e+00 7.3105e+00 0.0000e+00 0.0000e+00 0.0000e+00 0.0000e+00 6.8287e+00 -8.4102e-02 0.0000e+00 0.0000e+00 8.4102e-02 6.8386e+00 
55.0 7.4413e+00 -1.2126e+00 0.0000e+00 0.0000e+00 -1.2126e+00 7.0221e+00 0.0000e+00 0.0000e+00 0.0000e+00 0.0000e+00 6.5119e+00 -6.4605e-02 0.0000e+00 0.0000e+00 6.4605e-02 6.5266e+00 
56.0 7.1661e+00 -1.2192e+00 0.0000e+00 0.0000e+00 -1.2192e+00 6.7478e+00 0.0000e+00 0.0000e+00 0.0000e+00 0.0000e+00 6.2094e+00 -4.5601e-02 0.0000e+00 0.0000e+00 4.5601e-02 6.2288e+00 
57.0 6.9043e+00 -1.2252e+00 0.0000e+00 0.0000e+00 -1.2252e+00 6.4868e+00 0.0000e+00 0.0000e+00 0.0000e+00 0.0000e+00 5.9205e+00 -2.7087e-02 0.0000e+00 0.0000e+00 2.7087e-02 5.9445e+00 
58.0 6.6550e+00 -1.2305e+00 0.0000e+00 0.0000e+00 -1.2305e+00 6.2383e+00 0.0000e+00 0.0000e+00 0.0000e+00 0.0000e+00 5.6444e+00 -9.0627e-03 0.0000e+00 0.0000e+00 9.0627e-03 5.6730e+00 
59.0 6.4178e+00 -1.2353e+00 0.0000e+00 0.0000e+00 -1.2353e+00 6.0017e+00 0.0000e+00 0.0000e+00 0.0000e+00 0.0000e+00 5.3804e+00 8.4808e-03 0.0000e+00 0.0000e+00 -8.4808e-03 5.4136e+00 
60.0 6.1918e+00 -1.2394e+00 0.0000e+00 0.0000e+00 -1.2394e+00 5.7764e+00 0.0000e+00 0.0000e+00 0.0000e+00 0.0000e+00 5.1279e+00 2.5556e-02 0.0000e+00 0.0000e+00 -2.5556e-02 5.1657e+00 
61.0 5.9765e+00 -1.2429e+00 0.0000e+00 0.0000e+00 -1.2429e+00 5.5617e+00 0.0000e+00 0.0000e+00 0.0000e+00 0.0000e+00 4.8863e+00 4.2173e-02 0.0000e+00 0.0000e+00 -4.2173e-02 4.9286e+00 
62.0 5.7713e+00 -1.2458e+00 0.0000e+00 0.0000e+00 -1.2458e+00 5.3572e+00 0.0000e+00 0.0000e+00 0.0000e+00 0.0000e+00 4.6551e+00 5.8332e-02 0.0000e+00 0.0000e+00 -5.8332e-02 4.7020e+00 
63.0 5.5759e+00 -1.2480e+00 0.0000e+00 0.0000e+00 -1.2480e+00 5.1622e+00 0.0000e+00 0.0000e+00 0.0000e+00 0.0000e+00 4.4338e+00 7.4019e-02 0.0000e+00 0.0000e+00 -7.4019e-02 4.4851e+00 
64.0 5.3896e+00 -1.2496e+00 0.0000e+00 0.0000e+00 -1.2496e+00 4.9764e+00 0.0000e+00 0.0000e+00 0.0000e+00 0.0000e+00 4.2219e+00 8.9208e-02 0.0000e+00 0.0000e+00 -8.9208e-02 4.2777e+00 
65.0 5.2119e+00 -1.2506e+00 0.0000e+00 0.0000e+00 -1.2506e+00 4.7992e+00 0.0000e+00 0.0000e+00 0.0000e+00 0.0000e+00 4.0189e+00 1.0387e-01 0.0000e+00 0.0000e+00 -1.0387e-01 4.0792e+00 
66.0 5.0426e+00 -1.2509e+00 0.0000e+00 0.0000e+00 -1.2509e+00 4.6302e+00 0.0000e+00 0.0000e+00 0.0000e+00 0.0000e+00 3.8245e+00 1.1798e-01 0.0000e+00 0.0000e+00 -1.1798e-01 3.8892e+00 
67.0 4.8810e+00 -1.2505e+00 0.0000e+00 0.0000e+00 -1.2505e+00 4.4690e+00 0.0000e+00 0.0000e+00 0.0000e+00 0.0000e+00 3.6380e+00 1.3153e-01 0.0000e+00 0.0000e+00 -1.3153e-01 3.7073e+00 
68.0 4.7269e+00 -1.2495e+00 0.0000e+00 0.0000e+00 -1.2495e+00 4.3152e+00 0.0000e+00 0.0000e+00 0.0000e+00 0.0000e+00 3.4593e+00 1.4452e-01 0.0000e+00 0.0000e+00 -1.4452e-01 3.5329e+00 
69.0 4.5797e+00 -1.2478e+00 0.0000e+00 0.0000e+00 -1.2478e+00 4.1684e+00 0.0000e+00 0.0000e+00 0.0000e+00 0.0000e+00 3.2877e+00 1.5697e-01 0.0000e+00 0.0000e+00 -1.5697e-01 3.3658e+00 
70.0 4.4393e+00 -1.2454e+00 0.0000e+00 0.0000e+00 -1.2454e+00 4.0283e+00 0.0000e+00 0.0000e+00 0.0000e+00 0.0000e+00 3.1231e+00 1.6887e-01 0.0000e+00 0.0000e+00 -1.6887e-01 3.2055e+00 
71.0 4.3052e+00 -1.2424e+00 0.0000e+00 0.0000e+00 -1.2424e+00 3.8945e+00 0.0000e+00 0.0000e+00 0.0000e+00 0.0000e+00 2.9650e+00 1.8023e-01 0.0000e+00 0.0000e+00 -1.8023e-01 3.0518e+00 
72.0 4.1772e+00 -1.2387e+00 0.0000e+00 0.0000e+00 -1.2387e+00 3.7667e+00 0.0000e+00 0.0000e+00 0.0000e+00 0.0000e+00 2.8131e+00 1.9105e-01 0.0000e+00 0.0000e+00 -1.9105e-01 2.9043e+00 
73.0 4.0550e+00 -1.2344e+00 0.0000e+00 0.0000e+00 -1.2344e+00 3.6447e+00 0.0000e+00 0.0000e+00 0.0000e+00 0.0000e+00 2.6672e+00 2.0132e-01 0.0000e+00 0.0000e+00 -2.0132e-01 2.7628e+00 
74.0 3.9382e+00 -1.2294e+00 0.0000e+00 0.0000e+00 -1.2294e+00 3.5283e+00 0.0000e+00 0.0000e+00 0.0000e+00 0.0000e+00 2.5270e+00 2.1108e-01 0.0000e+00 0.0000e+00 -2.1108e-01 2.6269e+00 
75.0 3.8267e+00 -1.2239e+00 0.0000e+00 0.0000e+00 -1.2239e+00 3.4170e+00 0.0000e+00 0.0000e+00 0.0000e+00 0.0000e+00 2.3921e+00 2.2031e-01 0.0000e+00 0.0000e+00 -2.2031e-01 2.4963e+00 
76.0 3.7201e+00 -1.2177e+00 0.0000e+00 0.0000e+00 -1.2177e+00 3.3108e+00 0.0000e+00 0.0000e+00 0.0000e+00 0.0000e+00 2.2624e+00 2.2904e-01 0.0000e+00 0.0000e+00 -2.2904e-01 2.3709e+00 
77.0 3.6183e+00 -1.2109e+00 0.0000e+00 0.0000e+00 -1.2109e+00 3.2093e+00 0.0000e+00 0.0000e+00 0.0000e+00 0.0000e+00 2.1376e+00 2.3729e-01 0.0000e+00 0.0000e+00 -2.3729e-01 2.2504e+00 
78.0 3.5211e+00 -1.2036e+00 0.0000e+00 0.0000e+00 -1.2036e+00 3.1123e+00 0.0000e+00 0.0000e+00 0.0000e+00 0.0000e+00 2.0175e+00 2.4509e-01 0.0000e+00 0.0000e+00 -2.4509e-01 2.1345e+00 
79.0 3.4282e+00 -1.1956e+00 0.0000e+00 0.0000e+00 -1.1956e+00 3.0198e+00 0.0000e+00 0.0000e+00 0.0000e+00 0.0000e+00 1.9019e+00 2.5245e-01 0.0000e+00 0.0000e+00 -2.5245e-01 2.0231e+00 
80.0 3.3394e+00 -1.1872e+00 0.0000e+00 0.0000e+00 -1.1872e+00 2.9314e+00 0.0000e+00 0.0000e+00 0.0000e+00 0.0000e+00 1.7906e+00 2.5939e-01 0.0000e+00 0.0000e+00 -2.5939e-01 1.9159e+00 
81.0 3.2546e+00 -1.1782e+00 0.0000e+00 0.0000e+00 -1.1782e+00 2.8469e+00 0.0000e+00 0.0000e+00 0.0000e+00 0.0000e+00 1.6833e+00 2.6592e-01 0.0000e+00 0.0000e+00 -2.6592e-01 1.8129e+00 
82.0 3.1737e+00 -1.1687e+00 0.0000e+00 0.0000e+00 -1.1687e+00 2.7663e+00 0.0000e+00 0.0000e+00 0.0000e+00 0.0000e+00 1.5800e+00 2.7204e-01 0.0000e+00 0.0000e+00 -2.7204e-01 1.7137e+00 
83.0 3.0963e+00 -1.1588e+00 0.0000e+00 0.0000e+00 -1.1588e+00 2.6893e+00 0.0000e+00 0.0000e+00 0.0000e+00 0.0000e+00 1.4804e+00 2.7777e-01 0.0000e+00 0.0000e+00 -2.7777e-01 1.6182e+00 
84.0 3.0224e+00 -1.1484e+00 0.0000e+00 0.0000e+00 -1.1484e+00 2.6158e+00 0.0000e+00 0.0000e+00 0.0000e+00 0.0000e+00 1.3844e+00 2.8313e-01 0.0000e+00 0.0000e+00 -2.8313e-01 1.5262e+00 
85.0 2.9518e+00 -1.1375e+00 0.0000e+00 0.0000e+00 -1.1375e+00 2.5456e+00 0.0000e+00 0.0000e+00 0.0000e+00 0.0000e+00 1.2918e+00 2.8813e-01 0.0000e+00 0.0000e+00 -2.8813e-01 1.4377e+00 
86.0 2.8844e+00 -1.1262e+00 0.0000e+00 0.0000e+00 -1.1262e+00 2.4786e+00 0.0000e+00 0.0000e+00 0.0000e+00 0.0000e+00 1.2026e+00 2.9279e-01 0.0000e+00 0.0000e+00 -2.9279e-01 1.3524e+00 
87.0 2.8201e+00 -1.1146e+00 0.0000e+00 0.0000e+00 -1.1146e+00 2.4147e+00 0.0000e+00 0.0000e+00 0.0000e+00 0.0000e+00 1.1164e+00 2.9711e-01 0.0000e+00 0.0000e+00 -2.9711e-01 1.2702e+00 
88.0 2.7586e+00 -1.1025e+00 0.0000e+00 0.0000e+00 -1.1025e+00 2.3537e+00 0.0000e+00 0.0000e+00 0.0000e+00 0.0000e+00 1.0334e+00 3.0110e-01 0.0000e+00 0.0000e+00 -3.0110e-01 1.1910e+00 
89.0 2.6999e+00 -1.0902e+00 0.0000e+00 0.0000e+00 -1.0902e+00 2.2955e+00 0.0000e+00 0.0000e+00 0.0000e+00 0.0000e+00 9.5318e-01 3.0475e-01 0.0000e+00 0.0000e+00 -3.0475e-01 1.1147e+00 
90.0 2.6439e+00 -1.0775e+00 0.0000e+00 0.0000e+00 -1.0775e+00 2.2399e+00 0.0000e+00 0.0000e+00 0.0000e+00 0.0000e+00 8.7581e-01 3.0806e-01 0.0000e+00 0.0000e+00 -3.0806e-01 1.0411e+00 
91.0 2.5904e+00 -1.0645e+00 0.0000e+00 0.0000e+00 -1.0645e+00 2.1869e+00 0.0000e+00 0.0000e+00 0.0000e+00 0.0000e+00 8.0113e-01 3.1102e-01 0.0000e+00 0.0000e+00 -3.1102e-01 9.7006e-01 
92.0 2.5393e+00 -1.0512e+00 0.0000e+00 0.0000e+00 -1.0512e+00 2.1364e+00 0.0000e+00 0.0000e+00 0.0000e+00 0.0000e+00 7.2902e-01 3.1364e-01 0.0000e+00 0.0000e+00 -3.1364e-01 9.0157e-01 
93.0 2.4906e+00 -1.0376e+00 0.0000e+00 0.0000e+00 -1.0376e+00 2.0882e+00 0.0000e+00 0.0000e+00 0.0000e+00 0.0000e+00 6.5938e-01 3.1590e-01 0.0000e+00 0.0000e+00 -3.1590e-01 8.3546e-01 
94.0 2.4440e+00 -1.0237e+00 0.0000e+00 0.0000e+00 -1.0237e+00 2.0423e+00 0.0000e+00 0.0000e+00 0.0000e+00 0.0000e+00 5.9212e-01 3.1782e-01 0.0000e+00 0.0000e+00 -3.1782e-01 7.7162e-01 
95.0 2.3996e+00 -1.0095e+00 0.0000e+00 0.0000e+00 -1.0095e+00 1.9986e+00 0.0000e+00 0.0000e+00 0.0000e+00 0.0000e+00 5.2713e-01 3.1940e-01 0.0000e+00 0.0000e+00 -3.1940e-01 7.0995e-01 
96.0 2.3573e+00 -9.9498e-01 0.0000e+00 0.0000e+00 -9.9498e-01 1.9569e+00 0.0000e+00 0.0000e+00 0.0000e+00 0.0000e+00 4.6433e-01 3.2065e-01 0.0000e+00 0.0000e+00 -3.2065e-01 6.5035e-01 
97.0 2.3168e+00 -9.8020e-01 0.0000e+00 0.0000e+00 -9.8020e-01 1.9173e+00 0.0000e+00 0.0000e+00 0.0000e+00 0.0000e+00 4.0362e-01 3.2158e-01 0.0000e+00 0.0000e+00 -3.2158e-01 5.9272e-01 
98.0 2.2783e+00 -9.6514e-01 0.0000e+00 0.0000e+00 -9.6514e-01 1.8796e+00 0.0000e+00 0.0000e+00 0.0000e+00 0.0000e+00 3.4492e-01 3.2221e-01 0.0000e+00 0.0000e+00 -3.2221e-01 5.3697e-01 
99.0 2.2415e+00 -9.4981e-01 0.0000e+00 0.0000e+00 -9.4981e-01 1.8437e+00 0.0000e+00 0.0000e+00 0.0000e+00 0.0000e+00 2.8817e-01 3.2256e-01 0.0000e+00 0.0000e+00 -3.2256e-01 4.8304e-01 
100.0 2.2065e+00 -9.3420e-01 0.0000e+00 0.0000e+00 -9.3420e-01 1.8097e+00 0.0000e+00 0.0000e+00 0.0000e+00 0.0000e+00 2.3328e-01 3.2262e-01 0.0000e+00 0.0000e+00 -3.2262e-01 4.3083e-01 
101.0 2.1731e+00 -9.1832e-01 0.0000e+00 0.0000e+00 -9.1832e-01 1.7774e+00 0.0000e+00 0.0000e+00 0.0000e+00 0.0000e+00 1.8020e-01 3.2243e-01 0.0000e+00 0.0000e+00 -3.2243e-01 3.8026e-01 
102.0 2.1413e+00 -9.0219e-01 0.0000e+00 0.0000e+00 -9.0219e-01 1.7467e+00 0.0000e+00 0.0000e+00 0.0000e+00 0.0000e+00 1.2883e-01 3.2198e-01 0.0000e+00 0.0000e+00 -3.2198e-01 3.3128e-01 
103.0 2.1111e+00 -8.8580e-01 0.0000e+00 0.0000e+00 -8.8580e-01 1.7177e+00 0.0000e+00 0.0000e+00 0.0000e+00 0.0000e+00 7.9126e-02 3.2129e-01 0.0000e+00 0.0000e+00 -3.2129e-01 2.8381e-01 
104.0 2.0823e+00 -8.6916e-01 0.0000e+00 0.0000e+00 -8.6916e-01 1.6902e+00 0.0000e+00 0.0000e+00 0.0000e+00 0.0000e+00 3.1014e-02 3.2037e-01 0.0000e+00 0.0000e+00 -3.2037e-01 2.3778e-01 
105.0 2.0550e+00 -8.5229e-01 0.0000e+00 0.0000e+00 -8.5229e-01 1.6643e+00 0.0000e+00 0.0000e+00 0.0000e+00 0.0000e+00 -1.5568e-02 3.1924e-01 0.0000e+00 0.0000e+00 -3.1924e-01 1.9313e-01 
106.0 2.0291e+00 -8.3517e-01 0.0000e+00 0.0000e+00 -8.3517e-01 1.6398e+00 0.0000e+00 0.0000e+00 0.0000e+00 0.0000e+00 -6.0679e-02 3.1789e-01 0.0000e+00 0.0000e+00 -3.1789e-01 1.4980e-01 
107.0 2.0044e+00 -8.1783e-01 0.0000e+00 0.0000e+00 -8.1783e-01 1.6167e+00 0.0000e+00 0.0000e+00 0.0000e+00 0.0000e+00 -1.0438e-01 3.1636e-01 0.0000e+00 0.0000e+00 -3.1636e-01 1.0773e-01 
108.0 1.9811e+00 -8.0026e-01 0.0000e+00 0.0000e+00 -8.0026e-01 1.5950e+00 0.0000e+00 0.0000e+00 0.0000e+00 0.0000e+00 -1.4671e-01 3.1466e-01 0.0000e+00 0.0000e+00 -3.1466e-01 6.6875e-02 
109.0 1.9589e+00 -7.8249e-01 0.0000e+00 0.0000e+00 -7.8249e-01 1.5745e+00 0.0000e+00 0.0000e+00 0.0000e+00 0.0000e+00 -1.8775e-01 3.1280e-01 0.0000e+00 0.0000e+00 -3.1280e-01 2.7171e-02 
110.0 1.9380e+00 -7.6451e-01 0.0000e+00 0.0000e+00 -7.6451e-01 1.5554e+00 0.0000e+00 0.0000e+00 0.0000e+00 0.0000e+00 -2.2753e-01 3.1080e-01 0.0000e+00 0.0000e+00 -3.1080e-01 -1.1424e-02 
111.0 1.9182e+00 -7.4635e-01 0.0000e+00 0.0000e+00 -7.4635e-01 1.5374e+00 0.0000e+00 0.0000e+00 0.0000e+00 0.0000e+00 -2.6610e-01 3.0868e-01 0.0000e+00 0.0000e+00 -3.0868e-01 -4.8952e-02 
112.0 1.8995e+00 -7.2802e-01 0.0000e+00 0.0000e+00 -7.2802e-01 1.5206e+00 0.0000e+00 0.0000e+00 0.0000e+00 0.0000e+00 -3.0350e-01 3.0644e-01 0.0000e+00 0.0000e+00 -3.0644e-01 -8.5454e-02 
113.0 1.8818e+00 -7.0953e-01 0.0000e+00 0.0000e+00 -7.0953e-01 1.5050e+00 0.0000e+00 0.0000e+00 0.0000e+00 0.0000e+00 -3.3979e-01 3.0411e-01 0.0000e+00 0.0000e+00 -3.0411e-01 -1.2097e-01 
114.0 1.8653e+00 -6.9090e-01 0.0000e+00 0.0000e+00 -6.9090e-01 1.4905e+00 0.0000e+00 0.0000e+00 0.0000e+00 0.0000e+00 -3.7499e-01 3.0170e-01 0.0000e+00 0.0000e+00 -3.0170e-01 -1.5553e-01 
115.0 1.8497e+00 -6.7215e-01 0.0000e+00 0.0000e+00 -6.7215e-01 1.4770e+00 0.0000e+00 0.0000e+00 0.0000e+00 0.0000e+00 -4.0915e-01 2.9921e-01 0.0000e+00 0.0000e+00 -2.9921e-01 -1.8918e-01 
116.0 1.8351e+00 -6.5331e-01 0.0000e+00 0.0000e+00 -6.5331e-01 1.4646e+00 0.0000e+00 0.0000e+00 0.0000e+00 0.0000e+00 -4.4231e-01 2.9666e-01 0.0000e+00 0.0000e+00 -2.9666e-01 -2.2193e-01 
117.0 1.8214e+00 -6.3439e-01 0.0000e+00 0.0000e+00 -6.3439e-01 1.4532e+00 0.0000e+00 0.0000e+00 0.0000e+00 0.0000e+00 -4.7450e-01 2.9405e-01 0.0000e+00 0.0000e+00 -2.9405e-01 -2.5382e-01 
118.0 1.8086e+00 -6.1541e-01 0.0000e+00 0.0000e+00 -6.1541e-01 1.4427e+00 0.0000e+00 0.0000e+00 0.0000e+00 0.0000e+00 -5.0575e-01 2.9139e-01 0.0000e+00 0.0000e+00 -2.9139e-01 -2.8487e-01 
119.0 1.7968e+00 -5.9639e-01 0.0000e+00 0.0000e+00 -5.9639e-01 1.4331e+00 0.0000e+00 0.0000e+00 0.0000e+00 0.0000e+00 -5.3611e-01 2.8868e-01 0.0000e+00 0.0000e+00 -2.8868e-01 -3.1511e-01 
120.0 1.7858e+00 -5.7735e-01 0.0000e+00 0.0000e+00 -5.7735e-01 1.4245e+00 0.0000e+00 0.0000e+00 0.0000e+00 0.0000e+00 -5.6559e-01 2.8594e-01 0.0000e+00 0.0000e+00 -2.8594e-01 -3.4455e-01 
121.0 1.7756e+00 -5.5832e-01 0.0000e+00 0.0000e+00 -5.5832e-01 1.4166e+00 0.0000e+00 0.0000e+00 0.0000e+00 0.0000e+00 -5.9424e-01 2.8314e-01 0.0000e+00 0.0000e+00 -2.8314e-01 -3.7323e-01 
122.0 1.7662e+00 -5.3931e-01 0.0000e+00 0.0000e+00 -5.3931e-01 1.4096e+00 0.0000e+00 0.0000e+00 0.0000e+00 0.0000e+00 -6.2207e-01 2.8030e-01 0.0000e+00 0.0000e+00 -2.8030e-01 -4.0115e-01 
123.0 1.7576e+00 -5.2034e-01 0.0000e+00 0.0000e+00 -5.2034e-01 1.4033e+00 0.0000e+00 0.0000e+00 0.0000e+00 0.0000e+00 -6.4911e-01 2.7740e-01 0.0000e+00 0.0000e+00 -2.7740e-01 -4.2833e-01 
124.0 1.7498e+00 -5.0143e-01 0.0000e+00 0.0000e+00 -5.0143e-01 1.3977e+00 0.0000e+00 0.0000e+00 0.0000e+00 0.0000e+00 -6.7539e-01 2.7444e-01 0.0000e+00 0.0000e+00 -2.7444e-01 -4.5479e-01 
125.0 1.7426e+00 -4.8258e-01 0.0000e+00 0.0000e+00 -4.8258e-01 1.3929e+00 0.0000e+00 0.0000e+00 0.0000e+00 0.0000e+00 -7.0095e-01 2.7141e-01 0.0000e+00 0.0000e+00 -2.7141e-01 -4.8056e-01 
126.0 1.7362e+00 -4.6382e-01 0.0000e+00 0.0000e+00 -4.6382e-01 1.3887e+00 0.0000e+00 0.0000e+00 0.0000e+00 0.0000e+00 -7.2579e-01 2.6832e-01 0.0000e+00 0.0000e+00 -2.6832e-01 -5.0566e-01 
127.0 1.7304e+00 -4.4517e-01 0.0000e+00 0.0000e+00 -4.4517e-01 1.3851e+00 0.0000e+00 0.0000e+00 0.0000e+00 0.0000e+00 -7.4995e-01 2.6516e-01 0.0000e+00 0.0000e+00 -2.6516e-01 -5.3010e-01 
128.0 1.7252e+00 -4.2665e-01 0.0000e+00 0.0000e+00 -4.2665e-01 1.3822e+00 0.0000e+00 0.0000e+00 0.0000e+00 0.0000e+00 -7.7345e-01 2.6192e-01 0.0000e+00 0.0000e+00 -2.6192e-01 -5.5392e-01 
129.0 1.7207e+00 -4.0826e-01 0.0000e+00 0.0000e+00 -4.0826e-01 1.3798e+00 0.0000e+00 0.0000e+00 0.0000e+00 0.0000e+00 -7.9630e-01 2.5859e-01 0.0000e+00 0.0000e+00 -2.5859e-01 -5.7712e-01 
130.0 1.7167e+00 -3.9004e-01 0.0000e+00 0.0000e+00 -3.9004e-01 1.3780e+00 0.0000e+00 0.0000e+00 0.0000e+00 0.0000e+00 -8.1853e-01 2.5516e-01 0.0000e+00 0.0000e+00 -2.5516e-01 -5.9972e-01 
131.0 1.7132e+00 -3.7198e-01 0.0000e+00 0.0000e+00 -3.7198e-01 1.3767e+00 0.0000e+00 0.0000e+00 0.0000e+00 0.0000e+00 -8.4014e-01 2.5162e-01 0.0000e+00 0.0000e+00 -2.5162e-01 -6.2175e-01 
132.0 1.7103e+00 -3.5409e-01 0.0000e+00 0.0000e+00 -3.5409e-01 1.3760e+00 0.0000e+00 0.0000e+00 0.0000e+00 0.0000e+00 -8.6116e-01 2.4796e-01 0.0000e+00 0.0000e+00 -2.4796e-01 -6.4322e-01 
133.0 1.7079e+00 -3.3636e-01 0.0000e+00 0.0000e+00 -3.3636e-01 1.3757e+00 0.0000e+00 0.0000e+00 0.0000e+00 0.0000e+00 -8.8159e-01 2.4416e-01 0.0000e+00 0.0000e+00 -2.4416e-01 -6.6415e-01 
134.0 1.7060e+00 -3.1881e-01 0.0000e+00 0.0000e+00 -3.1881e-01 1.3760e+00 0.0000e+00 0.0000e+00 0.0000e+00 0.0000e+00 -9.0145e-01 2.4023e-01 0.0000e+00 0.0000e+00 -2.4023e-01 -6.8457e-01 
135.0 1.7045e+00 -3.0142e-01 0.0000e+00 0.0000e+00 -3.0142e-01 1.3767e+00 0.0000e+00 0.0000e+00 0.0000e+00 0.0000e+00 -9.2075e-01 2.3615e-01 0.0000e+00 0.0000e+00 -2.3615e-01 -7.0448e-01 
136.0 1.7035e+00 -2.8419e-01 0.0000e+00 0.0000e+00 -2.8419e-01 1.3780e+00 0.0000e+00 0.0000e+00 0.0000e+00 0.0000e+00 -9.3952e-01 2.3191e-01 0.0000e+00 0.0000e+00 -2.3191e-01 -7.2392e-01 
137.0 1.7030e+00 -2.6713e-01 0.0000e+00 0.0000e+00 -2.6713e-01 1.3796e+00 0.0000e+00 0.0000e+00 0.0000e+00 0.0000e+00 -9.5777e-01 2.2751e-01 0.0000e+00 0.0000e+00 -2.2751e-01 -7.4291e-01 
138.0 1.7029e+00 -2.5023e-01 0.0000e+00 0.0000e+00 -2.5023e-01 1.3818e+00 0.0000e+00 0.0000e+00 0.0000e+00 0.0000e+00 -9.7551e-01 2.2296e-01 0.0000e+00 0.0000e+00 -2.2296e-01 -7.6146e-01 
139.0 1.7032e+00 -2.3348e-01 0.0000e+00 0.0000e+00 -2.3348e-01 1.3844e+00 0.0000e+00 0.0000e+00 0.0000e+00 0.0000e+00 -9.9276e-01 2.1824e-01 0.0000e+00 0.0000e+00 -2.1824e-01 -7.7961e-01 
140.0 1.7040e+00 -2.1689e-01 0.0000e+00 0.0000e+00 -2.1689e-01 1.3875e+00 0.0000e+00 0.0000e+00 0.0000e+00 0.0000e+00 -1.0095e+00 2.1338e-01 0.0000e+00 0.0000e+00 -2.1338e-01 -7.9736e-01 
141.0 1.7052e+00 -2.0044e-01 0.0000e+00 0.0000e+00 -2.0044e-01 1.3911e+00 0.0000e+00 0.0000e+00 0.0000e+00 0.0000e+00 -1.0258e+00 2.0838e-01 0.0000e+00 0.0000e+00 -2.0838e-01 -8.1473e-01 
142.0 1.7069e+00 -1.8413e-01 0.0000e+00 0.0000e+00 -1.8413e-01 1.3952e+00 0.0000e+00 0.0000e+00 0.0000e+00 0.0000e+00 -1.0417e+00 2.0325e-01 0.0000e+00 0.0000e+00 -2.0325e-01 -8.3172e-01 
143.0 1.7091e+00 -1.6797e-01 0.0000e+00 0.0000e+00 -1.6797e-01 1.3998e+00 0.0000e+00 0.0000e+00 0.0000e+00 0.0000e+00 -1.0570e+00 1.9799e-01 0.0000e+00 0.0000e+00 -1.9799e-01 -8.4836e-01 
144.0 1.7117e+00 -1.5195e-01 0.0000e+00 0.0000e+00 -1.5195e-01 1.4049e+00 0.0000e+00 0.0000e+00 0.0000e+00 0.0000e+00 -1.0719e+00 1.9260e-01 0.0000e+00 0.0000e+00 -1.9260e-01 -8.6465e-01 
145.0 1.7148e+00 -1.3608e-01 0.0000e+00 0.0000e+00 -1.3608e-01 1.4106e+00 0.0000e+00 0.0000e+00 0.0000e+00 0.0000e+00 -1.0864e+00 1.8706e-01 0.0000e+00 0.0000e+00 -1.8706e-01 -8.8063e-01 
146.0 1.7184e+00 -1.2036e-01 0.0000e+00 0.0000e+00 -1.2036e-01 1.4168e+00 0.0000e+00 0.0000e+00 0.0000e+00 0.0000e+00 -1.1005e+00 1.8132e-01 0.0000e+00 0.0000e+00 -1.8132e-01 -8.9630e-01 
147.0 1.7223e+00 -1.0482e-01 0.0000e+00 0.0000e+00 -1.0482e-01 1.4234e+00 0.0000e+00 0.0000e+00 0.0000e+00 0.0000e+00 -1.1142e+00 1.7537e-01 0.0000e+00 0.0000e+00 -1.7537e-01 -9.1169e-01 
148.0 1.7268e+00 -8.9473e-02 0.0000e+00 0.0000e+00 -8.9473e-02 1.4305e+00 0.0000e+00 0.0000e+00 0.0000e+00 0.0000e+00 -1.1276e+00 1.6915e-01 0.0000e+00 0.0000e+00 -1.6915e-01 -9.2685e-01 
149.0 1.7316e+00 -7.4362e-02 0.0000e+00 0.0000e+00 -7.4362e-02 1.4381e+00 0.0000e+00 0.0000e+00 0.0000e+00 0.0000e+00 -1.1407e+00 1.6262e-01 0.0000e+00 0.0000e+00 -1.6262e-01 -9.4182e-01 
150.0 1.7368e+00 -5.9546e-02 0.0000e+00 0.0000e+00 -5.9546e-02 1.4461e+00 0.0000e+00 0.0000e+00 0.0000e+00 0.0000e+00 -1.1536e+00 1.5573e-01 0.0000e+00 0.0000e+00 -1.5573e-01 -9.5663e-01 
151.0 1.7424e+00 -4.5112e-02 0.0000e+00 0.0000e+00 -4.5112e-02 1.4544e+00 0.0000e+00 0.0000e+00 0.0000e+00 0.0000e+00 -1.1664e+00 1.4838e-01 0.0000e+00 0.0000e+00 -1.4838e-01 -9.7133e-01 
152.0 1.7483e+00 -3.1180e-02 0.0000e+00 0.0000e+00 -3.1180e-02 1.4630e+00 0.0000e+00 0.0000e+00 0.0000e+00 0.0000e+00 -1.1791e+00 1.4046e-01 0.0000e+00 0.0000e+00 -1.4046e-01 -9.8596e-01 
153.0 1.7543e+00 -1.7892e-02 0.0000e+00 0.0000e+00 -1.7892e-02 1.4716e+00 0.0000e+00 0.0000e+00 0.0000e+00 0.0000e+00 -1.1918e+00 1.3180e-01 0.0000e+00 0.0000e+00 -1.3180e-01 -1.0006e+00 
154.0 1.7605e+00 -5.3993e-03 0.0000e+00 0.0000e+00 -5.3993e-03 1.4801e+00 0.0000e+00 0.0000e+00 0.0000e+00 0.0000e+00 -1.2047e+00 1.2225e-01 0.0000e+00 0.0000e+00 -1.2225e-01 -1.0152e+00 
155.0 1.7666e+00 6.1546e-03 0.0000e+00 0.0000e+00 6.1546e-03 1.4884e+00 0.0000e+00 0.0000e+00 0.0000e+00 0.0000e+00 -1.2179e+00 1.1166e-01 0.0000e+00 0.0000e+00 -1.1166e-01 -1.0298e+00 
156.0 1.7728e+00 1.6633e-02 0.0000e+00 0.0000e+00 1.6633e-02 1.4964e+00 0.0000e+00 0.0000e+00 0.0000e+00 0.0000e+00 -1.2314e+00 9.9944e-02 0.0000e+00 0.0000e+00 -9.9944e-02 -1.0443e+00 
157.0 1.7791e+00 2.5906e-02 0.0000e+00 0.0000e+00 2.5906e-02 1.5042e+00 0.0000e+00 0.0000e+00 0.0000e+00 0.0000e+00 -1.2454e+00 8.7075e-02 0.0000e+00 0.0000e+00 -8.7075e-02 -1.0589e+00 
158.0 1.7855e+00 3.3852e-02 0.0000e+00 0.0000e+00 3.3852e-02 1.5116e+00 0.0000e+00 0.0000e+00 0.0000e+00 0.0000e+00 -1.2600e+00 7.3053e-02 0.0000e+00 0.0000e+00 -7.3053e-02 -1.0734e+00 
159.0 1.7923e+00 4.0365e-02 0.0000e+00 0.0000e+00 4.0365e-02 1.5187e+00 0.0000e+00 0.0000e+00 0.0000e+00 0.0000e+00 -1.2755e+00 5.7917e-02 0.0000e+00 0.0000e+00 -5.7917e-02 -1.0877e+00 
160.0 1.7996e+00 4.5365e-02 0.0000e+00 0.0000e+00 4.5365e-02 1.5254e+00 0.0000e+00 0.0000e+00 0.0000e+00 0.0000e+00 -1.2919e+00 4.1747e-02 0.0000e+00 0.0000e+00 -4.1747e-02 -1.1020e+00 
161.0 1.8077e+00 4.8808e-02 0.0000e+00 0.0000e+00 4.8808e-02 1.5318e+00 0.0000e+00 0.0000e+00 0.0000e+00 0.0000e+00 -1.3095e+00 2.4672e-02 0.0000e+00 0.0000e+00 -2.4672e-02 -1.1160e+00 
162.0 1.8170e+00 5.0688e-02 0.0000e+00 0.0000e+00 5.0688e-02 1.5381e+00 0.0000e+00 0.0000e+00 0.0000e+00 0.0000e+00 -1.3286e+00 6.8888e-03 0.0000e+00 0.0000e+00 -6.8888e-03 -1.1299e+00 
163.0 1.8281e+00 5.1029e-02 0.0000e+00 0.0000e+00 5.1029e-02 1.5446e+00 0.0000e+00 0.0000e+00 0.0000e+00 0.0000e+00 -1.3496e+00 -1.1326e-02 0.0000e+00 0.0000e+00 1.1326e-02 -1.1435e+00 
164.0 1.8414e+00 4.9886e-02 0.0000e+00 0.0000e+00 4.9886e-02 1.5515e+00 0.0000e+00 0.0000e+00 0.0000e+00 0.0000e+00 -1.3727e+00 -2.9600e-02 0.0000e+00 0.0000e+00 2.9600e-02 -1.1569e+00 
165.0 1.8576e+00 4.7351e-02 0.0000e+00 0.0000e+00 4.7351e-02 1.5592e+00 0.0000e+00 0.0000e+00 0.0000e+00 0.0000e+00 -1.3983e+00 -4.7460e-02 0.0000e+00 0.0000e+00 4.7460e-02 -1.1700e+00 
166.0 1.8776e+00 4.3544e-02 0.0000e+00 0.0000e+00 4.3544e-02 1.5681e+00 0.0000e+00 0.0000e+00 0.0000e+00 0.0000e+00 -1.4267e+00 -6.4339e-02 0.0000e+00 0.0000e+00 6.4339e-02 -1.1828e+00 
167.0 1.9022e+00 3.8626e-02 0.0000e+00 0.0000e+00 3.8626e-02 1.5788e+00 0.0000e+00 0.0000e+00 0.0000e+00 0.0000e+00 -1.4582e+00 -7.9597e-02 0.0000e+00 0.0000e+00 7.9597e-02 -1.1951e+00 
168.0 1.9322e+00 3.2806e-02 0.0000e+00 0.0000e+00 3.2806e-02 1.5919e+00 0.0000e+00 0.0000e+00 0.0000e+00 0.0000e+00 -1.4930e+00 -9.2542e-02 0.0000e+00 0.0000e+00 9.2542e-02 -1.2069e+00 
169.0 1.9684e+00 2.6343e-02 0.0000e+00 0.0000e+00 2.6343e-02 1.6078e+00 0.0000e+00 0.0000e+00 0.0000e+00 0.0000e+00 -1.5312e+00 -1.0244e-01 0.0000e+00 0.0000e+00 1.0244e-01 -1.2180e+00 
170.0 2.0115e+00 1.9559e-02 0.0000e+00 0.0000e+00 1.9559e-02 1.6271e+00 0.0000e+00 0.0000e+00 0.0000e+00 0.0000e+00 -1.5729e+00 -1.0852e-01 0.0000e+00 0.0000e+00 1.0852e-01 -1.2283e+00 
171.0 2.0620e+00 1.2849e-02 0.0000e+00 0.0000e+00 1.2849e-02 1.6502e+00 0.0000e+00 0.0000e+00 0.0000e+00 0.0000e+00 -1.6179e+00 -1.1003e-01 0.0000e+00 0.0000e+00 1.1003e-01 -1.2378e+00 
172.0 2.1199e+00 6.6878e-03 0.0000e+00 0.0000e+00 6.6878e-03 1.6776e+00 0.0000e+00 0.0000e+00 0.0000e+00 0.0000e+00 -1.6656e+00 -1.0627e-01 0.0000e+00 0.0000e+00 1.0627e-01 -1.2463e+00 
173.0 2.1848e+00 1.5913e-03 0.0000e+00 0.0000e+00 1.5913e-03 1.7091e+00 0.0000e+00 0.0000e+00 0.0000e+00 0.0000e+00 -1.7152e+00 -9.6814e-02 0.0000e+00 0.0000e+00 9.6814e-02 -1.2539e+00 
174.0 2.2549e+00 -1.9716e-03 0.0000e+00 0.0000e+00 -1.9716e-03 1.7442e+00 0.0000e+00 0.0000e+00 0.0000e+00 0.0000e+00 -1.7652e+00 -8.1825e-02 0.0000e+00 0.0000e+00 8.1825e-02 -1.2604e+00 
175.0 2.3268e+00 -3.7048e-03 0.0000e+00 0.0000e+00 -3.7048e-03 1.7813e+00 0.0000e+00 0.0000e+00 0.0000e+00 0.0000e+00 -1.8132e+00 -6.2392e-02 0.0000e+00 0.0000e+00 6.2392e-02 -1.2659e+00 
176.0 2.3953e+00 -3.6433e-03 0.0000e+00 0.0000e+00 -3.6433e-03 1.8176e+00 0.0000e+00 0.0000e+00 0.0000e+00 0.0000e+00 -1.8563e+00 -4.0799e-02 0.0000e+00 0.0000e+00 4.0799e-02 -1.2701e+00 
177.0 2.4532e+00 -2.3091e-03 0.0000e+00 0.0000e+00 -2.3091e-03 1.8491e+00 0.0000e+00 0.0000e+00 0.0000e+00 0.0000e+00 -1.8911e+00 -2.0531e-02 0.0000e+00 0.0000e+00 2.0531e-02 -1.2730e+00 
178.0 2.4928e+00 -7.2149e-04 0.0000e+00 0.0000e+00 -7.2149e-04 1.8710e+00 0.0000e+00 0.0000e+00 0.0000e+00 0.0000e+00 -1.9140e+00 -5.7683e-03 0.0000e+00 0.0000e+00 5.7683e-03 -1.2748e+00 
179.0 2.5075e+00 -1.6297e-20 0.0000e+00 0.0000e+00 -1.6297e-20 1.8793e+00 0.0000e+00 0.0000e+00 0.0000e+00 0.0000e+00 -1.9223e+00 -6.2498e-20 0.0000e+00 0.0000e+00 6.2498e-20 -1.2755e+00 
180.0 2.5217e+00 0.0000e+00 0.0000e+00 0.0000e+00 0.0000e+00 1.8871e+00 0.0000e+00 0.0000e+00 0.0000e+00 0.0000e+00 -1.9302e+00 0.0000e+00 0.0000e+00 0.0000e+00 -0.0000e+00 -1.2760e+00 
