1.4551 1.8024 0.3473 0.098923
theta s11 s12 s13 s14 s21 s22 s23 s24 s31 s32 s33 s34 s41 s42 s43 s44
0.0 1.0368e+03 0.0000e+00 0.0000e+00 0.0000e+00 0.0000e+00 1.0360e+03 0.0000e+00 0.0000e+00 0.0000e+00 0.0000e+00 1.0360e+03 0.0000e+00 0.0000e+00 0.0000e+00 -0.0000e+00 1.0352e+03 
1.0 9.0453e+02 -5.5767e-02 0.0000e+00 0.0000e+00 -5.5767e-02 9.0375e+02 0.0000e+00 0.0000e+00 0.0000e+00 0.0000e+00 9.0375e+02 -4.4638e-01 0.0000e+00 0.0000e+00 4.4638e-01 9.0297e+02 
2.0 6.7748e+02 -1.2854e-01 0.0000e+00 0.0000e+00 -1.2854e-01 6.7671e+02 0.0000e+00 0.0000e+00 0.0000e+00 0.0000e+00 6.7670e+02 -1.4840e+00 0.0000e+00 0.0000e+00 1.4840e+00 6.7594e+02 
3.0 4.9510e+02 -1.6095e-01 0.0000e+00 0.0000e+00 -1.6095e-01 4.9434e+02 0.0000e+00 0.0000e+00 0.0000e+00 0.0000e+00 4.9432e+02 -2.5423e+00 0.0000e+00 0.0000e+00 2.5423e+00 4.9357e+02 
4.0 3.6902e+02 -1.7511e-01 0.0000e+00 0.0000e+00 -1.7511e-01 3.6828e+02 0.0000e+00 0.0000e+00 0.0000e+00 0.0000e+00 3.6824e+02 -3.2936e+00 0.0000e+00 0.0000e+00 3.2936e+00 3.6751e+02 
5.0 2.8350e+02 -1.9055e-01 0.0000e+00 0.0000e+00 -1.9055e-01 2.8277e+02 0.0000e+00 0.0000e+00 0.0000e+00 0.0000e+00 2.8270e+02 -3.7263e+00 0.0000e+00 0.0000e+00 3.7263e+00 2.8199e+02 
6.0 2.2426e+02 -2.1452e-01 0.0000e+00 0.0000e+00 -2.1452e-01 2.2355e+02 0.0000e+00 0.0000e+00 0.0000e+00 0.0000e+00 2.2345e+02 -3.9283e+00 0.0000e+00 0.0000e+00 3.9283e+00 2.2277e+02 
7.0 1.8199e+02 -2.4963e-01 0.0000e+00 0.0000e+00 -2.4963e-01 1.8130e+02 0.0000e+00 0.0000e+00 0.0000e+00 0.0000e+00 1.8117e+02 -3.9678e+00 0.0000e+00 0.0000e+00 3.9678e+00 1.8051e+02 
8.0 1.5101e+02 -2.9586e-01 0.0000e+00 0.0000e+00 -2.9586e-01 1.5034e+02 0.0000e+00 0.0000e+00 0.0000e+00 0.0000e+00 1.5018e+02 -3.8943e+00 0.0000e+00 0.0000e+00 3.8943e+00 1.4954e+02 
9.0 1.2778e+02 -3.5141e-01 0.0000e+00 0.0000e+00 -3.5141e-01 1.2712e+02 0.0000e+00 0.0000e+00 0.0000e+00 0.0000e+00 1.2693e+02 -3.7462e+00 0.0000e+00 0.0000e+00 3.7462e+00 1.2633e+02 
10.0 1.1003e+02 -4.1365e-01 0.0000e+00 0.0000e+00 -4.1365e-01 1.0939e+02 0.0000e+00 0.0000e+00 0.0000e+00 0.0000e+00 1.0917e+02 -3.5521e+00 0.0000e+00 0.0000e+00 3.5521e+00 1.0858e+02 
11.0 9.6247e+01 -4.8001e-01 0.0000e+00 0.0000e+00 -4.8001e-01 9.5608e+01 0.0000e+00 0.0000e+00 0.0000e+00 0.0000e+00 9.5373e+01 -3.3342e+00 0.0000e+00 0.0000e+00 3.3342e+00 9.4805e+01 
12.0 8.5367e+01 -5.4865e-01 0.0000e+00 0.0000e+00 -5.4865e-01 8.4737e+01 0.0000e+00 0.0000e+00 0.0000e+00 0.0000e+00 8.4484e+01 -3.1098e+00 0.0000e+00 0.0000e+00 3.1098e+00 8.3934e+01 
13.0 7.6653e+01 -6.1909e-01 0.0000e+00 0.0000e+00 -6.1909e-01 7.6031e+01 0.0000e+00 0.0000e+00 0.0000e+00 0.0000e+00 7.5761e+01 -2.8885e+00 0.0000e+00 0.0000e+00 2.8885e+00 7.5230e+01 
14.0 6.9565e+01 -6.8762e-01 0.0000e+00 0.0000e+00 -6.8762e-01 6.8951e+01 0.0000e+00 0.0000e+00 0.0000e+00 0.0000e+00 6.8668e+01 -2.6831e+00 0.0000e+00 0.0000e+00 2.6831e+00 6.8153e+01 
15.0 6.3714e+01 -7.5662e-01 0.0000e+00 0.0000e+00 -7.5662e-01 6.3106e+01 0.0000e+00 0.0000e+00 0.0000e+00 0.0000e+00 6.2811e+01 -2.4902e+00 0.0000e+00 0.0000e+00 2.4902e+00 6.2312e+01 
16.0 5.8808e+01 -8.2505e-01 0.0000e+00 0.0000e+00 -8.2505e-01 5.8207e+01 0.0000e+00 0.0000e+00 0.0000e+00 0.0000e+00 5.7902e+01 -2.3124e+00 0.0000e+00 0.0000e+00 2.3124e+00 5.7418e+01 
17.0 5.4641e+01 -8.9288e-01 0.0000e+00 0.0000e+00 -8.9288e-01 5.4045e+01 0.0000e+00 0.0000e+00 0.0000e+00 0.0000e+00 5.3731e+01 -2.1508e+00 0.0000e+00 0.0000e+00 2.1508e+00 5.3262e+01 
18.0 5.1054e+01 -9.6011e-01 0.0000e+00 0.0000e+00 -9.6011e-01 5.0463e+01 0.0000e+00 0.0000e+00 0.0000e+00 0.0000e+00 5.0141e+01 -2.0053e+00 0.0000e+00 0.0000e+00 2.0053e+00 4.9686e+01 
19.0 4.7928e+01 -1.0268e+00 0.0000e+00 0.0000e+00 -1.0268e+00 4.7343e+01 0.0000e+00 0.0000e+00 0.0000e+00 0.0000e+00 4.7186e+01 -1.8753e+00 0.0000e+00 0.0000e+00 1.8753e+00 4.6748e+01 
20.0 4.5173e+01 -1.0928e+00 0.0000e+00 0.0000e+00 -1.0928e+00 4.4592e+01 0.0000e+00 0.0000e+00 0.0000e+00 0.0000e+00 4.4582e+01 -1.7598e+00 0.0000e+00 0.0000e+00 1.7598e+00 4.4159e+01 
21.0 4.2717e+01 -1.1581e+00 0.0000e+00 0.0000e+00 -1.1581e+00 4.2141e+01 0.0000e+00 0.0000e+00 0.0000e+00 0.0000e+00 4.2261e+01 -1.6579e+00 0.0000e+00 0.0000e+00 1.6579e+00 4.1852e+01 
22.0 4.0505e+01 -1.2226e+00 0.0000e+00 0.0000e+00 -1.2226e+00 3.9934e+01 0.0000e+00 0.0000e+00 0.0000e+00 0.0000e+00 4.0171e+01 -1.5680e+00 0.0000e+00 0.0000e+00 1.5680e+00 3.9774e+01 
23.0 3.8495e+01 -1.2864e+00 0.0000e+00 0.0000e+00 -1.2864e+00 3.7928e+01 0.0000e+00 0.0000e+00 0.0000e+00 0.0000e+00 3.8270e+01 -1.4885e+00 0.0000e+00 0.0000e+00 1.4885e+00 3.7884e+01 
24.0 3.6654e+01 -1.3495e+00 0.0000e+00 0.0000e+00 -1.3495e+00 3.6091e+01 0.0000e+00 0.0000e+00 0.0000e+00 0.0000e+00 3.6529e+01 -1.4173e+00 0.0000e+00 0.0000e+00 1.4173e+00 3.6153e+01 
25.0 3.4957e+01 -1.4119e+00 0.0000e+00 0.0000e+00 -1.4119e+00 3.4399e+01 0.0000e+00 0.0000e+00 0.0000e+00 0.0000e+00 3.4923e+01 -1.3528e+00 0.0000e+00 0.0000e+00 1.3528e+00 3.4557e+01 
26.0 3.3385e+01 -1.4737e+00 0.0000e+00 0.0000e+00 -1.4737e+00 3.2831e+01 0.0000e+00 0.0000e+00 0.0000e+00 0.0000e+00 3.3434e+01 -1.2940e+00 0.0000e+00 0.0000e+00 1.2940e+00 3.3076e+01 
27.0 3.1922e+01 -1.5348e+00 0.0000e+00 0.0000e+00 -1.5348e+00 3.1372e+01 0.0000e+00 0.0000e+00 0.0000e+00 0.0000e+00 3.2046e+01 -1.2402e+00 0.0000e+00 0.0000e+00 1.2402e+00 3.1697e+01 
28.0 3.0552e+01 -1.5949e+00 0.0000e+00 0.0000e+00 -1.5949e+00 3.0006e+01 0.0000e+00 0.0000e+00 0.0000e+00 0.0000e+00 3.0745e+01 -1.1908e+00 0.0000e+00 0.0000e+00 1.1908e+00 3.0405e+01 
29.0 2.9264e+01 -1.6540e+00 0.0000e+00 0.0000e+00 -1.6540e+00 2.8722e+01 0.0000e+00 0.0000e+00 0.0000e+00 0.0000e+00 2.9521e+01 -1.1453e+00 0.0000e+00 0.0000e+00 1.1453e+00 2.9188e+01 
30.0 2.8049e+01 -1.7119e+00 0.0000e+00 0.0000e+00 -1.7119e+00 2.7511e+01 0.0000e+00 0.0000e+00 0.0000e+00 0.0000e+00 2.8364e+01 -1.1030e+00 0.0000e+00 0.0000e+00 1.1030e+00 2.8038e+01 
31.0 2.6898e+01 -1.7685e+00 0.0000e+00 0.0000e+00 -1.7685e+00 2.6364e+01 0.0000e+00 0.0000e+00 0.0000e+00 0.0000e+00 2.7140e+01 -1.0636e+00 0.0000e+00 0.0000e+00 1.0636e+00 2.6825e+01 
32.0 2.5805e+01 -1.8235e+00 0.0000e+00 0.0000e+00 -1.8235e+00 2.5276e+01 0.0000e+00 0.0000e+00 0.0000e+00 0.0000e+00 2.5979e+01 -1.0269e+00 0.0000e+00 0.0000e+00 1.0269e+00 2.5674e+01 
33.0 2.4765e+01 -1.8768e+00 0.0000e+00 0.0000e+00 -1.8768e+00 2.4240e+01 0.0000e+00 0.0000e+00 0.0000e+00 0.0000e+00 2.4874e+01 -9.9253e-01 0.0000e+00 0.0000e+00 9.9253e-01 2.4580e+01 
34.0 2.3774e+01 -1.9281e+00 0.0000e+00 0.0000e+00 -1.9281e+00 2.3253e+01 0.0000e+00 0.0000e+00 0.0000e+00 0.0000e+00 2.3822e+01 -9.6021e-01 0.0000e+00 0.0000e+00 9.6021e-01 2.3537e+01 
35.0 2.2829e+01 -1.9775e+00 0.0000e+00 0.0000e+00 -1.9775e+00 2.2311e+01 0.0000e+00 0.0000e+00 0.0000e+00 0.0000e+00 2.2817e+01 -9.2959e-01 0.0000e+00 0.0000e+00 9.2959e-01 2.2542e+01 
36.0 2.1926e+01 -2.0248e+00 0.0000e+00 0.0000e+00 -2.0248e+00 2.1412e+01 0.0000e+00 0.0000e+00 0.0000e+00 0.0000e+00 2.1856e+01 -9.0032e-01 0.0000e+00 0.0000e+00 9.0032e-01 2.1591e+01 
37.0 2.1064e+01 -2.0703e+00 0.0000e+00 0.0000e+00 -2.0703e+00 2.0553e+01 0.0000e+00 0.0000e+00 0.0000e+00 0.0000e+00 2.0938e+01 -8.7209e-01 0.0000e+00 0.0000e+00 8.7209e-01 2.0682e+01 
38.0 2.0240e+01 -2.1139e+00 0.0000e+00 0.0000e+00 -2.1139e+00 1.9733e+01 0.0000e+00 0.0000e+00 0.0000e+00 0.0000e+00 2.0059e+01 -8.4471e-01 0.0000e+00 0.0000e+00 8.4471e-01 1.9812e+01 
39.0 1.9453e+01 -2.1557e+00 0.0000e+00 0.0000e+00 -2.1557e+00 1.8950e+01 0.0000e+00 0.0000e+00 0.0000e+00 0.0000e+00 1.9218e+01 -8.1810e-01 0.0000e+00 0.0000e+00 8.1810e-01 1.8980e+01 
40.0 1.8701e+01 -2.1957e+00 0.0000e+00 0.0000e+00 -2.1957e+00 1.8202e+01 0.0000e+00 0.0000e+00 0.0000e+00 0.0000e+00 1.8413e+01 -7.9223e-01 0.0000e+00 0.0000e+00 7.9223e-01 1.8184e+01 
41.0 1.7983e+01 -2.2338e+00 0.0000e+00 0.0000e+00 -2.2338e+00 1.7486e+01 0.0000e+00 0.0000e+00 0.0000e+00 0.0000e+00 1.7641e+01 -7.6707e-01 0.0000e+00 0.0000e+00 7.6707e-01 1.7421e+01 
42.0 1.7295e+01 -2.2698e+00 0.0000e+00 0.0000e+00 -2.2698e+00 1.6802e+01 0.0000e+00 0.0000e+00 0.0000e+00 0.0000e+00 1.6902e+01 -7.4259e-01 0.0000e+00 0.0000e+00 7.4259e-01 1.6690e+01 
43.0 1.6636e+01 -2.3038e+00 0.0000e+00 0.0000e+00 -2.3038e+00 1.6147e+01 0.0000e+00 0.0000e+00 0.0000e+00 0.0000e+00 1.6192e+01 -7.1869e-01 0.0000e+00 0.0000e+00 7.1869e-01 1.5988e+01 
44.0 1.6004e+01 -2.3357e+00 0.0000e+00 0.0000e+00 -2.3357e+00 1.5519e+01 0.0000e+00 0.0000e+00 0.0000e+00 0.0000e+00 1.5511e+01 -6.9527e-01 0.0000e+00 0.0000e+00 6.9527e-01 1.5315e+01 
45.0 1.5399e+01 -2.3654e+00 0.0000e+00 0.0000e+00 -2.3654e+00 1.4917e+01 0.0000e+00 0.0000e+00 0.0000e+00 0.0000e+00 1.4856e+01 -6.7220e-01 0.0000e+00 0.0000e+00 6.7220e-01 1.4669e+01 
46.0 1.4818e+01 -2.3929e+00 0.0000e+00 0.0000e+00 -2.3929e+00 1.4339e+01 0.0000e+00 0.0000e+00 0.0000e+00 0.0000e+00 1.4228e+01 -6.4937e-01 0.0000e+00 0.0000e+00 6.4937e-01 1.4048e+01 
47.0 1.4262e+01 -2.4184e+00 0.0000e+00 0.0000e+00 -2.4184e+00 1.3786e+01 0.0000e+00 0.0000e+00 0.0000e+00 0.0000e+00 1.3623e+01 -6.2671e-01 0.0000e+00 0.0000e+00 6.2671e-01 1.3452e+01 
48.0 1.3728e+01 -2.4417e+00 0.0000e+00 0.0000e+00 -2.4417e+00 1.3255e+01 0.0000e+00 0.0000e+00 0.0000e+00 0.0000e+00 1.3043e+01 -6.0417e-01 0.0000e+00 0.0000e+00 6.0417e-01 1.2879e+01 
49.0 1.3215e+01 -2.4630e+00 0.0000e+00 0.0000e+00 -2.4630e+00 1.2745e+01 0.0000e+00 0.0000e+00 0.0000e+00 0.0000e+00 1.2484e+01 -5.8173e-01 0.0000e+00 0.0000e+00 5.8173e-01 1.2328e+01 
50.0 1.2724e+01 -2.4823e+00 0.0000e+00 0.0000e+00 -2.4823e+00 1.2257e+01 0.0000e+00 0.0000e+00 0.0000e+00 0.0000e+00 1.1948e+01 -5.5935e-01 0.0000e+00 0.0000e+00 5.5935e-01 1.1799e+01 
51.0 1.2253e+01 -2.4996e+00 0.0000e+00 0.0000e+00 -2.4996e+00 1.1789e+01 0.0000e+00 0.0000e+00 0.0000e+00 0.0000e+00 1.1432e+01 -5.3703e-01 0.0000e+00 0.0000e+00 5.3703e-01 1.1290e+01 
52.0 1.1802e+01 -2.5150e+00 0.0000e+00 0.0000e+00 -2.5150e+00 1.1341e+01 0.0000e+00 0.0000e+00 0.0000e+00 0.0000e+00 1.0936e+01 -5.1475e-01 0.0000e+00 0.0000e+00 5.1475e-01 1.0801e+01 
53.0 1.1370e+01 -2.5286e+00 0.0000e+00 0.0000e+00 -2.5286e+00 1.0911e+01 0.0000e+00 0.0000e+00 0.0000e+00 0.0000e+00 1.0459e+01 -4.9252e-01 0.0000e+00 0.0000e+00 4.9252e-01 1.0332e+01 
54.0 1.0955e+01 -2.5403e+00 0.0000e+00 0.0000e+00 -2.5403e+00 1.0500e+01 0.0000e+00 0.0000e+00 0.0000e+00 0.0000e+00 1.0001e+01 -4.7037e-01 0.0000e+00 0.0000e+00 4.7037e-01 9.8805e+00 
55.0 1.0559e+01 -2.5502e+00 0.0000e+00 0.0000e+00 -2.5502e+00 1.0106e+01 0.0000e+00 0.0000e+00 0.0000e+00 0.0000e+00 9.5606e+00 -4.4835e-01 0.0000e+00 0.0000e+00 4.4835e-01 9.4468e+00 
56.0 1.0178e+01 -2.5584e+00 0.0000e+00 0.0000e+00 -2.5584e+00 9.7280e+00 0.0000e+00 0.0000e+00 0.0000e+00 0.0000e+00 9.1370e+00 -4.2649e-01 0.0000e+00 0.0000e+00 4.2649e-01 9.0300e+00 
57.0 9.8140e+00 -2.5648e+00 0.0000e+00 0.0000e+00 -2.5648e+00 9.3662e+00 0.0000e+00 0.0000e+00 0.0000e+00 0.0000e+00 8.7296e+00 -4.0481e-01 0.0000e+00 0.0000e+00 4.0481e-01 8.6293e+00 
58.0 9.4650e+00 -2.5695e+00 0.0000e+00 0.0000e+00 -2.5695e+00 9.0197e+00 0.0000e+00 0.0000e+00 0.0000e+00 0.0000e+00 8.3378e+00 -3.8332e-01 0.0000e+00 0.0000e+00 3.8332e-01 8.2440e+00 
59.0 9.1306e+00 -2.5725e+00 0.0000e+00 0.0000e+00 -2.5725e+00 8.6877e+00 0.0000e+00 0.0000e+00 0.0000e+00 0.0000e+00 7.9610e+00 -3.6204e-01 0.0000e+00 0.0000e+00 3.6204e-01 7.8736e+00 
60.0 8.8102e+00 -2.5739e+00 0.0000e+00 0.0000e+00 -2.5739e+00 8.3697e+00 0.0000e+00 0.0000e+00 0.0000e+00 0.0000e+00 7.5984e+00 -3.4098e-01 0.0000e+00 0.0000e+00 3.4098e-01 7.5175e+00 
61.0 8.5032e+00 -2.5736e+00 0.0000e+00 0.0000e+00 -2.5736e+00 8.0651e+00 0.0000e+00 0.0000e+00 0.0000e+00 0.0000e+00 7.2496e+00 -3.2015e-01 0.0000e+00 0.0000e+00 3.2015e-01 7.1749e+00 
62.0 8.2092e+00 -2.5718e+00 0.0000e+00 0.0000e+00 -2.5718e+00 7.7734e+00 0.0000e+00 0.0000e+00 0.0000e+00 0.0000e+00 6.9139e+00 -2.9956e-01 0.0000e+00 0.0000e+00 2.9956e-01 6.8455e+00 
63.0 7.9275e+00 -2.5684e+00 0.0000e+00 0.0000e+00 -2.5684e+00 7.4939e+00 0.0000e+00 0.0000e+00 0.0000e+00 0.0000e+00 6.5910e+00 -2.7924e-01 0.0000e+00 0.0000e+00 2.7924e-01 6.5287e+00 
64.0 7.6576e+00 -2.5636e+00 0.0000e+00 0.0000e+00 -2.5636e+00 7.2263e+00 0.0000e+00 0.0000e+00 0.0000e+00 0.0000e+00 6.2802e+00 -2.5923e-01 0.0000e+00 0.0000e+00 2.5923e-01 6.2239e+00 
65.0 7.3992e+00 -2.5573e+00 0.0000e+00 0.0000e+00 -2.5573e+00 6.9700e+00 0.0000e+00 0.0000e+00 0.0000e+00 0.0000e+00 5.9811e+00 -2.3955e-01 0.0000e+00 0.0000e+00 2.3955e-01 5.9308e+00 
66.0 7.1517e+00 -2.5495e+00 0.0000e+00 0.0000e+00 -2.5495e+00 6.7246e+00 0.0000e+00 0.0000e+00 0.0000e+00 0.0000e+00 5.6933e+00 -2.2024e-01 0.0000e+00 0.0000e+00 2.2024e-01 5.6488e+00 
67.0 6.9146e+00 -2.5404e+00 0.0000e+00 0.0000e+00 -2.5404e+00 6.4896e+00 0.0000e+00 0.0000e+00 0.0000e+00 0.0000e+00 5.4161e+00 -2.0131e-01 0.0000e+00 0.0000e+00 2.0131e-01 5.3775e+00 
68.0 6.6876e+00 -2.5299e+00 0.0000e+00 0.0000e+00 -2.5299e+00 6.2646e+00 0.0000e+00 0.0000e+00 0.0000e+00 0.0000e+00 5.1493e+00 -1.8277e-01 0.0000e+00 0.0000e+00 1.8277e-01 5.1164e+00 
69.0 6.4702e+00 -2.5180e+00 0.0000e+00 0.0000e+00 -2.5180e+00 6.0492e+00 0.0000e+00 0.0000e+00 0.0000e+00 0.0000e+00 4.8924e+00 -1.6462e-01 0.0000e+00 0.0000e+00 1.6462e-01 4.8651e+00 
70.0 6.2620e+00 -2.5049e+00 0.0000e+00 0.0000e+00 -2.5049e+00 5.8430e+00 0.0000e+00 0.0000e+00 0.0000e+00 0.0000e+00 4.6449e+00 -1.4687e-01 0.0000e+00 0.0000e+00 1.4687e-01 4.6232e+00 
71.0 6.0627e+00 -2.4906e+00 0.0000e+00 0.0000e+00 -2.4906e+00 5.6456e+00 0.0000e+00 0.0000e+00 0.0000e+00 0.0000e+00 4.4066e+00 -1.2954e-01 0.0000e+00 0.0000e+00 1.2954e-01 4.3904e+00 
72.0 5.8718e+00 -2.4751e+00 0.0000e+00 0.0000e+00 -2.4751e+00 5.4567e+00 0.0000e+00 0.0000e+00 0.0000e+00 0.0000e+00 4.1770e+00 -1.1262e-01 0.0000e+00 0.0000e+00 1.1262e-01 4.1662e+00 
73.0 5.6892e+00 -2.4584e+00 0.0000e+00 0.0000e+00 -2.4584e+00 5.2760e+00 0.0000e+00 0.0000e+00 0.0000e+00 0.0000e+00 3.9558e+00 -9.6142e-02 0.0000e+00 0.0000e+00 9.6142e-02 3.9504e+00 
74.0 5.5144e+00 -2.4407e+00 0.0000e+00 0.0000e+00 -2.4407e+00 5.1032e+00 0.0000e+00 0.0000e+00 0.0000e+00 0.0000e+00 3.7428e+00 -8.0094e-02 0.0000e+00 0.0000e+00 8.0094e-02 3.7426e+00 
75.0 5.3471e+00 -2.4219e+00 0.0000e+00 0.0000e+00 -2.4219e+00 4.9378e+00 0.0000e+00 0.0000e+00 0.0000e+00 0.0000e+00 3.5374e+00 -6.4485e-02 0.0000e+00 0.0000e+00 6.4485e-02 3.5424e+00 
76.0 5.1870e+00 -2.4020e+00 0.0000e+00 0.0000e+00 -2.4020e+00 4.7796e+00 0.0000e+00 0.0000e+00 0.0000e+00 0.0000e+00 3.3395e+00 -4.9312e-02 0.0000e+00 0.0000e+00 4.9312e-02 3.3496e+00 
77.0 5.0338e+00 -2.3812e+00 0.0000e+00 0.0000e+00 -2.3812e+00 4.6284e+00 0.0000e+00 0.0000e+00 0.0000e+00 0.0000e+00 3.1488e+00 -3.4569e-02 0.0000e+00 0.0000e+00 3.4569e-02 3.1639e+00 
78.0 4.8873e+00 -2.3594e+00 0.0000e+00 0.0000e+00 -2.3594e+00 4.4838e+00 0.0000e+00 0.0000e+00 0.0000e+00 0.0000e+00 2.9649e+00 -2.0245e-02 0.0000e+00 0.0000e+00 2.0245e-02 2.9849e+00 
79.0 4.7471e+00 -2.3368e+00 0.0000e+00 0.0000e+00 -2.3368e+00 4.3456e+00 0.0000e+00 0.0000e+00 0.0000e+00 0.0000e+00 2.7876e+00 -6.3356e-03 0.0000e+00 0.0000e+00 6.3356e-03 2.8125e+00 
80.0 4.6131e+00 -2.3132e+00 0.0000e+00 0.0000e+00 -2.3132e+00 4.2135e+00 0.0000e+00 0.0000e+00 0.0000e+00 0.0000e+00 2.6167e+00 7.1631e-03 0.0000e+00 0.0000e+00 -7.1631e-03 2.6464e+00 
81.0 4.4849e+00 -2.2889e+00 0.0000e+00 0.0000e+00 -2.2889e+00 4.0873e+00 0.0000e+00 0.0000e+00 0.0000e+00 0.0000e+00 2.4519e+00 2.0251e-02 0.0000e+00 0.0000e+00 -2.0251e-02 2.4863e+00 
82.0 4.3624e+00 -2.2639e+00 0.0000e+00 0.0000e+00 -2.2639e+00 3.9667e+00 0.0000e+00 0.0000e+00 0.0000e+00 0.0000e+00 2.2930e+00 3.2927e-02 0.0000e+00 0.0000e+00 -3.2927e-02 2.3320e+00 
83.0 4.2453e+00 -2.2381e+00 0.0000e+00 0.0000e+00 -2.2381e+00 3.8516e+00 0.0000e+00 0.0000e+00 0.0000e+00 0.0000e+00 2.1397e+00 4.5196e-02 0.0000e+00 0.0000e+00 -4.5196e-02 2.1832e+00 
84.0 4.1334e+00 -2.2116e+00 0.0000e+00 0.0000e+00 -2.2116e+00 3.7416e+00 0.0000e+00 0.0000e+00 0.0000e+00 0.0000e+00 1.9919e+00 5.7061e-02 0.0000e+00 0.0000e+00 -5.7061e-02 2.0398e+00 
85.0 4.0265e+00 -2.1845e+00 0.0000e+00 0.0000e+00 -2.1845e+00 3.6367e+00 0.0000e+00 0.0000e+00 0.0000e+00 0.0000e+00 1.8493e+00 6.8529e-02 0.0000e+00 0.0000e+00 -6.8529e-02 1.9016e+00 
86.0 3.9243e+00 -2.1567e+00 0.0000e+00 0.0000e+00 -2.1567e+00 3.5365e+00 0.0000e+00 0.0000e+00 0.0000e+00 0.0000e+00 1.7117e+00 7.9604e-02 0.0000e+00 0.0000e+00 -7.9604e-02 1.7682e+00 
87.0 3.8268e+00 -2.1284e+00 0.0000e+00 0.0000e+00 -2.1284e+00 3.4409e+00 0.0000e+00 0.0000e+00 0.0000e+00 0.0000e+00 1.5789e+00 9.0289e-02 0.0000e+00 0.0000e+00 -9.0289e-02 1.6397e+00 
88.0 3.7336e+00 -2.0996e+00 0.0000e+00 0.0000e+00 -2.0996e+00 3.3498e+00 0.0000e+00 0.0000e+00 0.0000e+00 0.0000e+00 1.4508e+00 1.0058e-01 0.0000e+00 0.0000e+00 -1.0058e-01 1.5157e+00 
89.0 3.6447e+00 -2.0703e+00 0.0000e+00 0.0000e+00 -2.0703e+00 3.2629e+00 0.0000e+00 0.0000e+00 0.0000e+00 0.0000e+00 1.3272e+00 1.1049e-01 0.0000e+00 0.0000e+00 -1.1049e-01 1.3961e+00 
90.0 3.5599e+00 -2.0405e+00 0.0000e+00 0.0000e+00 -2.0405e+00 3.1800e+00 0.0000e+00 0.0000e+00 0.0000e+00 0.0000e+00 1.2079e+00 1.1999e-01 0.0000e+00 0.0000e+00 -1.1999e-01 1.2807e+00 
91.0 3.4789e+00 -2.0104e+00 0.0000e+00 0.0000e+00 -2.0104e+00 3.1011e+00 0.0000e+00 0.0000e+00 0.0000e+00 0.0000e+00 1.0928e+00 1.2910e-01 0.0000e+00 0.0000e+00 -1.2910e-01 1.1693e+00 
92.0 3.4017e+00 -1.9798e+00 0.0000e+00 0.0000e+00 -1.9798e+00 3.0260e+00 0.0000e+00 0.0000e+00 0.0000e+00 0.0000e+00 9.8167e-01 1.3780e-01 0.0000e+00 0.0000e+00 -1.3780e-01 1.0619e+00 
93.0 3.3281e+00 -1.9489e+00 0.0000e+00 0.0000e+00 -1.9489e+00 2.9544e+00 0.0000e+00 0.0000e+00 0.0000e+00 0.0000e+00 8.7438e-01 1.4610e-01 0.0000e+00 0.0000e+00 -1.4610e-01 9.5820e-01 
94.0 3.2579e+00 -1.9176e+00 0.0000e+00 0.0000e+00 -1.9176e+00 2.8863e+00 0.0000e+00 0.0000e+00 0.0000e+00 0.0000e+00 7.7080e-01 1.5400e-01 0.0000e+00 0.0000e+00 -1.5400e-01 8.5809e-01 
95.0 3.1910e+00 -1.8859e+00 0.0000e+00 0.0000e+00 -1.8859e+00 2.8216e+00 0.0000e+00 0.0000e+00 0.0000e+00 0.0000e+00 6.7078e-01 1.6149e-01 0.0000e+00 0.0000e+00 -1.6149e-01 7.6144e-01 
96.0 3.1273e+00 -1.8540e+00 0.0000e+00 0.0000e+00 -1.8540e+00 2.7600e+00 0.0000e+00 0.0000e+00 0.0000e+00 0.0000e+00 5.7419e-01 1.6859e-01 0.0000e+00 0.0000e+00 -1.6859e-01 6.6809e-01 
97.0 3.0667e+00 -1.8218e+00 0.0000e+00 0.0000e+00 -1.8218e+00 2.7015e+00 0.0000e+00 0.0000e+00 0.0000e+00 0.0000e+00 4.8090e-01 1.7530e-01 0.0000e+00 0.0000e+00 -1.7530e-01 5.7792e-01 
98.0 3.0090e+00 -1.7893e+00 0.0000e+00 0.0000e+00 -1.7893e+00 2.6460e+00 0.0000e+00 0.0000e+00 0.0000e+00 0.0000e+00 3.9078e-01 1.8163e-01 0.0000e+00 0.0000e+00 -1.8163e-01 4.9081e-01 
99.0 2.9541e+00 -1.7566e+00 0.0000e+00 0.0000e+00 -1.7566e+00 2.5933e+00 0.0000e+00 0.0000e+00 0.0000e+00 0.0000e+00 3.0372e-01 1.8759e-01 0.0000e+00 0.0000e+00 -1.8759e-01 4.0662e-01 
100.0 2.9019e+00 -1.7237e+00 0.0000e+00 0.0000e+00 -1.7237e+00 2.5434e+00 0.0000e+00 0.0000e+00 0.0000e+00 0.0000e+00 2.1961e-01 1.9318e-01 0.0000e+00 0.0000e+00 -1.9318e-01 3.2526e-01 
101.0 2.8523e+00 -1.6905e+00 0.0000e+00 0.0000e+00 -1.6905e+00 2.4961e+00 0.0000e+00 0.0000e+00 0.0000e+00 0.0000e+00 1.3834e-01 1.9841e-01 0.0000e+00 0.0000e+00 -1.9841e-01 2.4660e-01 
102.0 2.8052e+00 -1.6572e+00 0.0000e+00 0.0000e+00 -1.6572e+00 2.4514e+00 0.0000e+00 0.0000e+00 0.0000e+00 0.0000e+00 5.9795e-02 2.0329e-01 0.0000e+00 0.0000e+00 -2.0329e-01 1.7055e-01 
103.0 2.7605e+00 -1.6237e+00 0.0000e+00 0.0000e+00 -1.6237e+00 2.4091e+00 0.0000e+00 0.0000e+00 0.0000e+00 0.0000e+00 -1.6120e-02 2.0783e-01 0.0000e+00 0.0000e+00 -2.0783e-01 9.6991e-02 
104.0 2.7182e+00 -1.5901e+00 0.0000e+00 0.0000e+00 -1.5901e+00 2.3692e+00 0.0000e+00 0.0000e+00 0.0000e+00 0.0000e+00 -8.9506e-02 2.1202e-01 0.0000e+00 0.0000e+00 -2.1202e-01 2.5836e-02 
105.0 2.6780e+00 -1.5563e+00 0.0000e+00 0.0000e+00 -1.5563e+00 2.3316e+00 0.0000e+00 0.0000e+00 0.0000e+00 0.0000e+00 -1.6046e-01 2.1589e-01 0.0000e+00 0.0000e+00 -2.1589e-01 -4.3015e-02 
106.0 2.6401e+00 -1.5224e+00 0.0000e+00 0.0000e+00 -1.5224e+00 2.2961e+00 0.0000e+00 0.0000e+00 0.0000e+00 0.0000e+00 -2.2907e-01 2.1943e-01 0.0000e+00 0.0000e+00 -2.1943e-01 -1.0965e-01 
107.0 2.6041e+00 -1.4884e+00 0.0000e+00 0.0000e+00 -1.4884e+00 2.2628e+00 0.0000e+00 0.0000e+00 0.0000e+00 0.0000e+00 -2.9542e-01 2.2266e-01 0.0000e+00 0.0000e+00 -2.2266e-01 -1.7416e-01 
108.0 2.5702e+00 -1.4544e+00 0.0000e+00 0.0000e+00 -1.4544e+00 2.2314e+00 0.0000e+00 0.0000e+00 0.0000e+00 0.0000e+00 -3.5960e-01 2.2558e-01 0.0000e+00 0.0000e+00 -2.2558e-01 -2.3662e-01 
109.0 2.5382e+00 -1.4202e+00 0.0000e+00 0.0000e+00 -1.4202e+00 2.2021e+00 0.0000e+00 0.0000e+00 0.0000e+00 0.0000e+00 -4.2169e-01 2.2821e-01 0.0000e+00 0.0000e+00 -2.2821e-01 -2.9712e-01 
110.0 2.5080e+00 -1.3861e+00 0.0000e+00 0.0000e+00 -1.3861e+00 2.1746e+00 0.0000e+00 0.0000e+00 0.0000e+00 0.0000e+00 -4.8178e-01 2.3056e-01 0.0000e+00 0.0000e+00 -2.3056e-01 -3.5573e-01 
111.0 2.4796e+00 -1.3519e+00 0.0000e+00 0.0000e+00 -1.3519e+00 2.1489e+00 0.0000e+00 0.0000e+00 0.0000e+00 0.0000e+00 -5.3993e-01 2.3264e-01 0.0000e+00 0.0000e+00 -2.3264e-01 -4.1251e-01 
112.0 2.4529e+00 -1.3177e+00 0.0000e+00 0.0000e+00 -1.3177e+00 2.1250e+00 0.0000e+00 0.0000e+00 0.0000e+00 0.0000e+00 -5.9621e-01 2.3445e-01 0.0000e+00 0.0000e+00 -2.3445e-01 -4.6755e-01 
113.0 2.4278e+00 -1.2835e+00 0.0000e+00 0.0000e+00 -1.2835e+00 2.1028e+00 0.0000e+00 0.0000e+00 0.0000e+00 0.0000e+00 -6.5069e-01 2.3601e-01 0.0000e+00 0.0000e+00 -2.3601e-01 -5.2089e-01 
114.0 2.4044e+00 -1.2494e+00 0.0000e+00 0.0000e+00 -1.2494e+00 2.0822e+00 0.0000e+00 0.0000e+00 0.0000e+00 0.0000e+00 -7.0345e-01 2.3732e-01 0.0000e+00 0.0000e+00 -2.3732e-01 -5.7261e-01 
115.0 2.3824e+00 -1.2153e+00 0.0000e+00 0.0000e+00 -1.2153e+00 2.0632e+00 0.0000e+00 0.0000e+00 0.0000e+00 0.0000e+00 -7.5454e-01 2.3840e-01 0.0000e+00 0.0000e+00 -2.3840e-01 -6.2276e-01 
116.0 2.3620e+00 -1.1813e+00 0.0000e+00 0.0000e+00 -1.1813e+00 2.0457e+00 0.0000e+00 0.0000e+00 0.0000e+00 0.0000e+00 -8.0402e-01 2.3924e-01 0.0000e+00 0.0000e+00 -2.3924e-01 -6.7140e-01 
117.0 2.3430e+00 -1.1475e+00 0.0000e+00 0.0000e+00 -1.1475e+00 2.0296e+00 0.0000e+00 0.0000e+00 0.0000e+00 0.0000e+00 -8.5195e-01 2.3986e-01 0.0000e+00 0.0000e+00 -2.3986e-01 -7.1857e-01 
118.0 2.3253e+00 -1.1137e+00 0.0000e+00 0.0000e+00 -1.1137e+00 2.0149e+00 0.0000e+00 0.0000e+00 0.0000e+00 0.0000e+00 -8.9839e-01 2.4026e-01 0.0000e+00 0.0000e+00 -2.4026e-01 -7.6433e-01 
119.0 2.3090e+00 -1.0801e+00 0.0000e+00 0.0000e+00 -1.0801e+00 2.0016e+00 0.0000e+00 0.0000e+00 0.0000e+00 0.0000e+00 -9.4339e-01 2.4044e-01 0.0000e+00 0.0000e+00 -2.4044e-01 -8.0872e-01 
120.0 2.2940e+00 -1.0467e+00 0.0000e+00 0.0000e+00 -1.0467e+00 1.9896e+00 0.0000e+00 0.0000e+00 0.0000e+00 0.0000e+00 -9.8700e-01 2.4041e-01 0.0000e+00 0.0000e+00 -2.4041e-01 -8.5179e-01 
121.0 2.2802e+00 -1.0134e+00 0.0000e+00 0.0000e+00 -1.0134e+00 1.9788e+00 0.0000e+00 0.0000e+00 0.0000e+00 0.0000e+00 -1.0293e+00 2.4016e-01 0.0000e+00 0.0000e+00 -2.4016e-01 -8.9358e-01 
122.0 2.2675e+00 -9.8039e-01 0.0000e+00 0.0000e+00 -9.8039e-01 1.9692e+00 0.0000e+00 0.0000e+00 0.0000e+00 0.0000e+00 -1.0703e+00 2.3970e-01 0.0000e+00 0.0000e+00 -2.3970e-01 -9.3414e-01 
123.0 2.2561e+00 -9.4759e-01 0.0000e+00 0.0000e+00 -9.4759e-01 1.9607e+00 0.0000e+00 0.0000e+00 0.0000e+00 0.0000e+00 -1.1100e+00 2.3903e-01 0.0000e+00 0.0000e+00 -2.3903e-01 -9.7349e-01 
124.0 2.2457e+00 -9.1503e-01 0.0000e+00 0.0000e+00 -9.1503e-01 1.9533e+00 0.0000e+00 0.0000e+00 0.0000e+00 0.0000e+00 -1.1485e+00 2.3814e-01 0.0000e+00 0.0000e+00 -2.3814e-01 -1.0117e+00 
125.0 2.2364e+00 -8.8274e-01 0.0000e+00 0.0000e+00 -8.8274e-01 1.9470e+00 0.0000e+00 0.0000e+00 0.0000e+00 0.0000e+00 -1.1859e+00 2.3704e-01 0.0000e+00 0.0000e+00 -2.3704e-01 -1.0487e+00 
126.0 2.2281e+00 -8.5074e-01 0.0000e+00 0.0000e+00 -8.5074e-01 1.9416e+00 0.0000e+00 0.0000e+00 0.0000e+00 0.0000e+00 -1.2222e+00 2.3573e-01 0.0000e+00 0.0000e+00 -2.3573e-01 -1.0847e+00 
127.0 2.2207e+00 -8.1905e-01 0.0000e+00 0.0000e+00 -8.1905e-01 1.9372e+00 0.0000e+00 0.0000e+00 0.0000e+00 0.0000e+00 -1.2574e+00 2.3421e-01 0.0000e+00 0.0000e+00 -2.3421e-01 -1.1196e+00 
128.0 2.2143e+00 -7.8768e-01 0.0000e+00 0.0000e+00 -7.8768e-01 1.9337e+00 0.0000e+00 0.0000e+00 0.0000e+00 0.0000e+00 -1.2915e+00 2.3247e-01 0.0000e+00 0.0000e+00 -2.3247e-01 -1.1535e+00 
129.0 2.2088e+00 -7.5666e-01 0.0000e+00 0.0000e+00 -7.5666e-01 1.9311e+00 0.0000e+00 0.0000e+00 0.0000e+00 0.0000e+00 -1.3246e+00 2.3052e-01 0.0000e+00 0.0000e+00 -2.3052e-01 -1.1864e+00 
130.0 2.2041e+00 -7.2600e-01 0.0000e+00 0.0000e+00 -7.2600e-01 1.9293e+00 0.0000e+00 0.0000e+00 0.0000e+00 0.0000e+00 -1.3568e+00 2.2835e-01 0.0000e+00 0.0000e+00 -2.2835e-01 -1.2184e+00 
131.0 2.2003e+00 -6.9572e-01 0.0000e+00 0.0000e+00 -6.9572e-01 1.9283e+00 0.0000e+00 0.0000e+00 0.0000e+00 0.0000e+00 -1.3880e+00 2.2595e-01 0.0000e+00 0.0000e+00 -2.2595e-01 -1.2494e+00 
132.0 2.1972e+00 -6.6584e-01 0.0000e+00 0.0000e+00 -6.6584e-01 1.9280e+00 0.0000e+00 0.0000e+00 0.0000e+00 0.0000e+00 -1.4183e+00 2.2332e-01 0.0000e+00 0.0000e+00 -2.2332e-01 -1.2795e+00 
133.0 2.1949e+00 -6.3635e-01 0.0000e+00 0.0000e+00 -6.3635e-01 1.9285e+00 0.0000e+00 0.0000e+00 0.0000e+00 0.0000e+00 -1.4477e+00 2.2047e-01 0.0000e+00 0.0000e+00 -2.2047e-01 -1.3088e+00 
134.0 2.1933e+00 -6.0728e-01 0.0000e+00 0.0000e+00 -6.0728e-01 1.9296e+00 0.0000e+00 0.0000e+00 0.0000e+00 0.0000e+00 -1.4762e+00 2.1738e-01 0.0000e+00 0.0000e+00 -2.1738e-01 -1.3372e+00 
135.0 2.1923e+00 -5.7862e-01 0.0000e+00 0.0000e+00 -5.7862e-01 1.9314e+00 0.0000e+00 0.0000e+00 0.0000e+00 0.0000e+00 -1.5040e+00 2.1406e-01 0.0000e+00 0.0000e+00 -2.1406e-01 -1.3647e+00 
136.0 2.1920e+00 -5.5039e-01 0.0000e+00 0.0000e+00 -5.5039e-01 1.9339e+00 0.0000e+00 0.0000e+00 0.0000e+00 0.0000e+00 -1.5309e+00 2.1050e-01 0.0000e+00 0.0000e+00 -2.1050e-01 -1.3915e+00 
137.0 2.1924e+00 -5.2261e-01 0.0000e+00 0.0000e+00 -5.2261e-01 1.9369e+00 0.0000e+00 0.0000e+00 0.0000e+00 0.0000e+00 -1.5570e+00 2.0671e-01 0.0000e+00 0.0000e+00 -2.0671e-01 -1.4175e+00 
138.0 2.1933e+00 -4.9527e-01 0.0000e+00 0.0000e+00 -4.9527e-01 1.9404e+00 0.0000e+00 0.0000e+00 0.0000e+00 0.0000e+00 -1.5824e+00 2.0268e-01 0.0000e+00 0.0000e+00 -2.0268e-01 -1.4427e+00 
139.0 2.1949e+00 -4.6840e-01 0.0000e+00 0.0000e+00 -4.6840e-01 1.9446e+00 0.0000e+00 0.0000e+00 0.0000e+00 0.0000e+00 -1.6070e+00 1.9843e-01 0.0000e+00 0.0000e+00 -1.9843e-01 -1.4672e+00 
140.0 2.1970e+00 -4.4199e-01 0.0000e+00 0.0000e+00 -4.4199e-01 1.9492e+00 0.0000e+00 0.0000e+00 0.0000e+00 0.0000e+00 -1.6310e+00 1.9396e-01 0.0000e+00 0.0000e+00 -1.9396e-01 -1.4910e+00 
141.0 2.1996e+00 -4.1605e-01 0.0000e+00 0.0000e+00 -4.1605e-01 1.9544e+00 0.0000e+00 0.0000e+00 0.0000e+00 0.0000e+00 -1.6542e+00 1.8927e-01 0.0000e+00 0.0000e+00 -1.8927e-01 -1.5141e+00 
142.0 2.2028e+00 -3.9061e-01 0.0000e+00 0.0000e+00 -3.9061e-01 1.9600e+00 0.0000e+00 0.0000e+00 0.0000e+00 0.0000e+00 -1.6768e+00 1.8439e-01 0.0000e+00 0.0000e+00 -1.8439e-01 -1.5366e+00 
143.0 2.2065e+00 -3.6566e-01 0.0000e+00 0.0000e+00 -3.6566e-01 1.9661e+00 0.0000e+00 0.0000e+00 0.0000e+00 0.0000e+00 -1.6987e+00 1.7931e-01 0.0000e+00 0.0000e+00 -1.7931e-01 -1.5583e+00 
144.0 2.2107e+00 -3.4122e-01 0.0000e+00 0.0000e+00 -3.4122e-01 1.9727e+00 0.0000e+00 0.0000e+00 0.0000e+00 0.0000e+00 -1.7200e+00 1.7403e-01 0.0000e+00 0.0000e+00 -1.7403e-01 -1.5795e+00 
145.0 2.2154e+00 -3.1730e-01 0.0000e+00 0.0000e+00 -3.1730e-01 1.9797e+00 0.0000e+00 0.0000e+00 0.0000e+00 0.0000e+00 -1.7407e+00 1.6855e-01 0.0000e+00 0.0000e+00 -1.6855e-01 -1.5999e+00 
146.0 2.2206e+00 -2.9392e-01 0.0000e+00 0.0000e+00 -2.9392e-01 1.9871e+00 0.0000e+00 0.0000e+00 0.0000e+00 0.0000e+00 -1.7608e+00 1.6287e-01 0.0000e+00 0.0000e+00 -1.6287e-01 -1.6198e+00 
147.0 2.2262e+00 -2.7109e-01 0.0000e+00 0.0000e+00 -2.7109e-01 1.9949e+00 0.0000e+00 0.0000e+00 0.0000e+00 0.0000e+00 -1.7803e+00 1.5696e-01 0.0000e+00 0.0000e+00 -1.5696e-01 -1.6390e+00 
148.0 2.2322e+00 -2.4885e-01 0.0000e+00 0.0000e+00 -2.4885e-01 2.0030e+00 0.0000e+00 0.0000e+00 0.0000e+00 0.0000e+00 -1.7992e+00 1.5084e-01 0.0000e+00 0.0000e+00 -1.5084e-01 -1.6576e+00 
149.0 2.2387e+00 -2.2720e-01 0.0000e+00 0.0000e+00 -2.2720e-01 2.0114e+00 0.0000e+00 0.0000e+00 0.0000e+00 0.0000e+00 -1.8177e+00 1.4447e-01 0.0000e+00 0.0000e+00 -1.4447e-01 -1.6757e+00 
150.0 2.2455e+00 -2.0620e-01 0.0000e+00 0.0000e+00 -2.0620e-01 2.0201e+00 0.0000e+00 0.0000e+00 0.0000e+00 0.0000e+00 -1.8357e+00 1.3784e-01 0.0000e+00 0.0000e+00 -1.3784e-01 -1.6932e+00 
151.0 2.2527e+00 -1.8590e-01 0.0000e+00 0.0000e+00 -1.8590e-01 2.0290e+00 0.0000e+00 0.0000e+00 0.0000e+00 0.0000e+00 -1.8533e+00 1.3093e-01 0.0000e+00 0.0000e+00 -1.3093e-01 -1.7102e+00 
152.0 2.2602e+00 -1.6636e-01 0.0000e+00 0.0000e+00 -1.6636e-01 2.0381e+00 0.0000e+00 0.0000e+00 0.0000e+00 0.0000e+00 -1.8705e+00 1.2368e-01 0.0000e+00 0.0000e+00 -1.2368e-01 -1.7267e+00 
153.0 2.2679e+00 -1.4766e-01 0.0000e+00 0.0000e+00 -1.4766e-01 2.0472e+00 0.0000e+00 0.0000e+00 0.0000e+00 0.0000e+00 -1.8873e+00 1.1603e-01 0.0000e+00 0.0000e+00 -1.1603e-01 -1.7426e+00 
154.0 2.2759e+00 -1.2989e-01 0.0000e+00 0.0000e+00 -1.2989e-01 2.0562e+00 0.0000e+00 0.0000e+00 0.0000e+00 0.0000e+00 -1.9039e+00 1.0792e-01 0.0000e+00 0.0000e+00 -1.0792e-01 -1.7581e+00 
155.0 2.2840e+00 -1.1312e-01 0.0000e+00 0.0000e+00 -1.1312e-01 2.0652e+00 0.0000e+00 0.0000e+00 0.0000e+00 0.0000e+00 -1.9203e+00 9.9284e-02 0.0000e+00 0.0000e+00 -9.9284e-02 -1.7731e+00 
156.0 2.2923e+00 -9.7442e-02 0.0000e+00 0.0000e+00 -9.7442e-02 2.0740e+00 0.0000e+00 0.0000e+00 0.0000e+00 0.0000e+00 -1.9365e+00 9.0104e-02 0.0000e+00 0.0000e+00 -9.0104e-02 -1.7876e+00 
157.0 2.3007e+00 -8.2910e-02 0.0000e+00 0.0000e+00 -8.2910e-02 2.0826e+00 0.0000e+00 0.0000e+00 0.0000e+00 0.0000e+00 -1.9526e+00 8.0375e-02 0.0000e+00 0.0000e+00 -8.0375e-02 -1.8015e+00 
158.0 2.3094e+00 -6.9590e-02 0.0000e+00 0.0000e+00 -6.9590e-02 2.0910e+00 0.0000e+00 0.0000e+00 0.0000e+00 0.0000e+00 -1.9686e+00 7.0124e-02 0.0000e+00 0.0000e+00 -7.0124e-02 -1.8149e+00 
159.0 2.3184e+00 -5.7532e-02 0.0000e+00 0.0000e+00 -5.7532e-02 2.0991e+00 0.0000e+00 0.0000e+00 0.0000e+00 0.0000e+00 -1.9847e+00 5.9393e-02 0.0000e+00 0.0000e+00 -5.9393e-02 -1.8277e+00 
160.0 2.3277e+00 -4.6769e-02 0.0000e+00 0.0000e+00 -4.6769e-02 2.1070e+00 0.0000e+00 0.0000e+00 0.0000e+00 0.0000e+00 -2.0009e+00 4.8245e-02 0.0000e+00 0.0000e+00 -4.8245e-02 -1.8399e+00 
161.0 2.3375e+00 -3.7318e-02 0.0000e+00 0.0000e+00 -3.7318e-02 2.1147e+00 0.0000e+00 0.0000e+00 0.0000e+00 0.0000e+00 -2.0173e+00 3.6770e-02 0.0000e+00 0.0000e+00 -3.6770e-02 -1.8515e+00 
162.0 2.3480e+00 -2.9174e-02 0.0000e+00 0.0000e+00 -2.9174e-02 2.1223e+00 0.0000e+00 0.0000e+00 0.0000e+00 0.0000e+00 -2.0340e+00 2.5092e-02 0.0000e+00 0.0000e+00 -2.5092e-02 -1.8624e+00 
163.0 2.3595e+00 -2.2315e-02 0.0000e+00 0.0000e+00 -2.2315e-02 2.1298e+00 0.0000e+00 0.0000e+00 0.0000e+00 0.0000e+00 -2.0513e+00 1.3368e-02 0.0000e+00 0.0000e+00 -1.3368e-02 -1.8728e+00 
164.0 2.3720e+00 -1.6702e-02 0.0000e+00 0.0000e+00 -1.6702e-02 2.1375e+00 0.0000e+00 0.0000e+00 0.0000e+00 0.0000e+00 -2.0692e+00 1.7957e-03 0.0000e+00 0.0000e+00 -1.7957e-03 -1.8825e+00 
165.0 2.3861e+00 -1.2281e-02 0.0000e+00 0.0000e+00 -1.2281e-02 2.1454e+00 0.0000e+00 0.0000e+00 0.0000e+00 0.0000e+00 -2.0879e+00 -9.3831e-03 0.0000e+00 0.0000e+00 9.3831e-03 -1.8915e+00 
166.0 2.4019e+00 -8.9787e-03 0.0000e+00 0.0000e+00 -8.9787e-03 2.1538e+00 0.0000e+00 0.0000e+00 0.0000e+00 0.0000e+00 -2.1075e+00 -1.9886e-02 0.0000e+00 0.0000e+00 1.9886e-02 -1.9000e+00 
167.0 2.4198e+00 -6.7008e-03 0.0000e+00 0.0000e+00 -6.7008e-03 2.1629e+00 0.0000e+00 0.0000e+00 0.0000e+00 0.0000e+00 -2.1283e+00 -2.9401e-02 0.0000e+00 0.0000e+00 2.9401e-02 -1.9078e+00 
168.0 2.4402e+00 -5.3284e-03 0.0000e+00 0.0000e+00 -5.3284e-03 2.1729e+00 0.0000e+00 0.0000e+00 0.0000e+00 0.0000e+00 -2.1502e+00 -3.7589e-02 0.0000e+00 0.0000e+00 3.7589e-02 -1.9150e+00 
169.0 2.4633e+00 -4.7127e-03 0.0000e+00 0.0000e+00 -4.7127e-03 2.1840e+00 0.0000e+00 0.0000e+00 0.0000e+00 0.0000e+00 -2.1733e+00 -4.4085e-02 0.0000e+00 0.0000e+00 4.4085e-02 -1.9215e+00 
170.0 2.4895e+00 -4.6701e-03 0.0000e+00 0.0000e+00 -4.6701e-03 2.1965e+00 0.0000e+00 0.0000e+00 0.0000e+00 0.0000e+00 -2.1978e+00 -4.8498e-02 0.0000e+00 0.0000e+00 4.8498e-02 -1.9273e+00 
171.0 2.5189e+00 -4.9767e-03 0.0000e+00 0.0000e+00 -4.9767e-03 2.2105e+00 0.0000e+00 0.0000e+00 0.0000e+00 0.0000e+00 -2.2233e+00 -5.0430e-02 0.0000e+00 0.0000e+00 5.0430e-02 -1.9324e+00 
172.0 2.5516e+00 -5.3710e-03 0.0000e+00 0.0000e+00 -5.3710e-03 2.2263e+00 0.0000e+00 0.0000e+00 0.0000e+00 0.0000e+00 -2.2498e+00 -4.9524e-02 0.0000e+00 0.0000e+00 4.9524e-02 -1.9369e+00 
173.0 2.5871e+00 -5.5744e-03 0.0000e+00 0.0000e+00 -5.5744e-03 2.2439e+00 0.0000e+00 0.0000e+00 0.0000e+00 0.0000e+00 -2.2767e+00 -4.5582e-02 0.0000e+00 0.0000e+00 4.5582e-02 -1.9407e+00 
174.0 2.6247e+00 -5.3443e-03 0.0000e+00 0.0000e+00 -5.3443e-03 2.2629e+00 0.0000e+00 0.0000e+00 0.0000e+00 0.0000e+00 -2.3033e+00 -3.8714e-02 0.0000e+00 0.0000e+00 3.8714e-02 -1.9438e+00 
175.0 2.6624e+00 -4.5501e-03 0.0000e+00 0.0000e+00 -4.5501e-03 2.2825e+00 0.0000e+00 0.0000e+00 0.0000e+00 0.0000e+00 -2.3284e+00 -2.9524e-02 0.0000e+00 0.0000e+00 2.9524e-02 -1.9464e+00 
176.0 2.6976e+00 -3.2517e-03 0.0000e+00 0.0000e+00 -3.2517e-03 2.3013e+00 0.0000e+00 0.0000e+00 0.0000e+00 0.0000e+00 -2.3505e+00 -1.9232e-02 0.0000e+00 0.0000e+00 1.9232e-02 -1.9483e+00 
177.0 2.7269e+00 -1.7401e-03 0.0000e+00 0.0000e+00 -1.7401e-03 2.3172e+00 0.0000e+00 0.0000e+00 0.0000e+00 0.0000e+00 -2.3681e+00 -9.6124e-03 0.0000e+00 0.0000e+00 9.6124e-03 -1.9497e+00 
178.0 2.7466e+00 -4.9642e-04 0.0000e+00 0.0000e+00 -4.9642e-04 2.3282e+00 0.0000e+00 0.0000e+00 0.0000e+00 0.0000e+00 -2.3795e+00 -2.6701e-03 0.0000e+00 0.0000e+00 2.6701e-03 -1.9504e+00 
179.0 2.7539e+00 -6.7546e-21 0.0000e+00 0.0000e+00 -6.7546e-21 2.3322e+00 0.0000e+00 0.0000e+00 0.0000e+00 0.0000e+00 -2.3836e+00 -3.3080e-20 0.0000e+00 0.0000e+00 3.3080e-20 -1.9508e+00 
180.0 2.7608e+00 0.0000e+00 0.0000e+00 0.0000e+00 0.0000e+00 2.3361e+00 0.0000e+00 0.0000e+00 0.0000e+00 0.0000e+00 -2.3875e+00 0.0000e+00 0.0000e+00 0.0000e+00 -0.0000e+00 -1.9510e+00 
