1.8003 1.8684 0.0681 0.088393
theta s11 s12 s13 s14 s21 s22 s23 s24 s31 s32 s33 s34 s41 s42 s43 s44
0.0 7.2329e+02 0.0000e+00 0.0000e+00 0.0000e+00 0.0000e+00 7.2238e+02 0.0000e+00 0.0000e+00 0.0000e+00 0.0000e+00 7.2238e+02 0.0000e+00 0.0000e+00 0.0000e+00 -0.0000e+00 7.2146e+02 
1.0 6.7205e+02 -8.1441e-03 0.0000e+00 0.0000e+00 -8.1441e-03 6.7114e+02 0.0000e+00 0.0000e+00 0.0000e+00 0.0000e+00 6.7114e+02 -2.8588e-01 0.0000e+00 0.0000e+00 2.8588e-01 6.7024e+02 
2.0 5.8526e+02 -5.4416e-03 0.0000e+00 0.0000e+00 -5.4416e-03 5.8436e+02 0.0000e+00 0.0000e+00 0.0000e+00 0.0000e+00 5.8436e+02 -1.0332e+00 0.0000e+00 0.0000e+00 1.0332e+00 5.8348e+02 
3.0 5.0327e+02 2.0819e-02 0.0000e+00 0.0000e+00 2.0819e-02 5.0240e+02 0.0000e+00 0.0000e+00 0.0000e+00 0.0000e+00 5.0238e+02 -2.0028e+00 0.0000e+00 0.0000e+00 2.0028e+00 5.0154e+02 
4.0 4.3039e+02 6.2517e-02 0.0000e+00 0.0000e+00 6.2517e-02 4.2953e+02 0.0000e+00 0.0000e+00 0.0000e+00 0.0000e+00 4.2950e+02 -2.9807e+00 0.0000e+00 0.0000e+00 2.9807e+00 4.2870e+02 
5.0 3.6685e+02 1.0912e-01 0.0000e+00 0.0000e+00 1.0912e-01 3.6603e+02 0.0000e+00 0.0000e+00 0.0000e+00 0.0000e+00 3.6597e+02 -3.8369e+00 0.0000e+00 0.0000e+00 3.8369e+00 3.6521e+02 
6.0 3.1224e+02 1.5102e-01 0.0000e+00 0.0000e+00 1.5102e-01 3.1143e+02 0.0000e+00 0.0000e+00 0.0000e+00 0.0000e+00 3.1134e+02 -4.5036e+00 0.0000e+00 0.0000e+00 4.5036e+00 3.1063e+02 
7.0 2.6588e+02 1.8092e-01 0.0000e+00 0.0000e+00 1.8092e-01 2.6510e+02 0.0000e+00 0.0000e+00 0.0000e+00 0.0000e+00 2.6496e+02 -4.9550e+00 0.0000e+00 0.0000e+00 4.9550e+00 2.6430e+02 
8.0 2.2699e+02 1.9522e-01 0.0000e+00 0.0000e+00 1.9522e-01 2.2622e+02 0.0000e+00 0.0000e+00 0.0000e+00 0.0000e+00 2.2604e+02 -5.1982e+00 0.0000e+00 0.0000e+00 5.1982e+00 2.2543e+02 
9.0 1.9467e+02 1.9337e-01 0.0000e+00 0.0000e+00 1.9337e-01 1.9392e+02 0.0000e+00 0.0000e+00 0.0000e+00 0.0000e+00 1.9369e+02 -5.2617e+00 0.0000e+00 0.0000e+00 5.2617e+00 1.9312e+02 
10.0 1.6801e+02 1.7675e-01 0.0000e+00 0.0000e+00 1.7675e-01 1.6727e+02 0.0000e+00 0.0000e+00 0.0000e+00 0.0000e+00 1.6699e+02 -5.1825e+00 0.0000e+00 0.0000e+00 5.1825e+00 1.6646e+02 
11.0 1.4608e+02 1.4717e-01 0.0000e+00 0.0000e+00 1.4717e-01 1.4535e+02 0.0000e+00 0.0000e+00 0.0000e+00 0.0000e+00 1.4503e+02 -4.9990e+00 0.0000e+00 0.0000e+00 4.9990e+00 1.4454e+02 
12.0 1.2807e+02 1.0711e-01 0.0000e+00 0.0000e+00 1.0711e-01 1.2734e+02 0.0000e+00 0.0000e+00 0.0000e+00 0.0000e+00 1.2699e+02 -4.7453e+00 0.0000e+00 0.0000e+00 4.7453e+00 1.2653e+02 
13.0 1.1326e+02 5.8712e-02 0.0000e+00 0.0000e+00 5.8712e-02 1.1254e+02 0.0000e+00 0.0000e+00 0.0000e+00 0.0000e+00 1.1215e+02 -4.4483e+00 0.0000e+00 0.0000e+00 4.4483e+00 1.1173e+02 
14.0 1.0104e+02 6.7159e-03 0.0000e+00 0.0000e+00 6.7159e-03 1.0031e+02 0.0000e+00 0.0000e+00 0.0000e+00 0.0000e+00 9.9899e+01 -4.1344e+00 0.0000e+00 0.0000e+00 4.1344e+00 9.9502e+01 
15.0 9.0888e+01 -4.7682e-02 0.0000e+00 0.0000e+00 -4.7682e-02 9.0166e+01 0.0000e+00 0.0000e+00 0.0000e+00 0.0000e+00 8.9730e+01 -3.8163e+00 0.0000e+00 0.0000e+00 3.8163e+00 8.9361e+01 
16.0 8.2394e+01 -1.0124e-01 0.0000e+00 0.0000e+00 -1.0124e-01 8.1672e+01 0.0000e+00 0.0000e+00 0.0000e+00 0.0000e+00 8.1218e+01 -3.5071e+00 0.0000e+00 0.0000e+00 3.5071e+00 8.0876e+01 
17.0 7.5215e+01 -1.5188e-01 0.0000e+00 0.0000e+00 -1.5188e-01 7.4492e+01 0.0000e+00 0.0000e+00 0.0000e+00 0.0000e+00 7.4024e+01 -3.2148e+00 0.0000e+00 0.0000e+00 3.2148e+00 7.3708e+01 
18.0 6.9082e+01 -1.9831e-01 0.0000e+00 0.0000e+00 -1.9831e-01 6.8358e+01 0.0000e+00 0.0000e+00 0.0000e+00 0.0000e+00 6.7879e+01 -2.9439e+00 0.0000e+00 0.0000e+00 2.9439e+00 6.7588e+01 
19.0 6.3780e+01 -2.3996e-01 0.0000e+00 0.0000e+00 -2.3996e-01 6.3055e+01 0.0000e+00 0.0000e+00 0.0000e+00 0.0000e+00 6.2729e+01 -2.6963e+00 0.0000e+00 0.0000e+00 2.6963e+00 6.2470e+01 
20.0 5.9142e+01 -2.7695e-01 0.0000e+00 0.0000e+00 -2.7695e-01 5.8416e+01 0.0000e+00 0.0000e+00 0.0000e+00 0.0000e+00 5.8223e+01 -2.4723e+00 0.0000e+00 0.0000e+00 2.4723e+00 5.7993e+01 
21.0 5.5039e+01 -3.0983e-01 0.0000e+00 0.0000e+00 -3.0983e-01 5.4313e+01 0.0000e+00 0.0000e+00 0.0000e+00 0.0000e+00 5.4235e+01 -2.2706e+00 0.0000e+00 0.0000e+00 2.2706e+00 5.4030e+01 
22.0 5.1373e+01 -3.3936e-01 0.0000e+00 0.0000e+00 -3.3936e-01 5.0647e+01 0.0000e+00 0.0000e+00 0.0000e+00 0.0000e+00 5.0670e+01 -2.0893e+00 0.0000e+00 0.0000e+00 2.0893e+00 5.0487e+01 
23.0 4.8068e+01 -3.6631e-01 0.0000e+00 0.0000e+00 -3.6631e-01 4.7342e+01 0.0000e+00 0.0000e+00 0.0000e+00 0.0000e+00 4.7455e+01 -1.9259e+00 0.0000e+00 0.0000e+00 1.9259e+00 4.7292e+01 
24.0 4.5069e+01 -3.9142e-01 0.0000e+00 0.0000e+00 -3.9142e-01 4.4343e+01 0.0000e+00 0.0000e+00 0.0000e+00 0.0000e+00 4.4536e+01 -1.7777e+00 0.0000e+00 0.0000e+00 1.7777e+00 4.4391e+01 
25.0 4.2335e+01 -4.1528e-01 0.0000e+00 0.0000e+00 -4.1528e-01 4.1609e+01 0.0000e+00 0.0000e+00 0.0000e+00 0.0000e+00 4.1874e+01 -1.6425e+00 0.0000e+00 0.0000e+00 1.6425e+00 4.1745e+01 
26.0 3.9833e+01 -4.3831e-01 0.0000e+00 0.0000e+00 -4.3831e-01 3.9108e+01 0.0000e+00 0.0000e+00 0.0000e+00 0.0000e+00 3.9436e+01 -1.5184e+00 0.0000e+00 0.0000e+00 1.5184e+00 3.9322e+01 
27.0 3.7535e+01 -4.6074e-01 0.0000e+00 0.0000e+00 -4.6074e-01 3.6810e+01 0.0000e+00 0.0000e+00 0.0000e+00 0.0000e+00 3.7197e+01 -1.4041e+00 0.0000e+00 0.0000e+00 1.4041e+00 3.7095e+01 
28.0 3.5418e+01 -4.8262e-01 0.0000e+00 0.0000e+00 -4.8262e-01 3.4694e+01 0.0000e+00 0.0000e+00 0.0000e+00 0.0000e+00 3.5133e+01 -1.2987e+00 0.0000e+00 0.0000e+00 1.2987e+00 3.5042e+01 
29.0 3.3461e+01 -5.0388e-01 0.0000e+00 0.0000e+00 -5.0388e-01 3.2736e+01 0.0000e+00 0.0000e+00 0.0000e+00 0.0000e+00 3.3222e+01 -1.2013e+00 0.0000e+00 0.0000e+00 1.2013e+00 3.3143e+01 
30.0 3.1643e+01 -5.2438e-01 0.0000e+00 0.0000e+00 -5.2438e-01 3.0919e+01 0.0000e+00 0.0000e+00 0.0000e+00 0.0000e+00 3.1447e+01 -1.1113e+00 0.0000e+00 0.0000e+00 1.1113e+00 3.1378e+01 
31.0 2.9950e+01 -5.4398e-01 0.0000e+00 0.0000e+00 -5.4398e-01 2.9225e+01 0.0000e+00 0.0000e+00 0.0000e+00 0.0000e+00 2.9670e+01 -1.0278e+00 0.0000e+00 0.0000e+00 1.0278e+00 2.9615e+01 
32.0 2.8367e+01 -5.6254e-01 0.0000e+00 0.0000e+00 -5.6254e-01 2.7643e+01 0.0000e+00 0.0000e+00 0.0000e+00 0.0000e+00 2.8011e+01 -9.5023e-01 0.0000e+00 0.0000e+00 9.5023e-01 2.7970e+01 
33.0 2.6884e+01 -5.7996e-01 0.0000e+00 0.0000e+00 -5.7996e-01 2.6159e+01 0.0000e+00 0.0000e+00 0.0000e+00 0.0000e+00 2.6459e+01 -8.7797e-01 0.0000e+00 0.0000e+00 8.7797e-01 2.6431e+01 
34.0 2.5491e+01 -5.9623e-01 0.0000e+00 0.0000e+00 -5.9623e-01 2.4767e+01 0.0000e+00 0.0000e+00 0.0000e+00 0.0000e+00 2.5005e+01 -8.1033e-01 0.0000e+00 0.0000e+00 8.1033e-01 2.4990e+01 
35.0 2.4182e+01 -6.1142e-01 0.0000e+00 0.0000e+00 -6.1142e-01 2.3458e+01 0.0000e+00 0.0000e+00 0.0000e+00 0.0000e+00 2.3639e+01 -7.4663e-01 0.0000e+00 0.0000e+00 7.4663e-01 2.3637e+01 
36.0 2.2950e+01 -6.2570e-01 0.0000e+00 0.0000e+00 -6.2570e-01 2.2227e+01 0.0000e+00 0.0000e+00 0.0000e+00 0.0000e+00 2.2356e+01 -6.8623e-01 0.0000e+00 0.0000e+00 6.8623e-01 2.2365e+01 
37.0 2.1793e+01 -6.3934e-01 0.0000e+00 0.0000e+00 -6.3934e-01 2.1069e+01 0.0000e+00 0.0000e+00 0.0000e+00 0.0000e+00 2.1150e+01 -6.2856e-01 0.0000e+00 0.0000e+00 6.2856e-01 2.1170e+01 
38.0 2.0704e+01 -6.5262e-01 0.0000e+00 0.0000e+00 -6.5262e-01 1.9981e+01 0.0000e+00 0.0000e+00 0.0000e+00 0.0000e+00 2.0015e+01 -5.7322e-01 0.0000e+00 0.0000e+00 5.7322e-01 2.0046e+01 
39.0 1.9682e+01 -6.6575e-01 0.0000e+00 0.0000e+00 -6.6575e-01 1.8959e+01 0.0000e+00 0.0000e+00 0.0000e+00 0.0000e+00 1.8948e+01 -5.2000e-01 0.0000e+00 0.0000e+00 5.2000e-01 1.8989e+01 
40.0 1.8722e+01 -6.7885e-01 0.0000e+00 0.0000e+00 -6.7885e-01 1.8000e+01 0.0000e+00 0.0000e+00 0.0000e+00 0.0000e+00 1.7944e+01 -4.6884e-01 0.0000e+00 0.0000e+00 4.6884e-01 1.7995e+01 
41.0 1.7820e+01 -6.9194e-01 0.0000e+00 0.0000e+00 -6.9194e-01 1.7098e+01 0.0000e+00 0.0000e+00 0.0000e+00 0.0000e+00 1.6999e+01 -4.1971e-01 0.0000e+00 0.0000e+00 4.1971e-01 1.7060e+01 
42.0 1.6972e+01 -7.0496e-01 0.0000e+00 0.0000e+00 -7.0496e-01 1.6251e+01 0.0000e+00 0.0000e+00 0.0000e+00 0.0000e+00 1.6111e+01 -3.7258e-01 0.0000e+00 0.0000e+00 3.7258e-01 1.6180e+01 
43.0 1.6174e+01 -7.1780e-01 0.0000e+00 0.0000e+00 -7.1780e-01 1.5454e+01 0.0000e+00 0.0000e+00 0.0000e+00 0.0000e+00 1.5273e+01 -3.2738e-01 0.0000e+00 0.0000e+00 3.2738e-01 1.5351e+01 
44.0 1.5423e+01 -7.3038e-01 0.0000e+00 0.0000e+00 -7.3038e-01 1.4704e+01 0.0000e+00 0.0000e+00 0.0000e+00 0.0000e+00 1.4484e+01 -2.8399e-01 0.0000e+00 0.0000e+00 2.8399e-01 1.4570e+01 
45.0 1.4716e+01 -7.4261e-01 0.0000e+00 0.0000e+00 -7.4261e-01 1.3998e+01 0.0000e+00 0.0000e+00 0.0000e+00 0.0000e+00 1.3740e+01 -2.4225e-01 0.0000e+00 0.0000e+00 2.4225e-01 1.3834e+01 
46.0 1.4049e+01 -7.5445e-01 0.0000e+00 0.0000e+00 -7.5445e-01 1.3331e+01 0.0000e+00 0.0000e+00 0.0000e+00 0.0000e+00 1.3037e+01 -2.0203e-01 0.0000e+00 0.0000e+00 2.0203e-01 1.3139e+01 
47.0 1.3419e+01 -7.6585e-01 0.0000e+00 0.0000e+00 -7.6585e-01 1.2703e+01 0.0000e+00 0.0000e+00 0.0000e+00 0.0000e+00 1.2373e+01 -1.6318e-01 0.0000e+00 0.0000e+00 1.6318e-01 1.2483e+01 
48.0 1.2825e+01 -7.7680e-01 0.0000e+00 0.0000e+00 -7.7680e-01 1.2110e+01 0.0000e+00 0.0000e+00 0.0000e+00 0.0000e+00 1.1746e+01 -1.2559e-01 0.0000e+00 0.0000e+00 1.2559e-01 1.1863e+01 
49.0 1.2264e+01 -7.8728e-01 0.0000e+00 0.0000e+00 -7.8728e-01 1.1550e+01 0.0000e+00 0.0000e+00 0.0000e+00 0.0000e+00 1.1154e+01 -8.9135e-02 0.0000e+00 0.0000e+00 8.9135e-02 1.1277e+01 
50.0 1.1734e+01 -7.9727e-01 0.0000e+00 0.0000e+00 -7.9727e-01 1.1021e+01 0.0000e+00 0.0000e+00 0.0000e+00 0.0000e+00 1.0593e+01 -5.3693e-02 0.0000e+00 0.0000e+00 5.3693e-02 1.0724e+01 
51.0 1.1234e+01 -8.0683e-01 0.0000e+00 0.0000e+00 -8.0683e-01 1.0521e+01 0.0000e+00 0.0000e+00 0.0000e+00 0.0000e+00 1.0063e+01 -1.9128e-02 0.0000e+00 0.0000e+00 1.9128e-02 1.0200e+01 
52.0 1.0762e+01 -8.1601e-01 0.0000e+00 0.0000e+00 -8.1601e-01 1.0050e+01 0.0000e+00 0.0000e+00 0.0000e+00 0.0000e+00 9.5606e+00 1.4676e-02 0.0000e+00 0.0000e+00 -1.4676e-02 9.7045e+00 
53.0 1.0315e+01 -8.2488e-01 0.0000e+00 0.0000e+00 -8.2488e-01 9.6041e+00 0.0000e+00 0.0000e+00 0.0000e+00 0.0000e+00 9.0855e+00 4.7799e-02 0.0000e+00 0.0000e+00 -4.7799e-02 9.2360e+00 
54.0 9.8943e+00 -8.3352e-01 0.0000e+00 0.0000e+00 -8.3352e-01 9.1836e+00 0.0000e+00 0.0000e+00 0.0000e+00 0.0000e+00 8.6359e+00 8.0272e-02 0.0000e+00 0.0000e+00 -8.0272e-02 8.7927e+00 
55.0 9.4969e+00 -8.4195e-01 0.0000e+00 0.0000e+00 -8.4195e-01 8.7868e+00 0.0000e+00 0.0000e+00 0.0000e+00 0.0000e+00 8.2102e+00 1.1208e-01 0.0000e+00 0.0000e+00 -1.1208e-01 8.3734e+00 
56.0 9.1220e+00 -8.5019e-01 0.0000e+00 0.0000e+00 -8.5019e-01 8.4123e+00 0.0000e+00 0.0000e+00 0.0000e+00 0.0000e+00 7.8073e+00 1.4320e-01 0.0000e+00 0.0000e+00 -1.4320e-01 7.9767e+00 
57.0 8.7681e+00 -8.5819e-01 0.0000e+00 0.0000e+00 -8.5819e-01 8.0588e+00 0.0000e+00 0.0000e+00 0.0000e+00 0.0000e+00 7.4257e+00 1.7358e-01 0.0000e+00 0.0000e+00 -1.7358e-01 7.6013e+00 
58.0 8.4342e+00 -8.6594e-01 0.0000e+00 0.0000e+00 -8.6594e-01 7.7252e+00 0.0000e+00 0.0000e+00 0.0000e+00 0.0000e+00 7.0643e+00 2.0322e-01 0.0000e+00 0.0000e+00 -2.0322e-01 7.2460e+00 
59.0 8.1190e+00 -8.7341e-01 0.0000e+00 0.0000e+00 -8.7341e-01 7.4102e+00 0.0000e+00 0.0000e+00 0.0000e+00 0.0000e+00 6.7217e+00 2.3210e-01 0.0000e+00 0.0000e+00 -2.3210e-01 6.9095e+00 
60.0 7.8214e+00 -8.8058e-01 0.0000e+00 0.0000e+00 -8.8058e-01 7.1127e+00 0.0000e+00 0.0000e+00 0.0000e+00 0.0000e+00 6.3969e+00 2.6023e-01 0.0000e+00 0.0000e+00 -2.6023e-01 6.5907e+00 
61.0 7.5402e+00 -8.8746e-01 0.0000e+00 0.0000e+00 -8.8746e-01 6.8315e+00 0.0000e+00 0.0000e+00 0.0000e+00 0.0000e+00 6.0887e+00 2.8764e-01 0.0000e+00 0.0000e+00 -2.8764e-01 6.2886e+00 
62.0 7.2745e+00 -8.9405e-01 0.0000e+00 0.0000e+00 -8.9405e-01 6.5657e+00 0.0000e+00 0.0000e+00 0.0000e+00 0.0000e+00 5.7962e+00 3.1431e-01 0.0000e+00 0.0000e+00 -3.1431e-01 6.0021e+00 
63.0 7.0232e+00 -9.0038e-01 0.0000e+00 0.0000e+00 -9.0038e-01 6.3143e+00 0.0000e+00 0.0000e+00 0.0000e+00 0.0000e+00 5.5184e+00 3.4023e-01 0.0000e+00 0.0000e+00 -3.4023e-01 5.7304e+00 
64.0 6.7857e+00 -9.0644e-01 0.0000e+00 0.0000e+00 -9.0644e-01 6.0765e+00 0.0000e+00 0.0000e+00 0.0000e+00 0.0000e+00 5.2545e+00 3.6535e-01 0.0000e+00 0.0000e+00 -3.6535e-01 5.4726e+00 
65.0 6.5609e+00 -9.1223e-01 0.0000e+00 0.0000e+00 -9.1223e-01 5.8515e+00 0.0000e+00 0.0000e+00 0.0000e+00 0.0000e+00 5.0036e+00 3.8964e-01 0.0000e+00 0.0000e+00 -3.8964e-01 5.2278e+00 
66.0 6.3483e+00 -9.1773e-01 0.0000e+00 0.0000e+00 -9.1773e-01 5.6384e+00 0.0000e+00 0.0000e+00 0.0000e+00 0.0000e+00 4.7651e+00 4.1303e-01 0.0000e+00 0.0000e+00 -4.1303e-01 4.9954e+00 
67.0 6.1469e+00 -9.2290e-01 0.0000e+00 0.0000e+00 -9.2290e-01 5.4365e+00 0.0000e+00 0.0000e+00 0.0000e+00 0.0000e+00 4.5381e+00 4.3550e-01 0.0000e+00 0.0000e+00 -4.3550e-01 4.7745e+00 
68.0 5.9562e+00 -9.2771e-01 0.0000e+00 0.0000e+00 -9.2771e-01 5.2452e+00 0.0000e+00 0.0000e+00 0.0000e+00 0.0000e+00 4.3220e+00 4.5700e-01 0.0000e+00 0.0000e+00 -4.5700e-01 4.5646e+00 
69.0 5.7754e+00 -9.3214e-01 0.0000e+00 0.0000e+00 -9.3214e-01 5.0637e+00 0.0000e+00 0.0000e+00 0.0000e+00 0.0000e+00 4.1161e+00 4.7750e-01 0.0000e+00 0.0000e+00 -4.7750e-01 4.3648e+00 
70.0 5.6039e+00 -9.3617e-01 0.0000e+00 0.0000e+00 -9.3617e-01 4.8916e+00 0.0000e+00 0.0000e+00 0.0000e+00 0.0000e+00 3.9197e+00 4.9698e-01 0.0000e+00 0.0000e+00 -4.9698e-01 4.1747e+00 
71.0 5.4411e+00 -9.3979e-01 0.0000e+00 0.0000e+00 -9.3979e-01 4.7281e+00 0.0000e+00 0.0000e+00 0.0000e+00 0.0000e+00 3.7324e+00 5.1542e-01 0.0000e+00 0.0000e+00 -5.1542e-01 3.9934e+00 
72.0 5.2864e+00 -9.4298e-01 0.0000e+00 0.0000e+00 -9.4298e-01 4.5727e+00 0.0000e+00 0.0000e+00 0.0000e+00 0.0000e+00 3.5534e+00 5.3280e-01 0.0000e+00 0.0000e+00 -5.3280e-01 3.8207e+00 
73.0 5.1394e+00 -9.4573e-01 0.0000e+00 0.0000e+00 -9.4573e-01 4.4250e+00 0.0000e+00 0.0000e+00 0.0000e+00 0.0000e+00 3.3824e+00 5.4911e-01 0.0000e+00 0.0000e+00 -5.4911e-01 3.6558e+00 
74.0 4.9996e+00 -9.4801e-01 0.0000e+00 0.0000e+00 -9.4801e-01 4.2844e+00 0.0000e+00 0.0000e+00 0.0000e+00 0.0000e+00 3.2188e+00 5.6433e-01 0.0000e+00 0.0000e+00 -5.6433e-01 3.4983e+00 
75.0 4.8665e+00 -9.4980e-01 0.0000e+00 0.0000e+00 -9.4980e-01 4.1506e+00 0.0000e+00 0.0000e+00 0.0000e+00 0.0000e+00 3.0622e+00 5.7847e-01 0.0000e+00 0.0000e+00 -5.7847e-01 3.3478e+00 
76.0 4.7397e+00 -9.5110e-01 0.0000e+00 0.0000e+00 -9.5110e-01 4.0232e+00 0.0000e+00 0.0000e+00 0.0000e+00 0.0000e+00 2.9122e+00 5.9154e-01 0.0000e+00 0.0000e+00 -5.9154e-01 3.2039e+00 
77.0 4.6189e+00 -9.5186e-01 0.0000e+00 0.0000e+00 -9.5186e-01 3.9018e+00 0.0000e+00 0.0000e+00 0.0000e+00 0.0000e+00 2.7685e+00 6.0357e-01 0.0000e+00 0.0000e+00 -6.0357e-01 3.0662e+00 
78.0 4.5036e+00 -9.5211e-01 0.0000e+00 0.0000e+00 -9.5211e-01 3.7860e+00 0.0000e+00 0.0000e+00 0.0000e+00 0.0000e+00 2.6306e+00 6.1458e-01 0.0000e+00 0.0000e+00 -6.1458e-01 2.9343e+00 
79.0 4.3937e+00 -9.5182e-01 0.0000e+00 0.0000e+00 -9.5182e-01 3.6755e+00 0.0000e+00 0.0000e+00 0.0000e+00 0.0000e+00 2.4982e+00 6.2462e-01 0.0000e+00 0.0000e+00 -6.2462e-01 2.8078e+00 
80.0 4.2888e+00 -9.5100e-01 0.0000e+00 0.0000e+00 -9.5100e-01 3.5701e+00 0.0000e+00 0.0000e+00 0.0000e+00 0.0000e+00 2.3711e+00 6.3373e-01 0.0000e+00 0.0000e+00 -6.3373e-01 2.6866e+00 
81.0 4.1887e+00 -9.4965e-01 0.0000e+00 0.0000e+00 -9.4965e-01 3.4695e+00 0.0000e+00 0.0000e+00 0.0000e+00 0.0000e+00 2.2489e+00 6.4195e-01 0.0000e+00 0.0000e+00 -6.4195e-01 2.5702e+00 
82.0 4.0930e+00 -9.4779e-01 0.0000e+00 0.0000e+00 -9.4779e-01 3.3735e+00 0.0000e+00 0.0000e+00 0.0000e+00 0.0000e+00 2.1314e+00 6.4931e-01 0.0000e+00 0.0000e+00 -6.4931e-01 2.4584e+00 
83.0 4.0016e+00 -9.4541e-01 0.0000e+00 0.0000e+00 -9.4541e-01 3.2817e+00 0.0000e+00 0.0000e+00 0.0000e+00 0.0000e+00 2.0183e+00 6.5584e-01 0.0000e+00 0.0000e+00 -6.5584e-01 2.3510e+00 
84.0 3.9142e+00 -9.4254e-01 0.0000e+00 0.0000e+00 -9.4254e-01 3.1940e+00 0.0000e+00 0.0000e+00 0.0000e+00 0.0000e+00 1.9094e+00 6.6157e-01 0.0000e+00 0.0000e+00 -6.6157e-01 2.2478e+00 
85.0 3.8307e+00 -9.3918e-01 0.0000e+00 0.0000e+00 -9.3918e-01 3.1101e+00 0.0000e+00 0.0000e+00 0.0000e+00 0.0000e+00 1.8044e+00 6.6652e-01 0.0000e+00 0.0000e+00 -6.6652e-01 2.1484e+00 
86.0 3.7507e+00 -9.3536e-01 0.0000e+00 0.0000e+00 -9.3536e-01 3.0299e+00 0.0000e+00 0.0000e+00 0.0000e+00 0.0000e+00 1.7032e+00 6.7070e-01 0.0000e+00 0.0000e+00 -6.7070e-01 2.0528e+00 
87.0 3.6742e+00 -9.3106e-01 0.0000e+00 0.0000e+00 -9.3106e-01 2.9531e+00 0.0000e+00 0.0000e+00 0.0000e+00 0.0000e+00 1.6055e+00 6.7413e-01 0.0000e+00 0.0000e+00 -6.7413e-01 1.9606e+00 
88.0 3.6009e+00 -9.2631e-01 0.0000e+00 0.0000e+00 -9.2631e-01 2.8796e+00 0.0000e+00 0.0000e+00 0.0000e+00 0.0000e+00 1.5112e+00 6.7683e-01 0.0000e+00 0.0000e+00 -6.7683e-01 1.8718e+00 
89.0 3.5307e+00 -9.2110e-01 0.0000e+00 0.0000e+00 -9.2110e-01 2.8092e+00 0.0000e+00 0.0000e+00 0.0000e+00 0.0000e+00 1.4201e+00 6.7883e-01 0.0000e+00 0.0000e+00 -6.7883e-01 1.7862e+00 
90.0 3.4635e+00 -9.1544e-01 0.0000e+00 0.0000e+00 -9.1544e-01 2.7418e+00 0.0000e+00 0.0000e+00 0.0000e+00 0.0000e+00 1.3320e+00 6.8014e-01 0.0000e+00 0.0000e+00 -6.8014e-01 1.7035e+00 
91.0 3.3990e+00 -9.0933e-01 0.0000e+00 0.0000e+00 -9.0933e-01 2.6772e+00 0.0000e+00 0.0000e+00 0.0000e+00 0.0000e+00 1.2469e+00 6.8080e-01 0.0000e+00 0.0000e+00 -6.8080e-01 1.6237e+00 
92.0 3.3373e+00 -9.0279e-01 0.0000e+00 0.0000e+00 -9.0279e-01 2.6154e+00 0.0000e+00 0.0000e+00 0.0000e+00 0.0000e+00 1.1645e+00 6.8084e-01 0.0000e+00 0.0000e+00 -6.8084e-01 1.5465e+00 
93.0 3.2782e+00 -8.9581e-01 0.0000e+00 0.0000e+00 -8.9581e-01 2.5562e+00 0.0000e+00 0.0000e+00 0.0000e+00 0.0000e+00 1.0848e+00 6.8029e-01 0.0000e+00 0.0000e+00 -6.8029e-01 1.4719e+00 
94.0 3.2215e+00 -8.8840e-01 0.0000e+00 0.0000e+00 -8.8840e-01 2.4994e+00 0.0000e+00 0.0000e+00 0.0000e+00 0.0000e+00 1.0076e+00 6.7919e-01 0.0000e+00 0.0000e+00 -6.7919e-01 1.3997e+00 
95.0 3.1672e+00 -8.8056e-01 0.0000e+00 0.0000e+00 -8.8056e-01 2.4452e+00 0.0000e+00 0.0000e+00 0.0000e+00 0.0000e+00 9.3286e-01 6.7755e-01 0.0000e+00 0.0000e+00 -6.7755e-01 1.3298e+00 
96.0 3.1152e+00 -8.7229e-01 0.0000e+00 0.0000e+00 -8.7229e-01 2.3932e+00 0.0000e+00 0.0000e+00 0.0000e+00 0.0000e+00 8.6041e-01 6.7542e-01 0.0000e+00 0.0000e+00 -6.7542e-01 1.2620e+00 
97.0 3.0654e+00 -8.6359e-01 0.0000e+00 0.0000e+00 -8.6359e-01 2.3436e+00 0.0000e+00 0.0000e+00 0.0000e+00 0.0000e+00 7.9020e-01 6.7283e-01 0.0000e+00 0.0000e+00 -6.7283e-01 1.1963e+00 
98.0 3.0177e+00 -8.5445e-01 0.0000e+00 0.0000e+00 -8.5445e-01 2.2962e+00 0.0000e+00 0.0000e+00 0.0000e+00 0.0000e+00 7.2212e-01 6.6980e-01 0.0000e+00 0.0000e+00 -6.6980e-01 1.1325e+00 
99.0 2.9720e+00 -8.4488e-01 0.0000e+00 0.0000e+00 -8.4488e-01 2.2509e+00 0.0000e+00 0.0000e+00 0.0000e+00 0.0000e+00 6.5611e-01 6.6637e-01 0.0000e+00 0.0000e+00 -6.6637e-01 1.0707e+00 
100.0 2.9283e+00 -8.3487e-01 0.0000e+00 0.0000e+00 -8.3487e-01 2.2078e+00 0.0000e+00 0.0000e+00 0.0000e+00 0.0000e+00 5.9209e-01 6.6258e-01 0.0000e+00 0.0000e+00 -6.6258e-01 1.0106e+00 
101.0 2.8865e+00 -8.2442e-01 0.0000e+00 0.0000e+00 -8.2442e-01 2.1667e+00 0.0000e+00 0.0000e+00 0.0000e+00 0.0000e+00 5.2999e-01 6.5844e-01 0.0000e+00 0.0000e+00 -6.5844e-01 9.5218e-01 
102.0 2.8466e+00 -8.1356e-01 0.0000e+00 0.0000e+00 -8.1356e-01 2.1276e+00 0.0000e+00 0.0000e+00 0.0000e+00 0.0000e+00 4.6974e-01 6.5398e-01 0.0000e+00 0.0000e+00 -6.5398e-01 8.9540e-01 
103.0 2.8084e+00 -8.0227e-01 0.0000e+00 0.0000e+00 -8.0227e-01 2.0904e+00 0.0000e+00 0.0000e+00 0.0000e+00 0.0000e+00 4.1125e-01 6.4923e-01 0.0000e+00 0.0000e+00 -6.4923e-01 8.4016e-01 
104.0 2.7720e+00 -7.9058e-01 0.0000e+00 0.0000e+00 -7.9058e-01 2.0550e+00 0.0000e+00 0.0000e+00 0.0000e+00 0.0000e+00 3.5447e-01 6.4419e-01 0.0000e+00 0.0000e+00 -6.4419e-01 7.8639e-01 
105.0 2.7372e+00 -7.7846e-01 0.0000e+00 0.0000e+00 -7.7846e-01 2.0215e+00 0.0000e+00 0.0000e+00 0.0000e+00 0.0000e+00 2.9933e-01 6.3890e-01 0.0000e+00 0.0000e+00 -6.3890e-01 7.3401e-01 
106.0 2.7040e+00 -7.6593e-01 0.0000e+00 0.0000e+00 -7.6593e-01 1.9896e+00 0.0000e+00 0.0000e+00 0.0000e+00 0.0000e+00 2.4576e-01 6.3335e-01 0.0000e+00 0.0000e+00 -6.3335e-01 6.8298e-01 
107.0 2.6723e+00 -7.5296e-01 0.0000e+00 0.0000e+00 -7.5296e-01 1.9594e+00 0.0000e+00 0.0000e+00 0.0000e+00 0.0000e+00 1.9371e-01 6.2758e-01 0.0000e+00 0.0000e+00 -6.2758e-01 6.3323e-01 
108.0 2.6421e+00 -7.3957e-01 0.0000e+00 0.0000e+00 -7.3957e-01 1.9308e+00 0.0000e+00 0.0000e+00 0.0000e+00 0.0000e+00 1.4311e-01 6.2161e-01 0.0000e+00 0.0000e+00 -6.2161e-01 5.8470e-01 
109.0 2.6134e+00 -7.2574e-01 0.0000e+00 0.0000e+00 -7.2574e-01 1.9038e+00 0.0000e+00 0.0000e+00 0.0000e+00 0.0000e+00 9.3912e-02 6.1547e-01 0.0000e+00 0.0000e+00 -6.1547e-01 5.3735e-01 
110.0 2.5860e+00 -7.1148e-01 0.0000e+00 0.0000e+00 -7.1148e-01 1.8783e+00 0.0000e+00 0.0000e+00 0.0000e+00 0.0000e+00 4.6061e-02 6.0917e-01 0.0000e+00 0.0000e+00 -6.0917e-01 4.9114e-01 
111.0 2.5600e+00 -6.9680e-01 0.0000e+00 0.0000e+00 -6.9680e-01 1.8543e+00 0.0000e+00 0.0000e+00 0.0000e+00 0.0000e+00 -4.9289e-04 6.0275e-01 0.0000e+00 0.0000e+00 -6.0275e-01 4.4601e-01 
112.0 2.5354e+00 -6.8171e-01 0.0000e+00 0.0000e+00 -6.8171e-01 1.8316e+00 0.0000e+00 0.0000e+00 0.0000e+00 0.0000e+00 -4.5798e-02 5.9624e-01 0.0000e+00 0.0000e+00 -5.9624e-01 4.0193e-01 
113.0 2.5119e+00 -6.6623e-01 0.0000e+00 0.0000e+00 -6.6623e-01 1.8103e+00 0.0000e+00 0.0000e+00 0.0000e+00 0.0000e+00 -8.9902e-02 5.8966e-01 0.0000e+00 0.0000e+00 -5.8966e-01 3.5886e-01 
114.0 2.4897e+00 -6.5037e-01 0.0000e+00 0.0000e+00 -6.5037e-01 1.7903e+00 0.0000e+00 0.0000e+00 0.0000e+00 0.0000e+00 -1.3285e-01 5.8304e-01 0.0000e+00 0.0000e+00 -5.8304e-01 3.1676e-01 
115.0 2.4687e+00 -6.3418e-01 0.0000e+00 0.0000e+00 -6.3418e-01 1.7716e+00 0.0000e+00 0.0000e+00 0.0000e+00 0.0000e+00 -1.7468e-01 5.7639e-01 0.0000e+00 0.0000e+00 -5.7639e-01 2.7559e-01 
116.0 2.4488e+00 -6.1767e-01 0.0000e+00 0.0000e+00 -6.1767e-01 1.7541e+00 0.0000e+00 0.0000e+00 0.0000e+00 0.0000e+00 -2.1543e-01 5.6973e-01 0.0000e+00 0.0000e+00 -5.6973e-01 2.3533e-01 
117.0 2.4301e+00 -6.0087e-01 0.0000e+00 0.0000e+00 -6.0087e-01 1.7379e+00 0.0000e+00 0.0000e+00 0.0000e+00 0.0000e+00 -2.5514e-01 5.6309e-01 0.0000e+00 0.0000e+00 -5.6309e-01 1.9596e-01 
118.0 2.4125e+00 -5.8383e-01 0.0000e+00 0.0000e+00 -5.8383e-01 1.7227e+00 0.0000e+00 0.0000e+00 0.0000e+00 0.0000e+00 -2.9383e-01 5.5646e-01 0.0000e+00 0.0000e+00 -5.5646e-01 1.5745e-01 
119.0 2.3960e+00 -5.6656e-01 0.0000e+00 0.0000e+00 -5.6656e-01 1.7087e+00 0.0000e+00 0.0000e+00 0.0000e+00 0.0000e+00 -3.3154e-01 5.4986e-01 0.0000e+00 0.0000e+00 -5.4986e-01 1.1980e-01 
120.0 2.3806e+00 -5.4910e-01 0.0000e+00 0.0000e+00 -5.4910e-01 1.6958e+00 0.0000e+00 0.0000e+00 0.0000e+00 0.0000e+00 -3.6831e-01 5.4326e-01 0.0000e+00 0.0000e+00 -5.4326e-01 8.2972e-02 
121.0 2.3661e+00 -5.3146e-01 0.0000e+00 0.0000e+00 -5.3146e-01 1.6839e+00 0.0000e+00 0.0000e+00 0.0000e+00 0.0000e+00 -4.0416e-01 5.3665e-01 0.0000e+00 0.0000e+00 -5.3665e-01 4.6962e-02 
122.0 2.3526e+00 -5.1369e-01 0.0000e+00 0.0000e+00 -5.1369e-01 1.6729e+00 0.0000e+00 0.0000e+00 0.0000e+00 0.0000e+00 -4.3915e-01 5.3002e-01 0.0000e+00 0.0000e+00 -5.3002e-01 1.1751e-02 
123.0 2.3401e+00 -4.9578e-01 0.0000e+00 0.0000e+00 -4.9578e-01 1.6629e+00 0.0000e+00 0.0000e+00 0.0000e+00 0.0000e+00 -4.7331e-01 5.2333e-01 0.0000e+00 0.0000e+00 -5.2333e-01 -2.2691e-02 
124.0 2.3284e+00 -4.7777e-01 0.0000e+00 0.0000e+00 -4.7777e-01 1.6536e+00 0.0000e+00 0.0000e+00 0.0000e+00 0.0000e+00 -5.0667e-01 5.1657e-01 0.0000e+00 0.0000e+00 -5.1657e-01 -5.6389e-02 
125.0 2.3176e+00 -4.5967e-01 0.0000e+00 0.0000e+00 -4.5967e-01 1.6452e+00 0.0000e+00 0.0000e+00 0.0000e+00 0.0000e+00 -5.3929e-01 5.0973e-01 0.0000e+00 0.0000e+00 -5.0973e-01 -8.9369e-02 
126.0 2.3076e+00 -4.4149e-01 0.0000e+00 0.0000e+00 -4.4149e-01 1.6376e+00 0.0000e+00 0.0000e+00 0.0000e+00 0.0000e+00 -5.7120e-01 5.0280e-01 0.0000e+00 0.0000e+00 -5.0280e-01 -1.2166e-01 
127.0 2.2984e+00 -4.2328e-01 0.0000e+00 0.0000e+00 -4.2328e-01 1.6307e+00 0.0000e+00 0.0000e+00 0.0000e+00 0.0000e+00 -6.0243e-01 4.9577e-01 0.0000e+00 0.0000e+00 -4.9577e-01 -1.5328e-01 
128.0 2.2900e+00 -4.0506e-01 0.0000e+00 0.0000e+00 -4.0506e-01 1.6245e+00 0.0000e+00 0.0000e+00 0.0000e+00 0.0000e+00 -6.3301e-01 4.8863e-01 0.0000e+00 0.0000e+00 -4.8863e-01 -1.8426e-01 
129.0 2.2824e+00 -3.8685e-01 0.0000e+00 0.0000e+00 -3.8685e-01 1.6190e+00 0.0000e+00 0.0000e+00 0.0000e+00 0.0000e+00 -6.6297e-01 4.8133e-01 0.0000e+00 0.0000e+00 -4.8133e-01 -2.1462e-01 
130.0 2.2755e+00 -3.6866e-01 0.0000e+00 0.0000e+00 -3.6866e-01 1.6142e+00 0.0000e+00 0.0000e+00 0.0000e+00 0.0000e+00 -6.9232e-01 4.7386e-01 0.0000e+00 0.0000e+00 -4.7386e-01 -2.4438e-01 
131.0 2.2694e+00 -3.5051e-01 0.0000e+00 0.0000e+00 -3.5051e-01 1.6100e+00 0.0000e+00 0.0000e+00 0.0000e+00 0.0000e+00 -7.2110e-01 4.6618e-01 0.0000e+00 0.0000e+00 -4.6618e-01 -2.7357e-01 
132.0 2.2639e+00 -3.3238e-01 0.0000e+00 0.0000e+00 -3.3238e-01 1.6064e+00 0.0000e+00 0.0000e+00 0.0000e+00 0.0000e+00 -7.4932e-01 4.5829e-01 0.0000e+00 0.0000e+00 -4.5829e-01 -3.0222e-01 
133.0 2.2591e+00 -3.1426e-01 0.0000e+00 0.0000e+00 -3.1426e-01 1.6034e+00 0.0000e+00 0.0000e+00 0.0000e+00 0.0000e+00 -7.7700e-01 4.5018e-01 0.0000e+00 0.0000e+00 -4.5018e-01 -3.3036e-01 
134.0 2.2550e+00 -2.9614e-01 0.0000e+00 0.0000e+00 -2.9614e-01 1.6011e+00 0.0000e+00 0.0000e+00 0.0000e+00 0.0000e+00 -8.0416e-01 4.4184e-01 0.0000e+00 0.0000e+00 -4.4184e-01 -3.5804e-01 
135.0 2.2516e+00 -2.7803e-01 0.0000e+00 0.0000e+00 -2.7803e-01 1.5994e+00 0.0000e+00 0.0000e+00 0.0000e+00 0.0000e+00 -8.3083e-01 4.3328e-01 0.0000e+00 0.0000e+00 -4.3328e-01 -3.8529e-01 
136.0 2.2489e+00 -2.5991e-01 0.0000e+00 0.0000e+00 -2.5991e-01 1.5984e+00 0.0000e+00 0.0000e+00 0.0000e+00 0.0000e+00 -8.5701e-01 4.2448e-01 0.0000e+00 0.0000e+00 -4.2448e-01 -4.1214e-01 
137.0 2.2468e+00 -2.4179e-01 0.0000e+00 0.0000e+00 -2.4179e-01 1.5981e+00 0.0000e+00 0.0000e+00 0.0000e+00 0.0000e+00 -8.8272e-01 4.1546e-01 0.0000e+00 0.0000e+00 -4.1546e-01 -4.3863e-01 
138.0 2.2454e+00 -2.2364e-01 0.0000e+00 0.0000e+00 -2.2364e-01 1.5985e+00 0.0000e+00 0.0000e+00 0.0000e+00 0.0000e+00 -9.0798e-01 4.0622e-01 0.0000e+00 0.0000e+00 -4.0622e-01 -4.6478e-01 
139.0 2.2447e+00 -2.0546e-01 0.0000e+00 0.0000e+00 -2.0546e-01 1.5997e+00 0.0000e+00 0.0000e+00 0.0000e+00 0.0000e+00 -9.3280e-01 3.9679e-01 0.0000e+00 0.0000e+00 -3.9679e-01 -4.9062e-01 
140.0 2.2448e+00 -1.8726e-01 0.0000e+00 0.0000e+00 -1.8726e-01 1.6017e+00 0.0000e+00 0.0000e+00 0.0000e+00 0.0000e+00 -9.5720e-01 3.8721e-01 0.0000e+00 0.0000e+00 -3.8721e-01 -5.1616e-01 
141.0 2.2456e+00 -1.6904e-01 0.0000e+00 0.0000e+00 -1.6904e-01 1.6046e+00 0.0000e+00 0.0000e+00 0.0000e+00 0.0000e+00 -9.8120e-01 3.7753e-01 0.0000e+00 0.0000e+00 -3.7753e-01 -5.4143e-01 
142.0 2.2473e+00 -1.5080e-01 0.0000e+00 0.0000e+00 -1.5080e-01 1.6084e+00 0.0000e+00 0.0000e+00 0.0000e+00 0.0000e+00 -1.0048e+00 3.6777e-01 0.0000e+00 0.0000e+00 -3.6777e-01 -5.6641e-01 
143.0 2.2500e+00 -1.3254e-01 0.0000e+00 0.0000e+00 -1.3254e-01 1.6131e+00 0.0000e+00 0.0000e+00 0.0000e+00 0.0000e+00 -1.0280e+00 3.5798e-01 0.0000e+00 0.0000e+00 -3.5798e-01 -5.9112e-01 
144.0 2.2535e+00 -1.1430e-01 0.0000e+00 0.0000e+00 -1.1430e-01 1.6188e+00 0.0000e+00 0.0000e+00 0.0000e+00 0.0000e+00 -1.0509e+00 3.4817e-01 0.0000e+00 0.0000e+00 -3.4817e-01 -6.1556e-01 
145.0 2.2580e+00 -9.6092e-02 0.0000e+00 0.0000e+00 -9.6092e-02 1.6254e+00 0.0000e+00 0.0000e+00 0.0000e+00 0.0000e+00 -1.0734e+00 3.3832e-01 0.0000e+00 0.0000e+00 -3.3832e-01 -6.3971e-01 
146.0 2.2634e+00 -7.7932e-02 0.0000e+00 0.0000e+00 -7.7932e-02 1.6329e+00 0.0000e+00 0.0000e+00 0.0000e+00 0.0000e+00 -1.0956e+00 3.2840e-01 0.0000e+00 0.0000e+00 -3.2840e-01 -6.6357e-01 
147.0 2.2698e+00 -5.9831e-02 0.0000e+00 0.0000e+00 -5.9831e-02 1.6415e+00 0.0000e+00 0.0000e+00 0.0000e+00 0.0000e+00 -1.1174e+00 3.1838e-01 0.0000e+00 0.0000e+00 -3.1838e-01 -6.8715e-01 
148.0 2.2772e+00 -4.1779e-02 0.0000e+00 0.0000e+00 -4.1779e-02 1.6510e+00 0.0000e+00 0.0000e+00 0.0000e+00 0.0000e+00 -1.1389e+00 3.0824e-01 0.0000e+00 0.0000e+00 -3.0824e-01 -7.1044e-01 
149.0 2.2858e+00 -2.3757e-02 0.0000e+00 0.0000e+00 -2.3757e-02 1.6618e+00 0.0000e+00 0.0000e+00 0.0000e+00 0.0000e+00 -1.1602e+00 2.9801e-01 0.0000e+00 0.0000e+00 -2.9801e-01 -7.3346e-01 
150.0 2.2956e+00 -5.7487e-03 0.0000e+00 0.0000e+00 -5.7487e-03 1.6737e+00 0.0000e+00 0.0000e+00 0.0000e+00 0.0000e+00 -1.1812e+00 2.8768e-01 0.0000e+00 0.0000e+00 -2.8768e-01 -7.5621e-01 
151.0 2.3068e+00 1.2229e-02 0.0000e+00 0.0000e+00 1.2229e-02 1.6871e+00 0.0000e+00 0.0000e+00 0.0000e+00 0.0000e+00 -1.2019e+00 2.7723e-01 0.0000e+00 0.0000e+00 -2.7723e-01 -7.7873e-01 
152.0 2.3192e+00 3.0111e-02 0.0000e+00 0.0000e+00 3.0111e-02 1.7016e+00 0.0000e+00 0.0000e+00 0.0000e+00 0.0000e+00 -1.2225e+00 2.6656e-01 0.0000e+00 0.0000e+00 -2.6656e-01 -8.0108e-01 
153.0 2.3329e+00 4.7785e-02 0.0000e+00 0.0000e+00 4.7785e-02 1.7173e+00 0.0000e+00 0.0000e+00 0.0000e+00 0.0000e+00 -1.2429e+00 2.5546e-01 0.0000e+00 0.0000e+00 -2.5546e-01 -8.2333e-01 
154.0 2.3476e+00 6.5102e-02 0.0000e+00 0.0000e+00 6.5102e-02 1.7340e+00 0.0000e+00 0.0000e+00 0.0000e+00 0.0000e+00 -1.2634e+00 2.4367e-01 0.0000e+00 0.0000e+00 -2.4367e-01 -8.4554e-01 
155.0 2.3632e+00 8.1866e-02 0.0000e+00 0.0000e+00 8.1866e-02 1.7516e+00 0.0000e+00 0.0000e+00 0.0000e+00 0.0000e+00 -1.2838e+00 2.3091e-01 0.0000e+00 0.0000e+00 -2.3091e-01 -8.6780e-01 
156.0 2.3796e+00 9.7821e-02 0.0000e+00 0.0000e+00 9.7821e-02 1.7698e+00 0.0000e+00 0.0000e+00 0.0000e+00 0.0000e+00 -1.3045e+00 2.1683e-01 0.0000e+00 0.0000e+00 -2.1683e-01 -8.9017e-01 
157.0 2.3965e+00 1.1266e-01 0.0000e+00 0.0000e+00 1.1266e-01 1.7887e+00 0.0000e+00 0.0000e+00 0.0000e+00 0.0000e+00 -1.3254e+00 2.0110e-01 0.0000e+00 0.0000e+00 -2.0110e-01 -9.1269e-01 
158.0 2.4136e+00 1.2601e-01 0.0000e+00 0.0000e+00 1.2601e-01 1.8077e+00 0.0000e+00 0.0000e+00 0.0000e+00 0.0000e+00 -1.3468e+00 1.8329e-01 0.0000e+00 0.0000e+00 -1.8329e-01 -9.3538e-01 
159.0 2.4306e+00 1.3748e-01 0.0000e+00 0.0000e+00 1.3748e-01 1.8264e+00 0.0000e+00 0.0000e+00 0.0000e+00 0.0000e+00 -1.3687e+00 1.6294e-01 0.0000e+00 0.0000e+00 -1.6294e-01 -9.5826e-01 
160.0 2.4472e+00 1.4672e-01 0.0000e+00 0.0000e+00 1.4672e-01 1.8442e+00 0.0000e+00 0.0000e+00 0.0000e+00 0.0000e+00 -1.3913e+00 1.3960e-01 0.0000e+00 0.0000e+00 -1.3960e-01 -9.8129e-01 
161.0 2.4634e+00 1.5345e-01 0.0000e+00 0.0000e+00 1.5345e-01 1.8607e+00 0.0000e+00 0.0000e+00 0.0000e+00 0.0000e+00 -1.4152e+00 1.1292e-01 0.0000e+00 0.0000e+00 -1.1292e-01 -1.0045e+00 
162.0 2.4795e+00 1.5747e-01 0.0000e+00 0.0000e+00 1.5747e-01 1.8759e+00 0.0000e+00 0.0000e+00 0.0000e+00 0.0000e+00 -1.4407e+00 8.2762e-02 0.0000e+00 0.0000e+00 -8.2762e-02 -1.0278e+00 
163.0 2.4962e+00 1.5861e-01 0.0000e+00 0.0000e+00 1.5861e-01 1.8899e+00 0.0000e+00 0.0000e+00 0.0000e+00 0.0000e+00 -1.4685e+00 4.9214e-02 0.0000e+00 0.0000e+00 -4.9214e-02 -1.0512e+00 
164.0 2.5143e+00 1.5676e-01 0.0000e+00 0.0000e+00 1.5676e-01 1.9031e+00 0.0000e+00 0.0000e+00 0.0000e+00 0.0000e+00 -1.4996e+00 1.2667e-02 0.0000e+00 0.0000e+00 -1.2667e-02 -1.0747e+00 
165.0 2.5351e+00 1.5184e-01 0.0000e+00 0.0000e+00 1.5184e-01 1.9157e+00 0.0000e+00 0.0000e+00 0.0000e+00 0.0000e+00 -1.5348e+00 -2.6160e-02 0.0000e+00 0.0000e+00 2.6160e-02 -1.0980e+00 
166.0 2.5604e+00 1.4385e-01 0.0000e+00 0.0000e+00 1.4385e-01 1.9285e+00 0.0000e+00 0.0000e+00 0.0000e+00 0.0000e+00 -1.5752e+00 -6.6263e-02 0.0000e+00 0.0000e+00 6.6263e-02 -1.1210e+00 
167.0 2.5922e+00 1.3287e-01 0.0000e+00 0.0000e+00 1.3287e-01 1.9425e+00 0.0000e+00 0.0000e+00 0.0000e+00 0.0000e+00 -1.6219e+00 -1.0627e-01 0.0000e+00 0.0000e+00 1.0627e-01 -1.1433e+00 
168.0 2.6331e+00 1.1908e-01 0.0000e+00 0.0000e+00 1.1908e-01 1.9591e+00 0.0000e+00 0.0000e+00 0.0000e+00 0.0000e+00 -1.6761e+00 -1.4445e-01 0.0000e+00 0.0000e+00 1.4445e-01 -1.1646e+00 
169.0 2.6858e+00 1.0278e-01 0.0000e+00 0.0000e+00 1.0278e-01 1.9797e+00 0.0000e+00 0.0000e+00 0.0000e+00 0.0000e+00 -1.7390e+00 -1.7867e-01 0.0000e+00 0.0000e+00 1.7867e-01 -1.1844e+00 
170.0 2.7533e+00 8.4495e-02 0.0000e+00 0.0000e+00 8.4495e-02 2.0061e+00 0.0000e+00 0.0000e+00 0.0000e+00 0.0000e+00 -1.8115e+00 -2.0636e-01 0.0000e+00 0.0000e+00 2.0636e-01 -1.2022e+00 
171.0 2.8391e+00 6.5081e-02 0.0000e+00 0.0000e+00 6.5081e-02 2.0403e+00 0.0000e+00 0.0000e+00 0.0000e+00 0.0000e+00 -1.8941e+00 -2.2448e-01 0.0000e+00 0.0000e+00 2.2448e-01 -1.2173e+00 
172.0 2.9460e+00 4.5806e-02 0.0000e+00 0.0000e+00 4.5806e-02 2.0846e+00 0.0000e+00 0.0000e+00 0.0000e+00 0.0000e+00 -1.9869e+00 -2.2978e-01 0.0000e+00 0.0000e+00 2.2978e-01 -1.2292e+00 
173.0 3.0756e+00 2.8241e-02 0.0000e+00 0.0000e+00 2.8241e-02 2.1411e+00 0.0000e+00 0.0000e+00 0.0000e+00 0.0000e+00 -2.0882e+00 -2.1954e-01 0.0000e+00 0.0000e+00 2.1954e-01 -1.2373e+00 
174.0 3.2264e+00 1.3985e-02 0.0000e+00 0.0000e+00 1.3985e-02 2.2100e+00 0.0000e+00 0.0000e+00 0.0000e+00 0.0000e+00 -2.1950e+00 -1.9268e-01 0.0000e+00 0.0000e+00 1.9268e-01 -1.2416e+00 
175.0 3.3910e+00 4.2251e-03 0.0000e+00 0.0000e+00 4.2251e-03 2.2888e+00 0.0000e+00 0.0000e+00 0.0000e+00 0.0000e+00 -2.3016e+00 -1.5122e-01 0.0000e+00 0.0000e+00 1.5122e-01 -1.2422e+00 
176.0 3.5554e+00 -7.2431e-04 0.0000e+00 0.0000e+00 -7.2431e-04 2.3707e+00 0.0000e+00 0.0000e+00 0.0000e+00 0.0000e+00 -2.4004e+00 -1.0110e-01 0.0000e+00 0.0000e+00 1.0110e-01 -1.2401e+00 
177.0 3.6995e+00 -1.7033e-03 0.0000e+00 0.0000e+00 -1.7033e-03 2.4446e+00 0.0000e+00 0.0000e+00 0.0000e+00 0.0000e+00 -2.4819e+00 -5.1869e-02 0.0000e+00 0.0000e+00 5.1869e-02 -1.2366e+00 
178.0 3.8006e+00 -6.7118e-04 0.0000e+00 0.0000e+00 -6.7118e-04 2.4977e+00 0.0000e+00 0.0000e+00 0.0000e+00 0.0000e+00 -2.5365e+00 -1.4996e-02 0.0000e+00 0.0000e+00 1.4996e-02 -1.2334e+00 
179.0 3.8392e+00 -4.2905e-21 0.0000e+00 0.0000e+00 -4.2905e-21 2.5185e+00 0.0000e+00 0.0000e+00 0.0000e+00 0.0000e+00 -2.5570e+00 -3.0102e-19 0.0000e+00 0.0000e+00 3.0102e-19 -1.2322e+00 
180.0 3.8759e+00 0.0000e+00 0.0000e+00 0.0000e+00 0.0000e+00 2.5373e+00 0.0000e+00 0.0000e+00 0.0000e+00 0.0000e+00 -2.5757e+00 0.0000e+00 0.0000e+00 0.0000e+00 -0.0000e+00 -1.2308e+00 
