1.2009 1.2397 0.0388 0.115747
theta s11 s12 s13 s14 s21 s22 s23 s24 s31 s32 s33 s34 s41 s42 s43 s44
0.0 1.1898e+03 0.0000e+00 0.0000e+00 0.0000e+00 0.0000e+00 1.1892e+03 0.0000e+00 0.0000e+00 0.0000e+00 0.0000e+00 1.1892e+03 0.0000e+00 0.0000e+00 0.0000e+00 -0.0000e+00 1.1887e+03 
1.0 1.1054e+03 -1.4159e-02 0.0000e+00 0.0000e+00 -1.4159e-02 1.1048e+03 0.0000e+00 0.0000e+00 0.0000e+00 0.0000e+00 1.1048e+03 -4.9614e-01 0.0000e+00 0.0000e+00 4.9614e-01 1.1043e+03 
2.0 9.3033e+02 -8.6981e-03 0.0000e+00 0.0000e+00 -8.6981e-03 9.2983e+02 0.0000e+00 0.0000e+00 0.0000e+00 0.0000e+00 9.2982e+02 -1.7519e+00 0.0000e+00 0.0000e+00 1.7519e+00 9.2933e+02 
3.0 7.4651e+02 5.2297e-02 0.0000e+00 0.0000e+00 5.2297e-02 7.4603e+02 0.0000e+00 0.0000e+00 0.0000e+00 0.0000e+00 7.4601e+02 -3.2611e+00 0.0000e+00 0.0000e+00 3.2611e+00 7.4556e+02 
4.0 5.8563e+02 1.4885e-01 0.0000e+00 0.0000e+00 1.4885e-01 5.8518e+02 0.0000e+00 0.0000e+00 0.0000e+00 0.0000e+00 5.8513e+02 -4.5836e+00 0.0000e+00 0.0000e+00 4.5836e+00 5.8472e+02 
5.0 4.5571e+02 2.4468e-01 0.0000e+00 0.0000e+00 2.4468e-01 4.5529e+02 0.0000e+00 0.0000e+00 0.0000e+00 0.0000e+00 4.5519e+02 -5.4993e+00 0.0000e+00 0.0000e+00 5.4993e+00 4.5483e+02 
6.0 3.5494e+02 3.1181e-01 0.0000e+00 0.0000e+00 3.1181e-01 3.5454e+02 0.0000e+00 0.0000e+00 0.0000e+00 0.0000e+00 3.5439e+02 -5.9647e+00 0.0000e+00 0.0000e+00 5.9647e+00 3.5407e+02 
7.0 2.7845e+02 3.3777e-01 0.0000e+00 0.0000e+00 3.3777e-01 2.7807e+02 0.0000e+00 0.0000e+00 0.0000e+00 0.0000e+00 2.7787e+02 -6.0349e+00 0.0000e+00 0.0000e+00 6.0349e+00 2.7759e+02 
8.0 2.2101e+02 3.2460e-01 0.0000e+00 0.0000e+00 3.2460e-01 2.2065e+02 0.0000e+00 0.0000e+00 0.0000e+00 0.0000e+00 2.2040e+02 -5.8098e+00 0.0000e+00 0.0000e+00 5.8098e+00 2.2015e+02 
9.0 1.7804e+02 2.8299e-01 0.0000e+00 0.0000e+00 2.8299e-01 1.7769e+02 0.0000e+00 0.0000e+00 0.0000e+00 0.0000e+00 1.7740e+02 -5.3956e+00 0.0000e+00 0.0000e+00 5.3956e+00 1.7717e+02 
10.0 1.4582e+02 2.2576e-01 0.0000e+00 0.0000e+00 2.2576e-01 1.4547e+02 0.0000e+00 0.0000e+00 0.0000e+00 0.0000e+00 1.4515e+02 -4.8822e+00 0.0000e+00 0.0000e+00 4.8822e+00 1.4495e+02 
11.0 1.2149e+02 1.6478e-01 0.0000e+00 0.0000e+00 1.6478e-01 1.2114e+02 0.0000e+00 0.0000e+00 0.0000e+00 0.0000e+00 1.2080e+02 -4.3365e+00 0.0000e+00 0.0000e+00 4.3365e+00 1.2062e+02 
12.0 1.0291e+02 1.0824e-01 0.0000e+00 0.0000e+00 1.0824e-01 1.0256e+02 0.0000e+00 0.0000e+00 0.0000e+00 0.0000e+00 1.0221e+02 -3.8030e+00 0.0000e+00 0.0000e+00 3.8030e+00 1.0204e+02 
13.0 8.8534e+01 5.9646e-02 0.0000e+00 0.0000e+00 5.9646e-02 8.8186e+01 0.0000e+00 0.0000e+00 0.0000e+00 0.0000e+00 8.7824e+01 -3.3057e+00 0.0000e+00 0.0000e+00 3.3057e+00 8.7671e+01 
14.0 7.7265e+01 2.2873e-02 0.0000e+00 0.0000e+00 2.2873e-02 7.6915e+01 0.0000e+00 0.0000e+00 0.0000e+00 0.0000e+00 7.6549e+01 -2.8643e+00 0.0000e+00 0.0000e+00 2.8643e+00 7.6411e+01 
15.0 6.8289e+01 -4.2415e-03 0.0000e+00 0.0000e+00 -4.2415e-03 6.7938e+01 0.0000e+00 0.0000e+00 0.0000e+00 0.0000e+00 6.7571e+01 -2.4756e+00 0.0000e+00 0.0000e+00 2.4756e+00 6.7448e+01 
16.0 6.1008e+01 -2.1338e-02 0.0000e+00 0.0000e+00 -2.1338e-02 6.0655e+01 0.0000e+00 0.0000e+00 0.0000e+00 0.0000e+00 6.0289e+01 -2.1401e+00 0.0000e+00 0.0000e+00 2.1401e+00 6.0181e+01 
17.0 5.4983e+01 -2.9469e-02 0.0000e+00 0.0000e+00 -2.9469e-02 5.4628e+01 0.0000e+00 0.0000e+00 0.0000e+00 0.0000e+00 5.4264e+01 -1.8527e+00 0.0000e+00 0.0000e+00 1.8527e+00 5.4170e+01 
18.0 4.9903e+01 -3.0371e-02 0.0000e+00 0.0000e+00 -3.0371e-02 4.9546e+01 0.0000e+00 0.0000e+00 0.0000e+00 0.0000e+00 4.9186e+01 -1.6068e+00 0.0000e+00 0.0000e+00 1.6068e+00 4.9104e+01 
19.0 4.5554e+01 -2.6287e-02 0.0000e+00 0.0000e+00 -2.6287e-02 4.5195e+01 0.0000e+00 0.0000e+00 0.0000e+00 0.0000e+00 4.4919e+01 -1.3953e+00 0.0000e+00 0.0000e+00 1.3953e+00 4.4858e+01 
20.0 4.1788e+01 -1.9656e-02 0.0000e+00 0.0000e+00 -1.9656e-02 4.1426e+01 0.0000e+00 0.0000e+00 0.0000e+00 0.0000e+00 4.1223e+01 -1.2116e+00 0.0000e+00 0.0000e+00 1.2116e+00 4.1179e+01 
21.0 3.8497e+01 -1.2671e-02 0.0000e+00 0.0000e+00 -1.2671e-02 3.8131e+01 0.0000e+00 0.0000e+00 0.0000e+00 0.0000e+00 3.7993e+01 -1.0506e+00 0.0000e+00 0.0000e+00 1.0506e+00 3.7963e+01 
22.0 3.5597e+01 -6.9107e-03 0.0000e+00 0.0000e+00 -6.9107e-03 3.5228e+01 0.0000e+00 0.0000e+00 0.0000e+00 0.0000e+00 3.5146e+01 -9.0851e-01 0.0000e+00 0.0000e+00 9.0851e-01 3.5129e+01 
23.0 3.3022e+01 -3.1729e-03 0.0000e+00 0.0000e+00 -3.1729e-03 3.2650e+01 0.0000e+00 0.0000e+00 0.0000e+00 0.0000e+00 3.2618e+01 -7.8294e-01 0.0000e+00 0.0000e+00 7.8294e-01 3.2611e+01 
24.0 3.0716e+01 -1.5181e-03 0.0000e+00 0.0000e+00 -1.5181e-03 3.0340e+01 0.0000e+00 0.0000e+00 0.0000e+00 0.0000e+00 3.0353e+01 -6.7178e-01 0.0000e+00 0.0000e+00 6.7178e-01 3.0356e+01 
25.0 2.8635e+01 -1.4924e-03 0.0000e+00 0.0000e+00 -1.4924e-03 2.8255e+01 0.0000e+00 0.0000e+00 0.0000e+00 0.0000e+00 2.8309e+01 -5.7329e-01 0.0000e+00 0.0000e+00 5.7329e-01 2.8320e+01 
26.0 2.6744e+01 -2.4704e-03 0.0000e+00 0.0000e+00 -2.4704e-03 2.6360e+01 0.0000e+00 0.0000e+00 0.0000e+00 0.0000e+00 2.6451e+01 -4.8585e-01 0.0000e+00 0.0000e+00 4.8585e-01 2.6469e+01 
27.0 2.5016e+01 -4.0187e-03 0.0000e+00 0.0000e+00 -4.0187e-03 2.4628e+01 0.0000e+00 0.0000e+00 0.0000e+00 0.0000e+00 2.4753e+01 -4.0795e-01 0.0000e+00 0.0000e+00 4.0795e-01 2.4777e+01 
28.0 2.3430e+01 -6.0637e-03 0.0000e+00 0.0000e+00 -6.0637e-03 2.3038e+01 0.0000e+00 0.0000e+00 0.0000e+00 0.0000e+00 2.3194e+01 -3.3803e-01 0.0000e+00 0.0000e+00 3.3803e-01 2.3223e+01 
29.0 2.1972e+01 -8.8040e-03 0.0000e+00 0.0000e+00 -8.8040e-03 2.1575e+01 0.0000e+00 0.0000e+00 0.0000e+00 0.0000e+00 2.1759e+01 -2.7471e-01 0.0000e+00 0.0000e+00 2.7471e-01 2.1793e+01 
30.0 2.0628e+01 -1.2510e-02 0.0000e+00 0.0000e+00 -1.2510e-02 2.0227e+01 0.0000e+00 0.0000e+00 0.0000e+00 0.0000e+00 2.0437e+01 -2.1695e-01 0.0000e+00 0.0000e+00 2.1695e-01 2.0475e+01 
31.0 1.9389e+01 -1.7274e-02 0.0000e+00 0.0000e+00 -1.7274e-02 1.8983e+01 0.0000e+00 0.0000e+00 0.0000e+00 0.0000e+00 1.9145e+01 -1.6416e-01 0.0000e+00 0.0000e+00 1.6416e-01 1.9191e+01 
32.0 1.8244e+01 -2.2927e-02 0.0000e+00 0.0000e+00 -2.2927e-02 1.7834e+01 0.0000e+00 0.0000e+00 0.0000e+00 0.0000e+00 1.7950e+01 -1.1618e-01 0.0000e+00 0.0000e+00 1.1618e-01 1.8004e+01 
33.0 1.7183e+01 -2.9093e-02 0.0000e+00 0.0000e+00 -2.9093e-02 1.6769e+01 0.0000e+00 0.0000e+00 0.0000e+00 0.0000e+00 1.6843e+01 -7.2911e-02 0.0000e+00 0.0000e+00 7.2911e-02 1.6905e+01 
34.0 1.6197e+01 -3.5334e-02 0.0000e+00 0.0000e+00 -3.5334e-02 1.5780e+01 0.0000e+00 0.0000e+00 0.0000e+00 0.0000e+00 1.5815e+01 -3.4129e-02 0.0000e+00 0.0000e+00 3.4129e-02 1.5884e+01 
35.0 1.5279e+01 -4.1326e-02 0.0000e+00 0.0000e+00 -4.1326e-02 1.4857e+01 0.0000e+00 0.0000e+00 0.0000e+00 0.0000e+00 1.4858e+01 6.0031e-04 0.0000e+00 0.0000e+00 -6.0031e-04 1.4934e+01 
36.0 1.4420e+01 -4.6936e-02 0.0000e+00 0.0000e+00 -4.6936e-02 1.3995e+01 0.0000e+00 0.0000e+00 0.0000e+00 0.0000e+00 1.3965e+01 3.1936e-02 0.0000e+00 0.0000e+00 -3.1936e-02 1.4047e+01 
37.0 1.3616e+01 -5.2224e-02 0.0000e+00 0.0000e+00 -5.2224e-02 1.3187e+01 0.0000e+00 0.0000e+00 0.0000e+00 0.0000e+00 1.3130e+01 6.0644e-02 0.0000e+00 0.0000e+00 -6.0644e-02 1.3218e+01 
38.0 1.2863e+01 -5.7405e-02 0.0000e+00 0.0000e+00 -5.7405e-02 1.2431e+01 0.0000e+00 0.0000e+00 0.0000e+00 0.0000e+00 1.2348e+01 8.7429e-02 0.0000e+00 0.0000e+00 -8.7429e-02 1.2443e+01 
39.0 1.2158e+01 -6.2745e-02 0.0000e+00 0.0000e+00 -6.2745e-02 1.1723e+01 0.0000e+00 0.0000e+00 0.0000e+00 0.0000e+00 1.1617e+01 1.1278e-01 0.0000e+00 0.0000e+00 -1.1278e-01 1.1718e+01 
40.0 1.1500e+01 -6.8461e-02 0.0000e+00 0.0000e+00 -6.8461e-02 1.1062e+01 0.0000e+00 0.0000e+00 0.0000e+00 0.0000e+00 1.0934e+01 1.3693e-01 0.0000e+00 0.0000e+00 -1.3693e-01 1.1041e+01 
41.0 1.0886e+01 -7.4657e-02 0.0000e+00 0.0000e+00 -7.4657e-02 1.0445e+01 0.0000e+00 0.0000e+00 0.0000e+00 0.0000e+00 1.0296e+01 1.5993e-01 0.0000e+00 0.0000e+00 -1.5993e-01 1.0408e+01 
42.0 1.0312e+01 -8.1314e-02 0.0000e+00 0.0000e+00 -8.1314e-02 9.8684e+00 0.0000e+00 0.0000e+00 0.0000e+00 0.0000e+00 9.6994e+00 1.8174e-01 0.0000e+00 0.0000e+00 -1.8174e-01 9.8176e+00 
43.0 9.7763e+00 -8.8329e-02 0.0000e+00 0.0000e+00 -8.8329e-02 9.3303e+00 0.0000e+00 0.0000e+00 0.0000e+00 0.0000e+00 9.1421e+00 2.0234e-01 0.0000e+00 0.0000e+00 -2.0234e-01 9.2654e+00 
44.0 9.2759e+00 -9.5580e-02 0.0000e+00 0.0000e+00 -9.5580e-02 8.8275e+00 0.0000e+00 0.0000e+00 0.0000e+00 0.0000e+00 8.6207e+00 2.2181e-01 0.0000e+00 0.0000e+00 -2.2181e-01 8.7490e+00 
45.0 8.8078e+00 -1.0296e-01 0.0000e+00 0.0000e+00 -1.0296e-01 8.3573e+00 0.0000e+00 0.0000e+00 0.0000e+00 0.0000e+00 8.1325e+00 2.4029e-01 0.0000e+00 0.0000e+00 -2.4029e-01 8.2654e+00 
46.0 8.3697e+00 -1.1041e-01 0.0000e+00 0.0000e+00 -1.1041e-01 7.9172e+00 0.0000e+00 0.0000e+00 0.0000e+00 0.0000e+00 7.6749e+00 2.5798e-01 0.0000e+00 0.0000e+00 -2.5798e-01 7.8124e+00 
47.0 7.9597e+00 -1.1793e-01 0.0000e+00 0.0000e+00 -1.1793e-01 7.5053e+00 0.0000e+00 0.0000e+00 0.0000e+00 0.0000e+00 7.2461e+00 2.7508e-01 0.0000e+00 0.0000e+00 -2.7508e-01 7.3879e+00 
48.0 7.5758e+00 -1.2553e-01 0.0000e+00 0.0000e+00 -1.2553e-01 7.1198e+00 0.0000e+00 0.0000e+00 0.0000e+00 0.0000e+00 6.8441e+00 2.9171e-01 0.0000e+00 0.0000e+00 -2.9171e-01 6.9901e+00 
49.0 7.2166e+00 -1.3322e-01 0.0000e+00 0.0000e+00 -1.3322e-01 6.7589e+00 0.0000e+00 0.0000e+00 0.0000e+00 0.0000e+00 6.4674e+00 3.0792e-01 0.0000e+00 0.0000e+00 -3.0792e-01 6.6174e+00 
50.0 6.8802e+00 -1.4100e-01 0.0000e+00 0.0000e+00 -1.4100e-01 6.4211e+00 0.0000e+00 0.0000e+00 0.0000e+00 0.0000e+00 6.1142e+00 3.2372e-01 0.0000e+00 0.0000e+00 -3.2372e-01 6.2682e+00 
51.0 6.5654e+00 -1.4882e-01 0.0000e+00 0.0000e+00 -1.4882e-01 6.1048e+00 0.0000e+00 0.0000e+00 0.0000e+00 0.0000e+00 5.7831e+00 3.3910e-01 0.0000e+00 0.0000e+00 -3.3910e-01 5.9408e+00 
52.0 6.2704e+00 -1.5667e-01 0.0000e+00 0.0000e+00 -1.5667e-01 5.8086e+00 0.0000e+00 0.0000e+00 0.0000e+00 0.0000e+00 5.4725e+00 3.5407e-01 0.0000e+00 0.0000e+00 -3.5407e-01 5.6338e+00 
53.0 5.9941e+00 -1.6452e-01 0.0000e+00 0.0000e+00 -1.6452e-01 5.5310e+00 0.0000e+00 0.0000e+00 0.0000e+00 0.0000e+00 5.1809e+00 3.6871e-01 0.0000e+00 0.0000e+00 -3.6871e-01 5.3458e+00 
54.0 5.7353e+00 -1.7237e-01 0.0000e+00 0.0000e+00 -1.7237e-01 5.2710e+00 0.0000e+00 0.0000e+00 0.0000e+00 0.0000e+00 4.9072e+00 3.8308e-01 0.0000e+00 0.0000e+00 -3.8308e-01 5.0756e+00 
55.0 5.4929e+00 -1.8022e-01 0.0000e+00 0.0000e+00 -1.8022e-01 5.0274e+00 0.0000e+00 0.0000e+00 0.0000e+00 0.0000e+00 4.6502e+00 3.9726e-01 0.0000e+00 0.0000e+00 -3.9726e-01 4.8219e+00 
56.0 5.2659e+00 -1.8807e-01 0.0000e+00 0.0000e+00 -1.8807e-01 4.7993e+00 0.0000e+00 0.0000e+00 0.0000e+00 0.0000e+00 4.4089e+00 4.1125e-01 0.0000e+00 0.0000e+00 -4.1125e-01 4.5840e+00 
57.0 5.0535e+00 -1.9590e-01 0.0000e+00 0.0000e+00 -1.9590e-01 4.5857e+00 0.0000e+00 0.0000e+00 0.0000e+00 0.0000e+00 4.1824e+00 4.2506e-01 0.0000e+00 0.0000e+00 -4.2506e-01 4.3608e+00 
58.0 4.8546e+00 -2.0368e-01 0.0000e+00 0.0000e+00 -2.0368e-01 4.3857e+00 0.0000e+00 0.0000e+00 0.0000e+00 0.0000e+00 3.9696e+00 4.3867e-01 0.0000e+00 0.0000e+00 -4.3867e-01 4.1513e+00 
59.0 4.6685e+00 -2.1139e-01 0.0000e+00 0.0000e+00 -2.1139e-01 4.1985e+00 0.0000e+00 0.0000e+00 0.0000e+00 0.0000e+00 3.7698e+00 4.5206e-01 0.0000e+00 0.0000e+00 -4.5206e-01 3.9547e+00 
60.0 4.4943e+00 -2.1904e-01 0.0000e+00 0.0000e+00 -2.1904e-01 4.0231e+00 0.0000e+00 0.0000e+00 0.0000e+00 0.0000e+00 3.5820e+00 4.6524e-01 0.0000e+00 0.0000e+00 -4.6524e-01 3.7702e+00 
61.0 4.3312e+00 -2.2664e-01 0.0000e+00 0.0000e+00 -2.2664e-01 3.8589e+00 0.0000e+00 0.0000e+00 0.0000e+00 0.0000e+00 3.4056e+00 4.7819e-01 0.0000e+00 0.0000e+00 -4.7819e-01 3.5970e+00 
62.0 4.1785e+00 -2.3421e-01 0.0000e+00 0.0000e+00 -2.3421e-01 3.7050e+00 0.0000e+00 0.0000e+00 0.0000e+00 0.0000e+00 3.2396e+00 4.9086e-01 0.0000e+00 0.0000e+00 -4.9086e-01 3.4344e+00 
63.0 4.0356e+00 -2.4175e-01 0.0000e+00 0.0000e+00 -2.4175e-01 3.5608e+00 0.0000e+00 0.0000e+00 0.0000e+00 0.0000e+00 3.0835e+00 5.0319e-01 0.0000e+00 0.0000e+00 -5.0319e-01 3.2818e+00 
64.0 3.9017e+00 -2.4925e-01 0.0000e+00 0.0000e+00 -2.4925e-01 3.4257e+00 0.0000e+00 0.0000e+00 0.0000e+00 0.0000e+00 2.9367e+00 5.1509e-01 0.0000e+00 0.0000e+00 -5.1509e-01 3.1384e+00 
65.0 3.7761e+00 -2.5666e-01 0.0000e+00 0.0000e+00 -2.5666e-01 3.2989e+00 0.0000e+00 0.0000e+00 0.0000e+00 0.0000e+00 2.7984e+00 5.2648e-01 0.0000e+00 0.0000e+00 -5.2648e-01 3.0037e+00 
66.0 3.6584e+00 -2.6393e-01 0.0000e+00 0.0000e+00 -2.6393e-01 3.1799e+00 0.0000e+00 0.0000e+00 0.0000e+00 0.0000e+00 2.6680e+00 5.3730e-01 0.0000e+00 0.0000e+00 -5.3730e-01 2.8770e+00 
67.0 3.5478e+00 -2.7102e-01 0.0000e+00 0.0000e+00 -2.7102e-01 3.0679e+00 0.0000e+00 0.0000e+00 0.0000e+00 0.0000e+00 2.5449e+00 5.4752e-01 0.0000e+00 0.0000e+00 -5.4752e-01 2.7577e+00 
68.0 3.4438e+00 -2.7789e-01 0.0000e+00 0.0000e+00 -2.7789e-01 2.9626e+00 0.0000e+00 0.0000e+00 0.0000e+00 0.0000e+00 2.4287e+00 5.5709e-01 0.0000e+00 0.0000e+00 -5.5709e-01 2.6453e+00 
69.0 3.3458e+00 -2.8456e-01 0.0000e+00 0.0000e+00 -2.8456e-01 2.8632e+00 0.0000e+00 0.0000e+00 0.0000e+00 0.0000e+00 2.3186e+00 5.6598e-01 0.0000e+00 0.0000e+00 -5.6598e-01 2.5393e+00 
70.0 3.2533e+00 -2.9100e-01 0.0000e+00 0.0000e+00 -2.9100e-01 2.7694e+00 0.0000e+00 0.0000e+00 0.0000e+00 0.0000e+00 2.2144e+00 5.7415e-01 0.0000e+00 0.0000e+00 -5.7415e-01 2.4391e+00 
71.0 3.1660e+00 -2.9720e-01 0.0000e+00 0.0000e+00 -2.9720e-01 2.6806e+00 0.0000e+00 0.0000e+00 0.0000e+00 0.0000e+00 2.1154e+00 5.8157e-01 0.0000e+00 0.0000e+00 -5.8157e-01 2.3444e+00 
72.0 3.0834e+00 -3.0316e-01 0.0000e+00 0.0000e+00 -3.0316e-01 2.5966e+00 0.0000e+00 0.0000e+00 0.0000e+00 0.0000e+00 2.0214e+00 5.8822e-01 0.0000e+00 0.0000e+00 -5.8822e-01 2.2547e+00 
73.0 3.0051e+00 -3.0886e-01 0.0000e+00 0.0000e+00 -3.0886e-01 2.5169e+00 0.0000e+00 0.0000e+00 0.0000e+00 0.0000e+00 1.9319e+00 5.9409e-01 0.0000e+00 0.0000e+00 -5.9409e-01 2.1696e+00 
74.0 2.9309e+00 -3.1426e-01 0.0000e+00 0.0000e+00 -3.1426e-01 2.4413e+00 0.0000e+00 0.0000e+00 0.0000e+00 0.0000e+00 1.8468e+00 5.9914e-01 0.0000e+00 0.0000e+00 -5.9914e-01 2.0889e+00 
75.0 2.8604e+00 -3.1935e-01 0.0000e+00 0.0000e+00 -3.1935e-01 2.3694e+00 0.0000e+00 0.0000e+00 0.0000e+00 0.0000e+00 1.7656e+00 6.0340e-01 0.0000e+00 0.0000e+00 -6.0340e-01 2.0121e+00 
76.0 2.7933e+00 -3.2413e-01 0.0000e+00 0.0000e+00 -3.2413e-01 2.3010e+00 0.0000e+00 0.0000e+00 0.0000e+00 0.0000e+00 1.6880e+00 6.0688e-01 0.0000e+00 0.0000e+00 -6.0688e-01 1.9391e+00 
77.0 2.7294e+00 -3.2856e-01 0.0000e+00 0.0000e+00 -3.2856e-01 2.2358e+00 0.0000e+00 0.0000e+00 0.0000e+00 0.0000e+00 1.6139e+00 6.0958e-01 0.0000e+00 0.0000e+00 -6.0958e-01 1.8694e+00 
78.0 2.6684e+00 -3.3265e-01 0.0000e+00 0.0000e+00 -3.3265e-01 2.1736e+00 0.0000e+00 0.0000e+00 0.0000e+00 0.0000e+00 1.5430e+00 6.1153e-01 0.0000e+00 0.0000e+00 -6.1153e-01 1.8030e+00 
79.0 2.6101e+00 -3.3639e-01 0.0000e+00 0.0000e+00 -3.3639e-01 2.1143e+00 0.0000e+00 0.0000e+00 0.0000e+00 0.0000e+00 1.4751e+00 6.1277e-01 0.0000e+00 0.0000e+00 -6.1277e-01 1.7395e+00 
80.0 2.5544e+00 -3.3975e-01 0.0000e+00 0.0000e+00 -3.3975e-01 2.0575e+00 0.0000e+00 0.0000e+00 0.0000e+00 0.0000e+00 1.4099e+00 6.1332e-01 0.0000e+00 0.0000e+00 -6.1332e-01 1.6787e+00 
81.0 2.5011e+00 -3.4275e-01 0.0000e+00 0.0000e+00 -3.4275e-01 2.0032e+00 0.0000e+00 0.0000e+00 0.0000e+00 0.0000e+00 1.3474e+00 6.1320e-01 0.0000e+00 0.0000e+00 -6.1320e-01 1.6205e+00 
82.0 2.4500e+00 -3.4538e-01 0.0000e+00 0.0000e+00 -3.4538e-01 1.9512e+00 0.0000e+00 0.0000e+00 0.0000e+00 0.0000e+00 1.2873e+00 6.1245e-01 0.0000e+00 0.0000e+00 -6.1245e-01 1.5647e+00 
83.0 2.4009e+00 -3.4764e-01 0.0000e+00 0.0000e+00 -3.4764e-01 1.9014e+00 0.0000e+00 0.0000e+00 0.0000e+00 0.0000e+00 1.2295e+00 6.1109e-01 0.0000e+00 0.0000e+00 -6.1109e-01 1.5110e+00 
84.0 2.3538e+00 -3.4953e-01 0.0000e+00 0.0000e+00 -3.4953e-01 1.8536e+00 0.0000e+00 0.0000e+00 0.0000e+00 0.0000e+00 1.1739e+00 6.0916e-01 0.0000e+00 0.0000e+00 -6.0916e-01 1.4595e+00 
85.0 2.3086e+00 -3.5107e-01 0.0000e+00 0.0000e+00 -3.5107e-01 1.8076e+00 0.0000e+00 0.0000e+00 0.0000e+00 0.0000e+00 1.1203e+00 6.0668e-01 0.0000e+00 0.0000e+00 -6.0668e-01 1.4099e+00 
86.0 2.2650e+00 -3.5224e-01 0.0000e+00 0.0000e+00 -3.5224e-01 1.7635e+00 0.0000e+00 0.0000e+00 0.0000e+00 0.0000e+00 1.0686e+00 6.0370e-01 0.0000e+00 0.0000e+00 -6.0370e-01 1.3621e+00 
87.0 2.2232e+00 -3.5304e-01 0.0000e+00 0.0000e+00 -3.5304e-01 1.7211e+00 0.0000e+00 0.0000e+00 0.0000e+00 0.0000e+00 1.0186e+00 6.0025e-01 0.0000e+00 0.0000e+00 -6.0025e-01 1.3160e+00 
88.0 2.1829e+00 -3.5349e-01 0.0000e+00 0.0000e+00 -3.5349e-01 1.6803e+00 0.0000e+00 0.0000e+00 0.0000e+00 0.0000e+00 9.7038e-01 5.9639e-01 0.0000e+00 0.0000e+00 -5.9639e-01 1.2715e+00 
89.0 2.1441e+00 -3.5359e-01 0.0000e+00 0.0000e+00 -3.5359e-01 1.6410e+00 0.0000e+00 0.0000e+00 0.0000e+00 0.0000e+00 9.2372e-01 5.9214e-01 0.0000e+00 0.0000e+00 -5.9214e-01 1.2285e+00 
90.0 2.1068e+00 -3.5336e-01 0.0000e+00 0.0000e+00 -3.5336e-01 1.6032e+00 0.0000e+00 0.0000e+00 0.0000e+00 0.0000e+00 8.7854e-01 5.8755e-01 0.0000e+00 0.0000e+00 -5.8755e-01 1.1870e+00 
91.0 2.0708e+00 -3.5280e-01 0.0000e+00 0.0000e+00 -3.5280e-01 1.5667e+00 0.0000e+00 0.0000e+00 0.0000e+00 0.0000e+00 8.3477e-01 5.8264e-01 0.0000e+00 0.0000e+00 -5.8264e-01 1.1468e+00 
92.0 2.0362e+00 -3.5193e-01 0.0000e+00 0.0000e+00 -3.5193e-01 1.5315e+00 0.0000e+00 0.0000e+00 0.0000e+00 0.0000e+00 7.9232e-01 5.7742e-01 0.0000e+00 0.0000e+00 -5.7742e-01 1.1078e+00 
93.0 2.0027e+00 -3.5075e-01 0.0000e+00 0.0000e+00 -3.5075e-01 1.4975e+00 0.0000e+00 0.0000e+00 0.0000e+00 0.0000e+00 7.5110e-01 5.7193e-01 0.0000e+00 0.0000e+00 -5.7193e-01 1.0701e+00 
94.0 1.9704e+00 -3.4929e-01 0.0000e+00 0.0000e+00 -3.4929e-01 1.4647e+00 0.0000e+00 0.0000e+00 0.0000e+00 0.0000e+00 7.1104e-01 5.6618e-01 0.0000e+00 0.0000e+00 -5.6618e-01 1.0334e+00 
95.0 1.9393e+00 -3.4754e-01 0.0000e+00 0.0000e+00 -3.4754e-01 1.4330e+00 0.0000e+00 0.0000e+00 0.0000e+00 0.0000e+00 6.7208e-01 5.6018e-01 0.0000e+00 0.0000e+00 -5.6018e-01 9.9784e-01 
96.0 1.9091e+00 -3.4550e-01 0.0000e+00 0.0000e+00 -3.4550e-01 1.4023e+00 0.0000e+00 0.0000e+00 0.0000e+00 0.0000e+00 6.3419e-01 5.5395e-01 0.0000e+00 0.0000e+00 -5.5395e-01 9.6321e-01 
97.0 1.8799e+00 -3.4317e-01 0.0000e+00 0.0000e+00 -3.4317e-01 1.3727e+00 0.0000e+00 0.0000e+00 0.0000e+00 0.0000e+00 5.9730e-01 5.4751e-01 0.0000e+00 0.0000e+00 -5.4751e-01 9.2950e-01 
98.0 1.8517e+00 -3.4055e-01 0.0000e+00 0.0000e+00 -3.4055e-01 1.3440e+00 0.0000e+00 0.0000e+00 0.0000e+00 0.0000e+00 5.6139e-01 5.4090e-01 0.0000e+00 0.0000e+00 -5.4090e-01 8.9664e-01 
99.0 1.8244e+00 -3.3765e-01 0.0000e+00 0.0000e+00 -3.3765e-01 1.3163e+00 0.0000e+00 0.0000e+00 0.0000e+00 0.0000e+00 5.2642e-01 5.3415e-01 0.0000e+00 0.0000e+00 -5.3415e-01 8.6460e-01 
100.0 1.7979e+00 -3.3447e-01 0.0000e+00 0.0000e+00 -3.3447e-01 1.2896e+00 0.0000e+00 0.0000e+00 0.0000e+00 0.0000e+00 4.9235e-01 5.2730e-01 0.0000e+00 0.0000e+00 -5.2730e-01 8.3332e-01 
101.0 1.7724e+00 -3.3104e-01 0.0000e+00 0.0000e+00 -3.3104e-01 1.2639e+00 0.0000e+00 0.0000e+00 0.0000e+00 0.0000e+00 4.5914e-01 5.2038e-01 0.0000e+00 0.0000e+00 -5.2038e-01 8.0277e-01 
102.0 1.7476e+00 -3.2736e-01 0.0000e+00 0.0000e+00 -3.2736e-01 1.2390e+00 0.0000e+00 0.0000e+00 0.0000e+00 0.0000e+00 4.2678e-01 5.1342e-01 0.0000e+00 0.0000e+00 -5.1342e-01 7.7291e-01 
103.0 1.7238e+00 -3.2345e-01 0.0000e+00 0.0000e+00 -3.2345e-01 1.2151e+00 0.0000e+00 0.0000e+00 0.0000e+00 0.0000e+00 3.9524e-01 5.0645e-01 0.0000e+00 0.0000e+00 -5.0645e-01 7.4373e-01 
104.0 1.7007e+00 -3.1929e-01 0.0000e+00 0.0000e+00 -3.1929e-01 1.1921e+00 0.0000e+00 0.0000e+00 0.0000e+00 0.0000e+00 3.6451e-01 4.9947e-01 0.0000e+00 0.0000e+00 -4.9947e-01 7.1520e-01 
105.0 1.6785e+00 -3.1489e-01 0.0000e+00 0.0000e+00 -3.1489e-01 1.1700e+00 0.0000e+00 0.0000e+00 0.0000e+00 0.0000e+00 3.3459e-01 4.9253e-01 0.0000e+00 0.0000e+00 -4.9253e-01 6.8734e-01 
106.0 1.6571e+00 -3.1025e-01 0.0000e+00 0.0000e+00 -3.1025e-01 1.1488e+00 0.0000e+00 0.0000e+00 0.0000e+00 0.0000e+00 3.0547e-01 4.8565e-01 0.0000e+00 0.0000e+00 -4.8565e-01 6.6014e-01 
107.0 1.6365e+00 -3.0538e-01 0.0000e+00 0.0000e+00 -3.0538e-01 1.1285e+00 0.0000e+00 0.0000e+00 0.0000e+00 0.0000e+00 2.7714e-01 4.7883e-01 0.0000e+00 0.0000e+00 -4.7883e-01 6.3359e-01 
108.0 1.6167e+00 -3.0027e-01 0.0000e+00 0.0000e+00 -3.0027e-01 1.1090e+00 0.0000e+00 0.0000e+00 0.0000e+00 0.0000e+00 2.4957e-01 4.7209e-01 0.0000e+00 0.0000e+00 -4.7209e-01 6.0770e-01 
109.0 1.5977e+00 -2.9496e-01 0.0000e+00 0.0000e+00 -2.9496e-01 1.0903e+00 0.0000e+00 0.0000e+00 0.0000e+00 0.0000e+00 2.2273e-01 4.6544e-01 0.0000e+00 0.0000e+00 -4.6544e-01 5.8244e-01 
110.0 1.5795e+00 -2.8946e-01 0.0000e+00 0.0000e+00 -2.8946e-01 1.0724e+00 0.0000e+00 0.0000e+00 0.0000e+00 0.0000e+00 1.9658e-01 4.5887e-01 0.0000e+00 0.0000e+00 -4.5887e-01 5.5780e-01 
111.0 1.5620e+00 -2.8378e-01 0.0000e+00 0.0000e+00 -2.8378e-01 1.0552e+00 0.0000e+00 0.0000e+00 0.0000e+00 0.0000e+00 1.7107e-01 4.5236e-01 0.0000e+00 0.0000e+00 -4.5236e-01 5.3376e-01 
112.0 1.5451e+00 -2.7796e-01 0.0000e+00 0.0000e+00 -2.7796e-01 1.0386e+00 0.0000e+00 0.0000e+00 0.0000e+00 0.0000e+00 1.4615e-01 4.4590e-01 0.0000e+00 0.0000e+00 -4.4590e-01 5.1029e-01 
113.0 1.5290e+00 -2.7201e-01 0.0000e+00 0.0000e+00 -2.7201e-01 1.0226e+00 0.0000e+00 0.0000e+00 0.0000e+00 0.0000e+00 1.2179e-01 4.3948e-01 0.0000e+00 0.0000e+00 -4.3948e-01 4.8737e-01 
114.0 1.5134e+00 -2.6593e-01 0.0000e+00 0.0000e+00 -2.6593e-01 1.0072e+00 0.0000e+00 0.0000e+00 0.0000e+00 0.0000e+00 9.7973e-02 4.3308e-01 0.0000e+00 0.0000e+00 -4.3308e-01 4.6499e-01 
115.0 1.4985e+00 -2.5974e-01 0.0000e+00 0.0000e+00 -2.5974e-01 9.9239e-01 0.0000e+00 0.0000e+00 0.0000e+00 0.0000e+00 7.4663e-02 4.2669e-01 0.0000e+00 0.0000e+00 -4.2669e-01 4.4313e-01 
116.0 1.4842e+00 -2.5344e-01 0.0000e+00 0.0000e+00 -2.5344e-01 9.7807e-01 0.0000e+00 0.0000e+00 0.0000e+00 0.0000e+00 5.1856e-02 4.2032e-01 0.0000e+00 0.0000e+00 -4.2032e-01 4.2180e-01 
117.0 1.4706e+00 -2.4704e-01 0.0000e+00 0.0000e+00 -2.4704e-01 9.6429e-01 0.0000e+00 0.0000e+00 0.0000e+00 0.0000e+00 2.9553e-02 4.1396e-01 0.0000e+00 0.0000e+00 -4.1396e-01 4.0098e-01 
118.0 1.4575e+00 -2.4056e-01 0.0000e+00 0.0000e+00 -2.4056e-01 9.5104e-01 0.0000e+00 0.0000e+00 0.0000e+00 0.0000e+00 7.7582e-03 4.0763e-01 0.0000e+00 0.0000e+00 -4.0763e-01 3.8069e-01 
119.0 1.4450e+00 -2.3401e-01 0.0000e+00 0.0000e+00 -2.3401e-01 9.3830e-01 0.0000e+00 0.0000e+00 0.0000e+00 0.0000e+00 -1.3531e-02 4.0133e-01 0.0000e+00 0.0000e+00 -4.0133e-01 3.6091e-01 
120.0 1.4331e+00 -2.2742e-01 0.0000e+00 0.0000e+00 -2.2742e-01 9.2605e-01 0.0000e+00 0.0000e+00 0.0000e+00 0.0000e+00 -3.4324e-02 3.9504e-01 0.0000e+00 0.0000e+00 -3.9504e-01 3.4164e-01 
121.0 1.4217e+00 -2.2080e-01 0.0000e+00 0.0000e+00 -2.2080e-01 9.1424e-01 0.0000e+00 0.0000e+00 0.0000e+00 0.0000e+00 -5.4642e-02 3.8874e-01 0.0000e+00 0.0000e+00 -3.8874e-01 3.2285e-01 
122.0 1.4107e+00 -2.1417e-01 0.0000e+00 0.0000e+00 -2.1417e-01 9.0283e-01 0.0000e+00 0.0000e+00 0.0000e+00 0.0000e+00 -7.4510e-02 3.8238e-01 0.0000e+00 0.0000e+00 -3.8238e-01 3.0452e-01 
123.0 1.4002e+00 -2.0753e-01 0.0000e+00 0.0000e+00 -2.0753e-01 8.9179e-01 0.0000e+00 0.0000e+00 0.0000e+00 0.0000e+00 -9.3950e-02 3.7593e-01 0.0000e+00 0.0000e+00 -3.7593e-01 2.8663e-01 
124.0 1.3901e+00 -2.0086e-01 0.0000e+00 0.0000e+00 -2.0086e-01 8.8112e-01 0.0000e+00 0.0000e+00 0.0000e+00 0.0000e+00 -1.1297e-01 3.6939e-01 0.0000e+00 0.0000e+00 -3.6939e-01 2.6918e-01 
125.0 1.3804e+00 -1.9412e-01 0.0000e+00 0.0000e+00 -1.9412e-01 8.7086e-01 0.0000e+00 0.0000e+00 0.0000e+00 0.0000e+00 -1.3158e-01 3.6278e-01 0.0000e+00 0.0000e+00 -3.6278e-01 2.5216e-01 
126.0 1.3713e+00 -1.8732e-01 0.0000e+00 0.0000e+00 -1.8732e-01 8.6103e-01 0.0000e+00 0.0000e+00 0.0000e+00 0.0000e+00 -1.4977e-01 3.5612e-01 0.0000e+00 0.0000e+00 -3.5612e-01 2.3556e-01 
127.0 1.3626e+00 -1.8046e-01 0.0000e+00 0.0000e+00 -1.8046e-01 8.5162e-01 0.0000e+00 0.0000e+00 0.0000e+00 0.0000e+00 -1.6758e-01 3.4940e-01 0.0000e+00 0.0000e+00 -3.4940e-01 2.1935e-01 
128.0 1.3544e+00 -1.7354e-01 0.0000e+00 0.0000e+00 -1.7354e-01 8.4260e-01 0.0000e+00 0.0000e+00 0.0000e+00 0.0000e+00 -1.8503e-01 3.4260e-01 0.0000e+00 0.0000e+00 -3.4260e-01 2.0351e-01 
129.0 1.3466e+00 -1.6656e-01 0.0000e+00 0.0000e+00 -1.6656e-01 8.3391e-01 0.0000e+00 0.0000e+00 0.0000e+00 0.0000e+00 -2.0218e-01 3.3567e-01 0.0000e+00 0.0000e+00 -3.3567e-01 1.8800e-01 
130.0 1.3392e+00 -1.5950e-01 0.0000e+00 0.0000e+00 -1.5950e-01 8.2557e-01 0.0000e+00 0.0000e+00 0.0000e+00 0.0000e+00 -2.1906e-01 3.2861e-01 0.0000e+00 0.0000e+00 -3.2861e-01 1.7277e-01 
131.0 1.3324e+00 -1.5232e-01 0.0000e+00 0.0000e+00 -1.5232e-01 8.1759e-01 0.0000e+00 0.0000e+00 0.0000e+00 0.0000e+00 -2.3572e-01 3.2146e-01 0.0000e+00 0.0000e+00 -3.2146e-01 1.5781e-01 
132.0 1.3260e+00 -1.4502e-01 0.0000e+00 0.0000e+00 -1.4502e-01 8.1005e-01 0.0000e+00 0.0000e+00 0.0000e+00 0.0000e+00 -2.5219e-01 3.1428e-01 0.0000e+00 0.0000e+00 -3.1428e-01 1.4309e-01 
133.0 1.3203e+00 -1.3761e-01 0.0000e+00 0.0000e+00 -1.3761e-01 8.0299e-01 0.0000e+00 0.0000e+00 0.0000e+00 0.0000e+00 -2.6847e-01 3.0713e-01 0.0000e+00 0.0000e+00 -3.0713e-01 1.2860e-01 
134.0 1.3152e+00 -1.3010e-01 0.0000e+00 0.0000e+00 -1.3010e-01 7.9645e-01 0.0000e+00 0.0000e+00 0.0000e+00 0.0000e+00 -2.8457e-01 3.0005e-01 0.0000e+00 0.0000e+00 -3.0005e-01 1.1433e-01 
135.0 1.3108e+00 -1.2254e-01 0.0000e+00 0.0000e+00 -1.2254e-01 7.9044e-01 0.0000e+00 0.0000e+00 0.0000e+00 0.0000e+00 -3.0048e-01 2.9306e-01 0.0000e+00 0.0000e+00 -2.9306e-01 1.0028e-01 
136.0 1.3070e+00 -1.1494e-01 0.0000e+00 0.0000e+00 -1.1494e-01 7.8500e-01 0.0000e+00 0.0000e+00 0.0000e+00 0.0000e+00 -3.1617e-01 2.8615e-01 0.0000e+00 0.0000e+00 -2.8615e-01 8.6458e-02 
137.0 1.3039e+00 -1.0729e-01 0.0000e+00 0.0000e+00 -1.0729e-01 7.8016e-01 0.0000e+00 0.0000e+00 0.0000e+00 0.0000e+00 -3.3165e-01 2.7932e-01 0.0000e+00 0.0000e+00 -2.7932e-01 7.2852e-02 
138.0 1.3014e+00 -9.9584e-02 0.0000e+00 0.0000e+00 -9.9584e-02 7.7599e-01 0.0000e+00 0.0000e+00 0.0000e+00 0.0000e+00 -3.4689e-01 2.7263e-01 0.0000e+00 0.0000e+00 -2.7263e-01 5.9444e-02 
139.0 1.2997e+00 -9.1841e-02 0.0000e+00 0.0000e+00 -9.1841e-02 7.7256e-01 0.0000e+00 0.0000e+00 0.0000e+00 0.0000e+00 -3.6190e-01 2.6610e-01 0.0000e+00 0.0000e+00 -2.6610e-01 4.6206e-02 
140.0 1.2986e+00 -8.4103e-02 0.0000e+00 0.0000e+00 -8.4103e-02 7.6984e-01 0.0000e+00 0.0000e+00 0.0000e+00 0.0000e+00 -3.7668e-01 2.5977e-01 0.0000e+00 0.0000e+00 -2.5977e-01 3.3109e-02 
141.0 1.2981e+00 -7.6402e-02 0.0000e+00 0.0000e+00 -7.6402e-02 7.6785e-01 0.0000e+00 0.0000e+00 0.0000e+00 0.0000e+00 -3.9122e-01 2.5365e-01 0.0000e+00 0.0000e+00 -2.5365e-01 2.0134e-02 
142.0 1.2983e+00 -6.8753e-02 0.0000e+00 0.0000e+00 -6.8753e-02 7.6659e-01 0.0000e+00 0.0000e+00 0.0000e+00 0.0000e+00 -4.0551e-01 2.4778e-01 0.0000e+00 0.0000e+00 -2.4778e-01 7.2781e-03 
143.0 1.2991e+00 -6.1164e-02 0.0000e+00 0.0000e+00 -6.1164e-02 7.6608e-01 0.0000e+00 0.0000e+00 0.0000e+00 0.0000e+00 -4.1953e-01 2.4219e-01 0.0000e+00 0.0000e+00 -2.4219e-01 -5.4523e-03 
144.0 1.3006e+00 -5.3654e-02 0.0000e+00 0.0000e+00 -5.3654e-02 7.6631e-01 0.0000e+00 0.0000e+00 0.0000e+00 0.0000e+00 -4.3328e-01 2.3691e-01 0.0000e+00 0.0000e+00 -2.3691e-01 -1.8043e-02 
145.0 1.3027e+00 -4.6251e-02 0.0000e+00 0.0000e+00 -4.6251e-02 7.6716e-01 0.0000e+00 0.0000e+00 0.0000e+00 0.0000e+00 -4.4677e-01 2.3183e-01 0.0000e+00 0.0000e+00 -2.3183e-01 -3.0487e-02 
146.0 1.3052e+00 -3.8967e-02 0.0000e+00 0.0000e+00 -3.8967e-02 7.6845e-01 0.0000e+00 0.0000e+00 0.0000e+00 0.0000e+00 -4.6005e-01 2.2683e-01 0.0000e+00 0.0000e+00 -2.2683e-01 -4.2789e-02 
147.0 1.3081e+00 -3.1782e-02 0.0000e+00 0.0000e+00 -3.1782e-02 7.7009e-01 0.0000e+00 0.0000e+00 0.0000e+00 0.0000e+00 -4.7316e-01 2.2182e-01 0.0000e+00 0.0000e+00 -2.2182e-01 -5.4956e-02 
148.0 1.3115e+00 -2.4656e-02 0.0000e+00 0.0000e+00 -2.4656e-02 7.7214e-01 0.0000e+00 0.0000e+00 0.0000e+00 0.0000e+00 -4.8613e-01 2.1682e-01 0.0000e+00 0.0000e+00 -2.1682e-01 -6.6984e-02 
149.0 1.3155e+00 -1.7570e-02 0.0000e+00 0.0000e+00 -1.7570e-02 7.7479e-01 0.0000e+00 0.0000e+00 0.0000e+00 0.0000e+00 -4.9896e-01 2.1200e-01 0.0000e+00 0.0000e+00 -2.1200e-01 -7.8849e-02 
150.0 1.3203e+00 -1.0540e-02 0.0000e+00 0.0000e+00 -1.0540e-02 7.7827e-01 0.0000e+00 0.0000e+00 0.0000e+00 0.0000e+00 -5.1158e-01 2.0756e-01 0.0000e+00 0.0000e+00 -2.0756e-01 -9.0500e-02 
151.0 1.3260e+00 -3.6230e-03 0.0000e+00 0.0000e+00 -3.6230e-03 7.8267e-01 0.0000e+00 0.0000e+00 0.0000e+00 0.0000e+00 -5.2394e-01 2.0358e-01 0.0000e+00 0.0000e+00 -2.0358e-01 -1.0188e-01 
152.0 1.3326e+00 3.1162e-03 0.0000e+00 0.0000e+00 3.1162e-03 7.8789e-01 0.0000e+00 0.0000e+00 0.0000e+00 0.0000e+00 -5.3597e-01 1.9998e-01 0.0000e+00 0.0000e+00 -1.9998e-01 -1.1294e-01 
153.0 1.3397e+00 9.6580e-03 0.0000e+00 0.0000e+00 9.6580e-03 7.9373e-01 0.0000e+00 0.0000e+00 0.0000e+00 0.0000e+00 -5.4766e-01 1.9656e-01 0.0000e+00 0.0000e+00 -1.9656e-01 -1.2366e-01 
154.0 1.3474e+00 1.6069e-02 0.0000e+00 0.0000e+00 1.6069e-02 8.0007e-01 0.0000e+00 0.0000e+00 0.0000e+00 0.0000e+00 -5.5901e-01 1.9317e-01 0.0000e+00 0.0000e+00 -1.9317e-01 -1.3406e-01 
155.0 1.3557e+00 2.2509e-02 0.0000e+00 0.0000e+00 2.2509e-02 8.0707e-01 0.0000e+00 0.0000e+00 0.0000e+00 0.0000e+00 -5.6996e-01 1.8978e-01 0.0000e+00 0.0000e+00 -1.8978e-01 -1.4414e-01 
156.0 1.3648e+00 2.9174e-02 0.0000e+00 0.0000e+00 2.9174e-02 8.1514e-01 0.0000e+00 0.0000e+00 0.0000e+00 0.0000e+00 -5.8041e-01 1.8651e-01 0.0000e+00 0.0000e+00 -1.8651e-01 -1.5394e-01 
157.0 1.3749e+00 3.6186e-02 0.0000e+00 0.0000e+00 3.6186e-02 8.2472e-01 0.0000e+00 0.0000e+00 0.0000e+00 0.0000e+00 -5.9019e-01 1.8342e-01 0.0000e+00 0.0000e+00 -1.8342e-01 -1.6351e-01 
158.0 1.3859e+00 4.3537e-02 0.0000e+00 0.0000e+00 4.3537e-02 8.3586e-01 0.0000e+00 0.0000e+00 0.0000e+00 0.0000e+00 -5.9911e-01 1.8032e-01 0.0000e+00 0.0000e+00 -1.8032e-01 -1.7297e-01 
159.0 1.3970e+00 5.1112e-02 0.0000e+00 0.0000e+00 5.1112e-02 8.4814e-01 0.0000e+00 0.0000e+00 0.0000e+00 0.0000e+00 -6.0709e-01 1.7669e-01 0.0000e+00 0.0000e+00 -1.7669e-01 -1.8249e-01 
160.0 1.4076e+00 5.8769e-02 0.0000e+00 0.0000e+00 5.8769e-02 8.6087e-01 0.0000e+00 0.0000e+00 0.0000e+00 0.0000e+00 -6.1419e-01 1.7189e-01 0.0000e+00 0.0000e+00 -1.7189e-01 -1.9232e-01 
161.0 1.4172e+00 6.6379e-02 0.0000e+00 0.0000e+00 6.6379e-02 8.7350e-01 0.0000e+00 0.0000e+00 0.0000e+00 0.0000e+00 -6.2057e-01 1.6531e-01 0.0000e+00 0.0000e+00 -1.6531e-01 -2.0271e-01 
162.0 1.4255e+00 7.3793e-02 0.0000e+00 0.0000e+00 7.3793e-02 8.8585e-01 0.0000e+00 0.0000e+00 0.0000e+00 0.0000e+00 -6.2645e-01 1.5646e-01 0.0000e+00 0.0000e+00 -1.5646e-01 -2.1383e-01 
163.0 1.4324e+00 8.0799e-02 0.0000e+00 0.0000e+00 8.0799e-02 8.9775e-01 0.0000e+00 0.0000e+00 0.0000e+00 0.0000e+00 -6.3202e-01 1.4486e-01 0.0000e+00 0.0000e+00 -1.4486e-01 -2.2570e-01 
164.0 1.4376e+00 8.7140e-02 0.0000e+00 0.0000e+00 8.7140e-02 9.0869e-01 0.0000e+00 0.0000e+00 0.0000e+00 0.0000e+00 -6.3744e-01 1.3001e-01 0.0000e+00 0.0000e+00 -1.3001e-01 -2.3816e-01 
165.0 1.4413e+00 9.2548e-02 0.0000e+00 0.0000e+00 9.2548e-02 9.1817e-01 0.0000e+00 0.0000e+00 0.0000e+00 0.0000e+00 -6.4292e-01 1.1145e-01 0.0000e+00 0.0000e+00 -1.1145e-01 -2.5095e-01 
166.0 1.4443e+00 9.6799e-02 0.0000e+00 0.0000e+00 9.6799e-02 9.2637e-01 0.0000e+00 0.0000e+00 0.0000e+00 0.0000e+00 -6.4886e-01 8.8827e-02 0.0000e+00 0.0000e+00 -8.8827e-02 -2.6383e-01 
167.0 1.4472e+00 9.9623e-02 0.0000e+00 0.0000e+00 9.9623e-02 9.3387e-01 0.0000e+00 0.0000e+00 0.0000e+00 0.0000e+00 -6.5600e-01 6.1992e-02 0.0000e+00 0.0000e+00 -6.1992e-02 -2.7662e-01 
168.0 1.4510e+00 1.0058e-01 0.0000e+00 0.0000e+00 1.0058e-01 9.4064e-01 0.0000e+00 0.0000e+00 0.0000e+00 0.0000e+00 -6.6552e-01 3.0805e-02 0.0000e+00 0.0000e+00 -3.0805e-02 -2.8909e-01 
169.0 1.4569e+00 9.8959e-02 0.0000e+00 0.0000e+00 9.8959e-02 9.4610e-01 0.0000e+00 0.0000e+00 0.0000e+00 0.0000e+00 -6.7925e-01 -4.8547e-03 0.0000e+00 0.0000e+00 4.8547e-03 -3.0086e-01 
170.0 1.4673e+00 9.3782e-02 0.0000e+00 0.0000e+00 9.3782e-02 9.4988e-01 0.0000e+00 0.0000e+00 0.0000e+00 0.0000e+00 -6.9978e-01 -4.4625e-02 0.0000e+00 0.0000e+00 4.4625e-02 -3.1107e-01 
171.0 1.4866e+00 8.4172e-02 0.0000e+00 0.0000e+00 8.4172e-02 9.5258e-01 0.0000e+00 0.0000e+00 0.0000e+00 0.0000e+00 -7.3040e-01 -8.6517e-02 0.0000e+00 0.0000e+00 8.6517e-02 -3.1830e-01 
172.0 1.5224e+00 6.9891e-02 0.0000e+00 0.0000e+00 6.9891e-02 9.5693e-01 0.0000e+00 0.0000e+00 0.0000e+00 0.0000e+00 -7.7467e-01 -1.2579e-01 0.0000e+00 0.0000e+00 1.2579e-01 -3.2061e-01 
173.0 1.5847e+00 5.1996e-02 0.0000e+00 0.0000e+00 5.1996e-02 9.6852e-01 0.0000e+00 0.0000e+00 0.0000e+00 0.0000e+00 -8.3552e-01 -1.5470e-01 0.0000e+00 0.0000e+00 1.5470e-01 -3.1605e-01 
174.0 1.6832e+00 3.3065e-02 0.0000e+00 0.0000e+00 3.3065e-02 9.9471e-01 0.0000e+00 0.0000e+00 0.0000e+00 0.0000e+00 -9.1366e-01 -1.6459e-01 0.0000e+00 0.0000e+00 1.6459e-01 -3.0346e-01 
175.0 1.8210e+00 1.6553e-02 0.0000e+00 0.0000e+00 1.6553e-02 1.0410e+00 0.0000e+00 0.0000e+00 0.0000e+00 0.0000e+00 -1.0057e+00 -1.4962e-01 0.0000e+00 0.0000e+00 1.4962e-01 -2.8333e-01 
176.0 1.9874e+00 5.4092e-03 0.0000e+00 0.0000e+00 5.4092e-03 1.1060e+00 0.0000e+00 0.0000e+00 0.0000e+00 0.0000e+00 -1.1028e+00 -1.1143e-01 0.0000e+00 0.0000e+00 1.1143e-01 -2.5817e-01 
177.0 2.1546e+00 5.4424e-04 0.0000e+00 0.0000e+00 5.4424e-04 1.1778e+00 0.0000e+00 0.0000e+00 0.0000e+00 0.0000e+00 -1.1910e+00 -6.1317e-02 0.0000e+00 0.0000e+00 6.1317e-02 -2.3249e-01 
178.0 2.2824e+00 -1.0514e-05 0.0000e+00 0.0000e+00 -1.0514e-05 1.2359e+00 0.0000e+00 0.0000e+00 0.0000e+00 0.0000e+00 -1.2536e+00 -1.8094e-02 0.0000e+00 0.0000e+00 1.8094e-02 -2.1247e-01 
179.0 2.3325e+00 -8.6170e-21 0.0000e+00 0.0000e+00 -8.6170e-21 1.2591e+00 0.0000e+00 0.0000e+00 0.0000e+00 0.0000e+00 -1.2771e+00 -3.2166e-19 0.0000e+00 0.0000e+00 3.2166e-19 -2.0397e-01 
180.0 2.3822e+00 0.0000e+00 0.0000e+00 0.0000e+00 0.0000e+00 1.2814e+00 0.0000e+00 0.0000e+00 0.0000e+00 0.0000e+00 -1.2995e+00 0.0000e+00 0.0000e+00 0.0000e+00 -0.0000e+00 -1.9674e-01 
