0.8205 1.0071 0.1865 0.042303
theta s11 s12 s13 s14 s21 s22 s23 s24 s31 s32 s33 s34 s41 s42 s43 s44
0.0 3.1782e+03 0.0000e+00 0.0000e+00 0.0000e+00 0.0000e+00 3.1774e+03 0.0000e+00 0.0000e+00 0.0000e+00 0.0000e+00 3.1774e+03 0.0000e+00 0.0000e+00 0.0000e+00 -0.0000e+00 3.1766e+03 
1.0 2.7517e+03 -1.2694e-01 0.0000e+00 0.0000e+00 -1.2694e-01 2.7509e+03 0.0000e+00 0.0000e+00 0.0000e+00 0.0000e+00 2.7509e+03 -1.0864e+00 0.0000e+00 0.0000e+00 1.0864e+00 2.7500e+03 
2.0 2.0147e+03 -2.2999e-01 0.0000e+00 0.0000e+00 -2.2999e-01 2.0139e+03 0.0000e+00 0.0000e+00 0.0000e+00 0.0000e+00 2.0139e+03 -3.5256e+00 0.0000e+00 0.0000e+00 3.5256e+00 2.0131e+03 
3.0 1.4249e+03 -1.7717e-01 0.0000e+00 0.0000e+00 -1.7717e-01 1.4241e+03 0.0000e+00 0.0000e+00 0.0000e+00 0.0000e+00 1.4241e+03 -5.8091e+00 0.0000e+00 0.0000e+00 5.8091e+00 1.4233e+03 
4.0 1.0251e+03 -8.2164e-02 0.0000e+00 0.0000e+00 -8.2164e-02 1.0244e+03 0.0000e+00 0.0000e+00 0.0000e+00 0.0000e+00 1.0243e+03 -7.1504e+00 0.0000e+00 0.0000e+00 7.1504e+00 1.0235e+03 
5.0 7.6255e+02 -2.5562e-02 0.0000e+00 0.0000e+00 -2.5562e-02 7.6183e+02 0.0000e+00 0.0000e+00 0.0000e+00 0.0000e+00 7.6170e+02 -7.6197e+00 0.0000e+00 0.0000e+00 7.6197e+00 7.6101e+02 
6.0 5.8750e+02 -2.9811e-02 0.0000e+00 0.0000e+00 -2.9811e-02 5.8681e+02 0.0000e+00 0.0000e+00 0.0000e+00 0.0000e+00 5.8663e+02 -7.5273e+00 0.0000e+00 0.0000e+00 7.5273e+00 5.8598e+02 
7.0 4.6741e+02 -9.2438e-02 0.0000e+00 0.0000e+00 -9.2438e-02 4.6674e+02 0.0000e+00 0.0000e+00 0.0000e+00 0.0000e+00 4.6653e+02 -7.1132e+00 0.0000e+00 0.0000e+00 7.1132e+00 4.6590e+02 
8.0 3.8257e+02 -2.0071e-01 0.0000e+00 0.0000e+00 -2.0071e-01 3.8192e+02 0.0000e+00 0.0000e+00 0.0000e+00 0.0000e+00 3.8168e+02 -6.5452e+00 0.0000e+00 0.0000e+00 6.5452e+00 3.8108e+02 
9.0 3.2087e+02 -3.4080e-01 0.0000e+00 0.0000e+00 -3.4080e-01 3.2024e+02 0.0000e+00 0.0000e+00 0.0000e+00 0.0000e+00 3.1997e+02 -5.9329e+00 0.0000e+00 0.0000e+00 5.9329e+00 3.1940e+02 
10.0 2.7468e+02 -5.0228e-01 0.0000e+00 0.0000e+00 -5.0228e-01 2.7406e+02 0.0000e+00 0.0000e+00 0.0000e+00 0.0000e+00 2.7377e+02 -5.3365e+00 0.0000e+00 0.0000e+00 5.3365e+00 2.7322e+02 
11.0 2.3923e+02 -6.7762e-01 0.0000e+00 0.0000e+00 -6.7762e-01 2.3862e+02 0.0000e+00 0.0000e+00 0.0000e+00 0.0000e+00 2.3831e+02 -4.7839e+00 0.0000e+00 0.0000e+00 4.7839e+00 2.3779e+02 
12.0 2.1143e+02 -8.6071e-01 0.0000e+00 0.0000e+00 -8.6071e-01 2.1083e+02 0.0000e+00 0.0000e+00 0.0000e+00 0.0000e+00 2.1051e+02 -4.2851e+00 0.0000e+00 0.0000e+00 4.2851e+00 2.1000e+02 
13.0 1.8920e+02 -1.0458e+00 0.0000e+00 0.0000e+00 -1.0458e+00 1.8861e+02 0.0000e+00 0.0000e+00 0.0000e+00 0.0000e+00 1.8828e+02 -3.8426e+00 0.0000e+00 0.0000e+00 3.8426e+00 1.8779e+02 
14.0 1.7112e+02 -1.2332e+00 0.0000e+00 0.0000e+00 -1.2332e+00 1.7054e+02 0.0000e+00 0.0000e+00 0.0000e+00 0.0000e+00 1.7019e+02 -3.4570e+00 0.0000e+00 0.0000e+00 3.4570e+00 1.6972e+02 
15.0 1.5612e+02 -1.4194e+00 0.0000e+00 0.0000e+00 -1.4194e+00 1.5555e+02 0.0000e+00 0.0000e+00 0.0000e+00 0.0000e+00 1.5520e+02 -3.1218e+00 0.0000e+00 0.0000e+00 3.1218e+00 1.5475e+02 
16.0 1.4349e+02 -1.6066e+00 0.0000e+00 0.0000e+00 -1.6066e+00 1.4293e+02 0.0000e+00 0.0000e+00 0.0000e+00 0.0000e+00 1.4256e+02 -2.8302e+00 0.0000e+00 0.0000e+00 2.8302e+00 1.4212e+02 
17.0 1.3265e+02 -1.7962e+00 0.0000e+00 0.0000e+00 -1.7962e+00 1.3210e+02 0.0000e+00 0.0000e+00 0.0000e+00 0.0000e+00 1.3173e+02 -2.5759e+00 0.0000e+00 0.0000e+00 2.5759e+00 1.3131e+02 
18.0 1.2321e+02 -1.9896e+00 0.0000e+00 0.0000e+00 -1.9896e+00 1.2267e+02 0.0000e+00 0.0000e+00 0.0000e+00 0.0000e+00 1.2229e+02 -2.3527e+00 0.0000e+00 0.0000e+00 2.3527e+00 1.2188e+02 
19.0 1.1487e+02 -2.1866e+00 0.0000e+00 0.0000e+00 -2.1866e+00 1.1433e+02 0.0000e+00 0.0000e+00 0.0000e+00 0.0000e+00 1.1436e+02 -2.1551e+00 0.0000e+00 0.0000e+00 2.1551e+00 1.1396e+02 
20.0 1.0742e+02 -2.3867e+00 0.0000e+00 0.0000e+00 -2.3867e+00 1.0689e+02 0.0000e+00 0.0000e+00 0.0000e+00 0.0000e+00 1.0727e+02 -1.9789e+00 0.0000e+00 0.0000e+00 1.9789e+00 1.0689e+02 
21.0 1.0074e+02 -2.5892e+00 0.0000e+00 0.0000e+00 -2.5892e+00 1.0021e+02 0.0000e+00 0.0000e+00 0.0000e+00 0.0000e+00 1.0090e+02 -1.8210e+00 0.0000e+00 0.0000e+00 1.8210e+00 1.0053e+02 
22.0 9.4720e+01 -2.7942e+00 0.0000e+00 0.0000e+00 -2.7942e+00 9.4197e+01 0.0000e+00 0.0000e+00 0.0000e+00 0.0000e+00 9.5168e+01 -1.6790e+00 0.0000e+00 0.0000e+00 1.6790e+00 9.4808e+01 
23.0 8.9282e+01 -3.0020e+00 0.0000e+00 0.0000e+00 -3.0020e+00 8.8765e+01 0.0000e+00 0.0000e+00 0.0000e+00 0.0000e+00 8.9979e+01 -1.5505e+00 0.0000e+00 0.0000e+00 1.5505e+00 8.9629e+01 
24.0 8.4346e+01 -3.2124e+00 0.0000e+00 0.0000e+00 -3.2124e+00 8.3833e+01 0.0000e+00 0.0000e+00 0.0000e+00 0.0000e+00 8.5266e+01 -1.4339e+00 0.0000e+00 0.0000e+00 1.4339e+00 8.4924e+01 
25.0 7.9840e+01 -3.4243e+00 0.0000e+00 0.0000e+00 -3.4243e+00 7.9332e+01 0.0000e+00 0.0000e+00 0.0000e+00 0.0000e+00 8.0958e+01 -1.3286e+00 0.0000e+00 0.0000e+00 1.3286e+00 8.0625e+01 
26.0 7.5699e+01 -3.6361e+00 0.0000e+00 0.0000e+00 -3.6361e+00 7.5196e+01 0.0000e+00 0.0000e+00 0.0000e+00 0.0000e+00 7.6995e+01 -1.2342e+00 0.0000e+00 0.0000e+00 1.2342e+00 7.6670e+01 
27.0 7.1869e+01 -3.8462e+00 0.0000e+00 0.0000e+00 -3.8462e+00 7.1370e+01 0.0000e+00 0.0000e+00 0.0000e+00 0.0000e+00 7.3324e+01 -1.1497e+00 0.0000e+00 0.0000e+00 1.1497e+00 7.3006e+01 
28.0 6.8309e+01 -4.0536e+00 0.0000e+00 0.0000e+00 -4.0536e+00 6.7814e+01 0.0000e+00 0.0000e+00 0.0000e+00 0.0000e+00 6.9905e+01 -1.0738e+00 0.0000e+00 0.0000e+00 1.0738e+00 6.9595e+01 
29.0 6.4989e+01 -4.2578e+00 0.0000e+00 0.0000e+00 -4.2578e+00 6.4498e+01 0.0000e+00 0.0000e+00 0.0000e+00 0.0000e+00 6.6711e+01 -1.0046e+00 0.0000e+00 0.0000e+00 1.0046e+00 6.6408e+01 
30.0 6.1887e+01 -4.4590e+00 0.0000e+00 0.0000e+00 -4.4590e+00 6.1401e+01 0.0000e+00 0.0000e+00 0.0000e+00 0.0000e+00 6.3723e+01 -9.4060e-01 0.0000e+00 0.0000e+00 9.4060e-01 6.3426e+01 
31.0 5.8989e+01 -4.6572e+00 0.0000e+00 0.0000e+00 -4.6572e+00 5.8506e+01 0.0000e+00 0.0000e+00 0.0000e+00 0.0000e+00 6.0646e+01 -8.8129e-01 0.0000e+00 0.0000e+00 8.8129e-01 6.0359e+01 
32.0 5.6276e+01 -4.8521e+00 0.0000e+00 0.0000e+00 -4.8521e+00 5.5798e+01 0.0000e+00 0.0000e+00 0.0000e+00 0.0000e+00 5.7762e+01 -8.2663e-01 0.0000e+00 0.0000e+00 8.2663e-01 5.7484e+01 
33.0 5.3734e+01 -5.0431e+00 0.0000e+00 0.0000e+00 -5.0431e+00 5.3259e+01 0.0000e+00 0.0000e+00 0.0000e+00 0.0000e+00 5.5053e+01 -7.7662e-01 0.0000e+00 0.0000e+00 7.7662e-01 5.4783e+01 
34.0 5.1345e+01 -5.2295e+00 0.0000e+00 0.0000e+00 -5.2295e+00 5.0874e+01 0.0000e+00 0.0000e+00 0.0000e+00 0.0000e+00 5.2500e+01 -7.3091e-01 0.0000e+00 0.0000e+00 7.3091e-01 5.2240e+01 
35.0 4.9094e+01 -5.4107e+00 0.0000e+00 0.0000e+00 -5.4107e+00 4.8627e+01 0.0000e+00 0.0000e+00 0.0000e+00 0.0000e+00 5.0090e+01 -6.8888e-01 0.0000e+00 0.0000e+00 6.8888e-01 4.9839e+01 
36.0 4.6970e+01 -5.5864e+00 0.0000e+00 0.0000e+00 -5.5864e+00 4.6506e+01 0.0000e+00 0.0000e+00 0.0000e+00 0.0000e+00 4.7810e+01 -6.4986e-01 0.0000e+00 0.0000e+00 6.4986e-01 4.7567e+01 
37.0 4.4962e+01 -5.7565e+00 0.0000e+00 0.0000e+00 -5.7565e+00 4.4502e+01 0.0000e+00 0.0000e+00 0.0000e+00 0.0000e+00 4.5650e+01 -6.1327e-01 0.0000e+00 0.0000e+00 6.1327e-01 4.5415e+01 
38.0 4.3061e+01 -5.9208e+00 0.0000e+00 0.0000e+00 -5.9208e+00 4.2604e+01 0.0000e+00 0.0000e+00 0.0000e+00 0.0000e+00 4.3600e+01 -5.7868e-01 0.0000e+00 0.0000e+00 5.7868e-01 4.3374e+01 
39.0 4.1259e+01 -6.0791e+00 0.0000e+00 0.0000e+00 -6.0791e+00 4.0806e+01 0.0000e+00 0.0000e+00 0.0000e+00 0.0000e+00 4.1654e+01 -5.4583e-01 0.0000e+00 0.0000e+00 5.4583e-01 4.1435e+01 
40.0 3.9550e+01 -6.2313e+00 0.0000e+00 0.0000e+00 -6.2313e+00 3.9100e+01 0.0000e+00 0.0000e+00 0.0000e+00 0.0000e+00 3.9803e+01 -5.1444e-01 0.0000e+00 0.0000e+00 5.1444e-01 3.9593e+01 
41.0 3.7928e+01 -6.3773e+00 0.0000e+00 0.0000e+00 -6.3773e+00 3.7481e+01 0.0000e+00 0.0000e+00 0.0000e+00 0.0000e+00 3.8041e+01 -4.8424e-01 0.0000e+00 0.0000e+00 4.8424e-01 3.7839e+01 
42.0 3.6387e+01 -6.5171e+00 0.0000e+00 0.0000e+00 -6.5171e+00 3.5944e+01 0.0000e+00 0.0000e+00 0.0000e+00 0.0000e+00 3.6363e+01 -4.5503e-01 0.0000e+00 0.0000e+00 4.5503e-01 3.6169e+01 
43.0 3.4923e+01 -6.6506e+00 0.0000e+00 0.0000e+00 -6.6506e+00 3.4483e+01 0.0000e+00 0.0000e+00 0.0000e+00 0.0000e+00 3.4763e+01 -4.2681e-01 0.0000e+00 0.0000e+00 4.2681e-01 3.4577e+01 
44.0 3.3531e+01 -6.7777e+00 0.0000e+00 0.0000e+00 -6.7777e+00 3.3095e+01 0.0000e+00 0.0000e+00 0.0000e+00 0.0000e+00 3.3237e+01 -3.9962e-01 0.0000e+00 0.0000e+00 3.9962e-01 3.3058e+01 
45.0 3.2207e+01 -6.8981e+00 0.0000e+00 0.0000e+00 -6.8981e+00 3.1773e+01 0.0000e+00 0.0000e+00 0.0000e+00 0.0000e+00 3.1779e+01 -3.7339e-01 0.0000e+00 0.0000e+00 3.7339e-01 3.1608e+01 
46.0 3.0946e+01 -7.0117e+00 0.0000e+00 0.0000e+00 -7.0117e+00 3.0515e+01 0.0000e+00 0.0000e+00 0.0000e+00 0.0000e+00 3.0385e+01 -3.4792e-01 0.0000e+00 0.0000e+00 3.4792e-01 3.0221e+01 
47.0 2.9744e+01 -7.1185e+00 0.0000e+00 0.0000e+00 -7.1185e+00 2.9316e+01 0.0000e+00 0.0000e+00 0.0000e+00 0.0000e+00 2.9051e+01 -3.2296e-01 0.0000e+00 0.0000e+00 3.2296e-01 2.8894e+01 
48.0 2.8598e+01 -7.2186e+00 0.0000e+00 0.0000e+00 -7.2186e+00 2.8173e+01 0.0000e+00 0.0000e+00 0.0000e+00 0.0000e+00 2.7773e+01 -2.9836e-01 0.0000e+00 0.0000e+00 2.9836e-01 2.7624e+01 
49.0 2.7506e+01 -7.3120e+00 0.0000e+00 0.0000e+00 -7.3120e+00 2.7084e+01 0.0000e+00 0.0000e+00 0.0000e+00 0.0000e+00 2.6550e+01 -2.7410e-01 0.0000e+00 0.0000e+00 2.7410e-01 2.6408e+01 
50.0 2.6465e+01 -7.3990e+00 0.0000e+00 0.0000e+00 -7.3990e+00 2.6046e+01 0.0000e+00 0.0000e+00 0.0000e+00 0.0000e+00 2.5377e+01 -2.5026e-01 0.0000e+00 0.0000e+00 2.5026e-01 2.5243e+01 
51.0 2.5472e+01 -7.4793e+00 0.0000e+00 0.0000e+00 -7.4793e+00 2.5055e+01 0.0000e+00 0.0000e+00 0.0000e+00 0.0000e+00 2.4254e+01 -2.2693e-01 0.0000e+00 0.0000e+00 2.2693e-01 2.4127e+01 
52.0 2.4524e+01 -7.5531e+00 0.0000e+00 0.0000e+00 -7.5531e+00 2.4110e+01 0.0000e+00 0.0000e+00 0.0000e+00 0.0000e+00 2.3175e+01 -2.0416e-01 0.0000e+00 0.0000e+00 2.0416e-01 2.3056e+01 
53.0 2.3620e+01 -7.6203e+00 0.0000e+00 0.0000e+00 -7.6203e+00 2.3208e+01 0.0000e+00 0.0000e+00 0.0000e+00 0.0000e+00 2.2141e+01 -1.8195e-01 0.0000e+00 0.0000e+00 1.8195e-01 2.2028e+01 
54.0 2.2755e+01 -7.6810e+00 0.0000e+00 0.0000e+00 -7.6810e+00 2.2346e+01 0.0000e+00 0.0000e+00 0.0000e+00 0.0000e+00 2.1147e+01 -1.6026e-01 0.0000e+00 0.0000e+00 1.6026e-01 2.1041e+01 
55.0 2.1930e+01 -7.7351e+00 0.0000e+00 0.0000e+00 -7.7351e+00 2.1523e+01 0.0000e+00 0.0000e+00 0.0000e+00 0.0000e+00 2.0191e+01 -1.3907e-01 0.0000e+00 0.0000e+00 1.3907e-01 2.0093e+01 
56.0 2.1141e+01 -7.7828e+00 0.0000e+00 0.0000e+00 -7.7828e+00 2.0736e+01 0.0000e+00 0.0000e+00 0.0000e+00 0.0000e+00 1.9273e+01 -1.1837e-01 0.0000e+00 0.0000e+00 1.1837e-01 1.9182e+01 
57.0 2.0388e+01 -7.8241e+00 0.0000e+00 0.0000e+00 -7.8241e+00 1.9985e+01 0.0000e+00 0.0000e+00 0.0000e+00 0.0000e+00 1.8390e+01 -9.8154e-02 0.0000e+00 0.0000e+00 9.8154e-02 1.8305e+01 
58.0 1.9667e+01 -7.8591e+00 0.0000e+00 0.0000e+00 -7.8591e+00 1.9266e+01 0.0000e+00 0.0000e+00 0.0000e+00 0.0000e+00 1.7540e+01 -7.8405e-02 0.0000e+00 0.0000e+00 7.8405e-02 1.7462e+01 
59.0 1.8978e+01 -7.8878e+00 0.0000e+00 0.0000e+00 -7.8878e+00 1.8579e+01 0.0000e+00 0.0000e+00 0.0000e+00 0.0000e+00 1.6722e+01 -5.9068e-02 0.0000e+00 0.0000e+00 5.9068e-02 1.6651e+01 
60.0 1.8320e+01 -7.9105e+00 0.0000e+00 0.0000e+00 -7.9105e+00 1.7923e+01 0.0000e+00 0.0000e+00 0.0000e+00 0.0000e+00 1.5934e+01 -4.0076e-02 0.0000e+00 0.0000e+00 4.0076e-02 1.5870e+01 
61.0 1.7691e+01 -7.9272e+00 0.0000e+00 0.0000e+00 -7.9272e+00 1.7295e+01 0.0000e+00 0.0000e+00 0.0000e+00 0.0000e+00 1.5174e+01 -2.1377e-02 0.0000e+00 0.0000e+00 2.1377e-02 1.5118e+01 
62.0 1.7089e+01 -7.9382e+00 0.0000e+00 0.0000e+00 -7.9382e+00 1.6695e+01 0.0000e+00 0.0000e+00 0.0000e+00 0.0000e+00 1.4443e+01 -2.9549e-03 0.0000e+00 0.0000e+00 2.9549e-03 1.4393e+01 
63.0 1.6514e+01 -7.9436e+00 0.0000e+00 0.0000e+00 -7.9436e+00 1.6122e+01 0.0000e+00 0.0000e+00 0.0000e+00 0.0000e+00 1.3738e+01 1.5163e-02 0.0000e+00 0.0000e+00 -1.5163e-02 1.3695e+01 
64.0 1.5964e+01 -7.9435e+00 0.0000e+00 0.0000e+00 -7.9435e+00 1.5573e+01 0.0000e+00 0.0000e+00 0.0000e+00 0.0000e+00 1.3059e+01 3.2927e-02 0.0000e+00 0.0000e+00 -3.2927e-02 1.3023e+01 
65.0 1.5439e+01 -7.9381e+00 0.0000e+00 0.0000e+00 -7.9381e+00 1.5050e+01 0.0000e+00 0.0000e+00 0.0000e+00 0.0000e+00 1.2404e+01 5.0301e-02 0.0000e+00 0.0000e+00 -5.0301e-02 1.2374e+01 
66.0 1.4937e+01 -7.9274e+00 0.0000e+00 0.0000e+00 -7.9274e+00 1.4549e+01 0.0000e+00 0.0000e+00 0.0000e+00 0.0000e+00 1.1772e+01 6.7273e-02 0.0000e+00 0.0000e+00 -6.7273e-02 1.1749e+01 
67.0 1.4458e+01 -7.9117e+00 0.0000e+00 0.0000e+00 -7.9117e+00 1.4071e+01 0.0000e+00 0.0000e+00 0.0000e+00 0.0000e+00 1.1163e+01 8.3840e-02 0.0000e+00 0.0000e+00 -8.3840e-02 1.1147e+01 
68.0 1.4000e+01 -7.8910e+00 0.0000e+00 0.0000e+00 -7.8910e+00 1.3613e+01 0.0000e+00 0.0000e+00 0.0000e+00 0.0000e+00 1.0574e+01 9.9984e-02 0.0000e+00 0.0000e+00 -9.9984e-02 1.0565e+01 
69.0 1.3562e+01 -7.8656e+00 0.0000e+00 0.0000e+00 -7.8656e+00 1.3176e+01 0.0000e+00 0.0000e+00 0.0000e+00 0.0000e+00 1.0007e+01 1.1569e-01 0.0000e+00 0.0000e+00 -1.1569e-01 1.0005e+01 
70.0 1.3144e+01 -7.8355e+00 0.0000e+00 0.0000e+00 -7.8355e+00 1.2759e+01 0.0000e+00 0.0000e+00 0.0000e+00 0.0000e+00 9.4587e+00 1.3092e-01 0.0000e+00 0.0000e+00 -1.3092e-01 9.4633e+00 
71.0 1.2744e+01 -7.8009e+00 0.0000e+00 0.0000e+00 -7.8009e+00 1.2360e+01 0.0000e+00 0.0000e+00 0.0000e+00 0.0000e+00 8.9296e+00 1.4567e-01 0.0000e+00 0.0000e+00 -1.4567e-01 8.9409e+00 
72.0 1.2363e+01 -7.7621e+00 0.0000e+00 0.0000e+00 -7.7621e+00 1.1979e+01 0.0000e+00 0.0000e+00 0.0000e+00 0.0000e+00 8.4185e+00 1.5989e-01 0.0000e+00 0.0000e+00 -1.5989e-01 8.4367e+00 
73.0 1.1998e+01 -7.7190e+00 0.0000e+00 0.0000e+00 -7.7190e+00 1.1616e+01 0.0000e+00 0.0000e+00 0.0000e+00 0.0000e+00 7.9249e+00 1.7356e-01 0.0000e+00 0.0000e+00 -1.7356e-01 7.9499e+00 
74.0 1.1650e+01 -7.6719e+00 0.0000e+00 0.0000e+00 -7.6719e+00 1.1268e+01 0.0000e+00 0.0000e+00 0.0000e+00 0.0000e+00 7.4480e+00 1.8661e-01 0.0000e+00 0.0000e+00 -1.8661e-01 7.4797e+00 
75.0 1.1318e+01 -7.6210e+00 0.0000e+00 0.0000e+00 -7.6210e+00 1.0936e+01 0.0000e+00 0.0000e+00 0.0000e+00 0.0000e+00 6.9872e+00 1.9899e-01 0.0000e+00 0.0000e+00 -1.9899e-01 7.0257e+00 
76.0 1.1001e+01 -7.5662e+00 0.0000e+00 0.0000e+00 -7.5662e+00 1.0620e+01 0.0000e+00 0.0000e+00 0.0000e+00 0.0000e+00 6.5418e+00 2.1066e-01 0.0000e+00 0.0000e+00 -2.1066e-01 6.5871e+00 
77.0 1.0698e+01 -7.5079e+00 0.0000e+00 0.0000e+00 -7.5079e+00 1.0317e+01 0.0000e+00 0.0000e+00 0.0000e+00 0.0000e+00 6.1112e+00 2.2160e-01 0.0000e+00 0.0000e+00 -2.2160e-01 6.1632e+00 
78.0 1.0409e+01 -7.4460e+00 0.0000e+00 0.0000e+00 -7.4460e+00 1.0028e+01 0.0000e+00 0.0000e+00 0.0000e+00 0.0000e+00 5.6948e+00 2.3179e-01 0.0000e+00 0.0000e+00 -2.3179e-01 5.7535e+00 
79.0 1.0134e+01 -7.3807e+00 0.0000e+00 0.0000e+00 -7.3807e+00 9.7528e+00 0.0000e+00 0.0000e+00 0.0000e+00 0.0000e+00 5.2921e+00 2.4123e-01 0.0000e+00 0.0000e+00 -2.4123e-01 5.3574e+00 
80.0 9.8705e+00 -7.3122e+00 0.0000e+00 0.0000e+00 -7.3122e+00 9.4899e+00 0.0000e+00 0.0000e+00 0.0000e+00 0.0000e+00 4.9025e+00 2.4993e-01 0.0000e+00 0.0000e+00 -2.4993e-01 4.9744e+00 
81.0 9.6196e+00 -7.2406e+00 0.0000e+00 0.0000e+00 -7.2406e+00 9.2390e+00 0.0000e+00 0.0000e+00 0.0000e+00 0.0000e+00 4.5256e+00 2.5789e-01 0.0000e+00 0.0000e+00 -2.5789e-01 4.6040e+00 
82.0 9.3803e+00 -7.1660e+00 0.0000e+00 0.0000e+00 -7.1660e+00 8.9998e+00 0.0000e+00 0.0000e+00 0.0000e+00 0.0000e+00 4.1608e+00 2.6512e-01 0.0000e+00 0.0000e+00 -2.6512e-01 4.2457e+00 
83.0 9.1521e+00 -7.0885e+00 0.0000e+00 0.0000e+00 -7.0885e+00 8.7717e+00 0.0000e+00 0.0000e+00 0.0000e+00 0.0000e+00 3.8078e+00 2.7164e-01 0.0000e+00 0.0000e+00 -2.7164e-01 3.8990e+00 
84.0 8.9346e+00 -7.0083e+00 0.0000e+00 0.0000e+00 -7.0083e+00 8.5543e+00 0.0000e+00 0.0000e+00 0.0000e+00 0.0000e+00 3.4660e+00 2.7746e-01 0.0000e+00 0.0000e+00 -2.7746e-01 3.5636e+00 
85.0 8.7274e+00 -6.9254e+00 0.0000e+00 0.0000e+00 -6.9254e+00 8.3472e+00 0.0000e+00 0.0000e+00 0.0000e+00 0.0000e+00 3.1352e+00 2.8261e-01 0.0000e+00 0.0000e+00 -2.8261e-01 3.2389e+00 
86.0 8.5301e+00 -6.8401e+00 0.0000e+00 0.0000e+00 -6.8401e+00 8.1500e+00 0.0000e+00 0.0000e+00 0.0000e+00 0.0000e+00 2.8149e+00 2.8714e-01 0.0000e+00 0.0000e+00 -2.8714e-01 2.9247e+00 
87.0 8.3423e+00 -6.7525e+00 0.0000e+00 0.0000e+00 -6.7525e+00 7.9624e+00 0.0000e+00 0.0000e+00 0.0000e+00 0.0000e+00 2.5047e+00 2.9109e-01 0.0000e+00 0.0000e+00 -2.9109e-01 2.6205e+00 
88.0 8.1636e+00 -6.6626e+00 0.0000e+00 0.0000e+00 -6.6626e+00 7.7839e+00 0.0000e+00 0.0000e+00 0.0000e+00 0.0000e+00 2.2044e+00 2.9452e-01 0.0000e+00 0.0000e+00 -2.9452e-01 2.3259e+00 
89.0 7.9937e+00 -6.5706e+00 0.0000e+00 0.0000e+00 -6.5706e+00 7.6142e+00 0.0000e+00 0.0000e+00 0.0000e+00 0.0000e+00 1.9136e+00 2.9747e-01 0.0000e+00 0.0000e+00 -2.9747e-01 2.0408e+00 
90.0 7.8323e+00 -6.4767e+00 0.0000e+00 0.0000e+00 -6.4767e+00 7.4532e+00 0.0000e+00 0.0000e+00 0.0000e+00 0.0000e+00 1.6321e+00 2.9999e-01 0.0000e+00 0.0000e+00 -2.9999e-01 1.7647e+00 
91.0 7.6790e+00 -6.3809e+00 0.0000e+00 0.0000e+00 -6.3809e+00 7.3003e+00 0.0000e+00 0.0000e+00 0.0000e+00 0.0000e+00 1.3594e+00 3.0210e-01 0.0000e+00 0.0000e+00 -3.0210e-01 1.4975e+00 
92.0 7.5337e+00 -6.2835e+00 0.0000e+00 0.0000e+00 -6.2835e+00 7.1554e+00 0.0000e+00 0.0000e+00 0.0000e+00 0.0000e+00 1.0955e+00 3.0385e-01 0.0000e+00 0.0000e+00 -3.0385e-01 1.2387e+00 
93.0 7.3959e+00 -6.1846e+00 0.0000e+00 0.0000e+00 -6.1846e+00 7.0182e+00 0.0000e+00 0.0000e+00 0.0000e+00 0.0000e+00 8.3989e-01 3.0526e-01 0.0000e+00 0.0000e+00 -3.0526e-01 9.8812e-01 
94.0 7.2655e+00 -6.0842e+00 0.0000e+00 0.0000e+00 -6.0842e+00 6.8883e+00 0.0000e+00 0.0000e+00 0.0000e+00 0.0000e+00 5.9245e-01 3.0638e-01 0.0000e+00 0.0000e+00 -3.0638e-01 7.4554e-01 
95.0 7.1421e+00 -5.9826e+00 0.0000e+00 0.0000e+00 -5.9826e+00 6.7656e+00 0.0000e+00 0.0000e+00 0.0000e+00 0.0000e+00 3.5290e-01 3.0724e-01 0.0000e+00 0.0000e+00 -3.0724e-01 5.1067e-01 
96.0 7.0256e+00 -5.8797e+00 0.0000e+00 0.0000e+00 -5.8797e+00 6.6498e+00 0.0000e+00 0.0000e+00 0.0000e+00 0.0000e+00 1.2101e-01 3.0787e-01 0.0000e+00 0.0000e+00 -3.0787e-01 2.8329e-01 
97.0 6.9156e+00 -5.7758e+00 0.0000e+00 0.0000e+00 -5.7758e+00 6.5405e+00 0.0000e+00 0.0000e+00 0.0000e+00 0.0000e+00 -1.0346e-01 3.0831e-01 0.0000e+00 0.0000e+00 -3.0831e-01 6.3181e-02 
98.0 6.8119e+00 -5.6710e+00 0.0000e+00 0.0000e+00 -5.6710e+00 6.4377e+00 0.0000e+00 0.0000e+00 0.0000e+00 0.0000e+00 -3.2073e-01 3.0858e-01 0.0000e+00 0.0000e+00 -3.0858e-01 -1.4989e-01 
99.0 6.7144e+00 -5.5653e+00 0.0000e+00 0.0000e+00 -5.5653e+00 6.3411e+00 0.0000e+00 0.0000e+00 0.0000e+00 0.0000e+00 -5.3103e-01 3.0871e-01 0.0000e+00 0.0000e+00 -3.0871e-01 -3.5613e-01 
100.0 6.6228e+00 -5.4589e+00 0.0000e+00 0.0000e+00 -5.4589e+00 6.2504e+00 0.0000e+00 0.0000e+00 0.0000e+00 0.0000e+00 -7.3454e-01 3.0872e-01 0.0000e+00 0.0000e+00 -3.0872e-01 -5.5574e-01 
101.0 6.5368e+00 -5.3520e+00 0.0000e+00 0.0000e+00 -5.3520e+00 6.1654e+00 0.0000e+00 0.0000e+00 0.0000e+00 0.0000e+00 -9.3148e-01 3.0861e-01 0.0000e+00 0.0000e+00 -3.0861e-01 -7.4891e-01 
102.0 6.4562e+00 -5.2446e+00 0.0000e+00 0.0000e+00 -5.2446e+00 6.0859e+00 0.0000e+00 0.0000e+00 0.0000e+00 0.0000e+00 -1.1220e+00 3.0840e-01 0.0000e+00 0.0000e+00 -3.0840e-01 -9.3584e-01 
103.0 6.3809e+00 -5.1367e+00 0.0000e+00 0.0000e+00 -5.1367e+00 6.0116e+00 0.0000e+00 0.0000e+00 0.0000e+00 0.0000e+00 -1.3064e+00 3.0809e-01 0.0000e+00 0.0000e+00 -3.0809e-01 -1.1167e+00 
104.0 6.3106e+00 -5.0286e+00 0.0000e+00 0.0000e+00 -5.0286e+00 5.9424e+00 0.0000e+00 0.0000e+00 0.0000e+00 0.0000e+00 -1.4847e+00 3.0768e-01 0.0000e+00 0.0000e+00 -3.0768e-01 -1.2917e+00 
105.0 6.2452e+00 -4.9203e+00 0.0000e+00 0.0000e+00 -4.9203e+00 5.8781e+00 0.0000e+00 0.0000e+00 0.0000e+00 0.0000e+00 -1.6573e+00 3.0717e-01 0.0000e+00 0.0000e+00 -3.0717e-01 -1.4609e+00 
106.0 6.1844e+00 -4.8119e+00 0.0000e+00 0.0000e+00 -4.8119e+00 5.8185e+00 0.0000e+00 0.0000e+00 0.0000e+00 0.0000e+00 -1.8241e+00 3.0658e-01 0.0000e+00 0.0000e+00 -3.0658e-01 -1.6246e+00 
107.0 6.1280e+00 -4.7035e+00 0.0000e+00 0.0000e+00 -4.7035e+00 5.7633e+00 0.0000e+00 0.0000e+00 0.0000e+00 0.0000e+00 -1.9855e+00 3.0589e-01 0.0000e+00 0.0000e+00 -3.0589e-01 -1.7829e+00 
108.0 6.0759e+00 -4.5952e+00 0.0000e+00 0.0000e+00 -4.5952e+00 5.7123e+00 0.0000e+00 0.0000e+00 0.0000e+00 0.0000e+00 -2.1415e+00 3.0509e-01 0.0000e+00 0.0000e+00 -3.0509e-01 -1.9360e+00 
109.0 6.0279e+00 -4.4870e+00 0.0000e+00 0.0000e+00 -4.4870e+00 5.6655e+00 0.0000e+00 0.0000e+00 0.0000e+00 0.0000e+00 -2.2923e+00 3.0419e-01 0.0000e+00 0.0000e+00 -3.0419e-01 -2.0840e+00 
110.0 5.9838e+00 -4.3790e+00 0.0000e+00 0.0000e+00 -4.3790e+00 5.6226e+00 0.0000e+00 0.0000e+00 0.0000e+00 0.0000e+00 -2.4382e+00 3.0318e-01 0.0000e+00 0.0000e+00 -3.0318e-01 -2.2271e+00 
111.0 5.9434e+00 -4.2714e+00 0.0000e+00 0.0000e+00 -4.2714e+00 5.5834e+00 0.0000e+00 0.0000e+00 0.0000e+00 0.0000e+00 -2.5792e+00 3.0204e-01 0.0000e+00 0.0000e+00 -3.0204e-01 -2.3655e+00 
112.0 5.9066e+00 -4.1641e+00 0.0000e+00 0.0000e+00 -4.1641e+00 5.5477e+00 0.0000e+00 0.0000e+00 0.0000e+00 0.0000e+00 -2.7155e+00 3.0078e-01 0.0000e+00 0.0000e+00 -3.0078e-01 -2.4992e+00 
113.0 5.8732e+00 -4.0573e+00 0.0000e+00 0.0000e+00 -4.0573e+00 5.5155e+00 0.0000e+00 0.0000e+00 0.0000e+00 0.0000e+00 -2.8473e+00 2.9937e-01 0.0000e+00 0.0000e+00 -2.9937e-01 -2.6284e+00 
114.0 5.8431e+00 -3.9510e+00 0.0000e+00 0.0000e+00 -3.9510e+00 5.4865e+00 0.0000e+00 0.0000e+00 0.0000e+00 0.0000e+00 -2.9746e+00 2.9781e-01 0.0000e+00 0.0000e+00 -2.9781e-01 -2.7532e+00 
115.0 5.8161e+00 -3.8452e+00 0.0000e+00 0.0000e+00 -3.8452e+00 5.4607e+00 0.0000e+00 0.0000e+00 0.0000e+00 0.0000e+00 -3.0978e+00 2.9608e-01 0.0000e+00 0.0000e+00 -2.9608e-01 -2.8739e+00 
116.0 5.7921e+00 -3.7401e+00 0.0000e+00 0.0000e+00 -3.7401e+00 5.4377e+00 0.0000e+00 0.0000e+00 0.0000e+00 0.0000e+00 -3.2168e+00 2.9418e-01 0.0000e+00 0.0000e+00 -2.9418e-01 -2.9905e+00 
117.0 5.7709e+00 -3.6357e+00 0.0000e+00 0.0000e+00 -3.6357e+00 5.4176e+00 0.0000e+00 0.0000e+00 0.0000e+00 0.0000e+00 -3.3319e+00 2.9209e-01 0.0000e+00 0.0000e+00 -2.9209e-01 -3.1032e+00 
118.0 5.7525e+00 -3.5320e+00 0.0000e+00 0.0000e+00 -3.5320e+00 5.4001e+00 0.0000e+00 0.0000e+00 0.0000e+00 0.0000e+00 -3.4431e+00 2.8983e-01 0.0000e+00 0.0000e+00 -2.8983e-01 -3.2121e+00 
119.0 5.7366e+00 -3.4291e+00 0.0000e+00 0.0000e+00 -3.4291e+00 5.3852e+00 0.0000e+00 0.0000e+00 0.0000e+00 0.0000e+00 -3.5507e+00 2.8742e-01 0.0000e+00 0.0000e+00 -2.8742e-01 -3.3174e+00 
120.0 5.7231e+00 -3.3271e+00 0.0000e+00 0.0000e+00 -3.3271e+00 5.3727e+00 0.0000e+00 0.0000e+00 0.0000e+00 0.0000e+00 -3.6546e+00 2.8484e-01 0.0000e+00 0.0000e+00 -2.8484e-01 -3.4191e+00 
121.0 5.7120e+00 -3.2259e+00 0.0000e+00 0.0000e+00 -3.2259e+00 5.3625e+00 0.0000e+00 0.0000e+00 0.0000e+00 0.0000e+00 -3.7552e+00 2.8211e-01 0.0000e+00 0.0000e+00 -2.8211e-01 -3.5174e+00 
122.0 5.7032e+00 -3.1257e+00 0.0000e+00 0.0000e+00 -3.1257e+00 5.3545e+00 0.0000e+00 0.0000e+00 0.0000e+00 0.0000e+00 -3.8524e+00 2.7924e-01 0.0000e+00 0.0000e+00 -2.7924e-01 -3.6125e+00 
123.0 5.6964e+00 -3.0264e+00 0.0000e+00 0.0000e+00 -3.0264e+00 5.3486e+00 0.0000e+00 0.0000e+00 0.0000e+00 0.0000e+00 -3.9463e+00 2.7622e-01 0.0000e+00 0.0000e+00 -2.7622e-01 -3.7043e+00 
124.0 5.6916e+00 -2.9281e+00 0.0000e+00 0.0000e+00 -2.9281e+00 5.3446e+00 0.0000e+00 0.0000e+00 0.0000e+00 0.0000e+00 -4.0372e+00 2.7308e-01 0.0000e+00 0.0000e+00 -2.7308e-01 -3.7931e+00 
125.0 5.6887e+00 -2.8309e+00 0.0000e+00 0.0000e+00 -2.8309e+00 5.3425e+00 0.0000e+00 0.0000e+00 0.0000e+00 0.0000e+00 -4.1250e+00 2.6983e-01 0.0000e+00 0.0000e+00 -2.6983e-01 -3.8789e+00 
126.0 5.6876e+00 -2.7348e+00 0.0000e+00 0.0000e+00 -2.7348e+00 5.3423e+00 0.0000e+00 0.0000e+00 0.0000e+00 0.0000e+00 -4.2099e+00 2.6649e-01 0.0000e+00 0.0000e+00 -2.6649e-01 -3.9618e+00 
127.0 5.6883e+00 -2.6399e+00 0.0000e+00 0.0000e+00 -2.6399e+00 5.3436e+00 0.0000e+00 0.0000e+00 0.0000e+00 0.0000e+00 -4.2920e+00 2.6306e-01 0.0000e+00 0.0000e+00 -2.6306e-01 -4.0419e+00 
128.0 5.6905e+00 -2.5461e+00 0.0000e+00 0.0000e+00 -2.5461e+00 5.3466e+00 0.0000e+00 0.0000e+00 0.0000e+00 0.0000e+00 -4.3713e+00 2.5955e-01 0.0000e+00 0.0000e+00 -2.5955e-01 -4.1194e+00 
129.0 5.6942e+00 -2.4536e+00 0.0000e+00 0.0000e+00 -2.4536e+00 5.3511e+00 0.0000e+00 0.0000e+00 0.0000e+00 0.0000e+00 -4.4479e+00 2.5596e-01 0.0000e+00 0.0000e+00 -2.5596e-01 -4.1942e+00 
130.0 5.6993e+00 -2.3623e+00 0.0000e+00 0.0000e+00 -2.3623e+00 5.3569e+00 0.0000e+00 0.0000e+00 0.0000e+00 0.0000e+00 -4.5221e+00 2.5231e-01 0.0000e+00 0.0000e+00 -2.5231e-01 -4.2665e+00 
131.0 5.7058e+00 -2.2723e+00 0.0000e+00 0.0000e+00 -2.2723e+00 5.3641e+00 0.0000e+00 0.0000e+00 0.0000e+00 0.0000e+00 -4.5937e+00 2.4863e-01 0.0000e+00 0.0000e+00 -2.4863e-01 -4.3364e+00 
132.0 5.7136e+00 -2.1837e+00 0.0000e+00 0.0000e+00 -2.1837e+00 5.3725e+00 0.0000e+00 0.0000e+00 0.0000e+00 0.0000e+00 -4.6629e+00 2.4493e-01 0.0000e+00 0.0000e+00 -2.4493e-01 -4.4038e+00 
133.0 5.7225e+00 -2.0966e+00 0.0000e+00 0.0000e+00 -2.0966e+00 5.3822e+00 0.0000e+00 0.0000e+00 0.0000e+00 0.0000e+00 -4.7297e+00 2.4122e-01 0.0000e+00 0.0000e+00 -2.4122e-01 -4.4690e+00 
134.0 5.7326e+00 -2.0109e+00 0.0000e+00 0.0000e+00 -2.0109e+00 5.3929e+00 0.0000e+00 0.0000e+00 0.0000e+00 0.0000e+00 -4.7942e+00 2.3749e-01 0.0000e+00 0.0000e+00 -2.3749e-01 -4.5320e+00 
135.0 5.7436e+00 -1.9267e+00 0.0000e+00 0.0000e+00 -1.9267e+00 5.4047e+00 0.0000e+00 0.0000e+00 0.0000e+00 0.0000e+00 -4.8565e+00 2.3372e-01 0.0000e+00 0.0000e+00 -2.3372e-01 -4.5928e+00 
136.0 5.7555e+00 -1.8440e+00 0.0000e+00 0.0000e+00 -1.8440e+00 5.4174e+00 0.0000e+00 0.0000e+00 0.0000e+00 0.0000e+00 -4.9166e+00 2.2988e-01 0.0000e+00 0.0000e+00 -2.2988e-01 -4.6515e+00 
137.0 5.7682e+00 -1.7629e+00 0.0000e+00 0.0000e+00 -1.7629e+00 5.4310e+00 0.0000e+00 0.0000e+00 0.0000e+00 0.0000e+00 -4.9745e+00 2.2599e-01 0.0000e+00 0.0000e+00 -2.2599e-01 -4.7081e+00 
138.0 5.7817e+00 -1.6834e+00 0.0000e+00 0.0000e+00 -1.6834e+00 5.4453e+00 0.0000e+00 0.0000e+00 0.0000e+00 0.0000e+00 -5.0304e+00 2.2206e-01 0.0000e+00 0.0000e+00 -2.2206e-01 -4.7628e+00 
139.0 5.7957e+00 -1.6055e+00 0.0000e+00 0.0000e+00 -1.6055e+00 5.4604e+00 0.0000e+00 0.0000e+00 0.0000e+00 0.0000e+00 -5.0842e+00 2.1807e-01 0.0000e+00 0.0000e+00 -2.1807e-01 -4.8157e+00 
140.0 5.8103e+00 -1.5293e+00 0.0000e+00 0.0000e+00 -1.5293e+00 5.4762e+00 0.0000e+00 0.0000e+00 0.0000e+00 0.0000e+00 -5.1360e+00 2.1399e-01 0.0000e+00 0.0000e+00 -2.1399e-01 -4.8666e+00 
141.0 5.8253e+00 -1.4548e+00 0.0000e+00 0.0000e+00 -1.4548e+00 5.4924e+00 0.0000e+00 0.0000e+00 0.0000e+00 0.0000e+00 -5.1860e+00 2.0978e-01 0.0000e+00 0.0000e+00 -2.0978e-01 -4.9159e+00 
142.0 5.8406e+00 -1.3821e+00 0.0000e+00 0.0000e+00 -1.3821e+00 5.5091e+00 0.0000e+00 0.0000e+00 0.0000e+00 0.0000e+00 -5.2340e+00 2.0544e-01 0.0000e+00 0.0000e+00 -2.0544e-01 -4.9634e+00 
143.0 5.8563e+00 -1.3110e+00 0.0000e+00 0.0000e+00 -1.3110e+00 5.5263e+00 0.0000e+00 0.0000e+00 0.0000e+00 0.0000e+00 -5.2803e+00 2.0101e-01 0.0000e+00 0.0000e+00 -2.0101e-01 -5.0093e+00 
144.0 5.8722e+00 -1.2416e+00 0.0000e+00 0.0000e+00 -1.2416e+00 5.5438e+00 0.0000e+00 0.0000e+00 0.0000e+00 0.0000e+00 -5.3247e+00 1.9650e-01 0.0000e+00 0.0000e+00 -1.9650e-01 -5.0534e+00 
145.0 5.8883e+00 -1.1740e+00 0.0000e+00 0.0000e+00 -1.1740e+00 5.5617e+00 0.0000e+00 0.0000e+00 0.0000e+00 0.0000e+00 -5.3673e+00 1.9192e-01 0.0000e+00 0.0000e+00 -1.9192e-01 -5.0960e+00 
146.0 5.9045e+00 -1.1081e+00 0.0000e+00 0.0000e+00 -1.1081e+00 5.5799e+00 0.0000e+00 0.0000e+00 0.0000e+00 0.0000e+00 -5.4082e+00 1.8721e-01 0.0000e+00 0.0000e+00 -1.8721e-01 -5.1371e+00 
147.0 5.9207e+00 -1.0440e+00 0.0000e+00 0.0000e+00 -1.0440e+00 5.5982e+00 0.0000e+00 0.0000e+00 0.0000e+00 0.0000e+00 -5.4474e+00 1.8234e-01 0.0000e+00 0.0000e+00 -1.8234e-01 -5.1766e+00 
148.0 5.9368e+00 -9.8156e-01 0.0000e+00 0.0000e+00 -9.8156e-01 5.6166e+00 0.0000e+00 0.0000e+00 0.0000e+00 0.0000e+00 -5.4849e+00 1.7728e-01 0.0000e+00 0.0000e+00 -1.7728e-01 -5.2147e+00 
149.0 5.9528e+00 -9.2084e-01 0.0000e+00 0.0000e+00 -9.2084e-01 5.6350e+00 0.0000e+00 0.0000e+00 0.0000e+00 0.0000e+00 -5.5209e+00 1.7205e-01 0.0000e+00 0.0000e+00 -1.7205e-01 -5.2515e+00 
150.0 5.9687e+00 -8.6185e-01 0.0000e+00 0.0000e+00 -8.6185e-01 5.6534e+00 0.0000e+00 0.0000e+00 0.0000e+00 0.0000e+00 -5.5554e+00 1.6667e-01 0.0000e+00 0.0000e+00 -1.6667e-01 -5.2868e+00 
151.0 5.9845e+00 -8.0459e-01 0.0000e+00 0.0000e+00 -8.0459e-01 5.6718e+00 0.0000e+00 0.0000e+00 0.0000e+00 0.0000e+00 -5.5884e+00 1.6114e-01 0.0000e+00 0.0000e+00 -1.6114e-01 -5.3208e+00 
152.0 6.0001e+00 -7.4907e-01 0.0000e+00 0.0000e+00 -7.4907e-01 5.6901e+00 0.0000e+00 0.0000e+00 0.0000e+00 0.0000e+00 -5.6200e+00 1.5545e-01 0.0000e+00 0.0000e+00 -1.5545e-01 -5.3535e+00 
153.0 6.0156e+00 -6.9527e-01 0.0000e+00 0.0000e+00 -6.9527e-01 5.7082e+00 0.0000e+00 0.0000e+00 0.0000e+00 0.0000e+00 -5.6501e+00 1.4956e-01 0.0000e+00 0.0000e+00 -1.4956e-01 -5.3847e+00 
154.0 6.0309e+00 -6.4319e-01 0.0000e+00 0.0000e+00 -6.4319e-01 5.7262e+00 0.0000e+00 0.0000e+00 0.0000e+00 0.0000e+00 -5.6788e+00 1.4343e-01 0.0000e+00 0.0000e+00 -1.4343e-01 -5.4146e+00 
155.0 6.0460e+00 -5.9281e-01 0.0000e+00 0.0000e+00 -5.9281e-01 5.7439e+00 0.0000e+00 0.0000e+00 0.0000e+00 0.0000e+00 -5.7061e+00 1.3713e-01 0.0000e+00 0.0000e+00 -1.3713e-01 -5.4432e+00 
156.0 6.0612e+00 -5.4409e-01 0.0000e+00 0.0000e+00 -5.4409e-01 5.7617e+00 0.0000e+00 0.0000e+00 0.0000e+00 0.0000e+00 -5.7321e+00 1.3079e-01 0.0000e+00 0.0000e+00 -1.3079e-01 -5.4705e+00 
157.0 6.0764e+00 -4.9706e-01 0.0000e+00 0.0000e+00 -4.9706e-01 5.7796e+00 0.0000e+00 0.0000e+00 0.0000e+00 0.0000e+00 -5.7567e+00 1.2454e-01 0.0000e+00 0.0000e+00 -1.2454e-01 -5.4966e+00 
158.0 6.0916e+00 -4.5175e-01 0.0000e+00 0.0000e+00 -4.5175e-01 5.7976e+00 0.0000e+00 0.0000e+00 0.0000e+00 0.0000e+00 -5.7800e+00 1.1836e-01 0.0000e+00 0.0000e+00 -1.1836e-01 -5.5214e+00 
159.0 6.1067e+00 -4.0819e-01 0.0000e+00 0.0000e+00 -4.0819e-01 5.8155e+00 0.0000e+00 0.0000e+00 0.0000e+00 0.0000e+00 -5.8020e+00 1.1209e-01 0.0000e+00 0.0000e+00 -1.1209e-01 -5.5451e+00 
160.0 6.1215e+00 -3.6640e-01 0.0000e+00 0.0000e+00 -3.6640e-01 5.8332e+00 0.0000e+00 0.0000e+00 0.0000e+00 0.0000e+00 -5.8227e+00 1.0566e-01 0.0000e+00 0.0000e+00 -1.0566e-01 -5.5677e+00 
161.0 6.1362e+00 -3.2632e-01 0.0000e+00 0.0000e+00 -3.2632e-01 5.8508e+00 0.0000e+00 0.0000e+00 0.0000e+00 0.0000e+00 -5.8423e+00 9.9115e-02 0.0000e+00 0.0000e+00 -9.9115e-02 -5.5892e+00 
162.0 6.1511e+00 -2.8796e-01 0.0000e+00 0.0000e+00 -2.8796e-01 5.8688e+00 0.0000e+00 0.0000e+00 0.0000e+00 0.0000e+00 -5.8606e+00 9.2604e-02 0.0000e+00 0.0000e+00 -9.2604e-02 -5.6096e+00 
163.0 6.1660e+00 -2.5134e-01 0.0000e+00 0.0000e+00 -2.5134e-01 5.8871e+00 0.0000e+00 0.0000e+00 0.0000e+00 0.0000e+00 -5.8775e+00 8.6090e-02 0.0000e+00 0.0000e+00 -8.6090e-02 -5.6289e+00 
164.0 6.1807e+00 -2.1656e-01 0.0000e+00 0.0000e+00 -2.1656e-01 5.9056e+00 0.0000e+00 0.0000e+00 0.0000e+00 0.0000e+00 -5.8931e+00 7.9257e-02 0.0000e+00 0.0000e+00 -7.9257e-02 -5.6474e+00 
165.0 6.1947e+00 -1.8376e-01 0.0000e+00 0.0000e+00 -1.8376e-01 5.9234e+00 0.0000e+00 0.0000e+00 0.0000e+00 0.0000e+00 -5.9077e+00 7.1643e-02 0.0000e+00 0.0000e+00 -7.1643e-02 -5.6651e+00 
166.0 6.2078e+00 -1.5313e-01 0.0000e+00 0.0000e+00 -1.5313e-01 5.9403e+00 0.0000e+00 0.0000e+00 0.0000e+00 0.0000e+00 -5.9217e+00 6.2834e-02 0.0000e+00 0.0000e+00 -6.2834e-02 -5.6823e+00 
167.0 6.2200e+00 -1.2493e-01 0.0000e+00 0.0000e+00 -1.2493e-01 5.9559e+00 0.0000e+00 0.0000e+00 0.0000e+00 0.0000e+00 -5.9354e+00 5.2533e-02 0.0000e+00 0.0000e+00 -5.2533e-02 -5.6990e+00 
168.0 6.2315e+00 -9.9534e-02 0.0000e+00 0.0000e+00 -9.9534e-02 5.9696e+00 0.0000e+00 0.0000e+00 0.0000e+00 0.0000e+00 -5.9493e+00 4.0585e-02 0.0000e+00 0.0000e+00 -4.0585e-02 -5.7149e+00 
169.0 6.2430e+00 -7.7218e-02 0.0000e+00 0.0000e+00 -7.7218e-02 5.9814e+00 0.0000e+00 0.0000e+00 0.0000e+00 0.0000e+00 -5.9638e+00 2.7011e-02 0.0000e+00 0.0000e+00 -2.7011e-02 -5.7293e+00 
170.0 6.2558e+00 -5.8155e-02 0.0000e+00 0.0000e+00 -5.8155e-02 5.9913e+00 0.0000e+00 0.0000e+00 0.0000e+00 0.0000e+00 -5.9796e+00 1.1956e-02 0.0000e+00 0.0000e+00 -1.1956e-02 -5.7414e+00 
171.0 6.2712e+00 -4.2428e-02 0.0000e+00 0.0000e+00 -4.2428e-02 5.9993e+00 0.0000e+00 0.0000e+00 0.0000e+00 0.0000e+00 -5.9973e+00 -4.2977e-03 0.0000e+00 0.0000e+00 4.2977e-03 -5.7501e+00 
172.0 6.2912e+00 -3.0142e-02 0.0000e+00 0.0000e+00 -3.0142e-02 6.0056e+00 0.0000e+00 0.0000e+00 0.0000e+00 0.0000e+00 -6.0177e+00 -2.1130e-02 0.0000e+00 0.0000e+00 2.1130e-02 -5.7542e+00 
173.0 6.3183e+00 -2.1352e-02 0.0000e+00 0.0000e+00 -2.1352e-02 6.0109e+00 0.0000e+00 0.0000e+00 0.0000e+00 0.0000e+00 -6.0420e+00 -3.6940e-02 0.0000e+00 0.0000e+00 3.6940e-02 -5.7529e+00 
174.0 6.3560e+00 -1.5683e-02 0.0000e+00 0.0000e+00 -1.5683e-02 6.0175e+00 0.0000e+00 0.0000e+00 0.0000e+00 0.0000e+00 -6.0709e+00 -4.8461e-02 0.0000e+00 0.0000e+00 4.8461e-02 -5.7456e+00 
175.0 6.4074e+00 -1.2000e-02 0.0000e+00 0.0000e+00 -1.2000e-02 6.0288e+00 0.0000e+00 0.0000e+00 0.0000e+00 0.0000e+00 -6.1044e+00 -5.1345e-02 0.0000e+00 0.0000e+00 5.1345e-02 -5.7329e+00 
176.0 6.4718e+00 -8.7407e-03 0.0000e+00 0.0000e+00 -8.7407e-03 6.0474e+00 0.0000e+00 0.0000e+00 0.0000e+00 0.0000e+00 -6.1402e+00 -4.2861e-02 0.0000e+00 0.0000e+00 4.2861e-02 -5.7168e+00 
177.0 6.5401e+00 -5.0122e-03 0.0000e+00 0.0000e+00 -5.0122e-03 6.0713e+00 0.0000e+00 0.0000e+00 0.0000e+00 0.0000e+00 -6.1736e+00 -2.5420e-02 0.0000e+00 0.0000e+00 2.5420e-02 -5.7007e+00 
178.0 6.5945e+00 -1.5202e-03 0.0000e+00 0.0000e+00 -1.5202e-03 6.0928e+00 0.0000e+00 0.0000e+00 0.0000e+00 0.0000e+00 -6.1980e+00 -7.6248e-03 0.0000e+00 0.0000e+00 7.6248e-03 -5.6887e+00 
179.0 6.6156e+00 -2.2277e-20 0.0000e+00 0.0000e+00 -2.2277e-20 6.1015e+00 0.0000e+00 0.0000e+00 0.0000e+00 0.0000e+00 -6.2071e+00 -8.7190e-20 0.0000e+00 0.0000e+00 8.7190e-20 -5.6841e+00 
180.0 6.6378e+00 0.0000e+00 0.0000e+00 0.0000e+00 0.0000e+00 6.1103e+00 0.0000e+00 0.0000e+00 0.0000e+00 0.0000e+00 -6.2161e+00 0.0000e+00 0.0000e+00 0.0000e+00 -0.0000e+00 -5.6798e+00 
