2.7459 3.1037 0.3577 0.058842
theta s11 s12 s13 s14 s21 s22 s23 s24 s31 s32 s33 s34 s41 s42 s43 s44
0.0 5.0249e+02 0.0000e+00 0.0000e+00 0.0000e+00 0.0000e+00 5.0113e+02 0.0000e+00 0.0000e+00 0.0000e+00 0.0000e+00 5.0113e+02 0.0000e+00 0.0000e+00 0.0000e+00 -0.0000e+00 4.9977e+02 
1.0 4.3580e+02 -2.9742e-02 0.0000e+00 0.0000e+00 -2.9742e-02 4.3444e+02 0.0000e+00 0.0000e+00 0.0000e+00 0.0000e+00 4.3444e+02 -1.6786e-01 0.0000e+00 0.0000e+00 1.6786e-01 4.3309e+02 
2.0 3.3715e+02 -7.6299e-02 0.0000e+00 0.0000e+00 -7.6299e-02 3.3580e+02 0.0000e+00 0.0000e+00 0.0000e+00 0.0000e+00 3.3579e+02 -5.5519e-01 0.0000e+00 0.0000e+00 5.5519e-01 3.3445e+02 
3.0 2.6505e+02 -1.2049e-01 0.0000e+00 0.0000e+00 -1.2049e-01 2.6370e+02 0.0000e+00 0.0000e+00 0.0000e+00 0.0000e+00 2.6370e+02 -9.4407e-01 0.0000e+00 0.0000e+00 9.4407e-01 2.6236e+02 
4.0 2.1676e+02 -1.7221e-01 0.0000e+00 0.0000e+00 -1.7221e-01 2.1543e+02 0.0000e+00 0.0000e+00 0.0000e+00 0.0000e+00 2.1541e+02 -1.2139e+00 0.0000e+00 0.0000e+00 1.2139e+00 2.1408e+02 
5.0 1.8450e+02 -2.3801e-01 0.0000e+00 0.0000e+00 -2.3801e-01 1.8317e+02 0.0000e+00 0.0000e+00 0.0000e+00 0.0000e+00 1.8314e+02 -1.3667e+00 0.0000e+00 0.0000e+00 1.3667e+00 1.8183e+02 
6.0 1.6244e+02 -3.1973e-01 0.0000e+00 0.0000e+00 -3.1973e-01 1.6112e+02 0.0000e+00 0.0000e+00 0.0000e+00 0.0000e+00 1.6108e+02 -1.4419e+00 0.0000e+00 0.0000e+00 1.4419e+00 1.5978e+02 
7.0 1.4687e+02 -4.1742e-01 0.0000e+00 0.0000e+00 -4.1742e-01 1.4556e+02 0.0000e+00 0.0000e+00 0.0000e+00 0.0000e+00 1.4551e+02 -1.4701e+00 0.0000e+00 0.0000e+00 1.4701e+00 1.4422e+02 
8.0 1.3547e+02 -5.2990e-01 0.0000e+00 0.0000e+00 -5.2990e-01 1.3417e+02 0.0000e+00 0.0000e+00 0.0000e+00 0.0000e+00 1.3411e+02 -1.4735e+00 0.0000e+00 0.0000e+00 1.4735e+00 1.3284e+02 
9.0 1.2681e+02 -6.5537e-01 0.0000e+00 0.0000e+00 -6.5537e-01 1.2552e+02 0.0000e+00 0.0000e+00 0.0000e+00 0.0000e+00 1.2545e+02 -1.4674e+00 0.0000e+00 0.0000e+00 1.4674e+00 1.2420e+02 
10.0 1.1997e+02 -7.9185e-01 0.0000e+00 0.0000e+00 -7.9185e-01 1.1868e+02 0.0000e+00 0.0000e+00 0.0000e+00 0.0000e+00 1.1861e+02 -1.4612e+00 0.0000e+00 0.0000e+00 1.4612e+00 1.1737e+02 
11.0 1.1435e+02 -9.3750e-01 0.0000e+00 0.0000e+00 -9.3750e-01 1.1307e+02 0.0000e+00 0.0000e+00 0.0000e+00 0.0000e+00 1.1299e+02 -1.4607e+00 0.0000e+00 0.0000e+00 1.4607e+00 1.1177e+02 
12.0 1.0957e+02 -1.0909e+00 0.0000e+00 0.0000e+00 -1.0909e+00 1.0829e+02 0.0000e+00 0.0000e+00 0.0000e+00 0.0000e+00 1.0821e+02 -1.4687e+00 0.0000e+00 0.0000e+00 1.4687e+00 1.0701e+02 
13.0 1.0537e+02 -1.2510e+00 0.0000e+00 0.0000e+00 -1.2510e+00 1.0410e+02 0.0000e+00 0.0000e+00 0.0000e+00 0.0000e+00 1.0401e+02 -1.4853e+00 0.0000e+00 0.0000e+00 1.4853e+00 1.0283e+02 
14.0 1.0158e+02 -1.4159e+00 0.0000e+00 0.0000e+00 -1.4159e+00 1.0033e+02 0.0000e+00 0.0000e+00 0.0000e+00 0.0000e+00 1.0022e+02 -1.5121e+00 0.0000e+00 0.0000e+00 1.5121e+00 9.9064e+01 
15.0 9.8091e+01 -1.5855e+00 0.0000e+00 0.0000e+00 -1.5855e+00 9.6844e+01 0.0000e+00 0.0000e+00 0.0000e+00 0.0000e+00 9.6733e+01 -1.5454e+00 0.0000e+00 0.0000e+00 1.5454e+00 9.5594e+01 
16.0 9.4819e+01 -1.7586e+00 0.0000e+00 0.0000e+00 -1.7586e+00 9.3581e+01 0.0000e+00 0.0000e+00 0.0000e+00 0.0000e+00 9.3461e+01 -1.5842e+00 0.0000e+00 0.0000e+00 1.5842e+00 9.2342e+01 
17.0 9.1713e+01 -1.9343e+00 0.0000e+00 0.0000e+00 -1.9343e+00 9.0485e+01 0.0000e+00 0.0000e+00 0.0000e+00 0.0000e+00 9.0354e+01 -1.6272e+00 0.0000e+00 0.0000e+00 1.6272e+00 8.9257e+01 
18.0 8.8739e+01 -2.1119e+00 0.0000e+00 0.0000e+00 -2.1119e+00 8.7520e+01 0.0000e+00 0.0000e+00 0.0000e+00 0.0000e+00 8.7378e+01 -1.6732e+00 0.0000e+00 0.0000e+00 1.6732e+00 8.6302e+01 
19.0 8.5872e+01 -2.2905e+00 0.0000e+00 0.0000e+00 -2.2905e+00 8.4663e+01 0.0000e+00 0.0000e+00 0.0000e+00 0.0000e+00 8.4746e+01 -1.7210e+00 0.0000e+00 0.0000e+00 1.7210e+00 8.3692e+01 
20.0 8.3095e+01 -2.4693e+00 0.0000e+00 0.0000e+00 -2.4693e+00 8.1895e+01 0.0000e+00 0.0000e+00 0.0000e+00 0.0000e+00 8.2190e+01 -1.7698e+00 0.0000e+00 0.0000e+00 1.7698e+00 8.1157e+01 
21.0 8.0397e+01 -2.6475e+00 0.0000e+00 0.0000e+00 -2.6475e+00 7.9207e+01 0.0000e+00 0.0000e+00 0.0000e+00 0.0000e+00 7.9700e+01 -1.8186e+00 0.0000e+00 0.0000e+00 1.8186e+00 7.8689e+01 
22.0 7.7769e+01 -2.8243e+00 0.0000e+00 0.0000e+00 -2.8243e+00 7.6589e+01 0.0000e+00 0.0000e+00 0.0000e+00 0.0000e+00 7.7269e+01 -1.8667e+00 0.0000e+00 0.0000e+00 1.8667e+00 7.6279e+01 
23.0 7.5206e+01 -2.9991e+00 0.0000e+00 0.0000e+00 -2.9991e+00 7.4037e+01 0.0000e+00 0.0000e+00 0.0000e+00 0.0000e+00 7.4891e+01 -1.9133e+00 0.0000e+00 0.0000e+00 1.9133e+00 7.3922e+01 
24.0 7.2706e+01 -3.1712e+00 0.0000e+00 0.0000e+00 -3.1712e+00 7.1546e+01 0.0000e+00 0.0000e+00 0.0000e+00 0.0000e+00 7.2564e+01 -1.9576e+00 0.0000e+00 0.0000e+00 1.9576e+00 7.1616e+01 
25.0 7.0265e+01 -3.3400e+00 0.0000e+00 0.0000e+00 -3.3400e+00 6.9116e+01 0.0000e+00 0.0000e+00 0.0000e+00 0.0000e+00 7.0286e+01 -1.9989e+00 0.0000e+00 0.0000e+00 1.9989e+00 6.9359e+01 
26.0 6.7882e+01 -3.5050e+00 0.0000e+00 0.0000e+00 -3.5050e+00 6.6744e+01 0.0000e+00 0.0000e+00 0.0000e+00 0.0000e+00 6.8056e+01 -2.0369e+00 0.0000e+00 0.0000e+00 2.0369e+00 6.7150e+01 
27.0 6.5558e+01 -3.6655e+00 0.0000e+00 0.0000e+00 -3.6655e+00 6.4430e+01 0.0000e+00 0.0000e+00 0.0000e+00 0.0000e+00 6.5873e+01 -2.0712e+00 0.0000e+00 0.0000e+00 2.0712e+00 6.4988e+01 
28.0 6.3290e+01 -3.8212e+00 0.0000e+00 0.0000e+00 -3.8212e+00 6.2173e+01 0.0000e+00 0.0000e+00 0.0000e+00 0.0000e+00 6.3738e+01 -2.1018e+00 0.0000e+00 0.0000e+00 2.1018e+00 6.2873e+01 
29.0 6.1078e+01 -3.9716e+00 0.0000e+00 0.0000e+00 -3.9716e+00 5.9972e+01 0.0000e+00 0.0000e+00 0.0000e+00 0.0000e+00 6.1649e+01 -2.1284e+00 0.0000e+00 0.0000e+00 2.1284e+00 6.0805e+01 
30.0 5.8923e+01 -4.1164e+00 0.0000e+00 0.0000e+00 -4.1164e+00 5.7827e+01 0.0000e+00 0.0000e+00 0.0000e+00 0.0000e+00 5.9608e+01 -2.1510e+00 0.0000e+00 0.0000e+00 2.1510e+00 5.8784e+01 
31.0 5.6823e+01 -4.2552e+00 0.0000e+00 0.0000e+00 -4.2552e+00 5.5739e+01 0.0000e+00 0.0000e+00 0.0000e+00 0.0000e+00 5.7385e+01 -2.1696e+00 0.0000e+00 0.0000e+00 2.1696e+00 5.6585e+01 
32.0 5.4780e+01 -4.3877e+00 0.0000e+00 0.0000e+00 -4.3877e+00 5.3706e+01 0.0000e+00 0.0000e+00 0.0000e+00 0.0000e+00 5.5223e+01 -2.1841e+00 0.0000e+00 0.0000e+00 2.1841e+00 5.4444e+01 
33.0 5.2793e+01 -4.5136e+00 0.0000e+00 0.0000e+00 -4.5136e+00 5.1730e+01 0.0000e+00 0.0000e+00 0.0000e+00 0.0000e+00 5.3119e+01 -2.1946e+00 0.0000e+00 0.0000e+00 2.1946e+00 5.2363e+01 
34.0 5.0862e+01 -4.6329e+00 0.0000e+00 0.0000e+00 -4.6329e+00 4.9809e+01 0.0000e+00 0.0000e+00 0.0000e+00 0.0000e+00 5.1074e+01 -2.2011e+00 0.0000e+00 0.0000e+00 2.2011e+00 5.0340e+01 
35.0 4.8987e+01 -4.7452e+00 0.0000e+00 0.0000e+00 -4.7452e+00 4.7945e+01 0.0000e+00 0.0000e+00 0.0000e+00 0.0000e+00 4.9088e+01 -2.2038e+00 0.0000e+00 0.0000e+00 2.2038e+00 4.8376e+01 
36.0 4.7168e+01 -4.8506e+00 0.0000e+00 0.0000e+00 -4.8506e+00 4.6137e+01 0.0000e+00 0.0000e+00 0.0000e+00 0.0000e+00 4.7161e+01 -2.2026e+00 0.0000e+00 0.0000e+00 2.2026e+00 4.6470e+01 
37.0 4.5405e+01 -4.9490e+00 0.0000e+00 0.0000e+00 -4.9490e+00 4.4384e+01 0.0000e+00 0.0000e+00 0.0000e+00 0.0000e+00 4.5291e+01 -2.1977e+00 0.0000e+00 0.0000e+00 2.1977e+00 4.4621e+01 
38.0 4.3698e+01 -5.0404e+00 0.0000e+00 0.0000e+00 -5.0404e+00 4.2687e+01 0.0000e+00 0.0000e+00 0.0000e+00 0.0000e+00 4.3479e+01 -2.1890e+00 0.0000e+00 0.0000e+00 2.1890e+00 4.2831e+01 
39.0 4.2046e+01 -5.1249e+00 0.0000e+00 0.0000e+00 -5.1249e+00 4.1046e+01 0.0000e+00 0.0000e+00 0.0000e+00 0.0000e+00 4.1725e+01 -2.1769e+00 0.0000e+00 0.0000e+00 2.1769e+00 4.1097e+01 
40.0 4.0448e+01 -5.2026e+00 0.0000e+00 0.0000e+00 -5.2026e+00 3.9458e+01 0.0000e+00 0.0000e+00 0.0000e+00 0.0000e+00 4.0027e+01 -2.1614e+00 0.0000e+00 0.0000e+00 2.1614e+00 3.9419e+01 
41.0 3.8905e+01 -5.2734e+00 0.0000e+00 0.0000e+00 -5.2734e+00 3.7924e+01 0.0000e+00 0.0000e+00 0.0000e+00 0.0000e+00 3.8384e+01 -2.1428e+00 0.0000e+00 0.0000e+00 2.1428e+00 3.7797e+01 
42.0 3.7413e+01 -5.3375e+00 0.0000e+00 0.0000e+00 -5.3375e+00 3.6443e+01 0.0000e+00 0.0000e+00 0.0000e+00 0.0000e+00 3.6796e+01 -2.1211e+00 0.0000e+00 0.0000e+00 2.1211e+00 3.6229e+01 
43.0 3.5974e+01 -5.3948e+00 0.0000e+00 0.0000e+00 -5.3948e+00 3.5013e+01 0.0000e+00 0.0000e+00 0.0000e+00 0.0000e+00 3.5262e+01 -2.0967e+00 0.0000e+00 0.0000e+00 2.0967e+00 3.4714e+01 
44.0 3.4585e+01 -5.4456e+00 0.0000e+00 0.0000e+00 -5.4456e+00 3.3634e+01 0.0000e+00 0.0000e+00 0.0000e+00 0.0000e+00 3.3781e+01 -2.0696e+00 0.0000e+00 0.0000e+00 2.0696e+00 3.3252e+01 
45.0 3.3246e+01 -5.4900e+00 0.0000e+00 0.0000e+00 -5.4900e+00 3.2304e+01 0.0000e+00 0.0000e+00 0.0000e+00 0.0000e+00 3.2351e+01 -2.0399e+00 0.0000e+00 0.0000e+00 2.0399e+00 3.1841e+01 
46.0 3.1956e+01 -5.5281e+00 0.0000e+00 0.0000e+00 -5.5281e+00 3.1023e+01 0.0000e+00 0.0000e+00 0.0000e+00 0.0000e+00 3.0972e+01 -2.0079e+00 0.0000e+00 0.0000e+00 2.0079e+00 3.0479e+01 
47.0 3.0713e+01 -5.5600e+00 0.0000e+00 0.0000e+00 -5.5600e+00 2.9789e+01 0.0000e+00 0.0000e+00 0.0000e+00 0.0000e+00 2.9641e+01 -1.9736e+00 0.0000e+00 0.0000e+00 1.9736e+00 2.9167e+01 
48.0 2.9516e+01 -5.5861e+00 0.0000e+00 0.0000e+00 -5.5861e+00 2.8601e+01 0.0000e+00 0.0000e+00 0.0000e+00 0.0000e+00 2.8359e+01 -1.9373e+00 0.0000e+00 0.0000e+00 1.9373e+00 2.7903e+01 
49.0 2.8366e+01 -5.6065e+00 0.0000e+00 0.0000e+00 -5.6065e+00 2.7459e+01 0.0000e+00 0.0000e+00 0.0000e+00 0.0000e+00 2.7123e+01 -1.8991e+00 0.0000e+00 0.0000e+00 1.8991e+00 2.6685e+01 
50.0 2.7259e+01 -5.6213e+00 0.0000e+00 0.0000e+00 -5.6213e+00 2.6361e+01 0.0000e+00 0.0000e+00 0.0000e+00 0.0000e+00 2.5934e+01 -1.8591e+00 0.0000e+00 0.0000e+00 1.8591e+00 2.5512e+01 
51.0 2.6195e+01 -5.6308e+00 0.0000e+00 0.0000e+00 -5.6308e+00 2.5306e+01 0.0000e+00 0.0000e+00 0.0000e+00 0.0000e+00 2.4788e+01 -1.8175e+00 0.0000e+00 0.0000e+00 1.8175e+00 2.4383e+01 
52.0 2.5173e+01 -5.6352e+00 0.0000e+00 0.0000e+00 -5.6352e+00 2.4292e+01 0.0000e+00 0.0000e+00 0.0000e+00 0.0000e+00 2.3686e+01 -1.7745e+00 0.0000e+00 0.0000e+00 1.7745e+00 2.3297e+01 
53.0 2.4192e+01 -5.6346e+00 0.0000e+00 0.0000e+00 -5.6346e+00 2.3319e+01 0.0000e+00 0.0000e+00 0.0000e+00 0.0000e+00 2.2625e+01 -1.7302e+00 0.0000e+00 0.0000e+00 1.7302e+00 2.2252e+01 
54.0 2.3251e+01 -5.6294e+00 0.0000e+00 0.0000e+00 -5.6294e+00 2.2385e+01 0.0000e+00 0.0000e+00 0.0000e+00 0.0000e+00 2.1605e+01 -1.6848e+00 0.0000e+00 0.0000e+00 1.6848e+00 2.1248e+01 
55.0 2.2347e+01 -5.6198e+00 0.0000e+00 0.0000e+00 -5.6198e+00 2.1489e+01 0.0000e+00 0.0000e+00 0.0000e+00 0.0000e+00 2.0624e+01 -1.6384e+00 0.0000e+00 0.0000e+00 1.6384e+00 2.0283e+01 
56.0 2.1480e+01 -5.6058e+00 0.0000e+00 0.0000e+00 -5.6058e+00 2.0630e+01 0.0000e+00 0.0000e+00 0.0000e+00 0.0000e+00 1.9681e+01 -1.5911e+00 0.0000e+00 0.0000e+00 1.5911e+00 1.9355e+01 
57.0 2.0649e+01 -5.5878e+00 0.0000e+00 0.0000e+00 -5.5878e+00 1.9807e+01 0.0000e+00 0.0000e+00 0.0000e+00 0.0000e+00 1.8775e+01 -1.5431e+00 0.0000e+00 0.0000e+00 1.5431e+00 1.8464e+01 
58.0 1.9852e+01 -5.5658e+00 0.0000e+00 0.0000e+00 -5.5658e+00 1.9017e+01 0.0000e+00 0.0000e+00 0.0000e+00 0.0000e+00 1.7904e+01 -1.4946e+00 0.0000e+00 0.0000e+00 1.4946e+00 1.7608e+01 
59.0 1.9089e+01 -5.5403e+00 0.0000e+00 0.0000e+00 -5.5403e+00 1.8261e+01 0.0000e+00 0.0000e+00 0.0000e+00 0.0000e+00 1.7068e+01 -1.4455e+00 0.0000e+00 0.0000e+00 1.4455e+00 1.6785e+01 
60.0 1.8357e+01 -5.5112e+00 0.0000e+00 0.0000e+00 -5.5112e+00 1.7537e+01 0.0000e+00 0.0000e+00 0.0000e+00 0.0000e+00 1.6265e+01 -1.3961e+00 0.0000e+00 0.0000e+00 1.3961e+00 1.5996e+01 
61.0 1.7657e+01 -5.4788e+00 0.0000e+00 0.0000e+00 -5.4788e+00 1.6843e+01 0.0000e+00 0.0000e+00 0.0000e+00 0.0000e+00 1.5494e+01 -1.3464e+00 0.0000e+00 0.0000e+00 1.3464e+00 1.5238e+01 
62.0 1.6986e+01 -5.4434e+00 0.0000e+00 0.0000e+00 -5.4434e+00 1.6179e+01 0.0000e+00 0.0000e+00 0.0000e+00 0.0000e+00 1.4753e+01 -1.2965e+00 0.0000e+00 0.0000e+00 1.2965e+00 1.4511e+01 
63.0 1.6344e+01 -5.4050e+00 0.0000e+00 0.0000e+00 -5.4050e+00 1.5544e+01 0.0000e+00 0.0000e+00 0.0000e+00 0.0000e+00 1.4043e+01 -1.2466e+00 0.0000e+00 0.0000e+00 1.2466e+00 1.3813e+01 
64.0 1.5729e+01 -5.3640e+00 0.0000e+00 0.0000e+00 -5.3640e+00 1.4936e+01 0.0000e+00 0.0000e+00 0.0000e+00 0.0000e+00 1.3360e+01 -1.1968e+00 0.0000e+00 0.0000e+00 1.1968e+00 1.3144e+01 
65.0 1.5141e+01 -5.3203e+00 0.0000e+00 0.0000e+00 -5.3203e+00 1.4354e+01 0.0000e+00 0.0000e+00 0.0000e+00 0.0000e+00 1.2706e+01 -1.1471e+00 0.0000e+00 0.0000e+00 1.1471e+00 1.2501e+01 
66.0 1.4578e+01 -5.2742e+00 0.0000e+00 0.0000e+00 -5.2742e+00 1.3798e+01 0.0000e+00 0.0000e+00 0.0000e+00 0.0000e+00 1.2077e+01 -1.0976e+00 0.0000e+00 0.0000e+00 1.0976e+00 1.1885e+01 
67.0 1.4040e+01 -5.2259e+00 0.0000e+00 0.0000e+00 -5.2259e+00 1.3267e+01 0.0000e+00 0.0000e+00 0.0000e+00 0.0000e+00 1.1474e+01 -1.0484e+00 0.0000e+00 0.0000e+00 1.0484e+00 1.1294e+01 
68.0 1.3526e+01 -5.1755e+00 0.0000e+00 0.0000e+00 -5.1755e+00 1.2759e+01 0.0000e+00 0.0000e+00 0.0000e+00 0.0000e+00 1.0896e+01 -9.9954e-01 0.0000e+00 0.0000e+00 9.9954e-01 1.0726e+01 
69.0 1.3034e+01 -5.1231e+00 0.0000e+00 0.0000e+00 -5.1231e+00 1.2273e+01 0.0000e+00 0.0000e+00 0.0000e+00 0.0000e+00 1.0341e+01 -9.5114e-01 0.0000e+00 0.0000e+00 9.5114e-01 1.0183e+01 
70.0 1.2563e+01 -5.0689e+00 0.0000e+00 0.0000e+00 -5.0689e+00 1.1809e+01 0.0000e+00 0.0000e+00 0.0000e+00 0.0000e+00 9.8082e+00 -9.0324e-01 0.0000e+00 0.0000e+00 9.0324e-01 9.6608e+00 
71.0 1.2114e+01 -5.0131e+00 0.0000e+00 0.0000e+00 -5.0131e+00 1.1366e+01 0.0000e+00 0.0000e+00 0.0000e+00 0.0000e+00 9.2972e+00 -8.5588e-01 0.0000e+00 0.0000e+00 8.5588e-01 9.1604e+00 
72.0 1.1684e+01 -4.9557e+00 0.0000e+00 0.0000e+00 -4.9557e+00 1.0943e+01 0.0000e+00 0.0000e+00 0.0000e+00 0.0000e+00 8.8070e+00 -8.0913e-01 0.0000e+00 0.0000e+00 8.0913e-01 8.6805e+00 
73.0 1.1274e+01 -4.8969e+00 0.0000e+00 0.0000e+00 -4.8969e+00 1.0539e+01 0.0000e+00 0.0000e+00 0.0000e+00 0.0000e+00 8.3368e+00 -7.6303e-01 0.0000e+00 0.0000e+00 7.6303e-01 8.2203e+00 
74.0 1.0882e+01 -4.8367e+00 0.0000e+00 0.0000e+00 -4.8367e+00 1.0153e+01 0.0000e+00 0.0000e+00 0.0000e+00 0.0000e+00 7.8856e+00 -7.1762e-01 0.0000e+00 0.0000e+00 7.1762e-01 7.7788e+00 
75.0 1.0508e+01 -4.7754e+00 0.0000e+00 0.0000e+00 -4.7754e+00 9.7847e+00 0.0000e+00 0.0000e+00 0.0000e+00 0.0000e+00 7.4527e+00 -6.7295e-01 0.0000e+00 0.0000e+00 6.7295e-01 7.3554e+00 
76.0 1.0150e+01 -4.7130e+00 0.0000e+00 0.0000e+00 -4.7130e+00 9.4332e+00 0.0000e+00 0.0000e+00 0.0000e+00 0.0000e+00 7.0373e+00 -6.2905e-01 0.0000e+00 0.0000e+00 6.2905e-01 6.9492e+00 
77.0 9.8086e+00 -4.6497e+00 0.0000e+00 0.0000e+00 -4.6497e+00 9.0979e+00 0.0000e+00 0.0000e+00 0.0000e+00 0.0000e+00 6.6388e+00 -5.8595e-01 0.0000e+00 0.0000e+00 5.8595e-01 6.5596e+00 
78.0 9.4825e+00 -4.5854e+00 0.0000e+00 0.0000e+00 -4.5854e+00 8.7779e+00 0.0000e+00 0.0000e+00 0.0000e+00 0.0000e+00 6.2564e+00 -5.4366e-01 0.0000e+00 0.0000e+00 5.4366e-01 6.1859e+00 
79.0 9.1711e+00 -4.5203e+00 0.0000e+00 0.0000e+00 -4.5203e+00 8.4727e+00 0.0000e+00 0.0000e+00 0.0000e+00 0.0000e+00 5.8895e+00 -5.0222e-01 0.0000e+00 0.0000e+00 5.0222e-01 5.8273e+00 
80.0 8.8738e+00 -4.4546e+00 0.0000e+00 0.0000e+00 -4.4546e+00 8.1816e+00 0.0000e+00 0.0000e+00 0.0000e+00 0.0000e+00 5.5373e+00 -4.6165e-01 0.0000e+00 0.0000e+00 4.6165e-01 5.4833e+00 
81.0 8.5899e+00 -4.3882e+00 0.0000e+00 0.0000e+00 -4.3882e+00 7.9039e+00 0.0000e+00 0.0000e+00 0.0000e+00 0.0000e+00 5.1993e+00 -4.2196e-01 0.0000e+00 0.0000e+00 4.2196e-01 5.1532e+00 
82.0 8.3189e+00 -4.3212e+00 0.0000e+00 0.0000e+00 -4.3212e+00 7.6392e+00 0.0000e+00 0.0000e+00 0.0000e+00 0.0000e+00 4.8749e+00 -3.8316e-01 0.0000e+00 0.0000e+00 3.8316e-01 4.8364e+00 
83.0 8.0602e+00 -4.2538e+00 0.0000e+00 0.0000e+00 -4.2538e+00 7.3867e+00 0.0000e+00 0.0000e+00 0.0000e+00 0.0000e+00 4.5635e+00 -3.4529e-01 0.0000e+00 0.0000e+00 3.4529e-01 4.5324e+00 
84.0 7.8133e+00 -4.1860e+00 0.0000e+00 0.0000e+00 -4.1860e+00 7.1460e+00 0.0000e+00 0.0000e+00 0.0000e+00 0.0000e+00 4.2645e+00 -3.0833e-01 0.0000e+00 0.0000e+00 3.0833e-01 4.2405e+00 
85.0 7.5776e+00 -4.1178e+00 0.0000e+00 0.0000e+00 -4.1178e+00 6.9166e+00 0.0000e+00 0.0000e+00 0.0000e+00 0.0000e+00 3.9774e+00 -2.7232e-01 0.0000e+00 0.0000e+00 2.7232e-01 3.9603e+00 
86.0 7.3527e+00 -4.0494e+00 0.0000e+00 0.0000e+00 -4.0494e+00 6.6979e+00 0.0000e+00 0.0000e+00 0.0000e+00 0.0000e+00 3.7017e+00 -2.3725e-01 0.0000e+00 0.0000e+00 2.3725e-01 3.6913e+00 
87.0 7.1381e+00 -3.9807e+00 0.0000e+00 0.0000e+00 -3.9807e+00 6.4895e+00 0.0000e+00 0.0000e+00 0.0000e+00 0.0000e+00 3.4370e+00 -2.0313e-01 0.0000e+00 0.0000e+00 2.0313e-01 3.4330e+00 
88.0 6.9333e+00 -3.9118e+00 0.0000e+00 0.0000e+00 -3.9118e+00 6.2910e+00 0.0000e+00 0.0000e+00 0.0000e+00 0.0000e+00 3.1827e+00 -1.6997e-01 0.0000e+00 0.0000e+00 1.6997e-01 3.1848e+00 
89.0 6.7378e+00 -3.8429e+00 0.0000e+00 0.0000e+00 -3.8429e+00 6.1019e+00 0.0000e+00 0.0000e+00 0.0000e+00 0.0000e+00 2.9383e+00 -1.3777e-01 0.0000e+00 0.0000e+00 1.3777e-01 2.9464e+00 
90.0 6.5514e+00 -3.7739e+00 0.0000e+00 0.0000e+00 -3.7739e+00 5.9218e+00 0.0000e+00 0.0000e+00 0.0000e+00 0.0000e+00 2.7036e+00 -1.0654e-01 0.0000e+00 0.0000e+00 1.0654e-01 2.7174e+00 
91.0 6.3736e+00 -3.7048e+00 0.0000e+00 0.0000e+00 -3.7048e+00 5.7503e+00 0.0000e+00 0.0000e+00 0.0000e+00 0.0000e+00 2.4780e+00 -7.6279e-02 0.0000e+00 0.0000e+00 7.6279e-02 2.4972e+00 
92.0 6.2040e+00 -3.6357e+00 0.0000e+00 0.0000e+00 -3.6357e+00 5.5870e+00 0.0000e+00 0.0000e+00 0.0000e+00 0.0000e+00 2.2612e+00 -4.6992e-02 0.0000e+00 0.0000e+00 4.6992e-02 2.2856e+00 
93.0 6.0423e+00 -3.5667e+00 0.0000e+00 0.0000e+00 -3.5667e+00 5.4316e+00 0.0000e+00 0.0000e+00 0.0000e+00 0.0000e+00 2.0527e+00 -1.8678e-02 0.0000e+00 0.0000e+00 1.8678e-02 2.0822e+00 
94.0 5.8881e+00 -3.4978e+00 0.0000e+00 0.0000e+00 -3.4978e+00 5.2837e+00 0.0000e+00 0.0000e+00 0.0000e+00 0.0000e+00 1.8523e+00 8.6636e-03 0.0000e+00 0.0000e+00 -8.6636e-03 1.8865e+00 
95.0 5.7411e+00 -3.4290e+00 0.0000e+00 0.0000e+00 -3.4290e+00 5.1430e+00 0.0000e+00 0.0000e+00 0.0000e+00 0.0000e+00 1.6596e+00 3.5036e-02 0.0000e+00 0.0000e+00 -3.5036e-02 1.6983e+00 
96.0 5.6009e+00 -3.3603e+00 0.0000e+00 0.0000e+00 -3.3603e+00 5.0093e+00 0.0000e+00 0.0000e+00 0.0000e+00 0.0000e+00 1.4742e+00 6.0445e-02 0.0000e+00 0.0000e+00 -6.0445e-02 1.5172e+00 
97.0 5.4674e+00 -3.2917e+00 0.0000e+00 0.0000e+00 -3.2917e+00 4.8822e+00 0.0000e+00 0.0000e+00 0.0000e+00 0.0000e+00 1.2958e+00 8.4896e-02 0.0000e+00 0.0000e+00 -8.4896e-02 1.3429e+00 
98.0 5.3402e+00 -3.2234e+00 0.0000e+00 0.0000e+00 -3.2234e+00 4.7614e+00 0.0000e+00 0.0000e+00 0.0000e+00 0.0000e+00 1.1241e+00 1.0840e-01 0.0000e+00 0.0000e+00 -1.0840e-01 1.1751e+00 
99.0 5.2191e+00 -3.1552e+00 0.0000e+00 0.0000e+00 -3.1552e+00 4.6466e+00 0.0000e+00 0.0000e+00 0.0000e+00 0.0000e+00 9.5888e-01 1.3095e-01 0.0000e+00 0.0000e+00 -1.3095e-01 1.0135e+00 
100.0 5.1038e+00 -3.0873e+00 0.0000e+00 0.0000e+00 -3.0873e+00 4.5377e+00 0.0000e+00 0.0000e+00 0.0000e+00 0.0000e+00 7.9979e-01 1.5258e-01 0.0000e+00 0.0000e+00 -1.5258e-01 8.5782e-01 
101.0 4.9940e+00 -3.0196e+00 0.0000e+00 0.0000e+00 -3.0196e+00 4.4344e+00 0.0000e+00 0.0000e+00 0.0000e+00 0.0000e+00 6.4658e-01 1.7328e-01 0.0000e+00 0.0000e+00 -1.7328e-01 7.0782e-01 
102.0 4.8895e+00 -2.9522e+00 0.0000e+00 0.0000e+00 -2.9522e+00 4.3365e+00 0.0000e+00 0.0000e+00 0.0000e+00 0.0000e+00 4.9900e-01 1.9306e-01 0.0000e+00 0.0000e+00 -1.9306e-01 5.6325e-01 
103.0 4.7902e+00 -2.8851e+00 0.0000e+00 0.0000e+00 -2.8851e+00 4.2436e+00 0.0000e+00 0.0000e+00 0.0000e+00 0.0000e+00 3.5681e-01 2.1193e-01 0.0000e+00 0.0000e+00 -2.1193e-01 4.2386e-01 
104.0 4.6958e+00 -2.8183e+00 0.0000e+00 0.0000e+00 -2.8183e+00 4.1557e+00 0.0000e+00 0.0000e+00 0.0000e+00 0.0000e+00 2.1976e-01 2.2991e-01 0.0000e+00 0.0000e+00 -2.2991e-01 2.8942e-01 
105.0 4.6061e+00 -2.7518e+00 0.0000e+00 0.0000e+00 -2.7518e+00 4.0726e+00 0.0000e+00 0.0000e+00 0.0000e+00 0.0000e+00 8.7634e-02 2.4700e-01 0.0000e+00 0.0000e+00 -2.4700e-01 1.5971e-01 
106.0 4.5210e+00 -2.6856e+00 0.0000e+00 0.0000e+00 -2.6856e+00 3.9940e+00 0.0000e+00 0.0000e+00 0.0000e+00 0.0000e+00 -3.9779e-02 2.6321e-01 0.0000e+00 0.0000e+00 -2.6321e-01 3.4535e-02 
107.0 4.4401e+00 -2.6197e+00 0.0000e+00 0.0000e+00 -2.6197e+00 3.9197e+00 0.0000e+00 0.0000e+00 0.0000e+00 0.0000e+00 -1.6269e-01 2.7854e-01 0.0000e+00 0.0000e+00 -2.7854e-01 -8.6319e-02 
108.0 4.3635e+00 -2.5543e+00 0.0000e+00 0.0000e+00 -2.5543e+00 3.8497e+00 0.0000e+00 0.0000e+00 0.0000e+00 0.0000e+00 -2.8129e-01 2.9302e-01 0.0000e+00 0.0000e+00 -2.9302e-01 -2.0304e-01 
109.0 4.2909e+00 -2.4892e+00 0.0000e+00 0.0000e+00 -2.4892e+00 3.7836e+00 0.0000e+00 0.0000e+00 0.0000e+00 0.0000e+00 -3.9577e-01 3.0665e-01 0.0000e+00 0.0000e+00 -3.0665e-01 -3.1580e-01 
110.0 4.2221e+00 -2.4245e+00 0.0000e+00 0.0000e+00 -2.4245e+00 3.7215e+00 0.0000e+00 0.0000e+00 0.0000e+00 0.0000e+00 -5.0630e-01 3.1945e-01 0.0000e+00 0.0000e+00 -3.1945e-01 -4.2478e-01 
111.0 4.1571e+00 -2.3602e+00 0.0000e+00 0.0000e+00 -2.3602e+00 3.6631e+00 0.0000e+00 0.0000e+00 0.0000e+00 0.0000e+00 -6.1307e-01 3.3142e-01 0.0000e+00 0.0000e+00 -3.3142e-01 -5.3014e-01 
112.0 4.0956e+00 -2.2963e+00 0.0000e+00 0.0000e+00 -2.2963e+00 3.6083e+00 0.0000e+00 0.0000e+00 0.0000e+00 0.0000e+00 -7.1623e-01 3.4257e-01 0.0000e+00 0.0000e+00 -3.4257e-01 -6.3203e-01 
113.0 4.0376e+00 -2.2329e+00 0.0000e+00 0.0000e+00 -2.2329e+00 3.5569e+00 0.0000e+00 0.0000e+00 0.0000e+00 0.0000e+00 -8.1593e-01 3.5293e-01 0.0000e+00 0.0000e+00 -3.5293e-01 -7.3061e-01 
114.0 3.9829e+00 -2.1699e+00 0.0000e+00 0.0000e+00 -2.1699e+00 3.5089e+00 0.0000e+00 0.0000e+00 0.0000e+00 0.0000e+00 -9.1234e-01 3.6249e-01 0.0000e+00 0.0000e+00 -3.6249e-01 -8.2602e-01 
115.0 3.9314e+00 -2.1074e+00 0.0000e+00 0.0000e+00 -2.1074e+00 3.4641e+00 0.0000e+00 0.0000e+00 0.0000e+00 0.0000e+00 -1.0056e+00 3.7127e-01 0.0000e+00 0.0000e+00 -3.7127e-01 -9.1838e-01 
116.0 3.8829e+00 -2.0454e+00 0.0000e+00 0.0000e+00 -2.0454e+00 3.4224e+00 0.0000e+00 0.0000e+00 0.0000e+00 0.0000e+00 -1.0958e+00 3.7927e-01 0.0000e+00 0.0000e+00 -3.7927e-01 -1.0078e+00 
117.0 3.8375e+00 -1.9838e+00 0.0000e+00 0.0000e+00 -1.9838e+00 3.3837e+00 0.0000e+00 0.0000e+00 0.0000e+00 0.0000e+00 -1.1831e+00 3.8652e-01 0.0000e+00 0.0000e+00 -3.8652e-01 -1.0945e+00 
118.0 3.7949e+00 -1.9228e+00 0.0000e+00 0.0000e+00 -1.9228e+00 3.3478e+00 0.0000e+00 0.0000e+00 0.0000e+00 0.0000e+00 -1.2677e+00 3.9301e-01 0.0000e+00 0.0000e+00 -3.9301e-01 -1.1785e+00 
119.0 3.7551e+00 -1.8624e+00 0.0000e+00 0.0000e+00 -1.8624e+00 3.3148e+00 0.0000e+00 0.0000e+00 0.0000e+00 0.0000e+00 -1.3496e+00 3.9875e-01 0.0000e+00 0.0000e+00 -3.9875e-01 -1.2598e+00 
120.0 3.7179e+00 -1.8025e+00 0.0000e+00 0.0000e+00 -1.8025e+00 3.2843e+00 0.0000e+00 0.0000e+00 0.0000e+00 0.0000e+00 -1.4289e+00 4.0375e-01 0.0000e+00 0.0000e+00 -4.0375e-01 -1.3388e+00 
121.0 3.6833e+00 -1.7431e+00 0.0000e+00 0.0000e+00 -1.7431e+00 3.2565e+00 0.0000e+00 0.0000e+00 0.0000e+00 0.0000e+00 -1.5059e+00 4.0803e-01 0.0000e+00 0.0000e+00 -4.0803e-01 -1.4153e+00 
122.0 3.6512e+00 -1.6844e+00 0.0000e+00 0.0000e+00 -1.6844e+00 3.2311e+00 0.0000e+00 0.0000e+00 0.0000e+00 0.0000e+00 -1.5805e+00 4.1157e-01 0.0000e+00 0.0000e+00 -4.1157e-01 -1.4896e+00 
123.0 3.6216e+00 -1.6263e+00 0.0000e+00 0.0000e+00 -1.6263e+00 3.2080e+00 0.0000e+00 0.0000e+00 0.0000e+00 0.0000e+00 -1.6529e+00 4.1439e-01 0.0000e+00 0.0000e+00 -4.1439e-01 -1.5616e+00 
124.0 3.5942e+00 -1.5688e+00 0.0000e+00 0.0000e+00 -1.5688e+00 3.1873e+00 0.0000e+00 0.0000e+00 0.0000e+00 0.0000e+00 -1.7231e+00 4.1650e-01 0.0000e+00 0.0000e+00 -4.1650e-01 -1.6316e+00 
125.0 3.5691e+00 -1.5120e+00 0.0000e+00 0.0000e+00 -1.5120e+00 3.1687e+00 0.0000e+00 0.0000e+00 0.0000e+00 0.0000e+00 -1.7913e+00 4.1789e-01 0.0000e+00 0.0000e+00 -4.1789e-01 -1.6994e+00 
126.0 3.5461e+00 -1.4559e+00 0.0000e+00 0.0000e+00 -1.4559e+00 3.1523e+00 0.0000e+00 0.0000e+00 0.0000e+00 0.0000e+00 -1.8575e+00 4.1858e-01 0.0000e+00 0.0000e+00 -4.1858e-01 -1.7654e+00 
127.0 3.5252e+00 -1.4005e+00 0.0000e+00 0.0000e+00 -1.4005e+00 3.1379e+00 0.0000e+00 0.0000e+00 0.0000e+00 0.0000e+00 -1.9219e+00 4.1858e-01 0.0000e+00 0.0000e+00 -4.1858e-01 -1.8294e+00 
128.0 3.5063e+00 -1.3457e+00 0.0000e+00 0.0000e+00 -1.3457e+00 3.1254e+00 0.0000e+00 0.0000e+00 0.0000e+00 0.0000e+00 -1.9844e+00 4.1789e-01 0.0000e+00 0.0000e+00 -4.1789e-01 -1.8916e+00 
129.0 3.4894e+00 -1.2918e+00 0.0000e+00 0.0000e+00 -1.2918e+00 3.1148e+00 0.0000e+00 0.0000e+00 0.0000e+00 0.0000e+00 -2.0453e+00 4.1652e-01 0.0000e+00 0.0000e+00 -4.1652e-01 -1.9520e+00 
130.0 3.4744e+00 -1.2386e+00 0.0000e+00 0.0000e+00 -1.2386e+00 3.1059e+00 0.0000e+00 0.0000e+00 0.0000e+00 0.0000e+00 -2.1044e+00 4.1447e-01 0.0000e+00 0.0000e+00 -4.1447e-01 -2.0107e+00 
131.0 3.4612e+00 -1.1862e+00 0.0000e+00 0.0000e+00 -1.1862e+00 3.0988e+00 0.0000e+00 0.0000e+00 0.0000e+00 0.0000e+00 -2.1620e+00 4.1176e-01 0.0000e+00 0.0000e+00 -4.1176e-01 -2.0677e+00 
132.0 3.4497e+00 -1.1347e+00 0.0000e+00 0.0000e+00 -1.1347e+00 3.0933e+00 0.0000e+00 0.0000e+00 0.0000e+00 0.0000e+00 -2.2180e+00 4.0838e-01 0.0000e+00 0.0000e+00 -4.0838e-01 -2.1230e+00 
133.0 3.4399e+00 -1.0840e+00 0.0000e+00 0.0000e+00 -1.0840e+00 3.0894e+00 0.0000e+00 0.0000e+00 0.0000e+00 0.0000e+00 -2.2726e+00 4.0436e-01 0.0000e+00 0.0000e+00 -4.0436e-01 -2.1768e+00 
134.0 3.4318e+00 -1.0341e+00 0.0000e+00 0.0000e+00 -1.0341e+00 3.0869e+00 0.0000e+00 0.0000e+00 0.0000e+00 0.0000e+00 -2.3258e+00 3.9971e-01 0.0000e+00 0.0000e+00 -3.9971e-01 -2.2291e+00 
135.0 3.4252e+00 -9.8518e-01 0.0000e+00 0.0000e+00 -9.8518e-01 3.0859e+00 0.0000e+00 0.0000e+00 0.0000e+00 0.0000e+00 -2.3775e+00 3.9443e-01 0.0000e+00 0.0000e+00 -3.9443e-01 -2.2798e+00 
136.0 3.4202e+00 -9.3716e-01 0.0000e+00 0.0000e+00 -9.3716e-01 3.0862e+00 0.0000e+00 0.0000e+00 0.0000e+00 0.0000e+00 -2.4280e+00 3.8853e-01 0.0000e+00 0.0000e+00 -3.8853e-01 -2.3291e+00 
137.0 3.4167e+00 -8.9008e-01 0.0000e+00 0.0000e+00 -8.9008e-01 3.0879e+00 0.0000e+00 0.0000e+00 0.0000e+00 0.0000e+00 -2.4772e+00 3.8204e-01 0.0000e+00 0.0000e+00 -3.8204e-01 -2.3769e+00 
138.0 3.4145e+00 -8.4399e-01 0.0000e+00 0.0000e+00 -8.4399e-01 3.0907e+00 0.0000e+00 0.0000e+00 0.0000e+00 0.0000e+00 -2.5251e+00 3.7497e-01 0.0000e+00 0.0000e+00 -3.7497e-01 -2.4233e+00 
139.0 3.4138e+00 -7.9889e-01 0.0000e+00 0.0000e+00 -7.9889e-01 3.0947e+00 0.0000e+00 0.0000e+00 0.0000e+00 0.0000e+00 -2.5719e+00 3.6733e-01 0.0000e+00 0.0000e+00 -3.6733e-01 -2.4683e+00 
140.0 3.4144e+00 -7.5482e-01 0.0000e+00 0.0000e+00 -7.5482e-01 3.0999e+00 0.0000e+00 0.0000e+00 0.0000e+00 0.0000e+00 -2.6175e+00 3.5915e-01 0.0000e+00 0.0000e+00 -3.5915e-01 -2.5120e+00 
141.0 3.4163e+00 -7.1181e-01 0.0000e+00 0.0000e+00 -7.1181e-01 3.1060e+00 0.0000e+00 0.0000e+00 0.0000e+00 0.0000e+00 -2.6620e+00 3.5044e-01 0.0000e+00 0.0000e+00 -3.5044e-01 -2.5542e+00 
142.0 3.4195e+00 -6.6989e-01 0.0000e+00 0.0000e+00 -6.6989e-01 3.1132e+00 0.0000e+00 0.0000e+00 0.0000e+00 0.0000e+00 -2.7053e+00 3.4123e-01 0.0000e+00 0.0000e+00 -3.4123e-01 -2.5951e+00 
143.0 3.4238e+00 -6.2908e-01 0.0000e+00 0.0000e+00 -6.2908e-01 3.1213e+00 0.0000e+00 0.0000e+00 0.0000e+00 0.0000e+00 -2.7476e+00 3.3154e-01 0.0000e+00 0.0000e+00 -3.3154e-01 -2.6346e+00 
144.0 3.4294e+00 -5.8941e-01 0.0000e+00 0.0000e+00 -5.8941e-01 3.1302e+00 0.0000e+00 0.0000e+00 0.0000e+00 0.0000e+00 -2.7888e+00 3.2139e-01 0.0000e+00 0.0000e+00 -3.2139e-01 -2.6728e+00 
145.0 3.4361e+00 -5.5091e-01 0.0000e+00 0.0000e+00 -5.5091e-01 3.1400e+00 0.0000e+00 0.0000e+00 0.0000e+00 0.0000e+00 -2.8291e+00 3.1080e-01 0.0000e+00 0.0000e+00 -3.1080e-01 -2.7096e+00 
146.0 3.4439e+00 -5.1361e-01 0.0000e+00 0.0000e+00 -5.1361e-01 3.1505e+00 0.0000e+00 0.0000e+00 0.0000e+00 0.0000e+00 -2.8683e+00 2.9980e-01 0.0000e+00 0.0000e+00 -2.9980e-01 -2.7451e+00 
147.0 3.4527e+00 -4.7752e-01 0.0000e+00 0.0000e+00 -4.7752e-01 3.1617e+00 0.0000e+00 0.0000e+00 0.0000e+00 0.0000e+00 -2.9065e+00 2.8841e-01 0.0000e+00 0.0000e+00 -2.8841e-01 -2.7793e+00 
148.0 3.4626e+00 -4.4268e-01 0.0000e+00 0.0000e+00 -4.4268e-01 3.1736e+00 0.0000e+00 0.0000e+00 0.0000e+00 0.0000e+00 -2.9437e+00 2.7666e-01 0.0000e+00 0.0000e+00 -2.7666e-01 -2.8121e+00 
149.0 3.4734e+00 -4.0910e-01 0.0000e+00 0.0000e+00 -4.0910e-01 3.1860e+00 0.0000e+00 0.0000e+00 0.0000e+00 0.0000e+00 -2.9800e+00 2.6459e-01 0.0000e+00 0.0000e+00 -2.6459e-01 -2.8435e+00 
150.0 3.4852e+00 -3.7681e-01 0.0000e+00 0.0000e+00 -3.7681e-01 3.1990e+00 0.0000e+00 0.0000e+00 0.0000e+00 0.0000e+00 -3.0153e+00 2.5222e-01 0.0000e+00 0.0000e+00 -2.5222e-01 -2.8736e+00 
151.0 3.4980e+00 -3.4584e-01 0.0000e+00 0.0000e+00 -3.4584e-01 3.2125e+00 0.0000e+00 0.0000e+00 0.0000e+00 0.0000e+00 -3.0497e+00 2.3961e-01 0.0000e+00 0.0000e+00 -2.3961e-01 -2.9024e+00 
152.0 3.5116e+00 -3.1621e-01 0.0000e+00 0.0000e+00 -3.1621e-01 3.2264e+00 0.0000e+00 0.0000e+00 0.0000e+00 0.0000e+00 -3.0831e+00 2.2676e-01 0.0000e+00 0.0000e+00 -2.2676e-01 -2.9297e+00 
153.0 3.5261e+00 -2.8795e-01 0.0000e+00 0.0000e+00 -2.8795e-01 3.2406e+00 0.0000e+00 0.0000e+00 0.0000e+00 0.0000e+00 -3.1157e+00 2.1372e-01 0.0000e+00 0.0000e+00 -2.1372e-01 -2.9557e+00 
154.0 3.5413e+00 -2.6109e-01 0.0000e+00 0.0000e+00 -2.6109e-01 3.2552e+00 0.0000e+00 0.0000e+00 0.0000e+00 0.0000e+00 -3.1473e+00 2.0049e-01 0.0000e+00 0.0000e+00 -2.0049e-01 -2.9804e+00 
155.0 3.5572e+00 -2.3565e-01 0.0000e+00 0.0000e+00 -2.3565e-01 3.2699e+00 0.0000e+00 0.0000e+00 0.0000e+00 0.0000e+00 -3.1780e+00 1.8711e-01 0.0000e+00 0.0000e+00 -1.8711e-01 -3.0036e+00 
156.0 3.5738e+00 -2.1166e-01 0.0000e+00 0.0000e+00 -2.1166e-01 3.2848e+00 0.0000e+00 0.0000e+00 0.0000e+00 0.0000e+00 -3.2078e+00 1.7361e-01 0.0000e+00 0.0000e+00 -1.7361e-01 -3.0255e+00 
157.0 3.5911e+00 -1.8912e-01 0.0000e+00 0.0000e+00 -1.8912e-01 3.2999e+00 0.0000e+00 0.0000e+00 0.0000e+00 0.0000e+00 -3.2367e+00 1.6005e-01 0.0000e+00 0.0000e+00 -1.6005e-01 -3.0459e+00 
158.0 3.6089e+00 -1.6805e-01 0.0000e+00 0.0000e+00 -1.6805e-01 3.3149e+00 0.0000e+00 0.0000e+00 0.0000e+00 0.0000e+00 -3.2647e+00 1.4648e-01 0.0000e+00 0.0000e+00 -1.4648e-01 -3.0650e+00 
159.0 3.6272e+00 -1.4846e-01 0.0000e+00 0.0000e+00 -1.4846e-01 3.3300e+00 0.0000e+00 0.0000e+00 0.0000e+00 0.0000e+00 -3.2917e+00 1.3296e-01 0.0000e+00 0.0000e+00 -1.3296e-01 -3.0827e+00 
160.0 3.6460e+00 -1.3033e-01 0.0000e+00 0.0000e+00 -1.3033e-01 3.3451e+00 0.0000e+00 0.0000e+00 0.0000e+00 0.0000e+00 -3.3179e+00 1.1955e-01 0.0000e+00 0.0000e+00 -1.1955e-01 -3.0989e+00 
161.0 3.6653e+00 -1.1366e-01 0.0000e+00 0.0000e+00 -1.1366e-01 3.3600e+00 0.0000e+00 0.0000e+00 0.0000e+00 0.0000e+00 -3.3431e+00 1.0632e-01 0.0000e+00 0.0000e+00 -1.0632e-01 -3.1138e+00 
162.0 3.6850e+00 -9.8413e-02 0.0000e+00 0.0000e+00 -9.8413e-02 3.3748e+00 0.0000e+00 0.0000e+00 0.0000e+00 0.0000e+00 -3.3674e+00 9.3352e-02 0.0000e+00 0.0000e+00 -9.3352e-02 -3.1273e+00 
163.0 3.7050e+00 -8.4556e-02 0.0000e+00 0.0000e+00 -8.4556e-02 3.3895e+00 0.0000e+00 0.0000e+00 0.0000e+00 0.0000e+00 -3.3908e+00 8.0725e-02 0.0000e+00 0.0000e+00 -8.0725e-02 -3.1395e+00 
164.0 3.7254e+00 -7.2049e-02 0.0000e+00 0.0000e+00 -7.2049e-02 3.4040e+00 0.0000e+00 0.0000e+00 0.0000e+00 0.0000e+00 -3.4133e+00 6.8532e-02 0.0000e+00 0.0000e+00 -6.8532e-02 -3.1503e+00 
165.0 3.7461e+00 -6.0849e-02 0.0000e+00 0.0000e+00 -6.0849e-02 3.4184e+00 0.0000e+00 0.0000e+00 0.0000e+00 0.0000e+00 -3.4350e+00 5.6869e-02 0.0000e+00 0.0000e+00 -5.6869e-02 -3.1600e+00 
166.0 3.7671e+00 -5.0909e-02 0.0000e+00 0.0000e+00 -5.0909e-02 3.4325e+00 0.0000e+00 0.0000e+00 0.0000e+00 0.0000e+00 -3.4559e+00 4.5832e-02 0.0000e+00 0.0000e+00 -4.5832e-02 -3.1684e+00 
167.0 3.7883e+00 -4.2179e-02 0.0000e+00 0.0000e+00 -4.2179e-02 3.4465e+00 0.0000e+00 0.0000e+00 0.0000e+00 0.0000e+00 -3.4760e+00 3.5515e-02 0.0000e+00 0.0000e+00 -3.5515e-02 -3.1758e+00 
168.0 3.8096e+00 -3.4602e-02 0.0000e+00 0.0000e+00 -3.4602e-02 3.4601e+00 0.0000e+00 0.0000e+00 0.0000e+00 0.0000e+00 -3.4953e+00 2.6010e-02 0.0000e+00 0.0000e+00 -2.6010e-02 -3.1821e+00 
169.0 3.8311e+00 -2.8115e-02 0.0000e+00 0.0000e+00 -2.8115e-02 3.4735e+00 0.0000e+00 0.0000e+00 0.0000e+00 0.0000e+00 -3.5139e+00 1.7419e-02 0.0000e+00 0.0000e+00 -1.7419e-02 -3.1875e+00 
170.0 3.8525e+00 -2.2635e-02 0.0000e+00 0.0000e+00 -2.2635e-02 3.4866e+00 0.0000e+00 0.0000e+00 0.0000e+00 0.0000e+00 -3.5319e+00 9.8619e-03 0.0000e+00 0.0000e+00 -9.8619e-03 -3.1921e+00 
171.0 3.8740e+00 -1.8060e-02 0.0000e+00 0.0000e+00 -1.8060e-02 3.4993e+00 0.0000e+00 0.0000e+00 0.0000e+00 0.0000e+00 -3.5492e+00 3.5040e-03 0.0000e+00 0.0000e+00 -3.5040e-03 -3.1958e+00 
172.0 3.8955e+00 -1.4255e-02 0.0000e+00 0.0000e+00 -1.4255e-02 3.5118e+00 0.0000e+00 0.0000e+00 0.0000e+00 0.0000e+00 -3.5659e+00 -1.4457e-03 0.0000e+00 0.0000e+00 1.4457e-03 -3.1989e+00 
173.0 3.9170e+00 -1.1055e-02 0.0000e+00 0.0000e+00 -1.1055e-02 3.5240e+00 0.0000e+00 0.0000e+00 0.0000e+00 0.0000e+00 -3.5820e+00 -4.7763e-03 0.0000e+00 0.0000e+00 4.7763e-03 -3.2014e+00 
174.0 3.9382e+00 -8.2930e-03 0.0000e+00 0.0000e+00 -8.2930e-03 3.5359e+00 0.0000e+00 0.0000e+00 0.0000e+00 0.0000e+00 -3.5971e+00 -6.3507e-03 0.0000e+00 0.0000e+00 6.3507e-03 -3.2034e+00 
175.0 3.9586e+00 -5.8336e-03 0.0000e+00 0.0000e+00 -5.8336e-03 3.5473e+00 0.0000e+00 0.0000e+00 0.0000e+00 0.0000e+00 -3.6110e+00 -6.2286e-03 0.0000e+00 0.0000e+00 6.2286e-03 -3.2049e+00 
176.0 3.9771e+00 -3.6302e-03 0.0000e+00 0.0000e+00 -3.6302e-03 3.5578e+00 0.0000e+00 0.0000e+00 0.0000e+00 0.0000e+00 -3.6230e+00 -4.7681e-03 0.0000e+00 0.0000e+00 4.7681e-03 -3.2060e+00 
177.0 3.9924e+00 -1.7695e-03 0.0000e+00 0.0000e+00 -1.7695e-03 3.5665e+00 0.0000e+00 0.0000e+00 0.0000e+00 0.0000e+00 -3.6325e+00 -2.6578e-03 0.0000e+00 0.0000e+00 2.6578e-03 -3.2067e+00 
178.0 4.0027e+00 -4.7345e-04 0.0000e+00 0.0000e+00 -4.7345e-04 3.5724e+00 0.0000e+00 0.0000e+00 0.0000e+00 0.0000e+00 -3.6386e+00 -8.0536e-04 0.0000e+00 0.0000e+00 8.0536e-04 -3.2070e+00 
179.0 4.0064e+00 -3.4872e-21 0.0000e+00 0.0000e+00 -3.4872e-21 3.5746e+00 0.0000e+00 0.0000e+00 0.0000e+00 0.0000e+00 -3.6408e+00 -1.6200e-20 0.0000e+00 0.0000e+00 1.6200e-20 -3.2072e+00 
180.0 4.0101e+00 0.0000e+00 0.0000e+00 0.0000e+00 0.0000e+00 3.5766e+00 0.0000e+00 0.0000e+00 0.0000e+00 0.0000e+00 -3.6428e+00 0.0000e+00 0.0000e+00 0.0000e+00 -0.0000e+00 -3.2073e+00 
