1.0470 1.3606 0.3136 0.084409
theta s11 s12 s13 s14 s21 s22 s23 s24 s31 s32 s33 s34 s41 s42 s43 s44
0.0 2.1191e+03 0.0000e+00 0.0000e+00 0.0000e+00 0.0000e+00 2.1182e+03 0.0000e+00 0.0000e+00 0.0000e+00 0.0000e+00 2.1182e+03 0.0000e+00 0.0000e+00 0.0000e+00 -0.0000e+00 2.1173e+03 
1.0 1.8329e+03 -1.2519e-01 0.0000e+00 0.0000e+00 -1.2519e-01 1.8320e+03 0.0000e+00 0.0000e+00 0.0000e+00 0.0000e+00 1.8320e+03 -9.2947e-01 0.0000e+00 0.0000e+00 9.2947e-01 1.8311e+03 
2.0 1.3219e+03 -2.8538e-01 0.0000e+00 0.0000e+00 -2.8538e-01 1.3210e+03 0.0000e+00 0.0000e+00 0.0000e+00 0.0000e+00 1.3210e+03 -3.0246e+00 0.0000e+00 0.0000e+00 3.0246e+00 1.3201e+03 
3.0 9.1167e+02 -3.4126e-01 0.0000e+00 0.0000e+00 -3.4126e-01 9.1082e+02 0.0000e+00 0.0000e+00 0.0000e+00 0.0000e+00 9.1077e+02 -5.0041e+00 0.0000e+00 0.0000e+00 5.0041e+00 9.0994e+02 
4.0 6.4034e+02 -3.4826e-01 0.0000e+00 0.0000e+00 -3.4826e-01 6.3953e+02 0.0000e+00 0.0000e+00 0.0000e+00 0.0000e+00 6.3943e+02 -6.2071e+00 0.0000e+00 0.0000e+00 6.2071e+00 6.3863e+02 
5.0 4.6736e+02 -3.5354e-01 0.0000e+00 0.0000e+00 -3.5354e-01 4.6657e+02 0.0000e+00 0.0000e+00 0.0000e+00 0.0000e+00 4.6642e+02 -6.7241e+00 0.0000e+00 0.0000e+00 6.7241e+00 4.6566e+02 
6.0 3.5462e+02 -3.6954e-01 0.0000e+00 0.0000e+00 -3.6954e-01 3.5386e+02 0.0000e+00 0.0000e+00 0.0000e+00 0.0000e+00 3.5366e+02 -6.8358e+00 0.0000e+00 0.0000e+00 6.8358e+00 3.5294e+02 
7.0 2.7808e+02 -3.9829e-01 0.0000e+00 0.0000e+00 -3.9829e-01 2.7736e+02 0.0000e+00 0.0000e+00 0.0000e+00 0.0000e+00 2.7711e+02 -6.7186e+00 0.0000e+00 0.0000e+00 6.7186e+00 2.7642e+02 
8.0 2.2400e+02 -4.3897e-01 0.0000e+00 0.0000e+00 -4.3897e-01 2.2330e+02 0.0000e+00 0.0000e+00 0.0000e+00 0.0000e+00 2.2301e+02 -6.4678e+00 0.0000e+00 0.0000e+00 6.4678e+00 2.2236e+02 
9.0 1.8447e+02 -4.8907e-01 0.0000e+00 0.0000e+00 -4.8907e-01 1.8378e+02 0.0000e+00 0.0000e+00 0.0000e+00 0.0000e+00 1.8345e+02 -6.1386e+00 0.0000e+00 0.0000e+00 6.1386e+00 1.8284e+02 
10.0 1.5477e+02 -5.4518e-01 0.0000e+00 0.0000e+00 -5.4518e-01 1.5410e+02 0.0000e+00 0.0000e+00 0.0000e+00 0.0000e+00 1.5373e+02 -5.7633e+00 0.0000e+00 0.0000e+00 5.7633e+00 1.5315e+02 
11.0 1.3199e+02 -6.0412e-01 0.0000e+00 0.0000e+00 -6.0412e-01 1.3133e+02 0.0000e+00 0.0000e+00 0.0000e+00 0.0000e+00 1.3093e+02 -5.3663e+00 0.0000e+00 0.0000e+00 5.3663e+00 1.3038e+02 
12.0 1.1419e+02 -6.6369e-01 0.0000e+00 0.0000e+00 -6.6369e-01 1.1354e+02 0.0000e+00 0.0000e+00 0.0000e+00 0.0000e+00 1.1312e+02 -4.9679e+00 0.0000e+00 0.0000e+00 4.9679e+00 1.1259e+02 
13.0 1.0006e+02 -7.2385e-01 0.0000e+00 0.0000e+00 -7.2385e-01 9.9426e+01 0.0000e+00 0.0000e+00 0.0000e+00 0.0000e+00 9.8975e+01 -4.5798e+00 0.0000e+00 0.0000e+00 4.5798e+00 9.8470e+01 
14.0 8.8682e+01 -7.7887e-01 0.0000e+00 0.0000e+00 -7.7887e-01 8.8058e+01 0.0000e+00 0.0000e+00 0.0000e+00 0.0000e+00 8.7587e+01 -4.2197e+00 0.0000e+00 0.0000e+00 4.2197e+00 8.7105e+01 
15.0 7.9389e+01 -8.3339e-01 0.0000e+00 0.0000e+00 -8.3339e-01 7.8775e+01 0.0000e+00 0.0000e+00 0.0000e+00 0.0000e+00 7.8286e+01 -3.8791e+00 0.0000e+00 0.0000e+00 3.8791e+00 7.7825e+01 
16.0 7.1701e+01 -8.8605e-01 0.0000e+00 0.0000e+00 -8.8605e-01 7.1095e+01 0.0000e+00 0.0000e+00 0.0000e+00 0.0000e+00 7.0590e+01 -3.5615e+00 0.0000e+00 0.0000e+00 3.5615e+00 7.0148e+01 
17.0 6.5269e+01 -9.3717e-01 0.0000e+00 0.0000e+00 -9.3717e-01 6.4670e+01 0.0000e+00 0.0000e+00 0.0000e+00 0.0000e+00 6.4153e+01 -3.2687e+00 0.0000e+00 0.0000e+00 3.2687e+00 6.3729e+01 
18.0 5.9831e+01 -9.8699e-01 0.0000e+00 0.0000e+00 -9.8699e-01 5.9238e+01 0.0000e+00 0.0000e+00 0.0000e+00 0.0000e+00 5.8710e+01 -3.0014e+00 0.0000e+00 0.0000e+00 3.0014e+00 5.8304e+01 
19.0 5.5185e+01 -1.0357e+00 0.0000e+00 0.0000e+00 -1.0357e+00 5.4598e+01 0.0000e+00 0.0000e+00 0.0000e+00 0.0000e+00 5.4271e+01 -2.7586e+00 0.0000e+00 0.0000e+00 2.7586e+00 5.3886e+01 
20.0 5.1176e+01 -1.0835e+00 0.0000e+00 0.0000e+00 -1.0835e+00 5.0593e+01 0.0000e+00 0.0000e+00 0.0000e+00 0.0000e+00 5.0439e+01 -2.5396e+00 0.0000e+00 0.0000e+00 2.5396e+00 5.0073e+01 
21.0 4.7681e+01 -1.1302e+00 0.0000e+00 0.0000e+00 -1.1302e+00 4.7103e+01 0.0000e+00 0.0000e+00 0.0000e+00 0.0000e+00 4.7099e+01 -2.3433e+00 0.0000e+00 0.0000e+00 2.3433e+00 4.6749e+01 
22.0 4.4605e+01 -1.1759e+00 0.0000e+00 0.0000e+00 -1.1759e+00 4.4031e+01 0.0000e+00 0.0000e+00 0.0000e+00 0.0000e+00 4.4158e+01 -2.1681e+00 0.0000e+00 0.0000e+00 2.1681e+00 4.3822e+01 
23.0 4.1872e+01 -1.2207e+00 0.0000e+00 0.0000e+00 -1.2207e+00 4.1303e+01 0.0000e+00 0.0000e+00 0.0000e+00 0.0000e+00 4.1544e+01 -2.0110e+00 0.0000e+00 0.0000e+00 2.0110e+00 4.1221e+01 
24.0 3.9424e+01 -1.2651e+00 0.0000e+00 0.0000e+00 -1.2651e+00 3.8859e+01 0.0000e+00 0.0000e+00 0.0000e+00 0.0000e+00 3.9203e+01 -1.8690e+00 0.0000e+00 0.0000e+00 1.8690e+00 3.8891e+01 
25.0 3.7219e+01 -1.3093e+00 0.0000e+00 0.0000e+00 -1.3093e+00 3.6658e+01 0.0000e+00 0.0000e+00 0.0000e+00 0.0000e+00 3.7092e+01 -1.7396e+00 0.0000e+00 0.0000e+00 1.7396e+00 3.6790e+01 
26.0 3.5220e+01 -1.3535e+00 0.0000e+00 0.0000e+00 -1.3535e+00 3.4663e+01 0.0000e+00 0.0000e+00 0.0000e+00 0.0000e+00 3.5178e+01 -1.6211e+00 0.0000e+00 0.0000e+00 1.6211e+00 3.4886e+01 
27.0 3.3398e+01 -1.3975e+00 0.0000e+00 0.0000e+00 -1.3975e+00 3.2845e+01 0.0000e+00 0.0000e+00 0.0000e+00 0.0000e+00 3.3432e+01 -1.5127e+00 0.0000e+00 0.0000e+00 1.5127e+00 3.3148e+01 
28.0 3.1727e+01 -1.4414e+00 0.0000e+00 0.0000e+00 -1.4414e+00 3.1177e+01 0.0000e+00 0.0000e+00 0.0000e+00 0.0000e+00 3.1829e+01 -1.4135e+00 0.0000e+00 0.0000e+00 1.4135e+00 3.1554e+01 
29.0 3.0184e+01 -1.4848e+00 0.0000e+00 0.0000e+00 -1.4848e+00 2.9638e+01 0.0000e+00 0.0000e+00 0.0000e+00 0.0000e+00 3.0349e+01 -1.3228e+00 0.0000e+00 0.0000e+00 1.3228e+00 3.0081e+01 
30.0 2.8752e+01 -1.5278e+00 0.0000e+00 0.0000e+00 -1.5278e+00 2.8209e+01 0.0000e+00 0.0000e+00 0.0000e+00 0.0000e+00 2.8973e+01 -1.2394e+00 0.0000e+00 0.0000e+00 1.2394e+00 2.8713e+01 
31.0 2.7417e+01 -1.5701e+00 0.0000e+00 0.0000e+00 -1.5701e+00 2.6878e+01 0.0000e+00 0.0000e+00 0.0000e+00 0.0000e+00 2.7550e+01 -1.1627e+00 0.0000e+00 0.0000e+00 1.1627e+00 2.7301e+01 
32.0 2.6168e+01 -1.6116e+00 0.0000e+00 0.0000e+00 -1.6116e+00 2.5631e+01 0.0000e+00 0.0000e+00 0.0000e+00 0.0000e+00 2.6221e+01 -1.0922e+00 0.0000e+00 0.0000e+00 1.0922e+00 2.5981e+01 
33.0 2.4994e+01 -1.6520e+00 0.0000e+00 0.0000e+00 -1.6520e+00 2.4461e+01 0.0000e+00 0.0000e+00 0.0000e+00 0.0000e+00 2.4973e+01 -1.0275e+00 0.0000e+00 0.0000e+00 1.0275e+00 2.4744e+01 
34.0 2.3889e+01 -1.6911e+00 0.0000e+00 0.0000e+00 -1.6911e+00 2.3359e+01 0.0000e+00 0.0000e+00 0.0000e+00 0.0000e+00 2.3800e+01 -9.6783e-01 0.0000e+00 0.0000e+00 9.6783e-01 2.3581e+01 
35.0 2.2846e+01 -1.7287e+00 0.0000e+00 0.0000e+00 -1.7287e+00 2.2319e+01 0.0000e+00 0.0000e+00 0.0000e+00 0.0000e+00 2.2693e+01 -9.1269e-01 0.0000e+00 0.0000e+00 9.1269e-01 2.2483e+01 
36.0 2.1860e+01 -1.7650e+00 0.0000e+00 0.0000e+00 -1.7650e+00 2.1336e+01 0.0000e+00 0.0000e+00 0.0000e+00 0.0000e+00 2.1646e+01 -8.6137e-01 0.0000e+00 0.0000e+00 8.6137e-01 2.1446e+01 
37.0 2.0929e+01 -1.8002e+00 0.0000e+00 0.0000e+00 -1.8002e+00 2.0407e+01 0.0000e+00 0.0000e+00 0.0000e+00 0.0000e+00 2.0656e+01 -8.1327e-01 0.0000e+00 0.0000e+00 8.1327e-01 2.0464e+01 
38.0 2.0048e+01 -1.8344e+00 0.0000e+00 0.0000e+00 -1.8344e+00 1.9529e+01 0.0000e+00 0.0000e+00 0.0000e+00 0.0000e+00 1.9717e+01 -7.6801e-01 0.0000e+00 0.0000e+00 7.6801e-01 1.9535e+01 
39.0 1.9214e+01 -1.8676e+00 0.0000e+00 0.0000e+00 -1.8676e+00 1.8698e+01 0.0000e+00 0.0000e+00 0.0000e+00 0.0000e+00 1.8828e+01 -7.2539e-01 0.0000e+00 0.0000e+00 7.2539e-01 1.8654e+01 
40.0 1.8425e+01 -1.8999e+00 0.0000e+00 0.0000e+00 -1.8999e+00 1.7912e+01 0.0000e+00 0.0000e+00 0.0000e+00 0.0000e+00 1.7983e+01 -6.8528e-01 0.0000e+00 0.0000e+00 6.8528e-01 1.7818e+01 
41.0 1.7676e+01 -1.9311e+00 0.0000e+00 0.0000e+00 -1.9311e+00 1.7166e+01 0.0000e+00 0.0000e+00 0.0000e+00 0.0000e+00 1.7181e+01 -6.4755e-01 0.0000e+00 0.0000e+00 6.4755e-01 1.7024e+01 
42.0 1.6965e+01 -1.9610e+00 0.0000e+00 0.0000e+00 -1.9610e+00 1.6458e+01 0.0000e+00 0.0000e+00 0.0000e+00 0.0000e+00 1.6417e+01 -6.1202e-01 0.0000e+00 0.0000e+00 6.1202e-01 1.6268e+01 
43.0 1.6289e+01 -1.9895e+00 0.0000e+00 0.0000e+00 -1.9895e+00 1.5784e+01 0.0000e+00 0.0000e+00 0.0000e+00 0.0000e+00 1.5689e+01 -5.7846e-01 0.0000e+00 0.0000e+00 5.7846e-01 1.5548e+01 
44.0 1.5645e+01 -2.0165e+00 0.0000e+00 0.0000e+00 -2.0165e+00 1.5142e+01 0.0000e+00 0.0000e+00 0.0000e+00 0.0000e+00 1.4995e+01 -5.4657e-01 0.0000e+00 0.0000e+00 5.4657e-01 1.4861e+01 
45.0 1.5031e+01 -2.0420e+00 0.0000e+00 0.0000e+00 -2.0420e+00 1.4531e+01 0.0000e+00 0.0000e+00 0.0000e+00 0.0000e+00 1.4331e+01 -5.1609e-01 0.0000e+00 0.0000e+00 5.1609e-01 1.4205e+01 
46.0 1.4444e+01 -2.0660e+00 0.0000e+00 0.0000e+00 -2.0660e+00 1.3947e+01 0.0000e+00 0.0000e+00 0.0000e+00 0.0000e+00 1.3697e+01 -4.8678e-01 0.0000e+00 0.0000e+00 4.8678e-01 1.3579e+01 
47.0 1.3885e+01 -2.0885e+00 0.0000e+00 0.0000e+00 -2.0885e+00 1.3390e+01 0.0000e+00 0.0000e+00 0.0000e+00 0.0000e+00 1.3091e+01 -4.5844e-01 0.0000e+00 0.0000e+00 4.5844e-01 1.2980e+01 
48.0 1.3351e+01 -2.1095e+00 0.0000e+00 0.0000e+00 -2.1095e+00 1.2858e+01 0.0000e+00 0.0000e+00 0.0000e+00 0.0000e+00 1.2511e+01 -4.3093e-01 0.0000e+00 0.0000e+00 4.3093e-01 1.2407e+01 
49.0 1.2841e+01 -2.1291e+00 0.0000e+00 0.0000e+00 -2.1291e+00 1.2350e+01 0.0000e+00 0.0000e+00 0.0000e+00 0.0000e+00 1.1956e+01 -4.0418e-01 0.0000e+00 0.0000e+00 4.0418e-01 1.1859e+01 
50.0 1.2354e+01 -2.1472e+00 0.0000e+00 0.0000e+00 -2.1472e+00 1.1865e+01 0.0000e+00 0.0000e+00 0.0000e+00 0.0000e+00 1.1424e+01 -3.7810e-01 0.0000e+00 0.0000e+00 3.7810e-01 1.1334e+01 
51.0 1.1889e+01 -2.1640e+00 0.0000e+00 0.0000e+00 -2.1640e+00 1.1402e+01 0.0000e+00 0.0000e+00 0.0000e+00 0.0000e+00 1.0915e+01 -3.5259e-01 0.0000e+00 0.0000e+00 3.5259e-01 1.0832e+01 
52.0 1.1445e+01 -2.1794e+00 0.0000e+00 0.0000e+00 -2.1794e+00 1.0960e+01 0.0000e+00 0.0000e+00 0.0000e+00 0.0000e+00 1.0428e+01 -3.2758e-01 0.0000e+00 0.0000e+00 3.2758e-01 1.0351e+01 
53.0 1.1021e+01 -2.1936e+00 0.0000e+00 0.0000e+00 -2.1936e+00 1.0539e+01 0.0000e+00 0.0000e+00 0.0000e+00 0.0000e+00 9.9611e+00 -3.0304e-01 0.0000e+00 0.0000e+00 3.0304e-01 9.8910e+00 
54.0 1.0616e+01 -2.2065e+00 0.0000e+00 0.0000e+00 -2.2065e+00 1.0136e+01 0.0000e+00 0.0000e+00 0.0000e+00 0.0000e+00 9.5138e+00 -2.7900e-01 0.0000e+00 0.0000e+00 2.7900e-01 9.4503e+00 
55.0 1.0230e+01 -2.2182e+00 0.0000e+00 0.0000e+00 -2.2182e+00 9.7516e+00 0.0000e+00 0.0000e+00 0.0000e+00 0.0000e+00 9.0852e+00 -2.5548e-01 0.0000e+00 0.0000e+00 2.5548e-01 9.0281e+00 
56.0 9.8613e+00 -2.2285e+00 0.0000e+00 0.0000e+00 -2.2285e+00 9.3848e+00 0.0000e+00 0.0000e+00 0.0000e+00 0.0000e+00 8.6743e+00 -2.3248e-01 0.0000e+00 0.0000e+00 2.3248e-01 8.6235e+00 
57.0 9.5092e+00 -2.2376e+00 0.0000e+00 0.0000e+00 -2.2376e+00 9.0345e+00 0.0000e+00 0.0000e+00 0.0000e+00 0.0000e+00 8.2802e+00 -2.0999e-01 0.0000e+00 0.0000e+00 2.0999e-01 8.2358e+00 
58.0 9.1730e+00 -2.2454e+00 0.0000e+00 0.0000e+00 -2.2454e+00 8.6999e+00 0.0000e+00 0.0000e+00 0.0000e+00 0.0000e+00 7.9022e+00 -1.8803e-01 0.0000e+00 0.0000e+00 1.8803e-01 7.8640e+00 
59.0 8.8518e+00 -2.2518e+00 0.0000e+00 0.0000e+00 -2.2518e+00 8.3803e+00 0.0000e+00 0.0000e+00 0.0000e+00 0.0000e+00 7.5394e+00 -1.6658e-01 0.0000e+00 0.0000e+00 1.6658e-01 7.5074e+00 
60.0 8.5448e+00 -2.2570e+00 0.0000e+00 0.0000e+00 -2.2570e+00 8.0750e+00 0.0000e+00 0.0000e+00 0.0000e+00 0.0000e+00 7.1911e+00 -1.4562e-01 0.0000e+00 0.0000e+00 1.4562e-01 7.1652e+00 
61.0 8.2514e+00 -2.2608e+00 0.0000e+00 0.0000e+00 -2.2608e+00 7.7831e+00 0.0000e+00 0.0000e+00 0.0000e+00 0.0000e+00 6.8567e+00 -1.2513e-01 0.0000e+00 0.0000e+00 1.2513e-01 6.8368e+00 
62.0 7.9711e+00 -2.2634e+00 0.0000e+00 0.0000e+00 -2.2634e+00 7.5042e+00 0.0000e+00 0.0000e+00 0.0000e+00 0.0000e+00 6.5354e+00 -1.0512e-01 0.0000e+00 0.0000e+00 1.0512e-01 6.5216e+00 
63.0 7.7031e+00 -2.2647e+00 0.0000e+00 0.0000e+00 -2.2647e+00 7.2377e+00 0.0000e+00 0.0000e+00 0.0000e+00 0.0000e+00 6.2269e+00 -8.5597e-02 0.0000e+00 0.0000e+00 8.5597e-02 6.2190e+00 
64.0 7.4469e+00 -2.2648e+00 0.0000e+00 0.0000e+00 -2.2648e+00 6.9829e+00 0.0000e+00 0.0000e+00 0.0000e+00 0.0000e+00 5.9304e+00 -6.6584e-02 0.0000e+00 0.0000e+00 6.6584e-02 5.9284e+00 
65.0 7.2020e+00 -2.2636e+00 0.0000e+00 0.0000e+00 -2.2636e+00 6.7393e+00 0.0000e+00 0.0000e+00 0.0000e+00 0.0000e+00 5.6454e+00 -4.8118e-02 0.0000e+00 0.0000e+00 4.8118e-02 5.6494e+00 
66.0 6.9678e+00 -2.2611e+00 0.0000e+00 0.0000e+00 -2.2611e+00 6.5065e+00 0.0000e+00 0.0000e+00 0.0000e+00 0.0000e+00 5.3715e+00 -3.0219e-02 0.0000e+00 0.0000e+00 3.0219e-02 5.3812e+00 
67.0 6.7439e+00 -2.2575e+00 0.0000e+00 0.0000e+00 -2.2575e+00 6.2838e+00 0.0000e+00 0.0000e+00 0.0000e+00 0.0000e+00 5.1080e+00 -1.2891e-02 0.0000e+00 0.0000e+00 1.2891e-02 5.1236e+00 
68.0 6.5298e+00 -2.2526e+00 0.0000e+00 0.0000e+00 -2.2526e+00 6.0709e+00 0.0000e+00 0.0000e+00 0.0000e+00 0.0000e+00 4.8546e+00 3.8712e-03 0.0000e+00 0.0000e+00 -3.8712e-03 4.8759e+00 
69.0 6.3250e+00 -2.2464e+00 0.0000e+00 0.0000e+00 -2.2464e+00 5.8673e+00 0.0000e+00 0.0000e+00 0.0000e+00 0.0000e+00 4.6107e+00 2.0078e-02 0.0000e+00 0.0000e+00 -2.0078e-02 4.6377e+00 
70.0 6.1291e+00 -2.2391e+00 0.0000e+00 0.0000e+00 -2.2391e+00 5.6726e+00 0.0000e+00 0.0000e+00 0.0000e+00 0.0000e+00 4.3760e+00 3.5738e-02 0.0000e+00 0.0000e+00 -3.5738e-02 4.4086e+00 
71.0 5.9418e+00 -2.2307e+00 0.0000e+00 0.0000e+00 -2.2307e+00 5.4864e+00 0.0000e+00 0.0000e+00 0.0000e+00 0.0000e+00 4.1500e+00 5.0849e-02 0.0000e+00 0.0000e+00 -5.0849e-02 4.1882e+00 
72.0 5.7627e+00 -2.2211e+00 0.0000e+00 0.0000e+00 -2.2211e+00 5.3084e+00 0.0000e+00 0.0000e+00 0.0000e+00 0.0000e+00 3.9323e+00 6.5407e-02 0.0000e+00 0.0000e+00 -6.5407e-02 3.9761e+00 
73.0 5.5913e+00 -2.2104e+00 0.0000e+00 0.0000e+00 -2.2104e+00 5.1382e+00 0.0000e+00 0.0000e+00 0.0000e+00 0.0000e+00 3.7227e+00 7.9414e-02 0.0000e+00 0.0000e+00 -7.9414e-02 3.7720e+00 
74.0 5.4275e+00 -2.1986e+00 0.0000e+00 0.0000e+00 -2.1986e+00 4.9755e+00 0.0000e+00 0.0000e+00 0.0000e+00 0.0000e+00 3.5208e+00 9.2874e-02 0.0000e+00 0.0000e+00 -9.2874e-02 3.5755e+00 
75.0 5.2708e+00 -2.1858e+00 0.0000e+00 0.0000e+00 -2.1858e+00 4.8199e+00 0.0000e+00 0.0000e+00 0.0000e+00 0.0000e+00 3.3262e+00 1.0579e-01 0.0000e+00 0.0000e+00 -1.0579e-01 3.3863e+00 
76.0 5.1210e+00 -2.1720e+00 0.0000e+00 0.0000e+00 -2.1720e+00 4.6712e+00 0.0000e+00 0.0000e+00 0.0000e+00 0.0000e+00 3.1386e+00 1.1818e-01 0.0000e+00 0.0000e+00 -1.1818e-01 3.2041e+00 
77.0 4.9777e+00 -2.1571e+00 0.0000e+00 0.0000e+00 -2.1571e+00 4.5291e+00 0.0000e+00 0.0000e+00 0.0000e+00 0.0000e+00 2.9578e+00 1.3006e-01 0.0000e+00 0.0000e+00 -1.3006e-01 3.0286e+00 
78.0 4.8408e+00 -2.1413e+00 0.0000e+00 0.0000e+00 -2.1413e+00 4.3933e+00 0.0000e+00 0.0000e+00 0.0000e+00 0.0000e+00 2.7834e+00 1.4146e-01 0.0000e+00 0.0000e+00 -1.4146e-01 2.8594e+00 
79.0 4.7099e+00 -2.1246e+00 0.0000e+00 0.0000e+00 -2.1246e+00 4.2635e+00 0.0000e+00 0.0000e+00 0.0000e+00 0.0000e+00 2.6152e+00 1.5240e-01 0.0000e+00 0.0000e+00 -1.5240e-01 2.6964e+00 
80.0 4.5847e+00 -2.1069e+00 0.0000e+00 0.0000e+00 -2.1069e+00 4.1395e+00 0.0000e+00 0.0000e+00 0.0000e+00 0.0000e+00 2.4530e+00 1.6288e-01 0.0000e+00 0.0000e+00 -1.6288e-01 2.5393e+00 
81.0 4.4652e+00 -2.0885e+00 0.0000e+00 0.0000e+00 -2.0885e+00 4.0211e+00 0.0000e+00 0.0000e+00 0.0000e+00 0.0000e+00 2.2965e+00 1.7291e-01 0.0000e+00 0.0000e+00 -1.7291e-01 2.3879e+00 
82.0 4.3509e+00 -2.0692e+00 0.0000e+00 0.0000e+00 -2.0692e+00 3.9080e+00 0.0000e+00 0.0000e+00 0.0000e+00 0.0000e+00 2.1455e+00 1.8249e-01 0.0000e+00 0.0000e+00 -1.8249e-01 2.2419e+00 
83.0 4.2417e+00 -2.0491e+00 0.0000e+00 0.0000e+00 -2.0491e+00 3.8000e+00 0.0000e+00 0.0000e+00 0.0000e+00 0.0000e+00 1.9997e+00 1.9164e-01 0.0000e+00 0.0000e+00 -1.9164e-01 2.1011e+00 
84.0 4.1375e+00 -2.0283e+00 0.0000e+00 0.0000e+00 -2.0283e+00 3.6970e+00 0.0000e+00 0.0000e+00 0.0000e+00 0.0000e+00 1.8590e+00 2.0036e-01 0.0000e+00 0.0000e+00 -2.0036e-01 1.9653e+00 
85.0 4.0379e+00 -2.0068e+00 0.0000e+00 0.0000e+00 -2.0068e+00 3.5986e+00 0.0000e+00 0.0000e+00 0.0000e+00 0.0000e+00 1.7232e+00 2.0867e-01 0.0000e+00 0.0000e+00 -2.0867e-01 1.8343e+00 
86.0 3.9428e+00 -1.9846e+00 0.0000e+00 0.0000e+00 -1.9846e+00 3.5047e+00 0.0000e+00 0.0000e+00 0.0000e+00 0.0000e+00 1.5921e+00 2.1658e-01 0.0000e+00 0.0000e+00 -2.1658e-01 1.7078e+00 
87.0 3.8521e+00 -1.9617e+00 0.0000e+00 0.0000e+00 -1.9617e+00 3.4152e+00 0.0000e+00 0.0000e+00 0.0000e+00 0.0000e+00 1.4654e+00 2.2410e-01 0.0000e+00 0.0000e+00 -2.2410e-01 1.5859e+00 
88.0 3.7654e+00 -1.9383e+00 0.0000e+00 0.0000e+00 -1.9383e+00 3.3298e+00 0.0000e+00 0.0000e+00 0.0000e+00 0.0000e+00 1.3431e+00 2.3123e-01 0.0000e+00 0.0000e+00 -2.3123e-01 1.4681e+00 
89.0 3.6828e+00 -1.9143e+00 0.0000e+00 0.0000e+00 -1.9143e+00 3.2484e+00 0.0000e+00 0.0000e+00 0.0000e+00 0.0000e+00 1.2249e+00 2.3798e-01 0.0000e+00 0.0000e+00 -2.3798e-01 1.3545e+00 
90.0 3.6039e+00 -1.8897e+00 0.0000e+00 0.0000e+00 -1.8897e+00 3.1709e+00 0.0000e+00 0.0000e+00 0.0000e+00 0.0000e+00 1.1108e+00 2.4433e-01 0.0000e+00 0.0000e+00 -2.4433e-01 1.2448e+00 
91.0 3.5287e+00 -1.8647e+00 0.0000e+00 0.0000e+00 -1.8647e+00 3.0970e+00 0.0000e+00 0.0000e+00 0.0000e+00 0.0000e+00 1.0006e+00 2.5028e-01 0.0000e+00 0.0000e+00 -2.5028e-01 1.1389e+00 
92.0 3.4570e+00 -1.8391e+00 0.0000e+00 0.0000e+00 -1.8391e+00 3.0266e+00 0.0000e+00 0.0000e+00 0.0000e+00 0.0000e+00 8.9403e-01 2.5583e-01 0.0000e+00 0.0000e+00 -2.5583e-01 1.0365e+00 
93.0 3.3887e+00 -1.8131e+00 0.0000e+00 0.0000e+00 -1.8131e+00 2.9596e+00 0.0000e+00 0.0000e+00 0.0000e+00 0.0000e+00 7.9108e-01 2.6097e-01 0.0000e+00 0.0000e+00 -2.6097e-01 9.3769e-01 
94.0 3.3235e+00 -1.7867e+00 0.0000e+00 0.0000e+00 -1.7867e+00 2.8959e+00 0.0000e+00 0.0000e+00 0.0000e+00 0.0000e+00 6.9158e-01 2.6571e-01 0.0000e+00 0.0000e+00 -2.6571e-01 8.4218e-01 
95.0 3.2615e+00 -1.7598e+00 0.0000e+00 0.0000e+00 -1.7598e+00 2.8353e+00 0.0000e+00 0.0000e+00 0.0000e+00 0.0000e+00 5.9539e-01 2.7005e-01 0.0000e+00 0.0000e+00 -2.7005e-01 7.4986e-01 
96.0 3.2024e+00 -1.7325e+00 0.0000e+00 0.0000e+00 -1.7325e+00 2.7777e+00 0.0000e+00 0.0000e+00 0.0000e+00 0.0000e+00 5.0239e-01 2.7401e-01 0.0000e+00 0.0000e+00 -2.7401e-01 6.6060e-01 
97.0 3.1461e+00 -1.7048e+00 0.0000e+00 0.0000e+00 -1.7048e+00 2.7230e+00 0.0000e+00 0.0000e+00 0.0000e+00 0.0000e+00 4.1247e-01 2.7759e-01 0.0000e+00 0.0000e+00 -2.7759e-01 5.7428e-01 
98.0 3.0926e+00 -1.6768e+00 0.0000e+00 0.0000e+00 -1.6768e+00 2.6710e+00 0.0000e+00 0.0000e+00 0.0000e+00 0.0000e+00 3.2550e-01 2.8081e-01 0.0000e+00 0.0000e+00 -2.8081e-01 4.9078e-01 
99.0 3.0417e+00 -1.6483e+00 0.0000e+00 0.0000e+00 -1.6483e+00 2.6218e+00 0.0000e+00 0.0000e+00 0.0000e+00 0.0000e+00 2.4140e-01 2.8368e-01 0.0000e+00 0.0000e+00 -2.8368e-01 4.0999e-01 
100.0 2.9933e+00 -1.6195e+00 0.0000e+00 0.0000e+00 -1.6195e+00 2.5751e+00 0.0000e+00 0.0000e+00 0.0000e+00 0.0000e+00 1.6004e-01 2.8622e-01 0.0000e+00 0.0000e+00 -2.8622e-01 3.3180e-01 
101.0 2.9474e+00 -1.5904e+00 0.0000e+00 0.0000e+00 -1.5904e+00 2.5310e+00 0.0000e+00 0.0000e+00 0.0000e+00 0.0000e+00 8.1337e-02 2.8842e-01 0.0000e+00 0.0000e+00 -2.8842e-01 2.5611e-01 
102.0 2.9038e+00 -1.5610e+00 0.0000e+00 0.0000e+00 -1.5610e+00 2.4892e+00 0.0000e+00 0.0000e+00 0.0000e+00 0.0000e+00 5.1911e-03 2.9030e-01 0.0000e+00 0.0000e+00 -2.9030e-01 1.8282e-01 
103.0 2.8624e+00 -1.5313e+00 0.0000e+00 0.0000e+00 -1.5313e+00 2.4498e+00 0.0000e+00 0.0000e+00 0.0000e+00 0.0000e+00 -6.8492e-02 2.9187e-01 0.0000e+00 0.0000e+00 -2.9187e-01 1.1184e-01 
104.0 2.8232e+00 -1.5013e+00 0.0000e+00 0.0000e+00 -1.5013e+00 2.4126e+00 0.0000e+00 0.0000e+00 0.0000e+00 0.0000e+00 -1.3980e-01 2.9314e-01 0.0000e+00 0.0000e+00 -2.9314e-01 4.3073e-02 
105.0 2.7861e+00 -1.4710e+00 0.0000e+00 0.0000e+00 -1.4710e+00 2.3776e+00 0.0000e+00 0.0000e+00 0.0000e+00 0.0000e+00 -2.0883e-01 2.9412e-01 0.0000e+00 0.0000e+00 -2.9412e-01 -2.3567e-02 
106.0 2.7510e+00 -1.4405e+00 0.0000e+00 0.0000e+00 -1.4405e+00 2.3446e+00 0.0000e+00 0.0000e+00 0.0000e+00 0.0000e+00 -2.7566e-01 2.9483e-01 0.0000e+00 0.0000e+00 -2.9483e-01 -8.8162e-02 
107.0 2.7179e+00 -1.4098e+00 0.0000e+00 0.0000e+00 -1.4098e+00 2.3137e+00 0.0000e+00 0.0000e+00 0.0000e+00 0.0000e+00 -3.4036e-01 2.9528e-01 0.0000e+00 0.0000e+00 -2.9528e-01 -1.5080e-01 
108.0 2.6865e+00 -1.3789e+00 0.0000e+00 0.0000e+00 -1.3789e+00 2.2846e+00 0.0000e+00 0.0000e+00 0.0000e+00 0.0000e+00 -4.0302e-01 2.9548e-01 0.0000e+00 0.0000e+00 -2.9548e-01 -2.1155e-01 
109.0 2.6570e+00 -1.3477e+00 0.0000e+00 0.0000e+00 -1.3477e+00 2.2575e+00 0.0000e+00 0.0000e+00 0.0000e+00 0.0000e+00 -4.6371e-01 2.9545e-01 0.0000e+00 0.0000e+00 -2.9545e-01 -2.7049e-01 
110.0 2.6292e+00 -1.3164e+00 0.0000e+00 0.0000e+00 -1.3164e+00 2.2321e+00 0.0000e+00 0.0000e+00 0.0000e+00 0.0000e+00 -5.2251e-01 2.9520e-01 0.0000e+00 0.0000e+00 -2.9520e-01 -3.2769e-01 
111.0 2.6031e+00 -1.2849e+00 0.0000e+00 0.0000e+00 -1.2849e+00 2.2084e+00 0.0000e+00 0.0000e+00 0.0000e+00 0.0000e+00 -5.7948e-01 2.9476e-01 0.0000e+00 0.0000e+00 -2.9476e-01 -3.8320e-01 
112.0 2.5785e+00 -1.2533e+00 0.0000e+00 0.0000e+00 -1.2533e+00 2.1865e+00 0.0000e+00 0.0000e+00 0.0000e+00 0.0000e+00 -6.3468e-01 2.9413e-01 0.0000e+00 0.0000e+00 -2.9413e-01 -4.3710e-01 
113.0 2.5555e+00 -1.2216e+00 0.0000e+00 0.0000e+00 -1.2216e+00 2.1661e+00 0.0000e+00 0.0000e+00 0.0000e+00 0.0000e+00 -6.8817e-01 2.9332e-01 0.0000e+00 0.0000e+00 -2.9332e-01 -4.8943e-01 
114.0 2.5340e+00 -1.1899e+00 0.0000e+00 0.0000e+00 -1.1899e+00 2.1473e+00 0.0000e+00 0.0000e+00 0.0000e+00 0.0000e+00 -7.4002e-01 2.9235e-01 0.0000e+00 0.0000e+00 -2.9235e-01 -5.4025e-01 
115.0 2.5140e+00 -1.1580e+00 0.0000e+00 0.0000e+00 -1.1580e+00 2.1300e+00 0.0000e+00 0.0000e+00 0.0000e+00 0.0000e+00 -7.9029e-01 2.9123e-01 0.0000e+00 0.0000e+00 -2.9123e-01 -5.8961e-01 
116.0 2.4953e+00 -1.1262e+00 0.0000e+00 0.0000e+00 -1.1262e+00 2.1142e+00 0.0000e+00 0.0000e+00 0.0000e+00 0.0000e+00 -8.3901e-01 2.8997e-01 0.0000e+00 0.0000e+00 -2.8997e-01 -6.3755e-01 
117.0 2.4780e+00 -1.0943e+00 0.0000e+00 0.0000e+00 -1.0943e+00 2.0997e+00 0.0000e+00 0.0000e+00 0.0000e+00 0.0000e+00 -8.8626e-01 2.8857e-01 0.0000e+00 0.0000e+00 -2.8857e-01 -6.8413e-01 
118.0 2.4620e+00 -1.0625e+00 0.0000e+00 0.0000e+00 -1.0625e+00 2.0866e+00 0.0000e+00 0.0000e+00 0.0000e+00 0.0000e+00 -9.3208e-01 2.8704e-01 0.0000e+00 0.0000e+00 -2.8704e-01 -7.2939e-01 
119.0 2.4472e+00 -1.0307e+00 0.0000e+00 0.0000e+00 -1.0307e+00 2.0747e+00 0.0000e+00 0.0000e+00 0.0000e+00 0.0000e+00 -9.7652e-01 2.8539e-01 0.0000e+00 0.0000e+00 -2.8539e-01 -7.7336e-01 
120.0 2.4337e+00 -9.9895e-01 0.0000e+00 0.0000e+00 -9.9895e-01 2.0641e+00 0.0000e+00 0.0000e+00 0.0000e+00 0.0000e+00 -1.0196e+00 2.8361e-01 0.0000e+00 0.0000e+00 -2.8361e-01 -8.1608e-01 
121.0 2.4213e+00 -9.6733e-01 0.0000e+00 0.0000e+00 -9.6733e-01 2.0546e+00 0.0000e+00 0.0000e+00 0.0000e+00 0.0000e+00 -1.0614e+00 2.8172e-01 0.0000e+00 0.0000e+00 -2.8172e-01 -8.5759e-01 
122.0 2.4100e+00 -9.3584e-01 0.0000e+00 0.0000e+00 -9.3584e-01 2.0463e+00 0.0000e+00 0.0000e+00 0.0000e+00 0.0000e+00 -1.1020e+00 2.7970e-01 0.0000e+00 0.0000e+00 -2.7970e-01 -8.9792e-01 
123.0 2.3998e+00 -9.0449e-01 0.0000e+00 0.0000e+00 -9.0449e-01 2.0391e+00 0.0000e+00 0.0000e+00 0.0000e+00 0.0000e+00 -1.1414e+00 2.7755e-01 0.0000e+00 0.0000e+00 -2.7755e-01 -9.3711e-01 
124.0 2.3906e+00 -8.7331e-01 0.0000e+00 0.0000e+00 -8.7331e-01 2.0329e+00 0.0000e+00 0.0000e+00 0.0000e+00 0.0000e+00 -1.1795e+00 2.7529e-01 0.0000e+00 0.0000e+00 -2.7529e-01 -9.7518e-01 
125.0 2.3825e+00 -8.4232e-01 0.0000e+00 0.0000e+00 -8.4232e-01 2.0276e+00 0.0000e+00 0.0000e+00 0.0000e+00 0.0000e+00 -1.2166e+00 2.7289e-01 0.0000e+00 0.0000e+00 -2.7289e-01 -1.0122e+00 
126.0 2.3753e+00 -8.1155e-01 0.0000e+00 0.0000e+00 -8.1155e-01 2.0234e+00 0.0000e+00 0.0000e+00 0.0000e+00 0.0000e+00 -1.2526e+00 2.7037e-01 0.0000e+00 0.0000e+00 -2.7037e-01 -1.0481e+00 
127.0 2.3690e+00 -7.8101e-01 0.0000e+00 0.0000e+00 -7.8101e-01 2.0200e+00 0.0000e+00 0.0000e+00 0.0000e+00 0.0000e+00 -1.2875e+00 2.6771e-01 0.0000e+00 0.0000e+00 -2.6771e-01 -1.0830e+00 
128.0 2.3635e+00 -7.5073e-01 0.0000e+00 0.0000e+00 -7.5073e-01 2.0174e+00 0.0000e+00 0.0000e+00 0.0000e+00 0.0000e+00 -1.3213e+00 2.6493e-01 0.0000e+00 0.0000e+00 -2.6493e-01 -1.1170e+00 
129.0 2.3589e+00 -7.2073e-01 0.0000e+00 0.0000e+00 -7.2073e-01 2.0157e+00 0.0000e+00 0.0000e+00 0.0000e+00 0.0000e+00 -1.3542e+00 2.6200e-01 0.0000e+00 0.0000e+00 -2.6200e-01 -1.1500e+00 
130.0 2.3551e+00 -6.9103e-01 0.0000e+00 0.0000e+00 -6.9103e-01 2.0148e+00 0.0000e+00 0.0000e+00 0.0000e+00 0.0000e+00 -1.3861e+00 2.5892e-01 0.0000e+00 0.0000e+00 -2.5892e-01 -1.1820e+00 
131.0 2.3520e+00 -6.6166e-01 0.0000e+00 0.0000e+00 -6.6166e-01 2.0146e+00 0.0000e+00 0.0000e+00 0.0000e+00 0.0000e+00 -1.4171e+00 2.5568e-01 0.0000e+00 0.0000e+00 -2.5568e-01 -1.2132e+00 
132.0 2.3497e+00 -6.3260e-01 0.0000e+00 0.0000e+00 -6.3260e-01 2.0151e+00 0.0000e+00 0.0000e+00 0.0000e+00 0.0000e+00 -1.4471e+00 2.5227e-01 0.0000e+00 0.0000e+00 -2.5227e-01 -1.2434e+00 
133.0 2.3480e+00 -6.0388e-01 0.0000e+00 0.0000e+00 -6.0388e-01 2.0163e+00 0.0000e+00 0.0000e+00 0.0000e+00 0.0000e+00 -1.4762e+00 2.4869e-01 0.0000e+00 0.0000e+00 -2.4869e-01 -1.2729e+00 
134.0 2.3470e+00 -5.7550e-01 0.0000e+00 0.0000e+00 -5.7550e-01 2.0182e+00 0.0000e+00 0.0000e+00 0.0000e+00 0.0000e+00 -1.5045e+00 2.4492e-01 0.0000e+00 0.0000e+00 -2.4492e-01 -1.3015e+00 
135.0 2.3466e+00 -5.4747e-01 0.0000e+00 0.0000e+00 -5.4747e-01 2.0207e+00 0.0000e+00 0.0000e+00 0.0000e+00 0.0000e+00 -1.5319e+00 2.4097e-01 0.0000e+00 0.0000e+00 -2.4097e-01 -1.3293e+00 
136.0 2.3468e+00 -5.1978e-01 0.0000e+00 0.0000e+00 -5.1978e-01 2.0238e+00 0.0000e+00 0.0000e+00 0.0000e+00 0.0000e+00 -1.5585e+00 2.3682e-01 0.0000e+00 0.0000e+00 -2.3682e-01 -1.3564e+00 
137.0 2.3476e+00 -4.9246e-01 0.0000e+00 0.0000e+00 -4.9246e-01 2.0275e+00 0.0000e+00 0.0000e+00 0.0000e+00 0.0000e+00 -1.5843e+00 2.3247e-01 0.0000e+00 0.0000e+00 -2.3247e-01 -1.3827e+00 
138.0 2.3490e+00 -4.6549e-01 0.0000e+00 0.0000e+00 -4.6549e-01 2.0317e+00 0.0000e+00 0.0000e+00 0.0000e+00 0.0000e+00 -1.6093e+00 2.2792e-01 0.0000e+00 0.0000e+00 -2.2792e-01 -1.4083e+00 
139.0 2.3508e+00 -4.3890e-01 0.0000e+00 0.0000e+00 -4.3890e-01 2.0365e+00 0.0000e+00 0.0000e+00 0.0000e+00 0.0000e+00 -1.6336e+00 2.2316e-01 0.0000e+00 0.0000e+00 -2.2316e-01 -1.4332e+00 
140.0 2.3532e+00 -4.1268e-01 0.0000e+00 0.0000e+00 -4.1268e-01 2.0418e+00 0.0000e+00 0.0000e+00 0.0000e+00 0.0000e+00 -1.6571e+00 2.1820e-01 0.0000e+00 0.0000e+00 -2.1820e-01 -1.4575e+00 
141.0 2.3561e+00 -3.8683e-01 0.0000e+00 0.0000e+00 -3.8683e-01 2.0477e+00 0.0000e+00 0.0000e+00 0.0000e+00 0.0000e+00 -1.6799e+00 2.1306e-01 0.0000e+00 0.0000e+00 -2.1306e-01 -1.4811e+00 
142.0 2.3596e+00 -3.6136e-01 0.0000e+00 0.0000e+00 -3.6136e-01 2.0541e+00 0.0000e+00 0.0000e+00 0.0000e+00 0.0000e+00 -1.7021e+00 2.0773e-01 0.0000e+00 0.0000e+00 -2.0773e-01 -1.5041e+00 
143.0 2.3635e+00 -3.3628e-01 0.0000e+00 0.0000e+00 -3.3628e-01 2.0610e+00 0.0000e+00 0.0000e+00 0.0000e+00 0.0000e+00 -1.7235e+00 2.0221e-01 0.0000e+00 0.0000e+00 -2.0221e-01 -1.5266e+00 
144.0 2.3679e+00 -3.1160e-01 0.0000e+00 0.0000e+00 -3.1160e-01 2.0684e+00 0.0000e+00 0.0000e+00 0.0000e+00 0.0000e+00 -1.7443e+00 1.9650e-01 0.0000e+00 0.0000e+00 -1.9650e-01 -1.5484e+00 
145.0 2.3727e+00 -2.8733e-01 0.0000e+00 0.0000e+00 -2.8733e-01 2.0763e+00 0.0000e+00 0.0000e+00 0.0000e+00 0.0000e+00 -1.7645e+00 1.9057e-01 0.0000e+00 0.0000e+00 -1.9057e-01 -1.5697e+00 
146.0 2.3780e+00 -2.6349e-01 0.0000e+00 0.0000e+00 -2.6349e-01 2.0846e+00 0.0000e+00 0.0000e+00 0.0000e+00 0.0000e+00 -1.7841e+00 1.8441e-01 0.0000e+00 0.0000e+00 -1.8441e-01 -1.5904e+00 
147.0 2.3837e+00 -2.4011e-01 0.0000e+00 0.0000e+00 -2.4011e-01 2.0934e+00 0.0000e+00 0.0000e+00 0.0000e+00 0.0000e+00 -1.8031e+00 1.7797e-01 0.0000e+00 0.0000e+00 -1.7797e-01 -1.6106e+00 
148.0 2.3898e+00 -2.1720e-01 0.0000e+00 0.0000e+00 -2.1720e-01 2.1025e+00 0.0000e+00 0.0000e+00 0.0000e+00 0.0000e+00 -1.8216e+00 1.7122e-01 0.0000e+00 0.0000e+00 -1.7122e-01 -1.6304e+00 
149.0 2.3963e+00 -1.9483e-01 0.0000e+00 0.0000e+00 -1.9483e-01 2.1120e+00 0.0000e+00 0.0000e+00 0.0000e+00 0.0000e+00 -1.8396e+00 1.6413e-01 0.0000e+00 0.0000e+00 -1.6413e-01 -1.6497e+00 
150.0 2.4031e+00 -1.7305e-01 0.0000e+00 0.0000e+00 -1.7305e-01 2.1217e+00 0.0000e+00 0.0000e+00 0.0000e+00 0.0000e+00 -1.8573e+00 1.5666e-01 0.0000e+00 0.0000e+00 -1.5666e-01 -1.6686e+00 
151.0 2.4101e+00 -1.5194e-01 0.0000e+00 0.0000e+00 -1.5194e-01 2.1317e+00 0.0000e+00 0.0000e+00 0.0000e+00 0.0000e+00 -1.8746e+00 1.4871e-01 0.0000e+00 0.0000e+00 -1.4871e-01 -1.6871e+00 
152.0 2.4174e+00 -1.3163e-01 0.0000e+00 0.0000e+00 -1.3163e-01 2.1417e+00 0.0000e+00 0.0000e+00 0.0000e+00 0.0000e+00 -1.8917e+00 1.4020e-01 0.0000e+00 0.0000e+00 -1.4020e-01 -1.7053e+00 
153.0 2.4249e+00 -1.1223e-01 0.0000e+00 0.0000e+00 -1.1223e-01 2.1517e+00 0.0000e+00 0.0000e+00 0.0000e+00 0.0000e+00 -1.9086e+00 1.3101e-01 0.0000e+00 0.0000e+00 -1.3101e-01 -1.7232e+00 
154.0 2.4323e+00 -9.3881e-02 0.0000e+00 0.0000e+00 -9.3881e-02 2.1615e+00 0.0000e+00 0.0000e+00 0.0000e+00 0.0000e+00 -1.9254e+00 1.2102e-01 0.0000e+00 0.0000e+00 -1.2102e-01 -1.7407e+00 
155.0 2.4398e+00 -7.6715e-02 0.0000e+00 0.0000e+00 -7.6715e-02 2.1710e+00 0.0000e+00 0.0000e+00 0.0000e+00 0.0000e+00 -1.9423e+00 1.1014e-01 0.0000e+00 0.0000e+00 -1.1014e-01 -1.7579e+00 
156.0 2.4474e+00 -6.0849e-02 0.0000e+00 0.0000e+00 -6.0849e-02 2.1801e+00 0.0000e+00 0.0000e+00 0.0000e+00 0.0000e+00 -1.9593e+00 9.8325e-02 0.0000e+00 0.0000e+00 -9.8325e-02 -1.7748e+00 
157.0 2.4551e+00 -4.6393e-02 0.0000e+00 0.0000e+00 -4.6393e-02 2.1888e+00 0.0000e+00 0.0000e+00 0.0000e+00 0.0000e+00 -1.9765e+00 8.5563e-02 0.0000e+00 0.0000e+00 -8.5563e-02 -1.7913e+00 
158.0 2.4630e+00 -3.3441e-02 0.0000e+00 0.0000e+00 -3.3441e-02 2.1972e+00 0.0000e+00 0.0000e+00 0.0000e+00 0.0000e+00 -1.9941e+00 7.1905e-02 0.0000e+00 0.0000e+00 -7.1905e-02 -1.8074e+00 
159.0 2.4713e+00 -2.2071e-02 0.0000e+00 0.0000e+00 -2.2071e-02 2.2051e+00 0.0000e+00 0.0000e+00 0.0000e+00 0.0000e+00 -2.0121e+00 5.7425e-02 0.0000e+00 0.0000e+00 -5.7425e-02 -1.8230e+00 
160.0 2.4801e+00 -1.2336e-02 0.0000e+00 0.0000e+00 -1.2336e-02 2.2127e+00 0.0000e+00 0.0000e+00 0.0000e+00 0.0000e+00 -2.0308e+00 4.2235e-02 0.0000e+00 0.0000e+00 -4.2235e-02 -1.8380e+00 
161.0 2.4898e+00 -4.2548e-03 0.0000e+00 0.0000e+00 -4.2548e-03 2.2200e+00 0.0000e+00 0.0000e+00 0.0000e+00 0.0000e+00 -2.0503e+00 2.6495e-02 0.0000e+00 0.0000e+00 -2.6495e-02 -1.8525e+00 
162.0 2.5006e+00 2.1834e-03 0.0000e+00 0.0000e+00 2.1834e-03 2.2271e+00 0.0000e+00 0.0000e+00 0.0000e+00 0.0000e+00 -2.0708e+00 1.0425e-02 0.0000e+00 0.0000e+00 -1.0425e-02 -1.8663e+00 
163.0 2.5130e+00 7.0202e-03 0.0000e+00 0.0000e+00 7.0202e-03 2.2344e+00 0.0000e+00 0.0000e+00 0.0000e+00 0.0000e+00 -2.0925e+00 -5.7041e-03 0.0000e+00 0.0000e+00 5.7041e-03 -1.8795e+00 
164.0 2.5276e+00 1.0321e-02 0.0000e+00 0.0000e+00 1.0321e-02 2.2420e+00 0.0000e+00 0.0000e+00 0.0000e+00 0.0000e+00 -2.1157e+00 -2.1564e-02 0.0000e+00 0.0000e+00 2.1564e-02 -1.8920e+00 
165.0 2.5447e+00 1.2179e-02 0.0000e+00 0.0000e+00 1.2179e-02 2.2502e+00 0.0000e+00 0.0000e+00 0.0000e+00 0.0000e+00 -2.1406e+00 -3.6751e-02 0.0000e+00 0.0000e+00 3.6751e-02 -1.9038e+00 
166.0 2.5650e+00 1.2714e-02 0.0000e+00 0.0000e+00 1.2714e-02 2.2595e+00 0.0000e+00 0.0000e+00 0.0000e+00 0.0000e+00 -2.1674e+00 -5.0801e-02 0.0000e+00 0.0000e+00 5.0801e-02 -1.9149e+00 
167.0 2.5890e+00 1.2076e-02 0.0000e+00 0.0000e+00 1.2076e-02 2.2702e+00 0.0000e+00 0.0000e+00 0.0000e+00 0.0000e+00 -2.1963e+00 -6.3221e-02 0.0000e+00 0.0000e+00 6.3221e-02 -1.9252e+00 
168.0 2.6172e+00 1.0448e-02 0.0000e+00 0.0000e+00 1.0448e-02 2.2827e+00 0.0000e+00 0.0000e+00 0.0000e+00 0.0000e+00 -2.2274e+00 -7.3501e-02 0.0000e+00 0.0000e+00 7.3501e-02 -1.9346e+00 
169.0 2.6503e+00 8.0545e-03 0.0000e+00 0.0000e+00 8.0545e-03 2.2973e+00 0.0000e+00 0.0000e+00 0.0000e+00 0.0000e+00 -2.2607e+00 -8.1114e-02 0.0000e+00 0.0000e+00 8.1114e-02 -1.9432e+00 
170.0 2.6884e+00 5.1584e-03 0.0000e+00 0.0000e+00 5.1584e-03 2.3143e+00 0.0000e+00 0.0000e+00 0.0000e+00 0.0000e+00 -2.2962e+00 -8.5522e-02 0.0000e+00 0.0000e+00 8.5522e-02 -1.9508e+00 
171.0 2.7319e+00 2.0753e-03 0.0000e+00 0.0000e+00 2.0753e-03 2.3342e+00 0.0000e+00 0.0000e+00 0.0000e+00 0.0000e+00 -2.3337e+00 -8.6209e-02 0.0000e+00 0.0000e+00 8.6209e-02 -1.9576e+00 
172.0 2.7806e+00 -8.2457e-04 0.0000e+00 0.0000e+00 -8.2457e-04 2.3569e+00 0.0000e+00 0.0000e+00 0.0000e+00 0.0000e+00 -2.3727e+00 -8.2736e-02 0.0000e+00 0.0000e+00 8.2736e-02 -1.9634e+00 
173.0 2.8339e+00 -3.1358e-03 0.0000e+00 0.0000e+00 -3.1358e-03 2.3825e+00 0.0000e+00 0.0000e+00 0.0000e+00 0.0000e+00 -2.4126e+00 -7.4890e-02 0.0000e+00 0.0000e+00 7.4890e-02 -1.9684e+00 
174.0 2.8903e+00 -4.4901e-03 0.0000e+00 0.0000e+00 -4.4901e-03 2.4105e+00 0.0000e+00 0.0000e+00 0.0000e+00 0.0000e+00 -2.4522e+00 -6.2868e-02 0.0000e+00 0.0000e+00 6.2868e-02 -1.9726e+00 
175.0 2.9471e+00 -4.6726e-03 0.0000e+00 0.0000e+00 -4.6726e-03 2.4395e+00 0.0000e+00 0.0000e+00 0.0000e+00 0.0000e+00 -2.4897e+00 -4.7573e-02 0.0000e+00 0.0000e+00 4.7573e-02 -1.9760e+00 
176.0 3.0003e+00 -3.7508e-03 0.0000e+00 0.0000e+00 -3.7508e-03 2.4675e+00 0.0000e+00 0.0000e+00 0.0000e+00 0.0000e+00 -2.5229e+00 -3.0837e-02 0.0000e+00 0.0000e+00 3.0837e-02 -1.9786e+00 
177.0 3.0447e+00 -2.1572e-03 0.0000e+00 0.0000e+00 -2.1572e-03 2.4914e+00 0.0000e+00 0.0000e+00 0.0000e+00 0.0000e+00 -2.5494e+00 -1.5365e-02 0.0000e+00 0.0000e+00 1.5365e-02 -1.9804e+00 
178.0 3.0746e+00 -6.4847e-04 0.0000e+00 0.0000e+00 -6.4847e-04 2.5078e+00 0.0000e+00 0.0000e+00 0.0000e+00 0.0000e+00 -2.5667e+00 -4.2573e-03 0.0000e+00 0.0000e+00 4.2573e-03 -1.9814e+00 
179.0 3.0856e+00 -1.0100e-20 0.0000e+00 0.0000e+00 -1.0100e-20 2.5139e+00 0.0000e+00 0.0000e+00 0.0000e+00 0.0000e+00 -2.5729e+00 -5.0043e-20 0.0000e+00 0.0000e+00 5.0043e-20 -1.9818e+00 
180.0 3.0962e+00 0.0000e+00 0.0000e+00 0.0000e+00 0.0000e+00 2.5197e+00 0.0000e+00 0.0000e+00 0.0000e+00 0.0000e+00 -2.5788e+00 0.0000e+00 0.0000e+00 0.0000e+00 -0.0000e+00 -1.9822e+00 
