1.0559 1.2733 0.2174
theta s11 s12 s13 s14 s21 s22 s23 s24 s31 s32 s33 s34 s41 s42 s43 s44
0.0000e+00 1.4084e+03 0.0000e+00 0.0000e+00 0.0000e+00 0.0000e+00 1.4079e+03 0.0000e+00 0.0000e+00 0.0000e+00 0.0000e+00 1.4079e+03 0.0000e+00 0.0000e+00 0.0000e+00 -0.0000e+00 1.4075e+03
1.0000e+00 1.2591e+03 -1.0881e-03 0.0000e+00 0.0000e+00 -1.0881e-03 1.2586e+03 0.0000e+00 0.0000e+00 0.0000e+00 0.0000e+00 1.2586e+03 -1.1937e+00 0.0000e+00 0.0000e+00 1.1937e+00 1.2582e+03
2.0000e+00 9.7658e+02 2.2620e-02 0.0000e+00 0.0000e+00 2.2620e-02 9.7615e+02 0.0000e+00 0.0000e+00 0.0000e+00 0.0000e+00 9.7614e+02 -3.6197e+00 0.0000e+00 0.0000e+00 3.6197e+00 9.7571e+02
3.0000e+00 7.2185e+02 6.2063e-02 0.0000e+00 0.0000e+00 6.2063e-02 7.2145e+02 0.0000e+00 0.0000e+00 0.0000e+00 0.0000e+00 7.2139e+02 -5.7604e+00 0.0000e+00 0.0000e+00 5.7604e+00 7.2099e+02
4.0000e+00 5.2944e+02 8.3957e-02 0.0000e+00 0.0000e+00 8.3957e-02 5.2905e+02 0.0000e+00 0.0000e+00 0.0000e+00 0.0000e+00 5.2892e+02 -7.0578e+00 0.0000e+00 0.0000e+00 7.0578e+00 5.2855e+02
5.0000e+00 3.9180e+02 7.4964e-02 0.0000e+00 0.0000e+00 7.4964e-02 3.9143e+02 0.0000e+00 0.0000e+00 0.0000e+00 0.0000e+00 3.9123e+02 -7.5721e+00 0.0000e+00 0.0000e+00 7.5721e+00 3.9088e+02
6.0000e+00 2.9486e+02 3.6723e-02 0.0000e+00 0.0000e+00 3.6723e-02 2.9451e+02 0.0000e+00 0.0000e+00 0.0000e+00 0.0000e+00 2.9425e+02 -7.5333e+00 0.0000e+00 0.0000e+00 7.5333e+00 2.9392e+02
7.0000e+00 2.2639e+02 -2.4456e-02 0.0000e+00 0.0000e+00 -2.4456e-02 2.2606e+02 0.0000e+00 0.0000e+00 0.0000e+00 0.0000e+00 2.2573e+02 -7.1482e+00 0.0000e+00 0.0000e+00 7.1482e+00 2.2542e+02
8.0000e+00 1.7782e+02 -1.0028e-01 0.0000e+00 0.0000e+00 -1.0028e-01 1.7750e+02 0.0000e+00 0.0000e+00 0.0000e+00 0.0000e+00 1.7712e+02 -6.5742e+00 0.0000e+00 0.0000e+00 6.5742e+00 1.7683e+02
9.0000e+00 1.4299e+02 -1.8232e-01 0.0000e+00 0.0000e+00 -1.8232e-01 1.4267e+02 0.0000e+00 0.0000e+00 0.0000e+00 0.0000e+00 1.4225e+02 -5.9227e+00 0.0000e+00 0.0000e+00 5.9227e+00 1.4198e+02
1.0000e+01 1.1780e+02 -2.6375e-01 0.0000e+00 0.0000e+00 -2.6375e-01 1.1748e+02 0.0000e+00 0.0000e+00 0.0000e+00 0.0000e+00 1.1703e+02 -5.2670e+00 0.0000e+00 0.0000e+00 5.2670e+00 1.1678e+02
1.1000e+01 9.9092e+01 -3.3999e-01 0.0000e+00 0.0000e+00 -3.3999e-01 9.8785e+01 0.0000e+00 0.0000e+00 0.0000e+00 0.0000e+00 9.8315e+01 -4.6512e+00 0.0000e+00 0.0000e+00 4.6512e+00 9.8073e+01
1.2000e+01 8.5087e+01 -4.0868e-01 0.0000e+00 0.0000e+00 -4.0868e-01 8.4785e+01 0.0000e+00 0.0000e+00 0.0000e+00 0.0000e+00 8.4300e+01 -4.0980e+00 0.0000e+00 0.0000e+00 4.0980e+00 8.4069e+01
1.3000e+01 7.4406e+01 -4.6711e-01 0.0000e+00 0.0000e+00 -4.6711e-01 7.4106e+01 0.0000e+00 0.0000e+00 0.0000e+00 0.0000e+00 7.3598e+01 -3.6318e+00 0.0000e+00 0.0000e+00 3.6318e+00 7.3379e+01
1.4000e+01 6.5994e+01 -5.2066e-01 0.0000e+00 0.0000e+00 -5.2066e-01 6.5696e+01 0.0000e+00 0.0000e+00 0.0000e+00 0.0000e+00 6.5189e+01 -3.2046e+00 0.0000e+00 0.0000e+00 3.2046e+00 6.4982e+01
1.5000e+01 5.9395e+01 -5.6506e-01 0.0000e+00 0.0000e+00 -5.6506e-01 5.9100e+01 0.0000e+00 0.0000e+00 0.0000e+00 0.0000e+00 5.8602e+01 -2.8545e+00 0.0000e+00 0.0000e+00 2.8545e+00 5.8404e+01
1.6000e+01 5.4070e+01 -6.0316e-01 0.0000e+00 0.0000e+00 -6.0316e-01 5.3778e+01 0.0000e+00 0.0000e+00 0.0000e+00 0.0000e+00 5.3293e+01 -2.5571e+00 0.0000e+00 0.0000e+00 2.5571e+00 5.3105e+01
1.7000e+01 4.9620e+01 -6.3607e-01 0.0000e+00 0.0000e+00 -6.3607e-01 4.9328e+01 0.0000e+00 0.0000e+00 0.0000e+00 0.0000e+00 4.8851e+01 -2.3042e+00 0.0000e+00 0.0000e+00 2.3042e+00 4.8672e+01
1.8000e+01 4.5794e+01 -6.6483e-01 0.0000e+00 0.0000e+00 -6.6483e-01 4.5502e+01 0.0000e+00 0.0000e+00 0.0000e+00 0.0000e+00 4.5027e+01 -2.0884e+00 0.0000e+00 0.0000e+00 2.0884e+00 4.4857e+01
1.9000e+01 4.2459e+01 -6.9048e-01 0.0000e+00 0.0000e+00 -6.9048e-01 4.2169e+01 0.0000e+00 0.0000e+00 0.0000e+00 0.0000e+00 4.1841e+01 -1.9032e+00 0.0000e+00 0.0000e+00 1.9032e+00 4.1682e+01
2.0000e+01 3.9542e+01 -7.1407e-01 0.0000e+00 0.0000e+00 -7.1407e-01 3.9253e+01 0.0000e+00 0.0000e+00 0.0000e+00 0.0000e+00 3.9053e+01 -1.7432e+00 0.0000e+00 0.0000e+00 1.7432e+00 3.8904e+01
2.1000e+01 3.6980e+01 -7.3645e-01 0.0000e+00 0.0000e+00 -7.3645e-01 3.6692e+01 0.0000e+00 0.0000e+00 0.0000e+00 0.0000e+00 3.6604e+01 -1.6046e+00 0.0000e+00 0.0000e+00 1.6046e+00 3.6463e+01
2.2000e+01 3.4712e+01 -7.5826e-01 0.0000e+00 0.0000e+00 -7.5826e-01 3.4425e+01 0.0000e+00 0.0000e+00 0.0000e+00 0.0000e+00 3.4436e+01 -1.4842e+00 0.0000e+00 0.0000e+00 1.4842e+00 3.4302e+01
2.3000e+01 3.2685e+01 -7.7979e-01 0.0000e+00 0.0000e+00 -7.7979e-01 3.2398e+01 0.0000e+00 0.0000e+00 0.0000e+00 0.0000e+00 3.2497e+01 -1.3789e+00 0.0000e+00 0.0000e+00 1.3789e+00 3.2370e+01
2.4000e+01 3.0857e+01 -8.0115e-01 0.0000e+00 0.0000e+00 -8.0115e-01 3.0571e+01 0.0000e+00 0.0000e+00 0.0000e+00 0.0000e+00 3.0748e+01 -1.2859e+00 0.0000e+00 0.0000e+00 1.2859e+00 3.0627e+01
2.5000e+01 2.9198e+01 -8.2235e-01 0.0000e+00 0.0000e+00 -8.2235e-01 2.8913e+01 0.0000e+00 0.0000e+00 0.0000e+00 0.0000e+00 2.9160e+01 -1.2031e+00 0.0000e+00 0.0000e+00 1.2031e+00 2.9046e+01
2.6000e+01 2.7685e+01 -8.4327e-01 0.0000e+00 0.0000e+00 -8.4327e-01 2.7401e+01 0.0000e+00 0.0000e+00 0.0000e+00 0.0000e+00 2.7712e+01 -1.1286e+00 0.0000e+00 0.0000e+00 1.1286e+00 2.7602e+01
2.7000e+01 2.6297e+01 -8.6388e-01 0.0000e+00 0.0000e+00 -8.6388e-01 2.6012e+01 0.0000e+00 0.0000e+00 0.0000e+00 0.0000e+00 2.6381e+01 -1.0612e+00 0.0000e+00 0.0000e+00 1.0612e+00 2.6276e+01
2.8000e+01 2.5013e+01 -8.8414e-01 0.0000e+00 0.0000e+00 -8.8414e-01 2.4730e+01 0.0000e+00 0.0000e+00 0.0000e+00 0.0000e+00 2.5151e+01 -1.0000e+00 0.0000e+00 0.0000e+00 1.0000e+00 2.5050e+01
2.9000e+01 2.3818e+01 -9.0402e-01 0.0000e+00 0.0000e+00 -9.0402e-01 2.3535e+01 0.0000e+00 0.0000e+00 0.0000e+00 0.0000e+00 2.4003e+01 -9.4417e-01 0.0000e+00 0.0000e+00 9.4417e-01 2.3907e+01
3.0000e+01 2.2699e+01 -9.2351e-01 0.0000e+00 0.0000e+00 -9.2351e-01 2.2417e+01 0.0000e+00 0.0000e+00 0.0000e+00 0.0000e+00 2.2928e+01 -8.9295e-01 0.0000e+00 0.0000e+00 8.9295e-01 2.2835e+01
3.1000e+01 2.1646e+01 -9.4260e-01 0.0000e+00 0.0000e+00 -9.4260e-01 2.1364e+01 0.0000e+00 0.0000e+00 0.0000e+00 0.0000e+00 2.1804e+01 -8.4585e-01 0.0000e+00 0.0000e+00 8.4585e-01 2.1717e+01
3.2000e+01 2.0652e+01 -9.6109e-01 0.0000e+00 0.0000e+00 -9.6109e-01 2.0371e+01 0.0000e+00 0.0000e+00 0.0000e+00 0.0000e+00 2.0748e+01 -8.0248e-01 0.0000e+00 0.0000e+00 8.0248e-01 2.0666e+01
3.3000e+01 1.9713e+01 -9.7892e-01 0.0000e+00 0.0000e+00 -9.7892e-01 1.9433e+01 0.0000e+00 0.0000e+00 0.0000e+00 0.0000e+00 1.9753e+01 -7.6245e-01 0.0000e+00 0.0000e+00 7.6245e-01 1.9676e+01
3.4000e+01 1.8823e+01 -9.9597e-01 0.0000e+00 0.0000e+00 -9.9597e-01 1.8543e+01 0.0000e+00 0.0000e+00 0.0000e+00 0.0000e+00 1.8813e+01 -7.2540e-01 0.0000e+00 0.0000e+00 7.2540e-01 1.8741e+01
3.5000e+01 1.7980e+01 -1.0121e+00 0.0000e+00 0.0000e+00 -1.0121e+00 1.7700e+01 0.0000e+00 0.0000e+00 0.0000e+00 0.0000e+00 1.7922e+01 -6.9085e-01 0.0000e+00 0.0000e+00 6.9085e-01 1.7856e+01
3.6000e+01 1.7178e+01 -1.0273e+00 0.0000e+00 0.0000e+00 -1.0273e+00 1.6899e+01 0.0000e+00 0.0000e+00 0.0000e+00 0.0000e+00 1.7078e+01 -6.5834e-01 0.0000e+00 0.0000e+00 6.5834e-01 1.7016e+01
3.7000e+01 1.6417e+01 -1.0416e+00 0.0000e+00 0.0000e+00 -1.0416e+00 1.6139e+01 0.0000e+00 0.0000e+00 0.0000e+00 0.0000e+00 1.6276e+01 -6.2744e-01 0.0000e+00 0.0000e+00 6.2744e-01 1.6219e+01
3.8000e+01 1.5695e+01 -1.0554e+00 0.0000e+00 0.0000e+00 -1.0554e+00 1.5417e+01 0.0000e+00 0.0000e+00 0.0000e+00 0.0000e+00 1.5515e+01 -5.9782e-01 0.0000e+00 0.0000e+00 5.9782e-01 1.5462e+01
3.9000e+01 1.5010e+01 -1.0687e+00 0.0000e+00 0.0000e+00 -1.0687e+00 1.4733e+01 0.0000e+00 0.0000e+00 0.0000e+00 0.0000e+00 1.4791e+01 -5.6939e-01 0.0000e+00 0.0000e+00 5.6939e-01 1.4743e+01
4.0000e+01 1.4360e+01 -1.0816e+00 0.0000e+00 0.0000e+00 -1.0816e+00 1.4085e+01 0.0000e+00 0.0000e+00 0.0000e+00 0.0000e+00 1.4103e+01 -5.4219e-01 0.0000e+00 0.0000e+00 5.4219e-01 1.4059e+01
4.1000e+01 1.3744e+01 -1.0939e+00 0.0000e+00 0.0000e+00 -1.0939e+00 1.3469e+01 0.0000e+00 0.0000e+00 0.0000e+00 0.0000e+00 1.3449e+01 -5.1622e-01 0.0000e+00 0.0000e+00 5.1622e-01 1.3409e+01
4.2000e+01 1.3159e+01 -1.1056e+00 0.0000e+00 0.0000e+00 -1.1056e+00 1.2885e+01 0.0000e+00 0.0000e+00 0.0000e+00 0.0000e+00 1.2828e+01 -4.9143e-01 0.0000e+00 0.0000e+00 4.9143e-01 1.2792e+01
4.3000e+01 1.2602e+01 -1.1166e+00 0.0000e+00 0.0000e+00 -1.1166e+00 1.2329e+01 0.0000e+00 0.0000e+00 0.0000e+00 0.0000e+00 1.2236e+01 -4.6772e-01 0.0000e+00 0.0000e+00 4.6772e-01 1.2203e+01
4.4000e+01 1.2072e+01 -1.1269e+00 0.0000e+00 0.0000e+00 -1.1269e+00 1.1800e+01 0.0000e+00 0.0000e+00 0.0000e+00 0.0000e+00 1.1671e+01 -4.4492e-01 0.0000e+00 0.0000e+00 4.4492e-01 1.1643e+01
4.5000e+01 1.1568e+01 -1.1364e+00 0.0000e+00 0.0000e+00 -1.1364e+00 1.1296e+01 0.0000e+00 0.0000e+00 0.0000e+00 0.0000e+00 1.1133e+01 -4.2287e-01 0.0000e+00 0.0000e+00 4.2287e-01 1.1108e+01
4.6000e+01 1.1086e+01 -1.1451e+00 0.0000e+00 0.0000e+00 -1.1451e+00 1.0816e+01 0.0000e+00 0.0000e+00 0.0000e+00 0.0000e+00 1.0619e+01 -4.0144e-01 0.0000e+00 0.0000e+00 4.0144e-01 1.0597e+01
4.7000e+01 1.0627e+01 -1.1531e+00 0.0000e+00 0.0000e+00 -1.1531e+00 1.0358e+01 0.0000e+00 0.0000e+00 0.0000e+00 0.0000e+00 1.0128e+01 -3.8053e-01 0.0000e+00 0.0000e+00 3.8053e-01 1.0111e+01
4.8000e+01 1.0189e+01 -1.1602e+00 0.0000e+00 0.0000e+00 -1.1602e+00 9.9210e+00 0.0000e+00 0.0000e+00 0.0000e+00 0.0000e+00 9.6600e+00 -3.6011e-01 0.0000e+00 0.0000e+00 3.6011e-01 9.6460e+00
4.9000e+01 9.7712e+00 -1.1667e+00 0.0000e+00 0.0000e+00 -1.1667e+00 9.5039e+00 0.0000e+00 0.0000e+00 0.0000e+00 0.0000e+00 9.2127e+00 -3.4015e-01 0.0000e+00 0.0000e+00 3.4015e-01 9.2021e+00
5.0000e+01 9.3717e+00 -1.1723e+00 0.0000e+00 0.0000e+00 -1.1723e+00 9.1053e+00 0.0000e+00 0.0000e+00 0.0000e+00 0.0000e+00 8.7860e+00 -3.2064e-01 0.0000e+00 0.0000e+00 3.2064e-01 8.7786e+00
5.1000e+01 8.9907e+00 -1.1772e+00 0.0000e+00 0.0000e+00 -1.1772e+00 8.7252e+00 0.0000e+00 0.0000e+00 0.0000e+00 0.0000e+00 8.3782e+00 -3.0149e-01 0.0000e+00 0.0000e+00 3.0149e-01 8.3740e+00
5.2000e+01 8.6270e+00 -1.1813e+00 0.0000e+00 0.0000e+00 -1.1813e+00 8.3625e+00 0.0000e+00 0.0000e+00 0.0000e+00 0.0000e+00 7.9887e+00 -2.8267e-01 0.0000e+00 0.0000e+00 2.8267e-01 7.9877e+00
5.3000e+01 8.2801e+00 -1.1846e+00 0.0000e+00 0.0000e+00 -1.1846e+00 8.0165e+00 0.0000e+00 0.0000e+00 0.0000e+00 0.0000e+00 7.6166e+00 -2.6411e-01 0.0000e+00 0.0000e+00 2.6411e-01 7.6186e+00
5.4000e+01 7.9494e+00 -1.1872e+00 0.0000e+00 0.0000e+00 -1.1872e+00 7.6867e+00 0.0000e+00 0.0000e+00 0.0000e+00 0.0000e+00 7.2611e+00 -2.4581e-01 0.0000e+00 0.0000e+00 2.4581e-01 7.2662e+00
5.5000e+01 7.6344e+00 -1.1892e+00 0.0000e+00 0.0000e+00 -1.1892e+00 7.3725e+00 0.0000e+00 0.0000e+00 0.0000e+00 0.0000e+00 6.9215e+00 -2.2780e-01 0.0000e+00 0.0000e+00 2.2780e-01 6.9295e+00
5.6000e+01 7.3342e+00 -1.1906e+00 0.0000e+00 0.0000e+00 -1.1906e+00 7.0732e+00 0.0000e+00 0.0000e+00 0.0000e+00 0.0000e+00 6.5970e+00 -2.1011e-01 0.0000e+00 0.0000e+00 2.1011e-01 6.6080e+00
5.7000e+01 7.0482e+00 -1.1912e+00 0.0000e+00 0.0000e+00 -1.1912e+00 6.7881e+00 0.0000e+00 0.0000e+00 0.0000e+00 0.0000e+00 6.2870e+00 -1.9274e-01 0.0000e+00 0.0000e+00 1.9274e-01 6.3009e+00
5.8000e+01 6.7757e+00 -1.1911e+00 0.0000e+00 0.0000e+00 -1.1911e+00 6.5165e+00 0.0000e+00 0.0000e+00 0.0000e+00 0.0000e+00 5.9906e+00 -1.7570e-01 0.0000e+00 0.0000e+00 1.7570e-01 6.0073e+00
5.9000e+01 6.5161e+00 -1.1903e+00 0.0000e+00 0.0000e+00 -1.1903e+00 6.2576e+00 0.0000e+00 0.0000e+00 0.0000e+00 0.0000e+00 5.7072e+00 -1.5895e-01 0.0000e+00 0.0000e+00 1.5895e-01 5.7268e+00
6.0000e+01 6.2686e+00 -1.1889e+00 0.0000e+00 0.0000e+00 -1.1889e+00 6.0108e+00 0.0000e+00 0.0000e+00 0.0000e+00 0.0000e+00 5.4361e+00 -1.4245e-01 0.0000e+00 0.0000e+00 1.4245e-01 5.4585e+00
6.1000e+01 6.0326e+00 -1.1867e+00 0.0000e+00 0.0000e+00 -1.1867e+00 5.7756e+00 0.0000e+00 0.0000e+00 0.0000e+00 0.0000e+00 5.1768e+00 -1.2618e-01 0.0000e+00 0.0000e+00 1.2618e-01 5.2021e+00
6.2000e+01 5.8077e+00 -1.1839e+00 0.0000e+00 0.0000e+00 -1.1839e+00 5.5513e+00 0.0000e+00 0.0000e+00 0.0000e+00 0.0000e+00 4.9288e+00 -1.1011e-01 0.0000e+00 0.0000e+00 1.1011e-01 4.9568e+00
6.3000e+01 5.5932e+00 -1.1805e+00 0.0000e+00 0.0000e+00 -1.1805e+00 5.3375e+00 0.0000e+00 0.0000e+00 0.0000e+00 0.0000e+00 4.6916e+00 -9.4241e-02 0.0000e+00 0.0000e+00 9.4241e-02 4.7224e+00
6.4000e+01 5.3886e+00 -1.1765e+00 0.0000e+00 0.0000e+00 -1.1765e+00 5.1335e+00 0.0000e+00 0.0000e+00 0.0000e+00 0.0000e+00 4.4647e+00 -7.8594e-02 0.0000e+00 0.0000e+00 7.8594e-02 4.4983e+00
6.5000e+01 5.1936e+00 -1.1721e+00 0.0000e+00 0.0000e+00 -1.1721e+00 4.9392e+00 0.0000e+00 0.0000e+00 0.0000e+00 0.0000e+00 4.2477e+00 -6.3206e-02 0.0000e+00 0.0000e+00 6.3206e-02 4.2840e+00
6.6000e+01 5.0076e+00 -1.1671e+00 0.0000e+00 0.0000e+00 -1.1671e+00 4.7537e+00 0.0000e+00 0.0000e+00 0.0000e+00 0.0000e+00 4.0403e+00 -4.8117e-02 0.0000e+00 0.0000e+00 4.8117e-02 4.0792e+00
6.7000e+01 4.8303e+00 -1.1616e+00 0.0000e+00 0.0000e+00 -1.1616e+00 4.5770e+00 0.0000e+00 0.0000e+00 0.0000e+00 0.0000e+00 3.8417e+00 -3.3365e-02 0.0000e+00 0.0000e+00 3.3365e-02 3.8834e+00
6.8000e+01 4.6612e+00 -1.1556e+00 0.0000e+00 0.0000e+00 -1.1556e+00 4.4083e+00 0.0000e+00 0.0000e+00 0.0000e+00 0.0000e+00 3.6518e+00 -1.8993e-02 0.0000e+00 0.0000e+00 1.8993e-02 3.6962e+00
6.9000e+01 4.4998e+00 -1.1492e+00 0.0000e+00 0.0000e+00 -1.1492e+00 4.2475e+00 0.0000e+00 0.0000e+00 0.0000e+00 0.0000e+00 3.4701e+00 -5.0106e-03 0.0000e+00 0.0000e+00 5.0106e-03 3.5171e+00
7.0000e+01 4.3459e+00 -1.1422e+00 0.0000e+00 0.0000e+00 -1.1422e+00 4.0941e+00 0.0000e+00 0.0000e+00 0.0000e+00 0.0000e+00 3.2961e+00 8.5375e-03 0.0000e+00 0.0000e+00 -8.5375e-03 3.3458e+00
7.1000e+01 4.1992e+00 -1.1348e+00 0.0000e+00 0.0000e+00 -1.1348e+00 3.9479e+00 0.0000e+00 0.0000e+00 0.0000e+00 0.0000e+00 3.1296e+00 2.1654e-02 0.0000e+00 0.0000e+00 -2.1654e-02 3.1819e+00
7.2000e+01 4.0592e+00 -1.1270e+00 0.0000e+00 0.0000e+00 -1.1270e+00 3.8084e+00 0.0000e+00 0.0000e+00 0.0000e+00 0.0000e+00 2.9702e+00 3.4307e-02 0.0000e+00 0.0000e+00 -3.4307e-02 3.0252e+00
7.3000e+01 3.9256e+00 -1.1187e+00 0.0000e+00 0.0000e+00 -1.1187e+00 3.6753e+00 0.0000e+00 0.0000e+00 0.0000e+00 0.0000e+00 2.8175e+00 4.6479e-02 0.0000e+00 0.0000e+00 -4.6479e-02 2.8750e+00
7.4000e+01 3.7983e+00 -1.1099e+00 0.0000e+00 0.0000e+00 -1.1099e+00 3.5483e+00 0.0000e+00 0.0000e+00 0.0000e+00 0.0000e+00 2.6712e+00 5.8160e-02 0.0000e+00 0.0000e+00 -5.8160e-02 2.7314e+00
7.5000e+01 3.6767e+00 -1.1007e+00 0.0000e+00 0.0000e+00 -1.1007e+00 3.4273e+00 0.0000e+00 0.0000e+00 0.0000e+00 0.0000e+00 2.5310e+00 6.9361e-02 0.0000e+00 0.0000e+00 -6.9361e-02 2.5937e+00
7.6000e+01 3.5608e+00 -1.0910e+00 0.0000e+00 0.0000e+00 -1.0910e+00 3.3118e+00 0.0000e+00 0.0000e+00 0.0000e+00 0.0000e+00 2.3967e+00 8.0086e-02 0.0000e+00 0.0000e+00 -8.0086e-02 2.4619e+00
7.7000e+01 3.4502e+00 -1.0809e+00 0.0000e+00 0.0000e+00 -1.0809e+00 3.2017e+00 0.0000e+00 0.0000e+00 0.0000e+00 0.0000e+00 2.2678e+00 9.0366e-02 0.0000e+00 0.0000e+00 -9.0366e-02 2.3355e+00
7.8000e+01 3.3447e+00 -1.0704e+00 0.0000e+00 0.0000e+00 -1.0704e+00 3.0967e+00 0.0000e+00 0.0000e+00 0.0000e+00 0.0000e+00 2.1442e+00 1.0021e-01 0.0000e+00 0.0000e+00 -1.0021e-01 2.2144e+00
7.9000e+01 3.2440e+00 -1.0595e+00 0.0000e+00 0.0000e+00 -1.0595e+00 2.9965e+00 0.0000e+00 0.0000e+00 0.0000e+00 0.0000e+00 2.0257e+00 1.0964e-01 0.0000e+00 0.0000e+00 -1.0964e-01 2.0984e+00
8.0000e+01 3.1480e+00 -1.0482e+00 0.0000e+00 0.0000e+00 -1.0482e+00 2.9011e+00 0.0000e+00 0.0000e+00 0.0000e+00 0.0000e+00 1.9120e+00 1.1866e-01 0.0000e+00 0.0000e+00 -1.1866e-01 1.9871e+00
8.1000e+01 3.0564e+00 -1.0365e+00 0.0000e+00 0.0000e+00 -1.0365e+00 2.8099e+00 0.0000e+00 0.0000e+00 0.0000e+00 0.0000e+00 1.8029e+00 1.2730e-01 0.0000e+00 0.0000e+00 -1.2730e-01 1.8804e+00
8.2000e+01 2.9690e+00 -1.0245e+00 0.0000e+00 0.0000e+00 -1.0245e+00 2.7231e+00 0.0000e+00 0.0000e+00 0.0000e+00 0.0000e+00 1.6981e+00 1.3557e-01 0.0000e+00 0.0000e+00 -1.3557e-01 1.7781e+00
8.3000e+01 2.8857e+00 -1.0123e+00 0.0000e+00 0.0000e+00 -1.0123e+00 2.6403e+00 0.0000e+00 0.0000e+00 0.0000e+00 0.0000e+00 1.5976e+00 1.4347e-01 0.0000e+00 0.0000e+00 -1.4347e-01 1.6799e+00
8.4000e+01 2.8062e+00 -9.9961e-01 0.0000e+00 0.0000e+00 -9.9961e-01 2.5613e+00 0.0000e+00 0.0000e+00 0.0000e+00 0.0000e+00 1.5011e+00 1.5101e-01 0.0000e+00 0.0000e+00 -1.5101e-01 1.5857e+00
8.5000e+01 2.7303e+00 -9.8673e-01 0.0000e+00 0.0000e+00 -9.8673e-01 2.4860e+00 0.0000e+00 0.0000e+00 0.0000e+00 0.0000e+00 1.4084e+00 1.5821e-01 0.0000e+00 0.0000e+00 -1.5821e-01 1.4953e+00
8.6000e+01 2.6579e+00 -9.7357e-01 0.0000e+00 0.0000e+00 -9.7357e-01 2.4141e+00 0.0000e+00 0.0000e+00 0.0000e+00 0.0000e+00 1.3193e+00 1.6507e-01 0.0000e+00 0.0000e+00 -1.6507e-01 1.4085e+00
8.7000e+01 2.5889e+00 -9.6014e-01 0.0000e+00 0.0000e+00 -9.6014e-01 2.3456e+00 0.0000e+00 0.0000e+00 0.0000e+00 0.0000e+00 1.2337e+00 1.7160e-01 0.0000e+00 0.0000e+00 -1.7160e-01 1.3252e+00
8.8000e+01 2.5229e+00 -9.4650e-01 0.0000e+00 0.0000e+00 -9.4650e-01 2.2801e+00 0.0000e+00 0.0000e+00 0.0000e+00 0.0000e+00 1.1514e+00 1.7780e-01 0.0000e+00 0.0000e+00 -1.7780e-01 1.2451e+00
8.9000e+01 2.4599e+00 -9.3266e-01 0.0000e+00 0.0000e+00 -9.3266e-01 2.2177e+00 0.0000e+00 0.0000e+00 0.0000e+00 0.0000e+00 1.0723e+00 1.8368e-01 0.0000e+00 0.0000e+00 -1.8368e-01 1.1682e+00
9.0000e+01 2.3998e+00 -9.1855e-01 0.0000e+00 0.0000e+00 -9.1855e-01 2.1581e+00 0.0000e+00 0.0000e+00 0.0000e+00 0.0000e+00 9.9618e-01 1.8924e-01 0.0000e+00 0.0000e+00 -1.8924e-01 1.0943e+00
9.1000e+01 2.3424e+00 -9.0432e-01 0.0000e+00 0.0000e+00 -9.0432e-01 2.1012e+00 0.0000e+00 0.0000e+00 0.0000e+00 0.0000e+00 9.2294e-01 1.9451e-01 0.0000e+00 0.0000e+00 -1.9451e-01 1.0233e+00
9.2000e+01 2.2876e+00 -8.8988e-01 0.0000e+00 0.0000e+00 -8.8988e-01 2.0469e+00 0.0000e+00 0.0000e+00 0.0000e+00 0.0000e+00 8.5250e-01 1.9946e-01 0.0000e+00 0.0000e+00 -1.9946e-01 9.5495e-01
9.3000e+01 2.2353e+00 -8.7529e-01 0.0000e+00 0.0000e+00 -8.7529e-01 1.9951e+00 0.0000e+00 0.0000e+00 0.0000e+00 0.0000e+00 7.8468e-01 2.0414e-01 0.0000e+00 0.0000e+00 -2.0414e-01 8.8921e-01
9.4000e+01 2.1854e+00 -8.6054e-01 0.0000e+00 0.0000e+00 -8.6054e-01 1.9456e+00 0.0000e+00 0.0000e+00 0.0000e+00 0.0000e+00 7.1938e-01 2.0853e-01 0.0000e+00 0.0000e+00 -2.0853e-01 8.2594e-01
9.5000e+01 2.1377e+00 -8.4565e-01 0.0000e+00 0.0000e+00 -8.4565e-01 1.8985e+00 0.0000e+00 0.0000e+00 0.0000e+00 0.0000e+00 6.5652e-01 2.1265e-01 0.0000e+00 0.0000e+00 -2.1265e-01 7.6505e-01
9.6000e+01 2.0922e+00 -8.3061e-01 0.0000e+00 0.0000e+00 -8.3061e-01 1.8536e+00 0.0000e+00 0.0000e+00 0.0000e+00 0.0000e+00 5.9598e-01 2.1651e-01 0.0000e+00 0.0000e+00 -2.1651e-01 7.0643e-01
9.7000e+01 2.0488e+00 -8.1544e-01 0.0000e+00 0.0000e+00 -8.1544e-01 1.8108e+00 0.0000e+00 0.0000e+00 0.0000e+00 0.0000e+00 5.3766e-01 2.2011e-01 0.0000e+00 0.0000e+00 -2.2011e-01 6.4995e-01
9.8000e+01 2.0075e+00 -8.0015e-01 0.0000e+00 0.0000e+00 -8.0015e-01 1.7700e+00 0.0000e+00 0.0000e+00 0.0000e+00 0.0000e+00 4.8148e-01 2.2347e-01 0.0000e+00 0.0000e+00 -2.2347e-01 5.9554e-01
9.9000e+01 1.9680e+00 -7.8473e-01 0.0000e+00 0.0000e+00 -7.8473e-01 1.7312e+00 0.0000e+00 0.0000e+00 0.0000e+00 0.0000e+00 4.2734e-01 2.2660e-01 0.0000e+00 0.0000e+00 -2.2660e-01 5.4310e-01
1.0000e+02 1.9304e+00 -7.6919e-01 0.0000e+00 0.0000e+00 -7.6919e-01 1.6944e+00 0.0000e+00 0.0000e+00 0.0000e+00 0.0000e+00 3.7516e-01 2.2950e-01 0.0000e+00 0.0000e+00 -2.2950e-01 4.9253e-01
1.0100e+02 1.8946e+00 -7.5355e-01 0.0000e+00 0.0000e+00 -7.5355e-01 1.6593e+00 0.0000e+00 0.0000e+00 0.0000e+00 0.0000e+00 3.2487e-01 2.3219e-01 0.0000e+00 0.0000e+00 -2.3219e-01 4.4376e-01
1.0200e+02 1.8606e+00 -7.3781e-01 0.0000e+00 0.0000e+00 -7.3781e-01 1.6260e+00 0.0000e+00 0.0000e+00 0.0000e+00 0.0000e+00 2.7637e-01 2.3467e-01 0.0000e+00 0.0000e+00 -2.3467e-01 3.9671e-01
1.0300e+02 1.8282e+00 -7.2197e-01 0.0000e+00 0.0000e+00 -7.2197e-01 1.5944e+00 0.0000e+00 0.0000e+00 0.0000e+00 0.0000e+00 2.2960e-01 2.3694e-01 0.0000e+00 0.0000e+00 -2.3694e-01 3.5129e-01
1.0400e+02 1.7975e+00 -7.0604e-01 0.0000e+00 0.0000e+00 -7.0604e-01 1.5645e+00 0.0000e+00 0.0000e+00 0.0000e+00 0.0000e+00 1.8447e-01 2.3902e-01 0.0000e+00 0.0000e+00 -2.3902e-01 3.0745e-01
1.0500e+02 1.7683e+00 -6.9003e-01 0.0000e+00 0.0000e+00 -6.9003e-01 1.5362e+00 0.0000e+00 0.0000e+00 0.0000e+00 0.0000e+00 1.4093e-01 2.4090e-01 0.0000e+00 0.0000e+00 -2.4090e-01 2.6509e-01
1.0600e+02 1.7406e+00 -6.7394e-01 0.0000e+00 0.0000e+00 -6.7394e-01 1.5094e+00 0.0000e+00 0.0000e+00 0.0000e+00 0.0000e+00 9.8888e-02 2.4260e-01 0.0000e+00 0.0000e+00 -2.4260e-01 2.2416e-01
1.0700e+02 1.7143e+00 -6.5776e-01 0.0000e+00 0.0000e+00 -6.5776e-01 1.4841e+00 0.0000e+00 0.0000e+00 0.0000e+00 0.0000e+00 5.8286e-02 2.4412e-01 0.0000e+00 0.0000e+00 -2.4412e-01 1.8459e-01
1.0800e+02 1.6895e+00 -6.4151e-01 0.0000e+00 0.0000e+00 -6.4151e-01 1.4603e+00 0.0000e+00 0.0000e+00 0.0000e+00 0.0000e+00 1.9056e-02 2.4548e-01 0.0000e+00 0.0000e+00 -2.4548e-01 1.4632e-01
1.0900e+02 1.6660e+00 -6.2518e-01 0.0000e+00 0.0000e+00 -6.2518e-01 1.4377e+00 0.0000e+00 0.0000e+00 0.0000e+00 0.0000e+00 -1.8860e-02 2.4667e-01 0.0000e+00 0.0000e+00 -2.4667e-01 1.0928e-01
1.1000e+02 1.6438e+00 -6.0879e-01 0.0000e+00 0.0000e+00 -6.0879e-01 1.4167e+00 0.0000e+00 0.0000e+00 0.0000e+00 0.0000e+00 -5.5520e-02 2.4771e-01 0.0000e+00 0.0000e+00 -2.4771e-01 7.3436e-02
1.1100e+02 1.6230e+00 -5.9234e-01 0.0000e+00 0.0000e+00 -5.9234e-01 1.3968e+00 0.0000e+00 0.0000e+00 0.0000e+00 0.0000e+00 -9.0976e-02 2.4862e-01 0.0000e+00 0.0000e+00 -2.4862e-01 3.8730e-02
1.1200e+02 1.6032e+00 -5.7583e-01 0.0000e+00 0.0000e+00 -5.7583e-01 1.3781e+00 0.0000e+00 0.0000e+00 0.0000e+00 0.0000e+00 -1.2528e-01 2.4940e-01 0.0000e+00 0.0000e+00 -2.4940e-01 5.1102e-03
1.1300e+02 1.5846e+00 -5.5927e-01 0.0000e+00 0.0000e+00 -5.5927e-01 1.3606e+00 0.0000e+00 0.0000e+00 0.0000e+00 0.0000e+00 -1.5849e-01 2.5005e-01 0.0000e+00 0.0000e+00 -2.5005e-01 -2.7475e-02
1.1400e+02 1.5672e+00 -5.4267e-01 0.0000e+00 0.0000e+00 -5.4267e-01 1.3442e+00 0.0000e+00 0.0000e+00 0.0000e+00 0.0000e+00 -1.9065e-01 2.5060e-01 0.0000e+00 0.0000e+00 -2.5060e-01 -5.9071e-02
1.1500e+02 1.5507e+00 -5.2603e-01 0.0000e+00 0.0000e+00 -5.2603e-01 1.3289e+00 0.0000e+00 0.0000e+00 0.0000e+00 0.0000e+00 -2.2180e-01 2.5106e-01 0.0000e+00 0.0000e+00 -2.5106e-01 -8.9719e-02
1.1600e+02 1.5353e+00 -5.0938e-01 0.0000e+00 0.0000e+00 -5.0938e-01 1.3146e+00 0.0000e+00 0.0000e+00 0.0000e+00 0.0000e+00 -2.5200e-01 2.5142e-01 0.0000e+00 0.0000e+00 -2.5142e-01 -1.1947e-01
1.1700e+02 1.5209e+00 -4.9271e-01 0.0000e+00 0.0000e+00 -4.9271e-01 1.3014e+00 0.0000e+00 0.0000e+00 0.0000e+00 0.0000e+00 -2.8127e-01 2.5173e-01 0.0000e+00 0.0000e+00 -2.5173e-01 -1.4834e-01
1.1800e+02 1.5074e+00 -4.7603e-01 0.0000e+00 0.0000e+00 -4.7603e-01 1.2891e+00 0.0000e+00 0.0000e+00 0.0000e+00 0.0000e+00 -3.0964e-01 2.5199e-01 0.0000e+00 0.0000e+00 -2.5199e-01 -1.7637e-01
1.1900e+02 1.4949e+00 -4.5935e-01 0.0000e+00 0.0000e+00 -4.5935e-01 1.2778e+00 0.0000e+00 0.0000e+00 0.0000e+00 0.0000e+00 -3.3714e-01 2.5222e-01 0.0000e+00 0.0000e+00 -2.5222e-01 -2.0358e-01
1.2000e+02 1.4834e+00 -4.4271e-01 0.0000e+00 0.0000e+00 -4.4271e-01 1.2674e+00 0.0000e+00 0.0000e+00 0.0000e+00 0.0000e+00 -3.6380e-01 2.5241e-01 0.0000e+00 0.0000e+00 -2.5241e-01 -2.2999e-01
1.2100e+02 1.4728e+00 -4.2610e-01 0.0000e+00 0.0000e+00 -4.2610e-01 1.2580e+00 0.0000e+00 0.0000e+00 0.0000e+00 0.0000e+00 -3.8965e-01 2.5257e-01 0.0000e+00 0.0000e+00 -2.5257e-01 -2.5561e-01
1.2200e+02 1.4631e+00 -4.0955e-01 0.0000e+00 0.0000e+00 -4.0955e-01 1.2496e+00 0.0000e+00 0.0000e+00 0.0000e+00 0.0000e+00 -4.1470e-01 2.5268e-01 0.0000e+00 0.0000e+00 -2.5268e-01 -2.8048e-01
1.2300e+02 1.4544e+00 -3.9307e-01 0.0000e+00 0.0000e+00 -3.9307e-01 1.2419e+00 0.0000e+00 0.0000e+00 0.0000e+00 0.0000e+00 -4.3901e-01 2.5273e-01 0.0000e+00 0.0000e+00 -2.5273e-01 -3.0461e-01
1.2400e+02 1.4465e+00 -3.7667e-01 0.0000e+00 0.0000e+00 -3.7667e-01 1.2352e+00 0.0000e+00 0.0000e+00 0.0000e+00 0.0000e+00 -4.6260e-01 2.5271e-01 0.0000e+00 0.0000e+00 -2.5271e-01 -3.2804e-01
1.2500e+02 1.4395e+00 -3.6037e-01 0.0000e+00 0.0000e+00 -3.6037e-01 1.2294e+00 0.0000e+00 0.0000e+00 0.0000e+00 0.0000e+00 -4.8550e-01 2.5260e-01 0.0000e+00 0.0000e+00 -2.5260e-01 -3.5079e-01
1.2600e+02 1.4334e+00 -3.4417e-01 0.0000e+00 0.0000e+00 -3.4417e-01 1.2243e+00 0.0000e+00 0.0000e+00 0.0000e+00 0.0000e+00 -5.0773e-01 2.5240e-01 0.0000e+00 0.0000e+00 -2.5240e-01 -3.7288e-01
1.2700e+02 1.4280e+00 -3.2808e-01 0.0000e+00 0.0000e+00 -3.2808e-01 1.2202e+00 0.0000e+00 0.0000e+00 0.0000e+00 0.0000e+00 -5.2934e-01 2.5211e-01 0.0000e+00 0.0000e+00 -2.5211e-01 -3.9434e-01
1.2800e+02 1.4235e+00 -3.1210e-01 0.0000e+00 0.0000e+00 -3.1210e-01 1.2167e+00 0.0000e+00 0.0000e+00 0.0000e+00 0.0000e+00 -5.5034e-01 2.5171e-01 0.0000e+00 0.0000e+00 -2.5171e-01 -4.1520e-01
1.2900e+02 1.4196e+00 -2.9622e-01 0.0000e+00 0.0000e+00 -2.9622e-01 1.2138e+00 0.0000e+00 0.0000e+00 0.0000e+00 0.0000e+00 -5.7076e-01 2.5121e-01 0.0000e+00 0.0000e+00 -2.5121e-01 -4.3549e-01
1.3000e+02 1.4163e+00 -2.8046e-01 0.0000e+00 0.0000e+00 -2.8046e-01 1.2115e+00 0.0000e+00 0.0000e+00 0.0000e+00 0.0000e+00 -5.9064e-01 2.5060e-01 0.0000e+00 0.0000e+00 -2.5060e-01 -4.5522e-01
1.3100e+02 1.4136e+00 -2.6480e-01 0.0000e+00 0.0000e+00 -2.6480e-01 1.2098e+00 0.0000e+00 0.0000e+00 0.0000e+00 0.0000e+00 -6.0999e-01 2.4989e-01 0.0000e+00 0.0000e+00 -2.4989e-01 -4.7445e-01
1.3200e+02 1.4113e+00 -2.4922e-01 0.0000e+00 0.0000e+00 -2.4922e-01 1.2086e+00 0.0000e+00 0.0000e+00 0.0000e+00 0.0000e+00 -6.2885e-01 2.4911e-01 0.0000e+00 0.0000e+00 -2.4911e-01 -4.9317e-01
1.3300e+02 1.4098e+00 -2.3372e-01 0.0000e+00 0.0000e+00 -2.3372e-01 1.2080e+00 0.0000e+00 0.0000e+00 0.0000e+00 0.0000e+00 -6.4723e-01 2.4826e-01 0.0000e+00 0.0000e+00 -2.4826e-01 -5.1143e-01
1.3400e+02 1.4089e+00 -2.1828e-01 0.0000e+00 0.0000e+00 -2.1828e-01 1.2080e+00 0.0000e+00 0.0000e+00 0.0000e+00 0.0000e+00 -6.6517e-01 2.4740e-01 0.0000e+00 0.0000e+00 -2.4740e-01 -5.2925e-01
1.3500e+02 1.4088e+00 -2.0289e-01 0.0000e+00 0.0000e+00 -2.0289e-01 1.2089e+00 0.0000e+00 0.0000e+00 0.0000e+00 0.0000e+00 -6.8265e-01 2.4654e-01 0.0000e+00 0.0000e+00 -2.4654e-01 -5.4664e-01
1.3600e+02 1.4097e+00 -1.8755e-01 0.0000e+00 0.0000e+00 -1.8755e-01 1.2107e+00 0.0000e+00 0.0000e+00 0.0000e+00 0.0000e+00 -6.9972e-01 2.4572e-01 0.0000e+00 0.0000e+00 -2.4572e-01 -5.6361e-01
1.3700e+02 1.4117e+00 -1.7225e-01 0.0000e+00 0.0000e+00 -1.7225e-01 1.2135e+00 0.0000e+00 0.0000e+00 0.0000e+00 0.0000e+00 -7.1636e-01 2.4496e-01 0.0000e+00 0.0000e+00 -2.4496e-01 -5.8020e-01
1.3800e+02 1.4146e+00 -1.5696e-01 0.0000e+00 0.0000e+00 -1.5696e-01 1.2174e+00 0.0000e+00 0.0000e+00 0.0000e+00 0.0000e+00 -7.3261e-01 2.4428e-01 0.0000e+00 0.0000e+00 -2.4428e-01 -5.9641e-01
1.3900e+02 1.4186e+00 -1.4169e-01 0.0000e+00 0.0000e+00 -1.4169e-01 1.2223e+00 0.0000e+00 0.0000e+00 0.0000e+00 0.0000e+00 -7.4845e-01 2.4372e-01 0.0000e+00 0.0000e+00 -2.4372e-01 -6.1225e-01
1.4000e+02 1.4236e+00 -1.2642e-01 0.0000e+00 0.0000e+00 -1.2642e-01 1.2282e+00 0.0000e+00 0.0000e+00 0.0000e+00 0.0000e+00 -7.6391e-01 2.4330e-01 0.0000e+00 0.0000e+00 -2.4330e-01 -6.2774e-01
1.4100e+02 1.4293e+00 -1.1115e-01 0.0000e+00 0.0000e+00 -1.1115e-01 1.2348e+00 0.0000e+00 0.0000e+00 0.0000e+00 0.0000e+00 -7.7899e-01 2.4305e-01 0.0000e+00 0.0000e+00 -2.4305e-01 -6.4288e-01
1.4200e+02 1.4356e+00 -9.5875e-02 0.0000e+00 0.0000e+00 -9.5875e-02 1.2421e+00 0.0000e+00 0.0000e+00 0.0000e+00 0.0000e+00 -7.9369e-01 2.4303e-01 0.0000e+00 0.0000e+00 -2.4303e-01 -6.5769e-01
1.4300e+02 1.4427e+00 -8.0588e-02 0.0000e+00 0.0000e+00 -8.0588e-02 1.2501e+00 0.0000e+00 0.0000e+00 0.0000e+00 0.0000e+00 -8.0804e-01 2.4327e-01 0.0000e+00 0.0000e+00 -2.4327e-01 -6.7218e-01
1.4400e+02 1.4506e+00 -6.5270e-02 0.0000e+00 0.0000e+00 -6.5270e-02 1.2590e+00 0.0000e+00 0.0000e+00 0.0000e+00 0.0000e+00 -8.2206e-01 2.4380e-01 0.0000e+00 0.0000e+00 -2.4380e-01 -6.8636e-01
1.4500e+02 1.4597e+00 -4.9919e-02 0.0000e+00 0.0000e+00 -4.9919e-02 1.2691e+00 0.0000e+00 0.0000e+00 0.0000e+00 0.0000e+00 -8.3577e-01 2.4465e-01 0.0000e+00 0.0000e+00 -2.4465e-01 -7.0026e-01
1.4600e+02 1.4701e+00 -3.4515e-02 0.0000e+00 0.0000e+00 -3.4515e-02 1.2805e+00 0.0000e+00 0.0000e+00 0.0000e+00 0.0000e+00 -8.4923e-01 2.4582e-01 0.0000e+00 0.0000e+00 -2.4582e-01 -7.1394e-01
1.4700e+02 1.4820e+00 -1.9059e-02 0.0000e+00 0.0000e+00 -1.9059e-02 1.2933e+00 0.0000e+00 0.0000e+00 0.0000e+00 0.0000e+00 -8.6250e-01 2.4733e-01 0.0000e+00 0.0000e+00 -2.4733e-01 -7.2741e-01
1.4800e+02 1.4953e+00 -3.5119e-03 0.0000e+00 0.0000e+00 -3.5119e-03 1.3075e+00 0.0000e+00 0.0000e+00 0.0000e+00 0.0000e+00 -8.7562e-01 2.4920e-01 0.0000e+00 0.0000e+00 -2.4920e-01 -7.4072e-01
1.4900e+02 1.5098e+00 1.2133e-02 0.0000e+00 0.0000e+00 1.2133e-02 1.3229e+00 0.0000e+00 0.0000e+00 0.0000e+00 0.0000e+00 -8.8867e-01 2.5147e-01 0.0000e+00 0.0000e+00 -2.5147e-01 -7.5395e-01
1.5000e+02 1.5253e+00 2.7891e-02 0.0000e+00 0.0000e+00 2.7891e-02 1.3393e+00 0.0000e+00 0.0000e+00 0.0000e+00 0.0000e+00 -9.0173e-01 2.5418e-01 0.0000e+00 0.0000e+00 -2.5418e-01 -7.6715e-01
1.5100e+02 1.5423e+00 4.3764e-02 0.0000e+00 0.0000e+00 4.3764e-02 1.3571e+00 0.0000e+00 0.0000e+00 0.0000e+00 0.0000e+00 -9.1486e-01 2.5733e-01 0.0000e+00 0.0000e+00 -2.5733e-01 -7.8041e-01
1.5200e+02 1.5612e+00 5.9723e-02 0.0000e+00 0.0000e+00 5.9723e-02 1.3768e+00 0.0000e+00 0.0000e+00 0.0000e+00 0.0000e+00 -9.2815e-01 2.6088e-01 0.0000e+00 0.0000e+00 -2.6088e-01 -7.9383e-01
1.5300e+02 1.5825e+00 7.5721e-02 0.0000e+00 0.0000e+00 7.5721e-02 1.3988e+00 0.0000e+00 0.0000e+00 0.0000e+00 0.0000e+00 -9.4175e-01 2.6468e-01 0.0000e+00 0.0000e+00 -2.6468e-01 -8.0751e-01
1.5400e+02 1.6064e+00 9.1673e-02 0.0000e+00 0.0000e+00 9.1673e-02 1.4234e+00 0.0000e+00 0.0000e+00 0.0000e+00 0.0000e+00 -9.5572e-01 2.6852e-01 0.0000e+00 0.0000e+00 -2.6852e-01 -8.2159e-01
1.5500e+02 1.6322e+00 1.0745e-01 0.0000e+00 0.0000e+00 1.0745e-01 1.4498e+00 0.0000e+00 0.0000e+00 0.0000e+00 0.0000e+00 -9.7032e-01 2.7211e-01 0.0000e+00 0.0000e+00 -2.7211e-01 -8.3620e-01
1.5600e+02 1.6589e+00 1.2284e-01 0.0000e+00 0.0000e+00 1.2284e-01 1.4772e+00 0.0000e+00 0.0000e+00 0.0000e+00 0.0000e+00 -9.8563e-01 2.7501e-01 0.0000e+00 0.0000e+00 -2.7501e-01 -8.5152e-01
1.5700e+02 1.6858e+00 1.3752e-01 0.0000e+00 0.0000e+00 1.3752e-01 1.5046e+00 0.0000e+00 0.0000e+00 0.0000e+00 0.0000e+00 -1.0019e+00 2.7665e-01 0.0000e+00 0.0000e+00 -2.7665e-01 -8.6768e-01
1.5800e+02 1.7127e+00 1.5099e-01 0.0000e+00 0.0000e+00 1.5099e-01 1.5319e+00 0.0000e+00 0.0000e+00 0.0000e+00 0.0000e+00 -1.0192e+00 2.7629e-01 0.0000e+00 0.0000e+00 -2.7629e-01 -8.8476e-01
1.5900e+02 1.7400e+00 1.6267e-01 0.0000e+00 0.0000e+00 1.6267e-01 1.5596e+00 0.0000e+00 0.0000e+00 0.0000e+00 0.0000e+00 -1.0376e+00 2.7304e-01 0.0000e+00 0.0000e+00 -2.7304e-01 -9.0278e-01
1.6000e+02 1.7680e+00 1.7187e-01 0.0000e+00 0.0000e+00 1.7187e-01 1.5877e+00 0.0000e+00 0.0000e+00 0.0000e+00 0.0000e+00 -1.0570e+00 2.6603e-01 0.0000e+00 0.0000e+00 -2.6603e-01 -9.2158e-01
1.6100e+02 1.7957e+00 1.7800e-01 0.0000e+00 0.0000e+00 1.7800e-01 1.6152e+00 0.0000e+00 0.0000e+00 0.0000e+00 0.0000e+00 -1.0772e+00 2.5458e-01 0.0000e+00 0.0000e+00 -2.5458e-01 -9.4086e-01
1.6200e+02 1.8215e+00 1.8071e-01 0.0000e+00 0.0000e+00 1.8071e-01 1.6403e+00 0.0000e+00 0.0000e+00 0.0000e+00 0.0000e+00 -1.0978e+00 2.3859e-01 0.0000e+00 0.0000e+00 -2.3859e-01 -9.6015e-01
1.6300e+02 1.8453e+00 1.8006e-01 0.0000e+00 0.0000e+00 1.8006e-01 1.6631e+00 0.0000e+00 0.0000e+00 0.0000e+00 0.0000e+00 -1.1187e+00 2.1867e-01 0.0000e+00 0.0000e+00 -2.1867e-01 -9.7911e-01
1.6400e+02 1.8697e+00 1.7663e-01 0.0000e+00 0.0000e+00 1.7663e-01 1.6858e+00 0.0000e+00 0.0000e+00 0.0000e+00 0.0000e+00 -1.1401e+00 1.9615e-01 0.0000e+00 0.0000e+00 -1.9615e-01 -9.9783e-01
1.6500e+02 1.8980e+00 1.7140e-01 0.0000e+00 0.0000e+00 1.7140e-01 1.7117e+00 0.0000e+00 0.0000e+00 0.0000e+00 0.0000e+00 -1.1631e+00 1.7251e-01 0.0000e+00 0.0000e+00 -1.7251e-01 -1.0172e+00
1.6600e+02 1.9307e+00 1.6546e-01 0.0000e+00 0.0000e+00 1.6546e-01 1.7412e+00 0.0000e+00 0.0000e+00 0.0000e+00 0.0000e+00 -1.1897e+00 1.4870e-01 0.0000e+00 0.0000e+00 -1.4870e-01 -1.0390e+00
1.6700e+02 1.9666e+00 1.5972e-01 0.0000e+00 0.0000e+00 1.5972e-01 1.7727e+00 0.0000e+00 0.0000e+00 0.0000e+00 0.0000e+00 -1.2225e+00 1.2460e-01 0.0000e+00 0.0000e+00 -1.2460e-01 -1.0657e+00
1.6800e+02 2.0064e+00 1.5469e-01 0.0000e+00 0.0000e+00 1.5469e-01 1.8069e+00 0.0000e+00 0.0000e+00 0.0000e+00 0.0000e+00 -1.2646e+00 9.9062e-02 0.0000e+00 0.0000e+00 -9.9062e-02 -1.0999e+00
1.6900e+02 2.0516e+00 1.5044e-01 0.0000e+00 0.0000e+00 1.5044e-01 1.8447e+00 0.0000e+00 0.0000e+00 0.0000e+00 0.0000e+00 -1.3188e+00 7.0494e-02 0.0000e+00 0.0000e+00 -7.0494e-02 -1.1440e+00
1.7000e+02 2.1006e+00 1.4659e-01 0.0000e+00 0.0000e+00 1.4659e-01 1.8844e+00 0.0000e+00 0.0000e+00 0.0000e+00 0.0000e+00 -1.3878e+00 3.7720e-02 0.0000e+00 0.0000e+00 -3.7720e-02 -1.2003e+00
1.7100e+02 2.1534e+00 1.4242e-01 0.0000e+00 0.0000e+00 1.4242e-01 1.9251e+00 0.0000e+00 0.0000e+00 0.0000e+00 0.0000e+00 -1.4742e+00 9.0098e-04 0.0000e+00 0.0000e+00 -9.0098e-04 -1.2705e+00
1.7200e+02 2.2116e+00 1.3699e-01 0.0000e+00 0.0000e+00 1.3699e-01 1.9677e+00 0.0000e+00 0.0000e+00 0.0000e+00 0.0000e+00 -1.5798e+00 -3.7793e-02 0.0000e+00 0.0000e+00 3.7793e-02 -1.3559e+00
1.7300e+02 2.2749e+00 1.2918e-01 0.0000e+00 0.0000e+00 1.2918e-01 2.0118e+00 0.0000e+00 0.0000e+00 0.0000e+00 0.0000e+00 -1.7053e+00 -7.4017e-02 0.0000e+00 0.0000e+00 7.4017e-02 -1.4567e+00
1.7400e+02 2.3456e+00 1.1785e-01 0.0000e+00 0.0000e+00 1.1785e-01 2.0594e+00 0.0000e+00 0.0000e+00 0.0000e+00 0.0000e+00 -1.8490e+00 -1.0169e-01 0.0000e+00 0.0000e+00 1.0169e-01 -1.5715e+00
1.7500e+02 2.4247e+00 1.0195e-01 0.0000e+00 0.0000e+00 1.0195e-01 2.1126e+00 0.0000e+00 0.0000e+00 0.0000e+00 0.0000e+00 -2.0055e+00 -1.1439e-01 0.0000e+00 0.0000e+00 1.1439e-01 -1.6963e+00
1.7600e+02 2.5130e+00 8.1008e-02 0.0000e+00 0.0000e+00 8.1008e-02 2.1747e+00 0.0000e+00 0.0000e+00 0.0000e+00 0.0000e+00 -2.1642e+00 -1.0746e-01 0.0000e+00 0.0000e+00 1.0746e-01 -1.8232e+00
1.7700e+02 2.6086e+00 5.5872e-02 0.0000e+00 0.0000e+00 5.5872e-02 2.2467e+00 0.0000e+00 0.0000e+00 0.0000e+00 0.0000e+00 -2.3095e+00 -8.1111e-02 0.0000e+00 0.0000e+00 8.1111e-02 -1.9408e+00
1.7800e+02 2.6988e+00 2.9706e-02 0.0000e+00 0.0000e+00 2.9706e-02 2.3204e+00 0.0000e+00 0.0000e+00 0.0000e+00 0.0000e+00 -2.4235e+00 -4.3576e-02 0.0000e+00 0.0000e+00 4.3576e-02 -2.0353e+00
1.7900e+02 2.7600e+00 8.4715e-03 0.0000e+00 0.0000e+00 8.4715e-03 2.3753e+00 0.0000e+00 0.0000e+00 0.0000e+00 0.0000e+00 -2.4912e+00 -1.1622e-02 0.0000e+00 0.0000e+00 1.1622e-02 -2.0956e+00
1.8000e+02 2.7922e+00 0.0000e+00 0.0000e+00 0.0000e+00 0.0000e+00 2.4013e+00 0.0000e+00 0.0000e+00 0.0000e+00 0.0000e+00 -2.5183e+00 0.0000e+00 0.0000e+00 0.0000e+00 -0.0000e+00 -2.1158e+00
